No Skyrme interaction defined in routine skforce()
Multi-threading framework with OpenMP: 1 threads/task

  =======================================
           FORTRAN 95 CODE (KIND= 8) 
               Version: 200d  
  =======================================
       AXIALLY DEFORMED CONFIGURATIONAL  
     HARTREE-FOCK-BOGOLIUBOV CALCULATIONS
                     WITH                
            UNEDF AND DELTA PAIRING      
                     USING               
             HARMONIC-OSCILLATOR         
                   AND/OR                
       TRANSFORMED HARMONIC-OSCILLATOR   
                    BASIS                
                     ---                 
               v1.66  (2005):,           
   Stoitsov,Dobaczewski,Nazarewicz,Ring, 
               v2.00d (2012):,           
         Stoitsov,Schunck,Kortelainen    
  =======================================
    Nucleus: GD (A= 156, N= 92, Z= 64)
       Reflection Symmetry Imposed       
            (10/14/2022,  5:40)                               
  =======================================


  ---------------------------------------
           UNEDF Module Version:17
         M.Kortelainen & M.Stoitsov 
  ---------------------------------------

  UNE1 functional
  ----------------------------------
  Crho(0)=   -753.956838301829066    ; Crho(1)=    181.533097904701549    
  CDrho(0)=   910.590997190651137    ; CDrho(1)=   26.2459591390615223    
  Ctau(0)=   -13.9274138062384054    ; Ctau(1)=   -46.5900181424188915    
  CrDr(0)=   -40.3119549466846792    ; CrDr(1)=   -193.534796374662790    
  CrdJ(0)=   -60.3147920289752477    ; CrdJ(1)=   -23.2441080535525728    
  CJ(0)=      0.00000000000000000    ; CJ(1)=      0.00000000000000000    
  CpV0(0)=   0.100000000000000006    ; CpV0(1)=   0.100000000000000006    
  CpV1(0)=    1.00000000000000000    ; CpV1(1)=    1.00000000000000000    
  sigma=     0.293388309935776581    ; hbzero=     20.7355300000000007    
  e^2 chrg=   1.43997840859651305    ; CExPar=     1.00000000000000000    
  c.m. correction: F, chr. density in direct Coul: F
  use tensor terms: F
  use TMR pairing:  0

  Coupling constants in natural units
  -----------------------------------
  Crho_nu(0)=  -0.849045815508633450    ; Crho_nu(1)=   0.204428037949041824    
  CDrho_nu(0)=  0.956303840879002887    ; CDrho_nu(1)=  0.275635401730013850E-01
  Ctau_nu(0)=  -0.197422674149089900    ; Ctau_nu(1)=  -0.660418804115017521    
  CrDr_nu(0)=  -0.571426544545357906    ; CrDr_nu(1)=   -2.74337774210968144    
  CrdJ_nu(0)=  -0.854969034363929126    ; CrdJ_nu(1)=  -0.329487874345147091    
  CJ_nu(0)=      0.00000000000000000    ; CJ_nu(1)=      0.00000000000000000    
  CpV0_nu(0)=   0.112611992142809880E-03; CpV0_nu(1)=   0.112611992142809880E-03
  CpV1_nu(0)=   0.887702254206059068E-03; CpV1_nu(1)=   0.887702254206059068E-03
  fpi_nu=        93.0000000000000000    ; Lambda_nu=     700.000000000000000    

  Nuclear matter properties
  ----------------------------------
      E_NM=     -15.7999999999999829      K_NM=     219.9999999999998010
      P_NM=       0.0000000000000042    RHO_NM=       0.1586075377771380
    ASS_NM=      29.0731417852403986   LASS_NM=      48.4328968892331986
  SMASS_NM=       0.8934682252437824  VMASS_NM=       1.2498385742322697

  Associated (t,x)-coupling constants
  -----------------------------------
  t0=      -2010.55156880487743    ; x0=      -0.138839210649823019    
  t1=       196.427207974000396    ; x1=       -7.90782475971997201    
  t2=       2166.38455819514866    ; x2=       -1.34371838459493187    
  t3=       14569.4559550504182    ; x3=      -0.543234491478669423    
  b4=       37.0706839754226749    ; b4p=       46.4882161071051456    
  te=      -643.428004787000305    ; to=       -249.436534742770647    
  sigma=   0.293388309935776581    ; hbzero=    20.7355300000000007    

  ---------------------------------------
        Characteristics of the run       
  ---------------------------------------
  Output file ................:     7
  Nucleus ....................:   GD 156
  Number of HO shells ........:     8
  HO length b0 (fm) ..........:     2.13015292605643
  Basis deformation ..........:  beta0=   0.010 q=   1.010
  HO: b0,1/b0,bp,bz,q ........:   0.21301529E+01  0.46944986E+00  0.21267964E+01  0.21368819E+01  0.10095067E+01
  h**2/(2m), cmc, e**2 .......:   0.20735530E+02  0.20735530E+02  0.14399784E+01
  hom=f*41.0_pr*A^{-1/3}, f...:   0.91395238E+01  0.12000000E+01
  THO basis is ...............:  OFF
  Maximal number of iterations:   400
  Initial mixing parameter ...:  0.300
  Initial w.f. ...............:  from   spherical scratch
  Skyrme functional ..........:    UNE1                          
    with direct and exchange Coulomb
  Lipkin-Nogami procedure is .:  OFF
  PAV procedure is ...........:  OFF
  Constraint calculation is ..:   ON
    Constraint 1 .............: lambda=2 Ql=  -1.205
  Temperature T ..............:   0.05 MeV
  Restart indicator ..........:   1
  Broyden mixing (#iterations):   7

  ---------------------------------------
        Harmonic Oscillator Basis        
  ---------------------------------------
  NUV, NQP:                        2501     165
  Comparison with bookkeeping spherical basis:
  n00:                                8       8  Maximal number of shells
  nbx, 2*n00+1:                      17      17  Maximal number of K-blocks
  ntx, (n00+1)*(n00+2)*(n00+3)/6    165     165  Max.num. p/n levels
  nzx, n00:                           8       8  Maximal nz-quantum number
  nrx, n00/2  :                       4       4  Maximal nr-quantum number
  nlx, n00:                           8       8  Maximal ml-quantum number
  ndx, (n00+2)*(n00+2)/4:            25      25  Maximal dim. of one k-block

  Actual basis used
  Number of blocks: nb .......:   17
  Number of levels: nt .......:  165
  Maximal 2*omega : nom ......:   17
  Maximal nz:       nzm ......:    8
  Maximal nr:       nrm ......:    4
  Maximal ml:       nlm ......:    8
  Maximal N=nz+2*nr+nl .......:    8
  2 x biggest block dim. .....:   50
  Non-zero elements of h .....:     1333
  Number of Broyden elements .:     5332

  ---------------------------------------
            Integration Meshes           
  ---------------------------------------
  Number of Gauss-Hermite mesh points ngh ....:  40
  Number of Gauss-Laguerre mesh points ngl ...:  40
  Number of Gauss-Legendre mesh points nleg ..:  80
  Integration boundaries
    Hermite  - from xh(1)  =  0.12379686 to xh(ngh)   = 11.88786356
    Laguerre - From xl(1)  =  0.03570039 to xl(ngl)   =142.28004447
    Legendre - From xleg(1)=  0.00978669 to xleg(nleg)=  0.99988775
  Max.dev.in:     Orthogonality            Normalization
  Hermite     1.5248282503475657E-015   1.0991207943789050E-014
  Laguerre    4.2896485016951012E-015   8.9928064994637680E-015

  Scratch initialization for the nucleus: GD  92  64


  Initial potentials of Saxon-Woods shape 
  v0ws   =  -71.27999878
  kappa  =    0.46160001
  vs0    =   11.11750031   11.11750031
  r0     =    1.23339999    1.23339999
  a      =    0.61500001    0.61500001
  r0-so  =    1.14429998    1.14429998
  a-so   =    0.64760000    0.64760000
  beta00 =    0.01000000

  ### REGULAR STAGE (reflection symmetry imposed)
  |HFB+HO> iterations(b0=  2.130, Nsh=  8, inin=  1, N= 92, Z= 64)...
  ----------------------------------------------------------------------------------------------------------------------------------
  i          si     mix   beta      Etot       A       rn      rp         En      Dn      Ep      Dp        Ln      Lp     time
  ----------------------------------------------------------------------------------------------------------------------------------
   1L  69.94764065 0.30  0.010     0.000000    0.0   0.000   0.000 |   -2.000   1.000  -2.000   1.000 |   -7.000  -7.000   0.000
   2B  33.91639271 0.10  0.017 -1049.950082  156.0   4.802   4.555 |    0.000  -0.000   0.000   0.000 |  -14.068 -26.543  21.921
   3B  31.82740295 0.11 -0.017  -885.805909  156.0   4.960   4.947 |    0.000  -0.000   0.000  -0.000 |   -5.992 -11.001   1.484
   4B  43.76056782 0.10 -0.020  -568.539070  156.0   5.160   4.640 |    0.000  -0.000   0.000  -0.000 |   -5.705  -8.549   0.628
   5B  11.98155765 0.11 -0.049 -1174.596859  156.0   5.073   4.987 |    0.000  -0.000   0.000  -0.000 |   -4.900  -6.782   0.626
   6B   8.81813589 0.13 -0.045 -1222.020630  156.0   5.116   4.978 |    0.000  -0.000   0.000  -0.000 |   -4.948  -6.667   0.637
   7B   7.37093148 0.14 -0.054 -1240.983344  156.0   5.145   4.966 |    0.000  -0.000   0.000  -0.000 |   -4.932  -6.967   0.698
   8B   5.00760501 0.16 -0.057 -1244.439077  156.0   5.149   4.971 |    0.000  -0.000   0.000  -0.000 |   -5.060  -6.865   0.824
   9B   4.79205753 0.18 -0.058 -1246.377258  156.0   5.147   4.990 |    0.000  -0.000   0.000  -0.000 |   -5.332  -7.079   0.926
  10B   1.67469314 0.21 -0.065 -1254.130066  156.0   5.148   5.005 |    0.000  -0.000   0.000  -0.000 |   -5.484  -7.356   1.147
  11B   3.38246202 0.10 -0.053 -1252.273679  156.0   5.159   4.998 |    0.000  -0.000   0.000  -0.000 |   -5.537  -7.159   0.621
  12B   1.60309381 0.11 -0.052 -1254.265181  156.0   5.165   5.000 |    0.000  -0.000   0.000  -0.000 |   -5.671  -7.378   0.836
  13B   1.47451756 0.13 -0.044 -1253.977324  156.0   5.166   5.003 |    0.000  -0.000   0.000  -0.000 |   -5.721  -7.323   0.670
  14B   1.20940082 0.14 -0.037 -1253.685416  156.0   5.163   5.006 |    0.000  -0.000   0.000  -0.000 |   -5.726  -7.366   0.726
  15B   1.48791668 0.10 -0.031 -1253.377043  156.0   5.164   5.005 |    0.000  -0.000   0.000  -0.000 |   -5.725  -7.412   0.613
  16B   1.37294475 0.11 -0.032 -1253.450566  156.0   5.166   5.004 |    0.000  -0.000   0.000  -0.000 |   -5.735  -7.378   0.607
  17B   1.17484781 0.13 -0.025 -1253.157844  156.0   5.164   5.006 |    0.000  -0.000   0.000  -0.000 |   -5.733  -7.416   0.588
  18B   1.31449729 0.10 -0.015 -1252.843924  156.0   5.164   5.006 |    0.000  -0.000   0.000  -0.000 |   -5.756  -7.500   0.616
  19B   5.86519099 0.10  0.026 -1229.056211  156.0   5.152   5.016 |    0.000   0.000   0.000   0.000 |   -5.891  -7.623   0.811
  20B   0.82164931 0.11  0.021 -1252.955125  156.0   5.161   5.014 |    0.000  -0.000   0.000  -0.000 |   -5.860  -7.661   0.786
  21B   1.87353997 0.10  0.048 -1251.522826  156.0   5.164   5.012 |    0.000   0.000   0.000   0.000 |   -5.909  -7.639   0.966
  22B   1.27214389 0.11  0.040 -1253.074388  156.0   5.164   5.011 |    0.000  -0.000   0.000  -0.000 |   -5.889  -7.600   0.920
  23B   2.26796908 0.10  0.016 -1251.609807  156.0   5.166   5.009 |    0.000  -0.000   0.000  -0.000 |   -5.831  -7.487   0.617
  24B   0.93581077 0.11  0.028 -1253.717372  156.0   5.165   5.012 |    0.000  -0.000   0.000  -0.000 |   -5.861  -7.529   0.625
  25B   0.70599433 0.13  0.030 -1254.016440  156.0   5.166   5.010 |    0.000  -0.000   0.000  -0.000 |   -5.867  -7.551   0.814
  26B   0.70647978 0.10  0.029 -1254.017700  156.0   5.166   5.010 |    0.000  -0.000   0.000  -0.000 |   -5.868  -7.545   0.792
  27B   0.69338817 0.11  0.027 -1254.060670  156.0   5.166   5.010 |    0.000  -0.000   0.000  -0.000 |   -5.867  -7.551   0.618
  28B   0.81565906 0.10  0.020 -1253.611090  156.0   5.167   5.010 |    0.000  -0.000   0.000  -0.000 |   -5.858  -7.579   0.559
  29B   0.72936865 0.11  0.024 -1253.711277  156.0   5.166   5.010 |    0.000  -0.000   0.000  -0.000 |   -5.866  -7.584   0.586
  30B   0.75105084 0.10  0.026 -1253.937210  156.0   5.167   5.009 |    0.000  -0.000   0.000  -0.000 |   -5.855  -7.539   0.553
  31B   1.70798705 0.10  0.019 -1252.927887  156.0   5.165   5.010 |    0.000  -0.000   0.000  -0.000 |   -5.863  -7.602   0.661
  32L   1.03907517 0.11  0.018 -1253.482317  156.0   5.166   5.010 |    0.000  -0.000   0.000  -0.000 |   -5.859  -7.581   0.724
  33B   2.32754172 0.10  0.014 -1249.869679  156.0   5.164   5.010 |    0.000  -0.000   0.000  -0.000 |   -5.856  -7.653   0.564
  34B   1.19762896 0.11  0.031 -1253.340474  156.0   5.165   5.011 |    0.000  -0.000   0.000  -0.000 |   -5.872  -7.583   0.692
  35B   0.87627814 0.13  0.039 -1254.395275  156.0   5.166   5.011 |    0.000  -0.000   0.000  -0.000 |   -5.879  -7.515   0.802
  36B   1.81502982 0.10  0.027 -1253.087279  156.0   5.167   5.012 |    0.000  -0.000   0.000  -0.000 |   -5.856  -7.489   0.631
  37L   1.53282987 0.11  0.033 -1253.384066  156.0   5.167   5.011 |    0.000  -0.000   0.000  -0.000 |   -5.851  -7.478   0.700
  38B   2.99972332 0.10  0.032 -1249.554240  156.0   5.165   5.010 |    0.000  -0.000   0.000  -0.000 |   -5.848  -7.576   0.694
  39L   1.60563164 0.11  0.009 -1252.094122  156.0   5.167   5.010 |    0.000  -0.000   0.000  -0.000 |   -5.802  -7.501   0.532
  40B   5.46948839 0.10 -0.003 -1231.647709  156.0   5.159   5.009 |    0.000  -0.000   0.000  -0.000 |   -5.841  -7.739   0.644
  41B   2.06303926 0.11  0.009 -1252.301766  156.0   5.167   5.011 |    0.000  -0.000   0.000  -0.000 |   -5.824  -7.529   0.603
  42B   1.80589551 0.13  0.009 -1252.601926  156.0   5.167   5.011 |    0.000  -0.000   0.000  -0.000 |   -5.828  -7.521   0.563
  43L   1.76273766 0.14  0.007 -1252.285425  156.0   5.166   5.010 |    0.000  -0.000   0.000  -0.000 |   -5.844  -7.582   0.629
  44B   3.58240181 0.10  0.005 -1244.833209  156.0   5.163   5.009 |    0.000  -0.000   0.000  -0.000 |   -5.860  -7.695   0.709
  45B   1.38850462 0.11  0.034 -1252.751078  156.0   5.167   5.011 |    0.000  -0.000   0.000  -0.000 |   -5.861  -7.465   0.774
  46B   2.80645909 0.10  0.001 -1248.242902  156.0   5.162   5.008 |    0.000  -0.000   0.000  -0.000 |   -5.882  -7.518   0.719
  47B   2.18622221 0.11 -0.006 -1250.397308  156.0   5.163   5.010 |    0.000  -0.000   0.000  -0.000 |   -5.865  -7.538   0.726
  48B   1.82531685 0.13 -0.015 -1252.192202  156.0   5.166   5.011 |    0.000  -0.000   0.000  -0.000 |   -5.863  -7.545   0.854
  49B   1.70015797 0.14 -0.016 -1251.545216  156.0   5.167   5.010 |    0.000  -0.000   0.000  -0.000 |   -5.858  -7.566   0.610
  50L   1.59544031 0.16 -0.023 -1253.453619  156.0   5.166   5.011 |    0.000  -0.000   0.000  -0.000 |   -5.867  -7.570   0.662
  51B   3.93341027 0.10 -0.041 -1250.817556  156.0   5.165   5.010 |    0.000  -0.000   0.000  -0.000 |   -5.869  -7.646   0.621
  52B   1.63372861 0.11 -0.046 -1253.251822  156.0   5.166   5.010 |    0.000  -0.000   0.000  -0.000 |   -5.875  -7.576   0.663
  53B   1.18068833 0.13 -0.047 -1253.584688  156.0   5.167   5.011 |    0.000  -0.000   0.000  -0.000 |   -5.880  -7.510   0.842
  54B   1.35960778 0.10 -0.054 -1253.886409  156.0   5.166   5.011 |    0.000  -0.000   0.000  -0.000 |   -5.862  -7.570   0.874
  55B   1.86765745 0.10 -0.058 -1253.319519  156.0   5.168   5.013 |    0.000  -0.000   0.000  -0.000 |   -5.897  -7.429   0.658
  56B   2.98173287 0.10 -0.066 -1251.336226  156.0   5.167   5.013 |    0.000  -0.000   0.000  -0.000 |   -5.889  -7.436   0.647
  57B   1.41097902 0.11 -0.071 -1255.266961  156.0   5.168   5.014 |    0.000   0.000   0.000   0.000 |   -5.866  -7.358   0.549
  58B   1.81285550 0.10 -0.060 -1252.502936  156.0   5.169   5.013 |    0.000  -0.000   0.000  -0.000 |   -5.872  -7.323   0.633
  59B   1.18152442 0.11 -0.063 -1255.297860  156.0   5.168   5.013 |    0.000  -0.000   0.000  -0.000 |   -5.851  -7.354   0.607
  60B   1.03072761 0.13 -0.057 -1255.013615  156.0   5.168   5.013 |    0.000  -0.000   0.000  -0.000 |   -5.875  -7.358   0.705
  61B   0.95847594 0.14 -0.057 -1255.261076  156.0   5.167   5.013 |    0.000  -0.000   0.000  -0.000 |   -5.861  -7.394   0.703
  62B   1.13017891 0.10 -0.055 -1254.539412  156.0   5.168   5.013 |    0.000  -0.000   0.000  -0.000 |   -5.862  -7.370   0.712
  63B   0.92105753 0.11 -0.051 -1254.239955  156.0   5.167   5.012 |    0.000  -0.000   0.000  -0.000 |   -5.838  -7.471   0.575
  64B   1.28309916 0.10 -0.044 -1253.779256  156.0   5.167   5.011 |    0.000  -0.000   0.000  -0.000 |   -5.846  -7.463   0.529
  65B   1.43104942 0.10 -0.045 -1254.025446  156.0   5.166   5.012 |    0.000  -0.000   0.000  -0.000 |   -5.832  -7.454   0.705
  66B   1.18118521 0.11 -0.036 -1253.887168  156.0   5.167   5.011 |    0.000  -0.000   0.000  -0.000 |   -5.845  -7.464   0.713
  67L   1.07181729 0.13 -0.031 -1253.804864  156.0   5.167   5.011 |    0.000  -0.000   0.000  -0.000 |   -5.845  -7.494   0.675
  68B   2.39996977 0.10 -0.031 -1251.574356  156.0   5.164   5.010 |    0.000  -0.000   0.000  -0.000 |   -5.844  -7.627   0.870
  69B   1.34385993 0.11 -0.044 -1254.059342  156.0   5.167   5.012 |    0.000  -0.000   0.000  -0.000 |   -5.848  -7.409   0.717
  70B   1.33820127 0.13 -0.016 -1253.049653  156.0   5.166   5.011 |    0.000  -0.000   0.000  -0.000 |   -5.830  -7.559   1.114
  71B   1.31033286 0.14 -0.009 -1252.928135  156.0   5.166   5.011 |    0.000  -0.000   0.000  -0.000 |   -5.841  -7.584   0.941
  72B   0.91176094 0.16 -0.006 -1253.324115  156.0   5.166   5.010 |    0.000  -0.000   0.000  -0.000 |   -5.849  -7.589   0.733
  73L   0.85344139 0.18  0.012 -1253.337796  156.0   5.165   5.010 |    0.000  -0.000   0.000  -0.000 |   -5.868  -7.665   0.782
  74B   1.55069242 0.10  0.013 -1252.649154  156.0   5.167   5.011 |    0.000  -0.000   0.000  -0.000 |   -5.858  -7.554   0.730
  75B   1.11307915 0.11  0.014 -1253.347581  156.0   5.166   5.010 |    0.000  -0.000   0.000  -0.000 |   -5.868  -7.619   0.732
  76B   0.93220973 0.13  0.025 -1253.539304  156.0   5.166   5.011 |    0.000  -0.000   0.000  -0.000 |   -5.868  -7.602   0.710
  77B   0.73931299 0.14  0.020 -1253.805781  156.0   5.166   5.010 |    0.000  -0.000   0.000  -0.000 |   -5.872  -7.565   0.712
  78B   0.98917009 0.10  0.026 -1253.662106  156.0   5.166   5.011 |    0.000   0.000   0.000   0.000 |   -5.883  -7.582   0.605
  79B   0.70074880 0.11  0.023 -1253.845650  156.0   5.166   5.011 |    0.000  -0.000   0.000  -0.000 |   -5.873  -7.571   0.549
  80B   0.70947315 0.10  0.020 -1253.920081  156.0   5.166   5.011 |    0.000  -0.000   0.000  -0.000 |   -5.873  -7.583   0.749
  81B   0.65784101 0.11  0.017 -1253.885907  156.0   5.166   5.011 |    0.000  -0.000   0.000  -0.000 |   -5.873  -7.610   0.725
  82B   0.66084421 0.10  0.017 -1253.874710  156.0   5.166   5.010 |    0.000  -0.000   0.000  -0.000 |   -5.873  -7.608   0.824
  83B   0.93223637 0.10  0.012 -1253.428932  156.0   5.166   5.011 |    0.000  -0.000   0.000  -0.000 |   -5.867  -7.575   0.712
  84B   0.98381664 0.10  0.011 -1253.439359  156.0   5.166   5.011 |    0.000  -0.000   0.000  -0.000 |   -5.867  -7.584   0.634
  85B   0.93902035 0.11  0.012 -1253.498059  156.0   5.166   5.011 |    0.000  -0.000   0.000  -0.000 |   -5.871  -7.584   0.725
  86B   0.97101369 0.10  0.011 -1253.530867  156.0   5.166   5.011 |    0.000  -0.000   0.000  -0.000 |   -5.871  -7.565   0.782
  87B   0.96521903 0.11  0.010 -1253.502545  156.0   5.166   5.011 |    0.000  -0.000   0.000  -0.000 |   -5.871  -7.570   0.963
  88B   0.91162734 0.13  0.008 -1253.497160  156.0   5.166   5.011 |    0.000  -0.000   0.000  -0.000 |   -5.867  -7.561   0.847
  89B   1.14556172 0.10  0.004 -1253.161483  156.0   5.166   5.011 |    0.000  -0.000   0.000  -0.000 |   -5.859  -7.571   0.949
  90B   1.23822501 0.10  0.002 -1251.924918  156.0   5.166   5.011 |    0.000  -0.000   0.000  -0.000 |   -5.862  -7.601   0.746
  91B   4.19634808 0.10 -0.001 -1244.778959  156.0   5.165   5.008 |    0.000  -0.000   0.000  -0.000 |   -5.858  -7.708   0.794
  92B   1.19704588 0.11 -0.010 -1252.556513  156.0   5.166   5.011 |    0.000  -0.000   0.000  -0.000 |   -5.855  -7.577   0.706
  93L   1.19696196 0.13 -0.012 -1253.350329  156.0   5.166   5.011 |    0.000  -0.000   0.000  -0.000 |   -5.863  -7.586   0.590
  94L   3.47617334 0.10 -0.028 -1249.605664  156.0   5.164   5.009 |    0.000  -0.000   0.000  -0.000 |   -5.875  -7.675   0.630
  95B   8.63925360 0.10 -0.033 -1234.200697  156.0   5.169   5.013 |    0.000  -0.000   0.000  -0.000 |   -5.757  -7.229   0.643
  96B   1.70546395 0.11 -0.004 -1251.873813  156.0   5.165   5.011 |    0.000  -0.000   0.000  -0.000 |   -5.842  -7.627   0.911
  97B   2.13007957 0.10 -0.002 -1252.151709  156.0   5.167   5.011 |    0.000  -0.000   0.000  -0.000 |   -5.860  -7.491   0.896
  98B   1.76620596 0.11 -0.036 -1251.808626  156.0   5.168   5.012 |    0.000  -0.000   0.000  -0.000 |   -5.889  -7.480   0.805
  99B   2.38747756 0.10 -0.046 -1251.673963  156.0   5.166   5.012 |    0.000  -0.000   0.000  -0.000 |   -5.902  -7.534   1.069
 100B   2.55031368 0.10 -0.047 -1252.266331  156.0   5.168   5.012 |    0.000  -0.000   0.000  -0.000 |   -5.902  -7.566   0.823
 101B   2.33529546 0.11 -0.052 -1252.264803  156.0   5.167   5.012 |    0.000  -0.000   0.000  -0.000 |   -5.875  -7.463   0.817
 102B   1.33566157 0.13 -0.050 -1253.710161  156.0   5.167   5.011 |    0.000  -0.000   0.000  -0.000 |   -5.887  -7.534   0.562
 103B   0.88083831 0.14 -0.053 -1254.783452  156.0   5.167   5.012 |    0.000  -0.000   0.000  -0.000 |   -5.889  -7.452   0.685
 104B   2.14233764 0.10 -0.051 -1253.850725  156.0   5.168   5.013 |    0.000  -0.000   0.000  -0.000 |   -5.902  -7.416   0.554
 105B   1.71622526 0.11 -0.056 -1254.440082  156.0   5.167   5.013 |    0.000  -0.000   0.000  -0.000 |   -5.873  -7.459   0.552
 106B   0.92170784 0.13 -0.056 -1255.256666  156.0   5.168   5.014 |    0.000  -0.000   0.000  -0.000 |   -5.885  -7.404   0.687
 107B   0.80821935 0.14 -0.052 -1254.921606  156.0   5.168   5.013 |    0.000  -0.000   0.000  -0.000 |   -5.870  -7.412   0.732
 108B   0.69512255 0.16 -0.050 -1254.562895  156.0   5.168   5.013 |    0.000  -0.000   0.000  -0.000 |   -5.875  -7.399   0.625
 109B   0.99087758 0.10 -0.050 -1254.663174  156.0   5.168   5.013 |    0.000  -0.000   0.000  -0.000 |   -5.876  -7.450   0.642
 110B   0.69502716 0.11 -0.050 -1254.931003  156.0   5.168   5.013 |    0.000  -0.000   0.000  -0.000 |   -5.871  -7.423   0.731
 111B   0.65950312 0.13 -0.049 -1254.914643  156.0   5.168   5.013 |    0.000  -0.000   0.000  -0.000 |   -5.875  -7.442   0.981
 112B   0.77133178 0.10 -0.048 -1254.532924  156.0   5.167   5.012 |    0.000  -0.000   0.000  -0.000 |   -5.857  -7.413   0.975
 113B   1.90038616 0.10 -0.027 -1253.075625  156.0   5.167   5.011 |    0.000  -0.000   0.000  -0.000 |   -5.855  -7.480   0.739
 114L   1.20257424 0.11 -0.016 -1253.356511  156.0   5.166   5.011 |    0.000  -0.000   0.000  -0.000 |   -5.863  -7.588   0.727
 115B   3.42611925 0.10 -0.017 -1250.005869  156.0   5.166   5.012 |    0.000  -0.000   0.000  -0.000 |   -5.865  -7.602   0.664
 116B   0.85573474 0.11 -0.024 -1253.637998  156.0   5.167   5.011 |    0.000  -0.000   0.000  -0.000 |   -5.855  -7.518   0.691
 117B   0.78334249 0.13 -0.022 -1253.441355  156.0   5.166   5.011 |    0.000  -0.000   0.000  -0.000 |   -5.855  -7.543   0.584
 118B   0.80599985 0.10 -0.014 -1253.597888  156.0   5.167   5.011 |    0.000  -0.000   0.000  -0.000 |   -5.858  -7.554   0.623
 119B   0.61640039 0.11 -0.008 -1253.632640  156.0   5.166   5.010 |    0.000  -0.000   0.000  -0.000 |   -5.867  -7.618   0.619
 120B   0.68715114 0.10  0.006 -1253.548929  156.0   5.166   5.011 |    0.000   0.000   0.000   0.000 |   -5.875  -7.661   0.729
 121B   0.75152999 0.10 -0.003 -1253.638654  156.0   5.166   5.011 |    0.000  -0.000   0.000  -0.000 |   -5.871  -7.599   0.668
 122B   1.01450046 0.10 -0.001 -1253.410667  156.0   5.166   5.011 |    0.000  -0.000   0.000  -0.000 |   -5.857  -7.593   0.845
 123B   0.74279172 0.11 -0.000 -1253.805786  156.0   5.167   5.011 |    0.000  -0.000   0.000  -0.000 |   -5.866  -7.605   0.838
 124B   1.17415010 0.10 -0.001 -1253.271693  156.0   5.166   5.011 |    0.000  -0.000   0.000  -0.000 |   -5.870  -7.612   0.600
 125B   0.61939431 0.11 -0.002 -1253.833572  156.0   5.167   5.011 |    0.000   0.000   0.000   0.000 |   -5.866  -7.598   0.704
 126B   0.50101574 0.13 -0.002 -1253.945325  156.0   5.166   5.011 |    0.000   0.000   0.000   0.000 |   -5.867  -7.604   0.791
 127B   0.46158549 0.14 -0.002 -1253.956547  156.0   5.166   5.011 |    0.000   0.000   0.000   0.000 |   -5.867  -7.601   0.791
 128B   0.45398874 0.16 -0.002 -1253.967877  156.0   5.166   5.011 |    0.000   0.000   0.000   0.000 |   -5.867  -7.605   0.714
 129B   0.67558603 0.10 -0.003 -1253.530259  156.0   5.166   5.011 |    0.000   0.000   0.000   0.000 |   -5.866  -7.630   0.881
 130B   0.66394339 0.11 -0.003 -1253.787315  156.0   5.166   5.011 |    0.000   0.000   0.000   0.000 |   -5.871  -7.594   0.686
 131B   0.85588824 0.10 -0.004 -1253.659106  156.0   5.167   5.012 |    0.000   0.000   0.000   0.000 |   -5.867  -7.581   0.743
 132B   0.70814666 0.11 -0.004 -1253.930662  156.0   5.167   5.012 |    0.000   0.000   0.000   0.000 |   -5.867  -7.581   0.579
 133B   0.67544117 0.13 -0.004 -1253.917648  156.0   5.167   5.012 |    0.000   0.000   0.000   0.000 |   -5.867  -7.583   0.742
 134B   0.63091341 0.14 -0.004 -1253.838077  156.0   5.166   5.012 |    0.000   0.000   0.000   0.000 |   -5.867  -7.603   0.587
 135B   1.06123759 0.10 -0.005 -1253.572820  156.0   5.166   5.011 |    0.000   0.000   0.000   0.000 |   -5.867  -7.607   0.740
 136B   0.92423927 0.11 -0.006 -1253.503104  156.0   5.167   5.011 |    0.000  -0.000   0.000  -0.000 |   -5.866  -7.588   1.060
 137B   2.82430076 0.10 -0.012 -1250.784855  156.0   5.167   5.011 |    0.000  -0.000   0.000  -0.000 |   -5.875  -7.563   0.828
 138B   1.61614252 0.11 -0.016 -1252.755107  156.0   5.166   5.011 |    0.000  -0.000   0.000  -0.000 |   -5.872  -7.623   0.834
 139B   1.03633497 0.13 -0.017 -1253.386341  156.0   5.166   5.011 |    0.000  -0.000   0.000  -0.000 |   -5.882  -7.603   0.586
 140B   0.97774940 0.14 -0.020 -1253.583862  156.0   5.166   5.011 |    0.000  -0.000   0.000  -0.000 |   -5.884  -7.587   0.709
 141B   1.78063389 0.10 -0.018 -1253.156297  156.0   5.166   5.011 |    0.000   0.000   0.000  -0.000 |   -5.874  -7.592   0.736
 142B   0.78237861 0.11 -0.020 -1254.004226  156.0   5.167   5.012 |    0.000   0.000   0.000   0.000 |   -5.882  -7.579   0.603
 143B   0.73630445 0.13 -0.023 -1253.766528  156.0   5.166   5.012 |    0.000   0.000   0.000   0.000 |   -5.884  -7.598   0.582
 144B   0.92111846 0.10 -0.027 -1253.641116  156.0   5.167   5.012 |    0.000   0.000   0.000  -0.000 |   -5.892  -7.563   0.696
 145B   0.91603401 0.11 -0.034 -1254.038828  156.0   5.168   5.012 |    0.000   0.000   0.000  -0.000 |   -5.901  -7.530   0.876
 146B   0.78894351 0.13 -0.039 -1254.163307  156.0   5.168   5.012 |    0.000   0.000   0.000  -0.000 |   -5.906  -7.512   0.881
 147B   1.32164436 0.10 -0.039 -1253.981420  156.0   5.168   5.013 |    0.000  -0.000   0.000   0.000 |   -5.890  -7.436   0.973
 148B   1.06140798 0.11 -0.047 -1254.156144  156.0   5.167   5.013 |    0.000  -0.000   0.000  -0.000 |   -5.900  -7.508   0.922
 149B   2.01275992 0.10 -0.050 -1253.632850  156.0   5.168   5.013 |    0.000  -0.000   0.000  -0.000 |   -5.925  -7.433   0.673
 150B   1.43236865 0.11 -0.053 -1254.612874  156.0   5.168   5.014 |    0.000  -0.000   0.000   0.000 |   -5.896  -7.439   0.790
 151B   0.83178845 0.13 -0.045 -1254.420734  156.0   5.168   5.014 |    0.000  -0.000   0.000   0.000 |   -5.906  -7.472   0.739
 152B   0.56998893 0.14 -0.046 -1254.778853  156.0   5.168   5.013 |    0.000  -0.000   0.000   0.000 |   -5.892  -7.459   0.565
 153B   0.54272572 0.16 -0.045 -1254.805007  156.0   5.168   5.013 |    0.000  -0.000   0.000   0.000 |   -5.891  -7.451   0.626
 154B   0.61733399 0.10 -0.044 -1254.588012  156.0   5.168   5.013 |    0.000  -0.000   0.000   0.000 |   -5.890  -7.448   0.575
 155B   0.46292667 0.11 -0.043 -1254.696035  156.0   5.168   5.013 |    0.000  -0.000   0.000   0.000 |   -5.886  -7.463   0.575
 156B   0.78128862 0.10 -0.039 -1254.366589  156.0   5.168   5.013 |    0.000  -0.000   0.000   0.000 |   -5.877  -7.433   0.879
 157B   0.53215384 0.11 -0.040 -1254.480910  156.0   5.168   5.013 |    0.000  -0.000   0.000  -0.000 |   -5.877  -7.457   0.605
 158B   0.54821124 0.10 -0.039 -1254.343270  156.0   5.168   5.013 |    0.000  -0.000   0.000  -0.000 |   -5.880  -7.452   0.922
 159B   0.52959284 0.11 -0.039 -1254.441806  156.0   5.168   5.013 |    0.000   0.000   0.000  -0.000 |   -5.877  -7.462   1.102
 160B   0.57599177 0.10 -0.039 -1254.375501  156.0   5.168   5.013 |    0.000  -0.000   0.000   0.000 |   -5.883  -7.458   0.800
 161B   0.58227248 0.10 -0.039 -1254.299938  156.0   5.167   5.013 |    0.000  -0.000   0.000  -0.000 |   -5.880  -7.469   0.738
 162B   1.01706027 0.10 -0.040 -1253.978741  156.0   5.168   5.013 |    0.000  -0.000   0.000  -0.000 |   -5.888  -7.446   0.734
 163B   0.59897435 0.11 -0.035 -1254.264794  156.0   5.168   5.013 |    0.000  -0.000   0.000  -0.000 |   -5.878  -7.469   0.663
 164B   1.60698685 0.10 -0.035 -1251.890768  156.0   5.167   5.013 |    0.000  -0.000   0.000   0.000 |   -5.879  -7.506   0.966
 165B   0.85899829 0.11 -0.031 -1254.004600  156.0   5.168   5.013 |    0.000  -0.000   0.000   0.000 |   -5.870  -7.470   0.723
 166B   1.08061580 0.10 -0.030 -1253.684275  156.0   5.167   5.013 |    0.000  -0.000   0.000   0.000 |   -5.868  -7.475   1.035
 167B   1.20560827 0.10 -0.029 -1253.470406  156.0   5.168   5.013 |    0.000  -0.000   0.000  -0.000 |   -5.871  -7.466   0.705
 168B   1.59584812 0.10 -0.029 -1253.416989  156.0   5.168   5.013 |    0.000   0.000   0.000   0.000 |   -5.870  -7.503   0.685
 169B   1.07964772 0.11 -0.030 -1253.979499  156.0   5.168   5.013 |    0.000   0.000   0.000  -0.000 |   -5.875  -7.458   0.655
 170B   0.55497881 0.13 -0.035 -1254.299801  156.0   5.168   5.013 |    0.000   0.000   0.000   0.000 |   -5.889  -7.495   0.538
 171B   0.45175870 0.14 -0.034 -1254.319747  156.0   5.168   5.013 |    0.000   0.000   0.000  -0.000 |   -5.880  -7.502   0.627
 172B   0.82743682 0.10 -0.040 -1254.192019  156.0   5.168   5.013 |    0.000   0.000   0.000  -0.000 |   -5.896  -7.482   0.617
 173B   0.31835682 0.11 -0.037 -1254.508442  156.0   5.167   5.013 |    0.000   0.000   0.000  -0.000 |   -5.892  -7.500   0.597
 174B   0.49733997 0.10 -0.032 -1254.195709  156.0   5.168   5.013 |    0.000  -0.000   0.000  -0.000 |   -5.882  -7.485   0.652
 175B   0.67689206 0.10 -0.031 -1254.217675  156.0   5.168   5.013 |    0.000   0.000   0.000  -0.000 |   -5.883  -7.488   0.876
 176B   0.38036279 0.11 -0.031 -1254.293175  156.0   5.168   5.013 |    0.000   0.000   0.000  -0.000 |   -5.881  -7.495   0.998
 177B   0.75995795 0.10 -0.030 -1254.203613  156.0   5.168   5.013 |    0.000   0.000   0.000   0.000 |   -5.883  -7.495   0.773
 178B   0.33560422 0.11 -0.031 -1254.287500  156.0   5.168   5.013 |    0.000   0.000   0.000  -0.000 |   -5.882  -7.505   0.986
 179B   0.42916951 0.10 -0.030 -1254.250993  156.0   5.168   5.013 |    0.000   0.000   0.000  -0.000 |   -5.881  -7.503   1.249
 180B   0.41661757 0.11 -0.030 -1254.252631  156.0   5.168   5.013 |    0.000   0.000   0.000  -0.000 |   -5.881  -7.503   0.690
 181B   0.64293136 0.10 -0.031 -1254.172623  156.0   5.168   5.012 |    0.000   0.000   0.000  -0.000 |   -5.877  -7.496   0.624
 182B   1.65853189 0.10 -0.029 -1251.820328  156.0   5.166   5.012 |    0.000   0.000   0.000  -0.000 |   -5.875  -7.585   0.899
 183B   0.44815787 0.11 -0.023 -1254.036640  156.0   5.167   5.013 |    0.000  -0.000   0.000  -0.000 |   -5.878  -7.516   0.704
 184B   0.62039969 0.10 -0.022 -1254.062838  156.0   5.167   5.013 |    0.000   0.000   0.000  -0.000 |   -5.877  -7.519   0.708
 185B   0.61233445 0.11 -0.023 -1254.093801  156.0   5.168   5.013 |    0.000   0.000   0.000  -0.000 |   -5.877  -7.506   0.655
 186B   0.61005995 0.13 -0.022 -1254.079434  156.0   5.167   5.013 |    0.000  -0.000   0.000  -0.000 |   -5.876  -7.518   0.645
 187B   0.67902704 0.10 -0.026 -1253.929598  156.0   5.167   5.013 |    0.000  -0.000   0.000  -0.000 |   -5.881  -7.526   0.672
 188B   0.54046234 0.11 -0.025 -1254.088489  156.0   5.167   5.013 |    0.000  -0.000   0.000  -0.000 |   -5.875  -7.503   0.943
 189B   0.75671038 0.10 -0.019 -1253.816947  156.0   5.167   5.012 |    0.000  -0.000   0.000  -0.000 |   -5.874  -7.566   1.022
 190B   1.54095776 0.10 -0.017 -1253.032204  156.0   5.167   5.011 |    0.000  -0.000   0.000  -0.000 |   -5.868  -7.557   1.281
 191B   1.51396878 0.11 -0.015 -1252.098297  156.0   5.166   5.012 |    0.000  -0.000   0.000  -0.000 |   -5.869  -7.612   0.898
 192B   0.49874344 0.13 -0.014 -1254.019107  156.0   5.167   5.012 |    0.000  -0.000   0.000   0.000 |   -5.875  -7.553   0.851
 193B   1.57701985 0.10 -0.013 -1253.442686  156.0   5.168   5.013 |    0.000  -0.000   0.000  -0.000 |   -5.876  -7.532   0.721
 194B   0.63821145 0.11 -0.009 -1253.953449  156.0   5.167   5.013 |    0.000   0.000   0.000  -0.000 |   -5.872  -7.551   0.634
 195B   0.81008573 0.10 -0.011 -1253.799974  156.0   5.167   5.012 |    0.000   0.000   0.000   0.000 |   -5.868  -7.567   0.752
 196B   0.72708731 0.11 -0.005 -1254.030111  156.0   5.167   5.013 |    0.000  -0.000   0.000   0.000 |   -5.870  -7.602   0.604
 197B   0.42611149 0.13 -0.008 -1254.094897  156.0   5.167   5.012 |    0.000  -0.000   0.000   0.000 |   -5.873  -7.558   0.745
 198B   0.49364509 0.10 -0.008 -1254.088301  156.0   5.168   5.013 |    0.000  -0.000   0.000  -0.000 |   -5.873  -7.536   0.673
 199B   0.81882603 0.10 -0.010 -1253.950796  156.0   5.167   5.012 |    0.000  -0.000   0.000   0.000 |   -5.876  -7.567   0.761
 200B   0.37295109 0.11 -0.010 -1254.165931  156.0   5.167   5.013 |    0.000  -0.000   0.000  -0.000 |   -5.874  -7.569   0.645
 201B   0.38880161 0.10 -0.010 -1254.198557  156.0   5.167   5.013 |    0.000  -0.000   0.000   0.000 |   -5.876  -7.568   0.921
 202B   0.48632458 0.10 -0.010 -1254.166212  156.0   5.167   5.013 |    0.000  -0.000   0.000   0.000 |   -5.879  -7.561   0.604
 203B   0.39675340 0.11 -0.009 -1254.197364  156.0   5.167   5.013 |    0.000  -0.000   0.000   0.000 |   -5.878  -7.565   0.724
 204B   0.73578815 0.10 -0.011 -1253.980938  156.0   5.167   5.013 |    0.000  -0.000   0.000   0.000 |   -5.876  -7.562   0.629
 205B   0.51155320 0.11 -0.012 -1254.136256  156.0   5.167   5.013 |    0.000  -0.000   0.000   0.000 |   -5.880  -7.580   0.681
 206B   0.50235752 0.13 -0.014 -1254.131133  156.0   5.168   5.013 |    0.000  -0.000   0.000   0.000 |   -5.883  -7.554   0.915
 207B   0.74673308 0.10 -0.015 -1253.846131  156.0   5.169   5.013 |    0.000  -0.000   0.000   0.000 |   -5.881  -7.497   0.667
 208B   0.48575599 0.11 -0.016 -1254.216726  156.0   5.168   5.013 |    0.000  -0.000   0.000   0.000 |   -5.885  -7.548   0.868
 209B   0.54180763 0.10 -0.015 -1254.166656  156.0   5.168   5.013 |    0.000  -0.000   0.000   0.000 |   -5.883  -7.550   0.666
 210B   0.92601993 0.10 -0.017 -1253.826104  156.0   5.167   5.013 |    0.000   0.000   0.000   0.000 |   -5.880  -7.558   0.755
 211B   0.52164769 0.11 -0.016 -1254.181266  156.0   5.168   5.013 |    0.000  -0.000   0.000   0.000 |   -5.884  -7.549   0.530
 212B   1.23735634 0.10 -0.023 -1253.483605  156.0   5.168   5.014 |    0.000  -0.000   0.000   0.000 |   -5.899  -7.533   0.785
 213B   0.51255113 0.11 -0.024 -1254.220082  156.0   5.168   5.013 |    0.000  -0.000   0.000  -0.000 |   -5.895  -7.531   0.973
 214B   0.50108536 0.13 -0.027 -1254.204550  156.0   5.168   5.013 |    0.000   0.000   0.000  -0.000 |   -5.901  -7.538   0.990
 215B   0.62539394 0.10 -0.031 -1254.248984  156.0   5.168   5.014 |    0.000  -0.000   0.000  -0.000 |   -5.907  -7.505   0.780
 216B   0.47768267 0.11 -0.043 -1254.561368  156.0   5.169   5.014 |    0.000   0.000   0.000  -0.000 |   -5.923  -7.477   0.770
 217B   1.80604531 0.10 -0.029 -1253.239184  156.0   5.169   5.014 |    0.000  -0.000   0.000  -0.000 |   -5.891  -7.478   0.835
 218B   0.43431260 0.11 -0.037 -1254.456187  156.0   5.168   5.014 |    0.000   0.000   0.000  -0.000 |   -5.901  -7.488   0.907
 219B   0.86244876 0.10 -0.029 -1254.131937  156.0   5.169   5.014 |    0.000   0.000   0.000  -0.000 |   -5.901  -7.478   0.538
 220B   0.37868784 0.11 -0.036 -1254.418002  156.0   5.168   5.014 |    0.000   0.000   0.000   0.000 |   -5.904  -7.488   0.574
 221B   0.27360042 0.13 -0.035 -1254.490714  156.0   5.169   5.014 |    0.000   0.000   0.000   0.000 |   -5.904  -7.484   0.684
 222B   0.25671994 0.14 -0.034 -1254.470675  156.0   5.168   5.014 |    0.000   0.000   0.000   0.000 |   -5.900  -7.488   0.599
 223B   0.26628287 0.10 -0.034 -1254.487290  156.0   5.168   5.014 |    0.000   0.000   0.000   0.000 |   -5.902  -7.490   0.539
 224B   0.31266477 0.10 -0.036 -1254.516570  156.0   5.168   5.014 |    0.000  -0.000   0.000   0.000 |   -5.901  -7.483   0.536
 225B   0.21531598 0.11 -0.032 -1254.427761  156.0   5.168   5.014 |    0.000   0.000   0.000  -0.000 |   -5.896  -7.500   0.678
 226B   0.29312942 0.10 -0.031 -1254.398212  156.0   5.168   5.014 |    0.000   0.000   0.000  -0.000 |   -5.895  -7.499   0.606
 227B   0.22298764 0.11 -0.032 -1254.423618  156.0   5.168   5.014 |    0.000   0.000   0.000   0.000 |   -5.894  -7.496   0.591
 228B   0.58289903 0.10 -0.031 -1254.335115  156.0   5.169   5.014 |    0.000   0.000   0.000   0.000 |   -5.898  -7.482   0.789
 229B   0.25049972 0.11 -0.032 -1254.400235  156.0   5.168   5.014 |    0.000   0.000   0.000   0.000 |   -5.896  -7.494   0.672
 230B   0.38735993 0.10 -0.032 -1254.383918  156.0   5.169   5.014 |    0.000   0.000   0.000   0.000 |   -5.898  -7.483   0.647
 231B   0.35176189 0.11 -0.032 -1254.395790  156.0   5.169   5.014 |    0.000   0.000   0.000   0.000 |   -5.896  -7.482   0.737
 232B   0.72438022 0.10 -0.030 -1254.178279  156.0   5.169   5.014 |    0.000   0.000   0.000  -0.000 |   -5.900  -7.491   0.875
 233B   0.78909333 0.10 -0.028 -1254.045854  156.0   5.168   5.014 |    0.000   0.000   0.000  -0.000 |   -5.897  -7.488   0.664
 234B   0.81744013 0.10 -0.026 -1254.150712  156.0   5.168   5.014 |    0.000   0.000   0.000   0.000 |   -5.895  -7.517   0.881
 235B   0.68172617 0.11 -0.024 -1253.998940  156.0   5.168   5.014 |    0.000   0.000   0.000  -0.000 |   -5.896  -7.498   0.882
 236B   0.64513059 0.13 -0.024 -1254.092102  156.0   5.169   5.014 |    0.000   0.000   0.000  -0.000 |   -5.884  -7.500   1.022
 237B   0.90958965 0.10 -0.021 -1253.993840  156.0   5.168   5.013 |    0.000  -0.000   0.000   0.000 |   -5.885  -7.543   0.647
 238B   0.79626146 0.11 -0.021 -1254.020822  156.0   5.168   5.013 |    0.000  -0.000   0.000  -0.000 |   -5.883  -7.556   0.702
 239B   0.47841584 0.13 -0.017 -1254.171548  156.0   5.168   5.014 |    0.000  -0.000   0.000   0.000 |   -5.888  -7.524   0.775
 240B   0.33071954 0.14 -0.015 -1254.202851  156.0   5.168   5.013 |    0.000   0.000   0.000   0.000 |   -5.887  -7.531   1.278
 241B   0.37148627 0.10 -0.017 -1254.108768  156.0   5.168   5.013 |    0.000  -0.000   0.000   0.000 |   -5.883  -7.535   0.978
 242B   0.62227017 0.10 -0.013 -1253.969791  156.0   5.168   5.013 |    0.000   0.000   0.000  -0.000 |   -5.883  -7.533   0.815
 243B   0.54223116 0.11 -0.011 -1254.167719  156.0   5.168   5.014 |    0.000   0.000   0.000  -0.000 |   -5.884  -7.554   0.874
 244B   0.50299056 0.13 -0.012 -1254.161738  156.0   5.168   5.014 |    0.000   0.000   0.000   0.000 |   -5.879  -7.532   0.796
 245B   0.68507739 0.10 -0.011 -1254.091884  156.0   5.169   5.014 |    0.000   0.000   0.000   0.000 |   -5.879  -7.521   1.050
 246B   0.34070180 0.11 -0.012 -1254.275113  156.0   5.168   5.014 |    0.000   0.000   0.000  -0.000 |   -5.886  -7.532   0.695
 247B   0.32783330 0.13 -0.012 -1254.287960  156.0   5.168   5.014 |    0.000   0.000   0.000  -0.000 |   -5.884  -7.545   1.022
 248B   0.36008936 0.10 -0.014 -1254.183910  156.0   5.168   5.014 |    0.000  -0.000   0.000  -0.000 |   -5.883  -7.541   1.122
 249B   0.27254802 0.11 -0.014 -1254.266662  156.0   5.168   5.014 |    0.000  -0.000   0.000  -0.000 |   -5.890  -7.533   0.777
 250B   0.42164895 0.10 -0.015 -1254.198619  156.0   5.168   5.014 |    0.000  -0.000   0.000  -0.000 |   -5.888  -7.537   0.883
 251B   0.39094194 0.11 -0.015 -1254.266290  156.0   5.168   5.014 |    0.000  -0.000   0.000  -0.000 |   -5.888  -7.537   0.678
 252B   0.31128857 0.13 -0.014 -1254.282312  156.0   5.168   5.014 |    0.000  -0.000   0.000   0.000 |   -5.890  -7.542   0.746
 253B   0.38142218 0.10 -0.013 -1254.233801  156.0   5.168   5.014 |    0.000  -0.000   0.000   0.000 |   -5.888  -7.533   0.706
 254B   0.46630638 0.10 -0.015 -1254.191411  156.0   5.169   5.014 |    0.000  -0.000   0.000   0.000 |   -5.888  -7.522   0.641
 255B   0.42181371 0.11 -0.015 -1254.261956  156.0   5.169   5.014 |    0.000  -0.000   0.000   0.000 |   -5.894  -7.520   0.693
 256B   0.48705853 0.10 -0.019 -1254.155653  156.0   5.168   5.014 |    0.000   0.000   0.000   0.000 |   -5.890  -7.549   0.618
 257B   0.38241361 0.11 -0.020 -1254.201430  156.0   5.168   5.014 |    0.000  -0.000   0.000  -0.000 |   -5.891  -7.533   0.520
 258B   0.56017443 0.10 -0.021 -1254.032177  156.0   5.169   5.015 |    0.000  -0.000   0.000   0.000 |   -5.899  -7.516   0.615
 259B   0.31779893 0.11 -0.022 -1254.302618  156.0   5.169   5.014 |    0.000  -0.000   0.000   0.000 |   -5.896  -7.526   0.667
 260B   0.33989525 0.10 -0.022 -1254.294843  156.0   5.169   5.014 |    0.000  -0.000   0.000   0.000 |   -5.896  -7.524   0.535
 261B   0.57698407 0.10 -0.023 -1254.238148  156.0   5.168   5.014 |    0.000  -0.000   0.000   0.000 |   -5.901  -7.541   0.553
 262B   0.76174244 0.10 -0.024 -1254.140799  156.0   5.169   5.014 |    0.000  -0.000   0.000   0.000 |   -5.899  -7.530   0.773
 263B   0.30421282 0.11 -0.025 -1254.277097  156.0   5.169   5.014 |    0.000  -0.000   0.000  -0.000 |   -5.900  -7.517   0.763
 264B   0.89893506 0.10 -0.027 -1254.154828  156.0   5.169   5.015 |    0.000   0.000   0.000   0.000 |   -5.921  -7.487   0.786
 265B   0.51234932 0.11 -0.031 -1254.246914  156.0   5.169   5.015 |    0.000  -0.000   0.000  -0.000 |   -5.907  -7.524   0.669
 266B   0.38142219 0.13 -0.031 -1254.348881  156.0   5.169   5.014 |    0.000  -0.000   0.000  -0.000 |   -5.907  -7.505   0.533
 267B   0.53444206 0.10 -0.033 -1254.133988  156.0   5.169   5.015 |    0.000  -0.000   0.000   0.000 |   -5.914  -7.492   0.735
 268B   1.26378838 0.10 -0.033 -1253.920779  156.0   5.169   5.015 |    0.000  -0.000   0.000   0.000 |   -5.916  -7.505   0.950
 269B   0.42182767 0.11 -0.037 -1254.449868  156.0   5.169   5.015 |    0.000   0.000   0.000  -0.000 |   -5.916  -7.486   0.659
 270B   0.42787744 0.10 -0.037 -1254.489613  156.0   5.169   5.015 |    0.000   0.000   0.000   0.000 |   -5.914  -7.473   0.663
 271B   0.35802959 0.11 -0.038 -1254.531539  156.0   5.169   5.015 |    0.000   0.000   0.000  -0.000 |   -5.915  -7.480   0.634
 272B   0.80252231 0.10 -0.035 -1254.318846  156.0   5.169   5.015 |    0.000  -0.000   0.000  -0.000 |   -5.909  -7.489   0.834
 273B   0.38988551 0.11 -0.034 -1254.403887  156.0   5.169   5.015 |    0.000  -0.000   0.000  -0.000 |   -5.916  -7.468   0.747
 274B   0.27032480 0.13 -0.034 -1254.459411  156.0   5.169   5.015 |    0.000  -0.000   0.000   0.000 |   -5.910  -7.488   0.840
 275B   0.27649187 0.10 -0.035 -1254.448642  156.0   5.169   5.015 |    0.000  -0.000   0.000  -0.000 |   -5.909  -7.472   0.788
 276B   0.37447165 0.10 -0.034 -1254.411719  156.0   5.169   5.015 |    0.000  -0.000   0.000   0.000 |   -5.908  -7.474   0.775
 277B   0.35224142 0.11 -0.033 -1254.409877  156.0   5.169   5.015 |    0.000   0.000   0.000   0.000 |   -5.907  -7.480   0.785
 278B   0.30376487 0.13 -0.033 -1254.428778  156.0   5.169   5.015 |    0.000  -0.000   0.000  -0.000 |   -5.908  -7.477   0.729
 279B   0.40903764 0.10 -0.033 -1254.421513  156.0   5.169   5.015 |    0.000  -0.000   0.000  -0.000 |   -5.906  -7.472   0.605
 280B   0.26777619 0.11 -0.034 -1254.463762  156.0   5.169   5.015 |    0.000  -0.000   0.000  -0.000 |   -5.909  -7.478   0.622
 281B   0.38510268 0.10 -0.035 -1254.447529  156.0   5.169   5.015 |    0.000  -0.000   0.000  -0.000 |   -5.907  -7.476   0.664
 282B   0.46920803 0.10 -0.032 -1254.276233  156.0   5.169   5.014 |    0.000   0.000   0.000   0.000 |   -5.909  -7.472   0.743
 283B   0.65254430 0.10 -0.033 -1254.202099  156.0   5.169   5.014 |    0.000   0.000   0.000   0.000 |   -5.903  -7.485   0.610
 284B   0.35756768 0.11 -0.031 -1254.348689  156.0   5.169   5.014 |    0.000   0.000   0.000   0.000 |   -5.900  -7.481   0.866
 285B   0.39758521 0.10 -0.030 -1254.346770  156.0   5.169   5.014 |    0.000   0.000   0.000   0.000 |   -5.903  -7.481   0.601
 286B   0.43262339 0.10 -0.030 -1254.349041  156.0   5.169   5.014 |    0.000   0.000   0.000   0.000 |   -5.903  -7.483   0.638
 287B   0.38363729 0.11 -0.032 -1254.376527  156.0   5.169   5.014 |    0.000   0.000   0.000  -0.000 |   -5.904  -7.481   0.752
 288B   0.33521461 0.13 -0.031 -1254.367595  156.0   5.169   5.014 |    0.000   0.000   0.000   0.000 |   -5.904  -7.485   0.988
 289B   1.63586042 0.10 -0.028 -1253.614850  156.0   5.168   5.015 |    0.000  -0.000   0.000  -0.000 |   -5.905  -7.521   0.765
 290B   1.30613655 0.11 -0.031 -1253.929671  156.0   5.168   5.014 |    0.000  -0.000   0.000  -0.000 |   -5.891  -7.492   0.998
 291B   0.56992937 0.13 -0.025 -1253.935903  156.0   5.168   5.014 |    0.000   0.000   0.000   0.000 |   -5.898  -7.496   1.000
 292B   0.55627309 0.14 -0.026 -1254.247736  156.0   5.169   5.014 |    0.000  -0.000   0.000   0.000 |   -5.892  -7.496   0.916
 293B   0.45072638 0.16 -0.024 -1254.228155  156.0   5.169   5.014 |    0.000   0.000   0.000   0.000 |   -5.886  -7.505   0.677
 294B   0.42141281 0.18 -0.016 -1254.199714  156.0   5.168   5.014 |    0.000   0.000   0.000   0.000 |   -5.887  -7.529   0.834
 295B   0.46828317 0.10 -0.014 -1254.204804  156.0   5.169   5.014 |    0.000   0.000   0.000   0.000 |   -5.887  -7.507   0.573
 296B   0.55728508 0.10 -0.016 -1254.087170  156.0   5.168   5.014 |    0.000  -0.000   0.000   0.000 |   -5.879  -7.550   0.736
 297B   0.48142300 0.11 -0.011 -1254.235371  156.0   5.168   5.014 |    0.000  -0.000   0.000   0.000 |   -5.883  -7.534   0.788
 298B   0.43885043 0.13 -0.009 -1254.214421  156.0   5.169   5.014 |    0.000  -0.000   0.000   0.000 |   -5.883  -7.518   1.024
 299B   0.39667403 0.14 -0.010 -1254.290460  156.0   5.169   5.014 |    0.000   0.000   0.000   0.000 |   -5.892  -7.532   0.858
 300B   0.32307269 0.16 -0.013 -1254.293999  156.0   5.169   5.014 |    0.000   0.000   0.000   0.000 |   -5.888  -7.528   0.539
 301B   0.32912900 0.10 -0.012 -1254.310387  156.0   5.169   5.014 |    0.000   0.000   0.000   0.000 |   -5.887  -7.527   0.818
 302B   0.46712133 0.10 -0.013 -1254.168492  156.0   5.169   5.014 |    0.000   0.000   0.000   0.000 |   -5.885  -7.522   0.780
 303B   0.31244564 0.11 -0.013 -1254.315675  156.0   5.169   5.014 |    0.000   0.000   0.000   0.000 |   -5.890  -7.534   0.625
 304B   0.30366789 0.13 -0.013 -1254.317429  156.0   5.169   5.014 |    0.000   0.000   0.000   0.000 |   -5.891  -7.527   0.623
 305B   0.55644817 0.10 -0.013 -1254.179038  156.0   5.168   5.014 |    0.000   0.000   0.000   0.000 |   -5.884  -7.542   1.007
 306B   0.30243588 0.11 -0.013 -1254.296188  156.0   5.169   5.014 |    0.000   0.000   0.000  -0.000 |   -5.890  -7.529   0.837
 307B   0.29981993 0.13 -0.015 -1254.289722  156.0   5.169   5.014 |    0.000   0.000   0.000  -0.000 |   -5.892  -7.527   0.762
 308L   0.29469362 0.14 -0.015 -1254.305375  156.0   5.169   5.014 |    0.000   0.000   0.000  -0.000 |   -5.893  -7.529   1.027
 309B   0.54846618 0.10 -0.017 -1254.230008  156.0   5.169   5.015 |    0.000   0.000   0.000   0.000 |   -5.893  -7.528   0.980
 310B   0.36564444 0.11 -0.011 -1254.309958  156.0   5.169   5.014 |    0.000  -0.000   0.000   0.000 |   -5.886  -7.531   0.804
 311B   0.54326535 0.10 -0.017 -1254.240799  156.0   5.169   5.014 |    0.000   0.000   0.000   0.000 |   -5.889  -7.527   0.898
 312B   0.38223999 0.11 -0.013 -1254.283205  156.0   5.169   5.014 |    0.000  -0.000   0.000   0.000 |   -5.888  -7.550   0.686
 313B   0.28903624 0.13 -0.021 -1254.310675  156.0   5.169   5.015 |    0.000   0.000   0.000   0.000 |   -5.898  -7.526   0.755
 314B   0.30955973 0.10 -0.022 -1254.306835  156.0   5.169   5.015 |    0.000   0.000   0.000   0.000 |   -5.899  -7.527   0.657
 315B   0.25158492 0.11 -0.022 -1254.311227  156.0   5.169   5.015 |    0.000   0.000   0.000   0.000 |   -5.899  -7.522   0.632
 316B   0.31504790 0.10 -0.024 -1254.313071  156.0   5.169   5.015 |    0.000   0.000   0.000   0.000 |   -5.902  -7.521   0.649
 317B   0.49407470 0.10 -0.037 -1254.357671  156.0   5.169   5.015 |    0.000  -0.000   0.000   0.000 |   -5.923  -7.475   0.619
 318B   0.38478775 0.11 -0.033 -1254.364553  156.0   5.169   5.015 |    0.000   0.000   0.000   0.000 |   -5.904  -7.489   0.931
 319B   0.53784354 0.10 -0.033 -1254.236738  156.0   5.170   5.015 |    0.000  -0.000   0.000   0.000 |   -5.922  -7.470   0.813
 320B   0.17315932 0.11 -0.030 -1254.405250  156.0   5.169   5.015 |    0.000   0.000   0.000  -0.000 |   -5.906  -7.490   0.786
 321B   0.55557936 0.10 -0.028 -1254.252176  156.0   5.169   5.015 |    0.000   0.000   0.000   0.000 |   -5.912  -7.523   0.890
 322B   0.15832444 0.11 -0.029 -1254.383334  156.0   5.169   5.015 |    0.000  -0.000   0.000   0.000 |   -5.909  -7.497   1.123
 323B   0.13377206 0.13 -0.029 -1254.390470  156.0   5.169   5.015 |    0.000  -0.000   0.000   0.000 |   -5.906  -7.496   0.784
 324B   0.21381763 0.10 -0.029 -1254.372741  156.0   5.169   5.015 |    0.000   0.000   0.000  -0.000 |   -5.907  -7.496   0.793
 325B   0.13622967 0.11 -0.029 -1254.393062  156.0   5.169   5.015 |    0.000  -0.000   0.000   0.000 |   -5.905  -7.498   0.832
 326B   0.14270844 0.10 -0.029 -1254.394744  156.0   5.169   5.015 |    0.000  -0.000   0.000   0.000 |   -5.906  -7.498   1.034
 327B   0.23079427 0.10 -0.029 -1254.385351  156.0   5.169   5.015 |    0.000  -0.000   0.000   0.000 |   -5.904  -7.502   0.663
 328B   0.13902092 0.11 -0.029 -1254.379982  156.0   5.169   5.015 |    0.000  -0.000   0.000   0.000 |   -5.907  -7.496   0.760
 329B   0.15292915 0.10 -0.029 -1254.394677  156.0   5.169   5.015 |    0.000  -0.000   0.000   0.000 |   -5.906  -7.501   0.850
 330B   0.19639863 0.10 -0.029 -1254.375279  156.0   5.169   5.015 |    0.000  -0.000   0.000  -0.000 |   -5.909  -7.507   0.458
 331B   0.20566186 0.10 -0.028 -1254.365557  156.0   5.169   5.015 |    0.000   0.000   0.000   0.000 |   -5.907  -7.501   0.686
 332B   0.25986375 0.10 -0.027 -1254.346145  156.0   5.169   5.015 |    0.000  -0.000   0.000   0.000 |   -5.904  -7.494   0.613
 333B   0.21806626 0.11 -0.026 -1254.353167  156.0   5.169   5.015 |    0.000   0.000   0.000   0.000 |   -5.904  -7.498   0.631
 334B   0.19069020 0.13 -0.026 -1254.356462  156.0   5.169   5.015 |    0.000   0.000   0.000   0.000 |   -5.904  -7.500   1.343
 335B   0.20216679 0.10 -0.027 -1254.358972  156.0   5.169   5.015 |    0.000   0.000   0.000   0.000 |   -5.904  -7.499   1.352
 336B   0.24288475 0.10 -0.027 -1254.351619  156.0   5.169   5.014 |    0.000   0.000   0.000   0.000 |   -5.902  -7.504   1.031
 337B   0.17781855 0.11 -0.025 -1254.328590  156.0   5.169   5.015 |    0.000  -0.000   0.000  -0.000 |   -5.903  -7.499   0.799
 338B   0.35461981 0.10 -0.027 -1254.297451  156.0   5.169   5.014 |    0.000  -0.000   0.000  -0.000 |   -5.897  -7.500   0.618
 339B   0.32636116 0.11 -0.022 -1254.277128  156.0   5.169   5.015 |    0.000  -0.000   0.000  -0.000 |   -5.900  -7.525   0.774
 340B   0.20868291 0.13 -0.021 -1254.308895  156.0   5.169   5.015 |    0.000  -0.000   0.000  -0.000 |   -5.898  -7.515   0.684
 341B   0.29228900 0.10 -0.019 -1254.284855  156.0   5.169   5.014 |    0.000   0.000   0.000   0.000 |   -5.895  -7.530   1.163
 342B   0.21374610 0.11 -0.019 -1254.299436  156.0   5.169   5.014 |    0.000   0.000   0.000   0.000 |   -5.896  -7.519   0.870
 343B   0.17334574 0.13 -0.018 -1254.313135  156.0   5.169   5.014 |    0.000   0.000   0.000   0.000 |   -5.897  -7.521   0.668
 344B   0.31827874 0.10 -0.019 -1254.269584  156.0   5.169   5.014 |    0.000   0.000   0.000   0.000 |   -5.894  -7.529   0.659
 345B   0.14712118 0.11 -0.018 -1254.322224  156.0   5.169   5.015 |    0.000   0.000   0.000  -0.000 |   -5.895  -7.527   0.601
 346B   0.12939517 0.13 -0.019 -1254.324356  156.0   5.169   5.015 |    0.000  -0.000   0.000   0.000 |   -5.897  -7.521   0.822
 347B   0.21491206 0.10 -0.019 -1254.314869  156.0   5.169   5.014 |    0.000   0.000   0.000  -0.000 |   -5.896  -7.520   0.847
 348B   0.11997739 0.11 -0.019 -1254.324447  156.0   5.169   5.014 |    0.000   0.000   0.000   0.000 |   -5.896  -7.521   0.618
 349B   0.12213936 0.10 -0.019 -1254.325995  156.0   5.169   5.015 |    0.000   0.000   0.000  -0.000 |   -5.898  -7.519   1.334
 350B   0.11708311 0.11 -0.019 -1254.328931  156.0   5.169   5.015 |    0.000   0.000   0.000  -0.000 |   -5.897  -7.524   1.572
 351B   0.11550011 0.13 -0.019 -1254.329834  156.0   5.169   5.015 |    0.000   0.000   0.000  -0.000 |   -5.898  -7.521   1.150
 352B   0.17576056 0.10 -0.019 -1254.326051  156.0   5.169   5.015 |    0.000   0.000   0.000  -0.000 |   -5.899  -7.520   0.776
 353B   0.15653095 0.11 -0.020 -1254.320058  156.0   5.169   5.015 |    0.000   0.000   0.000  -0.000 |   -5.898  -7.525   0.975
 354B   0.17102707 0.10 -0.020 -1254.317497  156.0   5.169   5.015 |    0.000   0.000   0.000  -0.000 |   -5.899  -7.526   1.075
 355B   0.14870032 0.11 -0.021 -1254.325087  156.0   5.169   5.015 |    0.000   0.000   0.000  -0.000 |   -5.902  -7.519   0.650
 356B   0.12512387 0.13 -0.021 -1254.332634  156.0   5.169   5.015 |    0.000   0.000   0.000  -0.000 |   -5.901  -7.520   0.601
 357B   0.19544089 0.10 -0.018 -1254.309479  156.0   5.169   5.015 |    0.000   0.000   0.000  -0.000 |   -5.897  -7.524   0.620
 358B   0.14228396 0.11 -0.019 -1254.323237  156.0   5.169   5.015 |    0.000   0.000   0.000  -0.000 |   -5.898  -7.519   1.306
 359B   0.16310300 0.10 -0.019 -1254.309810  156.0   5.169   5.015 |    0.000   0.000   0.000  -0.000 |   -5.899  -7.528   0.935
 360B   0.24916998 0.10 -0.022 -1254.323449  156.0   5.169   5.015 |    0.000   0.000   0.000   0.000 |   -5.901  -7.516   0.631
 361B   0.18268739 0.11 -0.023 -1254.329038  156.0   5.169   5.015 |    0.000   0.000   0.000   0.000 |   -5.904  -7.510   0.773
 362B   0.12782061 0.13 -0.023 -1254.337735  156.0   5.169   5.015 |    0.000   0.000   0.000  -0.000 |   -5.905  -7.514   0.667
 363B   0.22191343 0.10 -0.024 -1254.342679  156.0   5.169   5.015 |    0.000   0.000   0.000   0.000 |   -5.904  -7.516   0.754
 364B   0.14905301 0.11 -0.026 -1254.349033  156.0   5.169   5.015 |    0.000  -0.000   0.000   0.000 |   -5.907  -7.508   0.996
 365B   0.17326228 0.10 -0.030 -1254.401890  156.0   5.169   5.015 |    0.000  -0.000   0.000  -0.000 |   -5.914  -7.497   1.414
 366B   0.31231126 0.10 -0.029 -1254.363383  156.0   5.169   5.015 |    0.000  -0.000   0.000  -0.000 |   -5.909  -7.502   1.057
 367B   0.16921460 0.11 -0.030 -1254.401182  156.0   5.169   5.015 |    0.000  -0.000   0.000  -0.000 |   -5.912  -7.492   1.004
 368B   0.15579576 0.13 -0.030 -1254.397970  156.0   5.169   5.015 |    0.000  -0.000   0.000   0.000 |   -5.911  -7.496   0.677
 369B   0.09939745 0.14 -0.027 -1254.371233  156.0   5.169   5.015 |    0.000  -0.000   0.000   0.000 |   -5.906  -7.508   1.119
 370B   0.10608180 0.10 -0.026 -1254.362899  156.0   5.169   5.015 |    0.000  -0.000   0.000   0.000 |   -5.906  -7.502   0.741
 371B   0.28485301 0.10 -0.026 -1254.336127  156.0   5.169   5.015 |    0.000   0.000   0.000   0.000 |   -5.907  -7.502   0.607
 372B   0.14442678 0.11 -0.026 -1254.352797  156.0   5.169   5.015 |    0.000  -0.000   0.000  -0.000 |   -5.905  -7.509   0.860
 373B   0.10763765 0.13 -0.028 -1254.376916  156.0   5.169   5.015 |    0.000   0.000   0.000   0.000 |   -5.908  -7.500   0.749
 374B   0.10371149 0.14 -0.026 -1254.364014  156.0   5.169   5.015 |    0.000  -0.000   0.000  -0.000 |   -5.906  -7.503   0.874
 375B   0.08522811 0.16 -0.026 -1254.363545  156.0   5.169   5.015 |    0.000   0.000   0.000  -0.000 |   -5.906  -7.504   1.044
 376B   0.08237668 0.18 -0.026 -1254.362964  156.0   5.169   5.015 |    0.000   0.000   0.000  -0.000 |   -5.906  -7.504   1.154
 377B   0.10059595 0.10 -0.026 -1254.356906  156.0   5.169   5.015 |    0.000  -0.000   0.000  -0.000 |   -5.905  -7.505   0.678
 378B   0.11089381 0.10 -0.028 -1254.379026  156.0   5.169   5.015 |    0.000   0.000   0.000  -0.000 |   -5.907  -7.503   0.721
 379B   0.12268241 0.10 -0.028 -1254.379438  156.0   5.169   5.015 |    0.000  -0.000   0.000  -0.000 |   -5.907  -7.499   0.621
 380B   0.17321602 0.10 -0.027 -1254.359619  156.0   5.169   5.015 |    0.000  -0.000   0.000  -0.000 |   -5.905  -7.503   0.950
 381B   0.14241357 0.11 -0.026 -1254.353203  156.0   5.169   5.015 |    0.000  -0.000   0.000  -0.000 |   -5.903  -7.510   0.863
 382B   0.11252713 0.13 -0.025 -1254.353664  156.0   5.169   5.015 |    0.000  -0.000   0.000   0.000 |   -5.902  -7.509   1.459
 383B   0.10653948 0.14 -0.024 -1254.345868  156.0   5.169   5.015 |    0.000  -0.000   0.000   0.000 |   -5.902  -7.513   0.598
 384B   0.09876228 0.16 -0.024 -1254.345429  156.0   5.169   5.015 |    0.000  -0.000   0.000  -0.000 |   -5.901  -7.512   0.722
 385B   0.18958629 0.10 -0.021 -1254.324724  156.0   5.169   5.015 |    0.000   0.000   0.000   0.000 |   -5.901  -7.515   0.896
 386B   0.18967955 0.10 -0.023 -1254.312871  156.0   5.169   5.015 |    0.000  -0.000   0.000   0.000 |   -5.899  -7.515   0.892
 387B   0.12223991 0.11 -0.019 -1254.320198  156.0   5.169   5.015 |    0.000   0.000   0.000   0.000 |   -5.897  -7.526   1.279
 388B   0.12859573 0.10 -0.019 -1254.326587  156.0   5.169   5.015 |    0.000  -0.000   0.000   0.000 |   -5.897  -7.523   1.356
 389B   0.12714826 0.11 -0.019 -1254.325463  156.0   5.169   5.015 |    0.000  -0.000   0.000   0.000 |   -5.898  -7.519   0.880
 390B   0.09416667 0.13 -0.020 -1254.328438  156.0   5.169   5.015 |    0.000  -0.000   0.000   0.000 |   -5.900  -7.519   0.712
 391B   0.22282838 0.10 -0.021 -1254.322113  156.0   5.169   5.015 |    0.000  -0.000   0.000   0.000 |   -5.900  -7.517   1.142
 392B   0.06849900 0.11 -0.021 -1254.334144  156.0   5.169   5.015 |    0.000  -0.000   0.000   0.000 |   -5.900  -7.519   0.763
 393B   0.23289788 0.10 -0.023 -1254.333999  156.0   5.169   5.015 |    0.000   0.000   0.000   0.000 |   -5.901  -7.512   0.783
 394B   0.10802885 0.11 -0.021 -1254.335607  156.0   5.169   5.015 |    0.000  -0.000   0.000  -0.000 |   -5.902  -7.514   0.627
 395B   0.07855833 0.13 -0.022 -1254.336268  156.0   5.169   5.015 |    0.000  -0.000   0.000   0.000 |   -5.901  -7.515   1.129
 396B   0.05418577 0.14 -0.022 -1254.340597  156.0   5.169   5.015 |    0.000  -0.000   0.000  -0.000 |   -5.902  -7.515   0.899
 397B   0.05510851 0.10 -0.022 -1254.338792  156.0   5.169   5.015 |    0.000  -0.000   0.000  -0.000 |   -5.902  -7.517   0.766
 398B   0.06032718 0.10 -0.021 -1254.337668  156.0   5.169   5.015 |    0.000   0.000   0.000  -0.000 |   -5.901  -7.517   0.746
 399B   0.08381373 0.10 -0.022 -1254.338369  156.0   5.169   5.015 |    0.000   0.000   0.000  -0.000 |   -5.902  -7.516   0.584
 400B   0.06724203 0.11 -0.024 -1254.349622  156.0   5.169   5.015 |    0.000  -0.000   0.000   0.000 |   -5.904  -7.512   0.762
 401B   0.10653674 0.10 -0.022 -1254.335325  156.0   5.169   5.015 |    0.000   0.000   0.000  -0.000 |   -5.903  -7.515   0.000
  ----------------------------------------------------------------------------------------------------------------------------------
  *   iterations limit interrupt after 401 steps   si=     0.1065367354 ho= -1 tho=  0
  ----------------------------------------------------------------------------------------------------------------------------------
  Total CPU time=   5.505 minutes

  Writing to wel_file: s092_064.hel
 __________________________________  
  The tape s092_064.hel recorded:     
  nucname,npr,ngh,ngl,n00,nb,nt      
  b0,beta0,si,etot,rms,bet,xmix      
  pairing:     CpV0,CpV1,pwi         
  delta:       del,ept               
  lambda:      ala,ala2,alast,tz     
  asymptotic:  varmas,ass,skass      
  ntx,nb,nhhdim,id,N_rz,n_r,n_z      
  Omega2,Sigma2,Parity,Lambda        
  matrices(inbro):    hh,de          
  *all blocking candidates           
 __________________________________  


  NB! From expect (UNPROJECTED RESULTS)

  pairing: CpV0,CpV1,...           0.100000       0.100000       1.000000       1.000000
  forces:   UNE1                          


                             neutrons         protons         total
  Requested part.numbs.      92.000000      64.000000     156.000000
  UnPj(av) part.numbs .      92.000000      64.000000     156.000000
  b0, bz, bp ..........       2.130153       2.136882       2.126796

  lambda (ala) ........      -5.904985      -7.508506
  Lambda (alast) ......      -5.904985      -7.508506
  delta(n,p), pwi .....      -0.000000      -0.000000      60.000000
  pairing energy ......       0.000000       0.000000       0.000000

  rms-radius ..........       5.169106       5.014791       5.106361
  charge-radius, r0 ...                      5.078202       6.459855
  deformation beta2....      -0.024464      -0.025392      -0.024831
  dipole moment[fm] ...       0.000000       0.000000       0.000000
  quadrupole moment[b]       -0.758667      -0.515582      -1.274249
  octupole moment .....       0.000000       0.000000       0.000000
  hexadecapole moment .      -0.228876      -0.151365      -0.380241
  q5 ..................       0.000000       0.000000       0.000000
  q6 ..................       0.003893       0.003517       0.007410
  q7 ..................       0.000000       0.000000       0.000000
  q8 ..................       0.003222       0.002315       0.005537

  <r^0> [fm^0] ........            1.000000            1.000000            1.000000
  <r^2> [fm^2] ........           26.719652           25.148131           26.074926
  <r^4> [fm^4] ........          932.744463          811.021756          882.806942
  <r^6> [fm^6] ........        38563.659226        30613.921544        35302.228382
  <r^8> [fm^8] ........      1812439.057769      1302376.781920      1603182.739472

  kinetic energy ......    1785.928650    1045.005826    2830.934477
  volume energy .......                                 -4727.137256
        rho_tau .......                                  -254.621150
        rho_rho .......                                 -4472.516106
  surface energy ......                                   145.698083
   rho_DELTA_rho ......                                   145.698083
   (NABLA_rho)^2 ......                                     0.000000
  spin-orbit energy ...                                   -29.282800
        rho_NABLA_J ...                                   -29.282800
        NABLA_rho_J ...                                     0.000000
  coulomb energy ......                                   525.432854
          direct ......                                   549.798690
          exchange ....                                   -24.365836
  tensor energy .......                                     0.000000
  direct Hartree E  ...                                     0.000000
  Extra E .............                                     0.000000
  External field E ....                                     0.000000
  Entropy .............       4.988768       0.016986       5.005754

  tEnergy: ehfb (qp)...                                 -1254.354642

  Calculated but not added corrections 
====================================
  cmc-diagonal part ...       0.000000       0.000000       0.000000
  cmc-hfb .............       0.000000       0.000000       0.000000
  cranking rot corr ...       0.000000       0.000000       0.000000

  SQUJ ................       0.000000       0.000000       0.000000
  CRAN x 4 ............       0.000000       0.000000       0.000000
  Rigit Body ..........       0.000000       0.000000       0.000000


   Blocking candidates are:
   neutron eqpmin=   1.3375581110583568E-002  pwiblo=   2.0016019225635890     
    num=   1 block=   2 state=   1    26 Eqp=   0.01337558  (1-2N)E=  -0.01337558  Ovlp=   0.60174358  1-[ 5, 1, 0]
    num=   2 block=   6 state=   1    98 Eqp=   0.00182792  (1-2N)E=   0.00182792  Ovlp=   0.75501775  5-[ 5, 2, 3]
    num=   3 block=   8 state=   1   122 Eqp=   0.06804988  (1-2N)E=  -0.06804988  Ovlp=   0.68562206  7-[ 5, 0, 3]
    num=   4 block=  10 state=   1   140 Eqp=   0.08199557  (1-2N)E=   0.08199557  Ovlp=   0.95521390  9-[ 5, 0, 5]
    num=   5 block=   4 state=   1    66 Eqp=   0.20065376  (1-2N)E=  -0.20065376  Ovlp=   0.50715096  3-[ 5, 3, 2]
    num=   6 block=   4 state=   2    67 Eqp=   0.25039873  (1-2N)E=   0.25039873  Ovlp=   0.57234896  3-[ 5, 1, 2]
    num=   7 block=   8 state=   2   123 Eqp=   0.26632784  (1-2N)E=  -0.26632784  Ovlp=   0.60288805  7-[ 5, 1, 4]
    num=   8 block=   2 state=   2    27 Eqp=   0.37683077  (1-2N)E=   0.37683077  Ovlp=   0.72171935  1-[ 5, 2, 1]
    num=   9 block=   6 state=   2    99 Eqp=   0.40065242  (1-2N)E=  -0.40065242  Ovlp=   0.73986223  5-[ 5, 1, 2]
    num=  10 block=   4 state=   3    68 Eqp=   0.57931403  (1-2N)E=   0.57931403  Ovlp=   0.73351491  3-[ 5, 0, 1]
    num=  11 block=   2 state=   3    28 Eqp=   0.72461053  (1-2N)E=   0.72461053  Ovlp=   0.62117252  1-[ 5, 0, 1]
    num=  12 block=   2 state=   4    29 Eqp=   1.20953089  (1-2N)E=   1.20953089  Ovlp=   0.55344325  1-[ 5, 0, 1]
    num=  13 block=   4 state=   4    69 Eqp=   1.66335958  (1-2N)E=   1.66335958  Ovlp=   0.52517769  3-[ 5, 1, 2]
    num=  14 block=   6 state=   3   100 Eqp=   1.68315713  (1-2N)E=   1.68315713  Ovlp=   0.85408532  5-[ 5, 0, 3]
    num=  15 block=   9 state=   1   131 Eqp=   1.91895332  (1-2N)E=   1.91895332  Ovlp=   0.88922329  9+[ 6, 2, 4]
    num=  16 block=  11 state=   1   146 Eqp=   1.92341260  (1-2N)E=   1.92341260  Ovlp=   0.96541877 11+[ 6, 1, 5]

   Blocking candidates are:
   proton  eqpmin=  0.38878670479608340       pwiblo=   2.0016019225635890     
    num=   1 block=   1 state=   1     1 Eqp=   0.38339900  (1-2N)E=   0.38339900  Ovlp=   0.72200292  1+[ 4, 0, 0]
    num=   2 block=   1 state=   2     2 Eqp=   0.38878670  (1-2N)E=  -0.38878670  Ovlp=   0.63488353  1+[ 4, 3, 1]
    num=   3 block=   3 state=   1    46 Eqp=   0.50955107  (1-2N)E=  -0.50955107  Ovlp=   0.72118310  3+[ 4, 3, 1]
    num=   4 block=   1 state=   3     3 Eqp=   0.55294984  (1-2N)E=  -0.55294984  Ovlp=   0.65637686  1+[ 4, 1, 1]
    num=   5 block=   3 state=   2    47 Eqp=   0.58348008  (1-2N)E=   0.58348008  Ovlp=   0.77252584  3+[ 4, 0, 2]
    num=   6 block=   5 state=   1    82 Eqp=   0.63572441  (1-2N)E=  -0.63572441  Ovlp=   0.83994587  5+[ 4, 0, 2]
    num=   7 block=   7 state=   1   110 Eqp=   0.92668383  (1-2N)E=  -0.92668383  Ovlp=   0.93435783  7+[ 4, 0, 4]
    num=   8 block=   3 state=   3    48 Eqp=   0.95912583  (1-2N)E=  -0.95912583  Ovlp=   0.65853320  3+[ 4, 1, 1]
    num=   9 block=   1 state=   4     4 Eqp=   1.21403359  (1-2N)E=   1.21403359  Ovlp=   0.80386584  1+[ 4, 4, 0]
    num=  10 block=   5 state=   2    83 Eqp=   1.25055259  (1-2N)E=  -1.25055259  Ovlp=   0.82104086  5+[ 4, 1, 3]
    num=  11 block=  10 state=   1   140 Eqp=   2.12342513  (1-2N)E=   2.12342513  Ovlp=   0.94766288  9-[ 5, 1, 4]
    num=  12 block=   8 state=   1   122 Eqp=   2.22557575  (1-2N)E=   2.22557575  Ovlp=   0.84227097  7-[ 5, 2, 3]



 HFBTHO_SOLVER ended without errors

