No Skyrme interaction defined in routine skforce()
Multi-threading framework with OpenMP: 1 threads/task

  =======================================
           FORTRAN 95 CODE (KIND= 8) 
               Version: 200d  
  =======================================
       AXIALLY DEFORMED CONFIGURATIONAL  
     HARTREE-FOCK-BOGOLIUBOV CALCULATIONS
                     WITH                
            UNEDF AND DELTA PAIRING      
                     USING               
             HARMONIC-OSCILLATOR         
                   AND/OR                
       TRANSFORMED HARMONIC-OSCILLATOR   
                    BASIS                
                     ---                 
               v1.66  (2005):,           
   Stoitsov,Dobaczewski,Nazarewicz,Ring, 
               v2.00d (2012):,           
         Stoitsov,Schunck,Kortelainen    
  =======================================
    Nucleus: MG (A=  24, N= 12, Z= 12)
       Reflection Symmetry Imposed       
            ( 7/15/2023,  0:32)                               
  =======================================


  ---------------------------------------
           UNEDF Module Version:17
         M.Kortelainen & M.Stoitsov 
  ---------------------------------------

  UNE1 functional
  ----------------------------------
  Crho(0)=   -774.922715411767172    ; Crho(1)=    209.791953443707143    
  CDrho(0)=   895.006939360193087    ; CDrho(1)=  -60.9442980477117615    
  Ctau(0)=   -3.17471191323042579    ; Ctau(1)=   -35.8583365457476333    
  CrDr(0)=   -45.1013533045366586    ; CrDr(1)=   -190.317406352202568    
  CrdJ(0)=   -75.6404257001095033    ; CrdJ(1)=   -34.6617259206311346    
  CJ(0)=      0.00000000000000000    ; CJ(1)=      0.00000000000000000    
  CpV0(0)=   0.100000000000000006    ; CpV0(1)=   0.100000000000000006    
  CpV1(0)=    1.00000000000000000    ; CpV1(1)=    1.00000000000000000    
  sigma=     0.274305725770019548    ; hbzero=     20.7355300000000007    
  e^2 chrg=   1.43997840859651305    ; CExPar=     1.00000000000000000    
  c.m. correction: F, chr. density in direct Coul: F
  use tensor terms: F
  use TMR pairing:  0

  Coupling constants in natural units
  -----------------------------------
  Crho_nu(0)=  -0.872655907392348107    ; Crho_nu(1)=   0.236250898128274794    
  CDrho_nu(0)=  0.944214166064123006    ; CDrho_nu(1)= -0.642949982026060074E-01
  Ctau_nu(0)=  -0.450019023116972408E-01; Ctau_nu(1)=  -0.508295997368052643    
  CrDr_nu(0)=  -0.639316810787671219    ; CrDr_nu(1)=   -2.69777087274746075    
  CrdJ_nu(0)=   -1.07221163406534781    ; CrdJ_nu(1)=  -0.491333905711100749    
  CJ_nu(0)=      0.00000000000000000    ; CJ_nu(1)=      0.00000000000000000    
  CpV0_nu(0)=   0.112611992142809880E-03; CpV0_nu(1)=   0.112611992142809880E-03
  CpV1_nu(0)=   0.887702254206059068E-03; CpV1_nu(1)=   0.887702254206059068E-03
  fpi_nu=        93.0000000000000000    ; Lambda_nu=     700.000000000000000    

  Nuclear matter properties
  ----------------------------------
      E_NM=     -15.7999999999999847      K_NM=     219.9999999999996874
      P_NM=      -0.0000000000000011    RHO_NM=       0.1585055301974156
    ASS_NM=      29.2972959769195853   LASS_NM=      50.2244523543928452
  SMASS_NM=       0.9757320215576529  VMASS_NM=       1.2498385742322697

  Associated (t,x)-coupling constants
  -----------------------------------
  t0=      -2066.46057443137897    ; x0=      -0.939105617798977610E-01
  t1=       236.307601739888270    ; x1=       -6.63955102182067858    
  t2=       2063.67962817902435    ; x2=       -1.34203441579031857    
  t3=       14320.1110297630894    ; x3=      -0.397859510299531483    
  b4=       40.9786997794783687    ; b4p=       69.3234518412622691    
  te=      -616.587748921682305    ; to=       -251.113343633855152    
  sigma=   0.274305725770019548    ; hbzero=    20.7355300000000007    

  ---------------------------------------
        Characteristics of the run       
  ---------------------------------------
  Output file ................:     7
  Nucleus ....................:   MG  24
  Number of HO shells ........:     4
  HO length b0 (fm) ..........:     1.55928400372611
  Basis deformation ..........:  beta0=   0.010 q=   1.010
  HO: b0,1/b0,bp,bz,q ........:   0.15592840E+01  0.64131999E+00  0.15568270E+01  0.15642096E+01  0.10095067E+01
  h**2/(2m), cmc, e**2 .......:   0.20735530E+02  0.20735530E+02  0.14399784E+01
  hom=f*41.0_pr*A^{-1/3}, f...:   0.17056687E+02  0.12000000E+01
  THO basis is ...............:  OFF
  Maximal number of iterations:   400
  Initial mixing parameter ...:  0.300
  Initial w.f. ...............:  from   spherical scratch
  Skyrme functional ..........:    UNE1                          
    with direct and exchange Coulomb
  Lipkin-Nogami procedure is .:  OFF
  PAV procedure is ...........:  OFF
  Constraint calculation is ..:   ON
    Constraint 1 .............: lambda=2 Ql=   2.385
  Temperature T ..............:   0.05 MeV
  Restart indicator ..........:   1
  Broyden mixing (#iterations):   7

  ---------------------------------------
        Harmonic Oscillator Basis        
  ---------------------------------------
  NUV, NQP:                         195      35
  Comparison with bookkeeping spherical basis:
  n00:                                4       4  Maximal number of shells
  nbx, 2*n00+1:                       9       9  Maximal number of K-blocks
  ntx, (n00+1)*(n00+2)*(n00+3)/6     35      35  Max.num. p/n levels
  nzx, n00:                           4       4  Maximal nz-quantum number
  nrx, n00/2  :                       2       2  Maximal nr-quantum number
  nlx, n00:                           4       4  Maximal ml-quantum number
  ndx, (n00+2)*(n00+2)/4:             9       9  Maximal dim. of one k-block

  Actual basis used
  Number of blocks: nb .......:    9
  Number of levels: nt .......:   35
  Maximal 2*omega : nom ......:    9
  Maximal nz:       nzm ......:    4
  Maximal nr:       nrm ......:    2
  Maximal ml:       nlm ......:    4
  Maximal N=nz+2*nr+nl .......:    4
  2 x biggest block dim. .....:   18
  Non-zero elements of h .....:      115
  Number of Broyden elements .:      460

  ---------------------------------------
            Integration Meshes           
  ---------------------------------------
  Number of Gauss-Hermite mesh points ngh ....:  40
  Number of Gauss-Laguerre mesh points ngl ...:  40
  Number of Gauss-Legendre mesh points nleg ..:  80
  Integration boundaries
    Hermite  - from xh(1)  =  0.12379686 to xh(ngh)   = 11.88786356
    Laguerre - From xl(1)  =  0.03570039 to xl(ngl)   =142.28004447
    Legendre - From xleg(1)=  0.00978669 to xleg(nleg)=  0.99988775
  Max.dev.in:     Orthogonality            Normalization
  Hermite     5.2235050987142219E-016   1.9984014443252818E-015
  Laguerre    1.9977540701027837E-015   4.5519144009631418E-015

  Scratch initialization for the nucleus: MG  12  12


  Initial potentials of Saxon-Woods shape 
  v0ws   =  -71.27999878
  kappa  =    0.46160001
  vs0    =   11.11750031   11.11750031
  r0     =    1.23339999    1.23339999
  a      =    0.61500001    0.61500001
  r0-so  =    1.14429998    1.14429998
  a-so   =    0.64760000    0.64760000
  beta00 =    0.01000000

  ### REGULAR STAGE (reflection symmetry imposed)
  |HFB+HO> iterations(b0=  1.559, Nsh=  4, inin=  1, N= 12, Z= 12)...
  ----------------------------------------------------------------------------------------------------------------------------------
  i          si     mix   beta      Etot       A       rn      rp         En      Dn      Ep      Dp        Ln      Lp     time
  ----------------------------------------------------------------------------------------------------------------------------------
   1L  52.26905082 0.30  0.010     0.000000    0.0   0.000   0.000 |   -2.000   1.000  -2.000   1.000 |   -7.000  -7.000   0.000
   2B 109.11440038 0.10  0.009   -53.300395   24.0   2.616   2.616 |    0.000  -0.000   0.000  -0.000 |  -16.532 -16.532  27.560
   3B  31.92902539 0.11  0.502  -151.939653   24.0   3.115   3.145 |    0.000  -0.000   0.000  -0.000 |  -13.612 -10.229   0.067
   4B  19.57470140 0.13  0.662  -143.414853   24.0   3.154   3.110 |    0.000  -0.000   0.000  -0.000 |  -16.144 -11.581   0.068
   5B  27.43053545 0.10  0.743   -94.824500   24.0   3.132   3.246 |    0.000   0.000   0.000   0.000 |  -16.532 -12.248   0.067
   6B   7.78620033 0.11  0.783   -85.053495   24.0   3.237   3.305 |    0.000   0.000   0.000   0.000 |  -17.203 -11.830   0.068
   7B  18.08786045 0.10  0.787   -68.184351   24.0   3.337   3.197 |    0.000   0.000   0.000   0.000 |  -16.555 -11.585   0.071
   8B   4.82834072 0.11  0.771   -99.847847   24.0   3.264   3.222 |    0.000   0.000   0.000   0.000 |  -15.958 -11.120   0.067
   9B   5.41925430 0.10  0.770   -99.676914   24.0   3.236   3.259 |    0.000   0.000   0.000   0.000 |  -15.461 -10.867   0.068
  10B   6.30774699 0.10  0.782   -85.822360   24.0   3.256   3.317 |    0.000   0.000   0.000   0.000 |  -15.206 -10.381   0.068
  11B   1.64314197 0.11  0.771   -98.021817   24.0   3.267   3.259 |    0.000  -0.000   0.000  -0.000 |  -14.910 -10.177   0.067
  12B   0.82985546 0.13  0.771   -99.032007   24.0   3.259   3.264 |    0.000  -0.000   0.000  -0.000 |  -14.845 -10.077   0.068
  13B   0.78522465 0.14  0.771   -98.417460   24.0   3.262   3.264 |    0.000  -0.000   0.000  -0.000 |  -14.824 -10.085   0.066
  14B   0.84467099 0.10  0.770   -98.830959   24.0   3.259   3.266 |    0.000  -0.000   0.000  -0.000 |  -14.832 -10.054   0.068
  15B   0.94692539 0.10  0.769   -99.681819   24.0   3.256   3.266 |    0.000   0.000   0.000   0.000 |  -14.804 -10.036   0.070
  16B   0.86435851 0.11  0.770   -98.896877   24.0   3.261   3.263 |    0.000  -0.000   0.000  -0.000 |  -14.815 -10.072   0.070
  17B   0.90357244 0.10  0.770   -99.377821   24.0   3.259   3.263 |    0.000  -0.000   0.000  -0.000 |  -14.805 -10.071   0.070
  18B   0.89181323 0.11  0.770   -99.161640   24.0   3.260   3.263 |    0.000  -0.000   0.000  -0.000 |  -14.813 -10.075   0.072
  19B   0.96328082 0.10  0.769  -100.010197   24.0   3.257   3.262 |    0.000  -0.000   0.000  -0.000 |  -14.790 -10.049   0.074
  20B   0.92637556 0.11  0.770   -99.464016   24.0   3.260   3.263 |    0.000   0.000   0.000   0.000 |  -14.799 -10.049   0.075
  21B   0.95384384 0.10  0.769   -99.556172   24.0   3.259   3.263 |    0.000   0.000   0.000   0.000 |  -14.795 -10.050   0.073
  22L   1.02092354 0.10  0.768  -100.787541   24.0   3.256   3.260 |    0.000  -0.000   0.000  -0.000 |  -14.762 -10.028   0.074
  23B   1.05016245 0.10  0.767  -101.061641   24.0   3.255   3.260 |    0.000  -0.000   0.000  -0.000 |  -14.748  -9.997   0.071
  24B   1.03402867 0.11  0.767  -101.381483   24.0   3.254   3.259 |    0.000  -0.000   0.000  -0.000 |  -14.741 -10.014   0.071
  25B   1.03883840 0.10  0.767  -101.325504   24.0   3.254   3.258 |    0.000  -0.000   0.000  -0.000 |  -14.754 -10.009   0.075
  26L   0.99541901 0.11  0.768  -100.940473   24.0   3.255   3.260 |    0.000  -0.000   0.000  -0.000 |  -14.763 -10.023   0.075
  27L   1.07055462 0.10  0.767  -101.349015   24.0   3.255   3.258 |    0.000  -0.000   0.000  -0.000 |  -14.748  -9.994   0.069
  28L   1.07896076 0.10  0.766  -101.571006   24.0   3.252   3.261 |    0.000  -0.000   0.000  -0.000 |  -14.721  -9.974   0.075
  29L   1.64343328 0.10  0.766  -101.449642   24.0   3.259   3.253 |    0.000  -0.000   0.000  -0.000 |  -14.705  -9.947   0.073
  30B   6.68466800 0.10  0.772   -92.920576   24.0   3.246   3.297 |    0.000  -0.000   0.000  -0.000 |  -14.673  -9.939   0.073
  31B   1.14469198 0.11  0.767  -101.226233   24.0   3.256   3.257 |    0.000  -0.000   0.000  -0.000 |  -14.756  -9.997   0.074
  32B   1.19402067 0.10  0.767  -101.520700   24.0   3.257   3.255 |    0.000  -0.000   0.000  -0.000 |  -14.751  -9.985   0.071
  33L   1.13825108 0.11  0.767  -101.203566   24.0   3.258   3.255 |    0.000  -0.000   0.000  -0.000 |  -14.752  -9.994   0.073
  34B   3.65828704 0.10  0.771   -97.031205   24.0   3.249   3.282 |    0.000  -0.000   0.000  -0.000 |  -14.724  -9.992   0.074
  35B   1.93673021 0.11  0.768  -100.910144   24.0   3.260   3.251 |    0.000  -0.000   0.000  -0.000 |  -14.711  -9.997   0.074
  36B   1.68405957 0.13  0.765  -102.861375   24.0   3.253   3.248 |    0.000   0.000   0.000   0.000 |  -14.651  -9.903   0.076
  37L   1.18749017 0.14  0.768  -100.908029   24.0   3.256   3.258 |    0.000  -0.000   0.000  -0.000 |  -14.781 -10.004   0.085
  38L   1.00192863 0.16  0.768  -100.495962   24.0   3.254   3.264 |    0.000  -0.000   0.000  -0.000 |  -14.742 -10.004   0.077
  39B   1.78635466 0.10  0.768  -100.034434   24.0   3.264   3.255 |    0.000  -0.000   0.000  -0.000 |  -14.736  -9.976   0.074
  40B   1.51127198 0.11  0.766  -102.230117   24.0   3.252   3.254 |    0.000   0.000   0.000   0.000 |  -14.709  -9.961   0.078
  41L   1.40077121 0.13  0.765  -102.521763   24.0   3.252   3.254 |    0.000   0.000   0.000   0.000 |  -14.692  -9.943   0.077
  42L   1.32980623 0.14  0.766  -102.033477   24.0   3.249   3.261 |    0.000   0.000   0.000   0.000 |  -14.670  -9.921   0.076
  43B   3.73374117 0.10  0.767   -99.833252   24.0   3.268   3.250 |    0.000   0.000   0.000   0.000 |  -14.661  -9.900   0.082
  44L   1.33083758 0.11  0.766  -101.988944   24.0   3.253   3.256 |    0.000  -0.000   0.000  -0.000 |  -14.714  -9.980   0.075
  45L   1.12648926 0.13  0.766  -101.788987   24.0   3.251   3.260 |    0.000  -0.000   0.000  -0.000 |  -14.700  -9.950   0.076
  46B   1.72883824 0.10  0.766  -101.657225   24.0   3.259   3.252 |    0.000  -0.000   0.000  -0.000 |  -14.686  -9.928   0.080
  47B   1.56004465 0.11  0.764  -103.789472   24.0   3.246   3.253 |    0.000   0.000   0.000   0.000 |  -14.653  -9.881   0.073
  48B   1.28346455 0.13  0.762  -104.701016   24.0   3.242   3.252 |    0.000   0.000   0.000   0.000 |  -14.588  -9.838   0.078
  49B   1.38680774 0.10  0.761  -105.643104   24.0   3.241   3.249 |    0.000  -0.000   0.000  -0.000 |  -14.564  -9.789   0.079
  50L   1.59307888 0.10  0.760  -105.969855   24.0   3.242   3.247 |    0.000   0.000   0.000   0.000 |  -14.551  -9.784   0.075
  51L   1.60510191 0.10  0.760  -106.339397   24.0   3.242   3.246 |    0.000   0.000   0.000   0.000 |  -14.513  -9.764   0.075
  52L   1.45282006 0.11  0.759  -106.731222   24.0   3.241   3.246 |    0.000   0.000   0.000   0.000 |  -14.488  -9.733   0.075
  53B   1.42452850 0.13  0.758  -107.189340   24.0   3.240   3.244 |    0.000   0.000   0.000   0.000 |  -14.462  -9.711   0.076
  54B   0.97987628 0.14  0.757  -108.077567   24.0   3.234   3.246 |    0.000  -0.000   0.000  -0.000 |  -14.448  -9.669   0.075
  55B   0.20504994 0.16  0.753  -110.239327   24.0   3.233   3.237 |    0.000  -0.000   0.000  -0.000 |  -14.308  -9.589   0.077
  56B   0.57442478 0.10  0.751  -111.494813   24.0   3.229   3.234 |    0.000  -0.000   0.000  -0.000 |  -14.302  -9.534   0.075
  57B   0.09776690 0.11  0.753  -110.471949   24.0   3.231   3.237 |    0.000   0.000   0.000   0.000 |  -14.363  -9.617   0.074
  58B   0.08803374 0.13  0.753  -110.336230   24.0   3.232   3.236 |    0.000   0.000   0.000   0.000 |  -14.400  -9.634   0.074
  59B   0.02160252 0.14  0.753  -110.484887   24.0   3.231   3.236 |    0.000   0.000   0.000   0.000 |  -14.392  -9.635   0.078
  60B   0.00777286 0.16  0.753  -110.458793   24.0   3.231   3.236 |    0.000   0.000   0.000   0.000 |  -14.394  -9.637   0.079
  61B   0.00460196 0.18  0.753  -110.449592   24.0   3.232   3.236 |    0.000   0.000   0.000   0.000 |  -14.395  -9.637   0.080
  62B   0.00262200 0.21  0.753  -110.444980   24.0   3.232   3.236 |    0.000   0.000   0.000   0.000 |  -14.395  -9.638   0.082
  63B   0.00167082 0.24  0.753  -110.444394   24.0   3.232   3.236 |    0.000   0.000   0.000   0.000 |  -14.395  -9.638   0.082
  64B   0.00029707 0.27  0.753  -110.443770   24.0   3.232   3.236 |    0.000   0.000   0.000   0.000 |  -14.395  -9.638   0.092
  65B   0.00016626 0.30  0.753  -110.443776   24.0   3.232   3.236 |    0.000   0.000   0.000   0.000 |  -14.395  -9.638   0.086
  66B   0.00003616 0.34  0.753  -110.444022   24.0   3.232   3.236 |    0.000  -0.000   0.000  -0.000 |  -14.395  -9.638   0.090
  67B   0.00002273 0.38  0.753  -110.444097   24.0   3.232   3.236 |    0.000  -0.000   0.000  -0.000 |  -14.395  -9.638   0.098
  68B   0.00001470 0.43  0.753  -110.444093   24.0   3.232   3.236 |    0.000  -0.000   0.000  -0.000 |  -14.395  -9.638   0.100
  69B   0.00000531 0.49  0.753  -110.444096   24.0   3.232   3.236 |    0.000  -0.000   0.000  -0.000 |  -14.395  -9.638   0.096
  70B   0.00000485 0.55  0.753  -110.444099   24.0   3.232   3.236 |    0.000   0.000   0.000   0.000 |  -14.395  -9.638   0.101
  71B   0.00000198 0.63  0.753  -110.444094   24.0   3.232   3.236 |    0.000   0.000   0.000   0.000 |  -14.395  -9.638   0.102
  72B   0.00000146 0.71  0.753  -110.444093   24.0   3.232   3.236 |    0.000   0.000   0.000   0.000 |  -14.395  -9.638   0.091
  73B   0.00000080 0.80  0.753  -110.444091   24.0   3.232   3.236 |    0.000   0.000   0.000   0.000 |  -14.395  -9.638   0.092
  74B   0.00000038 0.90  0.753  -110.444090   24.0   3.232   3.236 |    0.000   0.000   0.000   0.000 |  -14.395  -9.638   0.103
  75B   0.00000006 1.00  0.753  -110.444090   24.0   3.232   3.236 |    0.000  -0.000   0.000  -0.000 |  -14.395  -9.638   0.104
  76B   0.00000004 1.00  0.753  -110.444090   24.0   3.232   3.236 |    0.000  -0.000   0.000  -0.000 |  -14.395  -9.638   0.096
  77B   0.00000001 1.00  0.753  -110.444090   24.0   3.232   3.236 |    0.000  -0.000   0.000  -0.000 |  -14.395  -9.638   0.096
  78B   0.00000000 1.00  0.753  -110.444090   24.0   3.232   3.236 |    0.000  -0.000   0.000  -0.000 |  -14.395  -9.638   0.096
  79B   0.00000000 1.00  0.753  -110.444090   24.0   3.232   3.236 |    0.000  -0.000   0.000  -0.000 |  -14.395  -9.638   0.099
  80B   0.00000000 1.00  0.753  -110.444090   24.0   3.232   3.236 |    0.000  -0.000   0.000  -0.000 |  -14.395  -9.638   0.111
  ----------------------------------------------------------------------------------------------------------------------------------
  *   iteration converged   after  80 steps   si=     0.0000000002 ho=  0 tho=  0
  ----------------------------------------------------------------------------------------------------------------------------------
  Total CPU time=   0.563 minutes

  Writing to wel_file: s012_012.hel
 __________________________________  
  The tape s012_012.hel recorded:     
  nucname,npr,ngh,ngl,n00,nb,nt      
  b0,beta0,si,etot,rms,bet,xmix      
  pairing:     CpV0,CpV1,pwi         
  delta:       del,ept               
  lambda:      ala,ala2,alast,tz     
  asymptotic:  varmas,ass,skass      
  ntx,nb,nhhdim,id,N_rz,n_r,n_z      
  Omega2,Sigma2,Parity,Lambda        
  matrices(inbro):    hh,de          
  *all blocking candidates           
 __________________________________  


  NB! From expect (UNPROJECTED RESULTS)

  pairing: CpV0,CpV1,...           0.100000       0.100000       1.000000       1.000000
  forces:   UNE1                          


                             neutrons         protons         total
  Requested part.numbs.      12.000000      12.000000      24.000000
  UnPj(av) part.numbs .      12.000000      12.000000      24.000000
  b0, bz, bp ..........       1.559284       1.564210       1.556827

  lambda (ala) ........     -14.395217      -9.637776
  Lambda (alast) ......     -14.395217      -9.637776
  delta(n,p), pwi .....       0.000000       0.000000      60.000000
  pairing energy ......       0.000000       0.000000       0.000000

  rms-radius ..........       3.231508       3.236089       3.233799
  charge-radius, r0 ...                      3.333507       3.461399
  deformation beta2....       0.754076       0.752202       0.753138
  dipole moment[fm] ...       0.000000       0.000000       0.000000
  quadrupole moment[b]        1.192111       1.192523       2.384635
  octupole moment .....       0.000000       0.000000       0.000000
  hexadecapole moment .       0.011252       0.011133       0.022385
  q5 ..................       0.000000       0.000000       0.000000
  q6 ..................      -0.000522      -0.000529      -0.001050
  q7 ..................       0.000000       0.000000       0.000000
  q8 ..................      -0.000039      -0.000039      -0.000078

  <r^0> [fm^0] ........            1.000000            1.000000            1.000000
  <r^2> [fm^2] ........           10.442643           10.472271           10.457457
  <r^4> [fm^4] ........          147.367641          148.030915          147.699278
  <r^6> [fm^6] ........         2528.198208         2542.414586         2535.306397
  <r^8> [fm^8] ........        50388.039199        50712.931329        50550.485264

  kinetic energy ......     253.306913     252.793546     506.100459
  volume energy .......                                  -711.243948
        rho_tau .......                                    -8.469273
        rho_rho .......                                  -702.774675
  surface energy ......                                   108.168846
   rho_DELTA_rho ......                                   108.168846
   (NABLA_rho)^2 ......                                     0.000000
  spin-orbit energy ...                                   -41.693521
        rho_NABLA_J ...                                   -41.693521
        NABLA_rho_J ...                                     0.000000
  coulomb energy ......                                    28.224075
          direct ......                                    32.957504
          exchange ....                                    -4.733430
  tensor energy .......                                     0.000000
  direct Hartree E  ...                                     0.000000
  Extra E .............                                     0.000000
  External field E ....                                     0.000000
  Entropy .............       0.015604       0.034926       0.050531

  tEnergy: ehfb (qp)...                                  -110.444090

  Calculated but not added corrections 
====================================
  cmc-diagonal part ...       0.000000       0.000000       0.000000
  cmc-hfb .............       0.000000       0.000000       0.000000
  cranking rot corr ...       0.000000       0.000000       0.000000

  SQUJ ................       0.000000       0.000000       0.000000
  CRAN x 4 ............       0.000000       0.000000       0.000000
  Rigit Body ..........       0.000000       0.000000       0.000000


   Blocking candidates are:
   neutron eqpmin=  0.38553123586560645       pwiblo=   5.1031036307982882     
    num=   1 block=   2 state=   1    10 Eqp=   0.38553124  (1-2N)E=  -0.38553124  Ovlp=   0.73612848  1-[ 1, 0, 1]
    num=   2 block=   1 state=   1     1 Eqp=   0.38553124  (1-2N)E=   0.38553124  Ovlp=   0.67062042  1+[ 2, 1, 1]
    num=   3 block=   4 state=   1    22 Eqp=   4.44156449  (1-2N)E=  -4.44156449  Ovlp=   0.79767316  3-[ 1, 0, 1]

   Blocking candidates are:
   proton  eqpmin=  0.33964892200614116       pwiblo=   5.1031036307982882     
    num=   1 block=   2 state=   1    10 Eqp=   0.33964892  (1-2N)E=  -0.33964892  Ovlp=   0.73642979  1-[ 1, 0, 1]
    num=   2 block=   1 state=   1     1 Eqp=   0.33964892  (1-2N)E=   0.33964892  Ovlp=   0.66832856  1+[ 2, 1, 1]
    num=   3 block=   4 state=   1    22 Eqp=   4.37389058  (1-2N)E=  -4.37389058  Ovlp=   0.79695592  3-[ 1, 0, 1]



 HFBTHO_SOLVER ended without errors

