No Skyrme interaction defined in routine skforce()
Multi-threading framework with OpenMP: 1 threads/task

  =======================================
           FORTRAN 95 CODE (KIND= 8) 
               Version: 200d  
  =======================================
       AXIALLY DEFORMED CONFIGURATIONAL  
     HARTREE-FOCK-BOGOLIUBOV CALCULATIONS
                     WITH                
            UNEDF AND DELTA PAIRING      
                     USING               
             HARMONIC-OSCILLATOR         
                   AND/OR                
       TRANSFORMED HARMONIC-OSCILLATOR   
                    BASIS                
                     ---                 
               v1.66  (2005):,           
   Stoitsov,Dobaczewski,Nazarewicz,Ring, 
               v2.00d (2012):,           
         Stoitsov,Schunck,Kortelainen    
  =======================================
    Nucleus: MG (A=  24, N= 12, Z= 12)
       Reflection Symmetry Imposed       
            ( 9/13/2022, 18:10)                               
  =======================================


  ---------------------------------------
           UNEDF Module Version:17
         M.Kortelainen & M.Stoitsov 
  ---------------------------------------

  UNE1 functional
  ----------------------------------
  Crho(0)=   -779.373008720865300    ; Crho(1)=    287.722131583286796    
  CDrho(0)=   891.477890442349690    ; CDrho(1)=  -200.587774317884879    
  Ctau(0)=  -0.989915057807676746    ; Ctau(1)=   -33.6320970701835549    
  CrDr(0)=   -40.8909758421640603    ; CrDr(1)=   -111.538301631503771    
  CrdJ(0)=   -59.3474239206794110    ; CrdJ(1)=   -27.5066927078539081    
  CJ(0)=      0.00000000000000000    ; CJ(1)=      0.00000000000000000    
  CpV0(0)=   0.100000000000000006    ; CpV0(1)=   0.100000000000000006    
  CpV1(0)=    1.00000000000000000    ; CpV1(1)=    1.00000000000000000    
  sigma=     0.270018011502707600    ; hbzero=     20.7355300000000007    
  e^2 chrg=   1.43997840859651305    ; CExPar=     1.00000000000000000    
  c.m. correction: F, chr. density in direct Coul: F
  use tensor terms: F
  use TMR pairing:  0

  Coupling constants in natural units
  -----------------------------------
  Crho_nu(0)=  -0.877667471343921757    ; Crho_nu(1)=   0.324009624211695935    
  CDrho_nu(0)=  0.941450913381434273    ; CDrho_nu(1)= -0.211831998717341041    
  Ctau_nu(0)=  -0.140321584905665799E-01; Ctau_nu(1)=  -0.476738799694694126    
  CrDr_nu(0)=  -0.579634231569242875    ; CrDr_nu(1)=   -1.58106810672028186    
  CrdJ_nu(0)=  -0.841256481446117088    ; CrdJ_nu(1)=  -0.389910496444743349    
  CJ_nu(0)=      0.00000000000000000    ; CJ_nu(1)=      0.00000000000000000    
  CpV0_nu(0)=   0.112611992142809880E-03; CpV0_nu(1)=   0.112611992142809880E-03
  CpV1_nu(0)=   0.887702254206059068E-03; CpV1_nu(1)=   0.887702254206059068E-03
  fpi_nu=        93.0000000000000000    ; Lambda_nu=     700.000000000000000    

  Nuclear matter properties
  ----------------------------------
      E_NM=     -15.8000000000000149      K_NM=     220.0000000000000284
      P_NM=      -0.0000000000000032    RHO_NM=       0.1587067693325870
    ASS_NM=      28.9867890577721070   LASS_NM=      40.0047904804136323
  SMASS_NM=       0.9924233322833640  VMASS_NM=       1.2498385742322700

  Associated (t,x)-coupling constants
  -----------------------------------
  t0=      -2078.32802325564080    ; x0=       0.537569206858470316E-01
  t1=       216.765317747798065    ; x1=       -4.30615417394208144    
  t2=       1236.75379590806961    ; x2=       -1.38465384063754127    
  t3=       14263.6462470775950    ; x3=      -0.162491168089956339    
  b4=       31.8407312128255029    ; b4p=       55.0133854157078162    
  te=      -366.588924937300021    ; to=       -162.591229305245690    
  sigma=   0.270018011502707600    ; hbzero=    20.7355300000000007    

  ---------------------------------------
        Characteristics of the run       
  ---------------------------------------
  Output file ................:     7
  Nucleus ....................:   MG  24
  Number of HO shells ........:     8
  HO length b0 (fm) ..........:     1.55928400372611
  Basis deformation ..........:  beta0=   0.010 q=   1.010
  HO: b0,1/b0,bp,bz,q ........:   0.15592840E+01  0.64131999E+00  0.15568270E+01  0.15642096E+01  0.10095067E+01
  h**2/(2m), cmc, e**2 .......:   0.20735530E+02  0.20735530E+02  0.14399784E+01
  hom=f*41.0_pr*A^{-1/3}, f...:   0.17056687E+02  0.12000000E+01
  THO basis is ...............:  OFF
  Maximal number of iterations:   400
  Initial mixing parameter ...:  0.300
  Initial w.f. ...............:  from   spherical scratch
  Skyrme functional ..........:    UNE1                          
    with direct and exchange Coulomb
  Lipkin-Nogami procedure is .:  OFF
  PAV procedure is ...........:  OFF
  Constraint calculation is ..:   ON
    Constraint 1 .............: lambda=2 Ql=  -1.093
  Temperature T ..............:   0.05 MeV
  Restart indicator ..........:   1
  Broyden mixing (#iterations):   7

  ---------------------------------------
        Harmonic Oscillator Basis        
  ---------------------------------------
  NUV, NQP:                        2501     165
  Comparison with bookkeeping spherical basis:
  n00:                                8       8  Maximal number of shells
  nbx, 2*n00+1:                      17      17  Maximal number of K-blocks
  ntx, (n00+1)*(n00+2)*(n00+3)/6    165     165  Max.num. p/n levels
  nzx, n00:                           8       8  Maximal nz-quantum number
  nrx, n00/2  :                       4       4  Maximal nr-quantum number
  nlx, n00:                           8       8  Maximal ml-quantum number
  ndx, (n00+2)*(n00+2)/4:            25      25  Maximal dim. of one k-block

  Actual basis used
  Number of blocks: nb .......:   17
  Number of levels: nt .......:  165
  Maximal 2*omega : nom ......:   17
  Maximal nz:       nzm ......:    8
  Maximal nr:       nrm ......:    4
  Maximal ml:       nlm ......:    8
  Maximal N=nz+2*nr+nl .......:    8
  2 x biggest block dim. .....:   50
  Non-zero elements of h .....:     1333
  Number of Broyden elements .:     5332

  ---------------------------------------
            Integration Meshes           
  ---------------------------------------
  Number of Gauss-Hermite mesh points ngh ....:  40
  Number of Gauss-Laguerre mesh points ngl ...:  40
  Number of Gauss-Legendre mesh points nleg ..:  80
  Integration boundaries
    Hermite  - from xh(1)  =  0.12379686 to xh(ngh)   = 11.88786356
    Laguerre - From xl(1)  =  0.03570039 to xl(ngl)   =142.28004447
    Legendre - From xleg(1)=  0.00978669 to xleg(nleg)=  0.99988775
  Max.dev.in:     Orthogonality            Normalization
  Hermite     1.5248282503475657E-015   1.0991207943789050E-014
  Laguerre    4.2896485016951012E-015   8.9928064994637680E-015

  Scratch initialization for the nucleus: MG  12  12


  Initial potentials of Saxon-Woods shape 
  v0ws   =  -71.27999878
  kappa  =    0.46160001
  vs0    =   11.11750031   11.11750031
  r0     =    1.23339999    1.23339999
  a      =    0.61500001    0.61500001
  r0-so  =    1.14429998    1.14429998
  a-so   =    0.64760000    0.64760000
  beta00 =    0.01000000

  ### REGULAR STAGE (reflection symmetry imposed)
  |HFB+HO> iterations(b0=  1.559, Nsh=  8, inin=  1, N= 12, Z= 12)...
  ----------------------------------------------------------------------------------------------------------------------------------
  i          si     mix   beta      Etot       A       rn      rp         En      Dn      Ep      Dp        Ln      Lp     time
  ----------------------------------------------------------------------------------------------------------------------------------
   1L  73.90480883 0.30  0.010     0.000000    0.0   0.000   0.000 |   -2.000   1.000  -2.000   1.000 |   -7.000  -7.000   0.000
   2B  48.37305308 0.10  0.009   -76.004887   24.0   2.625   2.625 |    0.000  -0.000   0.000  -0.000 |  -17.169 -17.169  36.825
   3B  16.60169318 0.11 -0.272  -145.927526   24.0   2.990   3.039 |    0.000  -0.000   0.000  -0.000 |  -11.796  -8.239   1.034
   4B  15.15334005 0.13 -0.352  -165.201631   24.0   3.051   3.061 |    0.000  -0.000   0.000  -0.000 |  -13.424  -9.185   0.896
   5B   4.88474007 0.14 -0.403  -174.062660   24.0   3.156   3.189 |    0.000  -0.000   0.000  -0.000 |  -15.040 -10.541   1.121
   6B  17.34154588 0.10 -0.424  -158.982501   24.0   3.186   3.203 |    0.000  -0.000   0.000  -0.000 |  -15.436 -11.598   1.225
   7B  17.52549025 0.10 -0.433  -158.236677   24.0   3.203   3.202 |    0.000  -0.000   0.000  -0.000 |  -16.129 -11.335   1.226
   8B   1.80810817 0.11 -0.435  -174.075832   24.0   3.187   3.228 |    0.000  -0.000   0.000  -0.000 |  -15.941 -11.650   1.298
   9B  10.68777053 0.10 -0.513  -162.225030   24.0   3.351   3.287 |    0.000  -0.000   0.000  -0.000 |  -15.970 -11.714   1.477
  10L  15.14084802 0.10 -0.538  -166.320606   24.0   3.353   3.361 |    0.000  -0.000   0.000  -0.000 |  -15.990 -11.667   0.968
  11L  43.47610694 0.10 -0.550  -166.897507   24.0   3.374   3.399 |    0.000  -0.000   0.000  -0.000 |  -15.567 -10.992   1.509
  12L   6.62924041 0.11 -0.514  -163.596920   24.0   3.328   3.285 |    0.000  -0.000   0.000  -0.000 |  -14.520 -10.088   1.643
  13L  32.08846973 0.10 -0.489  -134.214142   24.0   3.160   3.355 |    0.000  -0.000   0.000  -0.000 |  -14.140  -9.583   1.356
  14B  30.60556937 0.11 -0.465   -70.618745   24.0   3.285   3.072 |    0.000  -0.000   0.000  -0.000 |  -13.040  -8.616   1.469
  15B   2.22594611 0.13 -0.441  -173.376700   24.0   3.184   3.227 |    0.000  -0.000   0.000  -0.000 |  -15.422 -11.108   1.457
  16B   7.61859911 0.10 -0.479  -164.205070   24.0   3.187   3.320 |    0.000  -0.000   0.000  -0.000 |  -15.242 -10.833   1.425
  17B   4.30154233 0.11 -0.480  -168.308686   24.0   3.259   3.253 |    0.000  -0.000   0.000  -0.000 |  -15.392 -10.986   1.296
  18B   9.03992397 0.10 -0.471  -161.186983   24.0   3.178   3.303 |    0.000  -0.000   0.000  -0.000 |  -15.121 -10.788   0.951
  19B   2.57938671 0.11 -0.443  -172.883454   24.0   3.178   3.231 |    0.000  -0.000   0.000  -0.000 |  -15.297 -10.954   1.406
  20B   1.97203725 0.13 -0.454  -172.121926   24.0   3.219   3.221 |    0.000  -0.000   0.000  -0.000 |  -15.354 -10.960   1.434
  21L   1.19978702 0.14 -0.451  -172.858133   24.0   3.205   3.227 |    0.000  -0.000   0.000  -0.000 |  -15.373 -10.991   1.409
  22L   3.57467128 0.10 -0.435  -173.964399   24.0   3.178   3.212 |    0.000  -0.000   0.000  -0.000 |  -15.291 -10.952   1.488
  23B  15.27867075 0.10 -0.426  -162.625112   24.0   3.170   3.185 |    0.000  -0.000   0.000  -0.000 |  -15.290 -10.694   1.472
  24B   1.61132289 0.11 -0.462  -171.423285   24.0   3.206   3.255 |    0.000  -0.000   0.000  -0.000 |  -15.357 -10.988   1.375
  25B   2.13251848 0.10 -0.471  -170.714187   24.0   3.218   3.267 |    0.000  -0.000   0.000  -0.000 |  -15.379 -11.000   1.563
  26B   1.49294360 0.11 -0.468  -171.091216   24.0   3.219   3.259 |    0.000  -0.000   0.000  -0.000 |  -15.384 -10.998   1.520
  27L   3.48598717 0.10 -0.485  -168.792606   24.0   3.227   3.295 |    0.000  -0.000   0.000  -0.000 |  -15.344 -10.942   1.484
  28B  12.56974585 0.10 -0.488  -148.215716   24.0   3.329   3.194 |    0.000  -0.000   0.000  -0.000 |  -14.964 -10.754   1.067
  29L   1.79043707 0.11 -0.453  -172.354892   24.0   3.198   3.242 |    0.000  -0.000   0.000  -0.000 |  -15.437 -11.062   1.175
  30B   9.73475821 0.10 -0.473  -157.645587   24.0   3.288   3.195 |    0.000  -0.000   0.000  -0.000 |  -15.314 -10.894   1.318
  31B   2.69092208 0.11 -0.453  -171.980295   24.0   3.187   3.251 |    0.000   0.000   0.000   0.000 |  -15.470 -11.105   1.385
  32B   1.97159841 0.13 -0.439  -173.961183   24.0   3.183   3.219 |    0.000   0.000   0.000   0.000 |  -15.442 -11.117   1.362
  33B   1.72149464 0.14 -0.437  -174.381587   24.0   3.179   3.217 |    0.000   0.000   0.000   0.000 |  -15.426 -11.064   1.398
  34B   1.38619863 0.16 -0.437  -174.443091   24.0   3.180   3.215 |    0.000   0.000   0.000   0.000 |  -15.419 -11.051   1.533
  35L   1.80790507 0.10 -0.436  -174.435601   24.0   3.178   3.216 |    0.000   0.000   0.000   0.000 |  -15.395 -11.046   1.032
  36B   7.25874697 0.10 -0.433  -171.231902   24.0   3.192   3.191 |    0.000   0.000   0.000   0.000 |  -15.345 -10.937   1.397
  37B   3.51979081 0.11 -0.448  -171.923551   24.0   3.225   3.200 |    0.000   0.000   0.000   0.000 |  -15.408 -11.038   1.519
  38B   3.56743762 0.10 -0.466  -170.489979   24.0   3.243   3.230 |    0.000   0.000   0.000   0.000 |  -15.472 -11.117   1.548
  39L   5.08306065 0.10 -0.460  -169.783130   24.0   3.250   3.208 |    0.000   0.000   0.000   0.000 |  -15.443 -11.088   1.455
  40B  16.45339228 0.10 -0.488  -149.541581   24.0   3.167   3.345 |    0.000   0.000   0.000   0.000 |  -15.168 -10.690   1.381
  41B   8.47583373 0.11 -0.479  -164.695495   24.0   3.296   3.212 |    0.000   0.000   0.000   0.000 |  -15.429 -11.121   1.527
  42L   1.94524080 0.13 -0.437  -174.201433   24.0   3.197   3.201 |    0.000   0.000   0.000   0.000 |  -15.374 -10.977   1.586
  43B   8.12071630 0.10 -0.463  -166.755670   24.0   3.170   3.281 |    0.000   0.000   0.000   0.000 |  -15.260 -10.952   1.534
  44B   3.58713707 0.11 -0.442  -173.075380   24.0   3.213   3.194 |    0.000  -0.000   0.000  -0.000 |  -15.355 -10.924   1.462
  45B   1.76609566 0.13 -0.430  -174.984136   24.0   3.185   3.193 |    0.000  -0.000   0.000  -0.000 |  -15.337 -10.878   1.466
  46B   1.32822709 0.14 -0.427  -175.537138   24.0   3.177   3.192 |    0.000   0.000   0.000   0.000 |  -15.304 -10.883   1.560
  47B   1.51449811 0.10 -0.427  -175.562236   24.0   3.176   3.194 |    0.000   0.000   0.000   0.000 |  -15.314 -10.901   1.593
  48B   1.43400301 0.11 -0.427  -175.635559   24.0   3.175   3.193 |    0.000   0.000   0.000   0.000 |  -15.300 -10.882   1.673
  49L   1.31953644 0.13 -0.423  -176.081799   24.0   3.165   3.190 |    0.000   0.000   0.000   0.000 |  -15.134 -10.785   1.685
  50L   2.04459882 0.10 -0.420  -176.460365   24.0   3.156   3.181 |    0.000   0.000   0.000   0.000 |  -15.086 -10.702   1.578
  51B  12.85616996 0.10 -0.415  -168.202886   24.0   3.148   3.172 |    0.000   0.000   0.000   0.000 |  -14.864 -10.653   1.166
  52B   3.64515068 0.11 -0.407  -177.392664   24.0   3.123   3.165 |    0.000  -0.000   0.000  -0.000 |  -14.497 -10.383   1.530
  53B   2.89904157 0.13 -0.411  -177.083192   24.0   3.132   3.174 |    0.000   0.000   0.000   0.000 |  -14.771 -10.526   1.105
  54B   2.48356675 0.14 -0.412  -177.096913   24.0   3.150   3.159 |    0.000   0.000   0.000   0.000 |  -14.954 -10.538   0.993
  55B   1.52798396 0.16 -0.407  -178.068121   24.0   3.132   3.155 |    0.000   0.000   0.000   0.000 |  -14.825 -10.465   1.621
  56B   0.44030750 0.18 -0.401  -178.723459   24.0   3.123   3.145 |    0.000   0.000   0.000   0.000 |  -14.708 -10.325   1.549
  57B   0.42415446 0.21 -0.401  -178.734830   24.0   3.123   3.144 |    0.000   0.000   0.000   0.000 |  -14.710 -10.308   1.494
  58B   0.42312239 0.24 -0.400  -178.835800   24.0   3.120   3.144 |    0.000   0.000   0.000   0.000 |  -14.676 -10.253   1.519
  59B   0.39721220 0.27 -0.400  -178.907606   24.0   3.119   3.142 |    0.000   0.000   0.000   0.000 |  -14.659 -10.244   1.634
  60B   0.57767882 0.10 -0.397  -179.088248   24.0   3.115   3.138 |    0.000  -0.000   0.000  -0.000 |  -14.579 -10.173   1.683
  61B   0.32968180 0.11 -0.397  -179.181680   24.0   3.113   3.137 |    0.000  -0.000   0.000  -0.000 |  -14.561 -10.148   1.593
  62B   0.30492665 0.13 -0.395  -179.344409   24.0   3.110   3.134 |    0.000  -0.000   0.000  -0.000 |  -14.521 -10.096   0.928
  63B   0.26425995 0.14 -0.393  -179.532326   24.0   3.107   3.129 |    0.000  -0.000   0.000  -0.000 |  -14.463 -10.031   1.494
  64B   0.19934384 0.16 -0.389  -179.885758   24.0   3.099   3.123 |    0.000  -0.000   0.000  -0.000 |  -14.353  -9.918   1.541
  65B   0.13667074 0.18 -0.385  -180.157401   24.0   3.093   3.117 |    0.000  -0.000   0.000  -0.000 |  -14.266  -9.825   1.546
  66B   0.08081949 0.21 -0.382  -180.437276   24.0   3.087   3.111 |    0.000  -0.000   0.000  -0.000 |  -14.177  -9.726   1.638
  67B   0.03385825 0.24 -0.379  -180.615779   24.0   3.084   3.107 |    0.000  -0.000   0.000  -0.000 |  -14.115  -9.662   1.514
  68B   0.02763751 0.27 -0.377  -180.804499   24.0   3.080   3.103 |    0.000   0.000   0.000   0.000 |  -14.049  -9.593   1.021
  69B   0.07631530 0.10 -0.378  -180.756981   24.0   3.080   3.104 |    0.000   0.000   0.000   0.000 |  -14.063  -9.607   1.742
  70B   0.02579260 0.11 -0.377  -180.792720   24.0   3.080   3.103 |    0.000   0.000   0.000   0.000 |  -14.052  -9.595   1.225
  71B   0.00778332 0.13 -0.377  -180.775742   24.0   3.080   3.103 |    0.000   0.000   0.000   0.000 |  -14.058  -9.601   1.002
  72B   0.01415302 0.10 -0.377  -180.774972   24.0   3.080   3.103 |    0.000   0.000   0.000   0.000 |  -14.058  -9.601   1.086
  73B   0.00451801 0.11 -0.377  -180.771049   24.0   3.080   3.104 |    0.000   0.000   0.000   0.000 |  -14.059  -9.603   1.306
  74B   0.01118360 0.10 -0.377  -180.766277   24.0   3.080   3.104 |    0.000  -0.000   0.000  -0.000 |  -14.061  -9.605   1.533
  75B   0.00338414 0.11 -0.377  -180.772064   24.0   3.080   3.104 |    0.000   0.000   0.000   0.000 |  -14.059  -9.603   1.578
  76B   0.00297223 0.13 -0.377  -180.770418   24.0   3.080   3.104 |    0.000  -0.000   0.000  -0.000 |  -14.060  -9.604   1.563
  77B   0.00298137 0.10 -0.377  -180.770473   24.0   3.080   3.104 |    0.000  -0.000   0.000  -0.000 |  -14.060  -9.604   1.134
  78B   0.00321445 0.10 -0.377  -180.770611   24.0   3.080   3.104 |    0.000  -0.000   0.000  -0.000 |  -14.060  -9.604   1.455
  79B   0.00319403 0.11 -0.377  -180.770676   24.0   3.080   3.104 |    0.000  -0.000   0.000  -0.000 |  -14.060  -9.604   1.485
  80B   0.00323807 0.10 -0.377  -180.770854   24.0   3.080   3.104 |    0.000  -0.000   0.000  -0.000 |  -14.060  -9.604   1.451
  81B   0.00336479 0.10 -0.377  -180.771957   24.0   3.080   3.104 |    0.000  -0.000   0.000  -0.000 |  -14.059  -9.603   1.042
  82B   0.00391656 0.10 -0.377  -180.774338   24.0   3.080   3.103 |    0.000  -0.000   0.000  -0.000 |  -14.059  -9.602   1.566
  83B   0.00278779 0.11 -0.377  -180.769611   24.0   3.080   3.104 |    0.000  -0.000   0.000  -0.000 |  -14.060  -9.604   1.377
  84B   0.00091793 0.13 -0.377  -180.760775   24.0   3.080   3.104 |    0.000   0.000   0.000   0.000 |  -14.063  -9.607   1.407
  85B   0.00033165 0.14 -0.378  -180.759230   24.0   3.080   3.104 |    0.000   0.000   0.000   0.000 |  -14.064  -9.608   0.941
  86B   0.00021397 0.16 -0.378  -180.759014   24.0   3.080   3.104 |    0.000   0.000   0.000   0.000 |  -14.064  -9.608   1.158
  87B   0.00033170 0.10 -0.378  -180.758866   24.0   3.080   3.104 |    0.000  -0.000   0.000  -0.000 |  -14.064  -9.608   1.336
  88B   0.00090783 0.10 -0.378  -180.758691   24.0   3.080   3.104 |    0.000   0.000   0.000   0.000 |  -14.064  -9.608   1.475
  89B   0.00009210 0.11 -0.378  -180.758454   24.0   3.080   3.104 |    0.000   0.000   0.000   0.000 |  -14.064  -9.608   0.929
  90B   0.00017948 0.10 -0.378  -180.758226   24.0   3.080   3.104 |    0.000   0.000   0.000   0.000 |  -14.064  -9.608   1.386
  91B   0.00003519 0.11 -0.378  -180.758138   24.0   3.081   3.104 |    0.000  -0.000   0.000  -0.000 |  -14.064  -9.608   1.248
  92B   0.00001498 0.13 -0.378  -180.758190   24.0   3.081   3.104 |    0.000  -0.000   0.000  -0.000 |  -14.064  -9.608   1.167
  93B   0.00001045 0.14 -0.378  -180.758172   24.0   3.081   3.104 |    0.000  -0.000   0.000  -0.000 |  -14.064  -9.608   1.044
  94B   0.00001326 0.10 -0.378  -180.758175   24.0   3.081   3.104 |    0.000  -0.000   0.000  -0.000 |  -14.064  -9.608   0.920
  95B   0.00001033 0.11 -0.378  -180.758156   24.0   3.081   3.104 |    0.000  -0.000   0.000  -0.000 |  -14.064  -9.608   0.881
  96B   0.00001401 0.10 -0.378  -180.758144   24.0   3.081   3.104 |    0.000   0.000   0.000   0.000 |  -14.064  -9.608   0.971
  97B   0.00000946 0.11 -0.378  -180.758129   24.0   3.081   3.104 |    0.000   0.000   0.000   0.000 |  -14.064  -9.608   0.914
  98B   0.00000767 0.13 -0.378  -180.758133   24.0   3.081   3.104 |    0.000   0.000   0.000   0.000 |  -14.064  -9.608   1.403
  99B   0.00000542 0.14 -0.378  -180.758129   24.0   3.081   3.104 |    0.000   0.000   0.000   0.000 |  -14.064  -9.608   1.536
 100B   0.00000571 0.10 -0.378  -180.758130   24.0   3.081   3.104 |    0.000  -0.000   0.000  -0.000 |  -14.064  -9.608   1.034
 101B   0.00000070 0.11 -0.378  -180.758128   24.0   3.081   3.104 |    0.000   0.000   0.000   0.000 |  -14.064  -9.608   1.448
 102B   0.00000033 0.13 -0.378  -180.758128   24.0   3.081   3.104 |    0.000   0.000   0.000   0.000 |  -14.064  -9.608   1.457
 103B   0.00000030 0.14 -0.378  -180.758128   24.0   3.081   3.104 |    0.000   0.000   0.000   0.000 |  -14.064  -9.608   1.341
 104B   0.00000021 0.16 -0.378  -180.758128   24.0   3.081   3.104 |    0.000   0.000   0.000   0.000 |  -14.064  -9.608   1.459
 105B   0.00000009 0.18 -0.378  -180.758128   24.0   3.081   3.104 |    0.000   0.000   0.000   0.000 |  -14.064  -9.608   1.484
 106B   0.00000006 0.21 -0.378  -180.758129   24.0   3.081   3.104 |    0.000   0.000   0.000   0.000 |  -14.064  -9.608   1.458
 107B   0.00000003 0.24 -0.378  -180.758129   24.0   3.081   3.104 |    0.000  -0.000   0.000  -0.000 |  -14.064  -9.608   0.954
 108B   0.00000005 0.10 -0.378  -180.758129   24.0   3.081   3.104 |    0.000  -0.000   0.000  -0.000 |  -14.064  -9.608   0.907
 109B   0.00000003 0.11 -0.378  -180.758129   24.0   3.081   3.104 |    0.000   0.000   0.000   0.000 |  -14.064  -9.608   1.353
 110B   0.00000003 0.13 -0.378  -180.758129   24.0   3.081   3.104 |    0.000   0.000   0.000   0.000 |  -14.064  -9.608   1.101
 111B   0.00000002 0.14 -0.378  -180.758129   24.0   3.081   3.104 |    0.000   0.000   0.000   0.000 |  -14.064  -9.608   1.355
 112B   0.00000003 0.10 -0.378  -180.758129   24.0   3.081   3.104 |    0.000   0.000   0.000   0.000 |  -14.064  -9.608   1.460
 113B   0.00000001 0.11 -0.378  -180.758129   24.0   3.081   3.104 |    0.000   0.000   0.000   0.000 |  -14.064  -9.608   1.026
 114B   0.00000000 0.13 -0.378  -180.758129   24.0   3.081   3.104 |    0.000   0.000   0.000   0.000 |  -14.064  -9.608   1.109
 115B   0.00000000 0.14 -0.378  -180.758129   24.0   3.081   3.104 |    0.000   0.000   0.000  -0.000 |  -14.064  -9.608   0.787
  ----------------------------------------------------------------------------------------------------------------------------------
  *   iteration converged   after 115 steps   si=     0.0000000006 ho=  0 tho=  0
  ----------------------------------------------------------------------------------------------------------------------------------
  Total CPU time=   3.152 minutes

  Writing to wel_file: s012_012.hel
 __________________________________  
  The tape s012_012.hel recorded:     
  nucname,npr,ngh,ngl,n00,nb,nt      
  b0,beta0,si,etot,rms,bet,xmix      
  pairing:     CpV0,CpV1,pwi         
  delta:       del,ept               
  lambda:      ala,ala2,alast,tz     
  asymptotic:  varmas,ass,skass      
  ntx,nb,nhhdim,id,N_rz,n_r,n_z      
  Omega2,Sigma2,Parity,Lambda        
  matrices(inbro):    hh,de          
  *all blocking candidates           
 __________________________________  


  NB! From expect (UNPROJECTED RESULTS)

  pairing: CpV0,CpV1,...           0.100000       0.100000       1.000000       1.000000
  forces:   UNE1                          


                             neutrons         protons         total
  Requested part.numbs.      12.000000      12.000000      24.000000
  UnPj(av) part.numbs .      12.000000      12.000000      24.000000
  b0, bz, bp ..........       1.559284       1.564210       1.556827

  lambda (ala) ........     -14.064173      -9.608233
  Lambda (alast) ......     -14.064173      -9.608233
  delta(n,p), pwi .....       0.000000      -0.000000      60.000000
  pairing energy ......       0.000000       0.000000       0.000000

  rms-radius ..........       3.080502       3.103830       3.092188
  charge-radius, r0 ...                      3.205271       3.461399
  deformation beta2....      -0.376372      -0.378669      -0.377529
  dipole moment[fm] ...       0.000000       0.000000       0.000000
  quadrupole moment[b]       -0.540694      -0.552264      -1.092958
  octupole moment .....       0.000000       0.000000       0.000000
  hexadecapole moment .       0.012488       0.012941       0.025429
  q5 ..................       0.000000       0.000000       0.000000
  q6 ..................      -0.000971      -0.001013      -0.001984
  q7 ..................       0.000000       0.000000       0.000000
  q8 ..................       0.000075       0.000078       0.000153

  <r^0> [fm^0] ........            1.000000            1.000000            1.000000
  <r^2> [fm^2] ........            9.489490            9.633760            9.561625
  <r^4> [fm^4] ........          133.413767          137.759347          135.586557
  <r^6> [fm^6] ........         2433.397833         2558.247517         2495.822675
  <r^8> [fm^8] ........        53924.128109        57715.639823        55819.883966

  kinetic energy ......     195.851650     193.145077     388.996726
  volume energy .......                                  -633.400694
        rho_tau .......                                    -1.604715
        rho_rho .......                                  -631.795979
  surface energy ......                                    45.791643
   rho_DELTA_rho ......                                    45.791643
   (NABLA_rho)^2 ......                                     0.000000
  spin-orbit energy ...                                   -10.183398
        rho_NABLA_J ...                                   -10.183398
        NABLA_rho_J ...                                     0.000000
  coulomb energy ......                                    28.037594
          direct ......                                    32.368912
          exchange ....                                    -4.331317
  tensor energy .......                                     0.000000
  direct Hartree E  ...                                     0.000000
  Extra E .............                                     0.000000
  External field E ....                                     0.000000
  Entropy .............       2.436253       2.441295       4.877548

  tEnergy: ehfb (qp)...                                  -180.758129

  Calculated but not added corrections 
====================================
  cmc-diagonal part ...       0.000000       0.000000       0.000000
  cmc-hfb .............       0.000000       0.000000       0.000000
  cranking rot corr ...       0.000000       0.000000       0.000000

  SQUJ ................       0.000000       0.000000       0.000000
  CRAN x 4 ............       0.000000       0.000000       0.000000
  Rigit Body ..........       0.000000       0.000000       0.000000


   Blocking candidates are:
   neutron eqpmin=   4.2869030421872095E-002  pwiblo=   5.1031036307982882     
    num=   1 block=   3 state=   1    30 Eqp=   0.04286903  (1-2N)E=   0.04286903  Ovlp=   0.84117103  3+[ 2, 0, 2]
    num=   2 block=   1 state=   1     1 Eqp=   0.04286903  (1-2N)E=  -0.04286903  Ovlp=   0.81369063  1+[ 2, 0, 0]
    num=   3 block=   5 state=   1    53 Eqp=   1.90071881  (1-2N)E=  -1.90071881  Ovlp=   0.92412908  5+[ 2, 0, 2]
    num=   4 block=   2 state=   1    17 Eqp=   2.91714059  (1-2N)E=  -2.91714059  Ovlp=   0.92928289  1-[ 1, 1, 0]

   Blocking candidates are:
   proton  eqpmin=   4.2516602356595254E-002  pwiblo=   5.1031036307982882     
    num=   1 block=   1 state=   1     1 Eqp=   0.04251660  (1-2N)E=  -0.04251660  Ovlp=   0.80549662  1+[ 2, 0, 0]
    num=   2 block=   3 state=   1    29 Eqp=   0.04251660  (1-2N)E=   0.04251660  Ovlp=   0.83950761  3+[ 2, 0, 2]
    num=   3 block=   5 state=   1    51 Eqp=   1.88787788  (1-2N)E=  -1.88787788  Ovlp=   0.91928145  5+[ 2, 0, 2]
    num=   4 block=   2 state=   1    17 Eqp=   2.76938717  (1-2N)E=  -2.76938717  Ovlp=   0.92814780  1-[ 1, 1, 0]



 HFBTHO_SOLVER ended without errors

