
  =======================================
           FORTRAN 95 CODE (KIND= 8) 
               Version: 200d  
  =======================================
       AXIALLY DEFORMED CONFIGURATIONAL  
     HARTREE-FOCK-BOGOLIUBOV CALCULATIONS
                     WITH                
            UNEDF AND DELTA PAIRING      
                     USING               
             HARMONIC-OSCILLATOR         
                   AND/OR                
       TRANSFORMED HARMONIC-OSCILLATOR   
                    BASIS                
                     ---                 
               v1.66  (2005):,           
   Stoitsov,Dobaczewski,Nazarewicz,Ring, 
               v2.00d (2012):,           
         Stoitsov,Schunck,Kortelainen    
  =======================================
    Nucleus: MG (A=  24, N= 12, Z= 12)
       Reflection Symmetry Imposed       
            ( 9/13/2022, 19: 5)                               
  =======================================


  ---------------------------------------
           UNEDF Module Version:17
         M.Kortelainen & M.Stoitsov 
  ---------------------------------------

  UNE1 functional
  ----------------------------------
  Crho(0)=   -779.373008720865300    ; Crho(1)=    287.722131583286796    
  CDrho(0)=   891.477890442349690    ; CDrho(1)=  -200.587774317884879    
  Ctau(0)=  -0.989915057807676746    ; Ctau(1)=   -33.6320970701835549    
  CrDr(0)=   -47.2857784699381511    ; CrDr(1)=   -126.859407620213943    
  CrdJ(0)=   -80.0040799246282148    ; CrdJ(1)=   -36.7211129079043204    
  CJ(0)=      0.00000000000000000    ; CJ(1)=      0.00000000000000000    
  CpV0(0)=   0.100000000000000006    ; CpV0(1)=   0.100000000000000006    
  CpV1(0)=    1.00000000000000000    ; CpV1(1)=    1.00000000000000000    
  sigma=     0.270018011502707600    ; hbzero=     20.7355300000000007    
  e^2 chrg=   1.43997840859651305    ; CExPar=     1.00000000000000000    
  c.m. correction: F, chr. density in direct Coul: F
  use tensor terms: F
  use TMR pairing:  0

  Coupling constants in natural units
  -----------------------------------
  Crho_nu(0)=  -0.877667471343921757    ; Crho_nu(1)=   0.324009624211695935    
  CDrho_nu(0)=  0.941450913381434273    ; CDrho_nu(1)= -0.211831998717341041    
  Ctau_nu(0)=  -0.140321584905665799E-01; Ctau_nu(1)=  -0.476738799694694126    
  CrDr_nu(0)=  -0.670281285860492293    ; CrDr_nu(1)=   -1.79824652600857449    
  CrdJ_nu(0)=   -1.13406692881365023    ; CrdJ_nu(1)=  -0.520525950393021408    
  CJ_nu(0)=      0.00000000000000000    ; CJ_nu(1)=      0.00000000000000000    
  CpV0_nu(0)=   0.112611992142809880E-03; CpV0_nu(1)=   0.112611992142809880E-03
  CpV1_nu(0)=   0.887702254206059068E-03; CpV1_nu(1)=   0.887702254206059068E-03
  fpi_nu=        93.0000000000000000    ; Lambda_nu=     700.000000000000000    

  Nuclear matter properties
  ----------------------------------
      E_NM=     -15.8000000000000149      K_NM=     220.0000000000000284
      P_NM=      -0.0000000000000032    RHO_NM=       0.1587067693325870
    ASS_NM=      28.9867890577721070   LASS_NM=      40.0047904804136323
  SMASS_NM=       0.9924233322833640  VMASS_NM=       1.2498385742322700

  Associated (t,x)-coupling constants
  -----------------------------------
  t0=      -2078.32802325564080    ; x0=       0.537569206858470316E-01
  t1=       250.870931762593216    ; x1=       -4.27728523652990500    
  t2=       1366.07331243951603    ; x2=       -1.39063144144885098    
  t3=       14263.6462470775950    ; x3=      -0.162491168089956339    
  b4=       43.2829670167238945    ; b4p=       73.4422258158086407    
  te=      -408.795341298213543    ; to=       -185.754865162828906    
  sigma=   0.270018011502707600    ; hbzero=    20.7355300000000007    

  ---------------------------------------
        Characteristics of the run       
  ---------------------------------------
  Output file ................:     7
  Nucleus ....................:   MG  24
  Number of HO shells ........:     8
  HO length b0 (fm) ..........:     1.55928400372611
  Basis deformation ..........:  beta0=   0.010 q=   1.010
  HO: b0,1/b0,bp,bz,q ........:   0.15592840E+01  0.64131999E+00  0.15568270E+01  0.15642096E+01  0.10095067E+01
  h**2/(2m), cmc, e**2 .......:   0.20735530E+02  0.20735530E+02  0.14399784E+01
  hom=f*41.0_pr*A^{-1/3}, f...:   0.17056687E+02  0.12000000E+01
  THO basis is ...............:  OFF
  Maximal number of iterations:   400
  Initial mixing parameter ...:  0.300
  Initial w.f. ...............:  from   spherical scratch
  Skyrme functional ..........:    UNE1                          
    with direct and exchange Coulomb
  Lipkin-Nogami procedure is .:  OFF
  PAV procedure is ...........:  OFF
  Constraint calculation is ..:   ON
    Constraint 1 .............: lambda=2 Ql=   0.894
  Temperature T ..............:   0.05 MeV
  Restart indicator ..........:   1
  Broyden mixing (#iterations):   7

  ---------------------------------------
        Harmonic Oscillator Basis        
  ---------------------------------------
  NUV, NQP:                        2501     165
  Comparison with bookkeeping spherical basis:
  n00:                                8       8  Maximal number of shells
  nbx, 2*n00+1:                      17      17  Maximal number of K-blocks
  ntx, (n00+1)*(n00+2)*(n00+3)/6    165     165  Max.num. p/n levels
  nzx, n00:                           8       8  Maximal nz-quantum number
  nrx, n00/2  :                       4       4  Maximal nr-quantum number
  nlx, n00:                           8       8  Maximal ml-quantum number
  ndx, (n00+2)*(n00+2)/4:            25      25  Maximal dim. of one k-block

  Actual basis used
  Number of blocks: nb .......:   17
  Number of levels: nt .......:  165
  Maximal 2*omega : nom ......:   17
  Maximal nz:       nzm ......:    8
  Maximal nr:       nrm ......:    4
  Maximal ml:       nlm ......:    8
  Maximal N=nz+2*nr+nl .......:    8
  2 x biggest block dim. .....:   50
  Non-zero elements of h .....:     1333
  Number of Broyden elements .:     5332

  ---------------------------------------
            Integration Meshes           
  ---------------------------------------
  Number of Gauss-Hermite mesh points ngh ....:  40
  Number of Gauss-Laguerre mesh points ngl ...:  40
  Number of Gauss-Legendre mesh points nleg ..:  80
  Integration boundaries
    Hermite  - from xh(1)  =  0.12379686 to xh(ngh)   = 11.88786356
    Laguerre - From xl(1)  =  0.03570039 to xl(ngl)   =142.28004447
    Legendre - From xleg(1)=  0.00978669 to xleg(nleg)=  0.99988775
  Max.dev.in:     Orthogonality            Normalization
  Hermite     1.5248282503475657E-015   1.0991207943789050E-014
  Laguerre    4.2896485016951012E-015   8.9928064994637680E-015

  Scratch initialization for the nucleus: MG  12  12


  Initial potentials of Saxon-Woods shape 
  v0ws   =  -71.27999878
  kappa  =    0.46160001
  vs0    =   11.11750031   11.11750031
  r0     =    1.23339999    1.23339999
  a      =    0.61500001    0.61500001
  r0-so  =    1.14429998    1.14429998
  a-so   =    0.64760000    0.64760000
  beta00 =    0.01000000

  ### REGULAR STAGE (reflection symmetry imposed)
  |HFB+HO> iterations(b0=  1.559, Nsh=  8, inin=  1, N= 12, Z= 12)...
  ----------------------------------------------------------------------------------------------------------------------------------
  i          si     mix   beta      Etot       A       rn      rp         En      Dn      Ep      Dp        Ln      Lp     time
  ----------------------------------------------------------------------------------------------------------------------------------
   1L  73.90480883 0.30  0.010     0.000000    0.0   0.000   0.000 |   -2.000   1.000  -2.000   1.000 |   -7.000  -7.000   0.000
   2B  45.35422945 0.10  0.009   -46.056803   24.0   2.625   2.625 |    0.000  -0.000   0.000  -0.000 |  -17.169 -17.169  38.506
   3B  10.96299224 0.11  0.316  -150.740672   24.0   3.060   3.107 |    0.000  -0.000   0.000  -0.000 |  -11.510  -8.059   1.004
   4B   9.37643016 0.13  0.471  -176.657353   24.0   3.096   3.082 |    0.000  -0.000   0.000  -0.000 |  -12.074  -7.832   0.871
   5B  13.42668093 0.10  0.523  -181.398768   24.0   3.095   3.156 |    0.000  -0.000   0.000  -0.000 |  -12.521  -8.351   0.958
   6B  14.72767876 0.10  0.525  -183.716279   24.0   3.119   3.126 |    0.000  -0.000   0.000  -0.000 |  -12.665  -8.136   0.985
   7B  13.02479744 0.11  0.514  -186.041761   24.0   3.106   3.114 |    0.000  -0.000   0.000  -0.000 |  -12.444  -7.976   1.069
   8B  12.46997912 0.13  0.495  -186.170674   24.0   3.073   3.113 |    0.000  -0.000   0.000  -0.000 |  -12.166  -7.784   1.202
   9B   9.07358425 0.14  0.451  -187.003039   24.0   3.052   3.063 |    0.000  -0.000   0.000  -0.000 |  -11.904  -7.309   1.329
  10B   4.21353227 0.16  0.364  -186.107569   24.0   2.984   3.016 |    0.000  -0.000   0.000  -0.000 |  -11.514  -7.215   1.318
  11B   2.51187253 0.18  0.315  -186.422639   24.0   2.960   2.986 |    0.000  -0.000   0.000  -0.000 |  -11.736  -7.173   1.373
  12B   0.62485980 0.21  0.327  -187.140942   24.0   2.964   2.983 |    0.000  -0.000   0.000  -0.000 |  -11.752  -7.168   1.442
  13B   0.48653178 0.24  0.329  -187.148820   24.0   2.964   2.983 |    0.000  -0.000   0.000  -0.000 |  -11.741  -7.157   1.357
  14B   0.24529345 0.27  0.333  -187.231236   24.0   2.965   2.985 |    0.000  -0.000   0.000  -0.000 |  -11.741  -7.156   1.222
  15B   0.27273513 0.10  0.334  -187.239397   24.0   2.965   2.984 |    0.000   0.000   0.000   0.000 |  -11.741  -7.156   1.406
  16B   0.22421725 0.11  0.333  -187.235576   24.0   2.964   2.984 |    0.000   0.000   0.000   0.000 |  -11.741  -7.146   1.327
  17B   0.04097599 0.13  0.334  -187.246475   24.0   2.964   2.985 |    0.000   0.000   0.000   0.000 |  -11.741  -7.146   0.844
  18B   0.02658673 0.14  0.334  -187.248195   24.0   2.965   2.985 |    0.000   0.000   0.000   0.000 |  -11.741  -7.146   1.308
  19B   0.01965807 0.16  0.334  -187.247324   24.0   2.964   2.985 |    0.000   0.000   0.000   0.000 |  -11.741  -7.146   1.347
  20B   0.02412663 0.10  0.334  -187.246656   24.0   2.964   2.985 |    0.000  -0.000   0.000  -0.000 |  -11.741  -7.146   1.304
  21B   0.01498847 0.11  0.334  -187.246743   24.0   2.964   2.985 |    0.000   0.000   0.000   0.000 |  -11.741  -7.146   1.278
  22B   0.01260015 0.13  0.334  -187.246424   24.0   2.964   2.985 |    0.000   0.000   0.000   0.000 |  -11.741  -7.146   1.330
  23B   0.00681570 0.14  0.334  -187.245646   24.0   2.964   2.985 |    0.000   0.000   0.000   0.000 |  -11.741  -7.146   0.795
  24B   0.00551298 0.16  0.334  -187.244595   24.0   2.964   2.985 |    0.000   0.000   0.000   0.000 |  -11.741  -7.146   1.367
  25B   0.01007122 0.10  0.334  -187.244326   24.0   2.964   2.985 |    0.000   0.000   0.000   0.000 |  -11.741  -7.059   1.291
  26B   0.00347982 0.11  0.334  -187.244297   24.0   2.964   2.985 |    0.000   0.000   0.000   0.000 |  -11.741  -7.059   1.306
  27B   0.00264609 0.13  0.334  -187.244403   24.0   2.964   2.985 |    0.000   0.000   0.000   0.000 |  -11.741  -7.059   1.282
  28B   0.00241703 0.14  0.334  -187.244433   24.0   2.964   2.985 |    0.000   0.000   0.000   0.000 |  -11.741  -7.059   1.294
  29B   0.00147810 0.16  0.334  -187.244560   24.0   2.964   2.985 |    0.000   0.000   0.000   0.000 |  -11.741  -7.059   1.283
  30B   0.00126236 0.18  0.334  -187.244591   24.0   2.964   2.985 |    0.000   0.000   0.000   0.000 |  -11.741  -7.059   1.356
  31B   0.00136773 0.10  0.334  -187.244577   24.0   2.964   2.985 |    0.000   0.000   0.000   0.000 |  -11.741  -7.059   0.742
  32B   0.00045670 0.11  0.334  -187.244698   24.0   2.964   2.985 |    0.000  -0.000   0.000  -0.000 |  -11.741  -7.059   1.264
  33B   0.00030292 0.13  0.334  -187.244797   24.0   2.964   2.985 |    0.000  -0.000   0.000  -0.000 |  -11.741  -7.059   1.294
  34B   0.00022937 0.14  0.334  -187.244785   24.0   2.964   2.985 |    0.000  -0.000   0.000  -0.000 |  -11.741  -7.059   1.410
  35B   0.00021947 0.16  0.334  -187.244786   24.0   2.964   2.985 |    0.000  -0.000   0.000  -0.000 |  -11.741  -7.059   1.400
  36B   0.00015859 0.18  0.334  -187.244777   24.0   2.964   2.985 |    0.000   0.000   0.000   0.000 |  -11.741  -7.059   1.433
  37B   0.00008891 0.21  0.334  -187.244768   24.0   2.964   2.985 |    0.000   0.000   0.000   0.000 |  -11.741  -7.059   1.465
  38B   0.00007703 0.24  0.334  -187.244759   24.0   2.964   2.985 |    0.000   0.000   0.000   0.000 |  -11.741  -7.059   1.502
  39B   0.00004467 0.27  0.334  -187.244755   24.0   2.964   2.985 |    0.000   0.000   0.000   0.000 |  -11.741  -7.059   1.435
  40B   0.00003266 0.30  0.334  -187.244755   24.0   2.964   2.985 |    0.000   0.000   0.000   0.000 |  -11.741  -7.059   1.330
  41B   0.00002083 0.34  0.334  -187.244754   24.0   2.964   2.985 |    0.000   0.000   0.000   0.000 |  -11.741  -7.059   0.814
  42B   0.00002289 0.10  0.334  -187.244754   24.0   2.964   2.985 |    0.000   0.000   0.000   0.000 |  -11.741  -7.059   0.767
  43B   0.00001174 0.11  0.334  -187.244755   24.0   2.964   2.985 |    0.000   0.000   0.000   0.000 |  -11.741  -7.059   1.449
  44B   0.00001335 0.10  0.334  -187.244756   24.0   2.964   2.985 |    0.000   0.000   0.000   0.000 |  -11.741  -7.059   1.009
  45B   0.00001042 0.11  0.334  -187.244756   24.0   2.964   2.985 |    0.000  -0.000   0.000  -0.000 |  -11.741  -7.059   1.493
  46B   0.00001129 0.10  0.334  -187.244757   24.0   2.964   2.985 |    0.000  -0.000   0.000  -0.000 |  -11.741  -7.059   1.299
  47B   0.00000739 0.11  0.334  -187.244758   24.0   2.964   2.985 |    0.000  -0.000   0.000  -0.000 |  -11.741  -7.059   1.463
  48B   0.00000716 0.13  0.334  -187.244758   24.0   2.964   2.985 |    0.000  -0.000   0.000  -0.000 |  -11.741  -7.059   1.431
  49B   0.00000493 0.14  0.334  -187.244757   24.0   2.964   2.985 |    0.000   0.000   0.000   0.000 |  -11.741  -7.059   1.415
  50B   0.00000313 0.16  0.334  -187.244757   24.0   2.964   2.985 |    0.000   0.000   0.000   0.000 |  -11.741  -7.059   0.828
  51B   0.00000230 0.18  0.334  -187.244757   24.0   2.964   2.985 |    0.000   0.000   0.000   0.000 |  -11.741  -7.059   1.335
  52B   0.00000085 0.21  0.334  -187.244757   24.0   2.964   2.985 |    0.000   0.000   0.000   0.000 |  -11.741  -7.059   1.265
  53B   0.00000064 0.24  0.334  -187.244757   24.0   2.964   2.985 |    0.000  -0.000   0.000  -0.000 |  -11.741  -7.059   1.235
  54B   0.00000050 0.27  0.334  -187.244757   24.0   2.964   2.985 |    0.000  -0.000   0.000  -0.000 |  -11.741  -7.059   1.266
  55B   0.00000028 0.30  0.334  -187.244757   24.0   2.964   2.985 |    0.000  -0.000   0.000  -0.000 |  -11.741  -7.059   1.273
  56B   0.00000039 0.10  0.334  -187.244757   24.0   2.964   2.985 |    0.000  -0.000   0.000  -0.000 |  -11.741  -7.059   1.290
  57B   0.00000023 0.11  0.334  -187.244757   24.0   2.964   2.985 |    0.000  -0.000   0.000  -0.000 |  -11.741  -7.059   1.275
  58B   0.00000019 0.13  0.334  -187.244757   24.0   2.964   2.985 |    0.000  -0.000   0.000  -0.000 |  -11.741  -7.059   1.271
  59B   0.00000023 0.10  0.334  -187.244757   24.0   2.964   2.985 |    0.000  -0.000   0.000  -0.000 |  -11.741  -7.059   1.331
  60B   0.00000018 0.11  0.334  -187.244757   24.0   2.964   2.985 |    0.000  -0.000   0.000  -0.000 |  -11.741  -7.059   1.377
  61B   0.00000017 0.13  0.334  -187.244757   24.0   2.964   2.985 |    0.000  -0.000   0.000  -0.000 |  -11.741  -7.059   1.431
  62B   0.00000016 0.14  0.334  -187.244757   24.0   2.964   2.985 |    0.000  -0.000   0.000  -0.000 |  -11.741  -7.059   0.719
  63B   0.00000012 0.16  0.334  -187.244757   24.0   2.964   2.985 |    0.000  -0.000   0.000  -0.000 |  -11.741  -7.059   0.810
  64B   0.00000008 0.18  0.334  -187.244757   24.0   2.964   2.985 |    0.000  -0.000   0.000  -0.000 |  -11.741  -7.059   1.234
  65B   0.00000004 0.21  0.334  -187.244757   24.0   2.964   2.985 |    0.000  -0.000   0.000  -0.000 |  -11.741  -7.059   1.634
  66B   0.00000003 0.24  0.334  -187.244757   24.0   2.964   2.985 |    0.000  -0.000   0.000  -0.000 |  -11.741  -7.059   2.936
  67B   0.00000003 0.27  0.334  -187.244757   24.0   2.964   2.985 |    0.000  -0.000   0.000  -0.000 |  -11.741  -7.059   2.660
  68B   0.00000001 0.30  0.334  -187.244757   24.0   2.964   2.985 |    0.000  -0.000   0.000  -0.000 |  -11.741  -7.059   2.358
  69B   0.00000001 0.34  0.334  -187.244757   24.0   2.964   2.985 |    0.000  -0.000   0.000  -0.000 |  -11.741  -7.059   2.805
  70B   0.00000001 0.38  0.334  -187.244757   24.0   2.964   2.985 |    0.000  -0.000   0.000  -0.000 |  -11.741  -7.059   3.109
  71B   0.00000000 0.43  0.334  -187.244757   24.0   2.964   2.985 |    0.000   0.000   0.000   0.000 |  -11.741  -7.059   4.191
  72B   0.00000000 0.49  0.334  -187.244757   24.0   2.964   2.985 |    0.000   0.000   0.000   0.000 |  -11.741  -7.059   4.403
  73B   0.00000000 0.10  0.334  -187.244757   24.0   2.964   2.985 |    0.000   0.000   0.000   0.000 |  -11.741  -7.059   4.072
  74B   0.00000000 0.11  0.334  -187.244757   24.0   2.964   2.985 |    0.000   0.000   0.000   0.000 |  -11.741  -7.059   3.867
  75B   0.00000000 0.13  0.334  -187.244757   24.0   2.964   2.985 |    0.000   0.000   0.000   0.000 |  -11.741  -7.059   3.974
  76B   0.00000000 0.14  0.334  -187.244757   24.0   2.964   2.985 |    0.000   0.000   0.000   0.000 |  -11.741  -7.059   3.229
  77B   0.00000000 0.16  0.334  -187.244757   24.0   2.964   2.985 |    0.000   0.000   0.000   0.000 |  -11.741  -7.059   3.423
  ----------------------------------------------------------------------------------------------------------------------------------
  *   iteration converged   after  77 steps   si=     0.0000000008 ho=  0 tho=  0
  ----------------------------------------------------------------------------------------------------------------------------------
  Total CPU time=   2.691 minutes

  Writing to wel_file: s012_012.hel
 __________________________________  
  The tape s012_012.hel recorded:     
  nucname,npr,ngh,ngl,n00,nb,nt      
  b0,beta0,si,etot,rms,bet,xmix      
  pairing:     CpV0,CpV1,pwi         
  delta:       del,ept               
  lambda:      ala,ala2,alast,tz     
  asymptotic:  varmas,ass,skass      
  ntx,nb,nhhdim,id,N_rz,n_r,n_z      
  Omega2,Sigma2,Parity,Lambda        
  matrices(inbro):    hh,de          
  *all blocking candidates           
 __________________________________  



 #quasiparticle energies neutrons
 --------------------------------
  eqp(k) -> q.p. energy 
  e(k)   -> referent s.p. energy 
  p(k)   -> occ.probability 
  del(k) -> referent s.p. gap 
  fermi energy alast=  -11.740745976752020     
  #k  block#    eqp(k)     e(k)       (1-2N)E      decay        p(k)        del(k)    overl      labels
   1    1     2.744077  -14.484823   -2.744077    1.671587    1.00000000   0.0000   0.8094  1+[ 2, 2, 0]
   2    1     3.220428   -8.520318    3.220428    1.698851    0.00000000   0.0000   0.7547  1+[ 2, 0, 0]
   3    1     6.020413   -5.720333    6.020413    1.851007    0.00000000   0.0000   0.6843  1+[ 2, 1, 1]
   4    1    20.282054    8.541308   20.282054    2.485433    0.00000000   0.0000   0.6485  1+[ 4, 4, 0]
   5    1    22.655524  -34.396270  -22.655524    2.575895    1.00000000   0.0000   0.9794  1+[ 0, 0, 0]
   6    1    23.739681   11.998935   23.739681    2.616175    0.00000000   0.0000   0.6486  1+[ 4, 2, 0]
   7    1    25.500011   13.759265   25.500011    2.680289    0.00000000   0.0000   0.7118  1+[ 4, 0, 0]
   8    1    26.605669   14.864923   26.605669    2.719786    0.00000000   0.0000   0.4845  1+[ 4, 1, 1]
   9    1    29.619890   17.879144   29.619890    2.824659    0.00000000   0.0000   0.5032  1+[ 4, 1, 1]
  10    1    43.956363   32.215618   43.956363    3.277848    0.00000000   0.0000   0.5909  1+[ 6, 6, 0]
  11    1    46.233171   34.492425   46.233171    3.344173    0.00000000   0.0000   0.4363  1+[ 6, 2, 0]
  12    1    47.682635   35.941890   47.682635    3.385721    0.00000000   0.0000   0.5352  1+[ 6, 4, 0]
  13    1    49.998211   38.257465   49.998211    3.451056    0.00000000   0.0000   0.4288  1+[ 4, 1, 1]
  14    1    51.113353   39.372607   51.113353    3.482084    0.00000000   0.0000   0.5483  1+[ 4, 0, 0]
  15    1    52.288403   40.547657   52.288403    3.514482    0.00000000   0.0000   0.4433  1+[ 6, 1, 1]
  16    1    53.531463   41.790717   53.531463    3.548433    0.00000000   0.0000   0.4596  1+[ 6, 5, 1]
  17    2     6.194013  -17.934759   -6.194013    1.860031    1.00000000   0.0000   0.9284  1-[ 1, 0, 1]
  18    2     8.217330   -3.523416    8.217330    1.962148    0.00000000   0.0000   0.7457  1-[ 3, 3, 0]
  19    2    13.019810  -24.760556  -13.019810    2.185509    1.00000000   0.0000   0.9232  1-[ 1, 1, 0]
  20    2    13.081696    1.340950   13.081696    2.188239    0.00000000   0.0000   0.7315  1-[ 3, 1, 0]
  21    2    17.206243    5.465497   17.206243    2.363057    0.00000000   0.0000   0.5767  1-[ 3, 2, 1]
  22    2    19.303544    7.562798   19.303544    2.447165    0.00000000   0.0000   0.7703  1-[ 3, 0, 1]
  23    2    33.257935   21.517189   33.257935    2.946268    0.00000000   0.0000   0.6313  1-[ 5, 5, 0]
  24    2    35.781427   24.040681   35.781427    3.027754    0.00000000   0.0000   0.6761  1-[ 5, 3, 0]
  25    2    37.370169   25.629423   37.370169    3.077949    0.00000000   0.0000   0.7242  1-[ 5, 1, 0]
  26    2    39.858818   28.118072   39.858818    3.154971    0.00000000   0.0000   0.6541  1-[ 5, 0, 1]
  27    2    41.557651   29.816905   41.557651    3.206487    0.00000000   0.0000   0.4908  1-[ 5, 4, 1]
  28    2    42.775040   31.034294   42.775040    3.242900    0.00000000   0.0000   0.5688  1-[ 5, 2, 1]
  29    2    63.205072   51.464326   63.205072    3.802298    0.00000000   0.0000   0.5635  1-[ 7, 6, 1]
  30    2    64.616694   52.875948   64.616694    3.837939    0.00000000   0.0000   0.5751  1-[ 7, 3, 0]
  31    2    68.832216   57.091470   68.832216    3.942458    0.00000000   0.0000   0.5106  1-[ 7, 7, 0]
  32    3     1.091310  -12.832056   -1.091310    1.573333    1.00000000   0.0000   0.9287  3+[ 2, 1, 1]
  33    3     8.594329   -3.146417    8.594329    1.980593    0.00000000   0.0000   0.9084  3+[ 2, 0, 2]
  34    3    21.166520    9.425774   21.166520    2.519523    0.00000000   0.0000   0.8012  3+[ 4, 3, 1]
  35    3    25.345601   13.604855   25.345601    2.674727    0.00000000   0.0000   0.7886  3+[ 4, 1, 1]
  36    3    28.291296   16.550550   28.291296    2.778922    0.00000000   0.0000   0.5906  3+[ 4, 0, 2]
  37    3    30.127792   18.387046   30.127792    2.841949    0.00000000   0.0000   0.6246  3+[ 4, 2, 2]
  38    3    44.425538   32.684792   44.425538    3.291624    0.00000000   0.0000   0.6398  3+[ 6, 5, 1]
  39    3    47.505028   35.764282   47.505028    3.380657    0.00000000   0.0000   0.6870  3+[ 6, 1, 1]
  40    3    48.127292   36.386546   48.127292    3.398364    0.00000000   0.0000   0.6864  3+[ 6, 3, 1]
  41    3    52.545689   40.804943   52.545689    3.521536    0.00000000   0.0000   0.6134  3+[ 6, 2, 2]
  42    3    53.421348   41.680602   53.421348    3.545438    0.00000000   0.0000   0.4847  3+[ 6, 4, 2]
  43    3    54.001205   42.260459   54.001205    3.561178    0.00000000   0.0000   0.4927  3+[ 4, 0, 2]
  44    4     9.602314   -2.138432    9.602314    2.029087    0.00000000   0.0000   0.8623  3-[ 3, 2, 1]
  45    4    10.675547  -22.416293  -10.675547    2.079478    1.00000000   0.0000   0.9732  3-[ 1, 0, 1]
  46    4    17.181993    5.441247   17.181993    2.362067    0.00000000   0.0000   0.8429  3-[ 3, 0, 1]
  47    4    19.502206    7.761460   19.502206    2.454983    0.00000000   0.0000   0.7969  3-[ 3, 1, 2]
  48    4    33.928149   22.187403   33.928149    2.968128    0.00000000   0.0000   0.7719  3-[ 5, 4, 1]
  49    4    37.171221   25.430475   37.171221    3.071708    0.00000000   0.0000   0.7729  3-[ 5, 2, 1]
  50    4    38.420923   26.680177   38.420923    3.110702    0.00000000   0.0000   0.7853  3-[ 5, 0, 1]
  51    4    42.352541   30.611795   42.352541    3.230309    0.00000000   0.0000   0.5196  3-[ 5, 3, 2]
  52    4    43.120858   31.380112   43.120858    3.253169    0.00000000   0.0000   0.5780  3-[ 5, 1, 2]
  53    4    63.413502   51.672756   63.413502    3.807581    0.00000000   0.0000   0.6916  3-[ 7, 6, 1]
  54    4    64.800822   53.060076   64.800822    3.842564    0.00000000   0.0000   0.5489  3-[ 7, 2, 1]
  55    4    69.704714   57.963968   69.704714    3.963746    0.00000000   0.0000   0.5599  3-[ 7, 4, 1]
  56    5     1.213441  -10.527305    1.213441    1.580802    0.00000000   0.0000   0.9765  5+[ 2, 0, 2]
  57    5    22.687925   10.947179   22.687925    2.577108    0.00000000   0.0000   0.8819  5+[ 4, 2, 2]
  58    5    26.203865   14.463119   26.203865    2.705500    0.00000000   0.0000   0.8041  5+[ 4, 0, 2]
  59    5    31.130282   19.389536   31.130282    2.875771    0.00000000   0.0000   0.7908  5+[ 4, 1, 3]
  60    5    45.012964   33.272218   45.012964    3.308793    0.00000000   0.0000   0.5685  5+[ 6, 4, 2]
  61    5    48.367202   36.626456   48.367202    3.405167    0.00000000   0.0000   0.5437  5+[ 6, 2, 2]
  62    5    49.636800   37.896054   49.636800    3.440941    0.00000000   0.0000   0.6054  5+[ 6, 0, 2]
  63    5    53.082492   41.341746   53.082492    3.536208    0.00000000   0.0000   0.6675  5+[ 6, 1, 3]
  64    5    54.128284   42.387538   54.128284    3.564619    0.00000000   0.0000   0.6845  5+[ 6, 3, 3]
  65    6    11.658848   -0.081898   11.658848    2.124597    0.00000000   0.0000   0.9471  5-[ 3, 1, 2]
  66    6    22.006024   10.265278   22.006024    2.551459    0.00000000   0.0000   0.8843  5-[ 3, 0, 3]
  67    6    35.087381   23.346635   35.087381    3.005563    0.00000000   0.0000   0.8397  5-[ 5, 3, 2]
  68    6    37.720970   25.980224   37.720970    3.088923    0.00000000   0.0000   0.8497  5-[ 5, 1, 2]
  69    6    43.398324   31.657578   43.398324    3.261386    0.00000000   0.0000   0.6498  5-[ 5, 0, 3]
  70    6    43.758410   32.017664   43.758410    3.272017    0.00000000   0.0000   0.7266  5-[ 5, 2, 3]
  71    6    63.749631   52.008885   63.749631    3.816087    0.00000000   0.0000   0.6968  5-[ 7, 5, 2]
  72    6    65.197631   53.456885   65.197631    3.852511    0.00000000   0.0000   0.6275  5-[ 7, 3, 2]
  73    6    70.626013   58.885267   70.626013    3.986102    0.00000000   0.0000   0.7399  5-[ 7, 1, 2]
  74    7    24.920698   13.179952   24.920698    2.659360    0.00000000   0.0000   0.9379  7+[ 4, 1, 3]
  75    7    32.710862   20.970116   32.710862    2.928304    0.00000000   0.0000   0.8047  7+[ 4, 0, 4]
  76    7    45.703129   33.962383   45.703129    3.328850    0.00000000   0.0000   0.7215  7+[ 6, 1, 3]
  77    7    49.246944   37.506198   49.246944    3.429995    0.00000000   0.0000   0.7481  7+[ 6, 3, 3]
  78    7    53.909063   42.168317   53.909063    3.558682    0.00000000   0.0000   0.5773  7+[ 6, 2, 4]
  79    7    54.896123   43.155377   54.896123    3.585335    0.00000000   0.0000   0.5401  7+[ 6, 2, 4]
  80    8    14.576933    2.836188   14.576933    2.253182    0.00000000   0.0000   0.9781  7-[ 3, 0, 3]
  81    8    36.745394   25.004648   36.745394    3.058308    0.00000000   0.0000   0.7910  7-[ 5, 2, 3]
  82    8    38.251608   26.510862   38.251608    3.105448    0.00000000   0.0000   0.7825  7-[ 5, 0, 3]
  83    8    44.832524   33.091778   44.832524    3.303529    0.00000000   0.0000   0.8579  7-[ 5, 1, 4]
  84    8    64.156458   52.415712   64.156458    3.826355    0.00000000   0.0000   0.7072  7-[ 7, 2, 3]
  85    8    65.865456   54.124710   65.865456    3.869195    0.00000000   0.0000   0.6940  7-[ 7, 4, 3]
  86    8    71.692343   59.951597   71.692343    4.011821    0.00000000   0.0000   0.8537  7-[ 7, 0, 3]
  87    9    27.700685   15.959939   27.700685    2.758346    0.00000000   0.0000   0.9420  9+[ 4, 0, 4]
  88    9    46.701413   34.960667   46.701413    3.357651    0.00000000   0.0000   0.8177  9+[ 6, 0, 4]
  89    9    50.431590   38.690844   50.431590    3.463148    0.00000000   0.0000   0.8707  9+[ 6, 2, 4]
  90    9    54.854868   43.114122   54.854868    3.584225    0.00000000   0.0000   0.8375  9+[ 6, 1, 5]
  91   10    39.514685   27.773939   39.514685    3.144433    0.00000000   0.0000   0.9500  9-[ 5, 1, 4]
  92   10    46.358283   34.617537   46.358283    3.347780    0.00000000   0.0000   0.8775  9-[ 5, 0, 5]
  93   10    64.705425   52.964679   64.705425    3.840169    0.00000000   0.0000   0.9142  9-[ 7, 1, 4]
  94   10    66.848005   55.107259   66.848005    3.893612    0.00000000   0.0000   0.8698  9-[ 7, 3, 4]
  95   11    51.951015   40.210269   51.951015    3.505210    0.00000000   0.0000   0.9118 11+[ 6, 1, 5]
  96   11    55.672794   43.932048   55.672794    3.606168    0.00000000   0.0000   0.8481 11+[ 6, 0, 6]
  97   12    42.465587   30.724841   42.465587    3.233683    0.00000000   0.0000   0.9526 11-[ 5, 0, 5]
  98   12    65.799927   54.059181   65.799927    3.867561    0.00000000   0.0000   0.9614 11-[ 7, 0, 5]
  99   12    68.141005   56.400259   68.141005    3.925511    0.00000000   0.0000   0.9550 11-[ 7, 2, 5]
 100   13    53.755751   42.015005   53.755751    3.554524    0.00000000   0.0000   0.8983 13+[ 6, 0, 6]
 101   14    69.715307   57.974561   69.715307    3.964004    0.00000000   0.0000   0.9911 13-[ 7, 1, 6]
#all active are  101 q.p. states out of  165
#since the cut off is pwi=  60.0
#check: number of neutrons=  12.0


 #canonical s.p. energies neutrons
 ---------------------------------


  labels -> {2*omega}{parity}[nn=nz+2*nr+nl,nz,nl]
  cqpe   -> canonical q.p. energies
  ce     -> canonical s.p. energies
  fermi energy=  -11.740745976752020     
  average cdelt=   1.9072419592927815E-021
  k0      ceqp        ce         v*v       u*v        cdel     overl      labels
   1   -4.247013   -4.247013   0.00000000   0.00000000  -0.0000   0.6732  1+[ 2, 0, 0]
   2    2.013162    2.013162   0.00000000   0.00000000  -0.0000   0.5942  1+[ 2, 0, 0]
   3   13.646865   13.646865   0.00000000   0.00000000  -0.0000   0.6966  1+[ 4, 4, 0]
   4   20.724804   20.724804   0.00000000   0.00000000  -0.0000   0.8937  1+[ 4, 1, 1]
   5   36.511100   36.511100   0.00000000   0.00000000  -0.0000   0.6320  1+[ 4, 0, 0]
   6   55.030736   55.030736   0.00000000   0.00000000  -0.0000   0.5776  1+[ 6, 6, 0]
   7   57.676307   57.676307   0.00000000   0.00000000  -0.0000   0.4344  1+[ 8, 2, 0]
   8   40.442125   40.442125   0.00000000   0.00000000  -0.0000   0.6911  1+[ 6, 0, 0]
   9   53.921273   53.921273   0.00000000   0.00000000  -0.0000   0.4952  1+[ 8, 6, 0]
  11   55.530532   55.530532   0.00000000   0.00000000  -0.0000   0.4861  1+[ 8, 1, 1]
  12   53.071000   53.071000   0.00000000   0.00000000  -0.0000   0.8072  1+[ 6, 1, 1]
  15   51.672553   51.672553   0.00000000   0.00000000  -0.0000   0.7372  1+[ 8, 3, 1]
  16   59.639694   59.639694   0.00000000   0.00000000  -0.0000   0.7021  1+[ 8, 8, 0]
  17   52.133625   52.133625   0.00000000   0.00000000  -0.0000   0.6591  1+[ 8, 0, 0]
  18   46.061279   46.061279   0.00000000   0.00000000  -0.0000   0.7582  1+[ 6, 5, 1]
  19   48.483204   48.483204   0.00000000   0.00000000  -0.0000   0.7542  1+[ 6, 4, 0]
  20   51.304612   51.304612   0.00000000   0.00000000  -0.0000   0.4201  1+[ 8, 1, 1]
  21   42.009072   42.009072   0.00000000   0.00000000  -0.0000   0.6689  1+[ 6, 6, 0]
  22   21.698440   21.698440   0.00000000   0.00000000  -0.0000   0.5526  1+[ 4, 3, 1]
  23   16.412917   16.412917   0.00000000   0.00000000  -0.0000   0.5841  1+[ 4, 2, 0]
  24   -5.481673  -17.999819   1.00000000   0.00000001  -0.0000   0.6619  1+[ 2, 2, 0]
  25    7.399781  -30.881273   1.00000000   0.00000000  -0.0000   0.8347  1+[ 0, 0, 0]
  26    2.607786    2.607786   0.00000000   0.00000000  -0.0000   0.7622  1-[ 3, 2, 1]
  27   12.702771   12.702771   0.00000000   0.00000000  -0.0000   0.7612  1-[ 3, 0, 1]
  28   36.018016   36.018016   0.00000000   0.00000000  -0.0000   0.6650  1-[ 5, 0, 1]
  29   36.236109   36.236109   0.00000000   0.00000000  -0.0000   0.7691  1-[ 5, 2, 1]
  30   40.004512   40.004512   0.00000000   0.00000000  -0.0000   0.7646  1-[ 7, 0, 1]
  31   38.775085   38.775085   0.00000000   0.00000000  -0.0000   0.6893  1-[ 5, 5, 0]
  32   39.579249   39.579249   0.00000000   0.00000000  -0.0000   0.6044  1-[ 5, 1, 0]
  33   58.233850   58.233850   0.00000000   0.00000000  -0.0000   0.6544  1-[ 7, 6, 1]
  34   51.015391   51.015391   0.00000000   0.00000000  -0.0000   0.7031  1-[ 7, 3, 0]
  35   51.924120   51.924120   0.00000000   0.00000000  -0.0000   0.6878  1-[ 7, 1, 0]
  36   51.930039   51.930039   0.00000000   0.00000000  -0.0000   0.7432  1-[ 7, 7, 0]
  37   38.929050   38.929050   0.00000000   0.00000000  -0.0000   0.5558  1-[ 7, 5, 0]
  38   44.248388   44.248388   0.00000000   0.00000000  -0.0000   0.4256  1-[ 5, 1, 0]
  39   50.699037   50.699037   0.00000000   0.00000000  -0.0000   0.6446  1-[ 7, 4, 1]
  40   37.173113   37.173113   0.00000000   0.00000000  -0.0000   0.6033  1-[ 7, 2, 1]
  41   33.702969   33.702969   0.00000000   0.00000000  -0.0000   0.6394  1-[ 5, 4, 1]
  42   16.745811   16.745811   0.00000000   0.00000000  -0.0000   0.5883  1-[ 3, 3, 0]
  43    9.300423    9.300423   0.00000000   0.00000001  -0.0000   0.6797  1-[ 3, 1, 0]
  44   -5.004780  -18.476712   1.00000000   0.00000000  -0.0000   0.9676  1-[ 1, 0, 1]
  45    0.737111  -24.218603   1.00000000   0.00000000  -0.0000   0.9636  1-[ 1, 1, 0]
  46    0.141053    0.141053   0.00000000   0.00000000  -0.0000   0.9513  3+[ 2, 0, 2]
  47   19.526451   19.526451   0.00000000   0.00000000  -0.0000   0.8602  3+[ 4, 3, 1]
  48   42.914243   42.914243   0.00000000   0.00000000  -0.0000   0.6206  3+[ 6, 5, 1]
  49   43.035215   43.035215   0.00000000   0.00000000  -0.0000   0.5739  3+[ 8, 1, 1]
  50   29.350797   29.350797   0.00000000   0.00000000  -0.0000   0.7312  3+[ 4, 2, 2]
  51   58.105006   58.105006   0.00000000   0.00000000  -0.0000   0.6134  3+[ 8, 0, 2]
  52   59.494782   59.494782   0.00000000   0.00000000  -0.0000   0.5899  3+[ 6, 1, 1]
  53   45.199964   45.199964   0.00000000   0.00000000  -0.0000   0.5704  3+[ 6, 2, 2]
  54   49.764560   49.764560   0.00000000   0.00000000  -0.0000   0.5794  3+[ 6, 0, 2]
  58   57.464491   57.464491   0.00000000   0.00000000  -0.0000   0.4912  3+[ 8, 7, 1]
  59   52.641172   52.641172   0.00000000   0.00000000  -0.0000   0.5803  3+[ 6, 1, 1]
  61   46.129911   46.129911   0.00000000   0.00000000  -0.0000   0.6029  3+[ 8, 5, 1]
  62   37.748746   37.748746   0.00000000   0.00000000  -0.0000   0.6307  3+[ 4, 0, 2]
  63   48.360474   48.360474   0.00000000   0.00000000  -0.0000   0.6193  3+[ 6, 3, 1]
  64   19.220765   19.220765   0.00000000   0.00000000  -0.0000   0.7761  3+[ 4, 1, 1]
  65  -10.649436  -12.832056   1.00000000   0.00001822  -0.0000   0.9287  3+[ 2, 1, 1]
  66    1.167987    1.167987   0.00000000   0.00000000  -0.0000   0.7980  3-[ 3, 2, 1]
  67   43.414667   43.414667   0.00000000   0.00000000  -0.0000   0.7537  3-[ 7, 0, 1]
  68   45.766827   45.766827   0.00000000   0.00000000  -0.0000   0.5119  3-[ 7, 4, 1]
  69   46.731946   46.731946   0.00000000   0.00000000  -0.0000   0.5048  3-[ 7, 6, 1]
  70   49.532312   49.532312   0.00000000   0.00000000  -0.0000   0.5501  3-[ 7, 6, 1]
  71   49.221354   49.221354   0.00000000   0.00000000  -0.0000   0.8623  3-[ 7, 1, 2]
  72   56.572918   56.572918   0.00000000   0.00000000  -0.0000   0.9951  3-[ 7, 5, 2]
  73   57.183758   57.183758   0.00000000   0.00000000  -0.0000   0.9893  3-[ 7, 3, 2]
  74   36.047590   36.047590   0.00000000   0.00000000  -0.0000   0.8695  3-[ 5, 3, 2]
  75   38.633712   38.633712   0.00000000   0.00000000  -0.0000   0.7372  3-[ 5, 1, 2]
  76   49.691552   49.691552   0.00000000   0.00000000  -0.0000   0.7655  3-[ 7, 2, 1]
  77   45.522924   45.522924   0.00000000   0.00000000  -0.0000   0.5709  3-[ 5, 2, 1]
  78   27.983540   27.983540   0.00000000   0.00000000  -0.0000   0.9570  3-[ 5, 4, 1]
  79    8.831540    8.831540   0.00000000   0.00000000  -0.0000   0.8642  3-[ 3, 0, 1]
  80   11.398712   11.398712   0.00000000   0.00000000  -0.0000   0.8526  3-[ 3, 1, 2]
  81   -1.065199  -22.416293   1.00000000   0.00000002  -0.0000   0.9732  3-[ 1, 0, 1]
  82   18.172466   18.172466   0.00000000   0.00000000  -0.0000   0.6620  5+[ 4, 2, 2]
  83   48.483947   48.483947   0.00000000   0.00000000  -0.0000   0.7358  5+[ 6, 0, 2]
  84   42.869689   42.869689   0.00000000   0.00000000  -0.0000   0.6318  5+[ 6, 2, 2]
  85   55.927450   55.927450   0.00000000   0.00000000  -0.0000   0.5341  5+[ 8, 4, 2]
  87   55.321402   55.321402   0.00000000   0.00000000  -0.0000   0.6744  5+[ 6, 3, 3]
  89   56.034392   56.034392   0.00000000   0.00000000  -0.0000   0.8411  5+[ 8, 5, 3]
  91   56.381225   56.381225   0.00000000   0.00000000  -0.0000   0.5333  5+[ 6, 3, 3]
  93   45.300267   45.300267   0.00000000   0.00000000  -0.0000   0.6929  5+[ 6, 4, 2]
  94   59.491796   59.491796   0.00000000   0.00000000  -0.0000   0.9127  5+[ 8, 0, 2]
  95   17.599694   17.599694   0.00000000   0.00000000  -0.0000   0.6668  5+[ 4, 0, 2]
  96   22.050277   22.050277   0.00000000   0.00000000  -0.0000   0.9346  5+[ 4, 1, 3]
  97  -10.527305  -10.527305   0.00000000   0.00000537  -0.0000   0.9765  5+[ 2, 0, 2]
  99   42.538216   42.538216   0.00000000   0.00000000  -0.0000   0.4669  5-[ 7, 4, 3]
 101   55.944964   55.944964   0.00000000   0.00000000  -0.0000   0.5529  5-[ 7, 4, 3]
 102   41.985464   41.985464   0.00000000   0.00000000  -0.0000   0.5420  5-[ 3, 0, 3]
 103   45.819221   45.819221   0.00000000   0.00000000  -0.0000   0.4969  5-[ 7, 4, 3]
 104   49.680182   49.680182   0.00000000   0.00000000  -0.0000   0.7482  5-[ 7, 5, 2]
 105   33.791688   33.791688   0.00000000   0.00000000  -0.0000   0.5813  5-[ 7, 0, 3]
 106   20.970832   20.970832   0.00000000   0.00000000  -0.0000   0.5353  5-[ 5, 1, 2]
 107   33.121973   33.121973   0.00000000   0.00000000  -0.0000   0.6586  5-[ 5, 2, 3]
 108   26.146318   26.146318   0.00000000   0.00000000  -0.0000   0.7784  5-[ 5, 3, 2]
 109    9.932421    9.932421   0.00000000   0.00000000  -0.0000   0.8965  5-[ 3, 1, 2]
 110   29.902744   29.902744   0.00000000   0.00000000  -0.0000   0.9582  7+[ 4, 0, 4]
 115   19.503799   19.503799   0.00000000   0.00000000  -0.0000   0.9447  7+[ 4, 1, 3]
 117   42.672438   42.672438   0.00000000   0.00000000  -0.0000   0.5661  7+[ 8, 0, 4]
 118   50.058350   50.058350   0.00000000   0.00000000  -0.0000   0.6337  7+[ 6, 2, 4]
 119   52.800926   52.800926   0.00000000   0.00000000  -0.0000   0.7215  7+[ 8, 3, 3]
 120   44.197768   44.197768   0.00000000   0.00000000  -0.0000   0.8361  7+[ 6, 3, 3]
 121   42.263704   42.263704   0.00000000   0.00000000  -0.0000   0.7637  7+[ 6, 1, 3]
 122   45.581924   45.581924   0.00000000   0.00000000  -0.0000   0.4994  7-[ 5, 2, 3]
 123   49.671041   49.671041   0.00000000   0.00000000  -0.0000   0.7802  7-[ 7, 1, 4]
 124   55.200308   55.200308   0.00000000   0.00000000  -0.0000   0.5972  7-[ 5, 0, 3]
 125   51.514835   51.514835   0.00000000   0.00000000  -0.0000   0.6353  7-[ 7, 4, 3]
 126   26.736789   26.736789   0.00000000   0.00000000  -0.0000   0.6274  7-[ 3, 0, 3]
 127   53.341448   53.341448   0.00000000   0.00000000  -0.0000   0.7784  7-[ 7, 2, 3]
 128   37.314464   37.314464   0.00000000   0.00000000  -0.0000   0.6462  7-[ 5, 1, 4]
 129   49.859598   49.859598   0.00000000   0.00000000  -0.0000   0.5709  7-[ 7, 3, 4]
 130   15.689756   15.689756   0.00000000   0.00000000  -0.0000   0.6073  7-[ 3, 0, 3]
 131   27.650610   27.650610   0.00000000   0.00000000  -0.0000   0.8738  9+[ 4, 0, 4]
 132   50.752001   50.752001   0.00000000   0.00000000  -0.0000   0.6098  9+[ 6, 1, 5]
 136   43.614289   43.614289   0.00000000   0.00000000  -0.0000   0.7668  9+[ 6, 2, 4]
 137   39.552719   39.552719   0.00000000   0.00000000  -0.0000   0.5758  9+[ 6, 0, 4]
 140   39.171250   39.171250   0.00000000   0.00000000  -0.0000   0.7675  9-[ 5, 0, 5]
 141   53.674164   53.674164   0.00000000   0.00000000  -0.0000   0.8080  9-[ 7, 2, 5]
 142   59.933133   59.933133   0.00000000   0.00000000  -0.0000   0.7225  9-[ 7, 3, 4]
 143   54.500841   54.500841   0.00000000   0.00000000  -0.0000   0.7727  9-[ 7, 1, 4]
 145   34.558929   34.558929   0.00000000   0.00000000  -0.0000   0.8610  9-[ 5, 1, 4]
 146   46.221557   46.221557   0.00000000   0.00000000  -0.0000   0.7621 11+[ 6, 1, 5]
 150   45.109406   45.109406   0.00000000   0.00000000  -0.0000   0.7449 11+[ 6, 0, 6]
 152   57.587207   57.587207   0.00000000   0.00000000  -0.0000   0.6435 11-[ 7, 1, 6]
 153   55.644532   55.644532   0.00000000   0.00000000  -0.0000   0.7525 11-[ 7, 0, 5]
 155   31.761741   31.761741   0.00000000   0.00000000  -0.0000   0.8788 11-[ 5, 0, 5]
 158   53.734822   53.734822   0.00000000   0.00000000  -0.0000   0.8583 13+[ 6, 0, 6]
 159   58.346761   58.346761   0.00000000   0.00000000  -0.0000   0.6669 13+[ 8, 0, 6]
 160   58.110084   58.110084   0.00000000   0.00000000  -0.0000   1.0000 13-[ 7, 1, 6]
  Sum canonical e_v*V^2_k=  -253.64951196660013     


 #quasiparticle energies protons 
 --------------------------------
  eqp(k) -> q.p. energy 
  e(k)   -> referent s.p. energy 
  p(k)   -> occ.probability 
  del(k) -> referent s.p. gap 
  fermi energy alast=  -7.0589268925731226     
  #k  block#    eqp(k)     e(k)       (1-2N)E      decay        p(k)        del(k)    overl      labels
   1    1     2.787631   -9.846558   -2.787631    1.378208    1.00000000   0.0000   0.8052  1+[ 2, 2, 0]
   2    1     3.092422   -3.966505    3.092422    1.399376    0.00000000   0.0000   0.7466  1+[ 2, 0, 0]
   3    1     5.809214   -1.249712    5.809214    1.575543    0.00000000   0.0000   0.6782  1+[ 2, 1, 1]
   4    1    19.915967   12.857040   19.915967    2.281142    0.00000000   0.0000   0.6457  1+[ 4, 4, 0]
   5    1    22.513234  -29.572161  -22.513234    2.388438    1.00000000   0.0000   0.9779  1+[ 0, 0, 0]
   6    1    23.024378   15.965451   23.024378    2.408991    0.00000000   0.0000   0.6367  1+[ 4, 2, 0]
   7    1    24.480157   17.421230   24.480157    2.466590    0.00000000   0.0000   0.6895  1+[ 4, 0, 0]
   8    1    25.740295   18.681368   25.740295    2.515383    0.00000000   0.0000   0.4915  1+[ 4, 1, 1]
   9    1    28.785223   21.726296   28.785223    2.629551    0.00000000   0.0000   0.4740  1+[ 4, 1, 1]
  10    1    43.143022   36.084095   43.143022    3.111951    0.00000000   0.0000   0.5597  1+[ 6, 6, 0]
  11    1    45.566519   38.507592   45.566519    3.186180    0.00000000   0.0000   0.4459  1+[ 6, 2, 0]
  12    1    46.796332   39.737405   46.796332    3.223194    0.00000000   0.0000   0.5643  1+[ 6, 4, 0]
  13    1    49.461464   42.402537   49.461464    3.301984    0.00000000   0.0000   0.4434  1+[ 4, 1, 1]
  14    1    50.557920   43.498993   50.557920    3.333859    0.00000000   0.0000   0.5650  1+[ 4, 0, 0]
  15    1    51.335552   44.276625   51.335552    3.356281    0.00000000   0.0000   0.4350  1+[ 6, 2, 0]
  16    1    52.657264   45.598337   52.657264    3.394052    0.00000000   0.0000   0.4618  1+[ 6, 5, 1]
  17    2     6.197526  -13.256452   -6.197526    1.599139    1.00000000   0.0000   0.9266  1-[ 1, 0, 1]
  18    2     8.077516    1.018589    8.077516    1.708773    0.00000000   0.0000   0.7405  1-[ 3, 3, 0]
  19    2    12.760814    5.701888   12.760814    1.955336    0.00000000   0.0000   0.7282  1-[ 3, 1, 0]
  20    2    12.982814  -20.041740  -12.982814    1.966256    1.00000000   0.0000   0.9218  1-[ 1, 1, 0]
  21    2    16.723284    9.664357   16.723284    2.141897    0.00000000   0.0000   0.5521  1-[ 3, 2, 1]
  22    2    18.687622   11.628695   18.687622    2.228599    0.00000000   0.0000   0.7332  1-[ 3, 0, 1]
  23    2    32.756405   25.697478   32.756405    2.771390    0.00000000   0.0000   0.6291  1-[ 5, 5, 0]
  24    2    35.167970   28.109043   35.167970    2.854086    0.00000000   0.0000   0.6730  1-[ 5, 3, 0]
  25    2    36.504706   29.445779   36.504706    2.898908    0.00000000   0.0000   0.7192  1-[ 5, 1, 0]
  26    2    39.248275   32.189348   39.248275    2.988799    0.00000000   0.0000   0.6374  1-[ 5, 0, 1]
  27    2    40.877249   33.818322   40.877249    3.040914    0.00000000   0.0000   0.4535  1-[ 5, 4, 1]
  28    2    41.943790   34.884863   41.943790    3.074557    0.00000000   0.0000   0.5469  1-[ 5, 2, 1]
  29    2    62.819739   55.760812   62.819739    3.671510    0.00000000   0.0000   0.5514  1-[ 7, 6, 1]
  30    2    63.836014   56.777087   63.836014    3.698112    0.00000000   0.0000   0.5660  1-[ 7, 3, 0]
  31    3     1.148456   -8.207383   -1.148456    1.258273    1.00000000   0.0000   0.9256  3+[ 2, 1, 1]
  32    3     8.337346    1.278419    8.337346    1.723377    0.00000000   0.0000   0.9000  3+[ 2, 0, 2]
  33    3    20.776428   13.717501   20.776428    2.317239    0.00000000   0.0000   0.7930  3+[ 4, 3, 1]
  34    3    24.447957   17.389030   24.447957    2.465331    0.00000000   0.0000   0.7775  3+[ 4, 1, 1]
  35    3    27.275053   20.216126   27.275053    2.573561    0.00000000   0.0000   0.5928  3+[ 4, 0, 2]
  36    3    29.258147   22.199220   29.258147    2.646841    0.00000000   0.0000   0.6384  3+[ 4, 2, 2]
  37    3    43.554319   36.495392   43.554319    3.124673    0.00000000   0.0000   0.6104  3+[ 6, 5, 1]
  38    3    46.706078   39.647152   46.706078    3.220492    0.00000000   0.0000   0.6246  3+[ 6, 1, 1]
  39    3    47.378017   40.319090   47.378017    3.240554    0.00000000   0.0000   0.6331  3+[ 6, 3, 1]
  40    3    51.599442   44.540515   51.599442    3.363856    0.00000000   0.0000   0.6171  3+[ 6, 2, 2]
  41    3    52.658659   45.599732   52.658659    3.394091    0.00000000   0.0000   0.5537  3+[ 6, 4, 2]
  42    3    53.309615   46.250688   53.309615    3.412540    0.00000000   0.0000   0.5841  3+[ 4, 0, 2]
  43    4     9.439620    2.380693    9.439620    1.784002    0.00000000   0.0000   0.8571  3-[ 3, 2, 1]
  44    4    10.605401  -17.664328  -10.605401    1.845954    1.00000000   0.0000   0.9710  3-[ 1, 0, 1]
  45    4    16.591551    9.532624   16.591551    2.135956    0.00000000   0.0000   0.8356  3-[ 3, 0, 1]
  46    4    19.010114   11.951187   19.010114    2.242513    0.00000000   0.0000   0.7935  3-[ 3, 1, 2]
  47    4    33.408650   26.349723   33.408650    2.793998    0.00000000   0.0000   0.7642  3-[ 5, 4, 1]
  48    4    36.362783   29.303857   36.362783    2.894182    0.00000000   0.0000   0.7599  3-[ 5, 2, 1]
  49    4    37.732298   30.673371   37.732298    2.939469    0.00000000   0.0000   0.7550  3-[ 5, 0, 1]
  50    4    41.647573   34.588646   41.647573    3.065250    0.00000000   0.0000   0.5019  3-[ 5, 1, 2]
  51    4    42.263862   35.204935   42.263862    3.084581    0.00000000   0.0000   0.5478  3-[ 5, 3, 2]
  52    4    63.009131   55.950204   63.009131    3.676482    0.00000000   0.0000   0.6697  3-[ 7, 6, 1]
  53    4    64.024028   56.965101   64.024028    3.703012    0.00000000   0.0000   0.5391  3-[ 7, 4, 1]
  54    5     1.174438   -5.884489    1.174438    1.260263    0.00000000   0.0000   0.9728  5+[ 2, 0, 2]
  55    5    22.243203   15.184276   22.243203    2.377508    0.00000000   0.0000   0.8683  5+[ 4, 2, 2]
  56    5    25.138834   18.079907   25.138834    2.492214    0.00000000   0.0000   0.7854  5+[ 4, 0, 2]
  57    5    30.211189   23.152262   30.211189    2.681346    0.00000000   0.0000   0.7762  5+[ 4, 1, 3]
  58    5    44.089315   37.030388   44.089315    3.141144    0.00000000   0.0000   0.5347  5+[ 6, 4, 2]
  59    5    47.442207   40.383280   47.442207    3.242464    0.00000000   0.0000   0.5555  5+[ 6, 4, 2]
  60    5    49.010407   41.951480   49.010407    3.288782    0.00000000   0.0000   0.5945  5+[ 6, 0, 2]
  61    5    52.087009   45.028082   52.087009    3.377807    0.00000000   0.0000   0.6342  5+[ 6, 1, 3]
  62    5    53.270986   46.212060   53.270986    3.411448    0.00000000   0.0000   0.6257  5+[ 6, 3, 3]
  63    6    11.460348    4.401421   11.460348    1.890098    0.00000000   0.0000   0.9428  5-[ 3, 1, 2]
  64    6    21.413824   14.354897   21.413824    2.343620    0.00000000   0.0000   0.8721  5-[ 3, 0, 3]
  65    6    34.509689   27.450762   34.509689    2.831752    0.00000000   0.0000   0.8219  5-[ 5, 3, 2]
  66    6    36.834281   29.775354   36.834281    2.909853    0.00000000   0.0000   0.8353  5-[ 5, 1, 2]
  67    6    42.639569   35.580642   42.639569    3.096307    0.00000000   0.0000   0.7030  5-[ 5, 0, 3]
  68    6    42.893528   35.834601   42.893528    3.104208    0.00000000   0.0000   0.7787  5-[ 5, 2, 3]
  69    6    63.307039   56.248112   63.307039    3.684290    0.00000000   0.0000   0.6519  5-[ 7, 5, 2]
  70    6    64.432228   57.373301   64.432228    3.713630    0.00000000   0.0000   0.6016  5-[ 7, 3, 2]
  71    7    24.400900   17.341973   24.400900    2.463489    0.00000000   0.0000   0.9283  7+[ 4, 1, 3]
  72    7    31.635595   24.576668   31.635595    2.732104    0.00000000   0.0000   0.7882  7+[ 4, 0, 4]
  73    7    44.751364   37.692437   44.751364    3.161407    0.00000000   0.0000   0.7223  7+[ 6, 1, 3]
  74    7    48.286066   41.227139   48.286066    3.267470    0.00000000   0.0000   0.7512  7+[ 6, 3, 3]
  75    7    52.808011   45.749084   52.808011    3.398333    0.00000000   0.0000   0.6478  7+[ 6, 2, 4]
  76    7    54.126508   47.067581   54.126508    3.435551    0.00000000   0.0000   0.5511  7+[ 4, 0, 4]
  77    8    14.347247    7.288320   14.347247    2.032085    0.00000000   0.0000   0.9730  7-[ 3, 0, 3]
  78    8    36.041421   28.982494   36.041421    2.883453    0.00000000   0.0000   0.7242  7-[ 5, 2, 3]
  79    8    37.378883   30.319956   37.378883    2.927849    0.00000000   0.0000   0.7223  7-[ 5, 0, 3]
  80    8    43.894713   36.835786   43.894713    3.135162    0.00000000   0.0000   0.8516  7-[ 5, 1, 4]
  81    8    63.666506   56.607579   63.666506    3.693688    0.00000000   0.0000   0.7452  7-[ 7, 2, 3]
  82    8    65.111498   58.052571   65.111498    3.731230    0.00000000   0.0000   0.7333  7-[ 7, 4, 3]
  83    9    27.039071   19.980144   27.039071    2.564702    0.00000000   0.0000   0.9288  9+[ 4, 0, 4]
  84    9    45.798591   38.739664   45.798591    3.193198    0.00000000   0.0000   0.8051  9+[ 6, 0, 4]
  85    9    49.407029   42.348102   49.407029    3.300394    0.00000000   0.0000   0.8654  9+[ 6, 2, 4]
  86    9    53.612854   46.553927   53.612854    3.421100    0.00000000   0.0000   0.8311  9+[ 6, 1, 5]
  87   10    38.796496   31.737569   38.796496    2.974184    0.00000000   0.0000   0.9439  9-[ 5, 1, 4]
  88   10    45.303747   38.244820   45.303747    3.178215    0.00000000   0.0000   0.8711  9-[ 5, 0, 5]
  89   10    64.185482   57.126555   64.185482    3.707215    0.00000000   0.0000   0.9289  9-[ 7, 1, 4]
  90   10    66.085258   59.026331   66.085258    3.756318    0.00000000   0.0000   0.8846  9-[ 7, 3, 4]
  91   11    50.817312   43.758385   50.817312    3.341355    0.00000000   0.0000   0.9037 11+[ 6, 1, 5]
  92   11    54.343388   47.284461   54.343388    3.441635    0.00000000   0.0000   0.8427 11+[ 6, 0, 6]
  93   12    41.603516   34.544589   41.603516    3.063863    0.00000000   0.0000   0.9451 11-[ 5, 0, 5]
  94   12    65.310393   58.251466   65.310393    3.736368    0.00000000   0.0000   0.9575 11-[ 7, 0, 5]
  95   13    52.493344   45.434417   52.493344    3.389390    0.00000000   0.0000   0.8904 13+[ 6, 0, 6]
#all active are   95 q.p. states out of  165
#since the cut off is pwi=  60.0
#check: number of protons =  12.0


 #canonical s.p. energies protons 
 ---------------------------------


  labels -> {2*omega}{parity}[nn=nz+2*nr+nl,nz,nl]
  cqpe   -> canonical q.p. energies
  ce     -> canonical s.p. energies
  fermi energy=  -7.0589268925731226     
  average cdelt=  -5.8669152124758147E-021
  k0      ceqp        ce         v*v       u*v        cdel     overl      labels
   1   24.689881   24.689881   0.00000000   0.00000000  -0.0000   0.7462  1+[ 4, 3, 1]
   2   36.292560   36.292560   0.00000000   0.00000000  -0.0000   0.6259  1+[ 6, 6, 0]
   3   32.892730   32.892730   0.00000000   0.00000000  -0.0000   0.5127  1+[ 6, 6, 0]
   4   41.135515   41.135515   0.00000000   0.00000000  -0.0000   0.5114  1+[ 4, 1, 1]
   5   58.045996   58.045996   0.00000000   0.00000000  -0.0000   0.7025  1+[ 6, 3, 1]
   6   58.532536   58.532536   0.00000000   0.00000000  -0.0000   0.4577  1+[ 8, 0, 0]
   8   52.191105   52.191105   0.00000000   0.00000000  -0.0000   0.4989  1+[ 8, 8, 0]
   9   57.540370   57.540370   0.00000000   0.00000000  -0.0000   0.5424  1+[ 6, 2, 0]
  10   59.518164   59.518164   0.00000000   0.00000000  -0.0000   0.5846  1+[ 8, 5, 1]
  14   53.248449   53.248449   0.00000000   0.00000000  -0.0000   0.4236  1+[ 6, 1, 1]
  16   52.820816   52.820816   0.00000000   0.00000000  -0.0000   0.5702  1+[ 6, 0, 0]
  18   41.428138   41.428138   0.00000000   0.00000000  -0.0000   0.5338  1+[ 4, 1, 1]
  19   49.172265   49.172265   0.00000000   0.00000000  -0.0000   0.6915  1+[ 6, 4, 0]
  20   29.901017   29.901017   0.00000000   0.00000000  -0.0000   0.6460  1+[ 4, 0, 0]
  21    9.281819    9.281819   0.00000000   0.00000000  -0.0000   0.7670  1+[ 2, 0, 0]
  22   17.993324   17.993324   0.00000000   0.00000001  -0.0000   0.8661  1+[ 4, 4, 0]
  23    0.318256    0.318256   0.00000000   0.00000001  -0.0000   0.7961  1+[ 2, 1, 1]
  24    4.361298  -18.479151   1.00000000   0.00000004  -0.0000   0.7463  1+[ 0, 0, 0]
  25    6.821714  -20.939568   1.00000000   0.00000000  -0.0000   0.6661  1+[ 2, 2, 0]
  26   10.088955   10.088955   0.00000000   0.00000000  -0.0000   0.6538  1-[ 3, 0, 1]
  27   17.640920   17.640920   0.00000000   0.00000000  -0.0000   0.4964  1-[ 3, 1, 0]
  28   21.850486   21.850486   0.00000000   0.00000000  -0.0000   0.4873  1-[ 5, 5, 0]
  29   42.349644   42.349644   0.00000000   0.00000000  -0.0000   0.6078  1-[ 7, 2, 1]
  30   50.155327   50.155327   0.00000000   0.00000000  -0.0000   0.5591  1-[ 7, 6, 1]
  31   53.145803   53.145803   0.00000000   0.00000000  -0.0000   0.6462  1-[ 7, 7, 0]
  32   59.101182   59.101182   0.00000000   0.00000000  -0.0000   0.8761  1-[ 7, 1, 0]
  34   58.063983   58.063983   0.00000000   0.00000000  -0.0000   0.8874  1-[ 7, 3, 0]
  35   57.156413   57.156413   0.00000000   0.00000000  -0.0000   0.6809  1-[ 7, 4, 1]
  36   47.772289   47.772289   0.00000000   0.00000000  -0.0000   0.7248  1-[ 7, 6, 1]
  37   46.142673   46.142673   0.00000000   0.00000000  -0.0000   0.5651  1-[ 7, 0, 1]
  38   46.582518   46.582518   0.00000000   0.00000000  -0.0000   0.6210  1-[ 7, 0, 1]
  39   55.246732   55.246732   0.00000000   0.00000000  -0.0000   0.5443  1-[ 5, 2, 1]
  40   28.935298   28.935298   0.00000000   0.00000000  -0.0000   0.6048  1-[ 5, 2, 1]
  41   28.666672   28.666672   0.00000000   0.00000000  -0.0000   0.7947  1-[ 5, 4, 1]
  42   25.769946   25.769946   0.00000000   0.00000000  -0.0000   0.5564  1-[ 3, 2, 1]
  43   16.741794   16.741794   0.00000000   0.00000001  -0.0000   0.7346  1-[ 3, 3, 0]
  44    5.394846  -19.512700   1.00000000   0.00000002  -0.0000   0.9613  1-[ 1, 1, 0]
  45   -0.332361  -13.785493   1.00000000   0.00000001  -0.0000   0.9649  1-[ 1, 0, 1]
  46    5.068551    5.068551   0.00000000   0.00000000  -0.0000   0.9258  3+[ 2, 0, 2]
  47   16.661706   16.661706   0.00000000   0.00000000  -0.0000   0.7399  3+[ 4, 3, 1]
  48   27.198631   27.198631   0.00000000   0.00000000  -0.0000   0.6597  3+[ 4, 1, 1]
  49   43.141422   43.141422   0.00000000   0.00000000  -0.0000   0.6272  3+[ 6, 1, 1]
  50   39.436872   39.436872   0.00000000   0.00000000  -0.0000   0.5575  3+[ 4, 0, 2]
  53   53.635070   53.635070   0.00000000   0.00000000  -0.0000   0.7973  3+[ 6, 2, 2]
  56   58.143090   58.143090   0.00000000   0.00000000  -0.0000   0.7086  3+[ 6, 4, 2]
  60   54.248260   54.248260   0.00000000   0.00000000  -0.0000   0.8121  3+[ 8, 0, 2]
  61   55.812689   55.812689   0.00000000   0.00000000  -0.0000   0.6583  3+[ 6, 1, 1]
  62   35.442763   35.442763   0.00000000   0.00000000  -0.0000   0.7278  3+[ 4, 0, 2]
  63   46.338064   46.338064   0.00000000   0.00000000  -0.0000   0.4913  3+[ 8, 1, 1]
  64   37.320446   37.320446   0.00000000   0.00000000  -0.0000   0.5379  3+[ 4, 2, 2]
  65   -5.910471   -8.207383   1.00000000   0.00001029  -0.0000   0.9256  3+[ 2, 1, 1]
  66   17.213597   17.213597   0.00000000   0.00000000  -0.0000   0.8247  3-[ 3, 1, 2]
  67    5.175921    5.175921   0.00000000   0.00000000  -0.0000   0.9233  3-[ 3, 2, 1]
  68   34.470345   34.470345   0.00000000   0.00000000  -0.0000   0.8854  3-[ 5, 2, 1]
  70   54.950958   54.950958   0.00000000   0.00000000  -0.0000   0.8921  3-[ 7, 4, 1]
  71   43.801660   43.801660   0.00000000   0.00000000  -0.0000   0.6336  3-[ 5, 0, 1]
  72   36.229272   36.229272   0.00000000   0.00000000  -0.0000   0.8103  3-[ 5, 3, 2]
  76   41.098897   41.098897   0.00000000   0.00000000  -0.0000   0.6848  3-[ 5, 1, 2]
  77   46.212102   46.212102   0.00000000   0.00000000  -0.0000   0.6403  3-[ 5, 0, 1]
  78   50.250504   50.250504   0.00000000   0.00000000  -0.0000   0.8259  3-[ 7, 0, 1]
  79   37.355451   37.355451   0.00000000   0.00000000  -0.0000   0.8510  3-[ 5, 4, 1]
  80   13.967396   13.967396   0.00000000   0.00000000  -0.0000   0.7869  3-[ 3, 0, 1]
  81    3.546474  -17.664328   1.00000000   0.00000001  -0.0000   0.9710  3-[ 1, 0, 1]
  82   27.395786   27.395786   0.00000000   0.00000000  -0.0000   0.6917  5+[ 4, 1, 3]
  83   25.548299   25.548299   0.00000000   0.00000000  -0.0000   0.6587  5+[ 4, 0, 2]
  84   44.932569   44.932569   0.00000000   0.00000000  -0.0000   0.6512  5+[ 6, 4, 2]
  86   49.939565   49.939565   0.00000000   0.00000000  -0.0000   0.6283  5+[ 8, 6, 2]
  87   59.281682   59.281682   0.00000000   0.00000000  -0.0000   0.8424  5+[ 6, 1, 3]
  91   59.688581   59.688581   0.00000000   0.00000000  -0.0000   0.8081  5+[ 6, 3, 3]
  95   48.905587   48.905587   0.00000000   0.00000000  -0.0000   0.8678  5+[ 6, 0, 2]
  96   20.530288   20.530288   0.00000000   0.00000000  -0.0000   0.6984  5+[ 4, 1, 3]
  97   -5.884489   -5.884489   0.00000000   0.00000793  -0.0000   0.9728  5+[ 2, 0, 2]
 101   55.707542   55.707542   0.00000000   0.00000000  -0.0000   0.5435  5-[ 7, 1, 2]
 102   46.887260   46.887260   0.00000000   0.00000000  -0.0000   0.4947  5-[ 7, 5, 2]
 103   33.817850   33.817850   0.00000000   0.00000000  -0.0000   0.7386  5-[ 3, 0, 3]
 104   55.810064   55.810064   0.00000000   0.00000000  -0.0000   0.6011  5-[ 7, 5, 2]
 105   40.318335   40.318335   0.00000000   0.00000000  -0.0000   0.5800  5-[ 7, 0, 3]
 106   25.694528   25.694528   0.00000000   0.00000000  -0.0000   0.5066  5-[ 5, 0, 3]
 107   34.661743   34.661743   0.00000000   0.00000000  -0.0000   0.7205  5-[ 5, 2, 3]
 108   29.689006   29.689006   0.00000000   0.00000000  -0.0000   0.9021  5-[ 5, 3, 2]
 109   12.671293   12.671293   0.00000000   0.00000000  -0.0000   0.9075  5-[ 3, 1, 2]
 110   53.560172   53.560172   0.00000000   0.00000000  -0.0000   0.6720  7+[ 8, 1, 3]
 111   53.950636   53.950636   0.00000000   0.00000000  -0.0000   0.5583  7+[ 4, 1, 3]
 114   59.627052   59.627052   0.00000000   0.00000000  -0.0000   0.6763  7+[ 8, 5, 3]
 115   38.559171   38.559171   0.00000000   0.00000000  -0.0000   0.9005  7+[ 4, 0, 4]
 117   46.184879   46.184879   0.00000000   0.00000000  -0.0000   0.5873  7+[ 8, 0, 4]
 118   44.346272   44.346272   0.00000000   0.00000000  -0.0000   0.7200  7+[ 6, 2, 4]
 119   52.796722   52.796722   0.00000000   0.00000000  -0.0000   0.6344  7+[ 8, 3, 3]
 120   48.265481   48.265481   0.00000000   0.00000000  -0.0000   0.7841  7+[ 6, 3, 3]
 121   49.455485   49.455485   0.00000000   0.00000000  -0.0000   0.7018  7+[ 6, 1, 3]
 124   45.475740   45.475740   0.00000000   0.00000000  -0.0000   0.7190  7-[ 5, 2, 3]
 125   50.405753   50.405753   0.00000000   0.00000000  -0.0000   0.6718  7-[ 7, 4, 3]
 126   31.500287   31.500287   0.00000000   0.00000000  -0.0000   0.6221  7-[ 3, 0, 3]
 127   56.095368   56.095368   0.00000000   0.00000000  -0.0000   0.8413  7-[ 7, 2, 3]
 128   41.818324   41.818324   0.00000000   0.00000000  -0.0000   0.6344  7-[ 5, 1, 4]
 129   52.109514   52.109514   0.00000000   0.00000000  -0.0000   0.5505  7-[ 5, 1, 4]
 130   18.706616   18.706616   0.00000000   0.00000000  -0.0000   0.6136  7-[ 3, 0, 3]
 135   55.875799   55.875799   0.00000000   0.00000000  -0.0000   0.7208  9+[ 6, 1, 5]
 136   42.145867   42.145867   0.00000000   0.00000000  -0.0000   0.5153  9+[ 4, 0, 4]
 137   39.007616   39.007616   0.00000000   0.00000000  -0.0000   0.6472  9+[ 6, 2, 4]
 139   43.985597   43.985597   0.00000000   0.00000000  -0.0000   0.6008  9+[ 6, 0, 4]
 141   39.043415   39.043415   0.00000000   0.00000000  -0.0000   0.8261  9-[ 5, 0, 5]
 143   58.407625   58.407625   0.00000000   0.00000000  -0.0000   0.7096  9-[ 7, 1, 4]
 145   39.229245   39.229245   0.00000000   0.00000000  -0.0000   0.8213  9-[ 5, 1, 4]
 149   53.367326   53.367326   0.00000000   0.00000000  -0.0000   0.7669 11+[ 6, 0, 6]
 150   54.457212   54.457212   0.00000000   0.00000000  -0.0000   0.7001 11+[ 8, 3, 5]
 151   59.331037   59.331037   0.00000000   0.00000000  -0.0000   0.6172 11+[ 6, 1, 5]
 153   59.110278   59.110278   0.00000000   0.00000000  -0.0000   0.7316 11-[ 7, 0, 5]
 155   35.364595   35.364595   0.00000000   0.00000000  -0.0000   0.8795 11-[ 5, 0, 5]
 159   45.498243   45.498243   0.00000000   0.00000000  -0.0000   0.8980 13+[ 6, 0, 6]
  Sum canonical e_v*V^2_k=  -197.17724504155606     

  NB! From expect (UNPROJECTED RESULTS)

  pairing: CpV0,CpV1,...           0.100000       0.100000       1.000000       1.000000
  forces:   UNE1                          


                             neutrons         protons         total
  Requested part.numbs.      12.000000      12.000000      24.000000
  UnPj(av) part.numbs .      12.000000      12.000000      24.000000
  b0, bz, bp ..........       1.559284       1.564210       1.556827

  lambda (ala) ........     -11.740746      -7.058927
  Lambda (alast) ......     -11.740746      -7.058927
  delta(n,p), pwi .....       0.000000      -0.000000      60.000000
  pairing energy ......       0.000000       0.000000       0.000000

  rms-radius ..........       2.964255       2.984573       2.974431
  charge-radius, r0 ...                      3.089931       3.461399
  deformation beta2....       0.333595       0.334060       0.333829
  dipole moment[fm] ...       0.000000       0.000000       0.000000
  quadrupole moment[b]        0.443754       0.450484       0.894238
  octupole moment .....       0.000000       0.000000       0.000000
  hexadecapole moment .       0.002068       0.002036       0.004104
  q5 ..................       0.000000       0.000000       0.000000
  q6 ..................      -0.000034      -0.000038      -0.000073
  q7 ..................       0.000000       0.000000       0.000000
  q8 ..................      -0.000003      -0.000003      -0.000007

  <r^0> [fm^0] ........            1.000000            1.000000            1.000000
  <r^2> [fm^2] ........            8.786808            8.907676            8.847242
  <r^4> [fm^4] ........          112.235042          115.634479          113.934760
  <r^6> [fm^6] ........         1851.423425         1943.148440         1897.285933
  <r^8> [fm^8] ........        37228.077920        39863.268966        38545.673443

  kinetic energy ......     204.857560     202.103412     406.960973
  volume energy .......                                  -658.632122
        rho_tau .......                                    -1.792159
        rho_rho .......                                  -656.839963
  surface energy ......                                    57.474166
   rho_DELTA_rho ......                                    57.474166
   (NABLA_rho)^2 ......                                     0.000000
  spin-orbit energy ...                                   -21.995376
        rho_NABLA_J ...                                   -21.995376
        NABLA_rho_J ...                                     0.000000
  coulomb energy ......                                    28.947603
          direct ......                                    33.386395
          exchange ....                                    -4.438792
  tensor energy .......                                     0.000000
  direct Hartree E  ...                                     0.000000
  Extra E .............                                     0.000000
  External field E ....                                     0.000000
  Entropy .............       0.000000       0.000000       0.000000

  tEnergy: ehfb (qp)...                                  -187.244757

  Calculated but not added corrections 
====================================
  cmc-diagonal part ...       0.000000       0.000000       0.000000
  cmc-hfb .............       0.000000       0.000000       0.000000
  cranking rot corr ...       0.000000       0.000000       0.000000

  SQUJ ................       0.000000       0.000000       0.000000
  CRAN x 4 ............       0.000000       0.000000       0.000000
  Rigit Body ..........       0.000000       0.000000       0.000000


   Blocking candidates are:
   neutron eqpmin=   1.0913100081123872       pwiblo=   5.1031036307982882     
    num=   1 block=   3 state=   1    32 Eqp=   1.09131001  (1-2N)E=  -1.09131001  Ovlp=   0.92874716  3+[ 2, 1, 1]
    num=   2 block=   5 state=   1    56 Eqp=   1.21344117  (1-2N)E=   1.21344117  Ovlp=   0.97648742  5+[ 2, 0, 2]
    num=   3 block=   1 state=   1     1 Eqp=   2.74407671  (1-2N)E=  -2.74407671  Ovlp=   0.80944296  1+[ 2, 2, 0]
    num=   4 block=   1 state=   2     2 Eqp=   3.22042845  (1-2N)E=   3.22042845  Ovlp=   0.75466189  1+[ 2, 0, 0]
    num=   5 block=   1 state=   3     3 Eqp=   6.02041312  (1-2N)E=   6.02041312  Ovlp=   0.68426771  1+[ 2, 1, 1]
    num=   6 block=   2 state=   1    17 Eqp=   6.19401339  (1-2N)E=  -6.19401339  Ovlp=   0.92843505  1-[ 1, 0, 1]

   Blocking candidates are:
   proton  eqpmin=   1.1484557028700664       pwiblo=   5.1031036307982882     
    num=   1 block=   3 state=   1    31 Eqp=   1.14845570  (1-2N)E=  -1.14845570  Ovlp=   0.92559491  3+[ 2, 1, 1]
    num=   2 block=   5 state=   1    54 Eqp=   1.17443805  (1-2N)E=   1.17443805  Ovlp=   0.97279418  5+[ 2, 0, 2]
    num=   3 block=   1 state=   1     1 Eqp=   2.78763099  (1-2N)E=  -2.78763099  Ovlp=   0.80521804  1+[ 2, 2, 0]
    num=   4 block=   1 state=   2     2 Eqp=   3.09242223  (1-2N)E=   3.09242223  Ovlp=   0.74656007  1+[ 2, 0, 0]
    num=   5 block=   1 state=   3     3 Eqp=   5.80921440  (1-2N)E=   5.80921440  Ovlp=   0.67823894  1+[ 2, 1, 1]
    num=   6 block=   2 state=   1    17 Eqp=   6.19752558  (1-2N)E=  -6.19752558  Ovlp=   0.92656777  1-[ 1, 0, 1]


