No Skyrme interaction defined in routine skforce()
Multi-threading framework with OpenMP: 1 threads/task

  =======================================
           FORTRAN 95 CODE (KIND= 8) 
               Version: 200d  
  =======================================
       AXIALLY DEFORMED CONFIGURATIONAL  
     HARTREE-FOCK-BOGOLIUBOV CALCULATIONS
                     WITH                
            UNEDF AND DELTA PAIRING      
                     USING               
             HARMONIC-OSCILLATOR         
                   AND/OR                
       TRANSFORMED HARMONIC-OSCILLATOR   
                    BASIS                
                     ---                 
               v1.66  (2005):,           
   Stoitsov,Dobaczewski,Nazarewicz,Ring, 
               v2.00d (2012):,           
         Stoitsov,Schunck,Kortelainen    
  =======================================
    Nucleus: MG (A=  24, N= 12, Z= 12)
       Reflection Symmetry Imposed       
            ( 9/13/2022, 20:43)                               
  =======================================


  ---------------------------------------
           UNEDF Module Version:17
         M.Kortelainen & M.Stoitsov 
  ---------------------------------------

  UNE1 functional
  ----------------------------------
  Crho(0)=   -779.373008720865300    ; Crho(1)=    287.722131583286796    
  CDrho(0)=   891.477890442349690    ; CDrho(1)=  -200.587774317884879    
  Ctau(0)=  -0.989915057807676746    ; Ctau(1)=   -33.6320970701835549    
  CrDr(0)=   -49.6084073429575341    ; CrDr(1)=   -181.802552185155889    
  CrdJ(0)=   -91.8019859684209791    ; CrdJ(1)=   -46.9352375129287367    
  CJ(0)=      0.00000000000000000    ; CJ(1)=      0.00000000000000000    
  CpV0(0)=   0.100000000000000006    ; CpV0(1)=   0.100000000000000006    
  CpV1(0)=    1.00000000000000000    ; CpV1(1)=    1.00000000000000000    
  sigma=     0.270018011502707600    ; hbzero=     20.7355300000000007    
  e^2 chrg=   1.43997840859651305    ; CExPar=     1.00000000000000000    
  c.m. correction: F, chr. density in direct Coul: F
  use tensor terms: F
  use TMR pairing:  0

  Coupling constants in natural units
  -----------------------------------
  Crho_nu(0)=  -0.877667471343921757    ; Crho_nu(1)=   0.324009624211695935    
  CDrho_nu(0)=  0.941450913381434273    ; CDrho_nu(1)= -0.211831998717341041    
  Ctau_nu(0)=  -0.140321584905665799E-01; Ctau_nu(1)=  -0.476738799694694126    
  CrDr_nu(0)=  -0.703204814201553119    ; CrDr_nu(1)=   -2.57707184685258106    
  CrdJ_nu(0)=   -1.30130358832052773    ; CrdJ_nu(1)=  -0.665312327940926318    
  CJ_nu(0)=      0.00000000000000000    ; CJ_nu(1)=      0.00000000000000000    
  CpV0_nu(0)=   0.112611992142809880E-03; CpV0_nu(1)=   0.112611992142809880E-03
  CpV1_nu(0)=   0.887702254206059068E-03; CpV1_nu(1)=   0.887702254206059068E-03
  fpi_nu=        93.0000000000000000    ; Lambda_nu=     700.000000000000000    

  Nuclear matter properties
  ----------------------------------
      E_NM=     -15.8000000000000149      K_NM=     220.0000000000000284
      P_NM=      -0.0000000000000032    RHO_NM=       0.1587067693325870
    ASS_NM=      28.9867890577721070   LASS_NM=      40.0047904804136323
  SMASS_NM=       0.9924233322833640  VMASS_NM=       1.2498385742322700

  Associated (t,x)-coupling constants
  -----------------------------------
  t0=      -2078.32802325564080    ; x0=       0.537569206858470316E-01
  t1=       263.258285752029906    ; x1=       -5.76918352969706660    
  t2=       1939.74616714279364    ; x2=       -1.35382975770583247    
  t3=       14263.6462470775950    ; x3=      -0.162491168089956339    
  b4=       44.8667484554922424    ; b4p=       93.8704750258574734    
  te=      -582.135933108140307    ; to=       -246.838356829987674    
  sigma=   0.270018011502707600    ; hbzero=    20.7355300000000007    

  ---------------------------------------
        Characteristics of the run       
  ---------------------------------------
  Output file ................:     7
  Nucleus ....................:   MG  24
  Number of HO shells ........:     8
  HO length b0 (fm) ..........:     1.55928400372611
  Basis deformation ..........:  beta0=   0.010 q=   1.010
  HO: b0,1/b0,bp,bz,q ........:   0.15592840E+01  0.64131999E+00  0.15568270E+01  0.15642096E+01  0.10095067E+01
  h**2/(2m), cmc, e**2 .......:   0.20735530E+02  0.20735530E+02  0.14399784E+01
  hom=f*41.0_pr*A^{-1/3}, f...:   0.17056687E+02  0.12000000E+01
  THO basis is ...............:  OFF
  Maximal number of iterations:   400
  Initial mixing parameter ...:  0.300
  Initial w.f. ...............:  from   spherical scratch
  Skyrme functional ..........:    UNE1                          
    with direct and exchange Coulomb
  Lipkin-Nogami procedure is .:  OFF
  PAV procedure is ...........:  OFF
  Constraint calculation is ..:   ON
    Constraint 1 .............: lambda=2 Ql=  -1.192
  Temperature T ..............:   0.05 MeV
  Restart indicator ..........:   1
  Broyden mixing (#iterations):   7

  ---------------------------------------
        Harmonic Oscillator Basis        
  ---------------------------------------
  NUV, NQP:                        2501     165
  Comparison with bookkeeping spherical basis:
  n00:                                8       8  Maximal number of shells
  nbx, 2*n00+1:                      17      17  Maximal number of K-blocks
  ntx, (n00+1)*(n00+2)*(n00+3)/6    165     165  Max.num. p/n levels
  nzx, n00:                           8       8  Maximal nz-quantum number
  nrx, n00/2  :                       4       4  Maximal nr-quantum number
  nlx, n00:                           8       8  Maximal ml-quantum number
  ndx, (n00+2)*(n00+2)/4:            25      25  Maximal dim. of one k-block

  Actual basis used
  Number of blocks: nb .......:   17
  Number of levels: nt .......:  165
  Maximal 2*omega : nom ......:   17
  Maximal nz:       nzm ......:    8
  Maximal nr:       nrm ......:    4
  Maximal ml:       nlm ......:    8
  Maximal N=nz+2*nr+nl .......:    8
  2 x biggest block dim. .....:   50
  Non-zero elements of h .....:     1333
  Number of Broyden elements .:     5332

  ---------------------------------------
            Integration Meshes           
  ---------------------------------------
  Number of Gauss-Hermite mesh points ngh ....:  40
  Number of Gauss-Laguerre mesh points ngl ...:  40
  Number of Gauss-Legendre mesh points nleg ..:  80
  Integration boundaries
    Hermite  - from xh(1)  =  0.12379686 to xh(ngh)   = 11.88786356
    Laguerre - From xl(1)  =  0.03570039 to xl(ngl)   =142.28004447
    Legendre - From xleg(1)=  0.00978669 to xleg(nleg)=  0.99988775
  Max.dev.in:     Orthogonality            Normalization
  Hermite     1.5248282503475657E-015   1.0991207943789050E-014
  Laguerre    4.2896485016951012E-015   8.9928064994637680E-015

  Scratch initialization for the nucleus: MG  12  12


  Initial potentials of Saxon-Woods shape 
  v0ws   =  -71.27999878
  kappa  =    0.46160001
  vs0    =   11.11750031   11.11750031
  r0     =    1.23339999    1.23339999
  a      =    0.61500001    0.61500001
  r0-so  =    1.14429998    1.14429998
  a-so   =    0.64760000    0.64760000
  beta00 =    0.01000000

  ### REGULAR STAGE (reflection symmetry imposed)
  |HFB+HO> iterations(b0=  1.559, Nsh=  8, inin=  1, N= 12, Z= 12)...
  ----------------------------------------------------------------------------------------------------------------------------------
  i          si     mix   beta      Etot       A       rn      rp         En      Dn      Ep      Dp        Ln      Lp     time
  ----------------------------------------------------------------------------------------------------------------------------------
   1L  73.90480883 0.30  0.010     0.000000    0.0   0.000   0.000 |   -2.000   1.000  -2.000   1.000 |   -7.000  -7.000   0.000
   2B  50.69111135 0.10  0.009   -31.819492   24.0   2.625   2.625 |    0.000  -0.000   0.000  -0.000 |  -17.169 -17.169  39.755
   3B  24.28621933 0.11 -0.257  -129.241855   24.0   3.062   3.127 |    0.000  -0.000   0.000  -0.000 |  -12.465  -8.917   1.212
   4B  54.54515557 0.10 -0.352   -74.092301   24.0   3.051   3.086 |    0.000  -0.000   0.000  -0.000 |  -14.075 -10.394   1.239
   5B  36.24658462 0.11 -0.379  -107.155719   24.0   3.173   3.063 |    0.000  -0.000   0.000  -0.000 |  -15.287 -10.256   1.162
   6B  24.51697634 0.13 -0.420  -135.556340   24.0   3.158   3.241 |    0.000  -0.000   0.000  -0.000 |  -15.653 -11.876   1.209
   7B  24.63576755 0.10 -0.482  -139.401960   24.0   3.209   3.374 |    0.000  -0.000   0.000  -0.000 |  -16.297 -11.283   1.250
   8B  18.28165006 0.11 -0.491  -146.572654   24.0   3.400   3.217 |    0.000  -0.000   0.000  -0.000 |  -15.553 -11.810   1.281
   9L  45.76978065 0.10 -0.531  -164.829900   24.0   3.367   3.381 |    0.000  -0.000   0.000  -0.000 |  -15.698 -11.431   1.337
  10B  29.71292312 0.11 -0.519  -167.073402   24.0   3.312   3.339 |    0.000  -0.000   0.000  -0.000 |  -14.933 -10.557   1.606
  11B  23.78773480 0.13 -0.514  -162.144532   24.0   3.304   3.297 |    0.000  -0.000   0.000  -0.000 |  -14.686 -10.681   1.424
  12B  25.33500693 0.10 -0.502  -169.216923   24.0   3.233   3.258 |    0.000  -0.000   0.000  -0.000 |  -14.165  -9.773   1.559
  13L  10.95087245 0.11 -0.490  -169.219150   24.0   3.204   3.243 |    0.000  -0.000   0.000  -0.000 |  -14.145  -9.742   1.428
  14B  10.37264100 0.13 -0.450  -165.014201   24.0   3.194   3.139 |    0.000  -0.000   0.000  -0.000 |  -13.929  -9.602   1.639
  15B   7.69108635 0.14 -0.453  -167.930471   24.0   3.134   3.210 |    0.000  -0.000   0.000  -0.000 |  -14.286  -9.826   1.650
  16B   2.09404902 0.16 -0.458  -170.110831   24.0   3.183   3.181 |    0.000  -0.000   0.000  -0.000 |  -14.372  -9.949   1.712
  17L   1.24811662 0.18 -0.449  -170.814311   24.0   3.157   3.185 |    0.000  -0.000   0.000  -0.000 |  -14.392  -9.985   1.346
  18B   9.56022299 0.10 -0.429  -167.789584   24.0   3.172   3.123 |    0.000  -0.000   0.000  -0.000 |  -14.361 -10.000   1.559
  19L   1.39716848 0.11 -0.434  -171.642147   24.0   3.146   3.162 |    0.000  -0.000   0.000  -0.000 |  -14.406  -9.996   1.649
  20B   5.77890858 0.10 -0.411  -170.900224   24.0   3.093   3.162 |    0.000  -0.000   0.000  -0.000 |  -14.362  -9.928   1.666
  21L   2.01136527 0.11 -0.434  -171.484349   24.0   3.139   3.175 |    0.000  -0.000   0.000  -0.000 |  -14.530 -10.089   1.822
  22B  13.24755005 0.10 -0.408  -163.970959   24.0   3.148   3.107 |    0.000  -0.000   0.000  -0.000 |  -14.417 -10.020   1.288
  23B   1.39191114 0.11 -0.449  -170.683067   24.0   3.171   3.183 |    0.000  -0.000   0.000  -0.000 |  -14.566 -10.169   1.571
  24L   1.47886751 0.10 -0.454  -170.382745   24.0   3.176   3.182 |    0.000  -0.000   0.000  -0.000 |  -14.479 -10.062   1.637
  25B  14.26724413 0.10 -0.445  -160.539806   24.0   3.100   3.229 |    0.000  -0.000   0.000  -0.000 |  -14.488  -9.946   1.502
  26B   1.33998059 0.11 -0.449  -170.713795   24.0   3.164   3.188 |    0.000   0.000   0.000   0.000 |  -14.532 -10.132   1.679
  27B   1.33682320 0.13 -0.451  -170.679294   24.0   3.169   3.184 |    0.000  -0.000   0.000  -0.000 |  -14.523 -10.099   1.443
  28B   1.55781072 0.10 -0.446  -170.833716   24.0   3.157   3.186 |    0.000   0.000   0.000   0.000 |  -14.540 -10.098   1.527
  29B   1.63366790 0.10 -0.429  -171.978870   24.0   3.143   3.170 |    0.000   0.000   0.000   0.000 |  -14.588 -10.177   1.464
  30L   1.83933340 0.10 -0.427  -172.157754   24.0   3.141   3.165 |    0.000   0.000   0.000   0.000 |  -14.576 -10.167   1.426
  31B  14.53756916 0.10 -0.392  -166.806022   24.0   3.101   3.129 |    0.000   0.000   0.000   0.000 |  -14.492 -10.150   1.056
  32B   1.76690092 0.11 -0.440  -171.166614   24.0   3.166   3.169 |    0.000   0.000   0.000   0.000 |  -14.566 -10.191   1.708
  33B   1.09473468 0.13 -0.444  -171.054896   24.0   3.159   3.183 |    0.000   0.000   0.000   0.000 |  -14.568 -10.145   1.669
  34B   1.15510396 0.10 -0.446  -170.898572   24.0   3.167   3.182 |    0.000   0.000   0.000   0.000 |  -14.574 -10.156   1.621
  35B   1.18087172 0.10 -0.447  -170.851933   24.0   3.167   3.185 |    0.000   0.000   0.000   0.000 |  -14.580 -10.165   1.537
  36B   1.20885528 0.10 -0.447  -170.833736   24.0   3.159   3.190 |    0.000   0.000   0.000   0.000 |  -14.565 -10.150   1.662
  37B   1.52722230 0.10 -0.456  -170.343150   24.0   3.177   3.191 |    0.000   0.000   0.000   0.000 |  -14.550 -10.143   1.269
  38B   1.29346279 0.11 -0.434  -171.684849   24.0   3.145   3.176 |    0.000   0.000   0.000   0.000 |  -14.553 -10.126   1.650
  39B   1.66318230 0.10 -0.435  -171.562426   24.0   3.144   3.179 |    0.000   0.000   0.000   0.000 |  -14.550 -10.121   1.504
  40L   1.42199316 0.11 -0.434  -171.650992   24.0   3.149   3.172 |    0.000   0.000   0.000   0.000 |  -14.566 -10.134   1.642
  41B  13.25429320 0.10 -0.397  -167.482895   24.0   3.121   3.119 |    0.000   0.000   0.000   0.000 |  -14.507 -10.055   1.429
  42B   1.27270375 0.11 -0.449  -170.751398   24.0   3.169   3.186 |    0.000   0.000   0.000   0.000 |  -14.594 -10.163   0.980
  43B   1.42788805 0.10 -0.453  -170.488173   24.0   3.168   3.193 |    0.000   0.000   0.000   0.000 |  -14.573 -10.148   1.271
  44B   1.19932695 0.11 -0.447  -170.825119   24.0   3.164   3.183 |    0.000   0.000   0.000   0.000 |  -14.569 -10.121   1.301
  45B   1.25069597 0.10 -0.448  -170.805873   24.0   3.163   3.185 |    0.000   0.000   0.000   0.000 |  -14.560 -10.116   1.709
  46B   1.24684527 0.11 -0.448  -170.830676   24.0   3.163   3.183 |    0.000   0.000   0.000   0.000 |  -14.535 -10.104   1.549
  47L   1.50360085 0.10 -0.440  -171.208884   24.0   3.160   3.170 |    0.000   0.000   0.000   0.000 |  -14.543 -10.110   1.842
  48B  12.76168632 0.10 -0.434  -163.810578   24.0   3.103   3.210 |    0.000   0.000   0.000   0.000 |  -14.544 -10.015   1.728
  49B   1.46916292 0.11 -0.432  -171.806915   24.0   3.150   3.164 |    0.000   0.000   0.000   0.000 |  -14.574 -10.138   1.511
  50B   2.10196586 0.10 -0.429  -171.838454   24.0   3.148   3.156 |    0.000   0.000   0.000   0.000 |  -14.500 -10.107   1.673
  51B   2.91248484 0.10 -0.432  -171.322500   24.0   3.164   3.159 |    0.000   0.000   0.000   0.000 |  -14.615 -10.193   1.603
  52B   1.75076049 0.11 -0.429  -172.014924   24.0   3.140   3.165 |    0.000   0.000   0.000   0.000 |  -14.532 -10.124   1.763
  53B   2.04463492 0.10 -0.432  -171.716387   24.0   3.155   3.160 |    0.000   0.000   0.000   0.000 |  -14.567 -10.164   1.796
  54B   1.49634020 0.11 -0.427  -172.194185   24.0   3.139   3.159 |    0.000   0.000   0.000   0.000 |  -14.530 -10.087   1.661
  55B   3.48011227 0.10 -0.424  -171.895420   24.0   3.121   3.166 |    0.000   0.000   0.000   0.000 |  -14.515 -10.066   1.705
  56B   2.83571752 0.11 -0.399  -174.733848   24.0   3.113   3.140 |    0.000   0.000   0.000   0.000 |  -14.648 -10.238   1.465
  57L   2.78997360 0.13 -0.397  -174.923560   24.0   3.112   3.132 |    0.000   0.000   0.000   0.000 |  -14.624 -10.184   1.126
  58B  16.13904881 0.10 -0.382  -166.191197   24.0   3.092   3.128 |    0.000   0.000   0.000   0.000 |  -14.374 -10.084   1.188
  59B   6.80378150 0.11 -0.430  -168.331187   24.0   3.123   3.187 |    0.000   0.000   0.000   0.000 |  -14.544 -10.067   1.674
  60B   3.12889740 0.13 -0.472  -169.027716   24.0   3.177   3.233 |    0.000   0.000   0.000   0.000 |  -14.605 -10.130   1.584
  61L   2.55722661 0.14 -0.462  -169.741827   24.0   3.176   3.213 |    0.000   0.000   0.000   0.000 |  -14.573 -10.148   1.293
  62B  17.27835010 0.10 -0.450  -156.536835   24.0   3.221   3.128 |    0.000   0.000   0.000   0.000 |  -14.374 -10.228   1.848
  63L   2.27520408 0.11 -0.402  -174.303960   24.0   3.117   3.146 |    0.000   0.000   0.000   0.000 |  -14.618 -10.215   1.680
  64B  13.86459188 0.10 -0.387  -168.406926   24.0   3.107   3.130 |    0.000   0.000   0.000   0.000 |  -14.472 -10.114   1.601
  65B   4.43761775 0.11 -0.413  -172.578283   24.0   3.144   3.130 |    0.000   0.000   0.000   0.000 |  -14.513 -10.095   1.614
  66B   1.42941845 0.13 -0.431  -171.974314   24.0   3.136   3.164 |    0.000   0.000   0.000   0.000 |  -14.464 -10.024   1.489
  67B   2.16396281 0.10 -0.409  -173.524787   24.0   3.119   3.151 |    0.000   0.000   0.000   0.000 |  -14.526 -10.142   1.539
  68B   3.28667584 0.10 -0.417  -172.608728   24.0   3.139   3.146 |    0.000   0.000   0.000   0.000 |  -14.521 -10.142   1.501
  69B   1.45432619 0.11 -0.421  -172.708195   24.0   3.149   3.166 |    0.000   0.000   0.000   0.000 |  -14.666 -10.253   1.732
  70B   3.84807288 0.10 -0.393  -174.478947   24.0   3.108   3.133 |    0.000   0.000   0.000   0.000 |  -14.494 -10.176   1.592
  71B   1.78880880 0.11 -0.398  -174.669047   24.0   3.130   3.155 |    0.000   0.000   0.000   0.000 |  -14.761 -10.435   1.433
  72B   1.94137649 0.10 -0.399  -174.633009   24.0   3.146   3.159 |    0.000   0.000   0.000   0.000 |  -14.896 -10.576   1.507
  73B   1.99043044 0.10 -0.402  -174.108028   24.0   3.155   3.178 |    0.000   0.000   0.000   0.000 |  -15.116 -10.756   1.530
  74B   2.75662812 0.10 -0.402  -174.179626   24.0   3.143   3.172 |    0.000   0.000   0.000   0.000 |  -15.022 -10.684   1.485
  75B   0.33747186 0.11 -0.402  -174.388010   24.0   3.152   3.172 |    0.000   0.000   0.000   0.000 |  -15.096 -10.724   1.563
  76B   0.30325232 0.13 -0.401  -174.469784   24.0   3.150   3.171 |    0.000   0.000   0.000   0.000 |  -15.087 -10.722   1.754
  77B   0.42342906 0.10 -0.401  -174.437381   24.0   3.150   3.172 |    0.000   0.000   0.000   0.000 |  -15.097 -10.742   1.615
  78B   0.24020956 0.11 -0.400  -174.601404   24.0   3.146   3.169 |    0.000  -0.000   0.000  -0.000 |  -15.064 -10.686   1.653
  79B   0.85847698 0.10 -0.400  -174.595420   24.0   3.147   3.168 |    0.000  -0.000   0.000  -0.000 |  -15.060 -10.679   1.738
  80B   0.31487914 0.11 -0.400  -174.595640   24.0   3.147   3.168 |    0.000  -0.000   0.000  -0.000 |  -15.071 -10.698   1.621
  81B   0.08656276 0.13 -0.400  -174.643023   24.0   3.146   3.167 |    0.000  -0.000   0.000  -0.000 |  -15.061 -10.685   1.576
  82B   0.17398515 0.10 -0.400  -174.676083   24.0   3.145   3.167 |    0.000  -0.000   0.000  -0.000 |  -15.053 -10.675   0.987
  83B   0.07861051 0.11 -0.400  -174.674265   24.0   3.145   3.167 |    0.000  -0.000   0.000  -0.000 |  -15.054 -10.678   0.996
  84B   0.07373137 0.13 -0.400  -174.689078   24.0   3.145   3.167 |    0.000  -0.000   0.000  -0.000 |  -15.050 -10.674   1.606
  85B   0.07449830 0.10 -0.400  -174.689121   24.0   3.145   3.167 |    0.000  -0.000   0.000  -0.000 |  -15.051 -10.673   1.215
  86B   0.06905678 0.11 -0.399  -174.711714   24.0   3.144   3.166 |    0.000  -0.000   0.000  -0.000 |  -15.046 -10.669   1.603
  87B   0.06642329 0.13 -0.399  -174.724486   24.0   3.144   3.166 |    0.000  -0.000   0.000  -0.000 |  -15.043 -10.667   1.614
  88B   0.05336453 0.14 -0.399  -174.782937   24.0   3.143   3.165 |    0.000   0.000   0.000   0.000 |  -15.032 -10.655   1.646
  89B   0.05531800 0.10 -0.399  -174.807962   24.0   3.143   3.164 |    0.000   0.000   0.000   0.000 |  -15.028 -10.649   1.685
  90B   0.04175867 0.11 -0.398  -174.828501   24.0   3.142   3.164 |    0.000   0.000   0.000   0.000 |  -15.023 -10.644   1.698
  91B   0.02233591 0.13 -0.397  -174.992596   24.0   3.140   3.161 |    0.000   0.000   0.000   0.000 |  -14.991 -10.609   0.987
  92B   0.02315521 0.10 -0.397  -175.010262   24.0   3.139   3.161 |    0.000   0.000   0.000   0.000 |  -14.988 -10.606   1.660
  93B   0.07441190 0.10 -0.397  -174.985527   24.0   3.140   3.161 |    0.000  -0.000   0.000  -0.000 |  -14.992 -10.611   1.712
  94B   0.01877848 0.11 -0.397  -175.030542   24.0   3.139   3.161 |    0.000  -0.000   0.000  -0.000 |  -14.985 -10.601   1.255
  95B   0.01926215 0.10 -0.396  -175.063489   24.0   3.138   3.160 |    0.000  -0.000   0.000  -0.000 |  -14.978 -10.594   1.006
  96B   0.00960788 0.11 -0.396  -175.049993   24.0   3.139   3.160 |    0.000  -0.000   0.000  -0.000 |  -14.981 -10.597   1.715
  97B   0.00768118 0.13 -0.397  -175.041953   24.0   3.139   3.160 |    0.000  -0.000   0.000  -0.000 |  -14.982 -10.599   1.598
  98B   0.00502595 0.14 -0.397  -175.028775   24.0   3.139   3.161 |    0.000   0.000   0.000   0.000 |  -14.985 -10.602   1.066
  99B   0.01455207 0.10 -0.397  -175.043716   24.0   3.139   3.160 |    0.000  -0.000   0.000  -0.000 |  -14.982 -10.599   0.920
 100B   0.00528274 0.11 -0.397  -175.031604   24.0   3.139   3.161 |    0.000   0.000   0.000   0.000 |  -14.985 -10.602   1.607
 101B   0.00539400 0.10 -0.397  -175.028081   24.0   3.139   3.161 |    0.000   0.000   0.000   0.000 |  -14.985 -10.603   1.456
 102B   0.00367187 0.11 -0.397  -175.024065   24.0   3.139   3.161 |    0.000   0.000   0.000   0.000 |  -14.986 -10.604   1.537
 103B   0.00316664 0.13 -0.397  -175.022583   24.0   3.139   3.161 |    0.000   0.000   0.000   0.000 |  -14.986 -10.604   1.028
 104B   0.00257472 0.14 -0.397  -175.020053   24.0   3.139   3.161 |    0.000   0.000   0.000   0.000 |  -14.987 -10.604   1.536
 105B   0.00281299 0.10 -0.397  -175.018494   24.0   3.139   3.161 |    0.000   0.000   0.000   0.000 |  -14.987 -10.605   1.520
 106B   0.00224739 0.11 -0.397  -175.014283   24.0   3.139   3.161 |    0.000   0.000   0.000   0.000 |  -14.988 -10.606   1.011
 107B   0.00140584 0.13 -0.397  -175.003707   24.0   3.139   3.161 |    0.000  -0.000   0.000  -0.000 |  -14.990 -10.608   1.470
 108B   0.00456201 0.10 -0.397  -175.008825   24.0   3.139   3.161 |    0.000  -0.000   0.000  -0.000 |  -14.989 -10.607   1.231
 109B   0.00335874 0.11 -0.397  -175.004455   24.0   3.139   3.161 |    0.000  -0.000   0.000  -0.000 |  -14.990 -10.608   1.220
 110B   0.00087792 0.13 -0.397  -175.005350   24.0   3.139   3.161 |    0.000  -0.000   0.000  -0.000 |  -14.990 -10.608   0.960
 111B   0.00159747 0.10 -0.397  -175.007261   24.0   3.139   3.161 |    0.000   0.000   0.000   0.000 |  -14.989 -10.607   1.625
 112B   0.00064626 0.11 -0.397  -175.006326   24.0   3.139   3.161 |    0.000  -0.000   0.000  -0.000 |  -14.990 -10.607   1.659
 113B   0.00046997 0.13 -0.397  -175.007228   24.0   3.139   3.161 |    0.000   0.000   0.000   0.000 |  -14.989 -10.607   1.020
 114B   0.00039834 0.14 -0.397  -175.007373   24.0   3.139   3.161 |    0.000   0.000   0.000   0.000 |  -14.989 -10.607   1.575
 115B   0.00041480 0.10 -0.397  -175.007300   24.0   3.139   3.161 |    0.000   0.000   0.000   0.000 |  -14.989 -10.607   1.357
 116B   0.00035694 0.11 -0.397  -175.007545   24.0   3.139   3.161 |    0.000   0.000   0.000   0.000 |  -14.989 -10.607   1.001
 117B   0.00034365 0.13 -0.397  -175.007598   24.0   3.139   3.161 |    0.000   0.000   0.000   0.000 |  -14.989 -10.607   1.509
 118B   0.00044368 0.10 -0.397  -175.007674   24.0   3.139   3.161 |    0.000  -0.000   0.000  -0.000 |  -14.989 -10.607   1.496
 119B   0.00033357 0.11 -0.397  -175.008200   24.0   3.139   3.161 |    0.000  -0.000   0.000  -0.000 |  -14.989 -10.607   1.417
 120B   0.00014688 0.13 -0.397  -175.009156   24.0   3.139   3.161 |    0.000  -0.000   0.000  -0.000 |  -14.989 -10.607   1.104
 121B   0.00036352 0.10 -0.397  -175.008675   24.0   3.139   3.161 |    0.000  -0.000   0.000  -0.000 |  -14.989 -10.607   1.351
 122B   0.00008293 0.11 -0.397  -175.009240   24.0   3.139   3.161 |    0.000  -0.000   0.000  -0.000 |  -14.989 -10.607   1.733
 123B   0.00011647 0.10 -0.397  -175.009225   24.0   3.139   3.161 |    0.000  -0.000   0.000  -0.000 |  -14.989 -10.607   1.466
 124B   0.00003024 0.11 -0.397  -175.009191   24.0   3.139   3.161 |    0.000  -0.000   0.000  -0.000 |  -14.989 -10.607   1.576
 125B   0.00003498 0.10 -0.397  -175.009210   24.0   3.139   3.161 |    0.000  -0.000   0.000  -0.000 |  -14.989 -10.607   1.419
 126B   0.00002729 0.11 -0.397  -175.009117   24.0   3.139   3.161 |    0.000   0.000   0.000   0.000 |  -14.989 -10.607   1.303
 127B   0.00012977 0.10 -0.397  -175.009208   24.0   3.139   3.161 |    0.000  -0.000   0.000  -0.000 |  -14.989 -10.607   1.107
 128B   0.00003202 0.11 -0.397  -175.009172   24.0   3.139   3.161 |    0.000  -0.000   0.000  -0.000 |  -14.989 -10.607   1.051
 129B   0.00001916 0.13 -0.397  -175.009144   24.0   3.139   3.161 |    0.000   0.000   0.000   0.000 |  -14.989 -10.607   0.990
 130B   0.00001569 0.14 -0.397  -175.009122   24.0   3.139   3.161 |    0.000   0.000   0.000   0.000 |  -14.989 -10.607   1.671
 131B   0.00001387 0.16 -0.397  -175.009122   24.0   3.139   3.161 |    0.000   0.000   0.000   0.000 |  -14.989 -10.607   1.136
 132B   0.00001168 0.18 -0.397  -175.009098   24.0   3.139   3.161 |    0.000  -0.000   0.000  -0.000 |  -14.989 -10.607   1.149
 133B   0.00000729 0.21 -0.397  -175.009086   24.0   3.139   3.161 |    0.000   0.000   0.000   0.000 |  -14.989 -10.607   1.032
 134B   0.00000451 0.24 -0.397  -175.009067   24.0   3.139   3.161 |    0.000   0.000   0.000   0.000 |  -14.989 -10.607   1.397
 135B   0.00000457 0.10 -0.397  -175.009043   24.0   3.139   3.161 |    0.000  -0.000   0.000  -0.000 |  -14.989 -10.607   1.096
 136B   0.00000675 0.10 -0.397  -175.009059   24.0   3.139   3.161 |    0.000  -0.000   0.000  -0.000 |  -14.989 -10.607   1.001
 137B   0.00001063 0.10 -0.397  -175.009053   24.0   3.139   3.161 |    0.000  -0.000   0.000  -0.000 |  -14.989 -10.607   1.103
 138B   0.00000372 0.11 -0.397  -175.009051   24.0   3.139   3.161 |    0.000  -0.000   0.000  -0.000 |  -14.989 -10.607   1.446
 139B   0.00000153 0.13 -0.397  -175.009057   24.0   3.139   3.161 |    0.000   0.000   0.000   0.000 |  -14.989 -10.607   1.040
 140B   0.00000618 0.10 -0.397  -175.009055   24.0   3.139   3.161 |    0.000  -0.000   0.000   0.000 |  -14.989 -10.607   1.515
 141B   0.00000170 0.11 -0.397  -175.009056   24.0   3.139   3.161 |    0.000   0.000   0.000  -0.000 |  -14.989 -10.607   1.532
 142B   0.00000116 0.13 -0.397  -175.009057   24.0   3.139   3.161 |    0.000  -0.000   0.000  -0.000 |  -14.989 -10.607   1.442
 143B   0.00000084 0.14 -0.397  -175.009059   24.0   3.139   3.161 |    0.000   0.000   0.000  -0.000 |  -14.989 -10.607   1.000
 144B   0.00000072 0.16 -0.397  -175.009061   24.0   3.139   3.161 |    0.000   0.000   0.000   0.000 |  -14.989 -10.607   1.551
 145B   0.00000059 0.18 -0.397  -175.009062   24.0   3.139   3.161 |    0.000   0.000   0.000   0.000 |  -14.989 -10.607   1.024
 146B   0.00000134 0.10 -0.397  -175.009061   24.0   3.139   3.161 |    0.000   0.000   0.000   0.000 |  -14.989 -10.607   1.575
 147B   0.00000028 0.11 -0.397  -175.009062   24.0   3.139   3.161 |    0.000   0.000   0.000   0.000 |  -14.989 -10.607   1.298
 148B   0.00000031 0.10 -0.397  -175.009063   24.0   3.139   3.161 |    0.000   0.000   0.000  -0.000 |  -14.989 -10.607   1.470
 149B   0.00000028 0.11 -0.397  -175.009063   24.0   3.139   3.161 |    0.000  -0.000   0.000   0.000 |  -14.989 -10.607   1.091
 150B   0.00000015 0.13 -0.397  -175.009063   24.0   3.139   3.161 |    0.000   0.000   0.000   0.000 |  -14.989 -10.607   1.316
 151B   0.00000012 0.14 -0.397  -175.009063   24.0   3.139   3.161 |    0.000   0.000   0.000   0.000 |  -14.989 -10.607   0.970
 152B   0.00000008 0.16 -0.397  -175.009063   24.0   3.139   3.161 |    0.000   0.000   0.000   0.000 |  -14.989 -10.607   1.149
 153B   0.00000007 0.18 -0.397  -175.009063   24.0   3.139   3.161 |    0.000  -0.000   0.000  -0.000 |  -14.989 -10.607   1.122
 154B   0.00000007 0.10 -0.397  -175.009063   24.0   3.139   3.161 |    0.000   0.000   0.000  -0.000 |  -14.989 -10.607   1.300
 155B   0.00000011 0.10 -0.397  -175.009063   24.0   3.139   3.161 |    0.000  -0.000   0.000  -0.000 |  -14.989 -10.607   1.217
 156B   0.00000004 0.11 -0.397  -175.009063   24.0   3.139   3.161 |    0.000   0.000   0.000  -0.000 |  -14.989 -10.607   1.030
 157B   0.00000001 0.13 -0.397  -175.009062   24.0   3.139   3.161 |    0.000   0.000   0.000  -0.000 |  -14.989 -10.607   1.471
 158B   0.00000006 0.10 -0.397  -175.009062   24.0   3.139   3.161 |    0.000  -0.000   0.000   0.000 |  -14.989 -10.607   1.015
 159B   0.00000006 0.10 -0.397  -175.009062   24.0   3.139   3.161 |    0.000   0.000   0.000   0.000 |  -14.989 -10.607   0.999
 160B   0.00000000 0.11 -0.397  -175.009062   24.0   3.139   3.161 |    0.000  -0.000   0.000   0.000 |  -14.989 -10.607   1.684
 161B   0.00000001 0.10 -0.397  -175.009062   24.0   3.139   3.161 |    0.000  -0.000   0.000   0.000 |  -14.989 -10.607   1.221
 162B   0.00000000 0.11 -0.397  -175.009062   24.0   3.139   3.161 |    0.000  -0.000   0.000   0.000 |  -14.989 -10.607   1.314
 163B   0.00000000 0.13 -0.397  -175.009062   24.0   3.139   3.161 |    0.000   0.000   0.000  -0.000 |  -14.989 -10.607   1.445
 164B   0.00000000 0.14 -0.397  -175.009062   24.0   3.139   3.161 |    0.000  -0.000   0.000  -0.000 |  -14.989 -10.607   1.061
  ----------------------------------------------------------------------------------------------------------------------------------
  *   iteration converged   after 164 steps   si=     0.0000000009 ho=  0 tho=  0
  ----------------------------------------------------------------------------------------------------------------------------------
  Total CPU time=   4.510 minutes

  Writing to wel_file: s012_012.hel
 __________________________________  
  The tape s012_012.hel recorded:     
  nucname,npr,ngh,ngl,n00,nb,nt      
  b0,beta0,si,etot,rms,bet,xmix      
  pairing:     CpV0,CpV1,pwi         
  delta:       del,ept               
  lambda:      ala,ala2,alast,tz     
  asymptotic:  varmas,ass,skass      
  ntx,nb,nhhdim,id,N_rz,n_r,n_z      
  Omega2,Sigma2,Parity,Lambda        
  matrices(inbro):    hh,de          
  *all blocking candidates           
 __________________________________  


  NB! From expect (UNPROJECTED RESULTS)

  pairing: CpV0,CpV1,...           0.100000       0.100000       1.000000       1.000000
  forces:   UNE1                          


                             neutrons         protons         total
  Requested part.numbs.      12.000000      12.000000      24.000000
  UnPj(av) part.numbs .      12.000000      12.000000      24.000000
  b0, bz, bp ..........       1.559284       1.564210       1.556827

  lambda (ala) ........     -14.989102     -10.606698
  Lambda (alast) ......     -14.989102     -10.606698
  delta(n,p), pwi .....       0.000000      -0.000000      60.000000
  pairing energy ......       0.000000       0.000000       0.000000

  rms-radius ..........       3.139288       3.161037       3.150181
  charge-radius, r0 ...                      3.260698       3.461399
  deformation beta2....      -0.395623      -0.398011      -0.396825
  dipole moment[fm] ...       0.000000       0.000000       0.000000
  quadrupole moment[b]       -0.590249      -0.602068      -1.192317
  octupole moment .....       0.000000       0.000000       0.000000
  hexadecapole moment .       0.014727       0.015210       0.029937
  q5 ..................       0.000000       0.000000       0.000000
  q6 ..................      -0.001269      -0.001316      -0.002586
  q7 ..................       0.000000       0.000000       0.000000
  q8 ..................       0.000108       0.000111       0.000219

  <r^0> [fm^0] ........            1.000000            1.000000            1.000000
  <r^2> [fm^2] ........            9.855129            9.992154            9.923641
  <r^4> [fm^4] ........          144.976371          149.273183          147.124777
  <r^6> [fm^6] ........         2767.495187         2895.169898         2831.332542
  <r^8> [fm^8] ........        63953.853852        67941.662649        65947.758251

  kinetic energy ......     191.355774     189.013908     380.369682
  volume energy .......                                  -618.101658
        rho_tau .......                                    -1.519219
        rho_rho .......                                  -616.582439
  surface energy ......                                    51.786842
   rho_DELTA_rho ......                                    51.786842
   (NABLA_rho)^2 ......                                     0.000000
  spin-orbit energy ...                                   -16.675471
        rho_NABLA_J ...                                   -16.675471
        NABLA_rho_J ...                                     0.000000
  coulomb energy ......                                    27.611543
          direct ......                                    31.881753
          exchange ....                                    -4.270210
  tensor energy .......                                     0.000000
  direct Hartree E  ...                                     0.000000
  Extra E .............                                     0.000000
  External field E ....                                     0.000000
  Entropy .............       1.854231       1.839423       3.693655

  tEnergy: ehfb (qp)...                                  -175.009062

  Calculated but not added corrections 
====================================
  cmc-diagonal part ...       0.000000       0.000000       0.000000
  cmc-hfb .............       0.000000       0.000000       0.000000
  cranking rot corr ...       0.000000       0.000000       0.000000

  SQUJ ................       0.000000       0.000000       0.000000
  CRAN x 4 ............       0.000000       0.000000       0.000000
  Rigit Body ..........       0.000000       0.000000       0.000000


   Blocking candidates are:
   neutron eqpmin=   7.7586495996371241E-002  pwiblo=   5.1031036307982882     
    num=   1 block=   1 state=   1     1 Eqp=   0.07758650  (1-2N)E=  -0.07758650  Ovlp=   0.76978667  1+[ 2, 0, 0]
    num=   2 block=   3 state=   1    30 Eqp=   0.07758225  (1-2N)E=   0.07758225  Ovlp=   0.78825300  3+[ 2, 0, 2]
    num=   3 block=   2 state=   1    17 Eqp=   0.56547703  (1-2N)E=  -0.56547703  Ovlp=   0.89748866  1-[ 1, 1, 0]
    num=   4 block=   5 state=   1    53 Eqp=   2.22236166  (1-2N)E=  -2.22236166  Ovlp=   0.91058844  5+[ 2, 0, 2]

   Blocking candidates are:
   proton  eqpmin=   7.8521525825820504E-002  pwiblo=   5.1031036307982882     
    num=   1 block=   1 state=   1     1 Eqp=   0.07852153  (1-2N)E=  -0.07852153  Ovlp=   0.76194910  1+[ 2, 0, 0]
    num=   2 block=   3 state=   1    30 Eqp=   0.07848775  (1-2N)E=   0.07848775  Ovlp=   0.78746538  3+[ 2, 0, 2]
    num=   3 block=   2 state=   1    17 Eqp=   0.46240559  (1-2N)E=  -0.46240559  Ovlp=   0.89661008  1-[ 1, 1, 0]
    num=   4 block=   5 state=   1    52 Eqp=   2.21523557  (1-2N)E=  -2.21523557  Ovlp=   0.90597760  5+[ 2, 0, 2]



 HFBTHO_SOLVER ended without errors

