No Skyrme interaction defined in routine skforce()
Multi-threading framework with OpenMP: 1 threads/task

  =======================================
           FORTRAN 95 CODE (KIND= 8) 
               Version: 200d  
  =======================================
       AXIALLY DEFORMED CONFIGURATIONAL  
     HARTREE-FOCK-BOGOLIUBOV CALCULATIONS
                     WITH                
            UNEDF AND DELTA PAIRING      
                     USING               
             HARMONIC-OSCILLATOR         
                   AND/OR                
       TRANSFORMED HARMONIC-OSCILLATOR   
                    BASIS                
                     ---                 
               v1.66  (2005):,           
   Stoitsov,Dobaczewski,Nazarewicz,Ring, 
               v2.00d (2012):,           
         Stoitsov,Schunck,Kortelainen    
  =======================================
    Nucleus: GD (A= 156, N= 92, Z= 64)
       Reflection Symmetry Imposed       
            ( 7/15/2023,  5:52)                               
  =======================================


  ---------------------------------------
           UNEDF Module Version:17
         M.Kortelainen & M.Stoitsov 
  ---------------------------------------

  UNE1 functional
  ----------------------------------
  Crho(0)=   -805.754491229842642    ; Crho(1)=    383.721219219309376    
  CDrho(0)=   884.110661881456736    ; CDrho(1)=  -378.567406071466110    
  Ctau(0)=    9.05393076091944948    ; Ctau(1)=   -23.6228411389809168    
  CrDr(0)=   -48.6144598116975004    ; CrDr(1)=   -96.8316100063461533    
  CrdJ(0)=   -90.2721295264658607    ; CrdJ(1)=   -42.4224790676819836    
  CJ(0)=      0.00000000000000000    ; CJ(1)=      0.00000000000000000    
  CpV0(0)=   0.100000000000000006    ; CpV0(1)=   0.100000000000000006    
  CpV1(0)=    1.00000000000000000    ; CpV1(1)=    1.00000000000000000    
  sigma=     0.249975433554826737    ; hbzero=     20.7355300000000007    
  e^2 chrg=   1.43997840859651305    ; CExPar=     1.00000000000000000    
  c.m. correction: F, chr. density in direct Coul: F
  use tensor terms: F
  use TMR pairing:  0

  Coupling constants in natural units
  -----------------------------------
  Crho_nu(0)=  -0.907376184354088067    ; Crho_nu(1)=   0.432116109237542845    
  CDrho_nu(0)=  0.938133139760894519    ; CDrho_nu(1)= -0.401699294648457494    
  Ctau_nu(0)=   0.128340497902114603    ; Ctau_nu(1)=  -0.334856458890291253    
  CrDr_nu(0)=  -0.689115494941336504    ; CrDr_nu(1)=   -1.37259908088979166    
  CrdJ_nu(0)=   -1.27961769932226277    ; CrdJ_nu(1)=  -0.601343463911738096    
  CJ_nu(0)=      0.00000000000000000    ; CJ_nu(1)=      0.00000000000000000    
  CpV0_nu(0)=   0.112611992142809880E-03; CpV0_nu(1)=   0.112611992142809880E-03
  CpV1_nu(0)=   0.887702254206059068E-03; CpV1_nu(1)=   0.887702254206059068E-03
  fpi_nu=        93.0000000000000000    ; Lambda_nu=     700.000000000000000    

  Nuclear matter properties
  ----------------------------------
      E_NM=     -15.7999999999999670      K_NM=     219.9999999999994600
      P_NM=      -0.0000000000000031    RHO_NM=       0.1585387708131061
    ASS_NM=      29.3992467331579448   LASS_NM=      36.0499492988596586
  SMASS_NM=       1.0692241314238478  VMASS_NM=       1.2498385742322693

  Associated (t,x)-coupling constants
  -----------------------------------
  t0=      -2148.67864327958023    ; x0=       0.214338964403958276    
  t1=       271.349026676945925    ; x1=       -3.18070686186326590    
  t2=       998.791839894164013    ; x2=       -1.41749841186303560    
  t3=       14145.7705901033078    ; x3=       0.142285104784018235    
  b4=       47.8496504587838771    ; b4p=       84.8449581353639672    
  te=      -300.631037116023492    ; to=       -155.142474472579920    
  sigma=   0.249975433554826737    ; hbzero=    20.7355300000000007    

  ---------------------------------------
        Characteristics of the run       
  ---------------------------------------
  Output file ................:     7
  Nucleus ....................:   GD 156
  Number of HO shells ........:    10
  HO length b0 (fm) ..........:     2.13015292605643
  Basis deformation ..........:  beta0=   0.010 q=   1.010
  HO: b0,1/b0,bp,bz,q ........:   0.21301529E+01  0.46944986E+00  0.21267964E+01  0.21368819E+01  0.10095067E+01
  h**2/(2m), cmc, e**2 .......:   0.20735530E+02  0.20735530E+02  0.14399784E+01
  hom=f*41.0_pr*A^{-1/3}, f...:   0.91395238E+01  0.12000000E+01
  THO basis is ...............:  OFF
  Maximal number of iterations:   400
  Initial mixing parameter ...:  0.300
  Initial w.f. ...............:  from   spherical scratch
  Skyrme functional ..........:    UNE1                          
    with direct and exchange Coulomb
  Lipkin-Nogami procedure is .:  OFF
  PAV procedure is ...........:  OFF
  Constraint calculation is ..:   ON
    Constraint 1 .............: lambda=2 Ql=  19.284
  Temperature T ..............:   0.05 MeV
  Restart indicator ..........:   1
  Broyden mixing (#iterations):   7

  ---------------------------------------
        Harmonic Oscillator Basis        
  ---------------------------------------
  NUV, NQP:                        6222     286
  Comparison with bookkeeping spherical basis:
  n00:                               10      10  Maximal number of shells
  nbx, 2*n00+1:                      21      21  Maximal number of K-blocks
  ntx, (n00+1)*(n00+2)*(n00+3)/6    286     286  Max.num. p/n levels
  nzx, n00:                          10      10  Maximal nz-quantum number
  nrx, n00/2  :                       5       5  Maximal nr-quantum number
  nlx, n00:                          10      10  Maximal ml-quantum number
  ndx, (n00+2)*(n00+2)/4:            36      36  Maximal dim. of one k-block

  Actual basis used
  Number of blocks: nb .......:   21
  Number of levels: nt .......:  286
  Maximal 2*omega : nom ......:   21
  Maximal nz:       nzm ......:   10
  Maximal nr:       nrm ......:    5
  Maximal ml:       nlm ......:   10
  Maximal N=nz+2*nr+nl .......:   10
  2 x biggest block dim. .....:   72
  Non-zero elements of h .....:     3254
  Number of Broyden elements .:    13016

  ---------------------------------------
            Integration Meshes           
  ---------------------------------------
  Number of Gauss-Hermite mesh points ngh ....:  40
  Number of Gauss-Laguerre mesh points ngl ...:  40
  Number of Gauss-Legendre mesh points nleg ..:  80
  Integration boundaries
    Hermite  - from xh(1)  =  0.12379686 to xh(ngh)   = 11.88786356
    Laguerre - From xl(1)  =  0.03570039 to xl(ngl)   =142.28004447
    Legendre - From xleg(1)=  0.00978669 to xleg(nleg)=  0.99988775
  Max.dev.in:     Orthogonality            Normalization
  Hermite     1.5248282503475657E-015   1.0991207943789050E-014
  Laguerre    4.8291451697098846E-015   9.3258734068513149E-015

  Scratch initialization for the nucleus: GD  92  64


  Initial potentials of Saxon-Woods shape 
  v0ws   =  -71.27999878
  kappa  =    0.46160001
  vs0    =   11.11750031   11.11750031
  r0     =    1.23339999    1.23339999
  a      =    0.61500001    0.61500001
  r0-so  =    1.14429998    1.14429998
  a-so   =    0.64760000    0.64760000
  beta00 =    0.01000000

  ### REGULAR STAGE (reflection symmetry imposed)
  |HFB+HO> iterations(b0=  2.130, Nsh= 10, inin=  1, N= 92, Z= 64)...
  ----------------------------------------------------------------------------------------------------------------------------------
  i          si     mix   beta      Etot       A       rn      rp         En      Dn      Ep      Dp        Ln      Lp     time
  ----------------------------------------------------------------------------------------------------------------------------------
   1L  69.94764065 0.30  0.010     0.000000    0.0   0.000   0.000 |   -2.000   1.000  -2.000   1.000 |   -7.000  -7.000   0.000
   2B  45.74759021 0.10  0.020 -1009.560757  156.0   4.803   4.551 |    0.001  -0.000   0.000  -0.000 |  -14.218 -26.849  23.580
   3B  16.52851842 0.11  0.219 -1154.702530  156.0   5.009   4.996 |    0.000  -0.000   0.000  -0.000 |   -6.142 -11.776   2.228
   4B  19.88975131 0.10  0.465  -922.182924  156.0   5.376   5.047 |    0.000  -0.000   0.000  -0.000 |   -8.302  -9.311   2.030
   5B   6.69640706 0.11  0.573 -1246.393172  156.0   5.452   5.339 |    0.000  -0.000   0.000  -0.000 |   -7.804  -8.708   1.312
   6B   6.62848067 0.13  0.657 -1248.623434  156.0   5.569   5.490 |    0.000  -0.000   0.000  -0.000 |   -8.333  -9.878   1.869
   7B   7.34886946 0.10  0.698 -1249.410034  156.0   5.626   5.552 |    0.000   0.000   0.000   0.000 |   -8.107  -9.488   2.159
   8B   7.81974161 0.10  0.657 -1262.373560  156.0   5.570   5.474 |    0.000  -0.000   0.000  -0.000 |   -7.236  -8.688   2.544
   9B   6.60005398 0.11  0.618 -1270.610824  156.0   5.501   5.397 |    0.000  -0.000   0.000  -0.000 |   -6.523  -7.482   1.977
  10B   4.74344225 0.13  0.543 -1273.052023  156.0   5.407   5.272 |    0.000  -0.000   0.000  -0.000 |   -6.369  -7.113   1.934
  11B   2.36351773 0.14  0.515 -1274.713835  156.0   5.362   5.249 |    0.000  -0.000   0.000  -0.000 |   -6.630  -7.151   2.373
  12B   3.86127578 0.10  0.484 -1277.131239  156.0   5.325   5.234 |    0.000  -0.000   0.000  -0.000 |   -6.725  -7.370   1.660
  13B   1.96352924 0.11  0.466 -1280.158974  156.0   5.312   5.211 |    0.000  -0.000   0.000  -0.000 |   -6.946  -7.278   1.735
  14B   1.90407688 0.13  0.462 -1280.043685  156.0   5.311   5.206 |    0.000  -0.000   0.000  -0.000 |   -7.051  -7.170   1.747
  15B   1.37693358 0.14  0.429 -1281.288057  156.0   5.286   5.171 |    0.000  -0.000   0.000  -0.000 |   -7.113  -7.008   1.830
  16B   1.19091815 0.16  0.431 -1281.874782  156.0   5.287   5.176 |    0.000  -0.000   0.000  -0.000 |   -7.129  -7.001   2.521
  17B   1.00458670 0.18  0.443 -1281.734194  156.0   5.298   5.187 |    0.000  -0.000   0.000  -0.000 |   -7.143  -6.997   1.813
  18B   0.80544815 0.21  0.434 -1282.595425  156.0   5.289   5.185 |    0.000  -0.000   0.000  -0.000 |   -7.198  -6.966   1.965
  19B   0.68719145 0.24  0.430 -1282.892561  156.0   5.287   5.180 |    0.000  -0.000   0.000  -0.000 |   -7.216  -6.937   1.493
  20B   0.56722868 0.27  0.416 -1283.669580  156.0   5.278   5.166 |    0.000   0.000   0.000   0.000 |   -7.322  -6.824   1.675
  21L   0.58698102 0.10  0.407 -1283.973091  156.0   5.273   5.156 |    0.000   0.000   0.000   0.000 |   -7.350  -6.740   1.479
  22B   0.53791670 0.11  0.404 -1284.123305  156.0   5.268   5.154 |    0.000   0.000   0.000   0.000 |   -7.281  -6.683   2.229
  23B   0.76262461 0.10  0.403 -1284.076618  156.0   5.269   5.151 |    0.000   0.000   0.000   0.000 |   -7.316  -6.706   1.721
  24B   0.63405536 0.11  0.403 -1284.107260  156.0   5.267   5.152 |    0.000   0.000   0.000   0.000 |   -7.301  -6.697   2.336
  25L   0.89228219 0.10  0.394 -1284.435611  156.0   5.259   5.142 |    0.000   0.000   0.000   0.000 |   -7.261  -6.619   1.932
  26L   0.84104094 0.11  0.385 -1284.655499  156.0   5.250   5.136 |    0.000   0.000   0.000   0.000 |   -7.247  -6.593   1.836
  27L   0.78086340 0.13  0.374 -1284.865860  156.0   5.240   5.128 |    0.000   0.000   0.000   0.000 |   -7.248  -6.606   1.349
  28L   0.63692009 0.14  0.366 -1285.149354  156.0   5.233   5.121 |    0.000   0.000   0.000   0.000 |   -7.258  -6.629   1.410
  29L   0.64711717 0.10  0.357 -1285.415232  156.0   5.225   5.116 |    0.000   0.000   0.000   0.000 |   -7.280  -6.672   1.620
  30B   0.38001889 0.11  0.353 -1285.619746  156.0   5.223   5.111 |    0.000   0.000   0.000   0.000 |   -7.310  -6.705   1.625
  31B   0.48221127 0.10  0.354 -1285.486878  156.0   5.223   5.115 |    0.000   0.000   0.000   0.000 |   -7.376  -6.752   2.609
  32B   0.14005976 0.11  0.364 -1285.319400  156.0   5.232   5.120 |    0.000   0.000   0.000   0.000 |   -7.379  -6.755   2.580
  33B   0.09640311 0.13  0.364 -1285.312850  156.0   5.232   5.121 |    0.000   0.000   0.000   0.000 |   -7.391  -6.772   2.119
  34B   0.02620000 0.14  0.365 -1285.284452  156.0   5.234   5.121 |    0.000   0.000   0.000   0.000 |   -7.398  -6.780   2.535
  35B   0.01939452 0.16  0.365 -1285.294666  156.0   5.233   5.120 |    0.000   0.000   0.000   0.000 |   -7.401  -6.788   1.513
  36B   0.01128559 0.18  0.364 -1285.303599  156.0   5.233   5.120 |    0.000   0.000   0.000   0.000 |   -7.400  -6.789   2.251
  37B   0.01451293 0.10  0.365 -1285.298074  156.0   5.233   5.120 |    0.000   0.000   0.000   0.000 |   -7.401  -6.791   3.409
  38B   0.00545188 0.11  0.364 -1285.310335  156.0   5.233   5.120 |    0.000  -0.000   0.000  -0.000 |   -7.401  -6.793   2.645
  39B   0.00331366 0.13  0.364 -1285.309779  156.0   5.233   5.120 |    0.000  -0.000   0.000  -0.000 |   -7.401  -6.793   2.395
  40B   0.00377184 0.10  0.364 -1285.312335  156.0   5.233   5.120 |    0.000  -0.000   0.000  -0.000 |   -7.401  -6.793   3.378
  41B   0.00455732 0.10  0.364 -1285.315205  156.0   5.233   5.120 |    0.000   0.000   0.000   0.000 |   -7.401  -6.793   2.553
  42B   0.00258652 0.11  0.364 -1285.315272  156.0   5.233   5.120 |    0.000   0.000   0.000   0.000 |   -7.402  -6.792   1.845
  43B   0.00382489 0.10  0.364 -1285.316263  156.0   5.233   5.120 |    0.000   0.000   0.000   0.000 |   -7.402  -6.792   2.753
  44B   0.00224491 0.11  0.364 -1285.315565  156.0   5.233   5.120 |    0.000   0.000   0.000   0.000 |   -7.402  -6.792   3.519
  45B   0.00201977 0.13  0.364 -1285.315629  156.0   5.233   5.120 |    0.000   0.000   0.000   0.000 |   -7.402  -6.792   2.042
  46B   0.00131078 0.14  0.364 -1285.314853  156.0   5.233   5.120 |    0.000  -0.000   0.000  -0.000 |   -7.403  -6.792   1.798
  47B   0.00118073 0.16  0.364 -1285.314412  156.0   5.233   5.120 |    0.000  -0.000   0.000  -0.000 |   -7.403  -6.792   2.259
  48B   0.00085357 0.18  0.364 -1285.313984  156.0   5.233   5.120 |    0.000  -0.000   0.000  -0.000 |   -7.403  -6.792   2.073
  49B   0.00043918 0.21  0.364 -1285.313547  156.0   5.233   5.120 |    0.000  -0.000   0.000  -0.000 |   -7.403  -6.792   1.972
  50B   0.00042087 0.24  0.364 -1285.313621  156.0   5.233   5.120 |    0.000  -0.000   0.000  -0.000 |   -7.403  -6.792   1.602
  51B   0.00060237 0.10  0.364 -1285.313962  156.0   5.233   5.120 |    0.000  -0.000   0.000  -0.000 |   -7.403  -6.792   2.163
  52B   0.00035875 0.11  0.364 -1285.313669  156.0   5.233   5.120 |    0.000  -0.000   0.000  -0.000 |   -7.403  -6.792   1.770
  53B   0.00037775 0.10  0.364 -1285.314241  156.0   5.233   5.120 |    0.000  -0.000   0.000  -0.000 |   -7.403  -6.792   2.163
  54B   0.00047559 0.10  0.364 -1285.314018  156.0   5.233   5.120 |    0.000  -0.000   0.000  -0.000 |   -7.403  -6.792   1.415
  55B   0.00020510 0.11  0.364 -1285.314396  156.0   5.233   5.120 |    0.000  -0.000   0.000  -0.000 |   -7.403  -6.791   1.674
  56B   0.00016308 0.13  0.364 -1285.314326  156.0   5.233   5.120 |    0.000  -0.000   0.000  -0.000 |   -7.403  -6.791   2.344
  57B   0.00013967 0.14  0.364 -1285.314248  156.0   5.233   5.120 |    0.000  -0.000   0.000  -0.000 |   -7.403  -6.791   3.136
  58B   0.00007111 0.16  0.364 -1285.314124  156.0   5.233   5.120 |    0.000   0.000   0.000   0.000 |   -7.403  -6.791   2.169
  59B   0.00005008 0.18  0.364 -1285.314089  156.0   5.233   5.120 |    0.000   0.000   0.000   0.000 |   -7.403  -6.791   1.711
  60B   0.00003155 0.21  0.364 -1285.314118  156.0   5.233   5.120 |    0.000   0.000   0.000   0.000 |   -7.403  -6.791   3.239
  61B   0.00002940 0.24  0.364 -1285.314127  156.0   5.233   5.120 |    0.000   0.000   0.000   0.000 |   -7.403  -6.791   2.765
  62B   0.00001339 0.27  0.364 -1285.314143  156.0   5.233   5.120 |    0.000   0.000   0.000   0.000 |   -7.403  -6.791   2.850
  63B   0.00001697 0.10  0.364 -1285.314164  156.0   5.233   5.120 |    0.000  -0.000   0.000  -0.000 |   -7.403  -6.791   2.171
  64B   0.00000562 0.11  0.364 -1285.314154  156.0   5.233   5.120 |    0.000  -0.000   0.000  -0.000 |   -7.403  -6.791   2.001
  65B   0.00000944 0.10  0.364 -1285.314161  156.0   5.233   5.120 |    0.000  -0.000   0.000  -0.000 |   -7.403  -6.791   2.632
  66B   0.00000619 0.11  0.364 -1285.314161  156.0   5.233   5.120 |    0.000  -0.000   0.000  -0.000 |   -7.403  -6.791   1.544
  67B   0.00000588 0.13  0.364 -1285.314160  156.0   5.233   5.120 |    0.000   0.000   0.000   0.000 |   -7.403  -6.791   1.903
  68B   0.00000446 0.14  0.364 -1285.314156  156.0   5.233   5.120 |    0.000   0.000   0.000   0.000 |   -7.403  -6.791   1.901
  69B   0.00000386 0.16  0.364 -1285.314156  156.0   5.233   5.120 |    0.000   0.000   0.000   0.000 |   -7.403  -6.791   2.435
  70B   0.00000173 0.18  0.364 -1285.314153  156.0   5.233   5.120 |    0.000   0.000   0.000   0.000 |   -7.403  -6.791   1.749
  71B   0.00000176 0.10  0.364 -1285.314153  156.0   5.233   5.120 |    0.000   0.000   0.000   0.000 |   -7.403  -6.791   1.953
  72B   0.00000168 0.11  0.364 -1285.314154  156.0   5.233   5.120 |    0.000   0.000   0.000   0.000 |   -7.403  -6.791   2.387
  73B   0.00000229 0.10  0.364 -1285.314154  156.0   5.233   5.120 |    0.000   0.000   0.000   0.000 |   -7.403  -6.791   1.897
  74B   0.00000222 0.11  0.364 -1285.314154  156.0   5.233   5.120 |    0.000   0.000   0.000   0.000 |   -7.403  -6.791   1.501
  75B   0.00000210 0.13  0.364 -1285.314153  156.0   5.233   5.120 |    0.000   0.000   0.000   0.000 |   -7.403  -6.791   1.191
  76B   0.00000201 0.14  0.364 -1285.314154  156.0   5.233   5.120 |    0.000   0.000   0.000   0.000 |   -7.403  -6.791   2.320
  77B   0.00000233 0.10  0.364 -1285.314154  156.0   5.233   5.120 |    0.000   0.000   0.000   0.000 |   -7.403  -6.791   2.656
  78B   0.00000133 0.11  0.364 -1285.314154  156.0   5.233   5.120 |    0.000   0.000   0.000   0.000 |   -7.403  -6.791   2.430
  79B   0.00000126 0.13  0.364 -1285.314155  156.0   5.233   5.120 |    0.000   0.000   0.000   0.000 |   -7.403  -6.791   2.252
  80B   0.00000110 0.14  0.364 -1285.314155  156.0   5.233   5.120 |    0.000   0.000   0.000   0.000 |   -7.403  -6.791   2.052
  81B   0.00000076 0.16  0.364 -1285.314154  156.0   5.233   5.120 |    0.000   0.000   0.000   0.000 |   -7.403  -6.791   2.304
  82B   0.00000062 0.18  0.364 -1285.314154  156.0   5.233   5.120 |    0.000   0.000   0.000   0.000 |   -7.403  -6.791   1.743
  83B   0.00000035 0.21  0.364 -1285.314154  156.0   5.233   5.120 |    0.000   0.000   0.000   0.000 |   -7.403  -6.791   2.001
  84B   0.00000032 0.24  0.364 -1285.314154  156.0   5.233   5.120 |    0.000  -0.000   0.000  -0.000 |   -7.403  -6.791   1.733
  85B   0.00000015 0.27  0.364 -1285.314154  156.0   5.233   5.120 |    0.000  -0.000   0.000  -0.000 |   -7.403  -6.791   3.031
  86B   0.00000014 0.30  0.364 -1285.314154  156.0   5.233   5.120 |    0.000  -0.000   0.000  -0.000 |   -7.403  -6.791   2.378
  87B   0.00000009 0.34  0.364 -1285.314155  156.0   5.233   5.120 |    0.000  -0.000   0.000  -0.000 |   -7.403  -6.791   2.215
  88B   0.00000009 0.38  0.364 -1285.314154  156.0   5.233   5.120 |    0.000  -0.000   0.000  -0.000 |   -7.403  -6.791   1.654
  89B   0.00000006 0.43  0.364 -1285.314154  156.0   5.233   5.120 |    0.000  -0.000   0.000  -0.000 |   -7.403  -6.791   1.711
  90B   0.00000004 0.49  0.364 -1285.314154  156.0   5.233   5.120 |    0.000  -0.000   0.000  -0.000 |   -7.403  -6.791   1.581
  91B   0.00000005 0.10  0.364 -1285.314154  156.0   5.233   5.120 |    0.000  -0.000   0.000  -0.000 |   -7.403  -6.791   1.724
  92B   0.00000005 0.10  0.364 -1285.314154  156.0   5.233   5.120 |    0.000  -0.000   0.000  -0.000 |   -7.403  -6.791   1.622
  93B   0.00000003 0.11  0.364 -1285.314154  156.0   5.233   5.120 |    0.000  -0.000   0.000  -0.000 |   -7.403  -6.791   3.343
  94B   0.00000002 0.13  0.364 -1285.314154  156.0   5.233   5.120 |    0.000  -0.000   0.000  -0.000 |   -7.403  -6.791   2.037
  95B   0.00000001 0.14  0.364 -1285.314154  156.0   5.233   5.120 |    0.000  -0.000   0.000  -0.000 |   -7.403  -6.791   2.413
  96B   0.00000001 0.10  0.364 -1285.314154  156.0   5.233   5.120 |    0.000  -0.000   0.000  -0.000 |   -7.403  -6.791   3.609
  97B   0.00000001 0.11  0.364 -1285.314154  156.0   5.233   5.120 |    0.000  -0.000   0.000  -0.000 |   -7.403  -6.791   2.671
  98B   0.00000001 0.10  0.364 -1285.314154  156.0   5.233   5.120 |    0.000   0.000   0.000   0.000 |   -7.403  -6.791   2.600
  99B   0.00000000 0.11  0.364 -1285.314154  156.0   5.233   5.120 |    0.000   0.000   0.000   0.000 |   -7.403  -6.791   4.692
 100B   0.00000000 0.13  0.364 -1285.314154  156.0   5.233   5.120 |    0.000   0.000   0.000   0.000 |   -7.403  -6.791   3.378
 101B   0.00000000 0.14  0.364 -1285.314154  156.0   5.233   5.120 |    0.000   0.000   0.000   0.000 |   -7.403  -6.791   3.394
 102B   0.00000000 0.10  0.364 -1285.314154  156.0   5.233   5.120 |    0.000  -0.000   0.000  -0.000 |   -7.403  -6.791   1.793
 103B   0.00000000 0.10  0.364 -1285.314154  156.0   5.233   5.120 |    0.000  -0.000   0.000  -0.000 |   -7.403  -6.791   3.058
  ----------------------------------------------------------------------------------------------------------------------------------
  *   iteration converged   after 103 steps   si=     0.0000000009 ho=  0 tho=  0
  ----------------------------------------------------------------------------------------------------------------------------------
  Total CPU time=   4.122 minutes

  Writing to wel_file: s092_064.hel
 __________________________________  
  The tape s092_064.hel recorded:     
  nucname,npr,ngh,ngl,n00,nb,nt      
  b0,beta0,si,etot,rms,bet,xmix      
  pairing:     CpV0,CpV1,pwi         
  delta:       del,ept               
  lambda:      ala,ala2,alast,tz     
  asymptotic:  varmas,ass,skass      
  ntx,nb,nhhdim,id,N_rz,n_r,n_z      
  Omega2,Sigma2,Parity,Lambda        
  matrices(inbro):    hh,de          
  *all blocking candidates           
 __________________________________  


  NB! From expect (UNPROJECTED RESULTS)

  pairing: CpV0,CpV1,...           0.100000       0.100000       1.000000       1.000000
  forces:   UNE1                          


                             neutrons         protons         total
  Requested part.numbs.      92.000000      64.000000     156.000000
  UnPj(av) part.numbs .      92.000000      64.000000     156.000000
  b0, bz, bp ..........       2.130153       2.136882       2.126796

  lambda (ala) ........      -7.402864      -6.791446
  Lambda (alast) ......      -7.402864      -6.791446
  delta(n,p), pwi .....       0.000000       0.000000      60.000000
  pairing energy ......       0.000000       0.000000       0.000000

  rms-radius ..........       5.232876       5.120132       5.186919
  charge-radius, r0 ...                      5.182254       6.459855
  deformation beta2....       0.349296       0.386567       0.364195
  dipole moment[fm] ...       0.000000       0.000000       0.000000
  quadrupole moment[b]       11.101261       8.182332      19.283594
  octupole moment .....       0.000000       0.000000       0.000000
  hexadecapole moment .       0.801317       0.552818       1.354135
  q5 ..................       0.000000       0.000000       0.000000
  q6 ..................       0.140399       0.096750       0.237150
  q7 ..................       0.000000       0.000000       0.000000
  q8 ..................       0.014006       0.010103       0.024109

  <r^0> [fm^0] ........            1.000000            1.000000            1.000000
  <r^2> [fm^2] ........           27.382994           26.215755           26.904127
  <r^4> [fm^4] ........         1003.954108          908.753744          964.897548
  <r^6> [fm^6] ........        44605.100786        37947.108097        41873.616606
  <r^8> [fm^8] ........      2295639.963807      1830813.474053      2104941.916728

  kinetic energy ......    1831.835060    1079.784505    2911.619565
  volume energy .......                                 -4819.210021
        rho_tau .......                                   136.011392
        rho_rho .......                                 -4955.221412
  surface energy ......                                   188.401790
   rho_DELTA_rho ......                                   188.401790
   (NABLA_rho)^2 ......                                     0.000000
  spin-orbit energy ...                                   -88.638426
        rho_NABLA_J ...                                   -88.638426
        NABLA_rho_J ...                                     0.000000
  coulomb energy ......                                   522.512938
          direct ......                                   547.078731
          exchange ....                                   -24.565793
  tensor energy .......                                     0.000000
  direct Hartree E  ...                                     0.000000
  Extra E .............                                     0.000000
  External field E ....                                     0.000000
  Entropy .............       2.700459       1.510681       4.211140

  tEnergy: ehfb (qp)...                                 -1285.314154

  Calculated but not added corrections 
====================================
  cmc-diagonal part ...       0.000000       0.000000       0.000000
  cmc-hfb .............       0.000000       0.000000       0.000000
  cranking rot corr ...       0.000000       0.000000       0.000000

  SQUJ ................       0.000000       0.000000       0.000000
  CRAN x 4 ............       0.000000       0.000000       0.000000
  Rigit Body ..........       0.000000       0.000000       0.000000


   Blocking candidates are:
   neutron eqpmin=   1.9215827660365697E-002  pwiblo=   2.0016019225635890     
    num=   1 block=  12 state=   1   243 Eqp=   0.01921583  (1-2N)E=  -0.01921583  Ovlp=   0.99415137 11-[ 5, 0, 5]
    num=   2 block=   5 state=   1   122 Eqp=   0.01921905  (1-2N)E=   0.01921905  Ovlp=   0.72938043  5+[ 6, 4, 2]
    num=   3 block=   4 state=   1    97 Eqp=   0.55269385  (1-2N)E=   0.55269385  Ovlp=   0.73117984  3-[ 5, 2, 1]
    num=   4 block=   3 state=   1    67 Eqp=   0.75268738  (1-2N)E=  -0.75268738  Ovlp=   0.92851199  3+[ 4, 0, 2]
    num=   5 block=   1 state=   1     1 Eqp=   1.13844701  (1-2N)E=  -1.13844701  Ovlp=   0.92322884  1+[ 4, 0, 0]
    num=   6 block=   4 state=   2    98 Eqp=   1.22041249  (1-2N)E=  -1.22041249  Ovlp=   0.64193749  3-[ 5, 3, 2]
    num=   7 block=   3 state=   2    68 Eqp=   1.43395826  (1-2N)E=  -1.43395826  Ovlp=   0.57429749  3+[ 6, 5, 1]
    num=   8 block=   7 state=   1   167 Eqp=   1.58724364  (1-2N)E=  -1.58724364  Ovlp=   0.97463511  7+[ 4, 0, 4]
    num=   9 block=   2 state=   1    37 Eqp=   1.87533337  (1-2N)E=  -1.87533337  Ovlp=   0.64007465  1-[ 5, 3, 0]
    num=  10 block=   2 state=   2    38 Eqp=   1.89072079  (1-2N)E=   1.89072079  Ovlp=   0.78538512  1-[ 5, 2, 1]
    num=  11 block=   7 state=   2   168 Eqp=   1.93874908  (1-2N)E=   1.93874908  Ovlp=   0.84004064  7+[ 6, 3, 3]

   Blocking candidates are:
   proton  eqpmin=   9.7084594683757075E-002  pwiblo=   2.0016019225635890     
    num=   1 block=   3 state=   1    67 Eqp=   0.09708459  (1-2N)E=  -0.09708459  Ovlp=   0.88135096  3+[ 4, 1, 1]
    num=   2 block=   5 state=   1   122 Eqp=   0.09708471  (1-2N)E=   0.09708471  Ovlp=   0.92623106  5+[ 4, 1, 3]
    num=   3 block=   2 state=   1    37 Eqp=   0.75951476  (1-2N)E=   0.75951476  Ovlp=   0.54069060  1-[ 5, 4, 1]
    num=   4 block=   8 state=   1   187 Eqp=   1.02769932  (1-2N)E=   1.02769932  Ovlp=   0.89760038  7-[ 5, 2, 3]
    num=   5 block=   6 state=   1   147 Eqp=   1.05720443  (1-2N)E=  -1.05720443  Ovlp=   0.79026376  5-[ 5, 3, 2]
    num=   6 block=   1 state=   1     1 Eqp=   1.11517798  (1-2N)E=   1.11517798  Ovlp=   0.88764563  1+[ 4, 1, 1]



 HFBTHO_SOLVER ended without errors

