No Skyrme interaction defined in routine skforce()
Multi-threading framework with OpenMP: 1 threads/task

  =======================================
           FORTRAN 95 CODE (KIND= 8) 
               Version: 200d  
  =======================================
       AXIALLY DEFORMED CONFIGURATIONAL  
     HARTREE-FOCK-BOGOLIUBOV CALCULATIONS
                     WITH                
            UNEDF AND DELTA PAIRING      
                     USING               
             HARMONIC-OSCILLATOR         
                   AND/OR                
       TRANSFORMED HARMONIC-OSCILLATOR   
                    BASIS                
                     ---                 
               v1.66  (2005):,           
   Stoitsov,Dobaczewski,Nazarewicz,Ring, 
               v2.00d (2012):,           
         Stoitsov,Schunck,Kortelainen    
  =======================================
    Nucleus: MG (A=  24, N= 12, Z= 12)
       Reflection Symmetry Imposed       
            ( 7/14/2023, 22:20)                               
  =======================================


  ---------------------------------------
           UNEDF Module Version:17
         M.Kortelainen & M.Stoitsov 
  ---------------------------------------

  UNE1 functional
  ----------------------------------
  Crho(0)=   -779.785059083728697    ; Crho(1)=    367.547462150095328    
  CDrho(0)=   892.503424228787480    ; CDrho(1)=  -330.483088053746371    
  Ctau(0)=   -1.00387525501180930    ; Ctau(1)=   -33.6910519671336743    
  CrDr(0)=   -45.2541765961013738    ; CrDr(1)=   -96.9793298214807749    
  CrdJ(0)=   -75.9151289350971297    ; CrdJ(1)=   -31.6631644504716689    
  CJ(0)=      0.00000000000000000    ; CJ(1)=      0.00000000000000000    
  CpV0(0)=   0.100000000000000006    ; CpV0(1)=   0.100000000000000006    
  CpV1(0)=    1.00000000000000000    ; CpV1(1)=    1.00000000000000000    
  sigma=     0.270215038757733839    ; hbzero=     20.7355300000000007    
  e^2 chrg=   1.43997840859651305    ; CExPar=     1.00000000000000000    
  c.m. correction: F, chr. density in direct Coul: F
  use tensor terms: F
  use TMR pairing:  0

  Coupling constants in natural units
  -----------------------------------
  Crho_nu(0)=  -0.878131489466173809    ; Crho_nu(1)=   0.413902519197562380    
  CDrho_nu(0)=  0.942489757297225506    ; CDrho_nu(1)= -0.348992415037242432    
  Ctau_nu(0)=  -0.142300458731080548E-01; Ctau_nu(1)=  -0.477574492061705103    
  CrDr_nu(0)=  -0.641483098320497991    ; CrDr_nu(1)=   -1.37469302606399357    
  CrdJ_nu(0)=   -1.07610558365305709    ; CrdJ_nu(1)=  -0.448828955956958653    
  CJ_nu(0)=      0.00000000000000000    ; CJ_nu(1)=      0.00000000000000000    
  CpV0_nu(0)=   0.112611992142809880E-03; CpV0_nu(1)=   0.112611992142809880E-03
  CpV1_nu(0)=   0.887702254206059068E-03; CpV1_nu(1)=   0.887702254206059068E-03
  fpi_nu=        93.0000000000000000    ; Lambda_nu=     700.000000000000000    

  Nuclear matter properties
  ----------------------------------
      E_NM=     -15.7999999999999901      K_NM=     219.9999999999996021
      P_NM=      -0.0000000000000013    RHO_NM=       0.1584883055754791
    ASS_NM=      29.0943828260767425   LASS_NM=      30.2236312507971654
  SMASS_NM=       0.9923270594879430  VMASS_NM=       1.2498385742322697

  Associated (t,x)-coupling constants
  -----------------------------------
  t0=      -2079.42682422327653    ; x0=       0.207016871896676613    
  t1=       240.017108172524900    ; x1=       -3.45167515362422206    
  t2=       1058.60349096694290    ; x2=       -1.42384066245742957    
  t3=       14280.0547876605997    ; x3=       0.554316304264886872E-01
  b4=       44.2519644846254607    ; b4p=       63.3263289009433379    
  te=      -315.433016737637899    ; to=       -151.715740178754288    
  sigma=   0.270215038757733839    ; hbzero=    20.7355300000000007    

  ---------------------------------------
        Characteristics of the run       
  ---------------------------------------
  Output file ................:     7
  Nucleus ....................:   MG  24
  Number of HO shells ........:     4
  HO length b0 (fm) ..........:     1.55928400372611
  Basis deformation ..........:  beta0=   0.010 q=   1.010
  HO: b0,1/b0,bp,bz,q ........:   0.15592840E+01  0.64131999E+00  0.15568270E+01  0.15642096E+01  0.10095067E+01
  h**2/(2m), cmc, e**2 .......:   0.20735530E+02  0.20735530E+02  0.14399784E+01
  hom=f*41.0_pr*A^{-1/3}, f...:   0.17056687E+02  0.12000000E+01
  THO basis is ...............:  OFF
  Maximal number of iterations:   400
  Initial mixing parameter ...:  0.300
  Initial w.f. ...............:  from   spherical scratch
  Skyrme functional ..........:    UNE1                          
    with direct and exchange Coulomb
  Lipkin-Nogami procedure is .:  OFF
  PAV procedure is ...........:  OFF
  Constraint calculation is ..:   ON
    Constraint 1 .............: lambda=2 Ql=   0.199
  Temperature T ..............:   0.05 MeV
  Restart indicator ..........:   1
  Broyden mixing (#iterations):   7

  ---------------------------------------
        Harmonic Oscillator Basis        
  ---------------------------------------
  NUV, NQP:                         195      35
  Comparison with bookkeeping spherical basis:
  n00:                                4       4  Maximal number of shells
  nbx, 2*n00+1:                       9       9  Maximal number of K-blocks
  ntx, (n00+1)*(n00+2)*(n00+3)/6     35      35  Max.num. p/n levels
  nzx, n00:                           4       4  Maximal nz-quantum number
  nrx, n00/2  :                       2       2  Maximal nr-quantum number
  nlx, n00:                           4       4  Maximal ml-quantum number
  ndx, (n00+2)*(n00+2)/4:             9       9  Maximal dim. of one k-block

  Actual basis used
  Number of blocks: nb .......:    9
  Number of levels: nt .......:   35
  Maximal 2*omega : nom ......:    9
  Maximal nz:       nzm ......:    4
  Maximal nr:       nrm ......:    2
  Maximal ml:       nlm ......:    4
  Maximal N=nz+2*nr+nl .......:    4
  2 x biggest block dim. .....:   18
  Non-zero elements of h .....:      115
  Number of Broyden elements .:      460

  ---------------------------------------
            Integration Meshes           
  ---------------------------------------
  Number of Gauss-Hermite mesh points ngh ....:  40
  Number of Gauss-Laguerre mesh points ngl ...:  40
  Number of Gauss-Legendre mesh points nleg ..:  80
  Integration boundaries
    Hermite  - from xh(1)  =  0.12379686 to xh(ngh)   = 11.88786356
    Laguerre - From xl(1)  =  0.03570039 to xl(ngl)   =142.28004447
    Legendre - From xleg(1)=  0.00978669 to xleg(nleg)=  0.99988775
  Max.dev.in:     Orthogonality            Normalization
  Hermite     5.2235050987142219E-016   1.9984014443252818E-015
  Laguerre    1.9977540701027837E-015   4.5519144009631418E-015

  Scratch initialization for the nucleus: MG  12  12


  Initial potentials of Saxon-Woods shape 
  v0ws   =  -71.27999878
  kappa  =    0.46160001
  vs0    =   11.11750031   11.11750031
  r0     =    1.23339999    1.23339999
  a      =    0.61500001    0.61500001
  r0-so  =    1.14429998    1.14429998
  a-so   =    0.64760000    0.64760000
  beta00 =    0.01000000

  ### REGULAR STAGE (reflection symmetry imposed)
  |HFB+HO> iterations(b0=  1.559, Nsh=  4, inin=  1, N= 12, Z= 12)...
  ----------------------------------------------------------------------------------------------------------------------------------
  i          si     mix   beta      Etot       A       rn      rp         En      Dn      Ep      Dp        Ln      Lp     time
  ----------------------------------------------------------------------------------------------------------------------------------
   1L  52.26905082 0.30  0.010     0.000000    0.0   0.000   0.000 |   -2.000   1.000  -2.000   1.000 |   -7.000  -7.000   0.000
   2B  29.92064253 0.10  0.009   -53.898320   24.0   2.616   2.616 |    0.000  -0.000   0.000  -0.000 |  -16.532 -16.532  29.312
   3B  11.39221178 0.11  0.134  -165.655449   24.0   3.048   3.081 |    0.000  -0.000   0.000  -0.000 |  -11.279  -7.835   0.069
   4B  10.66662770 0.13  0.185  -180.917002   24.0   2.971   2.947 |    0.000  -0.000   0.000  -0.000 |  -11.809  -7.389   0.071
   5B   8.78482063 0.14  0.183  -178.227160   24.0   2.873   2.942 |    0.000  -0.000   0.000  -0.000 |  -11.812  -7.829   0.068
   6B   4.63110897 0.16  0.150  -178.622308   24.0   2.873   2.903 |    0.000  -0.000   0.000  -0.000 |  -12.361  -7.483   0.070
   7B   6.10976517 0.10  0.102  -170.334295   24.0   2.890   2.874 |    0.000  -0.000   0.000  -0.000 |  -12.410  -7.490   0.067
   8B   3.62579640 0.11  0.044  -178.523528   24.0   2.886   2.878 |    0.000  -0.000   0.000  -0.000 |  -12.442  -7.566   0.069
   9B   8.01283109 0.10 -0.005  -174.282834   24.0   2.873   2.888 |    0.000  -0.000   0.000  -0.000 |  -12.368  -7.641   0.068
  10B   6.70419854 0.11 -0.029  -179.413345   24.0   2.873   2.886 |    0.000  -0.000   0.000  -0.000 |  -12.448  -7.627   0.072
  11B   4.52746333 0.13 -0.018  -179.865695   24.0   2.875   2.887 |    0.000  -0.000   0.000  -0.000 |  -12.454  -7.641   0.071
  12B   6.23978065 0.10 -0.029  -179.857387   24.0   2.876   2.885 |    0.000  -0.000   0.000  -0.000 |  -12.468  -7.674   0.069
  13B   1.87778677 0.11  0.030  -180.049709   24.0   2.872   2.884 |    0.000  -0.000   0.000  -0.000 |  -12.516  -7.706   0.069
  14B   1.13341437 0.13  0.066  -180.234775   24.0   2.867   2.888 |    0.000  -0.000   0.000  -0.000 |  -12.562  -7.727   0.070
  15B   0.61132519 0.14  0.082  -180.763584   24.0   2.873   2.881 |    0.000  -0.000   0.000  -0.000 |  -12.620  -7.692   0.074
  16B   0.99525366 0.10  0.072  -180.378288   24.0   2.871   2.882 |    0.000   0.000   0.000   0.000 |  -12.578  -7.715   0.073
  17B   1.11303964 0.10  0.079  -180.540549   24.0   2.871   2.882 |    0.000  -0.000   0.000  -0.000 |  -12.580  -7.718   0.077
  18B   1.10460694 0.11  0.077  -180.613694   24.0   2.869   2.884 |    0.000   0.000   0.000   0.000 |  -12.574  -7.707   0.081
  19B   1.00004676 0.13  0.076  -180.599963   24.0   2.870   2.883 |    0.000  -0.000   0.000  -0.000 |  -12.572  -7.713   0.083
  20B   0.29445046 0.14  0.082  -180.789312   24.0   2.870   2.883 |    0.000   0.000   0.000   0.000 |  -12.577  -7.696   0.075
  21B   0.10501893 0.16  0.082  -180.794920   24.0   2.871   2.882 |    0.000   0.000   0.000   0.000 |  -12.575  -7.697   0.076
  22B   0.02521675 0.18  0.079  -180.754580   24.0   2.870   2.882 |    0.000   0.000   0.000   0.000 |  -12.571  -7.694   0.080
  23B   0.05138259 0.10  0.078  -180.737335   24.0   2.870   2.882 |    0.000   0.000   0.000   0.000 |  -12.571  -7.695   0.077
  24B   0.06220859 0.10  0.078  -180.733124   24.0   2.870   2.882 |    0.000   0.000   0.000   0.000 |  -12.571  -7.695   0.080
  25B   0.07973075 0.10  0.077  -180.726308   24.0   2.870   2.882 |    0.000   0.000   0.000   0.000 |  -12.571  -7.696   0.072
  26B   0.02334704 0.11  0.079  -180.748218   24.0   2.870   2.882 |    0.000   0.000   0.000   0.000 |  -12.571  -7.695   0.072
  27B   0.02077136 0.13  0.079  -180.754762   24.0   2.870   2.882 |    0.000   0.000   0.000   0.000 |  -12.570  -7.694   0.076
  28B   0.01161662 0.14  0.079  -180.754888   24.0   2.870   2.882 |    0.000   0.000   0.000   0.000 |  -12.570  -7.694   0.074
  29B   0.02302796 0.10  0.079  -180.755875   24.0   2.870   2.882 |    0.000   0.000   0.000   0.000 |  -12.570  -7.694   0.073
  30B   0.00294199 0.11  0.079  -180.756412   24.0   2.870   2.882 |    0.000   0.000   0.000   0.000 |  -12.570  -7.694   0.077
  31B   0.00064982 0.13  0.079  -180.756850   24.0   2.870   2.882 |    0.000   0.000   0.000   0.000 |  -12.569  -7.693   0.076
  32B   0.00050192 0.14  0.079  -180.756765   24.0   2.870   2.882 |    0.000   0.000   0.000   0.000 |  -12.569  -7.693   0.075
  33B   0.00027844 0.16  0.079  -180.756692   24.0   2.870   2.882 |    0.000  -0.000   0.000  -0.000 |  -12.569  -7.693   0.075
  34B   0.00039127 0.10  0.079  -180.756734   24.0   2.870   2.882 |    0.000  -0.000   0.000  -0.000 |  -12.569  -7.693   0.077
  35B   0.00019745 0.11  0.079  -180.756671   24.0   2.870   2.882 |    0.000   0.000   0.000   0.000 |  -12.569  -7.693   0.075
  36B   0.00033715 0.10  0.079  -180.756621   24.0   2.870   2.882 |    0.000   0.000   0.000   0.000 |  -12.569  -7.693   0.073
  37B   0.00032901 0.11  0.079  -180.756624   24.0   2.870   2.882 |    0.000   0.000   0.000   0.000 |  -12.569  -7.693   0.074
  38B   0.00028554 0.13  0.079  -180.756640   24.0   2.870   2.882 |    0.000   0.000   0.000   0.000 |  -12.569  -7.693   0.071
  39B   0.00026359 0.14  0.079  -180.756649   24.0   2.870   2.882 |    0.000   0.000   0.000   0.000 |  -12.569  -7.693   0.070
  40B   0.00014051 0.16  0.079  -180.756696   24.0   2.870   2.882 |    0.000   0.000   0.000   0.000 |  -12.569  -7.693   0.071
  41B   0.00010023 0.18  0.079  -180.756723   24.0   2.870   2.882 |    0.000  -0.000   0.000  -0.000 |  -12.569  -7.693   0.073
  42B   0.00005993 0.21  0.079  -180.756739   24.0   2.870   2.882 |    0.000  -0.000   0.000  -0.000 |  -12.569  -7.693   0.074
  43B   0.00006251 0.10  0.079  -180.756743   24.0   2.870   2.882 |    0.000  -0.000   0.000  -0.000 |  -12.569  -7.693   0.070
  44B   0.00004019 0.11  0.079  -180.756753   24.0   2.870   2.882 |    0.000  -0.000   0.000  -0.000 |  -12.569  -7.693   0.073
  45B   0.00002523 0.13  0.079  -180.756754   24.0   2.870   2.882 |    0.000  -0.000   0.000  -0.000 |  -12.569  -7.693   0.075
  46B   0.00004249 0.10  0.079  -180.756757   24.0   2.870   2.882 |    0.000  -0.000   0.000  -0.000 |  -12.569  -7.693   0.071
  47B   0.00004265 0.10  0.079  -180.756760   24.0   2.870   2.882 |    0.000  -0.000   0.000  -0.000 |  -12.569  -7.693   0.073
  48B   0.00004780 0.10  0.079  -180.756764   24.0   2.870   2.882 |    0.000  -0.000   0.000  -0.000 |  -12.569  -7.693   0.076
  49B   0.00004717 0.11  0.079  -180.756764   24.0   2.870   2.882 |    0.000  -0.000   0.000  -0.000 |  -12.569  -7.693   0.079
  50B   0.00003907 0.13  0.079  -180.756760   24.0   2.870   2.882 |    0.000  -0.000   0.000  -0.000 |  -12.569  -7.693   0.080
  51B   0.00003143 0.14  0.079  -180.756757   24.0   2.870   2.882 |    0.000  -0.000   0.000  -0.000 |  -12.569  -7.693   0.081
  52B   0.00004304 0.10  0.079  -180.756746   24.0   2.870   2.882 |    0.000  -0.000   0.000  -0.000 |  -12.569  -7.693   0.080
  53B   0.00001169 0.11  0.079  -180.756750   24.0   2.870   2.882 |    0.000  -0.000   0.000  -0.000 |  -12.569  -7.693   0.077
  54B   0.00001510 0.10  0.079  -180.756743   24.0   2.870   2.882 |    0.000   0.000   0.000   0.000 |  -12.569  -7.693   0.081
  55B   0.00001181 0.11  0.079  -180.756746   24.0   2.870   2.882 |    0.000  -0.000   0.000  -0.000 |  -12.569  -7.693   0.081
  56B   0.00000906 0.13  0.079  -180.756746   24.0   2.870   2.882 |    0.000  -0.000   0.000  -0.000 |  -12.569  -7.693   0.075
  57B   0.00000509 0.14  0.079  -180.756745   24.0   2.870   2.882 |    0.000  -0.000   0.000  -0.000 |  -12.569  -7.693   0.078
  58B   0.00000361 0.16  0.079  -180.756744   24.0   2.870   2.882 |    0.000  -0.000   0.000  -0.000 |  -12.569  -7.693   0.086
  59B   0.00000378 0.10  0.079  -180.756744   24.0   2.870   2.882 |    0.000  -0.000   0.000  -0.000 |  -12.569  -7.693   0.090
  60B   0.00000331 0.11  0.079  -180.756745   24.0   2.870   2.882 |    0.000   0.000   0.000   0.000 |  -12.569  -7.693   0.097
  61B   0.00000609 0.10  0.079  -180.756743   24.0   2.870   2.882 |    0.000   0.000   0.000   0.000 |  -12.569  -7.693   0.094
  62B   0.00000604 0.11  0.079  -180.756744   24.0   2.870   2.882 |    0.000   0.000   0.000   0.000 |  -12.569  -7.693   0.087
  63B   0.00000270 0.13  0.079  -180.756745   24.0   2.870   2.882 |    0.000   0.000   0.000   0.000 |  -12.569  -7.693   0.092
  64B   0.00000458 0.10  0.079  -180.756745   24.0   2.870   2.882 |    0.000   0.000   0.000   0.000 |  -12.569  -7.693   0.088
  65B   0.00000324 0.11  0.079  -180.756746   24.0   2.870   2.882 |    0.000   0.000   0.000   0.000 |  -12.569  -7.693   0.097
  66B   0.00001710 0.10  0.079  -180.756745   24.0   2.870   2.882 |    0.000   0.000   0.000   0.000 |  -12.569  -7.693   0.104
  67B   0.00000123 0.11  0.079  -180.756745   24.0   2.870   2.882 |    0.000   0.000   0.000   0.000 |  -12.569  -7.693   0.090
  68B   0.00000034 0.13  0.079  -180.756746   24.0   2.870   2.882 |    0.000   0.000   0.000   0.000 |  -12.569  -7.693   0.098
  69B   0.00000016 0.14  0.079  -180.756746   24.0   2.870   2.882 |    0.000   0.000   0.000   0.000 |  -12.569  -7.693   0.096
  70B   0.00000026 0.10  0.079  -180.756746   24.0   2.870   2.882 |    0.000   0.000   0.000   0.000 |  -12.569  -7.693   0.097
  71B   0.00000011 0.11  0.079  -180.756746   24.0   2.870   2.882 |    0.000   0.000   0.000   0.000 |  -12.569  -7.693   0.096
  72B   0.00000017 0.10  0.079  -180.756746   24.0   2.870   2.882 |    0.000   0.000   0.000   0.000 |  -12.569  -7.693   0.106
  73B   0.00000016 0.11  0.079  -180.756746   24.0   2.870   2.882 |    0.000  -0.000   0.000  -0.000 |  -12.569  -7.693   0.101
  74B   0.00000009 0.13  0.079  -180.756746   24.0   2.870   2.882 |    0.000   0.000   0.000   0.000 |  -12.569  -7.693   0.109
  75B   0.00000006 0.14  0.079  -180.756746   24.0   2.870   2.882 |    0.000   0.000   0.000   0.000 |  -12.569  -7.693   0.098
  76B   0.00000013 0.10  0.079  -180.756746   24.0   2.870   2.882 |    0.000   0.000   0.000   0.000 |  -12.569  -7.693   0.101
  77B   0.00000002 0.11  0.079  -180.756746   24.0   2.870   2.882 |    0.000   0.000   0.000   0.000 |  -12.569  -7.693   0.112
  78B   0.00000001 0.13  0.079  -180.756746   24.0   2.870   2.882 |    0.000   0.000   0.000   0.000 |  -12.569  -7.693   0.105
  79B   0.00000002 0.10  0.079  -180.756746   24.0   2.870   2.882 |    0.000   0.000   0.000   0.000 |  -12.569  -7.693   0.110
  80B   0.00000004 0.10  0.079  -180.756746   24.0   2.870   2.882 |    0.000   0.000   0.000   0.000 |  -12.569  -7.693   0.109
  81B   0.00000004 0.10  0.079  -180.756746   24.0   2.870   2.882 |    0.000   0.000   0.000   0.000 |  -12.569  -7.693   0.105
  82B   0.00000002 0.11  0.079  -180.756746   24.0   2.870   2.882 |    0.000   0.000   0.000   0.000 |  -12.569  -7.693   0.102
  83B   0.00000002 0.13  0.079  -180.756746   24.0   2.870   2.882 |    0.000   0.000   0.000   0.000 |  -12.569  -7.693   0.112
  84B   0.00000001 0.14  0.079  -180.756746   24.0   2.870   2.882 |    0.000   0.000   0.000   0.000 |  -12.569  -7.693   0.103
  85B   0.00000006 0.10  0.079  -180.756746   24.0   2.870   2.882 |    0.000   0.000   0.000   0.000 |  -12.569  -7.693   0.115
  86B   0.00000001 0.11  0.079  -180.756746   24.0   2.870   2.882 |    0.000   0.000   0.000   0.000 |  -12.569  -7.693   0.115
  87B   0.00000001 0.13  0.079  -180.756746   24.0   2.870   2.882 |    0.000   0.000   0.000   0.000 |  -12.569  -7.693   0.104
  88B   0.00000001 0.14  0.079  -180.756746   24.0   2.870   2.882 |    0.000  -0.000   0.000  -0.000 |  -12.569  -7.693   0.108
  89B   0.00000000 0.16  0.079  -180.756746   24.0   2.870   2.882 |    0.000  -0.000   0.000  -0.000 |  -12.569  -7.693   0.107
  90B   0.00000000 0.18  0.079  -180.756746   24.0   2.870   2.882 |    0.000  -0.000   0.000  -0.000 |  -12.569  -7.693   0.107
  91B   0.00000000 0.21  0.079  -180.756746   24.0   2.870   2.882 |    0.000  -0.000   0.000  -0.000 |  -12.569  -7.693   0.114
  ----------------------------------------------------------------------------------------------------------------------------------
  *   iteration converged   after  91 steps   si=     0.0000000007 ho=  0 tho=  0
  ----------------------------------------------------------------------------------------------------------------------------------
  Total CPU time=   0.616 minutes

  Writing to wel_file: s012_012.hel
 __________________________________  
  The tape s012_012.hel recorded:     
  nucname,npr,ngh,ngl,n00,nb,nt      
  b0,beta0,si,etot,rms,bet,xmix      
  pairing:     CpV0,CpV1,pwi         
  delta:       del,ept               
  lambda:      ala,ala2,alast,tz     
  asymptotic:  varmas,ass,skass      
  ntx,nb,nhhdim,id,N_rz,n_r,n_z      
  Omega2,Sigma2,Parity,Lambda        
  matrices(inbro):    hh,de          
  *all blocking candidates           
 __________________________________  


  NB! From expect (UNPROJECTED RESULTS)

  pairing: CpV0,CpV1,...           0.100000       0.100000       1.000000       1.000000
  forces:   UNE1                          


                             neutrons         protons         total
  Requested part.numbs.      12.000000      12.000000      24.000000
  UnPj(av) part.numbs .      12.000000      12.000000      24.000000
  b0, bz, bp ..........       1.559284       1.564210       1.556827

  lambda (ala) ........     -12.569361      -7.693148
  Lambda (alast) ......     -12.569361      -7.693148
  delta(n,p), pwi .....      -0.000000      -0.000000      60.000000
  pairing energy ......       0.000000       0.000000       0.000000

  rms-radius ..........       2.870156       2.882267       2.876218
  charge-radius, r0 ...                      2.991231       3.461399
  deformation beta2....       0.079337       0.079337       0.079337
  dipole moment[fm] ...       0.000000       0.000000       0.000000
  quadrupole moment[b]        0.098941       0.099778       0.198720
  octupole moment .....       0.000000       0.000000       0.000000
  hexadecapole moment .      -0.000030      -0.000037      -0.000066
  q5 ..................       0.000000       0.000000       0.000000
  q6 ..................      -0.000001      -0.000001      -0.000002
  q7 ..................       0.000000       0.000000       0.000000
  q8 ..................      -0.000000      -0.000000      -0.000000

  <r^0> [fm^0] ........            1.000000            1.000000            1.000000
  <r^2> [fm^2] ........            8.237794            8.307465            8.272630
  <r^4> [fm^4] ........           95.249043           96.717173           95.983108
  <r^6> [fm^6] ........         1386.532103         1416.119947         1401.326025
  <r^8> [fm^8] ........        24116.134621        24754.602488        24435.368555

  kinetic energy ......     215.708102     213.979962     429.688064
  volume energy .......                                  -671.593113
        rho_tau .......                                    -1.912608
        rho_rho .......                                  -669.680505
  surface energy ......                                    55.770899
   rho_DELTA_rho ......                                    55.770899
   (NABLA_rho)^2 ......                                     0.000000
  spin-orbit energy ...                                   -24.152456
        rho_NABLA_J ...                                   -24.152456
        NABLA_rho_J ...                                     0.000000
  coulomb energy ......                                    29.529860
          direct ......                                    34.028524
          exchange ....                                    -4.498664
  tensor energy .......                                     0.000000
  direct Hartree E  ...                                     0.000000
  Extra E .............                                     0.000000
  External field E ....                                     0.000000
  Entropy .............       3.220966       3.208718       6.429684

  tEnergy: ehfb (qp)...                                  -180.756746

  Calculated but not added corrections 
====================================
  cmc-diagonal part ...       0.000000       0.000000       0.000000
  cmc-hfb .............       0.000000       0.000000       0.000000
  cranking rot corr ...       0.000000       0.000000       0.000000

  SQUJ ................       0.000000       0.000000       0.000000
  CRAN x 4 ............       0.000000       0.000000       0.000000
  Rigit Body ..........       0.000000       0.000000       0.000000


   Blocking candidates are:
   neutron eqpmin=   5.1889653741078234E-002  pwiblo=   5.1031036307982882     
    num=   1 block=   3 state=   1    16 Eqp=   0.05188965  (1-2N)E=  -0.05188965  Ovlp=   0.89087041  3+[ 2, 1, 1]
    num=   2 block=   5 state=   1    26 Eqp=   0.02379708  (1-2N)E=   0.02379708  Ovlp=   0.97986529  5+[ 2, 0, 2]
    num=   3 block=   1 state=   1     1 Eqp=   0.09885194  (1-2N)E=  -0.09885194  Ovlp=   0.67833191  1+[ 2, 2, 0]
    num=   4 block=   1 state=   2     2 Eqp=   2.29383492  (1-2N)E=   2.29383492  Ovlp=   0.83702164  1+[ 2, 0, 0]

   Blocking candidates are:
   proton  eqpmin=   5.2284470954994333E-002  pwiblo=   5.1031036307982882     
    num=   1 block=   3 state=   1    16 Eqp=   0.05228447  (1-2N)E=  -0.05228447  Ovlp=   0.88858302  3+[ 2, 1, 1]
    num=   2 block=   5 state=   1    26 Eqp=   0.02444629  (1-2N)E=   0.02444629  Ovlp=   0.97739109  5+[ 2, 0, 2]
    num=   3 block=   1 state=   1     1 Eqp=   0.09957751  (1-2N)E=  -0.09957751  Ovlp=   0.67551033  1+[ 2, 2, 0]
    num=   4 block=   1 state=   2     2 Eqp=   2.33468166  (1-2N)E=   2.33468166  Ovlp=   0.83177213  1+[ 2, 0, 0]



 HFBTHO_SOLVER ended without errors

