
  =======================================
           FORTRAN 95 CODE (KIND= 8) 
               Version: 200d  
  =======================================
       AXIALLY DEFORMED CONFIGURATIONAL  
     HARTREE-FOCK-BOGOLIUBOV CALCULATIONS
                     WITH                
            UNEDF AND DELTA PAIRING      
                     USING               
             HARMONIC-OSCILLATOR         
                   AND/OR                
       TRANSFORMED HARMONIC-OSCILLATOR   
                    BASIS                
                     ---                 
               v1.66  (2005):,           
   Stoitsov,Dobaczewski,Nazarewicz,Ring, 
               v2.00d (2012):,           
         Stoitsov,Schunck,Kortelainen    
  =======================================
    Nucleus: MG (A=  24, N= 12, Z= 12)
       Reflection Symmetry Imposed       
            ( 9/13/2022, 18:42)                               
  =======================================


  ---------------------------------------
           UNEDF Module Version:17
         M.Kortelainen & M.Stoitsov 
  ---------------------------------------

  UNE1 functional
  ----------------------------------
  Crho(0)=   -779.373008720865300    ; Crho(1)=    287.722131583286796    
  CDrho(0)=   891.477890442349690    ; CDrho(1)=  -200.587774317884879    
  Ctau(0)=  -0.989915057807676746    ; Ctau(1)=   -33.6320970701835549    
  CrDr(0)=   -46.1772534497130849    ; CrDr(1)=   -140.035478720973913    
  CrdJ(0)=   -80.6858664652716300    ; CrdJ(1)=   -38.5327474699585935    
  CJ(0)=      0.00000000000000000    ; CJ(1)=      0.00000000000000000    
  CpV0(0)=   0.100000000000000006    ; CpV0(1)=   0.100000000000000006    
  CpV1(0)=    1.00000000000000000    ; CpV1(1)=    1.00000000000000000    
  sigma=     0.270018011502707600    ; hbzero=     20.7355300000000007    
  e^2 chrg=   1.43997840859651305    ; CExPar=     1.00000000000000000    
  c.m. correction: F, chr. density in direct Coul: F
  use tensor terms: F
  use TMR pairing:  0

  Coupling constants in natural units
  -----------------------------------
  Crho_nu(0)=  -0.877667471343921757    ; Crho_nu(1)=   0.324009624211695935    
  CDrho_nu(0)=  0.941450913381434273    ; CDrho_nu(1)= -0.211831998717341041    
  Ctau_nu(0)=  -0.140321584905665799E-01; Ctau_nu(1)=  -0.476738799694694126    
  CrDr_nu(0)=  -0.654567817667568996    ; CrDr_nu(1)=   -1.98501883188530615    
  CrdJ_nu(0)=   -1.14373133054144205    ; CrdJ_nu(1)=  -0.546206076279814989    
  CJ_nu(0)=      0.00000000000000000    ; CJ_nu(1)=      0.00000000000000000    
  CpV0_nu(0)=   0.112611992142809880E-03; CpV0_nu(1)=   0.112611992142809880E-03
  CpV1_nu(0)=   0.887702254206059068E-03; CpV1_nu(1)=   0.887702254206059068E-03
  fpi_nu=        93.0000000000000000    ; Lambda_nu=     700.000000000000000    

  Nuclear matter properties
  ----------------------------------
      E_NM=     -15.8000000000000149      K_NM=     220.0000000000000284
      P_NM=      -0.0000000000000032    RHO_NM=       0.1587067693325870
    ASS_NM=      28.9867890577721070   LASS_NM=      40.0047904804136323
  SMASS_NM=       0.9924233322833640  VMASS_NM=       1.2498385742322700

  Associated (t,x)-coupling constants
  -----------------------------------
  t0=      -2078.32802325564080    ; x0=       0.537569206858470316E-01
  t1=       244.958798321392862    ; x1=       -4.79876225244146060    
  t2=       1512.53020428882292    ; x2=       -1.37408265199604429    
  t3=       14263.6462470775950    ; x3=      -0.162491168089956339    
  b4=       42.1531189953130365    ; b4p=       77.0654949399171869    
  te=      -452.141195508885460    ; to=       -198.626914315399461    
  sigma=   0.270018011502707600    ; hbzero=    20.7355300000000007    

  ---------------------------------------
        Characteristics of the run       
  ---------------------------------------
  Output file ................:     7
  Nucleus ....................:   MG  24
  Number of HO shells ........:     8
  HO length b0 (fm) ..........:     1.55928400372611
  Basis deformation ..........:  beta0=   0.010 q=   1.010
  HO: b0,1/b0,bp,bz,q ........:   0.15592840E+01  0.64131999E+00  0.15568270E+01  0.15642096E+01  0.10095067E+01
  h**2/(2m), cmc, e**2 .......:   0.20735530E+02  0.20735530E+02  0.14399784E+01
  hom=f*41.0_pr*A^{-1/3}, f...:   0.17056687E+02  0.12000000E+01
  THO basis is ...............:  OFF
  Maximal number of iterations:   400
  Initial mixing parameter ...:  0.300
  Initial w.f. ...............:  from   spherical scratch
  Skyrme functional ..........:    UNE1                          
    with direct and exchange Coulomb
  Lipkin-Nogami procedure is .:  OFF
  PAV procedure is ...........:  OFF
  Constraint calculation is ..:   ON
    Constraint 1 .............: lambda=2 Ql=  -0.298
  Temperature T ..............:   0.05 MeV
  Restart indicator ..........:   1
  Broyden mixing (#iterations):   7

  ---------------------------------------
        Harmonic Oscillator Basis        
  ---------------------------------------
  NUV, NQP:                        2501     165
  Comparison with bookkeeping spherical basis:
  n00:                                8       8  Maximal number of shells
  nbx, 2*n00+1:                      17      17  Maximal number of K-blocks
  ntx, (n00+1)*(n00+2)*(n00+3)/6    165     165  Max.num. p/n levels
  nzx, n00:                           8       8  Maximal nz-quantum number
  nrx, n00/2  :                       4       4  Maximal nr-quantum number
  nlx, n00:                           8       8  Maximal ml-quantum number
  ndx, (n00+2)*(n00+2)/4:            25      25  Maximal dim. of one k-block

  Actual basis used
  Number of blocks: nb .......:   17
  Number of levels: nt .......:  165
  Maximal 2*omega : nom ......:   17
  Maximal nz:       nzm ......:    8
  Maximal nr:       nrm ......:    4
  Maximal ml:       nlm ......:    8
  Maximal N=nz+2*nr+nl .......:    8
  2 x biggest block dim. .....:   50
  Non-zero elements of h .....:     1333
  Number of Broyden elements .:     5332

  ---------------------------------------
            Integration Meshes           
  ---------------------------------------
  Number of Gauss-Hermite mesh points ngh ....:  40
  Number of Gauss-Laguerre mesh points ngl ...:  40
  Number of Gauss-Legendre mesh points nleg ..:  80
  Integration boundaries
    Hermite  - from xh(1)  =  0.12379686 to xh(ngh)   = 11.88786356
    Laguerre - From xl(1)  =  0.03570039 to xl(ngl)   =142.28004447
    Legendre - From xleg(1)=  0.00978669 to xleg(nleg)=  0.99988775
  Max.dev.in:     Orthogonality            Normalization
  Hermite     1.5248282503475657E-015   1.0991207943789050E-014
  Laguerre    4.2896485016951012E-015   8.9928064994637680E-015

  Scratch initialization for the nucleus: MG  12  12


  Initial potentials of Saxon-Woods shape 
  v0ws   =  -71.27999878
  kappa  =    0.46160001
  vs0    =   11.11750031   11.11750031
  r0     =    1.23339999    1.23339999
  a      =    0.61500001    0.61500001
  r0-so  =    1.14429998    1.14429998
  a-so   =    0.64760000    0.64760000
  beta00 =    0.01000000

  ### REGULAR STAGE (reflection symmetry imposed)
  |HFB+HO> iterations(b0=  1.559, Nsh=  8, inin=  1, N= 12, Z= 12)...
  ----------------------------------------------------------------------------------------------------------------------------------
  i          si     mix   beta      Etot       A       rn      rp         En      Dn      Ep      Dp        Ln      Lp     time
  ----------------------------------------------------------------------------------------------------------------------------------
   1L  73.90480883 0.30  0.010     0.000000    0.0   0.000   0.000 |   -2.000   1.000  -2.000   1.000 |   -7.000  -7.000   0.000
   2B  35.80580345 0.10  0.009   -47.913836   24.0   2.625   2.625 |    0.000  -0.000   0.000  -0.000 |  -17.169 -17.169  38.807
   3B  10.36837444 0.11 -0.112  -153.798941   24.0   3.024   3.065 |    0.000  -0.000   0.000  -0.000 |  -11.627  -8.160   1.118
   4B  11.30234308 0.10 -0.177  -173.359607   24.0   2.960   2.943 |    0.000  -0.000   0.000  -0.000 |  -11.900  -7.485   1.033
   5B  29.45289300 0.10 -0.204  -112.136019   24.0   2.917   2.963 |    0.000  -0.000   0.000  -0.000 |  -12.294  -8.467   1.042
   6B   7.40392977 0.11 -0.182  -179.265972   24.0   2.922   2.970 |    0.000  -0.000   0.000  -0.000 |  -12.382  -8.061   1.182
   7B   6.92277166 0.13 -0.195  -180.502961   24.0   2.940   2.948 |    0.000  -0.000   0.000  -0.000 |  -12.725  -7.935   0.973
   8B   4.26889590 0.14 -0.194  -182.971951   24.0   2.939   2.937 |    0.000  -0.000   0.000  -0.000 |  -12.726  -8.003   0.849
   9B   2.27074563 0.16 -0.195  -183.612618   24.0   2.929   2.944 |    0.000   0.000   0.000   0.000 |  -12.670  -8.058   1.617
  10B   1.84767768 0.18 -0.195  -183.881066   24.0   2.926   2.944 |    0.000   0.000   0.000   0.000 |  -12.687  -7.999   1.507
  11B   3.06210286 0.10 -0.192  -183.227618   24.0   2.923   2.944 |    0.000   0.000   0.000   0.000 |  -12.622  -7.994   1.419
  12L   2.96265662 0.11 -0.192  -183.294986   24.0   2.923   2.944 |    0.000   0.000   0.000   0.000 |  -12.626  -7.994   1.365
  13B  13.74248136 0.10 -0.196  -169.825718   24.0   2.924   2.937 |    0.000   0.000   0.000   0.000 |  -12.670  -7.946   1.282
  14L   1.81115115 0.11 -0.194  -183.904409   24.0   2.924   2.943 |    0.000   0.000   0.000   0.000 |  -12.632  -7.985   1.431
  15B   5.93004312 0.10 -0.191  -181.090129   24.0   2.923   2.941 |    0.000   0.000   0.000   0.000 |  -12.634  -7.935   1.427
  16B   2.62616317 0.11 -0.194  -183.488302   24.0   2.922   2.944 |    0.000   0.000   0.000   0.000 |  -12.629  -7.973   1.471
  17B   2.07780064 0.13 -0.194  -183.617564   24.0   2.922   2.944 |    0.000   0.000   0.000   0.000 |  -12.626  -7.972   1.455
  18B   2.05478016 0.14 -0.193  -183.621929   24.0   2.922   2.944 |    0.000   0.000   0.000   0.000 |  -12.624  -7.973   0.789
  19B   2.19479101 0.10 -0.193  -183.562471   24.0   2.922   2.943 |    0.000   0.000   0.000   0.000 |  -12.627  -7.961   1.551
  20L   2.10466441 0.11 -0.192  -183.595332   24.0   2.922   2.943 |    0.000   0.000   0.000   0.000 |  -12.619  -7.962   1.356
  21B  12.46666397 0.10 -0.195  -172.375657   24.0   2.923   2.937 |    0.000   0.000   0.000   0.000 |  -12.631  -7.947   1.492
  22L   1.86761836 0.11 -0.195  -183.819599   24.0   2.923   2.944 |    0.000   0.000   0.000   0.000 |  -12.637  -7.977   1.009
  23B  10.18899400 0.10 -0.197  -175.940513   24.0   2.924   2.940 |    0.000   0.000   0.000   0.000 |  -12.631  -7.957   1.368
  24B   2.49752922 0.11 -0.197  -183.435902   24.0   2.924   2.945 |    0.000   0.000   0.000   0.000 |  -12.639  -7.976   1.411
  25B   2.50988831 0.10 -0.197  -183.461377   24.0   2.924   2.945 |    0.000   0.000   0.000   0.000 |  -12.637  -7.976   1.376
  26B   2.57449606 0.10 -0.196  -183.448101   24.0   2.923   2.945 |    0.000   0.000   0.000   0.000 |  -12.635  -7.971   1.551
  27B   2.53784324 0.11 -0.196  -183.456459   24.0   2.924   2.945 |    0.000   0.000   0.000   0.000 |  -12.640  -7.967   1.464
  28B   2.51274659 0.13 -0.196  -183.468658   24.0   2.924   2.945 |    0.000   0.000   0.000   0.000 |  -12.634  -7.973   1.420
  29B   2.45224976 0.14 -0.196  -183.485265   24.0   2.923   2.945 |    0.000   0.000   0.000   0.000 |  -12.634  -7.974   1.414
  30B   2.15763155 0.16 -0.155  -183.444302   24.0   2.911   2.928 |    0.000   0.000   0.000   0.000 |  -12.591  -7.882   1.456
  31B   1.45309090 0.18 -0.144  -183.477095   24.0   2.907   2.923 |    0.000   0.000   0.000   0.000 |  -12.593  -7.879   1.467
  32B   0.77241794 0.21 -0.138  -183.635891   24.0   2.904   2.925 |    0.000   0.000   0.000   0.000 |  -12.581  -7.881   1.416
  33B   0.45669889 0.24 -0.126  -183.518499   24.0   2.903   2.921 |    0.000   0.000   0.000   0.000 |  -12.583  -7.889   1.413
  34L   0.42002773 0.27 -0.106  -183.239582   24.0   2.899   2.917 |    0.000   0.000   0.000   0.000 |  -12.634  -7.917   1.480
  35B   0.70105935 0.10 -0.104  -183.227811   24.0   2.897   2.918 |    0.000   0.000   0.000   0.000 |  -12.610  -7.952   0.930
  36B   0.70662826 0.10 -0.100  -183.177419   24.0   2.897   2.918 |    0.000  -0.000   0.000  -0.000 |  -12.623  -7.928   1.506
  37B   0.66437902 0.11 -0.106  -183.239717   24.0   2.899   2.919 |    0.000  -0.000   0.000  -0.000 |  -12.577  -7.925   1.534
  38B   0.29616633 0.13 -0.104  -183.249485   24.0   2.897   2.919 |    0.000  -0.000   0.000  -0.000 |  -12.601  -7.939   1.437
  39B   0.87836941 0.10 -0.111  -183.291240   24.0   2.899   2.919 |    0.000   0.000   0.000   0.000 |  -12.605  -7.908   1.466
  40B   0.27286968 0.11 -0.100  -183.208554   24.0   2.898   2.917 |    0.000  -0.000   0.000  -0.000 |  -12.629  -7.937   1.503
  41B   0.19600174 0.13 -0.104  -183.270432   24.0   2.898   2.918 |    0.000  -0.000   0.000  -0.000 |  -12.617  -7.936   1.509
  42B   0.18821725 0.14 -0.105  -183.278417   24.0   2.898   2.918 |    0.000  -0.000   0.000  -0.000 |  -12.623  -7.933   1.589
  43B   0.15995677 0.16 -0.106  -183.294629   24.0   2.898   2.918 |    0.000   0.000   0.000   0.000 |  -12.624  -7.935   1.556
  44B   0.16618384 0.10 -0.106  -183.291854   24.0   2.898   2.918 |    0.000   0.000   0.000   0.000 |  -12.622  -7.935   1.548
  45B   0.15538666 0.11 -0.106  -183.300058   24.0   2.898   2.918 |    0.000   0.000   0.000   0.000 |  -12.621  -7.933   1.484
  46B   0.12265026 0.13 -0.108  -183.325643   24.0   2.898   2.918 |    0.000   0.000   0.000   0.000 |  -12.616  -7.929   1.093
  47B   0.08421253 0.14 -0.112  -183.371993   24.0   2.899   2.919 |    0.000  -0.000   0.000  -0.000 |  -12.605  -7.923   1.158
  48B   0.53733062 0.10 -0.111  -183.332576   24.0   2.899   2.918 |    0.000  -0.000   0.000  -0.000 |  -12.612  -7.921   1.507
  49B   0.09209936 0.11 -0.114  -183.397632   24.0   2.900   2.919 |    0.000  -0.000   0.000  -0.000 |  -12.605  -7.915   1.552
  50B   0.06873106 0.13 -0.116  -183.428917   24.0   2.900   2.920 |    0.000  -0.000   0.000  -0.000 |  -12.597  -7.915   1.697
  51B   0.05118468 0.14 -0.117  -183.436511   24.0   2.900   2.920 |    0.000  -0.000   0.000  -0.000 |  -12.600  -7.912   1.530
  52B   0.03302059 0.16 -0.117  -183.440945   24.0   2.900   2.920 |    0.000  -0.000   0.000  -0.000 |  -12.597  -7.913   1.525
  53B   0.01867228 0.18 -0.117  -183.443176   24.0   2.900   2.920 |    0.000  -0.000   0.000  -0.000 |  -12.597  -7.912   1.551
  54B   0.01871231 0.10 -0.118  -183.444928   24.0   2.900   2.920 |    0.000  -0.000   0.000  -0.000 |  -12.597  -7.911   1.461
  55B   0.02391596 0.10 -0.118  -183.450044   24.0   2.900   2.920 |    0.000  -0.000   0.000  -0.000 |  -12.596  -7.911   1.055
  56B   0.02161669 0.11 -0.118  -183.447875   24.0   2.900   2.920 |    0.000  -0.000   0.000  -0.000 |  -12.596  -7.911   1.456
  57B   0.04285768 0.10 -0.118  -183.448400   24.0   2.900   2.920 |    0.000  -0.000   0.000  -0.000 |  -12.596  -7.910   1.412
  58B   0.02207962 0.11 -0.118  -183.448279   24.0   2.900   2.920 |    0.000  -0.000   0.000  -0.000 |  -12.596  -7.910   1.161
  59B   0.02118261 0.13 -0.118  -183.447605   24.0   2.900   2.920 |    0.000  -0.000   0.000  -0.000 |  -12.596  -7.911   1.636
  60B   0.01945339 0.14 -0.118  -183.446178   24.0   2.900   2.920 |    0.000  -0.000   0.000  -0.000 |  -12.596  -7.911   1.622
  61B   0.01854930 0.16 -0.118  -183.445355   24.0   2.900   2.920 |    0.000  -0.000   0.000  -0.000 |  -12.596  -7.911   1.541
  62B   0.01997869 0.10 -0.118  -183.446629   24.0   2.900   2.920 |    0.000  -0.000   0.000  -0.000 |  -12.596  -7.911   1.647
  63B   0.02042021 0.10 -0.118  -183.446822   24.0   2.900   2.920 |    0.000  -0.000   0.000  -0.000 |  -12.596  -7.911   1.557
  64B   0.02094988 0.10 -0.118  -183.447248   24.0   2.900   2.920 |    0.000  -0.000   0.000  -0.000 |  -12.596  -7.911   1.252
  65B   0.02081683 0.11 -0.118  -183.447239   24.0   2.900   2.920 |    0.000  -0.000   0.000  -0.000 |  -12.596  -7.911   1.252
  66B   0.02092850 0.10 -0.118  -183.447253   24.0   2.900   2.920 |    0.000  -0.000   0.000  -0.000 |  -12.596  -7.911   1.450
  67B   0.02107014 0.10 -0.118  -183.447416   24.0   2.900   2.920 |    0.000  -0.000   0.000  -0.000 |  -12.596  -7.911   1.552
  68B   0.02125463 0.10 -0.118  -183.447515   24.0   2.900   2.920 |    0.000  -0.000   0.000  -0.000 |  -12.596  -7.911   1.521
  69B   0.02172224 0.10 -0.118  -183.447917   24.0   2.900   2.920 |    0.000  -0.000   0.000  -0.000 |  -12.596  -7.910   1.538
  70B   0.02178702 0.10 -0.118  -183.447924   24.0   2.900   2.920 |    0.000  -0.000   0.000  -0.000 |  -12.596  -7.911   1.643
  71B   0.02151773 0.11 -0.118  -183.447715   24.0   2.900   2.920 |    0.000  -0.000   0.000  -0.000 |  -12.596  -7.911   1.639
  72B   0.02134482 0.13 -0.118  -183.447533   24.0   2.900   2.920 |    0.000  -0.000   0.000  -0.000 |  -12.596  -7.910   1.228
  73B   0.02108567 0.14 -0.118  -183.447329   24.0   2.900   2.920 |    0.000  -0.000   0.000  -0.000 |  -12.596  -7.911   1.515
  74B   0.02195910 0.10 -0.118  -183.448229   24.0   2.900   2.920 |    0.000  -0.000   0.000  -0.000 |  -12.596  -7.910   1.695
  75B   0.02246327 0.10 -0.118  -183.448658   24.0   2.900   2.920 |    0.000  -0.000   0.000  -0.000 |  -12.596  -7.910   1.515
  76B   0.02167738 0.11 -0.118  -183.447965   24.0   2.900   2.920 |    0.000  -0.000   0.000  -0.000 |  -12.596  -7.911   1.503
  77B   0.02375202 0.10 -0.118  -183.449802   24.0   2.900   2.920 |    0.000  -0.000   0.000  -0.000 |  -12.595  -7.911   0.876
  78B   0.02403242 0.10 -0.118  -183.450068   24.0   2.900   2.920 |    0.000  -0.000   0.000  -0.000 |  -12.596  -7.910   1.563
  79B   0.02390690 0.11 -0.118  -183.449954   24.0   2.900   2.920 |    0.000  -0.000   0.000  -0.000 |  -12.596  -7.910   1.638
  80B   0.02313378 0.13 -0.118  -183.449300   24.0   2.900   2.920 |    0.000  -0.000   0.000  -0.000 |  -12.596  -7.910   1.721
  81B   0.02234443 0.14 -0.118  -183.448502   24.0   2.900   2.920 |    0.000  -0.000   0.000  -0.000 |  -12.596  -7.910   1.388
  82B   0.02075084 0.16 -0.118  -183.447379   24.0   2.900   2.920 |    0.000  -0.000   0.000  -0.000 |  -12.596  -7.911   1.498
  83B   0.01630674 0.18 -0.117  -183.443300   24.0   2.900   2.920 |    0.000  -0.000   0.000  -0.000 |  -12.596  -7.911   1.223
  84B   0.02070391 0.10 -0.118  -183.446962   24.0   2.900   2.920 |    0.000  -0.000   0.000  -0.000 |  -12.596  -7.910   1.423
  85B   0.04327262 0.10 -0.118  -183.446115   24.0   2.900   2.920 |    0.000  -0.000   0.000  -0.000 |  -12.596  -7.910   1.408
  86B   0.01431537 0.11 -0.117  -183.441472   24.0   2.900   2.920 |    0.000  -0.000   0.000  -0.000 |  -12.597  -7.911   1.560
  87B   0.01093226 0.13 -0.117  -183.438449   24.0   2.900   2.920 |    0.000  -0.000   0.000  -0.000 |  -12.597  -7.911   1.359
  88B   0.00960008 0.14 -0.117  -183.435931   24.0   2.900   2.920 |    0.000  -0.000   0.000  -0.000 |  -12.597  -7.912   1.449
  89B   0.00695764 0.16 -0.117  -183.433778   24.0   2.900   2.920 |    0.000  -0.000   0.000  -0.000 |  -12.598  -7.912   1.528
  90B   0.00845008 0.10 -0.116  -183.430784   24.0   2.900   2.920 |    0.000  -0.000   0.000  -0.000 |  -12.598  -7.913   1.440
  91B   0.00843537 0.11 -0.116  -183.427560   24.0   2.900   2.920 |    0.000  -0.000   0.000  -0.000 |  -12.599  -7.913   1.131
  92B   0.00857731 0.10 -0.116  -183.421596   24.0   2.900   2.920 |    0.000   0.000   0.000   0.000 |  -12.599  -7.914   1.082
  93B   0.01059657 0.10 -0.116  -183.424980   24.0   2.900   2.920 |    0.000  -0.000   0.000  -0.000 |  -12.600  -7.913   0.869
  94B   0.00955686 0.11 -0.116  -183.428027   24.0   2.900   2.920 |    0.000  -0.000   0.000  -0.000 |  -12.599  -7.913   1.015
  95B   0.00587963 0.13 -0.116  -183.424088   24.0   2.900   2.920 |    0.000  -0.000   0.000  -0.000 |  -12.599  -7.914   1.468
  96B   0.00998395 0.10 -0.116  -183.424635   24.0   2.900   2.920 |    0.000  -0.000   0.000  -0.000 |  -12.599  -7.914   1.443
  97B   0.00440593 0.11 -0.116  -183.425312   24.0   2.900   2.920 |    0.000  -0.000   0.000  -0.000 |  -12.599  -7.914   1.431
  98B   0.00394266 0.13 -0.116  -183.425727   24.0   2.900   2.920 |    0.000  -0.000   0.000  -0.000 |  -12.599  -7.914   1.433
  99B   0.00346080 0.14 -0.116  -183.426136   24.0   2.900   2.920 |    0.000  -0.000   0.000  -0.000 |  -12.599  -7.914   1.502
 100B   0.00322896 0.16 -0.116  -183.426363   24.0   2.900   2.920 |    0.000  -0.000   0.000  -0.000 |  -12.599  -7.914   1.005
 101B   0.00298001 0.18 -0.116  -183.426570   24.0   2.900   2.920 |    0.000  -0.000   0.000  -0.000 |  -12.599  -7.914   0.986
 102B   0.00250410 0.21 -0.116  -183.427027   24.0   2.900   2.920 |    0.000  -0.000   0.000  -0.000 |  -12.599  -7.913   1.086
 103B   0.00289286 0.10 -0.116  -183.428665   24.0   2.900   2.920 |    0.000   0.000   0.000   0.000 |  -12.599  -7.913   0.996
 104B   0.00128532 0.11 -0.116  -183.428090   24.0   2.900   2.920 |    0.000   0.000   0.000   0.000 |  -12.599  -7.913   1.247
 105B   0.00343804 0.10 -0.116  -183.428867   24.0   2.900   2.920 |    0.000   0.000   0.000   0.000 |  -12.599  -7.913   0.959
 106B   0.00165369 0.11 -0.116  -183.429522   24.0   2.900   2.920 |    0.000   0.000   0.000   0.000 |  -12.599  -7.913   1.009
 107B   0.00106923 0.13 -0.116  -183.429655   24.0   2.900   2.920 |    0.000   0.000   0.000   0.000 |  -12.599  -7.913   1.051
 108B   0.00068497 0.14 -0.116  -183.429674   24.0   2.900   2.920 |    0.000   0.000   0.000   0.000 |  -12.599  -7.913   1.446
 109B   0.00060381 0.16 -0.116  -183.429702   24.0   2.900   2.920 |    0.000   0.000   0.000   0.000 |  -12.599  -7.913   0.912
 110B   0.00064214 0.10 -0.116  -183.429715   24.0   2.900   2.920 |    0.000  -0.000   0.000  -0.000 |  -12.599  -7.913   1.244
 111B   0.00061929 0.11 -0.116  -183.429706   24.0   2.900   2.920 |    0.000  -0.000   0.000  -0.000 |  -12.599  -7.913   0.950
 112B   0.00036296 0.13 -0.116  -183.429484   24.0   2.900   2.920 |    0.000  -0.000   0.000  -0.000 |  -12.599  -7.913   0.976
 113B   0.00033274 0.14 -0.116  -183.429462   24.0   2.900   2.920 |    0.000   0.000   0.000   0.000 |  -12.599  -7.913   1.089
 114B   0.00067629 0.10 -0.116  -183.429459   24.0   2.900   2.920 |    0.000  -0.000   0.000  -0.000 |  -12.599  -7.913   1.470
 115B   0.00032143 0.11 -0.116  -183.429444   24.0   2.900   2.920 |    0.000   0.000   0.000   0.000 |  -12.599  -7.913   1.475
 116B   0.00025157 0.13 -0.116  -183.429384   24.0   2.900   2.920 |    0.000  -0.000   0.000  -0.000 |  -12.599  -7.913   1.369
 117B   0.00020284 0.14 -0.116  -183.429343   24.0   2.900   2.920 |    0.000  -0.000   0.000  -0.000 |  -12.599  -7.913   1.048
 118B   0.00015581 0.16 -0.116  -183.429305   24.0   2.900   2.920 |    0.000  -0.000   0.000  -0.000 |  -12.599  -7.913   0.926
 119B   0.00013128 0.18 -0.116  -183.429281   24.0   2.900   2.920 |    0.000  -0.000   0.000  -0.000 |  -12.599  -7.913   1.396
 120B   0.00014353 0.10 -0.116  -183.429286   24.0   2.900   2.920 |    0.000  -0.000   0.000  -0.000 |  -12.599  -7.913   1.074
 121B   0.00009443 0.11 -0.116  -183.429189   24.0   2.900   2.920 |    0.000  -0.000   0.000  -0.000 |  -12.599  -7.913   0.986
 122B   0.00016295 0.10 -0.116  -183.429164   24.0   2.900   2.920 |    0.000   0.000   0.000   0.000 |  -12.599  -7.913   0.972
 123B   0.00017037 0.10 -0.116  -183.429148   24.0   2.900   2.920 |    0.000   0.000   0.000   0.000 |  -12.599  -7.913   0.945
 124B   0.00019161 0.10 -0.116  -183.429110   24.0   2.900   2.920 |    0.000   0.000   0.000   0.000 |  -12.599  -7.913   1.006
 125B   0.00012302 0.11 -0.116  -183.429107   24.0   2.900   2.920 |    0.000   0.000   0.000   0.000 |  -12.599  -7.913   1.007
 126B   0.00006136 0.13 -0.116  -183.429117   24.0   2.900   2.920 |    0.000   0.000   0.000   0.000 |  -12.599  -7.913   1.060
 127B   0.00004919 0.14 -0.116  -183.429128   24.0   2.900   2.920 |    0.000   0.000   0.000   0.000 |  -12.599  -7.913   0.879
 128B   0.00004768 0.16 -0.116  -183.429128   24.0   2.900   2.920 |    0.000   0.000   0.000   0.000 |  -12.599  -7.913   0.932
 129B   0.00005647 0.10 -0.116  -183.429120   24.0   2.900   2.920 |    0.000   0.000   0.000   0.000 |  -12.599  -7.913   1.568
 130B   0.00004924 0.11 -0.116  -183.429128   24.0   2.900   2.920 |    0.000   0.000   0.000   0.000 |  -12.599  -7.913   1.178
 131B   0.00004713 0.13 -0.116  -183.429129   24.0   2.900   2.920 |    0.000   0.000   0.000  -0.000 |  -12.599  -7.913   0.911
 132B   0.00004717 0.10 -0.116  -183.429129   24.0   2.900   2.920 |    0.000  -0.000   0.000  -0.000 |  -12.599  -7.913   1.488
 133B   0.00004861 0.10 -0.116  -183.429127   24.0   2.900   2.920 |    0.000   0.000   0.000   0.000 |  -12.599  -7.913   1.401
 134B   0.00004868 0.10 -0.116  -183.429127   24.0   2.900   2.920 |    0.000   0.000   0.000  -0.000 |  -12.599  -7.913   1.429
 135B   0.00004882 0.10 -0.116  -183.429127   24.0   2.900   2.920 |    0.000   0.000   0.000   0.000 |  -12.599  -7.913   0.892
 136B   0.00004852 0.11 -0.116  -183.429128   24.0   2.900   2.920 |    0.000   0.000   0.000   0.000 |  -12.599  -7.913   1.233
 137B   0.00004613 0.13 -0.116  -183.429129   24.0   2.900   2.920 |    0.000  -0.000   0.000  -0.000 |  -12.599  -7.913   1.325
 138B   0.00004956 0.10 -0.116  -183.429127   24.0   2.900   2.920 |    0.000   0.000   0.000   0.000 |  -12.599  -7.913   0.912
 139B   0.00001173 0.11 -0.116  -183.429159   24.0   2.900   2.920 |    0.000  -0.000   0.000   0.000 |  -12.599  -7.913   0.929
 140B   0.00000978 0.13 -0.116  -183.429170   24.0   2.900   2.920 |    0.000  -0.000   0.000   0.000 |  -12.599  -7.913   0.984
 141B   0.00000410 0.14 -0.116  -183.429170   24.0   2.900   2.920 |    0.000  -0.000   0.000   0.000 |  -12.599  -7.913   0.953
 142B   0.00000179 0.16 -0.116  -183.429170   24.0   2.900   2.920 |    0.000  -0.000   0.000  -0.000 |  -12.599  -7.913   1.104
 143B   0.00000044 0.18 -0.116  -183.429170   24.0   2.900   2.920 |    0.000  -0.000   0.000  -0.000 |  -12.599  -7.913   1.261
 144B   0.00000032 0.21 -0.116  -183.429170   24.0   2.900   2.920 |    0.000  -0.000   0.000  -0.000 |  -12.599  -7.913   1.080
 145B   0.00000047 0.10 -0.116  -183.429170   24.0   2.900   2.920 |    0.000  -0.000   0.000   0.000 |  -12.599  -7.913   0.902
 146B   0.00000039 0.11 -0.116  -183.429170   24.0   2.900   2.920 |    0.000  -0.000   0.000  -0.000 |  -12.599  -7.913   0.902
 147B   0.00000025 0.13 -0.116  -183.429170   24.0   2.900   2.920 |    0.000   0.000   0.000   0.000 |  -12.599  -7.913   0.946
 148B   0.00000025 0.10 -0.116  -183.429170   24.0   2.900   2.920 |    0.000  -0.000   0.000  -0.000 |  -12.599  -7.913   1.371
 149B   0.00000021 0.11 -0.116  -183.429170   24.0   2.900   2.920 |    0.000   0.000   0.000   0.000 |  -12.599  -7.913   1.199
 150B   0.00000022 0.10 -0.116  -183.429170   24.0   2.900   2.920 |    0.000   0.000   0.000  -0.000 |  -12.599  -7.913   1.314
 151B   0.00000023 0.10 -0.116  -183.429170   24.0   2.900   2.920 |    0.000   0.000   0.000   0.000 |  -12.599  -7.913   0.904
 152B   0.00000024 0.10 -0.116  -183.429170   24.0   2.900   2.920 |    0.000  -0.000   0.000   0.000 |  -12.599  -7.913   0.981
 153B   0.00000023 0.11 -0.116  -183.429170   24.0   2.900   2.920 |    0.000  -0.000   0.000  -0.000 |  -12.599  -7.913   0.909
 154B   0.00000022 0.13 -0.116  -183.429170   24.0   2.900   2.920 |    0.000  -0.000   0.000  -0.000 |  -12.599  -7.913   0.936
 155B   0.00000020 0.14 -0.116  -183.429170   24.0   2.900   2.920 |    0.000  -0.000   0.000   0.000 |  -12.599  -7.913   0.874
 156B   0.00000019 0.16 -0.116  -183.429170   24.0   2.900   2.920 |    0.000  -0.000   0.000  -0.000 |  -12.599  -7.913   0.905
 157B   0.00000015 0.18 -0.116  -183.429170   24.0   2.900   2.920 |    0.000  -0.000   0.000   0.000 |  -12.599  -7.913   1.461
 158B   0.00000030 0.10 -0.116  -183.429170   24.0   2.900   2.920 |    0.000  -0.000   0.000   0.000 |  -12.599  -7.913   1.154
 159B   0.00000019 0.11 -0.116  -183.429170   24.0   2.900   2.920 |    0.000   0.000   0.000  -0.000 |  -12.599  -7.913   1.453
 160B   0.00000018 0.13 -0.116  -183.429170   24.0   2.900   2.920 |    0.000   0.000   0.000   0.000 |  -12.599  -7.913   0.962
 161B   0.00000018 0.10 -0.116  -183.429170   24.0   2.900   2.920 |    0.000   0.000   0.000  -0.000 |  -12.599  -7.913   1.037
 162B   0.00000019 0.10 -0.116  -183.429170   24.0   2.900   2.920 |    0.000  -0.000   0.000  -0.000 |  -12.599  -7.913   1.479
 163B   0.00000018 0.11 -0.116  -183.429170   24.0   2.900   2.920 |    0.000  -0.000   0.000  -0.000 |  -12.599  -7.913   1.614
 164B   0.00000016 0.13 -0.116  -183.429170   24.0   2.900   2.920 |    0.000  -0.000   0.000  -0.000 |  -12.599  -7.913   0.908
 165B   0.00000015 0.14 -0.116  -183.429170   24.0   2.900   2.920 |    0.000  -0.000   0.000  -0.000 |  -12.599  -7.913   0.976
 166B   0.00000018 0.10 -0.116  -183.429170   24.0   2.900   2.920 |    0.000   0.000   0.000   0.000 |  -12.599  -7.913   1.169
 167B   0.00000013 0.11 -0.116  -183.429170   24.0   2.900   2.920 |    0.000  -0.000   0.000  -0.000 |  -12.599  -7.913   0.783
 168B   0.00000013 0.13 -0.116  -183.429170   24.0   2.900   2.920 |    0.000  -0.000   0.000   0.000 |  -12.599  -7.913   0.955
 169B   0.00000013 0.10 -0.116  -183.429170   24.0   2.900   2.920 |    0.000  -0.000   0.000  -0.000 |  -12.599  -7.913   1.501
 170B   0.00000011 0.11 -0.116  -183.429170   24.0   2.900   2.920 |    0.000  -0.000   0.000   0.000 |  -12.599  -7.913   0.681
 171B   0.00000009 0.13 -0.116  -183.429170   24.0   2.900   2.920 |    0.000  -0.000   0.000   0.000 |  -12.599  -7.913   1.120
 172B   0.00000008 0.14 -0.116  -183.429170   24.0   2.900   2.920 |    0.000  -0.000   0.000   0.000 |  -12.599  -7.913   1.002
 173B   0.00000013 0.10 -0.116  -183.429170   24.0   2.900   2.920 |    0.000  -0.000   0.000  -0.000 |  -12.599  -7.913   0.921
 174B   0.00000009 0.11 -0.116  -183.429170   24.0   2.900   2.920 |    0.000  -0.000   0.000   0.000 |  -12.599  -7.913   1.066
 175B   0.00000017 0.10 -0.116  -183.429170   24.0   2.900   2.920 |    0.000  -0.000   0.000  -0.000 |  -12.599  -7.913   0.901
 176B   0.00000022 0.10 -0.116  -183.429170   24.0   2.900   2.920 |    0.000  -0.000   0.000  -0.000 |  -12.599  -7.913   0.983
 177B   0.00000014 0.11 -0.116  -183.429170   24.0   2.900   2.920 |    0.000  -0.000   0.000  -0.000 |  -12.599  -7.913   1.573
 178B   0.00000011 0.13 -0.116  -183.429170   24.0   2.900   2.920 |    0.000  -0.000   0.000   0.000 |  -12.599  -7.913   0.851
 179B   0.00000006 0.14 -0.116  -183.429170   24.0   2.900   2.920 |    0.000  -0.000   0.000   0.000 |  -12.599  -7.913   0.647
 180B   0.00000006 0.10 -0.116  -183.429170   24.0   2.900   2.920 |    0.000   0.000   0.000   0.000 |  -12.599  -7.913   0.912
 181B   0.00000006 0.11 -0.116  -183.429170   24.0   2.900   2.920 |    0.000  -0.000   0.000  -0.000 |  -12.599  -7.913   0.701
 182B   0.00000006 0.13 -0.116  -183.429170   24.0   2.900   2.920 |    0.000  -0.000   0.000   0.000 |  -12.599  -7.913   0.793
 183B   0.00000006 0.10 -0.116  -183.429170   24.0   2.900   2.920 |    0.000   0.000   0.000  -0.000 |  -12.599  -7.913   0.555
 184B   0.00000006 0.10 -0.116  -183.429170   24.0   2.900   2.920 |    0.000   0.000   0.000   0.000 |  -12.599  -7.913   0.747
 185B   0.00000006 0.10 -0.116  -183.429170   24.0   2.900   2.920 |    0.000   0.000   0.000   0.000 |  -12.599  -7.913   0.421
 186B   0.00000006 0.11 -0.116  -183.429170   24.0   2.900   2.920 |    0.000   0.000   0.000  -0.000 |  -12.599  -7.913   0.424
 187B   0.00000006 0.10 -0.116  -183.429170   24.0   2.900   2.920 |    0.000   0.000   0.000   0.000 |  -12.599  -7.913   0.416
 188B   0.00000006 0.11 -0.116  -183.429170   24.0   2.900   2.920 |    0.000   0.000   0.000  -0.000 |  -12.599  -7.913   0.425
 189B   0.00000006 0.13 -0.116  -183.429170   24.0   2.900   2.920 |    0.000   0.000   0.000   0.000 |  -12.599  -7.913   0.425
 190B   0.00000004 0.14 -0.116  -183.429170   24.0   2.900   2.920 |    0.000  -0.000   0.000  -0.000 |  -12.599  -7.913   0.459
 191B   0.00000005 0.10 -0.116  -183.429170   24.0   2.900   2.920 |    0.000  -0.000   0.000  -0.000 |  -12.599  -7.913   0.442
 192B   0.00000003 0.11 -0.116  -183.429170   24.0   2.900   2.920 |    0.000  -0.000   0.000  -0.000 |  -12.599  -7.913   0.473
 193B   0.00000006 0.10 -0.116  -183.429170   24.0   2.900   2.920 |    0.000  -0.000   0.000  -0.000 |  -12.599  -7.913   0.420
 194B   0.00000002 0.11 -0.116  -183.429170   24.0   2.900   2.920 |    0.000  -0.000   0.000  -0.000 |  -12.599  -7.913   0.440
 195B   0.00000004 0.10 -0.116  -183.429170   24.0   2.900   2.920 |    0.000  -0.000   0.000   0.000 |  -12.599  -7.913   0.500
 196B   0.00000001 0.11 -0.116  -183.429170   24.0   2.900   2.920 |    0.000  -0.000   0.000  -0.000 |  -12.599  -7.913   0.491
 197B   0.00000001 0.10 -0.116  -183.429170   24.0   2.900   2.920 |    0.000  -0.000   0.000   0.000 |  -12.599  -7.913   0.418
 198B   0.00000001 0.10 -0.116  -183.429170   24.0   2.900   2.920 |    0.000  -0.000   0.000  -0.000 |  -12.599  -7.913   0.438
 199B   0.00000001 0.11 -0.116  -183.429170   24.0   2.900   2.920 |    0.000   0.000   0.000  -0.000 |  -12.599  -7.913   0.460
 200B   0.00000001 0.13 -0.116  -183.429170   24.0   2.900   2.920 |    0.000   0.000   0.000   0.000 |  -12.599  -7.913   0.513
 201B   0.00000001 0.10 -0.116  -183.429170   24.0   2.900   2.920 |    0.000   0.000   0.000  -0.000 |  -12.599  -7.913   0.562
 202B   0.00000001 0.10 -0.116  -183.429170   24.0   2.900   2.920 |    0.000   0.000   0.000   0.000 |  -12.599  -7.913   0.526
 203B   0.00000001 0.11 -0.116  -183.429170   24.0   2.900   2.920 |    0.000   0.000   0.000  -0.000 |  -12.599  -7.913   0.459
 204B   0.00000001 0.10 -0.116  -183.429170   24.0   2.900   2.920 |    0.000  -0.000   0.000  -0.000 |  -12.599  -7.913   0.581
 205B   0.00000001 0.11 -0.116  -183.429170   24.0   2.900   2.920 |    0.000  -0.000   0.000   0.000 |  -12.599  -7.913   0.502
 206B   0.00000000 0.13 -0.116  -183.429170   24.0   2.900   2.920 |    0.000  -0.000   0.000  -0.000 |  -12.599  -7.913   0.437
 207B   0.00000000 0.14 -0.116  -183.429170   24.0   2.900   2.920 |    0.000  -0.000   0.000   0.000 |  -12.599  -7.913   0.436
 208B   0.00000000 0.16 -0.116  -183.429170   24.0   2.900   2.920 |    0.000  -0.000   0.000   0.000 |  -12.599  -7.913   0.483
 209B   0.00000000 0.18 -0.116  -183.429170   24.0   2.900   2.920 |    0.000  -0.000   0.000  -0.000 |  -12.599  -7.913   0.419
 210B   0.00000000 0.21 -0.116  -183.429170   24.0   2.900   2.920 |    0.000  -0.000   0.000  -0.000 |  -12.599  -7.913   0.430
 211B   0.00000001 0.10 -0.116  -183.429170   24.0   2.900   2.920 |    0.000  -0.000   0.000  -0.000 |  -12.599  -7.913   0.485
 212B   0.00000000 0.11 -0.116  -183.429170   24.0   2.900   2.920 |    0.000  -0.000   0.000  -0.000 |  -12.599  -7.913   0.453
 213B   0.00000000 0.10 -0.116  -183.429170   24.0   2.900   2.920 |    0.000   0.000   0.000   0.000 |  -12.599  -7.913   0.494
 214B   0.00000000 0.11 -0.116  -183.429170   24.0   2.900   2.920 |    0.000  -0.000   0.000  -0.000 |  -12.599  -7.913   0.463
  ----------------------------------------------------------------------------------------------------------------------------------
  *   iteration converged   after 214 steps   si=     0.0000000007 ho=  0 tho=  0
  ----------------------------------------------------------------------------------------------------------------------------------
  Total CPU time=   4.665 minutes

  Writing to wel_file: s012_012.hel
 __________________________________  
  The tape s012_012.hel recorded:     
  nucname,npr,ngh,ngl,n00,nb,nt      
  b0,beta0,si,etot,rms,bet,xmix      
  pairing:     CpV0,CpV1,pwi         
  delta:       del,ept               
  lambda:      ala,ala2,alast,tz     
  asymptotic:  varmas,ass,skass      
  ntx,nb,nhhdim,id,N_rz,n_r,n_z      
  Omega2,Sigma2,Parity,Lambda        
  matrices(inbro):    hh,de          
  *all blocking candidates           
 __________________________________  



 #quasiparticle energies neutrons
 --------------------------------
  eqp(k) -> q.p. energy 
  e(k)   -> referent s.p. energy 
  p(k)   -> occ.probability 
  del(k) -> referent s.p. gap 
  fermi energy alast=  -12.598759401093492     
  #k  block#    eqp(k)     e(k)       (1-2N)E      decay        p(k)        del(k)    overl      labels
   1    1     0.031478  -12.567282    0.031478    1.560911    0.00000000   0.0000   0.6183  1+[ 2, 0, 0]
   2    1     2.738872   -9.859888    2.738872    1.720092    0.00000000   0.0000   0.6719  1+[ 2, 2, 0]
   3    1     7.876495   -4.722265    7.876495    1.987408    0.00000000   0.0000   0.7065  1+[ 2, 1, 1]
   4    1    22.807443  -35.406202  -22.807443    2.613437    1.00000000   0.0000   0.9875  1+[ 0, 0, 0]
   5    1    24.847085   12.248326   24.847085    2.687659    0.00000000   0.0000   0.5198  1+[ 4, 2, 0]
   6    1    25.127818   12.529059   25.127818    2.697715    0.00000000   0.0000   0.5755  1+[ 4, 0, 0]
   7    1    25.970364   13.371604   25.970364    2.727673    0.00000000   0.0000   0.5686  1+[ 4, 3, 1]
   8    1    28.110115   15.511355   28.110115    2.802315    0.00000000   0.0000   0.4060  1+[ 4, 3, 1]
   9    1    31.995108   19.396349   31.995108    2.932986    0.00000000   0.0000   0.4769  1+[ 4, 2, 0]
  10    1    45.886014   33.287255   45.886014    3.358875    0.00000000   0.0000   0.4143  1+[ 6, 5, 1]
  11    1    48.341482   35.742722   48.341482    3.428661    0.00000000   0.0000   0.3903  1+[ 6, 0, 0]
  12    1    49.727550   37.128791   49.727550    3.467433    0.00000000   0.0000   0.3719  1+[ 6, 0, 0]
  13    1    51.799874   39.201115   51.799874    3.524607    0.00000000   0.0000   0.5140  1+[ 6, 3, 1]
  14    1    52.153338   39.554578   52.153338    3.534267    0.00000000   0.0000   0.3643  1+[ 4, 3, 1]
  15    1    53.706579   41.107820   53.706579    3.576405    0.00000000   0.0000   0.3987  1+[ 6, 5, 1]
  16    1    55.527075   42.928316   55.527075    3.625170    0.00000000   0.0000   0.4571  1+[ 6, 2, 0]
  17    2     6.617298  -19.216057   -6.617298    1.925327    1.00000000   0.0000   0.7184  1-[ 1, 0, 1]
  18    2    11.160179  -23.758939  -11.160179    2.140849    1.00000000   0.0000   0.7182  1-[ 1, 1, 0]
  19    2    12.479322   -0.119438   12.479322    2.199478    0.00000000   0.0000   0.6589  1-[ 3, 1, 0]
  20    2    15.845642    3.246883   15.845642    2.342453    0.00000000   0.0000   0.6545  1-[ 3, 0, 1]
  21    2    17.206904    4.608145   17.206904    2.397849    0.00000000   0.0000   0.6612  1-[ 3, 3, 0]
  22    2    20.976705    8.377946   20.976705    2.544975    0.00000000   0.0000   0.6103  1-[ 3, 2, 1]
  23    2    37.140990   24.542231   37.140990    3.097592    0.00000000   0.0000   0.4830  1-[ 5, 1, 0]
  24    2    37.652050   25.053291   37.652050    3.113465    0.00000000   0.0000   0.4635  1-[ 5, 0, 1]
  25    2    39.127095   26.528336   39.127095    3.158830    0.00000000   0.0000   0.4569  1-[ 5, 0, 1]
  26    2    39.568822   26.970063   39.568822    3.172289    0.00000000   0.0000   0.5936  1-[ 5, 3, 0]
  27    2    43.146611   30.547852   43.146611    3.279267    0.00000000   0.0000   0.4651  1-[ 5, 4, 1]
  28    2    45.395172   32.796412   45.395172    3.344750    0.00000000   0.0000   0.5295  1-[ 5, 2, 1]
  29    2    64.368550   51.769790   64.368550    3.853236    0.00000000   0.0000   0.4685  1-[ 7, 5, 0]
  30    2    68.658786   56.060026   68.658786    3.959171    0.00000000   0.0000   0.5099  1-[ 7, 3, 0]
  31    2    70.709351   58.110592   70.709351    4.008815    0.00000000   0.0000   0.4102  1-[ 7, 7, 0]
  32    3     0.031514  -12.630273   -0.031514    1.560913    1.00000000   0.0000   0.8331  3+[ 2, 1, 1]
  33    3     7.351786   -5.246974    7.351786    1.961778    0.00000000   0.0000   0.8068  3+[ 2, 0, 2]
  34    3    25.074116   12.475357   25.074116    2.695795    0.00000000   0.0000   0.7143  3+[ 4, 1, 1]
  35    3    25.920687   13.321928   25.920687    2.725916    0.00000000   0.0000   0.6955  3+[ 4, 3, 1]
  36    3    28.219847   15.621088   28.219847    2.806089    0.00000000   0.0000   0.5939  3+[ 4, 0, 2]
  37    3    31.957626   19.358866   31.957626    2.931753    0.00000000   0.0000   0.6012  3+[ 4, 2, 2]
  38    3    45.924803   33.326043   45.924803    3.359989    0.00000000   0.0000   0.4959  3+[ 6, 5, 1]
  39    3    48.289986   35.691227   48.289986    3.427212    0.00000000   0.0000   0.3424  3+[ 4, 3, 1]
  40    3    51.730315   39.131555   51.730315    3.522703    0.00000000   0.0000   0.5178  3+[ 6, 2, 2]
  41    3    51.781488   39.182728   51.781488    3.524104    0.00000000   0.0000   0.4651  3+[ 6, 0, 2]
  42    3    53.781639   41.182880   53.781639    3.578429    0.00000000   0.0000   0.5226  3+[ 6, 4, 2]
  43    3    55.499802   42.901042   55.499802    3.624444    0.00000000   0.0000   0.5404  3+[ 6, 2, 2]
  44    4    11.376577  -23.975336  -11.376577    2.150576    1.00000000   0.0000   0.9728  3-[ 1, 0, 1]
  45    4    12.340356   -0.258403   12.340356    2.193375    0.00000000   0.0000   0.6061  3-[ 3, 2, 1]
  46    4    15.440492    2.841732   15.440492    2.325710    0.00000000   0.0000   0.7082  3-[ 3, 0, 1]
  47    4    20.749770    8.151010   20.749770    2.536359    0.00000000   0.0000   0.7393  3-[ 3, 1, 2]
  48    4    37.207070   24.608311   37.207070    3.099649    0.00000000   0.0000   0.5235  3-[ 5, 4, 1]
  49    4    37.635469   25.036709   37.635469    3.112951    0.00000000   0.0000   0.6909  3-[ 5, 0, 1]
  50    4    39.424225   26.825466   39.424225    3.167890    0.00000000   0.0000   0.5598  3-[ 5, 2, 1]
  51    4    43.258271   30.659512   43.258271    3.282550    0.00000000   0.0000   0.4712  3-[ 5, 3, 2]
  52    4    45.345295   32.746535   45.345295    3.343312    0.00000000   0.0000   0.4953  3-[ 5, 3, 2]
  53    4    64.382262   51.783503   64.382262    3.853579    0.00000000   0.0000   0.5026  3-[ 7, 6, 1]
  54    4    68.572591   55.973831   68.572591    3.957071    0.00000000   0.0000   0.5147  3-[ 7, 4, 1]
  55    4    70.703469   58.104710   70.703469    4.008674    0.00000000   0.0000   0.4516  3-[ 7, 6, 1]
  56    5     0.435641  -13.034400   -0.435641    1.585689    1.00000000   0.0000   0.9714  5+[ 2, 0, 2]
  57    5    24.921196   12.322437   24.921196    2.690318    0.00000000   0.0000   0.6360  5+[ 4, 2, 2]
  58    5    25.901938   13.303178   25.901938    2.725252    0.00000000   0.0000   0.6352  5+[ 4, 0, 2]
  59    5    31.881901   19.283141   31.881901    2.929261    0.00000000   0.0000   0.7249  5+[ 4, 1, 3]
  60    5    46.011219   33.412459   46.011219    3.362468    0.00000000   0.0000   0.5431  5+[ 6, 4, 2]
  61    5    48.178744   35.579985   48.178744    3.424080    0.00000000   0.0000   0.6018  5+[ 6, 0, 2]
  62    5    51.616858   39.018098   51.616858    3.519596    0.00000000   0.0000   0.5662  5+[ 6, 2, 2]
  63    5    53.961170   41.362410   53.961170    3.583264    0.00000000   0.0000   0.5414  5+[ 6, 3, 3]
  64    5    55.453808   42.855048   55.453808    3.623220    0.00000000   0.0000   0.5406  5+[ 6, 1, 3]
  65    6    12.037322   -0.561438   12.037322    2.180009    0.00000000   0.0000   0.8795  5-[ 3, 1, 2]
  66    6    20.319694    7.720935   20.319694    2.519951    0.00000000   0.0000   0.8192  5-[ 3, 0, 3]
  67    6    37.354470   24.755711   37.354470    3.104232    0.00000000   0.0000   0.6786  5-[ 5, 1, 2]
  68    6    39.143956   26.545197   39.143956    3.159345    0.00000000   0.0000   0.6909  5-[ 5, 3, 2]
  69    6    43.518514   30.919755   43.518514    3.290188    0.00000000   0.0000   0.6244  5-[ 5, 0, 3]
  70    6    45.252247   32.653487   45.252247    3.340626    0.00000000   0.0000   0.6599  5-[ 5, 2, 3]
  71    6    64.416756   51.817996   64.416756    3.854442    0.00000000   0.0000   0.6217  5-[ 7, 5, 2]
  72    6    68.401850   55.803090   68.401850    3.952907    0.00000000   0.0000   0.5901  5-[ 7, 3, 2]
  73    6    70.709233   58.110473   70.709233    4.008813    0.00000000   0.0000   0.5133  5-[ 7, 3, 2]
  74    7    24.557869   11.959110   24.557869    2.677260    0.00000000   0.0000   0.8942  7+[ 4, 1, 3]
  75    7    31.775018   19.176259   31.775018    2.925739    0.00000000   0.0000   0.7909  7+[ 4, 0, 4]
  76    7    46.163505   33.564745   46.163505    3.366834    0.00000000   0.0000   0.6357  7+[ 6, 1, 3]
  77    7    51.438156   38.839397   51.438156    3.514695    0.00000000   0.0000   0.6579  7+[ 6, 3, 3]
  78    7    54.313716   41.714957   54.313716    3.592742    0.00000000   0.0000   0.4840  7+[ 6, 0, 4]
  79    7    55.404327   42.805568   55.404327    3.621902    0.00000000   0.0000   0.5940  7+[ 6, 2, 4]
  80    8    11.454609   -1.144150   11.454609    2.154073    0.00000000   0.0000   0.9774  7-[ 3, 0, 3]
  81    8    37.544866   24.946107   37.544866    3.110143    0.00000000   0.0000   0.8434  7-[ 5, 0, 3]
  82    8    38.738263   26.139504   38.738263    3.146935    0.00000000   0.0000   0.8318  7-[ 5, 2, 3]
  83    8    45.130106   32.531347   45.130106    3.337098    0.00000000   0.0000   0.7920  7-[ 5, 1, 4]
  84    8    64.483386   51.884626   64.483386    3.856109    0.00000000   0.0000   0.6264  7-[ 7, 4, 3]
  85    8    68.152545   55.553786   68.152545    3.946819    0.00000000   0.0000   0.5835  7-[ 7, 2, 3]
  86    8    70.708942   58.110183   70.708942    4.008806    0.00000000   0.0000   0.7787  7-[ 7, 0, 3]
  87    9    24.000213   11.401453   24.000213    2.657094    0.00000000   0.0000   0.9709  9+[ 4, 0, 4]
  88    9    46.392155   33.793396   46.392155    3.373378    0.00000000   0.0000   0.7955  9+[ 6, 0, 4]
  89    9    51.202234   38.603474   51.202234    3.508215    0.00000000   0.0000   0.8010  9+[ 6, 2, 4]
  90    9    55.355628   42.756868   55.355628    3.620605    0.00000000   0.0000   0.7905  9+[ 6, 1, 5]
  91   10    38.219757   25.620998   38.219757    3.131003    0.00000000   0.0000   0.9152  9-[ 5, 1, 4]
  92   10    45.027475   32.428716   45.027475    3.334130    0.00000000   0.0000   0.8466  9-[ 5, 0, 5]
  93   10    64.592561   51.993802   64.592561    3.858839    0.00000000   0.0000   0.7552  9-[ 7, 1, 4]
  94   10    67.835949   55.237190   67.835949    3.939074    0.00000000   0.0000   0.7278  9-[ 7, 3, 4]
  95   11    50.910057   38.311297   50.910057    3.500172    0.00000000   0.0000   0.9028 11+[ 6, 1, 5]
  96   11    55.473860   42.875100   55.473860    3.623754    0.00000000   0.0000   0.8353 11+[ 6, 0, 6]
  97   12    37.629496   25.030737   37.629496    3.112766    0.00000000   0.0000   0.9772 11-[ 5, 0, 5]
  98   12    64.744234   52.145474   64.744234    3.862628    0.00000000   0.0000   0.9185 11-[ 7, 0, 5]
  99   12    67.465485   54.866726   67.465485    3.929993    0.00000000   0.0000   0.8632 11-[ 7, 2, 5]
 100   13    50.565837   37.967077   50.565837    3.490674    0.00000000   0.0000   0.9545 13+[ 6, 0, 6]
 101   14    67.053806   54.455047   67.053806    3.919876    0.00000000   0.0000   0.9576 13-[ 7, 1, 6]
 102   16    66.612888   54.014128   66.612888    3.909011    0.00000000   0.0000   1.0000 15-[ 7, 0, 7]
#all active are  102 q.p. states out of  165
#since the cut off is pwi=  60.0
#check: number of neutrons=  12.0


 #canonical s.p. energies neutrons
 ---------------------------------


  labels -> {2*omega}{parity}[nn=nz+2*nr+nl,nz,nl]
  cqpe   -> canonical q.p. energies
  ce     -> canonical s.p. energies
  fermi energy=  -12.598759401093492     
  average cdelt=  -4.9866643146901228E-021
  k0      ceqp        ce         v*v       u*v        cdel     overl      labels
   1    3.908885    3.908885   0.00000000   0.00000000  -0.0000   0.6436  1+[ 2, 0, 0]
   2   30.549376   30.549376   0.00000000   0.00000000  -0.0000   0.7933  1+[ 4, 3, 1]
   3   32.213239   32.213239   0.00000000   0.00000000  -0.0000   0.6410  1+[ 6, 0, 0]
   4   51.546926   51.546926   0.00000000   0.00000000  -0.0000   0.5807  1+[ 8, 8, 0]
   5   57.626011   57.626011   0.00000000   0.00000000  -0.0000   0.5537  1+[ 8, 5, 1]
   6   56.442447   56.442447   0.00000000   0.00000000  -0.0000   0.5092  1+[ 6, 0, 0]
   7   46.115266   46.115266   0.00000000   0.00000000  -0.0000   0.4238  1+[ 6, 3, 1]
   8   58.256811   58.256811   0.00000000   0.00000000  -0.0000   0.4907  1+[ 8, 4, 0]
   9   46.616200   46.616200   0.00000000   0.00000000  -0.0000   0.7568  1+[ 6, 5, 1]
  10   51.142288   51.142288   0.00000000   0.00000000  -0.0000   0.6296  1+[ 6, 2, 0]
  11   51.505343   51.505343   0.00000000   0.00000000   0.0000   0.6154  1+[ 6, 2, 0]
  12   51.437077   51.437077   0.00000000   0.00000000  -0.0000   0.5325  1+[ 8, 7, 1]
  14   50.192420   50.192420   0.00000000   0.00000000  -0.0000   0.5414  1+[ 6, 3, 1]
  16   52.286134   52.286134   0.00000000   0.00000000  -0.0000   0.6166  1+[ 6, 6, 0]
  18   45.538796   45.538796   0.00000000   0.00000000  -0.0000   0.4253  1+[ 6, 1, 1]
  19   38.604116   38.604116   0.00000000   0.00000000  -0.0000   0.6221  1+[ 4, 4, 0]
  20   37.139181   37.139181   0.00000000   0.00000000  -0.0000   0.7206  1+[ 4, 2, 0]
  21   24.949945   24.949945   0.00000000   0.00000000  -0.0000   0.7341  1+[ 4, 1, 1]
  22    7.866749    7.866749   0.00000000   0.00000000  -0.0000   0.6724  1+[ 4, 0, 0]
  23   -0.740802   -0.740802   0.00000000   0.00000001  -0.0000   0.7532  1+[ 2, 1, 1]
  24  -12.567282  -12.567282   0.34761140   0.47621184  -0.0000   0.6183  1+[ 2, 0, 0]
  25   10.208683  -35.406202   1.00000000   0.00000001  -0.0000   0.9875  1+[ 0, 0, 0]
  26    9.044546    9.044546   0.00000000   0.00000000  -0.0000   0.5457  1-[ 3, 3, 0]
  27   28.646243   28.646243   0.00000000   0.00000000  -0.0000   0.6406  1-[ 5, 0, 1]
  28   32.135278   32.135278   0.00000000   0.00000000  -0.0000   0.6014  1-[ 5, 2, 1]
  29   33.600244   33.600244   0.00000000   0.00000000  -0.0000   0.8537  1-[ 5, 3, 0]
  30   39.805485   39.805485   0.00000000   0.00000000  -0.0000   0.5314  1-[ 5, 4, 1]
  31   36.322176   36.322176   0.00000000   0.00000000  -0.0000   0.6624  1-[ 5, 1, 0]
  33   53.388561   53.388561   0.00000000   0.00000000   0.0000   0.6487  1-[ 7, 0, 1]
  34   55.029365   55.029365   0.00000000   0.00000000  -0.0000   0.6623  1-[ 7, 2, 1]
  35   55.799154   55.799154   0.00000000   0.00000000  -0.0000   0.8486  1-[ 7, 4, 1]
  36   54.577854   54.577854   0.00000000   0.00000000  -0.0000   0.6307  1-[ 7, 0, 1]
  37   55.179437   55.179437   0.00000000   0.00000000  -0.0000   0.8275  1-[ 7, 3, 0]
  38   39.286963   39.286963   0.00000000   0.00000000  -0.0000   0.8042  1-[ 7, 7, 0]
  39   53.217420   53.217420   0.00000000   0.00000000  -0.0000   0.5056  1-[ 7, 5, 0]
  40   36.157271   36.157271   0.00000000   0.00000000  -0.0000   0.6740  1-[ 5, 2, 1]
  41    7.373231    7.373231   0.00000000   0.00000000  -0.0000   0.9436  1-[ 3, 1, 0]
  42    8.095361    8.095361   0.00000000   0.00000001  -0.0000   0.6511  1-[ 3, 0, 1]
  43    9.517842    9.517842   0.00000000   0.00000001  -0.0000   0.8234  1-[ 3, 2, 1]
  44   -4.546057  -20.651462   1.00000000   0.00000002  -0.0000   0.9662  1-[ 1, 0, 1]
  45   -2.873985  -22.323534   1.00000000   0.00000000  -0.0000   0.9665  1-[ 1, 1, 0]
  46   17.293391   17.293391   0.00000000   0.00000000  -0.0000   0.6008  3+[ 4, 1, 1]
  47   20.026060   20.026060   0.00000000   0.00000000  -0.0000   0.7377  3+[ 4, 1, 1]
  48   30.324058   30.324058   0.00000000   0.00000000  -0.0000   0.6266  3+[ 4, 0, 2]
  49   36.440840   36.440840   0.00000000   0.00000000  -0.0000   0.4390  3+[ 6, 1, 1]
  50   56.085106   56.085106   0.00000000   0.00000000  -0.0000   0.4845  3+[ 8, 5, 1]
  51   55.359713   55.359713   0.00000000   0.00000000  -0.0000   0.4038  3+[ 8, 3, 1]
  54   47.094486   47.094486   0.00000000   0.00000000  -0.0000   0.9237  3+[ 6, 4, 2]
  58   49.813568   49.813568   0.00000000   0.00000000   0.0000   0.4835  3+[ 8, 2, 2]
  61   44.567432   44.567432   0.00000000   0.00000000  -0.0000   0.5016  3+[ 6, 0, 2]
  62   52.380900   52.380900   0.00000000   0.00000000   0.0000   0.5899  3+[ 8, 7, 1]
  63   27.878289   27.878289   0.00000000   0.00000000  -0.0000   0.7084  3+[ 4, 3, 1]
  64   -1.911865   -1.911865   0.00000000   0.00000001  -0.0000   0.7933  3+[ 2, 0, 2]
  65  -12.567245  -12.630273   0.65255303   0.47615919  -0.0000   0.8331  3+[ 2, 1, 1]
  66   10.099552   10.099552   0.00000000   0.00000000  -0.0000   0.7037  3-[ 3, 0, 1]
  67   31.373584   31.373584   0.00000000   0.00000000  -0.0000   0.9419  3-[ 5, 0, 1]
  68   59.203713   59.203713   0.00000000   0.00000000  -0.0000   0.7723  3-[ 7, 4, 1]
  69   53.028319   53.028319   0.00000000   0.00000000   0.0000   0.6221  3-[ 7, 2, 1]
  70   49.800310   49.800310   0.00000000   0.00000000  -0.0000   0.7727  3-[ 7, 6, 1]
  71   44.530001   44.530001   0.00000000   0.00000000  -0.0000   0.7525  3-[ 5, 1, 2]
  72   52.546203   52.546203   0.00000000   0.00000000  -0.0000   0.8909  3-[ 7, 5, 2]
  73   55.703496   55.703496   0.00000000   0.00000000  -0.0000   0.9877  3-[ 7, 3, 2]
  74   51.277158   51.277158   0.00000000   0.00000000   0.0000   0.8518  3-[ 7, 1, 2]
  75   45.333509   45.333509   0.00000000   0.00000000  -0.0000   0.7152  3-[ 5, 3, 2]
  76   35.604362   35.604362   0.00000000   0.00000000  -0.0000   0.7967  3-[ 5, 4, 1]
  77   43.830473   43.830473   0.00000000   0.00000000  -0.0000   0.8315  3-[ 7, 0, 1]
  78   31.009491   31.009491   0.00000000   0.00000000  -0.0000   0.8977  3-[ 5, 2, 1]
  79    8.567733    8.567733   0.00000000   0.00000000  -0.0000   0.7016  3-[ 3, 2, 1]
  80    1.346476    1.346476   0.00000000   0.00000000  -0.0000   0.6560  3-[ 3, 2, 1]
  81   -1.222183  -23.975336   1.00000000   0.00000003  -0.0000   0.9728  3-[ 1, 0, 1]
  82   19.469219   19.469219   0.00000000   0.00000000  -0.0000   0.6889  5+[ 4, 1, 3]
  83   34.429651   34.429651   0.00000000   0.00000000   0.0000   0.7189  5+[ 6, 0, 2]
  85   56.035074   56.035074   0.00000000   0.00000000  -0.0000   0.7455  5+[ 8, 6, 2]
  86   59.508329   59.508329   0.00000000   0.00000000  -0.0000   0.6215  5+[ 6, 4, 2]
  87   49.090374   49.090374   0.00000000   0.00000000  -0.0000   0.8541  5+[ 6, 1, 3]
  91   46.379663   46.379663   0.00000000   0.00000000   0.0000   0.8524  5+[ 6, 3, 3]
  94   45.290923   45.290923   0.00000000   0.00000000   0.0000   0.6298  5+[ 8, 0, 2]
  95   24.089455   24.089455   0.00000000   0.00000000  -0.0000   0.8634  5+[ 4, 2, 2]
  96   18.610938   18.610938   0.00000000   0.00000000  -0.0000   0.6929  5+[ 4, 1, 3]
  97  -12.163119  -13.034400   0.99983556   0.01282226  -0.0000   0.9714  5+[ 2, 0, 2]
  98   40.246479   40.246479   0.00000000   0.00000000  -0.0000   0.6215  5-[ 3, 0, 3]
  99   43.305965   43.305965   0.00000000   0.00000000  -0.0000   0.5693  5-[ 7, 1, 2]
 100   35.341628   35.341628   0.00000000   0.00000000   0.0000   0.5328  5-[ 5, 0, 3]
 101   47.128714   47.128714   0.00000000   0.00000000  -0.0000   0.5158  5-[ 7, 1, 2]
 102   46.899201   46.899201   0.00000000   0.00000000  -0.0000   0.5942  5-[ 5, 1, 2]
 103   22.231428   22.231428   0.00000000   0.00000000  -0.0000   0.5689  5-[ 3, 0, 3]
 104   46.518550   46.518550   0.00000000   0.00000000  -0.0000   0.5958  5-[ 5, 3, 2]
 105   37.725558   37.725558   0.00000000   0.00000000   0.0000   0.5002  5-[ 7, 3, 2]
 106   58.253066   58.253066   0.00000000   0.00000000  -0.0000   0.6682  5-[ 7, 3, 2]
 107   42.915372   42.915372   0.00000000   0.00000000  -0.0000   0.6004  5-[ 5, 2, 3]
 108   10.830259   10.830259   0.00000000   0.00000000  -0.0000   0.8519  5-[ 3, 1, 2]
 109   51.727308   51.727308   0.00000000   0.00000000  -0.0000   0.6470  5-[ 7, 5, 2]
 110   47.455856   47.455856   0.00000000   0.00000000  -0.0000   0.6637  7+[ 6, 2, 4]
 112   54.277989   54.277989   0.00000000   0.00000000  -0.0000   0.4504  7+[ 8, 1, 3]
 114   59.781260   59.781260   0.00000000   0.00000000  -0.0000   0.5180  7+[ 8, 0, 4]
 115   35.014852   35.014852   0.00000000   0.00000000  -0.0000   0.5949  7+[ 4, 0, 4]
 116   55.452443   55.452443   0.00000000   0.00000000  -0.0000   0.4837  7+[ 4, 1, 3]
 117   39.435870   39.435870   0.00000000   0.00000000   0.0000   0.7878  7+[ 6, 3, 3]
 118   52.145095   52.145095   0.00000000   0.00000000  -0.0000   0.4960  7+[ 4, 0, 4]
 120   41.847219   41.847219   0.00000000   0.00000000  -0.0000   0.6412  7+[ 6, 1, 3]
 121   46.633801   46.633801   0.00000000   0.00000000  -0.0000   0.5295  7+[ 4, 0, 4]
 122   45.735940   45.735940   0.00000000   0.00000000  -0.0000   0.7591  7-[ 5, 0, 3]
 123   55.870338   55.870338   0.00000000   0.00000000  -0.0000   0.6786  7-[ 7, 3, 4]
 124   39.738083   39.738083   0.00000000   0.00000000  -0.0000   0.5185  7-[ 7, 2, 3]
 125   24.297000   24.297000   0.00000000   0.00000000  -0.0000   0.7245  7-[ 5, 2, 3]
 126   40.933622   40.933622   0.00000000   0.00000000   0.0000   0.7270  7-[ 7, 2, 3]
 127   59.096307   59.096307   0.00000000   0.00000000  -0.0000   0.8103  7-[ 7, 4, 3]
 128   51.353276   51.353276   0.00000000   0.00000000  -0.0000   0.5326  7-[ 5, 1, 4]
 129   42.775425   42.775425   0.00000000   0.00000000  -0.0000   0.6562  7-[ 5, 1, 4]
 130   18.924126   18.924126   0.00000000   0.00000000  -0.0000   0.7546  7-[ 3, 0, 3]
 131   43.192325   43.192325   0.00000000   0.00000000  -0.0000   0.5281  9+[ 4, 0, 4]
 133   55.140816   55.140816   0.00000000   0.00000000  -0.0000   0.7844  9+[ 6, 1, 5]
 134   50.034816   50.034816   0.00000000   0.00000000   0.0000   0.7142  9+[ 8, 0, 4]
 137   41.462039   41.462039   0.00000000   0.00000000   0.0000   0.5475  9+[ 6, 2, 4]
 138   25.222680   25.222680   0.00000000   0.00000000  -0.0000   0.8049  9+[ 4, 0, 4]
 140   47.740002   47.740002   0.00000000   0.00000000  -0.0000   0.5828  9-[ 5, 1, 4]
 141   53.577308   53.577308   0.00000000   0.00000000   0.0000   0.9531  9-[ 7, 3, 4]
 142   42.023705   42.023705   0.00000000   0.00000000  -0.0000   0.7262  9-[ 5, 1, 4]
 143   43.741803   43.741803   0.00000000   0.00000000  -0.0000   0.5578  9-[ 7, 0, 5]
 145   46.851538   46.851538   0.00000000   0.00000000  -0.0000   0.6855  9-[ 5, 0, 5]
 146   43.786915   43.786915   0.00000000   0.00000000  -0.0000   0.8567 11+[ 6, 1, 5]
 150   53.246812   53.246812   0.00000000   0.00000000  -0.0000   0.5277 11+[ 8, 0, 6]
 152   53.886937   53.886937   0.00000000   0.00000000  -0.0000   0.6550 11-[ 7, 0, 5]
 153   58.113412   58.113412   0.00000000   0.00000000  -0.0000   0.8479 11-[ 7, 1, 6]
 154   31.251476   31.251476   0.00000000   0.00000000  -0.0000   0.8713 11-[ 5, 0, 5]
 155   52.248623   52.248623   0.00000000   0.00000000  -0.0000   0.7594 11-[ 7, 2, 5]
 156   56.635229   56.635229   0.00000000   0.00000000  -0.0000   0.7005 13+[ 6, 0, 6]
 157   56.372809   56.372809   0.00000000   0.00000000   0.0000   0.7447 13+[ 8, 0, 6]
 160   55.200900   55.200900   0.00000000   0.00000000  -0.0000   1.0000 13-[ 7, 1, 6]
 162   54.014128   54.014128   0.00000000   0.00000000  -0.0000   1.0000 15-[ 7, 0, 7]
  Sum canonical e_v*V^2_k=  -255.99848959476626     


 #quasiparticle energies protons 
 --------------------------------
  eqp(k) -> q.p. energy 
  e(k)   -> referent s.p. energy 
  p(k)   -> occ.probability 
  del(k) -> referent s.p. gap 
  fermi energy alast=  -7.9131383042049492     
  #k  block#    eqp(k)     e(k)       (1-2N)E      decay        p(k)        del(k)    overl      labels
   1    1     0.032124   -7.881014    0.032124    1.238017    0.00000000   0.0000   0.6161  1+[ 2, 0, 0]
   2    1     2.676244   -5.236894    2.676244    1.429248    0.00000000   0.0000   0.6679  1+[ 2, 2, 0]
   3    1     7.682557   -0.230581    7.682557    1.734502    0.00000000   0.0000   0.7011  1+[ 2, 1, 1]
   4    1    22.627059  -30.540197  -22.627059    2.427216    1.00000000   0.0000   0.9865  1+[ 0, 0, 0]
   5    1    23.888947   15.975808   23.888947    2.476853    0.00000000   0.0000   0.4877  1+[ 4, 4, 0]
   6    1    24.495058   16.581920   24.495058    2.500345    0.00000000   0.0000   0.5840  1+[ 4, 0, 0]
   7    1    25.181325   17.268186   25.181325    2.526679    0.00000000   0.0000   0.5765  1+[ 4, 3, 1]
   8    1    27.119302   19.206164   27.119302    2.599607    0.00000000   0.0000   0.3999  1+[ 4, 3, 1]
   9    1    31.074242   23.161104   31.074242    2.742423    0.00000000   0.0000   0.4674  1+[ 4, 2, 0]
  10    1    44.922898   37.009759   44.922898    3.192549    0.00000000   0.0000   0.4096  1+[ 6, 5, 1]
  11    1    47.773094   39.859955   47.773094    3.277527    0.00000000   0.0000   0.3717  1+[ 6, 0, 0]
  12    1    49.260886   41.347748   49.260886    3.321022    0.00000000   0.0000   0.3710  1+[ 4, 0, 0]
  13    1    50.743551   42.830412   50.743551    3.363808    0.00000000   0.0000   0.5060  1+[ 6, 3, 1]
  14    1    51.621719   43.708581   51.621719    3.388895    0.00000000   0.0000   0.3834  1+[ 4, 3, 1]
  15    1    52.859697   44.946558   52.859697    3.423948    0.00000000   0.0000   0.4178  1+[ 6, 4, 0]
  16    1    54.468784   46.555646   54.468784    3.468980    0.00000000   0.0000   0.4532  1+[ 6, 2, 0]
  17    2     6.584858  -14.497996   -6.584858    1.672347    1.00000000   0.0000   0.7154  1-[ 1, 0, 1]
  18    2    11.060899  -18.974037  -11.060899    1.913164    1.00000000   0.0000   0.7153  1-[ 1, 1, 0]
  19    2    12.333586    4.420447   12.333586    1.976286    0.00000000   0.0000   0.6569  1-[ 3, 1, 0]
  20    2    15.419541    7.506402   15.419541    2.121557    0.00000000   0.0000   0.6316  1-[ 3, 0, 1]
  21    2    16.653219    8.740081   16.653219    2.176922    0.00000000   0.0000   0.6464  1-[ 3, 3, 0]
  22    2    20.484361   12.571222   20.484361    2.340521    0.00000000   0.0000   0.6002  1-[ 3, 2, 1]
  23    2    36.254922   28.341783   36.254922    2.918950    0.00000000   0.0000   0.4707  1-[ 5, 1, 0]
  24    2    37.002055   29.088916   37.002055    2.943534    0.00000000   0.0000   0.4520  1-[ 5, 0, 1]
  25    2    38.494083   30.580945   38.494083    2.992025    0.00000000   0.0000   0.4400  1-[ 5, 0, 1]
  26    2    38.894915   30.981776   38.894915    3.004919    0.00000000   0.0000   0.5878  1-[ 5, 3, 0]
  27    2    42.372439   34.459301   42.372439    3.114542    0.00000000   0.0000   0.4657  1-[ 5, 4, 1]
  28    2    44.503864   36.590726   44.503864    3.179864    0.00000000   0.0000   0.5288  1-[ 5, 2, 1]
  29    2    63.879598   55.966459   63.879598    3.721454    0.00000000   0.0000   0.4752  1-[ 7, 5, 0]
  30    2    67.857899   59.944760   67.857899    3.823174    0.00000000   0.0000   0.5212  1-[ 7, 3, 0]
  31    3     0.032158   -7.945296   -0.032158    1.238019    1.00000000   0.0000   0.8301  3+[ 2, 1, 1]
  32    3     7.181583   -0.731555    7.181583    1.706416    0.00000000   0.0000   0.8010  3+[ 2, 0, 2]
  33    3    24.510092   16.596954   24.510092    2.500924    0.00000000   0.0000   0.7237  3+[ 4, 1, 1]
  34    3    25.087733   17.174595   25.087733    2.523104    0.00000000   0.0000   0.7248  3+[ 4, 3, 1]
  35    3    27.286631   19.373493   27.286631    2.605808    0.00000000   0.0000   0.5769  3+[ 4, 0, 2]
  36    3    31.054641   23.141503   31.054641    2.741734    0.00000000   0.0000   0.5871  3+[ 4, 2, 2]
  37    3    44.958710   37.045571   44.958710    3.193631    0.00000000   0.0000   0.4896  3+[ 6, 5, 1]
  38    3    47.719013   39.805875   47.719013    3.275936    0.00000000   0.0000   0.3572  3+[ 4, 3, 1]
  39    3    50.688511   42.775372   50.688511    3.362229    0.00000000   0.0000   0.5619  3+[ 6, 3, 1]
  40    3    51.250401   43.337263   51.250401    3.378310    0.00000000   0.0000   0.4387  3+[ 6, 0, 2]
  41    3    52.935364   45.022225   52.935364    3.426079    0.00000000   0.0000   0.5375  3+[ 6, 4, 2]
  42    3    54.437944   46.524806   54.437944    3.468122    0.00000000   0.0000   0.5305  3+[ 6, 2, 2]
  43    4    11.286074  -19.199213  -11.286074    1.924483    1.00000000   0.0000   0.9708  3-[ 1, 0, 1]
  44    4    12.198843    4.285705   12.198843    1.969699    0.00000000   0.0000   0.6017  3-[ 3, 2, 1]
  45    4    15.052436    7.139297   15.052436    2.104801    0.00000000   0.0000   0.6931  3-[ 3, 0, 1]
  46    4    20.287378   12.374239   20.287378    2.332389    0.00000000   0.0000   0.7312  3-[ 3, 1, 2]
  47    4    36.329250   28.416112   36.329250    2.921405    0.00000000   0.0000   0.5288  3-[ 5, 4, 1]
  48    4    36.973443   29.060304   36.973443    2.942596    0.00000000   0.0000   0.6654  3-[ 5, 0, 1]
  49    4    38.761140   30.848002   38.761140    3.000622    0.00000000   0.0000   0.5691  3-[ 5, 2, 1]
  50    4    42.490442   34.577303   42.490442    3.118194    0.00000000   0.0000   0.4793  3-[ 5, 3, 2]
  51    4    44.461310   36.548172   44.461310    3.178573    0.00000000   0.0000   0.4947  3-[ 5, 1, 2]
  52    4    63.892616   55.979478   63.892616    3.721792    0.00000000   0.0000   0.5065  3-[ 7, 6, 1]
  53    4    67.773179   59.860040   67.773179    3.821036    0.00000000   0.0000   0.5164  3-[ 7, 4, 1]
  54    5     0.440110   -8.353248   -0.440110    1.269405    1.00000000   0.0000   0.9683  5+[ 2, 0, 2]
  55    5    24.471733   16.558594   24.471733    2.499445    0.00000000   0.0000   0.5850  5+[ 4, 0, 2]
  56    5    25.049320   17.136182   25.049320    2.521635    0.00000000   0.0000   0.5855  5+[ 4, 2, 2]
  57    5    31.015322   23.102184   31.015322    2.740350    0.00000000   0.0000   0.7124  5+[ 4, 1, 3]
  58    5    45.039970   37.126831   45.039970    3.196084    0.00000000   0.0000   0.5382  5+[ 6, 4, 2]
  59    5    47.603520   39.690382   47.603520    3.272533    0.00000000   0.0000   0.5805  5+[ 6, 0, 2]
  60    5    50.583294   42.670156   50.583294    3.359210    0.00000000   0.0000   0.5650  5+[ 6, 2, 2]
  61    5    53.122099   45.208960   53.122099    3.431332    0.00000000   0.0000   0.5870  5+[ 6, 3, 3]
  62    5    54.385362   46.472224   54.385362    3.466660    0.00000000   0.0000   0.5683  5+[ 6, 1, 3]
  63    6    11.901985    3.988847   11.901985    1.955108    0.00000000   0.0000   0.8759  5-[ 3, 1, 2]
  64    6    19.899286   11.986147   19.899286    2.316284    0.00000000   0.0000   0.8107  5-[ 3, 0, 3]
  65    6    36.491744   28.578605   36.491744    2.926765    0.00000000   0.0000   0.6523  5-[ 5, 1, 2]
  66    6    38.502480   30.589341   38.502480    2.992296    0.00000000   0.0000   0.6704  5-[ 5, 3, 2]
  67    6    42.767271   34.854133   42.767271    3.126745    0.00000000   0.0000   0.6017  5-[ 5, 0, 3]
  68    6    44.382646   36.469508   44.382646    3.176185    0.00000000   0.0000   0.6465  5-[ 5, 2, 3]
  69    6    63.925867   56.012728   63.925867    3.722653    0.00000000   0.0000   0.6279  5-[ 7, 5, 2]
  70    6    67.606597   59.693459   67.606597    3.816829    0.00000000   0.0000   0.5981  5-[ 7, 3, 2]
  71    7    24.152480   16.239342   24.152480    2.487094    0.00000000   0.0000   0.8871  7+[ 4, 1, 3]
  72    7    30.965687   23.052549   30.965687    2.738602    0.00000000   0.0000   0.7779  7+[ 4, 0, 4]
  73    7    45.185798   37.272659   45.185798    3.200482    0.00000000   0.0000   0.6202  7+[ 6, 1, 3]
  74    7    50.427989   42.514850   50.427989    3.354747    0.00000000   0.0000   0.6499  7+[ 6, 3, 3]
  75    7    53.485451   45.572313   53.485451    3.441531    0.00000000   0.0000   0.5388  7+[ 6, 2, 4]
  76    7    54.328685   46.415546   54.328685    3.465082    0.00000000   0.0000   0.5034  7+[ 6, 2, 4]
  77    8    11.328126    3.414987   11.328126    1.926590    0.00000000   0.0000   0.9735  7-[ 3, 0, 3]
  78    8    36.704139   28.791000   36.704139    2.933756    0.00000000   0.0000   0.8224  7-[ 5, 0, 3]
  79    8    38.127894   30.214756   38.127894    2.980197    0.00000000   0.0000   0.8172  7-[ 5, 2, 3]
  80    8    44.281368   36.368230   44.281368    3.173108    0.00000000   0.0000   0.7872  7-[ 5, 1, 4]
  81    8    63.990839   56.077701   63.990839    3.724336    0.00000000   0.0000   0.6353  7-[ 7, 4, 3]
  82    8    67.365225   59.452087   67.365225    3.810724    0.00000000   0.0000   0.5942  7-[ 7, 2, 3]
  83    9    23.629803   15.716665   23.629803    2.466741    0.00000000   0.0000   0.9635  9+[ 4, 0, 4]
  84    9    45.408344   37.495206   45.408344    3.207181    0.00000000   0.0000   0.7809  9+[ 6, 0, 4]
  85    9    50.223248   42.310109   50.223248    3.348856    0.00000000   0.0000   0.7937  9+[ 6, 2, 4]
  86    9    54.218619   46.305481   54.218619    3.462017    0.00000000   0.0000   0.7862  9+[ 6, 1, 5]
  87   10    37.649543   29.736405   37.649543    2.964675    0.00000000   0.0000   0.9106  9-[ 5, 1, 4]
  88   10    44.217289   36.304151   44.217289    3.171159    0.00000000   0.0000   0.8414  9-[ 5, 0, 5]
  89   10    64.097777   56.184638   64.097777    3.727105    0.00000000   0.0000   0.7417  9-[ 7, 1, 4]
  90   10    67.060357   59.147219   67.060357    3.803000    0.00000000   0.0000   0.7193  9-[ 7, 3, 4]
  91   11    49.969394   42.056255   49.969394    3.341536    0.00000000   0.0000   0.8959 11+[ 6, 1, 5]
  92   11    54.369737   46.456599   54.369737    3.466225    0.00000000   0.0000   0.8302 11+[ 6, 0, 6]
  93   12    37.093399   29.180260   37.093399    2.946526    0.00000000   0.0000   0.9722 11-[ 5, 0, 5]
  94   12    64.245913   56.332775   64.245913    3.730936    0.00000000   0.0000   0.9094 11-[ 7, 0, 5]
  95   12    66.704844   58.791705   66.704844    3.793972    0.00000000   0.0000   0.8592 11-[ 7, 2, 5]
  96   13    49.669749   41.756610   49.669749    3.332876    0.00000000   0.0000   0.9469 13+[ 6, 0, 6]
  97   14    66.310870   58.397732   66.310870    3.783943    0.00000000   0.0000   0.9578 13-[ 7, 1, 6]
  98   16    65.891261   57.978123   65.891261    3.773232    0.00000000   0.0000   1.0000 15-[ 7, 0, 7]
#all active are   98 q.p. states out of  165
#since the cut off is pwi=  60.0
#check: number of protons =  12.0


 #canonical s.p. energies protons 
 ---------------------------------


  labels -> {2*omega}{parity}[nn=nz+2*nr+nl,nz,nl]
  cqpe   -> canonical q.p. energies
  ce     -> canonical s.p. energies
  fermi energy=  -7.9131383042049492     
  average cdelt=   1.1422301671327622E-021
  k0      ceqp        ce         v*v       u*v        cdel     overl      labels
   1    7.536933    7.536933   0.00000000   0.00000000  -0.0000   0.6731  1+[ 2, 1, 1]
   2   17.288689   17.288689   0.00000000   0.00000000  -0.0000   0.7208  1+[ 4, 0, 0]
   3   44.428630   44.428630   0.00000000   0.00000000  -0.0000   0.6219  1+[ 4, 1, 1]
   4   42.374173   42.374173   0.00000000   0.00000000   0.0000   0.5154  1+[ 4, 4, 0]
   5   49.012006   49.012006   0.00000000   0.00000000   0.0000   0.4480  1+[ 6, 3, 1]
   6   53.961361   53.961361   0.00000000   0.00000000   0.0000   0.6149  1+[ 8, 1, 1]
   7   54.671509   54.671509   0.00000000   0.00000000   0.0000   0.4318  1+[ 6, 6, 0]
   9   59.282564   59.282564   0.00000000   0.00000000   0.0000   0.5618  1+[ 8, 6, 0]
  12   47.600972   47.600972   0.00000000   0.00000000   0.0000   0.5738  1+[ 6, 2, 0]
  13   57.048801   57.048801   0.00000000   0.00000000   0.0000   0.5473  1+[ 8, 6, 0]
  14   58.212299   58.212299   0.00000000   0.00000000   0.0000   0.6415  1+[ 6, 4, 0]
  15   58.707685   58.707685   0.00000000   0.00000000   0.0000   0.5027  1+[ 8, 4, 0]
  16   55.910560   55.910560   0.00000000   0.00000000   0.0000   0.4604  1+[ 6, 3, 1]
  17   46.607147   46.607147   0.00000000   0.00000000   0.0000   0.4772  1+[ 6, 5, 1]
  19   56.266354   56.266354   0.00000000   0.00000000   0.0000   0.4922  1+[ 8, 3, 1]
  20   40.509127   40.509127   0.00000000   0.00000000   0.0000   0.4665  1+[ 8, 0, 0]
  21   27.944434   27.944434   0.00000000   0.00000000   0.0000   0.7966  1+[ 4, 3, 1]
  22   38.590012   38.590012   0.00000000   0.00000000  -0.0000   0.5195  1+[ 4, 1, 1]
  23    6.840556    6.840556   0.00000000   0.00000000   0.0000   0.7410  1+[ 2, 2, 0]
  24   -7.881014   -7.881014   0.34468465   0.47526534   0.0000   0.6161  1+[ 2, 0, 0]
  25   14.713920  -30.540197   1.00000000   0.00000000  -0.0000   0.9865  1+[ 0, 0, 0]
  26   13.498570   13.498570   0.00000000   0.00000000   0.0000   0.6351  1-[ 3, 1, 0]
  27   25.699881   25.699881   0.00000000   0.00000000   0.0000   0.4640  1-[ 3, 3, 0]
  28   31.973573   31.973573   0.00000000   0.00000000   0.0000   0.5545  1-[ 5, 5, 0]
  29   38.915021   38.915021   0.00000000   0.00000000   0.0000   0.5565  1-[ 5, 2, 1]
  30   52.865037   52.865037   0.00000000   0.00000000   0.0000   0.5888  1-[ 7, 7, 0]
  31   48.243102   48.243102   0.00000000   0.00000000   0.0000   0.6489  1-[ 7, 7, 0]
  32   53.146256   53.146256   0.00000000   0.00000000  -0.0000   0.7048  1-[ 7, 5, 0]
  33   54.569500   54.569500   0.00000000   0.00000000   0.0000   0.7051  1-[ 7, 4, 1]
  34   59.437659   59.437659   0.00000000   0.00000000   0.0000   0.7317  1-[ 7, 1, 0]
  35   58.712541   58.712541   0.00000000   0.00000000   0.0000   0.9426  1-[ 7, 6, 1]
  37   54.428922   54.428922   0.00000000   0.00000000   0.0000   0.6424  1-[ 7, 3, 0]
  38   55.335962   55.335962   0.00000000   0.00000000   0.0000   0.4805  1-[ 5, 4, 1]
  39   46.839928   46.839928   0.00000000   0.00000000  -0.0000   0.6144  1-[ 5, 1, 0]
  40   27.114762   27.114762   0.00000000   0.00000000   0.0000   0.6480  1-[ 3, 3, 0]
  41   34.693966   34.693966   0.00000000   0.00000000  -0.0000   0.8185  1-[ 5, 0, 1]
  42   14.956534   14.956534   0.00000000   0.00000001   0.0000   0.6967  1-[ 3, 2, 1]
  43    9.032564    9.032564   0.00000000   0.00000001  -0.0000   0.8204  1-[ 3, 0, 1]
  44    1.782892  -17.609169   1.00000000   0.00000004   0.0000   0.9624  1-[ 1, 1, 0]
  45    0.036588  -15.862865   1.00000000   0.00000000  -0.0000   0.9621  1-[ 1, 0, 1]
  46    6.897594    6.897594   0.00000000   0.00000000  -0.0000   0.7779  3+[ 2, 0, 2]
  47   30.398214   30.398214   0.00000000   0.00000000   0.0000   0.7496  3+[ 4, 3, 1]
  48   35.745561   35.745561   0.00000000   0.00000000   0.0000   0.4619  3+[ 4, 3, 1]
  49   46.634379   46.634379   0.00000000   0.00000000   0.0000   0.4969  3+[ 6, 5, 1]
  50   44.271228   44.271228   0.00000000   0.00000000   0.0000   0.6504  3+[ 4, 2, 2]
  51   53.408465   53.408465   0.00000000   0.00000000   0.0000   0.5901  3+[ 8, 7, 1]
  52   58.998596   58.998596   0.00000000   0.00000000   0.0000   0.7770  3+[ 6, 2, 2]
  55   57.624587   57.624587   0.00000000   0.00000000   0.0000   0.7142  3+[ 8, 6, 2]
  56   50.578462   50.578462   0.00000000   0.00000000   0.0000   0.5421  3+[ 8, 4, 2]
  58   57.027823   57.027823   0.00000000   0.00000000   0.0000   0.4585  3+[ 8, 3, 1]
  61   55.939244   55.939244   0.00000000   0.00000000  -0.0000   0.5960  3+[ 4, 2, 2]
  63   38.105174   38.105174   0.00000000   0.00000000  -0.0000   0.7765  3+[ 4, 0, 2]
  64   17.895436   17.895436   0.00000000   0.00000001  -0.0000   0.7560  3+[ 4, 1, 1]
  65   -7.880981   -7.945296   0.65546573   0.47521617   0.0000   0.8301  3+[ 2, 1, 1]
  66   15.974694   15.974694   0.00000000   0.00000000   0.0000   0.8632  3-[ 3, 1, 2]
  67    9.977869    9.977869   0.00000000   0.00000000  -0.0000   0.6878  3-[ 3, 2, 1]
  68   48.534574   48.534574   0.00000000   0.00000000  -0.0000   0.6166  3-[ 5, 0, 1]
  69   43.906178   43.906178   0.00000000   0.00000000   0.0000   0.5590  3-[ 5, 4, 1]
  70   54.546978   54.546978   0.00000000   0.00000000   0.0000   0.6971  3-[ 7, 6, 1]
  71   51.796736   51.796736   0.00000000   0.00000000   0.0000   0.8794  3-[ 5, 1, 2]
  74   43.789644   43.789644   0.00000000   0.00000000   0.0000   0.7739  3-[ 7, 1, 2]
  75   36.032928   36.032928   0.00000000   0.00000000   0.0000   0.7476  3-[ 5, 3, 2]
  76   56.778589   56.778589   0.00000000   0.00000000   0.0000   0.5974  3-[ 5, 4, 1]
  77   55.968381   55.968381   0.00000000   0.00000000   0.0000   0.7182  3-[ 5, 2, 1]
  78   46.183690   46.183690   0.00000000   0.00000000   0.0000   0.5712  3-[ 7, 0, 1]
  79   34.088490   34.088490   0.00000000   0.00000000  -0.0000   0.6202  3-[ 5, 0, 1]
  80   10.711313   10.711313   0.00000000   0.00000000  -0.0000   0.7589  3-[ 3, 0, 1]
  81    3.372936  -19.199213   1.00000000   0.00000002  -0.0000   0.9708  3-[ 1, 0, 1]
  82   21.099357   21.099357   0.00000000   0.00000000  -0.0000   0.7376  5+[ 4, 1, 3]
  83   34.043634   34.043634   0.00000000   0.00000000   0.0000   0.8079  5+[ 4, 2, 2]
  85   59.592534   59.592534   0.00000000   0.00000000  -0.0000   0.8263  5+[ 6, 2, 2]
  90   58.144004   58.144004   0.00000000   0.00000000  -0.0000   0.8683  5+[ 8, 1, 3]
  92   52.678188   52.678188   0.00000000   0.00000000   0.0000   0.8640  5+[ 6, 4, 2]
  93   53.630118   53.630118   0.00000000   0.00000000   0.0000   0.6448  5+[ 8, 4, 2]
  95   39.817627   39.817627   0.00000000   0.00000000  -0.0000   0.7633  5+[ 6, 0, 2]
  96   22.072162   22.072162   0.00000000   0.00000001  -0.0000   0.6258  5+[ 4, 0, 2]
  97   -7.473028   -8.353248   0.99984962   0.01226200  -0.0000   0.9683  5+[ 2, 0, 2]
  98   19.061812   19.061812   0.00000000   0.00000000  -0.0000   0.9537  5-[ 3, 0, 3]
  99   56.254283   56.254283   0.00000000   0.00000000   0.0000   0.5344  5-[ 7, 4, 3]
 100   59.321647   59.321647   0.00000000   0.00000000   0.0000   0.5289  5-[ 5, 1, 2]
 101   58.093293   58.093293   0.00000000   0.00000000   0.0000   0.4991  5-[ 7, 1, 2]
 102   34.728996   34.728996   0.00000000   0.00000000  -0.0000   0.5910  5-[ 5, 0, 3]
 103   38.787106   38.787106   0.00000000   0.00000000   0.0000   0.4808  5-[ 7, 4, 3]
 104   45.409379   45.409379   0.00000000   0.00000000   0.0000   0.6815  5-[ 7, 3, 2]
 105   45.913112   45.913112   0.00000000   0.00000000   0.0000   0.7881  5-[ 5, 3, 2]
 106   59.469952   59.469952   0.00000000   0.00000000  -0.0000   0.5728  5-[ 7, 2, 3]
 107   42.975301   42.975301   0.00000000   0.00000000  -0.0000   0.6131  5-[ 5, 2, 3]
 108   10.036897   10.036897   0.00000000   0.00000000  -0.0000   0.8356  5-[ 3, 1, 2]
 110   40.289139   40.289139   0.00000000   0.00000000   0.0000   0.7271  7+[ 4, 1, 3]
 113   57.128551   57.128551   0.00000000   0.00000000  -0.0000   0.6259  7+[ 6, 3, 3]
 114   59.228376   59.228376   0.00000000   0.00000000   0.0000   0.4986  7+[ 8, 1, 3]
 115   44.141236   44.141236   0.00000000   0.00000000  -0.0000   0.7227  7+[ 6, 2, 4]
 116   46.683651   46.683651   0.00000000   0.00000000  -0.0000   0.6579  7+[ 6, 0, 4]
 118   58.074496   58.074496   0.00000000   0.00000000  -0.0000   0.4969  7+[ 8, 2, 4]
 119   49.877815   49.877815   0.00000000   0.00000000  -0.0000   0.7123  7+[ 6, 1, 3]
 120   55.675954   55.675954   0.00000000   0.00000000  -0.0000   0.5413  7+[ 8, 1, 3]
 121   48.797689   48.797689   0.00000000   0.00000000  -0.0000   0.5577  7+[ 4, 0, 4]
 122   51.736446   51.736446   0.00000000   0.00000000  -0.0000   0.5672  7-[ 7, 3, 4]
 123   59.644649   59.644649   0.00000000   0.00000000   0.0000   0.7275  7-[ 7, 2, 3]
 124   48.134510   48.134510   0.00000000   0.00000000  -0.0000   0.6227  7-[ 7, 0, 3]
 125   42.667500   42.667500   0.00000000   0.00000000  -0.0000   0.6992  7-[ 5, 0, 3]
 126   52.446504   52.446504   0.00000000   0.00000000  -0.0000   0.4220  7-[ 7, 0, 3]
 127   45.507250   45.507250   0.00000000   0.00000000  -0.0000   0.6365  7-[ 7, 3, 4]
 128   58.165809   58.165809   0.00000000   0.00000000  -0.0000   0.7788  7-[ 7, 1, 4]
 129   43.470905   43.470905   0.00000000   0.00000000  -0.0000   0.8247  7-[ 5, 1, 4]
 130   14.176700   14.176700   0.00000000   0.00000000  -0.0000   0.8498  7-[ 3, 0, 3]
 133   54.965669   54.965669   0.00000000   0.00000000  -0.0000   0.6792  9+[ 8, 3, 5]
 134   45.256337   45.256337   0.00000000   0.00000000  -0.0000   0.8226  9+[ 6, 2, 4]
 135   58.421260   58.421260   0.00000000   0.00000000  -0.0000   0.5826  9+[ 6, 1, 5]
 136   47.105863   47.105863   0.00000000   0.00000000  -0.0000   0.5102  9+[ 8, 2, 4]
 139   43.572636   43.572636   0.00000000   0.00000000  -0.0000   0.7307  9+[ 4, 0, 4]
 141   57.959089   57.959089   0.00000000   0.00000000  -0.0000   0.7873  9-[ 7, 3, 4]
 142   46.335671   46.335671   0.00000000   0.00000000  -0.0000   0.7116  9-[ 7, 1, 4]
 143   57.291749   57.291749   0.00000000   0.00000000  -0.0000   0.8493  9-[ 7, 2, 5]
 144   44.936187   44.936187   0.00000000   0.00000000  -0.0000   0.7688  9-[ 5, 0, 5]
 145   43.726297   43.726297   0.00000000   0.00000000  -0.0000   0.7881  9-[ 5, 1, 4]
 149   50.833079   50.833079   0.00000000   0.00000000  -0.0000   0.9483 11+[ 6, 1, 5]
 153   57.449200   57.449200   0.00000000   0.00000000  -0.0000   0.7309 11-[ 7, 2, 5]
 154   54.203104   54.203104   0.00000000   0.00000000  -0.0000   0.6212 11-[ 7, 2, 5]
 155   35.047137   35.047137   0.00000000   0.00000000  -0.0000   0.8100 11-[ 5, 0, 5]
 159   44.709781   44.709781   0.00000000   0.00000000  -0.0000   0.9268 13+[ 6, 0, 6]
 160   59.140953   59.140953   0.00000000   0.00000000  -0.0000   1.0000 13-[ 7, 1, 6]
 162   57.978123   57.978123   0.00000000   0.00000000  -0.0000   1.0000 15-[ 7, 0, 7]
  Sum canonical e_v*V^2_k=  -198.97553842861362     

  NB! From expect (UNPROJECTED RESULTS)

  pairing: CpV0,CpV1,...           0.100000       0.100000       1.000000       1.000000
  forces:   UNE1                          


                             neutrons         protons         total
  Requested part.numbs.      12.000000      12.000000      24.000000
  UnPj(av) part.numbs .      12.000000      12.000000      24.000000
  b0, bz, bp ..........       1.559284       1.564210       1.556827

  lambda (ala) ........     -12.598759      -7.913138
  Lambda (alast) ......     -12.598759      -7.913138
  delta(n,p), pwi .....      -0.000000       0.000000      60.000000
  pairing energy ......       0.000000       0.000000       0.000000

  rms-radius ..........       2.899794       2.919744       2.909786
  charge-radius, r0 ...                      3.027359       3.461399
  deformation beta2....      -0.116267      -0.116284      -0.116276
  dipole moment[fm] ...       0.000000       0.000000       0.000000
  quadrupole moment[b]       -0.148007      -0.150072      -0.298079
  octupole moment .....       0.000000       0.000000       0.000000
  hexadecapole moment .       0.000089       0.000065       0.000154
  q5 ..................       0.000000       0.000000       0.000000
  q6 ..................       0.000003       0.000003       0.000005
  q7 ..................       0.000000       0.000000       0.000000
  q8 ..................      -0.000000      -0.000000      -0.000000

  <r^0> [fm^0] ........            1.000000            1.000000            1.000000
  <r^2> [fm^2] ........            8.408808            8.524904            8.466856
  <r^4> [fm^4] ........          101.607299          104.798151          103.202725
  <r^6> [fm^6] ........         1587.904770         1672.248804         1630.076787
  <r^8> [fm^8] ........        30531.367002        32915.195060        31723.281031

  kinetic energy ......     211.362785     208.485820     419.848606
  volume energy .......                                  -662.491178
        rho_tau .......                                    -1.867425
        rho_rho .......                                  -660.623753
  surface energy ......                                    55.602918
   rho_DELTA_rho ......                                    55.602918
   (NABLA_rho)^2 ......                                     0.000000
  spin-orbit energy ...                                   -25.691864
        rho_NABLA_J ...                                   -25.691864
        NABLA_rho_J ...                                     0.000000
  coulomb energy ......                                    29.302348
          direct ......                                    33.755493
          exchange ....                                    -4.453145
  tensor energy .......                                     0.000000
  direct Hartree E  ...                                     0.000000
  Extra E .............                                     0.000000
  External field E ....                                     0.000000
  Entropy .............       2.586809       2.579131       5.165940

  tEnergy: ehfb (qp)...                                  -183.429170

  Calculated but not added corrections 
====================================
  cmc-diagonal part ...       0.000000       0.000000       0.000000
  cmc-hfb .............       0.000000       0.000000       0.000000
  cranking rot corr ...       0.000000       0.000000       0.000000

  SQUJ ................       0.000000       0.000000       0.000000
  CRAN x 4 ............       0.000000       0.000000       0.000000
  Rigit Body ..........       0.000000       0.000000       0.000000


   Blocking candidates are:
   neutron eqpmin=   3.1514018703611701E-002  pwiblo=   5.1031036307982882     
    num=   1 block=   3 state=   1    32 Eqp=   0.03151402  (1-2N)E=  -0.03151402  Ovlp=   0.83310581  3+[ 2, 1, 1]
    num=   2 block=   1 state=   1     1 Eqp=   0.03147776  (1-2N)E=   0.03147776  Ovlp=   0.61831033  1+[ 2, 0, 0]
    num=   3 block=   5 state=   1    56 Eqp=   0.43564083  (1-2N)E=  -0.43564083  Ovlp=   0.97141864  5+[ 2, 0, 2]
    num=   4 block=   1 state=   2     2 Eqp=   2.73887174  (1-2N)E=   2.73887174  Ovlp=   0.67192387  1+[ 2, 2, 0]

   Blocking candidates are:
   proton  eqpmin=   3.2157622874331174E-002  pwiblo=   5.1031036307982882     
    num=   1 block=   3 state=   1    31 Eqp=   0.03215762  (1-2N)E=  -0.03215762  Ovlp=   0.83006077  3+[ 2, 1, 1]
    num=   2 block=   1 state=   1     1 Eqp=   0.03212433  (1-2N)E=   0.03212433  Ovlp=   0.61609776  1+[ 2, 0, 0]
    num=   3 block=   5 state=   1    54 Eqp=   0.44011002  (1-2N)E=  -0.44011002  Ovlp=   0.96825796  5+[ 2, 0, 2]
    num=   4 block=   1 state=   2     2 Eqp=   2.67624417  (1-2N)E=   2.67624417  Ovlp=   0.66785252  1+[ 2, 2, 0]


