No Skyrme interaction defined in routine skforce()
Multi-threading framework with OpenMP: 1 threads/task

  =======================================
           FORTRAN 95 CODE (KIND= 8) 
               Version: 200d  
  =======================================
       AXIALLY DEFORMED CONFIGURATIONAL  
     HARTREE-FOCK-BOGOLIUBOV CALCULATIONS
                     WITH                
            UNEDF AND DELTA PAIRING      
                     USING               
             HARMONIC-OSCILLATOR         
                   AND/OR                
       TRANSFORMED HARMONIC-OSCILLATOR   
                    BASIS                
                     ---                 
               v1.66  (2005):,           
   Stoitsov,Dobaczewski,Nazarewicz,Ring, 
               v2.00d (2012):,           
         Stoitsov,Schunck,Kortelainen    
  =======================================
    Nucleus: MG (A=  24, N= 12, Z= 12)
       Reflection Symmetry Imposed       
            ( 7/15/2023,  0:30)                               
  =======================================


  ---------------------------------------
           UNEDF Module Version:17
         M.Kortelainen & M.Stoitsov 
  ---------------------------------------

  UNE1 functional
  ----------------------------------
  Crho(0)=   -785.667980427095472    ; Crho(1)=    299.709475274314912    
  CDrho(0)=   888.942673950151402    ; CDrho(1)=  -224.783305401696424    
  Ctau(0)=    1.63581701673333502    ; Ctau(1)=   -31.0161750385437394    
  CrDr(0)=   -45.2238609477214979    ; CrDr(1)=   -123.411472307058091    
  CrdJ(0)=   -78.7539145527307625    ; CrdJ(1)=   -36.6741468396950836    
  CJ(0)=      0.00000000000000000    ; CJ(1)=      0.00000000000000000    
  CpV0(0)=   0.100000000000000006    ; CpV0(1)=   0.100000000000000006    
  CpV1(0)=    1.00000000000000000    ; CpV1(1)=    1.00000000000000000    
  sigma=     0.264965396805860232    ; hbzero=     20.7355300000000007    
  e^2 chrg=   1.43997840859651305    ; CExPar=     1.00000000000000000    
  c.m. correction: F, chr. density in direct Coul: F
  use tensor terms: F
  use TMR pairing:  0

  Coupling constants in natural units
  -----------------------------------
  Crho_nu(0)=  -0.884756364387133676    ; Crho_nu(1)=   0.337508810747168153    
  CDrho_nu(0)=  0.939902667495490785    ; CDrho_nu(1)= -0.237669350956769942    
  Ctau_nu(0)=   0.231878921926930957E-01; Ctau_nu(1)=  -0.439657807484889473    
  CrDr_nu(0)=  -0.641053370558044455    ; CrDr_nu(1)=   -1.74937165093942082    
  CrdJ_nu(0)=   -1.11634569253229321    ; CrdJ_nu(1)=  -0.519860201036455138    
  CJ_nu(0)=      0.00000000000000000    ; CJ_nu(1)=      0.00000000000000000    
  CpV0_nu(0)=   0.112611992142809880E-03; CpV0_nu(1)=   0.112611992142809880E-03
  CpV1_nu(0)=   0.887702254206059068E-03; CpV1_nu(1)=   0.887702254206059068E-03
  fpi_nu=        93.0000000000000000    ; Lambda_nu=     700.000000000000000    

  Nuclear matter properties
  ----------------------------------
      E_NM=     -15.7999999999999794      K_NM=     219.9999999999996589
      P_NM=       0.0000000000000011    RHO_NM=       0.1586590870897017
    ASS_NM=      29.3255679879889684   LASS_NM=      41.2727017028318315
  SMASS_NM=       1.0125165469375854  VMASS_NM=       1.2498385742322695

  Associated (t,x)-coupling constants
  -----------------------------------
  t0=      -2095.11461447225429    ; x0=       0.722063570251210152E-01
  t1=       243.375014410159110    ; x1=       -4.30178479135101632    
  t2=       1329.86778126272156    ; x2=       -1.38233495481301460    
  t3=       14223.0827832024224    ; x3=      -0.120701122824651175    
  b4=       42.0797677130356789    ; b4p=       73.3482936793901672    
  te=      -397.176242175610696    ; to=       -179.877688805098245    
  sigma=   0.264965396805860232    ; hbzero=    20.7355300000000007    

  ---------------------------------------
        Characteristics of the run       
  ---------------------------------------
  Output file ................:     7
  Nucleus ....................:   MG  24
  Number of HO shells ........:     4
  HO length b0 (fm) ..........:     1.55928400372611
  Basis deformation ..........:  beta0=   0.010 q=   1.010
  HO: b0,1/b0,bp,bz,q ........:   0.15592840E+01  0.64131999E+00  0.15568270E+01  0.15642096E+01  0.10095067E+01
  h**2/(2m), cmc, e**2 .......:   0.20735530E+02  0.20735530E+02  0.14399784E+01
  hom=f*41.0_pr*A^{-1/3}, f...:   0.17056687E+02  0.12000000E+01
  THO basis is ...............:  OFF
  Maximal number of iterations:   400
  Initial mixing parameter ...:  0.300
  Initial w.f. ...............:  from   spherical scratch
  Skyrme functional ..........:    UNE1                          
    with direct and exchange Coulomb
  Lipkin-Nogami procedure is .:  OFF
  PAV procedure is ...........:  OFF
  Constraint calculation is ..:   ON
    Constraint 1 .............: lambda=2 Ql=   1.093
  Temperature T ..............:   0.05 MeV
  Restart indicator ..........:   1
  Broyden mixing (#iterations):   7

  ---------------------------------------
        Harmonic Oscillator Basis        
  ---------------------------------------
  NUV, NQP:                         195      35
  Comparison with bookkeeping spherical basis:
  n00:                                4       4  Maximal number of shells
  nbx, 2*n00+1:                       9       9  Maximal number of K-blocks
  ntx, (n00+1)*(n00+2)*(n00+3)/6     35      35  Max.num. p/n levels
  nzx, n00:                           4       4  Maximal nz-quantum number
  nrx, n00/2  :                       2       2  Maximal nr-quantum number
  nlx, n00:                           4       4  Maximal ml-quantum number
  ndx, (n00+2)*(n00+2)/4:             9       9  Maximal dim. of one k-block

  Actual basis used
  Number of blocks: nb .......:    9
  Number of levels: nt .......:   35
  Maximal 2*omega : nom ......:    9
  Maximal nz:       nzm ......:    4
  Maximal nr:       nrm ......:    2
  Maximal ml:       nlm ......:    4
  Maximal N=nz+2*nr+nl .......:    4
  2 x biggest block dim. .....:   18
  Non-zero elements of h .....:      115
  Number of Broyden elements .:      460

  ---------------------------------------
            Integration Meshes           
  ---------------------------------------
  Number of Gauss-Hermite mesh points ngh ....:  40
  Number of Gauss-Laguerre mesh points ngl ...:  40
  Number of Gauss-Legendre mesh points nleg ..:  80
  Integration boundaries
    Hermite  - from xh(1)  =  0.12379686 to xh(ngh)   = 11.88786356
    Laguerre - From xl(1)  =  0.03570039 to xl(ngl)   =142.28004447
    Legendre - From xleg(1)=  0.00978669 to xleg(nleg)=  0.99988775
  Max.dev.in:     Orthogonality            Normalization
  Hermite     5.2235050987142219E-016   1.9984014443252818E-015
  Laguerre    1.9977540701027837E-015   4.5519144009631418E-015

  Scratch initialization for the nucleus: MG  12  12


  Initial potentials of Saxon-Woods shape 
  v0ws   =  -71.27999878
  kappa  =    0.46160001
  vs0    =   11.11750031   11.11750031
  r0     =    1.23339999    1.23339999
  a      =    0.61500001    0.61500001
  r0-so  =    1.14429998    1.14429998
  a-so   =    0.64760000    0.64760000
  beta00 =    0.01000000

  ### REGULAR STAGE (reflection symmetry imposed)
  |HFB+HO> iterations(b0=  1.559, Nsh=  4, inin=  1, N= 12, Z= 12)...
  ----------------------------------------------------------------------------------------------------------------------------------
  i          si     mix   beta      Etot       A       rn      rp         En      Dn      Ep      Dp        Ln      Lp     time
  ----------------------------------------------------------------------------------------------------------------------------------
   1L  52.26905082 0.30  0.010     0.000000    0.0   0.000   0.000 |   -2.000   1.000  -2.000   1.000 |   -7.000  -7.000   0.000
   2B  49.55545233 0.10  0.009   -53.153227   24.0   2.616   2.616 |    0.000  -0.000   0.000  -0.000 |  -16.532 -16.532  27.804
   3B  10.66878793 0.11  0.309  -169.433539   24.0   3.055   3.088 |    0.000  -0.000   0.000  -0.000 |  -11.275  -7.815   0.088
   4B   5.85662615 0.13  0.436  -181.558906   24.0   3.018   2.988 |    0.000  -0.000   0.000  -0.000 |  -12.291  -7.942   0.085
   5B  10.99294971 0.10  0.486  -175.610351   24.0   2.955   3.029 |    0.000  -0.000   0.000  -0.000 |  -12.432  -8.146   0.083
   6B  11.95491681 0.10  0.495  -180.321225   24.0   2.985   2.996 |    0.000  -0.000   0.000  -0.000 |  -12.468  -7.742   0.083
   7B   9.30344595 0.11  0.476  -181.766893   24.0   2.993   2.982 |    0.000  -0.000   0.000  -0.000 |  -12.010  -7.225   0.084
   8B   6.24131055 0.13  0.454  -183.236397   24.0   2.970   2.990 |    0.000  -0.000   0.000  -0.000 |  -11.545  -6.972   0.086
   9B   1.91138896 0.14  0.425  -184.820093   24.0   2.961   2.968 |    0.000  -0.000   0.000  -0.000 |  -11.480  -6.553   0.083
  10B   1.05436863 0.16  0.414  -185.391028   24.0   2.952   2.958 |    0.000  -0.000   0.000  -0.000 |  -11.400  -6.664   0.089
  11B   0.50644723 0.18  0.413  -185.555829   24.0   2.947   2.958 |    0.000  -0.000   0.000  -0.000 |  -11.477  -6.683   0.083
  12B   0.31227114 0.21  0.412  -185.610940   24.0   2.947   2.956 |    0.000  -0.000   0.000  -0.000 |  -11.521  -6.683   0.086
  13B   0.22485455 0.24  0.413  -185.590726   24.0   2.946   2.956 |    0.000  -0.000   0.000  -0.000 |  -11.521  -6.683   0.094
  14B   0.08067089 0.27  0.414  -185.550734   24.0   2.947   2.956 |    0.000  -0.000   0.000  -0.000 |  -11.521  -6.683   0.089
  15B   0.06828346 0.30  0.414  -185.533943   24.0   2.947   2.957 |    0.000   0.000   0.000   0.000 |  -11.521  -6.683   0.087
  16B   0.02406234 0.34  0.414  -185.531088   24.0   2.947   2.956 |    0.000   0.000   0.000   0.000 |  -11.521  -6.683   0.105
  17B   0.01000823 0.38  0.414  -185.532497   24.0   2.947   2.957 |    0.000   0.000   0.000   0.000 |  -11.521  -6.683   0.105
  18B   0.00633773 0.43  0.414  -185.533288   24.0   2.947   2.956 |    0.000   0.000   0.000   0.000 |  -11.521  -6.683   0.111
  19B   0.00583121 0.49  0.414  -185.533421   24.0   2.947   2.956 |    0.000   0.000   0.000   0.000 |  -11.521  -6.683   0.117
  20B   0.00131174 0.55  0.414  -185.534629   24.0   2.947   2.956 |    0.000  -0.000   0.000  -0.000 |  -11.521  -6.683   0.115
  21B   0.00147922 0.10  0.414  -185.534867   24.0   2.947   2.956 |    0.000  -0.000   0.000  -0.000 |  -11.521  -6.683   0.102
  22B   0.00045771 0.11  0.414  -185.535042   24.0   2.947   2.956 |    0.000  -0.000   0.000  -0.000 |  -11.521  -6.683   0.116
  23B   0.00028958 0.13  0.414  -185.534999   24.0   2.947   2.956 |    0.000   0.000   0.000   0.000 |  -11.521  -6.683   0.124
  24B   0.00025438 0.14  0.414  -185.534990   24.0   2.947   2.956 |    0.000   0.000   0.000   0.000 |  -11.521  -6.683   0.106
  25B   0.00022858 0.16  0.414  -185.534983   24.0   2.947   2.956 |    0.000   0.000   0.000   0.000 |  -11.521  -6.683   0.109
  26B   0.00014868 0.18  0.414  -185.534962   24.0   2.947   2.956 |    0.000   0.000   0.000   0.000 |  -11.521  -6.683   0.110
  27B   0.00002356 0.21  0.414  -185.534923   24.0   2.947   2.956 |    0.000   0.000   0.000   0.000 |  -11.521  -6.683   0.109
  28B   0.00001119 0.24  0.414  -185.534921   24.0   2.947   2.956 |    0.000  -0.000   0.000  -0.000 |  -11.521  -6.683   0.118
  29B   0.00000640 0.27  0.414  -185.534923   24.0   2.947   2.956 |    0.000  -0.000   0.000  -0.000 |  -11.521  -6.683   0.112
  30B   0.00000722 0.10  0.414  -185.534922   24.0   2.947   2.956 |    0.000  -0.000   0.000  -0.000 |  -11.521  -6.683   0.107
  31B   0.00000369 0.11  0.414  -185.534923   24.0   2.947   2.956 |    0.000   0.000   0.000   0.000 |  -11.521  -6.683   0.117
  32B   0.00000066 0.13  0.414  -185.534924   24.0   2.947   2.956 |    0.000   0.000   0.000   0.000 |  -11.521  -6.683   0.129
  33B   0.00000086 0.10  0.414  -185.534924   24.0   2.947   2.956 |    0.000   0.000   0.000   0.000 |  -11.521  -6.683   0.117
  34B   0.00000068 0.11  0.414  -185.534924   24.0   2.947   2.956 |    0.000   0.000   0.000   0.000 |  -11.521  -6.683   0.119
  35B   0.00000049 0.13  0.414  -185.534924   24.0   2.947   2.956 |    0.000  -0.000   0.000  -0.000 |  -11.521  -6.683   0.117
  36B   0.00000028 0.14  0.414  -185.534924   24.0   2.947   2.956 |    0.000  -0.000   0.000  -0.000 |  -11.521  -6.683   0.112
  37B   0.00000006 0.16  0.414  -185.534924   24.0   2.947   2.956 |    0.000  -0.000   0.000  -0.000 |  -11.521  -6.683   0.121
  38B   0.00000003 0.18  0.414  -185.534924   24.0   2.947   2.956 |    0.000  -0.000   0.000  -0.000 |  -11.521  -6.683   0.113
  39B   0.00000002 0.21  0.414  -185.534924   24.0   2.947   2.956 |    0.000  -0.000   0.000  -0.000 |  -11.521  -6.683   0.118
  40B   0.00000001 0.24  0.414  -185.534924   24.0   2.947   2.956 |    0.000   0.000   0.000   0.000 |  -11.521  -6.683   0.116
  41B   0.00000000 0.27  0.414  -185.534924   24.0   2.947   2.956 |    0.000   0.000   0.000   0.000 |  -11.521  -6.683   0.123
  42B   0.00000000 0.30  0.414  -185.534924   24.0   2.947   2.956 |    0.000   0.000   0.000   0.000 |  -11.521  -6.683   0.126
  43B   0.00000000 0.10  0.414  -185.534924   24.0   2.947   2.956 |    0.000   0.000   0.000   0.000 |  -11.521  -6.683   0.116
  ----------------------------------------------------------------------------------------------------------------------------------
  *   iteration converged   after  43 steps   si=     0.0000000009 ho=  0 tho=  0
  ----------------------------------------------------------------------------------------------------------------------------------
  Total CPU time=   0.538 minutes

  Writing to wel_file: s012_012.hel
 __________________________________  
  The tape s012_012.hel recorded:     
  nucname,npr,ngh,ngl,n00,nb,nt      
  b0,beta0,si,etot,rms,bet,xmix      
  pairing:     CpV0,CpV1,pwi         
  delta:       del,ept               
  lambda:      ala,ala2,alast,tz     
  asymptotic:  varmas,ass,skass      
  ntx,nb,nhhdim,id,N_rz,n_r,n_z      
  Omega2,Sigma2,Parity,Lambda        
  matrices(inbro):    hh,de          
  *all blocking candidates           
 __________________________________  


  NB! From expect (UNPROJECTED RESULTS)

  pairing: CpV0,CpV1,...           0.100000       0.100000       1.000000       1.000000
  forces:   UNE1                          


                             neutrons         protons         total
  Requested part.numbs.      12.000000      12.000000      24.000000
  UnPj(av) part.numbs .      12.000000      12.000000      24.000000
  b0, bz, bp ..........       1.559284       1.564210       1.556827

  lambda (ala) ........     -11.520518      -6.682542
  Lambda (alast) ......     -11.520518      -6.682542
  delta(n,p), pwi .....      -0.000000      -0.000000      60.000000
  pairing energy ......       0.000000       0.000000       0.000000

  rms-radius ..........       2.946720       2.956473       2.951601
  charge-radius, r0 ...                      3.062798       3.461399
  deformation beta2....       0.414767       0.413935       0.414349
  dipole moment[fm] ...       0.000000       0.000000       0.000000
  quadrupole moment[b]        0.545222       0.547736       1.092958
  octupole moment .....       0.000000       0.000000       0.000000
  hexadecapole moment .       0.003138       0.003086       0.006225
  q5 ..................       0.000000       0.000000       0.000000
  q6 ..................      -0.000083      -0.000086      -0.000169
  q7 ..................       0.000000       0.000000       0.000000
  q8 ..................      -0.000004      -0.000004      -0.000009

  <r^0> [fm^0] ........            1.000000            1.000000            1.000000
  <r^2> [fm^2] ........            8.683159            8.740733            8.711946
  <r^4> [fm^4] ........          106.755978          107.989063          107.372521
  <r^6> [fm^6] ........         1649.684313         1675.025997         1662.355155
  <r^8> [fm^8] ........        30317.474078        30875.287329        30596.380704

  kinetic energy ......     213.363822     212.136592     425.500414
  volume energy .......                                  -681.922486
        rho_tau .......                                     3.170642
        rho_rho .......                                  -685.093128
  surface energy ......                                    64.344908
   rho_DELTA_rho ......                                    64.344908
   (NABLA_rho)^2 ......                                     0.000000
  spin-orbit energy ...                                   -22.731875
        rho_NABLA_J ...                                   -22.731875
        NABLA_rho_J ...                                     0.000000
  coulomb energy ......                                    29.274116
          direct ......                                    33.820176
          exchange ....                                    -4.546060
  tensor energy .......                                     0.000000
  direct Hartree E  ...                                     0.000000
  Extra E .............                                     0.000000
  External field E ....                                     0.000000
  Entropy .............       0.000000       0.000000       0.000000

  tEnergy: ehfb (qp)...                                  -185.534924

  Calculated but not added corrections 
====================================
  cmc-diagonal part ...       0.000000      -0.000000      -0.000000
  cmc-hfb .............       0.000000       0.000000       0.000000
  cranking rot corr ...       0.000000       0.000000       0.000000

  SQUJ ................       0.000000       0.000000       0.000000
  CRAN x 4 ............       0.000000       0.000000       0.000000
  Rigit Body ..........       0.000000       0.000000       0.000000


   Blocking candidates are:
   neutron eqpmin=   2.1741028248917260       pwiblo=   5.1031036307982882     
    num=   1 block=   3 state=   1    16 Eqp=   2.17410282  (1-2N)E=  -2.17410282  Ovlp=   0.93259423  3+[ 2, 1, 1]
    num=   2 block=   5 state=   1    26 Eqp=   2.49201898  (1-2N)E=   2.49201898  Ovlp=   0.97524787  5+[ 2, 0, 2]
    num=   3 block=   1 state=   1     1 Eqp=   3.65961796  (1-2N)E=   3.65961796  Ovlp=   0.71884826  1+[ 2, 1, 1]
    num=   4 block=   1 state=   2     2 Eqp=   5.28105641  (1-2N)E=  -5.28105641  Ovlp=   0.80977468  1+[ 2, 2, 0]
    num=   5 block=   2 state=   1    10 Eqp=   5.76014806  (1-2N)E=  -5.76014806  Ovlp=   0.94803554  1-[ 1, 0, 1]
    num=   6 block=   1 state=   3     3 Eqp=   6.51232998  (1-2N)E=   6.51232998  Ovlp=   0.83417103  1+[ 2, 0, 0]

   Blocking candidates are:
   proton  eqpmin=   2.1716227782994864       pwiblo=   5.1031036307982882     
    num=   1 block=   3 state=   1    16 Eqp=   2.17162278  (1-2N)E=  -2.17162278  Ovlp=   0.93044092  3+[ 2, 1, 1]
    num=   2 block=   5 state=   1    26 Eqp=   2.52210974  (1-2N)E=   2.52210974  Ovlp=   0.97314532  5+[ 2, 0, 2]
    num=   3 block=   1 state=   1     1 Eqp=   3.63563028  (1-2N)E=   3.63563028  Ovlp=   0.72116242  1+[ 2, 1, 1]
    num=   4 block=   1 state=   2     2 Eqp=   5.25836056  (1-2N)E=  -5.25836056  Ovlp=   0.80589554  1+[ 2, 2, 0]
    num=   5 block=   2 state=   1    10 Eqp=   5.69325143  (1-2N)E=  -5.69325143  Ovlp=   0.94717304  1-[ 1, 0, 1]
    num=   6 block=   1 state=   3     3 Eqp=   6.46224993  (1-2N)E=   6.46224993  Ovlp=   0.83578441  1+[ 2, 0, 0]



 HFBTHO_SOLVER ended without errors

