No Skyrme interaction defined in routine skforce()
Multi-threading framework with OpenMP: 1 threads/task

  =======================================
           FORTRAN 95 CODE (KIND= 8) 
               Version: 200d  
  =======================================
       AXIALLY DEFORMED CONFIGURATIONAL  
     HARTREE-FOCK-BOGOLIUBOV CALCULATIONS
                     WITH                
            UNEDF AND DELTA PAIRING      
                     USING               
             HARMONIC-OSCILLATOR         
                   AND/OR                
       TRANSFORMED HARMONIC-OSCILLATOR   
                    BASIS                
                     ---                 
               v1.66  (2005):,           
   Stoitsov,Dobaczewski,Nazarewicz,Ring, 
               v2.00d (2012):,           
         Stoitsov,Schunck,Kortelainen    
  =======================================
    Nucleus: MG (A=  24, N= 12, Z= 12)
       Reflection Symmetry Imposed       
            ( 7/14/2023, 22:13)                               
  =======================================


  ---------------------------------------
           UNEDF Module Version:17
         M.Kortelainen & M.Stoitsov 
  ---------------------------------------

  UNE1 functional
  ----------------------------------
  Crho(0)=   -767.881179001111491    ; Crho(1)=    188.617728636597093    
  CDrho(0)=   899.264850891121000    ; CDrho(1)=  -10.0269092092704089    
  Ctau(0)=   -6.50905078309829932    ; Ctau(1)=   -39.1849149213934780    
  CrDr(0)=   -42.9354164536769503    ; CrDr(1)=   -156.692772522223493    
  CrdJ(0)=   -67.1685924509737475    ; CrdJ(1)=   -34.8428961371625263    
  CJ(0)=      0.00000000000000000    ; CJ(1)=      0.00000000000000000    
  CpV0(0)=   0.100000000000000006    ; CpV0(1)=   0.100000000000000006    
  CpV1(0)=    1.00000000000000000    ; CpV1(1)=    1.00000000000000000    
  sigma=     0.280421470331063349    ; hbzero=     20.7355300000000007    
  e^2 chrg=   1.43997840859651305    ; CExPar=     1.00000000000000000    
  c.m. correction: F, chr. density in direct Coul: F
  use tensor terms: F
  use TMR pairing:  0

  Coupling constants in natural units
  -----------------------------------
  Crho_nu(0)=  -0.864726292962847420    ; Crho_nu(1)=   0.212406181752191142    
  CDrho_nu(0)=  0.947326891438452723    ; CDrho_nu(1)= -0.105628066331526164E-01
  Ctau_nu(0)=  -0.922665348821543607E-01; Ctau_nu(1)=  -0.555450624050600750    
  CrDr_nu(0)=  -0.608614409675467094    ; CrDr_nu(1)=   -2.22113786533118107    
  CrdJ_nu(0)=  -0.952122434573020593    ; CrdJ_nu(1)=  -0.493902014128169309    
  CJ_nu(0)=      0.00000000000000000    ; CJ_nu(1)=      0.00000000000000000    
  CpV0_nu(0)=   0.112611992142809880E-03; CpV0_nu(1)=   0.112611992142809880E-03
  CpV1_nu(0)=   0.887702254206059068E-03; CpV1_nu(1)=   0.887702254206059068E-03
  fpi_nu=        93.0000000000000000    ; Lambda_nu=     700.000000000000000    

  Nuclear matter properties
  ----------------------------------
      E_NM=     -15.8000000000000078      K_NM=     220.0000000000000000
      P_NM=       0.0000000000000036    RHO_NM=       0.1585431751467904
    ASS_NM=      29.5831997003784188   LASS_NM=      52.5850075763626634
  SMASS_NM=       0.9502320134405001  VMASS_NM=       1.2498385742322700

  Associated (t,x)-coupling constants
  -----------------------------------
  t0=      -2047.68314400296390    ; x0=      -0.131548993917343982    
  t1=       220.310153375479331    ; x1=       -5.83417244883911223    
  t2=       1729.84380205619459    ; x2=       -1.36056999362407738    
  t3=       14388.2376142579360    ; x3=      -0.483274822985684971    
  b4=       32.3256963138112212    ; b4p=       69.6857922743250526    
  te=      -514.843464643770290    ; to=       -212.936734907627141    
  sigma=   0.280421470331063349    ; hbzero=    20.7355300000000007    

  ---------------------------------------
        Characteristics of the run       
  ---------------------------------------
  Output file ................:     7
  Nucleus ....................:   MG  24
  Number of HO shells ........:     4
  HO length b0 (fm) ..........:     1.55928400372611
  Basis deformation ..........:  beta0=   0.010 q=   1.010
  HO: b0,1/b0,bp,bz,q ........:   0.15592840E+01  0.64131999E+00  0.15568270E+01  0.15642096E+01  0.10095067E+01
  h**2/(2m), cmc, e**2 .......:   0.20735530E+02  0.20735530E+02  0.14399784E+01
  hom=f*41.0_pr*A^{-1/3}, f...:   0.17056687E+02  0.12000000E+01
  THO basis is ...............:  OFF
  Maximal number of iterations:   400
  Initial mixing parameter ...:  0.300
  Initial w.f. ...............:  from   spherical scratch
  Skyrme functional ..........:    UNE1                          
    with direct and exchange Coulomb
  Lipkin-Nogami procedure is .:  OFF
  PAV procedure is ...........:  OFF
  Constraint calculation is ..:   ON
    Constraint 1 .............: lambda=2 Ql=   0.994
  Temperature T ..............:   0.05 MeV
  Restart indicator ..........:   1
  Broyden mixing (#iterations):   7

  ---------------------------------------
        Harmonic Oscillator Basis        
  ---------------------------------------
  NUV, NQP:                         195      35
  Comparison with bookkeeping spherical basis:
  n00:                                4       4  Maximal number of shells
  nbx, 2*n00+1:                       9       9  Maximal number of K-blocks
  ntx, (n00+1)*(n00+2)*(n00+3)/6     35      35  Max.num. p/n levels
  nzx, n00:                           4       4  Maximal nz-quantum number
  nrx, n00/2  :                       2       2  Maximal nr-quantum number
  nlx, n00:                           4       4  Maximal ml-quantum number
  ndx, (n00+2)*(n00+2)/4:             9       9  Maximal dim. of one k-block

  Actual basis used
  Number of blocks: nb .......:    9
  Number of levels: nt .......:   35
  Maximal 2*omega : nom ......:    9
  Maximal nz:       nzm ......:    4
  Maximal nr:       nrm ......:    2
  Maximal ml:       nlm ......:    4
  Maximal N=nz+2*nr+nl .......:    4
  2 x biggest block dim. .....:   18
  Non-zero elements of h .....:      115
  Number of Broyden elements .:      460

  ---------------------------------------
            Integration Meshes           
  ---------------------------------------
  Number of Gauss-Hermite mesh points ngh ....:  40
  Number of Gauss-Laguerre mesh points ngl ...:  40
  Number of Gauss-Legendre mesh points nleg ..:  80
  Integration boundaries
    Hermite  - from xh(1)  =  0.12379686 to xh(ngh)   = 11.88786356
    Laguerre - From xl(1)  =  0.03570039 to xl(ngl)   =142.28004447
    Legendre - From xleg(1)=  0.00978669 to xleg(nleg)=  0.99988775
  Max.dev.in:     Orthogonality            Normalization
  Hermite     5.2235050987142219E-016   1.9984014443252818E-015
  Laguerre    1.9977540701027837E-015   4.5519144009631418E-015

  Scratch initialization for the nucleus: MG  12  12


  Initial potentials of Saxon-Woods shape 
  v0ws   =  -71.27999878
  kappa  =    0.46160001
  vs0    =   11.11750031   11.11750031
  r0     =    1.23339999    1.23339999
  a      =    0.61500001    0.61500001
  r0-so  =    1.14429998    1.14429998
  a-so   =    0.64760000    0.64760000
  beta00 =    0.01000000

  ### REGULAR STAGE (reflection symmetry imposed)
  |HFB+HO> iterations(b0=  1.559, Nsh=  4, inin=  1, N= 12, Z= 12)...
  ----------------------------------------------------------------------------------------------------------------------------------
  i          si     mix   beta      Etot       A       rn      rp         En      Dn      Ep      Dp        Ln      Lp     time
  ----------------------------------------------------------------------------------------------------------------------------------
   1L  52.26905082 0.30  0.010     0.000000    0.0   0.000   0.000 |   -2.000   1.000  -2.000   1.000 |   -7.000  -7.000   0.000
   2B  44.97399479 0.10  0.009   -62.745621   24.0   2.616   2.616 |    0.000  -0.000   0.000  -0.000 |  -16.532 -16.532  28.886
   3B  11.08333178 0.11  0.303  -166.761693   24.0   3.051   3.086 |    0.000  -0.000   0.000  -0.000 |  -10.923  -7.448   0.088
   4B   9.94632280 0.13  0.415  -177.208887   24.0   3.020   2.974 |    0.000  -0.000   0.000  -0.000 |  -11.903  -7.531   0.082
   5B  15.54697276 0.10  0.444  -169.151868   24.0   2.952   3.023 |    0.000  -0.000   0.000  -0.000 |  -11.898  -7.653   0.085
   6B  11.48114650 0.11  0.467  -178.705516   24.0   2.966   3.002 |    0.000  -0.000   0.000  -0.000 |  -11.902  -7.335   0.086
   7B  10.27796334 0.13  0.457  -179.468957   24.0   2.990   2.973 |    0.000  -0.000   0.000  -0.000 |  -11.853  -6.907   0.090
   8B   7.67241361 0.14  0.436  -180.802892   24.0   2.974   2.981 |    0.000  -0.000   0.000  -0.000 |  -11.255  -6.761   0.091
   9B   4.95105530 0.16  0.415  -181.471405   24.0   2.960   2.978 |    0.000  -0.000   0.000  -0.000 |  -11.213  -6.334   0.099
  10B   2.16227970 0.18  0.391  -182.597799   24.0   2.956   2.959 |    0.000  -0.000   0.000  -0.000 |  -11.072  -6.228   0.089
  11B   0.66849387 0.21  0.381  -183.086307   24.0   2.943   2.953 |    0.000  -0.000   0.000  -0.000 |  -11.070  -6.340   0.091
  12B   0.45721442 0.24  0.377  -183.169076   24.0   2.942   2.950 |    0.000  -0.000   0.000  -0.000 |  -11.160  -6.321   0.091
  13B   0.40696364 0.27  0.375  -183.226507   24.0   2.940   2.950 |    0.000  -0.000   0.000  -0.000 |  -11.160  -6.335   0.092
  14B   0.22382078 0.30  0.376  -183.216655   24.0   2.941   2.950 |    0.000  -0.000   0.000  -0.000 |  -11.160  -6.335   0.093
  15B   0.18524941 0.34  0.378  -183.187443   24.0   2.941   2.950 |    0.000  -0.000   0.000  -0.000 |  -11.160  -6.335   0.097
  16B   0.05893804 0.38  0.378  -183.182648   24.0   2.941   2.950 |    0.000  -0.000   0.000  -0.000 |  -11.160  -6.335   0.091
  17B   0.07641280 0.10  0.378  -183.184951   24.0   2.941   2.950 |    0.000  -0.000   0.000  -0.000 |  -11.160  -6.335   0.091
  18B   0.03503967 0.11  0.378  -183.181740   24.0   2.941   2.950 |    0.000   0.000   0.000   0.000 |  -11.160  -6.335   0.102
  19B   0.01359569 0.13  0.378  -183.180317   24.0   2.941   2.950 |    0.000   0.000   0.000   0.000 |  -11.160  -6.335   0.108
  20B   0.00694601 0.14  0.378  -183.179218   24.0   2.941   2.950 |    0.000   0.000   0.000   0.000 |  -11.160  -6.335   0.107
  21B   0.00423045 0.16  0.378  -183.179674   24.0   2.941   2.950 |    0.000   0.000   0.000   0.000 |  -11.160  -6.335   0.106
  22B   0.00318400 0.18  0.378  -183.180055   24.0   2.941   2.950 |    0.000  -0.000   0.000  -0.000 |  -11.160  -6.335   0.108
  23B   0.00199581 0.21  0.378  -183.180049   24.0   2.941   2.950 |    0.000  -0.000   0.000  -0.000 |  -11.160  -6.335   0.103
  24B   0.00147165 0.24  0.378  -183.180137   24.0   2.941   2.950 |    0.000  -0.000   0.000  -0.000 |  -11.160  -6.335   0.107
  25B   0.00102715 0.27  0.378  -183.180224   24.0   2.941   2.950 |    0.000  -0.000   0.000  -0.000 |  -11.160  -6.335   0.106
  26B   0.00053171 0.30  0.378  -183.180343   24.0   2.941   2.950 |    0.000   0.000   0.000   0.000 |  -11.160  -6.335   0.102
  27B   0.00032011 0.34  0.378  -183.180395   24.0   2.941   2.950 |    0.000   0.000   0.000   0.000 |  -11.160  -6.335   0.107
  28B   0.00031581 0.38  0.378  -183.180392   24.0   2.941   2.950 |    0.000   0.000   0.000   0.000 |  -11.160  -6.335   0.105
  29B   0.00009380 0.43  0.378  -183.180386   24.0   2.941   2.950 |    0.000   0.000   0.000   0.000 |  -11.160  -6.335   0.115
  30B   0.00009008 0.49  0.378  -183.180399   24.0   2.941   2.950 |    0.000   0.000   0.000   0.000 |  -11.160  -6.335   0.120
  31B   0.00004351 0.55  0.378  -183.180391   24.0   2.941   2.950 |    0.000   0.000   0.000   0.000 |  -11.160  -6.335   0.111
  32B   0.00002640 0.63  0.378  -183.180388   24.0   2.941   2.950 |    0.000   0.000   0.000   0.000 |  -11.160  -6.335   0.116
  33B   0.00001256 0.71  0.378  -183.180384   24.0   2.941   2.950 |    0.000  -0.000   0.000  -0.000 |  -11.160  -6.335   0.120
  34B   0.00001206 0.80  0.378  -183.180384   24.0   2.941   2.950 |    0.000  -0.000   0.000  -0.000 |  -11.160  -6.335   0.120
  35B   0.00000257 0.90  0.378  -183.180384   24.0   2.941   2.950 |    0.000  -0.000   0.000  -0.000 |  -11.160  -6.335   0.100
  36B   0.00000277 0.10  0.378  -183.180384   24.0   2.941   2.950 |    0.000   0.000   0.000   0.000 |  -11.160  -6.335   0.114
  37B   0.00000293 0.10  0.378  -183.180384   24.0   2.941   2.950 |    0.000  -0.000   0.000  -0.000 |  -11.160  -6.335   0.115
  38B   0.00000067 0.11  0.378  -183.180384   24.0   2.941   2.950 |    0.000   0.000   0.000   0.000 |  -11.160  -6.335   0.103
  39B   0.00000024 0.13  0.378  -183.180384   24.0   2.941   2.950 |    0.000  -0.000   0.000  -0.000 |  -11.160  -6.335   0.120
  40B   0.00000030 0.10  0.378  -183.180384   24.0   2.941   2.950 |    0.000   0.000   0.000   0.000 |  -11.160  -6.335   0.095
  41B   0.00000020 0.11  0.378  -183.180384   24.0   2.941   2.950 |    0.000   0.000   0.000   0.000 |  -11.160  -6.335   0.115
  42B   0.00000006 0.13  0.378  -183.180384   24.0   2.941   2.950 |    0.000  -0.000   0.000  -0.000 |  -11.160  -6.335   0.118
  43B   0.00000010 0.10  0.378  -183.180384   24.0   2.941   2.950 |    0.000  -0.000   0.000  -0.000 |  -11.160  -6.335   0.104
  44B   0.00000003 0.11  0.378  -183.180384   24.0   2.941   2.950 |    0.000  -0.000   0.000  -0.000 |  -11.160  -6.335   0.121
  45B   0.00000002 0.13  0.378  -183.180384   24.0   2.941   2.950 |    0.000  -0.000   0.000  -0.000 |  -11.160  -6.335   0.104
  46B   0.00000001 0.14  0.378  -183.180384   24.0   2.941   2.950 |    0.000  -0.000   0.000  -0.000 |  -11.160  -6.335   0.125
  47B   0.00000001 0.16  0.378  -183.180384   24.0   2.941   2.950 |    0.000   0.000   0.000   0.000 |  -11.160  -6.335   0.109
  48B   0.00000000 0.18  0.378  -183.180384   24.0   2.941   2.950 |    0.000   0.000   0.000   0.000 |  -11.160  -6.335   0.120
  ----------------------------------------------------------------------------------------------------------------------------------
  *   iteration converged   after  48 steps   si=     0.0000000009 ho=  0 tho=  0
  ----------------------------------------------------------------------------------------------------------------------------------
  Total CPU time=   0.563 minutes

  Writing to wel_file: s012_012.hel
 __________________________________  
  The tape s012_012.hel recorded:     
  nucname,npr,ngh,ngl,n00,nb,nt      
  b0,beta0,si,etot,rms,bet,xmix      
  pairing:     CpV0,CpV1,pwi         
  delta:       del,ept               
  lambda:      ala,ala2,alast,tz     
  asymptotic:  varmas,ass,skass      
  ntx,nb,nhhdim,id,N_rz,n_r,n_z      
  Omega2,Sigma2,Parity,Lambda        
  matrices(inbro):    hh,de          
  *all blocking candidates           
 __________________________________  


  NB! From expect (UNPROJECTED RESULTS)

  pairing: CpV0,CpV1,...           0.100000       0.100000       1.000000       1.000000
  forces:   UNE1                          


                             neutrons         protons         total
  Requested part.numbs.      12.000000      12.000000      24.000000
  UnPj(av) part.numbs .      12.000000      12.000000      24.000000
  b0, bz, bp ..........       1.559284       1.564210       1.556827

  lambda (ala) ........     -11.159843      -6.334824
  Lambda (alast) ......     -11.159843      -6.334824
  delta(n,p), pwi .....       0.000000       0.000000      60.000000
  pairing energy ......       0.000000       0.000000       0.000000

  rms-radius ..........       2.941059       2.950060       2.945563
  charge-radius, r0 ...                      3.056608       3.461399
  deformation beta2....       0.378467       0.377989       0.378227
  dipole moment[fm] ...       0.000000       0.000000       0.000000
  quadrupole moment[b]        0.495595       0.498003       0.993598
  octupole moment .....       0.000000       0.000000       0.000000
  hexadecapole moment .       0.002453       0.002402       0.004856
  q5 ..................       0.000000       0.000000       0.000000
  q6 ..................      -0.000071      -0.000073      -0.000143
  q7 ..................       0.000000       0.000000       0.000000
  q8 ..................      -0.000003      -0.000003      -0.000006

  <r^0> [fm^0] ........            1.000000            1.000000            1.000000
  <r^2> [fm^2] ........            8.649830            8.702854            8.676342
  <r^4> [fm^4] ........          105.810295          106.949559          106.379927
  <r^6> [fm^6] ........         1626.605982         1650.063334         1638.334658
  <r^8> [fm^8] ........        29747.885495        30264.740831        30006.313163

  kinetic energy ......     211.483807     210.355211     421.839018
  volume energy .......                                  -674.385801
        rho_tau .......                                   -12.320133
        rho_rho .......                                  -662.065668
  surface energy ......                                    58.610456
   rho_DELTA_rho ......                                    58.610456
   (NABLA_rho)^2 ......                                     0.000000
  spin-orbit energy ...                                   -18.491880
        rho_NABLA_J ...                                   -18.491880
        NABLA_rho_J ...                                     0.000000
  coulomb energy ......                                    29.247823
          direct ......                                    33.774017
          exchange ....                                    -4.526194
  tensor energy .......                                     0.000000
  direct Hartree E  ...                                     0.000000
  Extra E .............                                     0.000000
  External field E ....                                     0.000000
  Entropy .............       0.000000       0.000000       0.000000

  tEnergy: ehfb (qp)...                                  -183.180384

  Calculated but not added corrections 
====================================
  cmc-diagonal part ...       0.000000       0.000000       0.000000
  cmc-hfb .............       0.000000       0.000000       0.000000
  cranking rot corr ...       0.000000       0.000000       0.000000

  SQUJ ................       0.000000       0.000000       0.000000
  CRAN x 4 ............       0.000000       0.000000       0.000000
  Rigit Body ..........       0.000000       0.000000       0.000000


   Blocking candidates are:
   neutron eqpmin=   1.7174297215988901       pwiblo=   5.1031036307982882     
    num=   1 block=   3 state=   1    16 Eqp=   1.71742972  (1-2N)E=  -1.71742972  Ovlp=   0.93618307  3+[ 2, 1, 1]
    num=   2 block=   5 state=   1    26 Eqp=   1.93120832  (1-2N)E=   1.93120832  Ovlp=   0.97918857  5+[ 2, 0, 2]
    num=   3 block=   1 state=   1     1 Eqp=   2.90706154  (1-2N)E=   2.90706154  Ovlp=   0.68850854  1+[ 2, 1, 1]
    num=   4 block=   1 state=   2     2 Eqp=   4.18220961  (1-2N)E=  -4.18220961  Ovlp=   0.82096554  1+[ 2, 2, 0]
    num=   5 block=   1 state=   3     3 Eqp=   5.33716160  (1-2N)E=   5.33716160  Ovlp=   0.79841388  1+[ 2, 0, 0]
    num=   6 block=   2 state=   1    10 Eqp=   6.46174785  (1-2N)E=  -6.46174785  Ovlp=   0.94814315  1-[ 1, 0, 1]

   Blocking candidates are:
   proton  eqpmin=   1.7144350302987235       pwiblo=   5.1031036307982882     
    num=   1 block=   3 state=   1    16 Eqp=   1.71443503  (1-2N)E=  -1.71443503  Ovlp=   0.93425627  3+[ 2, 1, 1]
    num=   2 block=   5 state=   1    26 Eqp=   1.96537473  (1-2N)E=   1.96537473  Ovlp=   0.97703143  5+[ 2, 0, 2]
    num=   3 block=   1 state=   1     1 Eqp=   2.90287739  (1-2N)E=   2.90287739  Ovlp=   0.69388749  1+[ 2, 1, 1]
    num=   4 block=   1 state=   2     2 Eqp=   4.16439168  (1-2N)E=  -4.16439168  Ovlp=   0.81763824  1+[ 2, 2, 0]
    num=   5 block=   1 state=   3     3 Eqp=   5.30451127  (1-2N)E=   5.30451127  Ovlp=   0.80311038  1+[ 2, 0, 0]
    num=   6 block=   2 state=   1    10 Eqp=   6.40000149  (1-2N)E=  -6.40000149  Ovlp=   0.94754580  1-[ 1, 0, 1]



 HFBTHO_SOLVER ended without errors

