No Skyrme interaction defined in routine skforce()
Multi-threading framework with OpenMP: 1 threads/task

  =======================================
           FORTRAN 95 CODE (KIND= 8) 
               Version: 200d  
  =======================================
       AXIALLY DEFORMED CONFIGURATIONAL  
     HARTREE-FOCK-BOGOLIUBOV CALCULATIONS
                     WITH                
            UNEDF AND DELTA PAIRING      
                     USING               
             HARMONIC-OSCILLATOR         
                   AND/OR                
       TRANSFORMED HARMONIC-OSCILLATOR   
                    BASIS                
                     ---                 
               v1.66  (2005):,           
   Stoitsov,Dobaczewski,Nazarewicz,Ring, 
               v2.00d (2012):,           
         Stoitsov,Schunck,Kortelainen    
  =======================================
    Nucleus: MG (A=  24, N= 12, Z= 12)
       Reflection Symmetry Imposed       
            ( 7/14/2023, 22:13)                               
  =======================================


  ---------------------------------------
           UNEDF Module Version:17
         M.Kortelainen & M.Stoitsov 
  ---------------------------------------

  UNE1 functional
  ----------------------------------
  Crho(0)=   -767.881179001111491    ; Crho(1)=    188.617728636597093    
  CDrho(0)=   899.264850891121000    ; CDrho(1)=  -10.0269092092704089    
  Ctau(0)=   -6.50905078309829932    ; Ctau(1)=   -39.1849149213934780    
  CrDr(0)=   -42.9354164536769503    ; CrDr(1)=   -156.692772522223493    
  CrdJ(0)=   -67.1685924509737475    ; CrdJ(1)=   -34.8428961371625263    
  CJ(0)=      0.00000000000000000    ; CJ(1)=      0.00000000000000000    
  CpV0(0)=   0.100000000000000006    ; CpV0(1)=   0.100000000000000006    
  CpV1(0)=    1.00000000000000000    ; CpV1(1)=    1.00000000000000000    
  sigma=     0.280421470331063349    ; hbzero=     20.7355300000000007    
  e^2 chrg=   1.43997840859651305    ; CExPar=     1.00000000000000000    
  c.m. correction: F, chr. density in direct Coul: F
  use tensor terms: F
  use TMR pairing:  0

  Coupling constants in natural units
  -----------------------------------
  Crho_nu(0)=  -0.864726292962847420    ; Crho_nu(1)=   0.212406181752191142    
  CDrho_nu(0)=  0.947326891438452723    ; CDrho_nu(1)= -0.105628066331526164E-01
  Ctau_nu(0)=  -0.922665348821543607E-01; Ctau_nu(1)=  -0.555450624050600750    
  CrDr_nu(0)=  -0.608614409675467094    ; CrDr_nu(1)=   -2.22113786533118107    
  CrdJ_nu(0)=  -0.952122434573020593    ; CrdJ_nu(1)=  -0.493902014128169309    
  CJ_nu(0)=      0.00000000000000000    ; CJ_nu(1)=      0.00000000000000000    
  CpV0_nu(0)=   0.112611992142809880E-03; CpV0_nu(1)=   0.112611992142809880E-03
  CpV1_nu(0)=   0.887702254206059068E-03; CpV1_nu(1)=   0.887702254206059068E-03
  fpi_nu=        93.0000000000000000    ; Lambda_nu=     700.000000000000000    

  Nuclear matter properties
  ----------------------------------
      E_NM=     -15.8000000000000078      K_NM=     220.0000000000000000
      P_NM=       0.0000000000000036    RHO_NM=       0.1585431751467904
    ASS_NM=      29.5831997003784188   LASS_NM=      52.5850075763626634
  SMASS_NM=       0.9502320134405001  VMASS_NM=       1.2498385742322700

  Associated (t,x)-coupling constants
  -----------------------------------
  t0=      -2047.68314400296390    ; x0=      -0.131548993917343982    
  t1=       220.310153375479331    ; x1=       -5.83417244883911223    
  t2=       1729.84380205619459    ; x2=       -1.36056999362407738    
  t3=       14388.2376142579360    ; x3=      -0.483274822985684971    
  b4=       32.3256963138112212    ; b4p=       69.6857922743250526    
  te=      -514.843464643770290    ; to=       -212.936734907627141    
  sigma=   0.280421470331063349    ; hbzero=    20.7355300000000007    

  ---------------------------------------
        Characteristics of the run       
  ---------------------------------------
  Output file ................:     7
  Nucleus ....................:   MG  24
  Number of HO shells ........:     4
  HO length b0 (fm) ..........:     1.55928400372611
  Basis deformation ..........:  beta0=   0.010 q=   1.010
  HO: b0,1/b0,bp,bz,q ........:   0.15592840E+01  0.64131999E+00  0.15568270E+01  0.15642096E+01  0.10095067E+01
  h**2/(2m), cmc, e**2 .......:   0.20735530E+02  0.20735530E+02  0.14399784E+01
  hom=f*41.0_pr*A^{-1/3}, f...:   0.17056687E+02  0.12000000E+01
  THO basis is ...............:  OFF
  Maximal number of iterations:   400
  Initial mixing parameter ...:  0.300
  Initial w.f. ...............:  from   spherical scratch
  Skyrme functional ..........:    UNE1                          
    with direct and exchange Coulomb
  Lipkin-Nogami procedure is .:  OFF
  PAV procedure is ...........:  OFF
  Constraint calculation is ..:   ON
    Constraint 1 .............: lambda=2 Ql=  -0.099
  Temperature T ..............:   0.05 MeV
  Restart indicator ..........:   1
  Broyden mixing (#iterations):   7

  ---------------------------------------
        Harmonic Oscillator Basis        
  ---------------------------------------
  NUV, NQP:                         195      35
  Comparison with bookkeeping spherical basis:
  n00:                                4       4  Maximal number of shells
  nbx, 2*n00+1:                       9       9  Maximal number of K-blocks
  ntx, (n00+1)*(n00+2)*(n00+3)/6     35      35  Max.num. p/n levels
  nzx, n00:                           4       4  Maximal nz-quantum number
  nrx, n00/2  :                       2       2  Maximal nr-quantum number
  nlx, n00:                           4       4  Maximal ml-quantum number
  ndx, (n00+2)*(n00+2)/4:             9       9  Maximal dim. of one k-block

  Actual basis used
  Number of blocks: nb .......:    9
  Number of levels: nt .......:   35
  Maximal 2*omega : nom ......:    9
  Maximal nz:       nzm ......:    4
  Maximal nr:       nrm ......:    2
  Maximal ml:       nlm ......:    4
  Maximal N=nz+2*nr+nl .......:    4
  2 x biggest block dim. .....:   18
  Non-zero elements of h .....:      115
  Number of Broyden elements .:      460

  ---------------------------------------
            Integration Meshes           
  ---------------------------------------
  Number of Gauss-Hermite mesh points ngh ....:  40
  Number of Gauss-Laguerre mesh points ngl ...:  40
  Number of Gauss-Legendre mesh points nleg ..:  80
  Integration boundaries
    Hermite  - from xh(1)  =  0.12379686 to xh(ngh)   = 11.88786356
    Laguerre - From xl(1)  =  0.03570039 to xl(ngl)   =142.28004447
    Legendre - From xleg(1)=  0.00978669 to xleg(nleg)=  0.99988775
  Max.dev.in:     Orthogonality            Normalization
  Hermite     5.2235050987142219E-016   1.9984014443252818E-015
  Laguerre    1.9977540701027837E-015   4.5519144009631418E-015

  Scratch initialization for the nucleus: MG  12  12


  Initial potentials of Saxon-Woods shape 
  v0ws   =  -71.27999878
  kappa  =    0.46160001
  vs0    =   11.11750031   11.11750031
  r0     =    1.23339999    1.23339999
  a      =    0.61500001    0.61500001
  r0-so  =    1.14429998    1.14429998
  a-so   =    0.64760000    0.64760000
  beta00 =    0.01000000

  ### REGULAR STAGE (reflection symmetry imposed)
  |HFB+HO> iterations(b0=  1.559, Nsh=  4, inin=  1, N= 12, Z= 12)...
  ----------------------------------------------------------------------------------------------------------------------------------
  i          si     mix   beta      Etot       A       rn      rp         En      Dn      Ep      Dp        Ln      Lp     time
  ----------------------------------------------------------------------------------------------------------------------------------
   1L  52.26905082 0.30  0.010     0.000000    0.0   0.000   0.000 |   -2.000   1.000  -2.000   1.000 |   -7.000  -7.000   0.000
   2B  27.38665738 0.10  0.009   -62.745621   24.0   2.616   2.616 |    0.000  -0.000   0.000  -0.000 |  -16.532 -16.532  28.840
   3B  11.66000137 0.11 -0.066  -163.835693   24.0   3.043   3.077 |    0.000  -0.000   0.000  -0.000 |  -11.018  -7.571   0.098
   4B   8.68238181 0.13 -0.092  -176.071899   24.0   2.974   2.932 |    0.000  -0.000   0.000  -0.000 |  -11.788  -7.321   0.094
   5B  15.26781939 0.10 -0.119  -160.898450   24.0   2.868   2.958 |    0.000  -0.000   0.000  -0.000 |  -11.782  -7.794   0.102
   6B   8.14202932 0.11 -0.079  -168.919756   24.0   2.858   2.931 |    0.000  -0.000   0.000  -0.000 |  -12.041  -7.615   0.093
   7B   8.99643860 0.10 -0.057  -171.241406   24.0   2.875   2.888 |    0.000  -0.000   0.000  -0.000 |  -12.373  -7.451   0.097
   8B   9.17197198 0.10 -0.016  -171.940967   24.0   2.883   2.875 |    0.000  -0.000   0.000  -0.000 |  -12.350  -7.481   0.084
   9B   5.75168858 0.11 -0.002  -171.518858   24.0   2.877   2.879 |    0.000  -0.000   0.000  -0.000 |  -12.271  -7.471   0.096
  10B   2.39962637 0.13  0.025  -177.960185   24.0   2.876   2.885 |    0.000  -0.000   0.000  -0.000 |  -12.285  -7.490   0.090
  11B   3.72533363 0.10  0.056  -178.453255   24.0   2.880   2.891 |    0.000  -0.000   0.000  -0.000 |  -12.266  -7.458   0.097
  12L   5.32288656 0.10  0.079  -178.857589   24.0   2.880   2.889 |    0.000  -0.000   0.000  -0.000 |  -12.276  -7.471   0.095
  13L   7.08371110 0.10  0.108  -179.369072   24.0   2.879   2.890 |    0.000  -0.000   0.000  -0.000 |  -12.245  -7.436   0.093
  14B   7.57879254 0.10  0.099  -175.153127   24.0   2.880   2.887 |    0.000  -0.000   0.000  -0.000 |  -12.229  -7.410   0.097
  15B   2.84595726 0.11  0.037  -177.960409   24.0   2.869   2.892 |    0.000  -0.000   0.000  -0.000 |  -12.253  -7.463   0.092
  16B   4.81239093 0.10  0.077  -177.683347   24.0   2.884   2.878 |    0.000   0.000   0.000   0.000 |  -12.384  -7.412   0.094
  17B   5.60488092 0.10  0.084  -177.556203   24.0   2.885   2.877 |    0.000  -0.000   0.000  -0.000 |  -12.371  -7.421   0.109
  18B   3.83588033 0.11  0.060  -178.458517   24.0   2.870   2.889 |    0.000   0.000   0.000   0.000 |  -12.365  -7.484   0.120
  19B   4.76114005 0.10  0.018  -177.128771   24.0   2.876   2.879 |    0.000   0.000   0.000   0.000 |  -12.305  -7.464   0.116
  20B   4.52350965 0.11  0.010  -176.606339   24.0   2.870   2.884 |    0.000   0.000   0.000   0.000 |  -12.328  -7.446   0.112
  21B   0.77352364 0.13 -0.033  -178.512528   24.0   2.873   2.882 |    0.000   0.000   0.000   0.000 |  -12.354  -7.478   0.108
  22B   1.50979432 0.10 -0.050  -178.457151   24.0   2.875   2.882 |    0.000   0.000   0.000   0.000 |  -12.316  -7.444   0.120
  23B   2.14059237 0.10 -0.032  -177.897800   24.0   2.874   2.883 |    0.000   0.000   0.000   0.000 |  -12.277  -7.444   0.102
  24B   1.50769865 0.11 -0.057  -178.602294   24.0   2.872   2.885 |    0.000   0.000   0.000   0.000 |  -12.276  -7.464   0.125
  25B   1.91797003 0.10 -0.050  -178.337936   24.0   2.878   2.880 |    0.000   0.000   0.000   0.000 |  -12.319  -7.397   0.109
  26B   0.64730398 0.11 -0.051  -178.664668   24.0   2.876   2.882 |    0.000  -0.000   0.000  -0.000 |  -12.271  -7.404   0.129
  27B   0.99825553 0.10 -0.039  -178.488317   24.0   2.869   2.889 |    0.000   0.000   0.000   0.000 |  -12.288  -7.454   0.114
  28B   0.52833556 0.11 -0.041  -178.567735   24.0   2.875   2.883 |    0.000  -0.000   0.000  -0.000 |  -12.287  -7.441   0.121
  29B   1.00525172 0.10 -0.038  -178.521528   24.0   2.874   2.884 |    0.000  -0.000   0.000  -0.000 |  -12.299  -7.442   0.107
  30B   0.14827737 0.11 -0.039  -178.602348   24.0   2.874   2.884 |    0.000  -0.000   0.000  -0.000 |  -12.296  -7.444   0.108
  31B   0.06469870 0.13 -0.039  -178.607600   24.0   2.874   2.884 |    0.000  -0.000   0.000  -0.000 |  -12.307  -7.453   0.117
  32B   0.09745147 0.10 -0.039  -178.605740   24.0   2.874   2.884 |    0.000   0.000   0.000   0.000 |  -12.315  -7.461   0.117
  33B   0.09139937 0.11 -0.039  -178.609216   24.0   2.874   2.884 |    0.000  -0.000   0.000  -0.000 |  -12.311  -7.460   0.105
  34B   0.01851112 0.13 -0.039  -178.609988   24.0   2.874   2.884 |    0.000  -0.000   0.000  -0.000 |  -12.314  -7.459   0.119
  35B   0.05663454 0.10 -0.039  -178.608977   24.0   2.874   2.884 |    0.000  -0.000   0.000  -0.000 |  -12.314  -7.460   0.123
  36B   0.00797254 0.11 -0.040  -178.612898   24.0   2.874   2.884 |    0.000  -0.000   0.000  -0.000 |  -12.314  -7.460   0.108
  37B   0.00480289 0.13 -0.039  -178.612237   24.0   2.874   2.884 |    0.000  -0.000   0.000  -0.000 |  -12.314  -7.459   0.127
  38B   0.02631239 0.10 -0.040  -178.613619   24.0   2.874   2.884 |    0.000  -0.000   0.000  -0.000 |  -12.314  -7.459   0.111
  39B   0.01096365 0.11 -0.040  -178.615136   24.0   2.874   2.884 |    0.000  -0.000   0.000  -0.000 |  -12.314  -7.459   0.134
  40B   0.00980697 0.13 -0.040  -178.614899   24.0   2.874   2.884 |    0.000  -0.000   0.000  -0.000 |  -12.314  -7.459   0.109
  41B   0.00904267 0.14 -0.040  -178.614710   24.0   2.874   2.884 |    0.000  -0.000   0.000  -0.000 |  -12.313  -7.459   0.124
  42B   0.00709393 0.16 -0.040  -178.614326   24.0   2.874   2.884 |    0.000  -0.000   0.000  -0.000 |  -12.314  -7.459   0.131
  43B   0.00300519 0.18 -0.040  -178.613471   24.0   2.874   2.884 |    0.000  -0.000   0.000  -0.000 |  -12.314  -7.459   0.119
  44B   0.00820752 0.10 -0.040  -178.613082   24.0   2.874   2.884 |    0.000  -0.000   0.000  -0.000 |  -12.314  -7.459   0.117
  45B   0.00213953 0.11 -0.040  -178.613347   24.0   2.874   2.884 |    0.000  -0.000   0.000  -0.000 |  -12.314  -7.459   0.118
  46B   0.00102916 0.13 -0.040  -178.612718   24.0   2.874   2.884 |    0.000  -0.000   0.000  -0.000 |  -12.314  -7.459   0.108
  47B   0.00404927 0.10 -0.040  -178.612852   24.0   2.874   2.884 |    0.000  -0.000   0.000  -0.000 |  -12.314  -7.459   0.132
  48B   0.00277819 0.11 -0.040  -178.612944   24.0   2.874   2.884 |    0.000  -0.000   0.000  -0.000 |  -12.314  -7.459   0.114
  49B   0.00096053 0.13 -0.040  -178.612839   24.0   2.874   2.884 |    0.000  -0.000   0.000  -0.000 |  -12.314  -7.459   0.117
  50B   0.00125271 0.10 -0.040  -178.612717   24.0   2.874   2.884 |    0.000  -0.000   0.000  -0.000 |  -12.314  -7.459   0.122
  51B   0.00110890 0.11 -0.040  -178.612881   24.0   2.874   2.884 |    0.000  -0.000   0.000  -0.000 |  -12.314  -7.459   0.114
  52B   0.00055658 0.13 -0.040  -178.612949   24.0   2.874   2.884 |    0.000  -0.000   0.000  -0.000 |  -12.314  -7.459   0.122
  53B   0.00131861 0.10 -0.040  -178.612924   24.0   2.874   2.884 |    0.000  -0.000   0.000  -0.000 |  -12.314  -7.459   0.110
  54B   0.00059744 0.11 -0.040  -178.612975   24.0   2.874   2.884 |    0.000  -0.000   0.000  -0.000 |  -12.314  -7.459   0.121
  55B   0.00030464 0.13 -0.040  -178.612975   24.0   2.874   2.884 |    0.000   0.000   0.000   0.000 |  -12.314  -7.459   0.115
  56B   0.00095077 0.10 -0.040  -178.612960   24.0   2.874   2.884 |    0.000   0.000   0.000   0.000 |  -12.314  -7.459   0.121
  57B   0.00104785 0.10 -0.040  -178.612934   24.0   2.874   2.884 |    0.000   0.000   0.000   0.000 |  -12.314  -7.459   0.119
  58B   0.00027227 0.11 -0.040  -178.612949   24.0   2.874   2.884 |    0.000   0.000   0.000   0.000 |  -12.314  -7.459   0.126
  59B   0.00008863 0.13 -0.040  -178.612953   24.0   2.874   2.884 |    0.000   0.000   0.000   0.000 |  -12.314  -7.459   0.111
  60B   0.00008243 0.14 -0.040  -178.612953   24.0   2.874   2.884 |    0.000   0.000   0.000   0.000 |  -12.314  -7.459   0.111
  61B   0.00012533 0.10 -0.040  -178.612938   24.0   2.874   2.884 |    0.000   0.000   0.000   0.000 |  -12.314  -7.459   0.111
  62B   0.00003920 0.11 -0.040  -178.612944   24.0   2.874   2.884 |    0.000   0.000   0.000   0.000 |  -12.314  -7.459   0.128
  63B   0.00003296 0.13 -0.040  -178.612944   24.0   2.874   2.884 |    0.000   0.000   0.000   0.000 |  -12.314  -7.459   0.122
  64B   0.00002566 0.14 -0.040  -178.612940   24.0   2.874   2.884 |    0.000  -0.000   0.000  -0.000 |  -12.314  -7.459   0.114
  65B   0.00001829 0.16 -0.040  -178.612941   24.0   2.874   2.884 |    0.000  -0.000   0.000  -0.000 |  -12.314  -7.459   0.101
  66B   0.00001724 0.18 -0.040  -178.612940   24.0   2.874   2.884 |    0.000  -0.000   0.000  -0.000 |  -12.314  -7.459   0.090
  67B   0.00001299 0.21 -0.040  -178.612940   24.0   2.874   2.884 |    0.000  -0.000   0.000  -0.000 |  -12.314  -7.459   0.112
  68B   0.00000788 0.24 -0.040  -178.612939   24.0   2.874   2.884 |    0.000  -0.000   0.000  -0.000 |  -12.314  -7.459   0.105
  69B   0.00000595 0.27 -0.040  -178.612938   24.0   2.874   2.884 |    0.000  -0.000   0.000  -0.000 |  -12.314  -7.459   0.095
  70B   0.00000210 0.30 -0.040  -178.612937   24.0   2.874   2.884 |    0.000  -0.000   0.000  -0.000 |  -12.314  -7.459   0.082
  71B   0.00000604 0.10 -0.040  -178.612937   24.0   2.874   2.884 |    0.000  -0.000   0.000  -0.000 |  -12.314  -7.459   0.070
  72B   0.00000353 0.11 -0.040  -178.612937   24.0   2.874   2.884 |    0.000  -0.000   0.000  -0.000 |  -12.314  -7.459   0.089
  73B   0.00000273 0.13 -0.040  -178.612937   24.0   2.874   2.884 |    0.000  -0.000   0.000  -0.000 |  -12.314  -7.459   0.105
  74B   0.00000255 0.14 -0.040  -178.612937   24.0   2.874   2.884 |    0.000  -0.000   0.000  -0.000 |  -12.314  -7.459   0.074
  75B   0.00000135 0.16 -0.040  -178.612937   24.0   2.874   2.884 |    0.000  -0.000   0.000  -0.000 |  -12.314  -7.459   0.082
  76B   0.00000268 0.10 -0.040  -178.612937   24.0   2.874   2.884 |    0.000  -0.000   0.000  -0.000 |  -12.314  -7.459   0.086
  77B   0.00000070 0.11 -0.040  -178.612937   24.0   2.874   2.884 |    0.000  -0.000   0.000  -0.000 |  -12.314  -7.459   0.105
  78B   0.00000096 0.10 -0.040  -178.612937   24.0   2.874   2.884 |    0.000   0.000   0.000   0.000 |  -12.314  -7.459   0.100
  79B   0.00000037 0.11 -0.040  -178.612937   24.0   2.874   2.884 |    0.000  -0.000   0.000  -0.000 |  -12.314  -7.459   0.103
  80B   0.00000038 0.10 -0.040  -178.612937   24.0   2.874   2.884 |    0.000   0.000   0.000   0.000 |  -12.314  -7.459   0.096
  81B   0.00000057 0.10 -0.040  -178.612937   24.0   2.874   2.884 |    0.000   0.000   0.000   0.000 |  -12.314  -7.459   0.099
  82B   0.00000008 0.11 -0.040  -178.612937   24.0   2.874   2.884 |    0.000   0.000   0.000   0.000 |  -12.314  -7.459   0.097
  83B   0.00000008 0.10 -0.040  -178.612937   24.0   2.874   2.884 |    0.000   0.000   0.000   0.000 |  -12.314  -7.459   0.098
  84B   0.00000004 0.11 -0.040  -178.612937   24.0   2.874   2.884 |    0.000   0.000   0.000   0.000 |  -12.314  -7.459   0.101
  85B   0.00000003 0.13 -0.040  -178.612937   24.0   2.874   2.884 |    0.000   0.000   0.000   0.000 |  -12.314  -7.459   0.105
  86B   0.00000006 0.10 -0.040  -178.612937   24.0   2.874   2.884 |    0.000   0.000   0.000   0.000 |  -12.314  -7.459   0.107
  87B   0.00000005 0.11 -0.040  -178.612937   24.0   2.874   2.884 |    0.000   0.000   0.000   0.000 |  -12.314  -7.459   0.101
  88B   0.00000004 0.13 -0.040  -178.612937   24.0   2.874   2.884 |    0.000  -0.000   0.000  -0.000 |  -12.314  -7.459   0.101
  89B   0.00000005 0.10 -0.040  -178.612937   24.0   2.874   2.884 |    0.000  -0.000   0.000  -0.000 |  -12.314  -7.459   0.099
  90B   0.00000005 0.10 -0.040  -178.612937   24.0   2.874   2.884 |    0.000  -0.000   0.000  -0.000 |  -12.314  -7.459   0.099
  91B   0.00000005 0.11 -0.040  -178.612937   24.0   2.874   2.884 |    0.000  -0.000   0.000  -0.000 |  -12.314  -7.459   0.103
  92B   0.00000004 0.13 -0.040  -178.612937   24.0   2.874   2.884 |    0.000   0.000   0.000   0.000 |  -12.314  -7.459   0.098
  93B   0.00000004 0.14 -0.040  -178.612937   24.0   2.874   2.884 |    0.000   0.000   0.000   0.000 |  -12.314  -7.459   0.099
  94B   0.00000004 0.10 -0.040  -178.612937   24.0   2.874   2.884 |    0.000   0.000   0.000   0.000 |  -12.314  -7.459   0.097
  95B   0.00000004 0.10 -0.040  -178.612937   24.0   2.874   2.884 |    0.000   0.000   0.000   0.000 |  -12.314  -7.459   0.098
  96B   0.00000001 0.11 -0.040  -178.612937   24.0   2.874   2.884 |    0.000   0.000   0.000   0.000 |  -12.314  -7.459   0.101
  97B   0.00000002 0.10 -0.040  -178.612937   24.0   2.874   2.884 |    0.000   0.000   0.000   0.000 |  -12.314  -7.459   0.099
  98B   0.00000001 0.11 -0.040  -178.612937   24.0   2.874   2.884 |    0.000   0.000   0.000   0.000 |  -12.314  -7.459   0.098
  99B   0.00000001 0.13 -0.040  -178.612937   24.0   2.874   2.884 |    0.000   0.000   0.000   0.000 |  -12.314  -7.459   0.097
 100B   0.00000001 0.10 -0.040  -178.612937   24.0   2.874   2.884 |    0.000   0.000   0.000   0.000 |  -12.314  -7.459   0.095
 101B   0.00000001 0.10 -0.040  -178.612937   24.0   2.874   2.884 |    0.000   0.000   0.000   0.000 |  -12.314  -7.459   0.070
 102B   0.00000002 0.10 -0.040  -178.612937   24.0   2.874   2.884 |    0.000   0.000   0.000   0.000 |  -12.314  -7.459   0.061
 103B   0.00000001 0.11 -0.040  -178.612937   24.0   2.874   2.884 |    0.000   0.000   0.000   0.000 |  -12.314  -7.459   0.043
 104B   0.00000001 0.10 -0.040  -178.612937   24.0   2.874   2.884 |    0.000   0.000   0.000   0.000 |  -12.314  -7.459   0.042
 105B   0.00000002 0.10 -0.040  -178.612937   24.0   2.874   2.884 |    0.000   0.000   0.000   0.000 |  -12.314  -7.459   0.042
 106B   0.00000002 0.11 -0.040  -178.612937   24.0   2.874   2.884 |    0.000   0.000   0.000   0.000 |  -12.314  -7.459   0.042
 107B   0.00000002 0.10 -0.040  -178.612937   24.0   2.874   2.884 |    0.000   0.000   0.000   0.000 |  -12.314  -7.459   0.043
 108B   0.00000002 0.10 -0.040  -178.612937   24.0   2.874   2.884 |    0.000   0.000   0.000   0.000 |  -12.314  -7.459   0.044
 109B   0.00000002 0.10 -0.040  -178.612937   24.0   2.874   2.884 |    0.000   0.000   0.000   0.000 |  -12.314  -7.459   0.043
 110B   0.00000005 0.10 -0.040  -178.612937   24.0   2.874   2.884 |    0.000   0.000   0.000   0.000 |  -12.314  -7.459   0.043
 111B   0.00000005 0.11 -0.040  -178.612937   24.0   2.874   2.884 |    0.000   0.000   0.000   0.000 |  -12.314  -7.459   0.044
 112B   0.00000004 0.13 -0.040  -178.612937   24.0   2.874   2.884 |    0.000   0.000   0.000   0.000 |  -12.314  -7.459   0.048
 113B   0.00000004 0.14 -0.040  -178.612937   24.0   2.874   2.884 |    0.000   0.000   0.000   0.000 |  -12.314  -7.459   0.048
 114B   0.00000003 0.16 -0.040  -178.612937   24.0   2.874   2.884 |    0.000   0.000   0.000   0.000 |  -12.314  -7.459   0.048
 115B   0.00000003 0.18 -0.040  -178.612937   24.0   2.874   2.884 |    0.000   0.000   0.000   0.000 |  -12.314  -7.459   0.049
 116B   0.00000003 0.21 -0.040  -178.612937   24.0   2.874   2.884 |    0.000   0.000   0.000   0.000 |  -12.314  -7.459   0.049
 117B   0.00000002 0.24 -0.040  -178.612937   24.0   2.874   2.884 |    0.000   0.000   0.000   0.000 |  -12.314  -7.459   0.057
 118B   0.00000001 0.27 -0.040  -178.612937   24.0   2.874   2.884 |    0.000   0.000   0.000   0.000 |  -12.314  -7.459   0.047
 119B   0.00000003 0.10 -0.040  -178.612937   24.0   2.874   2.884 |    0.000   0.000   0.000   0.000 |  -12.314  -7.459   0.043
 120B   0.00000003 0.11 -0.040  -178.612937   24.0   2.874   2.884 |    0.000   0.000   0.000   0.000 |  -12.314  -7.459   0.041
 121B   0.00000000 0.13 -0.040  -178.612937   24.0   2.874   2.884 |    0.000   0.000   0.000   0.000 |  -12.314  -7.459   0.043
 122B   0.00000001 0.10 -0.040  -178.612937   24.0   2.874   2.884 |    0.000   0.000   0.000   0.000 |  -12.314  -7.459   0.041
 123B   0.00000000 0.11 -0.040  -178.612937   24.0   2.874   2.884 |    0.000   0.000   0.000   0.000 |  -12.314  -7.459   0.042
 124B   0.00000000 0.13 -0.040  -178.612937   24.0   2.874   2.884 |    0.000   0.000   0.000   0.000 |  -12.314  -7.459   0.042
  ----------------------------------------------------------------------------------------------------------------------------------
  *   iteration converged   after 124 steps   si=     0.0000000008 ho=  0 tho=  0
  ----------------------------------------------------------------------------------------------------------------------------------
  Total CPU time=   0.674 minutes

  Writing to wel_file: s012_012.hel
 __________________________________  
  The tape s012_012.hel recorded:     
  nucname,npr,ngh,ngl,n00,nb,nt      
  b0,beta0,si,etot,rms,bet,xmix      
  pairing:     CpV0,CpV1,pwi         
  delta:       del,ept               
  lambda:      ala,ala2,alast,tz     
  asymptotic:  varmas,ass,skass      
  ntx,nb,nhhdim,id,N_rz,n_r,n_z      
  Omega2,Sigma2,Parity,Lambda        
  matrices(inbro):    hh,de          
  *all blocking candidates           
 __________________________________  


  NB! From expect (UNPROJECTED RESULTS)

  pairing: CpV0,CpV1,...           0.100000       0.100000       1.000000       1.000000
  forces:   UNE1                          


                             neutrons         protons         total
  Requested part.numbs.      12.000000      12.000000      24.000000
  UnPj(av) part.numbs .      12.000000      12.000000      24.000000
  b0, bz, bp ..........       1.559284       1.564210       1.556827

  lambda (ala) ........     -12.313619      -7.459432
  Lambda (alast) ......     -12.313619      -7.459432
  delta(n,p), pwi .....      -0.000000      -0.000000      60.000000
  pairing energy ......       0.000000       0.000000       0.000000

  rms-radius ..........       2.873864       2.884137       2.879006
  charge-radius, r0 ...                      2.993033       3.461399
  deformation beta2....      -0.039605      -0.039579      -0.039592
  dipole moment[fm] ...       0.000000       0.000000       0.000000
  quadrupole moment[b]       -0.049519      -0.049841      -0.099360
  octupole moment .....       0.000000       0.000000       0.000000
  hexadecapole moment .      -0.000011      -0.000014      -0.000025
  q5 ..................       0.000000       0.000000       0.000000
  q6 ..................       0.000000       0.000000       0.000000
  q7 ..................       0.000000       0.000000       0.000000
  q8 ..................       0.000000       0.000000       0.000000

  <r^0> [fm^0] ........            1.000000            1.000000            1.000000
  <r^2> [fm^2] ........            8.259097            8.318249            8.288673
  <r^4> [fm^4] ........           95.580029           96.839086           96.209557
  <r^6> [fm^6] ........         1391.233857         1416.810898         1404.022377
  <r^8> [fm^8] ........        24182.103605        24737.402368        24459.752986

  kinetic energy ......     215.184210     213.713740     428.897950
  volume energy .......                                  -668.023386
        rho_tau .......                                   -12.275678
        rho_rho .......                                  -655.747708
  surface energy ......                                    52.290937
   rho_DELTA_rho ......                                    52.290937
   (NABLA_rho)^2 ......                                     0.000000
  spin-orbit energy ...                                   -21.270163
        rho_NABLA_J ...                                   -21.270163
        NABLA_rho_J ...                                     0.000000
  coulomb energy ......                                    29.491725
          direct ......                                    33.983145
          exchange ....                                    -4.491421
  tensor energy .......                                     0.000000
  direct Hartree E  ...                                     0.000000
  Extra E .............                                     0.000000
  External field E ....                                     0.000000
  Entropy .............       3.653894       3.649255       7.303149

  tEnergy: ehfb (qp)...                                  -178.612937

  Calculated but not added corrections 
====================================
  cmc-diagonal part ...       0.000000       0.000000       0.000000
  cmc-hfb .............       0.000000       0.000000       0.000000
  cranking rot corr ...       0.000000       0.000000       0.000000

  SQUJ ................       0.000000       0.000000       0.000000
  CRAN x 4 ............       0.000000       0.000000       0.000000
  Rigit Body ..........       0.000000       0.000000       0.000000


   Blocking candidates are:
   neutron eqpmin=   9.7260429878488069E-003  pwiblo=   5.1031036307982882     
    num=   1 block=   1 state=   1     1 Eqp=   0.00972604  (1-2N)E=  -0.00972604  Ovlp=   0.62497358  1+[ 2, 1, 1]
    num=   2 block=   3 state=   1    16 Eqp=   0.02903570  (1-2N)E=  -0.02903570  Ovlp=   0.86502172  3+[ 2, 1, 1]
    num=   3 block=   5 state=   1    26 Eqp=   0.07259506  (1-2N)E=  -0.07259506  Ovlp=   0.97609176  5+[ 2, 0, 2]
    num=   4 block=   1 state=   2     2 Eqp=   1.78715147  (1-2N)E=   1.78715147  Ovlp=   0.75186255  1+[ 2, 0, 0]

   Blocking candidates are:
   proton  eqpmin=   9.3625771919339379E-003  pwiblo=   5.1031036307982882     
    num=   1 block=   1 state=   1     1 Eqp=   0.00936258  (1-2N)E=  -0.00936258  Ovlp=   0.62358211  1+[ 2, 1, 1]
    num=   2 block=   3 state=   1    16 Eqp=   0.02902645  (1-2N)E=  -0.02902645  Ovlp=   0.86311360  3+[ 2, 1, 1]
    num=   3 block=   5 state=   1    26 Eqp=   0.07319693  (1-2N)E=  -0.07319693  Ovlp=   0.97390589  5+[ 2, 0, 2]
    num=   4 block=   1 state=   2     2 Eqp=   1.83657450  (1-2N)E=   1.83657450  Ovlp=   0.74826512  1+[ 2, 0, 0]



 HFBTHO_SOLVER ended without errors

