
  =======================================
           FORTRAN 95 CODE (KIND= 8) 
               Version: 200d  
  =======================================
       AXIALLY DEFORMED CONFIGURATIONAL  
     HARTREE-FOCK-BOGOLIUBOV CALCULATIONS
                     WITH                
            UNEDF AND DELTA PAIRING      
                     USING               
             HARMONIC-OSCILLATOR         
                   AND/OR                
       TRANSFORMED HARMONIC-OSCILLATOR   
                    BASIS                
                     ---                 
               v1.66  (2005):,           
   Stoitsov,Dobaczewski,Nazarewicz,Ring, 
               v2.00d (2012):,           
         Stoitsov,Schunck,Kortelainen    
  =======================================
    Nucleus: MG (A=  24, N= 12, Z= 12)
       Reflection Symmetry Imposed       
            ( 7/14/2023, 22:22)                               
  =======================================


  ---------------------------------------
           UNEDF Module Version:17
         M.Kortelainen & M.Stoitsov 
  ---------------------------------------

  UNE1 functional
  ----------------------------------
  Crho(0)=   -756.967887435860121    ; Crho(1)=    261.524940441630122    
  CDrho(0)=   906.532448087713419    ; CDrho(1)=  -119.009372661876569    
  Ctau(0)=   -11.9902188173853599    ; Ctau(1)=   -44.6188908917479807    
  CrDr(0)=   -41.5324622872299969    ; CrDr(1)=   -120.831183214531251    
  CrdJ(0)=   -62.3670123460108812    ; CrdJ(1)=   -24.4310555543998831    
  CJ(0)=      0.00000000000000000    ; CJ(1)=      0.00000000000000000    
  CpV0(0)=   0.100000000000000006    ; CpV0(1)=   0.100000000000000006    
  CpV1(0)=    1.00000000000000000    ; CpV1(1)=    1.00000000000000000    
  sigma=     0.289982778454504153    ; hbzero=     20.7355300000000007    
  e^2 chrg=   1.43997840859651305    ; CExPar=     1.00000000000000000    
  c.m. correction: F, chr. density in direct Coul: F
  use tensor terms: F
  use TMR pairing:  0

  Coupling constants in natural units
  -----------------------------------
  Crho_nu(0)=  -0.852436617922864626    ; Crho_nu(1)=   0.294508445381616690    
  CDrho_nu(0)=  0.952813171062121267    ; CDrho_nu(1)= -0.125085095399811552    
  Ctau_nu(0)=  -0.169962714937116288    ; Ctau_nu(1)=  -0.632477851233924304    
  CrDr_nu(0)=  -0.588727374860396058    ; CrDr_nu(1)=   -1.71279575969274855    
  CrdJ_nu(0)=  -0.884059490680434323    ; CrdJ_nu(1)=  -0.346312990116956265    
  CJ_nu(0)=      0.00000000000000000    ; CJ_nu(1)=      0.00000000000000000    
  CpV0_nu(0)=   0.112611992142809880E-03; CpV0_nu(1)=   0.112611992142809880E-03
  CpV1_nu(0)=   0.887702254206059068E-03; CpV1_nu(1)=   0.887702254206059068E-03
  fpi_nu=        93.0000000000000000    ; Lambda_nu=     700.000000000000000    

  Nuclear matter properties
  ----------------------------------
      E_NM=     -15.8000000000000007      K_NM=     220.0000000000000853
      P_NM=      -0.0000000000000005    RHO_NM=       0.1587724820471922
    ASS_NM=      29.0149377612095876   LASS_NM=      37.8941247168030912
  SMASS_NM=       0.9081905887177601  VMASS_NM=       1.2498385742322700

  Associated (t,x)-coupling constants
  -----------------------------------
  t0=      -2018.58103316229358    ; x0=       0.182352080895700208E-01
  t1=       205.519507108712816    ; x1=       -4.76923797296104368    
  t2=       1376.34974062088259    ; x2=       -1.39683804532844036    
  t3=       14504.5191694034147    ; x3=      -0.303080342717591988    
  b4=       37.9359567916109981    ; b4p=       48.8621111087997662    
  te=      -407.353935237645885    ; to=       -173.187888535212011    
  sigma=   0.289982778454504153    ; hbzero=    20.7355300000000007    

  ---------------------------------------
        Characteristics of the run       
  ---------------------------------------
  Output file ................:     7
  Nucleus ....................:   MG  24
  Number of HO shells ........:     4
  HO length b0 (fm) ..........:     1.55928400372611
  Basis deformation ..........:  beta0=   0.010 q=   1.010
  HO: b0,1/b0,bp,bz,q ........:   0.15592840E+01  0.64131999E+00  0.15568270E+01  0.15642096E+01  0.10095067E+01
  h**2/(2m), cmc, e**2 .......:   0.20735530E+02  0.20735530E+02  0.14399784E+01
  hom=f*41.0_pr*A^{-1/3}, f...:   0.17056687E+02  0.12000000E+01
  THO basis is ...............:  OFF
  Maximal number of iterations:   400
  Initial mixing parameter ...:  0.300
  Initial w.f. ...............:  from   spherical scratch
  Skyrme functional ..........:    UNE1                          
    with direct and exchange Coulomb
  Lipkin-Nogami procedure is .:  OFF
  PAV procedure is ...........:  OFF
  Constraint calculation is ..:   ON
    Constraint 1 .............: lambda=2 Ql=   0.397
  Temperature T ..............:   0.05 MeV
  Restart indicator ..........:   1
  Broyden mixing (#iterations):   7

  ---------------------------------------
        Harmonic Oscillator Basis        
  ---------------------------------------
  NUV, NQP:                         195      35
  Comparison with bookkeeping spherical basis:
  n00:                                4       4  Maximal number of shells
  nbx, 2*n00+1:                       9       9  Maximal number of K-blocks
  ntx, (n00+1)*(n00+2)*(n00+3)/6     35      35  Max.num. p/n levels
  nzx, n00:                           4       4  Maximal nz-quantum number
  nrx, n00/2  :                       2       2  Maximal nr-quantum number
  nlx, n00:                           4       4  Maximal ml-quantum number
  ndx, (n00+2)*(n00+2)/4:             9       9  Maximal dim. of one k-block

  Actual basis used
  Number of blocks: nb .......:    9
  Number of levels: nt .......:   35
  Maximal 2*omega : nom ......:    9
  Maximal nz:       nzm ......:    4
  Maximal nr:       nrm ......:    2
  Maximal ml:       nlm ......:    4
  Maximal N=nz+2*nr+nl .......:    4
  2 x biggest block dim. .....:   18
  Non-zero elements of h .....:      115
  Number of Broyden elements .:      460

  ---------------------------------------
            Integration Meshes           
  ---------------------------------------
  Number of Gauss-Hermite mesh points ngh ....:  40
  Number of Gauss-Laguerre mesh points ngl ...:  40
  Number of Gauss-Legendre mesh points nleg ..:  80
  Integration boundaries
    Hermite  - from xh(1)  =  0.12379686 to xh(ngh)   = 11.88786356
    Laguerre - From xl(1)  =  0.03570039 to xl(ngl)   =142.28004447
    Legendre - From xleg(1)=  0.00978669 to xleg(nleg)=  0.99988775
  Max.dev.in:     Orthogonality            Normalization
  Hermite     5.2235050987142219E-016   1.9984014443252818E-015
  Laguerre    1.9977540701027837E-015   4.5519144009631418E-015

  Scratch initialization for the nucleus: MG  12  12


  Initial potentials of Saxon-Woods shape 
  v0ws   =  -71.27999878
  kappa  =    0.46160001
  vs0    =   11.11750031   11.11750031
  r0     =    1.23339999    1.23339999
  a      =    0.61500001    0.61500001
  r0-so  =    1.14429998    1.14429998
  a-so   =    0.64760000    0.64760000
  beta00 =    0.01000000

  ### REGULAR STAGE (reflection symmetry imposed)
  |HFB+HO> iterations(b0=  1.559, Nsh=  4, inin=  1, N= 12, Z= 12)...
  ----------------------------------------------------------------------------------------------------------------------------------
  i          si     mix   beta      Etot       A       rn      rp         En      Dn      Ep      Dp        Ln      Lp     time
  ----------------------------------------------------------------------------------------------------------------------------------
   1L  52.26905082 0.30  0.010     0.000000    0.0   0.000   0.000 |   -2.000   1.000  -2.000   1.000 |   -7.000  -7.000   0.000
   2B  28.65200873 0.10  0.009   -66.624250   24.0   2.616   2.616 |    0.000  -0.000   0.000  -0.000 |  -16.532 -16.532  29.728
   3B  11.97405764 0.11  0.193  -164.230156   24.0   3.045   3.083 |    0.000  -0.000   0.000  -0.000 |  -10.651  -7.194   0.079
   4B  10.98048896 0.13  0.264  -175.331386   24.0   2.984   2.939 |    0.000  -0.000   0.000  -0.000 |  -11.262  -6.816   0.075
   5B  12.25047538 0.10  0.268  -170.710302   24.0   2.920   2.963 |    0.000  -0.000   0.000  -0.000 |  -11.107  -7.074   0.071
   6B  12.56647749 0.10  0.272  -180.800298   24.0   2.893   2.945 |    0.000  -0.000   0.000  -0.000 |  -11.332  -6.753   0.077
   7B  11.43530721 0.11  0.261  -181.300478   24.0   2.920   2.911 |    0.000  -0.000   0.000  -0.000 |  -11.421  -6.604   0.078
   8B   7.94526398 0.13  0.230  -180.703404   24.0   2.908   2.923 |    0.000  -0.000   0.000  -0.000 |  -11.319  -6.727   0.077
   9B   4.20117337 0.14  0.122  -175.416982   24.0   2.897   2.910 |    0.000  -0.000   0.000  -0.000 |  -11.583  -6.796   0.079
  10B   7.39006251 0.10  0.094  -166.238943   24.0   2.882   2.903 |    0.000  -0.000   0.000  -0.000 |  -11.685  -6.919   0.085
  11B   2.09839671 0.11  0.153  -178.538287   24.0   2.889   2.896 |    0.000  -0.000   0.000  -0.000 |  -11.816  -7.039   0.081
  12B   5.16163301 0.10  0.127  -176.172092   24.0   2.881   2.902 |    0.000  -0.000   0.000  -0.000 |  -11.851  -6.992   0.083
  13B   2.70388630 0.11  0.089  -176.937768   24.0   2.881   2.892 |    0.000  -0.000   0.000  -0.000 |  -11.884  -7.058   0.087
  14B   1.82754710 0.13  0.113  -177.841136   24.0   2.881   2.894 |    0.000  -0.000   0.000  -0.000 |  -11.938  -7.127   0.096
  15B   1.35615531 0.14  0.127  -178.256230   24.0   2.884   2.891 |    0.000  -0.000   0.000  -0.000 |  -11.998  -7.105   0.094
  16B   0.85496304 0.16  0.140  -178.586990   24.0   2.884   2.893 |    0.000  -0.000   0.000  -0.000 |  -11.971  -7.112   0.095
  17B   0.90488969 0.10  0.139  -178.557355   24.0   2.881   2.896 |    0.000  -0.000   0.000  -0.000 |  -11.963  -7.122   0.095
  18B   0.56381800 0.11  0.146  -178.763227   24.0   2.884   2.894 |    0.000  -0.000   0.000  -0.000 |  -11.955  -7.094   0.098
  19B   0.92393072 0.10  0.151  -178.696613   24.0   2.884   2.896 |    0.000  -0.000   0.000  -0.000 |  -11.908  -7.073   0.100
  20B   0.40566019 0.11  0.159  -179.074037   24.0   2.885   2.896 |    0.000  -0.000   0.000  -0.000 |  -11.914  -7.073   0.091
  21B   0.73931274 0.10  0.160  -179.066082   24.0   2.884   2.897 |    0.000  -0.000   0.000  -0.000 |  -11.925  -7.037   0.109
  22B   0.30391835 0.11  0.155  -178.945489   24.0   2.885   2.896 |    0.000  -0.000   0.000  -0.000 |  -11.908  -7.051   0.105
  23B   0.31516114 0.10  0.162  -179.165327   24.0   2.885   2.897 |    0.000  -0.000   0.000  -0.000 |  -11.894  -7.043   0.108
  24B   0.28868860 0.11  0.162  -179.155682   24.0   2.886   2.896 |    0.000  -0.000   0.000  -0.000 |  -11.895  -7.032   0.108
  25B   0.17642045 0.13  0.160  -179.108697   24.0   2.886   2.896 |    0.000  -0.000   0.000  -0.000 |  -11.896  -7.037   0.106
  26B   0.11627194 0.14  0.159  -179.081229   24.0   2.885   2.897 |    0.000  -0.000   0.000  -0.000 |  -11.894  -7.039   0.115
  27B   0.08469666 0.16  0.159  -179.067830   24.0   2.886   2.896 |    0.000   0.000   0.000   0.000 |  -11.897  -7.036   0.110
  28B   0.02138217 0.18  0.157  -179.019818   24.0   2.885   2.896 |    0.000   0.000   0.000   0.000 |  -11.901  -7.042   0.106
  29B   0.01845618 0.21  0.157  -179.038038   24.0   2.885   2.896 |    0.000  -0.000   0.000  -0.000 |  -11.901  -7.043   0.104
  30B   0.00666901 0.24  0.157  -179.029903   24.0   2.885   2.896 |    0.000  -0.000   0.000  -0.000 |  -11.902  -7.043   0.105
  31B   0.00468948 0.27  0.157  -179.026980   24.0   2.885   2.896 |    0.000  -0.000   0.000  -0.000 |  -11.902  -7.043   0.120
  32B   0.00101306 0.30  0.157  -179.028755   24.0   2.885   2.896 |    0.000  -0.000   0.000  -0.000 |  -11.901  -7.043   0.111
  33B   0.00095893 0.34  0.157  -179.028887   24.0   2.885   2.896 |    0.000  -0.000   0.000  -0.000 |  -11.901  -7.043   0.106
  34B   0.00098892 0.10  0.157  -179.029203   24.0   2.885   2.896 |    0.000  -0.000   0.000  -0.000 |  -11.901  -7.043   0.123
  35B   0.00046595 0.11  0.157  -179.028997   24.0   2.885   2.896 |    0.000  -0.000   0.000  -0.000 |  -11.901  -7.043   0.117
  36B   0.00025808 0.13  0.157  -179.029098   24.0   2.885   2.896 |    0.000  -0.000   0.000  -0.000 |  -11.901  -7.043   0.118
  37B   0.00009844 0.14  0.157  -179.029173   24.0   2.885   2.896 |    0.000  -0.000   0.000  -0.000 |  -11.901  -7.043   0.116
  38B   0.00004811 0.16  0.157  -179.029241   24.0   2.885   2.896 |    0.000   0.000   0.000   0.000 |  -11.901  -7.043   0.123
  39B   0.00001491 0.18  0.157  -179.029225   24.0   2.885   2.896 |    0.000  -0.000   0.000  -0.000 |  -11.901  -7.043   0.120
  40B   0.00001571 0.10  0.157  -179.029224   24.0   2.885   2.896 |    0.000  -0.000   0.000  -0.000 |  -11.901  -7.043   0.115
  41B   0.00000401 0.11  0.157  -179.029217   24.0   2.885   2.896 |    0.000  -0.000   0.000  -0.000 |  -11.901  -7.043   0.112
  42B   0.00000126 0.13  0.157  -179.029218   24.0   2.885   2.896 |    0.000  -0.000   0.000  -0.000 |  -11.901  -7.043   0.111
  43B   0.00000238 0.10  0.157  -179.029218   24.0   2.885   2.896 |    0.000   0.000   0.000   0.000 |  -11.901  -7.043   0.111
  44B   0.00000178 0.11  0.157  -179.029218   24.0   2.885   2.896 |    0.000   0.000   0.000   0.000 |  -11.901  -7.043   0.124
  45B   0.00000132 0.13  0.157  -179.029218   24.0   2.885   2.896 |    0.000  -0.000   0.000  -0.000 |  -11.901  -7.043   0.120
  46B   0.00000036 0.14  0.157  -179.029218   24.0   2.885   2.896 |    0.000   0.000   0.000   0.000 |  -11.901  -7.043   0.114
  47B   0.00000016 0.16  0.157  -179.029218   24.0   2.885   2.896 |    0.000   0.000   0.000   0.000 |  -11.901  -7.043   0.116
  48B   0.00000014 0.18  0.157  -179.029218   24.0   2.885   2.896 |    0.000  -0.000   0.000  -0.000 |  -11.901  -7.043   0.114
  49B   0.00000009 0.21  0.157  -179.029218   24.0   2.885   2.896 |    0.000  -0.000   0.000  -0.000 |  -11.901  -7.043   0.115
  50B   0.00000012 0.10  0.157  -179.029218   24.0   2.885   2.896 |    0.000   0.000   0.000   0.000 |  -11.901  -7.043   0.122
  51B   0.00000003 0.11  0.157  -179.029218   24.0   2.885   2.896 |    0.000  -0.000   0.000  -0.000 |  -11.901  -7.043   0.125
  52B   0.00000003 0.13  0.157  -179.029218   24.0   2.885   2.896 |    0.000  -0.000   0.000  -0.000 |  -11.901  -7.043   0.117
  53B   0.00000003 0.10  0.157  -179.029218   24.0   2.885   2.896 |    0.000   0.000   0.000   0.000 |  -11.901  -7.043   0.121
  54B   0.00000001 0.11  0.157  -179.029218   24.0   2.885   2.896 |    0.000   0.000   0.000   0.000 |  -11.901  -7.043   0.115
  55B   0.00000001 0.10  0.157  -179.029218   24.0   2.885   2.896 |    0.000   0.000   0.000   0.000 |  -11.901  -7.043   0.126
  56B   0.00000001 0.11  0.157  -179.029218   24.0   2.885   2.896 |    0.000   0.000   0.000   0.000 |  -11.901  -7.043   0.122
  57B   0.00000000 0.13  0.157  -179.029218   24.0   2.885   2.896 |    0.000  -0.000   0.000  -0.000 |  -11.901  -7.043   0.117
  58B   0.00000000 0.14  0.157  -179.029218   24.0   2.885   2.896 |    0.000  -0.000   0.000  -0.000 |  -11.901  -7.043   0.122
  59B   0.00000000 0.16  0.157  -179.029218   24.0   2.885   2.896 |    0.000  -0.000   0.000  -0.000 |  -11.901  -7.043   0.126
  60B   0.00000000 0.18  0.157  -179.029218   24.0   2.885   2.896 |    0.000  -0.000   0.000  -0.000 |  -11.901  -7.043   0.114
  ----------------------------------------------------------------------------------------------------------------------------------
  *   iteration converged   after  60 steps   si=     0.0000000008 ho=  0 tho=  0
  ----------------------------------------------------------------------------------------------------------------------------------
  Total CPU time=   0.600 minutes

  Writing to wel_file: s012_012.hel
 __________________________________  
  The tape s012_012.hel recorded:     
  nucname,npr,ngh,ngl,n00,nb,nt      
  b0,beta0,si,etot,rms,bet,xmix      
  pairing:     CpV0,CpV1,pwi         
  delta:       del,ept               
  lambda:      ala,ala2,alast,tz     
  asymptotic:  varmas,ass,skass      
  ntx,nb,nhhdim,id,N_rz,n_r,n_z      
  Omega2,Sigma2,Parity,Lambda        
  matrices(inbro):    hh,de          
  *all blocking candidates           
 __________________________________  



 #quasiparticle energies neutrons
 --------------------------------
  eqp(k) -> q.p. energy 
  e(k)   -> referent s.p. energy 
  p(k)   -> occ.probability 
  del(k) -> referent s.p. gap 
  fermi energy alast=  -11.901477340554500     
  #k  block#    eqp(k)     e(k)       (1-2N)E      decay        p(k)        del(k)    overl      labels
   1    1     0.287535  -12.189012   -0.287535    1.533404    1.00000000   0.0000   0.7362  1+[ 2, 2, 0]
   2    1     1.644949  -10.256528    1.644949    1.616534    0.00000000   0.0000   0.8780  1+[ 2, 0, 0]
   3    1     5.905782   -5.995695    5.905782    1.853408    0.00000000   0.0000   0.7662  1+[ 2, 1, 1]
   4    1    21.761378  -33.662855  -21.761378    2.548284    1.00000000   0.0000   0.9873  1+[ 0, 0, 0]
   5    1    24.823500   12.922023   24.823500    2.661664    0.00000000   0.0000   0.5873  1+[ 4, 2, 0]
   6    1    30.598170   18.696693   30.598170    2.863288    0.00000000   0.0000   0.6127  1+[ 4, 4, 0]
   7    1    31.349582   19.448104   31.349582    2.888490    0.00000000   0.0000   0.8227  1+[ 4, 0, 0]
   8    1    33.409980   21.508503   33.409980    2.956490    0.00000000   0.0000   0.6318  1+[ 4, 1, 1]
   9    1    34.922392   23.020914   34.922392    3.005426    0.00000000   0.0000   0.5550  1+[ 4, 3, 1]
  10    2     7.246894  -19.148371   -7.246894    1.921933    1.00000000   0.0000   0.8523  1-[ 1, 0, 1]
  11    2    10.799429  -22.700906  -10.799429    2.092638    1.00000000   0.0000   0.8509  1-[ 1, 1, 0]
  12    2    12.379938    0.478461   12.379938    2.164260    0.00000000   0.0000   0.6107  1-[ 3, 2, 1]
  13    2    15.697296    3.795819   15.697296    2.307370    0.00000000   0.0000   0.7383  1-[ 3, 1, 0]
  14    2    19.186855    7.285378   19.186855    2.448900    0.00000000   0.0000   0.8937  1-[ 3, 0, 1]
  15    2    21.315217    9.413740   21.315217    2.531341    0.00000000   0.0000   0.6900  1-[ 3, 2, 1]
  16    3     0.095048  -11.996526   -0.095048    1.521249    1.00000000   0.0000   0.9059  3+[ 2, 1, 1]
  17    3     6.198848   -5.702629    6.198848    1.868597    0.00000000   0.0000   0.9018  3+[ 2, 0, 2]
  18    3    24.964265   13.062788   24.964265    2.666760    0.00000000   0.0000   0.7274  3+[ 4, 3, 1]
  19    3    30.989320   19.087842   30.989320    2.876434    0.00000000   0.0000   0.8181  3+[ 4, 1, 1]
  20    3    34.665572   22.764094   34.665572    2.997173    0.00000000   0.0000   0.6645  3+[ 4, 2, 2]
  21    3    35.150777   23.249299   35.150777    3.012747    0.00000000   0.0000   0.7076  3+[ 4, 0, 2]
  22    4    10.797677  -22.699155  -10.797677    2.092557    1.00000000   0.0000   0.9746  3-[ 1, 0, 1]
  23    4    12.525440    0.623962   12.525440    2.170735    0.00000000   0.0000   0.8363  3-[ 3, 2, 1]
  24    4    18.208116    6.306639   18.208116    2.410043    0.00000000   0.0000   0.9307  3-[ 3, 0, 1]
  25    4    21.477166    9.575689   21.477166    2.537504    0.00000000   0.0000   0.8705  3-[ 3, 1, 2]
  26    5     0.093661  -11.807816    0.093661    1.521161    0.00000000   0.0000   0.9822  5+[ 2, 0, 2]
  27    5    25.256977   13.355499   25.256977    2.677326    0.00000000   0.0000   0.8862  5+[ 4, 2, 2]
  28    5    31.452066   19.550589   31.452066    2.891910    0.00000000   0.0000   0.9604  5+[ 4, 0, 2]
  29    5    35.209218   23.307741   35.209218    3.014617    0.00000000   0.0000   0.9083  5+[ 4, 1, 3]
  30    6    12.760798    0.859321   12.760798    2.181167    0.00000000   0.0000   0.9532  5-[ 3, 1, 2]
  31    6    21.757507    9.856030   21.757507    2.548138    0.00000000   0.0000   0.9532  5-[ 3, 0, 3]
  32    7    25.795782   13.894304   25.795782    2.696667    0.00000000   0.0000   0.9663  7+[ 4, 1, 3]
  33    7    35.644348   23.742871   35.644348    3.028507    0.00000000   0.0000   0.9663  7+[ 4, 0, 4]
  34    8    13.156657    1.255179   13.156657    2.198603    0.00000000   0.0000   1.0000  7-[ 3, 0, 3]
  35    9    26.696405   14.794928   26.696405    2.728690    0.00000000   0.0000   1.0000  9+[ 4, 0, 4]
#all active are   35 q.p. states out of   35
#since the cut off is pwi=  60.0
#check: number of neutrons=  12.0


 #canonical s.p. energies neutrons
 ---------------------------------


  labels -> {2*omega}{parity}[nn=nz+2*nr+nl,nz,nl]
  cqpe   -> canonical q.p. energies
  ce     -> canonical s.p. energies
  fermi energy=  -11.901477340554500     
  average cdelt=  -3.0848385560422048E-018
  k0      ceqp        ce         v*v       u*v        cdel     overl      labels
   1   -2.772095   -2.772095   0.00000000   0.00000000   0.0000   0.7988  1+[ 2, 1, 1]
   2   19.212625   19.212625   0.00000000   0.00000000   0.0000   0.7109  1+[ 4, 2, 0]
   3   19.313531   19.313531   0.00000000   0.00000000   0.0000   0.7699  1+[ 4, 0, 0]
   4   14.868680   14.868680   0.00000000   0.00000000   0.0000   0.5922  1+[ 4, 1, 1]
   5   19.315731   19.315731   0.00000000   0.00000000   0.0000   0.7272  1+[ 4, 1, 1]
   6   19.659894   19.659894   0.00000000   0.00000000   0.0000   0.9105  1+[ 4, 4, 0]
   7  -10.254351  -10.254351   0.00000000   0.00000007   0.0000   0.8830  1+[ 2, 0, 0]
   8  -11.613942  -12.189012   0.99682953   0.05621756   0.0000   0.7362  1+[ 2, 2, 0]
   9    9.859900  -33.662855   1.00000000   0.00000000   0.0000   0.9873  1+[ 0, 0, 0]
  10    6.990866    6.990866   0.00000000   0.00000000   0.0000   0.8859  1-[ 3, 0, 1]
  11    2.656889    2.656889   0.00000000   0.00000000   0.0000   0.8872  1-[ 3, 1, 0]
  12    4.060544    4.060544   0.00000000   0.00000000   0.0000   0.9719  1-[ 3, 3, 0]
  13    7.265097    7.265097   0.00000000   0.00000001   0.0000   0.8148  1-[ 3, 2, 1]
  14   -1.475534  -22.327421   1.00000000   0.00000002   0.0000   0.7269  1-[ 1, 0, 1]
  15   -4.281099  -19.521856   1.00000000   0.00000000   0.0000   0.7336  1-[ 1, 1, 0]
  16   -4.147519   -4.147519   0.00000000   0.00000000   0.0000   0.9274  3+[ 2, 0, 2]
  17   18.400592   18.400592   0.00000000   0.00000000   0.0000   0.7023  3+[ 4, 3, 1]
  18   19.283469   19.283469   0.00000000   0.00000000   0.0000   0.8942  3+[ 4, 0, 2]
  19   19.994572   19.994572   0.00000000   0.00000000   0.0000   0.9776  3+[ 4, 2, 2]
  20   18.930281   18.930281   0.00000000   0.00000000   0.0000   0.7746  3+[ 4, 1, 1]
  21  -11.806429  -11.996526   0.87000061   0.33630276   0.0000   0.9059  3+[ 2, 1, 1]
  22    6.184980    6.184980   0.00000000   0.00000000   0.0000   0.7354  3-[ 3, 0, 1]
  23    3.852857    3.852857   0.00000000   0.00000000   0.0000   0.9500  3-[ 3, 2, 1]
  24    6.468452    6.468452   0.00000000   0.00000000   0.0000   0.7521  3-[ 3, 1, 2]
  25   -1.103800  -22.699155   1.00000000   0.00000000   0.0000   0.9746  3-[ 1, 0, 1]
  26   22.710741   22.710741   0.00000000   0.00000000   0.0000   0.8052  5+[ 4, 1, 3]
  27   13.899316   13.899316   0.00000000   0.00000000   0.0000   0.8226  5+[ 4, 2, 2]
  28   19.603772   19.603772   0.00000000   0.00000000   0.0000   0.9605  5+[ 4, 0, 2]
  29  -11.807816  -11.807816   0.13316985   0.33975821   0.0000   0.9822  5+[ 2, 0, 2]
  30    9.856002    9.856002   0.00000000   0.00000000   0.0000   0.9537  5-[ 3, 0, 3]
  31    0.859348    0.859348   0.00000000   0.00000000   0.0000   0.9537  5-[ 3, 1, 2]
  32   23.742871   23.742871   0.00000000   0.00000000   0.0000   0.9663  7+[ 4, 0, 4]
  33   13.894304   13.894304   0.00000000   0.00000000   0.0000   0.9663  7+[ 4, 1, 3]
  34    1.255179    1.255179   0.00000000   0.00000000   0.0000   1.0000  7-[ 3, 0, 3]
  35   14.794928   14.794928   0.00000000   0.00000000   0.0000   1.0000  9+[ 4, 0, 4]
  Sum canonical e_v*V^2_k=  -244.74216858511340     


 #quasiparticle energies protons 
 --------------------------------
  eqp(k) -> q.p. energy 
  e(k)   -> referent s.p. energy 
  p(k)   -> occ.probability 
  del(k) -> referent s.p. gap 
  fermi energy alast=  -7.0431480939901814     
  #k  block#    eqp(k)     e(k)       (1-2N)E      decay        p(k)        del(k)    overl      labels
   1    1     0.290983   -7.334131   -0.290983    1.189452    1.00000000   0.0000   0.7331  1+[ 2, 2, 0]
   2    1     1.688038   -5.355110    1.688038    1.297804    0.00000000   0.0000   0.8728  1+[ 2, 0, 0]
   3    1     5.843130   -1.200018    5.843130    1.576653    0.00000000   0.0000   0.7642  1+[ 2, 1, 1]
   4    1    21.636029  -28.679177  -21.636029    2.352100    1.00000000   0.0000   0.9863  1+[ 0, 0, 0]
   5    1    24.670354   17.627206   24.670354    2.473401    0.00000000   0.0000   0.5879  1+[ 4, 2, 0]
   6    1    30.236912   23.193764   30.236912    2.681703    0.00000000   0.0000   0.6094  1+[ 4, 4, 0]
   7    1    31.203124   24.159976   31.203124    2.716233    0.00000000   0.0000   0.8132  1+[ 4, 0, 0]
   8    1    33.022710   25.979562   33.022710    2.780095    0.00000000   0.0000   0.6493  1+[ 4, 1, 1]
   9    1    34.705790   27.662642   34.705790    2.837887    0.00000000   0.0000   0.5775  1+[ 4, 3, 1]
  10    2     7.198879  -14.242028   -7.198879    1.657518    1.00000000   0.0000   0.8525  1-[ 1, 0, 1]
  11    2    10.728103  -17.771251  -10.728103    1.851533    1.00000000   0.0000   0.8510  1-[ 1, 1, 0]
  12    2    12.422942    5.379794   12.422942    1.937813    0.00000000   0.0000   0.6099  1-[ 3, 2, 1]
  13    2    15.753281    8.710133   15.753281    2.097036    0.00000000   0.0000   0.7339  1-[ 3, 1, 0]
  14    2    18.993649   11.950501   18.993649    2.241126    0.00000000   0.0000   0.8995  1-[ 3, 0, 1]
  15    2    21.286501   14.243353   21.286501    2.337723    0.00000000   0.0000   0.6987  1-[ 3, 2, 1]
  16    3     0.097249   -7.140397   -0.097249    1.173636    1.00000000   0.0000   0.9037  3+[ 2, 1, 1]
  17    3     6.119402   -0.923746    6.119402    1.593465    0.00000000   0.0000   0.8985  3+[ 2, 0, 2]
  18    3    24.804308   17.761160   24.804308    2.478619    0.00000000   0.0000   0.7245  3+[ 4, 3, 1]
  19    3    30.600548   23.557400   30.600548    2.694750    0.00000000   0.0000   0.8156  3+[ 4, 1, 1]
  20    3    34.332379   27.289231   34.332379    2.825167    0.00000000   0.0000   0.7447  3+[ 4, 0, 2]
  21    3    34.858480   27.815331   34.858480    2.843072    0.00000000   0.0000   0.6484  3+[ 4, 2, 2]
  22    4    10.713471  -17.756619  -10.713471    1.850771    1.00000000   0.0000   0.9735  3-[ 1, 0, 1]
  23    4    12.564489    5.521341   12.564489    1.944845    0.00000000   0.0000   0.8345  3-[ 3, 2, 1]
  24    4    18.026298   10.983150   18.026298    2.199099    0.00000000   0.0000   0.9300  3-[ 3, 0, 1]
  25    4    21.452736   14.409588   21.452736    2.344572    0.00000000   0.0000   0.8707  3-[ 3, 1, 2]
  26    5     0.095910   -6.947238    0.095910    1.173526    0.00000000   0.0000   0.9796  5+[ 2, 0, 2]
  27    5    25.082846   18.039698   25.082846    2.489435    0.00000000   0.0000   0.8845  5+[ 4, 2, 2]
  28    5    31.040184   23.997036   31.040184    2.710441    0.00000000   0.0000   0.9578  5+[ 4, 0, 2]
  29    5    34.974790   27.931642   34.974790    2.847015    0.00000000   0.0000   0.9079  5+[ 4, 1, 3]
  30    6    12.786703    5.743555   12.786703    1.955835    0.00000000   0.0000   0.9530  5-[ 3, 1, 2]
  31    6    21.705670   14.662522   21.705670    2.354954    0.00000000   0.0000   0.9530  5-[ 3, 0, 3]
  32    7    25.585982   18.542833   25.585982    2.508853    0.00000000   0.0000   0.9659  7+[ 4, 1, 3]
  33    7    35.346472   28.303324   35.346472    2.859580    0.00000000   0.0000   0.9659  7+[ 4, 0, 4]
  34    8    13.151239    6.108091   13.151239    1.973730    0.00000000   0.0000   1.0000  7-[ 3, 0, 3]
  35    9    26.424615   19.381467   26.424615    2.540889    0.00000000   0.0000   1.0000  9+[ 4, 0, 4]
#all active are   35 q.p. states out of   35
#since the cut off is pwi=  60.0
#check: number of protons =  12.0


 #canonical s.p. energies protons 
 ---------------------------------


  labels -> {2*omega}{parity}[nn=nz+2*nr+nl,nz,nl]
  cqpe   -> canonical q.p. energies
  ce     -> canonical s.p. energies
  fermi energy=  -7.0431480939901814     
  average cdelt=  -3.1030140418965179E-018
  k0      ceqp        ce         v*v       u*v        cdel     overl      labels
   1   22.343615   22.343615   0.00000000   0.00000000   0.0000   0.4958  1+[ 4, 3, 1]
   2   23.675613   23.675613   0.00000000   0.00000000   0.0000   0.7078  1+[ 4, 2, 0]
   3   20.627951   20.627951   0.00000000   0.00000000   0.0000   0.6441  1+[ 4, 3, 1]
   4   24.625271   24.625271   0.00000000   0.00000000   0.0000   0.8131  1+[ 4, 0, 0]
   5   23.148031   23.148031   0.00000000   0.00000000   0.0000   0.5915  1+[ 4, 4, 0]
   6    2.995044    2.995044   0.00000000   0.00000001   0.0000   0.6513  1+[ 2, 1, 1]
   7   -5.347504   -5.347504   0.00000000   0.00000005   0.0000   0.8630  1+[ 2, 0, 0]
   8   -6.752165   -7.334131   0.99704018   0.05432364   0.0000   0.7331  1+[ 2, 2, 0]
   9   14.592881  -28.679177   1.00000000   0.00000000   0.0000   0.9863  1+[ 0, 0, 0]
  10   10.821112   10.821112   0.00000000   0.00000000   0.0000   0.6116  1-[ 3, 0, 1]
  11   10.370321   10.370321   0.00000000   0.00000000   0.0000   0.9166  1-[ 3, 3, 0]
  12   10.163256   10.163256   0.00000000   0.00000000   0.0000   0.7202  1-[ 3, 1, 0]
  13    8.929091    8.929091   0.00000000   0.00000001   0.0000   0.8216  1-[ 3, 2, 1]
  14    0.425562  -14.511858   1.00000000   0.00000002   0.0000   0.9503  1-[ 1, 0, 1]
  15    3.415125  -17.501421   1.00000000   0.00000000   0.0000   0.9510  1-[ 1, 1, 0]
  16   22.718820   22.718820   0.00000000   0.00000000   0.0000   0.6518  3+[ 4, 1, 1]
  17   26.064773   26.064773   0.00000000   0.00000000   0.0000   0.6570  3+[ 4, 2, 2]
  18   24.529008   24.529008   0.00000000   0.00000000   0.0000   0.7230  3+[ 4, 2, 2]
  19   20.706695   20.706695   0.00000000   0.00000000   0.0000   0.7142  3+[ 4, 1, 1]
  20    1.480080    1.480080   0.00000000   0.00000001   0.0000   0.9260  3+[ 2, 0, 2]
  21   -6.945899   -7.140397   0.87489755   0.33083504   0.0000   0.9037  3+[ 2, 1, 1]
  22   11.126083   11.126083   0.00000000   0.00000000   0.0000   0.8515  3-[ 3, 0, 1]
  23    6.430427    6.430427   0.00000000   0.00000000   0.0000   0.8903  3-[ 3, 2, 1]
  24   13.357569   13.357569   0.00000000   0.00000000   0.0000   0.9596  3-[ 3, 1, 2]
  25    3.670323  -17.756619   1.00000000   0.00000001   0.0000   0.9735  3-[ 1, 0, 1]
  26   20.059994   20.059994   0.00000000   0.00000000   0.0000   0.6893  5+[ 4, 0, 2]
  27   27.816019   27.816019   0.00000000   0.00000000   0.0000   0.8800  5+[ 4, 1, 3]
  28   22.092363   22.092363   0.00000000   0.00000000   0.0000   0.7262  5+[ 4, 2, 2]
  29   -6.947238   -6.947238   0.12806226   0.33415912   0.0000   0.9796  5+[ 2, 0, 2]
  30   14.662497   14.662497   0.00000000   0.00000000   0.0000   0.9535  5-[ 3, 0, 3]
  31    5.743580    5.743580   0.00000000   0.00000000   0.0000   0.9535  5-[ 3, 1, 2]
  32   28.303323   28.303323   0.00000000   0.00000000   0.0000   0.9659  7+[ 4, 0, 4]
  33   18.542834   18.542834   0.00000000   0.00000000   0.0000   0.9659  7+[ 4, 1, 3]
  34    6.108091    6.108091   0.00000000   0.00000000   0.0000   1.0000  7-[ 3, 0, 3]
  35   19.381467   19.381467   0.00000000   0.00000000   0.0000   1.0000  9+[ 4, 0, 4]
  Sum canonical e_v*V^2_k=  -185.79658718889283     

  NB! From expect (UNPROJECTED RESULTS)

  pairing: CpV0,CpV1,...           0.100000       0.100000       1.000000       1.000000
  forces:   UNE1                          


                             neutrons         protons         total
  Requested part.numbs.      12.000000      12.000000      24.000000
  UnPj(av) part.numbs .      12.000000      12.000000      24.000000
  b0, bz, bp ..........       1.559284       1.564210       1.556827

  lambda (ala) ........     -11.901477      -7.043148
  Lambda (alast) ......     -11.901477      -7.043148
  delta(n,p), pwi .....      -0.000000      -0.000000      60.000000
  pairing energy ......       0.000000       0.000000       0.000000

  rms-radius ..........       2.885147       2.896088       2.890622
  charge-radius, r0 ...                      3.004550       3.461399
  deformation beta2....       0.157061       0.157132       0.157097
  dipole moment[fm] ...       0.000000       0.000000       0.000000
  quadrupole moment[b]        0.197923       0.199516       0.397439
  octupole moment .....       0.000000       0.000000       0.000000
  hexadecapole moment .      -0.000339      -0.000372      -0.000711
  q5 ..................       0.000000       0.000000       0.000000
  q6 ..................      -0.000008      -0.000008      -0.000017
  q7 ..................       0.000000       0.000000       0.000000
  q8 ..................      -0.000000      -0.000000      -0.000000

  <r^0> [fm^0] ........            1.000000            1.000000            1.000000
  <r^2> [fm^2] ........            8.324071            8.387323            8.355697
  <r^4> [fm^4] ........           97.253751           98.594094           97.923923
  <r^6> [fm^6] ........         1429.143603         1456.305626         1442.724615
  <r^8> [fm^8] ........        25067.848738        25656.937494        25362.393116

  kinetic energy ......     213.719707     212.189578     425.909285
  volume energy .......                                  -666.829113
        rho_tau .......                                   -22.481174
        rho_rho .......                                  -644.347940
  surface energy ......                                    51.479774
   rho_DELTA_rho ......                                    51.479774
   (NABLA_rho)^2 ......                                     0.000000
  spin-orbit energy ...                                   -19.026068
        rho_NABLA_J ...                                   -19.026068
        NABLA_rho_J ...                                     0.000000
  coulomb energy ......                                    29.436903
          direct ......                                    33.932298
          exchange ....                                    -4.495394
  tensor energy .......                                     0.000000
  direct Hartree E  ...                                     0.000000
  Extra E .............                                     0.000000
  External field E ....                                     0.000000
  Entropy .............       1.600324       1.559691       3.160014

  tEnergy: ehfb (qp)...                                  -179.029218

  Calculated but not added corrections 
====================================
  cmc-diagonal part ...       0.000000       0.000000      -0.000000
  cmc-hfb .............       0.000000       0.000000       0.000000
  cranking rot corr ...       0.000000       0.000000       0.000000

  SQUJ ................       0.000000       0.000000       0.000000
  CRAN x 4 ............       0.000000       0.000000       0.000000
  Rigit Body ..........       0.000000       0.000000       0.000000


   Blocking candidates are:
   neutron eqpmin=   9.5048208806474577E-002  pwiblo=   5.1031036307982882     
    num=   1 block=   3 state=   1    16 Eqp=   0.09504821  (1-2N)E=  -0.09504821  Ovlp=   0.90592861  3+[ 2, 1, 1]
    num=   2 block=   5 state=   1    26 Eqp=   0.09366088  (1-2N)E=   0.09366088  Ovlp=   0.98215462  5+[ 2, 0, 2]
    num=   3 block=   1 state=   1     1 Eqp=   0.28753506  (1-2N)E=  -0.28753506  Ovlp=   0.73621043  1+[ 2, 2, 0]
    num=   4 block=   1 state=   2     2 Eqp=   1.64494932  (1-2N)E=   1.64494932  Ovlp=   0.87797334  1+[ 2, 0, 0]

   Blocking candidates are:
   proton  eqpmin=   9.7248691556359290E-002  pwiblo=   5.1031036307982882     
    num=   1 block=   3 state=   1    16 Eqp=   0.09724869  (1-2N)E=  -0.09724869  Ovlp=   0.90366779  3+[ 2, 1, 1]
    num=   2 block=   5 state=   1    26 Eqp=   0.09591007  (1-2N)E=   0.09591007  Ovlp=   0.97963071  5+[ 2, 0, 2]
    num=   3 block=   1 state=   1     1 Eqp=   0.29098316  (1-2N)E=  -0.29098316  Ovlp=   0.73310626  1+[ 2, 2, 0]
    num=   4 block=   1 state=   2     2 Eqp=   1.68803785  (1-2N)E=   1.68803785  Ovlp=   0.87275494  1+[ 2, 0, 0]


