No Skyrme interaction defined in routine skforce()
Multi-threading framework with OpenMP: 1 threads/task

  =======================================
           FORTRAN 95 CODE (KIND= 8) 
               Version: 200d  
  =======================================
       AXIALLY DEFORMED CONFIGURATIONAL  
     HARTREE-FOCK-BOGOLIUBOV CALCULATIONS
                     WITH                
            UNEDF AND DELTA PAIRING      
                     USING               
             HARMONIC-OSCILLATOR         
                   AND/OR                
       TRANSFORMED HARMONIC-OSCILLATOR   
                    BASIS                
                     ---                 
               v1.66  (2005):,           
   Stoitsov,Dobaczewski,Nazarewicz,Ring, 
               v2.00d (2012):,           
         Stoitsov,Schunck,Kortelainen    
  =======================================
    Nucleus: MG (A=  24, N= 12, Z= 12)
       Reflection Symmetry Imposed       
            ( 7/14/2023, 21:56)                               
  =======================================


  ---------------------------------------
           UNEDF Module Version:17
         M.Kortelainen & M.Stoitsov 
  ---------------------------------------

  UNE1 functional
  ----------------------------------
  Crho(0)=   -785.539332197583803    ; Crho(1)=    249.088334042418040    
  CDrho(0)=   889.290685085556333    ; CDrho(1)=  -146.692419007809036    
  Ctau(0)=    1.53836017855413165    ; Ctau(1)=   -31.1251165242202603    
  CrDr(0)=   -45.3903146926513230    ; CrDr(1)=   -195.499193636880307    
  CrdJ(0)=   -75.1352087945039102    ; CrdJ(1)=   -41.1938026972046956    
  CJ(0)=      0.00000000000000000    ; CJ(1)=      0.00000000000000000    
  CpV0(0)=   0.100000000000000006    ; CpV0(1)=   0.100000000000000006    
  CpV1(0)=    1.00000000000000000    ; CpV1(1)=    1.00000000000000000    
  sigma=     0.265203200123620031    ; hbzero=     20.7355300000000007    
  e^2 chrg=   1.43997840859651305    ; CExPar=     1.00000000000000000    
  c.m. correction: F, chr. density in direct Coul: F
  use tensor terms: F
  use TMR pairing:  0

  Coupling constants in natural units
  -----------------------------------
  Crho_nu(0)=  -0.884611491053024168    ; Crho_nu(1)=   0.280503335160503797    
  CDrho_nu(0)=  0.940217436778288729    ; CDrho_nu(1)= -0.155093011213830206    
  Ctau_nu(0)=   0.218064304313691573E-01; Ctau_nu(1)=  -0.441202065430208734    
  CrDr_nu(0)=  -0.643412871317004975    ; CrDr_nu(1)=   -2.77122329663929712    
  CrdJ_nu(0)=   -1.06505012698890034    ; CrdJ_nu(1)=  -0.583926836668654969    
  CJ_nu(0)=      0.00000000000000000    ; CJ_nu(1)=      0.00000000000000000    
  CpV0_nu(0)=   0.112611992142809880E-03; CpV0_nu(1)=   0.112611992142809880E-03
  CpV1_nu(0)=   0.887702254206059068E-03; CpV1_nu(1)=   0.887702254206059068E-03
  fpi_nu=        93.0000000000000000    ; Lambda_nu=     700.000000000000000    

  Nuclear matter properties
  ----------------------------------
      E_NM=     -15.8000000000000185      K_NM=     219.9999999999998863
      P_NM=      -0.0000000000000043    RHO_NM=       0.1586033017333525
    ASS_NM=      28.8623416410963216   LASS_NM=      45.8632951946035519
  SMASS_NM=       1.0117667117056470  VMASS_NM=       1.2498385742322697

  Associated (t,x)-coupling constants
  -----------------------------------
  t0=      -2094.77155252688999    ; x0=      -0.243618164626177580E-01
  t1=       244.132825265545904    ; x1=       -6.65133714367635509    
  t2=       2098.39742667389464    ; x2=       -1.33432443539325885    
  t3=       14228.6509613689013    ; x3=      -0.252568387140427286    
  b4=       33.9414060972992147    ; b4p=       82.3876053944093911    
  te=      -627.801729166503378    ; to=       -256.948808884833738    
  sigma=   0.265203200123620031    ; hbzero=    20.7355300000000007    

  ---------------------------------------
        Characteristics of the run       
  ---------------------------------------
  Output file ................:     7
  Nucleus ....................:   MG  24
  Number of HO shells ........:     4
  HO length b0 (fm) ..........:     1.55928400372611
  Basis deformation ..........:  beta0=   0.010 q=   1.010
  HO: b0,1/b0,bp,bz,q ........:   0.15592840E+01  0.64131999E+00  0.15568270E+01  0.15642096E+01  0.10095067E+01
  h**2/(2m), cmc, e**2 .......:   0.20735530E+02  0.20735530E+02  0.14399784E+01
  hom=f*41.0_pr*A^{-1/3}, f...:   0.17056687E+02  0.12000000E+01
  THO basis is ...............:  OFF
  Maximal number of iterations:   400
  Initial mixing parameter ...:  0.300
  Initial w.f. ...............:  from   spherical scratch
  Skyrme functional ..........:    UNE1                          
    with direct and exchange Coulomb
  Lipkin-Nogami procedure is .:  OFF
  PAV procedure is ...........:  OFF
  Constraint calculation is ..:   ON
    Constraint 1 .............: lambda=2 Ql=   1.987
  Temperature T ..............:   0.05 MeV
  Restart indicator ..........:   1
  Broyden mixing (#iterations):   7

  ---------------------------------------
        Harmonic Oscillator Basis        
  ---------------------------------------
  NUV, NQP:                         195      35
  Comparison with bookkeeping spherical basis:
  n00:                                4       4  Maximal number of shells
  nbx, 2*n00+1:                       9       9  Maximal number of K-blocks
  ntx, (n00+1)*(n00+2)*(n00+3)/6     35      35  Max.num. p/n levels
  nzx, n00:                           4       4  Maximal nz-quantum number
  nrx, n00/2  :                       2       2  Maximal nr-quantum number
  nlx, n00:                           4       4  Maximal ml-quantum number
  ndx, (n00+2)*(n00+2)/4:             9       9  Maximal dim. of one k-block

  Actual basis used
  Number of blocks: nb .......:    9
  Number of levels: nt .......:   35
  Maximal 2*omega : nom ......:    9
  Maximal nz:       nzm ......:    4
  Maximal nr:       nrm ......:    2
  Maximal ml:       nlm ......:    4
  Maximal N=nz+2*nr+nl .......:    4
  2 x biggest block dim. .....:   18
  Non-zero elements of h .....:      115
  Number of Broyden elements .:      460

  ---------------------------------------
            Integration Meshes           
  ---------------------------------------
  Number of Gauss-Hermite mesh points ngh ....:  40
  Number of Gauss-Laguerre mesh points ngl ...:  40
  Number of Gauss-Legendre mesh points nleg ..:  80
  Integration boundaries
    Hermite  - from xh(1)  =  0.12379686 to xh(ngh)   = 11.88786356
    Laguerre - From xl(1)  =  0.03570039 to xl(ngl)   =142.28004447
    Legendre - From xleg(1)=  0.00978669 to xleg(nleg)=  0.99988775
  Max.dev.in:     Orthogonality            Normalization
  Hermite     5.2235050987142219E-016   1.9984014443252818E-015
  Laguerre    1.9977540701027837E-015   4.5519144009631418E-015

  Scratch initialization for the nucleus: MG  12  12


  Initial potentials of Saxon-Woods shape 
  v0ws   =  -71.27999878
  kappa  =    0.46160001
  vs0    =   11.11750031   11.11750031
  r0     =    1.23339999    1.23339999
  a      =    0.61500001    0.61500001
  r0-so  =    1.14429998    1.14429998
  a-so   =    0.64760000    0.64760000
  beta00 =    0.01000000

  ### REGULAR STAGE (reflection symmetry imposed)
  |HFB+HO> iterations(b0=  1.559, Nsh=  4, inin=  1, N= 12, Z= 12)...
  ----------------------------------------------------------------------------------------------------------------------------------
  i          si     mix   beta      Etot       A       rn      rp         En      Dn      Ep      Dp        Ln      Lp     time
  ----------------------------------------------------------------------------------------------------------------------------------
   1L  52.26905082 0.30  0.010     0.000000    0.0   0.000   0.000 |   -2.000   1.000  -2.000   1.000 |   -7.000  -7.000   0.000
   2B  90.78857021 0.10  0.009   -55.575439   24.0   2.616   2.616 |    0.000  -0.000   0.000  -0.000 |  -16.532 -16.532  28.697
   3B  24.22385573 0.11  0.447  -162.142894   24.0   3.084   3.114 |    0.000  -0.000   0.000  -0.000 |  -12.703  -9.304   0.101
   4B  11.16992695 0.13  0.602  -159.642473   24.0   3.108   3.063 |    0.000  -0.000   0.000  -0.000 |  -15.214 -10.583   0.109
   5B  23.23055042 0.10  0.676  -129.170413   24.0   3.069   3.174 |    0.000  -0.000   0.000  -0.000 |  -15.456 -11.173   0.099
   6B   6.84925980 0.11  0.704  -137.045234   24.0   3.139   3.150 |    0.000   0.000   0.000   0.000 |  -15.770 -10.387   0.099
   7B   6.38986322 0.13  0.699  -137.795887   24.0   3.157   3.142 |    0.000   0.000   0.000   0.000 |  -14.610 -10.021   0.097
   8B   5.47439161 0.14  0.694  -139.293245   24.0   3.146   3.152 |    0.000  -0.000   0.000  -0.000 |  -14.211  -9.544   0.093
   9B   4.27534926 0.16  0.688  -141.519625   24.0   3.142   3.154 |    0.000  -0.000   0.000  -0.000 |  -13.834  -9.043   0.106
  10B   2.80845445 0.18  0.681  -143.534007   24.0   3.144   3.143 |    0.000  -0.000   0.000  -0.000 |  -13.515  -8.605   0.098
  11B   2.17141566 0.21  0.679  -144.582801   24.0   3.136   3.143 |    0.000  -0.000   0.000  -0.000 |  -13.414  -8.721   0.092
  12B   0.69869016 0.24  0.673  -146.566768   24.0   3.130   3.134 |    0.000  -0.000   0.000  -0.000 |  -13.422  -8.703   0.095
  13B   0.27465369 0.27  0.671  -147.305645   24.0   3.127   3.132 |    0.000   0.000   0.000   0.000 |  -13.422  -8.703   0.117
  14B   0.10036431 0.30  0.670  -147.575593   24.0   3.125   3.132 |    0.000   0.000   0.000   0.000 |  -13.422  -8.703   0.109
  15B   0.03694390 0.34  0.670  -147.571541   24.0   3.126   3.131 |    0.000   0.000   0.000   0.000 |  -13.422  -8.703   0.098
  16B   0.01192170 0.38  0.671  -147.543926   24.0   3.126   3.131 |    0.000  -0.000   0.000  -0.000 |  -13.422  -8.703   0.113
  17B   0.01672923 0.10  0.671  -147.534456   24.0   3.126   3.131 |    0.000  -0.000   0.000  -0.000 |  -13.422  -8.703   0.114
  18B   0.00812894 0.11  0.671  -147.531207   24.0   3.126   3.131 |    0.000  -0.000   0.000  -0.000 |  -13.422  -8.703   0.115
  19B   0.00170575 0.13  0.671  -147.528110   24.0   3.126   3.131 |    0.000  -0.000   0.000  -0.000 |  -13.422  -8.703   0.117
  20B   0.00125880 0.14  0.671  -147.528195   24.0   3.126   3.131 |    0.000  -0.000   0.000  -0.000 |  -13.422  -8.703   0.114
  21B   0.00059698 0.16  0.671  -147.527279   24.0   3.126   3.131 |    0.000  -0.000   0.000  -0.000 |  -13.422  -8.703   0.122
  22B   0.00036254 0.18  0.671  -147.527591   24.0   3.126   3.131 |    0.000  -0.000   0.000  -0.000 |  -13.422  -8.703   0.111
  23B   0.00022225 0.21  0.671  -147.527777   24.0   3.126   3.131 |    0.000  -0.000   0.000  -0.000 |  -13.422  -8.703   0.106
  24B   0.00010834 0.24  0.671  -147.527996   24.0   3.126   3.131 |    0.000   0.000   0.000   0.000 |  -13.422  -8.703   0.124
  25B   0.00007565 0.27  0.671  -147.528009   24.0   3.126   3.131 |    0.000  -0.000   0.000  -0.000 |  -13.422  -8.703   0.123
  26B   0.00002730 0.30  0.671  -147.528095   24.0   3.126   3.131 |    0.000   0.000   0.000   0.000 |  -13.422  -8.703   0.108
  27B   0.00003546 0.10  0.671  -147.528097   24.0   3.126   3.131 |    0.000  -0.000   0.000  -0.000 |  -13.422  -8.703   0.119
  28B   0.00001211 0.11  0.671  -147.528089   24.0   3.126   3.131 |    0.000  -0.000   0.000  -0.000 |  -13.422  -8.703   0.123
  29B   0.00001043 0.13  0.671  -147.528087   24.0   3.126   3.131 |    0.000  -0.000   0.000  -0.000 |  -13.422  -8.703   0.118
  30B   0.00000593 0.14  0.671  -147.528081   24.0   3.126   3.131 |    0.000  -0.000   0.000  -0.000 |  -13.422  -8.703   0.126
  31B   0.00000148 0.16  0.671  -147.528074   24.0   3.126   3.131 |    0.000  -0.000   0.000  -0.000 |  -13.422  -8.703   0.117
  32B   0.00000061 0.18  0.671  -147.528073   24.0   3.126   3.131 |    0.000   0.000   0.000   0.000 |  -13.422  -8.703   0.119
  33B   0.00000039 0.21  0.671  -147.528073   24.0   3.126   3.131 |    0.000   0.000   0.000   0.000 |  -13.422  -8.703   0.122
  34B   0.00000025 0.24  0.671  -147.528073   24.0   3.126   3.131 |    0.000   0.000   0.000   0.000 |  -13.422  -8.703   0.116
  35B   0.00000007 0.27  0.671  -147.528073   24.0   3.126   3.131 |    0.000   0.000   0.000   0.000 |  -13.422  -8.703   0.120
  36B   0.00000007 0.30  0.671  -147.528073   24.0   3.126   3.131 |    0.000   0.000   0.000   0.000 |  -13.422  -8.703   0.109
  37B   0.00000005 0.34  0.671  -147.528073   24.0   3.126   3.131 |    0.000   0.000   0.000   0.000 |  -13.422  -8.703   0.110
  38B   0.00000002 0.38  0.671  -147.528073   24.0   3.126   3.131 |    0.000   0.000   0.000   0.000 |  -13.422  -8.703   0.124
  39B   0.00000002 0.43  0.671  -147.528073   24.0   3.126   3.131 |    0.000   0.000   0.000   0.000 |  -13.422  -8.703   0.122
  40B   0.00000001 0.49  0.671  -147.528073   24.0   3.126   3.131 |    0.000   0.000   0.000   0.000 |  -13.422  -8.703   0.115
  41B   0.00000001 0.55  0.671  -147.528073   24.0   3.126   3.131 |    0.000   0.000   0.000   0.000 |  -13.422  -8.703   0.109
  42B   0.00000000 0.63  0.671  -147.528073   24.0   3.126   3.131 |    0.000   0.000   0.000   0.000 |  -13.422  -8.703   0.121
  43B   0.00000000 0.71  0.671  -147.528073   24.0   3.126   3.131 |    0.000   0.000   0.000   0.000 |  -13.422  -8.703   0.113
  44B   0.00000000 0.80  0.671  -147.528073   24.0   3.126   3.131 |    0.000   0.000   0.000   0.000 |  -13.422  -8.703   0.106
  ----------------------------------------------------------------------------------------------------------------------------------
  *   iteration converged   after  44 steps   si=     0.0000000004 ho=  0 tho=  0
  ----------------------------------------------------------------------------------------------------------------------------------
  Total CPU time=   0.558 minutes

  Writing to wel_file: s012_012.hel
 __________________________________  
  The tape s012_012.hel recorded:     
  nucname,npr,ngh,ngl,n00,nb,nt      
  b0,beta0,si,etot,rms,bet,xmix      
  pairing:     CpV0,CpV1,pwi         
  delta:       del,ept               
  lambda:      ala,ala2,alast,tz     
  asymptotic:  varmas,ass,skass      
  ntx,nb,nhhdim,id,N_rz,n_r,n_z      
  Omega2,Sigma2,Parity,Lambda        
  matrices(inbro):    hh,de          
  *all blocking candidates           
 __________________________________  


  NB! From expect (UNPROJECTED RESULTS)

  pairing: CpV0,CpV1,...           0.100000       0.100000       1.000000       1.000000
  forces:   UNE1                          


                             neutrons         protons         total
  Requested part.numbs.      12.000000      12.000000      24.000000
  UnPj(av) part.numbs .      12.000000      12.000000      24.000000
  b0, bz, bp ..........       1.559284       1.564210       1.556827

  lambda (ala) ........     -13.421603      -8.703144
  Lambda (alast) ......     -13.421603      -8.703144
  delta(n,p), pwi .....      -0.000000      -0.000000      60.000000
  pairing energy ......       0.000000       0.000000       0.000000

  rms-radius ..........       3.125618       3.131345       3.128483
  charge-radius, r0 ...                      3.231922       3.461399
  deformation beta2....       0.671457       0.669710       0.670582
  dipole moment[fm] ...       0.000000       0.000000       0.000000
  quadrupole moment[b]        0.993072       0.994123       1.987196
  octupole moment .....       0.000000       0.000000       0.000000
  hexadecapole moment .       0.008963       0.008874       0.017837
  q5 ..................       0.000000       0.000000       0.000000
  q6 ..................      -0.000312      -0.000317      -0.000629
  q7 ..................       0.000000       0.000000       0.000000
  q8 ..................      -0.000025      -0.000025      -0.000049

  <r^0> [fm^0] ........            1.000000            1.000000            1.000000
  <r^2> [fm^2] ........            9.769485            9.805321            9.787403
  <r^4> [fm^4] ........          132.248479          133.037952          132.643215
  <r^6> [fm^6] ........         2206.250379         2222.947878         2214.599129
  <r^8> [fm^8] ........        43104.992562        43482.466573        43293.729567

  kinetic energy ......     232.747247     232.090455     464.837702
  volume energy .......                                  -699.461964
        rho_tau .......                                     3.552516
        rho_rho .......                                  -703.014480
  surface energy ......                                    89.214199
   rho_DELTA_rho ......                                    89.214199
   (NABLA_rho)^2 ......                                     0.000000
  spin-orbit energy ...                                   -30.693901
        rho_NABLA_J ...                                   -30.693901
        NABLA_rho_J ...                                     0.000000
  coulomb energy ......                                    28.575891
          direct ......                                    33.223934
          exchange ....                                    -4.648043
  tensor energy .......                                     0.000000
  direct Hartree E  ...                                     0.000000
  Extra E .............                                     0.000000
  External field E ....                                     0.000000
  Entropy .............       0.000000       0.000000       0.000000

  tEnergy: ehfb (qp)...                                  -147.528073

  Calculated but not added corrections 
====================================
  cmc-diagonal part ...       0.000000       0.000000       0.000000
  cmc-hfb .............       0.000000       0.000000       0.000000
  cranking rot corr ...       0.000000       0.000000       0.000000

  SQUJ ................       0.000000       0.000000       0.000000
  CRAN x 4 ............       0.000000       0.000000       0.000000
  Rigit Body ..........       0.000000       0.000000       0.000000


   Blocking candidates are:
   neutron eqpmin=   1.5562172364522766       pwiblo=   5.1031036307982882     
    num=   1 block=   2 state=   1    10 Eqp=   1.55621724  (1-2N)E=  -1.55621724  Ovlp=   0.84631414  1-[ 1, 0, 1]
    num=   2 block=   1 state=   1     1 Eqp=   1.93868773  (1-2N)E=   1.93868773  Ovlp=   0.76169887  1+[ 2, 1, 1]
    num=   3 block=   3 state=   1    16 Eqp=   4.87484609  (1-2N)E=  -4.87484609  Ovlp=   0.84390903  3+[ 2, 1, 1]
    num=   4 block=   4 state=   1    22 Eqp=   5.98331978  (1-2N)E=  -5.98331978  Ovlp=   0.88724817  3-[ 1, 0, 1]

   Blocking candidates are:
   proton  eqpmin=   1.4342253757834200       pwiblo=   5.1031036307982882     
    num=   1 block=   2 state=   1    10 Eqp=   1.43422538  (1-2N)E=  -1.43422538  Ovlp=   0.84628300  1-[ 1, 0, 1]
    num=   2 block=   1 state=   1     1 Eqp=   1.95523459  (1-2N)E=   1.95523459  Ovlp=   0.75949369  1+[ 2, 1, 1]
    num=   3 block=   3 state=   1    16 Eqp=   4.82263001  (1-2N)E=  -4.82263001  Ovlp=   0.84184900  3+[ 2, 1, 1]
    num=   4 block=   4 state=   1    22 Eqp=   5.82824422  (1-2N)E=  -5.82824422  Ovlp=   0.88620778  3-[ 1, 0, 1]



 HFBTHO_SOLVER ended without errors

