No Skyrme interaction defined in routine skforce()
Multi-threading framework with OpenMP: 1 threads/task

  =======================================
           FORTRAN 95 CODE (KIND= 8) 
               Version: 200d  
  =======================================
       AXIALLY DEFORMED CONFIGURATIONAL  
     HARTREE-FOCK-BOGOLIUBOV CALCULATIONS
                     WITH                
            UNEDF AND DELTA PAIRING      
                     USING               
             HARMONIC-OSCILLATOR         
                   AND/OR                
       TRANSFORMED HARMONIC-OSCILLATOR   
                    BASIS                
                     ---                 
               v1.66  (2005):,           
   Stoitsov,Dobaczewski,Nazarewicz,Ring, 
               v2.00d (2012):,           
         Stoitsov,Schunck,Kortelainen    
  =======================================
    Nucleus: MG (A=  24, N= 12, Z= 12)
       Reflection Symmetry Imposed       
            ( 9/13/2022, 21:32)                               
  =======================================


  ---------------------------------------
           UNEDF Module Version:17
         M.Kortelainen & M.Stoitsov 
  ---------------------------------------

  UNE1 functional
  ----------------------------------
  Crho(0)=   -779.373008720865300    ; Crho(1)=    287.722131583286796    
  CDrho(0)=   891.477890442349690    ; CDrho(1)=  -200.587774317884879    
  Ctau(0)=  -0.989915057807676746    ; Ctau(1)=   -33.6320970701835549    
  CrDr(0)=   -45.9240139412177726    ; CrDr(1)=   -122.110777650348666    
  CrdJ(0)=   -83.7244586677205547    ; CrdJ(1)=   -41.7086040611698223    
  CJ(0)=      0.00000000000000000    ; CJ(1)=      0.00000000000000000    
  CpV0(0)=   0.100000000000000006    ; CpV0(1)=   0.100000000000000006    
  CpV1(0)=    1.00000000000000000    ; CpV1(1)=    1.00000000000000000    
  sigma=     0.270018011502707600    ; hbzero=     20.7355300000000007    
  e^2 chrg=   1.43997840859651305    ; CExPar=     1.00000000000000000    
  c.m. correction: F, chr. density in direct Coul: F
  use tensor terms: F
  use TMR pairing:  0

  Coupling constants in natural units
  -----------------------------------
  Crho_nu(0)=  -0.877667471343921757    ; Crho_nu(1)=   0.324009624211695935    
  CDrho_nu(0)=  0.941450913381434273    ; CDrho_nu(1)= -0.211831998717341041    
  Ctau_nu(0)=  -0.140321584905665799E-01; Ctau_nu(1)=  -0.476738799694694126    
  CrDr_nu(0)=  -0.650978118843157594    ; CrDr_nu(1)=   -1.73093415630104186    
  CrdJ_nu(0)=   -1.18680372047699034    ; CrdJ_nu(1)=  -0.591224204532031727    
  CJ_nu(0)=      0.00000000000000000    ; CJ_nu(1)=      0.00000000000000000    
  CpV0_nu(0)=   0.112611992142809880E-03; CpV0_nu(1)=   0.112611992142809880E-03
  CpV1_nu(0)=   0.887702254206059068E-03; CpV1_nu(1)=   0.887702254206059068E-03
  fpi_nu=        93.0000000000000000    ; Lambda_nu=     700.000000000000000    

  Nuclear matter properties
  ----------------------------------
      E_NM=     -15.8000000000000149      K_NM=     220.0000000000000284
      P_NM=      -0.0000000000000032    RHO_NM=       0.1587067693325870
    ASS_NM=      28.9867890577721070   LASS_NM=      40.0047904804136323
  SMASS_NM=       0.9924233322833640  VMASS_NM=       1.2498385742322700

  Associated (t,x)-coupling constants
  -----------------------------------
  t0=      -2078.32802325564080    ; x0=       0.537569206858470316E-01
  t1=       243.608187609417882    ; x1=       -4.23395506936260357    
  t2=       1322.68400358079543    ; x2=       -1.39112652790307334    
  t3=       14263.6462470775950    ; x3=      -0.162491168089956339    
  b4=       42.0158546065507323    ; b4p=       83.4172081223396447    
  te=      -395.052274225279689    ; to=       -179.237111031004190    
  sigma=   0.270018011502707600    ; hbzero=    20.7355300000000007    

  ---------------------------------------
        Characteristics of the run       
  ---------------------------------------
  Output file ................:     7
  Nucleus ....................:   MG  24
  Number of HO shells ........:     8
  HO length b0 (fm) ..........:     1.55928400372611
  Basis deformation ..........:  beta0=   0.010 q=   1.010
  HO: b0,1/b0,bp,bz,q ........:   0.15592840E+01  0.64131999E+00  0.15568270E+01  0.15642096E+01  0.10095067E+01
  h**2/(2m), cmc, e**2 .......:   0.20735530E+02  0.20735530E+02  0.14399784E+01
  hom=f*41.0_pr*A^{-1/3}, f...:   0.17056687E+02  0.12000000E+01
  THO basis is ...............:  OFF
  Maximal number of iterations:   400
  Initial mixing parameter ...:  0.300
  Initial w.f. ...............:  from   spherical scratch
  Skyrme functional ..........:    UNE1                          
    with direct and exchange Coulomb
  Lipkin-Nogami procedure is .:  OFF
  PAV procedure is ...........:  OFF
  Constraint calculation is ..:   ON
    Constraint 1 .............: lambda=2 Ql=   1.490
  Temperature T ..............:   0.05 MeV
  Restart indicator ..........:   1
  Broyden mixing (#iterations):   7

  ---------------------------------------
        Harmonic Oscillator Basis        
  ---------------------------------------
  NUV, NQP:                        2501     165
  Comparison with bookkeeping spherical basis:
  n00:                                8       8  Maximal number of shells
  nbx, 2*n00+1:                      17      17  Maximal number of K-blocks
  ntx, (n00+1)*(n00+2)*(n00+3)/6    165     165  Max.num. p/n levels
  nzx, n00:                           8       8  Maximal nz-quantum number
  nrx, n00/2  :                       4       4  Maximal nr-quantum number
  nlx, n00:                           8       8  Maximal ml-quantum number
  ndx, (n00+2)*(n00+2)/4:            25      25  Maximal dim. of one k-block

  Actual basis used
  Number of blocks: nb .......:   17
  Number of levels: nt .......:  165
  Maximal 2*omega : nom ......:   17
  Maximal nz:       nzm ......:    8
  Maximal nr:       nrm ......:    4
  Maximal ml:       nlm ......:    8
  Maximal N=nz+2*nr+nl .......:    8
  2 x biggest block dim. .....:   50
  Non-zero elements of h .....:     1333
  Number of Broyden elements .:     5332

  ---------------------------------------
            Integration Meshes           
  ---------------------------------------
  Number of Gauss-Hermite mesh points ngh ....:  40
  Number of Gauss-Laguerre mesh points ngl ...:  40
  Number of Gauss-Legendre mesh points nleg ..:  80
  Integration boundaries
    Hermite  - from xh(1)  =  0.12379686 to xh(ngh)   = 11.88786356
    Laguerre - From xl(1)  =  0.03570039 to xl(ngl)   =142.28004447
    Legendre - From xleg(1)=  0.00978669 to xleg(nleg)=  0.99988775
  Max.dev.in:     Orthogonality            Normalization
  Hermite     1.5248282503475657E-015   1.0991207943789050E-014
  Laguerre    4.2896485016951012E-015   8.9928064994637680E-015

  Scratch initialization for the nucleus: MG  12  12


  Initial potentials of Saxon-Woods shape 
  v0ws   =  -71.27999878
  kappa  =    0.46160001
  vs0    =   11.11750031   11.11750031
  r0     =    1.23339999    1.23339999
  a      =    0.61500001    0.61500001
  r0-so  =    1.14429998    1.14429998
  a-so   =    0.64760000    0.64760000
  beta00 =    0.01000000

  ### REGULAR STAGE (reflection symmetry imposed)
  |HFB+HO> iterations(b0=  1.559, Nsh=  8, inin=  1, N= 12, Z= 12)...
  ----------------------------------------------------------------------------------------------------------------------------------
  i          si     mix   beta      Etot       A       rn      rp         En      Dn      Ep      Dp        Ln      Lp     time
  ----------------------------------------------------------------------------------------------------------------------------------
   1L  73.90480883 0.30  0.010     0.000000    0.0   0.000   0.000 |   -2.000   1.000  -2.000   1.000 |   -7.000  -7.000   0.000
   2B  61.49712223 0.10  0.009   -46.082965   24.0   2.625   2.625 |    0.000  -0.000   0.000  -0.000 |  -17.169 -17.169  39.929
   3B  11.66634004 0.11  0.457  -152.511585   24.0   3.145   3.203 |    0.000  -0.000   0.000  -0.000 |  -12.426  -9.088   1.197
   4B   9.12074285 0.13  0.715  -166.830680   24.0   3.376   3.342 |    0.000  -0.000   0.000  -0.000 |  -15.609 -11.230   1.207
   5B  28.25266054 0.10  0.867  -160.299420   24.0   3.490   3.631 |    0.000  -0.000   0.000  -0.000 |  -16.708 -12.801   1.198
   6B  30.98185583 0.10  0.870  -158.293171   24.0   3.610   3.495 |    0.000  -0.000   0.000  -0.000 |  -16.365 -11.725   1.325
   7B  29.35723740 0.11  0.842  -169.178212   24.0   3.492   3.541 |    0.000  -0.000   0.000  -0.000 |  -15.781 -11.671   1.314
   8B  24.65011526 0.13  0.780  -170.532369   24.0   3.398   3.458 |    0.000  -0.000   0.000  -0.000 |  -14.935 -10.735   1.431
   9B  14.12321841 0.14  0.661  -180.214426   24.0   3.278   3.277 |    0.000  -0.000   0.000  -0.000 |  -13.774  -9.548   1.606
  10B   7.67840135 0.16  0.595  -184.141430   24.0   3.197   3.193 |    0.000  -0.000   0.000  -0.000 |  -13.743  -8.918   1.110
  11B   2.74260158 0.18  0.520  -187.879251   24.0   3.113   3.106 |    0.000  -0.000   0.000  -0.000 |  -12.989  -8.653   1.412
  12B   1.64380790 0.21  0.503  -188.825231   24.0   3.077   3.102 |    0.000  -0.000   0.000  -0.000 |  -12.791  -8.441   1.488
  13B   1.93676180 0.10  0.493  -189.260485   24.0   3.072   3.079 |    0.000  -0.000   0.000  -0.000 |  -12.580  -8.169   1.375
  14B   0.96375201 0.11  0.506  -188.971925   24.0   3.079   3.090 |    0.000  -0.000   0.000  -0.000 |  -12.455  -8.093   1.432
  15B   0.50640222 0.13  0.510  -189.028349   24.0   3.074   3.096 |    0.000   0.000   0.000   0.000 |  -12.363  -7.816   1.462
  16B   0.49480205 0.14  0.511  -188.969227   24.0   3.076   3.099 |    0.000  -0.000   0.000  -0.000 |  -12.363  -7.816   1.428
  17B   0.23169814 0.16  0.513  -188.967883   24.0   3.078   3.099 |    0.000  -0.000   0.000  -0.000 |  -12.363  -7.816   1.439
  18B   0.14943812 0.18  0.514  -188.937044   24.0   3.080   3.099 |    0.000  -0.000   0.000  -0.000 |  -12.363  -7.816   1.449
  19B   0.10148932 0.21  0.515  -188.919100   24.0   3.080   3.100 |    0.000  -0.000   0.000  -0.000 |  -12.363  -7.816   1.374
  20B   0.07747265 0.24  0.515  -188.913930   24.0   3.080   3.101 |    0.000  -0.000   0.000  -0.000 |  -12.363  -7.816   1.212
  21B   0.04365040 0.27  0.516  -188.907612   24.0   3.080   3.101 |    0.000  -0.000   0.000  -0.000 |  -12.363  -7.816   1.366
  22B   0.01277115 0.30  0.516  -188.909124   24.0   3.080   3.101 |    0.000  -0.000   0.000  -0.000 |  -12.363  -7.816   0.785
  23B   0.00762915 0.34  0.516  -188.909292   24.0   3.080   3.101 |    0.000  -0.000   0.000  -0.000 |  -12.363  -7.816   0.831
  24B   0.00703206 0.38  0.515  -188.910898   24.0   3.080   3.101 |    0.000  -0.000   0.000  -0.000 |  -12.363  -7.816   0.971
  25B   0.00419656 0.43  0.515  -188.911381   24.0   3.080   3.101 |    0.000  -0.000   0.000  -0.000 |  -12.363  -7.816   1.547
  26B   0.00438706 0.10  0.515  -188.911763   24.0   3.080   3.101 |    0.000   0.000   0.000   0.000 |  -12.363  -7.816   0.831
  27B   0.00392602 0.11  0.515  -188.912424   24.0   3.080   3.101 |    0.000   0.000   0.000   0.000 |  -12.363  -7.816   1.614
  28B   0.00417025 0.10  0.515  -188.912479   24.0   3.080   3.101 |    0.000   0.000   0.000   0.000 |  -12.363  -7.816   0.891
  29B   0.00353142 0.11  0.515  -188.912298   24.0   3.080   3.101 |    0.000   0.000   0.000   0.000 |  -12.363  -7.816   0.796
  30B   0.00261693 0.13  0.515  -188.912042   24.0   3.080   3.101 |    0.000  -0.000   0.000  -0.000 |  -12.363  -7.816   1.448
  31B   0.00197465 0.14  0.515  -188.911866   24.0   3.080   3.101 |    0.000  -0.000   0.000  -0.000 |  -12.363  -7.816   1.484
  32B   0.00059975 0.16  0.515  -188.911473   24.0   3.080   3.101 |    0.000  -0.000   0.000  -0.000 |  -12.363  -7.816   1.495
  33B   0.00041077 0.18  0.515  -188.911374   24.0   3.080   3.101 |    0.000   0.000   0.000   0.000 |  -12.363  -7.816   1.413
  34B   0.00043482 0.10  0.515  -188.911377   24.0   3.080   3.101 |    0.000   0.000   0.000   0.000 |  -12.363  -7.816   1.476
  35B   0.00023822 0.11  0.515  -188.911374   24.0   3.080   3.101 |    0.000   0.000   0.000   0.000 |  -12.363  -7.816   1.099
  36B   0.00018533 0.13  0.515  -188.911360   24.0   3.080   3.101 |    0.000   0.000   0.000   0.000 |  -12.363  -7.816   0.874
  37B   0.00013595 0.14  0.515  -188.911346   24.0   3.080   3.101 |    0.000   0.000   0.000   0.000 |  -12.363  -7.816   1.397
  38B   0.00010667 0.16  0.515  -188.911338   24.0   3.080   3.101 |    0.000   0.000   0.000   0.000 |  -12.363  -7.816   0.980
  39B   0.00008658 0.18  0.515  -188.911332   24.0   3.080   3.101 |    0.000   0.000   0.000   0.000 |  -12.363  -7.816   1.421
  40B   0.00006913 0.21  0.515  -188.911327   24.0   3.080   3.101 |    0.000  -0.000   0.000  -0.000 |  -12.363  -7.816   1.259
  41B   0.00006035 0.24  0.515  -188.911325   24.0   3.080   3.101 |    0.000   0.000   0.000   0.000 |  -12.363  -7.816   1.367
  42B   0.00004962 0.27  0.515  -188.911322   24.0   3.080   3.101 |    0.000   0.000   0.000   0.000 |  -12.363  -7.816   1.381
  43B   0.00002176 0.30  0.515  -188.911309   24.0   3.080   3.101 |    0.000   0.000   0.000   0.000 |  -12.363  -7.816   1.347
  44B   0.00000988 0.34  0.515  -188.911305   24.0   3.080   3.101 |    0.000   0.000   0.000   0.000 |  -12.363  -7.816   1.519
  45B   0.00000782 0.38  0.515  -188.911305   24.0   3.080   3.101 |    0.000   0.000   0.000   0.000 |  -12.363  -7.816   1.346
  46B   0.00000527 0.43  0.515  -188.911307   24.0   3.080   3.101 |    0.000   0.000   0.000   0.000 |  -12.363  -7.816   1.492
  47B   0.00000419 0.49  0.515  -188.911308   24.0   3.080   3.101 |    0.000   0.000   0.000   0.000 |  -12.363  -7.816   1.447
  48B   0.00000297 0.55  0.515  -188.911308   24.0   3.080   3.101 |    0.000   0.000   0.000   0.000 |  -12.363  -7.816   1.545
  49B   0.00000282 0.63  0.515  -188.911308   24.0   3.080   3.101 |    0.000   0.000   0.000   0.000 |  -12.363  -7.816   1.473
  50B   0.00000302 0.10  0.515  -188.911308   24.0   3.080   3.101 |    0.000  -0.000   0.000  -0.000 |  -12.363  -7.816   1.141
  51B   0.00000264 0.11  0.515  -188.911308   24.0   3.080   3.101 |    0.000  -0.000   0.000  -0.000 |  -12.363  -7.816   0.836
  52B   0.00000143 0.13  0.515  -188.911308   24.0   3.080   3.101 |    0.000   0.000   0.000   0.000 |  -12.363  -7.816   0.973
  53B   0.00000071 0.14  0.515  -188.911308   24.0   3.080   3.101 |    0.000  -0.000   0.000  -0.000 |  -12.363  -7.816   1.466
  54B   0.00000095 0.10  0.515  -188.911308   24.0   3.080   3.101 |    0.000  -0.000   0.000  -0.000 |  -12.363  -7.816   0.769
  55B   0.00000065 0.11  0.515  -188.911307   24.0   3.080   3.101 |    0.000  -0.000   0.000  -0.000 |  -12.363  -7.816   1.506
  56B   0.00000052 0.13  0.515  -188.911307   24.0   3.080   3.101 |    0.000  -0.000   0.000  -0.000 |  -12.363  -7.816   1.519
  57B   0.00000038 0.14  0.515  -188.911308   24.0   3.080   3.101 |    0.000  -0.000   0.000  -0.000 |  -12.363  -7.816   1.581
  58B   0.00000031 0.16  0.515  -188.911308   24.0   3.080   3.101 |    0.000  -0.000   0.000  -0.000 |  -12.363  -7.816   1.520
  59B   0.00000032 0.10  0.515  -188.911308   24.0   3.080   3.101 |    0.000  -0.000   0.000  -0.000 |  -12.363  -7.816   1.425
  60B   0.00000019 0.11  0.515  -188.911308   24.0   3.080   3.101 |    0.000  -0.000   0.000  -0.000 |  -12.363  -7.816   1.394
  61B   0.00000012 0.13  0.515  -188.911308   24.0   3.080   3.101 |    0.000  -0.000   0.000  -0.000 |  -12.363  -7.816   1.487
  62B   0.00000005 0.14  0.515  -188.911308   24.0   3.080   3.101 |    0.000   0.000   0.000   0.000 |  -12.363  -7.816   0.980
  63B   0.00000004 0.16  0.515  -188.911308   24.0   3.080   3.101 |    0.000   0.000   0.000   0.000 |  -12.363  -7.816   1.482
  64B   0.00000003 0.18  0.515  -188.911308   24.0   3.080   3.101 |    0.000   0.000   0.000   0.000 |  -12.363  -7.816   1.538
  65B   0.00000002 0.21  0.515  -188.911308   24.0   3.080   3.101 |    0.000  -0.000   0.000  -0.000 |  -12.363  -7.816   1.499
  66B   0.00000001 0.24  0.515  -188.911308   24.0   3.080   3.101 |    0.000  -0.000   0.000  -0.000 |  -12.363  -7.816   1.537
  67B   0.00000002 0.10  0.515  -188.911308   24.0   3.080   3.101 |    0.000  -0.000   0.000  -0.000 |  -12.363  -7.816   1.515
  68B   0.00000001 0.11  0.515  -188.911308   24.0   3.080   3.101 |    0.000  -0.000   0.000  -0.000 |  -12.363  -7.816   1.483
  69B   0.00000001 0.13  0.515  -188.911308   24.0   3.080   3.101 |    0.000  -0.000   0.000  -0.000 |  -12.363  -7.816   1.426
  70B   0.00000001 0.14  0.515  -188.911308   24.0   3.080   3.101 |    0.000   0.000   0.000   0.000 |  -12.363  -7.816   1.475
  71B   0.00000000 0.16  0.515  -188.911308   24.0   3.080   3.101 |    0.000   0.000   0.000  -0.000 |  -12.363  -7.816   1.408
  72B   0.00000000 0.18  0.515  -188.911308   24.0   3.080   3.101 |    0.000  -0.000   0.000  -0.000 |  -12.363  -7.816   1.387
  73B   0.00000000 0.10  0.515  -188.911308   24.0   3.080   3.101 |    0.000   0.000   0.000   0.000 |  -12.363  -7.816   0.959
  74B   0.00000000 0.11  0.515  -188.911308   24.0   3.080   3.101 |    0.000   0.000   0.000   0.000 |  -12.363  -7.816   1.376
  75B   0.00000000 0.13  0.515  -188.911308   24.0   3.080   3.101 |    0.000   0.000   0.000   0.000 |  -12.363  -7.816   1.386
  ----------------------------------------------------------------------------------------------------------------------------------
  *   iteration converged   after  75 steps   si=     0.0000000006 ho=  0 tho=  0
  ----------------------------------------------------------------------------------------------------------------------------------
  Total CPU time=   2.295 minutes

  Writing to wel_file: s012_012.hel
 __________________________________  
  The tape s012_012.hel recorded:     
  nucname,npr,ngh,ngl,n00,nb,nt      
  b0,beta0,si,etot,rms,bet,xmix      
  pairing:     CpV0,CpV1,pwi         
  delta:       del,ept               
  lambda:      ala,ala2,alast,tz     
  asymptotic:  varmas,ass,skass      
  ntx,nb,nhhdim,id,N_rz,n_r,n_z      
  Omega2,Sigma2,Parity,Lambda        
  matrices(inbro):    hh,de          
  *all blocking candidates           
 __________________________________  


  NB! From expect (UNPROJECTED RESULTS)

  pairing: CpV0,CpV1,...           0.100000       0.100000       1.000000       1.000000
  forces:   UNE1                          


                             neutrons         protons         total
  Requested part.numbs.      12.000000      12.000000      24.000000
  UnPj(av) part.numbs .      12.000000      12.000000      24.000000
  b0, bz, bp ..........       1.559284       1.564210       1.556827

  lambda (ala) ........     -12.363259      -7.816234
  Lambda (alast) ......     -12.363259      -7.816234
  delta(n,p), pwi .....       0.000000       0.000000      60.000000
  pairing energy ......       0.000000       0.000000       0.000000

  rms-radius ..........       3.079784       3.100662       3.090241
  charge-radius, r0 ...                      3.202204       3.461399
  deformation beta2....       0.514790       0.516123       0.515461
  dipole moment[fm] ...       0.000000       0.000000       0.000000
  quadrupole moment[b]        0.739200       0.751197       1.490397
  octupole moment .....       0.000000       0.000000       0.000000
  hexadecapole moment .       0.012018       0.012232       0.024250
  q5 ..................       0.000000       0.000000       0.000000
  q6 ..................       0.000501       0.000501       0.001002
  q7 ..................       0.000000       0.000000       0.000000
  q8 ..................       0.000010       0.000009       0.000019

  <r^0> [fm^0] ........            1.000000            1.000000            1.000000
  <r^2> [fm^2] ........            9.485072            9.614107            9.549590
  <r^4> [fm^4] ........          133.120260          136.945239          135.032750
  <r^6> [fm^6] ........         2420.301211         2528.739646         2474.520428
  <r^8> [fm^8] ........        53333.912945        56590.594812        54962.253878

  kinetic energy ......     199.420479     196.902883     396.323362
  volume energy .......                                  -649.065045
        rho_tau .......                                    -1.687374
        rho_rho .......                                  -647.377672
  surface energy ......                                    55.670748
   rho_DELTA_rho ......                                    55.670748
   (NABLA_rho)^2 ......                                     0.000000
  spin-orbit energy ...                                   -20.125741
        rho_NABLA_J ...                                   -20.125741
        NABLA_rho_J ...                                     0.000000
  coulomb energy ......                                    28.285369
          direct ......                                    32.684280
          exchange ....                                    -4.398911
  tensor energy .......                                     0.000000
  direct Hartree E  ...                                     0.000000
  Extra E .............                                     0.000000
  External field E ....                                     0.000000
  Entropy .............       0.000000       0.000000       0.000000

  tEnergy: ehfb (qp)...                                  -188.911308

  Calculated but not added corrections 
====================================
  cmc-diagonal part ...       0.000000       0.000000       0.000000
  cmc-hfb .............       0.000000       0.000000       0.000000
  cranking rot corr ...       0.000000       0.000000       0.000000

  SQUJ ................       0.000000       0.000000       0.000000
  CRAN x 4 ............       0.000000       0.000000       0.000000
  Rigit Body ..........       0.000000       0.000000       0.000000


   Blocking candidates are:
   neutron eqpmin=   1.6539146629318964       pwiblo=   5.1031036307982882     
    num=   1 block=   3 state=   1    32 Eqp=   1.65391466  (1-2N)E=  -1.65391466  Ovlp=   0.91281680  3+[ 2, 1, 1]
    num=   2 block=   5 state=   1    56 Eqp=   3.66935581  (1-2N)E=   3.66935581  Ovlp=   0.96374161  5+[ 2, 0, 2]
    num=   3 block=   1 state=   1     1 Eqp=   3.75128265  (1-2N)E=   3.75128265  Ovlp=   0.78051772  1+[ 2, 1, 1]
    num=   4 block=   2 state=   1    17 Eqp=   4.09521423  (1-2N)E=   4.09521423  Ovlp=   0.72012830  1-[ 3, 3, 0]
    num=   5 block=   2 state=   2    18 Eqp=   4.38260592  (1-2N)E=  -4.38260592  Ovlp=   0.93270513  1-[ 1, 0, 1]
    num=   6 block=   1 state=   2     2 Eqp=   5.40017817  (1-2N)E=  -5.40017817  Ovlp=   0.78566180  1+[ 2, 2, 0]

   Blocking candidates are:
   proton  eqpmin=   1.6627402236555895       pwiblo=   5.1031036307982882     
    num=   1 block=   3 state=   1    31 Eqp=   1.66274022  (1-2N)E=  -1.66274022  Ovlp=   0.90886811  3+[ 2, 1, 1]
    num=   2 block=   1 state=   1     1 Eqp=   3.64210364  (1-2N)E=   3.64210364  Ovlp=   0.77791294  1+[ 2, 1, 1]
    num=   3 block=   5 state=   1    54 Eqp=   3.67889106  (1-2N)E=   3.67889106  Ovlp=   0.95987319  5+[ 2, 0, 2]
    num=   4 block=   2 state=   1    17 Eqp=   4.05313680  (1-2N)E=   4.05313680  Ovlp=   0.71190975  1-[ 3, 3, 0]
    num=   5 block=   2 state=   2    18 Eqp=   4.34549360  (1-2N)E=  -4.34549360  Ovlp=   0.92983324  1-[ 1, 0, 1]
    num=   6 block=   1 state=   2     2 Eqp=   5.38872156  (1-2N)E=  -5.38872156  Ovlp=   0.77951607  1+[ 2, 2, 0]



 HFBTHO_SOLVER ended without errors

