No Skyrme interaction defined in routine skforce()
Multi-threading framework with OpenMP: 1 threads/task

  =======================================
           FORTRAN 95 CODE (KIND= 8) 
               Version: 200d  
  =======================================
       AXIALLY DEFORMED CONFIGURATIONAL  
     HARTREE-FOCK-BOGOLIUBOV CALCULATIONS
                     WITH                
            UNEDF AND DELTA PAIRING      
                     USING               
             HARMONIC-OSCILLATOR         
                   AND/OR                
       TRANSFORMED HARMONIC-OSCILLATOR   
                    BASIS                
                     ---                 
               v1.66  (2005):,           
   Stoitsov,Dobaczewski,Nazarewicz,Ring, 
               v2.00d (2012):,           
         Stoitsov,Schunck,Kortelainen    
  =======================================
    Nucleus: GD (A= 156, N= 92, Z= 64)
       Reflection Symmetry Imposed       
            ( 7/15/2023,  3: 6)                               
  =======================================


  ---------------------------------------
           UNEDF Module Version:17
         M.Kortelainen & M.Stoitsov 
  ---------------------------------------

  UNE1 functional
  ----------------------------------
  Crho(0)=   -779.373008720865300    ; Crho(1)=    287.722131583286796    
  CDrho(0)=   891.477890442349690    ; CDrho(1)=  -200.587774317884879    
  Ctau(0)=  -0.989915057807676746    ; Ctau(1)=   -33.6320970701835549    
  CrDr(0)=   -45.1351310222373030    ; CrDr(1)=   -145.382167908056999    
  CrdJ(0)=   -74.0263331764599002    ; CrdJ(1)=   -35.6582611147916992    
  CJ(0)=      0.00000000000000000    ; CJ(1)=      0.00000000000000000    
  CpV0(0)=   0.100000000000000006    ; CpV0(1)=   0.100000000000000006    
  CpV1(0)=    1.00000000000000000    ; CpV1(1)=    1.00000000000000000    
  sigma=     0.270018011502707600    ; hbzero=     20.7355300000000007    
  e^2 chrg=   1.43997840859651305    ; CExPar=     1.00000000000000000    
  c.m. correction: F, chr. density in direct Coul: F
  use tensor terms: F
  use TMR pairing:  0

  Coupling constants in natural units
  -----------------------------------
  Crho_nu(0)=  -0.877667471343921757    ; Crho_nu(1)=   0.324009624211695935    
  CDrho_nu(0)=  0.941450913381434273    ; CDrho_nu(1)= -0.211831998717341041    
  Ctau_nu(0)=  -0.140321584905665799E-01; Ctau_nu(1)=  -0.476738799694694126    
  CrDr_nu(0)=  -0.639795613776358740    ; CrDr_nu(1)=   -2.06080875899188509    
  CrdJ_nu(0)=   -1.04933168903203322    ; CrdJ_nu(1)=  -0.505459905387130815    
  CJ_nu(0)=      0.00000000000000000    ; CJ_nu(1)=      0.00000000000000000    
  CpV0_nu(0)=   0.112611992142809880E-03; CpV0_nu(1)=   0.112611992142809880E-03
  CpV1_nu(0)=   0.887702254206059068E-03; CpV1_nu(1)=   0.887702254206059068E-03
  fpi_nu=        93.0000000000000000    ; Lambda_nu=     700.000000000000000    

  Nuclear matter properties
  ----------------------------------
      E_NM=     -15.8000000000000149      K_NM=     220.0000000000000284
      P_NM=      -0.0000000000000032    RHO_NM=       0.1587067693325870
    ASS_NM=      28.9867890577721070   LASS_NM=      40.0047904804136323
  SMASS_NM=       0.9924233322833640  VMASS_NM=       1.2498385742322700

  Associated (t,x)-coupling constants
  -----------------------------------
  t0=      -2078.32802325564080    ; x0=       0.537569206858470316E-01
  t1=       239.400812041522045    ; x1=       -5.07723238187693671    
  t2=       1575.11954189757989    ; x2=       -1.36650561394298609    
  t3=       14263.6462470775950    ; x3=      -0.162491168089956339    
  b4=       38.3680720616682009    ; b4p=       71.3165222295833985    
  te=      -470.362198163525477    ; to=       -203.218452192313947    
  sigma=   0.270018011502707600    ; hbzero=    20.7355300000000007    

  ---------------------------------------
        Characteristics of the run       
  ---------------------------------------
  Output file ................:     7
  Nucleus ....................:   GD 156
  Number of HO shells ........:    10
  HO length b0 (fm) ..........:     2.13015292605643
  Basis deformation ..........:  beta0=   0.010 q=   1.010
  HO: b0,1/b0,bp,bz,q ........:   0.21301529E+01  0.46944986E+00  0.21267964E+01  0.21368819E+01  0.10095067E+01
  h**2/(2m), cmc, e**2 .......:   0.20735530E+02  0.20735530E+02  0.14399784E+01
  hom=f*41.0_pr*A^{-1/3}, f...:   0.91395238E+01  0.12000000E+01
  THO basis is ...............:  OFF
  Maximal number of iterations:   400
  Initial mixing parameter ...:  0.300
  Initial w.f. ...............:  from   spherical scratch
  Skyrme functional ..........:    UNE1                          
    with direct and exchange Coulomb
  Lipkin-Nogami procedure is .:  OFF
  PAV procedure is ...........:  OFF
  Constraint calculation is ..:   ON
    Constraint 1 .............: lambda=2 Ql= -12.052
  Temperature T ..............:   0.05 MeV
  Restart indicator ..........:   1
  Broyden mixing (#iterations):   7

  ---------------------------------------
        Harmonic Oscillator Basis        
  ---------------------------------------
  NUV, NQP:                        6222     286
  Comparison with bookkeeping spherical basis:
  n00:                               10      10  Maximal number of shells
  nbx, 2*n00+1:                      21      21  Maximal number of K-blocks
  ntx, (n00+1)*(n00+2)*(n00+3)/6    286     286  Max.num. p/n levels
  nzx, n00:                          10      10  Maximal nz-quantum number
  nrx, n00/2  :                       5       5  Maximal nr-quantum number
  nlx, n00:                          10      10  Maximal ml-quantum number
  ndx, (n00+2)*(n00+2)/4:            36      36  Maximal dim. of one k-block

  Actual basis used
  Number of blocks: nb .......:   21
  Number of levels: nt .......:  286
  Maximal 2*omega : nom ......:   21
  Maximal nz:       nzm ......:   10
  Maximal nr:       nrm ......:    5
  Maximal ml:       nlm ......:   10
  Maximal N=nz+2*nr+nl .......:   10
  2 x biggest block dim. .....:   72
  Non-zero elements of h .....:     3254
  Number of Broyden elements .:    13016

  ---------------------------------------
            Integration Meshes           
  ---------------------------------------
  Number of Gauss-Hermite mesh points ngh ....:  40
  Number of Gauss-Laguerre mesh points ngl ...:  40
  Number of Gauss-Legendre mesh points nleg ..:  80
  Integration boundaries
    Hermite  - from xh(1)  =  0.12379686 to xh(ngh)   = 11.88786356
    Laguerre - From xl(1)  =  0.03570039 to xl(ngl)   =142.28004447
    Legendre - From xleg(1)=  0.00978669 to xleg(nleg)=  0.99988775
  Max.dev.in:     Orthogonality            Normalization
  Hermite     1.5248282503475657E-015   1.0991207943789050E-014
  Laguerre    4.8291451697098846E-015   9.3258734068513149E-015

  Scratch initialization for the nucleus: GD  92  64


  Initial potentials of Saxon-Woods shape 
  v0ws   =  -71.27999878
  kappa  =    0.46160001
  vs0    =   11.11750031   11.11750031
  r0     =    1.23339999    1.23339999
  a      =    0.61500001    0.61500001
  r0-so  =    1.14429998    1.14429998
  a-so   =    0.64760000    0.64760000
  beta00 =    0.01000000

  ### REGULAR STAGE (reflection symmetry imposed)
  |HFB+HO> iterations(b0=  2.130, Nsh= 10, inin=  1, N= 92, Z= 64)...
  ----------------------------------------------------------------------------------------------------------------------------------
  i          si     mix   beta      Etot       A       rn      rp         En      Dn      Ep      Dp        Ln      Lp     time
  ----------------------------------------------------------------------------------------------------------------------------------
   1L  69.94764065 0.30  0.010     0.000000    0.0   0.000   0.000 |   -2.000   1.000  -2.000   1.000 |   -7.000  -7.000   0.000
   2B  40.37771602 0.10  0.020 -1014.600564  156.0   4.803   4.551 |    0.001  -0.000   0.000  -0.000 |  -14.218 -26.849  23.378
   3B  25.49785813 0.11 -0.133  -963.466784  156.0   4.958   4.944 |    0.000  -0.000   0.000  -0.000 |   -6.244 -12.111   1.801
   4B  49.87946692 0.10 -0.185  -136.248365  156.0   5.158   4.717 |    0.000  -0.000   0.000  -0.000 |   -7.089  -8.655   2.191
   5B  14.22496086 0.11 -0.272 -1198.122424  156.0   5.222   5.071 |    0.000  -0.000   0.000  -0.000 |   -6.471  -7.298   1.888
   6B   6.27557550 0.13 -0.295 -1244.738408  156.0   5.245   5.100 |    0.000  -0.000   0.000  -0.000 |   -6.970  -7.577   3.112
   7B   5.06584401 0.14 -0.322 -1251.913443  156.0   5.278   5.147 |    0.000  -0.000   0.000  -0.000 |   -7.655  -7.498   1.790
   8B   3.54883027 0.16 -0.327 -1255.802385  156.0   5.291   5.149 |    0.000  -0.000   0.000  -0.000 |   -7.741  -7.508   1.750
   9B   3.92816589 0.10 -0.335 -1264.865398  156.0   5.295   5.170 |    0.000  -0.000   0.000  -0.000 |   -7.636  -7.410   1.849
  10B   3.50868173 0.11 -0.325 -1265.025782  156.0   5.286   5.144 |    0.000  -0.000   0.000  -0.000 |   -7.342  -7.285   2.479
  11B   3.07834876 0.13 -0.321 -1267.878044  156.0   5.275   5.143 |    0.000  -0.000   0.000  -0.000 |   -7.185  -7.179   2.444
  12B   2.90018677 0.14 -0.315 -1267.661506  156.0   5.270   5.136 |    0.000  -0.000   0.000  -0.000 |   -7.047  -7.011   2.267
  13B   2.03641834 0.16 -0.282 -1267.775563  156.0   5.231   5.094 |    0.000  -0.000   0.000  -0.000 |   -6.428  -6.891   2.788
  14B   1.80934149 0.18 -0.273 -1267.503216  156.0   5.221   5.094 |    0.000  -0.000   0.000  -0.000 |   -6.521  -7.058   1.958
  15B   2.76630108 0.10 -0.265 -1264.564066  156.0   5.221   5.085 |    0.000  -0.000   0.000  -0.000 |   -6.399  -6.916   1.761
  16B   1.90530941 0.11 -0.233 -1268.401339  156.0   5.197   5.055 |    0.000  -0.000   0.000  -0.000 |   -6.474  -6.911   2.011
  17B   1.36502823 0.13 -0.229 -1268.403115  156.0   5.194   5.056 |    0.000  -0.000   0.000  -0.000 |   -6.430  -6.921   2.181
  18B   1.11103863 0.14 -0.219 -1268.845753  156.0   5.189   5.045 |    0.000  -0.000   0.000  -0.000 |   -6.333  -6.862   2.329
  19B   2.19936262 0.10 -0.230 -1268.695525  156.0   5.195   5.062 |    0.000  -0.000   0.000  -0.000 |   -6.497  -6.974   2.330
  20B   0.86765417 0.11 -0.222 -1269.224020  156.0   5.192   5.051 |    0.000  -0.000   0.000  -0.000 |   -6.464  -6.944   1.727
  21B   0.93487510 0.10 -0.224 -1269.425592  156.0   5.193   5.056 |    0.000  -0.000   0.000  -0.000 |   -6.476  -6.936   2.459
  22B   0.57432552 0.11 -0.220 -1269.435278  156.0   5.192   5.055 |    0.000  -0.000   0.000  -0.000 |   -6.532  -6.947   2.084
  23B   0.84830020 0.10 -0.226 -1269.122870  156.0   5.195   5.064 |    0.000  -0.000   0.000  -0.000 |   -6.633  -6.994   2.466
  24B   0.28099349 0.11 -0.225 -1269.600092  156.0   5.197   5.060 |    0.000  -0.000   0.000  -0.000 |   -6.624  -6.981   2.128
  25B   0.28444332 0.10 -0.225 -1269.569418  156.0   5.197   5.060 |    0.000  -0.000   0.000  -0.000 |   -6.638  -6.998   1.889
  26B   0.40015460 0.10 -0.228 -1269.562737  156.0   5.199   5.065 |    0.000  -0.000   0.000  -0.000 |   -6.676  -7.002   1.809
  27B   0.19263130 0.11 -0.229 -1269.587041  156.0   5.200   5.066 |    0.000  -0.000   0.000  -0.000 |   -6.708  -7.003   1.683
  28B   0.21144386 0.10 -0.231 -1269.555891  156.0   5.202   5.068 |    0.000  -0.000   0.000  -0.000 |   -6.739  -7.023   1.676
  29B   0.33899845 0.10 -0.232 -1269.569557  156.0   5.204   5.068 |    0.000   0.000   0.000   0.000 |   -6.764  -7.022   1.419
  30B   0.14289580 0.11 -0.234 -1269.573653  156.0   5.204   5.072 |    0.000   0.000   0.000   0.000 |   -6.782  -7.021   1.837
  31B   0.10629438 0.13 -0.232 -1269.599867  156.0   5.203   5.069 |    0.000  -0.000   0.000  -0.000 |   -6.756  -7.007   1.488
  32B   0.12675210 0.10 -0.232 -1269.600433  156.0   5.203   5.069 |    0.000  -0.000   0.000  -0.000 |   -6.746  -7.002   1.732
  33B   0.10197837 0.11 -0.232 -1269.603845  156.0   5.204   5.069 |    0.000  -0.000   0.000  -0.000 |   -6.751  -7.001   2.427
  34B   0.07971772 0.13 -0.232 -1269.600955  156.0   5.203   5.069 |    0.000  -0.000   0.000  -0.000 |   -6.750  -7.000   2.179
  35B   0.05803808 0.14 -0.232 -1269.612108  156.0   5.203   5.069 |    0.000  -0.000   0.000  -0.000 |   -6.741  -6.994   2.204
  36B   0.07114886 0.10 -0.231 -1269.616121  156.0   5.203   5.068 |    0.000  -0.000   0.000  -0.000 |   -6.734  -6.985   2.587
  37B   0.05184974 0.11 -0.231 -1269.619312  156.0   5.202   5.067 |    0.000  -0.000   0.000  -0.000 |   -6.730  -6.985   4.001
  38B   0.03639461 0.13 -0.230 -1269.622410  156.0   5.202   5.067 |    0.000  -0.000   0.000  -0.000 |   -6.729  -6.982   2.367
  39B   0.02667071 0.14 -0.231 -1269.620570  156.0   5.202   5.068 |    0.000  -0.000   0.000  -0.000 |   -6.733  -6.983   2.736
  40B   0.01985616 0.16 -0.231 -1269.620743  156.0   5.202   5.068 |    0.000  -0.000   0.000  -0.000 |   -6.736  -6.984   2.882
  41B   0.02520985 0.10 -0.231 -1269.618467  156.0   5.203   5.068 |    0.000  -0.000   0.000  -0.000 |   -6.742  -6.984   3.597
  42B   0.04905903 0.10 -0.231 -1269.617728  156.0   5.203   5.068 |    0.000  -0.000   0.000  -0.000 |   -6.744  -6.984   2.418
  43B   0.02319008 0.11 -0.231 -1269.615491  156.0   5.203   5.069 |    0.000   0.000   0.000   0.000 |   -6.751  -6.982   2.368
  44B   0.03585907 0.10 -0.231 -1269.616929  156.0   5.203   5.068 |    0.000  -0.000   0.000  -0.000 |   -6.745  -6.982   1.898
  45B   0.01845127 0.11 -0.231 -1269.616767  156.0   5.203   5.069 |    0.000  -0.000   0.000  -0.000 |   -6.747  -6.980   1.539
  46B   0.01417627 0.13 -0.231 -1269.616530  156.0   5.203   5.069 |    0.000  -0.000   0.000  -0.000 |   -6.748  -6.980   2.086
  47B   0.01453876 0.10 -0.231 -1269.616825  156.0   5.203   5.069 |    0.000   0.000   0.000   0.000 |   -6.747  -6.979   3.479
  48B   0.01034734 0.11 -0.231 -1269.618124  156.0   5.203   5.068 |    0.000  -0.000   0.000  -0.000 |   -6.744  -6.977   2.325
  49B   0.01124729 0.10 -0.231 -1269.616964  156.0   5.203   5.068 |    0.000   0.000   0.000   0.000 |   -6.746  -6.976   3.141
  50B   0.00617949 0.11 -0.231 -1269.617431  156.0   5.203   5.068 |    0.000   0.000   0.000   0.000 |   -6.746  -6.977   1.533
  51B   0.00453907 0.13 -0.231 -1269.617236  156.0   5.203   5.068 |    0.000   0.000   0.000   0.000 |   -6.746  -6.976   2.440
  52B   0.00394507 0.14 -0.231 -1269.617231  156.0   5.203   5.068 |    0.000   0.000   0.000   0.000 |   -6.746  -6.976   1.393
  53B   0.00425179 0.10 -0.231 -1269.616929  156.0   5.203   5.068 |    0.000   0.000   0.000   0.000 |   -6.747  -6.977   2.246
  54B   0.00157574 0.11 -0.231 -1269.616887  156.0   5.203   5.068 |    0.000   0.000   0.000   0.000 |   -6.747  -6.977   2.306
  55B   0.00136727 0.13 -0.231 -1269.616746  156.0   5.203   5.068 |    0.000   0.000   0.000   0.000 |   -6.748  -6.977   2.233
  56B   0.00136378 0.14 -0.231 -1269.616642  156.0   5.203   5.068 |    0.000  -0.000   0.000  -0.000 |   -6.748  -6.977   1.724
  57B   0.00129304 0.16 -0.231 -1269.616550  156.0   5.203   5.068 |    0.000  -0.000   0.000  -0.000 |   -6.748  -6.976   1.581
  58B   0.00086360 0.18 -0.231 -1269.616644  156.0   5.203   5.068 |    0.000   0.000   0.000   0.000 |   -6.748  -6.976   1.613
  59B   0.00062254 0.21 -0.231 -1269.616669  156.0   5.203   5.068 |    0.000   0.000   0.000   0.000 |   -6.747  -6.976   1.694
  60B   0.00062130 0.24 -0.231 -1269.616630  156.0   5.203   5.068 |    0.000   0.000   0.000   0.000 |   -6.748  -6.976   1.881
  61B   0.00036511 0.27 -0.231 -1269.616627  156.0   5.203   5.068 |    0.000   0.000   0.000   0.000 |   -6.748  -6.976   2.549
  62B   0.00031820 0.30 -0.231 -1269.616610  156.0   5.203   5.068 |    0.000   0.000   0.000   0.000 |   -6.748  -6.976   2.283
  63B   0.00033589 0.10 -0.231 -1269.616597  156.0   5.203   5.068 |    0.000  -0.000   0.000  -0.000 |   -6.748  -6.976   1.937
  64B   0.00016286 0.11 -0.231 -1269.616578  156.0   5.203   5.068 |    0.000  -0.000   0.000  -0.000 |   -6.748  -6.976   2.576
  65B   0.00008390 0.13 -0.231 -1269.616569  156.0   5.203   5.068 |    0.000  -0.000   0.000  -0.000 |   -6.748  -6.976   2.728
  66B   0.00024794 0.10 -0.231 -1269.616549  156.0   5.203   5.068 |    0.000  -0.000   0.000  -0.000 |   -6.748  -6.976   1.861
  67B   0.00007006 0.11 -0.231 -1269.616558  156.0   5.203   5.068 |    0.000  -0.000   0.000  -0.000 |   -6.748  -6.976   3.697
  68B   0.00005235 0.13 -0.231 -1269.616556  156.0   5.203   5.068 |    0.000  -0.000   0.000  -0.000 |   -6.748  -6.976   2.187
  69B   0.00007988 0.10 -0.231 -1269.616556  156.0   5.203   5.068 |    0.000  -0.000   0.000  -0.000 |   -6.748  -6.976   2.556
  70B   0.00004353 0.11 -0.231 -1269.616557  156.0   5.203   5.068 |    0.000  -0.000   0.000  -0.000 |   -6.748  -6.976   2.884
  71B   0.00007008 0.10 -0.231 -1269.616559  156.0   5.203   5.068 |    0.000   0.000   0.000   0.000 |   -6.748  -6.976   1.841
  72B   0.00004299 0.11 -0.231 -1269.616557  156.0   5.203   5.068 |    0.000  -0.000   0.000  -0.000 |   -6.748  -6.976   2.725
  73B   0.00002996 0.13 -0.231 -1269.616557  156.0   5.203   5.068 |    0.000  -0.000   0.000  -0.000 |   -6.748  -6.976   1.907
  74B   0.00003013 0.10 -0.231 -1269.616558  156.0   5.203   5.068 |    0.000  -0.000   0.000  -0.000 |   -6.748  -6.976   2.893
  75B   0.00002650 0.11 -0.231 -1269.616558  156.0   5.203   5.068 |    0.000  -0.000   0.000  -0.000 |   -6.748  -6.976   2.324
  76B   0.00003249 0.10 -0.231 -1269.616559  156.0   5.203   5.068 |    0.000  -0.000   0.000  -0.000 |   -6.748  -6.976   2.307
  77B   0.00002044 0.11 -0.231 -1269.616559  156.0   5.203   5.068 |    0.000  -0.000   0.000  -0.000 |   -6.748  -6.976   1.568
  78B   0.00001943 0.13 -0.231 -1269.616560  156.0   5.203   5.068 |    0.000  -0.000   0.000  -0.000 |   -6.748  -6.976   1.456
  79B   0.00001712 0.14 -0.231 -1269.616560  156.0   5.203   5.068 |    0.000  -0.000   0.000  -0.000 |   -6.748  -6.976   1.544
  80B   0.00001952 0.10 -0.231 -1269.616560  156.0   5.203   5.068 |    0.000  -0.000   0.000  -0.000 |   -6.748  -6.976   1.686
  81B   0.00000868 0.11 -0.231 -1269.616560  156.0   5.203   5.068 |    0.000  -0.000   0.000  -0.000 |   -6.748  -6.976   2.569
  82B   0.00000748 0.13 -0.231 -1269.616560  156.0   5.203   5.068 |    0.000  -0.000   0.000  -0.000 |   -6.748  -6.976   2.153
  83B   0.00000571 0.14 -0.231 -1269.616560  156.0   5.203   5.068 |    0.000  -0.000   0.000  -0.000 |   -6.748  -6.976   1.728
  84B   0.00000681 0.10 -0.231 -1269.616559  156.0   5.203   5.068 |    0.000  -0.000   0.000  -0.000 |   -6.748  -6.976   2.354
  85B   0.00000489 0.11 -0.231 -1269.616559  156.0   5.203   5.068 |    0.000  -0.000   0.000  -0.000 |   -6.748  -6.976   2.498
  86B   0.00000608 0.10 -0.231 -1269.616559  156.0   5.203   5.068 |    0.000   0.000   0.000   0.000 |   -6.748  -6.976   2.544
  87B   0.00000418 0.11 -0.231 -1269.616559  156.0   5.203   5.068 |    0.000  -0.000   0.000  -0.000 |   -6.748  -6.976   2.882
  88B   0.00000332 0.13 -0.231 -1269.616559  156.0   5.203   5.068 |    0.000   0.000   0.000   0.000 |   -6.748  -6.976   2.694
  89B   0.00000387 0.10 -0.231 -1269.616559  156.0   5.203   5.068 |    0.000   0.000   0.000   0.000 |   -6.748  -6.976   2.154
  90B   0.00000286 0.11 -0.231 -1269.616558  156.0   5.203   5.068 |    0.000   0.000   0.000   0.000 |   -6.748  -6.976   2.325
  91B   0.00000239 0.13 -0.231 -1269.616559  156.0   5.203   5.068 |    0.000  -0.000   0.000  -0.000 |   -6.748  -6.976   2.414
  92B   0.00000261 0.10 -0.231 -1269.616559  156.0   5.203   5.068 |    0.000  -0.000   0.000  -0.000 |   -6.748  -6.976   2.204
  93B   0.00000225 0.11 -0.231 -1269.616559  156.0   5.203   5.068 |    0.000  -0.000   0.000  -0.000 |   -6.748  -6.976   1.965
  94B   0.00000255 0.10 -0.231 -1269.616559  156.0   5.203   5.068 |    0.000  -0.000   0.000  -0.000 |   -6.748  -6.976   1.540
  95B   0.00000160 0.11 -0.231 -1269.616559  156.0   5.203   5.068 |    0.000  -0.000   0.000  -0.000 |   -6.748  -6.976   2.052
  96B   0.00000176 0.10 -0.231 -1269.616559  156.0   5.203   5.068 |    0.000  -0.000   0.000  -0.000 |   -6.748  -6.976   1.936
  97B   0.00000127 0.11 -0.231 -1269.616559  156.0   5.203   5.068 |    0.000  -0.000   0.000  -0.000 |   -6.748  -6.976   1.467
  98B   0.00000084 0.13 -0.231 -1269.616559  156.0   5.203   5.068 |    0.000   0.000   0.000   0.000 |   -6.748  -6.976   2.485
  99B   0.00000133 0.10 -0.231 -1269.616559  156.0   5.203   5.068 |    0.000   0.000   0.000   0.000 |   -6.748  -6.976   2.364
 100B   0.00000099 0.11 -0.231 -1269.616559  156.0   5.203   5.068 |    0.000   0.000   0.000   0.000 |   -6.748  -6.976   2.531
 101B   0.00000103 0.10 -0.231 -1269.616559  156.0   5.203   5.068 |    0.000   0.000   0.000   0.000 |   -6.748  -6.976   1.898
 102B   0.00000085 0.11 -0.231 -1269.616559  156.0   5.203   5.068 |    0.000   0.000   0.000   0.000 |   -6.748  -6.976   1.889
 103B   0.00000135 0.10 -0.231 -1269.616558  156.0   5.203   5.068 |    0.000   0.000   0.000   0.000 |   -6.748  -6.976   1.838
 104B   0.00000057 0.11 -0.231 -1269.616558  156.0   5.203   5.068 |    0.000  -0.000   0.000  -0.000 |   -6.748  -6.976   2.697
 105B   0.00000099 0.10 -0.231 -1269.616558  156.0   5.203   5.068 |    0.000  -0.000   0.000  -0.000 |   -6.748  -6.976   3.285
 106B   0.00000054 0.11 -0.231 -1269.616558  156.0   5.203   5.068 |    0.000   0.000   0.000   0.000 |   -6.748  -6.976   2.361
 107B   0.00000049 0.13 -0.231 -1269.616558  156.0   5.203   5.068 |    0.000   0.000   0.000   0.000 |   -6.748  -6.976   2.322
 108B   0.00000041 0.14 -0.231 -1269.616558  156.0   5.203   5.068 |    0.000   0.000   0.000   0.000 |   -6.748  -6.976   3.826
 109B   0.00000066 0.10 -0.231 -1269.616558  156.0   5.203   5.068 |    0.000   0.000   0.000   0.000 |   -6.748  -6.976   3.124
 110B   0.00000067 0.10 -0.231 -1269.616559  156.0   5.203   5.068 |    0.000   0.000   0.000   0.000 |   -6.748  -6.976   2.105
 111B   0.00000037 0.11 -0.231 -1269.616558  156.0   5.203   5.068 |    0.000   0.000   0.000   0.000 |   -6.748  -6.976   2.730
 112B   0.00000044 0.10 -0.231 -1269.616559  156.0   5.203   5.068 |    0.000  -0.000   0.000   0.000 |   -6.748  -6.976   1.586
 113B   0.00000023 0.11 -0.231 -1269.616559  156.0   5.203   5.068 |    0.000   0.000   0.000  -0.000 |   -6.748  -6.976   1.448
 114B   0.00000016 0.13 -0.231 -1269.616559  156.0   5.203   5.068 |    0.000  -0.000   0.000  -0.000 |   -6.748  -6.976   1.799
 115B   0.00000025 0.10 -0.231 -1269.616558  156.0   5.203   5.068 |    0.000   0.000   0.000  -0.000 |   -6.748  -6.976   1.948
 116B   0.00000017 0.11 -0.231 -1269.616558  156.0   5.203   5.068 |    0.000  -0.000   0.000   0.000 |   -6.748  -6.976   1.763
 117B   0.00000015 0.13 -0.231 -1269.616558  156.0   5.203   5.068 |    0.000  -0.000   0.000  -0.000 |   -6.748  -6.976   1.917
 118B   0.00000010 0.14 -0.231 -1269.616558  156.0   5.203   5.068 |    0.000  -0.000   0.000  -0.000 |   -6.748  -6.976   1.731
 119B   0.00000019 0.10 -0.231 -1269.616558  156.0   5.203   5.068 |    0.000  -0.000   0.000  -0.000 |   -6.748  -6.976   1.946
 120B   0.00000011 0.11 -0.231 -1269.616558  156.0   5.203   5.068 |    0.000   0.000   0.000  -0.000 |   -6.748  -6.976   1.345
 121B   0.00000015 0.10 -0.231 -1269.616558  156.0   5.203   5.068 |    0.000   0.000   0.000  -0.000 |   -6.748  -6.976   1.390
 122B   0.00000011 0.11 -0.231 -1269.616558  156.0   5.203   5.068 |    0.000  -0.000   0.000  -0.000 |   -6.748  -6.976   1.538
 123B   0.00000011 0.13 -0.231 -1269.616558  156.0   5.203   5.068 |    0.000  -0.000   0.000  -0.000 |   -6.748  -6.976   1.385
 124B   0.00000007 0.14 -0.231 -1269.616558  156.0   5.203   5.068 |    0.000   0.000   0.000   0.000 |   -6.748  -6.976   1.706
 125B   0.00000008 0.10 -0.231 -1269.616558  156.0   5.203   5.068 |    0.000  -0.000   0.000   0.000 |   -6.748  -6.976   1.660
 126B   0.00000007 0.11 -0.231 -1269.616558  156.0   5.203   5.068 |    0.000  -0.000   0.000   0.000 |   -6.748  -6.976   1.936
 127B   0.00000005 0.13 -0.231 -1269.616558  156.0   5.203   5.068 |    0.000  -0.000   0.000   0.000 |   -6.748  -6.976   1.675
 128B   0.00000010 0.10 -0.231 -1269.616558  156.0   5.203   5.068 |    0.000   0.000   0.000   0.000 |   -6.748  -6.976   2.133
 129B   0.00000006 0.11 -0.231 -1269.616558  156.0   5.203   5.068 |    0.000   0.000   0.000   0.000 |   -6.748  -6.976   2.758
 130B   0.00000004 0.13 -0.231 -1269.616558  156.0   5.203   5.068 |    0.000   0.000   0.000   0.000 |   -6.748  -6.976   3.205
 131B   0.00000006 0.10 -0.231 -1269.616558  156.0   5.203   5.068 |    0.000   0.000   0.000   0.000 |   -6.748  -6.976   2.210
 132B   0.00000004 0.11 -0.231 -1269.616558  156.0   5.203   5.068 |    0.000   0.000   0.000   0.000 |   -6.748  -6.976   1.568
 133B   0.00000001 0.13 -0.231 -1269.616558  156.0   5.203   5.068 |    0.000   0.000   0.000   0.000 |   -6.748  -6.976   2.011
 134B   0.00000001 0.14 -0.231 -1269.616558  156.0   5.203   5.068 |    0.000   0.000   0.000  -0.000 |   -6.748  -6.976   3.602
 135B   0.00000001 0.16 -0.231 -1269.616558  156.0   5.203   5.068 |    0.000   0.000   0.000   0.000 |   -6.748  -6.976   2.767
 136B   0.00000001 0.10 -0.231 -1269.616558  156.0   5.203   5.068 |    0.000   0.000   0.000  -0.000 |   -6.748  -6.976   2.429
 137B   0.00000001 0.11 -0.231 -1269.616558  156.0   5.203   5.068 |    0.000   0.000   0.000  -0.000 |   -6.748  -6.976   1.781
 138B   0.00000001 0.13 -0.231 -1269.616558  156.0   5.203   5.068 |    0.000   0.000   0.000   0.000 |   -6.748  -6.976   2.773
 139B   0.00000001 0.14 -0.231 -1269.616558  156.0   5.203   5.068 |    0.000   0.000   0.000   0.000 |   -6.748  -6.976   2.650
 140B   0.00000000 0.16 -0.231 -1269.616558  156.0   5.203   5.068 |    0.000   0.000   0.000  -0.000 |   -6.748  -6.976   2.904
 141B   0.00000000 0.18 -0.231 -1269.616558  156.0   5.203   5.068 |    0.000   0.000   0.000  -0.000 |   -6.748  -6.976   3.178
 142B   0.00000000 0.21 -0.231 -1269.616558  156.0   5.203   5.068 |    0.000   0.000   0.000   0.000 |   -6.748  -6.976   3.617
 143B   0.00000000 0.24 -0.231 -1269.616558  156.0   5.203   5.068 |    0.000   0.000   0.000   0.000 |   -6.748  -6.976   2.523
 144B   0.00000000 0.10 -0.231 -1269.616558  156.0   5.203   5.068 |    0.000   0.000   0.000  -0.000 |   -6.748  -6.976   3.861
 145B   0.00000001 0.10 -0.231 -1269.616558  156.0   5.203   5.068 |    0.000   0.000   0.000   0.000 |   -6.748  -6.976   2.552
 146B   0.00000000 0.11 -0.231 -1269.616558  156.0   5.203   5.068 |    0.000   0.000   0.000   0.000 |   -6.748  -6.976   2.380
 147B   0.00000000 0.10 -0.231 -1269.616558  156.0   5.203   5.068 |    0.000   0.000   0.000  -0.000 |   -6.748  -6.976   1.991
 148B   0.00000000 0.11 -0.231 -1269.616558  156.0   5.203   5.068 |    0.000  -0.000   0.000  -0.000 |   -6.748  -6.976   2.715
 149B   0.00000000 0.10 -0.231 -1269.616558  156.0   5.203   5.068 |    0.000  -0.000   0.000   0.000 |   -6.748  -6.976   2.185
 150B   0.00000000 0.10 -0.231 -1269.616558  156.0   5.203   5.068 |    0.000  -0.000   0.000   0.000 |   -6.748  -6.976   3.187
 151B   0.00000000 0.11 -0.231 -1269.616558  156.0   5.203   5.068 |    0.000  -0.000   0.000  -0.000 |   -6.748  -6.976   2.641
 152B   0.00000000 0.13 -0.231 -1269.616558  156.0   5.203   5.068 |    0.000  -0.000   0.000  -0.000 |   -6.748  -6.976   2.649
  ----------------------------------------------------------------------------------------------------------------------------------
  *   iteration converged   after 152 steps   si=     0.0000000010 ho=  0 tho=  0
  ----------------------------------------------------------------------------------------------------------------------------------
  Total CPU time=   6.081 minutes

  Writing to wel_file: s092_064.hel
 __________________________________  
  The tape s092_064.hel recorded:     
  nucname,npr,ngh,ngl,n00,nb,nt      
  b0,beta0,si,etot,rms,bet,xmix      
  pairing:     CpV0,CpV1,pwi         
  delta:       del,ept               
  lambda:      ala,ala2,alast,tz     
  asymptotic:  varmas,ass,skass      
  ntx,nb,nhhdim,id,N_rz,n_r,n_z      
  Omega2,Sigma2,Parity,Lambda        
  matrices(inbro):    hh,de          
  *all blocking candidates           
 __________________________________  


  NB! From expect (UNPROJECTED RESULTS)

  pairing: CpV0,CpV1,...           0.100000       0.100000       1.000000       1.000000
  forces:   UNE1                          


                             neutrons         protons         total
  Requested part.numbs.      92.000000      64.000000     156.000000
  UnPj(av) part.numbs .      92.000000      64.000000     156.000000
  b0, bz, bp ..........       2.130153       2.136882       2.126796

  lambda (ala) ........      -6.747722      -6.976116
  Lambda (alast) ......      -6.747722      -6.976116
  delta(n,p), pwi .....      -0.000000      -0.000000      60.000000
  pairing energy ......       0.000000       0.000000       0.000000

  rms-radius ..........       5.202986       5.068467       5.148224
  charge-radius, r0 ...                      5.131214       6.459855
  deformation beta2....      -0.221612      -0.245363      -0.231057
  dipole moment[fm] ...       0.000000       0.000000       0.000000
  quadrupole moment[b]       -6.963003      -5.089243     -12.052246
  octupole moment .....       0.000000       0.000000       0.000000
  hexadecapole moment .       0.383453       0.243604       0.627056
  q5 ..................       0.000000       0.000000       0.000000
  q6 ..................      -0.057019      -0.032444      -0.089463
  q7 ..................       0.000000       0.000000       0.000000
  q8 ..................       0.005085       0.003070       0.008155

  <r^0> [fm^0] ........            1.000000            1.000000            1.000000
  <r^2> [fm^2] ........           27.071067           25.689357           26.504212
  <r^4> [fm^4] ........          963.569926          851.235873          917.484161
  <r^6> [fm^6] ........        40831.697843        33096.648630        37658.344320
  <r^8> [fm^8] ........      1975210.033634      1450350.183876      1759882.915785

  kinetic energy ......    1803.002752    1061.421953    2864.424705
  volume energy .......                                 -4778.007570
        rho_tau .......                                   -38.838946
        rho_rho .......                                 -4739.168624
  surface energy ......                                   170.138931
   rho_DELTA_rho ......                                   170.138931
   (NABLA_rho)^2 ......                                     0.000000
  spin-orbit energy ...                                   -49.452622
        rho_NABLA_J ...                                   -49.452622
        NABLA_rho_J ...                                     0.000000
  coulomb energy ......                                   523.279998
          direct ......                                   547.764214
          exchange ....                                   -24.484217
  tensor energy .......                                     0.000000
  direct Hartree E  ...                                     0.000000
  Extra E .............                                     0.000000
  External field E ....                                     0.000000
  Entropy .............       0.903779       3.647858       4.551638

  tEnergy: ehfb (qp)...                                 -1269.616558

  Calculated but not added corrections 
====================================
  cmc-diagonal part ...      -0.000000       0.000000       0.000000
  cmc-hfb .............       0.000000       0.000000       0.000000
  cranking rot corr ...       0.000000       0.000000       0.000000

  SQUJ ................       0.000000       0.000000       0.000000
  CRAN x 4 ............       0.000000       0.000000       0.000000
  Rigit Body ..........       0.000000       0.000000       0.000000


   Blocking candidates are:
   neutron eqpmin=  0.14243884999802958       pwiblo=   2.0016019225635890     
    num=   1 block=   6 state=   1   147 Eqp=   0.14243885  (1-2N)E=  -0.14243885  Ovlp=   0.77590739  5-[ 5, 0, 3]
    num=   2 block=   2 state=   1    37 Eqp=   0.13977677  (1-2N)E=   0.13977677  Ovlp=   0.71499280  1-[ 5, 0, 1]
    num=   3 block=   4 state=   1    97 Eqp=   0.29339654  (1-2N)E=  -0.29339654  Ovlp=   0.68453394  3-[ 5, 0, 1]
    num=   4 block=   1 state=   1     1 Eqp=   0.66693890  (1-2N)E=  -0.66693890  Ovlp=   0.89860141  1+[ 4, 4, 0]
    num=   5 block=  11 state=   1   231 Eqp=   0.68568167  (1-2N)E=   0.68568167  Ovlp=   0.86562086 11+[ 6, 1, 5]
    num=   6 block=  13 state=   1   252 Eqp=   0.80661603  (1-2N)E=  -0.80661603  Ovlp=   0.97509728 13+[ 6, 0, 6]
    num=   7 block=   6 state=   2   148 Eqp=   1.10819317  (1-2N)E=   1.10819317  Ovlp=   0.61575493  5-[ 5, 2, 3]
    num=   8 block=   8 state=   1   187 Eqp=   1.20772326  (1-2N)E=   1.20772326  Ovlp=   0.69800168  7-[ 5, 1, 4]
    num=   9 block=  10 state=   1   219 Eqp=   1.42343451  (1-2N)E=  -1.42343451  Ovlp=   0.83486308  9-[ 5, 0, 5]
    num=  10 block=   2 state=   2    38 Eqp=   1.53053851  (1-2N)E=   1.53053851  Ovlp=   0.67266657  1-[ 5, 1, 0]
    num=  11 block=   8 state=   2   188 Eqp=   1.56650022  (1-2N)E=  -1.56650022  Ovlp=   0.64870796  7-[ 5, 0, 3]
    num=  12 block=   9 state=   1   203 Eqp=   1.70945091  (1-2N)E=   1.70945091  Ovlp=   0.59074256  9+[ 6, 2, 4]
    num=  13 block=   4 state=   2    98 Eqp=   1.74472828  (1-2N)E=   1.74472828  Ovlp=   0.70990084  3-[ 5, 1, 2]

   Blocking candidates are:
   proton  eqpmin=  0.40129353160076420       pwiblo=   2.0016019225635890     
    num=   1 block=   5 state=   1   122 Eqp=   0.40129353  (1-2N)E=  -0.40129353  Ovlp=   0.80120486  5+[ 4, 2, 2]
    num=   2 block=   1 state=   1     1 Eqp=   0.07357504  (1-2N)E=   0.07357504  Ovlp=   0.70974363  1+[ 4, 2, 0]
    num=   3 block=   3 state=   1    67 Eqp=   0.03018093  (1-2N)E=   0.03018093  Ovlp=   0.78907222  3+[ 4, 2, 2]
    num=   4 block=  10 state=   1   219 Eqp=   0.00799782  (1-2N)E=   0.00799782  Ovlp=   0.77482091  9-[ 5, 1, 4]
    num=   5 block=   8 state=   1   187 Eqp=   0.87934604  (1-2N)E=   0.87934604  Ovlp=   0.57545848  7-[ 5, 0, 3]
    num=   6 block=   6 state=   1   147 Eqp=   1.61108326  (1-2N)E=   1.61108326  Ovlp=   0.59481680  5-[ 5, 1, 2]
    num=   7 block=  12 state=   1   243 Eqp=   1.72258937  (1-2N)E=  -1.72258937  Ovlp=   0.94978940 11-[ 5, 0, 5]
    num=   8 block=   1 state=   2     2 Eqp=   1.80526540  (1-2N)E=  -1.80526540  Ovlp=   0.58907473  1+[ 4, 0, 0]
    num=   9 block=   4 state=   1    97 Eqp=   2.00049369  (1-2N)E=   2.00049369  Ovlp=   0.51852623  3-[ 5, 2, 1]
    num=  10 block=   3 state=   2    68 Eqp=   2.08060147  (1-2N)E=  -2.08060147  Ovlp=   0.65062612  3+[ 4, 0, 2]
    num=  11 block=   2 state=   1    37 Eqp=   2.16931061  (1-2N)E=   2.16931061  Ovlp=   0.50377316  1-[ 5, 1, 0]



 HFBTHO_SOLVER ended without errors

