
  =======================================
           FORTRAN 95 CODE (KIND= 8) 
               Version: 200d  
  =======================================
       AXIALLY DEFORMED CONFIGURATIONAL  
     HARTREE-FOCK-BOGOLIUBOV CALCULATIONS
                     WITH                
            UNEDF AND DELTA PAIRING      
                     USING               
             HARMONIC-OSCILLATOR         
                   AND/OR                
       TRANSFORMED HARMONIC-OSCILLATOR   
                    BASIS                
                     ---                 
               v1.66  (2005):,           
   Stoitsov,Dobaczewski,Nazarewicz,Ring, 
               v2.00d (2012):,           
         Stoitsov,Schunck,Kortelainen    
  =======================================
    Nucleus: MG (A=  24, N= 12, Z= 12)
       Reflection Symmetry Imposed       
            ( 7/14/2023, 21:43)                               
  =======================================


  ---------------------------------------
           UNEDF Module Version:17
         M.Kortelainen & M.Stoitsov 
  ---------------------------------------

  UNE1 functional
  ----------------------------------
  Crho(0)=   -783.135365322900952    ; Crho(1)=    356.468458021533763    
  CDrho(0)=   890.802014989928125    ; CDrho(1)=  -319.467143368562972    
  Ctau(0)=   0.459557929468282944    ; Ctau(1)=   -32.2228248702600268    
  CrDr(0)=   -46.3768859439104730    ; CrDr(1)=   -116.216977046726598    
  CrdJ(0)=   -77.7977966571049819    ; CrdJ(1)=   -35.8764451407754379    
  CJ(0)=      0.00000000000000000    ; CJ(1)=      0.00000000000000000    
  CpV0(0)=   0.100000000000000006    ; CpV0(1)=   0.100000000000000006    
  CpV1(0)=    1.00000000000000000    ; CpV1(1)=    1.00000000000000000    
  sigma=     0.267381200711459210    ; hbzero=     20.7355300000000007    
  e^2 chrg=   1.43997840859651305    ; CExPar=     1.00000000000000000    
  c.m. correction: F, chr. density in direct Coul: F
  use tensor terms: F
  use TMR pairing:  0

  Coupling constants in natural units
  -----------------------------------
  Crho_nu(0)=  -0.881904336064990524    ; Crho_nu(1)=   0.401426231938805056    
  CDrho_nu(0)=  0.941327450139991750    ; CDrho_nu(1)= -0.337587013062646379    
  Ctau_nu(0)=   0.651428589860728567E-02; Ctau_nu(1)=  -0.456762206036778140    
  CrDr_nu(0)=  -0.657397630969579816    ; CrDr_nu(1)=   -1.64738886266243378    
  CrdJ_nu(0)=   -1.10279261265814643    ; CrdJ_nu(1)=  -0.508552688761387373    
  CJ_nu(0)=      0.00000000000000000    ; CJ_nu(1)=      0.00000000000000000    
  CpV0_nu(0)=   0.112611992142809880E-03; CpV0_nu(1)=   0.112611992142809880E-03
  CpV1_nu(0)=   0.887702254206059068E-03; CpV1_nu(1)=   0.887702254206059068E-03
  fpi_nu=        93.0000000000000000    ; Lambda_nu=     700.000000000000000    

  Nuclear matter properties
  ----------------------------------
      E_NM=     -15.7999999999999776      K_NM=     219.9999999999997726
      P_NM=       0.0000000000000012    RHO_NM=       0.1585115529334514
    ASS_NM=      28.7876488237042771   LASS_NM=      31.3808242343411443
  SMASS_NM=       1.0035130638600942  VMASS_NM=       1.2498385742322697

  Associated (t,x)-coupling constants
  -----------------------------------
  t0=      -2088.36097419440239    ; x0=       0.182771728501665898    
  t1=       247.956135606813547    ; x1=       -3.98969048301910867    
  t2=       1251.92519414418121    ; x2=       -1.39707657522070061    
  t3=       14252.8322398388500    ; x3=       0.379430075248118337E-01
  b4=       41.9213515163295440    ; b4p=       71.7528902815508758    
  te=      -374.227265564153072    ; to=       -173.433453856679535    
  sigma=   0.267381200711459210    ; hbzero=    20.7355300000000007    

  ---------------------------------------
        Characteristics of the run       
  ---------------------------------------
  Output file ................:     7
  Nucleus ....................:   MG  24
  Number of HO shells ........:     4
  HO length b0 (fm) ..........:     1.55928400372611
  Basis deformation ..........:  beta0=   0.010 q=   1.010
  HO: b0,1/b0,bp,bz,q ........:   0.15592840E+01  0.64131999E+00  0.15568270E+01  0.15642096E+01  0.10095067E+01
  h**2/(2m), cmc, e**2 .......:   0.20735530E+02  0.20735530E+02  0.14399784E+01
  hom=f*41.0_pr*A^{-1/3}, f...:   0.17056687E+02  0.12000000E+01
  THO basis is ...............:  OFF
  Maximal number of iterations:   400
  Initial mixing parameter ...:  0.300
  Initial w.f. ...............:  from   spherical scratch
  Skyrme functional ..........:    UNE1                          
    with direct and exchange Coulomb
  Lipkin-Nogami procedure is .:  OFF
  PAV procedure is ...........:  OFF
  Constraint calculation is ..:   ON
    Constraint 1 .............: lambda=2 Ql=   0.596
  Temperature T ..............:   0.05 MeV
  Restart indicator ..........:   1
  Broyden mixing (#iterations):   7

  ---------------------------------------
        Harmonic Oscillator Basis        
  ---------------------------------------
  NUV, NQP:                         195      35
  Comparison with bookkeeping spherical basis:
  n00:                                4       4  Maximal number of shells
  nbx, 2*n00+1:                       9       9  Maximal number of K-blocks
  ntx, (n00+1)*(n00+2)*(n00+3)/6     35      35  Max.num. p/n levels
  nzx, n00:                           4       4  Maximal nz-quantum number
  nrx, n00/2  :                       2       2  Maximal nr-quantum number
  nlx, n00:                           4       4  Maximal ml-quantum number
  ndx, (n00+2)*(n00+2)/4:             9       9  Maximal dim. of one k-block

  Actual basis used
  Number of blocks: nb .......:    9
  Number of levels: nt .......:   35
  Maximal 2*omega : nom ......:    9
  Maximal nz:       nzm ......:    4
  Maximal nr:       nrm ......:    2
  Maximal ml:       nlm ......:    4
  Maximal N=nz+2*nr+nl .......:    4
  2 x biggest block dim. .....:   18
  Non-zero elements of h .....:      115
  Number of Broyden elements .:      460

  ---------------------------------------
            Integration Meshes           
  ---------------------------------------
  Number of Gauss-Hermite mesh points ngh ....:  40
  Number of Gauss-Laguerre mesh points ngl ...:  40
  Number of Gauss-Legendre mesh points nleg ..:  80
  Integration boundaries
    Hermite  - from xh(1)  =  0.12379686 to xh(ngh)   = 11.88786356
    Laguerre - From xl(1)  =  0.03570039 to xl(ngl)   =142.28004447
    Legendre - From xleg(1)=  0.00978669 to xleg(nleg)=  0.99988775
  Max.dev.in:     Orthogonality            Normalization
  Hermite     5.2235050987142219E-016   1.9984014443252818E-015
  Laguerre    1.9977540701027837E-015   4.5519144009631418E-015

  Scratch initialization for the nucleus: MG  12  12


  Initial potentials of Saxon-Woods shape 
  v0ws   =  -71.27999878
  kappa  =    0.46160001
  vs0    =   11.11750031   11.11750031
  r0     =    1.23339999    1.23339999
  a      =    0.61500001    0.61500001
  r0-so  =    1.14429998    1.14429998
  a-so   =    0.64760000    0.64760000
  beta00 =    0.01000000

  ### REGULAR STAGE (reflection symmetry imposed)
  |HFB+HO> iterations(b0=  1.559, Nsh=  4, inin=  1, N= 12, Z= 12)...
  ----------------------------------------------------------------------------------------------------------------------------------
  i          si     mix   beta      Etot       A       rn      rp         En      Dn      Ep      Dp        Ln      Lp     time
  ----------------------------------------------------------------------------------------------------------------------------------
   1L  52.26905082 0.30  0.010     0.000000    0.0   0.000   0.000 |   -2.000   1.000  -2.000   1.000 |   -7.000  -7.000   0.000
   2B  32.03137502 0.10  0.009   -50.835742   24.0   2.616   2.616 |    0.000  -0.000   0.000  -0.000 |  -16.532 -16.532  27.523
   3B  11.39616892 0.11  0.220  -166.592540   24.0   3.054   3.087 |    0.000  -0.000   0.000  -0.000 |  -11.118  -7.668   0.064
   4B   9.95031399 0.13  0.314  -182.096576   24.0   2.990   2.960 |    0.000  -0.000   0.000  -0.000 |  -11.540  -7.132   0.064
   5B  13.00016430 0.10  0.335  -179.351065   24.0   2.912   2.976 |    0.000  -0.000   0.000  -0.000 |  -11.408  -7.326   0.065
   6B  13.38300858 0.10  0.337  -184.598944   24.0   2.922   2.942 |    0.000  -0.000   0.000  -0.000 |  -11.631  -6.914   0.065
   7B  11.14519857 0.11  0.318  -184.717178   24.0   2.936   2.924 |    0.000  -0.000   0.000  -0.000 |  -11.562  -6.781   0.067
   8B   6.69712004 0.13  0.283  -184.608483   24.0   2.913   2.937 |    0.000  -0.000   0.000  -0.000 |  -11.458  -6.836   0.067
   9B   2.26507486 0.14  0.225  -183.442538   24.0   2.902   2.908 |    0.000  -0.000   0.000  -0.000 |  -11.885  -7.018   0.068
  10B   1.67750623 0.16  0.222  -183.711576   24.0   2.892   2.903 |    0.000  -0.000   0.000  -0.000 |  -11.975  -7.151   0.068
  11B   0.88385361 0.18  0.228  -183.931323   24.0   2.891   2.903 |    0.000  -0.000   0.000  -0.000 |  -11.996  -7.149   0.068
  12B   1.14270832 0.10  0.226  -183.898286   24.0   2.891   2.902 |    0.000  -0.000   0.000  -0.000 |  -12.022  -7.156   0.065
  13B   0.07645687 0.11  0.235  -184.094906   24.0   2.892   2.903 |    0.000   0.000   0.000   0.000 |  -12.012  -7.130   0.068
  14B   0.04809415 0.13  0.235  -184.089958   24.0   2.891   2.903 |    0.000   0.000   0.000   0.000 |  -12.011  -7.132   0.073
  15B   0.05053787 0.10  0.235  -184.091598   24.0   2.892   2.902 |    0.000   0.000   0.000   0.000 |  -12.011  -7.133   0.069
  16B   0.02574350 0.11  0.235  -184.087876   24.0   2.892   2.902 |    0.000   0.000   0.000   0.000 |  -12.014  -7.132   0.068
  17B   0.01499738 0.13  0.235  -184.086282   24.0   2.892   2.902 |    0.000   0.000   0.000   0.000 |  -12.013  -7.134   0.065
  18B   0.00385461 0.14  0.235  -184.084598   24.0   2.892   2.902 |    0.000   0.000   0.000   0.000 |  -12.013  -7.134   0.066
  19B   0.00064005 0.16  0.235  -184.083919   24.0   2.891   2.902 |    0.000  -0.000   0.000  -0.000 |  -12.013  -7.134   0.066
  20B   0.00133330 0.10  0.235  -184.083814   24.0   2.891   2.902 |    0.000  -0.000   0.000  -0.000 |  -12.013  -7.134   0.069
  21B   0.00043417 0.11  0.235  -184.083950   24.0   2.891   2.902 |    0.000   0.000   0.000   0.000 |  -12.013  -7.134   0.072
  22B   0.00009194 0.13  0.235  -184.084013   24.0   2.891   2.902 |    0.000   0.000   0.000   0.000 |  -12.013  -7.134   0.073
  23B   0.00005349 0.14  0.235  -184.084013   24.0   2.891   2.902 |    0.000   0.000   0.000   0.000 |  -12.013  -7.134   0.071
  24B   0.00003723 0.16  0.235  -184.084019   24.0   2.891   2.902 |    0.000   0.000   0.000   0.000 |  -12.013  -7.134   0.070
  25B   0.00004843 0.10  0.235  -184.084020   24.0   2.891   2.902 |    0.000  -0.000   0.000  -0.000 |  -12.013  -7.134   0.069
  26B   0.00003327 0.11  0.235  -184.084021   24.0   2.891   2.902 |    0.000  -0.000   0.000  -0.000 |  -12.013  -7.134   0.077
  27B   0.00001250 0.13  0.235  -184.084018   24.0   2.891   2.902 |    0.000  -0.000   0.000  -0.000 |  -12.013  -7.134   0.083
  28B   0.00000188 0.14  0.235  -184.084016   24.0   2.891   2.902 |    0.000  -0.000   0.000  -0.000 |  -12.013  -7.134   0.074
  29B   0.00000188 0.16  0.235  -184.084016   24.0   2.891   2.902 |    0.000  -0.000   0.000  -0.000 |  -12.013  -7.134   0.080
  30B   0.00000032 0.18  0.235  -184.084016   24.0   2.891   2.902 |    0.000  -0.000   0.000  -0.000 |  -12.013  -7.134   0.071
  31B   0.00000058 0.10  0.235  -184.084016   24.0   2.891   2.902 |    0.000  -0.000   0.000  -0.000 |  -12.013  -7.134   0.077
  32B   0.00000013 0.11  0.235  -184.084016   24.0   2.891   2.902 |    0.000   0.000   0.000   0.000 |  -12.013  -7.134   0.081
  33B   0.00000011 0.13  0.235  -184.084016   24.0   2.891   2.902 |    0.000   0.000   0.000   0.000 |  -12.013  -7.134   0.077
  34B   0.00000009 0.14  0.235  -184.084016   24.0   2.891   2.902 |    0.000   0.000   0.000   0.000 |  -12.013  -7.134   0.074
  35B   0.00000008 0.16  0.235  -184.084016   24.0   2.891   2.902 |    0.000   0.000   0.000   0.000 |  -12.013  -7.134   0.079
  36B   0.00000005 0.18  0.235  -184.084016   24.0   2.891   2.902 |    0.000   0.000   0.000   0.000 |  -12.013  -7.134   0.084
  37B   0.00000002 0.21  0.235  -184.084016   24.0   2.891   2.902 |    0.000   0.000   0.000   0.000 |  -12.013  -7.134   0.083
  38B   0.00000000 0.24  0.235  -184.084016   24.0   2.891   2.902 |    0.000   0.000   0.000   0.000 |  -12.013  -7.134   0.086
  39B   0.00000001 0.10  0.235  -184.084016   24.0   2.891   2.902 |    0.000   0.000   0.000   0.000 |  -12.013  -7.134   0.081
  40B   0.00000000 0.11  0.235  -184.084016   24.0   2.891   2.902 |    0.000   0.000   0.000   0.000 |  -12.013  -7.134   0.081
  41B   0.00000000 0.13  0.235  -184.084016   24.0   2.891   2.902 |    0.000   0.000   0.000   0.000 |  -12.013  -7.134   0.083
  ----------------------------------------------------------------------------------------------------------------------------------
  *   iteration converged   after  41 steps   si=     0.0000000007 ho=  0 tho=  0
  ----------------------------------------------------------------------------------------------------------------------------------
  Total CPU time=   0.507 minutes

  Writing to wel_file: s012_012.hel
 __________________________________  
  The tape s012_012.hel recorded:     
  nucname,npr,ngh,ngl,n00,nb,nt      
  b0,beta0,si,etot,rms,bet,xmix      
  pairing:     CpV0,CpV1,pwi         
  delta:       del,ept               
  lambda:      ala,ala2,alast,tz     
  asymptotic:  varmas,ass,skass      
  ntx,nb,nhhdim,id,N_rz,n_r,n_z      
  Omega2,Sigma2,Parity,Lambda        
  matrices(inbro):    hh,de          
  *all blocking candidates           
 __________________________________  



 #quasiparticle energies neutrons
 --------------------------------
  eqp(k) -> q.p. energy 
  e(k)   -> referent s.p. energy 
  p(k)   -> occ.probability 
  del(k) -> referent s.p. gap 
  fermi energy alast=  -12.013321000685265     
  #k  block#    eqp(k)     e(k)       (1-2N)E      decay        p(k)        del(k)    overl      labels
   1    1     1.268865  -13.282186   -1.268865    1.600690    1.00000000   0.0000   0.7790  1+[ 2, 2, 0]
   2    1     2.822499   -9.190822    2.822499    1.691719    0.00000000   0.0000   0.8786  1+[ 2, 0, 0]
   3    1     6.948263   -5.065058    6.948263    1.912536    0.00000000   0.0000   0.7699  1+[ 2, 1, 1]
   4    1    23.317629  -35.330950  -23.317629    2.610659    1.00000000   0.0000   0.9865  1+[ 0, 0, 0]
   5    1    24.598846   12.585525   24.598846    2.657573    0.00000000   0.0000   0.5788  1+[ 4, 3, 1]
   6    1    31.765781   19.752460   31.765781    2.906069    0.00000000   0.0000   0.6379  1+[ 4, 4, 0]
   7    1    34.044277   22.030956   34.044277    2.980733    0.00000000   0.0000   0.8704  1+[ 4, 0, 0]
   8    1    35.851839   23.838518   35.851839    3.038661    0.00000000   0.0000   0.6841  1+[ 4, 1, 1]
   9    1    37.577191   25.563870   37.577191    3.092942    0.00000000   0.0000   0.5777  1+[ 4, 3, 1]
  10    2     6.823890  -18.837211   -6.823890    1.906254    1.00000000   0.0000   0.9039  1-[ 1, 0, 1]
  11    2    12.115073  -24.128394  -12.115073    2.157430    1.00000000   0.0000   0.9035  1-[ 1, 1, 0]
  12    2    12.127887    0.114566   12.127887    2.158002    0.00000000   0.0000   0.6568  1-[ 3, 3, 0]
  13    2    16.551648    4.538327   16.551648    2.347412    0.00000000   0.0000   0.7826  1-[ 3, 1, 0]
  14    2    22.079542   10.066221   22.079542    2.564509    0.00000000   0.0000   0.8915  1-[ 3, 0, 1]
  15    2    23.615897   11.602576   23.615897    2.621655    0.00000000   0.0000   0.6875  1-[ 3, 2, 1]
  16    3     0.467940  -12.481261   -0.467940    1.551678    1.00000000   0.0000   0.9227  3+[ 2, 1, 1]
  17    3     8.108910   -3.904411    8.108910    1.970201    0.00000000   0.0000   0.9181  3+[ 2, 0, 2]
  18    3    24.922685   12.909364   24.922685    2.669300    0.00000000   0.0000   0.7608  3+[ 4, 3, 1]
  19    3    32.824983   20.811662   32.824983    2.941013    0.00000000   0.0000   0.8641  3+[ 4, 1, 1]
  20    3    37.751760   25.738439   37.751760    3.098381    0.00000000   0.0000   0.8429  3+[ 4, 2, 2]
  21    3    38.531668   26.518347   38.531668    3.122565    0.00000000   0.0000   0.9401  3+[ 4, 0, 2]
  22    4    11.255382  -23.268703  -11.255382    2.118647    1.00000000   0.0000   0.9764  3-[ 1, 0, 1]
  23    4    12.567357    0.554036   12.567357    2.177556    0.00000000   0.0000   0.8613  3-[ 3, 2, 1]
  24    4    20.611945    8.598624   20.611945    2.508704    0.00000000   0.0000   0.9535  3-[ 3, 0, 1]
  25    4    24.154724   12.141403   24.154724    2.641405    0.00000000   0.0000   0.8850  3-[ 3, 1, 2]
  26    5     0.467940  -11.545381    0.467940    1.551678    0.00000000   0.0000   0.9833  5+[ 2, 0, 2]
  27    5    25.544078   13.530757   25.544078    2.691660    0.00000000   0.0000   0.9051  5+[ 4, 2, 2]
  28    5    33.686740   21.673419   33.686740    2.969141    0.00000000   0.0000   0.9773  5+[ 4, 0, 2]
  29    5    38.331573   26.318252   38.331573    3.116378    0.00000000   0.0000   0.9194  5+[ 4, 1, 3]
  30    6    13.211419    1.198098   13.211419    2.205900    0.00000000   0.0000   0.9657  5-[ 3, 1, 2]
  31    6    24.947345   12.934024   24.947345    2.670191    0.00000000   0.0000   0.9657  5-[ 3, 0, 3]
  32    7    26.629941   14.616620   26.629941    2.730293    0.00000000   0.0000   0.9754  7+[ 4, 1, 3]
  33    7    39.160627   27.147306   39.160627    3.141933    0.00000000   0.0000   0.9754  7+[ 4, 0, 4]
  34    8    14.301091    2.287770   14.301091    2.253042    0.00000000   0.0000   1.0000  7-[ 3, 0, 3]
  35    9    28.443889   16.430568   28.443889    2.793640    0.00000000   0.0000   1.0000  9+[ 4, 0, 4]
#all active are   35 q.p. states out of   35
#since the cut off is pwi=  60.0
#check: number of neutrons=  12.0


 #canonical s.p. energies neutrons
 ---------------------------------


  labels -> {2*omega}{parity}[nn=nz+2*nr+nl,nz,nl]
  cqpe   -> canonical q.p. energies
  ce     -> canonical s.p. energies
  fermi energy=  -12.013321000685265     
  average cdelt=   1.0546225600711375E-017
  k0      ceqp        ce         v*v       u*v        cdel     overl      labels
   1   -1.263240   -1.263240   0.00000000   0.00000000  -0.0000   0.8124  1+[ 2, 0, 0]
   2   18.776887   18.776887   0.00000000   0.00000000  -0.0000   0.7977  1+[ 4, 2, 0]
   3   17.844617   17.844617   0.00000000   0.00000000  -0.0000   0.8761  1+[ 4, 1, 1]
   4   20.919017   20.919017   0.00000000   0.00000000  -0.0000   0.7658  1+[ 4, 0, 0]
   5   19.198824   19.198824   0.00000000   0.00000000  -0.0000   0.9230  1+[ 4, 3, 1]
   6   16.888884   16.888884   0.00000000   0.00000000  -0.0000   0.7272  1+[ 4, 4, 0]
   7   -2.849541   -2.849541   0.00000000   0.00000001  -0.0000   0.7783  1+[ 2, 1, 1]
   8  -10.744456  -13.282186   1.00000000   0.00000309  -0.0000   0.7790  1+[ 2, 2, 0]
   9   11.304308  -35.330950   1.00000000   0.00000002  -0.0000   0.9865  1+[ 0, 0, 0]
  10    7.605293    7.605293   0.00000000   0.00000000  -0.0000   0.7400  1-[ 3, 2, 1]
  11    9.035061    9.035061   0.00000000   0.00000000  -0.0000   0.7074  1-[ 3, 0, 1]
  12    6.382266    6.382266   0.00000000   0.00000000  -0.0000   0.8801  1-[ 3, 1, 0]
  13    3.299069    3.299069   0.00000000   0.00000001  -0.0000   0.8395  1-[ 3, 3, 0]
  14   -4.437969  -19.588673   1.00000000   0.00000001  -0.0000   0.9759  1-[ 1, 0, 1]
  15   -0.649710  -23.376932   1.00000000   0.00000001  -0.0000   0.9789  1-[ 1, 1, 0]
  16   18.750296   18.750296   0.00000000   0.00000000  -0.0000   0.9457  3+[ 4, 1, 1]
  17   23.561901   23.561901   0.00000000   0.00000000  -0.0000   0.8187  3+[ 4, 0, 2]
  18   23.863720   23.863720   0.00000000   0.00000000  -0.0000   0.8074  3+[ 4, 2, 2]
  19   16.613207   16.613207   0.00000000   0.00000000  -0.0000   0.9445  3+[ 4, 3, 1]
  20   -0.715724   -0.715724   0.00000000   0.00000001  -0.0000   0.9112  3+[ 2, 0, 2]
  21  -11.545381  -12.481261   0.99991380   0.00928382  -0.0000   0.9227  3+[ 2, 1, 1]
  22   10.650329   10.650329   0.00000000   0.00000000  -0.0000   0.7136  3-[ 3, 1, 2]
  23    3.519972    3.519972   0.00000000   0.00000000  -0.0000   0.7948  3-[ 3, 2, 1]
  24    7.123762    7.123762   0.00000000   0.00000000  -0.0000   0.6971  3-[ 3, 1, 2]
  25   -0.757939  -23.268703   1.00000000   0.00000001  -0.0000   0.9764  3-[ 1, 0, 1]
  26   16.056829   16.056829   0.00000000   0.00000000  -0.0000   0.7273  5+[ 4, 1, 3]
  27   22.234802   22.234802   0.00000000   0.00000000  -0.0000   0.6518  5+[ 4, 0, 2]
  28   23.230797   23.230797   0.00000000   0.00000000  -0.0000   0.7377  5+[ 4, 0, 2]
  29  -11.545381  -11.545381   0.00008620   0.00928381  -0.0000   0.9833  5+[ 2, 0, 2]
  30   12.934021   12.934021   0.00000000   0.00000000  -0.0000   0.9655  5-[ 3, 0, 3]
  31    1.198102    1.198102   0.00000000   0.00000000  -0.0000   0.9655  5-[ 3, 1, 2]
  32   27.147299   27.147299   0.00000000   0.00000000  -0.0000   0.9753  7+[ 4, 0, 4]
  33   14.616626   14.616626   0.00000000   0.00000000  -0.0000   0.9753  7+[ 4, 1, 3]
  34    2.287770    2.287770   0.00000000   0.00000000  -0.0000   1.0000  7-[ 3, 0, 3]
  35   16.430568   16.430568   0.00000000   0.00000000  -0.0000   1.0000  9+[ 4, 0, 4]
  Sum canonical e_v*V^2_k=  -254.65724917914162     


 #quasiparticle energies protons 
 --------------------------------
  eqp(k) -> q.p. energy 
  e(k)   -> referent s.p. energy 
  p(k)   -> occ.probability 
  del(k) -> referent s.p. gap 
  fermi energy alast=  -7.1337194573604981     
  #k  block#    eqp(k)     e(k)       (1-2N)E      decay        p(k)        del(k)    overl      labels
   1    1     1.269947   -8.403667   -1.269947    1.273230    1.00000000   0.0000   0.7760  1+[ 2, 2, 0]
   2    1     2.830703   -4.303017    2.830703    1.386432    0.00000000   0.0000   0.8739  1+[ 2, 0, 0]
   3    1     6.855422   -0.278297    6.855422    1.642737    0.00000000   0.0000   0.7674  1+[ 2, 1, 1]
   4    1    23.149503  -30.283223  -23.149503    2.416982    1.00000000   0.0000   0.9854  1+[ 0, 0, 0]
   5    1    24.469748   17.336028   24.469748    2.469106    0.00000000   0.0000   0.5770  1+[ 4, 3, 1]
   6    1    31.421773   24.288054   31.421773    2.727191    0.00000000   0.0000   0.6325  1+[ 4, 4, 0]
   7    1    33.916002   26.782282   33.916002    2.814022    0.00000000   0.0000   0.8551  1+[ 4, 0, 0]
   8    1    35.444106   28.310387   35.444106    2.865921    0.00000000   0.0000   0.7024  1+[ 4, 1, 1]
   9    1    37.346567   30.212847   37.346567    2.929248    0.00000000   0.0000   0.6024  1+[ 4, 3, 1]
  10    2     6.772725  -13.906445   -6.772725    1.637874    1.00000000   0.0000   0.9041  1-[ 1, 0, 1]
  11    2    12.036206  -19.169925  -12.036206    1.923015    1.00000000   0.0000   0.9037  1-[ 1, 1, 0]
  12    2    12.189899    5.056180   12.189899    1.930708    0.00000000   0.0000   0.6496  1-[ 3, 3, 0]
  13    2    16.621969    9.488249   16.621969    2.140702    0.00000000   0.0000   0.7786  1-[ 3, 1, 0]
  14    2    21.840208   14.706489   21.840208    2.364156    0.00000000   0.0000   0.9071  1-[ 3, 0, 1]
  15    2    23.555832   16.422113   23.555832    2.433143    0.00000000   0.0000   0.7050  1-[ 3, 2, 1]
  16    3     0.478715   -7.612435   -0.478715    1.211809    1.00000000   0.0000   0.9207  3+[ 2, 1, 1]
  17    3     7.991333    0.857614    7.991333    1.708130    0.00000000   0.0000   0.9147  3+[ 2, 0, 2]
  18    3    24.780235   17.646516   24.780235    2.481206    0.00000000   0.0000   0.7577  3+[ 4, 3, 1]
  19    3    32.418196   25.284476   32.418196    2.762207    0.00000000   0.0000   0.8619  3+[ 4, 1, 1]
  20    3    37.548466   30.414747   37.548466    2.935889    0.00000000   0.0000   0.8396  3+[ 4, 2, 2]
  21    3    38.077819   30.944100   38.077819    2.953229    0.00000000   0.0000   0.9336  3+[ 4, 0, 2]
  22    4    11.148273  -18.281992  -11.148273    1.877951    1.00000000   0.0000   0.9752  3-[ 1, 0, 1]
  23    4    12.615183    5.481463   12.615183    1.951839    0.00000000   0.0000   0.8596  3-[ 3, 2, 1]
  24    4    20.379269   13.245550   20.379269    2.303782    0.00000000   0.0000   0.9528  3-[ 3, 0, 1]
  25    4    24.100887   16.967168   24.100887    2.454655    0.00000000   0.0000   0.8849  3-[ 3, 1, 2]
  26    5     0.478715   -6.655004    0.478715    1.211809    0.00000000   0.0000   0.9808  5+[ 2, 0, 2]
  27    5    25.378478   18.244758   25.378478    2.504353    0.00000000   0.0000   0.9032  5+[ 4, 2, 2]
  28    5    33.249259   26.115539   33.249259    2.791076    0.00000000   0.0000   0.9746  5+[ 4, 0, 2]
  29    5    38.069970   30.936251   38.069970    2.952972    0.00000000   0.0000   0.9187  5+[ 4, 1, 3]
  30    6    13.229208    6.095489   13.229208    1.981949    0.00000000   0.0000   0.9656  5-[ 3, 1, 2]
  31    6    24.859832   17.726113   24.859832    2.484298    0.00000000   0.0000   0.9656  5-[ 3, 0, 3]
  32    7    26.402441   19.268722   26.402441    2.543484    0.00000000   0.0000   0.9752  7+[ 4, 1, 3]
  33    7    38.812938   31.679218   38.812938    2.977141    0.00000000   0.0000   0.9752  7+[ 4, 0, 4]
  34    8    14.279723    7.146003   14.279723    2.032430    0.00000000   0.0000   1.0000  7-[ 3, 0, 3]
  35    9    28.131124   20.997404   28.131124    2.608215    0.00000000   0.0000   1.0000  9+[ 4, 0, 4]
#all active are   35 q.p. states out of   35
#since the cut off is pwi=  60.0
#check: number of protons =  12.0


 #canonical s.p. energies protons 
 ---------------------------------


  labels -> {2*omega}{parity}[nn=nz+2*nr+nl,nz,nl]
  cqpe   -> canonical q.p. energies
  ce     -> canonical s.p. energies
  fermi energy=  -7.1337194573604981     
  average cdelt=   1.0546573564772838E-017
  k0      ceqp        ce         v*v       u*v        cdel     overl      labels
   1   -2.521951   -2.521951   0.00000000   0.00000000  -0.0000   0.6584  1+[ 2, 0, 0]
   2    2.400465    2.400465   0.00000000   0.00000000  -0.0000   0.6447  1+[ 2, 0, 0]
   3   24.964899   24.964899   0.00000000   0.00000000  -0.0000   0.7111  1+[ 4, 1, 1]
   4   26.299335   26.299335   0.00000000   0.00000000  -0.0000   0.7060  1+[ 4, 3, 1]
   5   19.607330   19.607330   0.00000000   0.00000000  -0.0000   0.6017  1+[ 4, 3, 1]
   6   26.503026   26.503026   0.00000000   0.00000000  -0.0000   0.7093  1+[ 4, 2, 0]
   7   25.095181   25.095181   0.00000000   0.00000000  -0.0000   0.6806  1+[ 4, 4, 0]
   8   -5.863772   -8.403667   1.00000000   0.00000305  -0.0000   0.7760  1+[ 2, 2, 0]
   9   16.015784  -30.283223   1.00000000   0.00000000  -0.0000   0.9854  1+[ 0, 0, 0]
  10   13.425878   13.425878   0.00000000   0.00000000  -0.0000   0.7730  1-[ 3, 0, 1]
  11   11.474804   11.474804   0.00000000   0.00000000  -0.0000   0.5961  1-[ 3, 0, 1]
  12   13.607004   13.607004   0.00000000   0.00000000  -0.0000   0.8263  1-[ 3, 3, 0]
  13    7.165344    7.165344   0.00000000   0.00000000  -0.0000   0.8335  1-[ 3, 1, 0]
  14    4.891602  -19.159041   1.00000000   0.00000001  -0.0000   0.9198  1-[ 1, 1, 0]
  15   -0.350110  -13.917329   1.00000000   0.00000000  -0.0000   0.9197  1-[ 1, 0, 1]
  16   15.090952   15.090952   0.00000000   0.00000000  -0.0000   0.6527  3+[ 4, 1, 1]
  17   20.039963   20.039963   0.00000000   0.00000000  -0.0000   0.7538  3+[ 4, 2, 2]
  18   29.941008   29.941008   0.00000000   0.00000000  -0.0000   0.8838  3+[ 4, 0, 2]
  19   26.302899   26.302899   0.00000000   0.00000000  -0.0000   0.7207  3+[ 4, 3, 1]
  20   13.772630   13.772630   0.00000000   0.00000000  -0.0000   0.6877  3+[ 2, 0, 2]
  21   -6.655004   -7.612435   0.99993051   0.00833560  -0.0000   0.9207  3+[ 2, 1, 1]
  22   15.458061   15.458061   0.00000000   0.00000000  -0.0000   0.6934  3-[ 3, 2, 1]
  23    9.367513    9.367513   0.00000000   0.00000000  -0.0000   0.7585  3-[ 3, 1, 2]
  24   10.868608   10.868608   0.00000000   0.00000000  -0.0000   0.8905  3-[ 3, 0, 1]
  25    4.014553  -18.281992   1.00000000   0.00000000  -0.0000   0.9752  3-[ 1, 0, 1]
  26   28.997623   28.997623   0.00000000   0.00000000  -0.0000   0.9423  5+[ 4, 1, 3]
  27   20.230409   20.230409   0.00000000   0.00000000  -0.0000   0.9927  5+[ 4, 2, 2]
  28   26.068517   26.068517   0.00000000   0.00000000  -0.0000   0.9287  5+[ 4, 0, 2]
  29   -6.655004   -6.655004   0.00006949   0.00833560  -0.0000   0.9808  5+[ 2, 0, 2]
  30   17.726109   17.726109   0.00000000   0.00000000  -0.0000   0.9654  5-[ 3, 0, 3]
  31    6.095492    6.095492   0.00000000   0.00000000  -0.0000   0.9654  5-[ 3, 1, 2]
  32   31.679212   31.679212   0.00000000   0.00000000  -0.0000   0.9750  7+[ 4, 0, 4]
  33   19.268728   19.268728   0.00000000   0.00000000  -0.0000   0.9750  7+[ 4, 1, 3]
  34    7.146003    7.146003   0.00000000   0.00000000  -0.0000   1.0000  7-[ 3, 0, 3]
  35   20.997404   20.997404   0.00000000   0.00000000  -0.0000   1.0000  9+[ 4, 0, 4]
  Sum canonical e_v*V^2_k=  -195.31523834309681     

  NB! From expect (UNPROJECTED RESULTS)

  pairing: CpV0,CpV1,...           0.100000       0.100000       1.000000       1.000000
  forces:   UNE1                          


                             neutrons         protons         total
  Requested part.numbs.      12.000000      12.000000      24.000000
  UnPj(av) part.numbs .      12.000000      12.000000      24.000000
  b0, bz, bp ..........       1.559284       1.564210       1.556827

  lambda (ala) ........     -12.013321      -7.133719
  Lambda (alast) ......     -12.013321      -7.133719
  delta(n,p), pwi .....       0.000000       0.000000      60.000000
  pairing energy ......       0.000000       0.000000       0.000000

  rms-radius ..........       2.891481       2.902345       2.896918
  charge-radius, r0 ...                      3.010582       3.461399
  deformation beta2....       0.234720       0.234524       0.234622
  dipole moment[fm] ...       0.000000       0.000000       0.000000
  quadrupole moment[b]        0.297086       0.299073       0.596159
  octupole moment .....       0.000000       0.000000       0.000000
  hexadecapole moment .      -0.000235      -0.000280      -0.000515
  q5 ..................       0.000000       0.000000       0.000000
  q6 ..................      -0.000030      -0.000030      -0.000060
  q7 ..................       0.000000       0.000000       0.000000
  q8 ..................      -0.000000      -0.000000      -0.000001

  <r^0> [fm^0] ........            1.000000            1.000000            1.000000
  <r^2> [fm^2] ........            8.360662            8.423604            8.392133
  <r^4> [fm^4] ........           98.516761           99.846499           99.181630
  <r^6> [fm^6] ........         1461.886595         1488.808819         1475.347707
  <r^8> [fm^8] ........        25895.213372        26479.267763        26187.240568

  kinetic energy ......     213.446745     211.964850     425.411595
  volume energy .......                                  -675.229541
        rho_tau .......                                     0.869833
        rho_rho .......                                  -676.099374
  surface energy ......                                    59.705944
   rho_DELTA_rho ......                                    59.705944
   (NABLA_rho)^2 ......                                     0.000000
  spin-orbit energy ...                                   -23.446296
        rho_NABLA_J ...                                   -23.446296
        NABLA_rho_J ...                                     0.000000
  coulomb energy ......                                    29.474282
          direct ......                                    33.989235
          exchange ....                                    -4.514953
  tensor energy .......                                     0.000000
  direct Hartree E  ...                                     0.000000
  Extra E .............                                     0.000000
  External field E ....                                     0.000000
  Entropy .............       0.003572       0.002939       0.006511

  tEnergy: ehfb (qp)...                                  -184.084016

  Calculated but not added corrections 
====================================
  cmc-diagonal part ...       0.000000       0.000000       0.000000
  cmc-hfb .............       0.000000       0.000000       0.000000
  cranking rot corr ...       0.000000       0.000000       0.000000

  SQUJ ................       0.000000       0.000000       0.000000
  CRAN x 4 ............       0.000000       0.000000       0.000000
  Rigit Body ..........       0.000000       0.000000       0.000000


   Blocking candidates are:
   neutron eqpmin=  0.46793960005891222       pwiblo=   5.1031036307982882     
    num=   1 block=   3 state=   1    16 Eqp=   0.46793960  (1-2N)E=  -0.46793960  Ovlp=   0.92269511  3+[ 2, 1, 1]
    num=   2 block=   5 state=   1    26 Eqp=   0.46793967  (1-2N)E=   0.46793967  Ovlp=   0.98331289  5+[ 2, 0, 2]
    num=   3 block=   1 state=   1     1 Eqp=   1.26886535  (1-2N)E=  -1.26886535  Ovlp=   0.77903958  1+[ 2, 2, 0]
    num=   4 block=   1 state=   2     2 Eqp=   2.82249872  (1-2N)E=   2.82249872  Ovlp=   0.87860814  1+[ 2, 0, 0]

   Blocking candidates are:
   proton  eqpmin=  0.47871504777704388       pwiblo=   5.1031036307982882     
    num=   1 block=   3 state=   1    16 Eqp=   0.47871505  (1-2N)E=  -0.47871505  Ovlp=   0.92065404  3+[ 2, 1, 1]
    num=   2 block=   5 state=   1    26 Eqp=   0.47871498  (1-2N)E=   0.47871498  Ovlp=   0.98081264  5+[ 2, 0, 2]
    num=   3 block=   1 state=   1     1 Eqp=   1.26994737  (1-2N)E=  -1.26994737  Ovlp=   0.77596315  1+[ 2, 2, 0]
    num=   4 block=   1 state=   2     2 Eqp=   2.83070267  (1-2N)E=   2.83070267  Ovlp=   0.87388550  1+[ 2, 0, 0]


