No Skyrme interaction defined in routine skforce()
Multi-threading framework with OpenMP: 1 threads/task

  =======================================
           FORTRAN 95 CODE (KIND= 8) 
               Version: 200d  
  =======================================
       AXIALLY DEFORMED CONFIGURATIONAL  
     HARTREE-FOCK-BOGOLIUBOV CALCULATIONS
                     WITH                
            UNEDF AND DELTA PAIRING      
                     USING               
             HARMONIC-OSCILLATOR         
                   AND/OR                
       TRANSFORMED HARMONIC-OSCILLATOR   
                    BASIS                
                     ---                 
               v1.66  (2005):,           
   Stoitsov,Dobaczewski,Nazarewicz,Ring, 
               v2.00d (2012):,           
         Stoitsov,Schunck,Kortelainen    
  =======================================
    Nucleus: MG (A=  24, N= 12, Z= 12)
       Reflection Symmetry Imposed       
            ( 7/14/2023, 21:43)                               
  =======================================


  ---------------------------------------
           UNEDF Module Version:17
         M.Kortelainen & M.Stoitsov 
  ---------------------------------------

  UNE1 functional
  ----------------------------------
  Crho(0)=   -783.135365322900952    ; Crho(1)=    356.468458021533763    
  CDrho(0)=   890.802014989928125    ; CDrho(1)=  -319.467143368562972    
  Ctau(0)=   0.459557929468282944    ; Ctau(1)=   -32.2228248702600268    
  CrDr(0)=   -46.3768859439104730    ; CrDr(1)=   -116.216977046726598    
  CrdJ(0)=   -77.7977966571049819    ; CrdJ(1)=   -35.8764451407754379    
  CJ(0)=      0.00000000000000000    ; CJ(1)=      0.00000000000000000    
  CpV0(0)=   0.100000000000000006    ; CpV0(1)=   0.100000000000000006    
  CpV1(0)=    1.00000000000000000    ; CpV1(1)=    1.00000000000000000    
  sigma=     0.267381200711459210    ; hbzero=     20.7355300000000007    
  e^2 chrg=   1.43997840859651305    ; CExPar=     1.00000000000000000    
  c.m. correction: F, chr. density in direct Coul: F
  use tensor terms: F
  use TMR pairing:  0

  Coupling constants in natural units
  -----------------------------------
  Crho_nu(0)=  -0.881904336064990524    ; Crho_nu(1)=   0.401426231938805056    
  CDrho_nu(0)=  0.941327450139991750    ; CDrho_nu(1)= -0.337587013062646379    
  Ctau_nu(0)=   0.651428589860728567E-02; Ctau_nu(1)=  -0.456762206036778140    
  CrDr_nu(0)=  -0.657397630969579816    ; CrDr_nu(1)=   -1.64738886266243378    
  CrdJ_nu(0)=   -1.10279261265814643    ; CrdJ_nu(1)=  -0.508552688761387373    
  CJ_nu(0)=      0.00000000000000000    ; CJ_nu(1)=      0.00000000000000000    
  CpV0_nu(0)=   0.112611992142809880E-03; CpV0_nu(1)=   0.112611992142809880E-03
  CpV1_nu(0)=   0.887702254206059068E-03; CpV1_nu(1)=   0.887702254206059068E-03
  fpi_nu=        93.0000000000000000    ; Lambda_nu=     700.000000000000000    

  Nuclear matter properties
  ----------------------------------
      E_NM=     -15.7999999999999776      K_NM=     219.9999999999997726
      P_NM=       0.0000000000000012    RHO_NM=       0.1585115529334514
    ASS_NM=      28.7876488237042771   LASS_NM=      31.3808242343411443
  SMASS_NM=       1.0035130638600942  VMASS_NM=       1.2498385742322697

  Associated (t,x)-coupling constants
  -----------------------------------
  t0=      -2088.36097419440239    ; x0=       0.182771728501665898    
  t1=       247.956135606813547    ; x1=       -3.98969048301910867    
  t2=       1251.92519414418121    ; x2=       -1.39707657522070061    
  t3=       14252.8322398388500    ; x3=       0.379430075248118337E-01
  b4=       41.9213515163295440    ; b4p=       71.7528902815508758    
  te=      -374.227265564153072    ; to=       -173.433453856679535    
  sigma=   0.267381200711459210    ; hbzero=    20.7355300000000007    

  ---------------------------------------
        Characteristics of the run       
  ---------------------------------------
  Output file ................:     7
  Nucleus ....................:   MG  24
  Number of HO shells ........:     4
  HO length b0 (fm) ..........:     1.55928400372611
  Basis deformation ..........:  beta0=   0.010 q=   1.010
  HO: b0,1/b0,bp,bz,q ........:   0.15592840E+01  0.64131999E+00  0.15568270E+01  0.15642096E+01  0.10095067E+01
  h**2/(2m), cmc, e**2 .......:   0.20735530E+02  0.20735530E+02  0.14399784E+01
  hom=f*41.0_pr*A^{-1/3}, f...:   0.17056687E+02  0.12000000E+01
  THO basis is ...............:  OFF
  Maximal number of iterations:   400
  Initial mixing parameter ...:  0.300
  Initial w.f. ...............:  from   spherical scratch
  Skyrme functional ..........:    UNE1                          
    with direct and exchange Coulomb
  Lipkin-Nogami procedure is .:  OFF
  PAV procedure is ...........:  OFF
  Constraint calculation is ..:   ON
    Constraint 1 .............: lambda=2 Ql=  -0.099
  Temperature T ..............:   0.05 MeV
  Restart indicator ..........:   1
  Broyden mixing (#iterations):   7

  ---------------------------------------
        Harmonic Oscillator Basis        
  ---------------------------------------
  NUV, NQP:                         195      35
  Comparison with bookkeeping spherical basis:
  n00:                                4       4  Maximal number of shells
  nbx, 2*n00+1:                       9       9  Maximal number of K-blocks
  ntx, (n00+1)*(n00+2)*(n00+3)/6     35      35  Max.num. p/n levels
  nzx, n00:                           4       4  Maximal nz-quantum number
  nrx, n00/2  :                       2       2  Maximal nr-quantum number
  nlx, n00:                           4       4  Maximal ml-quantum number
  ndx, (n00+2)*(n00+2)/4:             9       9  Maximal dim. of one k-block

  Actual basis used
  Number of blocks: nb .......:    9
  Number of levels: nt .......:   35
  Maximal 2*omega : nom ......:    9
  Maximal nz:       nzm ......:    4
  Maximal nr:       nrm ......:    2
  Maximal ml:       nlm ......:    4
  Maximal N=nz+2*nr+nl .......:    4
  2 x biggest block dim. .....:   18
  Non-zero elements of h .....:      115
  Number of Broyden elements .:      460

  ---------------------------------------
            Integration Meshes           
  ---------------------------------------
  Number of Gauss-Hermite mesh points ngh ....:  40
  Number of Gauss-Laguerre mesh points ngl ...:  40
  Number of Gauss-Legendre mesh points nleg ..:  80
  Integration boundaries
    Hermite  - from xh(1)  =  0.12379686 to xh(ngh)   = 11.88786356
    Laguerre - From xl(1)  =  0.03570039 to xl(ngl)   =142.28004447
    Legendre - From xleg(1)=  0.00978669 to xleg(nleg)=  0.99988775
  Max.dev.in:     Orthogonality            Normalization
  Hermite     5.2235050987142219E-016   1.9984014443252818E-015
  Laguerre    1.9977540701027837E-015   4.5519144009631418E-015

  Scratch initialization for the nucleus: MG  12  12


  Initial potentials of Saxon-Woods shape 
  v0ws   =  -71.27999878
  kappa  =    0.46160001
  vs0    =   11.11750031   11.11750031
  r0     =    1.23339999    1.23339999
  a      =    0.61500001    0.61500001
  r0-so  =    1.14429998    1.14429998
  a-so   =    0.64760000    0.64760000
  beta00 =    0.01000000

  ### REGULAR STAGE (reflection symmetry imposed)
  |HFB+HO> iterations(b0=  1.559, Nsh=  4, inin=  1, N= 12, Z= 12)...
  ----------------------------------------------------------------------------------------------------------------------------------
  i          si     mix   beta      Etot       A       rn      rp         En      Dn      Ep      Dp        Ln      Lp     time
  ----------------------------------------------------------------------------------------------------------------------------------
   1L  52.26905082 0.30  0.010     0.000000    0.0   0.000   0.000 |   -2.000   1.000  -2.000   1.000 |   -7.000  -7.000   0.000
   2B  28.92960912 0.10  0.009   -50.835742   24.0   2.616   2.616 |    0.000  -0.000   0.000  -0.000 |  -16.532 -16.532  27.730
   3B  11.57627002 0.11 -0.065  -163.655948   24.0   3.050   3.081 |    0.000  -0.000   0.000  -0.000 |  -11.391  -7.951   0.090
   4B   6.77803706 0.13 -0.084  -177.907973   24.0   2.970   2.943 |    0.000  -0.000   0.000  -0.000 |  -11.996  -7.587   0.084
   5B   7.99391119 0.10 -0.086  -176.204329   24.0   2.859   2.943 |    0.000  -0.000   0.000  -0.000 |  -12.174  -8.096   0.085
   6B   7.36089482 0.11 -0.067  -172.479260   24.0   2.871   2.890 |    0.000  -0.000   0.000  -0.000 |  -12.569  -7.821   0.080
   7B   5.27871230 0.13 -0.048  -177.080992   24.0   2.877   2.878 |    0.000  -0.000   0.000  -0.000 |  -12.731  -7.768   0.081
   8B   7.97429297 0.10  0.008  -171.806017   24.0   2.878   2.875 |    0.000   0.000   0.000   0.000 |  -12.627  -7.726   0.079
   9B   3.01547817 0.11  0.030  -178.297705   24.0   2.874   2.880 |    0.000   0.000   0.000   0.000 |  -12.620  -7.807   0.075
  10B   3.31104157 0.10  0.043  -179.718282   24.0   2.873   2.882 |    0.000   0.000   0.000   0.000 |  -12.633  -7.793   0.082
  11L   3.21522652 0.11  0.041  -179.741001   24.0   2.878   2.887 |    0.000  -0.000   0.000  -0.000 |  -12.586  -7.789   0.080
  12L   5.89621366 0.10  0.083  -180.113545   24.0   2.875   2.887 |    0.000  -0.000   0.000  -0.000 |  -12.590  -7.781   0.086
  13B   5.73229878 0.11  0.083  -178.237040   24.0   2.875   2.885 |    0.000  -0.000   0.000  -0.000 |  -12.584  -7.693   0.089
  14B   3.83539338 0.13  0.025  -178.364836   24.0   2.865   2.893 |    0.000  -0.000   0.000  -0.000 |  -12.583  -7.856   0.088
  15B   1.42758209 0.14 -0.010  -179.589795   24.0   2.875   2.884 |    0.000  -0.000   0.000  -0.000 |  -12.666  -7.828   0.092
  16B   2.65517507 0.10 -0.034  -179.314714   24.0   2.871   2.882 |    0.000  -0.000   0.000  -0.000 |  -12.648  -7.822   0.094
  17B   0.51376621 0.11 -0.038  -179.924801   24.0   2.870   2.884 |    0.000  -0.000   0.000  -0.000 |  -12.674  -7.804   0.092
  18B   0.59871463 0.10 -0.040  -179.934301   24.0   2.872   2.881 |    0.000  -0.000   0.000  -0.000 |  -12.666  -7.794   0.090
  19B   0.39323152 0.11 -0.041  -179.959076   24.0   2.870   2.882 |    0.000  -0.000   0.000  -0.000 |  -12.644  -7.776   0.093
  20B   0.24188869 0.13 -0.038  -179.950446   24.0   2.870   2.881 |    0.000   0.000   0.000   0.000 |  -12.640  -7.759   0.081
  21B   0.14271285 0.14 -0.039  -179.964664   24.0   2.870   2.881 |    0.000   0.000   0.000   0.000 |  -12.640  -7.762   0.090
  22B   0.01928568 0.16 -0.039  -179.970429   24.0   2.870   2.881 |    0.000   0.000   0.000   0.000 |  -12.641  -7.763   0.087
  23B   0.01926252 0.18 -0.039  -179.968319   24.0   2.870   2.881 |    0.000   0.000   0.000   0.000 |  -12.641  -7.764   0.088
  24B   0.02183598 0.10 -0.039  -179.968172   24.0   2.870   2.881 |    0.000  -0.000   0.000  -0.000 |  -12.641  -7.765   0.088
  25B   0.01465762 0.11 -0.039  -179.969555   24.0   2.870   2.881 |    0.000  -0.000   0.000  -0.000 |  -12.641  -7.764   0.084
  26B   0.01142708 0.13 -0.039  -179.970091   24.0   2.870   2.881 |    0.000   0.000   0.000   0.000 |  -12.641  -7.763   0.087
  27B   0.00980140 0.14 -0.039  -179.970354   24.0   2.870   2.881 |    0.000   0.000   0.000   0.000 |  -12.641  -7.764   0.081
  28B   0.00426584 0.16 -0.040  -179.971462   24.0   2.870   2.881 |    0.000   0.000   0.000   0.000 |  -12.641  -7.763   0.083
  29B   0.00615065 0.10 -0.040  -179.972392   24.0   2.870   2.881 |    0.000   0.000   0.000   0.000 |  -12.640  -7.763   0.083
  30B   0.00148302 0.11 -0.040  -179.972270   24.0   2.870   2.881 |    0.000   0.000   0.000   0.000 |  -12.640  -7.763   0.085
  31B   0.00153773 0.10 -0.040  -179.972255   24.0   2.870   2.881 |    0.000   0.000   0.000   0.000 |  -12.641  -7.763   0.077
  32B   0.00299548 0.10 -0.040  -179.972369   24.0   2.870   2.881 |    0.000   0.000   0.000   0.000 |  -12.640  -7.763   0.081
  33B   0.00126633 0.11 -0.040  -179.972332   24.0   2.870   2.881 |    0.000   0.000   0.000   0.000 |  -12.640  -7.763   0.096
  34B   0.00136300 0.10 -0.040  -179.972355   24.0   2.870   2.881 |    0.000   0.000   0.000   0.000 |  -12.640  -7.763   0.078
  35B   0.00146863 0.10 -0.040  -179.972372   24.0   2.870   2.881 |    0.000   0.000   0.000   0.000 |  -12.640  -7.763   0.099
  36B   0.00147077 0.10 -0.040  -179.972368   24.0   2.870   2.881 |    0.000   0.000   0.000   0.000 |  -12.640  -7.763   0.090
  37B   0.00149277 0.10 -0.040  -179.972370   24.0   2.870   2.881 |    0.000   0.000   0.000   0.000 |  -12.640  -7.763   0.090
  38B   0.00092674 0.11 -0.040  -179.972265   24.0   2.870   2.881 |    0.000   0.000   0.000   0.000 |  -12.640  -7.763   0.095
  39B   0.00074498 0.13 -0.040  -179.972216   24.0   2.870   2.881 |    0.000   0.000   0.000   0.000 |  -12.640  -7.763   0.090
  40B   0.00088510 0.10 -0.040  -179.972177   24.0   2.870   2.881 |    0.000   0.000   0.000   0.000 |  -12.640  -7.763   0.098
  41B   0.00097891 0.10 -0.040  -179.972136   24.0   2.870   2.881 |    0.000   0.000   0.000   0.000 |  -12.640  -7.763   0.087
  42B   0.00124037 0.10 -0.040  -179.972080   24.0   2.870   2.881 |    0.000   0.000   0.000   0.000 |  -12.640  -7.763   0.091
  43B   0.00051882 0.11 -0.040  -179.972103   24.0   2.870   2.881 |    0.000   0.000   0.000   0.000 |  -12.640  -7.763   0.102
  44B   0.00038284 0.13 -0.040  -179.972069   24.0   2.870   2.881 |    0.000   0.000   0.000   0.000 |  -12.640  -7.763   0.102
  45B   0.00040494 0.10 -0.040  -179.972031   24.0   2.870   2.881 |    0.000   0.000   0.000   0.000 |  -12.640  -7.763   0.104
  46B   0.00047642 0.10 -0.040  -179.972012   24.0   2.870   2.881 |    0.000   0.000   0.000   0.000 |  -12.640  -7.763   0.100
  47B   0.00042262 0.11 -0.040  -179.972023   24.0   2.870   2.881 |    0.000   0.000   0.000   0.000 |  -12.640  -7.763   0.105
  48B   0.00037794 0.13 -0.040  -179.972034   24.0   2.870   2.881 |    0.000  -0.000   0.000  -0.000 |  -12.640  -7.763   0.100
  49B   0.00035431 0.14 -0.040  -179.972040   24.0   2.870   2.881 |    0.000   0.000   0.000   0.000 |  -12.640  -7.763   0.107
  50B   0.00061764 0.10 -0.040  -179.972001   24.0   2.870   2.881 |    0.000   0.000   0.000   0.000 |  -12.640  -7.763   0.103
  51B   0.00087888 0.10 -0.040  -179.971991   24.0   2.870   2.881 |    0.000   0.000   0.000   0.000 |  -12.640  -7.763   0.098
  52B   0.00043703 0.11 -0.040  -179.972017   24.0   2.870   2.881 |    0.000  -0.000   0.000  -0.000 |  -12.640  -7.763   0.100
  53B   0.00064579 0.10 -0.040  -179.971981   24.0   2.870   2.881 |    0.000  -0.000   0.000  -0.000 |  -12.640  -7.763   0.105
  54B   0.00071154 0.10 -0.040  -179.971969   24.0   2.870   2.881 |    0.000  -0.000   0.000  -0.000 |  -12.640  -7.763   0.098
  55B   0.00091011 0.10 -0.040  -179.971935   24.0   2.870   2.881 |    0.000   0.000   0.000   0.000 |  -12.640  -7.763   0.114
  56B   0.00078244 0.11 -0.040  -179.971964   24.0   2.870   2.881 |    0.000   0.000   0.000   0.000 |  -12.640  -7.763   0.102
  57B   0.00091394 0.10 -0.040  -179.971934   24.0   2.870   2.881 |    0.000   0.000   0.000   0.000 |  -12.640  -7.763   0.123
  58B   0.00082267 0.11 -0.040  -179.971956   24.0   2.870   2.881 |    0.000   0.000   0.000   0.000 |  -12.640  -7.763   0.115
  59B   0.00076173 0.13 -0.040  -179.971964   24.0   2.870   2.881 |    0.000  -0.000   0.000  -0.000 |  -12.640  -7.763   0.119
  60B   0.00076026 0.14 -0.040  -179.972008   24.0   2.870   2.881 |    0.000  -0.000   0.000  -0.000 |  -12.640  -7.763   0.115
  61B   0.00044139 0.16 -0.040  -179.972031   24.0   2.870   2.881 |    0.000  -0.000   0.000  -0.000 |  -12.640  -7.763   0.121
  62B   0.00022947 0.18 -0.040  -179.972090   24.0   2.870   2.881 |    0.000  -0.000   0.000  -0.000 |  -12.640  -7.763   0.106
  63B   0.00038338 0.10 -0.040  -179.972080   24.0   2.870   2.881 |    0.000   0.000   0.000   0.000 |  -12.640  -7.763   0.123
  64B   0.00068235 0.10 -0.040  -179.972124   24.0   2.870   2.881 |    0.000   0.000   0.000   0.000 |  -12.640  -7.763   0.100
  65B   0.00017134 0.11 -0.040  -179.972136   24.0   2.870   2.881 |    0.000   0.000   0.000   0.000 |  -12.640  -7.763   0.128
  66B   0.00016530 0.13 -0.040  -179.972102   24.0   2.870   2.881 |    0.000   0.000   0.000   0.000 |  -12.640  -7.763   0.119
  67B   0.00034943 0.10 -0.040  -179.972120   24.0   2.870   2.881 |    0.000   0.000   0.000   0.000 |  -12.640  -7.763   0.129
  68B   0.00040996 0.10 -0.040  -179.972157   24.0   2.870   2.881 |    0.000   0.000   0.000   0.000 |  -12.640  -7.763   0.112
  69B   0.00024871 0.11 -0.040  -179.972147   24.0   2.870   2.881 |    0.000   0.000   0.000   0.000 |  -12.640  -7.763   0.115
  70B   0.00022290 0.13 -0.040  -179.972142   24.0   2.870   2.881 |    0.000   0.000   0.000   0.000 |  -12.640  -7.763   0.118
  71B   0.00016295 0.14 -0.040  -179.972131   24.0   2.870   2.881 |    0.000   0.000   0.000   0.000 |  -12.640  -7.763   0.120
  72B   0.00010399 0.16 -0.040  -179.972109   24.0   2.870   2.881 |    0.000   0.000   0.000   0.000 |  -12.640  -7.763   0.111
  73B   0.00007120 0.18 -0.040  -179.972108   24.0   2.870   2.881 |    0.000   0.000   0.000   0.000 |  -12.640  -7.763   0.116
  74B   0.00011571 0.10 -0.040  -179.972099   24.0   2.870   2.881 |    0.000   0.000   0.000   0.000 |  -12.640  -7.763   0.115
  75B   0.00004734 0.11 -0.040  -179.972097   24.0   2.870   2.881 |    0.000   0.000   0.000   0.000 |  -12.640  -7.763   0.115
  76B   0.00009497 0.10 -0.040  -179.972089   24.0   2.870   2.881 |    0.000   0.000   0.000   0.000 |  -12.640  -7.763   0.116
  77B   0.00005705 0.11 -0.040  -179.972092   24.0   2.870   2.881 |    0.000   0.000   0.000   0.000 |  -12.640  -7.763   0.114
  78B   0.00005253 0.13 -0.040  -179.972093   24.0   2.870   2.881 |    0.000   0.000   0.000   0.000 |  -12.640  -7.763   0.121
  79B   0.00004257 0.14 -0.040  -179.972095   24.0   2.870   2.881 |    0.000  -0.000   0.000  -0.000 |  -12.640  -7.763   0.107
  80B   0.00002615 0.16 -0.040  -179.972100   24.0   2.870   2.881 |    0.000  -0.000   0.000  -0.000 |  -12.640  -7.763   0.122
  81B   0.00001962 0.18 -0.040  -179.972103   24.0   2.870   2.881 |    0.000  -0.000   0.000  -0.000 |  -12.640  -7.763   0.110
  82B   0.00001873 0.21 -0.040  -179.972102   24.0   2.870   2.881 |    0.000  -0.000   0.000  -0.000 |  -12.640  -7.763   0.118
  83B   0.00002756 0.10 -0.040  -179.972103   24.0   2.870   2.881 |    0.000  -0.000   0.000  -0.000 |  -12.640  -7.763   0.121
  84B   0.00001061 0.11 -0.040  -179.972101   24.0   2.870   2.881 |    0.000  -0.000   0.000  -0.000 |  -12.640  -7.763   0.115
  85B   0.00000789 0.13 -0.040  -179.972103   24.0   2.870   2.881 |    0.000  -0.000   0.000  -0.000 |  -12.640  -7.763   0.128
  86B   0.00003369 0.10 -0.040  -179.972103   24.0   2.870   2.881 |    0.000  -0.000   0.000  -0.000 |  -12.640  -7.763   0.110
  87B   0.00000345 0.11 -0.040  -179.972103   24.0   2.870   2.881 |    0.000  -0.000   0.000  -0.000 |  -12.640  -7.763   0.111
  88B   0.00000235 0.13 -0.040  -179.972102   24.0   2.870   2.881 |    0.000   0.000   0.000   0.000 |  -12.640  -7.763   0.113
  89B   0.00000166 0.14 -0.040  -179.972102   24.0   2.870   2.881 |    0.000   0.000   0.000   0.000 |  -12.640  -7.763   0.120
  90B   0.00000063 0.16 -0.040  -179.972102   24.0   2.870   2.881 |    0.000   0.000   0.000   0.000 |  -12.640  -7.763   0.109
  91B   0.00000053 0.18 -0.040  -179.972102   24.0   2.870   2.881 |    0.000   0.000   0.000   0.000 |  -12.640  -7.763   0.108
  92B   0.00000022 0.21 -0.040  -179.972102   24.0   2.870   2.881 |    0.000   0.000   0.000   0.000 |  -12.640  -7.763   0.116
  93B   0.00000035 0.10 -0.040  -179.972102   24.0   2.870   2.881 |    0.000   0.000   0.000   0.000 |  -12.640  -7.763   0.109
  94B   0.00000008 0.11 -0.040  -179.972102   24.0   2.870   2.881 |    0.000   0.000   0.000   0.000 |  -12.640  -7.763   0.099
  95B   0.00000009 0.10 -0.040  -179.972102   24.0   2.870   2.881 |    0.000   0.000   0.000   0.000 |  -12.640  -7.763   0.103
  96B   0.00000010 0.10 -0.040  -179.972102   24.0   2.870   2.881 |    0.000   0.000   0.000   0.000 |  -12.640  -7.763   0.116
  97B   0.00000009 0.11 -0.040  -179.972102   24.0   2.870   2.881 |    0.000   0.000   0.000   0.000 |  -12.640  -7.763   0.095
  98B   0.00000008 0.13 -0.040  -179.972102   24.0   2.870   2.881 |    0.000  -0.000   0.000  -0.000 |  -12.640  -7.763   0.097
  99B   0.00000009 0.10 -0.040  -179.972102   24.0   2.870   2.881 |    0.000   0.000   0.000   0.000 |  -12.640  -7.763   0.076
 100B   0.00000009 0.11 -0.040  -179.972102   24.0   2.870   2.881 |    0.000   0.000   0.000   0.000 |  -12.640  -7.763   0.070
 101B   0.00000008 0.13 -0.040  -179.972102   24.0   2.870   2.881 |    0.000   0.000   0.000   0.000 |  -12.640  -7.763   0.058
 102B   0.00000006 0.14 -0.040  -179.972102   24.0   2.870   2.881 |    0.000   0.000   0.000   0.000 |  -12.640  -7.763   0.086
 103B   0.00000005 0.16 -0.040  -179.972102   24.0   2.870   2.881 |    0.000  -0.000   0.000  -0.000 |  -12.640  -7.763   0.091
 104B   0.00000003 0.18 -0.040  -179.972102   24.0   2.870   2.881 |    0.000  -0.000   0.000  -0.000 |  -12.640  -7.763   0.072
 105B   0.00000002 0.21 -0.040  -179.972102   24.0   2.870   2.881 |    0.000  -0.000   0.000  -0.000 |  -12.640  -7.763   0.053
 106B   0.00000001 0.24 -0.040  -179.972102   24.0   2.870   2.881 |    0.000  -0.000   0.000  -0.000 |  -12.640  -7.763   0.056
 107B   0.00000002 0.10 -0.040  -179.972102   24.0   2.870   2.881 |    0.000  -0.000   0.000  -0.000 |  -12.640  -7.763   0.066
 108B   0.00000001 0.11 -0.040  -179.972102   24.0   2.870   2.881 |    0.000  -0.000   0.000  -0.000 |  -12.640  -7.763   0.078
 109B   0.00000001 0.13 -0.040  -179.972102   24.0   2.870   2.881 |    0.000  -0.000   0.000  -0.000 |  -12.640  -7.763   0.088
 110B   0.00000001 0.10 -0.040  -179.972102   24.0   2.870   2.881 |    0.000  -0.000   0.000  -0.000 |  -12.640  -7.763   0.056
 111B   0.00000001 0.11 -0.040  -179.972102   24.0   2.870   2.881 |    0.000  -0.000   0.000  -0.000 |  -12.640  -7.763   0.057
 112B   0.00000001 0.13 -0.040  -179.972102   24.0   2.870   2.881 |    0.000  -0.000   0.000  -0.000 |  -12.640  -7.763   0.062
 113B   0.00000000 0.14 -0.040  -179.972102   24.0   2.870   2.881 |    0.000  -0.000   0.000  -0.000 |  -12.640  -7.763   0.059
 114B   0.00000000 0.16 -0.040  -179.972102   24.0   2.870   2.881 |    0.000  -0.000   0.000  -0.000 |  -12.640  -7.763   0.054
 115B   0.00000000 0.10 -0.040  -179.972102   24.0   2.870   2.881 |    0.000  -0.000   0.000  -0.000 |  -12.640  -7.763   0.053
 116B   0.00000000 0.11 -0.040  -179.972102   24.0   2.870   2.881 |    0.000  -0.000   0.000  -0.000 |  -12.640  -7.763   0.067
 117B   0.00000000 0.10 -0.040  -179.972102   24.0   2.870   2.881 |    0.000  -0.000   0.000  -0.000 |  -12.640  -7.763   0.050
 118B   0.00000000 0.11 -0.040  -179.972102   24.0   2.870   2.881 |    0.000  -0.000   0.000  -0.000 |  -12.640  -7.763   0.045
 119B   0.00000000 0.10 -0.040  -179.972102   24.0   2.870   2.881 |    0.000  -0.000   0.000  -0.000 |  -12.640  -7.763   0.046
 120B   0.00000000 0.11 -0.040  -179.972102   24.0   2.870   2.881 |    0.000  -0.000   0.000  -0.000 |  -12.640  -7.763   0.041
 121B   0.00000000 0.10 -0.040  -179.972102   24.0   2.870   2.881 |    0.000  -0.000   0.000  -0.000 |  -12.640  -7.763   0.044
 122B   0.00000000 0.11 -0.040  -179.972102   24.0   2.870   2.881 |    0.000  -0.000   0.000  -0.000 |  -12.640  -7.763   0.042
 123B   0.00000000 0.10 -0.040  -179.972102   24.0   2.870   2.881 |    0.000  -0.000   0.000  -0.000 |  -12.640  -7.763   0.045
 124B   0.00000000 0.10 -0.040  -179.972102   24.0   2.870   2.881 |    0.000  -0.000   0.000  -0.000 |  -12.640  -7.763   0.050
 125B   0.00000000 0.10 -0.040  -179.972102   24.0   2.870   2.881 |    0.000  -0.000   0.000  -0.000 |  -12.640  -7.763   0.049
 126B   0.00000000 0.11 -0.040  -179.972102   24.0   2.870   2.881 |    0.000  -0.000   0.000  -0.000 |  -12.640  -7.763   0.054
 127B   0.00000000 0.13 -0.040  -179.972102   24.0   2.870   2.881 |    0.000  -0.000   0.000  -0.000 |  -12.640  -7.763   0.082
 128B   0.00000000 0.14 -0.040  -179.972102   24.0   2.870   2.881 |    0.000  -0.000   0.000  -0.000 |  -12.640  -7.763   0.075
  ----------------------------------------------------------------------------------------------------------------------------------
  *   iteration converged   after 128 steps   si=     0.0000000007 ho=  0 tho=  0
  ----------------------------------------------------------------------------------------------------------------------------------
  Total CPU time=   0.655 minutes

  Writing to wel_file: s012_012.hel
 __________________________________  
  The tape s012_012.hel recorded:     
  nucname,npr,ngh,ngl,n00,nb,nt      
  b0,beta0,si,etot,rms,bet,xmix      
  pairing:     CpV0,CpV1,pwi         
  delta:       del,ept               
  lambda:      ala,ala2,alast,tz     
  asymptotic:  varmas,ass,skass      
  ntx,nb,nhhdim,id,N_rz,n_r,n_z      
  Omega2,Sigma2,Parity,Lambda        
  matrices(inbro):    hh,de          
  *all blocking candidates           
 __________________________________  


  NB! From expect (UNPROJECTED RESULTS)

  pairing: CpV0,CpV1,...           0.100000       0.100000       1.000000       1.000000
  forces:   UNE1                          


                             neutrons         protons         total
  Requested part.numbs.      12.000000      12.000000      24.000000
  UnPj(av) part.numbs .      12.000000      12.000000      24.000000
  b0, bz, bp ..........       1.559284       1.564210       1.556827

  lambda (ala) ........     -12.640460      -7.763110
  Lambda (alast) ......     -12.640460      -7.763110
  delta(n,p), pwi .....      -0.000000      -0.000000      60.000000
  pairing energy ......       0.000000       0.000000       0.000000

  rms-radius ..........       2.869562       2.881092       2.875333
  charge-radius, r0 ...                      2.990099       3.461399
  deformation beta2....      -0.039727      -0.039659      -0.039693
  dipole moment[fm] ...       0.000000       0.000000       0.000000
  quadrupole moment[b]       -0.049523      -0.049837      -0.099360
  octupole moment .....       0.000000       0.000000       0.000000
  hexadecapole moment .      -0.000010      -0.000012      -0.000022
  q5 ..................       0.000000       0.000000       0.000000
  q6 ..................       0.000000       0.000000       0.000000
  q7 ..................       0.000000       0.000000       0.000000
  q8 ..................       0.000000       0.000000       0.000000

  <r^0> [fm^0] ........            1.000000            1.000000            1.000000
  <r^2> [fm^2] ........            8.234388            8.300693            8.267541
  <r^4> [fm^4] ........           95.131765           96.532346           95.832056
  <r^6> [fm^6] ........         1383.406498         1411.685159         1397.545829
  <r^8> [fm^8] ........        24034.145965        24645.155893        24339.650929

  kinetic energy ......     215.771741     214.123692     429.895433
  volume energy .......                                  -671.321689
        rho_tau .......                                     0.869655
        rho_rho .......                                  -672.191345
  surface energy ......                                    56.767437
   rho_DELTA_rho ......                                    56.767437
   (NABLA_rho)^2 ......                                     0.000000
  spin-orbit energy ...                                   -24.841920
        rho_NABLA_J ...                                   -24.841920
        NABLA_rho_J ...                                     0.000000
  coulomb energy ......                                    29.528637
          direct ......                                    34.024487
          exchange ....                                    -4.495850
  tensor energy .......                                     0.000000
  direct Hartree E  ...                                     0.000000
  Extra E .............                                     0.000000
  External field E ....                                     0.000000
  Entropy .............       3.639643       3.635450       7.275093

  tEnergy: ehfb (qp)...                                  -179.972102

  Calculated but not added corrections 
====================================
  cmc-diagonal part ...      -0.000000       0.000000       0.000000
  cmc-hfb .............       0.000000       0.000000       0.000000
  cranking rot corr ...       0.000000       0.000000       0.000000

  SQUJ ................       0.000000       0.000000       0.000000
  CRAN x 4 ............       0.000000       0.000000       0.000000
  Rigit Body ..........       0.000000       0.000000       0.000000


   Blocking candidates are:
   neutron eqpmin=   8.7368922521907262E-003  pwiblo=   5.1031036307982882     
    num=   1 block=   1 state=   1     1 Eqp=   0.00873689  (1-2N)E=  -0.00873689  Ovlp=   0.62506687  1+[ 2, 1, 1]
    num=   2 block=   3 state=   1    16 Eqp=   0.02883668  (1-2N)E=  -0.02883668  Ovlp=   0.86499518  3+[ 2, 1, 1]
    num=   3 block=   5 state=   1    26 Eqp=   0.07451087  (1-2N)E=  -0.07451087  Ovlp=   0.97587494  5+[ 2, 0, 2]
    num=   4 block=   1 state=   2     2 Eqp=   2.34010160  (1-2N)E=   2.34010160  Ovlp=   0.75475076  1+[ 2, 0, 0]

   Blocking candidates are:
   proton  eqpmin=   8.4194203872988010E-003  pwiblo=   5.1031036307982882     
    num=   1 block=   1 state=   1     1 Eqp=   0.00841942  (1-2N)E=  -0.00841942  Ovlp=   0.62356540  1+[ 2, 1, 1]
    num=   2 block=   3 state=   1    16 Eqp=   0.02883430  (1-2N)E=  -0.02883430  Ovlp=   0.86299187  3+[ 2, 1, 1]
    num=   3 block=   5 state=   1    26 Eqp=   0.07504129  (1-2N)E=  -0.07504129  Ovlp=   0.97354139  5+[ 2, 0, 2]
    num=   4 block=   1 state=   2     2 Eqp=   2.38012103  (1-2N)E=   2.38012103  Ovlp=   0.75069539  1+[ 2, 0, 0]



 HFBTHO_SOLVER ended without errors

