No Skyrme interaction defined in routine skforce()
Multi-threading framework with OpenMP: 1 threads/task

  =======================================
           FORTRAN 95 CODE (KIND= 8) 
               Version: 200d  
  =======================================
       AXIALLY DEFORMED CONFIGURATIONAL  
     HARTREE-FOCK-BOGOLIUBOV CALCULATIONS
                     WITH                
            UNEDF AND DELTA PAIRING      
                     USING               
             HARMONIC-OSCILLATOR         
                   AND/OR                
       TRANSFORMED HARMONIC-OSCILLATOR   
                    BASIS                
                     ---                 
               v1.66  (2005):,           
   Stoitsov,Dobaczewski,Nazarewicz,Ring, 
               v2.00d (2012):,           
         Stoitsov,Schunck,Kortelainen    
  =======================================
    Nucleus: MG (A=  24, N= 12, Z= 12)
       Reflection Symmetry Imposed       
            ( 7/14/2023, 22:11)                               
  =======================================


  ---------------------------------------
           UNEDF Module Version:17
         M.Kortelainen & M.Stoitsov 
  ---------------------------------------

  UNE1 functional
  ----------------------------------
  Crho(0)=   -812.324694528107443    ; Crho(1)=    322.918537039649834    
  CDrho(0)=   883.008540217881546    ; CDrho(1)=  -294.842616722975606    
  Ctau(0)=    11.2568895734341705    ; Ctau(1)=   -21.4041569580189872    
  CrDr(0)=   -48.1654730485898313    ; CrDr(1)=   -195.331764757015293    
  CrdJ(0)=   -86.5942430224807111    ; CrdJ(1)=   -43.9734438604377686    
  CJ(0)=      0.00000000000000000    ; CJ(1)=      0.00000000000000000    
  CpV0(0)=   0.100000000000000006    ; CpV0(1)=   0.100000000000000006    
  CpV1(0)=    1.00000000000000000    ; CpV1(1)=    1.00000000000000000    
  sigma=     0.245191379812698035    ; hbzero=     20.7355300000000007    
  e^2 chrg=   1.43997840859651305    ; CExPar=     1.00000000000000000    
  c.m. correction: F, chr. density in direct Coul: F
  use tensor terms: F
  use TMR pairing:  0

  Coupling constants in natural units
  -----------------------------------
  Crho_nu(0)=  -0.914775021176096548    ; Crho_nu(1)=   0.363644997558767058    
  CDrho_nu(0)=  0.938030650646928477    ; CDrho_nu(1)= -0.313214877327066432    
  Ctau_nu(0)=   0.159567689529906409    ; Ctau_nu(1)=  -0.303406358376900276    
  CrDr_nu(0)=  -0.682751056527755695    ; CrDr_nu(1)=   -2.76884997323176441    
  CrdJ_nu(0)=   -1.22748323997932585    ; CrdJ_nu(1)=  -0.623328566182468680    
  CJ_nu(0)=      0.00000000000000000    ; CJ_nu(1)=      0.00000000000000000    
  CpV0_nu(0)=   0.112611992142809880E-03; CpV0_nu(1)=   0.112611992142809880E-03
  CpV1_nu(0)=   0.887702254206059068E-03; CpV1_nu(1)=   0.887702254206059068E-03
  fpi_nu=        93.0000000000000000    ; Lambda_nu=     700.000000000000000    

  Nuclear matter properties
  ----------------------------------
      E_NM=     -15.7999999999999741      K_NM=     219.9999999999994600
      P_NM=       0.0000000000000044    RHO_NM=       0.1586151027390229
    ASS_NM=      28.7083288336264317   LASS_NM=      42.1186852259091324
  SMASS_NM=       1.0861088525932105  VMASS_NM=       1.2498385742322693

  Associated (t,x)-coupling constants
  -----------------------------------
  t0=      -2166.19918540828621    ; x0=       0.962859541539083930E-01
  t1=       271.891709023724616    ; x1=       -6.08989389414395887    
  t2=       2042.91711510690584    ; x2=       -1.32777663728943907    
  t3=       14128.1366434861047    ; x3=       0.860303089860403603E-03
  b4=       42.6207991620429425    ; b4p=       87.9468877208755373    
  te=      -613.935468209281680    ; to=       -259.730386992645435    
  sigma=   0.245191379812698035    ; hbzero=    20.7355300000000007    

  ---------------------------------------
        Characteristics of the run       
  ---------------------------------------
  Output file ................:     7
  Nucleus ....................:   MG  24
  Number of HO shells ........:     4
  HO length b0 (fm) ..........:     1.55928400372611
  Basis deformation ..........:  beta0=   0.010 q=   1.010
  HO: b0,1/b0,bp,bz,q ........:   0.15592840E+01  0.64131999E+00  0.15568270E+01  0.15642096E+01  0.10095067E+01
  h**2/(2m), cmc, e**2 .......:   0.20735530E+02  0.20735530E+02  0.14399784E+01
  hom=f*41.0_pr*A^{-1/3}, f...:   0.17056687E+02  0.12000000E+01
  THO basis is ...............:  OFF
  Maximal number of iterations:   400
  Initial mixing parameter ...:  0.300
  Initial w.f. ...............:  from   spherical scratch
  Skyrme functional ..........:    UNE1                          
    with direct and exchange Coulomb
  Lipkin-Nogami procedure is .:  OFF
  PAV procedure is ...........:  OFF
  Constraint calculation is ..:   ON
    Constraint 1 .............: lambda=2 Ql=  -1.093
  Temperature T ..............:   0.05 MeV
  Restart indicator ..........:   1
  Broyden mixing (#iterations):   7

  ---------------------------------------
        Harmonic Oscillator Basis        
  ---------------------------------------
  NUV, NQP:                         195      35
  Comparison with bookkeeping spherical basis:
  n00:                                4       4  Maximal number of shells
  nbx, 2*n00+1:                       9       9  Maximal number of K-blocks
  ntx, (n00+1)*(n00+2)*(n00+3)/6     35      35  Max.num. p/n levels
  nzx, n00:                           4       4  Maximal nz-quantum number
  nrx, n00/2  :                       2       2  Maximal nr-quantum number
  nlx, n00:                           4       4  Maximal ml-quantum number
  ndx, (n00+2)*(n00+2)/4:             9       9  Maximal dim. of one k-block

  Actual basis used
  Number of blocks: nb .......:    9
  Number of levels: nt .......:   35
  Maximal 2*omega : nom ......:    9
  Maximal nz:       nzm ......:    4
  Maximal nr:       nrm ......:    2
  Maximal ml:       nlm ......:    4
  Maximal N=nz+2*nr+nl .......:    4
  2 x biggest block dim. .....:   18
  Non-zero elements of h .....:      115
  Number of Broyden elements .:      460

  ---------------------------------------
            Integration Meshes           
  ---------------------------------------
  Number of Gauss-Hermite mesh points ngh ....:  40
  Number of Gauss-Laguerre mesh points ngl ...:  40
  Number of Gauss-Legendre mesh points nleg ..:  80
  Integration boundaries
    Hermite  - from xh(1)  =  0.12379686 to xh(ngh)   = 11.88786356
    Laguerre - From xl(1)  =  0.03570039 to xl(ngl)   =142.28004447
    Legendre - From xleg(1)=  0.00978669 to xleg(nleg)=  0.99988775
  Max.dev.in:     Orthogonality            Normalization
  Hermite     5.2235050987142219E-016   1.9984014443252818E-015
  Laguerre    1.9977540701027837E-015   4.5519144009631418E-015

  Scratch initialization for the nucleus: MG  12  12


  Initial potentials of Saxon-Woods shape 
  v0ws   =  -71.27999878
  kappa  =    0.46160001
  vs0    =   11.11750031   11.11750031
  r0     =    1.23339999    1.23339999
  a      =    0.61500001    0.61500001
  r0-so  =    1.14429998    1.14429998
  a-so   =    0.64760000    0.64760000
  beta00 =    0.01000000

  ### REGULAR STAGE (reflection symmetry imposed)
  |HFB+HO> iterations(b0=  1.559, Nsh=  4, inin=  1, N= 12, Z= 12)...
  ----------------------------------------------------------------------------------------------------------------------------------
  i          si     mix   beta      Etot       A       rn      rp         En      Dn      Ep      Dp        Ln      Lp     time
  ----------------------------------------------------------------------------------------------------------------------------------
   1L  52.26905082 0.30  0.010     0.000000    0.0   0.000   0.000 |   -2.000   1.000  -2.000   1.000 |   -7.000  -7.000   0.000
   2B  51.23661359 0.10  0.009   -45.872787   24.0   2.616   2.616 |    0.000  -0.000   0.000  -0.000 |  -16.532 -16.532  29.041
   3B  36.24137479 0.11 -0.215  -168.046805   24.0   3.054   3.085 |    0.000  -0.000   0.000  -0.000 |  -11.762  -8.243   0.087
   4B  12.11054016 0.13 -0.343  -171.377583   24.0   3.014   2.980 |    0.000  -0.000   0.000  -0.000 |  -14.781 -10.404   0.077
   5B  22.49406837 0.10 -0.382  -150.689910   24.0   2.963   3.074 |    0.000  -0.000   0.000  -0.000 |  -16.238 -11.160   0.079
   6B  20.43409167 0.11 -0.454  -138.703400   24.0   3.044   3.133 |    0.000   0.000   0.000   0.000 |  -15.958 -11.621   0.080
   7B  29.61171676 0.10 -0.488  -154.086204   24.0   3.147   3.098 |    0.000   0.000   0.000   0.000 |  -15.650 -12.091   0.082
   8L  55.31483750 0.10 -0.495  -159.121691   24.0   3.139   3.122 |    0.000   0.000   0.000   0.000 |  -15.770 -11.567   0.082
   9B  47.90578132 0.11 -0.484  -161.889618   24.0   3.102   3.116 |    0.000   0.000   0.000   0.000 |  -15.413 -10.555   0.091
  10B  42.65271674 0.13 -0.479  -159.851454   24.0   3.111   3.082 |    0.000   0.000   0.000   0.000 |  -15.694 -10.371   0.087
  11B  13.07044353 0.14 -0.400  -162.681079   24.0   2.956   3.037 |    0.000  -0.000   0.000  -0.000 |  -14.649  -9.728   0.088
  12L   8.56030400 0.16 -0.440  -161.968875   24.0   3.072   3.015 |    0.000  -0.000   0.000  -0.000 |  -14.788 -10.158   0.086
  13B  21.85554999 0.10 -0.422  -132.033061   24.0   2.933   3.091 |    0.000  -0.000   0.000  -0.000 |  -14.707  -9.182   0.090
  14B  14.60780419 0.11 -0.457  -163.941214   24.0   3.036   3.081 |    0.000   0.000   0.000   0.000 |  -15.066  -9.981   0.085
  15B  15.36847660 0.10 -0.458  -165.144592   24.0   3.054   3.065 |    0.000   0.000   0.000   0.000 |  -14.964 -10.058   0.086
  16B   5.02499185 0.11 -0.415  -167.437331   24.0   2.985   3.032 |    0.000  -0.000   0.000  -0.000 |  -14.853  -9.935   0.092
  17B   3.19893499 0.13 -0.394  -170.961625   24.0   2.971   3.000 |    0.000  -0.000   0.000  -0.000 |  -14.796  -9.942   0.084
  18B  14.74357345 0.10 -0.420  -156.416575   24.0   3.059   2.965 |    0.000  -0.000   0.000  -0.000 |  -14.810 -10.107   0.091
  19L  14.13513823 0.11 -0.421  -157.406589   24.0   3.057   2.970 |    0.000  -0.000   0.000  -0.000 |  -14.830 -10.127   0.085
  20B  31.63112059 0.10 -0.420  -121.493888   24.0   2.907   3.086 |    0.000  -0.000   0.000  -0.000 |  -14.479  -8.685   0.086
  21L   2.96532474 0.11 -0.428  -166.833212   24.0   3.002   3.036 |    0.000  -0.000   0.000  -0.000 |  -14.947 -10.086   0.090
  22B  15.15517883 0.10 -0.415  -146.054351   24.0   3.061   2.946 |    0.000  -0.000   0.000  -0.000 |  -14.552  -9.926   0.090
  23B  13.18598602 0.11 -0.422  -158.642089   24.0   2.962   3.062 |    0.000  -0.000   0.000  -0.000 |  -15.033 -10.052   0.092
  24L  16.12187764 0.10 -0.418  -154.233859   24.0   3.062   2.957 |    0.000  -0.000   0.000  -0.000 |  -14.652 -10.086   0.092
  25B  33.64133376 0.10 -0.418  -115.102728   24.0   2.900   3.086 |    0.000  -0.000   0.000  -0.000 |  -14.379  -8.980   0.090
  26B  10.35508540 0.11 -0.396  -165.747065   24.0   3.017   2.957 |    0.000  -0.000   0.000  -0.000 |  -14.779 -10.012   0.085
  27L   3.68338539 0.13 -0.370  -174.276737   24.0   2.965   2.960 |    0.000  -0.000   0.000  -0.000 |  -14.832  -9.998   0.087
  28L   7.76221178 0.10 -0.353  -173.821857   24.0   2.949   2.976 |    0.000  -0.000   0.000  -0.000 |  -14.609  -9.898   0.084
  29B  22.66906561 0.10 -0.352  -156.455903   24.0   2.972   2.951 |    0.000  -0.000   0.000  -0.000 |  -14.591 -10.037   0.083
  30B   4.97893000 0.11 -0.371  -174.075677   24.0   2.948   2.974 |    0.000  -0.000   0.000  -0.000 |  -14.937 -10.130   0.088
  31L   9.23926607 0.10 -0.390  -168.154406   24.0   2.951   3.009 |    0.000  -0.000   0.000  -0.000 |  -14.876 -10.093   0.084
  32B  24.27230423 0.10 -0.412  -140.445706   24.0   3.061   2.937 |    0.000  -0.000   0.000  -0.000 |  -14.385  -9.791   0.079
  33B   3.14617595 0.11 -0.359  -176.251995   24.0   2.951   2.961 |    0.000  -0.000   0.000  -0.000 |  -14.849 -10.011   0.087
  34B   2.93388744 0.13 -0.361  -175.832045   24.0   2.951   2.961 |    0.000  -0.000   0.000  -0.000 |  -14.899 -10.078   0.088
  35B   5.17898839 0.10 -0.365  -174.361816   24.0   2.972   2.954 |    0.000  -0.000   0.000  -0.000 |  -14.951  -9.975   0.090
  36B   5.13453216 0.11 -0.365  -174.391528   24.0   2.973   2.956 |    0.000  -0.000   0.000  -0.000 |  -14.915  -9.968   0.097
  37L   7.14185772 0.10 -0.358  -174.196386   24.0   2.958   2.955 |    0.000   0.000   0.000   0.000 |  -14.864  -9.914   0.095
  38B  23.73767819 0.10 -0.353  -153.684337   24.0   2.941   2.971 |    0.000   0.000   0.000   0.000 |  -14.898  -9.716   0.099
  39B   7.36799245 0.11 -0.373  -169.872909   24.0   2.993   2.949 |    0.000  -0.000   0.000  -0.000 |  -14.855  -9.908   0.093
  40B   7.39902780 0.10 -0.343  -175.486752   24.0   2.952   2.977 |    0.000  -0.000   0.000  -0.000 |  -14.633  -9.892   0.094
  41B  11.12637317 0.10 -0.343  -172.416106   24.0   2.964   2.968 |    0.000  -0.000   0.000  -0.000 |  -14.839 -10.049   0.095
  42B   9.70826630 0.11 -0.344  -173.628370   24.0   2.962   2.970 |    0.000  -0.000   0.000  -0.000 |  -14.872 -10.085   0.099
  43B   4.81939910 0.13 -0.349  -176.729786   24.0   2.954   2.976 |    0.000  -0.000   0.000  -0.000 |  -14.895 -10.244   0.093
  44L   5.41852806 0.10 -0.347  -176.425261   24.0   2.958   2.976 |    0.000  -0.000   0.000  -0.000 |  -14.910 -10.185   0.094
  45B  22.96065717 0.10 -0.349  -155.449338   24.0   2.955   2.976 |    0.000  -0.000   0.000  -0.000 |  -15.290  -9.946   0.096
  46B   2.02254764 0.11 -0.348  -177.587571   24.0   2.964   2.973 |    0.000  -0.000   0.000  -0.000 |  -14.968 -10.187   0.095
  47B   2.98258485 0.10 -0.346  -177.646620   24.0   2.959   2.972 |    0.000  -0.000   0.000  -0.000 |  -14.845 -10.074   0.102
  48B   3.73330455 0.10 -0.345  -177.530219   24.0   2.963   2.971 |    0.000  -0.000   0.000  -0.000 |  -14.907 -10.085   0.104
  49B   1.81076934 0.11 -0.346  -178.038749   24.0   2.964   2.971 |    0.000  -0.000   0.000  -0.000 |  -14.949 -10.121   0.118
  50B   5.06822364 0.10 -0.346  -176.770783   24.0   2.964   2.971 |    0.000   0.000   0.000   0.000 |  -14.970 -10.166   0.117
  51B   5.39875179 0.10 -0.346  -176.587512   24.0   2.963   2.971 |    0.000   0.000   0.000   0.000 |  -14.960 -10.164   0.116
  52B   4.70214449 0.11 -0.346  -176.961170   24.0   2.962   2.972 |    0.000   0.000   0.000   0.000 |  -14.945 -10.167   0.122
  53B   5.15218103 0.10 -0.346  -176.782971   24.0   2.962   2.972 |    0.000   0.000   0.000   0.000 |  -14.941 -10.156   0.123
  54B   1.70367512 0.11 -0.348  -177.758608   24.0   2.965   2.973 |    0.000   0.000   0.000   0.000 |  -14.994 -10.196   0.118
  55B   1.67412878 0.13 -0.349  -177.585486   24.0   2.966   2.975 |    0.000   0.000   0.000   0.000 |  -15.047 -10.230   0.115
  56B   1.58595533 0.14 -0.351  -177.440084   24.0   2.968   2.976 |    0.000   0.000   0.000   0.000 |  -15.086 -10.266   0.116
  57B   1.30236464 0.16 -0.359  -176.416041   24.0   2.976   2.983 |    0.000   0.000   0.000   0.000 |  -15.366 -10.555   0.123
  58B  13.15271771 0.10 -0.466  -162.826347   24.0   3.080   3.098 |    0.000   0.000   0.000   0.000 |  -15.834 -10.983   0.113
  59B   7.35321012 0.11 -0.438  -163.305663   24.0   3.031   3.084 |    0.000   0.000   0.000   0.000 |  -15.816 -10.934   0.112
  60B  46.10538318 0.10 -0.482  -161.326311   24.0   3.106   3.113 |    0.000   0.000   0.000   0.000 |  -15.910 -11.133   0.101
  61B   1.37253417 0.11 -0.364  -175.752837   24.0   2.979   2.985 |    0.000   0.000   0.000   0.000 |  -15.526 -10.699   0.123
  62B   1.20115811 0.13 -0.361  -176.072458   24.0   2.978   2.985 |    0.000   0.000   0.000   0.000 |  -15.455 -10.635   0.127
  63B   1.24083705 0.10 -0.362  -176.018794   24.0   2.978   2.986 |    0.000   0.000   0.000   0.000 |  -15.464 -10.652   0.105
  64B   1.23423720 0.11 -0.362  -175.948239   24.0   2.978   2.986 |    0.000   0.000   0.000   0.000 |  -15.484 -10.666   0.124
  65B   1.19802937 0.13 -0.363  -175.878017   24.0   2.979   2.986 |    0.000   0.000   0.000   0.000 |  -15.503 -10.684   0.126
  66B   1.19532537 0.14 -0.363  -175.848568   24.0   2.979   2.987 |    0.000   0.000   0.000   0.000 |  -15.509 -10.692   0.120
  67B   0.80968985 0.16 -0.380  -173.213917   24.0   2.992   3.006 |    0.000  -0.000   0.000  -0.000 |  -15.719 -10.905   0.119
  68B   1.41695018 0.10 -0.390  -171.686680   24.0   3.000   3.017 |    0.000  -0.000   0.000  -0.000 |  -15.742 -10.924   0.115
  69B  28.31261119 0.10 -0.472  -162.412665   24.0   3.092   3.100 |    0.000  -0.000   0.000  -0.000 |  -15.841 -11.036   0.128
  70B   0.91279816 0.11 -0.371  -174.584317   24.0   2.986   2.996 |    0.000  -0.000   0.000  -0.000 |  -15.681 -10.869   0.121
  71B   0.81937561 0.13 -0.380  -173.260027   24.0   2.992   3.006 |    0.000  -0.000   0.000  -0.000 |  -15.716 -10.900   0.123
  72B   0.78839673 0.14 -0.375  -173.997100   24.0   2.989   3.000 |    0.000  -0.000   0.000  -0.000 |  -15.702 -10.886   0.126
  73B   0.86054384 0.10 -0.373  -174.364765   24.0   2.987   2.998 |    0.000  -0.000   0.000  -0.000 |  -15.690 -10.877   0.125
  74B   0.83359508 0.11 -0.374  -174.220889   24.0   2.988   2.999 |    0.000  -0.000   0.000  -0.000 |  -15.696 -10.881   0.115
  75B   0.85930684 0.10 -0.373  -174.330847   24.0   2.987   2.998 |    0.000  -0.000   0.000  -0.000 |  -15.692 -10.878   0.125
  76B   0.92090356 0.10 -0.372  -174.393695   24.0   2.986   2.997 |    0.000  -0.000   0.000  -0.000 |  -15.685 -10.865   0.117
  77B   0.94106197 0.10 -0.370  -174.740305   24.0   2.985   2.995 |    0.000   0.000   0.000   0.000 |  -15.668 -10.858   0.125
  78B   0.64259310 0.11 -0.382  -172.942408   24.0   2.995   3.007 |    0.000   0.000   0.000   0.000 |  -15.747 -10.930   0.124
  79L   3.75861202 0.10 -0.413  -167.941320   24.0   3.039   3.024 |    0.000  -0.000   0.000  -0.000 |  -15.751 -10.953   0.121
  80B  16.14578977 0.10 -0.426  -148.573787   24.0   2.975   3.101 |    0.000  -0.000   0.000  -0.000 |  -15.684 -10.649   0.115
  81L   2.79982873 0.11 -0.381  -172.407025   24.0   2.983   3.015 |    0.000  -0.000   0.000  -0.000 |  -15.620 -10.821   0.124
  82B  14.98097203 0.10 -0.418  -143.143928   24.0   3.088   2.983 |    0.000  -0.000   0.000  -0.000 |  -15.428 -10.649   0.124
  83B   1.72436577 0.11 -0.373  -174.333436   24.0   2.985   2.994 |    0.000  -0.000   0.000  -0.000 |  -15.618 -10.787   0.124
  84L   2.09385517 0.10 -0.370  -174.717419   24.0   2.981   2.994 |    0.000   0.000   0.000   0.000 |  -15.560 -10.761   0.110
  85B  16.18768950 0.10 -0.367  -163.697773   24.0   2.991   2.985 |    0.000   0.000   0.000   0.000 |  -15.505 -10.794   0.111
  86B   1.40369442 0.11 -0.381  -173.120055   24.0   2.997   2.998 |    0.000  -0.000   0.000  -0.000 |  -15.648 -10.841   0.111
  87L   3.61375986 0.10 -0.395  -169.991216   24.0   3.022   3.001 |    0.000  -0.000   0.000  -0.000 |  -15.645 -10.850   0.112
  88B  15.51322354 0.10 -0.421  -140.235962   24.0   2.970   3.099 |    0.000  -0.000   0.000  -0.000 |  -15.459 -10.500   0.113
  89B   1.28108005 0.11 -0.376  -173.905357   24.0   2.991   2.996 |    0.000  -0.000   0.000  -0.000 |  -15.626 -10.795   0.115
  90B   2.54956885 0.10 -0.376  -173.240564   24.0   2.997   2.993 |    0.000  -0.000   0.000  -0.000 |  -15.624 -10.801   0.117
  91B   1.91367121 0.11 -0.386  -172.003183   24.0   2.993   3.014 |    0.000   0.000   0.000   0.000 |  -15.659 -10.852   0.120
  92B   1.58117050 0.13 -0.389  -171.839096   24.0   2.999   3.013 |    0.000  -0.000   0.000  -0.000 |  -15.664 -10.861   0.109
  93B   1.30448661 0.14 -0.386  -172.278057   24.0   2.997   3.009 |    0.000  -0.000   0.000  -0.000 |  -15.663 -10.856   0.109
  94B   2.70270095 0.10 -0.386  -171.567180   24.0   2.987   3.019 |    0.000  -0.000   0.000  -0.000 |  -15.654 -10.843   0.083
  95B   2.77139096 0.10 -0.386  -171.472180   24.0   2.987   3.019 |    0.000  -0.000   0.000  -0.000 |  -15.653 -10.843   0.102
  96B   2.93225703 0.10 -0.389  -170.884271   24.0   2.987   3.024 |    0.000  -0.000   0.000  -0.000 |  -15.650 -10.843   0.114
  97B   1.57417716 0.11 -0.394  -171.152960   24.0   3.010   3.010 |    0.000   0.000   0.000   0.000 |  -15.642 -10.838   0.099
  98B   0.54227026 0.13 -0.385  -172.562931   24.0   2.997   3.007 |    0.000  -0.000   0.000  -0.000 |  -15.703 -10.890   0.119
  99B   1.01159474 0.10 -0.390  -171.815772   24.0   2.999   3.015 |    0.000   0.000   0.000   0.000 |  -15.738 -10.925   0.115
 100B   1.07669587 0.10 -0.395  -171.097536   24.0   3.008   3.016 |    0.000  -0.000   0.000  -0.000 |  -15.716 -10.895   0.115
 101B   0.48265722 0.11 -0.394  -171.520956   24.0   3.002   3.006 |    0.000  -0.000   0.000  -0.000 |  -15.481 -10.669   0.111
 102B   0.46971199 0.13 -0.404  -170.241057   24.0   3.007   3.018 |    0.000  -0.000   0.000  -0.000 |  -15.445 -10.630   0.103
 103B   0.32233830 0.14 -0.400  -170.681894   24.0   3.006   3.012 |    0.000  -0.000   0.000  -0.000 |  -15.414 -10.603   0.076
 104B   0.14935521 0.16 -0.398  -170.942229   24.0   3.002   3.012 |    0.000  -0.000   0.000  -0.000 |  -15.421 -10.605   0.087
 105B   0.04826671 0.18 -0.399  -170.863143   24.0   3.003   3.011 |    0.000  -0.000   0.000  -0.000 |  -15.412 -10.598   0.100
 106B   0.08300590 0.10 -0.399  -170.888336   24.0   3.002   3.012 |    0.000  -0.000   0.000  -0.000 |  -15.419 -10.605   0.078
 107B   0.01228718 0.11 -0.399  -170.860670   24.0   3.003   3.012 |    0.000  -0.000   0.000  -0.000 |  -15.416 -10.602   0.063
 108B   0.00565638 0.13 -0.399  -170.854335   24.0   3.003   3.012 |    0.000   0.000   0.000   0.000 |  -15.416 -10.603   0.058
 109B   0.00295294 0.14 -0.399  -170.853880   24.0   3.003   3.012 |    0.000   0.000   0.000   0.000 |  -15.416 -10.602   0.054
 110B   0.00161643 0.16 -0.399  -170.857076   24.0   3.003   3.012 |    0.000   0.000   0.000   0.000 |  -15.416 -10.602   0.062
 111B   0.00096061 0.18 -0.399  -170.856902   24.0   3.003   3.012 |    0.000   0.000   0.000   0.000 |  -15.416 -10.602   0.062
 112B   0.00043889 0.21 -0.399  -170.857697   24.0   3.003   3.012 |    0.000   0.000   0.000   0.000 |  -15.416 -10.602   0.062
 113B   0.00057758 0.10 -0.399  -170.858181   24.0   3.003   3.012 |    0.000   0.000   0.000   0.000 |  -15.416 -10.602   0.065
 114B   0.00054121 0.11 -0.399  -170.857877   24.0   3.003   3.012 |    0.000   0.000   0.000   0.000 |  -15.416 -10.602   0.056
 115B   0.00022982 0.13 -0.399  -170.858144   24.0   3.003   3.012 |    0.000   0.000   0.000   0.000 |  -15.416 -10.602   0.061
 116B   0.00023271 0.10 -0.399  -170.858040   24.0   3.003   3.012 |    0.000   0.000   0.000   0.000 |  -15.416 -10.602   0.043
 117B   0.00033147 0.10 -0.399  -170.858174   24.0   3.003   3.012 |    0.000  -0.000   0.000  -0.000 |  -15.416 -10.602   0.045
 118B   0.00007288 0.11 -0.399  -170.858038   24.0   3.003   3.012 |    0.000   0.000   0.000   0.000 |  -15.416 -10.602   0.039
 119B   0.00001784 0.13 -0.399  -170.858004   24.0   3.003   3.012 |    0.000   0.000   0.000   0.000 |  -15.416 -10.602   0.036
 120B   0.00001950 0.10 -0.399  -170.857977   24.0   3.003   3.012 |    0.000   0.000   0.000   0.000 |  -15.416 -10.602   0.036
 121B   0.00000582 0.11 -0.399  -170.857981   24.0   3.003   3.012 |    0.000   0.000   0.000   0.000 |  -15.416 -10.602   0.035
 122B   0.00000311 0.13 -0.399  -170.857971   24.0   3.003   3.012 |    0.000   0.000   0.000   0.000 |  -15.416 -10.602   0.036
 123B   0.00000395 0.10 -0.399  -170.857967   24.0   3.003   3.012 |    0.000   0.000   0.000   0.000 |  -15.416 -10.602   0.042
 124B   0.00000276 0.11 -0.399  -170.857967   24.0   3.003   3.012 |    0.000   0.000   0.000   0.000 |  -15.416 -10.602   0.035
 125B   0.00000515 0.10 -0.399  -170.857966   24.0   3.003   3.012 |    0.000   0.000   0.000   0.000 |  -15.416 -10.602   0.039
 126B   0.00000036 0.11 -0.399  -170.857969   24.0   3.003   3.012 |    0.000   0.000   0.000   0.000 |  -15.416 -10.602   0.035
 127B   0.00000027 0.13 -0.399  -170.857969   24.0   3.003   3.012 |    0.000   0.000   0.000   0.000 |  -15.416 -10.602   0.034
 128B   0.00000002 0.14 -0.399  -170.857969   24.0   3.003   3.012 |    0.000   0.000   0.000   0.000 |  -15.416 -10.602   0.035
 129B   0.00000002 0.10 -0.399  -170.857969   24.0   3.003   3.012 |    0.000   0.000   0.000   0.000 |  -15.416 -10.602   0.035
 130B   0.00000001 0.11 -0.399  -170.857969   24.0   3.003   3.012 |    0.000   0.000   0.000  -0.000 |  -15.416 -10.602   0.036
 131B   0.00000000 0.13 -0.399  -170.857969   24.0   3.003   3.012 |    0.000  -0.000   0.000  -0.000 |  -15.416 -10.602   0.035
 132B   0.00000000 0.10 -0.399  -170.857969   24.0   3.003   3.012 |    0.000   0.000   0.000   0.000 |  -15.416 -10.602   0.039
 133B   0.00000000 0.10 -0.399  -170.857969   24.0   3.003   3.012 |    0.000   0.000   0.000   0.000 |  -15.416 -10.602   0.033
 134B   0.00000001 0.10 -0.399  -170.857969   24.0   3.003   3.012 |    0.000   0.000   0.000   0.000 |  -15.416 -10.602   0.031
 135B   0.00000000 0.11 -0.399  -170.857969   24.0   3.003   3.012 |    0.000   0.000   0.000   0.000 |  -15.416 -10.602   0.031
  ----------------------------------------------------------------------------------------------------------------------------------
  *   iteration converged   after 135 steps   si=     0.0000000006 ho=  0 tho=  0
  ----------------------------------------------------------------------------------------------------------------------------------
  Total CPU time=   0.685 minutes

  Writing to wel_file: s012_012.hel
 __________________________________  
  The tape s012_012.hel recorded:     
  nucname,npr,ngh,ngl,n00,nb,nt      
  b0,beta0,si,etot,rms,bet,xmix      
  pairing:     CpV0,CpV1,pwi         
  delta:       del,ept               
  lambda:      ala,ala2,alast,tz     
  asymptotic:  varmas,ass,skass      
  ntx,nb,nhhdim,id,N_rz,n_r,n_z      
  Omega2,Sigma2,Parity,Lambda        
  matrices(inbro):    hh,de          
  *all blocking candidates           
 __________________________________  


  NB! From expect (UNPROJECTED RESULTS)

  pairing: CpV0,CpV1,...           0.100000       0.100000       1.000000       1.000000
  forces:   UNE1                          


                             neutrons         protons         total
  Requested part.numbs.      12.000000      12.000000      24.000000
  UnPj(av) part.numbs .      12.000000      12.000000      24.000000
  b0, bz, bp ..........       1.559284       1.564210       1.556827

  lambda (ala) ........     -15.416198     -10.602397
  Lambda (alast) ......     -15.416198     -10.602397
  delta(n,p), pwi .....       0.000000       0.000000      60.000000
  pairing energy ......       0.000000       0.000000       0.000000

  rms-radius ..........       3.002936       3.011548       3.007245
  charge-radius, r0 ...                      3.115994       3.461399
  deformation beta2....      -0.398956      -0.399358      -0.399158
  dipole moment[fm] ...       0.000000       0.000000       0.000000
  quadrupole moment[b]       -0.544639      -0.548319      -1.092958
  octupole moment .....       0.000000       0.000000       0.000000
  hexadecapole moment .       0.007602       0.007643       0.015245
  q5 ..................       0.000000       0.000000       0.000000
  q6 ..................      -0.000258      -0.000256      -0.000513
  q7 ..................       0.000000       0.000000       0.000000
  q8 ..................       0.000004       0.000004       0.000008

  <r^0> [fm^0] ........            1.000000            1.000000            1.000000
  <r^2> [fm^2] ........            9.017627            9.069421            9.043524
  <r^4> [fm^4] ........          114.591696          115.743919          115.167807
  <r^6> [fm^6] ........         1815.925700         1840.306370         1828.116035
  <r^8> [fm^8] ........        34000.188202        34548.685649        34274.436926

  kinetic energy ......     217.916356     217.091910     435.008265
  volume energy .......                                  -676.840821
        rho_tau .......                                    21.451689
        rho_rho .......                                  -698.292510
  surface energy ......                                    68.334913
   rho_DELTA_rho ......                                    68.334913
   (NABLA_rho)^2 ......                                     0.000000
  spin-orbit energy ...                                   -26.139856
        rho_NABLA_J ...                                   -26.139856
        NABLA_rho_J ...                                     0.000000
  coulomb energy ......                                    28.779530
          direct ......                                    33.289272
          exchange ....                                    -4.509742
  tensor energy .......                                     0.000000
  direct Hartree E  ...                                     0.000000
  Extra E .............                                     0.000000
  External field E ....                                     0.000000
  Entropy .............       3.577955       3.587059       7.165014

  tEnergy: ehfb (qp)...                                  -170.857969

  Calculated but not added corrections 
====================================
  cmc-diagonal part ...       0.000000       0.000000       0.000000
  cmc-hfb .............       0.000000       0.000000       0.000000
  cranking rot corr ...       0.000000       0.000000       0.000000

  SQUJ ................       0.000000       0.000000       0.000000
  CRAN x 4 ............       0.000000       0.000000       0.000000
  Rigit Body ..........       0.000000       0.000000       0.000000


   Blocking candidates are:
   neutron eqpmin=   4.3801597153191096E-002  pwiblo=   5.1031036307982882     
    num=   1 block=   2 state=   1    10 Eqp=   0.04380160  (1-2N)E=  -0.04380160  Ovlp=   0.90878174  1-[ 1, 1, 0]
    num=   2 block=   1 state=   1     1 Eqp=   0.07154694  (1-2N)E=  -0.07154694  Ovlp=   0.79826981  1+[ 2, 0, 0]
    num=   3 block=   3 state=   1    16 Eqp=   0.00260995  (1-2N)E=   0.00260995  Ovlp=   0.81949601  3+[ 2, 0, 2]
    num=   4 block=   5 state=   1    26 Eqp=   2.52043173  (1-2N)E=  -2.52043173  Ovlp=   0.93043111  5+[ 2, 0, 2]

   Blocking candidates are:
   proton  eqpmin=   4.0911000060404490E-002  pwiblo=   5.1031036307982882     
    num=   1 block=   2 state=   1    10 Eqp=   0.04091100  (1-2N)E=  -0.04091100  Ovlp=   0.90838320  1-[ 1, 1, 0]
    num=   2 block=   1 state=   1     1 Eqp=   0.07289650  (1-2N)E=  -0.07289650  Ovlp=   0.79442424  1+[ 2, 0, 0]
    num=   3 block=   3 state=   1    16 Eqp=   0.00101488  (1-2N)E=   0.00101488  Ovlp=   0.81812161  3+[ 2, 0, 2]
    num=   4 block=   5 state=   1    26 Eqp=   2.51117086  (1-2N)E=  -2.51117086  Ovlp=   0.92860678  5+[ 2, 0, 2]



 HFBTHO_SOLVER ended without errors

