No Skyrme interaction defined in routine skforce()
Multi-threading framework with OpenMP: 1 threads/task

  =======================================
           FORTRAN 95 CODE (KIND= 8) 
               Version: 200d  
  =======================================
       AXIALLY DEFORMED CONFIGURATIONAL  
     HARTREE-FOCK-BOGOLIUBOV CALCULATIONS
                     WITH                
            UNEDF AND DELTA PAIRING      
                     USING               
             HARMONIC-OSCILLATOR         
                   AND/OR                
       TRANSFORMED HARMONIC-OSCILLATOR   
                    BASIS                
                     ---                 
               v1.66  (2005):,           
   Stoitsov,Dobaczewski,Nazarewicz,Ring, 
               v2.00d (2012):,           
         Stoitsov,Schunck,Kortelainen    
  =======================================
    Nucleus: MG (A=  24, N= 12, Z= 12)
       Reflection Symmetry Imposed       
            ( 7/14/2023, 22:11)                               
  =======================================


  ---------------------------------------
           UNEDF Module Version:17
         M.Kortelainen & M.Stoitsov 
  ---------------------------------------

  UNE1 functional
  ----------------------------------
  Crho(0)=   -812.324694528107443    ; Crho(1)=    322.918537039649834    
  CDrho(0)=   883.008540217881546    ; CDrho(1)=  -294.842616722975606    
  Ctau(0)=    11.2568895734341705    ; Ctau(1)=   -21.4041569580189872    
  CrDr(0)=   -48.1654730485898313    ; CrDr(1)=   -195.331764757015293    
  CrdJ(0)=   -86.5942430224807111    ; CrdJ(1)=   -43.9734438604377686    
  CJ(0)=      0.00000000000000000    ; CJ(1)=      0.00000000000000000    
  CpV0(0)=   0.100000000000000006    ; CpV0(1)=   0.100000000000000006    
  CpV1(0)=    1.00000000000000000    ; CpV1(1)=    1.00000000000000000    
  sigma=     0.245191379812698035    ; hbzero=     20.7355300000000007    
  e^2 chrg=   1.43997840859651305    ; CExPar=     1.00000000000000000    
  c.m. correction: F, chr. density in direct Coul: F
  use tensor terms: F
  use TMR pairing:  0

  Coupling constants in natural units
  -----------------------------------
  Crho_nu(0)=  -0.914775021176096548    ; Crho_nu(1)=   0.363644997558767058    
  CDrho_nu(0)=  0.938030650646928477    ; CDrho_nu(1)= -0.313214877327066432    
  Ctau_nu(0)=   0.159567689529906409    ; Ctau_nu(1)=  -0.303406358376900276    
  CrDr_nu(0)=  -0.682751056527755695    ; CrDr_nu(1)=   -2.76884997323176441    
  CrdJ_nu(0)=   -1.22748323997932585    ; CrdJ_nu(1)=  -0.623328566182468680    
  CJ_nu(0)=      0.00000000000000000    ; CJ_nu(1)=      0.00000000000000000    
  CpV0_nu(0)=   0.112611992142809880E-03; CpV0_nu(1)=   0.112611992142809880E-03
  CpV1_nu(0)=   0.887702254206059068E-03; CpV1_nu(1)=   0.887702254206059068E-03
  fpi_nu=        93.0000000000000000    ; Lambda_nu=     700.000000000000000    

  Nuclear matter properties
  ----------------------------------
      E_NM=     -15.7999999999999741      K_NM=     219.9999999999994600
      P_NM=       0.0000000000000044    RHO_NM=       0.1586151027390229
    ASS_NM=      28.7083288336264317   LASS_NM=      42.1186852259091324
  SMASS_NM=       1.0861088525932105  VMASS_NM=       1.2498385742322693

  Associated (t,x)-coupling constants
  -----------------------------------
  t0=      -2166.19918540828621    ; x0=       0.962859541539083930E-01
  t1=       271.891709023724616    ; x1=       -6.08989389414395887    
  t2=       2042.91711510690584    ; x2=       -1.32777663728943907    
  t3=       14128.1366434861047    ; x3=       0.860303089860403603E-03
  b4=       42.6207991620429425    ; b4p=       87.9468877208755373    
  te=      -613.935468209281680    ; to=       -259.730386992645435    
  sigma=   0.245191379812698035    ; hbzero=    20.7355300000000007    

  ---------------------------------------
        Characteristics of the run       
  ---------------------------------------
  Output file ................:     7
  Nucleus ....................:   MG  24
  Number of HO shells ........:     4
  HO length b0 (fm) ..........:     1.55928400372611
  Basis deformation ..........:  beta0=   0.010 q=   1.010
  HO: b0,1/b0,bp,bz,q ........:   0.15592840E+01  0.64131999E+00  0.15568270E+01  0.15642096E+01  0.10095067E+01
  h**2/(2m), cmc, e**2 .......:   0.20735530E+02  0.20735530E+02  0.14399784E+01
  hom=f*41.0_pr*A^{-1/3}, f...:   0.17056687E+02  0.12000000E+01
  THO basis is ...............:  OFF
  Maximal number of iterations:   400
  Initial mixing parameter ...:  0.300
  Initial w.f. ...............:  from   spherical scratch
  Skyrme functional ..........:    UNE1                          
    with direct and exchange Coulomb
  Lipkin-Nogami procedure is .:  OFF
  PAV procedure is ...........:  OFF
  Constraint calculation is ..:   ON
    Constraint 1 .............: lambda=2 Ql=   2.186
  Temperature T ..............:   0.05 MeV
  Restart indicator ..........:   1
  Broyden mixing (#iterations):   7

  ---------------------------------------
        Harmonic Oscillator Basis        
  ---------------------------------------
  NUV, NQP:                         195      35
  Comparison with bookkeeping spherical basis:
  n00:                                4       4  Maximal number of shells
  nbx, 2*n00+1:                       9       9  Maximal number of K-blocks
  ntx, (n00+1)*(n00+2)*(n00+3)/6     35      35  Max.num. p/n levels
  nzx, n00:                           4       4  Maximal nz-quantum number
  nrx, n00/2  :                       2       2  Maximal nr-quantum number
  nlx, n00:                           4       4  Maximal ml-quantum number
  ndx, (n00+2)*(n00+2)/4:             9       9  Maximal dim. of one k-block

  Actual basis used
  Number of blocks: nb .......:    9
  Number of levels: nt .......:   35
  Maximal 2*omega : nom ......:    9
  Maximal nz:       nzm ......:    4
  Maximal nr:       nrm ......:    2
  Maximal ml:       nlm ......:    4
  Maximal N=nz+2*nr+nl .......:    4
  2 x biggest block dim. .....:   18
  Non-zero elements of h .....:      115
  Number of Broyden elements .:      460

  ---------------------------------------
            Integration Meshes           
  ---------------------------------------
  Number of Gauss-Hermite mesh points ngh ....:  40
  Number of Gauss-Laguerre mesh points ngl ...:  40
  Number of Gauss-Legendre mesh points nleg ..:  80
  Integration boundaries
    Hermite  - from xh(1)  =  0.12379686 to xh(ngh)   = 11.88786356
    Laguerre - From xl(1)  =  0.03570039 to xl(ngl)   =142.28004447
    Legendre - From xleg(1)=  0.00978669 to xleg(nleg)=  0.99988775
  Max.dev.in:     Orthogonality            Normalization
  Hermite     5.2235050987142219E-016   1.9984014443252818E-015
  Laguerre    1.9977540701027837E-015   4.5519144009631418E-015

  Scratch initialization for the nucleus: MG  12  12


  Initial potentials of Saxon-Woods shape 
  v0ws   =  -71.27999878
  kappa  =    0.46160001
  vs0    =   11.11750031   11.11750031
  r0     =    1.23339999    1.23339999
  a      =    0.61500001    0.61500001
  r0-so  =    1.14429998    1.14429998
  a-so   =    0.64760000    0.64760000
  beta00 =    0.01000000

  ### REGULAR STAGE (reflection symmetry imposed)
  |HFB+HO> iterations(b0=  1.559, Nsh=  4, inin=  1, N= 12, Z= 12)...
  ----------------------------------------------------------------------------------------------------------------------------------
  i          si     mix   beta      Etot       A       rn      rp         En      Dn      Ep      Dp        Ln      Lp     time
  ----------------------------------------------------------------------------------------------------------------------------------
   1L  52.26905082 0.30  0.010     0.000000    0.0   0.000   0.000 |   -2.000   1.000  -2.000   1.000 |   -7.000  -7.000   0.000
   2B  99.95148529 0.10  0.009   -45.872787   24.0   2.616   2.616 |    0.000  -0.000   0.000  -0.000 |  -16.532 -16.532  28.840
   3B  32.10362446 0.11  0.462  -163.669703   24.0   3.090   3.118 |    0.000  -0.000   0.000  -0.000 |  -13.199  -9.802   0.074
   4B  17.06809071 0.13  0.633  -157.149408   24.0   3.121   3.084 |    0.000  -0.000   0.000  -0.000 |  -15.982 -11.429   0.081
   5B  23.05619385 0.10  0.727  -116.879554   24.0   3.107   3.213 |    0.000   0.000   0.000   0.000 |  -16.467 -11.943   0.076
   6B   7.67010723 0.11  0.747  -122.897992   24.0   3.185   3.179 |    0.000   0.000   0.000   0.000 |  -16.655 -11.298   0.079
   7B   6.47088918 0.13  0.741  -125.464145   24.0   3.192   3.188 |    0.000   0.000   0.000   0.000 |  -15.204 -10.570   0.080
   8B   5.25678714 0.14  0.734  -127.385953   24.0   3.188   3.197 |    0.000  -0.000   0.000  -0.000 |  -14.424  -9.710   0.078
   9B   4.29924109 0.16  0.730  -128.623767   24.0   3.189   3.195 |    0.000  -0.000   0.000  -0.000 |  -14.045  -9.146   0.078
  10B   3.01078807 0.18  0.725  -130.799017   24.0   3.190   3.188 |    0.000  -0.000   0.000  -0.000 |  -13.667  -8.828   0.084
  11B   2.36409247 0.21  0.723  -131.804740   24.0   3.182   3.189 |    0.000  -0.000   0.000  -0.000 |  -13.621  -8.932   0.077
  12B   0.32940396 0.24  0.717  -134.656942   24.0   3.174   3.179 |    0.000  -0.000   0.000  -0.000 |  -13.621  -8.815   0.084
  13B   0.25108540 0.27  0.716  -135.102711   24.0   3.172   3.177 |    0.000   0.000   0.000   0.000 |  -13.621  -8.815   0.083
  14B   0.06610706 0.30  0.716  -135.209698   24.0   3.171   3.176 |    0.000   0.000   0.000   0.000 |  -13.621  -8.815   0.087
  15B   0.06052392 0.34  0.716  -135.186437   24.0   3.171   3.177 |    0.000   0.000   0.000   0.000 |  -13.621  -8.815   0.085
  16B   0.02455791 0.38  0.717  -135.135798   24.0   3.171   3.177 |    0.000  -0.000   0.000  -0.000 |  -13.621  -8.815   0.083
  17B   0.00636606 0.43  0.717  -135.113853   24.0   3.171   3.177 |    0.000  -0.000   0.000  -0.000 |  -13.621  -8.815   0.080
  18B   0.00243847 0.49  0.717  -135.115493   24.0   3.171   3.177 |    0.000  -0.000   0.000  -0.000 |  -13.621  -8.815   0.085
  19B   0.00193041 0.55  0.717  -135.116193   24.0   3.171   3.177 |    0.000  -0.000   0.000  -0.000 |  -13.621  -8.815   0.092
  20B   0.00165760 0.63  0.717  -135.116569   24.0   3.171   3.177 |    0.000  -0.000   0.000  -0.000 |  -13.621  -8.815   0.083
  21B   0.00024426 0.71  0.717  -135.118516   24.0   3.171   3.177 |    0.000   0.000   0.000   0.000 |  -13.621  -8.815   0.090
  22B   0.00016293 0.80  0.717  -135.118755   24.0   3.171   3.177 |    0.000   0.000   0.000   0.000 |  -13.621  -8.815   0.092
  23B   0.00008227 0.90  0.717  -135.118893   24.0   3.171   3.177 |    0.000   0.000   0.000   0.000 |  -13.621  -8.815   0.083
  24B   0.00005841 1.00  0.717  -135.118847   24.0   3.171   3.177 |    0.000  -0.000   0.000  -0.000 |  -13.621  -8.815   0.082
  25B   0.00004279 1.00  0.717  -135.118855   24.0   3.171   3.177 |    0.000  -0.000   0.000  -0.000 |  -13.621  -8.815   0.085
  26B   0.00003989 1.00  0.717  -135.118861   24.0   3.171   3.177 |    0.000  -0.000   0.000  -0.000 |  -13.621  -8.815   0.084
  27B   0.00000710 1.00  0.717  -135.118855   24.0   3.171   3.177 |    0.000  -0.000   0.000  -0.000 |  -13.621  -8.815   0.081
  28B   0.00000753 0.10  0.717  -135.118851   24.0   3.171   3.177 |    0.000  -0.000   0.000  -0.000 |  -13.621  -8.815   0.084
  29B   0.00000336 0.11  0.717  -135.118851   24.0   3.171   3.177 |    0.000  -0.000   0.000  -0.000 |  -13.621  -8.815   0.094
  30B   0.00000076 0.13  0.717  -135.118852   24.0   3.171   3.177 |    0.000   0.000   0.000   0.000 |  -13.621  -8.815   0.094
  31B   0.00000021 0.14  0.717  -135.118852   24.0   3.171   3.177 |    0.000   0.000   0.000   0.000 |  -13.621  -8.815   0.094
  32B   0.00000012 0.16  0.717  -135.118852   24.0   3.171   3.177 |    0.000   0.000   0.000   0.000 |  -13.621  -8.815   0.092
  33B   0.00000012 0.10  0.717  -135.118853   24.0   3.171   3.177 |    0.000   0.000   0.000   0.000 |  -13.621  -8.815   0.100
  34B   0.00000013 0.10  0.717  -135.118853   24.0   3.171   3.177 |    0.000   0.000   0.000   0.000 |  -13.621  -8.815   0.094
  35B   0.00000010 0.11  0.717  -135.118853   24.0   3.171   3.177 |    0.000   0.000   0.000   0.000 |  -13.621  -8.815   0.099
  36B   0.00000009 0.13  0.717  -135.118852   24.0   3.171   3.177 |    0.000   0.000   0.000   0.000 |  -13.621  -8.815   0.102
  37B   0.00000007 0.14  0.717  -135.118852   24.0   3.171   3.177 |    0.000   0.000   0.000   0.000 |  -13.621  -8.815   0.095
  38B   0.00000005 0.16  0.717  -135.118852   24.0   3.171   3.177 |    0.000   0.000   0.000   0.000 |  -13.621  -8.815   0.099
  39B   0.00000002 0.18  0.717  -135.118852   24.0   3.171   3.177 |    0.000   0.000   0.000   0.000 |  -13.621  -8.815   0.095
  40B   0.00000000 0.21  0.717  -135.118852   24.0   3.171   3.177 |    0.000   0.000   0.000   0.000 |  -13.621  -8.815   0.110
  41B   0.00000000 0.24  0.717  -135.118852   24.0   3.171   3.177 |    0.000   0.000   0.000   0.000 |  -13.621  -8.815   0.107
  42B   0.00000000 0.27  0.717  -135.118852   24.0   3.171   3.177 |    0.000   0.000   0.000   0.000 |  -13.621  -8.815   0.118
  ----------------------------------------------------------------------------------------------------------------------------------
  *   iteration converged   after  42 steps   si=     0.0000000007 ho=  0 tho=  0
  ----------------------------------------------------------------------------------------------------------------------------------
  Total CPU time=   0.541 minutes

  Writing to wel_file: s012_012.hel
 __________________________________  
  The tape s012_012.hel recorded:     
  nucname,npr,ngh,ngl,n00,nb,nt      
  b0,beta0,si,etot,rms,bet,xmix      
  pairing:     CpV0,CpV1,pwi         
  delta:       del,ept               
  lambda:      ala,ala2,alast,tz     
  asymptotic:  varmas,ass,skass      
  ntx,nb,nhhdim,id,N_rz,n_r,n_z      
  Omega2,Sigma2,Parity,Lambda        
  matrices(inbro):    hh,de          
  *all blocking candidates           
 __________________________________  


  NB! From expect (UNPROJECTED RESULTS)

  pairing: CpV0,CpV1,...           0.100000       0.100000       1.000000       1.000000
  forces:   UNE1                          


                             neutrons         protons         total
  Requested part.numbs.      12.000000      12.000000      24.000000
  UnPj(av) part.numbs .      12.000000      12.000000      24.000000
  b0, bz, bp ..........       1.559284       1.564210       1.556827

  lambda (ala) ........     -13.621496      -8.815181
  Lambda (alast) ......     -13.621496      -8.815181
  delta(n,p), pwi .....      -0.000000      -0.000000      60.000000
  pairing energy ......       0.000000       0.000000       0.000000

  rms-radius ..........       3.171414       3.176541       3.173979
  charge-radius, r0 ...                      3.275730       3.461399
  deformation beta2....       0.717577       0.715716       0.716645
  dipole moment[fm] ...       0.000000       0.000000       0.000000
  quadrupole moment[b]        1.092612       1.093303       2.185915
  octupole moment .....       0.000000       0.000000       0.000000
  hexadecapole moment .       0.009856       0.009756       0.019613
  q5 ..................       0.000000       0.000000       0.000000
  q6 ..................      -0.000417      -0.000422      -0.000839
  q7 ..................       0.000000       0.000000       0.000000
  q8 ..................      -0.000031      -0.000031      -0.000062

  <r^0> [fm^0] ........            1.000000            1.000000            1.000000
  <r^2> [fm^2] ........           10.057870           10.090410           10.074140
  <r^4> [fm^4] ........          138.454015          139.174633          138.814324
  <r^6> [fm^6] ........         2333.871446         2349.182118         2341.526782
  <r^8> [fm^8] ........        45908.987261        46256.441951        46082.714606

  kinetic energy ......     244.015161     243.399978     487.415139
  volume energy .......                                  -713.268107
        rho_tau .......                                    28.465467
        rho_rho .......                                  -741.733574
  surface energy ......                                   107.286954
   rho_DELTA_rho ......                                   107.286954
   (NABLA_rho)^2 ......                                     0.000000
  spin-orbit energy ...                                   -45.033273
        rho_NABLA_J ...                                   -45.033273
        NABLA_rho_J ...                                     0.000000
  coulomb energy ......                                    28.480435
          direct ......                                    33.187290
          exchange ....                                    -4.706855
  tensor energy .......                                     0.000000
  direct Hartree E  ...                                     0.000000
  Extra E .............                                     0.000000
  External field E ....                                     0.000000
  Entropy .............       0.000000       0.000000       0.000000

  tEnergy: ehfb (qp)...                                  -135.118852

  Calculated but not added corrections 
====================================
  cmc-diagonal part ...       0.000000       0.000000       0.000000
  cmc-hfb .............       0.000000       0.000000       0.000000
  cranking rot corr ...       0.000000       0.000000       0.000000

  SQUJ ................       0.000000       0.000000       0.000000
  CRAN x 4 ............       0.000000       0.000000       0.000000
  Rigit Body ..........       0.000000       0.000000       0.000000


   Blocking candidates are:
   neutron eqpmin=   1.3085978588477261       pwiblo=   5.1031036307982882     
    num=   1 block=   2 state=   1    10 Eqp=   1.30859786  (1-2N)E=  -1.30859786  Ovlp=   0.77711564  1-[ 1, 0, 1]
    num=   2 block=   1 state=   1     1 Eqp=   1.72731884  (1-2N)E=   1.72731884  Ovlp=   0.70362130  1+[ 2, 1, 1]
    num=   3 block=   4 state=   1    22 Eqp=   6.11880017  (1-2N)E=  -6.11880017  Ovlp=   0.84208020  3-[ 1, 0, 1]

   Blocking candidates are:
   proton  eqpmin=   1.2760860764904294       pwiblo=   5.1031036307982882     
    num=   1 block=   2 state=   1    10 Eqp=   1.27608608  (1-2N)E=  -1.27608608  Ovlp=   0.77748459  1-[ 1, 0, 1]
    num=   2 block=   1 state=   1     1 Eqp=   1.65540975  (1-2N)E=   1.65540975  Ovlp=   0.70140682  1+[ 2, 1, 1]
    num=   3 block=   4 state=   1    22 Eqp=   6.05599087  (1-2N)E=  -6.05599087  Ovlp=   0.84118747  3-[ 1, 0, 1]



 HFBTHO_SOLVER ended without errors

