No Skyrme interaction defined in routine skforce()
Multi-threading framework with OpenMP: 1 threads/task

  =======================================
           FORTRAN 95 CODE (KIND= 8) 
               Version: 200d  
  =======================================
       AXIALLY DEFORMED CONFIGURATIONAL  
     HARTREE-FOCK-BOGOLIUBOV CALCULATIONS
                     WITH                
            UNEDF AND DELTA PAIRING      
                     USING               
             HARMONIC-OSCILLATOR         
                   AND/OR                
       TRANSFORMED HARMONIC-OSCILLATOR   
                    BASIS                
                     ---                 
               v1.66  (2005):,           
   Stoitsov,Dobaczewski,Nazarewicz,Ring, 
               v2.00d (2012):,           
         Stoitsov,Schunck,Kortelainen    
  =======================================
    Nucleus: GD (A= 156, N= 92, Z= 64)
       Reflection Symmetry Imposed       
            ( 9/ 2/2022, 13:32)                               
  =======================================


  ---------------------------------------
           UNEDF Module Version:17
         M.Kortelainen & M.Stoitsov 
  ---------------------------------------

  UNE1 functional
  ----------------------------------
  Crho(0)=   -779.373008720865300    ; Crho(1)=    287.722131583286796    
  CDrho(0)=   891.477890442349690    ; CDrho(1)=  -200.587774317884879    
  Ctau(0)=  -0.989915057807676746    ; Ctau(1)=   -33.6320970701835549    
  CrDr(0)=   -40.1913866400352617    ; CrDr(1)=   -156.277231899930428    
  CrdJ(0)=   -71.4962071363263192    ; CrdJ(1)=   -24.5753160044382994    
  CJ(0)=      0.00000000000000000    ; CJ(1)=      0.00000000000000000    
  CpV0(0)=   0.100000000000000006    ; CpV0(1)=   0.100000000000000006    
  CpV1(0)=    1.00000000000000000    ; CpV1(1)=    1.00000000000000000    
  sigma=     0.270018011502707600    ; hbzero=     20.7355300000000007    
  e^2 chrg=   1.43997840859651305    ; CExPar=     1.00000000000000000    
  c.m. correction: F, chr. density in direct Coul: F
  use tensor terms: F
  use TMR pairing:  0

  Coupling constants in natural units
  -----------------------------------
  Crho_nu(0)=  -0.877667471343921757    ; Crho_nu(1)=   0.324009624211695935    
  CDrho_nu(0)=  0.941450913381434273    ; CDrho_nu(1)= -0.211831998717341041    
  Ctau_nu(0)=  -0.140321584905665799E-01; Ctau_nu(1)=  -0.476738799694694126    
  CrDr_nu(0)=  -0.569717475090862790    ; CrDr_nu(1)=   -2.21524752976623063    
  CrdJ_nu(0)=   -1.01346686475620995    ; CrdJ_nu(1)=  -0.348357898397614829    
  CJ_nu(0)=      0.00000000000000000    ; CJ_nu(1)=      0.00000000000000000    
  CpV0_nu(0)=   0.112611992142809880E-03; CpV0_nu(1)=   0.112611992142809880E-03
  CpV1_nu(0)=   0.887702254206059068E-03; CpV1_nu(1)=   0.887702254206059068E-03
  fpi_nu=        93.0000000000000000    ; Lambda_nu=     700.000000000000000    

  Nuclear matter properties
  ----------------------------------
      E_NM=     -15.8000000000000149      K_NM=     220.0000000000000284
      P_NM=      -0.0000000000000032    RHO_NM=       0.1587067693325870
    ASS_NM=      28.9867890577721070   LASS_NM=      40.0047904804136323
  SMASS_NM=       0.9924233322833640  VMASS_NM=       1.2498385742322700

  Associated (t,x)-coupling constants
  -----------------------------------
  t0=      -2078.32802325564080    ; x0=       0.537569206858470316E-01
  t1=       213.034175336444491    ; x1=       -6.05288211006914612    
  t2=       1717.70019451597409    ; x2=       -1.34532239226397876    
  t3=       14263.6462470775950    ; x3=      -0.162491168089956339    
  b4=       46.9208911318880197    ; b4p=       49.1506320088765989    
  te=      -510.499730278535992    ; to=       -209.566526442630078    
  sigma=   0.270018011502707600    ; hbzero=    20.7355300000000007    

  ---------------------------------------
        Characteristics of the run       
  ---------------------------------------
  Output file ................:     7
  Nucleus ....................:   GD 156
  Number of HO shells ........:    20
  HO length b0 (fm) ..........:     2.13015292605643
  Basis deformation ..........:  beta0=   0.010 q=   1.010
  HO: b0,1/b0,bp,bz,q ........:   0.21301529E+01  0.46944986E+00  0.21267964E+01  0.21368819E+01  0.10095067E+01
  h**2/(2m), cmc, e**2 .......:   0.20735530E+02  0.20735530E+02  0.14399784E+01
  hom=f*41.0_pr*A^{-1/3}, f...:   0.91395238E+01  0.12000000E+01
  THO basis is ...............:  OFF
  Maximal number of iterations:   400
  Initial mixing parameter ...:  0.300
  Initial w.f. ...............:  from   spherical scratch
  Skyrme functional ..........:    UNE1                          
    with direct and exchange Coulomb
  Lipkin-Nogami procedure is .:  OFF
  PAV procedure is ...........:  OFF
  Constraint calculation is ..:   ON
    Constraint 1 .............: lambda=2 Ql= -12.052
  Temperature T ..............:   0.05 MeV
  Restart indicator ..........:   1
  Broyden mixing (#iterations):   7

  ---------------------------------------
        Harmonic Oscillator Basis        
  ---------------------------------------
  NUV, NQP:                      128843    1771
  Comparison with bookkeeping spherical basis:
  n00:                               20      20  Maximal number of shells
  nbx, 2*n00+1:                      41      41  Maximal number of K-blocks
  ntx, (n00+1)*(n00+2)*(n00+3)/6   1771    1771  Max.num. p/n levels
  nzx, n00:                          20      20  Maximal nz-quantum number
  nrx, n00/2  :                      10      10  Maximal nr-quantum number
  nlx, n00:                          20      20  Maximal ml-quantum number
  ndx, (n00+2)*(n00+2)/4:           121     121  Maximal dim. of one k-block

  Actual basis used
  Number of blocks: nb .......:   41
  Number of levels: nt .......: 1771
  Maximal 2*omega : nom ......:   41
  Maximal nz:       nzm ......:   20
  Maximal nr:       nrm ......:   10
  Maximal ml:       nlm ......:   20
  Maximal N=nz+2*nr+nl .......:   20
  2 x biggest block dim. .....:  242
  Non-zero elements of h .....:    65307
  Number of Broyden elements .:   261228

  ---------------------------------------
            Integration Meshes           
  ---------------------------------------
  Number of Gauss-Hermite mesh points ngh ....:  40
  Number of Gauss-Laguerre mesh points ngl ...:  40
  Number of Gauss-Legendre mesh points nleg ..:  80
  Integration boundaries
    Hermite  - from xh(1)  =  0.12379686 to xh(ngh)   = 11.88786356
    Laguerre - From xl(1)  =  0.03570039 to xl(ngl)   =142.28004447
    Legendre - From xleg(1)=  0.00978669 to xleg(nleg)=  0.99988775
  Max.dev.in:     Orthogonality            Normalization
  Hermite     8.1015979368012488E-015   1.0991207943789050E-014
  Laguerre    1.0201672216221464E-014   1.4432899320127035E-014

  Scratch initialization for the nucleus: GD  92  64


  Initial potentials of Saxon-Woods shape 
  v0ws   =  -71.27999878
  kappa  =    0.46160001
  vs0    =   11.11750031   11.11750031
  r0     =    1.23339999    1.23339999
  a      =    0.61500001    0.61500001
  r0-so  =    1.14429998    1.14429998
  a-so   =    0.64760000    0.64760000
  beta00 =    0.01000000

  ### REGULAR STAGE (reflection symmetry imposed)
  |HFB+HO> iterations(b0=  2.130, Nsh= 20, inin=  1, N= 92, Z= 64)...
  ----------------------------------------------------------------------------------------------------------------------------------
  i          si     mix   beta      Etot       A       rn      rp         En      Dn      Ep      Dp        Ln      Lp     time
  ----------------------------------------------------------------------------------------------------------------------------------
   1L  97.90854210 0.30  0.010     0.000000    0.0   0.000   0.000 |   -2.000   1.000  -2.000   1.000 |   -7.000  -7.000   0.000
   2B  50.41149250 0.10  0.015  -859.815993  156.0   5.234   4.884 |    0.012  -0.000   0.006  -0.000 |  -14.431 -27.446  38.104
   3B  40.04410507 0.11 -0.072  -356.096068  156.0   4.974   4.983 |    0.001  -0.000   0.001  -0.000 |   -6.102 -12.720  17.250
   4B 142.69180490 0.10 -0.066  8187.744314  156.0   4.918   4.052 |    0.000   0.000   0.000   0.000 |  -14.027 -12.681  16.464
   5B  48.49506743 0.11 -0.180  -571.671082  156.0   5.258   4.799 |    0.000  -0.000   0.000  -0.000 |   -6.340  -6.393  16.713
   6B  12.32443650 0.13 -0.218 -1211.096701  156.0   5.313   4.966 |    0.000  -0.000   0.000  -0.000 |   -6.175  -6.429  14.274
   7B  11.13745668 0.14 -0.243 -1173.889083  156.0   5.297   5.003 |    0.000  -0.000   0.000  -0.000 |   -6.857  -6.799  15.078
   8B   7.13297430 0.16 -0.274 -1254.313029  156.0   5.313   5.025 |    0.000  -0.000   0.000  -0.000 |   -6.940  -6.713  14.060
   9B   4.79455788 0.18 -0.291 -1265.663277  156.0   5.310   5.054 |    0.000  -0.000   0.000  -0.000 |   -7.183  -7.133  17.076
  10B   4.21343165 0.21 -0.294 -1277.025397  156.0   5.293   5.064 |    0.000  -0.000   0.000  -0.000 |   -7.186  -6.885  14.910
  11B   4.60594582 0.10 -0.300 -1286.015303  156.0   5.273   5.080 |    0.000  -0.000   0.000  -0.000 |   -7.293  -7.031  17.485
  12B   5.17455299 0.10 -0.304 -1283.155988  156.0   5.274   5.086 |    0.000  -0.000   0.000  -0.000 |   -7.457  -7.000  16.221
  13B   7.77999892 0.10 -0.284 -1249.862876  156.0   5.240   5.057 |    0.000  -0.000   0.000  -0.000 |   -6.534  -6.898  14.081
  14B   5.46304572 0.11 -0.299 -1278.671455  156.0   5.263   5.081 |    0.000  -0.000   0.000  -0.000 |   -7.335  -6.991  16.273
  15B   4.49852820 0.13 -0.299 -1281.669849  156.0   5.262   5.083 |    0.000  -0.000   0.000  -0.000 |   -7.138  -7.032  14.660
  16B   5.85964847 0.10 -0.307 -1263.303587  156.0   5.250   5.115 |    0.000   0.000   0.000   0.000 |   -7.494  -7.228  17.063
  17B   5.11650117 0.11 -0.301 -1276.304944  156.0   5.243   5.098 |    0.000   0.000   0.000   0.000 |   -7.208  -7.027  15.995
  18B   5.37444757 0.10 -0.285 -1263.045431  156.0   5.239   5.065 |    0.000   0.000   0.000   0.000 |   -6.621  -7.291  28.042
  19B   4.07916177 0.11 -0.258 -1283.447609  156.0   5.203   5.071 |    0.000   0.000   0.000   0.000 |   -6.529  -7.063  15.900
  20B   3.23335187 0.13 -0.236 -1284.040555  156.0   5.189   5.045 |    0.000   0.000   0.000   0.000 |   -6.333  -6.968  17.516
  21B   2.75628105 0.14 -0.234 -1289.263779  156.0   5.188   5.048 |    0.000   0.000   0.000   0.000 |   -6.382  -6.949  19.696
  22B   2.72613292 0.16 -0.223 -1284.673767  156.0   5.188   5.025 |    0.000  -0.000   0.000  -0.000 |   -6.622  -6.995  19.654
  23B   2.15358298 0.18 -0.223 -1288.472744  156.0   5.183   5.031 |    0.000  -0.000   0.000  -0.000 |   -6.499  -7.021  40.350
  24B   2.83481095 0.10 -0.220 -1285.949786  156.0   5.181   5.033 |    0.000  -0.000   0.000  -0.000 |   -6.305  -6.995  20.465
  25B   1.54622769 0.11 -0.223 -1289.739608  156.0   5.180   5.042 |    0.000  -0.000   0.000  -0.000 |   -6.472  -7.081  15.571
  26B   1.35419620 0.13 -0.218 -1290.451821  156.0   5.180   5.034 |    0.000  -0.000   0.000  -0.000 |   -6.444  -7.010  16.512
  27B   0.73758034 0.14 -0.217 -1291.072594  156.0   5.181   5.028 |    0.000   0.000   0.000   0.000 |   -6.448  -7.044  15.293
  28B   0.72383440 0.16 -0.217 -1291.158737  156.0   5.181   5.029 |    0.000   0.000   0.000   0.000 |   -6.452  -7.045  15.106
  29B   0.75846491 0.10 -0.216 -1290.977057  156.0   5.180   5.027 |    0.000   0.000   0.000   0.000 |   -6.449  -7.052  16.568
  30B   0.80506475 0.10 -0.216 -1290.880131  156.0   5.180   5.030 |    0.000  -0.000   0.000  -0.000 |   -6.454  -7.040  15.184
  31B   1.02463377 0.10 -0.215 -1290.744798  156.0   5.181   5.027 |    0.000  -0.000   0.000  -0.000 |   -6.501  -7.083  16.141
  32B   0.99443230 0.11 -0.214 -1290.845207  156.0   5.180   5.027 |    0.000  -0.000   0.000  -0.000 |   -6.491  -7.095  15.371
  33L   0.97468870 0.13 -0.215 -1290.976655  156.0   5.180   5.027 |    0.000  -0.000   0.000  -0.000 |   -6.493  -7.094  14.621
  34L   1.80697170 0.10 -0.218 -1289.454169  156.0   5.180   5.044 |    0.000  -0.000   0.000  -0.000 |   -6.543  -7.096  16.820
  35B   4.31406112 0.10 -0.214 -1280.096467  156.0   5.181   5.021 |    0.000  -0.000   0.000  -0.000 |   -6.509  -7.324  16.459
  36B   0.96712032 0.11 -0.215 -1290.900396  156.0   5.180   5.030 |    0.000   0.000   0.000   0.000 |   -6.496  -7.099  16.362
  37B   0.95400931 0.13 -0.215 -1290.976180  156.0   5.180   5.032 |    0.000   0.000   0.000   0.000 |   -6.498  -7.104  14.305
  38B   1.02666867 0.10 -0.215 -1290.639778  156.0   5.183   5.028 |    0.000  -0.000   0.000  -0.000 |   -6.554  -7.144  16.793
  39B   0.94664245 0.11 -0.216 -1291.076142  156.0   5.183   5.030 |    0.000  -0.000   0.000  -0.000 |   -6.572  -7.137  16.009
  40L   1.07038615 0.10 -0.218 -1291.154801  156.0   5.184   5.034 |    0.000   0.000   0.000   0.000 |   -6.614  -7.162  20.698
  41B   1.17014921 0.10 -0.222 -1290.054944  156.0   5.185   5.047 |    0.000   0.000   0.000   0.000 |   -6.659  -7.132  28.373
  42B   1.30221847 0.10 -0.222 -1290.576994  156.0   5.188   5.037 |    0.000  -0.000   0.000  -0.000 |   -6.716  -7.188  28.046
  43B   0.89553683 0.11 -0.222 -1291.089427  156.0   5.187   5.037 |    0.000  -0.000   0.000  -0.000 |   -6.663  -7.144  22.530
  44B   1.90054174 0.10 -0.221 -1288.885847  156.0   5.185   5.038 |    0.000  -0.000   0.000  -0.000 |   -6.650  -7.198  15.534
  45B   0.60293463 0.11 -0.225 -1291.335923  156.0   5.188   5.046 |    0.000  -0.000   0.000  -0.000 |   -6.697  -7.157  26.087
  46B   0.67012462 0.10 -0.227 -1291.447530  156.0   5.190   5.048 |    0.000  -0.000   0.000  -0.000 |   -6.735  -7.177  19.579
  47B   1.49512939 0.10 -0.228 -1290.551270  156.0   5.191   5.046 |    0.000  -0.000   0.000  -0.000 |   -6.751  -7.168  17.274
  48B   0.49191368 0.11 -0.229 -1291.461662  156.0   5.192   5.046 |    0.000  -0.000   0.000  -0.000 |   -6.770  -7.165  16.749
  49B   0.90182168 0.10 -0.229 -1291.296302  156.0   5.192   5.048 |    0.000  -0.000   0.000  -0.000 |   -6.788  -7.174  17.540
  50B   0.51647946 0.11 -0.230 -1291.566425  156.0   5.193   5.047 |    0.000  -0.000   0.000  -0.000 |   -6.794  -7.185  16.930
  51B   0.15019147 0.13 -0.233 -1291.742944  156.0   5.194   5.051 |    0.000  -0.000   0.000  -0.000 |   -6.827  -7.177  25.954
  52B   0.27487687 0.10 -0.234 -1291.713056  156.0   5.195   5.052 |    0.000  -0.000   0.000  -0.000 |   -6.835  -7.180  20.562
  53B   0.09363593 0.11 -0.234 -1291.769961  156.0   5.196   5.053 |    0.000  -0.000   0.000  -0.000 |   -6.842  -7.173  26.780
  54B   0.08955775 0.13 -0.234 -1291.774119  156.0   5.196   5.053 |    0.000  -0.000   0.000  -0.000 |   -6.842  -7.176  20.382
  55B   0.09205055 0.10 -0.234 -1291.771993  156.0   5.196   5.053 |    0.000  -0.000   0.000  -0.000 |   -6.839  -7.170  20.588
  56B   0.19450627 0.10 -0.234 -1291.762159  156.0   5.196   5.053 |    0.000  -0.000   0.000  -0.000 |   -6.838  -7.168  18.165
  57B   0.17317601 0.11 -0.234 -1291.741897  156.0   5.196   5.052 |    0.000  -0.000   0.000  -0.000 |   -6.838  -7.166  16.820
  58B   0.10721423 0.13 -0.234 -1291.774712  156.0   5.196   5.053 |    0.000  -0.000   0.000  -0.000 |   -6.842  -7.170  18.866
  59B   0.20089249 0.10 -0.234 -1291.735256  156.0   5.196   5.052 |    0.000  -0.000   0.000  -0.000 |   -6.838  -7.174  19.381
  60B   0.12809925 0.11 -0.235 -1291.786019  156.0   5.196   5.053 |    0.000  -0.000   0.000  -0.000 |   -6.842  -7.166  16.846
  61L   0.12774534 0.13 -0.235 -1291.783753  156.0   5.196   5.053 |    0.000  -0.000   0.000  -0.000 |   -6.842  -7.167  18.315
  62L   0.13361475 0.10 -0.235 -1291.760953  156.0   5.196   5.052 |    0.000  -0.000   0.000  -0.000 |   -6.841  -7.164  15.583
  63B   0.24450489 0.10 -0.235 -1291.724077  156.0   5.196   5.054 |    0.000  -0.000   0.000  -0.000 |   -6.838  -7.157  16.441
  64B   0.13095479 0.11 -0.235 -1291.780837  156.0   5.196   5.053 |    0.000  -0.000   0.000  -0.000 |   -6.844  -7.167  16.382
  65B   0.17869258 0.10 -0.235 -1291.778205  156.0   5.196   5.053 |    0.000  -0.000   0.000  -0.000 |   -6.842  -7.164  15.649
  66B   0.13432768 0.11 -0.235 -1291.779403  156.0   5.196   5.053 |    0.000  -0.000   0.000  -0.000 |   -6.841  -7.164  14.200
  67B   0.14542966 0.10 -0.235 -1291.781450  156.0   5.196   5.053 |    0.000  -0.000   0.000  -0.000 |   -6.838  -7.156  15.186
  68B   0.17029074 0.10 -0.235 -1291.774462  156.0   5.196   5.052 |    0.000  -0.000   0.000  -0.000 |   -6.835  -7.157  17.870
  69B   0.14708202 0.11 -0.235 -1291.784147  156.0   5.196   5.053 |    0.000  -0.000   0.000  -0.000 |   -6.840  -7.157  20.956
  70B   0.14088502 0.13 -0.235 -1291.789358  156.0   5.196   5.053 |    0.000  -0.000   0.000  -0.000 |   -6.837  -7.157  17.073
  71B   0.12520850 0.14 -0.234 -1291.785085  156.0   5.196   5.053 |    0.000  -0.000   0.000  -0.000 |   -6.832  -7.154  23.337
  72B   0.14391098 0.10 -0.234 -1291.759591  156.0   5.196   5.052 |    0.000  -0.000   0.000  -0.000 |   -6.826  -7.151  15.473
  73B   0.13647250 0.11 -0.234 -1291.770804  156.0   5.195   5.052 |    0.000  -0.000   0.000  -0.000 |   -6.823  -7.148  16.337
  74B   0.18610014 0.10 -0.233 -1291.754209  156.0   5.195   5.052 |    0.000   0.000   0.000   0.000 |   -6.806  -7.140  20.172
  75B   0.23526833 0.10 -0.233 -1291.737243  156.0   5.194   5.051 |    0.000   0.000   0.000   0.000 |   -6.799  -7.139  18.553
  76B   0.07547162 0.11 -0.232 -1291.752934  156.0   5.194   5.050 |    0.000   0.000   0.000   0.000 |   -6.786  -7.133  25.315
  77B   0.12828894 0.10 -0.232 -1291.734269  156.0   5.194   5.050 |    0.000  -0.000   0.000  -0.000 |   -6.795  -7.140  17.806
  78B   0.07178027 0.11 -0.233 -1291.762865  156.0   5.195   5.051 |    0.000  -0.000   0.000  -0.000 |   -6.809  -7.144  22.806
  79B   0.07039007 0.13 -0.232 -1291.748730  156.0   5.194   5.050 |    0.000   0.000   0.000   0.000 |   -6.789  -7.139  20.033
  80B   0.05271760 0.14 -0.232 -1291.753684  156.0   5.194   5.051 |    0.000  -0.000   0.000  -0.000 |   -6.799  -7.145  17.313
  81B   0.02265109 0.16 -0.232 -1291.759285  156.0   5.194   5.051 |    0.000  -0.000   0.000  -0.000 |   -6.804  -7.147  15.946
  82B   0.03628652 0.10 -0.232 -1291.759212  156.0   5.194   5.051 |    0.000  -0.000   0.000  -0.000 |   -6.803  -7.145  15.887
  83B   0.00888321 0.11 -0.232 -1291.760112  156.0   5.194   5.051 |    0.000  -0.000   0.000  -0.000 |   -6.806  -7.147  15.882
  84B   0.00995738 0.10 -0.232 -1291.760635  156.0   5.194   5.051 |    0.000  -0.000   0.000  -0.000 |   -6.806  -7.147  15.999
  85B   0.01179367 0.10 -0.232 -1291.760583  156.0   5.194   5.051 |    0.000  -0.000   0.000  -0.000 |   -6.806  -7.147  15.595
  86B   0.00786064 0.11 -0.232 -1291.761406  156.0   5.194   5.051 |    0.000  -0.000   0.000  -0.000 |   -6.807  -7.147  16.139
  87B   0.00892433 0.10 -0.232 -1291.760552  156.0   5.194   5.051 |    0.000   0.000   0.000   0.000 |   -6.808  -7.146  15.889
  88B   0.01044616 0.10 -0.232 -1291.761095  156.0   5.194   5.051 |    0.000   0.000   0.000   0.000 |   -6.808  -7.147  16.085
  89B   0.00457344 0.11 -0.232 -1291.761862  156.0   5.194   5.051 |    0.000   0.000   0.000   0.000 |   -6.809  -7.147  16.659
  90B   0.00686778 0.10 -0.232 -1291.761652  156.0   5.194   5.051 |    0.000   0.000   0.000   0.000 |   -6.809  -7.146  19.407
  91B   0.00686266 0.11 -0.232 -1291.761832  156.0   5.194   5.051 |    0.000   0.000   0.000   0.000 |   -6.809  -7.146  15.931
  92B   0.00358293 0.13 -0.232 -1291.761564  156.0   5.194   5.051 |    0.000   0.000   0.000   0.000 |   -6.809  -7.146  19.443
  93B   0.00487553 0.10 -0.232 -1291.761276  156.0   5.194   5.051 |    0.000  -0.000   0.000  -0.000 |   -6.808  -7.146  23.722
  94B   0.00356397 0.11 -0.232 -1291.761028  156.0   5.194   5.051 |    0.000  -0.000   0.000  -0.000 |   -6.808  -7.146  25.337
  95B   0.00471340 0.10 -0.232 -1291.760821  156.0   5.194   5.051 |    0.000  -0.000   0.000  -0.000 |   -6.808  -7.146  29.294
  96B   0.00253853 0.11 -0.232 -1291.760862  156.0   5.194   5.051 |    0.000  -0.000   0.000  -0.000 |   -6.808  -7.146  23.987
  97B   0.00218127 0.13 -0.232 -1291.760782  156.0   5.194   5.051 |    0.000   0.000   0.000   0.000 |   -6.808  -7.146  21.360
  98B   0.00149269 0.14 -0.232 -1291.760921  156.0   5.194   5.051 |    0.000   0.000   0.000   0.000 |   -6.808  -7.146  17.158
  99B   0.00209208 0.10 -0.232 -1291.760918  156.0   5.194   5.051 |    0.000   0.000   0.000   0.000 |   -6.808  -7.146  16.353
 100B   0.00215359 0.10 -0.232 -1291.760962  156.0   5.194   5.051 |    0.000   0.000   0.000   0.000 |   -6.808  -7.146  16.875
 101B   0.00222418 0.10 -0.232 -1291.760839  156.0   5.194   5.051 |    0.000   0.000   0.000   0.000 |   -6.808  -7.146  15.109
 102B   0.00137578 0.11 -0.232 -1291.760899  156.0   5.194   5.051 |    0.000   0.000   0.000   0.000 |   -6.809  -7.146  17.021
 103B   0.00089267 0.13 -0.232 -1291.760924  156.0   5.194   5.051 |    0.000   0.000   0.000   0.000 |   -6.809  -7.146  15.236
 104B   0.00138949 0.10 -0.232 -1291.761002  156.0   5.194   5.051 |    0.000   0.000   0.000   0.000 |   -6.809  -7.146  15.331
 105B   0.00110982 0.11 -0.232 -1291.761037  156.0   5.194   5.051 |    0.000   0.000   0.000   0.000 |   -6.809  -7.146  16.091
 106B   0.00111264 0.10 -0.232 -1291.761154  156.0   5.194   5.051 |    0.000   0.000   0.000   0.000 |   -6.809  -7.146  23.138
 107B   0.00077252 0.11 -0.232 -1291.761170  156.0   5.194   5.051 |    0.000   0.000   0.000   0.000 |   -6.809  -7.146  20.525
 108B   0.00117614 0.10 -0.232 -1291.761164  156.0   5.194   5.051 |    0.000   0.000   0.000   0.000 |   -6.809  -7.146  29.761
 109B   0.00101441 0.11 -0.232 -1291.761212  156.0   5.194   5.051 |    0.000  -0.000   0.000  -0.000 |   -6.809  -7.146  36.624
 110B   0.00051253 0.13 -0.232 -1291.761146  156.0   5.194   5.051 |    0.000   0.000   0.000   0.000 |   -6.809  -7.146  22.313
 111B   0.00056998 0.10 -0.232 -1291.761170  156.0   5.194   5.051 |    0.000   0.000   0.000   0.000 |   -6.809  -7.146  15.340
 112B   0.00039719 0.11 -0.232 -1291.761171  156.0   5.194   5.051 |    0.000   0.000   0.000   0.000 |   -6.809  -7.146  18.184
 113B   0.00051702 0.10 -0.232 -1291.761163  156.0   5.194   5.051 |    0.000   0.000   0.000   0.000 |   -6.809  -7.146  15.301
 114B   0.00051891 0.10 -0.232 -1291.761144  156.0   5.194   5.051 |    0.000  -0.000   0.000   0.000 |   -6.809  -7.146  16.776
 115B   0.00043016 0.11 -0.232 -1291.761125  156.0   5.194   5.051 |    0.000   0.000   0.000   0.000 |   -6.809  -7.146  15.760
 116B   0.00032337 0.13 -0.232 -1291.761112  156.0   5.194   5.051 |    0.000   0.000   0.000   0.000 |   -6.809  -7.146  16.262
 117B   0.00026238 0.14 -0.232 -1291.761089  156.0   5.194   5.051 |    0.000  -0.000   0.000  -0.000 |   -6.809  -7.146  18.231
 118B   0.00021299 0.16 -0.232 -1291.761093  156.0   5.194   5.051 |    0.000  -0.000   0.000  -0.000 |   -6.809  -7.146  22.666
 119B   0.00021317 0.10 -0.232 -1291.761100  156.0   5.194   5.051 |    0.000  -0.000   0.000   0.000 |   -6.809  -7.146  25.800
 120B   0.00021745 0.10 -0.232 -1291.761093  156.0   5.194   5.051 |    0.000  -0.000   0.000  -0.000 |   -6.809  -7.146  20.695
 121B   0.00018407 0.11 -0.232 -1291.761104  156.0   5.194   5.051 |    0.000  -0.000   0.000  -0.000 |   -6.809  -7.146  36.184
 122B   0.00023039 0.10 -0.232 -1291.761112  156.0   5.194   5.051 |    0.000   0.000   0.000  -0.000 |   -6.809  -7.146  25.555
 123B   0.00026083 0.10 -0.232 -1291.761102  156.0   5.194   5.051 |    0.000  -0.000   0.000  -0.000 |   -6.809  -7.146  16.669
 124B   0.00014990 0.11 -0.232 -1291.761126  156.0   5.194   5.051 |    0.000   0.000   0.000  -0.000 |   -6.809  -7.146  16.569
 125B   0.00008472 0.13 -0.232 -1291.761131  156.0   5.194   5.051 |    0.000   0.000   0.000  -0.000 |   -6.809  -7.146  15.378
 126B   0.00011895 0.10 -0.232 -1291.761125  156.0   5.194   5.051 |    0.000   0.000   0.000  -0.000 |   -6.809  -7.146  15.762
 127B   0.00009038 0.11 -0.232 -1291.761136  156.0   5.194   5.051 |    0.000   0.000   0.000   0.000 |   -6.809  -7.146  16.491
 128B   0.00008553 0.13 -0.232 -1291.761136  156.0   5.194   5.051 |    0.000   0.000   0.000   0.000 |   -6.809  -7.146  15.468
 129B   0.00011810 0.10 -0.232 -1291.761130  156.0   5.194   5.051 |    0.000  -0.000   0.000  -0.000 |   -6.809  -7.146  16.344
 130B   0.00008275 0.11 -0.232 -1291.761131  156.0   5.194   5.051 |    0.000   0.000   0.000  -0.000 |   -6.809  -7.146  15.218
 131B   0.00008397 0.10 -0.232 -1291.761128  156.0   5.194   5.051 |    0.000   0.000   0.000   0.000 |   -6.809  -7.146  21.207
 132B   0.00019464 0.10 -0.232 -1291.761120  156.0   5.194   5.051 |    0.000  -0.000   0.000   0.000 |   -6.809  -7.146  23.988
 133B   0.00005287 0.11 -0.232 -1291.761124  156.0   5.194   5.051 |    0.000  -0.000   0.000  -0.000 |   -6.809  -7.146  22.960
 134B   0.00004605 0.13 -0.232 -1291.761119  156.0   5.194   5.051 |    0.000  -0.000   0.000  -0.000 |   -6.809  -7.146  21.848
 135B   0.00006009 0.10 -0.232 -1291.761120  156.0   5.194   5.051 |    0.000   0.000   0.000  -0.000 |   -6.809  -7.146  35.630
 136B   0.00003730 0.11 -0.232 -1291.761120  156.0   5.194   5.051 |    0.000   0.000   0.000  -0.000 |   -6.809  -7.146  15.185
 137B   0.00003721 0.13 -0.232 -1291.761120  156.0   5.194   5.051 |    0.000  -0.000   0.000  -0.000 |   -6.809  -7.146  20.965
 138B   0.00003335 0.14 -0.232 -1291.761119  156.0   5.194   5.051 |    0.000   0.000   0.000  -0.000 |   -6.809  -7.146  22.605
 139B   0.00003188 0.16 -0.232 -1291.761119  156.0   5.194   5.051 |    0.000  -0.000   0.000  -0.000 |   -6.809  -7.146  15.091
 140B   0.00003020 0.18 -0.232 -1291.761118  156.0   5.194   5.051 |    0.000   0.000   0.000  -0.000 |   -6.809  -7.146  16.075
 141B   0.00004380 0.10 -0.232 -1291.761119  156.0   5.194   5.051 |    0.000   0.000   0.000   0.000 |   -6.809  -7.146  14.960
 142B   0.00003113 0.11 -0.232 -1291.761120  156.0   5.194   5.051 |    0.000  -0.000   0.000  -0.000 |   -6.809  -7.146  14.800
 143B   0.00003286 0.10 -0.232 -1291.761118  156.0   5.194   5.051 |    0.000  -0.000   0.000  -0.000 |   -6.809  -7.146  14.891
 144B   0.00003239 0.11 -0.232 -1291.761119  156.0   5.194   5.051 |    0.000  -0.000   0.000  -0.000 |   -6.809  -7.146  16.602
 145B   0.00002845 0.13 -0.232 -1291.761119  156.0   5.194   5.051 |    0.000  -0.000   0.000  -0.000 |   -6.809  -7.146  15.212
 146B   0.00004740 0.10 -0.232 -1291.761120  156.0   5.194   5.051 |    0.000  -0.000   0.000  -0.000 |   -6.809  -7.146  14.937
 147B   0.00006053 0.10 -0.232 -1291.761117  156.0   5.194   5.051 |    0.000   0.000   0.000  -0.000 |   -6.809  -7.146  15.154
 148B   0.00004015 0.11 -0.232 -1291.761122  156.0   5.194   5.051 |    0.000   0.000   0.000  -0.000 |   -6.809  -7.146  15.866
 149B   0.00004115 0.10 -0.232 -1291.761125  156.0   5.194   5.051 |    0.000   0.000   0.000  -0.000 |   -6.809  -7.146  15.567
 150B   0.00009236 0.10 -0.232 -1291.761127  156.0   5.194   5.051 |    0.000   0.000   0.000  -0.000 |   -6.809  -7.146  15.887
 151B   0.00003637 0.11 -0.232 -1291.761130  156.0   5.194   5.051 |    0.000  -0.000   0.000   0.000 |   -6.809  -7.146  16.714
 152B   0.00002714 0.13 -0.232 -1291.761126  156.0   5.194   5.051 |    0.000  -0.000   0.000  -0.000 |   -6.809  -7.146  16.263
 153B   0.00001133 0.14 -0.232 -1291.761128  156.0   5.194   5.051 |    0.000  -0.000   0.000  -0.000 |   -6.809  -7.146  15.854
 154B   0.00001263 0.10 -0.232 -1291.761128  156.0   5.194   5.051 |    0.000  -0.000   0.000  -0.000 |   -6.809  -7.146  15.845
 155B   0.00001841 0.10 -0.232 -1291.761128  156.0   5.194   5.051 |    0.000  -0.000   0.000  -0.000 |   -6.809  -7.146  18.139
 156B   0.00001675 0.11 -0.232 -1291.761128  156.0   5.194   5.051 |    0.000  -0.000   0.000  -0.000 |   -6.809  -7.146  16.374
 157B   0.00001509 0.13 -0.232 -1291.761129  156.0   5.194   5.051 |    0.000  -0.000   0.000  -0.000 |   -6.809  -7.146  16.259
 158B   0.00001622 0.10 -0.232 -1291.761129  156.0   5.194   5.051 |    0.000  -0.000   0.000  -0.000 |   -6.809  -7.146  18.473
 159B   0.00001573 0.11 -0.232 -1291.761129  156.0   5.194   5.051 |    0.000  -0.000   0.000   0.000 |   -6.809  -7.146  25.032
 160B   0.00001507 0.13 -0.232 -1291.761129  156.0   5.194   5.051 |    0.000   0.000   0.000   0.000 |   -6.809  -7.146  19.658
 161B   0.00001465 0.14 -0.232 -1291.761129  156.0   5.194   5.051 |    0.000  -0.000   0.000   0.000 |   -6.809  -7.146  16.738
 162B   0.00001518 0.10 -0.232 -1291.761129  156.0   5.194   5.051 |    0.000  -0.000   0.000   0.000 |   -6.809  -7.146  19.770
 163B   0.00001653 0.10 -0.232 -1291.761129  156.0   5.194   5.051 |    0.000  -0.000   0.000   0.000 |   -6.809  -7.146  24.982
 164B   0.00002243 0.10 -0.232 -1291.761129  156.0   5.194   5.051 |    0.000   0.000   0.000   0.000 |   -6.809  -7.146  19.579
 165B   0.00002072 0.11 -0.232 -1291.761128  156.0   5.194   5.051 |    0.000   0.000   0.000   0.000 |   -6.809  -7.146  29.131
 166B   0.00002504 0.10 -0.232 -1291.761129  156.0   5.194   5.051 |    0.000   0.000   0.000   0.000 |   -6.809  -7.146  22.299
 167B   0.00001745 0.11 -0.232 -1291.761129  156.0   5.194   5.051 |    0.000   0.000   0.000   0.000 |   -6.809  -7.146  15.999
 168B   0.00001684 0.13 -0.232 -1291.761129  156.0   5.194   5.051 |    0.000   0.000   0.000   0.000 |   -6.809  -7.146  16.447
 169B   0.00002908 0.10 -0.232 -1291.761129  156.0   5.194   5.051 |    0.000   0.000   0.000  -0.000 |   -6.809  -7.146  15.175
 170B   0.00002323 0.11 -0.232 -1291.761129  156.0   5.194   5.051 |    0.000   0.000   0.000   0.000 |   -6.809  -7.146  16.733
 171B   0.00001688 0.13 -0.232 -1291.761128  156.0   5.194   5.051 |    0.000   0.000   0.000  -0.000 |   -6.809  -7.146  15.203
 172B   0.00001309 0.14 -0.232 -1291.761127  156.0   5.194   5.051 |    0.000   0.000   0.000  -0.000 |   -6.809  -7.146  16.278
 173B   0.00001447 0.10 -0.232 -1291.761126  156.0   5.194   5.051 |    0.000  -0.000   0.000  -0.000 |   -6.809  -7.146  15.477
 174B   0.00001399 0.11 -0.232 -1291.761125  156.0   5.194   5.051 |    0.000  -0.000   0.000  -0.000 |   -6.809  -7.146  17.172
 175B   0.00001042 0.13 -0.232 -1291.761126  156.0   5.194   5.051 |    0.000  -0.000   0.000   0.000 |   -6.809  -7.146  18.284
 176B   0.00000871 0.14 -0.232 -1291.761125  156.0   5.194   5.051 |    0.000  -0.000   0.000   0.000 |   -6.809  -7.146  15.378
 177B   0.00000935 0.10 -0.232 -1291.761125  156.0   5.194   5.051 |    0.000  -0.000   0.000   0.000 |   -6.809  -7.146  22.994
 178B   0.00001958 0.10 -0.232 -1291.761125  156.0   5.194   5.051 |    0.000  -0.000   0.000   0.000 |   -6.809  -7.146  20.165
 179B   0.00001458 0.11 -0.232 -1291.761125  156.0   5.194   5.051 |    0.000  -0.000   0.000   0.000 |   -6.809  -7.146  26.670
 180B   0.00000853 0.13 -0.232 -1291.761125  156.0   5.194   5.051 |    0.000  -0.000   0.000  -0.000 |   -6.809  -7.146  26.964
 181B   0.00000425 0.14 -0.232 -1291.761125  156.0   5.194   5.051 |    0.000  -0.000   0.000  -0.000 |   -6.809  -7.146  17.229
 182B   0.00000420 0.16 -0.232 -1291.761125  156.0   5.194   5.051 |    0.000  -0.000   0.000  -0.000 |   -6.809  -7.146  22.707
 183B   0.00000475 0.10 -0.232 -1291.761125  156.0   5.194   5.051 |    0.000   0.000   0.000  -0.000 |   -6.809  -7.146  19.218
 184B   0.00000533 0.10 -0.232 -1291.761125  156.0   5.194   5.051 |    0.000   0.000   0.000   0.000 |   -6.809  -7.146  17.862
 185B   0.00000483 0.11 -0.232 -1291.761125  156.0   5.194   5.051 |    0.000  -0.000   0.000  -0.000 |   -6.809  -7.146  16.122
 186B   0.00000450 0.13 -0.232 -1291.761125  156.0   5.194   5.051 |    0.000   0.000   0.000  -0.000 |   -6.809  -7.146  15.070
 187B   0.00001341 0.10 -0.232 -1291.761126  156.0   5.194   5.051 |    0.000   0.000   0.000  -0.000 |   -6.809  -7.146  14.855
 188B   0.00001373 0.10 -0.232 -1291.761126  156.0   5.194   5.051 |    0.000  -0.000   0.000  -0.000 |   -6.809  -7.146  17.031
 189B   0.00001054 0.11 -0.232 -1291.761126  156.0   5.194   5.051 |    0.000  -0.000   0.000  -0.000 |   -6.809  -7.146  16.318
 190B   0.00000384 0.13 -0.232 -1291.761126  156.0   5.194   5.051 |    0.000   0.000   0.000  -0.000 |   -6.809  -7.146  16.000
 191B   0.00000297 0.14 -0.232 -1291.761126  156.0   5.194   5.051 |    0.000   0.000   0.000   0.000 |   -6.809  -7.146  15.943
 192B   0.00000122 0.16 -0.232 -1291.761126  156.0   5.194   5.051 |    0.000   0.000   0.000   0.000 |   -6.809  -7.146  18.415
 193B   0.00000180 0.10 -0.232 -1291.761126  156.0   5.194   5.051 |    0.000  -0.000   0.000  -0.000 |   -6.809  -7.146  16.616
 194B   0.00000236 0.10 -0.232 -1291.761126  156.0   5.194   5.051 |    0.000  -0.000   0.000  -0.000 |   -6.809  -7.146  17.021
 195B   0.00000254 0.10 -0.232 -1291.761126  156.0   5.194   5.051 |    0.000  -0.000   0.000  -0.000 |   -6.809  -7.146  28.993
 196B   0.00000231 0.11 -0.232 -1291.761126  156.0   5.194   5.051 |    0.000  -0.000   0.000  -0.000 |   -6.809  -7.146  26.978
 197B   0.00000226 0.13 -0.232 -1291.761126  156.0   5.194   5.051 |    0.000   0.000   0.000   0.000 |   -6.809  -7.146  26.012
 198B   0.00000176 0.14 -0.232 -1291.761126  156.0   5.194   5.051 |    0.000   0.000   0.000  -0.000 |   -6.809  -7.146  16.424
 199B   0.00000161 0.16 -0.232 -1291.761126  156.0   5.194   5.051 |    0.000   0.000   0.000   0.000 |   -6.809  -7.146  22.497
 200B   0.00000155 0.18 -0.232 -1291.761126  156.0   5.194   5.051 |    0.000   0.000   0.000  -0.000 |   -6.809  -7.146  16.528
 201B   0.00000167 0.10 -0.232 -1291.761126  156.0   5.194   5.051 |    0.000  -0.000   0.000   0.000 |   -6.809  -7.146  18.818
 202B   0.00000208 0.10 -0.232 -1291.761126  156.0   5.194   5.051 |    0.000   0.000   0.000   0.000 |   -6.809  -7.146  16.715
 203B   0.00000377 0.10 -0.232 -1291.761126  156.0   5.194   5.051 |    0.000  -0.000   0.000   0.000 |   -6.809  -7.146  17.670
 204B   0.00000139 0.11 -0.232 -1291.761126  156.0   5.194   5.051 |    0.000  -0.000   0.000   0.000 |   -6.809  -7.146  17.729
 205B   0.00000082 0.13 -0.232 -1291.761126  156.0   5.194   5.051 |    0.000  -0.000   0.000   0.000 |   -6.809  -7.146  16.850
 206B   0.00000115 0.10 -0.232 -1291.761126  156.0   5.194   5.051 |    0.000  -0.000   0.000   0.000 |   -6.809  -7.146  16.234
 207B   0.00000052 0.11 -0.232 -1291.761126  156.0   5.194   5.051 |    0.000  -0.000   0.000   0.000 |   -6.809  -7.146  15.868
 208B   0.00000051 0.13 -0.232 -1291.761126  156.0   5.194   5.051 |    0.000  -0.000   0.000   0.000 |   -6.809  -7.146  18.249
 209B   0.00000057 0.10 -0.232 -1291.761126  156.0   5.194   5.051 |    0.000  -0.000   0.000   0.000 |   -6.809  -7.146  21.665
 210B   0.00000027 0.11 -0.232 -1291.761126  156.0   5.194   5.051 |    0.000  -0.000   0.000   0.000 |   -6.809  -7.146  31.268
 211B   0.00000024 0.13 -0.232 -1291.761126  156.0   5.194   5.051 |    0.000  -0.000   0.000   0.000 |   -6.809  -7.146  18.826
 212B   0.00000056 0.10 -0.232 -1291.761126  156.0   5.194   5.051 |    0.000  -0.000   0.000   0.000 |   -6.809  -7.146  15.966
 213B   0.00000030 0.11 -0.232 -1291.761126  156.0   5.194   5.051 |    0.000  -0.000   0.000   0.000 |   -6.809  -7.146  17.577
 214B   0.00000023 0.13 -0.232 -1291.761126  156.0   5.194   5.051 |    0.000   0.000   0.000   0.000 |   -6.809  -7.146  16.231
 215B   0.00000072 0.10 -0.232 -1291.761126  156.0   5.194   5.051 |    0.000   0.000   0.000   0.000 |   -6.809  -7.146  18.722
 216B   0.00000083 0.10 -0.232 -1291.761126  156.0   5.194   5.051 |    0.000   0.000   0.000   0.000 |   -6.809  -7.146  16.698
 217B   0.00000035 0.11 -0.232 -1291.761126  156.0   5.194   5.051 |    0.000   0.000   0.000   0.000 |   -6.809  -7.146  21.243
 218B   0.00000014 0.13 -0.232 -1291.761126  156.0   5.194   5.051 |    0.000   0.000   0.000   0.000 |   -6.809  -7.146  18.433
 219B   0.00000014 0.10 -0.232 -1291.761126  156.0   5.194   5.051 |    0.000   0.000   0.000   0.000 |   -6.809  -7.146  18.882
 220B   0.00000013 0.11 -0.232 -1291.761126  156.0   5.194   5.051 |    0.000  -0.000   0.000   0.000 |   -6.809  -7.146  21.674
 221B   0.00000009 0.13 -0.232 -1291.761126  156.0   5.194   5.051 |    0.000  -0.000   0.000  -0.000 |   -6.809  -7.146  14.797
 222B   0.00000019 0.10 -0.232 -1291.761126  156.0   5.194   5.051 |    0.000  -0.000   0.000   0.000 |   -6.809  -7.146  17.690
 223B   0.00000008 0.11 -0.232 -1291.761126  156.0   5.194   5.051 |    0.000   0.000   0.000  -0.000 |   -6.809  -7.146  15.594
 224B   0.00000017 0.10 -0.232 -1291.761126  156.0   5.194   5.051 |    0.000   0.000   0.000  -0.000 |   -6.809  -7.146  23.045
 225B   0.00000008 0.11 -0.232 -1291.761126  156.0   5.194   5.051 |    0.000  -0.000   0.000  -0.000 |   -6.809  -7.146  20.385
 226B   0.00000005 0.13 -0.232 -1291.761126  156.0   5.194   5.051 |    0.000   0.000   0.000  -0.000 |   -6.809  -7.146  15.679
 227B   0.00000005 0.10 -0.232 -1291.761126  156.0   5.194   5.051 |    0.000  -0.000   0.000  -0.000 |   -6.809  -7.146  16.146
 228B   0.00000005 0.10 -0.232 -1291.761126  156.0   5.194   5.051 |    0.000  -0.000   0.000  -0.000 |   -6.809  -7.146  17.379
 229B   0.00000004 0.11 -0.232 -1291.761126  156.0   5.194   5.051 |    0.000  -0.000   0.000  -0.000 |   -6.809  -7.146  16.460
 230B   0.00000004 0.10 -0.232 -1291.761126  156.0   5.194   5.051 |    0.000  -0.000   0.000   0.000 |   -6.809  -7.146  18.003
 231B   0.00000006 0.10 -0.232 -1291.761126  156.0   5.194   5.051 |    0.000  -0.000   0.000  -0.000 |   -6.809  -7.146  22.230
 232B   0.00000003 0.11 -0.232 -1291.761126  156.0   5.194   5.051 |    0.000  -0.000   0.000  -0.000 |   -6.809  -7.146  27.158
 233B   0.00000004 0.10 -0.232 -1291.761126  156.0   5.194   5.051 |    0.000   0.000   0.000  -0.000 |   -6.809  -7.146  18.876
 234B   0.00000006 0.10 -0.232 -1291.761126  156.0   5.194   5.051 |    0.000  -0.000   0.000  -0.000 |   -6.809  -7.146  23.531
 235B   0.00000003 0.11 -0.232 -1291.761126  156.0   5.194   5.051 |    0.000  -0.000   0.000   0.000 |   -6.809  -7.146  18.805
 236B   0.00000002 0.13 -0.232 -1291.761126  156.0   5.194   5.051 |    0.000  -0.000   0.000   0.000 |   -6.809  -7.146  28.416
 237B   0.00000002 0.14 -0.232 -1291.761126  156.0   5.194   5.051 |    0.000  -0.000   0.000   0.000 |   -6.809  -7.146  31.055
 238B   0.00000003 0.10 -0.232 -1291.761126  156.0   5.194   5.051 |    0.000   0.000   0.000   0.000 |   -6.809  -7.146  18.547
 239B   0.00000002 0.11 -0.232 -1291.761126  156.0   5.194   5.051 |    0.000  -0.000   0.000   0.000 |   -6.809  -7.146  20.407
 240B   0.00000002 0.10 -0.232 -1291.761126  156.0   5.194   5.051 |    0.000  -0.000   0.000   0.000 |   -6.809  -7.146  24.855
 241B   0.00000001 0.11 -0.232 -1291.761126  156.0   5.194   5.051 |    0.000   0.000   0.000   0.000 |   -6.809  -7.146  28.519
 242B   0.00000001 0.13 -0.232 -1291.761126  156.0   5.194   5.051 |    0.000  -0.000   0.000   0.000 |   -6.809  -7.146  27.944
 243B   0.00000001 0.14 -0.232 -1291.761126  156.0   5.194   5.051 |    0.000   0.000   0.000   0.000 |   -6.809  -7.146  36.181
 244B   0.00000001 0.10 -0.232 -1291.761126  156.0   5.194   5.051 |    0.000   0.000   0.000   0.000 |   -6.809  -7.146  32.573
 245B   0.00000001 0.11 -0.232 -1291.761126  156.0   5.194   5.051 |    0.000   0.000   0.000  -0.000 |   -6.809  -7.146  31.370
 246B   0.00000001 0.13 -0.232 -1291.761126  156.0   5.194   5.051 |    0.000   0.000   0.000  -0.000 |   -6.809  -7.146  26.868
 247B   0.00000001 0.10 -0.232 -1291.761126  156.0   5.194   5.051 |    0.000   0.000   0.000   0.000 |   -6.809  -7.146  27.253
 248B   0.00000001 0.10 -0.232 -1291.761126  156.0   5.194   5.051 |    0.000   0.000   0.000   0.000 |   -6.809  -7.146  34.544
 249B   0.00000001 0.11 -0.232 -1291.761126  156.0   5.194   5.051 |    0.000   0.000   0.000   0.000 |   -6.809  -7.146  28.522
 250B   0.00000001 0.13 -0.232 -1291.761126  156.0   5.194   5.051 |    0.000   0.000   0.000  -0.000 |   -6.809  -7.146  24.150
 251B   0.00000000 0.14 -0.232 -1291.761126  156.0   5.194   5.051 |    0.000   0.000   0.000   0.000 |   -6.809  -7.146  25.928
 252B   0.00000000 0.16 -0.232 -1291.761126  156.0   5.194   5.051 |    0.000   0.000   0.000  -0.000 |   -6.809  -7.146  24.548
 253B   0.00000001 0.10 -0.232 -1291.761126  156.0   5.194   5.051 |    0.000   0.000   0.000  -0.000 |   -6.809  -7.146  24.001
 254B   0.00000000 0.11 -0.232 -1291.761126  156.0   5.194   5.051 |    0.000   0.000   0.000   0.000 |   -6.809  -7.146  39.519
 255B   0.00000000 0.13 -0.232 -1291.761126  156.0   5.194   5.051 |    0.000   0.000   0.000   0.000 |   -6.809  -7.146  25.021
 256B   0.00000000 0.10 -0.232 -1291.761126  156.0   5.194   5.051 |    0.000   0.000   0.000   0.000 |   -6.809  -7.146  32.505
 257B   0.00000000 0.10 -0.232 -1291.761126  156.0   5.194   5.051 |    0.000   0.000   0.000   0.000 |   -6.809  -7.146  44.650
 258B   0.00000000 0.11 -0.232 -1291.761126  156.0   5.194   5.051 |    0.000   0.000   0.000   0.000 |   -6.809  -7.146  31.832
 259B   0.00000000 0.13 -0.232 -1291.761126  156.0   5.194   5.051 |    0.000  -0.000   0.000   0.000 |   -6.809  -7.146  29.971
 260B   0.00000000 0.10 -0.232 -1291.761126  156.0   5.194   5.051 |    0.000  -0.000   0.000   0.000 |   -6.809  -7.146  29.822
 261B   0.00000000 0.10 -0.232 -1291.761126  156.0   5.194   5.051 |    0.000  -0.000   0.000   0.000 |   -6.809  -7.146  42.611
 262B   0.00000000 0.10 -0.232 -1291.761126  156.0   5.194   5.051 |    0.000  -0.000   0.000   0.000 |   -6.809  -7.146  26.630
 263B   0.00000000 0.10 -0.232 -1291.761126  156.0   5.194   5.051 |    0.000   0.000   0.000   0.000 |   -6.809  -7.146  25.013
 264B   0.00000000 0.10 -0.232 -1291.761126  156.0   5.194   5.051 |    0.000   0.000   0.000   0.000 |   -6.809  -7.146  35.621
 265B   0.00000000 0.11 -0.232 -1291.761126  156.0   5.194   5.051 |    0.000   0.000   0.000   0.000 |   -6.809  -7.146  44.359
  ----------------------------------------------------------------------------------------------------------------------------------
  *   iteration converged   after 265 steps   si=     0.0000000009 ho=  0 tho=  0
  ----------------------------------------------------------------------------------------------------------------------------------
  Total CPU time=  89.010 minutes

  Writing to wel_file: s092_064.hel
 __________________________________  
  The tape s092_064.hel recorded:     
  nucname,npr,ngh,ngl,n00,nb,nt      
  b0,beta0,si,etot,rms,bet,xmix      
  pairing:     CpV0,CpV1,pwi         
  delta:       del,ept               
  lambda:      ala,ala2,alast,tz     
  asymptotic:  varmas,ass,skass      
  ntx,nb,nhhdim,id,N_rz,n_r,n_z      
  Omega2,Sigma2,Parity,Lambda        
  matrices(inbro):    hh,de          
  *all blocking candidates           
 __________________________________  


  NB! From expect (UNPROJECTED RESULTS)

  pairing: CpV0,CpV1,...           0.100000       0.100000       1.000000       1.000000
  forces:   UNE1                          


                             neutrons         protons         total
  Requested part.numbs.      92.000000      64.000000     156.000000
  UnPj(av) part.numbs .      92.000000      64.000000     156.000000
  b0, bz, bp ..........       2.130153       2.136882       2.126796

  lambda (ala) ........      -6.809058      -7.146117
  Lambda (alast) ......      -6.809058      -7.146117
  delta(n,p), pwi .....      -0.000000      -0.000000      60.000000
  pairing energy ......       0.000000       0.000000       0.000000

  rms-radius ..........       5.194360       5.050849       5.135968
  charge-radius, r0 ...                      5.113812       6.459855
  deformation beta2....      -0.222148      -0.247384      -0.232161
  dipole moment[fm] ...       0.000000       0.000000       0.000000
  quadrupole moment[b]       -6.956702      -5.095545     -12.052246
  octupole moment .....       0.000000       0.000000       0.000000
  hexadecapole moment .       0.418474       0.266083       0.684556
  q5 ..................       0.000000       0.000000       0.000000
  q6 ..................      -0.065892      -0.036221      -0.102113
  q7 ..................       0.000000       0.000000       0.000000
  q8 ..................       0.006714       0.002993       0.009707

  <r^0> [fm^0] ........            1.000000            1.000000            1.000000
  <r^2> [fm^2] ........           26.981371           25.511072           26.378171
  <r^4> [fm^4] ........          960.938169          834.991232          909.267631
  <r^6> [fm^6] ........        41368.448042        32069.873359        37553.648172
  <r^8> [fm^8] ........      2096636.654694      1400585.871379      1811077.358975

  kinetic energy ......    1815.678259    1078.825860    2894.504119
  volume energy .......                                 -4824.260843
        rho_tau .......                                   -39.269829
        rho_rho .......                                 -4784.991014
  surface energy ......                                   164.511336
   rho_DELTA_rho ......                                   164.511336
   (NABLA_rho)^2 ......                                     0.000000
  spin-orbit energy ...                                   -51.362684
        rho_NABLA_J ...                                   -51.362684
        NABLA_rho_J ...                                     0.000000
  coulomb energy ......                                   524.846946
          direct ......                                   549.511138
          exchange ....                                   -24.664192
  tensor energy .......                                     0.000000
  direct Hartree E  ...                                     0.000000
  Extra E .............                                     0.000000
  External field E ....                                     0.000000
  Entropy .............       0.678874       1.996760       2.675634

  tEnergy: ehfb (qp)...                                 -1291.761126

  Calculated but not added corrections 
====================================
  cmc-diagonal part ...       0.000000       0.000000       0.000000
  cmc-hfb .............       0.000000       0.000000       0.000000
  cranking rot corr ...       0.000000       0.000000       0.000000

  SQUJ ................       0.000000       0.000000       0.000000
  CRAN x 4 ............       0.000000       0.000000       0.000000
  Rigit Body ..........       0.000000       0.000000       0.000000


   Blocking candidates are:
   neutron eqpmin=  0.17131444315678834       pwiblo=   2.0016019225635890     
    num=   1 block=   6 state=   1   316 Eqp=   0.17131444  (1-2N)E=  -0.17131444  Ovlp=   0.77590469  5-[ 5, 0, 3]
    num=   2 block=   2 state=   1    69 Eqp=   0.16178049  (1-2N)E=   0.16178049  Ovlp=   0.71416528  1-[ 5, 0, 1]
    num=   3 block=   4 state=   1   200 Eqp=   0.25254200  (1-2N)E=  -0.25254200  Ovlp=   0.68115420  3-[ 5, 0, 1]
    num=   4 block=   1 state=   1     1 Eqp=   0.76564302  (1-2N)E=  -0.76564302  Ovlp=   0.88955735  1+[ 4, 4, 0]
    num=   5 block=  13 state=   1   615 Eqp=   0.76754393  (1-2N)E=  -0.76754393  Ovlp=   0.97424528 13+[ 6, 0, 6]
    num=   6 block=  11 state=   1   546 Eqp=   0.80461717  (1-2N)E=   0.80461717  Ovlp=   0.85426610 11+[ 6, 1, 5]
    num=   7 block=   8 state=   1   417 Eqp=   1.21275358  (1-2N)E=   1.21275358  Ovlp=   0.69907360  7-[ 5, 2, 3]
    num=   8 block=   6 state=   2   317 Eqp=   1.26026685  (1-2N)E=   1.26026685  Ovlp=   0.64760774  5-[ 5, 2, 3]
    num=   9 block=   8 state=   2   418 Eqp=   1.53194707  (1-2N)E=  -1.53194707  Ovlp=   0.63899704  7-[ 5, 0, 3]
    num=  10 block=   2 state=   2    70 Eqp=   1.61602075  (1-2N)E=   1.61602075  Ovlp=   0.65963099  1-[ 5, 1, 0]
    num=  11 block=  10 state=   1   505 Eqp=   1.67650620  (1-2N)E=  -1.67650620  Ovlp=   0.82061586  9-[ 5, 0, 5]
    num=  12 block=   4 state=   2   201 Eqp=   1.75517208  (1-2N)E=   1.75517208  Ovlp=   0.69830012  3-[ 5, 1, 2]
    num=  13 block=   9 state=   1   465 Eqp=   1.82471825  (1-2N)E=   1.82471825  Ovlp=   0.58191609  9+[ 6, 0, 4]

   Blocking candidates are:
   proton  eqpmin=   8.1001455480361528E-002  pwiblo=   2.0016019225635890     
    num=   1 block=  10 state=   1   432 Eqp=   0.08100146  (1-2N)E=  -0.08100146  Ovlp=   0.76055767  9-[ 5, 1, 4]
    num=   2 block=   1 state=   1     1 Eqp=   0.09687860  (1-2N)E=   0.09687860  Ovlp=   0.70778154  1+[ 4, 2, 0]
    num=   3 block=   3 state=   1   122 Eqp=   0.15917337  (1-2N)E=   0.15917337  Ovlp=   0.80346331  3+[ 4, 2, 2]
    num=   4 block=   5 state=   1   227 Eqp=   0.37934660  (1-2N)E=  -0.37934660  Ovlp=   0.80662619  5+[ 4, 2, 2]
    num=   5 block=   8 state=   1   360 Eqp=   0.78225325  (1-2N)E=   0.78225325  Ovlp=   0.56632637  7-[ 5, 0, 3]
    num=   6 block=   6 state=   1   276 Eqp=   1.48379658  (1-2N)E=   1.48379658  Ovlp=   0.59461565  5-[ 5, 1, 2]
    num=   7 block=   1 state=   2     2 Eqp=   1.81326431  (1-2N)E=  -1.81326431  Ovlp=   0.58685446  1+[ 4, 0, 0]
    num=   8 block=   4 state=   1   178 Eqp=   1.86862401  (1-2N)E=   1.86862401  Ovlp=   0.53272568  3-[ 5, 2, 1]
    num=   9 block=  12 state=   1   492 Eqp=   1.89950296  (1-2N)E=  -1.89950296  Ovlp=   0.94900967 11-[ 5, 0, 5]
    num=  10 block=   2 state=   1    65 Eqp=   2.03221379  (1-2N)E=   2.03221379  Ovlp=   0.49976909  1-[ 5, 1, 0]



 HFBTHO_SOLVER ended without errors

