
  =======================================
           FORTRAN 95 CODE (KIND= 8) 
               Version: 200d  
  =======================================
       AXIALLY DEFORMED CONFIGURATIONAL  
     HARTREE-FOCK-BOGOLIUBOV CALCULATIONS
                     WITH                
            UNEDF AND DELTA PAIRING      
                     USING               
             HARMONIC-OSCILLATOR         
                   AND/OR                
       TRANSFORMED HARMONIC-OSCILLATOR   
                    BASIS                
                     ---                 
               v1.66  (2005):,           
   Stoitsov,Dobaczewski,Nazarewicz,Ring, 
               v2.00d (2012):,           
         Stoitsov,Schunck,Kortelainen    
  =======================================
    Nucleus: MG (A=  24, N= 12, Z= 12)
       Reflection Symmetry Imposed       
            ( 9/17/2022,  5:46)                               
  =======================================


  ---------------------------------------
           UNEDF Module Version:17
         M.Kortelainen & M.Stoitsov 
  ---------------------------------------

  UNE1 functional
  ----------------------------------
  Crho(0)=   -776.869457262093078    ; Crho(1)=    276.619185018227199    
  CDrho(0)=   892.790725587896418    ; CDrho(1)=  -178.658403502998652    
  Ctau(0)=   -2.10376574100615654    ; Ctau(1)=   -34.7471254039520758    
  CrDr(0)=   -44.7869256028633487    ; CrDr(1)=   -147.389559423359941    
  CrdJ(0)=   -74.0215676982403892    ; CrdJ(1)=   -35.8117723765914278    
  CJ(0)=      0.00000000000000000    ; CJ(1)=      0.00000000000000000    
  CpV0(0)=   0.100000000000000006    ; CpV0(1)=   0.100000000000000006    
  CpV1(0)=    1.00000000000000000    ; CpV1(1)=    1.00000000000000000    
  sigma=     0.272143817767853402    ; hbzero=     20.7355300000000007    
  e^2 chrg=   1.43997840859651305    ; CExPar=     1.00000000000000000    
  c.m. correction: F, chr. density in direct Coul: F
  use tensor terms: F
  use TMR pairing:  0

  Coupling constants in natural units
  -----------------------------------
  Crho_nu(0)=  -0.874848172171877936    ; Crho_nu(1)=   0.311506374898230687    
  CDrho_nu(0)=  0.942360647558947440    ; CDrho_nu(1)= -0.188577954487675975    
  Ctau_nu(0)=  -0.298211185616270615E-01; Ctau_nu(1)=  -0.492544453096475265    
  CrDr_nu(0)=  -0.634859762368309100    ; CrDr_nu(1)=   -2.08926376194712038    
  CrdJ_nu(0)=   -1.04926413783647154    ; CrdJ_nu(1)=  -0.507635944976256082    
  CJ_nu(0)=      0.00000000000000000    ; CJ_nu(1)=      0.00000000000000000    
  CpV0_nu(0)=   0.112611992142809880E-03; CpV0_nu(1)=   0.112611992142809880E-03
  CpV1_nu(0)=   0.887702254206059068E-03; CpV1_nu(1)=   0.887702254206059068E-03
  fpi_nu=        93.0000000000000000    ; Lambda_nu=     700.000000000000000    

  Nuclear matter properties
  ----------------------------------
      E_NM=     -15.7999999999999812      K_NM=     219.9999999999998863
      P_NM=       0.0000000000000008    RHO_NM=       0.1587010437847480
    ASS_NM=      28.9918800079376133   LASS_NM=      40.8484642040629637
  SMASS_NM=       0.9838986599823457  VMASS_NM=       1.2498385742322697

  Associated (t,x)-coupling constants
  -----------------------------------
  t0=      -2071.65188603224806    ; x0=       0.341036047287361921E-01
  t1=       236.058582227262974    ; x1=       -5.20062225278764867    
  t2=       1602.85363756816014    ; x2=       -1.36570551127540818    
  t3=       14284.6516094063427    ; x3=      -0.199831553382199378    
  b4=       38.2097953216489614    ; b4p=       71.6235447531828555    
  te=      -478.347261762817652    ; to=       -204.988250694638197    
  sigma=   0.272143817767853402    ; hbzero=    20.7355300000000007    

  ---------------------------------------
        Characteristics of the run       
  ---------------------------------------
  Output file ................:     7
  Nucleus ....................:   MG  24
  Number of HO shells ........:    10
  HO length b0 (fm) ..........:     1.55928400372611
  Basis deformation ..........:  beta0=   0.010 q=   1.010
  HO: b0,1/b0,bp,bz,q ........:   0.15592840E+01  0.64131999E+00  0.15568270E+01  0.15642096E+01  0.10095067E+01
  h**2/(2m), cmc, e**2 .......:   0.20735530E+02  0.20735530E+02  0.14399784E+01
  hom=f*41.0_pr*A^{-1/3}, f...:   0.17056687E+02  0.12000000E+01
  THO basis is ...............:  OFF
  Maximal number of iterations:   400
  Initial mixing parameter ...:  0.300
  Initial w.f. ...............:  from   spherical scratch
  Skyrme functional ..........:    UNE1                          
    with direct and exchange Coulomb
  Lipkin-Nogami procedure is .:  OFF
  PAV procedure is ...........:  OFF
  Constraint calculation is ..:   ON
    Constraint 1 .............: lambda=2 Ql=   1.597
  Temperature T ..............:   0.05 MeV
  Restart indicator ..........:   1
  Broyden mixing (#iterations):   7

  ---------------------------------------
        Harmonic Oscillator Basis        
  ---------------------------------------
  NUV, NQP:                        6222     286
  Comparison with bookkeeping spherical basis:
  n00:                               10      10  Maximal number of shells
  nbx, 2*n00+1:                      21      21  Maximal number of K-blocks
  ntx, (n00+1)*(n00+2)*(n00+3)/6    286     286  Max.num. p/n levels
  nzx, n00:                          10      10  Maximal nz-quantum number
  nrx, n00/2  :                       5       5  Maximal nr-quantum number
  nlx, n00:                          10      10  Maximal ml-quantum number
  ndx, (n00+2)*(n00+2)/4:            36      36  Maximal dim. of one k-block

  Actual basis used
  Number of blocks: nb .......:   21
  Number of levels: nt .......:  286
  Maximal 2*omega : nom ......:   21
  Maximal nz:       nzm ......:   10
  Maximal nr:       nrm ......:    5
  Maximal ml:       nlm ......:   10
  Maximal N=nz+2*nr+nl .......:   10
  2 x biggest block dim. .....:   72
  Non-zero elements of h .....:     3254
  Number of Broyden elements .:    13016

  ---------------------------------------
            Integration Meshes           
  ---------------------------------------
  Number of Gauss-Hermite mesh points ngh ....:  40
  Number of Gauss-Laguerre mesh points ngl ...:  40
  Number of Gauss-Legendre mesh points nleg ..:  80
  Integration boundaries
    Hermite  - from xh(1)  =  0.12379686 to xh(ngh)   = 11.88786356
    Laguerre - From xl(1)  =  0.03570039 to xl(ngl)   =142.28004447
    Legendre - From xleg(1)=  0.00978669 to xleg(nleg)=  0.99988775
  Max.dev.in:     Orthogonality            Normalization
  Hermite     1.5248282503475657E-015   1.0991207943789050E-014
  Laguerre    4.8291451697098846E-015   9.3258734068513149E-015

  Scratch initialization for the nucleus: MG  12  12


  Initial potentials of Saxon-Woods shape 
  v0ws   =  -71.27999878
  kappa  =    0.46160001
  vs0    =   11.11750031   11.11750031
  r0     =    1.23339999    1.23339999
  a      =    0.61500001    0.61500001
  r0-so  =    1.14429998    1.14429998
  a-so   =    0.64760000    0.64760000
  beta00 =    0.01000000

  ### REGULAR STAGE (reflection symmetry imposed)
  |HFB+HO> iterations(b0=  1.559, Nsh= 10, inin=  1, N= 12, Z= 12)...
  ----------------------------------------------------------------------------------------------------------------------------------
  i          si     mix   beta      Etot       A       rn      rp         En      Dn      Ep      Dp        Ln      Lp     time
  ----------------------------------------------------------------------------------------------------------------------------------
   1L  95.09929679 0.30  0.010     0.000000    0.0   0.000   0.000 |   -2.000   1.000  -2.000   1.000 |   -7.000  -7.000   0.000
   2B  56.44179881 0.10  0.009   -53.966124   24.0   2.635   2.635 |    0.000  -0.000   0.000  -0.000 |  -17.603 -17.603  26.819
   3B  12.46283409 0.11  0.536  -137.985619   24.0   3.266   3.368 |    0.000  -0.000   0.000  -0.000 |  -12.461  -9.195   0.760
   4B  17.12729785 0.10  0.904  -134.340490   24.0   3.640   3.595 |    0.000  -0.000   0.000  -0.000 |  -15.888 -11.773   0.777
   5B  16.66962693 0.11  0.937  -153.322033   24.0   3.675   3.740 |    0.000  -0.000   0.000  -0.000 |  -15.478 -11.729   3.138
   6B  20.45675317 0.10  0.937  -150.295062   24.0   3.722   3.653 |    0.000  -0.000   0.000  -0.000 |  -15.301 -10.785   2.109
   7B  19.37385732 0.11  0.922  -160.763849   24.0   3.644   3.650 |    0.000  -0.000   0.000  -0.000 |  -14.573 -10.532   0.717
   8L  20.13012394 0.10  0.907  -162.232856   24.0   3.617   3.614 |    0.000  -0.000   0.000  -0.000 |  -14.217  -9.953   0.825
   9B   9.88869688 0.11  0.812  -154.724240   24.0   3.413   3.561 |    0.000  -0.000   0.000  -0.000 |  -12.768  -8.939   2.473
  10B  17.72969914 0.10  0.836  -119.794864   24.0   3.574   3.458 |    0.000  -0.000   0.000  -0.000 |  -13.545  -9.691   1.906
  11B  17.81836012 0.10  0.793  -137.017877   24.0   3.510   3.347 |    0.000  -0.000   0.000  -0.000 |  -14.018  -9.151   2.072
  12B  13.80440833 0.11  0.774  -148.908897   24.0   3.442   3.354 |    0.000  -0.000   0.000  -0.000 |  -13.802  -9.373   2.611
  13B  10.20917915 0.13  0.704  -176.358418   24.0   3.308   3.353 |    0.000  -0.000   0.000  -0.000 |  -13.901  -9.709   4.094
  14B   8.79217801 0.14  0.670  -180.607259   24.0   3.266   3.289 |    0.000   0.000   0.000   0.000 |  -13.596  -9.261   2.308
  15B  10.31142364 0.10  0.603  -176.644940   24.0   3.212   3.174 |    0.000   0.000   0.000   0.000 |  -13.478  -8.442   0.776
  16B   5.74705366 0.11  0.570  -184.831537   24.0   3.159   3.158 |    0.000   0.000   0.000   0.000 |  -12.750  -8.653   0.856
  17B   7.49266294 0.10  0.543  -184.100803   24.0   3.112   3.161 |    0.000   0.000   0.000   0.000 |  -12.121  -8.019   0.766
  18B   3.29596799 0.11  0.503  -187.504346   24.0   3.104   3.094 |    0.000   0.000   0.000   0.000 |  -12.083  -8.146   0.825
  19B   2.03618631 0.13  0.520  -187.750041   24.0   3.102   3.121 |    0.000   0.000   0.000   0.000 |  -12.284  -8.074   3.406
  20B   0.96815464 0.14  0.530  -187.712229   24.0   3.112   3.131 |    0.000   0.000   0.000   0.000 |  -12.284  -8.074   2.640
  21B   2.14744564 0.10  0.533  -187.252484   24.0   3.117   3.131 |    0.000  -0.000   0.000  -0.000 |  -12.284  -7.974   3.167
  22B   0.87334846 0.11  0.530  -187.735560   24.0   3.108   3.135 |    0.000  -0.000   0.000  -0.000 |  -12.284  -7.974   2.381
  23B   0.83625229 0.13  0.527  -187.855478   24.0   3.106   3.131 |    0.000  -0.000   0.000  -0.000 |  -12.284  -7.974   3.611
  24B   0.53054968 0.14  0.531  -187.798620   24.0   3.111   3.132 |    0.000  -0.000   0.000  -0.000 |  -12.284  -7.974   2.226
  25B   0.47707507 0.16  0.532  -187.772099   24.0   3.111   3.134 |    0.000  -0.000   0.000  -0.000 |  -12.284  -7.974   2.252
  26B   0.37860460 0.18  0.533  -187.732843   24.0   3.112   3.135 |    0.000  -0.000   0.000  -0.000 |  -12.284  -7.974   2.047
  27B   0.46593433 0.10  0.534  -187.699282   24.0   3.112   3.137 |    0.000   0.000   0.000   0.000 |  -12.284  -7.974   2.599
  28B   0.16208610 0.11  0.537  -187.631911   24.0   3.115   3.138 |    0.000  -0.000   0.000  -0.000 |  -12.284  -7.974   3.805
  29B   0.12464967 0.13  0.540  -187.533521   24.0   3.119   3.142 |    0.000   0.000   0.000   0.000 |  -12.284  -7.974   2.249
  30B   0.11468427 0.14  0.541  -187.525979   24.0   3.119   3.142 |    0.000   0.000   0.000   0.000 |  -12.284  -7.974   2.278
  31B   0.08141593 0.16  0.540  -187.541043   24.0   3.118   3.142 |    0.000   0.000   0.000   0.000 |  -12.284  -7.974   2.858
  32B   0.04983344 0.18  0.540  -187.555296   24.0   3.118   3.141 |    0.000  -0.000   0.000  -0.000 |  -12.284  -7.974   3.596
  33B   0.06359927 0.10  0.539  -187.567670   24.0   3.118   3.141 |    0.000  -0.000   0.000  -0.000 |  -12.284  -7.974   0.813
  34B   0.02687442 0.11  0.539  -187.567553   24.0   3.118   3.141 |    0.000  -0.000   0.000  -0.000 |  -12.284  -7.974   0.812
  35B   0.02877731 0.10  0.539  -187.569958   24.0   3.118   3.141 |    0.000  -0.000   0.000  -0.000 |  -12.284  -7.974   1.099
  36B   0.02587132 0.11  0.539  -187.576839   24.0   3.117   3.140 |    0.000  -0.000   0.000  -0.000 |  -12.284  -7.974   0.756
  37B   0.00898548 0.13  0.539  -187.577834   24.0   3.117   3.140 |    0.000  -0.000   0.000  -0.000 |  -12.284  -7.974   1.678
  38B   0.00634739 0.14  0.539  -187.578489   24.0   3.117   3.140 |    0.000  -0.000   0.000  -0.000 |  -12.284  -7.974   1.932
  39B   0.00361628 0.16  0.539  -187.578844   24.0   3.117   3.140 |    0.000  -0.000   0.000  -0.000 |  -12.284  -7.974   2.262
  40B   0.00320433 0.18  0.539  -187.578658   24.0   3.117   3.140 |    0.000  -0.000   0.000  -0.000 |  -12.284  -7.974   1.096
  41B   0.00351052 0.10  0.539  -187.578789   24.0   3.117   3.140 |    0.000  -0.000   0.000  -0.000 |  -12.284  -7.974   0.757
  42B   0.00215880 0.11  0.539  -187.578206   24.0   3.117   3.140 |    0.000  -0.000   0.000  -0.000 |  -12.284  -7.974   2.206
  43B   0.00241415 0.10  0.539  -187.578318   24.0   3.117   3.140 |    0.000  -0.000   0.000  -0.000 |  -12.284  -7.974   1.482
  44B   0.00256502 0.10  0.539  -187.578152   24.0   3.117   3.140 |    0.000  -0.000   0.000  -0.000 |  -12.284  -7.974   1.007
  45B   0.00201281 0.11  0.539  -187.577547   24.0   3.117   3.140 |    0.000  -0.000   0.000  -0.000 |  -12.284  -7.974   1.286
  46B   0.00166417 0.13  0.539  -187.577616   24.0   3.117   3.140 |    0.000  -0.000   0.000  -0.000 |  -12.284  -7.974   1.579
  47B   0.00124463 0.14  0.539  -187.577059   24.0   3.117   3.140 |    0.000  -0.000   0.000  -0.000 |  -12.284  -7.974   1.440
  48B   0.00068413 0.16  0.539  -187.576966   24.0   3.117   3.140 |    0.000   0.000   0.000   0.000 |  -12.284  -7.974   0.832
  49B   0.00069269 0.10  0.539  -187.576965   24.0   3.117   3.140 |    0.000  -0.000   0.000  -0.000 |  -12.284  -7.974   2.359
  50B   0.00050014 0.11  0.539  -187.577048   24.0   3.117   3.140 |    0.000  -0.000   0.000  -0.000 |  -12.284  -7.974   2.876
  51B   0.00029081 0.13  0.539  -187.577140   24.0   3.117   3.140 |    0.000  -0.000   0.000  -0.000 |  -12.284  -7.974   2.457
  52B   0.00025166 0.14  0.539  -187.577219   24.0   3.117   3.140 |    0.000  -0.000   0.000  -0.000 |  -12.284  -7.974   1.058
  53B   0.00032497 0.10  0.539  -187.577277   24.0   3.117   3.140 |    0.000  -0.000   0.000  -0.000 |  -12.284  -7.974   0.752
  54B   0.00014887 0.11  0.539  -187.577271   24.0   3.117   3.140 |    0.000  -0.000   0.000  -0.000 |  -12.284  -7.974   0.751
  55B   0.00021430 0.10  0.539  -187.577274   24.0   3.117   3.140 |    0.000  -0.000   0.000  -0.000 |  -12.284  -7.974   1.297
  56B   0.00007148 0.11  0.539  -187.577299   24.0   3.117   3.140 |    0.000  -0.000   0.000  -0.000 |  -12.284  -7.974   2.262
  57B   0.00006205 0.13  0.539  -187.577295   24.0   3.117   3.140 |    0.000  -0.000   0.000  -0.000 |  -12.284  -7.974   1.029
  58B   0.00005193 0.14  0.539  -187.577291   24.0   3.117   3.140 |    0.000  -0.000   0.000  -0.000 |  -12.284  -7.974   0.831
  59B   0.00004890 0.16  0.539  -187.577289   24.0   3.117   3.140 |    0.000  -0.000   0.000  -0.000 |  -12.284  -7.974   0.866
  60B   0.00003689 0.18  0.539  -187.577284   24.0   3.117   3.140 |    0.000  -0.000   0.000  -0.000 |  -12.284  -7.974   2.690
  61B   0.00003307 0.21  0.539  -187.577275   24.0   3.117   3.140 |    0.000  -0.000   0.000  -0.000 |  -12.284  -7.974   2.273
  62B   0.00002752 0.24  0.539  -187.577266   24.0   3.117   3.140 |    0.000  -0.000   0.000  -0.000 |  -12.284  -7.974   2.203
  63B   0.00004892 0.10  0.539  -187.577265   24.0   3.117   3.140 |    0.000   0.000   0.000   0.000 |  -12.284  -7.974   4.361
  64B   0.00002016 0.11  0.539  -187.577259   24.0   3.117   3.140 |    0.000   0.000   0.000   0.000 |  -12.284  -7.974   1.819
  65B   0.00001854 0.13  0.539  -187.577260   24.0   3.117   3.140 |    0.000   0.000   0.000   0.000 |  -12.284  -7.974   2.206
  66B   0.00001592 0.14  0.539  -187.577261   24.0   3.117   3.140 |    0.000  -0.000   0.000  -0.000 |  -12.284  -7.974   4.036
  67B   0.00001292 0.16  0.539  -187.577262   24.0   3.117   3.140 |    0.000  -0.000   0.000  -0.000 |  -12.284  -7.974   2.574
  68B   0.00000992 0.18  0.539  -187.577264   24.0   3.117   3.140 |    0.000  -0.000   0.000  -0.000 |  -12.284  -7.974   0.978
  69B   0.00000676 0.21  0.539  -187.577265   24.0   3.117   3.140 |    0.000  -0.000   0.000  -0.000 |  -12.284  -7.974   0.832
  70B   0.00000825 0.10  0.539  -187.577267   24.0   3.117   3.140 |    0.000  -0.000   0.000  -0.000 |  -12.284  -7.974   0.817
  71B   0.00000325 0.11  0.539  -187.577268   24.0   3.117   3.140 |    0.000  -0.000   0.000  -0.000 |  -12.284  -7.974   0.917
  72B   0.00000575 0.10  0.539  -187.577269   24.0   3.117   3.140 |    0.000  -0.000   0.000  -0.000 |  -12.284  -7.974   2.407
  73B   0.00000241 0.11  0.539  -187.577269   24.0   3.117   3.140 |    0.000  -0.000   0.000  -0.000 |  -12.284  -7.974   3.819
  74B   0.00000234 0.13  0.539  -187.577269   24.0   3.117   3.140 |    0.000  -0.000   0.000  -0.000 |  -12.284  -7.974   3.339
  75B   0.00000187 0.14  0.539  -187.577269   24.0   3.117   3.140 |    0.000  -0.000   0.000  -0.000 |  -12.284  -7.974   2.558
  76B   0.00000162 0.16  0.539  -187.577269   24.0   3.117   3.140 |    0.000  -0.000   0.000  -0.000 |  -12.284  -7.974   1.685
  77B   0.00000124 0.18  0.539  -187.577268   24.0   3.117   3.140 |    0.000  -0.000   0.000  -0.000 |  -12.284  -7.974   3.490
  78B   0.00000134 0.10  0.539  -187.577268   24.0   3.117   3.140 |    0.000  -0.000   0.000  -0.000 |  -12.284  -7.974   3.171
  79B   0.00000110 0.11  0.539  -187.577268   24.0   3.117   3.140 |    0.000  -0.000   0.000  -0.000 |  -12.284  -7.974   3.725
  80B   0.00000047 0.13  0.539  -187.577268   24.0   3.117   3.140 |    0.000  -0.000   0.000  -0.000 |  -12.284  -7.974   1.582
  81B   0.00000077 0.10  0.539  -187.577268   24.0   3.117   3.140 |    0.000  -0.000   0.000  -0.000 |  -12.284  -7.974   2.340
  82B   0.00000046 0.11  0.539  -187.577268   24.0   3.117   3.140 |    0.000  -0.000   0.000   0.000 |  -12.284  -7.974   3.834
  83B   0.00000043 0.13  0.539  -187.577268   24.0   3.117   3.140 |    0.000   0.000   0.000  -0.000 |  -12.284  -7.974   2.269
  84B   0.00000048 0.10  0.539  -187.577268   24.0   3.117   3.140 |    0.000  -0.000   0.000   0.000 |  -12.284  -7.974   3.045
  85B   0.00000039 0.11  0.539  -187.577268   24.0   3.117   3.140 |    0.000   0.000   0.000  -0.000 |  -12.284  -7.974   3.678
  86B   0.00000028 0.13  0.539  -187.577268   24.0   3.117   3.140 |    0.000  -0.000   0.000  -0.000 |  -12.284  -7.974   3.749
  87B   0.00000023 0.14  0.539  -187.577268   24.0   3.117   3.140 |    0.000   0.000   0.000   0.000 |  -12.284  -7.974   3.315
  88B   0.00000025 0.10  0.539  -187.577268   24.0   3.117   3.140 |    0.000   0.000   0.000   0.000 |  -12.284  -7.974   3.932
  89B   0.00000019 0.11  0.539  -187.577268   24.0   3.117   3.140 |    0.000   0.000   0.000   0.000 |  -12.284  -7.974   3.804
  90B   0.00000011 0.13  0.539  -187.577268   24.0   3.117   3.140 |    0.000  -0.000   0.000   0.000 |  -12.284  -7.974   2.966
  91B   0.00000006 0.14  0.539  -187.577268   24.0   3.117   3.140 |    0.000  -0.000   0.000   0.000 |  -12.284  -7.974   3.773
  92B   0.00000006 0.10  0.539  -187.577268   24.0   3.117   3.140 |    0.000   0.000   0.000   0.000 |  -12.284  -7.974   3.587
  93B   0.00000005 0.11  0.539  -187.577268   24.0   3.117   3.140 |    0.000  -0.000   0.000   0.000 |  -12.284  -7.974   3.673
  94B   0.00000004 0.13  0.539  -187.577268   24.0   3.117   3.140 |    0.000  -0.000   0.000   0.000 |  -12.284  -7.974   3.520
  95B   0.00000003 0.14  0.539  -187.577268   24.0   3.117   3.140 |    0.000  -0.000   0.000   0.000 |  -12.284  -7.974   3.778
  96B   0.00000002 0.16  0.539  -187.577268   24.0   3.117   3.140 |    0.000   0.000   0.000   0.000 |  -12.284  -7.974   3.760
  97B   0.00000003 0.10  0.539  -187.577268   24.0   3.117   3.140 |    0.000   0.000   0.000   0.000 |  -12.284  -7.974   3.428
  98B   0.00000002 0.11  0.539  -187.577268   24.0   3.117   3.140 |    0.000  -0.000   0.000   0.000 |  -12.284  -7.974   2.873
  99B   0.00000001 0.13  0.539  -187.577268   24.0   3.117   3.140 |    0.000   0.000   0.000  -0.000 |  -12.284  -7.974   3.425
 100B   0.00000001 0.14  0.539  -187.577268   24.0   3.117   3.140 |    0.000  -0.000   0.000   0.000 |  -12.284  -7.974   2.264
 101B   0.00000001 0.16  0.539  -187.577268   24.0   3.117   3.140 |    0.000  -0.000   0.000   0.000 |  -12.284  -7.974   3.187
 102B   0.00000001 0.18  0.539  -187.577268   24.0   3.117   3.140 |    0.000  -0.000   0.000   0.000 |  -12.284  -7.974   3.158
 103B   0.00000001 0.21  0.539  -187.577268   24.0   3.117   3.140 |    0.000  -0.000   0.000   0.000 |  -12.284  -7.974   2.558
 104B   0.00000000 0.24  0.539  -187.577268   24.0   3.117   3.140 |    0.000  -0.000   0.000   0.000 |  -12.284  -7.974   2.335
 105B   0.00000000 0.27  0.539  -187.577268   24.0   3.117   3.140 |    0.000   0.000   0.000   0.000 |  -12.284  -7.974   3.097
 106B   0.00000000 0.10  0.539  -187.577268   24.0   3.117   3.140 |    0.000  -0.000   0.000   0.000 |  -12.284  -7.974   3.540
 107B   0.00000000 0.11  0.539  -187.577268   24.0   3.117   3.140 |    0.000   0.000   0.000  -0.000 |  -12.284  -7.974   3.714
 108B   0.00000000 0.13  0.539  -187.577268   24.0   3.117   3.140 |    0.000   0.000   0.000   0.000 |  -12.284  -7.974   2.315
 109B   0.00000000 0.14  0.539  -187.577268   24.0   3.117   3.140 |    0.000   0.000   0.000  -0.000 |  -12.284  -7.974   2.565
 110B   0.00000000 0.16  0.539  -187.577268   24.0   3.117   3.140 |    0.000  -0.000   0.000  -0.000 |  -12.284  -7.974   2.434
  ----------------------------------------------------------------------------------------------------------------------------------
  *   iteration converged   after 110 steps   si=     0.0000000009 ho=  0 tho=  0
  ----------------------------------------------------------------------------------------------------------------------------------
  Total CPU time=   4.642 minutes

  Writing to wel_file: s012_012.hel
 __________________________________  
  The tape s012_012.hel recorded:     
  nucname,npr,ngh,ngl,n00,nb,nt      
  b0,beta0,si,etot,rms,bet,xmix      
  pairing:     CpV0,CpV1,pwi         
  delta:       del,ept               
  lambda:      ala,ala2,alast,tz     
  asymptotic:  varmas,ass,skass      
  ntx,nb,nhhdim,id,N_rz,n_r,n_z      
  Omega2,Sigma2,Parity,Lambda        
  matrices(inbro):    hh,de          
  *all blocking candidates           
 __________________________________  



 #quasiparticle energies neutrons
 --------------------------------
  eqp(k) -> q.p. energy 
  e(k)   -> referent s.p. energy 
  p(k)   -> occ.probability 
  del(k) -> referent s.p. gap 
  fermi energy alast=  -12.283959829029696     
  #k  block#    eqp(k)     e(k)       (1-2N)E      decay        p(k)        del(k)    overl      labels
   1    1     3.080047   -9.203913    3.080047    1.721570    0.00000000   0.0000   0.8159  1+[ 2, 1, 1]
   2    1     5.591125  -17.875085   -5.591125    1.856934    1.00000000   0.0000   0.7773  1+[ 2, 2, 0]
   3    1     7.272936   -5.011023    7.272936    1.942327    0.00000000   0.0000   0.9008  1+[ 2, 0, 0]
   4    1    13.670555    1.386595   13.670555    2.237582    0.00000000   0.0000   0.5840  1+[ 4, 4, 0]
   5    1    19.657823    7.373863   19.657823    2.482287    0.00000000   0.0000   0.4897  1+[ 4, 3, 1]
   6    1    21.463383  -33.747343  -21.463383    2.551480    1.00000000   0.0000   0.9534  1+[ 0, 0, 0]
   7    1    22.691148   10.407188   22.691148    2.597478    0.00000000   0.0000   0.5052  1+[ 4, 2, 0]
   8    1    25.416297   13.132337   25.416297    2.696774    0.00000000   0.0000   0.5573  1+[ 4, 0, 0]
   9    1    27.066385   14.782425   27.066385    2.755159    0.00000000   0.0000   0.5231  1+[ 4, 1, 1]
  10    1    33.667580   21.383620   33.667580    2.977299    0.00000000   0.0000   0.5487  1+[ 8, 8, 0]
  11    1    38.535638   26.251679   38.535638    3.131036    0.00000000   0.0000   0.3970  1+[ 4, 2, 0]
  12    1    41.656887   29.372927   41.656887    3.225754    0.00000000   0.0000   0.3453  1+[ 8, 5, 1]
  13    1    42.020737   29.736777   42.020737    3.236616    0.00000000   0.0000   0.5025  1+[ 6, 2, 0]
  14    1    44.930715   32.646755   44.930715    3.322203    0.00000000   0.0000   0.5871  1+[ 4, 1, 1]
  15    1    45.257861   32.973901   45.257861    3.331687    0.00000000   0.0000   0.4033  1+[ 6, 1, 1]
  16    1    47.234035   34.950075   47.234035    3.388415    0.00000000   0.0000   0.6893  1+[ 4, 0, 0]
  17    1    59.734079   47.450119   59.734079    3.727289    0.00000000   0.0000   0.4570  1+[ 6, 6, 0]
  18    1    64.849227   52.565267   64.849227    3.857386    0.00000000   0.0000   0.3803  1+[ 8, 4, 0]
  19    1    66.078958   53.794998   66.078958    3.888013    0.00000000   0.0000   0.4216  1+[ 8, 6, 0]
  20    1    68.550244   56.266284   68.550244    3.948844    0.00000000   0.0000   0.4532  1+[ 8, 3, 1]
  21    1    70.117239   57.833279   70.117239    3.986935    0.00000000   0.0000   0.4218  1+[ 6, 2, 0]
  22    1    71.719265   59.435305   71.719265    4.025505    0.00000000   0.0000   0.4452  1+[ 6, 5, 1]
  23    2     3.514412   -8.769548    3.514412    1.745736    0.00000000   0.0000   0.7034  1-[ 3, 3, 0]
  24    2     4.674637  -16.958597   -4.674637    1.808704    1.00000000   0.0000   0.9334  1-[ 1, 0, 1]
  25    2    11.153765   -1.130195   11.153765    2.126327    0.00000000   0.0000   0.6289  1-[ 3, 2, 1]
  26    2    14.464572  -26.748532  -14.464572    2.271551    1.00000000   0.0000   0.9086  1-[ 1, 1, 0]
  27    2    15.266926    2.982966   15.266926    2.305368    0.00000000   0.0000   0.7377  1-[ 3, 1, 0]
  28    2    20.553738    8.269778   20.553738    2.516858    0.00000000   0.0000   0.7921  1-[ 3, 0, 1]
  29    2    24.713983   12.430023   24.713983    2.671537    0.00000000   0.0000   0.5320  1-[ 7, 7, 0]
  30    2    29.836969   17.553009   29.836969    2.850502    0.00000000   0.0000   0.4786  1-[ 5, 3, 0]
  31    2    32.986313   20.702353   32.986313    2.955146    0.00000000   0.0000   0.3763  1-[ 5, 3, 0]
  32    2    34.138093   21.854134   34.138093    2.992503    0.00000000   0.0000   0.6179  1-[ 5, 1, 0]
  33    2    37.013214   24.729254   37.013214    3.083780    0.00000000   0.0000   0.4750  1-[ 5, 2, 1]
  34    2    37.797386   25.513426   37.797386    3.108210    0.00000000   0.0000   0.5822  1-[ 5, 0, 1]
  35    2    49.008641   36.724681   49.008641    3.438559    0.00000000   0.0000   0.4687  1-[ 5, 5, 0]
  36    2    54.610783   42.326823   54.610783    3.592265    0.00000000   0.0000   0.4617  1-[ 5, 3, 0]
  37    2    55.700654   43.416694   55.700654    3.621410    0.00000000   0.0000   0.5049  1-[ 7, 3, 0]
  38    2    59.266149   46.982189   59.266149    3.715160    0.00000000   0.0000   0.4524  1-[ 5, 4, 1]
  39    2    59.904006   47.620047   59.904006    3.731684    0.00000000   0.0000   0.4565  1-[ 7, 2, 1]
  40    2    61.268113   48.984153   61.268113    3.766777    0.00000000   0.0000   0.3871  1-[ 5, 1, 0]
  41    2    63.202915   50.918955   63.202915    3.815998    0.00000000   0.0000   0.4907  1-[ 5, 1, 0]
  42    2    67.018293   54.734333   67.018293    3.911247    0.00000000   0.0000   0.6773  1-[ 5, 0, 1]
  43    3     1.560566  -13.844525   -1.560566    1.634224    1.00000000   0.0000   0.9066  3+[ 2, 1, 1]
  44    3    10.720042   -1.563918   10.720042    2.106561    0.00000000   0.0000   0.9039  3+[ 2, 0, 2]
  45    3    16.754081    4.470121   16.754081    2.366770    0.00000000   0.0000   0.7056  3+[ 4, 3, 1]
  46    3    24.061577   11.777617   24.061577    2.647878    0.00000000   0.0000   0.6393  3+[ 4, 1, 1]
  47    3    26.053456   13.769496   26.053456    2.719467    0.00000000   0.0000   0.5020  3+[ 4, 2, 2]
  48    3    28.778131   16.494171   28.778131    2.814446    0.00000000   0.0000   0.5946  3+[ 4, 0, 2]
  49    3    36.143810   23.859851   36.143810    3.056467    0.00000000   0.0000   0.5244  3+[ 8, 7, 1]
  50    3    42.193923   29.909963   42.193923    3.241773    0.00000000   0.0000   0.5328  3+[ 6, 3, 1]
  51    3    42.682386   30.398427   42.682386    3.256273    0.00000000   0.0000   0.5184  3+[ 6, 1, 1]
  52    3    44.426430   32.142470   44.426430    3.307530    0.00000000   0.0000   0.5226  3+[ 4, 2, 2]
  53    3    45.798660   33.514700   45.798660    3.347307    0.00000000   0.0000   0.5003  3+[ 6, 2, 2]
  54    3    49.681052   37.397093   49.681052    3.457369    0.00000000   0.0000   0.7159  3+[ 4, 0, 2]
  55    3    60.964279   48.680319   60.964279    3.758989    0.00000000   0.0000   0.5002  3+[ 6, 5, 1]
  56    3    65.839144   53.555184   65.839144    3.882059    0.00000000   0.0000   0.5137  3+[ 8, 3, 1]
  57    3    68.101106   55.817146   68.101106    3.937859    0.00000000   0.0000   0.5684  3+[ 6, 3, 1]
  58    3    68.928820   56.644860   68.928820    3.958080    0.00000000   0.0000   0.5038  3+[ 8, 4, 2]
  59    4     7.343051   -4.940909    7.343051    1.945806    0.00000000   0.0000   0.8096  3-[ 3, 2, 1]
  60    4     8.772884  -21.056844   -8.772884    2.015436    1.00000000   0.0000   0.9551  3-[ 1, 0, 1]
  61    4    17.966525    5.682565   17.966525    2.415675    0.00000000   0.0000   0.7486  3-[ 3, 1, 2]
  62    4    19.429361    7.145401   19.429361    2.473394    0.00000000   0.0000   0.7661  3-[ 3, 0, 1]
  63    4    27.486942   15.202982   27.486942    2.769843    0.00000000   0.0000   0.6295  3-[ 5, 4, 1]
  64    4    33.576363   21.292404   33.576363    2.974343    0.00000000   0.0000   0.6437  3-[ 5, 2, 1]
  65    4    35.849281   23.565321   35.849281    3.047158    0.00000000   0.0000   0.4470  3-[ 5, 3, 2]
  66    4    36.464614   24.180654   36.464614    3.066574    0.00000000   0.0000   0.6017  3-[ 5, 0, 1]
  67    4    38.230117   25.946157   38.230117    3.121610    0.00000000   0.0000   0.6155  3-[ 5, 1, 2]
  68    4    50.699483   38.415523   50.699483    3.485665    0.00000000   0.0000   0.5303  3-[ 7, 6, 1]
  69    4    56.070994   43.787034   56.070994    3.631261    0.00000000   0.0000   0.4932  3-[ 7, 2, 1]
  70    4    58.192373   45.908414   58.192373    3.687178    0.00000000   0.0000   0.5494  3-[ 5, 2, 1]
  71    4    60.315350   48.031390   60.315350    3.742301    0.00000000   0.0000   0.5881  3-[ 7, 3, 2]
  72    4    61.809596   49.525636   61.809596    3.780617    0.00000000   0.0000   0.5512  3-[ 5, 3, 2]
  73    4    65.407630   53.123670   65.407630    3.871323    0.00000000   0.0000   0.6431  3-[ 5, 0, 1]
  74    4    65.867318   53.583358   65.867318    3.882759    0.00000000   0.0000   0.6315  3-[ 5, 1, 2]
  75    5     4.219860   -8.064100    4.219860    1.784287    0.00000000   0.0000   0.9582  5+[ 2, 0, 2]
  76    5    20.679173    8.395213   20.679173    2.521661    0.00000000   0.0000   0.7964  5+[ 4, 2, 2]
  77    5    26.592405   14.308445   26.592405    2.738516    0.00000000   0.0000   0.6986  5+[ 4, 0, 2]
  78    5    29.820550   17.536590   29.820550    2.849947    0.00000000   0.0000   0.7126  5+[ 4, 1, 3]
  79    5    38.775615   26.491655   38.775615    3.138420    0.00000000   0.0000   0.4617  5+[ 6, 4, 2]
  80    5    43.152165   30.868205   43.152165    3.270159    0.00000000   0.0000   0.5790  5+[ 6, 2, 2]
  81    5    46.641448   34.357488   46.641448    3.371504    0.00000000   0.0000   0.6584  5+[ 4, 0, 2]
  82    5    46.891121   34.607161   46.891121    3.378639    0.00000000   0.0000   0.5160  5+[ 6, 3, 3]
  83    5    47.358070   35.074111   47.358070    3.391944    0.00000000   0.0000   0.6118  5+[ 4, 1, 3]
  84    5    62.775149   50.491189   62.775149    3.805171    0.00000000   0.0000   0.5042  5+[ 6, 4, 2]
  85    5    66.662905   54.378945   66.662905    3.902473    0.00000000   0.0000   0.4666  5+[ 8, 4, 2]
  86    5    69.597934   57.313974   69.597934    3.974352    0.00000000   0.0000   0.5875  5+[ 8, 3, 3]
  87    5    70.181642   57.897682   70.181642    3.988493    0.00000000   0.0000   0.6191  5+[ 6, 2, 2]
  88    6    11.895162   -0.388798   11.895162    2.159696    0.00000000   0.0000   0.9132  5-[ 3, 1, 2]
  89    6    23.898268   11.614309   23.898268    2.641923    0.00000000   0.0000   0.8326  5-[ 3, 0, 3]
  90    6    30.813321   18.529361   30.813321    2.883350    0.00000000   0.0000   0.7061  5-[ 5, 3, 2]
  91    6    35.065325   22.781365   35.065325    3.022241    0.00000000   0.0000   0.7386  5-[ 5, 1, 2]
  92    6    39.253618   26.969658   39.253618    3.153076    0.00000000   0.0000   0.6626  5-[ 5, 2, 3]
  93    6    40.343699   28.059739   40.343699    3.186247    0.00000000   0.0000   0.5984  5-[ 5, 0, 3]
  94    6    52.906868   40.622908   52.906868    3.546220    0.00000000   0.0000   0.5281  5-[ 7, 5, 2]
  95    6    56.863196   44.579236   56.863196    3.652242    0.00000000   0.0000   0.5982  5-[ 7, 3, 2]
  96    6    61.064782   48.780822   61.064782    3.761567    0.00000000   0.0000   0.5834  5-[ 7, 1, 2]
  97    6    61.274010   48.990050   61.274010    3.766928    0.00000000   0.0000   0.5499  5-[ 7, 2, 3]
  98    6    64.074062   51.790102   64.074062    3.837954    0.00000000   0.0000   0.5943  5-[ 5, 2, 3]
  99    6    69.884250   57.600290   69.884250    3.981295    0.00000000   0.0000   0.6896  5-[ 5, 0, 3]
 100    7    25.360628   13.076668   25.360628    2.694782    0.00000000   0.0000   0.8700  7+[ 4, 1, 3]
 101    7    33.409243   21.125283   33.409243    2.968918    0.00000000   0.0000   0.6871  7+[ 4, 0, 4]
 102    7    41.561864   29.277904   41.561864    3.222912    0.00000000   0.0000   0.5255  7+[ 6, 1, 3]
 103    7    44.560113   32.276153   44.560113    3.311426    0.00000000   0.0000   0.5885  7+[ 6, 3, 3]
 104    7    48.403373   36.119413   48.403373    3.421539    0.00000000   0.0000   0.6291  7+[ 6, 2, 4]
 105    7    51.150493   38.866533   51.150493    3.498123    0.00000000   0.0000   0.6932  7+[ 4, 0, 4]
 106    7    65.096640   52.812680   65.096640    3.863567    0.00000000   0.0000   0.5659  7+[ 8, 3, 3]
 107    7    67.832817   55.548857   67.832817    3.931282    0.00000000   0.0000   0.5590  7+[ 8, 5, 3]
 108    7    70.584583   58.300623   70.584583    3.998225    0.00000000   0.0000   0.5534  7+[ 8, 2, 4]
 109    7    72.293528   60.009569   72.293528    4.039241    0.00000000   0.0000   0.6563  7+[ 6, 1, 3]
 110    8    18.069917    5.785957   18.069917    2.419800    0.00000000   0.0000   0.9418  7-[ 3, 0, 3]
 111    8    34.750951   22.466991   34.750951    3.012192    0.00000000   0.0000   0.7285  7-[ 5, 2, 3]
 112    8    36.632307   24.348347   36.632307    3.071843    0.00000000   0.0000   0.7124  7-[ 5, 0, 3]
 113    8    41.878015   29.594055   41.878015    3.232360    0.00000000   0.0000   0.7390  7-[ 5, 1, 4]
 114    8    55.547367   43.263407   55.547367    3.617325    0.00000000   0.0000   0.5772  7-[ 7, 2, 3]
 115    8    58.189342   45.905382   58.189342    3.687098    0.00000000   0.0000   0.5888  7-[ 7, 4, 3]
 116    8    62.567875   50.283916   62.567875    3.799913    0.00000000   0.0000   0.6442  7-[ 7, 3, 4]
 117    8    64.192122   51.908162   64.192122    3.840920    0.00000000   0.0000   0.6274  7-[ 5, 0, 3]
 118    8    66.875975   54.592015   66.875975    3.907735    0.00000000   0.0000   0.6318  7-[ 5, 1, 4]
 119    9    30.632170   18.348210   30.632170    2.877284    0.00000000   0.0000   0.8377  9+[ 4, 0, 4]
 120    9    44.860406   32.576446   44.860406    3.320161    0.00000000   0.0000   0.6275  9+[ 6, 0, 4]
 121    9    46.575212   34.291252   46.575212    3.369609    0.00000000   0.0000   0.7227  9+[ 6, 2, 4]
 122    9    50.146178   37.862218   50.146178    3.470320    0.00000000   0.0000   0.6808  9+[ 6, 1, 5]
 123    9    67.820114   55.536154   67.820114    3.930970    0.00000000   0.0000   0.7482  9+[ 8, 2, 4]
 124    9    69.553639   57.269679   69.553639    3.973277    0.00000000   0.0000   0.6518  9+[ 8, 4, 4]
 125    9    71.770186   59.486226   71.770186    4.026725    0.00000000   0.0000   0.6739  9+[ 8, 3, 5]
 126   10    38.901083   26.617123   38.901083    3.142273    0.00000000   0.0000   0.8492  9-[ 5, 1, 4]
 127   10    44.543154   32.259194   44.543154    3.310932    0.00000000   0.0000   0.7255  9-[ 5, 0, 5]
 128   10    58.734746   46.450786   58.734746    3.701338    0.00000000   0.0000   0.7865  9-[ 7, 1, 4]
 129   10    60.184879   47.900919   60.184879    3.738936    0.00000000   0.0000   0.7712  9-[ 7, 3, 4]
 130   10    64.207018   51.923058   64.207018    3.841294    0.00000000   0.0000   0.7723  9-[ 7, 2, 5]
 131   10    70.493603   58.209643   70.493603    3.996030    0.00000000   0.0000   0.6736  9-[ 5, 0, 5]
 132   11    48.816269   36.532309   48.816269    3.433158    0.00000000   0.0000   0.7512 11+[ 6, 1, 5]
 133   11    51.928586   39.644627   51.928586    3.519511    0.00000000   0.0000   0.6721 11+[ 6, 0, 6]
 134   11    70.174919   57.890959   70.174919    3.988330    0.00000000   0.0000   0.6420 11+[ 8, 3, 5]
 135   12    42.767567   30.483608   42.767567    3.258796    0.00000000   0.0000   0.8107 11-[ 5, 0, 5]
 136   12    62.170818   49.886859   62.170818    3.789821    0.00000000   0.0000   0.7382 11-[ 7, 2, 5]
 137   12    63.785332   51.501372   63.785332    3.830691    0.00000000   0.0000   0.5809 11-[ 7, 0, 5]
 138   12    65.968842   53.684882   65.968842    3.885280    0.00000000   0.0000   0.8265 11-[ 7, 1, 6]
 139   13    51.129458   38.845498   51.129458    3.497543    0.00000000   0.0000   0.7170 13+[ 6, 0, 6]
 140   13    72.031656   59.747696   72.031656    4.032983    0.00000000   0.0000   0.7901 13+[ 8, 2, 6]
 141   14    64.767120   52.483160   64.767120    3.855332    0.00000000   0.0000   0.8561 13-[ 7, 1, 6]
 142   14    67.652135   55.368175   67.652135    3.926846    0.00000000   0.0000   0.8300 13-[ 7, 0, 7]
 143   16    67.014367   54.730407   67.014367    3.911150    0.00000000   0.0000   0.8414 15-[ 7, 0, 7]
#all active are  143 q.p. states out of  286
#since the cut off is pwi=  60.0
#check: number of neutrons=  12.0


 #canonical s.p. energies neutrons
 ---------------------------------


  labels -> {2*omega}{parity}[nn=nz+2*nr+nl,nz,nl]
  cqpe   -> canonical q.p. energies
  ce     -> canonical s.p. energies
  fermi energy=  -12.283959829029696     
  average cdelt=   2.9034816283551650E-020
  k0      ceqp        ce         v*v       u*v        cdel     overl      labels
   1   -1.328900   -1.328900   0.00000000   0.00000000   0.0000   0.5385  1+[ 2, 1, 1]
   2   10.965698   10.965698   0.00000000   0.00000000   0.0000   0.7257  1+[ 4, 4, 0]
   3   15.863236   15.863236   0.00000000   0.00000000  -0.0000   0.6197  1+[ 2, 0, 0]
   4   32.898747   32.898747   0.00000000   0.00000000   0.0000   0.7079  1+[ 4, 3, 1]
   5   46.232607   46.232607   0.00000000   0.00000000  -0.0000   0.4450  1+[ 6, 5, 1]
   6   50.380283   50.380283   0.00000000   0.00000000  -0.0000   0.4454  1+[ 6, 5, 1]
   7   47.880977   47.880977   0.00000000   0.00000000   0.0000   0.4375  1+[ 6, 5, 1]
   8   53.319203   53.319203   0.00000000   0.00000000  -0.0000   0.6120  1+[ 8, 4, 0]
  15   54.195868   54.195868   0.00000000   0.00000000   0.0000   0.4490  1+[ 8, 2, 0]
  17   54.467133   54.467133   0.00000000   0.00000000   0.0000   0.5219  1+[ 8, 5, 1]
  19   54.666306   54.666306   0.00000000   0.00000000   0.0000   0.7219  1+[ 6, 1, 1]
  28   51.448418   51.448418   0.00000000   0.00000000  -0.0000   0.4074  1+[ 8, 1, 1]
  29   59.217348   59.217348   0.00000000   0.00000000   0.0000   0.3804  1+[10, 8, 0]
  30   39.259134   39.259134   0.00000000   0.00000000  -0.0000   0.4588  1+[ 6, 4, 0]
  31   47.506539   47.506539   0.00000000   0.00000000  -0.0000   0.8441  1+[ 8, 8, 0]
  32   22.987416   22.987416   0.00000000   0.00000000   0.0000   0.9042  1+[ 4, 2, 0]
  33   27.384040   27.384040   0.00000000   0.00000000   0.0000   0.5185  1+[ 2, 0, 0]
  34   23.868255   23.868255   0.00000000   0.00000000  -0.0000   0.8011  1+[ 6, 6, 0]
  35    3.862920  -28.430839   1.00000000   0.00000002  -0.0000   0.9255  1+[ 0, 0, 0]
  36   -1.376331  -23.191588   1.00000000   0.00000000   0.0000   0.7983  1+[ 2, 2, 0]
  37    5.493312    5.493312   0.00000000   0.00000000   0.0000   0.8555  1-[ 3, 2, 1]
  38   28.270351   28.270351   0.00000000   0.00000000   0.0000   0.6294  1-[ 5, 4, 1]
  39   26.573388   26.573388   0.00000000   0.00000000   0.0000   0.6265  1-[ 5, 5, 0]
  40   23.393035   23.393035   0.00000000   0.00000000   0.0000   0.5899  1-[ 5, 4, 1]
  41   44.485631   44.485631   0.00000000   0.00000000  -0.0000   0.6451  1-[ 7, 0, 1]
  42   59.206791   59.206791   0.00000000   0.00000000  -0.0000   0.5563  1-[ 5, 0, 1]
  43   57.430745   57.430745   0.00000000   0.00000000   0.0000   0.5277  1-[ 9, 0, 1]
  44   51.164880   51.164880   0.00000000   0.00000000   0.0000   0.5757  1-[ 7, 2, 1]
  47   49.501215   49.501215   0.00000000   0.00000000   0.0000   0.6336  1-[ 5, 3, 0]
  49   48.195006   48.195006   0.00000000   0.00000000  -0.0000   0.5138  1-[ 7, 5, 0]
  52   53.791004   53.791004   0.00000000   0.00000000  -0.0000   0.7397  1-[ 7, 3, 0]
  57   48.834411   48.834411   0.00000000   0.00000000   0.0000   0.6044  1-[ 5, 3, 0]
  59   49.579187   49.579187   0.00000000   0.00000000  -0.0000   0.5409  1-[ 7, 7, 0]
  60   55.508284   55.508284   0.00000000   0.00000000  -0.0000   0.5397  1-[ 7, 6, 1]
  61   37.755258   37.755258   0.00000000   0.00000000   0.0000   0.4373  1-[ 5, 0, 1]
  62   16.037665   16.037665   0.00000000   0.00000000   0.0000   0.6863  1-[ 3, 1, 0]
  63   15.660288   15.660288   0.00000000   0.00000001  -0.0000   0.8077  1-[ 3, 0, 1]
  64   -0.132873   -0.132873   0.00000000   0.00000001  -0.0000   0.8372  1-[ 3, 3, 0]
  65   -2.826517  -21.741403   1.00000000   0.00000003  -0.0000   0.7707  1-[ 1, 0, 1]
  66   -2.602194  -21.965726   1.00000000   0.00000000   0.0000   0.7618  1-[ 1, 1, 0]
  67   39.170961   39.170961   0.00000000   0.00000000  -0.0000   0.6605  3+[ 6, 5, 1]
  68   51.306827   51.306827   0.00000000   0.00000000  -0.0000   0.6742  3+[ 6, 5, 1]
  69   46.243005   46.243005   0.00000000   0.00000000  -0.0000   0.5269  3+[ 4, 2, 2]
  70   54.839541   54.839541   0.00000000   0.00000000   0.0000   0.5114  3+[ 8, 7, 1]
  75   55.331708   55.331708   0.00000000   0.00000000   0.0000   0.8166  3+[ 6, 4, 2]
  76   50.599647   50.599647   0.00000000   0.00000000  -0.0000   0.6516  3+[ 4, 0, 2]
  88   55.866883   55.866883   0.00000000   0.00000000   0.0000   0.7334  3+[ 6, 1, 1]
  91   39.077424   39.077424   0.00000000   0.00000000   0.0000   0.5870  3+[ 4, 2, 2]
  92   57.419545   57.419545   0.00000000   0.00000000   0.0000   0.6197  3+[ 8, 3, 1]
  93   18.711441   18.711441   0.00000000   0.00000000   0.0000   0.8179  3+[ 4, 1, 1]
  94   10.456246   10.456246   0.00000000   0.00000001   0.0000   0.8188  3+[ 4, 3, 1]
  95    2.323116    2.323116   0.00000000   0.00000001  -0.0000   0.9627  3+[ 2, 0, 2]
  96  -10.723394  -13.844525   1.00000000   0.00000017   0.0000   0.9066  3+[ 2, 1, 1]
  97   16.080438   16.080438   0.00000000   0.00000000  -0.0000   0.7110  3-[ 3, 0, 1]
  98   15.733012   15.733012   0.00000000   0.00000000  -0.0000   0.6338  3-[ 3, 0, 1]
  99   50.860551   50.860551   0.00000000   0.00000000   0.0000   0.5608  3-[ 7, 4, 1]
 100   38.546323   38.546323   0.00000000   0.00000000   0.0000   0.5800  3-[ 7, 4, 1]
 103   58.517650   58.517650   0.00000000   0.00000000   0.0000   0.6570  3-[ 9, 2, 1]
 108   48.258575   48.258575   0.00000000   0.00000000   0.0000   0.8891  3-[ 7, 3, 2]
 109   53.138406   53.138406   0.00000000   0.00000000   0.0000   0.9949  3-[ 7, 5, 2]
 114   42.076043   42.076043   0.00000000   0.00000000   0.0000   0.7281  3-[ 5, 3, 2]
 115   47.571079   47.571079   0.00000000   0.00000000   0.0000   0.4758  3-[ 5, 1, 2]
 116   53.194522   53.194522   0.00000000   0.00000000   0.0000   0.5054  3-[ 7, 2, 1]
 117   55.470809   55.470809   0.00000000   0.00000000   0.0000   0.5926  3-[ 7, 0, 1]
 118   44.380816   44.380816   0.00000000   0.00000000  -0.0000   0.6601  3-[ 7, 6, 1]
 119    9.531875    9.531875   0.00000000   0.00000000   0.0000   0.6683  3-[ 5, 4, 1]
 120    6.997667    6.997667   0.00000000   0.00000001   0.0000   0.6767  3-[ 3, 1, 2]
 121   -3.511076  -21.056844   1.00000000   0.00000000  -0.0000   0.9551  3-[ 1, 0, 1]
 122   52.459123   52.459123   0.00000000   0.00000000   0.0000   0.5625  5+[ 6, 3, 3]
 123   57.532977   57.532977   0.00000000   0.00000000   0.0000   0.3994  5+[ 8, 3, 3]
 132   54.800446   54.800446   0.00000000   0.00000000  -0.0000   0.6112  5+[ 6, 3, 3]
 133   41.278354   41.278354   0.00000000   0.00000000   0.0000   0.6903  5+[ 4, 1, 3]
 134   56.406903   56.406903   0.00000000   0.00000000  -0.0000   0.5087  5+[10, 2, 2]
 137   45.553569   45.553569   0.00000000   0.00000000   0.0000   0.5884  5+[ 6, 0, 2]
 139   46.885226   46.885226   0.00000000   0.00000000   0.0000   0.5397  5+[ 8, 0, 2]
 140   43.703780   43.703780   0.00000000   0.00000000   0.0000   0.6047  5+[ 4, 1, 3]
 141   52.650230   52.650230   0.00000000   0.00000000  -0.0000   0.4391  5+[ 8, 6, 2]
 142   45.159672   45.159672   0.00000000   0.00000000   0.0000   0.5454  5+[ 8, 2, 2]
 143   35.907553   35.907553   0.00000000   0.00000000   0.0000   0.5707  5+[ 4, 2, 2]
 144   44.775826   44.775826   0.00000000   0.00000000  -0.0000   0.5569  5+[ 2, 0, 2]
 147   47.487431   47.487431   0.00000000   0.00000000  -0.0000   0.4962  5-[ 9, 4, 3]
 148   59.444993   59.444993   0.00000000   0.00000000  -0.0000   0.6766  5-[ 5, 0, 3]
 154   51.732266   51.732266   0.00000000   0.00000000  -0.0000   0.4038  5-[ 7, 4, 3]
 155   50.114973   50.114973   0.00000000   0.00000000   0.0000   0.6971  5-[ 5, 2, 3]
 159   59.884548   59.884548   0.00000000   0.00000000   0.0000   0.5727  5-[ 9, 6, 3]
 160   39.767262   39.767262   0.00000000   0.00000000   0.0000   0.4363  5-[ 3, 1, 2]
 161   40.774554   40.774554   0.00000000   0.00000000   0.0000   0.3900  5-[ 9, 0, 3]
 162   49.930203   49.930203   0.00000000   0.00000000   0.0000   0.7188  5-[ 5, 1, 2]
 163   18.875438   18.875438   0.00000000   0.00000000   0.0000   0.7731  5-[ 3, 1, 2]
 164   52.471647   52.471647   0.00000000   0.00000000   0.0000   0.4149  5-[ 9, 1, 2]
 165   49.269275   49.269275   0.00000000   0.00000000   0.0000   0.4698  5-[ 9, 7, 2]
 166   18.438973   18.438973   0.00000000   0.00000000  -0.0000   0.9602  5-[ 3, 0, 3]
 176   48.696209   48.696209   0.00000000   0.00000000  -0.0000   0.5835  7+[ 4, 1, 3]
 178   44.016852   44.016852   0.00000000   0.00000000   0.0000   0.6168  7+[ 6, 3, 3]
 179   45.336955   45.336955   0.00000000   0.00000000   0.0000   0.5307  7+[ 8, 5, 3]
 181   50.124744   50.124744   0.00000000   0.00000000   0.0000   0.5316  7+[ 4, 1, 3]
 183   37.902634   37.902634   0.00000000   0.00000000   0.0000   0.4085  7+[ 4, 1, 3]
 184   57.003719   57.003719   0.00000000   0.00000000  -0.0000   0.6112  7+[ 8, 0, 4]
 190   53.574544   53.574544   0.00000000   0.00000000  -0.0000   0.5105  7-[ 7, 3, 4]
 191   45.854481   45.854481   0.00000000   0.00000000   0.0000   0.5539  7-[ 7, 2, 3]
 194   42.972341   42.972341   0.00000000   0.00000000   0.0000   0.5822  7-[ 5, 2, 3]
 196   13.611434   13.611434   0.00000000   0.00000000  -0.0000   0.8854  7-[ 3, 0, 3]
 197   37.277524   37.277524   0.00000000   0.00000000   0.0000   0.7282  7-[ 5, 0, 3]
 200   40.806455   40.806455   0.00000000   0.00000000   0.0000   0.6710  7-[ 7, 0, 3]
 201   47.878806   47.878806   0.00000000   0.00000000   0.0000   0.4550  7-[ 5, 1, 4]
 203   58.929060   58.929060   0.00000000   0.00000000   0.0000   0.5201  9+[ 4, 0, 4]
 206   48.895688   48.895688   0.00000000   0.00000000   0.0000   0.5693  9+[ 6, 2, 4]
 212   54.803563   54.803563   0.00000000   0.00000000   0.0000   0.5404  9+[ 4, 0, 4]
 214   51.426939   51.426939   0.00000000   0.00000000   0.0000   0.5583  9+[ 8, 0, 4]
 216   59.567404   59.567404   0.00000000   0.00000000   0.0000   0.5582  9+[ 6, 0, 4]
 217   46.866287   46.866287   0.00000000   0.00000000   0.0000   0.6175  9+[ 6, 1, 5]
 218   58.627553   58.627553   0.00000000   0.00000000  -0.0000   0.5163  9+[ 4, 0, 4]
 224   56.534799   56.534799   0.00000000   0.00000000  -0.0000   0.7133  9-[ 5, 0, 5]
 225   59.815277   59.815277   0.00000000   0.00000000   0.0000   0.5940  9-[ 7, 1, 4]
 226   53.103688   53.103688   0.00000000   0.00000000  -0.0000   0.4877  9-[ 7, 3, 4]
 227   53.414749   53.414749   0.00000000   0.00000000   0.0000   0.6403  9-[ 5, 1, 4]
 229   46.153088   46.153088   0.00000000   0.00000000   0.0000   0.6179  9-[ 7, 2, 5]
 230   56.863551   56.863551   0.00000000   0.00000000   0.0000   0.6104  9-[ 5, 1, 4]
 241   50.175582   50.175582   0.00000000   0.00000000   0.0000   0.5661 11+[10, 3, 5]
 242   54.296260   54.296260   0.00000000   0.00000000   0.0000   0.4956 11+[ 6, 0, 6]
 244   57.957976   57.957976   0.00000000   0.00000000   0.0000   0.6296 11-[ 7, 0, 5]
 248   59.418850   59.418850   0.00000000   0.00000000  -0.0000   0.6754 11-[ 5, 0, 5]
 265   57.301931   57.301931   0.00000000   0.00000000   0.0000   0.7651 13-[ 7, 0, 7]
  Sum canonical e_v*V^2_k=  -260.46185031613487     


 #quasiparticle energies protons 
 --------------------------------
  eqp(k) -> q.p. energy 
  e(k)   -> referent s.p. energy 
  p(k)   -> occ.probability 
  del(k) -> referent s.p. gap 
  fermi energy alast=  -7.9744580757209871     
  #k  block#    eqp(k)     e(k)       (1-2N)E      decay        p(k)        del(k)    overl      labels
   1    1     3.141107   -4.833352    3.141107    1.464327    0.00000000   0.0000   0.8106  1+[ 2, 1, 1]
   2    1     5.415619  -13.390077   -5.415619    1.607178    1.00000000   0.0000   0.7700  1+[ 2, 2, 0]
   3    1     7.296653   -0.677805    7.296653    1.716357    0.00000000   0.0000   0.8904  1+[ 2, 0, 0]
   4    1    13.459297    5.484839   13.459297    2.033394    0.00000000   0.0000   0.5630  1+[ 4, 4, 0]
   5    1    19.218049   11.243591   19.218049    2.290325    0.00000000   0.0000   0.4756  1+[ 4, 3, 1]
   6    1    21.127241  -29.101699  -21.127241    2.369363    1.00000000   0.0000   0.9512  1+[ 0, 0, 0]
   7    1    22.046372   14.071914   22.046372    2.406488    0.00000000   0.0000   0.4782  1+[ 4, 2, 0]
   8    1    24.458751   16.484293   24.458751    2.501309    0.00000000   0.0000   0.5493  1+[ 4, 0, 0]
   9    1    26.186772   18.212314   26.186772    2.567079    0.00000000   0.0000   0.5135  1+[ 4, 1, 1]
  10    1    33.135700   25.161242   33.135700    2.816093    0.00000000   0.0000   0.5459  1+[ 8, 8, 0]
  11    1    38.009601   30.035143   38.009601    2.978352    0.00000000   0.0000   0.4133  1+[ 4, 2, 0]
  12    1    40.940371   32.965913   40.940371    3.071798    0.00000000   0.0000   0.3889  1+[ 6, 3, 1]
  13    1    41.267837   33.293379   41.267837    3.082063    0.00000000   0.0000   0.3997  1+[ 4, 3, 1]
  14    1    44.140061   36.165603   44.140061    3.170675    0.00000000   0.0000   0.4239  1+[ 6, 3, 1]
  15    1    44.406699   36.432241   44.406699    3.178776    0.00000000   0.0000   0.5942  1+[ 4, 1, 1]
  16    1    46.647986   38.673528   46.647986    3.246071    0.00000000   0.0000   0.7058  1+[ 4, 0, 0]
  17    1    59.425376   51.450918   59.425376    3.605802    0.00000000   0.0000   0.4515  1+[ 6, 6, 0]
  18    1    64.191249   56.216791   64.191249    3.731108    0.00000000   0.0000   0.4311  1+[ 8, 4, 0]
  19    1    65.508770   57.534311   65.508770    3.765013    0.00000000   0.0000   0.4591  1+[ 6, 4, 0]
  20    1    67.478000   59.503542   67.478000    3.815128    0.00000000   0.0000   0.4499  1+[ 8, 3, 1]
  21    2     3.581186   -4.393272    3.581186    1.493033    0.00000000   0.0000   0.6927  1-[ 3, 3, 0]
  22    2     4.458238  -12.432696   -4.458238    1.548656    1.00000000   0.0000   0.9303  1-[ 1, 0, 1]
  23    2    11.037069    3.062611   11.037069    1.915054    0.00000000   0.0000   0.6185  1-[ 3, 2, 1]
  24    2    14.225683  -22.200141  -14.225683    2.069428    1.00000000   0.0000   0.9059  1-[ 1, 1, 0]
  25    2    15.010140    7.035681   15.010140    2.105673    0.00000000   0.0000   0.7217  1-[ 3, 1, 0]
  26    2    19.911970   11.937512   19.911970    2.319364    0.00000000   0.0000   0.7674  1-[ 3, 0, 1]
  27    2    24.383642   16.409184   24.383642    2.498411    0.00000000   0.0000   0.5395  1-[ 7, 7, 0]
  28    2    29.419836   21.445378   29.419836    2.685809    0.00000000   0.0000   0.4615  1-[ 5, 3, 0]
  29    2    32.431720   24.457261   32.431720    2.791877    0.00000000   0.0000   0.3660  1-[ 5, 3, 0]
  30    2    33.337381   25.362923   33.337381    2.822992    0.00000000   0.0000   0.6037  1-[ 5, 1, 0]
  31    2    36.248991   28.274533   36.248991    2.920779    0.00000000   0.0000   0.4964  1-[ 5, 2, 1]
  32    2    37.133701   29.159243   37.133701    2.949850    0.00000000   0.0000   0.5575  1-[ 5, 0, 1]
  33    2    48.726047   40.751589   48.726047    3.307241    0.00000000   0.0000   0.4713  1-[ 5, 5, 0]
  34    2    54.386859   46.412401   54.386859    3.468407    0.00000000   0.0000   0.4563  1-[ 5, 3, 0]
  35    2    54.856421   46.881963   54.856421    3.481441    0.00000000   0.0000   0.4711  1-[ 7, 3, 0]
  36    2    58.796106   50.821648   58.796106    3.588930    0.00000000   0.0000   0.4816  1-[ 7, 4, 1]
  37    2    59.221065   51.246607   59.221065    3.600332    0.00000000   0.0000   0.4117  1-[ 5, 4, 1]
  38    2    60.927669   52.953211   60.927669    3.645766    0.00000000   0.0000   0.3948  1-[ 5, 1, 0]
  39    2    62.787353   54.812895   62.787353    3.694638    0.00000000   0.0000   0.5015  1-[ 5, 1, 0]
  40    2    66.658720   58.684262   66.658720    3.794359    0.00000000   0.0000   0.6878  1-[ 5, 0, 1]
  41    3     1.403156   -9.377614   -1.403156    1.344989    1.00000000   0.0000   0.9019  3+[ 2, 1, 1]
  42    3    10.682709    2.708251   10.682709    1.897122    0.00000000   0.0000   0.8928  3+[ 2, 0, 2]
  43    3    16.520425    8.545967   16.520425    2.173753    0.00000000   0.0000   0.6846  3+[ 4, 3, 1]
  44    3    23.316635   15.342177   23.316635    2.456873    0.00000000   0.0000   0.6383  3+[ 4, 1, 1]
  45    3    25.322599   17.348141   25.322599    2.534401    0.00000000   0.0000   0.4812  3+[ 4, 2, 2]
  46    3    27.762659   19.788201   27.762659    2.625622    0.00000000   0.0000   0.5650  3+[ 4, 0, 2]
  47    3    35.501881   27.527423   35.501881    2.896002    0.00000000   0.0000   0.5219  3+[ 8, 7, 1]
  48    3    41.346577   33.372119   41.346577    3.084527    0.00000000   0.0000   0.5261  3+[ 6, 3, 1]
  49    3    42.050486   34.076028   42.050486    3.106460    0.00000000   0.0000   0.5399  3+[ 4, 1, 1]
  50    3    43.824309   35.849851   43.824309    3.161056    0.00000000   0.0000   0.5395  3+[ 4, 2, 2]
  51    3    44.706778   36.732320   44.706778    3.187869    0.00000000   0.0000   0.4879  3+[ 6, 2, 2]
  52    3    49.075162   41.100703   49.075162    3.317407    0.00000000   0.0000   0.7284  3+[ 4, 0, 2]
  53    3    60.586138   52.611680   60.586138    3.636719    0.00000000   0.0000   0.5029  3+[ 6, 5, 1]
  54    3    64.850914   56.876456   64.850914    3.748123    0.00000000   0.0000   0.4872  3+[ 8, 3, 1]
  55    3    67.658234   59.683776   67.658234    3.819682    0.00000000   0.0000   0.5010  3+[ 6, 3, 1]
  56    3    67.877128   59.902670   67.877128    3.825205    0.00000000   0.0000   0.4185  3+[ 8, 2, 2]
  57    4     7.386742   -0.587716    7.386742    1.721413    0.00000000   0.0000   0.7999  3-[ 3, 2, 1]
  58    4     8.491476  -16.465934   -8.491476    1.782238    1.00000000   0.0000   0.9525  3-[ 1, 0, 1]
  59    4    17.633176    9.658718   17.633176    2.222579    0.00000000   0.0000   0.7098  3-[ 3, 1, 2]
  60    4    18.897136   10.922678   18.897136    2.276770    0.00000000   0.0000   0.7194  3-[ 3, 0, 1]
  61    4    27.121339   19.146881   27.121339    2.601956    0.00000000   0.0000   0.6061  3-[ 5, 4, 1]
  62    4    32.879525   24.905067   32.879525    2.807305    0.00000000   0.0000   0.6374  3-[ 5, 2, 1]
  63    4    35.228873   27.254415   35.228873    2.886895    0.00000000   0.0000   0.4578  3-[ 3, 1, 2]
  64    4    35.858838   27.884379   35.858838    2.907867    0.00000000   0.0000   0.5592  3-[ 5, 0, 1]
  65    4    37.319145   29.344687   37.319145    2.955908    0.00000000   0.0000   0.5992  3-[ 5, 1, 2]
  66    4    50.335572   42.361114   50.335572    3.353853    0.00000000   0.0000   0.5088  3-[ 7, 6, 1]
  67    4    55.216402   47.241944   55.216402    3.491400    0.00000000   0.0000   0.4916  3-[ 7, 2, 1]
  68    4    57.856580   49.882122   57.856580    3.563590    0.00000000   0.0000   0.5636  3-[ 5, 2, 1]
  69    4    59.389297   51.414838   59.389297    3.604836    0.00000000   0.0000   0.5800  3-[ 7, 3, 2]
  70    4    61.489040   53.514582   61.489040    3.660587    0.00000000   0.0000   0.5620  3-[ 5, 3, 2]
  71    4    65.054739   57.080280   65.054739    3.753364    0.00000000   0.0000   0.6606  3-[ 5, 0, 1]
  72    4    65.436479   57.462021   65.436479    3.763161    0.00000000   0.0000   0.6477  3-[ 5, 1, 2]
  73    5     4.398347   -3.576111    4.398347    1.544922    0.00000000   0.0000   0.9535  5+[ 2, 0, 2]
  74    5    20.382223   12.407765   20.382223    2.338838    0.00000000   0.0000   0.7735  5+[ 4, 2, 2]
  75    5    25.572867   17.598409   25.572867    2.543908    0.00000000   0.0000   0.6770  5+[ 4, 0, 2]
  76    5    28.971378   20.996920   28.971378    2.669655    0.00000000   0.0000   0.6905  5+[ 4, 1, 3]
  77    5    38.044259   30.069801   38.044259    2.979475    0.00000000   0.0000   0.4596  5+[ 4, 2, 2]
  78    5    42.205525   34.231067   42.205525    3.111270    0.00000000   0.0000   0.5626  5+[ 6, 2, 2]
  79    5    45.748684   37.774226   45.748684    3.219238    0.00000000   0.0000   0.5035  5+[ 6, 3, 3]
  80    5    46.065677   38.091219   46.065677    3.228722    0.00000000   0.0000   0.6879  5+[ 4, 0, 2]
  81    5    46.731237   38.756779   46.731237    3.248544    0.00000000   0.0000   0.6442  5+[ 4, 1, 3]
  82    5    62.331861   54.357403   62.331861    3.682728    0.00000000   0.0000   0.5065  5+[ 6, 4, 2]
  83    5    65.652974   57.678516   65.652974    3.768706    0.00000000   0.0000   0.4535  5+[ 8, 4, 2]
  84    6    11.884170    3.909712   11.884170    1.957253    0.00000000   0.0000   0.9055  5-[ 3, 1, 2]
  85    6    23.391199   15.416741   23.391199    2.459799    0.00000000   0.0000   0.8111  5-[ 3, 0, 3]
  86    6    30.354408   22.379950   30.354408    2.719164    0.00000000   0.0000   0.6767  5-[ 5, 3, 2]
  87    6    34.203623   26.229165   34.203623    2.852435    0.00000000   0.0000   0.7218  5-[ 5, 1, 2]
  88    6    38.460945   30.486487   38.460945    2.992933    0.00000000   0.0000   0.6582  5-[ 5, 2, 3]
  89    6    39.566061   31.591603   39.566061    3.028338    0.00000000   0.0000   0.5597  5-[ 5, 0, 3]
  90    6    52.467374   44.492916   52.467374    3.414611    0.00000000   0.0000   0.4970  5-[ 7, 5, 2]
  91    6    56.007156   48.032698   56.007156    3.513177    0.00000000   0.0000   0.5860  5-[ 7, 3, 2]
  92    6    60.267869   52.293411   60.267869    3.628268    0.00000000   0.0000   0.5766  5-[ 7, 2, 3]
  93    6    60.681562   52.707104   60.681562    3.639249    0.00000000   0.0000   0.6130  5-[ 5, 1, 2]
  94    6    63.695375   55.720916   63.695375    3.718267    0.00000000   0.0000   0.6067  5-[ 5, 2, 3]
  95    7    24.922896   16.948437   24.922896    2.519143    0.00000000   0.0000   0.8508  7+[ 4, 1, 3]
  96    7    32.340340   24.365882   32.340340    2.788718    0.00000000   0.0000   0.6633  7+[ 4, 0, 4]
  97    7    40.785928   32.811470   40.785928    3.066945    0.00000000   0.0000   0.5238  7+[ 6, 1, 3]
  98    7    43.579600   35.605141   43.579600    3.153580    0.00000000   0.0000   0.5886  7+[ 6, 3, 3]
  99    7    47.200736   39.226278   47.200736    3.262454    0.00000000   0.0000   0.6200  7+[ 6, 2, 4]
 100    7    50.547654   42.573196   50.547654    3.359947    0.00000000   0.0000   0.7129  7+[ 4, 0, 4]
 101    7    64.555047   56.580589   64.555047    3.740501    0.00000000   0.0000   0.5988  7+[ 8, 3, 3]
 102    7    66.853260   58.878802   66.853260    3.799301    0.00000000   0.0000   0.5682  7+[ 8, 5, 3]
 103    8    17.973070    9.998612   17.973070    2.237280    0.00000000   0.0000   0.9310  7-[ 3, 0, 3]
 104    8    34.174236   26.199778   34.174236    2.851442    0.00000000   0.0000   0.6823  7-[ 5, 2, 3]
 105    8    35.737098   27.762639   35.737098    2.903826    0.00000000   0.0000   0.6795  7-[ 5, 0, 3]
 106    8    40.877964   32.903506   40.877964    3.069838    0.00000000   0.0000   0.7260  7-[ 5, 1, 4]
 107    8    55.038333   47.063875   55.038333    3.486477    0.00000000   0.0000   0.5980  7-[ 7, 2, 3]
 108    8    57.330218   49.355760   57.330218    3.549315    0.00000000   0.0000   0.6053  7-[ 7, 4, 3]
 109    8    61.562098   53.587640   61.562098    3.662512    0.00000000   0.0000   0.6438  7-[ 7, 3, 4]
 110    8    63.698308   55.723850   63.698308    3.718344    0.00000000   0.0000   0.6414  7-[ 5, 0, 3]
 111    8    66.448032   58.473573   66.448032    3.788999    0.00000000   0.0000   0.6451  7-[ 5, 1, 4]
 112    9    29.908215   21.933757   29.908215    2.703291    0.00000000   0.0000   0.8095  9+[ 4, 0, 4]
 113    9    44.178643   36.204185   44.178643    3.171849    0.00000000   0.0000   0.6093  9+[ 6, 0, 4]
 114    9    45.531798   37.557340   45.531798    3.212734    0.00000000   0.0000   0.7061  9+[ 6, 2, 4]
 115    9    48.860698   40.886240   48.860698    3.311166    0.00000000   0.0000   0.6705  9+[ 6, 1, 5]
 116    9    66.990689   59.016231   66.990689    3.802788    0.00000000   0.0000   0.7346  9+[ 8, 2, 4]
 117   10    38.137202   30.162744   38.137202    2.982482    0.00000000   0.0000   0.8335  9-[ 5, 1, 4]
 118   10    43.401038   35.426580   43.401038    3.148114    0.00000000   0.0000   0.7132  9-[ 5, 0, 5]
 119   10    58.132558   50.158100   58.132558    3.571052    0.00000000   0.0000   0.7940  9-[ 7, 1, 4]
 120   10    59.358638   51.384180   59.358638    3.604016    0.00000000   0.0000   0.7563  9-[ 7, 3, 4]
 121   10    63.129704   55.155246   63.129704    3.703565    0.00000000   0.0000   0.7683  9-[ 7, 2, 5]
 122   11    47.620593   39.646135   47.620593    3.274843    0.00000000   0.0000   0.7373 11+[ 6, 1, 5]
 123   11    50.564208   42.589750   50.564208    3.360422    0.00000000   0.0000   0.6633 11+[ 6, 0, 6]
 124   12    41.778280   33.803821   41.778280    3.097996    0.00000000   0.0000   0.7941 11-[ 5, 0, 5]
 125   12    61.166717   53.192259   61.166717    3.652084    0.00000000   0.0000   0.7617 11-[ 7, 2, 5]
 126   12    63.318707   55.344249   63.318707    3.708484    0.00000000   0.0000   0.5920 11-[ 7, 0, 5]
 127   12    64.818392   56.843934   64.818392    3.747286    0.00000000   0.0000   0.8169 11-[ 7, 1, 6]
 128   13    49.815215   41.840757   49.815215    3.338855    0.00000000   0.0000   0.7054 13+[ 6, 0, 6]
 129   14    63.628288   55.653830   63.628288    3.716527    0.00000000   0.0000   0.8509 13-[ 7, 1, 6]
 130   14    66.421241   58.446783   66.421241    3.788317    0.00000000   0.0000   0.8265 13-[ 7, 0, 7]
 131   16    65.788705   57.814247   65.788705    3.772178    0.00000000   0.0000   0.8370 15-[ 7, 0, 7]
#all active are  131 q.p. states out of  286
#since the cut off is pwi=  60.0
#check: number of protons =  12.0


 #canonical s.p. energies protons 
 ---------------------------------


  labels -> {2*omega}{parity}[nn=nz+2*nr+nl,nz,nl]
  cqpe   -> canonical q.p. energies
  ce     -> canonical s.p. energies
  fermi energy=  -7.9744580757209871     
  average cdelt=   8.7831506167137871E-022
  k0      ceqp        ce         v*v       u*v        cdel     overl      labels
   1   17.899055   17.899055   0.00000000   0.00000000  -0.0000   0.6191  1+[ 2, 1, 1]
   2   17.813374   17.813374   0.00000000   0.00000000  -0.0000   0.7383  1+[ 6, 6, 0]
   3   33.984395   33.984395   0.00000000   0.00000000  -0.0000   0.7112  1+[ 8, 8, 0]
   4   51.859657   51.859657   0.00000000   0.00000000   0.0000   0.4943  1+[ 4, 2, 0]
   7   42.390485   42.390485   0.00000000   0.00000000  -0.0000   0.4986  1+[ 8, 4, 0]
  12   56.775685   56.775685   0.00000000   0.00000000  -0.0000   0.5129  1+[ 4, 0, 0]
  20   58.277654   58.277654   0.00000000   0.00000000  -0.0000   0.8856  1+[ 6, 1, 1]
  26   54.907644   54.907644   0.00000000   0.00000000   0.0000   0.5858  1+[ 4, 1, 1]
  30   57.297398   57.297398   0.00000000   0.00000000  -0.0000   0.6178  1+[ 6, 5, 1]
  31   40.445352   40.445352   0.00000000   0.00000000   0.0000   0.5094  1+[ 4, 3, 1]
  32   24.583330   24.583330   0.00000000   0.00000000  -0.0000   0.7101  1+[ 4, 3, 1]
  33   11.300397   11.300397   0.00000000   0.00000000   0.0000   0.7113  1+[ 2, 0, 0]
  34   13.427109   13.427109   0.00000000   0.00000001  -0.0000   0.6058  1+[ 2, 1, 1]
  35   11.931442  -27.880358   1.00000000   0.00000000   0.0000   0.8408  1+[ 0, 0, 0]
  36   -1.337498  -14.611418   1.00000000   0.00000000  -0.0000   0.6588  1+[ 2, 2, 0]
  37    5.738403    5.738403   0.00000000   0.00000000   0.0000   0.7233  1-[ 3, 3, 0]
  38    8.317276    8.317276   0.00000000   0.00000000  -0.0000   0.9231  1-[ 3, 2, 1]
  39   26.190492   26.190492   0.00000000   0.00000000  -0.0000   0.7652  1-[ 5, 5, 0]
  40   25.916428   25.916428   0.00000000   0.00000000  -0.0000   0.6928  1-[ 3, 1, 0]
  41   33.141442   33.141442   0.00000000   0.00000000   0.0000   0.7794  1-[ 5, 2, 1]
  43   56.095315   56.095315   0.00000000   0.00000000  -0.0000   0.5755  1-[ 7, 2, 1]
  45   59.097640   59.097640   0.00000000   0.00000000  -0.0000   0.5397  1-[ 9, 0, 1]
  46   54.891173   54.891173   0.00000000   0.00000000   0.0000   0.4747  1-[ 5, 1, 0]
  50   55.039868   55.039868   0.00000000   0.00000000  -0.0000   0.6731  1-[ 7, 3, 0]
  53   56.837541   56.837541   0.00000000   0.00000000  -0.0000   0.5943  1-[ 7, 1, 0]
  59   56.574861   56.574861   0.00000000   0.00000000   0.0000   0.6242  1-[ 7, 4, 1]
  60   56.620902   56.620902   0.00000000   0.00000000   0.0000   0.6088  1-[ 7, 0, 1]
  61   52.878308   52.878308   0.00000000   0.00000000   0.0000   0.6166  1-[ 5, 0, 1]
  62   33.541397   33.541397   0.00000000   0.00000000  -0.0000   0.5470  1-[ 3, 1, 0]
  63   32.090604   32.090604   0.00000000   0.00000000   0.0000   0.8406  1-[ 5, 4, 1]
  64   12.314774   12.314774   0.00000000   0.00000000   0.0000   0.6443  1-[ 3, 0, 1]
  65    4.162171  -20.111087   1.00000000   0.00000003   0.0000   0.8765  1-[ 1, 1, 0]
  66   -1.427166  -14.521750   1.00000000   0.00000000  -0.0000   0.8921  1-[ 1, 0, 1]
  67   18.871237   18.871237   0.00000000   0.00000000  -0.0000   0.6813  3+[ 4, 3, 1]
  68   20.721086   20.721086   0.00000000   0.00000000  -0.0000   0.6290  3+[ 4, 1, 1]
  69   52.659133   52.659133   0.00000000   0.00000000  -0.0000   0.5961  3+[ 6, 3, 1]
  71   40.883757   40.883757   0.00000000   0.00000000  -0.0000   0.7054  3+[ 4, 2, 2]
  72   57.659662   57.659662   0.00000000   0.00000000  -0.0000   0.4770  3+[ 8, 1, 1]
  76   57.145626   57.145626   0.00000000   0.00000000   0.0000   0.5342  3+[ 4, 0, 2]
  80   58.726176   58.726176   0.00000000   0.00000000  -0.0000   0.5053  3+[ 8, 4, 2]
  88   52.214647   52.214647   0.00000000   0.00000000  -0.0000   0.6322  3+[ 4, 0, 2]
  93   56.632865   56.632865   0.00000000   0.00000000  -0.0000   0.5924  3+[ 8, 5, 1]
  94   29.737933   29.737933   0.00000000   0.00000000   0.0000   0.7690  3+[ 6, 5, 1]
  95   12.401182   12.401182   0.00000000   0.00000001   0.0000   0.5890  3+[ 4, 3, 1]
  96   -6.571302   -9.377614   1.00000000   0.00000081  -0.0000   0.9019  3+[ 2, 1, 1]
  97    8.700865    8.700865   0.00000000   0.00000000  -0.0000   0.6987  3-[ 3, 1, 2]
  98   26.779596   26.779596   0.00000000   0.00000000   0.0000   0.5654  3-[ 3, 0, 1]
  99   24.390791   24.390791   0.00000000   0.00000000   0.0000   0.6824  3-[ 5, 4, 1]
 100   46.773120   46.773120   0.00000000   0.00000000   0.0000   0.5150  3-[ 5, 2, 1]
 104   58.358114   58.358114   0.00000000   0.00000000   0.0000   0.6394  3-[ 5, 1, 2]
 109   47.349750   47.349750   0.00000000   0.00000000  -0.0000   0.9647  3-[ 7, 5, 2]
 114   51.593084   51.593084   0.00000000   0.00000000   0.0000   0.4453  3-[ 9, 4, 1]
 117   57.692338   57.692338   0.00000000   0.00000000  -0.0000   0.4944  3-[ 7, 2, 1]
 118   42.964281   42.964281   0.00000000   0.00000000  -0.0000   0.4800  3-[ 9, 2, 1]
 119   47.295414   47.295414   0.00000000   0.00000000  -0.0000   0.7108  3-[ 7, 6, 1]
 120   12.550756   12.550756   0.00000000   0.00000001  -0.0000   0.6687  3-[ 3, 1, 2]
 121    0.517018  -16.465934   1.00000000   0.00000000  -0.0000   0.9525  3-[ 1, 0, 1]
 122   56.409270   56.409270   0.00000000   0.00000000   0.0000   0.5470  5+[ 4, 1, 3]
 124   59.949888   59.949888   0.00000000   0.00000000   0.0000   0.3882  5+[10, 3, 3]
 126   40.126901   40.126901   0.00000000   0.00000000  -0.0000   0.5380  5+[ 4, 2, 2]
 128   51.771293   51.771293   0.00000000   0.00000000   0.0000   0.6900  5+[ 6, 0, 2]
 130   44.881338   44.881338   0.00000000   0.00000000   0.0000   0.6660  5+[ 6, 4, 2]
 134   58.955489   58.955489   0.00000000   0.00000000   0.0000   0.5548  5+[10, 8, 2]
 136   40.064069   40.064069   0.00000000   0.00000000  -0.0000   0.4448  5+[ 6, 2, 2]
 137   56.155302   56.155302   0.00000000   0.00000000   0.0000   0.4726  5+[ 8, 5, 3]
 139   51.888076   51.888076   0.00000000   0.00000000  -0.0000   0.4732  5+[ 8, 4, 2]
 140   28.958271   28.958271   0.00000000   0.00000000  -0.0000   0.4675  5+[ 4, 1, 3]
 143   38.703785   38.703785   0.00000000   0.00000000   0.0000   0.3677  5+[ 4, 2, 2]
 144   47.528998   47.528998   0.00000000   0.00000000  -0.0000   0.5511  5+[ 8, 3, 3]
 147   57.210465   57.210465   0.00000000   0.00000000   0.0000   0.3904  5-[ 3, 1, 2]
 152   47.381678   47.381678   0.00000000   0.00000000  -0.0000   0.6951  5-[ 5, 2, 3]
 153   48.871949   48.871949   0.00000000   0.00000000   0.0000   0.5240  5-[ 7, 4, 3]
 157   56.671779   56.671779   0.00000000   0.00000000  -0.0000   0.5243  5-[ 7, 2, 3]
 158   45.249340   45.249340   0.00000000   0.00000000  -0.0000   0.5669  5-[ 7, 0, 3]
 159   33.849992   33.849992   0.00000000   0.00000000  -0.0000   0.4826  5-[ 7, 1, 2]
 160   52.491250   52.491250   0.00000000   0.00000000  -0.0000   0.5143  5-[ 5, 1, 2]
 161   59.179422   59.179422   0.00000000   0.00000000  -0.0000   0.4906  5-[ 9, 3, 2]
 162   50.289479   50.289479   0.00000000   0.00000000  -0.0000   0.4295  5-[ 5, 1, 2]
 163   29.031456   29.031456   0.00000000   0.00000000  -0.0000   0.6960  5-[ 3, 1, 2]
 166   54.417921   54.417921   0.00000000   0.00000000  -0.0000   0.7461  5-[ 3, 0, 3]
 167   37.641823   37.641823   0.00000000   0.00000000  -0.0000   0.6597  7+[ 4, 1, 3]
 168   53.397634   53.397634   0.00000000   0.00000000  -0.0000   0.5867  7+[10, 2, 4]
 178   42.258019   42.258019   0.00000000   0.00000000   0.0000   0.6745  7+[ 4, 0, 4]
 181   52.621550   52.621550   0.00000000   0.00000000  -0.0000   0.4369  7+[ 4, 1, 3]
 184   45.000297   45.000297   0.00000000   0.00000000   0.0000   0.4503  7+[ 8, 3, 3]
 185   59.215862   59.215862   0.00000000   0.00000000  -0.0000   0.5091  7+[ 6, 2, 4]
 188   50.621746   50.621746   0.00000000   0.00000000  -0.0000   0.4586  7-[ 3, 0, 3]
 194   52.516600   52.516600   0.00000000   0.00000000   0.0000   0.5697  7-[ 3, 0, 3]
 195   57.858510   57.858510   0.00000000   0.00000000  -0.0000   0.4607  7-[ 3, 0, 3]
 197   50.925498   50.925498   0.00000000   0.00000000  -0.0000   0.6232  7-[ 5, 1, 4]
 200   42.320025   42.320025   0.00000000   0.00000000  -0.0000   0.5196  7-[ 7, 2, 3]
 201   34.496877   34.496877   0.00000000   0.00000000   0.0000   0.5881  7-[ 5, 0, 3]
 202   39.932393   39.932393   0.00000000   0.00000000  -0.0000   0.7660  7-[ 5, 2, 3]
 213   48.137955   48.137955   0.00000000   0.00000000   0.0000   0.7271  9+[ 4, 0, 4]
 215   49.838952   49.838952   0.00000000   0.00000000   0.0000   0.6187  9+[ 6, 1, 5]
 218   55.187059   55.187059   0.00000000   0.00000000   0.0000   0.5627  9+[ 4, 0, 4]
 225   49.734453   49.734453   0.00000000   0.00000000   0.0000   0.8078  9-[ 5, 0, 5]
 229   59.718756   59.718756   0.00000000   0.00000000   0.0000   0.5682  9-[ 5, 1, 4]
 230   57.178894   57.178894   0.00000000   0.00000000  -0.0000   0.6742  9-[ 7, 2, 5]
 251   57.961598   57.961598   0.00000000   0.00000000   0.0000   0.7239 11-[ 5, 0, 5]
  Sum canonical e_v*V^2_k=  -205.93632308169919     

  NB! From expect (UNPROJECTED RESULTS)

  pairing: CpV0,CpV1,...           0.100000       0.100000       1.000000       1.000000
  forces:   UNE1                          


                             neutrons         protons         total
  Requested part.numbs.      12.000000      12.000000      24.000000
  UnPj(av) part.numbs .      12.000000      12.000000      24.000000
  b0, bz, bp ..........       1.559284       1.564210       1.556827

  lambda (ala) ........     -12.283960      -7.974458
  Lambda (alast) ......     -12.283960      -7.974458
  delta(n,p), pwi .....       0.000000       0.000000      60.000000
  pairing energy ......       0.000000       0.000000       0.000000

  rms-radius ..........       3.117299       3.140416       3.128879
  charge-radius, r0 ...                      3.240712       3.461399
  deformation beta2....       0.537815       0.539985       0.538908
  dipole moment[fm] ...       0.000000       0.000000       0.000000
  quadrupole moment[b]        0.791191       0.806208       1.597400
  octupole moment .....       0.000000       0.000000       0.000000
  hexadecapole moment .       0.014295       0.014667       0.028962
  q5 ..................       0.000000       0.000000       0.000000
  q6 ..................       0.000700       0.000711       0.001410
  q7 ..................       0.000000       0.000000       0.000000
  q8 ..................       0.000028       0.000027       0.000055

  <r^0> [fm^0] ........            1.000000            1.000000            1.000000
  <r^2> [fm^2] ........            9.717554            9.862215            9.789885
  <r^4> [fm^4] ........          141.681570          146.435891          144.058731
  <r^6> [fm^6] ........         2723.197065         2874.771566         2798.984315
  <r^8> [fm^8] ........        64706.932253        69871.401651        67289.166952

  kinetic energy ......     196.293670     193.688413     389.982083
  volume energy .......                                  -642.277369
        rho_tau .......                                    -3.469174
        rho_rho .......                                  -638.808195
  surface energy ......                                    53.068441
   rho_DELTA_rho ......                                    53.068441
   (NABLA_rho)^2 ......                                     0.000000
  spin-orbit energy ...                                   -16.392003
        rho_NABLA_J ...                                   -16.392003
        NABLA_rho_J ...                                     0.000000
  coulomb energy ......                                    28.041580
          direct ......                                    32.409605
          exchange ....                                    -4.368025
  tensor energy .......                                     0.000000
  direct Hartree E  ...                                     0.000000
  Extra E .............                                     0.000000
  External field E ....                                     0.000000
  Entropy .............       0.000000       0.000000       0.000000

  tEnergy: ehfb (qp)...                                  -187.577268

  Calculated but not added corrections 
====================================
  cmc-diagonal part ...       0.000000       0.000000       0.000000
  cmc-hfb .............       0.000000       0.000000       0.000000
  cranking rot corr ...       0.000000       0.000000       0.000000

  SQUJ ................       0.000000       0.000000       0.000000
  CRAN x 4 ............       0.000000       0.000000       0.000000
  Rigit Body ..........       0.000000       0.000000       0.000000


   Blocking candidates are:
   neutron eqpmin=   1.5605655985515057       pwiblo=   5.1031036307982882     
    num=   1 block=   3 state=   1    43 Eqp=   1.56056560  (1-2N)E=  -1.56056560  Ovlp=   0.90656467  3+[ 2, 1, 1]
    num=   2 block=   1 state=   1     1 Eqp=   3.08004659  (1-2N)E=   3.08004659  Ovlp=   0.81586031  1+[ 2, 1, 1]
    num=   3 block=   2 state=   1    23 Eqp=   3.51441194  (1-2N)E=   3.51441194  Ovlp=   0.70342717  1-[ 3, 3, 0]
    num=   4 block=   5 state=   1    75 Eqp=   4.21985953  (1-2N)E=   4.21985953  Ovlp=   0.95819989  5+[ 2, 0, 2]
    num=   5 block=   2 state=   2    24 Eqp=   4.67463702  (1-2N)E=  -4.67463702  Ovlp=   0.93344185  1-[ 1, 0, 1]
    num=   6 block=   1 state=   2     2 Eqp=   5.59112509  (1-2N)E=  -5.59112509  Ovlp=   0.77733154  1+[ 2, 2, 0]

   Blocking candidates are:
   proton  eqpmin=   1.4031558194839562       pwiblo=   5.1031036307982882     
    num=   1 block=   3 state=   1    41 Eqp=   1.40315582  (1-2N)E=  -1.40315582  Ovlp=   0.90190647  3+[ 2, 1, 1]
    num=   2 block=   1 state=   1     1 Eqp=   3.14110652  (1-2N)E=   3.14110652  Ovlp=   0.81063290  1+[ 2, 1, 1]
    num=   3 block=   2 state=   1    21 Eqp=   3.58118623  (1-2N)E=   3.58118623  Ovlp=   0.69271960  1-[ 3, 3, 0]
    num=   4 block=   5 state=   1    73 Eqp=   4.39834729  (1-2N)E=   4.39834729  Ovlp=   0.95352933  5+[ 2, 0, 2]
    num=   5 block=   2 state=   2    22 Eqp=   4.45823827  (1-2N)E=  -4.45823827  Ovlp=   0.93033768  1-[ 1, 0, 1]
    num=   6 block=   1 state=   2     2 Eqp=   5.41561876  (1-2N)E=  -5.41561876  Ovlp=   0.77000732  1+[ 2, 2, 0]


