
  =======================================
           FORTRAN 95 CODE (KIND= 8) 
               Version: 200d  
  =======================================
       AXIALLY DEFORMED CONFIGURATIONAL  
     HARTREE-FOCK-BOGOLIUBOV CALCULATIONS
                     WITH                
            UNEDF AND DELTA PAIRING      
                     USING               
             HARMONIC-OSCILLATOR         
                   AND/OR                
       TRANSFORMED HARMONIC-OSCILLATOR   
                    BASIS                
                     ---                 
               v1.66  (2005):,           
   Stoitsov,Dobaczewski,Nazarewicz,Ring, 
               v2.00d (2012):,           
         Stoitsov,Schunck,Kortelainen    
  =======================================
    Nucleus: MG (A=  24, N= 12, Z= 12)
       Reflection Symmetry Imposed       
            ( 9/13/2022, 21:42)                               
  =======================================


  ---------------------------------------
           UNEDF Module Version:17
         M.Kortelainen & M.Stoitsov 
  ---------------------------------------

  UNE1 functional
  ----------------------------------
  Crho(0)=   -779.373008720865300    ; Crho(1)=    287.722131583286796    
  CDrho(0)=   891.477890442349690    ; CDrho(1)=  -200.587774317884879    
  Ctau(0)=  -0.989915057807676746    ; Ctau(1)=   -33.6320970701835549    
  CrDr(0)=   -48.1038023057091877    ; CrDr(1)=   -151.862703990772729    
  CrdJ(0)=   -82.5872024842340977    ; CrdJ(1)=   -39.8654786562192385    
  CJ(0)=      0.00000000000000000    ; CJ(1)=      0.00000000000000000    
  CpV0(0)=   0.100000000000000006    ; CpV0(1)=   0.100000000000000006    
  CpV1(0)=    1.00000000000000000    ; CpV1(1)=    1.00000000000000000    
  sigma=     0.270018011502707600    ; hbzero=     20.7355300000000007    
  e^2 chrg=   1.43997840859651305    ; CExPar=     1.00000000000000000    
  c.m. correction: F, chr. density in direct Coul: F
  use tensor terms: F
  use TMR pairing:  0

  Coupling constants in natural units
  -----------------------------------
  Crho_nu(0)=  -0.877667471343921757    ; Crho_nu(1)=   0.324009624211695935    
  CDrho_nu(0)=  0.941450913381434273    ; CDrho_nu(1)= -0.211831998717341041    
  Ctau_nu(0)=  -0.140321584905665799E-01; Ctau_nu(1)=  -0.476738799694694126    
  CrDr_nu(0)=  -0.681876866735907528    ; CrDr_nu(1)=   -2.15267109475420204    
  CrdJ_nu(0)=   -1.17068298477831245    ; CrdJ_nu(1)=  -0.565097692366903104    
  CJ_nu(0)=      0.00000000000000000    ; CJ_nu(1)=      0.00000000000000000    
  CpV0_nu(0)=   0.112611992142809880E-03; CpV0_nu(1)=   0.112611992142809880E-03
  CpV1_nu(0)=   0.887702254206059068E-03; CpV1_nu(1)=   0.887702254206059068E-03
  fpi_nu=        93.0000000000000000    ; Lambda_nu=     700.000000000000000    

  Nuclear matter properties
  ----------------------------------
      E_NM=     -15.8000000000000149      K_NM=     220.0000000000000284
      P_NM=      -0.0000000000000032    RHO_NM=       0.1587067693325870
    ASS_NM=      28.9867890577721070   LASS_NM=      40.0047904804136323
  SMASS_NM=       0.9924233322833640  VMASS_NM=       1.2498385742322700

  Associated (t,x)-coupling constants
  -----------------------------------
  t0=      -2078.32802325564080    ; x0=       0.537569206858470316E-01
  t1=       255.233725553372096    ; x1=       -4.99641768656404128    
  t2=       1628.41234660136433    ; x2=       -1.36998493796982390    
  t3=       14263.6462470775950    ; x3=      -0.162491168089956339    
  b4=       42.7217238280148592    ; b4p=       79.7309573124384769    
  te=      -487.933330925845837    ; to=       -213.297606716247373    
  sigma=   0.270018011502707600    ; hbzero=    20.7355300000000007    

  ---------------------------------------
        Characteristics of the run       
  ---------------------------------------
  Output file ................:     7
  Nucleus ....................:   MG  24
  Number of HO shells ........:     8
  HO length b0 (fm) ..........:     1.55928400372611
  Basis deformation ..........:  beta0=   0.010 q=   1.010
  HO: b0,1/b0,bp,bz,q ........:   0.15592840E+01  0.64131999E+00  0.15568270E+01  0.15642096E+01  0.10095067E+01
  h**2/(2m), cmc, e**2 .......:   0.20735530E+02  0.20735530E+02  0.14399784E+01
  hom=f*41.0_pr*A^{-1/3}, f...:   0.17056687E+02  0.12000000E+01
  THO basis is ...............:  OFF
  Maximal number of iterations:   400
  Initial mixing parameter ...:  0.300
  Initial w.f. ...............:  from   spherical scratch
  Skyrme functional ..........:    UNE1                          
    with direct and exchange Coulomb
  Lipkin-Nogami procedure is .:  OFF
  PAV procedure is ...........:  OFF
  Constraint calculation is ..:   ON
    Constraint 1 .............: lambda=2 Ql=  -1.192
  Temperature T ..............:   0.05 MeV
  Restart indicator ..........:   1
  Broyden mixing (#iterations):   7

  ---------------------------------------
        Harmonic Oscillator Basis        
  ---------------------------------------
  NUV, NQP:                        2501     165
  Comparison with bookkeeping spherical basis:
  n00:                                8       8  Maximal number of shells
  nbx, 2*n00+1:                      17      17  Maximal number of K-blocks
  ntx, (n00+1)*(n00+2)*(n00+3)/6    165     165  Max.num. p/n levels
  nzx, n00:                           8       8  Maximal nz-quantum number
  nrx, n00/2  :                       4       4  Maximal nr-quantum number
  nlx, n00:                           8       8  Maximal ml-quantum number
  ndx, (n00+2)*(n00+2)/4:            25      25  Maximal dim. of one k-block

  Actual basis used
  Number of blocks: nb .......:   17
  Number of levels: nt .......:  165
  Maximal 2*omega : nom ......:   17
  Maximal nz:       nzm ......:    8
  Maximal nr:       nrm ......:    4
  Maximal ml:       nlm ......:    8
  Maximal N=nz+2*nr+nl .......:    8
  2 x biggest block dim. .....:   50
  Non-zero elements of h .....:     1333
  Number of Broyden elements .:     5332

  ---------------------------------------
            Integration Meshes           
  ---------------------------------------
  Number of Gauss-Hermite mesh points ngh ....:  40
  Number of Gauss-Laguerre mesh points ngl ...:  40
  Number of Gauss-Legendre mesh points nleg ..:  80
  Integration boundaries
    Hermite  - from xh(1)  =  0.12379686 to xh(ngh)   = 11.88786356
    Laguerre - From xl(1)  =  0.03570039 to xl(ngl)   =142.28004447
    Legendre - From xleg(1)=  0.00978669 to xleg(nleg)=  0.99988775
  Max.dev.in:     Orthogonality            Normalization
  Hermite     1.5248282503475657E-015   1.0991207943789050E-014
  Laguerre    4.2896485016951012E-015   8.9928064994637680E-015

  Scratch initialization for the nucleus: MG  12  12


  Initial potentials of Saxon-Woods shape 
  v0ws   =  -71.27999878
  kappa  =    0.46160001
  vs0    =   11.11750031   11.11750031
  r0     =    1.23339999    1.23339999
  a      =    0.61500001    0.61500001
  r0-so  =    1.14429998    1.14429998
  a-so   =    0.64760000    0.64760000
  beta00 =    0.01000000

  ### REGULAR STAGE (reflection symmetry imposed)
  |HFB+HO> iterations(b0=  1.559, Nsh=  8, inin=  1, N= 12, Z= 12)...
  ----------------------------------------------------------------------------------------------------------------------------------
  i          si     mix   beta      Etot       A       rn      rp         En      Dn      Ep      Dp        Ln      Lp     time
  ----------------------------------------------------------------------------------------------------------------------------------
   1L  73.90480883 0.30  0.010     0.000000    0.0   0.000   0.000 |   -2.000   1.000  -2.000   1.000 |   -7.000  -7.000   0.000
   2B  50.56467559 0.10  0.009   -42.272212   24.0   2.625   2.625 |    0.000  -0.000   0.000  -0.000 |  -17.169 -17.169  40.126
   3B  21.88879517 0.11 -0.270  -129.542790   24.0   3.044   3.100 |    0.000  -0.000   0.000  -0.000 |  -12.287  -8.732   1.237
   4B  31.30460267 0.10 -0.363  -141.623707   24.0   3.069   3.138 |    0.000  -0.000   0.000  -0.000 |  -13.843  -9.861   1.164
   5B  36.14553583 0.10 -0.401   -94.655811   24.0   3.197   3.126 |    0.000  -0.000   0.000  -0.000 |  -15.856 -10.693   1.212
   6B  11.17015673 0.11 -0.425  -164.273463   24.0   3.208   3.239 |    0.000  -0.000   0.000  -0.000 |  -15.799 -11.725   1.286
   7B  22.45327170 0.10 -0.494  -139.253184   24.0   3.251   3.400 |    0.000  -0.000   0.000  -0.000 |  -16.465 -11.131   1.311
   8B  53.77844518 0.10 -0.552  -159.371183   24.0   3.440   3.429 |    0.000  -0.000   0.000  -0.000 |  -15.706 -11.907   1.356
   9L  40.29059371 0.11 -0.546  -161.917649   24.0   3.418   3.414 |    0.000  -0.000   0.000  -0.000 |  -15.532 -11.633   1.636
  10L  47.20339362 0.10 -0.539  -163.501938   24.0   3.373   3.398 |    0.000  -0.000   0.000  -0.000 |  -14.997 -10.634   1.748
  11B  12.57193399 0.11 -0.491  -155.969915   24.0   3.314   3.242 |    0.000  -0.000   0.000  -0.000 |  -14.137  -9.772   1.812
  12B  20.45459769 0.10 -0.520  -164.157816   24.0   3.289   3.328 |    0.000  -0.000   0.000  -0.000 |  -14.651  -9.914   1.772
  13B  14.50542103 0.11 -0.471  -155.896894   24.0   3.154   3.304 |    0.000  -0.000   0.000  -0.000 |  -14.364  -9.677   1.545
  14B   8.02940544 0.13 -0.506  -166.333786   24.0   3.272   3.290 |    0.000  -0.000   0.000  -0.000 |  -14.496 -10.103   1.178
  15L   3.52195273 0.14 -0.480  -166.886942   24.0   3.196   3.261 |    0.000  -0.000   0.000  -0.000 |  -14.115  -9.625   1.686
  16B  15.17976388 0.10 -0.453  -146.830931   24.0   3.247   3.123 |    0.000  -0.000   0.000  -0.000 |  -13.750  -9.536   1.564
  17B   7.15732472 0.11 -0.439  -167.977928   24.0   3.192   3.159 |    0.000  -0.000   0.000  -0.000 |  -14.165  -9.853   1.613
  18B   4.76759480 0.13 -0.439  -169.406656   24.0   3.183   3.174 |    0.000  -0.000   0.000  -0.000 |  -14.202  -9.874   1.806
  19B   6.19244382 0.10 -0.460  -167.139066   24.0   3.179   3.249 |    0.000  -0.000   0.000  -0.000 |  -14.525 -10.049   1.607
  20B   5.35405856 0.11 -0.425  -170.410852   24.0   3.182   3.157 |    0.000  -0.000   0.000  -0.000 |  -14.526 -10.125   1.547
  21B   2.05975909 0.13 -0.409  -173.308352   24.0   3.148   3.172 |    0.000  -0.000   0.000  -0.000 |  -14.749 -10.435   1.621
  22B   8.03835675 0.10 -0.405  -170.897712   24.0   3.142   3.181 |    0.000  -0.000   0.000  -0.000 |  -14.769 -10.465   1.644
  23B   3.65232842 0.11 -0.403  -173.091197   24.0   3.159   3.175 |    0.000  -0.000   0.000  -0.000 |  -15.053 -10.671   1.669
  24B   0.84119499 0.13 -0.407  -173.707473   24.0   3.162   3.180 |    0.000  -0.000   0.000  -0.000 |  -15.113 -10.722   1.631
  25B   1.06461202 0.10 -0.407  -173.691694   24.0   3.164   3.179 |    0.000  -0.000   0.000  -0.000 |  -15.107 -10.712   1.722
  26B   0.60157227 0.11 -0.407  -173.716676   24.0   3.162   3.181 |    0.000  -0.000   0.000  -0.000 |  -15.090 -10.698   1.618
  27B   0.28161059 0.13 -0.407  -173.703282   24.0   3.162   3.181 |    0.000  -0.000   0.000  -0.000 |  -15.080 -10.698   1.766
  28B   0.30193293 0.10 -0.408  -173.672264   24.0   3.162   3.183 |    0.000  -0.000   0.000  -0.000 |  -15.096 -10.717   1.072
  29B   0.26612949 0.11 -0.407  -173.705465   24.0   3.160   3.183 |    0.000   0.000   0.000   0.000 |  -15.041 -10.701   1.425
  30B   0.27760567 0.10 -0.408  -173.711348   24.0   3.160   3.183 |    0.000   0.000   0.000   0.000 |  -15.058 -10.700   1.585
  31B   0.27302487 0.11 -0.407  -173.731002   24.0   3.160   3.182 |    0.000   0.000   0.000   0.000 |  -15.054 -10.695   1.682
  32B   0.26078087 0.13 -0.407  -173.756169   24.0   3.159   3.182 |    0.000  -0.000   0.000  -0.000 |  -15.047 -10.689   1.573
  33B   0.26549833 0.10 -0.407  -173.761600   24.0   3.159   3.182 |    0.000  -0.000   0.000  -0.000 |  -15.046 -10.689   0.938
  34B   0.25162422 0.11 -0.407  -173.804796   24.0   3.158   3.181 |    0.000  -0.000   0.000  -0.000 |  -15.037 -10.677   1.909
  35B   0.20622524 0.13 -0.404  -174.150271   24.0   3.152   3.175 |    0.000  -0.000   0.000  -0.000 |  -14.963 -10.595   1.157
  36B   0.23056341 0.10 -0.405  -174.072531   24.0   3.154   3.176 |    0.000  -0.000   0.000  -0.000 |  -14.976 -10.617   1.202
  37B   0.13274707 0.11 -0.398  -174.780455   24.0   3.141   3.164 |    0.000  -0.000   0.000  -0.000 |  -14.823 -10.444   1.406
  38B   0.04926134 0.13 -0.396  -175.063582   24.0   3.137   3.158 |    0.000  -0.000   0.000  -0.000 |  -14.761 -10.375   1.505
  39B   0.04156041 0.14 -0.395  -175.115196   24.0   3.135   3.158 |    0.000  -0.000   0.000  -0.000 |  -14.751 -10.362   1.755
  40B   0.03421887 0.16 -0.396  -175.063383   24.0   3.136   3.159 |    0.000  -0.000   0.000  -0.000 |  -14.761 -10.376   1.717
  41B   0.06170177 0.10 -0.396  -174.998509   24.0   3.137   3.160 |    0.000   0.000   0.000   0.000 |  -14.775 -10.392   1.629
  42B   0.05002534 0.11 -0.396  -175.010709   24.0   3.137   3.160 |    0.000   0.000   0.000   0.000 |  -14.775 -10.390   1.252
  43B   0.02256627 0.13 -0.396  -175.007612   24.0   3.137   3.160 |    0.000   0.000   0.000   0.000 |  -14.775 -10.390   1.597
  44B   0.01868038 0.14 -0.396  -175.005306   24.0   3.137   3.160 |    0.000   0.000   0.000   0.000 |  -14.776 -10.391   0.993
  45B   0.01705242 0.16 -0.396  -174.988181   24.0   3.137   3.160 |    0.000   0.000   0.000   0.000 |  -14.780 -10.396   1.799
  46B   0.01312594 0.18 -0.396  -174.991585   24.0   3.137   3.160 |    0.000   0.000   0.000   0.000 |  -14.779 -10.395   1.773
  47B   0.01313799 0.10 -0.396  -174.991562   24.0   3.137   3.160 |    0.000   0.000   0.000   0.000 |  -14.779 -10.395   1.627
  48B   0.01395548 0.10 -0.396  -174.995114   24.0   3.137   3.160 |    0.000   0.000   0.000   0.000 |  -14.779 -10.394   1.612
  49B   0.01388844 0.11 -0.396  -174.994895   24.0   3.137   3.160 |    0.000   0.000   0.000   0.000 |  -14.779 -10.394   1.049
  50B   0.01264523 0.13 -0.396  -174.989502   24.0   3.137   3.160 |    0.000   0.000   0.000   0.000 |  -14.780 -10.396   1.274
  51B   0.00856879 0.14 -0.397  -174.971983   24.0   3.138   3.160 |    0.000   0.000   0.000   0.000 |  -14.784 -10.400   1.471
  52B   0.01077415 0.10 -0.396  -174.979418   24.0   3.138   3.160 |    0.000   0.000   0.000   0.000 |  -14.782 -10.398   1.179
  53B   0.00524050 0.11 -0.397  -174.957124   24.0   3.138   3.161 |    0.000   0.000   0.000   0.000 |  -14.788 -10.404   1.854
  54B   0.00473737 0.13 -0.397  -174.937451   24.0   3.138   3.161 |    0.000   0.000   0.000   0.000 |  -14.792 -10.409   1.139
  55B   0.02770983 0.10 -0.397  -174.941206   24.0   3.138   3.161 |    0.000   0.000   0.000   0.000 |  -14.791 -10.408   1.688
  56B   0.00346741 0.11 -0.397  -174.929417   24.0   3.139   3.161 |    0.000   0.000   0.000   0.000 |  -14.794 -10.411   1.441
  57B   0.00254615 0.13 -0.397  -174.925658   24.0   3.139   3.161 |    0.000   0.000   0.000   0.000 |  -14.795 -10.411   1.628
  58B   0.00250689 0.14 -0.397  -174.924293   24.0   3.139   3.161 |    0.000   0.000   0.000   0.000 |  -14.795 -10.412   1.369
  59B   0.00157656 0.16 -0.397  -174.927508   24.0   3.139   3.161 |    0.000   0.000   0.000   0.000 |  -14.794 -10.411   1.921
  60B   0.00141302 0.18 -0.397  -174.928268   24.0   3.139   3.161 |    0.000  -0.000   0.000  -0.000 |  -14.794 -10.411   1.818
  61B   0.00365607 0.10 -0.397  -174.927798   24.0   3.139   3.161 |    0.000   0.000   0.000   0.000 |  -14.794 -10.411   1.750
  62B   0.00156101 0.11 -0.397  -174.927520   24.0   3.139   3.161 |    0.000   0.000   0.000   0.000 |  -14.794 -10.411   1.794
  63B   0.00146956 0.13 -0.397  -174.927938   24.0   3.139   3.161 |    0.000   0.000   0.000   0.000 |  -14.794 -10.411   1.752
  64B   0.00142153 0.14 -0.397  -174.928111   24.0   3.139   3.161 |    0.000  -0.000   0.000  -0.000 |  -14.794 -10.411   1.760
  65B   0.00142793 0.10 -0.397  -174.928108   24.0   3.139   3.161 |    0.000  -0.000   0.000  -0.000 |  -14.794 -10.411   1.269
  66B   0.00143808 0.10 -0.397  -174.928067   24.0   3.139   3.161 |    0.000   0.000   0.000   0.000 |  -14.794 -10.411   1.479
  67B   0.00147779 0.10 -0.397  -174.927895   24.0   3.139   3.161 |    0.000   0.000   0.000   0.000 |  -14.794 -10.411   1.707
  68B   0.00154193 0.10 -0.397  -174.927617   24.0   3.139   3.161 |    0.000   0.000   0.000   0.000 |  -14.794 -10.411   1.838
  69B   0.00156845 0.10 -0.397  -174.927499   24.0   3.139   3.161 |    0.000   0.000   0.000   0.000 |  -14.794 -10.411   1.682
  70B   0.00147455 0.11 -0.397  -174.927899   24.0   3.139   3.161 |    0.000   0.000   0.000   0.000 |  -14.794 -10.411   1.732
  71B   0.00151213 0.10 -0.397  -174.927747   24.0   3.139   3.161 |    0.000   0.000   0.000   0.000 |  -14.794 -10.411   1.754
  72B   0.00156790 0.10 -0.397  -174.927522   24.0   3.139   3.161 |    0.000   0.000   0.000   0.000 |  -14.794 -10.411   1.641
  73B   0.00153220 0.11 -0.397  -174.927673   24.0   3.139   3.161 |    0.000   0.000   0.000   0.000 |  -14.794 -10.411   1.621
  74B   0.00154621 0.10 -0.397  -174.927623   24.0   3.139   3.161 |    0.000   0.000   0.000   0.000 |  -14.794 -10.411   1.620
  75B   0.00144447 0.11 -0.397  -174.928069   24.0   3.139   3.161 |    0.000   0.000   0.000   0.000 |  -14.794 -10.411   1.100
  76B   0.00113852 0.13 -0.397  -174.929390   24.0   3.139   3.161 |    0.000   0.000   0.000   0.000 |  -14.794 -10.410   1.750
  77B   0.00096527 0.14 -0.397  -174.930148   24.0   3.138   3.161 |    0.000   0.000   0.000   0.000 |  -14.793 -10.410   1.192
  78B   0.00070329 0.16 -0.397  -174.931294   24.0   3.138   3.161 |    0.000   0.000   0.000   0.000 |  -14.793 -10.410   1.708
  79B   0.00131015 0.10 -0.397  -174.932525   24.0   3.138   3.161 |    0.000   0.000   0.000   0.000 |  -14.793 -10.410   0.979
  80B   0.00027016 0.11 -0.397  -174.933178   24.0   3.138   3.161 |    0.000   0.000   0.000   0.000 |  -14.793 -10.409   1.952
  81B   0.00017031 0.13 -0.397  -174.933596   24.0   3.138   3.161 |    0.000   0.000   0.000   0.000 |  -14.793 -10.409   1.727
  82B   0.00015989 0.14 -0.397  -174.933950   24.0   3.138   3.161 |    0.000   0.000   0.000   0.000 |  -14.793 -10.409   1.736
  83B   0.00009854 0.16 -0.397  -174.934095   24.0   3.138   3.161 |    0.000   0.000   0.000   0.000 |  -14.792 -10.409   1.649
  84B   0.00007808 0.18 -0.397  -174.934222   24.0   3.138   3.161 |    0.000  -0.000   0.000  -0.000 |  -14.792 -10.409   1.577
  85B   0.00009051 0.10 -0.397  -174.934268   24.0   3.138   3.161 |    0.000  -0.000   0.000  -0.000 |  -14.792 -10.409   1.524
  86B   0.00001896 0.11 -0.397  -174.934349   24.0   3.138   3.161 |    0.000  -0.000   0.000  -0.000 |  -14.792 -10.409   1.117
  87B   0.00001593 0.13 -0.397  -174.934349   24.0   3.138   3.161 |    0.000  -0.000   0.000  -0.000 |  -14.792 -10.409   1.199
  88B   0.00003647 0.10 -0.397  -174.934379   24.0   3.138   3.161 |    0.000   0.000   0.000   0.000 |  -14.792 -10.409   1.606
  89B   0.00001360 0.11 -0.397  -174.934362   24.0   3.138   3.161 |    0.000  -0.000   0.000  -0.000 |  -14.792 -10.409   1.609
  90B   0.00001272 0.13 -0.397  -174.934387   24.0   3.138   3.161 |    0.000   0.000   0.000   0.000 |  -14.792 -10.409   1.631
  91B   0.00000572 0.14 -0.397  -174.934367   24.0   3.138   3.161 |    0.000   0.000   0.000   0.000 |  -14.792 -10.409   1.152
  92B   0.00000810 0.10 -0.397  -174.934377   24.0   3.138   3.161 |    0.000   0.000   0.000   0.000 |  -14.792 -10.409   1.021
  93B   0.00000815 0.10 -0.397  -174.934377   24.0   3.138   3.161 |    0.000   0.000   0.000   0.000 |  -14.792 -10.409   1.209
  94B   0.00000806 0.11 -0.397  -174.934377   24.0   3.138   3.161 |    0.000   0.000   0.000   0.000 |  -14.792 -10.409   1.439
  95B   0.00000759 0.13 -0.397  -174.934375   24.0   3.138   3.161 |    0.000   0.000   0.000   0.000 |  -14.792 -10.409   1.483
  96B   0.00000682 0.14 -0.397  -174.934371   24.0   3.138   3.161 |    0.000   0.000   0.000   0.000 |  -14.792 -10.409   1.602
  97B   0.00000470 0.16 -0.397  -174.934354   24.0   3.138   3.161 |    0.000  -0.000   0.000  -0.000 |  -14.792 -10.409   1.518
  98B   0.00000711 0.10 -0.397  -174.934359   24.0   3.138   3.161 |    0.000  -0.000   0.000  -0.000 |  -14.792 -10.409   1.452
  99B   0.00000325 0.11 -0.397  -174.934352   24.0   3.138   3.161 |    0.000  -0.000   0.000  -0.000 |  -14.792 -10.409   0.981
 100B   0.00000127 0.13 -0.397  -174.934347   24.0   3.138   3.161 |    0.000  -0.000   0.000  -0.000 |  -14.792 -10.409   0.854
 101B   0.00000084 0.14 -0.397  -174.934345   24.0   3.138   3.161 |    0.000  -0.000   0.000  -0.000 |  -14.792 -10.409   1.045
 102B   0.00000048 0.16 -0.397  -174.934344   24.0   3.138   3.161 |    0.000  -0.000   0.000  -0.000 |  -14.792 -10.409   1.019
 103B   0.00000034 0.18 -0.397  -174.934343   24.0   3.138   3.161 |    0.000  -0.000   0.000  -0.000 |  -14.792 -10.409   1.045
 104B   0.00000017 0.21 -0.397  -174.934342   24.0   3.138   3.161 |    0.000  -0.000   0.000  -0.000 |  -14.792 -10.409   1.089
 105B   0.00000013 0.24 -0.397  -174.934342   24.0   3.138   3.161 |    0.000   0.000   0.000   0.000 |  -14.792 -10.409   1.019
 106B   0.00000009 0.27 -0.397  -174.934342   24.0   3.138   3.161 |    0.000   0.000   0.000   0.000 |  -14.792 -10.409   1.034
 107B   0.00000014 0.10 -0.397  -174.934341   24.0   3.138   3.161 |    0.000   0.000   0.000   0.000 |  -14.792 -10.409   1.017
 108B   0.00000013 0.11 -0.397  -174.934342   24.0   3.138   3.161 |    0.000   0.000   0.000   0.000 |  -14.792 -10.409   1.143
 109B   0.00000002 0.13 -0.397  -174.934342   24.0   3.138   3.161 |    0.000   0.000   0.000   0.000 |  -14.792 -10.409   1.332
 110B   0.00000004 0.10 -0.397  -174.934342   24.0   3.138   3.161 |    0.000   0.000   0.000   0.000 |  -14.792 -10.409   1.074
 111B   0.00000002 0.11 -0.397  -174.934342   24.0   3.138   3.161 |    0.000  -0.000   0.000  -0.000 |  -14.792 -10.409   1.323
 112B   0.00000003 0.10 -0.397  -174.934342   24.0   3.138   3.161 |    0.000  -0.000   0.000  -0.000 |  -14.792 -10.409   0.949
 113B   0.00000002 0.11 -0.397  -174.934342   24.0   3.138   3.161 |    0.000  -0.000   0.000  -0.000 |  -14.792 -10.409   1.541
 114B   0.00000002 0.13 -0.397  -174.934342   24.0   3.138   3.161 |    0.000  -0.000   0.000  -0.000 |  -14.792 -10.409   1.509
 115B   0.00000002 0.14 -0.397  -174.934342   24.0   3.138   3.161 |    0.000  -0.000   0.000  -0.000 |  -14.792 -10.409   1.167
 116B   0.00000002 0.16 -0.397  -174.934342   24.0   3.138   3.161 |    0.000  -0.000   0.000  -0.000 |  -14.792 -10.409   1.438
 117B   0.00000002 0.10 -0.397  -174.934342   24.0   3.138   3.161 |    0.000  -0.000   0.000  -0.000 |  -14.792 -10.409   1.303
 118B   0.00000002 0.10 -0.397  -174.934342   24.0   3.138   3.161 |    0.000  -0.000   0.000  -0.000 |  -14.792 -10.409   1.015
 119B   0.00000001 0.11 -0.397  -174.934342   24.0   3.138   3.161 |    0.000  -0.000   0.000   0.000 |  -14.792 -10.409   0.976
 120B   0.00000000 0.13 -0.397  -174.934342   24.0   3.138   3.161 |    0.000   0.000   0.000   0.000 |  -14.792 -10.409   0.998
 121B   0.00000001 0.10 -0.397  -174.934342   24.0   3.138   3.161 |    0.000   0.000   0.000  -0.000 |  -14.792 -10.409   0.936
 122B   0.00000001 0.11 -0.397  -174.934342   24.0   3.138   3.161 |    0.000   0.000   0.000   0.000 |  -14.792 -10.409   0.998
 123B   0.00000000 0.13 -0.397  -174.934342   24.0   3.138   3.161 |    0.000  -0.000   0.000   0.000 |  -14.792 -10.409   1.135
 124B   0.00000000 0.10 -0.397  -174.934342   24.0   3.138   3.161 |    0.000   0.000   0.000  -0.000 |  -14.792 -10.409   1.396
 125B   0.00000000 0.11 -0.397  -174.934342   24.0   3.138   3.161 |    0.000  -0.000   0.000  -0.000 |  -14.792 -10.409   0.934
 126B   0.00000000 0.10 -0.397  -174.934342   24.0   3.138   3.161 |    0.000   0.000   0.000  -0.000 |  -14.792 -10.409   1.171
 127B   0.00000000 0.11 -0.397  -174.934342   24.0   3.138   3.161 |    0.000   0.000   0.000   0.000 |  -14.792 -10.409   0.991
 128B   0.00000000 0.13 -0.397  -174.934342   24.0   3.138   3.161 |    0.000  -0.000   0.000  -0.000 |  -14.792 -10.409   1.432
 129B   0.00000000 0.14 -0.397  -174.934342   24.0   3.138   3.161 |    0.000  -0.000   0.000  -0.000 |  -14.792 -10.409   1.532
 130B   0.00000000 0.16 -0.397  -174.934342   24.0   3.138   3.161 |    0.000   0.000   0.000   0.000 |  -14.792 -10.409   1.483
 131B   0.00000000 0.18 -0.397  -174.934342   24.0   3.138   3.161 |    0.000  -0.000   0.000  -0.000 |  -14.792 -10.409   1.330
  ----------------------------------------------------------------------------------------------------------------------------------
  *   iteration converged   after 131 steps   si=     0.0000000008 ho=  0 tho=  0
  ----------------------------------------------------------------------------------------------------------------------------------
  Total CPU time=   3.763 minutes

  Writing to wel_file: s012_012.hel
 __________________________________  
  The tape s012_012.hel recorded:     
  nucname,npr,ngh,ngl,n00,nb,nt      
  b0,beta0,si,etot,rms,bet,xmix      
  pairing:     CpV0,CpV1,pwi         
  delta:       del,ept               
  lambda:      ala,ala2,alast,tz     
  asymptotic:  varmas,ass,skass      
  ntx,nb,nhhdim,id,N_rz,n_r,n_z      
  Omega2,Sigma2,Parity,Lambda        
  matrices(inbro):    hh,de          
  *all blocking candidates           
 __________________________________  



 #quasiparticle energies neutrons
 --------------------------------
  eqp(k) -> q.p. energy 
  e(k)   -> referent s.p. energy 
  p(k)   -> occ.probability 
  del(k) -> referent s.p. gap 
  fermi energy alast=  -14.792421104850961     
  #k  block#    eqp(k)     e(k)       (1-2N)E      decay        p(k)        del(k)    overl      labels
   1    1     0.072925  -14.865346   -0.072925    1.693402    1.00000000   0.0000   0.7762  1+[ 2, 0, 0]
   2    1     7.930936   -6.861485    7.930936    2.093672    0.00000000   0.0000   0.8268  1+[ 2, 1, 1]
   3    1    15.636316    0.843895   15.636316    2.422782    0.00000000   0.0000   0.8929  1+[ 2, 2, 0]
   4    1    19.051156  -33.843577  -19.051156    2.555116    1.00000000   0.0000   0.9507  1+[ 0, 0, 0]
   5    1    20.522078    5.729657   20.522078    2.610051    0.00000000   0.0000   0.5861  1+[ 4, 0, 0]
   6    1    27.189332   12.396911   27.189332    2.845789    0.00000000   0.0000   0.6231  1+[ 4, 1, 1]
   7    1    32.734701   17.942280   32.734701    3.027912    0.00000000   0.0000   0.6503  1+[ 4, 2, 0]
   8    1    37.063337   22.270915   37.063337    3.162794    0.00000000   0.0000   0.7105  1+[ 4, 3, 1]
   9    1    40.718914   25.926493   40.718914    3.272376    0.00000000   0.0000   0.7360  1+[ 4, 4, 0]
  10    1    44.696196   29.903775   44.696196    3.387578    0.00000000   0.0000   0.5197  1+[ 4, 0, 0]
  11    1    50.951618   36.159197   50.951618    3.561235    0.00000000   0.0000   0.4222  1+[ 6, 1, 1]
  12    1    56.021784   41.229363   56.021784    3.696006    0.00000000   0.0000   0.4218  1+[ 6, 2, 0]
  13    1    58.419952   43.627531   58.419952    3.758068    0.00000000   0.0000   0.4931  1+[ 6, 4, 0]
  14    1    60.478146   45.685725   60.478146    3.810527    0.00000000   0.0000   0.4127  1+[ 6, 4, 0]
  15    1    61.801308   47.008887   61.801308    3.843873    0.00000000   0.0000   0.6427  1+[ 6, 5, 1]
  16    1    65.286991   50.494570   65.286991    3.930365    0.00000000   0.0000   0.7221  1+[ 6, 6, 0]
  17    2     1.033373  -15.825794   -1.033373    1.747251    1.00000000   0.0000   0.9067  1-[ 1, 1, 0]
  18    2     9.729603  -24.522025   -9.729603    2.174957    1.00000000   0.0000   0.8883  1-[ 1, 0, 1]
  19    2    10.388542   -4.403879   10.388542    2.203985    0.00000000   0.0000   0.7250  1-[ 3, 0, 1]
  20    2    18.159983    3.367562   18.159983    2.521250    0.00000000   0.0000   0.7203  1-[ 3, 1, 0]
  21    2    24.939100   10.146679   24.939100    2.768471    0.00000000   0.0000   0.8125  1-[ 3, 2, 1]
  22    2    30.491123   15.698702   30.491123    2.955579    0.00000000   0.0000   0.8353  1-[ 3, 3, 0]
  23    2    34.227512   19.435090   34.227512    3.075097    0.00000000   0.0000   0.5907  1-[ 5, 0, 1]
  24    2    40.658028   25.865607   40.658028    3.270581    0.00000000   0.0000   0.5313  1-[ 5, 1, 0]
  25    2    45.407877   30.615456   45.407877    3.407782    0.00000000   0.0000   0.5666  1-[ 5, 2, 1]
  26    2    48.892808   34.100387   48.892808    3.505030    0.00000000   0.0000   0.6064  1-[ 5, 3, 0]
  27    2    51.068121   36.275700   51.068121    3.564389    0.00000000   0.0000   0.6291  1-[ 5, 4, 1]
  28    2    53.937365   39.144944   53.937365    3.641203    0.00000000   0.0000   0.7659  1-[ 5, 5, 0]
  29    2    69.267892   54.475471   69.267892    4.026873    0.00000000   0.0000   0.5713  1-[ 7, 1, 0]
  30    3     0.072925  -14.719496    0.072925    1.693402    0.00000000   0.0000   0.8035  3+[ 2, 0, 2]
  31    3     7.993297   -6.799125    7.993297    2.096543    0.00000000   0.0000   0.8177  3+[ 2, 1, 1]
  32    3    20.554598    5.762177   20.554598    2.611252    0.00000000   0.0000   0.6304  3+[ 4, 0, 2]
  33    3    27.048621   12.256200   27.048621    2.841016    0.00000000   0.0000   0.6358  3+[ 4, 1, 1]
  34    3    32.936343   18.143922   32.936343    3.034328    0.00000000   0.0000   0.7325  3+[ 4, 2, 2]
  35    3    37.618998   22.826576   37.618998    3.179694    0.00000000   0.0000   0.7224  3+[ 4, 3, 1]
  36    3    44.382792   29.590371   44.382792    3.378643    0.00000000   0.0000   0.5046  3+[ 6, 0, 2]
  37    3    50.929301   36.136880   50.929301    3.560630    0.00000000   0.0000   0.4275  3+[ 6, 1, 1]
  38    3    55.034142   40.241721   55.034142    3.670141    0.00000000   0.0000   0.4536  3+[ 6, 2, 2]
  39    3    58.151599   43.359178   58.151599    3.751175    0.00000000   0.0000   0.6505  3+[ 6, 4, 2]
  40    3    59.554784   44.762362   59.554784    3.787082    0.00000000   0.0000   0.4287  3+[ 6, 3, 1]
  41    3    61.940538   47.148117   61.940538    3.847365    0.00000000   0.0000   0.7210  3+[ 6, 5, 1]
  42    4     9.369712   -5.422709    9.369712    2.158937    0.00000000   0.0000   0.7537  3-[ 3, 0, 1]
  43    4    11.036838  -25.829259  -11.036838    2.232176    1.00000000   0.0000   0.9298  3-[ 1, 0, 1]
  44    4    17.873841    3.081420   17.873841    2.510280    0.00000000   0.0000   0.7885  3-[ 3, 1, 2]
  45    4    24.946873   10.154452   24.946873    2.768742    0.00000000   0.0000   0.8242  3-[ 3, 2, 1]
  46    4    33.239372   18.446951   33.239372    3.043945    0.00000000   0.0000   0.6429  3-[ 5, 0, 1]
  47    4    39.821894   25.029473   39.821894    3.245829    0.00000000   0.0000   0.5810  3-[ 5, 1, 2]
  48    4    45.501830   30.709409   45.501830    3.410440    0.00000000   0.0000   0.5932  3-[ 5, 2, 1]
  49    4    47.897352   33.104931   47.897352    3.477529    0.00000000   0.0000   0.6938  3-[ 5, 3, 2]
  50    4    51.657817   36.865396   51.657817    3.580311    0.00000000   0.0000   0.7148  3-[ 5, 4, 1]
  51    4    68.562709   53.770288   68.562709    4.009947    0.00000000   0.0000   0.5871  3-[ 7, 0, 1]
  52    4    74.723180   59.930759   74.723180    4.155486    0.00000000   0.0000   0.5425  3-[ 7, 2, 1]
  53    5     2.143910  -16.936331   -2.143910    1.807516    1.00000000   0.0000   0.9105  5+[ 2, 0, 2]
  54    5    18.991758    4.199337   18.991758    2.552872    0.00000000   0.0000   0.7040  5+[ 4, 0, 2]
  55    5    27.397532   12.605111   27.397532    2.852837    0.00000000   0.0000   0.7487  5+[ 4, 1, 3]
  56    5    33.217852   18.425431   33.217852    3.043263    0.00000000   0.0000   0.7428  5+[ 4, 2, 2]
  57    5    42.894826   28.102405   42.894826    3.335895    0.00000000   0.0000   0.5890  5+[ 6, 0, 2]
  58    5    49.506160   34.713739   49.506160    3.521868    0.00000000   0.0000   0.4958  5+[ 6, 1, 3]
  59    5    55.478585   40.686164   55.478585    3.681803    0.00000000   0.0000   0.4960  5+[ 6, 2, 2]
  60    5    56.304701   41.512280   56.304701    3.703381    0.00000000   0.0000   0.5887  5+[ 6, 3, 3]
  61    5    59.569807   44.777386   59.569807    3.787465    0.00000000   0.0000   0.6637  5+[ 6, 4, 2]
  62    6    10.439176   -4.353245   10.439176    2.206200    0.00000000   0.0000   0.7522  5-[ 3, 0, 3]
  63    6    17.881342    3.088921   17.881342    2.510568    0.00000000   0.0000   0.7598  5-[ 3, 1, 2]
  64    6    33.645400   18.852979   33.645400    3.056784    0.00000000   0.0000   0.5979  5-[ 5, 0, 3]
  65    6    40.799158   26.006737   40.799158    3.274741    0.00000000   0.0000   0.5731  5-[ 5, 1, 2]
  66    6    44.371639   29.579218   44.371639    3.378325    0.00000000   0.0000   0.7356  5-[ 5, 2, 3]
  67    6    48.889702   34.097281   48.889702    3.504945    0.00000000   0.0000   0.7290  5-[ 5, 3, 2]
  68    6    67.185402   52.392981   67.185402    3.976680    0.00000000   0.0000   0.6257  5-[ 7, 1, 2]
  69    6    73.750450   58.958029   73.750450    4.132846    0.00000000   0.0000   0.5312  5-[ 7, 2, 3]
  70    7    20.857133    6.064711   20.857133    2.622403    0.00000000   0.0000   0.7195  7+[ 4, 0, 4]
  71    7    27.138335   12.345914   27.138335    2.844060    0.00000000   0.0000   0.7212  7+[ 4, 1, 3]
  72    7    43.639391   28.846970   43.639391    3.357354    0.00000000   0.0000   0.5478  7+[ 6, 1, 3]
  73    7    51.155488   36.363067   51.155488    3.566752    0.00000000   0.0000   0.4567  7+[ 6, 1, 3]
  74    7    53.290687   38.498266   53.290687    3.624033    0.00000000   0.0000   0.7177  7+[ 6, 2, 4]
  75    7    57.057391   42.264970   57.057391    3.722933    0.00000000   0.0000   0.6848  7+[ 6, 3, 3]
  76    8     7.451642   -7.340779    7.451642    2.071474    0.00000000   0.0000   0.9058  7-[ 3, 0, 3]
  77    8    31.562158   16.769737   31.562158    2.990327    0.00000000   0.0000   0.7612  7-[ 5, 0, 3]
  78    8    39.429002   24.636581   39.429002    3.234133    0.00000000   0.0000   0.7469  7-[ 5, 1, 4]
  79    8    44.876563   30.084142   44.876563    3.392710    0.00000000   0.0000   0.7538  7-[ 5, 2, 3]
  80    8    65.425891   50.633469   65.425891    3.933772    0.00000000   0.0000   0.7079  7-[ 7, 0, 3]
  81    8    71.202728   56.410307   71.202728    4.072953    0.00000000   0.0000   0.5862  7-[ 7, 2, 3]
  82    8    74.313054   59.520633   74.313054    4.145955    0.00000000   0.0000   0.6963  7-[ 7, 3, 4]
  83    9    17.427400    2.634979   17.427400    2.493067    0.00000000   0.0000   0.8944  9+[ 4, 0, 4]
  84    9    41.195085   26.402663   41.195085    3.286382    0.00000000   0.0000   0.7325  9+[ 6, 0, 4]
  85    9    49.220988   34.428566   49.220988    3.514050    0.00000000   0.0000   0.7399  9+[ 6, 1, 5]
  86    9    53.623374   38.830953   53.623374    3.632876    0.00000000   0.0000   0.7236  9+[ 6, 2, 4]
  87   10    33.057176   18.264755   33.057176    3.038166    0.00000000   0.0000   0.7068  9-[ 5, 0, 5]
  88   10    39.351595   24.559174   39.351595    3.231824    0.00000000   0.0000   0.7050  9-[ 5, 1, 4]
  89   10    64.050077   49.257656   64.050077    3.899892    0.00000000   0.0000   0.7158  9-[ 7, 1, 4]
  90   10    71.282291   56.489870   71.282291    4.074837    0.00000000   0.0000   0.7147  9-[ 7, 2, 5]
  91   11    43.921214   29.128793   43.921214    3.365440    0.00000000   0.0000   0.7081 11+[ 6, 0, 6]
  92   11    48.845519   34.053098   48.845519    3.503729    0.00000000   0.0000   0.7071 11+[ 6, 1, 5]
  93   12    28.997618   14.205197   28.997618    2.906432    0.00000000   0.0000   0.9282 11-[ 5, 0, 5]
  94   12    62.260871   47.468450   62.260871    3.855387    0.00000000   0.0000   0.8847 11-[ 7, 0, 5]
  95   12    67.341888   52.549467   67.341888    3.980473    0.00000000   0.0000   0.7645 11-[ 7, 2, 5]
  96   12    74.081750   59.289329   74.081750    4.140571    0.00000000   0.0000   0.7192 11-[ 7, 1, 6]
  97   13    39.900253   25.107832   39.900253    3.248157    0.00000000   0.0000   0.9196 13+[ 6, 0, 6]
  98   13    72.964845   58.172424   72.964845    4.114471    0.00000000   0.0000   0.8832 13+[ 8, 0, 6]
  99   14    61.557306   46.764885   61.557306    3.837745    0.00000000   0.0000   0.7967 13-[ 7, 1, 6]
 100   14    69.621905   54.829484   69.621905    4.035343    0.00000000   0.0000   0.7967 13-[ 7, 0, 7]
 101   15    73.319892   58.527471   73.319892    4.122785    0.00000000   0.0000   0.8063 15+[ 8, 1, 7]
 102   16    56.931770   42.139349   56.931770    3.719677    0.00000000   0.0000   1.0000 15-[ 7, 0, 7]
 103   17    68.763998   53.971577   68.763998    4.014785    0.00000000   0.0000   1.0000 17+[ 8, 0, 8]
#all active are  103 q.p. states out of  165
#since the cut off is pwi=  60.0
#check: number of neutrons=  12.0


 #canonical s.p. energies neutrons
 ---------------------------------


  labels -> {2*omega}{parity}[nn=nz+2*nr+nl,nz,nl]
  cqpe   -> canonical q.p. energies
  ce     -> canonical s.p. energies
  fermi energy=  -14.792421104850961     
  average cdelt=  -1.0016900098261154E-021
  k0      ceqp        ce         v*v       u*v        cdel     overl      labels
   1   11.112200   11.112200   0.00000000   0.00000000   0.0000   0.6808  1+[ 2, 2, 0]
   2    7.322916    7.322916   0.00000000   0.00000000   0.0000   0.5516  1+[ 4, 0, 0]
   3   35.096552   35.096552   0.00000000   0.00000000   0.0000   0.6675  1+[ 6, 0, 0]
   4   46.103526   46.103526   0.00000000   0.00000000   0.0000   0.5713  1+[ 4, 1, 1]
   5   42.968268   42.968268   0.00000000   0.00000000   0.0000   0.5002  1+[ 8, 0, 0]
   7   46.862425   46.862425   0.00000000   0.00000000   0.0000   0.5505  1+[ 4, 4, 0]
  11   54.270351   54.270351   0.00000000   0.00000000   0.0000   0.5394  1+[ 8, 7, 1]
  12   58.092891   58.092891   0.00000000   0.00000000   0.0000   0.5387  1+[ 6, 4, 0]
  15   51.239751   51.239751   0.00000000   0.00000000   0.0000   0.6312  1+[ 6, 2, 0]
  16   48.506226   48.506226   0.00000000   0.00000000   0.0000   0.5139  1+[ 8, 2, 0]
  18   49.992794   49.992794   0.00000000   0.00000000   0.0000   0.5723  1+[ 8, 5, 1]
  19   44.793979   44.793979   0.00000000   0.00000000   0.0000   0.6196  1+[ 6, 1, 1]
  21   42.649250   42.649250   0.00000000   0.00000000   0.0000   0.6771  1+[ 8, 0, 0]
  22   24.645500   24.645500   0.00000000   0.00000000   0.0000   0.6673  1+[ 6, 0, 0]
  23   -3.152190   -3.152190   0.00000000   0.00000001   0.0000   0.7653  1+[ 2, 1, 1]
  24  -14.719496  -14.865346   0.81130395   0.39126698   0.0000   0.7762  1+[ 2, 0, 0]
  25    4.258735  -33.843577   1.00000000   0.00000003   0.0000   0.9507  1+[ 0, 0, 0]
  26    2.165081    2.165081   0.00000000   0.00000000   0.0000   0.8443  1-[ 3, 0, 1]
  27   23.729641   23.729641   0.00000000   0.00000000   0.0000   0.7017  1-[ 3, 2, 1]
  28    3.393607    3.393607   0.00000000   0.00000000   0.0000   0.8559  1-[ 3, 1, 0]
  29   39.463373   39.463373   0.00000000   0.00000000   0.0000   0.7715  1-[ 7, 0, 1]
  30   39.878807   39.878807   0.00000000   0.00000000   0.0000   0.7145  1-[ 5, 1, 0]
  31   27.546549   27.546549   0.00000000   0.00000000   0.0000   0.8225  1-[ 3, 3, 0]
  32   49.055514   49.055514   0.00000000   0.00000000   0.0000   0.6110  1-[ 5, 2, 1]
  33   46.457914   46.457914   0.00000000   0.00000000   0.0000   0.6282  1-[ 5, 4, 1]
  34   57.103774   57.103774   0.00000000   0.00000000   0.0000   0.6320  1-[ 5, 5, 0]
  35   59.691160   59.691160   0.00000000   0.00000000   0.0000   0.5728  1-[ 7, 2, 1]
  37   54.765118   54.765118   0.00000000   0.00000000   0.0000   0.5834  1-[ 7, 4, 1]
  38   54.689354   54.689354   0.00000000   0.00000000   0.0000   0.4790  1-[ 7, 3, 0]
  39   45.305158   45.305158   0.00000000   0.00000000   0.0000   0.4890  1-[ 7, 5, 0]
  40   39.997862   39.997862   0.00000000   0.00000000   0.0000   0.4603  1-[ 5, 4, 1]
  41   57.421424   57.421424   0.00000000   0.00000000   0.0000   0.5801  1-[ 7, 5, 0]
  42   50.048492   50.048492   0.00000000   0.00000000   0.0000   0.5037  1-[ 7, 1, 0]
  43   26.154590   26.154590   0.00000000   0.00000001   0.0000   0.7124  1-[ 5, 0, 1]
  44  -13.759048  -15.825794   1.00000000   0.00003252   0.0000   0.9067  1-[ 1, 1, 0]
  45   -5.062818  -24.522025   1.00000000   0.00000000   0.0000   0.8883  1-[ 1, 0, 1]
  46   18.684278   18.684278   0.00000000   0.00000000   0.0000   0.7059  3+[ 2, 1, 1]
  47   19.032556   19.032556   0.00000000   0.00000000   0.0000   0.8966  3+[ 4, 1, 1]
  49   54.314008   54.314008   0.00000000   0.00000000   0.0000   0.5234  3+[ 8, 5, 1]
  51   57.791091   57.791091   0.00000000   0.00000000   0.0000   0.5752  3+[ 8, 1, 1]
  52   57.657569   57.657569   0.00000000   0.00000000   0.0000   0.5889  3+[ 6, 5, 1]
  53   58.291703   58.291703   0.00000000   0.00000000   0.0000   0.5792  3+[ 8, 4, 2]
  54   51.429177   51.429177   0.00000000   0.00000000   0.0000   0.5732  3+[ 6, 2, 2]
  55   51.142460   51.142460   0.00000000   0.00000000   0.0000   0.8987  3+[ 6, 4, 2]
  57   34.160642   34.160642   0.00000000   0.00000000   0.0000   0.9172  3+[ 4, 2, 2]
  60   55.336763   55.336763   0.00000000   0.00000000   0.0000   0.4418  3+[ 8, 7, 1]
  61   39.446458   39.446458   0.00000000   0.00000000   0.0000   0.6270  3+[ 4, 3, 1]
  62   46.450649   46.450649   0.00000000   0.00000000   0.0000   0.7809  3+[ 8, 0, 2]
  63   21.800044   21.800044   0.00000000   0.00000000   0.0000   0.8376  3+[ 6, 0, 2]
  64   12.329121   12.329121   0.00000000   0.00000000   0.0000   0.6342  3+[ 4, 0, 2]
  65  -14.719496  -14.719496   0.18869605   0.39126698   0.0000   0.8035  3+[ 2, 0, 2]
  66   26.827770   26.827770   0.00000000   0.00000000   0.0000   0.9242  3-[ 5, 0, 1]
  67   24.040788   24.040788   0.00000000   0.00000000   0.0000   0.7876  3-[ 3, 2, 1]
  68   38.535973   38.535973   0.00000000   0.00000000   0.0000   0.4768  3-[ 3, 2, 1]
  69   44.991981   44.991981   0.00000000   0.00000000   0.0000   0.8109  3-[ 5, 3, 2]
  70   55.366618   55.366618   0.00000000   0.00000000   0.0000   0.6686  3-[ 7, 5, 2]
  71   50.497734   50.497734   0.00000000   0.00000000   0.0000   0.5850  3-[ 5, 4, 1]
  72   56.199437   56.199437   0.00000000   0.00000000   0.0000   0.6505  3-[ 7, 4, 1]
  73   49.922709   49.922709   0.00000000   0.00000000   0.0000   0.6006  3-[ 7, 2, 1]
  74   51.454898   51.454898   0.00000000   0.00000000   0.0000   0.6500  3-[ 7, 4, 1]
  75   40.866603   40.866603   0.00000000   0.00000000   0.0000   0.5320  3-[ 5, 4, 1]
  76   54.527228   54.527228   0.00000000   0.00000000   0.0000   0.5659  3-[ 7, 5, 2]
  77   54.400472   54.400472   0.00000000   0.00000000   0.0000   0.5811  3-[ 7, 3, 2]
  78   48.038151   48.038151   0.00000000   0.00000000   0.0000   0.8946  3-[ 7, 0, 1]
  79    1.204537    1.204537   0.00000000   0.00000000   0.0000   0.7563  3-[ 3, 1, 2]
  80    3.879003    3.879003   0.00000000   0.00000001   0.0000   0.6437  3-[ 3, 1, 2]
  81   -3.755583  -25.829259   1.00000000   0.00000000   0.0000   0.9298  3-[ 1, 0, 1]
  82   19.699346   19.699346   0.00000000   0.00000000   0.0000   0.6852  5+[ 4, 0, 2]
  83   19.991146   19.991146   0.00000000   0.00000000   0.0000   0.6991  5+[ 4, 1, 3]
  84   39.300170   39.300170   0.00000000   0.00000000   0.0000   0.5608  5+[ 6, 2, 2]
  86   43.316724   43.316724   0.00000000   0.00000000   0.0000   0.5481  5+[ 6, 3, 3]
  89   52.465315   52.465315   0.00000000   0.00000000   0.0000   0.6697  5+[ 8, 1, 3]
  91   51.614464   51.614464   0.00000000   0.00000000   0.0000   0.5903  5+[ 8, 2, 2]
  94   45.937393   45.937393   0.00000000   0.00000000   0.0000   0.6572  5+[ 4, 2, 2]
  96   22.716137   22.716137   0.00000000   0.00000000   0.0000   0.9255  5+[ 6, 0, 2]
  97  -12.648511  -16.936331   1.00000000   0.00000000   0.0000   0.9105  5+[ 2, 0, 2]
  98   58.897996   58.897996   0.00000000   0.00000000   0.0000   0.5166  5-[ 5, 0, 3]
  99   54.132499   54.132499   0.00000000   0.00000000   0.0000   0.6435  5-[ 7, 0, 3]
 100   56.292667   56.292667   0.00000000   0.00000000   0.0000   0.6303  5-[ 7, 4, 3]
 101   53.734774   53.734774   0.00000000   0.00000000   0.0000   0.4971  5-[ 7, 4, 3]
 102   26.293887   26.293887   0.00000000   0.00000000   0.0000   0.6494  5-[ 3, 0, 3]
 103   27.027232   27.027232   0.00000000   0.00000000   0.0000   0.5598  5-[ 7, 1, 2]
 104   43.029457   43.029457   0.00000000   0.00000000   0.0000   0.6061  5-[ 7, 5, 2]
 105   25.184854   25.184854   0.00000000   0.00000000   0.0000   0.4691  5-[ 5, 1, 2]
 106   45.559774   45.559774   0.00000000   0.00000000   0.0000   0.5530  5-[ 7, 5, 2]
 107   16.939213   16.939213   0.00000000   0.00000000   0.0000   0.6498  5-[ 3, 1, 2]
 108   55.447578   55.447578   0.00000000   0.00000000   0.0000   0.5247  5-[ 7, 1, 2]
 109   17.338929   17.338929   0.00000000   0.00000000   0.0000   0.5347  5-[ 5, 0, 3]
 110   48.599905   48.599905   0.00000000   0.00000000   0.0000   0.5137  7+[ 8, 2, 4]
 112   47.620364   47.620364   0.00000000   0.00000000   0.0000   0.5709  7+[ 6, 2, 4]
 114   57.530665   57.530665   0.00000000   0.00000000   0.0000   0.5203  7+[ 8, 1, 3]
 115   43.088155   43.088155   0.00000000   0.00000000   0.0000   0.6063  7+[ 4, 1, 3]
 116   49.580214   49.580214   0.00000000   0.00000000   0.0000   0.5175  7+[ 8, 5, 3]
 117   43.478921   43.478921   0.00000000   0.00000000   0.0000   0.5235  7+[ 6, 2, 4]
 118   55.764246   55.764246   0.00000000   0.00000000   0.0000   0.5158  7+[ 8, 1, 3]
 119   47.344510   47.344510   0.00000000   0.00000000   0.0000   0.5778  7+[ 4, 1, 3]
 120   52.932535   52.932535   0.00000000   0.00000000   0.0000   0.4690  7+[ 8, 4, 4]
 121   21.674055   21.674055   0.00000000   0.00000000   0.0000   0.7641  7+[ 4, 0, 4]
 122   39.995158   39.995158   0.00000000   0.00000000   0.0000   0.5712  7-[ 7, 1, 4]
 123   51.541804   51.541804   0.00000000   0.00000000   0.0000   0.8184  7-[ 7, 3, 4]
 124   33.178422   33.178422   0.00000000   0.00000000   0.0000   0.5211  7-[ 3, 0, 3]
 125   51.185800   51.185800   0.00000000   0.00000000   0.0000   0.6034  7-[ 7, 1, 4]
 126   37.038746   37.038746   0.00000000   0.00000000   0.0000   0.8371  7-[ 5, 1, 4]
 127   55.843716   55.843716   0.00000000   0.00000000   0.0000   0.6167  7-[ 7, 0, 3]
 128   41.708096   41.708096   0.00000000   0.00000000   0.0000   0.7053  7-[ 5, 2, 3]
 129   32.927378   32.927378   0.00000000   0.00000000   0.0000   0.5606  7-[ 7, 2, 3]
 130   17.906102   17.906102   0.00000000   0.00000000   0.0000   0.6422  7-[ 5, 0, 3]
 131   44.305021   44.305021   0.00000000   0.00000000   0.0000   0.5039  9+[ 8, 2, 4]
 134   48.993693   48.993693   0.00000000   0.00000000   0.0000   0.5724  9+[ 6, 1, 5]
 135   38.493376   38.493376   0.00000000   0.00000000   0.0000   0.7273  9+[ 6, 1, 5]
 138   31.201012   31.201012   0.00000000   0.00000000   0.0000   0.6538  9+[ 6, 0, 4]
 139   36.791949   36.791949   0.00000000   0.00000000   0.0000   0.6106  9+[ 4, 0, 4]
 140   58.161312   58.161312   0.00000000   0.00000000   0.0000   0.6697  9-[ 7, 3, 4]
 141   58.230791   58.230791   0.00000000   0.00000000   0.0000   0.8217  9-[ 7, 1, 4]
 142   34.792512   34.792512   0.00000000   0.00000000   0.0000   0.7471  9-[ 5, 1, 4]
 143   48.214744   48.214744   0.00000000   0.00000000   0.0000   0.6394  9-[ 7, 3, 4]
 144   31.255389   31.255389   0.00000000   0.00000000   0.0000   0.6975  9-[ 5, 0, 5]
 145   42.451961   42.451961   0.00000000   0.00000000   0.0000   0.6582  9-[ 7, 2, 5]
 147   50.047171   50.047171   0.00000000   0.00000000   0.0000   0.6389 11+[ 6, 0, 6]
 149   55.915668   55.915668   0.00000000   0.00000000   0.0000   0.6198 11+[ 6, 1, 5]
 150   37.401858   37.401858   0.00000000   0.00000000   0.0000   0.5949 11+[ 6, 1, 5]
 152   53.639581   53.639581   0.00000000   0.00000000   0.0000   0.9705 11-[ 7, 1, 6]
 153   54.526778   54.526778   0.00000000   0.00000000   0.0000   0.6767 11-[ 7, 0, 5]
 154   48.680535   48.680535   0.00000000   0.00000000   0.0000   0.7373 11-[ 7, 2, 5]
 155   16.665547   16.665547   0.00000000   0.00000000   0.0000   0.8328 11-[ 5, 0, 5]
 158   59.199062   59.199062   0.00000000   0.00000000   0.0000   0.6719 13+[ 8, 2, 6]
 159   26.102041   26.102041   0.00000000   0.00000000   0.0000   0.8794 13+[ 6, 0, 6]
 160   49.710986   49.710986   0.00000000   0.00000000   0.0000   1.0000 13-[ 7, 1, 6]
 161   51.883383   51.883383   0.00000000   0.00000000   0.0000   1.0000 13-[ 7, 0, 7]
 164   42.139349   42.139349   0.00000000   0.00000000   0.0000   1.0000 15-[ 7, 0, 7]
 165   53.971577   53.971577   0.00000000   0.00000000   0.0000   1.0000 17+[ 8, 0, 8]
  Sum canonical e_v*V^2_k=  -263.58962315220572     


 #quasiparticle energies protons 
 --------------------------------
  eqp(k) -> q.p. energy 
  e(k)   -> referent s.p. energy 
  p(k)   -> occ.probability 
  del(k) -> referent s.p. gap 
  fermi energy alast=  -10.409152904732361     
  #k  block#    eqp(k)     e(k)       (1-2N)E      decay        p(k)        del(k)    overl      labels
   1    1     0.073388  -10.482540   -0.073388    1.422020    1.00000000   0.0000   0.7679  1+[ 2, 0, 0]
   2    1     7.906601   -2.502552    7.906601    1.879684    0.00000000   0.0000   0.8249  1+[ 2, 1, 1]
   3    1    15.563713    5.154561   15.563713    2.238373    0.00000000   0.0000   0.8878  1+[ 2, 2, 0]
   4    1    18.843216  -29.252369  -18.843216    2.375489    1.00000000   0.0000   0.9484  1+[ 0, 0, 0]
   5    1    20.101923    9.692770   20.101923    2.426058    0.00000000   0.0000   0.5644  1+[ 4, 0, 0]
   6    1    26.684999   16.275846   26.684999    2.675008    0.00000000   0.0000   0.6077  1+[ 4, 1, 1]
   7    1    32.112691   21.703538   32.112691    2.864036    0.00000000   0.0000   0.6354  1+[ 4, 2, 0]
   8    1    36.290324   25.881171   36.290324    3.001431    0.00000000   0.0000   0.7023  1+[ 4, 3, 1]
   9    1    39.838153   29.429000   39.838153    3.113356    0.00000000   0.0000   0.7256  1+[ 4, 4, 0]
  10    1    44.337347   33.928194   44.337347    3.249755    0.00000000   0.0000   0.5266  1+[ 4, 0, 0]
  11    1    50.597568   40.188415   50.597568    3.430530    0.00000000   0.0000   0.4019  1+[ 6, 1, 1]
  12    1    55.562308   45.153156   55.562308    3.567389    0.00000000   0.0000   0.4073  1+[ 6, 3, 1]
  13    1    57.688877   47.279724   57.688877    3.624430    0.00000000   0.0000   0.4996  1+[ 6, 4, 0]
  14    1    59.734666   49.325513   59.734666    3.678469    0.00000000   0.0000   0.4139  1+[ 6, 4, 0]
  15    1    60.943512   50.534359   60.943512    3.710031    0.00000000   0.0000   0.6702  1+[ 6, 5, 1]
  16    1    64.642388   54.233235   64.642388    3.804979    0.00000000   0.0000   0.7037  1+[ 6, 6, 0]
  17    2     0.910882  -11.320035   -0.910882    1.477734    1.00000000   0.0000   0.9056  1-[ 1, 1, 0]
  18    2     9.620155  -20.029308   -9.620155    1.965646    1.00000000   0.0000   0.8865  1-[ 1, 0, 1]
  19    2    10.289691   -0.119462   10.289691    1.998230    0.00000000   0.0000   0.7145  1-[ 3, 0, 1]
  20    2    17.943694    7.534541   17.943694    2.338680    0.00000000   0.0000   0.7132  1-[ 3, 1, 0]
  21    2    24.597244   14.188091   24.597244    2.598640    0.00000000   0.0000   0.8053  1-[ 3, 2, 1]
  22    2    29.989975   19.580822   29.989975    2.791634    0.00000000   0.0000   0.8260  1-[ 3, 3, 0]
  23    2    33.914107   23.504954   33.914107    2.924073    0.00000000   0.0000   0.5776  1-[ 5, 0, 1]
  24    2    40.292886   29.883733   40.292886    3.127412    0.00000000   0.0000   0.5186  1-[ 5, 1, 0]
  25    2    44.987054   34.577901   44.987054    3.268981    0.00000000   0.0000   0.5531  1-[ 5, 2, 1]
  26    2    48.269840   37.860687   48.269840    3.364447    0.00000000   0.0000   0.5820  1-[ 5, 3, 0]
  27    2    50.370582   39.961429   50.370582    3.424142    0.00000000   0.0000   0.6128  1-[ 5, 4, 1]
  28    2    53.165113   42.755960   53.165113    3.501975    0.00000000   0.0000   0.7682  1-[ 5, 5, 0]
  29    2    69.247106   58.837953   69.247106    3.919967    0.00000000   0.0000   0.5690  1-[ 7, 1, 0]
  30    3     0.073388  -10.335765    0.073388    1.422020    0.00000000   0.0000   0.8023  3+[ 2, 0, 2]
  31    3     7.929832   -2.479321    7.929832    1.880876    0.00000000   0.0000   0.8160  3+[ 2, 1, 1]
  32    3    20.160478    9.751325   20.160478    2.428385    0.00000000   0.0000   0.6134  3+[ 4, 0, 2]
  33    3    26.542926   16.133774   26.542926    2.669881    0.00000000   0.0000   0.6200  3+[ 4, 1, 1]
  34    3    32.294521   21.885368   32.294521    2.870153    0.00000000   0.0000   0.7250  3+[ 4, 2, 2]
  35    3    36.830629   26.421476   36.830629    3.018745    0.00000000   0.0000   0.7133  3+[ 4, 3, 1]
  36    3    43.966238   33.557085   43.966238    3.238722    0.00000000   0.0000   0.4874  3+[ 6, 0, 2]
  37    3    50.541810   40.132657   50.541810    3.428962    0.00000000   0.0000   0.4080  3+[ 6, 1, 1]
  38    3    54.568360   44.159207   54.568360    3.540413    0.00000000   0.0000   0.4416  3+[ 6, 2, 2]
  39    3    57.288308   46.879155   57.288308    3.613754    0.00000000   0.0000   0.6637  3+[ 6, 4, 2]
  40    3    58.852503   48.443350   58.852503    3.655265    0.00000000   0.0000   0.4618  3+[ 6, 3, 1]
  41    3    61.084481   50.675328   61.084481    3.713694    0.00000000   0.0000   0.7222  3+[ 6, 5, 1]
  42    4     9.293172   -1.115981    9.293172    1.949536    0.00000000   0.0000   0.7425  3-[ 3, 0, 1]
  43    4    10.918558  -21.327711  -10.918558    2.028358    1.00000000   0.0000   0.9264  3-[ 1, 0, 1]
  44    4    17.684341    7.275188   17.684341    2.327959    0.00000000   0.0000   0.7856  3-[ 3, 1, 2]
  45    4    24.614145   14.204992   24.614145    2.599267    0.00000000   0.0000   0.8174  3-[ 3, 2, 1]
  46    4    32.941631   22.532478   32.941631    2.891818    0.00000000   0.0000   0.6274  3-[ 5, 0, 1]
  47    4    39.434555   29.025402   39.434555    3.100827    0.00000000   0.0000   0.5694  3-[ 5, 1, 2]
  48    4    45.048775   34.639622   45.048775    3.270802    0.00000000   0.0000   0.5798  3-[ 5, 2, 1]
  49    4    47.181950   36.772798   47.181950    3.333114    0.00000000   0.0000   0.6788  3-[ 5, 3, 2]
  50    4    50.843148   40.433995   50.843148    3.437428    0.00000000   0.0000   0.7094  3-[ 5, 4, 1]
  51    4    68.559131   58.149978   68.559131    3.903002    0.00000000   0.0000   0.5671  3-[ 7, 0, 1]
  52    5     2.134584  -12.543737   -2.134584    1.555557    1.00000000   0.0000   0.9056  5+[ 2, 0, 2]
  53    5    18.626276    8.217123   18.626276    2.366664    0.00000000   0.0000   0.6858  5+[ 4, 0, 2]
  54    5    26.927816   16.518663   26.927816    2.683749    0.00000000   0.0000   0.7434  5+[ 4, 1, 3]
  55    5    32.567534   22.158381   32.567534    2.879313    0.00000000   0.0000   0.7344  5+[ 4, 2, 2]
  56    5    42.495838   32.086685   42.495838    3.194631    0.00000000   0.0000   0.5690  5+[ 6, 0, 2]
  57    5    49.040798   38.631646   49.040798    3.386477    0.00000000   0.0000   0.4789  5+[ 6, 1, 3]
  58    5    54.874181   44.465028   54.874181    3.548735    0.00000000   0.0000   0.5246  5+[ 6, 3, 3]
  59    5    55.515462   45.106309   55.515462    3.566122    0.00000000   0.0000   0.4921  5+[ 6, 4, 2]
  60    5    58.603581   48.194428   58.603581    3.648691    0.00000000   0.0000   0.6615  5+[ 6, 4, 2]
  61    6    10.337508   -0.071644   10.337508    2.000537    0.00000000   0.0000   0.7513  5-[ 3, 0, 3]
  62    6    17.659353    7.250200   17.659353    2.326923    0.00000000   0.0000   0.7581  5-[ 3, 1, 2]
  63    6    33.298612   22.889459   33.298612    2.903700    0.00000000   0.0000   0.5886  5-[ 5, 0, 3]
  64    6    40.408482   29.999329   40.408482    3.130975    0.00000000   0.0000   0.5609  5-[ 5, 1, 2]
  65    6    43.737750   33.328597   43.737750    3.231910    0.00000000   0.0000   0.7288  5-[ 5, 2, 3]
  66    6    48.151604   37.742452   48.151604    3.361056    0.00000000   0.0000   0.7224  5-[ 5, 3, 2]
  67    6    67.125990   56.716837   67.125990    3.867423    0.00000000   0.0000   0.6197  5-[ 7, 1, 2]
  68    7    20.551007   10.141854   20.551007    2.443847    0.00000000   0.0000   0.7163  7+[ 4, 0, 4]
  69    7    26.658548   16.249395   26.658548    2.674054    0.00000000   0.0000   0.7175  7+[ 4, 1, 3]
  70    7    43.076430   32.667277   43.076430    3.212113    0.00000000   0.0000   0.5357  7+[ 6, 1, 3]
  71    7    50.643993   40.234840   50.643993    3.431835    0.00000000   0.0000   0.4434  7+[ 6, 1, 3]
  72    7    52.467273   42.058121   52.467273    3.482702    0.00000000   0.0000   0.7113  7+[ 6, 2, 4]
  73    7    56.148315   45.739162   56.148315    3.583198    0.00000000   0.0000   0.6796  7+[ 6, 3, 3]
  74    8     7.371601   -3.037552    7.371601    1.852028    0.00000000   0.0000   0.9009  7-[ 3, 0, 3]
  75    8    31.244289   20.835136   31.244289    2.834640    0.00000000   0.0000   0.7504  7-[ 5, 0, 3]
  76    8    38.937837   28.528684   38.937837    3.085338    0.00000000   0.0000   0.7425  7-[ 5, 1, 4]
  77    8    44.265364   33.856211   44.265364    3.247618    0.00000000   0.0000   0.7477  7-[ 5, 2, 3]
  78    8    65.339069   54.929916   65.339069    3.822598    0.00000000   0.0000   0.6907  7-[ 7, 0, 3]
  79    9    17.181455    6.772302   17.181455    2.307029    0.00000000   0.0000   0.8867  9+[ 4, 0, 4]
  80    9    40.638263   30.229110   40.638263    3.138046    0.00000000   0.0000   0.7176  9+[ 6, 0, 4]
  81    9    48.507972   38.098819   48.507972    3.371267    0.00000000   0.0000   0.7349  9+[ 6, 1, 5]
  82    9    52.809666   42.400513   52.809666    3.492172    0.00000000   0.0000   0.7178  9+[ 6, 2, 4]
  83   10    32.728434   22.319281   32.728434    2.884698    0.00000000   0.0000   0.7034  9-[ 5, 0, 5]
  84   10    38.908902   28.499749   38.908902    3.084433    0.00000000   0.0000   0.7009  9-[ 5, 1, 4]
  85   10    63.852481   53.443328   63.852481    3.784902    0.00000000   0.0000   0.7080  9-[ 7, 1, 4]
  86   11    43.363472   32.954319   43.363472    3.220721    0.00000000   0.0000   0.7023 11+[ 6, 0, 6]
  87   11    48.180620   37.771467   48.180620    3.361889    0.00000000   0.0000   0.7007 11+[ 6, 1, 5]
  88   12    28.730428   18.321275   28.730428    2.747771    0.00000000   0.0000   0.9247 11-[ 5, 0, 5]
  89   12    62.074922   51.665769   62.074922    3.739329    0.00000000   0.0000   0.8780 11-[ 7, 0, 5]
  90   12    66.824523   56.415370   66.824523    3.859898    0.00000000   0.0000   0.7716 11-[ 7, 2, 5]
  91   13    39.423932   29.014779   39.423932    3.100497    0.00000000   0.0000   0.9146 13+[ 6, 0, 6]
  92   14    61.165902   50.756749   61.165902    3.715808    0.00000000   0.0000   0.8004 13-[ 7, 1, 6]
  93   14    69.245303   58.836150   69.245303    3.919922    0.00000000   0.0000   0.8004 13-[ 7, 0, 7]
  94   16    56.647225   46.238072   56.647225    3.596603    0.00000000   0.0000   1.0000 15-[ 7, 0, 7]
  95   17    68.306312   57.897159   68.306312    3.896749    0.00000000   0.0000   1.0000 17+[ 8, 0, 8]
#all active are   95 q.p. states out of  165
#since the cut off is pwi=  60.0
#check: number of protons =  12.0


 #canonical s.p. energies protons 
 ---------------------------------


  labels -> {2*omega}{parity}[nn=nz+2*nr+nl,nz,nl]
  cqpe   -> canonical q.p. energies
  ce     -> canonical s.p. energies
  fermi energy=  -10.409152904732361     
  average cdelt=   1.1004971775000772E-022
  k0      ceqp        ce         v*v       u*v        cdel     overl      labels
   1    6.974647    6.974647   0.00000000   0.00000000   0.0000   0.6190  1+[ 2, 1, 1]
   2   52.037143   52.037143   0.00000000   0.00000000   0.0000   0.5322  1+[ 8, 0, 0]
   3   50.226012   50.226012   0.00000000   0.00000000   0.0000   0.4807  1+[ 4, 2, 0]
   4   41.189394   41.189394   0.00000000   0.00000000   0.0000   0.6137  1+[ 4, 3, 1]
   5   56.898961   56.898961   0.00000000   0.00000000   0.0000   0.4388  1+[ 8, 6, 0]
   8   57.338941   57.338941   0.00000000   0.00000000   0.0000   0.4822  1+[ 6, 3, 1]
  13   59.921553   59.921553   0.00000000   0.00000000   0.0000   0.6704  1+[ 6, 2, 0]
  15   53.082383   53.082383   0.00000000   0.00000000   0.0000   0.5153  1+[ 8, 5, 1]
  18   46.050827   46.050827   0.00000000   0.00000000   0.0000   0.8340  1+[ 6, 1, 1]
  19   50.134528   50.134528   0.00000000   0.00000000   0.0000   0.5694  1+[ 8, 2, 0]
  20   37.194553   37.194553   0.00000000   0.00000000   0.0000   0.6366  1+[ 8, 0, 0]
  21   36.857515   36.857515   0.00000000   0.00000000   0.0000   0.7310  1+[ 6, 0, 0]
  22   12.018110   12.018110   0.00000000   0.00000001   0.0000   0.6606  1+[ 2, 2, 0]
  23    9.834535    9.834535   0.00000000   0.00000001   0.0000   0.7420  1+[ 2, 2, 0]
  24  -10.335765  -10.482540   0.81271525   0.39013994   0.0000   0.7679  1+[ 2, 0, 0]
  25    8.434063  -29.252369   1.00000000   0.00000004   0.0000   0.9484  1+[ 0, 0, 0]
  26    4.364173    4.364173   0.00000000   0.00000000   0.0000   0.8658  1-[ 3, 0, 1]
  27   20.681288   20.681288   0.00000000   0.00000000   0.0000   0.8793  1-[ 3, 2, 1]
  28   31.016525   31.016525   0.00000000   0.00000000   0.0000   0.7973  1-[ 5, 1, 0]
  29   48.501637   48.501637   0.00000000   0.00000000   0.0000   0.8606  1-[ 7, 0, 1]
  30   30.009089   30.009089   0.00000000   0.00000000   0.0000   0.8236  1-[ 3, 3, 0]
  31   50.046911   50.046911   0.00000000   0.00000000   0.0000   0.5221  1-[ 5, 4, 1]
  33   57.494364   57.494364   0.00000000   0.00000000   0.0000   0.5586  1-[ 7, 7, 0]
  34   37.136672   37.136672   0.00000000   0.00000000   0.0000   0.5250  1-[ 5, 3, 0]
  38   52.605584   52.605584   0.00000000   0.00000000   0.0000   0.7681  1-[ 5, 2, 1]
  40   52.796810   52.796810   0.00000000   0.00000000   0.0000   0.5135  1-[ 7, 3, 0]
  41   52.402445   52.402445   0.00000000   0.00000000   0.0000   0.8742  1-[ 7, 1, 0]
  42   32.507095   32.507095   0.00000000   0.00000000   0.0000   0.8777  1-[ 5, 0, 1]
  43   17.294243   17.294243   0.00000000   0.00000001   0.0000   0.7831  1-[ 3, 1, 0]
  44   -9.498271  -11.320035   0.99999999   0.00011069   0.0000   0.9056  1-[ 1, 1, 0]
  45   -0.788998  -20.029308   1.00000000   0.00000000   0.0000   0.8865  1-[ 1, 0, 1]
  46    1.069472    1.069472   0.00000000   0.00000000   0.0000   0.8357  3+[ 2, 1, 1]
  47   48.026579   48.026579   0.00000000   0.00000000   0.0000   0.7343  3+[ 6, 1, 1]
  48   58.179652   58.179652   0.00000000   0.00000000   0.0000   0.6440  3+[ 6, 5, 1]
  52   49.648800   49.648800   0.00000000   0.00000000   0.0000   0.5751  3+[ 6, 2, 2]
  53   57.777319   57.777319   0.00000000   0.00000000   0.0000   0.9486  3+[ 6, 4, 2]
  54   32.580209   32.580209   0.00000000   0.00000000   0.0000   0.9895  3+[ 4, 2, 2]
  60   45.760481   45.760481   0.00000000   0.00000000   0.0000   0.6699  3+[ 4, 3, 1]
  61   55.658401   55.658401   0.00000000   0.00000000   0.0000   0.7840  3+[ 8, 0, 2]
  62   42.530700   42.530700   0.00000000   0.00000000   0.0000   0.7273  3+[ 6, 0, 2]
  63   29.982885   29.982885   0.00000000   0.00000000   0.0000   0.6953  3+[ 4, 1, 1]
  64   12.592150   12.592150   0.00000000   0.00000000   0.0000   0.7955  3+[ 4, 0, 2]
  65  -10.335765  -10.335765   0.18728476   0.39013995   0.0000   0.8023  3+[ 2, 0, 2]
  66   37.757552   37.757552   0.00000000   0.00000000   0.0000   0.8373  3-[ 7, 0, 1]
  67   31.230662   31.230662   0.00000000   0.00000000   0.0000   0.5986  3-[ 3, 2, 1]
  68   41.159493   41.159493   0.00000000   0.00000000   0.0000   0.5472  3-[ 3, 2, 1]
  69   55.276027   55.276027   0.00000000   0.00000000   0.0000   0.5217  3-[ 5, 2, 1]
  70   50.469869   50.469869   0.00000000   0.00000000   0.0000   0.6394  3-[ 7, 4, 1]
  71   45.968556   45.968556   0.00000000   0.00000000   0.0000   0.5951  3-[ 7, 4, 1]
  72   51.535248   51.535248   0.00000000   0.00000000   0.0000   0.8058  3-[ 5, 4, 1]
  73   56.030977   56.030977   0.00000000   0.00000000   0.0000   0.9386  3-[ 7, 2, 1]
  76   45.740927   45.740927   0.00000000   0.00000000   0.0000   0.5720  3-[ 7, 3, 2]
  77   50.188199   50.188199   0.00000000   0.00000000   0.0000   0.4161  3-[ 7, 6, 1]
  78   39.148380   39.148380   0.00000000   0.00000000   0.0000   0.9380  3-[ 5, 0, 1]
  79   16.885148   16.885148   0.00000000   0.00000000   0.0000   0.9283  3-[ 3, 1, 2]
  80    4.706211    4.706211   0.00000000   0.00000001   0.0000   0.9094  3-[ 3, 0, 1]
  81    0.509405  -21.327711   1.00000000   0.00000002   0.0000   0.9264  3-[ 1, 0, 1]
  82   16.222989   16.222989   0.00000000   0.00000000   0.0000   0.7521  5+[ 4, 1, 3]
  83   46.484334   46.484334   0.00000000   0.00000000   0.0000   0.7855  5+[ 6, 0, 2]
  84   59.621994   59.621994   0.00000000   0.00000000   0.0000   0.9484  5+[ 8, 0, 2]
  86   47.999401   47.999401   0.00000000   0.00000000   0.0000   0.6141  5+[ 4, 2, 2]
  87   51.791184   51.791184   0.00000000   0.00000000   0.0000   0.5805  5+[ 6, 2, 2]
  88   57.005565   57.005565   0.00000000   0.00000000   0.0000   0.6040  5+[ 6, 3, 3]
  92   46.037434   46.037434   0.00000000   0.00000000   0.0000   0.6092  5+[ 6, 2, 2]
  93   55.666031   55.666031   0.00000000   0.00000000   0.0000   0.4590  5+[ 6, 1, 3]
  96   21.026869   21.026869   0.00000000   0.00000000   0.0000   0.6159  5+[ 4, 1, 3]
  97   -8.274569  -12.543737   1.00000000   0.00000001   0.0000   0.9056  5+[ 2, 0, 2]
  99   51.612718   51.612718   0.00000000   0.00000000   0.0000   0.6863  5-[ 7, 0, 3]
 100   52.251812   52.251812   0.00000000   0.00000000   0.0000   0.7990  5-[ 7, 2, 3]
 101   52.884020   52.884020   0.00000000   0.00000000   0.0000   0.5648  5-[ 7, 3, 2]
 102   42.288265   42.288265   0.00000000   0.00000000   0.0000   0.5954  5-[ 3, 0, 3]
 103   50.356299   50.356299   0.00000000   0.00000000   0.0000   0.5994  5-[ 5, 3, 2]
 104   51.034092   51.034092   0.00000000   0.00000000   0.0000   0.6435  5-[ 7, 5, 2]
 105   37.465742   37.465742   0.00000000   0.00000000   0.0000   0.6711  5-[ 5, 1, 2]
 106   42.953516   42.953516   0.00000000   0.00000000   0.0000   0.5442  5-[ 5, 2, 3]
 107   26.127606   26.127606   0.00000000   0.00000000   0.0000   0.6526  5-[ 3, 1, 2]
 108   29.308119   29.308119   0.00000000   0.00000000   0.0000   0.7694  5-[ 5, 0, 3]
 109   29.866838   29.866838   0.00000000   0.00000000   0.0000   0.7061  5-[ 3, 0, 3]
 110   58.177501   58.177501   0.00000000   0.00000000   0.0000   0.6351  7+[ 6, 2, 4]
 113   53.291548   53.291548   0.00000000   0.00000000   0.0000   0.6251  7+[ 6, 3, 3]
 115   55.545728   55.545728   0.00000000   0.00000000   0.0000   0.6681  7+[ 8, 2, 4]
 116   44.232964   44.232964   0.00000000   0.00000000   0.0000   0.5910  7+[ 8, 1, 3]
 119   49.073809   49.073809   0.00000000   0.00000000   0.0000   0.6038  7+[ 6, 3, 3]
 120   32.349234   32.349234   0.00000000   0.00000000   0.0000   0.6260  7+[ 4, 0, 4]
 121   25.019745   25.019745   0.00000000   0.00000000   0.0000   0.7721  7+[ 4, 1, 3]
 122   59.088411   59.088411   0.00000000   0.00000000   0.0000   0.5931  7-[ 5, 1, 4]
 123   56.263213   56.263213   0.00000000   0.00000000   0.0000   0.5716  7-[ 7, 2, 3]
 124   33.169576   33.169576   0.00000000   0.00000000   0.0000   0.6552  7-[ 3, 0, 3]
 125   47.475633   47.475633   0.00000000   0.00000000   0.0000   0.5425  7-[ 7, 2, 3]
 126   36.982223   36.982223   0.00000000   0.00000000   0.0000   0.6174  7-[ 5, 1, 4]
 127   51.382067   51.382067   0.00000000   0.00000000   0.0000   0.5872  7-[ 7, 0, 3]
 128   59.448061   59.448061   0.00000000   0.00000000   0.0000   0.6387  7-[ 7, 4, 3]
 129   31.415068   31.415068   0.00000000   0.00000000   0.0000   0.5948  7-[ 5, 2, 3]
 130   22.392676   22.392676   0.00000000   0.00000000   0.0000   0.7174  7-[ 5, 0, 3]
 131   58.265759   58.265759   0.00000000   0.00000000   0.0000   0.6276  9+[ 8, 4, 4]
 132   47.395293   47.395293   0.00000000   0.00000000   0.0000   0.8244  9+[ 8, 1, 5]
 135   56.627130   56.627130   0.00000000   0.00000000   0.0000   0.8304  9+[ 6, 1, 5]
 136   49.252042   49.252042   0.00000000   0.00000000   0.0000   0.7538  9+[ 6, 0, 4]
 138   37.281554   37.281554   0.00000000   0.00000000   0.0000   0.5911  9+[ 6, 0, 4]
 139   32.293106   32.293106   0.00000000   0.00000000   0.0000   0.6861  9+[ 4, 0, 4]
 140   59.107709   59.107709   0.00000000   0.00000000   0.0000   0.9071  9-[ 7, 3, 4]
 141   52.787493   52.787493   0.00000000   0.00000000   0.0000   0.9904  9-[ 7, 1, 4]
 143   55.858888   55.858888   0.00000000   0.00000000   0.0000   0.6450  9-[ 7, 2, 5]
 144   36.609958   36.609958   0.00000000   0.00000000   0.0000   0.9128  9-[ 5, 1, 4]
 145   29.301408   29.301408   0.00000000   0.00000000   0.0000   0.7208  9-[ 5, 0, 5]
 146   53.197668   53.197668   0.00000000   0.00000000   0.0000   0.8592 11+[ 6, 1, 5]
 151   36.343786   36.343786   0.00000000   0.00000000   0.0000   0.8244 11+[ 6, 0, 6]
 152   57.537978   57.537978   0.00000000   0.00000000   0.0000   0.9700 11-[ 7, 1, 6]
 154   49.536832   49.536832   0.00000000   0.00000000   0.0000   0.5874 11-[ 5, 0, 5]
 155   22.360663   22.360663   0.00000000   0.00000000   0.0000   0.7705 11-[ 5, 0, 5]
 159   30.638170   30.638170   0.00000000   0.00000000   0.0000   0.8347 13+[ 6, 0, 6]
 160   53.660175   53.660175   0.00000000   0.00000000   0.0000   1.0000 13-[ 7, 1, 6]
 161   55.932724   55.932724   0.00000000   0.00000000   0.0000   1.0000 13-[ 7, 0, 7]
 162   46.238072   46.238072   0.00000000   0.00000000   0.0000   1.0000 15-[ 7, 0, 7]
 163   57.897159   57.897159   0.00000000   0.00000000   0.0000   1.0000 17+[ 8, 0, 8]
  Sum canonical e_v*V^2_k=  -209.85642157362642     

  NB! From expect (UNPROJECTED RESULTS)

  pairing: CpV0,CpV1,...           0.100000       0.100000       1.000000       1.000000
  forces:   UNE1                          


                             neutrons         protons         total
  Requested part.numbs.      12.000000      12.000000      24.000000
  UnPj(av) part.numbs .      12.000000      12.000000      24.000000
  b0, bz, bp ..........       1.559284       1.564210       1.556827

  lambda (ala) ........     -14.792421     -10.409153
  Lambda (alast) ......     -14.792421     -10.409153
  delta(n,p), pwi .....      -0.000000       0.000000      60.000000
  pairing energy ......       0.000000       0.000000       0.000000

  rms-radius ..........       3.138420       3.161123       3.149792
  charge-radius, r0 ...                      3.260782       3.461399
  deformation beta2....      -0.395703      -0.398127      -0.396923
  dipole moment[fm] ...       0.000000       0.000000       0.000000
  quadrupole moment[b]       -0.590042      -0.602276      -1.192317
  octupole moment .....       0.000000       0.000000       0.000000
  hexadecapole moment .       0.014799       0.015303       0.030102
  q5 ..................       0.000000       0.000000       0.000000
  q6 ..................      -0.001275      -0.001325      -0.002599
  q7 ..................       0.000000       0.000000       0.000000
  q8 ..................       0.000108       0.000112       0.000220

  <r^0> [fm^0] ........            1.000000            1.000000            1.000000
  <r^2> [fm^2] ........            9.849683            9.992699            9.921191
  <r^4> [fm^4] ........          144.743151          149.200669          146.971910
  <r^6> [fm^6] ........         2759.060367         2890.878356         2824.969361
  <r^8> [fm^8] ........        63655.917871        67757.324825        65706.621348

  kinetic energy ......     191.165694     188.713838     379.879531
  volume energy .......                                  -618.338067
        rho_tau .......                                    -1.514790
        rho_rho .......                                  -616.823277
  surface energy ......                                    50.306140
   rho_DELTA_rho ......                                    50.306140
   (NABLA_rho)^2 ......                                     0.000000
  spin-orbit energy ...                                   -14.389236
        rho_NABLA_J ...                                   -14.389236
        NABLA_rho_J ...                                     0.000000
  coulomb energy ......                                    27.607290
          direct ......                                    31.877704
          exchange ....                                    -4.270414
  tensor energy .......                                     0.000000
  direct Hartree E  ...                                     0.000000
  Extra E .............                                     0.000000
  External field E ....                                     0.000000
  Entropy .............       1.937307       1.929048       3.866354

  tEnergy: ehfb (qp)...                                  -174.934342

  Calculated but not added corrections 
====================================
  cmc-diagonal part ...       0.000000       0.000000       0.000000
  cmc-hfb .............       0.000000       0.000000       0.000000
  cranking rot corr ...       0.000000       0.000000       0.000000

  SQUJ ................       0.000000       0.000000       0.000000
  CRAN x 4 ............       0.000000       0.000000       0.000000
  Rigit Body ..........       0.000000       0.000000       0.000000


   Blocking candidates are:
   neutron eqpmin=   7.2925262982408867E-002  pwiblo=   5.1031036307982882     
    num=   1 block=   1 state=   1     1 Eqp=   0.07292526  (1-2N)E=  -0.07292526  Ovlp=   0.77619255  1+[ 2, 0, 0]
    num=   2 block=   3 state=   1    30 Eqp=   0.07292526  (1-2N)E=   0.07292526  Ovlp=   0.80353868  3+[ 2, 0, 2]
    num=   3 block=   2 state=   1    17 Eqp=   1.03337327  (1-2N)E=  -1.03337327  Ovlp=   0.90668765  1-[ 1, 1, 0]
    num=   4 block=   5 state=   1    53 Eqp=   2.14390987  (1-2N)E=  -2.14390987  Ovlp=   0.91049698  5+[ 2, 0, 2]

   Blocking candidates are:
   proton  eqpmin=   7.3387532339708628E-002  pwiblo=   5.1031036307982882     
    num=   1 block=   1 state=   1     1 Eqp=   0.07338753  (1-2N)E=  -0.07338753  Ovlp=   0.76786343  1+[ 2, 0, 0]
    num=   2 block=   3 state=   1    30 Eqp=   0.07338753  (1-2N)E=   0.07338753  Ovlp=   0.80230501  3+[ 2, 0, 2]
    num=   3 block=   2 state=   1    17 Eqp=   0.91088164  (1-2N)E=  -0.91088164  Ovlp=   0.90562209  1-[ 1, 1, 0]
    num=   4 block=   5 state=   1    52 Eqp=   2.13458363  (1-2N)E=  -2.13458363  Ovlp=   0.90561436  5+[ 2, 0, 2]


