
  =======================================
           FORTRAN 95 CODE (KIND= 8) 
               Version: 200d  
  =======================================
       AXIALLY DEFORMED CONFIGURATIONAL  
     HARTREE-FOCK-BOGOLIUBOV CALCULATIONS
                     WITH                
            UNEDF AND DELTA PAIRING      
                     USING               
             HARMONIC-OSCILLATOR         
                   AND/OR                
       TRANSFORMED HARMONIC-OSCILLATOR   
                    BASIS                
                     ---                 
               v1.66  (2005):,           
   Stoitsov,Dobaczewski,Nazarewicz,Ring, 
               v2.00d (2012):,           
         Stoitsov,Schunck,Kortelainen    
  =======================================
    Nucleus: MG (A=  24, N= 12, Z= 12)
       Reflection Symmetry Imposed       
            ( 9/13/2022, 21:42)                               
  =======================================


  ---------------------------------------
           UNEDF Module Version:17
         M.Kortelainen & M.Stoitsov 
  ---------------------------------------

  UNE1 functional
  ----------------------------------
  Crho(0)=   -779.373008720865300    ; Crho(1)=    287.722131583286796    
  CDrho(0)=   891.477890442349690    ; CDrho(1)=  -200.587774317884879    
  Ctau(0)=  -0.989915057807676746    ; Ctau(1)=   -33.6320970701835549    
  CrDr(0)=   -48.1038023057091877    ; CrDr(1)=   -151.862703990772729    
  CrdJ(0)=   -82.5872024842340977    ; CrdJ(1)=   -39.8654786562192385    
  CJ(0)=      0.00000000000000000    ; CJ(1)=      0.00000000000000000    
  CpV0(0)=   0.100000000000000006    ; CpV0(1)=   0.100000000000000006    
  CpV1(0)=    1.00000000000000000    ; CpV1(1)=    1.00000000000000000    
  sigma=     0.270018011502707600    ; hbzero=     20.7355300000000007    
  e^2 chrg=   1.43997840859651305    ; CExPar=     1.00000000000000000    
  c.m. correction: F, chr. density in direct Coul: F
  use tensor terms: F
  use TMR pairing:  0

  Coupling constants in natural units
  -----------------------------------
  Crho_nu(0)=  -0.877667471343921757    ; Crho_nu(1)=   0.324009624211695935    
  CDrho_nu(0)=  0.941450913381434273    ; CDrho_nu(1)= -0.211831998717341041    
  Ctau_nu(0)=  -0.140321584905665799E-01; Ctau_nu(1)=  -0.476738799694694126    
  CrDr_nu(0)=  -0.681876866735907528    ; CrDr_nu(1)=   -2.15267109475420204    
  CrdJ_nu(0)=   -1.17068298477831245    ; CrdJ_nu(1)=  -0.565097692366903104    
  CJ_nu(0)=      0.00000000000000000    ; CJ_nu(1)=      0.00000000000000000    
  CpV0_nu(0)=   0.112611992142809880E-03; CpV0_nu(1)=   0.112611992142809880E-03
  CpV1_nu(0)=   0.887702254206059068E-03; CpV1_nu(1)=   0.887702254206059068E-03
  fpi_nu=        93.0000000000000000    ; Lambda_nu=     700.000000000000000    

  Nuclear matter properties
  ----------------------------------
      E_NM=     -15.8000000000000149      K_NM=     220.0000000000000284
      P_NM=      -0.0000000000000032    RHO_NM=       0.1587067693325870
    ASS_NM=      28.9867890577721070   LASS_NM=      40.0047904804136323
  SMASS_NM=       0.9924233322833640  VMASS_NM=       1.2498385742322700

  Associated (t,x)-coupling constants
  -----------------------------------
  t0=      -2078.32802325564080    ; x0=       0.537569206858470316E-01
  t1=       255.233725553372096    ; x1=       -4.99641768656404128    
  t2=       1628.41234660136433    ; x2=       -1.36998493796982390    
  t3=       14263.6462470775950    ; x3=      -0.162491168089956339    
  b4=       42.7217238280148592    ; b4p=       79.7309573124384769    
  te=      -487.933330925845837    ; to=       -213.297606716247373    
  sigma=   0.270018011502707600    ; hbzero=    20.7355300000000007    

  ---------------------------------------
        Characteristics of the run       
  ---------------------------------------
  Output file ................:     7
  Nucleus ....................:   MG  24
  Number of HO shells ........:     8
  HO length b0 (fm) ..........:     1.55928400372611
  Basis deformation ..........:  beta0=   0.010 q=   1.010
  HO: b0,1/b0,bp,bz,q ........:   0.15592840E+01  0.64131999E+00  0.15568270E+01  0.15642096E+01  0.10095067E+01
  h**2/(2m), cmc, e**2 .......:   0.20735530E+02  0.20735530E+02  0.14399784E+01
  hom=f*41.0_pr*A^{-1/3}, f...:   0.17056687E+02  0.12000000E+01
  THO basis is ...............:  OFF
  Maximal number of iterations:   400
  Initial mixing parameter ...:  0.300
  Initial w.f. ...............:  from   spherical scratch
  Skyrme functional ..........:    UNE1                          
    with direct and exchange Coulomb
  Lipkin-Nogami procedure is .:  OFF
  PAV procedure is ...........:  OFF
  Constraint calculation is ..:   ON
    Constraint 1 .............: lambda=2 Ql=   0.099
  Temperature T ..............:   0.05 MeV
  Restart indicator ..........:   1
  Broyden mixing (#iterations):   7

  ---------------------------------------
        Harmonic Oscillator Basis        
  ---------------------------------------
  NUV, NQP:                        2501     165
  Comparison with bookkeeping spherical basis:
  n00:                                8       8  Maximal number of shells
  nbx, 2*n00+1:                      17      17  Maximal number of K-blocks
  ntx, (n00+1)*(n00+2)*(n00+3)/6    165     165  Max.num. p/n levels
  nzx, n00:                           8       8  Maximal nz-quantum number
  nrx, n00/2  :                       4       4  Maximal nr-quantum number
  nlx, n00:                           8       8  Maximal ml-quantum number
  ndx, (n00+2)*(n00+2)/4:            25      25  Maximal dim. of one k-block

  Actual basis used
  Number of blocks: nb .......:   17
  Number of levels: nt .......:  165
  Maximal 2*omega : nom ......:   17
  Maximal nz:       nzm ......:    8
  Maximal nr:       nrm ......:    4
  Maximal ml:       nlm ......:    8
  Maximal N=nz+2*nr+nl .......:    8
  2 x biggest block dim. .....:   50
  Non-zero elements of h .....:     1333
  Number of Broyden elements .:     5332

  ---------------------------------------
            Integration Meshes           
  ---------------------------------------
  Number of Gauss-Hermite mesh points ngh ....:  40
  Number of Gauss-Laguerre mesh points ngl ...:  40
  Number of Gauss-Legendre mesh points nleg ..:  80
  Integration boundaries
    Hermite  - from xh(1)  =  0.12379686 to xh(ngh)   = 11.88786356
    Laguerre - From xl(1)  =  0.03570039 to xl(ngl)   =142.28004447
    Legendre - From xleg(1)=  0.00978669 to xleg(nleg)=  0.99988775
  Max.dev.in:     Orthogonality            Normalization
  Hermite     1.5248282503475657E-015   1.0991207943789050E-014
  Laguerre    4.2896485016951012E-015   8.9928064994637680E-015

  Scratch initialization for the nucleus: MG  12  12


  Initial potentials of Saxon-Woods shape 
  v0ws   =  -71.27999878
  kappa  =    0.46160001
  vs0    =   11.11750031   11.11750031
  r0     =    1.23339999    1.23339999
  a      =    0.61500001    0.61500001
  r0-so  =    1.14429998    1.14429998
  a-so   =    0.64760000    0.64760000
  beta00 =    0.01000000

  ### REGULAR STAGE (reflection symmetry imposed)
  |HFB+HO> iterations(b0=  1.559, Nsh=  8, inin=  1, N= 12, Z= 12)...
  ----------------------------------------------------------------------------------------------------------------------------------
  i          si     mix   beta      Etot       A       rn      rp         En      Dn      Ep      Dp        Ln      Lp     time
  ----------------------------------------------------------------------------------------------------------------------------------
   1L  73.90480883 0.30  0.010     0.000000    0.0   0.000   0.000 |   -2.000   1.000  -2.000   1.000 |   -7.000  -7.000   0.000
   2B  39.13292132 0.10  0.009   -42.272212   24.0   2.625   2.625 |    0.000  -0.000   0.000  -0.000 |  -17.169 -17.169  39.961
   3B  10.45012556 0.11  0.103  -149.829413   24.0   3.033   3.073 |    0.000  -0.000   0.000  -0.000 |  -11.711  -8.274   1.201
   4B   7.71180837 0.13  0.134  -176.094980   24.0   2.958   2.933 |    0.000  -0.000   0.000  -0.000 |  -11.874  -7.326   1.221
   5B  16.29565289 0.10  0.127  -144.039405   24.0   2.895   2.971 |    0.000  -0.000   0.000  -0.000 |  -11.826  -8.145   1.182
   6B   6.61086068 0.11  0.167  -178.164843   24.0   2.913   2.963 |    0.000  -0.000   0.000  -0.000 |  -12.238  -7.917   1.225
   7B   9.23033537 0.10  0.182  -181.924488   24.0   2.933   2.938 |    0.000  -0.000   0.000  -0.000 |  -12.572  -7.659   1.286
   8B   7.44582780 0.11  0.172  -182.926268   24.0   2.930   2.933 |    0.000  -0.000   0.000  -0.000 |  -12.492  -7.790   1.334
   9B   4.67480202 0.13  0.157  -182.055814   24.0   2.921   2.937 |    0.000  -0.000   0.000  -0.000 |  -12.497  -7.790   1.190
  10B   7.57912697 0.10  0.071  -173.351274   24.0   2.906   2.931 |    0.000  -0.000   0.000  -0.000 |  -12.541  -7.786   1.545
  11B   4.64458756 0.11  0.036  -178.671371   24.0   2.910   2.925 |    0.000  -0.000   0.000  -0.000 |  -12.610  -7.810   1.614
  12B   2.70887464 0.13  0.019  -179.632772   24.0   2.909   2.923 |    0.000   0.000   0.000   0.000 |  -12.610  -7.852   1.571
  13B   2.47965270 0.14  0.020  -179.729004   24.0   2.909   2.924 |    0.000   0.000   0.000   0.000 |  -12.609  -7.857   1.627
  14B   2.66987378 0.10  0.003  -179.209283   24.0   2.914   2.917 |    0.000  -0.000   0.000  -0.000 |  -12.670  -7.849   1.644
  15B   3.83909298 0.10 -0.018  -179.418182   24.0   2.909   2.921 |    0.000  -0.000   0.000  -0.000 |  -12.662  -7.889   1.633
  16B   3.23034385 0.11 -0.030  -179.667980   24.0   2.901   2.926 |    0.000  -0.000   0.000  -0.000 |  -12.514  -8.109   1.743
  17B   4.00833586 0.10 -0.030  -179.977715   24.0   2.910   2.919 |    0.000  -0.000   0.000  -0.000 |  -12.649  -7.982   1.414
  18B   2.90086859 0.11 -0.027  -180.023639   24.0   2.906   2.920 |    0.000  -0.000   0.000  -0.000 |  -12.674  -8.024   1.749
  19B   4.27446805 0.10 -0.026  -178.135068   24.0   2.900   2.925 |    0.000  -0.000   0.000  -0.000 |  -12.636  -8.012   1.490
  20B   6.22163827 0.10 -0.044  -178.277038   24.0   2.905   2.920 |    0.000  -0.000   0.000  -0.000 |  -12.694  -7.998   1.297
  21B   3.71607633 0.11 -0.045  -180.731328   24.0   2.903   2.919 |    0.000  -0.000   0.000  -0.000 |  -12.688  -8.031   1.601
  22B   3.85770102 0.10 -0.033  -180.215478   24.0   2.897   2.924 |    0.000  -0.000   0.000  -0.000 |  -12.657  -8.060   1.625
  23B   3.00886171 0.11 -0.037  -180.358435   24.0   2.904   2.920 |    0.000  -0.000   0.000  -0.000 |  -12.717  -8.022   1.372
  24B   2.83823334 0.13 -0.038  -180.679663   24.0   2.903   2.922 |    0.000  -0.000   0.000  -0.000 |  -12.683  -8.061   1.504
  25L   3.38910885 0.10 -0.030  -180.385776   24.0   2.903   2.920 |    0.000  -0.000   0.000  -0.000 |  -12.732  -8.035   1.725
  26B   7.43541470 0.10  0.014  -173.715572   24.0   2.899   2.920 |    0.000  -0.000   0.000  -0.000 |  -12.624  -7.986   1.601
  27B   3.10108903 0.11 -0.023  -179.890716   24.0   2.895   2.926 |    0.000  -0.000   0.000  -0.000 |  -12.653  -8.090   1.704
  28B   2.23624570 0.13 -0.009  -180.385612   24.0   2.899   2.922 |    0.000  -0.000   0.000  -0.000 |  -12.710  -8.059   1.721
  29B   2.05226602 0.14  0.000  -180.294914   24.0   2.900   2.922 |    0.000  -0.000   0.000  -0.000 |  -12.712  -8.062   1.219
  30B   3.92384528 0.10  0.019  -179.474442   24.0   2.899   2.922 |    0.000  -0.000   0.000  -0.000 |  -12.719  -8.027   1.685
  31B   2.58782667 0.11  0.033  -179.540507   24.0   2.902   2.919 |    0.000  -0.000   0.000  -0.000 |  -12.750  -7.971   1.432
  32B   5.43062772 0.10  0.012  -178.780480   24.0   2.904   2.916 |    0.000  -0.000   0.000  -0.000 |  -12.693  -8.001   1.669
  33B   2.53927750 0.11  0.067  -180.097911   24.0   2.899   2.922 |    0.000  -0.000   0.000  -0.000 |  -12.672  -8.030   1.564
  34B   3.05669870 0.10  0.101  -181.256650   24.0   2.904   2.920 |    0.000  -0.000   0.000  -0.000 |  -12.704  -7.976   1.622
  35B   4.15059347 0.10  0.113  -181.486660   24.0   2.901   2.925 |    0.000  -0.000   0.000  -0.000 |  -12.643  -7.949   1.808
  36B   2.64905665 0.11  0.103  -181.419006   24.0   2.899   2.926 |    0.000  -0.000   0.000  -0.000 |  -12.644  -8.005   1.669
  37L   3.80373582 0.10  0.119  -181.722608   24.0   2.901   2.926 |    0.000  -0.000   0.000  -0.000 |  -12.646  -7.976   1.418
  38L   4.34348950 0.10  0.136  -181.932565   24.0   2.908   2.924 |    0.000  -0.000   0.000  -0.000 |  -12.598  -7.931   1.574
  39B   7.44047473 0.10  0.112  -171.999124   24.0   2.900   2.928 |    0.000  -0.000   0.000  -0.000 |  -12.577  -7.889   1.652
  40B   5.67960112 0.11  0.133  -181.754770   24.0   2.898   2.930 |    0.000  -0.000   0.000  -0.000 |  -12.616  -8.025   1.627
  41B   6.58944630 0.10  0.100  -178.911692   24.0   2.902   2.921 |    0.000  -0.000   0.000  -0.000 |  -12.622  -7.976   1.560
  42B   1.54995872 0.11  0.051  -180.490196   24.0   2.899   2.920 |    0.000  -0.000   0.000  -0.000 |  -12.708  -8.045   1.528
  43B   4.31024955 0.10  0.102  -180.233855   24.0   2.909   2.915 |    0.000  -0.000   0.000  -0.000 |  -12.765  -7.903   1.376
  44B   3.48545888 0.11  0.101  -181.265350   24.0   2.901   2.923 |    0.000  -0.000   0.000  -0.000 |  -12.699  -7.998   1.569
  45B   2.79943583 0.13  0.045  -179.129057   24.0   2.895   2.925 |    0.000  -0.000   0.000  -0.000 |  -12.570  -8.072   1.259
  46B   0.92125837 0.14  0.025  -180.562102   24.0   2.900   2.919 |    0.000  -0.000   0.000  -0.000 |  -12.716  -8.013   1.582
  47B   1.05278823 0.10  0.057  -180.858717   24.0   2.900   2.921 |    0.000  -0.000   0.000  -0.000 |  -12.682  -8.017   1.736
  48B   0.30764685 0.11  0.044  -180.836539   24.0   2.900   2.920 |    0.000  -0.000   0.000  -0.000 |  -12.690  -8.015   1.679
  49B   1.08824757 0.10  0.043  -180.629371   24.0   2.901   2.919 |    0.000  -0.000   0.000  -0.000 |  -12.683  -8.013   1.655
  50B   0.29802512 0.11  0.034  -180.754054   24.0   2.900   2.920 |    0.000   0.000   0.000   0.000 |  -12.688  -8.016   1.647
  51B   0.18920744 0.13  0.035  -180.769148   24.0   2.900   2.920 |    0.000  -0.000   0.000  -0.000 |  -12.685  -8.016   1.398
  52B   0.30127583 0.10  0.033  -180.757655   24.0   2.900   2.920 |    0.000  -0.000   0.000  -0.000 |  -12.689  -8.012   1.173
  53B   0.28818975 0.11  0.034  -180.759855   24.0   2.900   2.920 |    0.000  -0.000   0.000  -0.000 |  -12.686  -8.015   1.627
  54B   0.15302025 0.13  0.036  -180.776101   24.0   2.900   2.920 |    0.000  -0.000   0.000  -0.000 |  -12.687  -8.012   1.703
  55B   0.12730084 0.14  0.037  -180.784569   24.0   2.900   2.920 |    0.000  -0.000   0.000  -0.000 |  -12.683  -8.016   1.401
  56B   0.33614315 0.10  0.037  -180.776578   24.0   2.900   2.920 |    0.000  -0.000   0.000  -0.000 |  -12.686  -8.014   1.113
  57B   0.07035987 0.11  0.039  -180.798092   24.0   2.900   2.920 |    0.000  -0.000   0.000  -0.000 |  -12.687  -8.013   1.006
  58B   0.03604669 0.13  0.039  -180.797164   24.0   2.900   2.920 |    0.000  -0.000   0.000  -0.000 |  -12.687  -8.013   1.693
  59B   0.02430143 0.14  0.039  -180.797643   24.0   2.900   2.920 |    0.000  -0.000   0.000  -0.000 |  -12.687  -8.013   1.661
  60B   0.08792219 0.10  0.039  -180.798991   24.0   2.900   2.920 |    0.000  -0.000   0.000  -0.000 |  -12.686  -8.014   1.518
  61B   0.03898701 0.11  0.039  -180.798931   24.0   2.900   2.920 |    0.000  -0.000   0.000  -0.000 |  -12.686  -8.014   1.677
  62B   0.01356581 0.13  0.039  -180.799626   24.0   2.900   2.920 |    0.000  -0.000   0.000  -0.000 |  -12.687  -8.013   1.647
  63B   0.02909356 0.10  0.039  -180.801890   24.0   2.900   2.920 |    0.000  -0.000   0.000  -0.000 |  -12.687  -8.013   1.678
  64B   0.03321250 0.10  0.039  -180.802439   24.0   2.900   2.920 |    0.000  -0.000   0.000  -0.000 |  -12.686  -8.014   1.704
  65B   0.03378978 0.10  0.039  -180.802569   24.0   2.900   2.920 |    0.000  -0.000   0.000  -0.000 |  -12.686  -8.013   1.541
  66B   0.02724747 0.11  0.039  -180.800514   24.0   2.900   2.920 |    0.000  -0.000   0.000  -0.000 |  -12.686  -8.013   1.660
  67B   0.01218568 0.13  0.039  -180.799317   24.0   2.900   2.920 |    0.000  -0.000   0.000  -0.000 |  -12.687  -8.013   1.452
  68B   0.03691220 0.10  0.039  -180.798435   24.0   2.900   2.920 |    0.000  -0.000   0.000  -0.000 |  -12.686  -8.014   1.483
  69B   0.00482671 0.11  0.039  -180.797768   24.0   2.900   2.920 |    0.000  -0.000   0.000  -0.000 |  -12.686  -8.014   1.438
  70B   0.05169181 0.10  0.039  -180.797112   24.0   2.900   2.920 |    0.000  -0.000   0.000  -0.000 |  -12.686  -8.013   1.433
  71B   0.00971603 0.11  0.039  -180.797759   24.0   2.900   2.920 |    0.000  -0.000   0.000  -0.000 |  -12.687  -8.013   1.125
  72B   0.00215731 0.13  0.039  -180.797831   24.0   2.900   2.920 |    0.000  -0.000   0.000  -0.000 |  -12.687  -8.013   1.886
  73B   0.00283859 0.10  0.039  -180.797562   24.0   2.900   2.920 |    0.000  -0.000   0.000  -0.000 |  -12.686  -8.014   1.214
  74B   0.00261882 0.11  0.039  -180.797591   24.0   2.900   2.920 |    0.000  -0.000   0.000  -0.000 |  -12.686  -8.013   1.666
  75B   0.00434538 0.10  0.039  -180.797362   24.0   2.900   2.920 |    0.000  -0.000   0.000  -0.000 |  -12.686  -8.013   1.706
  76B   0.00483755 0.10  0.039  -180.797292   24.0   2.900   2.920 |    0.000  -0.000   0.000  -0.000 |  -12.687  -8.013   1.770
  77B   0.00506463 0.10  0.039  -180.797262   24.0   2.900   2.920 |    0.000  -0.000   0.000  -0.000 |  -12.686  -8.013   1.598
  78B   0.00504131 0.11  0.039  -180.797269   24.0   2.900   2.920 |    0.000  -0.000   0.000  -0.000 |  -12.687  -8.013   1.622
  79B   0.00504016 0.13  0.039  -180.797270   24.0   2.900   2.920 |    0.000  -0.000   0.000  -0.000 |  -12.687  -8.013   1.663
  80B   0.00493444 0.14  0.039  -180.797272   24.0   2.900   2.920 |    0.000  -0.000   0.000  -0.000 |  -12.687  -8.013   1.584
  81B   0.00641114 0.10  0.039  -180.797263   24.0   2.900   2.920 |    0.000  -0.000   0.000  -0.000 |  -12.687  -8.013   1.766
  82B   0.00474750 0.11  0.039  -180.797304   24.0   2.900   2.920 |    0.000  -0.000   0.000  -0.000 |  -12.686  -8.014   1.258
  83B   0.00570617 0.10  0.039  -180.797207   24.0   2.900   2.920 |    0.000  -0.000   0.000  -0.000 |  -12.687  -8.013   1.573
  84B   0.00557014 0.11  0.039  -180.797213   24.0   2.900   2.920 |    0.000  -0.000   0.000  -0.000 |  -12.687  -8.014   1.713
  85B   0.00500916 0.13  0.039  -180.797295   24.0   2.900   2.920 |    0.000  -0.000   0.000  -0.000 |  -12.687  -8.013   1.683
  86B   0.00349341 0.14  0.039  -180.797499   24.0   2.900   2.920 |    0.000  -0.000   0.000  -0.000 |  -12.687  -8.013   1.508
  87B   0.00261911 0.16  0.039  -180.798027   24.0   2.900   2.920 |    0.000  -0.000   0.000  -0.000 |  -12.687  -8.013   1.493
  88B   0.00492780 0.10  0.039  -180.797929   24.0   2.900   2.920 |    0.000  -0.000   0.000  -0.000 |  -12.686  -8.014   1.519
  89B   0.00287322 0.11  0.039  -180.797903   24.0   2.900   2.920 |    0.000  -0.000   0.000  -0.000 |  -12.687  -8.013   1.204
  90B   0.00399290 0.10  0.039  -180.797971   24.0   2.900   2.920 |    0.000  -0.000   0.000  -0.000 |  -12.687  -8.013   1.115
  91B   0.00362661 0.11  0.039  -180.798129   24.0   2.900   2.920 |    0.000  -0.000   0.000  -0.000 |  -12.686  -8.014   0.992
  92B   0.00497541 0.10  0.039  -180.798253   24.0   2.900   2.920 |    0.000  -0.000   0.000  -0.000 |  -12.687  -8.013   1.194
  93B   0.00226153 0.11  0.039  -180.798194   24.0   2.900   2.920 |    0.000  -0.000   0.000  -0.000 |  -12.686  -8.013   1.291
  94B   0.00206821 0.13  0.039  -180.798229   24.0   2.900   2.920 |    0.000  -0.000   0.000  -0.000 |  -12.687  -8.013   0.916
  95B   0.00187767 0.14  0.039  -180.798204   24.0   2.900   2.920 |    0.000  -0.000   0.000  -0.000 |  -12.686  -8.013   1.158
  96B   0.00121001 0.16  0.039  -180.798112   24.0   2.900   2.920 |    0.000  -0.000   0.000  -0.000 |  -12.687  -8.013   1.609
  97B   0.00185667 0.10  0.039  -180.798065   24.0   2.900   2.920 |    0.000  -0.000   0.000  -0.000 |  -12.686  -8.013   1.154
  98B   0.00188268 0.10  0.039  -180.797920   24.0   2.900   2.920 |    0.000  -0.000   0.000  -0.000 |  -12.687  -8.013   0.958
  99B   0.00379243 0.10  0.039  -180.797852   24.0   2.900   2.920 |    0.000  -0.000   0.000  -0.000 |  -12.687  -8.013   1.237
 100B   0.00069461 0.11  0.039  -180.797905   24.0   2.900   2.920 |    0.000  -0.000   0.000  -0.000 |  -12.686  -8.013   1.255
 101B   0.00069345 0.13  0.039  -180.797889   24.0   2.900   2.920 |    0.000  -0.000   0.000  -0.000 |  -12.687  -8.013   1.453
 102B   0.00063230 0.14  0.039  -180.797867   24.0   2.900   2.920 |    0.000  -0.000   0.000  -0.000 |  -12.687  -8.013   0.938
 103B   0.00067238 0.10  0.039  -180.797862   24.0   2.900   2.920 |    0.000  -0.000   0.000  -0.000 |  -12.687  -8.013   0.964
 104B   0.00078069 0.10  0.039  -180.797848   24.0   2.900   2.920 |    0.000  -0.000   0.000  -0.000 |  -12.687  -8.013   1.667
 105B   0.00097074 0.10  0.039  -180.797824   24.0   2.900   2.920 |    0.000  -0.000   0.000  -0.000 |  -12.687  -8.013   1.305
 106B   0.00113015 0.10  0.039  -180.797803   24.0   2.900   2.920 |    0.000  -0.000   0.000  -0.000 |  -12.687  -8.013   1.179
 107B   0.00116271 0.10  0.039  -180.797797   24.0   2.900   2.920 |    0.000  -0.000   0.000  -0.000 |  -12.687  -8.013   0.979
 108B   0.00174694 0.10  0.039  -180.797823   24.0   2.900   2.920 |    0.000  -0.000   0.000  -0.000 |  -12.687  -8.013   1.007
 109B   0.00137631 0.11  0.039  -180.797769   24.0   2.900   2.920 |    0.000  -0.000   0.000  -0.000 |  -12.686  -8.013   0.984
 110B   0.00157544 0.10  0.039  -180.797741   24.0   2.900   2.920 |    0.000  -0.000   0.000  -0.000 |  -12.687  -8.013   1.523
 111B   0.00150500 0.11  0.039  -180.797754   24.0   2.900   2.920 |    0.000  -0.000   0.000  -0.000 |  -12.687  -8.013   0.956
 112B   0.00141050 0.13  0.039  -180.797761   24.0   2.900   2.920 |    0.000  -0.000   0.000  -0.000 |  -12.687  -8.013   1.396
 113B   0.00147766 0.10  0.039  -180.797757   24.0   2.900   2.920 |    0.000  -0.000   0.000  -0.000 |  -12.687  -8.013   1.431
 114B   0.00112653 0.11  0.039  -180.797807   24.0   2.900   2.920 |    0.000  -0.000   0.000  -0.000 |  -12.687  -8.013   1.480
 115B   0.00122345 0.10  0.039  -180.797854   24.0   2.900   2.920 |    0.000  -0.000   0.000  -0.000 |  -12.687  -8.013   1.584
 116B   0.00077008 0.11  0.039  -180.797888   24.0   2.900   2.920 |    0.000  -0.000   0.000  -0.000 |  -12.687  -8.013   1.453
 117B   0.00409834 0.10  0.039  -180.797998   24.0   2.900   2.920 |    0.000  -0.000   0.000  -0.000 |  -12.686  -8.013   1.352
 118B   0.00104831 0.11  0.039  -180.797926   24.0   2.900   2.920 |    0.000  -0.000   0.000  -0.000 |  -12.686  -8.013   1.175
 119B   0.00076971 0.13  0.039  -180.797968   24.0   2.900   2.920 |    0.000  -0.000   0.000  -0.000 |  -12.687  -8.013   1.021
 120B   0.00064172 0.14  0.039  -180.798020   24.0   2.900   2.920 |    0.000  -0.000   0.000  -0.000 |  -12.687  -8.013   1.281
 121B   0.00167477 0.10  0.039  -180.798078   24.0   2.900   2.920 |    0.000  -0.000   0.000  -0.000 |  -12.687  -8.013   1.603
 122B   0.00116190 0.11  0.039  -180.798116   24.0   2.900   2.920 |    0.000  -0.000   0.000  -0.000 |  -12.687  -8.013   1.022
 123B   0.00111668 0.13  0.039  -180.798111   24.0   2.900   2.920 |    0.000  -0.000   0.000  -0.000 |  -12.687  -8.013   0.958
 124B   0.00115851 0.10  0.039  -180.798117   24.0   2.900   2.920 |    0.000  -0.000   0.000  -0.000 |  -12.687  -8.013   1.588
 125B   0.00147529 0.10  0.039  -180.798118   24.0   2.900   2.920 |    0.000  -0.000   0.000  -0.000 |  -12.687  -8.013   1.386
 126B   0.00147395 0.11  0.039  -180.798097   24.0   2.900   2.920 |    0.000  -0.000   0.000  -0.000 |  -12.686  -8.013   1.167
 127B   0.00148077 0.10  0.039  -180.798070   24.0   2.900   2.920 |    0.000  -0.000   0.000  -0.000 |  -12.686  -8.013   1.489
 128B   0.00119107 0.11  0.039  -180.798116   24.0   2.900   2.920 |    0.000  -0.000   0.000  -0.000 |  -12.687  -8.013   1.004
 129B   0.00117803 0.13  0.039  -180.798113   24.0   2.900   2.920 |    0.000  -0.000   0.000  -0.000 |  -12.687  -8.013   1.582
 130B   0.00119460 0.10  0.039  -180.798032   24.0   2.900   2.920 |    0.000  -0.000   0.000  -0.000 |  -12.687  -8.013   1.415
 131B   0.00050631 0.11  0.039  -180.798022   24.0   2.900   2.920 |    0.000  -0.000   0.000  -0.000 |  -12.687  -8.013   0.877
 132B   0.00029095 0.13  0.039  -180.797974   24.0   2.900   2.920 |    0.000  -0.000   0.000  -0.000 |  -12.687  -8.013   1.510
 133B   0.00069803 0.10  0.039  -180.797961   24.0   2.900   2.920 |    0.000  -0.000   0.000  -0.000 |  -12.686  -8.013   1.499
 134B   0.00107487 0.10  0.039  -180.797926   24.0   2.900   2.920 |    0.000  -0.000   0.000  -0.000 |  -12.687  -8.013   1.571
 135B   0.00116750 0.10  0.039  -180.797886   24.0   2.900   2.920 |    0.000  -0.000   0.000  -0.000 |  -12.686  -8.013   1.230
 136B   0.00162280 0.10  0.039  -180.797847   24.0   2.900   2.920 |    0.000  -0.000   0.000  -0.000 |  -12.686  -8.013   1.422
 137B   0.00082167 0.11  0.039  -180.797844   24.0   2.900   2.920 |    0.000  -0.000   0.000  -0.000 |  -12.687  -8.013   0.915
 138B   0.00085128 0.10  0.039  -180.797838   24.0   2.900   2.920 |    0.000  -0.000   0.000  -0.000 |  -12.687  -8.013   1.173
 139B   0.00088540 0.10  0.039  -180.797835   24.0   2.900   2.920 |    0.000  -0.000   0.000  -0.000 |  -12.687  -8.013   0.849
 140B   0.00087277 0.11  0.039  -180.797833   24.0   2.900   2.920 |    0.000  -0.000   0.000  -0.000 |  -12.687  -8.013   1.456
 141B   0.00118285 0.10  0.039  -180.797794   24.0   2.900   2.920 |    0.000  -0.000   0.000  -0.000 |  -12.687  -8.013   0.973
 142B   0.00133264 0.10  0.039  -180.797772   24.0   2.900   2.920 |    0.000  -0.000   0.000  -0.000 |  -12.687  -8.013   1.082
 143B   0.00142517 0.10  0.039  -180.797762   24.0   2.900   2.920 |    0.000  -0.000   0.000  -0.000 |  -12.687  -8.013   0.896
 144B   0.00162825 0.10  0.039  -180.797732   24.0   2.900   2.920 |    0.000  -0.000   0.000  -0.000 |  -12.686  -8.013   1.528
 145B   0.00136071 0.11  0.039  -180.797773   24.0   2.900   2.920 |    0.000  -0.000   0.000  -0.000 |  -12.687  -8.013   0.879
 146B   0.00108615 0.13  0.039  -180.797809   24.0   2.900   2.920 |    0.000  -0.000   0.000  -0.000 |  -12.687  -8.013   0.955
 147B   0.00039720 0.14  0.039  -180.797908   24.0   2.900   2.920 |    0.000  -0.000   0.000  -0.000 |  -12.687  -8.013   0.994
 148B   0.00070062 0.10  0.039  -180.797956   24.0   2.900   2.920 |    0.000  -0.000   0.000  -0.000 |  -12.687  -8.013   1.018
 149B   0.00109378 0.10  0.039  -180.797927   24.0   2.900   2.920 |    0.000  -0.000   0.000   0.000 |  -12.687  -8.013   1.231
 150B   0.00066160 0.11  0.039  -180.797999   24.0   2.900   2.920 |    0.000   0.000   0.000   0.000 |  -12.687  -8.013   0.952
 151B   0.00064276 0.13  0.039  -180.797994   24.0   2.900   2.920 |    0.000  -0.000   0.000   0.000 |  -12.687  -8.013   1.192
 152B   0.00031231 0.14  0.039  -180.798000   24.0   2.900   2.920 |    0.000  -0.000   0.000   0.000 |  -12.687  -8.013   0.943
 153B   0.00035598 0.10  0.039  -180.798005   24.0   2.900   2.920 |    0.000   0.000   0.000   0.000 |  -12.687  -8.013   0.963
 154B   0.00040098 0.10  0.039  -180.798012   24.0   2.900   2.920 |    0.000   0.000   0.000   0.000 |  -12.687  -8.013   0.934
 155B   0.00039882 0.11  0.039  -180.798011   24.0   2.900   2.920 |    0.000   0.000   0.000   0.000 |  -12.687  -8.013   1.125
 156B   0.00060847 0.10  0.039  -180.798039   24.0   2.900   2.920 |    0.000   0.000   0.000  -0.000 |  -12.687  -8.013   0.727
 157B   0.00048696 0.11  0.039  -180.798023   24.0   2.900   2.920 |    0.000   0.000   0.000   0.000 |  -12.687  -8.013   0.608
 158B   0.00042675 0.13  0.039  -180.798014   24.0   2.900   2.920 |    0.000   0.000   0.000  -0.000 |  -12.687  -8.013   0.609
 159B   0.00025084 0.14  0.039  -180.797990   24.0   2.900   2.920 |    0.000   0.000   0.000  -0.000 |  -12.687  -8.013   0.633
 160B   0.00011878 0.16  0.039  -180.797950   24.0   2.900   2.920 |    0.000   0.000   0.000  -0.000 |  -12.687  -8.013   0.723
 161B   0.00003711 0.18  0.039  -180.797952   24.0   2.900   2.920 |    0.000  -0.000   0.000  -0.000 |  -12.687  -8.013   1.004
 162B   0.00004354 0.10  0.039  -180.797954   24.0   2.900   2.920 |    0.000   0.000   0.000   0.000 |  -12.687  -8.013   0.679
 163B   0.00003447 0.11  0.039  -180.797960   24.0   2.900   2.920 |    0.000  -0.000   0.000  -0.000 |  -12.687  -8.013   0.578
 164B   0.00003440 0.13  0.039  -180.797957   24.0   2.900   2.920 |    0.000  -0.000   0.000  -0.000 |  -12.687  -8.013   0.624
 165B   0.00001575 0.14  0.039  -180.797956   24.0   2.900   2.920 |    0.000  -0.000   0.000  -0.000 |  -12.687  -8.013   0.793
 166B   0.00000248 0.16  0.039  -180.797956   24.0   2.900   2.920 |    0.000   0.000   0.000  -0.000 |  -12.687  -8.013   0.524
 167B   0.00000230 0.18  0.039  -180.797956   24.0   2.900   2.920 |    0.000  -0.000   0.000  -0.000 |  -12.687  -8.013   0.548
 168B   0.00000195 0.21  0.039  -180.797956   24.0   2.900   2.920 |    0.000  -0.000   0.000  -0.000 |  -12.687  -8.013   0.569
 169B   0.00000080 0.24  0.039  -180.797956   24.0   2.900   2.920 |    0.000  -0.000   0.000  -0.000 |  -12.687  -8.013   0.604
 170B   0.00000127 0.10  0.039  -180.797956   24.0   2.900   2.920 |    0.000  -0.000   0.000  -0.000 |  -12.687  -8.013   0.544
 171B   0.00000157 0.10  0.039  -180.797956   24.0   2.900   2.920 |    0.000  -0.000   0.000   0.000 |  -12.687  -8.013   0.601
 172B   0.00000133 0.11  0.039  -180.797956   24.0   2.900   2.920 |    0.000  -0.000   0.000  -0.000 |  -12.687  -8.013   0.521
 173B   0.00000133 0.10  0.039  -180.797956   24.0   2.900   2.920 |    0.000  -0.000   0.000  -0.000 |  -12.687  -8.013   0.559
 174B   0.00000137 0.10  0.039  -180.797956   24.0   2.900   2.920 |    0.000  -0.000   0.000  -0.000 |  -12.687  -8.013   0.505
 175B   0.00000122 0.11  0.039  -180.797956   24.0   2.900   2.920 |    0.000  -0.000   0.000  -0.000 |  -12.687  -8.013   0.766
 176B   0.00000162 0.10  0.039  -180.797956   24.0   2.900   2.920 |    0.000  -0.000   0.000  -0.000 |  -12.687  -8.013   0.916
 177B   0.00000195 0.10  0.039  -180.797956   24.0   2.900   2.920 |    0.000   0.000   0.000  -0.000 |  -12.687  -8.013   0.759
 178B   0.00000285 0.10  0.039  -180.797957   24.0   2.900   2.920 |    0.000   0.000   0.000  -0.000 |  -12.687  -8.013   0.599
 179B   0.00000191 0.11  0.039  -180.797956   24.0   2.900   2.920 |    0.000   0.000   0.000   0.000 |  -12.687  -8.013   0.624
 180B   0.00000182 0.13  0.039  -180.797956   24.0   2.900   2.920 |    0.000   0.000   0.000  -0.000 |  -12.687  -8.013   0.548
 181B   0.00000194 0.10  0.039  -180.797956   24.0   2.900   2.920 |    0.000  -0.000   0.000  -0.000 |  -12.687  -8.013   0.615
 182B   0.00000222 0.10  0.039  -180.797956   24.0   2.900   2.920 |    0.000  -0.000   0.000  -0.000 |  -12.687  -8.013   0.513
 183B   0.00000203 0.11  0.039  -180.797956   24.0   2.900   2.920 |    0.000  -0.000   0.000  -0.000 |  -12.687  -8.013   0.838
 184B   0.00000208 0.10  0.039  -180.797956   24.0   2.900   2.920 |    0.000  -0.000   0.000  -0.000 |  -12.687  -8.013   0.820
 185B   0.00000223 0.10  0.039  -180.797956   24.0   2.900   2.920 |    0.000  -0.000   0.000  -0.000 |  -12.687  -8.013   0.585
 186B   0.00000232 0.10  0.039  -180.797956   24.0   2.900   2.920 |    0.000  -0.000   0.000  -0.000 |  -12.687  -8.013   0.892
 187B   0.00000249 0.10  0.039  -180.797956   24.0   2.900   2.920 |    0.000   0.000   0.000  -0.000 |  -12.687  -8.013   0.538
 188B   0.00000276 0.10  0.039  -180.797956   24.0   2.900   2.920 |    0.000   0.000   0.000  -0.000 |  -12.687  -8.013   0.703
 189B   0.00000193 0.11  0.039  -180.797956   24.0   2.900   2.920 |    0.000   0.000   0.000   0.000 |  -12.687  -8.013   0.703
 190B   0.00000141 0.13  0.039  -180.797956   24.0   2.900   2.920 |    0.000   0.000   0.000   0.000 |  -12.687  -8.013   0.590
 191B   0.00000439 0.10  0.039  -180.797956   24.0   2.900   2.920 |    0.000   0.000   0.000   0.000 |  -12.687  -8.013   0.568
 192B   0.00000162 0.11  0.039  -180.797956   24.0   2.900   2.920 |    0.000   0.000   0.000   0.000 |  -12.687  -8.013   0.514
 193B   0.00000206 0.10  0.039  -180.797956   24.0   2.900   2.920 |    0.000   0.000   0.000   0.000 |  -12.687  -8.013   0.679
 194B   0.00000123 0.11  0.039  -180.797956   24.0   2.900   2.920 |    0.000   0.000   0.000   0.000 |  -12.687  -8.013   0.631
 195B   0.00000103 0.13  0.039  -180.797956   24.0   2.900   2.920 |    0.000  -0.000   0.000   0.000 |  -12.687  -8.013   0.500
 196B   0.00000136 0.10  0.039  -180.797956   24.0   2.900   2.920 |    0.000   0.000   0.000   0.000 |  -12.687  -8.013   0.623
 197B   0.00000139 0.10  0.039  -180.797956   24.0   2.900   2.920 |    0.000   0.000   0.000   0.000 |  -12.687  -8.013   0.605
 198B   0.00000186 0.10  0.039  -180.797956   24.0   2.900   2.920 |    0.000   0.000   0.000   0.000 |  -12.687  -8.013   0.534
 199B   0.00000221 0.10  0.039  -180.797956   24.0   2.900   2.920 |    0.000  -0.000   0.000   0.000 |  -12.687  -8.013   0.542
 200B   0.00000237 0.10  0.039  -180.797956   24.0   2.900   2.920 |    0.000  -0.000   0.000   0.000 |  -12.687  -8.013   0.516
 201B   0.00000269 0.10  0.039  -180.797956   24.0   2.900   2.920 |    0.000  -0.000   0.000   0.000 |  -12.687  -8.013   0.863
 202B   0.00000307 0.10  0.039  -180.797956   24.0   2.900   2.920 |    0.000  -0.000   0.000   0.000 |  -12.687  -8.013   0.579
 203B   0.00000332 0.10  0.039  -180.797956   24.0   2.900   2.920 |    0.000   0.000   0.000   0.000 |  -12.687  -8.013   0.579
 204B   0.00000318 0.11  0.039  -180.797956   24.0   2.900   2.920 |    0.000   0.000   0.000   0.000 |  -12.687  -8.013   0.619
 205B   0.00000298 0.13  0.039  -180.797956   24.0   2.900   2.920 |    0.000  -0.000   0.000  -0.000 |  -12.687  -8.013   0.552
 206B   0.00000367 0.10  0.039  -180.797956   24.0   2.900   2.920 |    0.000  -0.000   0.000  -0.000 |  -12.687  -8.013   0.598
 207B   0.00000327 0.11  0.039  -180.797956   24.0   2.900   2.920 |    0.000  -0.000   0.000  -0.000 |  -12.687  -8.013   0.970
 208B   0.00000482 0.10  0.039  -180.797956   24.0   2.900   2.920 |    0.000   0.000   0.000   0.000 |  -12.687  -8.013   0.562
 209B   0.00000716 0.10  0.039  -180.797956   24.0   2.900   2.920 |    0.000  -0.000   0.000   0.000 |  -12.687  -8.013   1.123
 210B   0.00000068 0.11  0.039  -180.797956   24.0   2.900   2.920 |    0.000   0.000   0.000   0.000 |  -12.687  -8.013   0.653
 211B   0.00000066 0.13  0.039  -180.797956   24.0   2.900   2.920 |    0.000  -0.000   0.000  -0.000 |  -12.687  -8.013   0.590
 212B   0.00000066 0.14  0.039  -180.797956   24.0   2.900   2.920 |    0.000  -0.000   0.000   0.000 |  -12.687  -8.013   0.702
 213B   0.00000185 0.10  0.039  -180.797956   24.0   2.900   2.920 |    0.000  -0.000   0.000   0.000 |  -12.687  -8.013   0.658
 214B   0.00000042 0.11  0.039  -180.797956   24.0   2.900   2.920 |    0.000   0.000   0.000   0.000 |  -12.687  -8.013   1.132
 215B   0.00000024 0.13  0.039  -180.797956   24.0   2.900   2.920 |    0.000   0.000   0.000   0.000 |  -12.687  -8.013   0.582
 216B   0.00000052 0.10  0.039  -180.797956   24.0   2.900   2.920 |    0.000   0.000   0.000   0.000 |  -12.687  -8.013   0.624
 217B   0.00000017 0.11  0.039  -180.797956   24.0   2.900   2.920 |    0.000   0.000   0.000   0.000 |  -12.687  -8.013   0.673
 218B   0.00000011 0.13  0.039  -180.797956   24.0   2.900   2.920 |    0.000   0.000   0.000  -0.000 |  -12.687  -8.013   0.727
 219B   0.00000007 0.14  0.039  -180.797956   24.0   2.900   2.920 |    0.000   0.000   0.000   0.000 |  -12.687  -8.013   0.750
 220B   0.00000001 0.16  0.039  -180.797956   24.0   2.900   2.920 |    0.000   0.000   0.000  -0.000 |  -12.687  -8.013   0.718
 221B   0.00000002 0.10  0.039  -180.797956   24.0   2.900   2.920 |    0.000   0.000   0.000   0.000 |  -12.687  -8.013   0.886
 222B   0.00000001 0.11  0.039  -180.797956   24.0   2.900   2.920 |    0.000  -0.000   0.000   0.000 |  -12.687  -8.013   0.664
 223B   0.00000001 0.10  0.039  -180.797956   24.0   2.900   2.920 |    0.000  -0.000   0.000   0.000 |  -12.687  -8.013   0.778
 224B   0.00000001 0.11  0.039  -180.797956   24.0   2.900   2.920 |    0.000  -0.000   0.000   0.000 |  -12.687  -8.013   0.635
 225B   0.00000001 0.13  0.039  -180.797956   24.0   2.900   2.920 |    0.000  -0.000   0.000   0.000 |  -12.687  -8.013   0.546
 226B   0.00000001 0.10  0.039  -180.797956   24.0   2.900   2.920 |    0.000  -0.000   0.000   0.000 |  -12.687  -8.013   0.639
 227B   0.00000001 0.10  0.039  -180.797956   24.0   2.900   2.920 |    0.000  -0.000   0.000   0.000 |  -12.687  -8.013   0.598
 228B   0.00000001 0.11  0.039  -180.797956   24.0   2.900   2.920 |    0.000  -0.000   0.000   0.000 |  -12.687  -8.013   1.058
 229B   0.00000002 0.10  0.039  -180.797956   24.0   2.900   2.920 |    0.000  -0.000   0.000   0.000 |  -12.687  -8.013   1.237
 230B   0.00000002 0.11  0.039  -180.797956   24.0   2.900   2.920 |    0.000  -0.000   0.000   0.000 |  -12.687  -8.013   1.067
 231B   0.00000001 0.13  0.039  -180.797956   24.0   2.900   2.920 |    0.000  -0.000   0.000   0.000 |  -12.687  -8.013   0.673
 232B   0.00000000 0.14  0.039  -180.797956   24.0   2.900   2.920 |    0.000  -0.000   0.000   0.000 |  -12.687  -8.013   0.951
 233B   0.00000001 0.10  0.039  -180.797956   24.0   2.900   2.920 |    0.000  -0.000   0.000  -0.000 |  -12.687  -8.013   0.644
 234B   0.00000001 0.10  0.039  -180.797956   24.0   2.900   2.920 |    0.000   0.000   0.000   0.000 |  -12.687  -8.013   0.552
 235B   0.00000000 0.11  0.039  -180.797956   24.0   2.900   2.920 |    0.000  -0.000   0.000   0.000 |  -12.687  -8.013   0.943
 236B   0.00000000 0.10  0.039  -180.797956   24.0   2.900   2.920 |    0.000  -0.000   0.000   0.000 |  -12.687  -8.013   1.113
 237B   0.00000000 0.11  0.039  -180.797956   24.0   2.900   2.920 |    0.000  -0.000   0.000   0.000 |  -12.687  -8.013   0.713
 238B   0.00000000 0.13  0.039  -180.797956   24.0   2.900   2.920 |    0.000  -0.000   0.000   0.000 |  -12.687  -8.013   0.538
 239B   0.00000000 0.10  0.039  -180.797956   24.0   2.900   2.920 |    0.000  -0.000   0.000  -0.000 |  -12.687  -8.013   1.218
  ----------------------------------------------------------------------------------------------------------------------------------
  *   iteration converged   after 239 steps   si=     0.0000000009 ho=  0 tho=  0
  ----------------------------------------------------------------------------------------------------------------------------------
  Total CPU time=   5.187 minutes

  Writing to wel_file: s012_012.hel
 __________________________________  
  The tape s012_012.hel recorded:     
  nucname,npr,ngh,ngl,n00,nb,nt      
  b0,beta0,si,etot,rms,bet,xmix      
  pairing:     CpV0,CpV1,pwi         
  delta:       del,ept               
  lambda:      ala,ala2,alast,tz     
  asymptotic:  varmas,ass,skass      
  ntx,nb,nhhdim,id,N_rz,n_r,n_z      
  Omega2,Sigma2,Parity,Lambda        
  matrices(inbro):    hh,de          
  *all blocking candidates           
 __________________________________  



 #quasiparticle energies neutrons
 --------------------------------
  eqp(k) -> q.p. energy 
  e(k)   -> referent s.p. energy 
  p(k)   -> occ.probability 
  del(k) -> referent s.p. gap 
  fermi energy alast=  -12.686508904909150     
  #k  block#    eqp(k)     e(k)       (1-2N)E      decay        p(k)        del(k)    overl      labels
   1    1     0.061899  -12.748408   -0.061899    1.568196    1.00000000   0.0000   0.6478  1+[ 2, 2, 0]
   2    1     2.511431  -10.175078    2.511431    1.712241    0.00000000   0.0000   0.7970  1+[ 2, 0, 0]
   3    1     7.696614   -4.989895    7.696614    1.982932    0.00000000   0.0000   0.7362  1+[ 2, 1, 1]
   4    1    22.723412  -35.409921  -22.723412    2.613575    1.00000000   0.0000   0.9882  1+[ 0, 0, 0]
   5    1    24.714454   12.027945   24.714454    2.686048    0.00000000   0.0000   0.5991  1+[ 4, 2, 0]
   6    1    24.991171   12.304662   24.991171    2.695967    0.00000000   0.0000   0.6376  1+[ 4, 0, 0]
   7    1    25.930591   13.244082   25.930591    2.729369    0.00000000   0.0000   0.5102  1+[ 4, 4, 0]
   8    1    28.388137   15.701628   28.388137    2.814876    0.00000000   0.0000   0.4523  1+[ 4, 1, 1]
   9    1    32.035483   19.348974   32.035483    2.937196    0.00000000   0.0000   0.5001  1+[ 4, 3, 1]
  10    1    46.234507   33.547998   46.234507    3.371379    0.00000000   0.0000   0.4078  1+[ 6, 2, 0]
  11    1    48.263384   35.576875   48.263384    3.428932    0.00000000   0.0000   0.3902  1+[ 6, 6, 0]
  12    1    49.675246   36.988737   49.675246    3.468419    0.00000000   0.0000   0.4496  1+[ 6, 0, 0]
  13    1    51.216695   38.530186   51.216695    3.511024    0.00000000   0.0000   0.5123  1+[ 6, 4, 0]
  14    1    52.000083   39.313574   52.000083    3.532479    0.00000000   0.0000   0.3652  1+[ 4, 1, 1]
  15    1    54.403826   41.717317   54.403826    3.597513    0.00000000   0.0000   0.3621  1+[ 6, 1, 1]
  16    1    55.466485   42.779976   55.466485    3.625892    0.00000000   0.0000   0.4765  1+[ 6, 3, 1]
  17    2     6.536020  -19.222529   -6.536020    1.925651    1.00000000   0.0000   0.8120  1-[ 1, 0, 1]
  18    2    11.129307  -23.815816  -11.129307    2.143410    1.00000000   0.0000   0.8105  1-[ 1, 1, 0]
  19    2    12.050185   -0.636324   12.050185    2.184456    0.00000000   0.0000   0.5848  1-[ 3, 2, 1]
  20    2    15.585007    2.898498   15.585007    2.335323    0.00000000   0.0000   0.5796  1-[ 3, 3, 0]
  21    2    16.868820    4.182311   16.868820    2.387758    0.00000000   0.0000   0.6990  1-[ 3, 0, 1]
  22    2    20.736309    8.049800   20.736309    2.539183    0.00000000   0.0000   0.6229  1-[ 3, 2, 1]
  23    2    37.473969   24.787460   37.473969    3.110665    0.00000000   0.0000   0.5532  1-[ 5, 1, 0]
  24    2    37.729388   25.042879   37.729388    3.118575    0.00000000   0.0000   0.5594  1-[ 5, 5, 0]
  25    2    38.534681   25.848173   38.534681    3.143383    0.00000000   0.0000   0.5762  1-[ 5, 3, 0]
  26    2    39.214817   26.528308   39.214817    3.164183    0.00000000   0.0000   0.5489  1-[ 5, 0, 1]
  27    2    43.627868   30.941359   43.627868    3.295961    0.00000000   0.0000   0.3996  1-[ 5, 4, 1]
  28    2    45.282777   32.596269   45.282777    3.344040    0.00000000   0.0000   0.4860  1-[ 5, 3, 0]
  29    2    64.537456   51.850947   64.537456    3.859655    0.00000000   0.0000   0.4498  1-[ 7, 6, 1]
  30    2    67.471651   54.785142   67.471651    3.932297    0.00000000   0.0000   0.5106  1-[ 7, 4, 1]
  31    2    70.662657   57.976148   70.662657    4.009803    0.00000000   0.0000   0.4616  1-[ 7, 7, 0]
  32    3     0.041819  -12.728328   -0.041819    1.566961    1.00000000   0.0000   0.8800  3+[ 2, 1, 1]
  33    3     7.737681   -4.948827    7.737681    1.984928    0.00000000   0.0000   0.8518  3+[ 2, 0, 2]
  34    3    24.740016   12.053507   24.740016    2.686966    0.00000000   0.0000   0.6365  3+[ 4, 3, 1]
  35    3    25.821587   13.135078   25.821587    2.725514    0.00000000   0.0000   0.5886  3+[ 4, 1, 1]
  36    3    28.212725   15.526216   28.212725    2.808859    0.00000000   0.0000   0.6148  3+[ 4, 0, 2]
  37    3    32.002582   19.316073   32.002582    2.936116    0.00000000   0.0000   0.6527  3+[ 4, 2, 2]
  38    3    46.200377   33.513868   46.200377    3.370402    0.00000000   0.0000   0.4962  3+[ 6, 5, 1]
  39    3    48.257574   35.571065   48.257574    3.428769    0.00000000   0.0000   0.3962  3+[ 6, 1, 1]
  40    3    51.223109   38.536600   51.223109    3.511200    0.00000000   0.0000   0.5764  3+[ 6, 3, 1]
  41    3    52.135328   39.448820   52.135328    3.536170    0.00000000   0.0000   0.5179  3+[ 6, 0, 2]
  42    3    54.366631   41.680122   54.366631    3.596516    0.00000000   0.0000   0.3972  3+[ 6, 2, 2]
  43    3    55.439586   42.753077   55.439586    3.625177    0.00000000   0.0000   0.5369  3+[ 6, 4, 2]
  44    4    11.134089  -23.820598  -11.134089    2.143625    1.00000000   0.0000   0.9747  3-[ 1, 0, 1]
  45    4    12.086821   -0.599688   12.086821    2.186073    0.00000000   0.0000   0.7660  3-[ 3, 2, 1]
  46    4    15.702013    3.015504   15.702013    2.340151    0.00000000   0.0000   0.8206  3-[ 3, 0, 1]
  47    4    20.737864    8.051355   20.737864    2.539242    0.00000000   0.0000   0.7758  3-[ 3, 1, 2]
  48    4    37.438548   24.752040   37.438548    3.109567    0.00000000   0.0000   0.5570  3-[ 5, 0, 1]
  49    4    37.633832   24.947323   37.633832    3.115618    0.00000000   0.0000   0.5182  3-[ 5, 0, 1]
  50    4    38.558831   25.872322   38.558831    3.144124    0.00000000   0.0000   0.5999  3-[ 5, 2, 1]
  51    4    43.550152   30.863643   43.550152    3.293686    0.00000000   0.0000   0.5564  3-[ 5, 1, 2]
  52    4    45.267757   32.581248   45.267757    3.343606    0.00000000   0.0000   0.6126  3-[ 5, 3, 2]
  53    4    64.533036   51.846527   64.533036    3.859544    0.00000000   0.0000   0.5360  3-[ 7, 6, 1]
  54    4    67.487479   54.800970   67.487479    3.932685    0.00000000   0.0000   0.5819  3-[ 7, 4, 1]
  55    4    70.692167   58.005658   70.692167    4.010513    0.00000000   0.0000   0.4477  3-[ 7, 6, 1]
  56    5     0.005422  -12.691931   -0.005422    1.564719    1.00000000   0.0000   0.9752  5+[ 2, 0, 2]
  57    5    24.792309   12.105800   24.792309    2.688843    0.00000000   0.0000   0.8145  5+[ 4, 2, 2]
  58    5    25.658162   12.971653   25.658162    2.719725    0.00000000   0.0000   0.7710  5+[ 4, 0, 2]
  59    5    31.942970   19.256461   31.942970    2.934157    0.00000000   0.0000   0.7495  5+[ 4, 1, 3]
  60    5    46.133751   33.447242   46.133751    3.368495    0.00000000   0.0000   0.4992  5+[ 6, 4, 2]
  61    5    48.261914   35.575405   48.261914    3.428891    0.00000000   0.0000   0.6023  5+[ 6, 0, 2]
  62    5    51.236511   38.550002   51.236511    3.511568    0.00000000   0.0000   0.5675  5+[ 6, 4, 2]
  63    5    54.296608   41.610099   54.296608    3.594638    0.00000000   0.0000   0.5487  5+[ 6, 1, 3]
  64    5    55.388595   42.702087   55.388595    3.623820    0.00000000   0.0000   0.6572  5+[ 6, 3, 3]
  65    6    12.162107   -0.524402   12.162107    2.189392    0.00000000   0.0000   0.9141  5-[ 3, 1, 2]
  66    6    20.754497    8.067988   20.754497    2.539874    0.00000000   0.0000   0.8474  5-[ 3, 0, 3]
  67    6    37.361098   24.674589   37.361098    3.107163    0.00000000   0.0000   0.6563  5-[ 5, 1, 2]
  68    6    38.608497   25.921988   38.608497    3.145647    0.00000000   0.0000   0.6763  5-[ 5, 3, 2]
  69    6    43.409121   30.722612   43.409121    3.289553    0.00000000   0.0000   0.6773  5-[ 5, 0, 3]
  70    6    45.241269   32.554760   45.241269    3.342842    0.00000000   0.0000   0.7358  5-[ 5, 2, 3]
  71    6    64.524511   51.838002   64.524511    3.859331    0.00000000   0.0000   0.6036  5-[ 7, 5, 2]
  72    6    67.519600   54.833091   67.519600    3.933473    0.00000000   0.0000   0.6087  5-[ 7, 3, 2]
  73    6    70.748289   58.061780   70.748289    4.011862    0.00000000   0.0000   0.6073  5-[ 7, 1, 2]
  74    7    24.875449   12.188940   24.875449    2.691823    0.00000000   0.0000   0.9165  7+[ 4, 1, 3]
  75    7    31.866563   19.180054   31.866563    2.931644    0.00000000   0.0000   0.7962  7+[ 4, 0, 4]
  76    7    46.038453   33.351944   46.038453    3.365765    0.00000000   0.0000   0.6947  7+[ 6, 1, 3]
  77    7    51.258028   38.571519   51.258028    3.512159    0.00000000   0.0000   0.7204  7+[ 6, 3, 3]
  78    7    54.201503   41.514994   54.201503    3.592085    0.00000000   0.0000   0.6144  7+[ 6, 0, 4]
  79    7    55.318444   42.631935   55.318444    3.621952    0.00000000   0.0000   0.7443  7+[ 6, 2, 4]
  80    8    12.278453   -0.408056   12.278453    2.194512    0.00000000   0.0000   0.9804  7-[ 3, 0, 3]
  81    8    37.221996   24.535487   37.221996    3.102842    0.00000000   0.0000   0.8204  7-[ 5, 0, 3]
  82    8    38.686450   25.999941   38.686450    3.148036    0.00000000   0.0000   0.8338  7-[ 5, 2, 3]
  83    8    45.209257   32.522749   45.209257    3.341918    0.00000000   0.0000   0.8164  7-[ 5, 1, 4]
  84    8    64.512541   51.826032   64.512541    3.859032    0.00000000   0.0000   0.5951  7-[ 7, 2, 3]
  85    8    67.568959   54.882450   67.568959    3.934683    0.00000000   0.0000   0.6519  7-[ 7, 4, 3]
  86    8    70.828862   58.142353   70.828862    4.013799    0.00000000   0.0000   0.8130  7-[ 7, 0, 3]
  87    9    24.991714   12.305205   24.991714    2.695986    0.00000000   0.0000   0.9654  9+[ 4, 0, 4]
  88    9    45.920733   33.234224   45.920733    3.362390    0.00000000   0.0000   0.8090  9+[ 6, 0, 4]
  89    9    51.289318   38.602809   51.289318    3.513018    0.00000000   0.0000   0.8340  9+[ 6, 2, 4]
  90    9    55.235394   42.548885   55.235394    3.619740    0.00000000   0.0000   0.8023  9+[ 6, 1, 5]
  91   10    38.797089   26.110580   38.797089    3.151424    0.00000000   0.0000   0.9324  9-[ 5, 1, 4]
  92   10    45.179197   32.492688   45.179197    3.341051    0.00000000   0.0000   0.8578  9-[ 5, 0, 5]
  93   10    64.498193   51.811684   64.498193    3.858674    0.00000000   0.0000   0.8248  9-[ 7, 1, 4]
  94   10    67.637020   54.950511   67.637020    3.936351    0.00000000   0.0000   0.7935  9-[ 7, 3, 4]
  95   11    51.332557   38.646048   51.332557    3.514205    0.00000000   0.0000   0.9058 11+[ 6, 1, 5]
  96   11    55.146760   42.460251   55.146760    3.617377    0.00000000   0.0000   0.8359 11+[ 6, 0, 6]
  97   12    38.946919   26.260410   38.946919    3.156007    0.00000000   0.0000   0.9726 11-[ 5, 0, 5]
  98   12    64.483064   51.796555   64.483064    3.858295    0.00000000   0.0000   0.9371 11-[ 7, 0, 5]
  99   12    67.725826   55.039317   67.725826    3.938526    0.00000000   0.0000   0.9005 11-[ 7, 2, 5]
 100   13    51.390527   38.704018   51.390527    3.515796    0.00000000   0.0000   0.9379 13+[ 6, 0, 6]
 101   14    67.838098   55.151589   67.838098    3.941275    0.00000000   0.0000   0.9690 13-[ 7, 1, 6]
 102   16    67.977374   55.290865   67.977374    3.944682    0.00000000   0.0000   1.0000 15-[ 7, 0, 7]
#all active are  102 q.p. states out of  165
#since the cut off is pwi=  60.0
#check: number of neutrons=  14.0


 #canonical s.p. energies neutrons
 ---------------------------------


  labels -> {2*omega}{parity}[nn=nz+2*nr+nl,nz,nl]
  cqpe   -> canonical q.p. energies
  ce     -> canonical s.p. energies
  fermi energy=  -12.686508904909150     
  average cdelt=  -1.9036499130910238E-020
  k0      ceqp        ce         v*v       u*v        cdel     overl      labels
   1   -2.228362   -2.228362   0.00000000   0.00000000  -0.0000   0.7395  1+[ 2, 0, 0]
   2   18.299966   18.299966   0.00000000   0.00000000  -0.0000   0.7992  1+[ 4, 4, 0]
   3   20.785483   20.785483   0.00000000   0.00000000   0.0000   0.6315  1+[ 4, 0, 0]
   4   25.604818   25.604818   0.00000000   0.00000000  -0.0000   0.6370  1+[ 4, 1, 1]
   5   55.948377   55.948377   0.00000000   0.00000000   0.0000   0.6360  1+[ 8, 8, 0]
   6   58.868114   58.868114   0.00000000   0.00000000   0.0000   0.5523  1+[ 8, 0, 0]
   7   48.325004   48.325004   0.00000000   0.00000000   0.0000   0.4647  1+[ 6, 6, 0]
  11   49.988409   49.988409   0.00000000   0.00000000  -0.0000   0.6632  1+[ 6, 4, 0]
  12   52.759832   52.759832   0.00000000   0.00000000   0.0000   0.4505  1+[ 6, 1, 1]
  13   59.869437   59.869437   0.00000000   0.00000000  -0.0000   0.6630  1+[ 6, 2, 0]
  14   51.781714   51.781714   0.00000000   0.00000000  -0.0000   0.4480  1+[ 6, 4, 0]
  16   50.600880   50.600880   0.00000000   0.00000000  -0.0000   0.4912  1+[ 6, 4, 0]
  17   57.622871   57.622871   0.00000000   0.00000000  -0.0000   0.6102  1+[ 8, 3, 1]
  18   55.453029   55.453029   0.00000000   0.00000000   0.0000   0.4217  1+[ 6, 5, 1]
  19   49.749603   49.749603   0.00000000   0.00000000  -0.0000   0.4494  1+[ 6, 0, 0]
  20   51.941365   51.941365   0.00000000   0.00000000  -0.0000   0.5153  1+[ 8, 4, 0]
  21   18.706723   18.706723   0.00000000   0.00000000  -0.0000   0.8096  1+[ 4, 3, 1]
  22   17.427911   17.427911   0.00000000   0.00000000   0.0000   0.6519  1+[ 4, 1, 1]
  23   -1.564337   -1.564337   0.00000000   0.00000001   0.0000   0.6816  1+[ 2, 2, 0]
  24  -12.624610  -12.748408   0.77521326   0.41744180  -0.0000   0.6478  1+[ 2, 2, 0]
  25   10.036903  -35.409921   1.00000000   0.00000000  -0.0000   0.9882  1+[ 0, 0, 0]
  26   14.178262   14.178262   0.00000000   0.00000000   0.0000   0.7795  1-[ 3, 3, 0]
  27   35.347177   35.347177   0.00000000   0.00000000  -0.0000   0.9146  1-[ 5, 0, 1]
  28   19.403908   19.403908   0.00000000   0.00000000   0.0000   0.6826  1-[ 3, 1, 0]
  29   28.428843   28.428843   0.00000000   0.00000000   0.0000   0.7329  1-[ 5, 4, 1]
  30   33.764957   33.764957   0.00000000   0.00000000   0.0000   0.6923  1-[ 5, 1, 0]
  31   49.643209   49.643209   0.00000000   0.00000000  -0.0000   0.6134  1-[ 7, 3, 0]
  32   56.426236   56.426236   0.00000000   0.00000000   0.0000   0.6551  1-[ 7, 7, 0]
  33   55.730706   55.730706   0.00000000   0.00000000   0.0000   0.5984  1-[ 7, 6, 1]
  34   55.364169   55.364169   0.00000000   0.00000000  -0.0000   0.7025  1-[ 7, 6, 1]
  35   55.825854   55.825854   0.00000000   0.00000000  -0.0000   0.6552  1-[ 7, 1, 0]
  36   57.156517   57.156517   0.00000000   0.00000000   0.0000   0.7669  1-[ 7, 4, 1]
  37   53.410435   53.410435   0.00000000   0.00000000  -0.0000   0.5875  1-[ 7, 5, 0]
  38   47.459024   47.459024   0.00000000   0.00000000   0.0000   0.7544  1-[ 7, 0, 1]
  39   34.203264   34.203264   0.00000000   0.00000000  -0.0000   0.8315  1-[ 5, 5, 0]
  40   34.685102   34.685102   0.00000000   0.00000000  -0.0000   0.6931  1-[ 5, 3, 0]
  41   24.094705   24.094705   0.00000000   0.00000000   0.0000   0.7050  1-[ 5, 2, 1]
  42    2.592115    2.592115   0.00000000   0.00000001  -0.0000   0.7381  1-[ 3, 2, 1]
  43    5.409087    5.409087   0.00000000   0.00000002  -0.0000   0.8536  1-[ 3, 0, 1]
  44   -1.558963  -23.814055   1.00000000   0.00000003  -0.0000   0.8210  1-[ 1, 1, 0]
  45   -6.148728  -19.224290   1.00000000   0.00000000  -0.0000   0.8225  1-[ 1, 0, 1]
  46   -1.644734   -1.644734   0.00000000   0.00000000  -0.0000   0.9034  3+[ 2, 0, 2]
  47   19.077574   19.077574   0.00000000   0.00000000  -0.0000   0.7357  3+[ 4, 1, 1]
  48   29.420115   29.420115   0.00000000   0.00000000  -0.0000   0.6634  3+[ 4, 0, 2]
  49   55.564155   55.564155   0.00000000   0.00000000   0.0000   0.5167  3+[ 8, 3, 1]
  52   43.048000   43.048000   0.00000000   0.00000000   0.0000   0.4640  3+[ 6, 0, 2]
  53   59.636955   59.636955   0.00000000   0.00000000   0.0000   0.7156  3+[ 8, 4, 2]
  54   43.877029   43.877029   0.00000000   0.00000000  -0.0000   0.7677  3+[ 6, 4, 2]
  56   41.906561   41.906561   0.00000000   0.00000000   0.0000   0.4589  3+[ 8, 6, 2]
  58   55.098111   55.098111   0.00000000   0.00000000  -0.0000   0.4486  3+[ 8, 4, 2]
  60   56.962742   56.962742   0.00000000   0.00000000   0.0000   0.6229  3+[ 8, 5, 1]
  62   37.137418   37.137418   0.00000000   0.00000000  -0.0000   0.6186  3+[ 6, 1, 1]
  63   28.895437   28.895437   0.00000000   0.00000000  -0.0000   0.7617  3+[ 4, 3, 1]
  64   26.396689   26.396689   0.00000000   0.00000000  -0.0000   0.6904  3+[ 4, 0, 2]
  65  -12.644690  -12.728328   0.69770312   0.45925317  -0.0000   0.8800  3+[ 2, 1, 1]
  66   10.762674   10.762674   0.00000000   0.00000000  -0.0000   0.8122  3-[ 3, 1, 2]
  67   29.789974   29.789974   0.00000000   0.00000000  -0.0000   0.8503  3-[ 5, 2, 1]
  68   30.999028   30.999028   0.00000000   0.00000000  -0.0000   0.6774  3-[ 7, 0, 1]
  69   50.358131   50.358131   0.00000000   0.00000000   0.0000   0.7613  3-[ 7, 2, 1]
  70   53.165704   53.165704   0.00000000   0.00000000   0.0000   0.9344  3-[ 7, 6, 1]
  71   34.383572   34.383572   0.00000000   0.00000000  -0.0000   0.8877  3-[ 5, 1, 2]
  72   56.173032   56.173032   0.00000000   0.00000000  -0.0000   0.9787  3-[ 7, 1, 2]
  73   54.403032   54.403032   0.00000000   0.00000000  -0.0000   0.8427  3-[ 7, 3, 2]
  74   59.679111   59.679111   0.00000000   0.00000000   0.0000   0.8611  3-[ 7, 5, 2]
  75   36.501286   36.501286   0.00000000   0.00000000  -0.0000   0.8973  3-[ 5, 3, 2]
  76   56.024329   56.024329   0.00000000   0.00000000  -0.0000   0.8801  3-[ 7, 4, 1]
  77   38.598012   38.598012   0.00000000   0.00000000  -0.0000   0.7837  3-[ 5, 4, 1]
  78   45.770795   45.770795   0.00000000   0.00000000  -0.0000   0.7979  3-[ 5, 0, 1]
  79    7.398669    7.398669   0.00000000   0.00000000  -0.0000   0.7866  3-[ 3, 2, 1]
  80    6.847664    6.847664   0.00000000   0.00000000  -0.0000   0.9520  3-[ 3, 0, 1]
  81   -1.552420  -23.820598   1.00000000   0.00000001  -0.0000   0.9747  3-[ 1, 0, 1]
  82   25.839224   25.839224   0.00000000   0.00000000  -0.0000   0.9197  5+[ 4, 1, 3]
  83   33.988788   33.988788   0.00000000   0.00000000  -0.0000   0.6795  5+[ 8, 0, 2]
  85   50.674767   50.674767   0.00000000   0.00000000  -0.0000   0.7782  5+[ 6, 0, 2]
  86   38.400654   38.400654   0.00000000   0.00000000   0.0000   0.7150  5+[ 6, 4, 2]
  87   46.305783   46.305783   0.00000000   0.00000000  -0.0000   0.8609  5+[ 6, 3, 3]
  91   46.850998   46.850998   0.00000000   0.00000000   0.0000   0.9224  5+[ 6, 1, 3]
  93   49.880445   49.880445   0.00000000   0.00000000   0.0000   0.6526  5+[ 6, 2, 2]
  95   39.064325   39.064325   0.00000000   0.00000000  -0.0000   0.6489  5+[ 8, 0, 2]
  96   18.025661   18.025661   0.00000000   0.00000000  -0.0000   0.8736  5+[ 4, 0, 2]
  97  -12.681087  -12.691931   0.52708361   0.49926594  -0.0000   0.9752  5+[ 2, 0, 2]
  98   50.834725   50.834725   0.00000000   0.00000000  -0.0000   0.5802  5-[ 7, 1, 2]
  99   57.627963   57.627963   0.00000000   0.00000000  -0.0000   0.5790  5-[ 7, 1, 2]
 100   44.457703   44.457703   0.00000000   0.00000000  -0.0000   0.5979  5-[ 7, 2, 3]
 101   24.144101   24.144101   0.00000000   0.00000000  -0.0000   0.4996  5-[ 3, 0, 3]
 102   32.061846   32.061846   0.00000000   0.00000000  -0.0000   0.4897  5-[ 3, 0, 3]
 103   25.582365   25.582365   0.00000000   0.00000000  -0.0000   0.7096  5-[ 5, 1, 2]
 104   45.192878   45.192878   0.00000000   0.00000000  -0.0000   0.5184  5-[ 5, 0, 3]
 105   42.139857   42.139857   0.00000000   0.00000000   0.0000   0.5154  5-[ 7, 5, 2]
 106   49.984781   49.984781   0.00000000   0.00000000  -0.0000   0.5540  5-[ 7, 0, 3]
 107   21.654081   21.654081   0.00000000   0.00000000  -0.0000   0.6846  5-[ 3, 1, 2]
 108   40.421209   40.421209   0.00000000   0.00000000  -0.0000   0.6081  5-[ 7, 4, 3]
 109   48.337587   48.337587   0.00000000   0.00000000  -0.0000   0.5744  5-[ 7, 3, 2]
 110   42.140773   42.140773   0.00000000   0.00000000  -0.0000   0.6040  7+[ 4, 0, 4]
 112   57.209854   57.209854   0.00000000   0.00000000  -0.0000   0.5493  7+[ 8, 0, 4]
 113   41.357152   41.357152   0.00000000   0.00000000   0.0000   0.5860  7+[ 6, 3, 3]
 115   55.391918   55.391918   0.00000000   0.00000000  -0.0000   0.7344  7+[ 6, 2, 4]
 116   57.757298   57.757298   0.00000000   0.00000000  -0.0000   0.6339  7+[ 8, 3, 3]
 119   37.923090   37.923090   0.00000000   0.00000000  -0.0000   0.7050  7+[ 6, 1, 3]
 120   35.893797   35.893797   0.00000000   0.00000000  -0.0000   0.7148  7+[ 4, 1, 3]
 121   27.681920   27.681920   0.00000000   0.00000000  -0.0000   0.7189  7+[ 4, 0, 4]
 122   57.734467   57.734467   0.00000000   0.00000000  -0.0000   0.8085  7-[ 7, 1, 4]
 123   55.824485   55.824485   0.00000000   0.00000000  -0.0000   0.6183  7-[ 7, 0, 3]
 124   10.593306   10.593306   0.00000000   0.00000000  -0.0000   0.8553  7-[ 3, 0, 3]
 125   23.720754   23.720754   0.00000000   0.00000000   0.0000   0.6834  7-[ 5, 2, 3]
 126   35.336567   35.336567   0.00000000   0.00000000  -0.0000   0.7102  7-[ 5, 0, 3]
 127   57.795115   57.795115   0.00000000   0.00000000  -0.0000   0.8458  7-[ 7, 2, 3]
 128   44.770264   44.770264   0.00000000   0.00000000  -0.0000   0.7646  7-[ 7, 4, 3]
 130   32.020057   32.020057   0.00000000   0.00000000   0.0000   0.8079  7-[ 5, 1, 4]
 131   50.896630   50.896630   0.00000000   0.00000000  -0.0000   0.6545  9+[ 8, 3, 5]
 132   54.087973   54.087973   0.00000000   0.00000000  -0.0000   0.6832  9+[ 8, 1, 5]
 133   42.543117   42.543117   0.00000000   0.00000000  -0.0000   0.5660  9+[ 6, 2, 4]
 135   56.306125   56.306125   0.00000000   0.00000000  -0.0000   0.5212  9+[ 8, 0, 4]
 136   52.477800   52.477800   0.00000000   0.00000000  -0.0000   0.7475  9+[ 6, 1, 5]
 137   59.064331   59.064331   0.00000000   0.00000000  -0.0000   0.5110  9+[ 6, 0, 4]
 139   36.453136   36.453136   0.00000000   0.00000000  -0.0000   0.6088  9+[ 4, 0, 4]
 140   51.745618   51.745618   0.00000000   0.00000000  -0.0000   0.9240  9-[ 7, 1, 4]
 141   43.117755   43.117755   0.00000000   0.00000000  -0.0000   0.7649  9-[ 5, 1, 4]
 142   40.232202   40.232202   0.00000000   0.00000000  -0.0000   0.6701  9-[ 7, 0, 5]
 143   46.920198   46.920198   0.00000000   0.00000000  -0.0000   0.6400  9-[ 7, 3, 4]
 144   54.582650   54.582650   0.00000000   0.00000000  -0.0000   0.5321  9-[ 7, 3, 4]
 145   59.488144   59.488144   0.00000000   0.00000000  -0.0000   0.7571  9-[ 7, 2, 5]
 149   44.523641   44.523641   0.00000000   0.00000000  -0.0000   0.9737 11+[ 6, 1, 5]
 151   47.805132   47.805132   0.00000000   0.00000000  -0.0000   0.7078 11+[ 8, 0, 6]
 152   53.522263   53.522263   0.00000000   0.00000000  -0.0000   0.8737 11-[ 7, 0, 5]
 153   41.232853   41.232853   0.00000000   0.00000000   0.0000   0.7082 11-[ 7, 2, 5]
 154   59.419190   59.419190   0.00000000   0.00000000  -0.0000   0.8773 11-[ 7, 1, 6]
 155   42.367188   42.367188   0.00000000   0.00000000  -0.0000   0.7304 11-[ 5, 0, 5]
 159   56.940123   56.940123   0.00000000   0.00000000  -0.0000   0.7335 13+[ 6, 0, 6]
 160   55.658459   55.658459   0.00000000   0.00000000  -0.0000   1.0000 13-[ 7, 1, 6]
 162   55.290865   55.290865   0.00000000   0.00000000  -0.0000   1.0000 15-[ 7, 0, 7]
  Sum canonical e_v*V^2_k=  -255.44380371822868     


 #quasiparticle energies protons 
 --------------------------------
  eqp(k) -> q.p. energy 
  e(k)   -> referent s.p. energy 
  p(k)   -> occ.probability 
  del(k) -> referent s.p. gap 
  fermi energy alast=  -8.0134602416350749     
  #k  block#    eqp(k)     e(k)       (1-2N)E      decay        p(k)        del(k)    overl      labels
   1    1     0.062048   -8.075508   -0.062048    1.248123    1.00000000   0.0000   0.6453  1+[ 2, 2, 0]
   2    1     2.456546   -5.556914    2.456546    1.421170    0.00000000   0.0000   0.7899  1+[ 2, 0, 0]
   3    1     7.523118   -0.490342    7.523118    1.731211    0.00000000   0.0000   0.7308  1+[ 2, 1, 1]
   4    1    22.546056  -30.559517  -22.546056    2.427983    1.00000000   0.0000   0.9872  1+[ 0, 0, 0]
   5    1    24.067650   16.054190   24.067650    2.487695    0.00000000   0.0000   0.6078  1+[ 4, 0, 0]
   6    1    24.314944   16.301484   24.314944    2.497265    0.00000000   0.0000   0.5688  1+[ 4, 2, 0]
   7    1    25.039630   17.026169   25.039630    2.525099    0.00000000   0.0000   0.4988  1+[ 4, 4, 0]
   8    1    27.449008   19.435547   27.449008    2.615513    0.00000000   0.0000   0.4384  1+[ 4, 1, 1]
   9    1    31.188040   23.174579   31.188040    2.749943    0.00000000   0.0000   0.4919  1+[ 4, 3, 1]
  10    1    45.262096   37.248636   45.262096    3.205800    0.00000000   0.0000   0.4019  1+[ 6, 2, 0]
  11    1    47.693949   39.680489   47.693949    3.278151    0.00000000   0.0000   0.3757  1+[ 6, 6, 0]
  12    1    49.226976   41.213516   49.226976    3.322951    0.00000000   0.0000   0.4638  1+[ 4, 0, 0]
  13    1    50.256934   42.243474   50.256934    3.352713    0.00000000   0.0000   0.5082  1+[ 6, 4, 0]
  14    1    51.488124   43.474664   51.488124    3.387948    0.00000000   0.0000   0.3781  1+[ 4, 1, 1]
  15    1    53.661261   45.647801   53.661261    3.449261    0.00000000   0.0000   0.3693  1+[ 6, 1, 1]
  16    1    54.346722   46.333262   54.346722    3.468376    0.00000000   0.0000   0.4572  1+[ 6, 4, 0]
  17    2     6.506202  -14.519663   -6.506202    1.673596    1.00000000   0.0000   0.8105  1-[ 1, 0, 1]
  18    2    11.036567  -19.050027  -11.036567    1.916992    1.00000000   0.0000   0.8092  1-[ 1, 1, 0]
  19    2    11.921717    3.908257   11.921717    1.961022    0.00000000   0.0000   0.5823  1-[ 3, 2, 1]
  20    2    15.188136    7.174676   15.188136    2.115589    0.00000000   0.0000   0.5668  1-[ 3, 3, 0]
  21    2    16.384977    8.371516   16.384977    2.169469    0.00000000   0.0000   0.6833  1-[ 3, 0, 1]
  22    2    20.299617   12.286157   20.299617    2.337039    0.00000000   0.0000   0.6170  1-[ 3, 2, 1]
  23    2    36.624644   28.611184   36.624644    2.934440    0.00000000   0.0000   0.5234  1-[ 5, 1, 0]
  24    2    37.052720   29.039260   37.052720    2.948477    0.00000000   0.0000   0.4956  1-[ 5, 5, 0]
  25    2    37.958649   29.945189   37.958649    2.977965    0.00000000   0.0000   0.5743  1-[ 5, 3, 0]
  26    2    38.581405   30.567945   38.581405    2.998068    0.00000000   0.0000   0.5375  1-[ 5, 0, 1]
  27    2    42.884718   34.871258   42.884718    3.133456    0.00000000   0.0000   0.3863  1-[ 5, 4, 1]
  28    2    44.440644   36.427184   44.440644    3.180989    0.00000000   0.0000   0.4828  1-[ 5, 3, 0]
  29    2    64.050073   56.036613   64.050073    3.728466    0.00000000   0.0000   0.4460  1-[ 7, 6, 1]
  30    2    66.716910   58.703450   66.716910    3.796829    0.00000000   0.0000   0.5110  1-[ 7, 4, 1]
  31    3     0.041907   -8.055368   -0.041907    1.246566    1.00000000   0.0000   0.8771  3+[ 2, 1, 1]
  32    3     7.556218   -0.457242    7.556218    1.733055    0.00000000   0.0000   0.8451  3+[ 2, 0, 2]
  33    3    24.336047   16.322587   24.336047    2.498080    0.00000000   0.0000   0.6333  3+[ 4, 3, 1]
  34    3    24.914777   16.901317   24.914777    2.520326    0.00000000   0.0000   0.5760  3+[ 4, 1, 1]
  35    3    27.254716   19.241256   27.254716    2.608338    0.00000000   0.0000   0.5939  3+[ 4, 0, 2]
  36    3    31.148691   23.135231   31.148691    2.748563    0.00000000   0.0000   0.6407  3+[ 4, 2, 2]
  37    3    45.229699   37.216239   45.229699    3.204825    0.00000000   0.0000   0.4885  3+[ 6, 5, 1]
  38    3    47.692993   39.679533   47.692993    3.278123    0.00000000   0.0000   0.3899  3+[ 4, 1, 1]
  39    3    50.261048   42.247588   50.261048    3.352832    0.00000000   0.0000   0.5711  3+[ 6, 3, 1]
  40    3    51.631307   43.617847   51.631307    3.392022    0.00000000   0.0000   0.5293  3+[ 4, 0, 2]
  41    3    53.630835   45.617374   53.630835    3.448410    0.00000000   0.0000   0.4262  3+[ 6, 2, 2]
  42    3    54.314677   46.301217   54.314677    3.467484    0.00000000   0.0000   0.5572  3+[ 6, 4, 2]
  43    4    11.038340  -19.051800  -11.038340    1.917081    1.00000000   0.0000   0.9728  3-[ 1, 0, 1]
  44    4    11.956791    3.943331   11.956791    1.962746    0.00000000   0.0000   0.7626  3-[ 3, 2, 1]
  45    4    15.273201    7.259740   15.273201    2.119464    0.00000000   0.0000   0.8074  3-[ 3, 0, 1]
  46    4    20.294749   12.281289   20.294749    2.336838    0.00000000   0.0000   0.7668  3-[ 3, 1, 2]
  47    4    36.582462   28.569002   36.582462    2.933054    0.00000000   0.0000   0.5040  3-[ 5, 4, 1]
  48    4    36.972197   28.958736   36.972197    2.945842    0.00000000   0.0000   0.5883  3-[ 5, 0, 1]
  49    4    37.980778   29.967318   37.980778    2.978682    0.00000000   0.0000   0.5893  3-[ 5, 2, 1]
  50    4    42.808555   34.795094   42.808555    3.131110    0.00000000   0.0000   0.5479  3-[ 5, 1, 2]
  51    4    44.422726   36.409265   44.422726    3.180446    0.00000000   0.0000   0.6105  3-[ 5, 3, 2]
  52    4    64.046842   56.033382   64.046842    3.728383    0.00000000   0.0000   0.5316  3-[ 7, 6, 1]
  53    4    66.732088   58.718627   66.732088    3.797214    0.00000000   0.0000   0.5824  3-[ 7, 4, 1]
  54    5     0.005243   -8.018704   -0.005243    1.243725    1.00000000   0.0000   0.9719  5+[ 2, 0, 2]
  55    5    24.380584   16.367124   24.380584    2.499799    0.00000000   0.0000   0.8133  5+[ 4, 2, 2]
  56    5    24.730589   16.717129   24.730589    2.513267    0.00000000   0.0000   0.7584  5+[ 4, 0, 2]
  57    5    31.076461   23.063001   31.076461    2.746027    0.00000000   0.0000   0.7350  5+[ 4, 1, 3]
  58    5    45.166706   37.153246   45.166706    3.202929    0.00000000   0.0000   0.4899  5+[ 6, 4, 2]
  59    5    47.705357   39.691897   47.705357    3.278486    0.00000000   0.0000   0.5823  5+[ 6, 0, 2]
  60    5    50.269834   42.256374   50.269834    3.353084    0.00000000   0.0000   0.5630  5+[ 6, 4, 2]
  61    5    53.573035   45.559575   53.573035    3.446793    0.00000000   0.0000   0.5562  5+[ 6, 1, 3]
  62    5    54.254450   46.240990   54.254450    3.465809    0.00000000   0.0000   0.6668  5+[ 6, 3, 3]
  63    6    12.029022    4.015562   12.029022    1.966293    0.00000000   0.0000   0.9102  5-[ 3, 1, 2]
  64    6    20.297836   12.284376   20.297836    2.336966    0.00000000   0.0000   0.8372  5-[ 3, 0, 3]
  65    6    36.490906   28.477445   36.490906    2.930041    0.00000000   0.0000   0.6547  5-[ 5, 1, 2]
  66    6    38.026233   30.012773   38.026233    2.980154    0.00000000   0.0000   0.6791  5-[ 5, 3, 2]
  67    6    42.670024   34.656563   42.670024    3.126840    0.00000000   0.0000   0.6638  5-[ 5, 0, 3]
  68    6    44.390599   36.377139   44.390599    3.179471    0.00000000   0.0000   0.7313  5-[ 5, 2, 3]
  69    6    64.040688   56.027228   64.040688    3.728223    0.00000000   0.0000   0.5985  5-[ 7, 5, 2]
  70    6    66.762888   58.749428   66.762888    3.797996    0.00000000   0.0000   0.6082  5-[ 7, 3, 2]
  71    7    24.452938   16.439477   24.452938    2.502589    0.00000000   0.0000   0.9080  7+[ 4, 1, 3]
  72    7    30.981463   22.968003   30.981463    2.742688    0.00000000   0.0000   0.7807  7+[ 4, 0, 4]
  73    7    45.077134   37.063674   45.077134    3.200230    0.00000000   0.0000   0.6836  7+[ 6, 1, 3]
  74    7    50.284381   42.270920   50.284381    3.353503    0.00000000   0.0000   0.7142  7+[ 6, 3, 3]
  75    7    53.493377   45.479916   53.493377    3.444563    0.00000000   0.0000   0.6046  7+[ 6, 0, 4]
  76    7    54.172797   46.159337   54.172797    3.463535    0.00000000   0.0000   0.7438  7+[ 6, 2, 4]
  77    8    12.140900    4.127439   12.140900    1.971773    0.00000000   0.0000   0.9762  7-[ 3, 0, 3]
  78    8    36.346407   28.332947   36.346407    2.925281    0.00000000   0.0000   0.8120  7-[ 5, 0, 3]
  79    8    38.097499   30.084039   38.097499    2.982459    0.00000000   0.0000   0.8312  7-[ 5, 2, 3]
  80    8    44.350346   36.336886   44.350346    3.178250    0.00000000   0.0000   0.8104  7-[ 5, 1, 4]
  81    8    64.032266   56.018806   64.032266    3.728005    0.00000000   0.0000   0.5928  7-[ 7, 2, 3]
  82    8    66.810218   58.796758   66.810218    3.799198    0.00000000   0.0000   0.6530  7-[ 7, 4, 3]
  83    9    24.554032   16.540572   24.554032    2.506482    0.00000000   0.0000   0.9562  9+[ 4, 0, 4]
  84    9    44.967383   36.953923   44.967383    3.196921    0.00000000   0.0000   0.7950  9+[ 6, 0, 4]
  85    9    50.306284   42.292824   50.306284    3.354133    0.00000000   0.0000   0.8265  9+[ 6, 2, 4]
  86    9    54.078272   46.064812   54.078272    3.460902    0.00000000   0.0000   0.7964  9+[ 6, 1, 5]
  87   10    38.198552   30.185092   38.198552    2.985725    0.00000000   0.0000   0.9267  9-[ 5, 1, 4]
  88   10    44.309395   36.295934   44.309395    3.177007    0.00000000   0.0000   0.8516  9-[ 5, 0, 5]
  89   10    64.022660   56.009200   64.022660    3.727757    0.00000000   0.0000   0.8208  9-[ 7, 1, 4]
  90   10    66.875480   58.862019   66.875480    3.800855    0.00000000   0.0000   0.7942  9-[ 7, 3, 4]
  91   11    50.337621   42.324161   50.337621    3.355034    0.00000000   0.0000   0.8975 11+[ 6, 1, 5]
  92   11    53.980956   45.967496   53.980956    3.458189    0.00000000   0.0000   0.8299 11+[ 6, 0, 6]
  93   12    38.335290   30.321830   38.335290    2.990139    0.00000000   0.0000   0.9666 11-[ 5, 0, 5]
  94   12    64.013543   56.000083   64.013543    3.727521    0.00000000   0.0000   0.9316 11-[ 7, 0, 5]
  95   12    66.960626   58.947166   66.960626    3.803015    0.00000000   0.0000   0.9007 11-[ 7, 2, 5]
  96   13    50.381033   42.367573   50.381033    3.356281    0.00000000   0.0000   0.9294 13+[ 6, 0, 6]
  97   14    67.068261   59.054801   67.068261    3.805744    0.00000000   0.0000   0.9689 13-[ 7, 1, 6]
  98   16    67.201774   59.188314   67.201774    3.809126    0.00000000   0.0000   1.0000 15-[ 7, 0, 7]
#all active are   98 q.p. states out of  165
#since the cut off is pwi=  60.0
#check: number of protons =  14.0


 #canonical s.p. energies protons 
 ---------------------------------


  labels -> {2*omega}{parity}[nn=nz+2*nr+nl,nz,nl]
  cqpe   -> canonical q.p. energies
  ce     -> canonical s.p. energies
  fermi energy=  -8.0134602416350749     
  average cdelt=   9.7671932467987774E-021
  k0      ceqp        ce         v*v       u*v        cdel     overl      labels
   1    0.535246    0.535246   0.00000000   0.00000000   0.0000   0.6721  1+[ 2, 2, 0]
   2   -0.262049   -0.262049   0.00000000   0.00000000  -0.0000   0.7994  1+[ 2, 0, 0]
   3   32.002652   32.002652   0.00000000   0.00000000   0.0000   0.5602  1+[ 4, 4, 0]
   4   31.120662   31.120662   0.00000000   0.00000000   0.0000   0.6101  1+[ 4, 2, 0]
   6   52.987805   52.987805   0.00000000   0.00000000   0.0000   0.5657  1+[ 8, 6, 0]
   8   55.447701   55.447701   0.00000000   0.00000000   0.0000   0.5311  1+[ 6, 4, 0]
  10   45.362208   45.362208   0.00000000   0.00000000   0.0000   0.5012  1+[ 6, 4, 0]
  11   56.310142   56.310142   0.00000000   0.00000000   0.0000   0.4132  1+[ 6, 1, 1]
  12   47.672179   47.672179   0.00000000   0.00000000  -0.0000   0.9641  1+[ 6, 2, 0]
  14   59.107461   59.107461   0.00000000   0.00000000   0.0000   0.5021  1+[ 8, 7, 1]
  15   59.494774   59.494774   0.00000000   0.00000000   0.0000   0.6592  1+[ 6, 5, 1]
  17   57.494632   57.494632   0.00000000   0.00000000   0.0000   0.4934  1+[ 6, 1, 1]
  19   42.222060   42.222060   0.00000000   0.00000000   0.0000   0.4191  1+[ 4, 2, 0]
  20   56.414621   56.414621   0.00000000   0.00000000   0.0000   0.5749  1+[ 8, 8, 0]
  21   33.511557   33.511557   0.00000000   0.00000000   0.0000   0.7297  1+[ 4, 3, 1]
  22   28.336594   28.336594   0.00000000   0.00000000   0.0000   0.7384  1+[ 4, 0, 0]
  23   25.996755   25.996755   0.00000000   0.00000000   0.0000   0.5577  1+[ 4, 1, 1]
  24   -7.951412   -8.075508   0.77573156   0.41709964   0.0000   0.6453  1+[ 2, 2, 0]
  25   14.532596  -30.559517   1.00000000   0.00000000   0.0000   0.9872  1+[ 0, 0, 0]
  26   12.598798   12.598798   0.00000000   0.00000000   0.0000   0.8809  1-[ 3, 2, 1]
  27   11.377547   11.377547   0.00000000   0.00000000   0.0000   0.7371  1-[ 3, 1, 0]
  28   40.799740   40.799740   0.00000000   0.00000000   0.0000   0.8420  1-[ 5, 4, 1]
  29   48.498857   48.498857   0.00000000   0.00000000   0.0000   0.4820  1-[ 5, 1, 0]
  30   45.810776   45.810776   0.00000000   0.00000000   0.0000   0.4836  1-[ 5, 5, 0]
  31   58.920450   58.920450   0.00000000   0.00000000   0.0000   0.6045  1-[ 7, 7, 0]
  34   57.264824   57.264824   0.00000000   0.00000000  -0.0000   0.6145  1-[ 7, 1, 0]
  35   55.445732   55.445732   0.00000000   0.00000000   0.0000   0.7297  1-[ 7, 6, 1]
  36   59.797231   59.797231   0.00000000   0.00000000   0.0000   0.7171  1-[ 7, 3, 0]
  37   50.846718   50.846718   0.00000000   0.00000000   0.0000   0.4960  1-[ 7, 7, 0]
  38   43.263044   43.263044   0.00000000   0.00000000   0.0000   0.5573  1-[ 5, 3, 0]
  39   38.732840   38.732840   0.00000000   0.00000000   0.0000   0.5029  1-[ 5, 5, 0]
  40   39.177067   39.177067   0.00000000   0.00000000   0.0000   0.9478  1-[ 5, 2, 1]
  41   33.380379   33.380379   0.00000000   0.00000000  -0.0000   0.8211  1-[ 5, 0, 1]
  42   11.902262   11.902262   0.00000000   0.00000000   0.0000   0.7656  1-[ 3, 3, 0]
  43    9.860995    9.860995   0.00000000   0.00000001  -0.0000   0.8455  1-[ 3, 0, 1]
  44    1.632192  -17.659113   1.00000000   0.00000002   0.0000   0.9740  1-[ 1, 1, 0]
  45   -0.116343  -15.910577   1.00000000   0.00000000  -0.0000   0.9736  1-[ 1, 0, 1]
  46    4.094886    4.094886   0.00000000   0.00000000  -0.0000   0.8985  3+[ 2, 0, 2]
  47   33.704676   33.704676   0.00000000   0.00000000  -0.0000   0.9012  3+[ 4, 1, 1]
  48   51.995413   51.995413   0.00000000   0.00000000   0.0000   0.5712  3+[ 4, 3, 1]
  49   48.341301   48.341301   0.00000000   0.00000000   0.0000   0.5045  3+[ 8, 3, 1]
  52   57.031380   57.031380   0.00000000   0.00000000  -0.0000   0.4579  3+[ 8, 1, 1]
  53   57.739700   57.739700   0.00000000   0.00000000  -0.0000   0.5496  3+[ 6, 4, 2]
  56   52.046723   52.046723   0.00000000   0.00000000   0.0000   0.6892  3+[ 6, 4, 2]
  58   57.881694   57.881694   0.00000000   0.00000000   0.0000   0.5557  3+[ 8, 5, 1]
  59   54.021381   54.021381   0.00000000   0.00000000   0.0000   0.5087  3+[ 6, 5, 1]
  60   46.484248   46.484248   0.00000000   0.00000000   0.0000   0.5374  3+[ 6, 0, 2]
  62   34.611863   34.611863   0.00000000   0.00000000   0.0000   0.6461  3+[ 4, 2, 2]
  63   33.062782   33.062782   0.00000000   0.00000000  -0.0000   0.6627  3+[ 4, 0, 2]
  64   20.837857   20.837857   0.00000000   0.00000000  -0.0000   0.6259  3+[ 4, 3, 1]
  65   -7.971553   -8.055368   0.69807502   0.45909289   0.0000   0.8771  3+[ 2, 1, 1]
  66    9.712491    9.712491   0.00000000   0.00000000  -0.0000   0.8903  3-[ 3, 0, 1]
  67    6.982095    6.982095   0.00000000   0.00000000   0.0000   0.8881  3-[ 3, 2, 1]
  68   36.535542   36.535542   0.00000000   0.00000000   0.0000   0.6402  3-[ 5, 0, 1]
  69   46.161095   46.161095   0.00000000   0.00000000  -0.0000   0.8155  3-[ 7, 0, 1]
  70   52.646654   52.646654   0.00000000   0.00000000  -0.0000   0.6152  3-[ 7, 4, 1]
  71   41.660362   41.660362   0.00000000   0.00000000   0.0000   0.7567  3-[ 5, 3, 2]
  72   42.082333   42.082333   0.00000000   0.00000000  -0.0000   0.7562  3-[ 7, 1, 2]
  75   55.928169   55.928169   0.00000000   0.00000000  -0.0000   0.6127  3-[ 5, 3, 2]
  76   57.058994   57.058994   0.00000000   0.00000000   0.0000   0.8787  3-[ 7, 6, 1]
  77   46.825369   46.825369   0.00000000   0.00000000   0.0000   0.5590  3-[ 7, 4, 1]
  78   53.853052   53.853052   0.00000000   0.00000000   0.0000   0.6608  3-[ 7, 2, 1]
  79   45.467096   45.467096   0.00000000   0.00000000   0.0000   0.6481  3-[ 5, 0, 1]
  80   16.496219   16.496219   0.00000000   0.00000000  -0.0000   0.9043  3-[ 3, 1, 2]
  81    3.024879  -19.051800   1.00000000   0.00000000  -0.0000   0.9728  3-[ 1, 0, 1]
  82   29.982695   29.982695   0.00000000   0.00000000  -0.0000   0.9758  5+[ 4, 1, 3]
  83   22.627867   22.627867   0.00000000   0.00000000   0.0000   0.8783  5+[ 4, 2, 2]
  84   37.891302   37.891302   0.00000000   0.00000000  -0.0000   0.6521  5+[ 4, 0, 2]
  86   56.707559   56.707559   0.00000000   0.00000000   0.0000   0.6140  5+[ 6, 2, 2]
  92   53.369565   53.369565   0.00000000   0.00000000  -0.0000   0.9708  5+[ 6, 1, 3]
  94   41.837053   41.837053   0.00000000   0.00000000  -0.0000   0.7993  5+[ 6, 4, 2]
  95   47.307861   47.307861   0.00000000   0.00000000  -0.0000   0.6955  5+[ 8, 0, 2]
  96   44.958451   44.958451   0.00000000   0.00000000  -0.0000   0.6723  5+[ 4, 0, 2]
  97   -8.008217   -8.018704   0.52619342   0.49931343  -0.0000   0.9719  5+[ 2, 0, 2]
  98   22.411629   22.411629   0.00000000   0.00000000  -0.0000   0.8093  5-[ 3, 0, 3]
  99   39.226640   39.226640   0.00000000   0.00000000  -0.0000   0.4983  5-[ 3, 1, 2]
 101   58.139603   58.139603   0.00000000   0.00000000   0.0000   0.6555  5-[ 7, 5, 2]
 102   53.340943   53.340943   0.00000000   0.00000000   0.0000   0.6258  5-[ 7, 3, 2]
 103   33.918620   33.918620   0.00000000   0.00000000  -0.0000   0.5862  5-[ 5, 0, 3]
 104   54.577962   54.577962   0.00000000   0.00000000  -0.0000   0.6220  5-[ 7, 2, 3]
 105   53.224992   53.224992   0.00000000   0.00000000   0.0000   0.4390  5-[ 7, 5, 2]
 106   36.396731   36.396731   0.00000000   0.00000000  -0.0000   0.7534  5-[ 5, 3, 2]
 107   36.114238   36.114238   0.00000000   0.00000000  -0.0000   0.5278  5-[ 5, 0, 3]
 108   22.985180   22.985180   0.00000000   0.00000000  -0.0000   0.6682  5-[ 3, 1, 2]
 109   58.139704   58.139704   0.00000000   0.00000000  -0.0000   0.6665  5-[ 7, 1, 2]
 110   57.266334   57.266334   0.00000000   0.00000000  -0.0000   0.8495  7+[ 6, 2, 4]
 115   59.032396   59.032396   0.00000000   0.00000000  -0.0000   0.7027  7+[ 4, 0, 4]
 116   44.102836   44.102836   0.00000000   0.00000000  -0.0000   0.6627  7+[ 6, 1, 3]
 118   47.116841   47.116841   0.00000000   0.00000000  -0.0000   0.9088  7+[ 6, 3, 3]
 120   31.618193   31.618193   0.00000000   0.00000000  -0.0000   0.7946  7+[ 4, 1, 3]
 121   37.449632   37.449632   0.00000000   0.00000000  -0.0000   0.5132  7+[ 6, 0, 4]
 123   43.781437   43.781437   0.00000000   0.00000000  -0.0000   0.5980  7-[ 7, 1, 4]
 124   16.465133   16.465133   0.00000000   0.00000000  -0.0000   0.8075  7-[ 3, 0, 3]
 125   46.446736   46.446736   0.00000000   0.00000000  -0.0000   0.5968  7-[ 7, 4, 3]
 127   42.582482   42.582482   0.00000000   0.00000000  -0.0000   0.5390  7-[ 3, 0, 3]
 128   45.071489   45.071489   0.00000000   0.00000000  -0.0000   0.6307  7-[ 7, 4, 3]
 130   34.048604   34.048604   0.00000000   0.00000000  -0.0000   0.6482  7-[ 5, 2, 3]
 131   53.602874   53.602874   0.00000000   0.00000000  -0.0000   0.7549  9+[ 6, 1, 5]
 132   50.067696   50.067696   0.00000000   0.00000000  -0.0000   0.6803  9+[ 8, 4, 4]
 133   53.283935   53.283935   0.00000000   0.00000000  -0.0000   0.7933  9+[ 8, 1, 5]
 134   59.013273   59.013273   0.00000000   0.00000000  -0.0000   0.5700  9+[ 8, 1, 5]
 135   54.767750   54.767750   0.00000000   0.00000000  -0.0000   0.6113  9+[ 8, 2, 4]
 136   47.085249   47.085249   0.00000000   0.00000000  -0.0000   0.7512  9+[ 6, 0, 4]
 143   31.908308   31.908308   0.00000000   0.00000000  -0.0000   0.9272  9-[ 5, 1, 4]
 144   57.945424   57.945424   0.00000000   0.00000000  -0.0000   0.8568  9-[ 7, 3, 4]
 145   45.960814   45.960814   0.00000000   0.00000000  -0.0000   0.9904  9-[ 5, 0, 5]
 146   55.243879   55.243879   0.00000000   0.00000000  -0.0000   0.8625 11+[ 6, 1, 5]
 151   54.998647   54.998647   0.00000000   0.00000000  -0.0000   0.8088 11+[ 8, 0, 6]
 154   30.483775   30.483775   0.00000000   0.00000000  -0.0000   0.9822 11-[ 5, 0, 5]
 155   56.909490   56.909490   0.00000000   0.00000000  -0.0000   0.7511 11-[ 7, 0, 5]
 159   46.978084   46.978084   0.00000000   0.00000000  -0.0000   0.9963 13+[ 6, 0, 6]
 160   59.561220   59.561220   0.00000000   0.00000000  -0.0000   1.0000 13-[ 7, 1, 6]
 162   59.188314   59.188314   0.00000000   0.00000000  -0.0000   1.0000 15-[ 7, 0, 7]
  Sum canonical e_v*V^2_k=  -198.57614675035052     

  NB! From expect (UNPROJECTED RESULTS)

  pairing: CpV0,CpV1,...           0.100000       0.100000       1.000000       1.000000
  forces:   UNE1                          


                             neutrons         protons         total
  Requested part.numbs.      12.000000      12.000000      24.000000
  UnPj(av) part.numbs .      12.000000      12.000000      24.000000
  b0, bz, bp ..........       1.559284       1.564210       1.556827

  lambda (ala) ........     -12.686509      -8.013460
  Lambda (alast) ......     -12.686509      -8.013460
  delta(n,p), pwi .....      -0.000000       0.000000      60.000000
  pairing energy ......       0.000000       0.000000       0.000000

  rms-radius ..........       2.900117       2.919875       2.910013
  charge-radius, r0 ...                      3.027486       3.461399
  deformation beta2....       0.038817       0.038688       0.038752
  dipole moment[fm] ...       0.000000       0.000000       0.000000
  quadrupole moment[b]        0.049425       0.049935       0.099360
  octupole moment .....       0.000000       0.000000       0.000000
  hexadecapole moment .      -0.000019      -0.000023      -0.000042
  q5 ..................       0.000000       0.000000       0.000000
  q6 ..................      -0.000000      -0.000000      -0.000000
  q7 ..................       0.000000       0.000000       0.000000
  q8 ..................       0.000000       0.000000       0.000000

  <r^0> [fm^0] ........            1.000000            1.000000            1.000000
  <r^2> [fm^2] ........            8.410681            8.525669            8.468175
  <r^4> [fm^4] ........          101.582960          104.757792          103.170376
  <r^6> [fm^6] ........         1587.103968         1671.351092         1629.227530
  <r^8> [fm^8] ........        30530.317290        32919.639795        31724.978543

  kinetic energy ......     211.126940     208.281026     419.407967
  volume energy .......                                  -659.523958
        rho_tau .......                                    -1.851994
        rho_rho .......                                  -657.671964
  surface energy ......                                    56.617978
   rho_DELTA_rho ......                                    56.617978
   (NABLA_rho)^2 ......                                     0.000000
  spin-orbit energy ...                                   -26.566351
        rho_NABLA_J ...                                   -26.566351
        NABLA_rho_J ...                                     0.000000
  coulomb energy ......                                    29.266409
          direct ......                                    33.706575
          exchange ....                                    -4.440166
  tensor energy .......                                     0.000000
  direct Hartree E  ...                                     0.000000
  Extra E .............                                     0.000000
  External field E ....                                     0.000000
  Entropy .............       3.674755       3.673037       7.347791

  tEnergy: ehfb (qp)...                                  -180.797956

  Calculated but not added corrections 
====================================
  cmc-diagonal part ...      -0.000000       0.000000       0.000000
  cmc-hfb .............       0.000000       0.000000       0.000000
  cranking rot corr ...       0.000000       0.000000       0.000000

  SQUJ ................       0.000000       0.000000       0.000000
  CRAN x 4 ............       0.000000       0.000000       0.000000
  Rigit Body ..........       0.000000       0.000000       0.000000


   Blocking candidates are:
   neutron eqpmin=   5.4220299241577209E-003  pwiblo=   5.1031036307982882     
    num=   1 block=   5 state=   1    56 Eqp=   0.00542203  (1-2N)E=  -0.00542203  Ovlp=   0.97517651  5+[ 2, 0, 2]
    num=   2 block=   3 state=   1    32 Eqp=   0.04181921  (1-2N)E=  -0.04181921  Ovlp=   0.88001399  3+[ 2, 1, 1]
    num=   3 block=   1 state=   1     1 Eqp=   0.06189930  (1-2N)E=  -0.06189930  Ovlp=   0.64776197  1+[ 2, 2, 0]
    num=   4 block=   1 state=   2     2 Eqp=   2.51143066  (1-2N)E=   2.51143066  Ovlp=   0.79697835  1+[ 2, 0, 0]

   Blocking candidates are:
   proton  eqpmin=   5.2434844569530861E-003  pwiblo=   5.1031036307982882     
    num=   1 block=   5 state=   1    54 Eqp=   0.00524348  (1-2N)E=  -0.00524348  Ovlp=   0.97189072  5+[ 2, 0, 2]
    num=   2 block=   3 state=   1    31 Eqp=   0.04190740  (1-2N)E=  -0.04190740  Ovlp=   0.87711125  3+[ 2, 1, 1]
    num=   3 block=   1 state=   1     1 Eqp=   0.06204814  (1-2N)E=  -0.06204814  Ovlp=   0.64527253  1+[ 2, 2, 0]
    num=   4 block=   1 state=   2     2 Eqp=   2.45654584  (1-2N)E=   2.45654584  Ovlp=   0.78987587  1+[ 2, 0, 0]


