
  =======================================
           FORTRAN 95 CODE (KIND= 8) 
               Version: 200d  
  =======================================
       AXIALLY DEFORMED CONFIGURATIONAL  
     HARTREE-FOCK-BOGOLIUBOV CALCULATIONS
                     WITH                
            UNEDF AND DELTA PAIRING      
                     USING               
             HARMONIC-OSCILLATOR         
                   AND/OR                
       TRANSFORMED HARMONIC-OSCILLATOR   
                    BASIS                
                     ---                 
               v1.66  (2005):,           
   Stoitsov,Dobaczewski,Nazarewicz,Ring, 
               v2.00d (2012):,           
         Stoitsov,Schunck,Kortelainen    
  =======================================
    Nucleus: MG (A=  24, N= 12, Z= 12)
       Reflection Symmetry Imposed       
            ( 7/15/2023,  0:30)                               
  =======================================


  ---------------------------------------
           UNEDF Module Version:17
         M.Kortelainen & M.Stoitsov 
  ---------------------------------------

  UNE1 functional
  ----------------------------------
  Crho(0)=   -785.667980427095472    ; Crho(1)=    299.709475274314912    
  CDrho(0)=   888.942673950151402    ; CDrho(1)=  -224.783305401696424    
  Ctau(0)=    1.63581701673333502    ; Ctau(1)=   -31.0161750385437394    
  CrDr(0)=   -45.2238609477214979    ; CrDr(1)=   -123.411472307058091    
  CrdJ(0)=   -78.7539145527307625    ; CrdJ(1)=   -36.6741468396950836    
  CJ(0)=      0.00000000000000000    ; CJ(1)=      0.00000000000000000    
  CpV0(0)=   0.100000000000000006    ; CpV0(1)=   0.100000000000000006    
  CpV1(0)=    1.00000000000000000    ; CpV1(1)=    1.00000000000000000    
  sigma=     0.264965396805860232    ; hbzero=     20.7355300000000007    
  e^2 chrg=   1.43997840859651305    ; CExPar=     1.00000000000000000    
  c.m. correction: F, chr. density in direct Coul: F
  use tensor terms: F
  use TMR pairing:  0

  Coupling constants in natural units
  -----------------------------------
  Crho_nu(0)=  -0.884756364387133676    ; Crho_nu(1)=   0.337508810747168153    
  CDrho_nu(0)=  0.939902667495490785    ; CDrho_nu(1)= -0.237669350956769942    
  Ctau_nu(0)=   0.231878921926930957E-01; Ctau_nu(1)=  -0.439657807484889473    
  CrDr_nu(0)=  -0.641053370558044455    ; CrDr_nu(1)=   -1.74937165093942082    
  CrdJ_nu(0)=   -1.11634569253229321    ; CrdJ_nu(1)=  -0.519860201036455138    
  CJ_nu(0)=      0.00000000000000000    ; CJ_nu(1)=      0.00000000000000000    
  CpV0_nu(0)=   0.112611992142809880E-03; CpV0_nu(1)=   0.112611992142809880E-03
  CpV1_nu(0)=   0.887702254206059068E-03; CpV1_nu(1)=   0.887702254206059068E-03
  fpi_nu=        93.0000000000000000    ; Lambda_nu=     700.000000000000000    

  Nuclear matter properties
  ----------------------------------
      E_NM=     -15.7999999999999794      K_NM=     219.9999999999996589
      P_NM=       0.0000000000000011    RHO_NM=       0.1586590870897017
    ASS_NM=      29.3255679879889684   LASS_NM=      41.2727017028318315
  SMASS_NM=       1.0125165469375854  VMASS_NM=       1.2498385742322695

  Associated (t,x)-coupling constants
  -----------------------------------
  t0=      -2095.11461447225429    ; x0=       0.722063570251210152E-01
  t1=       243.375014410159110    ; x1=       -4.30178479135101632    
  t2=       1329.86778126272156    ; x2=       -1.38233495481301460    
  t3=       14223.0827832024224    ; x3=      -0.120701122824651175    
  b4=       42.0797677130356789    ; b4p=       73.3482936793901672    
  te=      -397.176242175610696    ; to=       -179.877688805098245    
  sigma=   0.264965396805860232    ; hbzero=    20.7355300000000007    

  ---------------------------------------
        Characteristics of the run       
  ---------------------------------------
  Output file ................:     7
  Nucleus ....................:   MG  24
  Number of HO shells ........:     4
  HO length b0 (fm) ..........:     1.55928400372611
  Basis deformation ..........:  beta0=   0.010 q=   1.010
  HO: b0,1/b0,bp,bz,q ........:   0.15592840E+01  0.64131999E+00  0.15568270E+01  0.15642096E+01  0.10095067E+01
  h**2/(2m), cmc, e**2 .......:   0.20735530E+02  0.20735530E+02  0.14399784E+01
  hom=f*41.0_pr*A^{-1/3}, f...:   0.17056687E+02  0.12000000E+01
  THO basis is ...............:  OFF
  Maximal number of iterations:   400
  Initial mixing parameter ...:  0.300
  Initial w.f. ...............:  from   spherical scratch
  Skyrme functional ..........:    UNE1                          
    with direct and exchange Coulomb
  Lipkin-Nogami procedure is .:  OFF
  PAV procedure is ...........:  OFF
  Constraint calculation is ..:   ON
    Constraint 1 .............: lambda=2 Ql=   0.696
  Temperature T ..............:   0.05 MeV
  Restart indicator ..........:   1
  Broyden mixing (#iterations):   7

  ---------------------------------------
        Harmonic Oscillator Basis        
  ---------------------------------------
  NUV, NQP:                         195      35
  Comparison with bookkeeping spherical basis:
  n00:                                4       4  Maximal number of shells
  nbx, 2*n00+1:                       9       9  Maximal number of K-blocks
  ntx, (n00+1)*(n00+2)*(n00+3)/6     35      35  Max.num. p/n levels
  nzx, n00:                           4       4  Maximal nz-quantum number
  nrx, n00/2  :                       2       2  Maximal nr-quantum number
  nlx, n00:                           4       4  Maximal ml-quantum number
  ndx, (n00+2)*(n00+2)/4:             9       9  Maximal dim. of one k-block

  Actual basis used
  Number of blocks: nb .......:    9
  Number of levels: nt .......:   35
  Maximal 2*omega : nom ......:    9
  Maximal nz:       nzm ......:    4
  Maximal nr:       nrm ......:    2
  Maximal ml:       nlm ......:    4
  Maximal N=nz+2*nr+nl .......:    4
  2 x biggest block dim. .....:   18
  Non-zero elements of h .....:      115
  Number of Broyden elements .:      460

  ---------------------------------------
            Integration Meshes           
  ---------------------------------------
  Number of Gauss-Hermite mesh points ngh ....:  40
  Number of Gauss-Laguerre mesh points ngl ...:  40
  Number of Gauss-Legendre mesh points nleg ..:  80
  Integration boundaries
    Hermite  - from xh(1)  =  0.12379686 to xh(ngh)   = 11.88786356
    Laguerre - From xl(1)  =  0.03570039 to xl(ngl)   =142.28004447
    Legendre - From xleg(1)=  0.00978669 to xleg(nleg)=  0.99988775
  Max.dev.in:     Orthogonality            Normalization
  Hermite     5.2235050987142219E-016   1.9984014443252818E-015
  Laguerre    1.9977540701027837E-015   4.5519144009631418E-015

  Scratch initialization for the nucleus: MG  12  12


  Initial potentials of Saxon-Woods shape 
  v0ws   =  -71.27999878
  kappa  =    0.46160001
  vs0    =   11.11750031   11.11750031
  r0     =    1.23339999    1.23339999
  a      =    0.61500001    0.61500001
  r0-so  =    1.14429998    1.14429998
  a-so   =    0.64760000    0.64760000
  beta00 =    0.01000000

  ### REGULAR STAGE (reflection symmetry imposed)
  |HFB+HO> iterations(b0=  1.559, Nsh=  4, inin=  1, N= 12, Z= 12)...
  ----------------------------------------------------------------------------------------------------------------------------------
  i          si     mix   beta      Etot       A       rn      rp         En      Dn      Ep      Dp        Ln      Lp     time
  ----------------------------------------------------------------------------------------------------------------------------------
   1L  52.26905082 0.30  0.010     0.000000    0.0   0.000   0.000 |   -2.000   1.000  -2.000   1.000 |   -7.000  -7.000   0.000
   2B  32.53640195 0.10  0.009   -53.153227   24.0   2.616   2.616 |    0.000  -0.000   0.000  -0.000 |  -16.532 -16.532  27.561
   3B  11.18566254 0.11  0.238  -169.591560   24.0   3.047   3.080 |    0.000  -0.000   0.000  -0.000 |  -11.186  -7.731   0.071
   4B   9.11752564 0.13  0.342  -184.262514   24.0   2.990   2.960 |    0.000  -0.000   0.000  -0.000 |  -11.699  -7.303   0.073
   5B  12.83560747 0.10  0.369  -181.421479   24.0   2.915   2.982 |    0.000  -0.000   0.000  -0.000 |  -11.634  -7.431   0.074
   6B  13.46824562 0.10  0.373  -186.363363   24.0   2.930   2.947 |    0.000  -0.000   0.000  -0.000 |  -11.784  -7.025   0.075
   7B  11.16294279 0.11  0.354  -186.680957   24.0   2.943   2.930 |    0.000  -0.000   0.000  -0.000 |  -11.604  -6.822   0.080
   8B   7.03346900 0.13  0.322  -186.986228   24.0   2.919   2.941 |    0.000  -0.000   0.000  -0.000 |  -11.424  -6.798   0.078
   9B   1.88919750 0.14  0.270  -186.529371   24.0   2.907   2.912 |    0.000  -0.000   0.000  -0.000 |  -11.731  -6.871   0.073
  10B   1.31270141 0.16  0.263  -186.631874   24.0   2.895   2.907 |    0.000  -0.000   0.000  -0.000 |  -11.848  -7.043   0.073
  11B   0.86849074 0.18  0.267  -186.778517   24.0   2.895   2.905 |    0.000  -0.000   0.000  -0.000 |  -11.904  -7.045   0.079
  12B   0.90124942 0.10  0.267  -186.783305   24.0   2.894   2.905 |    0.000  -0.000   0.000  -0.000 |  -11.926  -7.065   0.078
  13B   0.18449027 0.11  0.272  -186.857102   24.0   2.895   2.905 |    0.000  -0.000   0.000  -0.000 |  -11.934  -7.050   0.074
  14B   0.06211508 0.13  0.273  -186.880432   24.0   2.895   2.906 |    0.000   0.000   0.000   0.000 |  -11.928  -7.054   0.081
  15B   0.05497917 0.14  0.274  -186.881734   24.0   2.895   2.906 |    0.000   0.000   0.000   0.000 |  -11.931  -7.052   0.077
  16B   0.02387173 0.16  0.273  -186.878754   24.0   2.895   2.905 |    0.000   0.000   0.000   0.000 |  -11.932  -7.053   0.077
  17B   0.01350088 0.18  0.273  -186.877921   24.0   2.895   2.905 |    0.000   0.000   0.000   0.000 |  -11.932  -7.054   0.075
  18B   0.00780002 0.21  0.273  -186.877389   24.0   2.895   2.905 |    0.000   0.000   0.000   0.000 |  -11.932  -7.054   0.076
  19B   0.00136248 0.24  0.273  -186.876786   24.0   2.895   2.905 |    0.000   0.000   0.000   0.000 |  -11.932  -7.054   0.077
  20B   0.00083383 0.27  0.273  -186.876580   24.0   2.895   2.905 |    0.000  -0.000   0.000  -0.000 |  -11.932  -7.054   0.079
  21B   0.00096636 0.10  0.273  -186.876567   24.0   2.895   2.905 |    0.000  -0.000   0.000  -0.000 |  -11.932  -7.054   0.081
  22B   0.00046596 0.11  0.273  -186.876614   24.0   2.895   2.905 |    0.000   0.000   0.000   0.000 |  -11.932  -7.054   0.085
  23B   0.00024722 0.13  0.273  -186.876647   24.0   2.895   2.905 |    0.000   0.000   0.000   0.000 |  -11.932  -7.054   0.081
  24B   0.00010186 0.14  0.273  -186.876652   24.0   2.895   2.905 |    0.000   0.000   0.000   0.000 |  -11.932  -7.054   0.082
  25B   0.00005010 0.16  0.273  -186.876658   24.0   2.895   2.905 |    0.000   0.000   0.000   0.000 |  -11.932  -7.054   0.079
  26B   0.00006083 0.10  0.273  -186.876664   24.0   2.895   2.905 |    0.000   0.000   0.000   0.000 |  -11.932  -7.054   0.089
  27B   0.00002324 0.11  0.273  -186.876660   24.0   2.895   2.905 |    0.000  -0.000   0.000  -0.000 |  -11.932  -7.054   0.081
  28B   0.00001122 0.13  0.273  -186.876659   24.0   2.895   2.905 |    0.000  -0.000   0.000  -0.000 |  -11.932  -7.054   0.090
  29B   0.00000309 0.14  0.273  -186.876658   24.0   2.895   2.905 |    0.000  -0.000   0.000  -0.000 |  -11.932  -7.054   0.092
  30B   0.00000495 0.10  0.273  -186.876658   24.0   2.895   2.905 |    0.000  -0.000   0.000  -0.000 |  -11.932  -7.054   0.090
  31B   0.00000299 0.11  0.273  -186.876658   24.0   2.895   2.905 |    0.000   0.000   0.000   0.000 |  -11.932  -7.054   0.089
  32B   0.00000148 0.13  0.273  -186.876658   24.0   2.895   2.905 |    0.000   0.000   0.000   0.000 |  -11.932  -7.054   0.091
  33B   0.00000070 0.14  0.273  -186.876658   24.0   2.895   2.905 |    0.000  -0.000   0.000  -0.000 |  -11.932  -7.054   0.096
  34B   0.00000031 0.16  0.273  -186.876658   24.0   2.895   2.905 |    0.000   0.000   0.000   0.000 |  -11.932  -7.054   0.103
  35B   0.00000025 0.18  0.273  -186.876658   24.0   2.895   2.905 |    0.000  -0.000   0.000  -0.000 |  -11.932  -7.054   0.103
  36B   0.00000026 0.10  0.273  -186.876658   24.0   2.895   2.905 |    0.000   0.000   0.000   0.000 |  -11.932  -7.054   0.104
  37B   0.00000018 0.11  0.273  -186.876658   24.0   2.895   2.905 |    0.000   0.000   0.000   0.000 |  -11.932  -7.054   0.121
  38B   0.00000007 0.13  0.273  -186.876658   24.0   2.895   2.905 |    0.000  -0.000   0.000  -0.000 |  -11.932  -7.054   0.116
  39B   0.00000004 0.14  0.273  -186.876658   24.0   2.895   2.905 |    0.000   0.000   0.000   0.000 |  -11.932  -7.054   0.119
  40B   0.00000003 0.16  0.273  -186.876658   24.0   2.895   2.905 |    0.000  -0.000   0.000  -0.000 |  -11.932  -7.054   0.116
  41B   0.00000003 0.18  0.273  -186.876658   24.0   2.895   2.905 |    0.000   0.000   0.000   0.000 |  -11.932  -7.054   0.114
  42B   0.00000001 0.21  0.273  -186.876658   24.0   2.895   2.905 |    0.000  -0.000   0.000  -0.000 |  -11.932  -7.054   0.125
  43B   0.00000000 0.24  0.273  -186.876658   24.0   2.895   2.905 |    0.000   0.000   0.000   0.000 |  -11.932  -7.054   0.114
  44B   0.00000000 0.27  0.273  -186.876658   24.0   2.895   2.905 |    0.000   0.000   0.000   0.000 |  -11.932  -7.054   0.135
  45B   0.00000000 0.10  0.273  -186.876658   24.0   2.895   2.905 |    0.000   0.000   0.000   0.000 |  -11.932  -7.054   0.124
  46B   0.00000000 0.11  0.273  -186.876658   24.0   2.895   2.905 |    0.000   0.000   0.000   0.000 |  -11.932  -7.054   0.118
  47B   0.00000000 0.13  0.273  -186.876658   24.0   2.895   2.905 |    0.000   0.000   0.000   0.000 |  -11.932  -7.054   0.124
  ----------------------------------------------------------------------------------------------------------------------------------
  *   iteration converged   after  47 steps   si=     0.0000000004 ho=  0 tho=  0
  ----------------------------------------------------------------------------------------------------------------------------------
  Total CPU time=   0.530 minutes

  Writing to wel_file: s012_012.hel
 __________________________________  
  The tape s012_012.hel recorded:     
  nucname,npr,ngh,ngl,n00,nb,nt      
  b0,beta0,si,etot,rms,bet,xmix      
  pairing:     CpV0,CpV1,pwi         
  delta:       del,ept               
  lambda:      ala,ala2,alast,tz     
  asymptotic:  varmas,ass,skass      
  ntx,nb,nhhdim,id,N_rz,n_r,n_z      
  Omega2,Sigma2,Parity,Lambda        
  matrices(inbro):    hh,de          
  *all blocking candidates           
 __________________________________  



 #quasiparticle energies neutrons
 --------------------------------
  eqp(k) -> q.p. energy 
  e(k)   -> referent s.p. energy 
  p(k)   -> occ.probability 
  del(k) -> referent s.p. gap 
  fermi energy alast=  -11.932106716202913     
  #k  block#    eqp(k)     e(k)       (1-2N)E      decay        p(k)        del(k)    overl      labels
   1    1     2.003906  -13.936012   -2.003906    1.639614    1.00000000   0.0000   0.7978  1+[ 2, 2, 0]
   2    1     3.201048   -8.731058    3.201048    1.708587    0.00000000   0.0000   0.8566  1+[ 2, 0, 0]
   3    1     6.768391   -5.163716    6.768391    1.899324    0.00000000   0.0000   0.7585  1+[ 2, 1, 1]
   4    1    23.532163  -35.464269  -23.532163    2.615580    1.00000000   0.0000   0.9846  1+[ 0, 0, 0]
   5    1    24.042258   12.110152   24.042258    2.634323    0.00000000   0.0000   0.5833  1+[ 4, 3, 1]
   6    1    31.402113   19.470007   31.402113    2.891265    0.00000000   0.0000   0.6336  1+[ 4, 4, 0]
   7    1    34.578302   22.646196   34.578302    2.995350    0.00000000   0.0000   0.8710  1+[ 4, 0, 0]
   8    1    35.922711   23.990605   35.922711    3.038332    0.00000000   0.0000   0.6398  1+[ 4, 1, 1]
   9    1    37.531857   25.599750   37.531857    3.088993    0.00000000   0.0000   0.5540  1+[ 4, 1, 1]
  10    2     6.705040  -18.637147   -6.705040    1.896104    1.00000000   0.0000   0.9229  1-[ 1, 0, 1]
  11    2    11.607916   -0.324191   11.607916    2.130963    0.00000000   0.0000   0.6954  1-[ 3, 3, 0]
  12    2    12.761789  -24.693896  -12.761789    2.182565    1.00000000   0.0000   0.9218  1-[ 1, 1, 0]
  13    2    16.325950    4.393843   16.325950    2.334767    0.00000000   0.0000   0.8074  1-[ 3, 1, 0]
  14    2    22.806357   10.874251   22.806357    2.588676    0.00000000   0.0000   0.7428  1-[ 3, 0, 1]
  15    2    23.610239   11.678132   23.610239    2.618457    0.00000000   0.0000   0.6300  1-[ 3, 0, 1]
  16    3     0.802186  -12.734293   -0.802186    1.567328    1.00000000   0.0000   0.9309  3+[ 2, 1, 1]
  17    3     8.612848   -3.319258    8.612848    1.990788    0.00000000   0.0000   0.9281  3+[ 2, 0, 2]
  18    3    24.518432   12.586326   24.518432    2.651700    0.00000000   0.0000   0.7819  3+[ 4, 3, 1]
  19    3    32.982052   21.049945   32.982052    2.943500    0.00000000   0.0000   0.8863  3+[ 4, 1, 1]
  20    3    37.839551   25.907445   37.839551    3.098585    0.00000000   0.0000   0.8508  3+[ 4, 2, 2]
  21    3    39.316979   27.384872   39.316979    3.144239    0.00000000   0.0000   0.9556  3+[ 4, 0, 2]
  22    4    11.223169  -23.155276  -11.223169    2.113476    1.00000000   0.0000   0.9769  3-[ 1, 0, 1]
  23    4    12.250629    0.318523   12.250629    2.159858    0.00000000   0.0000   0.8735  3-[ 3, 2, 1]
  24    4    21.343475    9.411368   21.343475    2.533584    0.00000000   0.0000   0.9617  3-[ 3, 0, 1]
  25    4    24.298742   12.366636   24.298742    2.643697    0.00000000   0.0000   0.8936  3-[ 3, 1, 2]
  26    5     0.802171  -11.129935    0.802171    1.567327    0.00000000   0.0000   0.9840  5+[ 2, 0, 2]
  27    5    25.409286   13.477179   25.409286    2.683908    0.00000000   0.0000   0.9139  5+[ 4, 2, 2]
  28    5    34.252746   22.320640   34.252746    2.984848    0.00000000   0.0000   0.9840  5+[ 4, 0, 2]
  29    5    38.701594   26.769487   38.701594    3.125304    0.00000000   0.0000   0.9266  5+[ 4, 1, 3]
  30    6    13.201807    1.269700   13.201807    2.201925    0.00000000   0.0000   0.9716  5-[ 3, 1, 2]
  31    6    25.680633   13.748526   25.680633    2.693642    0.00000000   0.0000   0.9716  5-[ 3, 0, 3]
  32    7    26.911408   14.979302   26.911408    2.737359    0.00000000   0.0000   0.9797  7+[ 4, 1, 3]
  33    7    40.053495   28.121389   40.053495    3.166751    0.00000000   0.0000   0.9797  7+[ 4, 0, 4]
  34    8    14.950089    3.017982   14.950089    2.277219    0.00000000   0.0000   1.0000  7-[ 3, 0, 3]
  35    9    29.418140   17.486034   29.418140    2.824304    0.00000000   0.0000   1.0000  9+[ 4, 0, 4]
#all active are   35 q.p. states out of   35
#since the cut off is pwi=  60.0
#check: number of neutrons=  12.0


 #canonical s.p. energies neutrons
 ---------------------------------


  labels -> {2*omega}{parity}[nn=nz+2*nr+nl,nz,nl]
  cqpe   -> canonical q.p. energies
  ce     -> canonical s.p. energies
  fermi energy=  -11.932106716202913     
  average cdelt=   2.8811648133601225E-020
  k0      ceqp        ce         v*v       u*v        cdel     overl      labels
   1   15.616178   15.616178   0.00000000   0.00000000  -0.0000   0.8341  1+[ 4, 4, 0]
   2   -0.154244   -0.154244   0.00000000   0.00000000  -0.0000   0.8265  1+[ 2, 0, 0]
   3   19.485031   19.485031   0.00000000   0.00000000  -0.0000   0.8851  1+[ 4, 1, 1]
   4   20.735434   20.735434   0.00000000   0.00000000  -0.0000   0.9157  1+[ 4, 0, 0]
   5   18.313887   18.313887   0.00000000   0.00000000  -0.0000   0.9063  1+[ 4, 2, 0]
   6   14.102086   14.102086   0.00000000   0.00000000  -0.0000   0.8531  1+[ 4, 3, 1]
   7    1.823563    1.823563   0.00000000   0.00000001  -0.0000   0.7983  1+[ 2, 1, 1]
   8   -9.733911  -14.130303   1.00000000   0.00000001  -0.0000   0.8078  1+[ 2, 2, 0]
   9   11.405766  -35.269979   1.00000000   0.00000000  -0.0000   0.9891  1+[ 0, 0, 0]
  10    5.708520    5.708520   0.00000000   0.00000000  -0.0000   0.8396  1-[ 3, 3, 0]
  11    5.827043    5.827043   0.00000000   0.00000000  -0.0000   0.6504  1-[ 3, 1, 0]
  12    4.411945    4.411945   0.00000000   0.00000001  -0.0000   0.7944  1-[ 3, 2, 1]
  13   10.674528   10.674528   0.00000000   0.00000001  -0.0000   0.8754  1-[ 3, 0, 1]
  14   -2.045998  -21.818215   1.00000000   0.00000000  -0.0000   0.8647  1-[ 1, 0, 1]
  15   -2.351386  -21.512827   1.00000000   0.00000000  -0.0000   0.8705  1-[ 1, 1, 0]
  16   -0.976181   -0.976181   0.00000000   0.00000000  -0.0000   0.9543  3+[ 2, 0, 2]
  17   23.010568   23.010568   0.00000000   0.00000000  -0.0000   0.8413  3+[ 4, 2, 2]
  18   24.738583   24.738583   0.00000000   0.00000000  -0.0000   0.8418  3+[ 4, 0, 2]
  19   19.954241   19.954241   0.00000000   0.00000000  -0.0000   0.9458  3+[ 4, 1, 1]
  20   16.882120   16.882120   0.00000000   0.00000000  -0.0000   0.9133  3+[ 4, 3, 1]
  21  -11.129921  -12.734293   0.99999989   0.00032821  -0.0000   0.9309  3+[ 2, 1, 1]
  22    5.822026    5.822026   0.00000000   0.00000000  -0.0000   0.6192  3-[ 3, 1, 2]
  23    5.106389    5.106389   0.00000000   0.00000000  -0.0000   0.7466  3-[ 3, 2, 1]
  24   11.168112   11.168112   0.00000000   0.00000000  -0.0000   0.7819  3-[ 3, 1, 2]
  25   -0.708938  -23.155276   1.00000000   0.00000000  -0.0000   0.9769  3-[ 1, 0, 1]
  26   21.639374   21.639374   0.00000000   0.00000000  -0.0000   0.8947  5+[ 4, 1, 3]
  27   17.941560   17.941560   0.00000000   0.00000000  -0.0000   0.7157  5+[ 4, 0, 2]
  28   22.986372   22.986372   0.00000000   0.00000000  -0.0000   0.6337  5+[ 4, 2, 2]
  29  -11.129935  -11.129935   0.00000011   0.00032826  -0.0000   0.9840  5+[ 2, 0, 2]
  30    1.968017    1.968017   0.00000000   0.00000000  -0.0000   1.0000  5-[ 3, 1, 2]
  31   13.050209   13.050209   0.00000000   0.00000000  -0.0000   1.0000  5-[ 3, 0, 3]
  32   15.507822   15.507822   0.00000000   0.00000000  -0.0000   1.0000  7+[ 4, 1, 3]
  33   27.592869   27.592869   0.00000000   0.00000000  -0.0000   1.0000  7+[ 4, 0, 4]
  34    3.017982    3.017982   0.00000000   0.00000000  -0.0000   1.0000  7-[ 3, 0, 3]
  35   17.486034   17.486034   0.00000000   0.00000000  -0.0000   1.0000  9+[ 4, 0, 4]
  Sum canonical e_v*V^2_k=  -257.24178483402676     


 #quasiparticle energies protons 
 --------------------------------
  eqp(k) -> q.p. energy 
  e(k)   -> referent s.p. energy 
  p(k)   -> occ.probability 
  del(k) -> referent s.p. gap 
  fermi energy alast=  -7.0535474944089716     
  #k  block#    eqp(k)     e(k)       (1-2N)E      decay        p(k)        del(k)    overl      labels
   1    1     2.003568   -9.057116   -2.003568    1.321805    1.00000000   0.0000   0.7947  1+[ 2, 2, 0]
   2    1     3.200240   -3.853307    3.200240    1.406419    0.00000000   0.0000   0.8517  1+[ 2, 0, 0]
   3    1     6.674749   -0.378799    6.674749    1.627349    0.00000000   0.0000   0.7558  1+[ 2, 1, 1]
   4    1    23.368487  -30.422035  -23.368487    2.422515    1.00000000   0.0000   0.9836  1+[ 0, 0, 0]
   5    1    23.927928   16.874381   23.927928    2.444688    0.00000000   0.0000   0.5819  1+[ 4, 3, 1]
   6    1    31.052741   23.999194   31.052741    2.711257    0.00000000   0.0000   0.6283  1+[ 4, 4, 0]
   7    1    34.413529   27.359981   34.413529    2.828291    0.00000000   0.0000   0.8462  1+[ 4, 0, 0]
   8    1    35.529016   28.475468   35.529016    2.866080    0.00000000   0.0000   0.6646  1+[ 4, 1, 1]
   9    1    37.279897   30.226350   37.279897    2.924409    0.00000000   0.0000   0.5681  1+[ 4, 3, 1]
  10    2     6.655621  -13.709169   -6.655621    1.626215    1.00000000   0.0000   0.9228  1-[ 1, 0, 1]
  11    2    11.683162    4.629614   11.683162    1.901162    0.00000000   0.0000   0.6877  1-[ 3, 3, 0]
  12    2    12.684999  -19.738547  -12.684999    1.951327    1.00000000   0.0000   0.9217  1-[ 1, 1, 0]
  13    2    16.398720    9.345173   16.398720    2.126987    0.00000000   0.0000   0.8039  1-[ 3, 1, 0]
  14    2    22.591674   15.538127   22.591674    2.391387    0.00000000   0.0000   0.8279  1-[ 3, 0, 1]
  15    2    23.491866   16.438319   23.491866    2.427423    0.00000000   0.0000   0.6293  1-[ 3, 2, 1]
  16    3     0.813787   -7.867334   -0.813787    1.231931    1.00000000   0.0000   0.9289  3+[ 2, 1, 1]
  17    3     8.487920    1.434373    8.487920    1.731484    0.00000000   0.0000   0.9247  3+[ 2, 0, 2]
  18    3    24.386304   17.332757   24.386304    2.462707    0.00000000   0.0000   0.7790  3+[ 4, 3, 1]
  19    3    32.548442   25.494895   32.548442    2.763955    0.00000000   0.0000   0.8848  3+[ 4, 1, 1]
  20    3    37.640720   30.587172   37.640720    2.936286    0.00000000   0.0000   0.8497  3+[ 4, 2, 2]
  21    3    38.839534   31.785986   38.839534    2.975405    0.00000000   0.0000   0.9526  3+[ 4, 0, 2]
  22    4    11.119078  -18.172625  -11.119078    1.872325    1.00000000   0.0000   0.9757  3-[ 1, 0, 1]
  23    4    12.301999    5.248451   12.301999    1.932303    0.00000000   0.0000   0.8719  3-[ 3, 2, 1]
  24    4    21.073209   14.019662   21.073209    2.329337    0.00000000   0.0000   0.9616  3-[ 3, 0, 1]
  25    4    24.241470   17.187923   24.241470    2.457028    0.00000000   0.0000   0.8935  3-[ 3, 1, 2]
  26    5     0.814018   -6.239529    0.814018    1.231949    0.00000000   0.0000   0.9817  5+[ 2, 0, 2]
  27    5    25.247366   18.193818   25.247366    2.496203    0.00000000   0.0000   0.9120  5+[ 4, 2, 2]
  28    5    33.779002   26.725455   33.779002    2.806569    0.00000000   0.0000   0.9816  5+[ 4, 0, 2]
  29    5    38.431705   31.378158   38.431705    2.962155    0.00000000   0.0000   0.9257  5+[ 4, 1, 3]
  30    6    13.213190    6.159643   13.213190    1.977263    0.00000000   0.0000   0.9715  5-[ 3, 1, 2]
  31    6    25.578011   18.524464   25.578011    2.508946    0.00000000   0.0000   0.9715  5-[ 3, 0, 3]
  32    7    26.672332   19.618784   26.672332    2.550669    0.00000000   0.0000   0.9795  7+[ 4, 1, 3]
  33    7    39.682320   32.628772   39.682320    3.002601    0.00000000   0.0000   0.9795  7+[ 4, 0, 4]
  34    8    14.911046    7.857498   14.911046    2.058420    0.00000000   0.0000   1.0000  7-[ 3, 0, 3]
  35    9    29.080066   22.026519   29.080066    2.640147    0.00000000   0.0000   1.0000  9+[ 4, 0, 4]
#all active are   35 q.p. states out of   35
#since the cut off is pwi=  60.0
#check: number of protons =  12.0


 #canonical s.p. energies protons 
 ---------------------------------


  labels -> {2*omega}{parity}[nn=nz+2*nr+nl,nz,nl]
  cqpe   -> canonical q.p. energies
  ce     -> canonical s.p. energies
  fermi energy=  -7.0535474944089716     
  average cdelt=   2.9078318836499364E-020
  k0      ceqp        ce         v*v       u*v        cdel     overl      labels
   1   -1.403948   -1.403948   0.00000000   0.00000000  -0.0000   0.7080  1+[ 2, 0, 0]
   2   26.673512   26.673512   0.00000000   0.00000000  -0.0000   0.6663  1+[ 4, 2, 0]
   3   18.380577   18.380577   0.00000000   0.00000000  -0.0000   0.6969  1+[ 4, 3, 1]
   4   26.317198   26.317198   0.00000000   0.00000000  -0.0000   0.7022  1+[ 4, 1, 1]
   5   26.553789   26.553789   0.00000000   0.00000000  -0.0000   0.6823  1+[ 4, 0, 0]
   6    6.248149    6.248149   0.00000000   0.00000000  -0.0000   0.6966  1+[ 2, 1, 1]
   7   19.933992   19.933992   0.00000000   0.00000001  -0.0000   0.7488  1+[ 4, 4, 0]
   8   -4.845823   -9.261272   1.00000000   0.00000000  -0.0000   0.8053  1+[ 2, 2, 0]
   9   16.110784  -30.217879   1.00000000   0.00000000  -0.0000   0.9883  1+[ 0, 0, 0]
  10   10.408129   10.408129   0.00000000   0.00000000  -0.0000   0.7815  1-[ 3, 1, 0]
  11    5.039371    5.039371   0.00000000   0.00000001  -0.0000   0.7172  1-[ 3, 3, 0]
  12   15.598641   15.598641   0.00000000   0.00000001  -0.0000   0.8392  1-[ 3, 2, 1]
  13   14.905092   14.905092   0.00000000   0.00000002  -0.0000   0.8770  1-[ 3, 0, 1]
  14    5.010020  -19.117115   1.00000000   0.00000002  -0.0000   0.9763  1-[ 1, 1, 0]
  15    0.223505  -14.330600   1.00000000   0.00000000  -0.0000   0.9743  1-[ 1, 0, 1]
  16   14.595802   14.595802   0.00000000   0.00000000  -0.0000   0.6803  3+[ 4, 3, 1]
  17   30.355983   30.355983   0.00000000   0.00000000  -0.0000   0.9200  3+[ 4, 0, 2]
  18   27.619857   27.619857   0.00000000   0.00000000  -0.0000   0.9749  3+[ 4, 2, 2]
  19   20.807563   20.807563   0.00000000   0.00000000  -0.0000   0.6688  3+[ 4, 3, 1]
  20   13.255978   13.255978   0.00000000   0.00000000  -0.0000   0.6725  3+[ 4, 1, 1]
  21   -6.239761   -7.867334   0.99999991   0.00029226  -0.0000   0.9289  3+[ 2, 1, 1]
  22   14.724372   14.724372   0.00000000   0.00000000  -0.0000   0.7844  3-[ 3, 0, 1]
  23   10.508062   10.508062   0.00000000   0.00000000  -0.0000   0.8241  3-[ 3, 2, 1]
  24   11.223601   11.223601   0.00000000   0.00000000  -0.0000   0.8752  3-[ 3, 1, 2]
  25    4.065530  -18.172625   1.00000000   0.00000000  -0.0000   0.9757  3-[ 1, 0, 1]
  26   27.367455   27.367455   0.00000000   0.00000000  -0.0000   0.7191  5+[ 4, 1, 3]
  27   21.335496   21.335496   0.00000000   0.00000000  -0.0000   0.9743  5+[ 4, 2, 2]
  28   27.594479   27.594479   0.00000000   0.00000000  -0.0000   0.7205  5+[ 4, 0, 2]
  29   -6.239529   -6.239529   0.00000009   0.00029158  -0.0000   0.9817  5+[ 2, 0, 2]
  30    6.853225    6.853225   0.00000000   0.00000000  -0.0000   1.0000  5-[ 3, 1, 2]
  31   17.830881   17.830881   0.00000000   0.00000000  -0.0000   1.0000  5-[ 3, 0, 3]
  32   20.147539   20.147539   0.00000000   0.00000000  -0.0000   1.0000  7+[ 4, 1, 3]
  33   32.100017   32.100017   0.00000000   0.00000000  -0.0000   1.0000  7+[ 4, 0, 4]
  34    7.857498    7.857498   0.00000000   0.00000000  -0.0000   1.0000  7-[ 3, 0, 3]
  35   22.026519   22.026519   0.00000000   0.00000000  -0.0000   1.0000  9+[ 4, 0, 4]
  Sum canonical e_v*V^2_k=  -197.93365141329983     

  NB! From expect (UNPROJECTED RESULTS)

  pairing: CpV0,CpV1,...           0.100000       0.100000       1.000000       1.000000
  forces:   UNE1                          


                             neutrons         protons         total
  Requested part.numbs.      12.000000      12.000000      24.000000
  UnPj(av) part.numbs .      12.000000      12.000000      24.000000
  b0, bz, bp ..........       1.559284       1.564210       1.556827

  lambda (ala) ........     -11.932107      -7.053547
  Lambda (alast) ......     -11.932107      -7.053547
  delta(n,p), pwi .....       0.000000       0.000000      60.000000
  pairing energy ......       0.000000       0.000000       0.000000

  rms-radius ..........       2.894837       2.905336       2.900091
  charge-radius, r0 ...                      3.013466       3.461399
  deformation beta2....       0.273242       0.273012       0.273127
  dipole moment[fm] ...       0.000000       0.000000       0.000000
  quadrupole moment[b]        0.346647       0.348872       0.695518
  octupole moment .....       0.000000       0.000000       0.000000
  hexadecapole moment .       0.000332       0.000285       0.000616
  q5 ..................       0.000000       0.000000       0.000000
  q6 ..................      -0.000042      -0.000042      -0.000084
  q7 ..................       0.000000       0.000000       0.000000
  q8 ..................      -0.000001      -0.000001      -0.000002

  <r^0> [fm^0] ........            1.000000            1.000000            1.000000
  <r^2> [fm^2] ........            8.380079            8.440977            8.410528
  <r^4> [fm^4] ........           99.169337          100.458478           99.813907
  <r^6> [fm^6] ........         1478.610486         1504.770972         1491.690729
  <r^8> [fm^8] ........        26315.257893        26884.084407        26599.671150

  kinetic energy ......     213.745046     212.322554     426.067600
  volume energy .......                                  -678.543322
        rho_tau .......                                     3.140836
        rho_rho .......                                  -681.684158
  surface energy ......                                    59.727851
   rho_DELTA_rho ......                                    59.727851
   (NABLA_rho)^2 ......                                     0.000000
  spin-orbit energy ...                                   -23.633824
        rho_NABLA_J ...                                   -23.633824
        NABLA_rho_J ...                                     0.000000
  coulomb energy ......                                    29.505037
          direct ......                                    34.033864
          exchange ....                                    -4.528826
  tensor energy .......                                     0.000000
  direct Hartree E  ...                                     0.000000
  Extra E .............                                     0.000000
  External field E ....                                     0.000000
  Entropy .............       0.000007       0.000006       0.000013

  tEnergy: ehfb (qp)...                                  -186.876658

  Calculated but not added corrections 
====================================
  cmc-diagonal part ...       0.000000       0.000000       0.000000
  cmc-hfb .............       0.000000       0.000000       0.000000
  cranking rot corr ...       0.000000       0.000000       0.000000

  SQUJ ................       0.000000       0.000000       0.000000
  CRAN x 4 ............       0.000000       0.000000       0.000000
  Rigit Body ..........       0.000000       0.000000       0.000000


   Blocking candidates are:
   neutron eqpmin=  0.80218585745575410       pwiblo=   5.1031036307982882     
    num=   1 block=   3 state=   1    16 Eqp=   0.80218586  (1-2N)E=  -0.80218586  Ovlp=   0.93085158  3+[ 2, 1, 1]
    num=   2 block=   5 state=   1    26 Eqp=   0.80217140  (1-2N)E=   0.80217140  Ovlp=   0.98404547  5+[ 2, 0, 2]
    num=   3 block=   1 state=   1     1 Eqp=   2.00390565  (1-2N)E=  -2.00390565  Ovlp=   0.79782827  1+[ 2, 2, 0]
    num=   4 block=   1 state=   2     2 Eqp=   3.20104826  (1-2N)E=   3.20104826  Ovlp=   0.85655320  1+[ 2, 0, 0]

   Blocking candidates are:
   proton  eqpmin=  0.81378692603319536       pwiblo=   5.1031036307982882     
    num=   1 block=   3 state=   1    16 Eqp=   0.81378693  (1-2N)E=  -0.81378693  Ovlp=   0.92888529  3+[ 2, 1, 1]
    num=   2 block=   5 state=   1    26 Eqp=   0.81401847  (1-2N)E=   0.81401847  Ovlp=   0.98169277  5+[ 2, 0, 2]
    num=   3 block=   1 state=   1     1 Eqp=   2.00356827  (1-2N)E=  -2.00356827  Ovlp=   0.79474584  1+[ 2, 2, 0]
    num=   4 block=   1 state=   2     2 Eqp=   3.20024035  (1-2N)E=   3.20024035  Ovlp=   0.85167545  1+[ 2, 0, 0]


