No Skyrme interaction defined in routine skforce()
Multi-threading framework with OpenMP: 1 threads/task

  =======================================
           FORTRAN 95 CODE (KIND= 8) 
               Version: 200d  
  =======================================
       AXIALLY DEFORMED CONFIGURATIONAL  
     HARTREE-FOCK-BOGOLIUBOV CALCULATIONS
                     WITH                
            UNEDF AND DELTA PAIRING      
                     USING               
             HARMONIC-OSCILLATOR         
                   AND/OR                
       TRANSFORMED HARMONIC-OSCILLATOR   
                    BASIS                
                     ---                 
               v1.66  (2005):,           
   Stoitsov,Dobaczewski,Nazarewicz,Ring, 
               v2.00d (2012):,           
         Stoitsov,Schunck,Kortelainen    
  =======================================
    Nucleus: MG (A=  24, N= 12, Z= 12)
       Reflection Symmetry Imposed       
            ( 9/13/2022, 18:31)                               
  =======================================


  ---------------------------------------
           UNEDF Module Version:17
         M.Kortelainen & M.Stoitsov 
  ---------------------------------------

  UNE1 functional
  ----------------------------------
  Crho(0)=   -779.373008720865300    ; Crho(1)=    287.722131583286796    
  CDrho(0)=   891.477890442349690    ; CDrho(1)=  -200.587774317884879    
  Ctau(0)=  -0.989915057807676746    ; Ctau(1)=   -33.6320970701835549    
  CrDr(0)=   -41.6236165883743752    ; CrDr(1)=   -127.243053916696908    
  CrdJ(0)=   -62.2758631407850558    ; CrdJ(1)=   -26.5026496820926774    
  CJ(0)=      0.00000000000000000    ; CJ(1)=      0.00000000000000000    
  CpV0(0)=   0.100000000000000006    ; CpV0(1)=   0.100000000000000006    
  CpV1(0)=    1.00000000000000000    ; CpV1(1)=    1.00000000000000000    
  sigma=     0.270018011502707600    ; hbzero=     20.7355300000000007    
  e^2 chrg=   1.43997840859651305    ; CExPar=     1.00000000000000000    
  c.m. correction: F, chr. density in direct Coul: F
  use tensor terms: F
  use TMR pairing:  0

  Coupling constants in natural units
  -----------------------------------
  Crho_nu(0)=  -0.877667471343921757    ; Crho_nu(1)=   0.324009624211695935    
  CDrho_nu(0)=  0.941450913381434273    ; CDrho_nu(1)= -0.211831998717341041    
  Ctau_nu(0)=  -0.140321584905665799E-01; Ctau_nu(1)=  -0.476738799694694126    
  CrDr_nu(0)=  -0.590019497442698659    ; CrDr_nu(1)=   -1.80368475587901433    
  CrdJ_nu(0)=  -0.882767440333356412    ; CrdJ_nu(1)=  -0.375678072402187924    
  CJ_nu(0)=      0.00000000000000000    ; CJ_nu(1)=      0.00000000000000000    
  CpV0_nu(0)=   0.112611992142809880E-03; CpV0_nu(1)=   0.112611992142809880E-03
  CpV1_nu(0)=   0.887702254206059068E-03; CpV1_nu(1)=   0.887702254206059068E-03
  fpi_nu=        93.0000000000000000    ; Lambda_nu=     700.000000000000000    

  Nuclear matter properties
  ----------------------------------
      E_NM=     -15.8000000000000149      K_NM=     220.0000000000000284
      P_NM=      -0.0000000000000032    RHO_NM=       0.1587067693325870
    ASS_NM=      28.9867890577721070   LASS_NM=      40.0047904804136323
  SMASS_NM=       0.9924233322833640  VMASS_NM=       1.2498385742322700

  Associated (t,x)-coupling constants
  -----------------------------------
  t0=      -2078.32802325564080    ; x0=       0.537569206858470316E-01
  t1=       220.672735060919763    ; x1=       -4.80810012360956041    
  t2=       1400.36373630367461    ; x2=       -1.37101442441963628    
  t3=       14263.6462470775950    ; x3=      -0.162491168089956339    
  b4=       35.7732134586923820    ; b4p=       53.0052993641853547    
  te=      -416.062648787293654    ; to=       -180.124448538742712    
  sigma=   0.270018011502707600    ; hbzero=    20.7355300000000007    

  ---------------------------------------
        Characteristics of the run       
  ---------------------------------------
  Output file ................:     7
  Nucleus ....................:   MG  24
  Number of HO shells ........:     8
  HO length b0 (fm) ..........:     1.55928400372611
  Basis deformation ..........:  beta0=   0.010 q=   1.010
  HO: b0,1/b0,bp,bz,q ........:   0.15592840E+01  0.64131999E+00  0.15568270E+01  0.15642096E+01  0.10095067E+01
  h**2/(2m), cmc, e**2 .......:   0.20735530E+02  0.20735530E+02  0.14399784E+01
  hom=f*41.0_pr*A^{-1/3}, f...:   0.17056687E+02  0.12000000E+01
  THO basis is ...............:  OFF
  Maximal number of iterations:   400
  Initial mixing parameter ...:  0.300
  Initial w.f. ...............:  from   spherical scratch
  Skyrme functional ..........:    UNE1                          
    with direct and exchange Coulomb
  Lipkin-Nogami procedure is .:  OFF
  PAV procedure is ...........:  OFF
  Constraint calculation is ..:   ON
    Constraint 1 .............: lambda=2 Ql=   0.199
  Temperature T ..............:   0.05 MeV
  Restart indicator ..........:   1
  Broyden mixing (#iterations):   7

  ---------------------------------------
        Harmonic Oscillator Basis        
  ---------------------------------------
  NUV, NQP:                        2501     165
  Comparison with bookkeeping spherical basis:
  n00:                                8       8  Maximal number of shells
  nbx, 2*n00+1:                      17      17  Maximal number of K-blocks
  ntx, (n00+1)*(n00+2)*(n00+3)/6    165     165  Max.num. p/n levels
  nzx, n00:                           8       8  Maximal nz-quantum number
  nrx, n00/2  :                       4       4  Maximal nr-quantum number
  nlx, n00:                           8       8  Maximal ml-quantum number
  ndx, (n00+2)*(n00+2)/4:            25      25  Maximal dim. of one k-block

  Actual basis used
  Number of blocks: nb .......:   17
  Number of levels: nt .......:  165
  Maximal 2*omega : nom ......:   17
  Maximal nz:       nzm ......:    8
  Maximal nr:       nrm ......:    4
  Maximal ml:       nlm ......:    8
  Maximal N=nz+2*nr+nl .......:    8
  2 x biggest block dim. .....:   50
  Non-zero elements of h .....:     1333
  Number of Broyden elements .:     5332

  ---------------------------------------
            Integration Meshes           
  ---------------------------------------
  Number of Gauss-Hermite mesh points ngh ....:  40
  Number of Gauss-Laguerre mesh points ngl ...:  40
  Number of Gauss-Legendre mesh points nleg ..:  80
  Integration boundaries
    Hermite  - from xh(1)  =  0.12379686 to xh(ngh)   = 11.88786356
    Laguerre - From xl(1)  =  0.03570039 to xl(ngl)   =142.28004447
    Legendre - From xleg(1)=  0.00978669 to xleg(nleg)=  0.99988775
  Max.dev.in:     Orthogonality            Normalization
  Hermite     1.5248282503475657E-015   1.0991207943789050E-014
  Laguerre    4.2896485016951012E-015   8.9928064994637680E-015

  Scratch initialization for the nucleus: MG  12  12


  Initial potentials of Saxon-Woods shape 
  v0ws   =  -71.27999878
  kappa  =    0.46160001
  vs0    =   11.11750031   11.11750031
  r0     =    1.23339999    1.23339999
  a      =    0.61500001    0.61500001
  r0-so  =    1.14429998    1.14429998
  a-so   =    0.64760000    0.64760000
  beta00 =    0.01000000

  ### REGULAR STAGE (reflection symmetry imposed)
  |HFB+HO> iterations(b0=  1.559, Nsh=  8, inin=  1, N= 12, Z= 12)...
  ----------------------------------------------------------------------------------------------------------------------------------
  i          si     mix   beta      Etot       A       rn      rp         En      Dn      Ep      Dp        Ln      Lp     time
  ----------------------------------------------------------------------------------------------------------------------------------
   1L  73.90480883 0.30  0.010     0.000000    0.0   0.000   0.000 |   -2.000   1.000  -2.000   1.000 |   -7.000  -7.000   0.000
   2B  38.28939539 0.10  0.009   -72.134287   24.0   2.625   2.625 |    0.000  -0.000   0.000  -0.000 |  -17.169 -17.169  39.013
   3B   8.77974803 0.11  0.161  -163.467736   24.0   2.986   3.027 |    0.000  -0.000   0.000  -0.000 |  -11.033  -7.577   1.155
   4B   9.88248913 0.10  0.218  -179.490476   24.0   2.940   2.919 |    0.000  -0.000   0.000  -0.000 |  -11.631  -6.876   0.982
   5B  16.01106637 0.10  0.224  -161.535214   24.0   2.900   2.960 |    0.000  -0.000   0.000  -0.000 |  -11.172  -7.665   1.080
   6B  13.52145256 0.11  0.234  -185.692120   24.0   2.914   2.955 |    0.000  -0.000   0.000  -0.000 |  -11.691  -7.144   1.123
   7B  13.02213641 0.13  0.227  -186.255678   24.0   2.919   2.947 |    0.000  -0.000   0.000  -0.000 |  -11.744  -7.108   1.115
   8B  12.89384527 0.14  0.226  -186.195246   24.0   2.918   2.947 |    0.000  -0.000   0.000  -0.000 |  -11.740  -7.116   1.144
   9B   7.77154782 0.16  0.094  -173.562906   24.0   2.908   2.925 |    0.000  -0.000   0.000  -0.000 |  -12.022  -7.149   1.322
  10B   6.12900717 0.18  0.030  -173.228198   24.0   2.901   2.926 |    0.000  -0.000   0.000  -0.000 |  -11.883  -7.235   1.480
  11B   7.77442922 0.10 -0.089  -181.239290   24.0   2.910   2.922 |    0.000  -0.000   0.000  -0.000 |  -11.992  -7.311   1.492
  12B   5.46068817 0.11 -0.082  -181.832393   24.0   2.909   2.924 |    0.000  -0.000   0.000  -0.000 |  -12.022  -7.341   0.867
  13B   4.35669594 0.13 -0.044  -179.840883   24.0   2.909   2.917 |    0.000  -0.000   0.000  -0.000 |  -12.077  -7.399   0.955
  14B   8.10133509 0.10 -0.042  -175.645198   24.0   2.890   2.929 |    0.000  -0.000   0.000  -0.000 |  -11.861  -7.595   1.006
  15B   5.62656282 0.11 -0.037  -180.218822   24.0   2.898   2.921 |    0.000  -0.000   0.000  -0.000 |  -12.116  -7.481   1.505
  16B   5.33874132 0.13  0.006  -179.552280   24.0   2.903   2.916 |    0.000  -0.000   0.000  -0.000 |  -12.148  -7.423   1.565
  17B   5.43687859 0.10 -0.042  -181.097004   24.0   2.900   2.918 |    0.000  -0.000   0.000  -0.000 |  -12.153  -7.511   1.658
  18B   2.20533567 0.11 -0.031  -181.219615   24.0   2.899   2.915 |    0.000   0.000   0.000   0.000 |  -12.206  -7.495   1.559
  19L   5.08378593 0.10 -0.014  -177.864414   24.0   2.896   2.916 |    0.000   0.000   0.000   0.000 |  -12.169  -7.523   1.272
  20B  14.94467007 0.10  0.045  -144.982027   24.0   2.889   2.909 |    0.000   0.000   0.000   0.000 |  -12.014  -7.457   1.503
  21B   5.34802146 0.11 -0.055  -178.479774   24.0   2.892   2.923 |    0.000  -0.000   0.000  -0.000 |  -12.161  -7.529   1.603
  22B   4.26955151 0.13 -0.065  -179.469479   24.0   2.898   2.917 |    0.000   0.000   0.000   0.000 |  -12.154  -7.549   1.483
  23B   4.00383549 0.14 -0.040  -179.301967   24.0   2.888   2.925 |    0.000   0.000   0.000   0.000 |  -12.059  -7.625   0.901
  24B   3.89269923 0.16 -0.080  -180.630223   24.0   2.898   2.917 |    0.000   0.000   0.000   0.000 |  -12.184  -7.526   1.545
  25B   3.97707219 0.10 -0.072  -179.793859   24.0   2.899   2.916 |    0.000   0.000   0.000   0.000 |  -12.186  -7.521   1.428
  26B   6.19797409 0.10 -0.067  -178.264630   24.0   2.895   2.919 |    0.000   0.000   0.000   0.000 |  -12.180  -7.556   1.047
  27B   3.58130135 0.11 -0.072  -181.942721   24.0   2.894   2.919 |    0.000  -0.000   0.000  -0.000 |  -12.179  -7.467   1.439
  28B   4.02689981 0.10 -0.051  -180.793072   24.0   2.894   2.918 |    0.000   0.000   0.000   0.000 |  -12.181  -7.486   1.366
  29B   4.52379542 0.10 -0.045  -181.086202   24.0   2.895   2.917 |    0.000   0.000   0.000   0.000 |  -12.188  -7.514   1.499
  30L   2.66691316 0.11  0.026  -180.892727   24.0   2.894   2.918 |    0.000   0.000   0.000   0.000 |  -12.204  -7.531   1.439
  31B   9.12631325 0.10  0.072  -165.541049   24.0   2.897   2.912 |    0.000   0.000   0.000   0.000 |  -12.095  -7.495   1.413
  32B   3.67367897 0.11 -0.086  -181.928031   24.0   2.894   2.921 |    0.000   0.000   0.000   0.000 |  -12.090  -7.560   1.462
  33B   4.57551186 0.10 -0.109  -182.293846   24.0   2.896   2.923 |    0.000   0.000   0.000   0.000 |  -12.109  -7.557   1.481
  34B   7.50403345 0.10 -0.050  -176.887873   24.0   2.909   2.906 |    0.000   0.000   0.000   0.000 |  -12.229  -7.396   1.627
  35B   4.48086138 0.11  0.072  -180.257968   24.0   2.905   2.907 |    0.000   0.000   0.000   0.000 |  -12.266  -7.348   1.657
  36L   4.79303624 0.10  0.124  -181.959174   24.0   2.898   2.917 |    0.000   0.000   0.000   0.000 |  -12.121  -7.388   1.242
  37B  15.42761448 0.10  0.078  -166.769487   24.0   2.899   2.913 |    0.000   0.000   0.000   0.000 |  -11.821  -7.481   1.450
  38B   3.38324575 0.11  0.048  -180.966215   24.0   2.903   2.911 |    0.000   0.000   0.000   0.000 |  -12.165  -7.341   1.489
  39L   1.55116187 0.13  0.106  -182.797556   24.0   2.898   2.917 |    0.000   0.000   0.000   0.000 |  -12.140  -7.457   1.396
  40B   4.00726667 0.10  0.115  -180.115104   24.0   2.897   2.920 |    0.000   0.000   0.000   0.000 |  -12.069  -7.446   1.478
  41B   2.80233017 0.11  0.136  -183.695934   24.0   2.898   2.919 |    0.000   0.000   0.000   0.000 |  -12.151  -7.463   1.413
  42B   1.08472455 0.13  0.085  -182.507701   24.0   2.896   2.920 |    0.000   0.000   0.000   0.000 |  -12.093  -7.433   1.391
  43B   0.65678237 0.14  0.091  -182.626245   24.0   2.898   2.917 |    0.000   0.000   0.000   0.000 |  -12.126  -7.460   1.490
  44B   0.38824671 0.16  0.087  -182.602355   24.0   2.897   2.918 |    0.000   0.000   0.000   0.000 |  -12.145  -7.467   1.585
  45B   0.60920715 0.10  0.091  -182.697081   24.0   2.897   2.918 |    0.000   0.000   0.000   0.000 |  -12.150  -7.473   1.758
  46B   0.45907336 0.11  0.088  -182.642758   24.0   2.897   2.918 |    0.000   0.000   0.000   0.000 |  -12.153  -7.474   1.410
  47B   0.56831904 0.10  0.073  -182.356014   24.0   2.896   2.918 |    0.000   0.000   0.000   0.000 |  -12.169  -7.495   1.583
  48B   0.26811120 0.11  0.071  -182.349777   24.0   2.897   2.917 |    0.000  -0.000   0.000  -0.000 |  -12.168  -7.494   1.670
  49B   0.14796099 0.13  0.075  -182.414682   24.0   2.897   2.917 |    0.000   0.000   0.000   0.000 |  -12.167  -7.491   1.162
  50B   0.13233597 0.14  0.075  -182.409791   24.0   2.897   2.917 |    0.000   0.000   0.000   0.000 |  -12.166  -7.493   1.449
  51B   0.11392987 0.16  0.075  -182.411640   24.0   2.897   2.917 |    0.000   0.000   0.000   0.000 |  -12.170  -7.489   0.974
  52B   0.14365708 0.10  0.075  -182.403336   24.0   2.897   2.917 |    0.000   0.000   0.000   0.000 |  -12.167  -7.494   1.494
  53B   0.10910571 0.11  0.075  -182.413826   24.0   2.897   2.917 |    0.000   0.000   0.000   0.000 |  -12.169  -7.492   1.685
  54B   0.17626471 0.10  0.076  -182.433525   24.0   2.897   2.917 |    0.000   0.000   0.000   0.000 |  -12.170  -7.494   1.678
  55B   0.07168049 0.11  0.076  -182.429557   24.0   2.897   2.917 |    0.000   0.000   0.000   0.000 |  -12.170  -7.494   1.484
  56B   0.14686776 0.10  0.076  -182.424694   24.0   2.897   2.917 |    0.000   0.000   0.000   0.000 |  -12.171  -7.494   0.874
  57B   0.07993736 0.11  0.077  -182.451731   24.0   2.897   2.917 |    0.000   0.000   0.000   0.000 |  -12.173  -7.495   1.435
  58B   0.02958071 0.13  0.077  -182.451823   24.0   2.897   2.917 |    0.000   0.000   0.000   0.000 |  -12.172  -7.496   1.367
  59B   0.02966975 0.10  0.077  -182.453451   24.0   2.897   2.917 |    0.000   0.000   0.000   0.000 |  -12.171  -7.496   1.419
  60B   0.01710251 0.11  0.078  -182.456914   24.0   2.897   2.917 |    0.000   0.000   0.000   0.000 |  -12.172  -7.495   1.538
  61B   0.01259543 0.13  0.078  -182.459728   24.0   2.897   2.917 |    0.000   0.000   0.000   0.000 |  -12.171  -7.495   1.574
  62B   0.00738990 0.14  0.078  -182.458777   24.0   2.897   2.917 |    0.000   0.000   0.000   0.000 |  -12.171  -7.494   1.642
  63B   0.01230594 0.10  0.078  -182.459401   24.0   2.897   2.917 |    0.000   0.000   0.000   0.000 |  -12.171  -7.494   1.378
  64B   0.01619080 0.10  0.078  -182.463862   24.0   2.897   2.917 |    0.000   0.000   0.000   0.000 |  -12.171  -7.494   1.448
  65B   0.03141488 0.10  0.078  -182.460508   24.0   2.897   2.917 |    0.000   0.000   0.000   0.000 |  -12.171  -7.494   1.252
  66B   0.00723482 0.11  0.078  -182.460015   24.0   2.897   2.917 |    0.000   0.000   0.000   0.000 |  -12.171  -7.494   1.552
  67B   0.01040367 0.10  0.078  -182.461918   24.0   2.897   2.917 |    0.000   0.000   0.000   0.000 |  -12.171  -7.494   1.618
  68B   0.00774578 0.11  0.078  -182.461103   24.0   2.897   2.917 |    0.000   0.000   0.000   0.000 |  -12.171  -7.494   0.987
  69B   0.00670671 0.13  0.078  -182.460540   24.0   2.897   2.917 |    0.000   0.000   0.000   0.000 |  -12.171  -7.494   1.425
  70B   0.00436328 0.14  0.078  -182.459639   24.0   2.897   2.917 |    0.000   0.000   0.000   0.000 |  -12.171  -7.494   1.564
  71B   0.00294722 0.16  0.078  -182.456880   24.0   2.897   2.917 |    0.000   0.000   0.000   0.000 |  -12.171  -7.494   0.811
  72B   0.00531349 0.10  0.078  -182.458237   24.0   2.897   2.917 |    0.000   0.000   0.000   0.000 |  -12.171  -7.494   1.060
  73B   0.00193232 0.11  0.078  -182.458485   24.0   2.897   2.917 |    0.000   0.000   0.000   0.000 |  -12.171  -7.494   1.031
  74B   0.00460007 0.10  0.078  -182.457706   24.0   2.897   2.917 |    0.000   0.000   0.000   0.000 |  -12.171  -7.494   1.555
  75B   0.00738287 0.10  0.078  -182.457045   24.0   2.897   2.917 |    0.000   0.000   0.000   0.000 |  -12.171  -7.494   1.468
  76B   0.00224576 0.11  0.078  -182.457564   24.0   2.897   2.917 |    0.000   0.000   0.000   0.000 |  -12.171  -7.494   1.457
  77B   0.00125815 0.13  0.078  -182.457558   24.0   2.897   2.917 |    0.000   0.000   0.000   0.000 |  -12.171  -7.494   1.516
  78B   0.00097450 0.14  0.078  -182.457686   24.0   2.897   2.917 |    0.000   0.000   0.000   0.000 |  -12.171  -7.494   1.447
  79B   0.00059198 0.16  0.078  -182.457819   24.0   2.897   2.917 |    0.000   0.000   0.000   0.000 |  -12.171  -7.494   0.945
  80B   0.00028049 0.18  0.078  -182.458011   24.0   2.897   2.917 |    0.000   0.000   0.000   0.000 |  -12.171  -7.494   1.438
  81B   0.00030737 0.10  0.078  -182.458028   24.0   2.897   2.917 |    0.000   0.000   0.000   0.000 |  -12.171  -7.494   1.444
  82B   0.00036671 0.10  0.078  -182.458123   24.0   2.897   2.917 |    0.000   0.000   0.000   0.000 |  -12.171  -7.494   1.521
  83B   0.00010402 0.11  0.078  -182.458082   24.0   2.897   2.917 |    0.000   0.000   0.000   0.000 |  -12.171  -7.494   1.557
  84B   0.00009611 0.13  0.078  -182.458076   24.0   2.897   2.917 |    0.000   0.000   0.000   0.000 |  -12.171  -7.494   0.913
  85B   0.00019814 0.10  0.078  -182.458072   24.0   2.897   2.917 |    0.000   0.000   0.000   0.000 |  -12.171  -7.494   1.468
  86B   0.00012198 0.11  0.078  -182.458077   24.0   2.897   2.917 |    0.000   0.000   0.000   0.000 |  -12.171  -7.494   0.917
  87B   0.00008063 0.13  0.078  -182.458071   24.0   2.897   2.917 |    0.000   0.000   0.000   0.000 |  -12.171  -7.494   1.193
  88B   0.00009378 0.10  0.078  -182.458075   24.0   2.897   2.917 |    0.000   0.000   0.000   0.000 |  -12.171  -7.494   1.064
  89B   0.00004954 0.11  0.078  -182.458058   24.0   2.897   2.917 |    0.000   0.000   0.000   0.000 |  -12.171  -7.494   1.449
  90B   0.00002901 0.13  0.078  -182.458046   24.0   2.897   2.917 |    0.000   0.000   0.000   0.000 |  -12.171  -7.494   1.152
  91B   0.00009127 0.10  0.078  -182.458032   24.0   2.897   2.917 |    0.000   0.000   0.000   0.000 |  -12.171  -7.494   1.385
  92B   0.00003718 0.11  0.078  -182.458040   24.0   2.897   2.917 |    0.000   0.000   0.000   0.000 |  -12.171  -7.494   0.932
  93B   0.00003147 0.13  0.078  -182.458038   24.0   2.897   2.917 |    0.000   0.000   0.000   0.000 |  -12.171  -7.494   1.060
  94B   0.00005360 0.10  0.078  -182.458042   24.0   2.897   2.917 |    0.000   0.000   0.000   0.000 |  -12.171  -7.494   1.474
  95B   0.00003324 0.11  0.078  -182.458035   24.0   2.897   2.917 |    0.000   0.000   0.000   0.000 |  -12.171  -7.494   1.369
  96B   0.00004219 0.10  0.078  -182.458032   24.0   2.897   2.917 |    0.000   0.000   0.000   0.000 |  -12.171  -7.494   1.344
  97B   0.00002774 0.11  0.078  -182.458030   24.0   2.897   2.917 |    0.000   0.000   0.000   0.000 |  -12.171  -7.494   0.996
  98B   0.00002764 0.13  0.078  -182.458030   24.0   2.897   2.917 |    0.000   0.000   0.000   0.000 |  -12.171  -7.494   1.501
  99B   0.00002525 0.14  0.078  -182.458030   24.0   2.897   2.917 |    0.000   0.000   0.000   0.000 |  -12.171  -7.494   1.184
 100B   0.00003646 0.10  0.078  -182.458026   24.0   2.897   2.917 |    0.000   0.000   0.000   0.000 |  -12.171  -7.494   1.099
 101B   0.00002988 0.11  0.078  -182.458028   24.0   2.897   2.917 |    0.000   0.000   0.000   0.000 |  -12.171  -7.494   1.178
 102B   0.00002696 0.13  0.078  -182.458030   24.0   2.897   2.917 |    0.000   0.000   0.000   0.000 |  -12.171  -7.494   1.169
 103B   0.00003615 0.10  0.078  -182.458026   24.0   2.897   2.917 |    0.000   0.000   0.000   0.000 |  -12.171  -7.494   1.187
 104B   0.00002345 0.11  0.078  -182.458031   24.0   2.897   2.917 |    0.000   0.000   0.000   0.000 |  -12.171  -7.494   0.970
 105B   0.00001457 0.13  0.078  -182.458035   24.0   2.897   2.917 |    0.000   0.000   0.000   0.000 |  -12.171  -7.494   0.958
 106B   0.00001167 0.14  0.078  -182.458042   24.0   2.897   2.917 |    0.000   0.000   0.000   0.000 |  -12.171  -7.494   0.997
 107B   0.00001345 0.10  0.078  -182.458041   24.0   2.897   2.917 |    0.000   0.000   0.000   0.000 |  -12.171  -7.494   1.046
 108B   0.00000590 0.11  0.078  -182.458041   24.0   2.897   2.917 |    0.000   0.000   0.000   0.000 |  -12.171  -7.494   1.033
 109B   0.00001319 0.10  0.078  -182.458041   24.0   2.897   2.917 |    0.000   0.000   0.000   0.000 |  -12.171  -7.494   1.315
 110B   0.00003140 0.10  0.078  -182.458044   24.0   2.897   2.917 |    0.000   0.000   0.000   0.000 |  -12.171  -7.494   1.211
 111B   0.00000932 0.11  0.078  -182.458044   24.0   2.897   2.917 |    0.000   0.000   0.000   0.000 |  -12.171  -7.494   1.236
 112B   0.00001013 0.10  0.078  -182.458044   24.0   2.897   2.917 |    0.000   0.000   0.000   0.000 |  -12.171  -7.494   1.532
 113B   0.00001003 0.11  0.078  -182.458044   24.0   2.897   2.917 |    0.000   0.000   0.000   0.000 |  -12.171  -7.494   1.405
 114B   0.00001017 0.10  0.078  -182.458044   24.0   2.897   2.917 |    0.000   0.000   0.000   0.000 |  -12.171  -7.494   1.452
 115B   0.00001030 0.10  0.078  -182.458044   24.0   2.897   2.917 |    0.000   0.000   0.000   0.000 |  -12.171  -7.494   1.523
 116B   0.00000633 0.11  0.078  -182.458043   24.0   2.897   2.917 |    0.000   0.000   0.000   0.000 |  -12.171  -7.494   0.870
 117B   0.00000295 0.13  0.078  -182.458041   24.0   2.897   2.917 |    0.000   0.000   0.000   0.000 |  -12.171  -7.494   1.233
 118B   0.00000384 0.10  0.078  -182.458041   24.0   2.897   2.917 |    0.000   0.000   0.000   0.000 |  -12.171  -7.494   1.016
 119B   0.00000157 0.11  0.078  -182.458041   24.0   2.897   2.917 |    0.000   0.000   0.000   0.000 |  -12.171  -7.494   0.933
 120B   0.00000708 0.10  0.078  -182.458040   24.0   2.897   2.917 |    0.000   0.000   0.000   0.000 |  -12.171  -7.494   1.433
 121B   0.00000587 0.11  0.078  -182.458040   24.0   2.897   2.917 |    0.000   0.000   0.000   0.000 |  -12.171  -7.494   1.458
 122B   0.00000434 0.13  0.078  -182.458040   24.0   2.897   2.917 |    0.000   0.000   0.000   0.000 |  -12.171  -7.494   1.361
 123B   0.00000592 0.10  0.078  -182.458039   24.0   2.897   2.917 |    0.000   0.000   0.000   0.000 |  -12.171  -7.494   1.149
 124B   0.00000313 0.11  0.078  -182.458039   24.0   2.897   2.917 |    0.000   0.000   0.000   0.000 |  -12.171  -7.494   1.186
 125B   0.00000479 0.10  0.078  -182.458038   24.0   2.897   2.917 |    0.000   0.000   0.000   0.000 |  -12.171  -7.494   1.241
 126B   0.00000459 0.11  0.078  -182.458038   24.0   2.897   2.917 |    0.000   0.000   0.000   0.000 |  -12.171  -7.494   0.941
 127B   0.00000449 0.13  0.078  -182.458038   24.0   2.897   2.917 |    0.000   0.000   0.000   0.000 |  -12.171  -7.494   1.072
 128B   0.00000575 0.10  0.078  -182.458038   24.0   2.897   2.917 |    0.000  -0.000   0.000   0.000 |  -12.171  -7.494   0.953
 129B   0.00000699 0.10  0.078  -182.458037   24.0   2.897   2.917 |    0.000  -0.000   0.000   0.000 |  -12.171  -7.494   1.131
 130B   0.00000658 0.11  0.078  -182.458038   24.0   2.897   2.917 |    0.000   0.000   0.000   0.000 |  -12.171  -7.494   1.104
 131B   0.00000418 0.13  0.078  -182.458039   24.0   2.897   2.917 |    0.000   0.000   0.000   0.000 |  -12.171  -7.494   1.228
 132B   0.00000650 0.10  0.078  -182.458038   24.0   2.897   2.917 |    0.000  -0.000   0.000   0.000 |  -12.171  -7.494   1.077
 133B   0.00000654 0.10  0.078  -182.458038   24.0   2.897   2.917 |    0.000   0.000   0.000   0.000 |  -12.171  -7.494   1.373
 134B   0.00000416 0.11  0.078  -182.458039   24.0   2.897   2.917 |    0.000   0.000   0.000   0.000 |  -12.171  -7.494   1.020
 135B   0.00000351 0.13  0.078  -182.458039   24.0   2.897   2.917 |    0.000  -0.000   0.000   0.000 |  -12.171  -7.494   0.940
 136B   0.00000976 0.10  0.078  -182.458039   24.0   2.897   2.917 |    0.000   0.000   0.000   0.000 |  -12.171  -7.494   0.986
 137B   0.00000232 0.11  0.078  -182.458040   24.0   2.897   2.917 |    0.000  -0.000   0.000   0.000 |  -12.171  -7.494   1.099
 138B   0.00000068 0.13  0.078  -182.458040   24.0   2.897   2.917 |    0.000  -0.000   0.000  -0.000 |  -12.171  -7.494   1.052
 139B   0.00000145 0.10  0.078  -182.458041   24.0   2.897   2.917 |    0.000  -0.000   0.000   0.000 |  -12.171  -7.494   0.935
 140B   0.00000083 0.11  0.078  -182.458040   24.0   2.897   2.917 |    0.000   0.000   0.000   0.000 |  -12.171  -7.494   1.025
 141B   0.00000075 0.13  0.078  -182.458040   24.0   2.897   2.917 |    0.000   0.000   0.000   0.000 |  -12.171  -7.494   0.989
 142B   0.00000073 0.14  0.078  -182.458040   24.0   2.897   2.917 |    0.000   0.000   0.000   0.000 |  -12.171  -7.494   1.037
 143B   0.00000072 0.16  0.078  -182.458040   24.0   2.897   2.917 |    0.000   0.000   0.000   0.000 |  -12.171  -7.494   0.960
 144B   0.00000074 0.10  0.078  -182.458040   24.0   2.897   2.917 |    0.000   0.000   0.000   0.000 |  -12.171  -7.494   1.177
 145B   0.00000057 0.11  0.078  -182.458040   24.0   2.897   2.917 |    0.000  -0.000   0.000   0.000 |  -12.171  -7.494   1.028
 146B   0.00000032 0.13  0.078  -182.458040   24.0   2.897   2.917 |    0.000   0.000   0.000   0.000 |  -12.171  -7.494   1.004
 147B   0.00000047 0.10  0.078  -182.458040   24.0   2.897   2.917 |    0.000   0.000   0.000   0.000 |  -12.171  -7.494   0.999
 148B   0.00000016 0.11  0.078  -182.458040   24.0   2.897   2.917 |    0.000   0.000   0.000  -0.000 |  -12.171  -7.494   1.355
 149B   0.00000018 0.10  0.078  -182.458040   24.0   2.897   2.917 |    0.000   0.000   0.000   0.000 |  -12.171  -7.494   1.439
 150B   0.00000023 0.10  0.078  -182.458040   24.0   2.897   2.917 |    0.000   0.000   0.000   0.000 |  -12.171  -7.494   1.210
 151B   0.00000012 0.11  0.078  -182.458040   24.0   2.897   2.917 |    0.000   0.000   0.000   0.000 |  -12.171  -7.494   1.545
 152B   0.00000012 0.13  0.078  -182.458040   24.0   2.897   2.917 |    0.000   0.000   0.000   0.000 |  -12.171  -7.494   1.197
 153B   0.00000008 0.14  0.078  -182.458040   24.0   2.897   2.917 |    0.000   0.000   0.000  -0.000 |  -12.171  -7.494   0.962
 154B   0.00000009 0.10  0.078  -182.458040   24.0   2.897   2.917 |    0.000   0.000   0.000  -0.000 |  -12.171  -7.494   0.994
 155B   0.00000009 0.11  0.078  -182.458040   24.0   2.897   2.917 |    0.000  -0.000   0.000   0.000 |  -12.171  -7.494   1.060
 156B   0.00000008 0.13  0.078  -182.458040   24.0   2.897   2.917 |    0.000  -0.000   0.000   0.000 |  -12.171  -7.494   1.026
 157B   0.00000006 0.14  0.078  -182.458040   24.0   2.897   2.917 |    0.000   0.000   0.000   0.000 |  -12.171  -7.494   0.855
 158B   0.00000006 0.10  0.078  -182.458040   24.0   2.897   2.917 |    0.000   0.000   0.000  -0.000 |  -12.171  -7.494   0.924
 159B   0.00000007 0.10  0.078  -182.458040   24.0   2.897   2.917 |    0.000   0.000   0.000  -0.000 |  -12.171  -7.494   0.973
 160B   0.00000003 0.11  0.078  -182.458040   24.0   2.897   2.917 |    0.000   0.000   0.000  -0.000 |  -12.171  -7.494   0.654
 161B   0.00000003 0.10  0.078  -182.458040   24.0   2.897   2.917 |    0.000   0.000   0.000  -0.000 |  -12.171  -7.494   0.960
 162B   0.00000002 0.11  0.078  -182.458040   24.0   2.897   2.917 |    0.000  -0.000   0.000  -0.000 |  -12.171  -7.494   0.894
 163B   0.00000002 0.10  0.078  -182.458040   24.0   2.897   2.917 |    0.000  -0.000   0.000  -0.000 |  -12.171  -7.494   1.294
 164B   0.00000002 0.10  0.078  -182.458040   24.0   2.897   2.917 |    0.000  -0.000   0.000  -0.000 |  -12.171  -7.494   0.889
 165B   0.00000004 0.10  0.078  -182.458040   24.0   2.897   2.917 |    0.000  -0.000   0.000  -0.000 |  -12.171  -7.494   0.967
 166B   0.00000002 0.11  0.078  -182.458040   24.0   2.897   2.917 |    0.000   0.000   0.000  -0.000 |  -12.171  -7.494   0.993
 167B   0.00000003 0.10  0.078  -182.458040   24.0   2.897   2.917 |    0.000   0.000   0.000  -0.000 |  -12.171  -7.494   1.070
 168B   0.00000004 0.10  0.078  -182.458040   24.0   2.897   2.917 |    0.000   0.000   0.000  -0.000 |  -12.171  -7.494   1.175
 169B   0.00000002 0.11  0.078  -182.458040   24.0   2.897   2.917 |    0.000  -0.000   0.000   0.000 |  -12.171  -7.494   1.011
 170B   0.00000001 0.13  0.078  -182.458040   24.0   2.897   2.917 |    0.000   0.000   0.000   0.000 |  -12.171  -7.494   1.024
 171B   0.00000001 0.14  0.078  -182.458040   24.0   2.897   2.917 |    0.000   0.000   0.000   0.000 |  -12.171  -7.494   1.093
 172B   0.00000002 0.10  0.078  -182.458040   24.0   2.897   2.917 |    0.000   0.000   0.000  -0.000 |  -12.171  -7.494   1.107
 173B   0.00000001 0.11  0.078  -182.458040   24.0   2.897   2.917 |    0.000   0.000   0.000  -0.000 |  -12.171  -7.494   0.606
 174B   0.00000001 0.10  0.078  -182.458040   24.0   2.897   2.917 |    0.000   0.000   0.000  -0.000 |  -12.171  -7.494   0.706
 175B   0.00000001 0.10  0.078  -182.458040   24.0   2.897   2.917 |    0.000   0.000   0.000  -0.000 |  -12.171  -7.494   0.642
 176B   0.00000001 0.11  0.078  -182.458040   24.0   2.897   2.917 |    0.000   0.000   0.000   0.000 |  -12.171  -7.494   0.583
 177B   0.00000005 0.10  0.078  -182.458040   24.0   2.897   2.917 |    0.000  -0.000   0.000  -0.000 |  -12.171  -7.494   0.779
 178B   0.00000001 0.11  0.078  -182.458040   24.0   2.897   2.917 |    0.000  -0.000   0.000   0.000 |  -12.171  -7.494   0.632
 179B   0.00000002 0.10  0.078  -182.458040   24.0   2.897   2.917 |    0.000  -0.000   0.000  -0.000 |  -12.171  -7.494   1.042
 180B   0.00000003 0.10  0.078  -182.458040   24.0   2.897   2.917 |    0.000   0.000   0.000  -0.000 |  -12.171  -7.494   0.799
 181B   0.00000003 0.10  0.078  -182.458040   24.0   2.897   2.917 |    0.000   0.000   0.000  -0.000 |  -12.171  -7.494   0.593
 182B   0.00000003 0.11  0.078  -182.458040   24.0   2.897   2.917 |    0.000  -0.000   0.000  -0.000 |  -12.171  -7.494   0.562
 183B   0.00000003 0.13  0.078  -182.458040   24.0   2.897   2.917 |    0.000  -0.000   0.000  -0.000 |  -12.171  -7.494   0.635
 184B   0.00000003 0.14  0.078  -182.458040   24.0   2.897   2.917 |    0.000  -0.000   0.000  -0.000 |  -12.171  -7.494   0.810
 185B   0.00000004 0.10  0.078  -182.458040   24.0   2.897   2.917 |    0.000   0.000   0.000   0.000 |  -12.171  -7.494   0.501
 186B   0.00000004 0.10  0.078  -182.458040   24.0   2.897   2.917 |    0.000   0.000   0.000  -0.000 |  -12.171  -7.494   0.476
 187B   0.00000002 0.11  0.078  -182.458040   24.0   2.897   2.917 |    0.000  -0.000   0.000   0.000 |  -12.171  -7.494   0.904
 188B   0.00000003 0.10  0.078  -182.458040   24.0   2.897   2.917 |    0.000  -0.000   0.000   0.000 |  -12.171  -7.494   0.489
 189B   0.00000002 0.11  0.078  -182.458040   24.0   2.897   2.917 |    0.000   0.000   0.000  -0.000 |  -12.171  -7.494   0.456
 190B   0.00000000 0.13  0.078  -182.458040   24.0   2.897   2.917 |    0.000   0.000   0.000  -0.000 |  -12.171  -7.494   0.432
 191B   0.00000000 0.14  0.078  -182.458040   24.0   2.897   2.917 |    0.000   0.000   0.000  -0.000 |  -12.171  -7.494   0.495
 192B   0.00000000 0.16  0.078  -182.458040   24.0   2.897   2.917 |    0.000   0.000   0.000  -0.000 |  -12.171  -7.494   0.501
 193B   0.00000000 0.18  0.078  -182.458040   24.0   2.897   2.917 |    0.000   0.000   0.000  -0.000 |  -12.171  -7.494   0.646
 194B   0.00000001 0.10  0.078  -182.458040   24.0   2.897   2.917 |    0.000   0.000   0.000   0.000 |  -12.171  -7.494   0.447
 195B   0.00000001 0.10  0.078  -182.458040   24.0   2.897   2.917 |    0.000  -0.000   0.000   0.000 |  -12.171  -7.494   0.462
 196B   0.00000001 0.11  0.078  -182.458040   24.0   2.897   2.917 |    0.000   0.000   0.000   0.000 |  -12.171  -7.494   0.454
 197B   0.00000001 0.10  0.078  -182.458040   24.0   2.897   2.917 |    0.000  -0.000   0.000   0.000 |  -12.171  -7.494   0.481
 198B   0.00000001 0.11  0.078  -182.458040   24.0   2.897   2.917 |    0.000  -0.000   0.000  -0.000 |  -12.171  -7.494   0.497
 199B   0.00000001 0.10  0.078  -182.458040   24.0   2.897   2.917 |    0.000  -0.000   0.000  -0.000 |  -12.171  -7.494   0.473
 200B   0.00000000 0.11  0.078  -182.458040   24.0   2.897   2.917 |    0.000  -0.000   0.000  -0.000 |  -12.171  -7.494   0.477
 201B   0.00000000 0.13  0.078  -182.458040   24.0   2.897   2.917 |    0.000  -0.000   0.000  -0.000 |  -12.171  -7.494   0.449
 202B   0.00000000 0.14  0.078  -182.458040   24.0   2.897   2.917 |    0.000  -0.000   0.000  -0.000 |  -12.171  -7.494   0.465
 203B   0.00000000 0.10  0.078  -182.458040   24.0   2.897   2.917 |    0.000  -0.000   0.000  -0.000 |  -12.171  -7.494   0.461
 204B   0.00000000 0.11  0.078  -182.458040   24.0   2.897   2.917 |    0.000  -0.000   0.000  -0.000 |  -12.171  -7.494   0.526
 205B   0.00000000 0.13  0.078  -182.458040   24.0   2.897   2.917 |    0.000  -0.000   0.000   0.000 |  -12.171  -7.494   0.548
 206B   0.00000000 0.14  0.078  -182.458040   24.0   2.897   2.917 |    0.000  -0.000   0.000  -0.000 |  -12.171  -7.494   0.470
 207B   0.00000001 0.10  0.078  -182.458040   24.0   2.897   2.917 |    0.000   0.000   0.000  -0.000 |  -12.171  -7.494   0.502
 208B   0.00000000 0.11  0.078  -182.458040   24.0   2.897   2.917 |    0.000   0.000   0.000   0.000 |  -12.171  -7.494   0.481
 209B   0.00000000 0.13  0.078  -182.458040   24.0   2.897   2.917 |    0.000   0.000   0.000   0.000 |  -12.171  -7.494   0.449
 210B   0.00000000 0.14  0.078  -182.458040   24.0   2.897   2.917 |    0.000  -0.000   0.000   0.000 |  -12.171  -7.494   0.427
  ----------------------------------------------------------------------------------------------------------------------------------
  *   iteration converged   after 210 steps   si=     0.0000000007 ho=  0 tho=  0
  ----------------------------------------------------------------------------------------------------------------------------------
  Total CPU time=   4.550 minutes

  Writing to wel_file: s012_012.hel
 __________________________________  
  The tape s012_012.hel recorded:     
  nucname,npr,ngh,ngl,n00,nb,nt      
  b0,beta0,si,etot,rms,bet,xmix      
  pairing:     CpV0,CpV1,pwi         
  delta:       del,ept               
  lambda:      ala,ala2,alast,tz     
  asymptotic:  varmas,ass,skass      
  ntx,nb,nhhdim,id,N_rz,n_r,n_z      
  Omega2,Sigma2,Parity,Lambda        
  matrices(inbro):    hh,de          
  *all blocking candidates           
 __________________________________  


  NB! From expect (UNPROJECTED RESULTS)

  pairing: CpV0,CpV1,...           0.100000       0.100000       1.000000       1.000000
  forces:   UNE1                          


                             neutrons         protons         total
  Requested part.numbs.      12.000000      12.000000      24.000000
  UnPj(av) part.numbs .      12.000000      12.000000      24.000000
  b0, bz, bp ..........       1.559284       1.564210       1.556827

  lambda (ala) ........     -12.171146      -7.494355
  Lambda (alast) ......     -12.171146      -7.494355
  delta(n,p), pwi .....      -0.000000       0.000000      60.000000
  pairing energy ......       0.000000       0.000000       0.000000

  rms-radius ..........       2.896796       2.917116       2.906974
  charge-radius, r0 ...                      3.024825       3.461399
  deformation beta2....       0.077944       0.077394       0.077667
  dipole moment[fm] ...       0.000000       0.000000       0.000000
  quadrupole moment[b]        0.099017       0.099702       0.198720
  octupole moment .....       0.000000       0.000000       0.000000
  hexadecapole moment .      -0.000256      -0.000280      -0.000537
  q5 ..................       0.000000       0.000000       0.000000
  q6 ..................      -0.000002      -0.000002      -0.000003
  q7 ..................       0.000000       0.000000       0.000000
  q8 ..................       0.000000       0.000000       0.000000

  <r^0> [fm^0] ........            1.000000            1.000000            1.000000
  <r^2> [fm^2] ........            8.391430            8.509564            8.450497
  <r^4> [fm^4] ........          101.011026          104.252293          102.631660
  <r^6> [fm^6] ........         1574.239426         1659.874958         1617.057192
  <r^8> [fm^8] ........        30259.904126        32682.143173        31471.023649

  kinetic energy ......     211.577129     208.641543     420.218672
  volume energy .......                                  -662.241853
        rho_tau .......                                    -1.858684
        rho_rho .......                                  -660.383169
  surface energy ......                                    50.147009
   rho_DELTA_rho ......                                    50.147009
   (NABLA_rho)^2 ......                                     0.000000
  spin-orbit energy ...                                   -19.879853
        rho_NABLA_J ...                                   -19.879853
        NABLA_rho_J ...                                     0.000000
  coulomb energy ......                                    29.297985
          direct ......                                    33.748606
          exchange ....                                    -4.450621
  tensor energy .......                                     0.000000
  direct Hartree E  ...                                     0.000000
  Extra E .............                                     0.000000
  External field E ....                                     0.000000
  Entropy .............       3.211657       3.205891       6.417548

  tEnergy: ehfb (qp)...                                  -182.458040

  Calculated but not added corrections 
====================================
  cmc-diagonal part ...       0.000000       0.000000       0.000000
  cmc-hfb .............       0.000000       0.000000       0.000000
  cranking rot corr ...       0.000000       0.000000       0.000000

  SQUJ ................       0.000000       0.000000       0.000000
  CRAN x 4 ............       0.000000       0.000000       0.000000
  Rigit Body ..........       0.000000       0.000000       0.000000


   Blocking candidates are:
   neutron eqpmin=   5.4545880644994327E-002  pwiblo=   5.1031036307982882     
    num=   1 block=   3 state=   1    32 Eqp=   0.05454588  (1-2N)E=  -0.05454588  Ovlp=   0.88894500  3+[ 2, 1, 1]
    num=   2 block=   5 state=   1    56 Eqp=   0.02498532  (1-2N)E=   0.02498532  Ovlp=   0.97574100  5+[ 2, 0, 2]
    num=   3 block=   1 state=   1     1 Eqp=   0.09676544  (1-2N)E=  -0.09676544  Ovlp=   0.67531409  1+[ 2, 2, 0]
    num=   4 block=   1 state=   2     2 Eqp=   1.97129493  (1-2N)E=   1.97129493  Ovlp=   0.81922275  1+[ 2, 0, 0]

   Blocking candidates are:
   proton  eqpmin=   5.4907096395240274E-002  pwiblo=   5.1031036307982882     
    num=   1 block=   3 state=   1    31 Eqp=   0.05490710  (1-2N)E=  -0.05490710  Ovlp=   0.88588199  3+[ 2, 1, 1]
    num=   2 block=   5 state=   1    54 Eqp=   0.02533671  (1-2N)E=   0.02533671  Ovlp=   0.97218712  5+[ 2, 0, 2]
    num=   3 block=   1 state=   1     1 Eqp=   0.09689843  (1-2N)E=  -0.09689843  Ovlp=   0.67193418  1+[ 2, 2, 0]
    num=   4 block=   1 state=   2     2 Eqp=   1.93570535  (1-2N)E=   1.93570535  Ovlp=   0.81170900  1+[ 2, 0, 0]



 HFBTHO_SOLVER ended without errors

