
  =======================================
           FORTRAN 95 CODE (KIND= 8) 
               Version: 200d  
  =======================================
       AXIALLY DEFORMED CONFIGURATIONAL  
     HARTREE-FOCK-BOGOLIUBOV CALCULATIONS
                     WITH                
            UNEDF AND DELTA PAIRING      
                     USING               
             HARMONIC-OSCILLATOR         
                   AND/OR                
       TRANSFORMED HARMONIC-OSCILLATOR   
                    BASIS                
                     ---                 
               v1.66  (2005):,           
   Stoitsov,Dobaczewski,Nazarewicz,Ring, 
               v2.00d (2012):,           
         Stoitsov,Schunck,Kortelainen    
  =======================================
    Nucleus: MG (A=  24, N= 12, Z= 12)
       Reflection Symmetry Imposed       
            ( 9/13/2022, 22:40)                               
  =======================================


  ---------------------------------------
           UNEDF Module Version:17
         M.Kortelainen & M.Stoitsov 
  ---------------------------------------

  UNE1 functional
  ----------------------------------
  Crho(0)=   -779.373008720865300    ; Crho(1)=    287.722131583286796    
  CDrho(0)=   891.477890442349690    ; CDrho(1)=  -200.587774317884879    
  Ctau(0)=  -0.989915057807676746    ; Ctau(1)=   -33.6320970701835549    
  CrDr(0)=   -43.7173652788054454    ; CrDr(1)=   -166.813479920008291    
  CrdJ(0)=   -65.5546547770726846    ; CrdJ(1)=   -30.6473836995387927    
  CJ(0)=      0.00000000000000000    ; CJ(1)=      0.00000000000000000    
  CpV0(0)=   0.100000000000000006    ; CpV0(1)=   0.100000000000000006    
  CpV1(0)=    1.00000000000000000    ; CpV1(1)=    1.00000000000000000    
  sigma=     0.270018011502707600    ; hbzero=     20.7355300000000007    
  e^2 chrg=   1.43997840859651305    ; CExPar=     1.00000000000000000    
  c.m. correction: F, chr. density in direct Coul: F
  use tensor terms: F
  use TMR pairing:  0

  Coupling constants in natural units
  -----------------------------------
  Crho_nu(0)=  -0.877667471343921757    ; Crho_nu(1)=   0.324009624211695935    
  CDrho_nu(0)=  0.941450913381434273    ; CDrho_nu(1)= -0.211831998717341041    
  Ctau_nu(0)=  -0.140321584905665799E-01; Ctau_nu(1)=  -0.476738799694694126    
  CrDr_nu(0)=  -0.619698623173558061    ; CrDr_nu(1)=   -2.36460004334560736    
  CrdJ_nu(0)=  -0.929244684552497091    ; CrdJ_nu(1)=  -0.434430148325601173    
  CJ_nu(0)=      0.00000000000000000    ; CJ_nu(1)=      0.00000000000000000    
  CpV0_nu(0)=   0.112611992142809880E-03; CpV0_nu(1)=   0.112611992142809880E-03
  CpV1_nu(0)=   0.887702254206059068E-03; CpV1_nu(1)=   0.887702254206059068E-03
  fpi_nu=        93.0000000000000000    ; Lambda_nu=     700.000000000000000    

  Nuclear matter properties
  ----------------------------------
      E_NM=     -15.8000000000000149      K_NM=     220.0000000000000284
      P_NM=      -0.0000000000000032    RHO_NM=       0.1587067693325870
    ASS_NM=      28.9867890577721070   LASS_NM=      40.0047904804136323
  SMASS_NM=       0.9924233322833640  VMASS_NM=       1.2498385742322700

  Associated (t,x)-coupling constants
  -----------------------------------
  t0=      -2078.32802325564080    ; x0=       0.537569206858470316E-01
  t1=       231.839394743218804    ; x1=       -5.96604103510223549    
  t2=       1811.28162065669699    ; x2=       -1.34818418310023369    
  t3=       14263.6462470775950    ; x3=      -0.162491168089956339    
  b4=       34.9072710775338919    ; b4p=       61.2947673990775854    
  te=      -540.454680061430281    ; to=       -224.566234878734633    
  sigma=   0.270018011502707600    ; hbzero=    20.7355300000000007    

  ---------------------------------------
        Characteristics of the run       
  ---------------------------------------
  Output file ................:     7
  Nucleus ....................:   MG  24
  Number of HO shells ........:     8
  HO length b0 (fm) ..........:     1.55928400372611
  Basis deformation ..........:  beta0=   0.010 q=   1.010
  HO: b0,1/b0,bp,bz,q ........:   0.15592840E+01  0.64131999E+00  0.15568270E+01  0.15642096E+01  0.10095067E+01
  h**2/(2m), cmc, e**2 .......:   0.20735530E+02  0.20735530E+02  0.14399784E+01
  hom=f*41.0_pr*A^{-1/3}, f...:   0.17056687E+02  0.12000000E+01
  THO basis is ...............:  OFF
  Maximal number of iterations:   400
  Initial mixing parameter ...:  0.300
  Initial w.f. ...............:  from   spherical scratch
  Skyrme functional ..........:    UNE1                          
    with direct and exchange Coulomb
  Lipkin-Nogami procedure is .:  OFF
  PAV procedure is ...........:  OFF
  Constraint calculation is ..:   ON
    Constraint 1 .............: lambda=2 Ql=   1.192
  Temperature T ..............:   0.05 MeV
  Restart indicator ..........:   1
  Broyden mixing (#iterations):   7

  ---------------------------------------
        Harmonic Oscillator Basis        
  ---------------------------------------
  NUV, NQP:                        2501     165
  Comparison with bookkeeping spherical basis:
  n00:                                8       8  Maximal number of shells
  nbx, 2*n00+1:                      17      17  Maximal number of K-blocks
  ntx, (n00+1)*(n00+2)*(n00+3)/6    165     165  Max.num. p/n levels
  nzx, n00:                           8       8  Maximal nz-quantum number
  nrx, n00/2  :                       4       4  Maximal nr-quantum number
  nlx, n00:                           8       8  Maximal ml-quantum number
  ndx, (n00+2)*(n00+2)/4:            25      25  Maximal dim. of one k-block

  Actual basis used
  Number of blocks: nb .......:   17
  Number of levels: nt .......:  165
  Maximal 2*omega : nom ......:   17
  Maximal nz:       nzm ......:    8
  Maximal nr:       nrm ......:    4
  Maximal ml:       nlm ......:    8
  Maximal N=nz+2*nr+nl .......:    8
  2 x biggest block dim. .....:   50
  Non-zero elements of h .....:     1333
  Number of Broyden elements .:     5332

  ---------------------------------------
            Integration Meshes           
  ---------------------------------------
  Number of Gauss-Hermite mesh points ngh ....:  40
  Number of Gauss-Laguerre mesh points ngl ...:  40
  Number of Gauss-Legendre mesh points nleg ..:  80
  Integration boundaries
    Hermite  - from xh(1)  =  0.12379686 to xh(ngh)   = 11.88786356
    Laguerre - From xl(1)  =  0.03570039 to xl(ngl)   =142.28004447
    Legendre - From xleg(1)=  0.00978669 to xleg(nleg)=  0.99988775
  Max.dev.in:     Orthogonality            Normalization
  Hermite     1.5248282503475657E-015   1.0991207943789050E-014
  Laguerre    4.2896485016951012E-015   8.9928064994637680E-015

  Scratch initialization for the nucleus: MG  12  12


  Initial potentials of Saxon-Woods shape 
  v0ws   =  -71.27999878
  kappa  =    0.46160001
  vs0    =   11.11750031   11.11750031
  r0     =    1.23339999    1.23339999
  a      =    0.61500001    0.61500001
  r0-so  =    1.14429998    1.14429998
  a-so   =    0.64760000    0.64760000
  beta00 =    0.01000000

  ### REGULAR STAGE (reflection symmetry imposed)
  |HFB+HO> iterations(b0=  1.559, Nsh=  8, inin=  1, N= 12, Z= 12)...
  ----------------------------------------------------------------------------------------------------------------------------------
  i          si     mix   beta      Etot       A       rn      rp         En      Dn      Ep      Dp        Ln      Lp     time
  ----------------------------------------------------------------------------------------------------------------------------------
   1L  73.90480883 0.30  0.010     0.000000    0.0   0.000   0.000 |   -2.000   1.000  -2.000   1.000 |   -7.000  -7.000   0.000
   2B  49.04581136 0.10  0.009   -65.054606   24.0   2.625   2.625 |    0.000  -0.000   0.000  -0.000 |  -17.169 -17.169  39.947
   3B  11.23657895 0.11  0.395  -158.120664   24.0   3.071   3.123 |    0.000  -0.000   0.000  -0.000 |  -11.524  -8.103   1.133
   4B  10.44770841 0.13  0.595  -173.980355   24.0   3.218   3.184 |    0.000  -0.000   0.000  -0.000 |  -13.419  -9.069   0.982
   5B  15.96982603 0.10  0.663  -173.267647   24.0   3.222   3.322 |    0.000  -0.000   0.000  -0.000 |  -13.897  -9.623   1.019
   6B  17.85633703 0.10  0.668  -178.041369   24.0   3.281   3.270 |    0.000  -0.000   0.000  -0.000 |  -13.963  -9.574   1.089
   7B  16.42995010 0.11  0.656  -181.061258   24.0   3.257   3.258 |    0.000  -0.000   0.000  -0.000 |  -13.645  -9.194   0.942
   8B  15.22630287 0.13  0.641  -181.973941   24.0   3.227   3.252 |    0.000  -0.000   0.000  -0.000 |  -13.307  -9.021   1.123
   9B  11.34192778 0.14  0.580  -183.153353   24.0   3.155   3.184 |    0.000  -0.000   0.000  -0.000 |  -12.571  -8.006   1.283
  10B   8.04213544 0.16  0.525  -186.583461   24.0   3.116   3.115 |    0.000  -0.000   0.000  -0.000 |  -12.158  -7.562   1.480
  11B   2.48168033 0.18  0.432  -187.594546   24.0   3.023   3.050 |    0.000  -0.000   0.000  -0.000 |  -11.553  -7.266   1.596
  12B   2.44988977 0.21  0.409  -187.819291   24.0   3.008   3.025 |    0.000  -0.000   0.000  -0.000 |  -11.651  -7.019   1.503
  13B   1.42620485 0.24  0.416  -188.181144   24.0   3.009   3.033 |    0.000  -0.000   0.000  -0.000 |  -11.550  -7.032   1.559
  14B   0.70956709 0.27  0.420  -188.313867   24.0   3.014   3.031 |    0.000  -0.000   0.000  -0.000 |  -11.550  -7.027   1.449
  15B   0.42696661 0.30  0.426  -188.337770   24.0   3.017   3.035 |    0.000  -0.000   0.000  -0.000 |  -11.550  -7.027   1.499
  16B   0.62355048 0.10  0.427  -188.325659   24.0   3.016   3.036 |    0.000  -0.000   0.000  -0.000 |  -11.550  -7.027   1.422
  17B   0.32248532 0.11  0.427  -188.335225   24.0   3.016   3.037 |    0.000  -0.000   0.000  -0.000 |  -11.550  -7.027   1.513
  18B   0.13671834 0.13  0.428  -188.341555   24.0   3.018   3.037 |    0.000   0.000   0.000   0.000 |  -11.550  -7.027   1.582
  19B   0.08271875 0.14  0.429  -188.341718   24.0   3.018   3.037 |    0.000   0.000   0.000   0.000 |  -11.550  -7.027   1.494
  20B   0.02074779 0.16  0.429  -188.341047   24.0   3.018   3.037 |    0.000   0.000   0.000   0.000 |  -11.550  -7.027   1.460
  21B   0.02965045 0.10  0.430  -188.340274   24.0   3.018   3.037 |    0.000   0.000   0.000   0.000 |  -11.550  -7.027   0.977
  22B   0.02242897 0.11  0.430  -188.339939   24.0   3.019   3.037 |    0.000   0.000   0.000   0.000 |  -11.550  -7.027   1.479
  23B   0.02222334 0.13  0.430  -188.339967   24.0   3.019   3.038 |    0.000   0.000   0.000   0.000 |  -11.550  -7.027   1.483
  24B   0.01931187 0.14  0.430  -188.340055   24.0   3.018   3.038 |    0.000   0.000   0.000   0.000 |  -11.550  -7.027   1.537
  25B   0.01475762 0.16  0.430  -188.340188   24.0   3.018   3.037 |    0.000   0.000   0.000   0.000 |  -11.550  -7.027   0.897
  26B   0.01025196 0.18  0.430  -188.340321   24.0   3.018   3.037 |    0.000   0.000   0.000   0.000 |  -11.550  -7.027   0.859
  27B   0.00771270 0.21  0.430  -188.340395   24.0   3.018   3.037 |    0.000   0.000   0.000   0.000 |  -11.550  -7.027   0.832
  28B   0.00776001 0.10  0.430  -188.340511   24.0   3.018   3.037 |    0.000   0.000   0.000   0.000 |  -11.550  -7.027   1.156
  29B   0.00551078 0.11  0.430  -188.340666   24.0   3.018   3.037 |    0.000   0.000   0.000   0.000 |  -11.550  -7.027   1.513
  30B   0.00328099 0.13  0.429  -188.340720   24.0   3.018   3.037 |    0.000   0.000   0.000   0.000 |  -11.550  -7.027   1.391
  31B   0.00237059 0.14  0.430  -188.340694   24.0   3.018   3.037 |    0.000   0.000   0.000   0.000 |  -11.550  -7.027   0.852
  32B   0.00168109 0.16  0.430  -188.340674   24.0   3.018   3.037 |    0.000   0.000   0.000   0.000 |  -11.550  -7.027   1.324
  33B   0.00118838 0.18  0.430  -188.340659   24.0   3.018   3.037 |    0.000   0.000   0.000   0.000 |  -11.550  -7.027   0.849
  34B   0.00102010 0.21  0.430  -188.340653   24.0   3.018   3.037 |    0.000   0.000   0.000   0.000 |  -11.550  -7.027   1.461
  35B   0.00081493 0.24  0.430  -188.340635   24.0   3.018   3.037 |    0.000   0.000   0.000   0.000 |  -11.550  -7.027   1.602
  36B   0.00068203 0.27  0.430  -188.340629   24.0   3.018   3.037 |    0.000   0.000   0.000   0.000 |  -11.550  -7.027   1.379
  37B   0.00054410 0.30  0.430  -188.340619   24.0   3.018   3.037 |    0.000   0.000   0.000   0.000 |  -11.550  -7.027   1.273
  38B   0.00044749 0.34  0.430  -188.340617   24.0   3.018   3.037 |    0.000  -0.000   0.000  -0.000 |  -11.550  -7.027   1.362
  39B   0.00038850 0.38  0.430  -188.340614   24.0   3.018   3.037 |    0.000  -0.000   0.000  -0.000 |  -11.550  -7.027   0.982
  40B   0.00033428 0.43  0.430  -188.340615   24.0   3.018   3.037 |    0.000   0.000   0.000   0.000 |  -11.550  -7.027   1.456
  41B   0.00027089 0.49  0.430  -188.340617   24.0   3.018   3.037 |    0.000   0.000   0.000   0.000 |  -11.550  -7.027   1.461
  42B   0.00022750 0.55  0.430  -188.340619   24.0   3.018   3.037 |    0.000   0.000   0.000   0.000 |  -11.550  -7.027   1.595
  43B   0.00018776 0.63  0.430  -188.340620   24.0   3.018   3.037 |    0.000   0.000   0.000   0.000 |  -11.550  -7.027   1.405
  44B   0.00015058 0.71  0.430  -188.340621   24.0   3.018   3.037 |    0.000   0.000   0.000   0.000 |  -11.550  -7.027   1.426
  45B   0.00013033 0.80  0.430  -188.340621   24.0   3.018   3.037 |    0.000   0.000   0.000   0.000 |  -11.550  -7.027   1.421
  46B   0.00007262 0.90  0.430  -188.340625   24.0   3.018   3.037 |    0.000   0.000   0.000   0.000 |  -11.550  -7.027   1.322
  47B   0.00007236 1.00  0.430  -188.340626   24.0   3.018   3.037 |    0.000   0.000   0.000   0.000 |  -11.550  -7.027   1.365
  48B   0.00006892 1.00  0.430  -188.340627   24.0   3.018   3.037 |    0.000   0.000   0.000   0.000 |  -11.550  -7.027   1.034
  49B   0.00005682 1.00  0.430  -188.340627   24.0   3.018   3.037 |    0.000   0.000   0.000   0.000 |  -11.550  -7.027   1.483
  50B   0.00004718 1.00  0.430  -188.340626   24.0   3.018   3.037 |    0.000   0.000   0.000   0.000 |  -11.550  -7.027   1.321
  51B   0.00003673 1.00  0.430  -188.340626   24.0   3.018   3.037 |    0.000   0.000   0.000   0.000 |  -11.550  -7.027   1.418
  52B   0.00003152 1.00  0.430  -188.340626   24.0   3.018   3.037 |    0.000   0.000   0.000   0.000 |  -11.550  -7.027   1.364
  53B   0.00003194 0.10  0.430  -188.340626   24.0   3.018   3.037 |    0.000   0.000   0.000   0.000 |  -11.550  -7.027   1.330
  54B   0.00003123 0.11  0.430  -188.340626   24.0   3.018   3.037 |    0.000   0.000   0.000   0.000 |  -11.550  -7.027   1.220
  55B   0.00002070 0.13  0.430  -188.340626   24.0   3.018   3.037 |    0.000   0.000   0.000   0.000 |  -11.550  -7.027   1.526
  56B   0.00001205 0.14  0.430  -188.340625   24.0   3.018   3.037 |    0.000   0.000   0.000   0.000 |  -11.550  -7.027   1.364
  57B   0.00000500 0.16  0.430  -188.340625   24.0   3.018   3.037 |    0.000   0.000   0.000   0.000 |  -11.550  -7.027   1.463
  58B   0.00000981 0.10  0.430  -188.340625   24.0   3.018   3.037 |    0.000  -0.000   0.000  -0.000 |  -11.550  -7.027   1.386
  59B   0.00000761 0.11  0.430  -188.340625   24.0   3.018   3.037 |    0.000   0.000   0.000   0.000 |  -11.550  -7.027   1.508
  60B   0.00000643 0.13  0.430  -188.340625   24.0   3.018   3.037 |    0.000   0.000   0.000   0.000 |  -11.550  -7.027   1.581
  61B   0.00000517 0.14  0.430  -188.340625   24.0   3.018   3.037 |    0.000   0.000   0.000   0.000 |  -11.550  -7.027   1.013
  62B   0.00000436 0.16  0.430  -188.340625   24.0   3.018   3.037 |    0.000   0.000   0.000   0.000 |  -11.550  -7.027   1.372
  63B   0.00000413 0.18  0.430  -188.340625   24.0   3.018   3.037 |    0.000   0.000   0.000   0.000 |  -11.550  -7.027   1.474
  64B   0.00000354 0.21  0.430  -188.340625   24.0   3.018   3.037 |    0.000   0.000   0.000   0.000 |  -11.550  -7.027   1.439
  65B   0.00000335 0.24  0.430  -188.340625   24.0   3.018   3.037 |    0.000   0.000   0.000   0.000 |  -11.550  -7.027   1.073
  66B   0.00000067 0.27  0.430  -188.340625   24.0   3.018   3.037 |    0.000   0.000   0.000   0.000 |  -11.550  -7.027   1.527
  67B   0.00000055 0.30  0.430  -188.340625   24.0   3.018   3.037 |    0.000   0.000   0.000   0.000 |  -11.550  -7.027   1.406
  68B   0.00000068 0.10  0.430  -188.340625   24.0   3.018   3.037 |    0.000   0.000   0.000   0.000 |  -11.550  -7.027   1.462
  69B   0.00000041 0.11  0.430  -188.340625   24.0   3.018   3.037 |    0.000   0.000   0.000   0.000 |  -11.550  -7.027   1.434
  70B   0.00000037 0.13  0.430  -188.340625   24.0   3.018   3.037 |    0.000   0.000   0.000   0.000 |  -11.550  -7.027   1.514
  71B   0.00000035 0.14  0.430  -188.340625   24.0   3.018   3.037 |    0.000   0.000   0.000   0.000 |  -11.550  -7.027   1.571
  72B   0.00000017 0.16  0.430  -188.340625   24.0   3.018   3.037 |    0.000   0.000   0.000   0.000 |  -11.550  -7.027   1.561
  73B   0.00000018 0.10  0.430  -188.340625   24.0   3.018   3.037 |    0.000   0.000   0.000   0.000 |  -11.550  -7.027   1.650
  74B   0.00000008 0.11  0.430  -188.340625   24.0   3.018   3.037 |    0.000   0.000   0.000   0.000 |  -11.550  -7.027   1.022
  75B   0.00000009 0.10  0.430  -188.340625   24.0   3.018   3.037 |    0.000   0.000   0.000   0.000 |  -11.550  -7.027   1.493
  76B   0.00000004 0.11  0.430  -188.340625   24.0   3.018   3.037 |    0.000   0.000   0.000  -0.000 |  -11.550  -7.027   1.419
  77B   0.00000003 0.13  0.430  -188.340625   24.0   3.018   3.037 |    0.000   0.000   0.000  -0.000 |  -11.550  -7.027   1.463
  78B   0.00000003 0.14  0.430  -188.340625   24.0   3.018   3.037 |    0.000  -0.000   0.000   0.000 |  -11.550  -7.027   1.542
  79B   0.00000002 0.16  0.430  -188.340625   24.0   3.018   3.037 |    0.000  -0.000   0.000   0.000 |  -11.550  -7.027   1.256
  80B   0.00000002 0.18  0.430  -188.340625   24.0   3.018   3.037 |    0.000  -0.000   0.000  -0.000 |  -11.550  -7.027   0.878
  81B   0.00000002 0.21  0.430  -188.340625   24.0   3.018   3.037 |    0.000  -0.000   0.000  -0.000 |  -11.550  -7.027   1.396
  82B   0.00000001 0.24  0.430  -188.340625   24.0   3.018   3.037 |    0.000   0.000   0.000  -0.000 |  -11.550  -7.027   1.352
  83B   0.00000001 0.27  0.430  -188.340625   24.0   3.018   3.037 |    0.000  -0.000   0.000  -0.000 |  -11.550  -7.027   1.442
  84B   0.00000001 0.10  0.430  -188.340625   24.0   3.018   3.037 |    0.000   0.000   0.000  -0.000 |  -11.550  -7.027   1.149
  85B   0.00000001 0.11  0.430  -188.340625   24.0   3.018   3.037 |    0.000   0.000   0.000  -0.000 |  -11.550  -7.027   1.334
  86B   0.00000001 0.13  0.430  -188.340625   24.0   3.018   3.037 |    0.000   0.000   0.000  -0.000 |  -11.550  -7.027   1.136
  87B   0.00000001 0.14  0.430  -188.340625   24.0   3.018   3.037 |    0.000   0.000   0.000  -0.000 |  -11.550  -7.027   1.169
  88B   0.00000000 0.16  0.430  -188.340625   24.0   3.018   3.037 |    0.000  -0.000   0.000  -0.000 |  -11.550  -7.027   1.176
  89B   0.00000000 0.18  0.430  -188.340625   24.0   3.018   3.037 |    0.000   0.000   0.000  -0.000 |  -11.550  -7.027   1.445
  90B   0.00000000 0.21  0.430  -188.340625   24.0   3.018   3.037 |    0.000  -0.000   0.000  -0.000 |  -11.550  -7.027   1.358
  91B   0.00000000 0.10  0.430  -188.340625   24.0   3.018   3.037 |    0.000  -0.000   0.000  -0.000 |  -11.550  -7.027   1.537
  92B   0.00000000 0.11  0.430  -188.340625   24.0   3.018   3.037 |    0.000   0.000   0.000   0.000 |  -11.550  -7.027   0.982
  93B   0.00000000 0.10  0.430  -188.340625   24.0   3.018   3.037 |    0.000  -0.000   0.000  -0.000 |  -11.550  -7.027   1.513
  ----------------------------------------------------------------------------------------------------------------------------------
  *   iteration converged   after  93 steps   si=     0.0000000010 ho=  0 tho=  0
  ----------------------------------------------------------------------------------------------------------------------------------
  Total CPU time=   2.707 minutes

  Writing to wel_file: s012_012.hel
 __________________________________  
  The tape s012_012.hel recorded:     
  nucname,npr,ngh,ngl,n00,nb,nt      
  b0,beta0,si,etot,rms,bet,xmix      
  pairing:     CpV0,CpV1,pwi         
  delta:       del,ept               
  lambda:      ala,ala2,alast,tz     
  asymptotic:  varmas,ass,skass      
  ntx,nb,nhhdim,id,N_rz,n_r,n_z      
  Omega2,Sigma2,Parity,Lambda        
  matrices(inbro):    hh,de          
  *all blocking candidates           
 __________________________________  



 #quasiparticle energies neutrons
 --------------------------------
  eqp(k) -> q.p. energy 
  e(k)   -> referent s.p. energy 
  p(k)   -> occ.probability 
  del(k) -> referent s.p. gap 
  fermi energy alast=  -11.550291218903455     
  #k  block#    eqp(k)     e(k)       (1-2N)E      decay        p(k)        del(k)    overl      labels
   1    1     2.765772   -8.784519    2.765772    1.661821    0.00000000   0.0000   0.7808  1+[ 2, 1, 1]
   2    1     4.131656  -15.681948   -4.131656    1.739292    1.00000000   0.0000   0.8212  1+[ 2, 2, 0]
   3    1     5.583947   -5.966344    5.583947    1.818046    0.00000000   0.0000   0.8703  1+[ 2, 0, 0]
   4    1    17.825962    6.275670   17.825962    2.380513    0.00000000   0.0000   0.6733  1+[ 4, 4, 0]
   5    1    22.505937   10.955645   22.505937    2.563130    0.00000000   0.0000   0.5648  1+[ 4, 2, 0]
   6    1    22.621594  -34.171885  -22.621594    2.567479    1.00000000   0.0000   0.9700  1+[ 0, 0, 0]
   7    1    25.101285   13.550994   25.101285    2.659003    0.00000000   0.0000   0.4621  1+[ 4, 2, 0]
   8    1    26.315787   14.765496   26.315787    2.702698    0.00000000   0.0000   0.7040  1+[ 4, 0, 0]
   9    1    28.348204   16.797913   28.348204    2.774283    0.00000000   0.0000   0.6338  1+[ 4, 1, 1]
  10    1    41.691281   30.140990   41.691281    3.204777    0.00000000   0.0000   0.6029  1+[ 6, 6, 0]
  11    1    45.321295   33.771004   45.321295    3.312227    0.00000000   0.0000   0.5602  1+[ 6, 4, 0]
  12    1    46.780183   35.229892   46.780183    3.354441    0.00000000   0.0000   0.5852  1+[ 6, 2, 0]
  13    1    48.973383   37.423091   48.973383    3.416922    0.00000000   0.0000   0.3729  1+[ 4, 3, 1]
  14    1    50.812676   39.262385   50.812676    3.468453    0.00000000   0.0000   0.5811  1+[ 6, 1, 1]
  15    1    51.184167   39.633876   51.184167    3.478768    0.00000000   0.0000   0.5332  1+[ 6, 3, 1]
  16    1    52.236726   40.686435   52.236726    3.507830    0.00000000   0.0000   0.6044  1+[ 6, 0, 0]
  17    2     6.200825   -5.349466    6.200825    1.850484    0.00000000   0.0000   0.7669  1-[ 3, 3, 0]
  18    2     6.401465  -17.951756   -6.401465    1.860912    1.00000000   0.0000   0.9445  1-[ 1, 0, 1]
  19    2    12.164672    0.614380   12.164672    2.138866    0.00000000   0.0000   0.5977  1-[ 3, 2, 1]
  20    2    14.070202  -25.620494  -14.070202    2.223137    1.00000000   0.0000   0.9291  1-[ 1, 1, 0]
  21    2    15.750054    4.199762   15.750054    2.294862    0.00000000   0.0000   0.7013  1-[ 3, 1, 0]
  22    2    19.831143    8.280851   19.831143    2.460418    0.00000000   0.0000   0.8643  1-[ 3, 0, 1]
  23    2    30.719879   19.169588   30.719879    2.855548    0.00000000   0.0000   0.6452  1-[ 5, 5, 0]
  24    2    34.575321   23.025030   34.575321    2.982933    0.00000000   0.0000   0.6654  1-[ 5, 3, 0]
  25    2    37.612999   26.062708   37.612999    3.079590    0.00000000   0.0000   0.6634  1-[ 5, 1, 0]
  26    2    38.674245   27.123954   38.674245    3.112651    0.00000000   0.0000   0.5321  1-[ 5, 4, 1]
  27    2    40.791090   29.240799   40.791090    3.177569    0.00000000   0.0000   0.5045  1-[ 5, 0, 1]
  28    2    41.480335   29.930044   41.480335    3.198422    0.00000000   0.0000   0.5820  1-[ 5, 0, 1]
  29    2    62.849607   51.299315   62.849607    3.788424    0.00000000   0.0000   0.5716  1-[ 7, 6, 1]
  30    2    64.782524   53.232233   64.782524    3.837320    0.00000000   0.0000   0.6159  1-[ 7, 3, 0]
  31    2    68.328673   56.778382   68.328673    3.925443    0.00000000   0.0000   0.5190  1-[ 7, 5, 0]
  32    2    71.443588   59.893297   71.443588    4.001248    0.00000000   0.0000   0.5901  1-[ 7, 2, 1]
  33    3     1.379965  -12.930256   -1.379965    1.579341    1.00000000   0.0000   0.9284  3+[ 2, 1, 1]
  34    3     8.617898   -2.932393    8.617898    1.972449    0.00000000   0.0000   0.9246  3+[ 2, 0, 2]
  35    3    19.660493    8.110201   19.660493    2.453719    0.00000000   0.0000   0.7908  3+[ 4, 3, 1]
  36    3    25.502833   13.952542   25.502833    2.673529    0.00000000   0.0000   0.7584  3+[ 4, 1, 1]
  37    3    27.761366   16.211075   27.761366    2.753804    0.00000000   0.0000   0.6352  3+[ 4, 2, 2]
  38    3    29.602548   18.052257   29.602548    2.817555    0.00000000   0.0000   0.6892  3+[ 4, 0, 2]
  39    3    42.989063   31.438772   42.989063    3.243601    0.00000000   0.0000   0.6687  3+[ 6, 5, 1]
  40    3    47.034612   35.484320   47.034612    3.361749    0.00000000   0.0000   0.6403  3+[ 6, 3, 1]
  41    3    48.126302   36.576011   48.126302    3.392926    0.00000000   0.0000   0.6211  3+[ 6, 1, 1]
  42    3    51.066140   39.515849   51.066140    3.475494    0.00000000   0.0000   0.4982  3+[ 6, 2, 2]
  43    3    51.608221   40.057930   51.608221    3.490506    0.00000000   0.0000   0.5384  3+[ 6, 4, 2]
  44    3    54.520312   42.970021   54.520312    3.570069    0.00000000   0.0000   0.6198  3+[ 4, 0, 2]
  45    4     8.765995   -2.784296    8.765995    1.979678    0.00000000   0.0000   0.8580  3-[ 3, 2, 1]
  46    4    10.045741  -21.596033  -10.045741    2.041077    1.00000000   0.0000   0.9676  3-[ 1, 0, 1]
  47    4    17.736744    6.186453   17.736744    2.376896    0.00000000   0.0000   0.7257  3-[ 3, 1, 2]
  48    4    18.910891    7.360599   18.910891    2.424074    0.00000000   0.0000   0.7632  3-[ 3, 0, 1]
  49    4    32.129737   20.579445   32.129737    2.902778    0.00000000   0.0000   0.7573  3-[ 5, 4, 1]
  50    4    37.152043   25.601752   37.152043    3.065119    0.00000000   0.0000   0.7731  3-[ 5, 2, 1]
  51    4    39.649357   28.099066   39.649357    3.142722    0.00000000   0.0000   0.7803  3-[ 5, 0, 1]
  52    4    40.482797   28.932506   40.482797    3.168197    0.00000000   0.0000   0.6845  3-[ 5, 3, 2]
  53    4    42.156483   30.606191   42.156483    3.218748    0.00000000   0.0000   0.7623  3-[ 5, 1, 2]
  54    4    63.345048   51.794756   63.345048    3.801017    0.00000000   0.0000   0.7345  3-[ 7, 6, 1]
  55    4    64.962972   53.412681   64.962972    3.841853    0.00000000   0.0000   0.6359  3-[ 7, 2, 1]
  56    4    69.919441   58.369150   69.919441    3.964337    0.00000000   0.0000   0.5173  3-[ 7, 2, 1]
  57    5     2.600355   -8.949936    2.600355    1.652192    0.00000000   0.0000   0.9708  5+[ 2, 0, 2]
  58    5    22.315756   10.765465   22.315756    2.555964    0.00000000   0.0000   0.8705  5+[ 4, 2, 2]
  59    5    27.300247   15.749956   27.300247    2.737606    0.00000000   0.0000   0.8007  5+[ 4, 0, 2]
  60    5    30.656399   19.106108   30.656399    2.853403    0.00000000   0.0000   0.8153  5+[ 4, 1, 3]
  61    5    44.590771   33.040480   44.590771    3.290885    0.00000000   0.0000   0.6497  5+[ 6, 4, 2]
  62    5    47.689862   36.139571   47.689862    3.380497    0.00000000   0.0000   0.6814  5+[ 6, 2, 2]
  63    5    51.114227   39.563935   51.114227    3.476829    0.00000000   0.0000   0.6525  5+[ 6, 0, 2]
  64    5    52.291855   40.741564   52.291855    3.509346    0.00000000   0.0000   0.6682  5+[ 6, 1, 3]
  65    5    52.885993   41.335702   52.885993    3.525638    0.00000000   0.0000   0.6079  5+[ 6, 3, 3]
  66    6    12.012928    0.462637   12.012928    2.132012    0.00000000   0.0000   0.9416  5-[ 3, 1, 2]
  67    6    22.501281   10.950990   22.501281    2.562955    0.00000000   0.0000   0.8990  5-[ 3, 0, 3]
  68    6    34.240290   22.689999   34.240290    2.972080    0.00000000   0.0000   0.8344  5-[ 5, 3, 2]
  69    6    38.260625   26.710334   38.260625    3.099807    0.00000000   0.0000   0.8629  5-[ 5, 1, 2]
  70    6    42.623757   31.073466   42.623757    3.232720    0.00000000   0.0000   0.8124  5-[ 5, 2, 3]
  71    6    43.701854   32.151563   43.701854    3.264728    0.00000000   0.0000   0.7799  5-[ 5, 0, 3]
  72    6    64.181833   52.631542   64.181833    3.822192    0.00000000   0.0000   0.7804  5-[ 7, 5, 2]
  73    6    65.357965   53.807674   65.357965    3.851757    0.00000000   0.0000   0.7097  5-[ 7, 3, 2]
  74    6    71.384342   59.834051   71.384342    3.999819    0.00000000   0.0000   0.7578  5-[ 7, 1, 2]
  75    7    25.687430   14.137138   25.687430    2.680180    0.00000000   0.0000   0.9274  7+[ 4, 1, 3]
  76    7    33.543453   21.993162   33.543453    2.949379    0.00000000   0.0000   0.8164  7+[ 4, 0, 4]
  77    7    46.397256   34.846965   46.397256    3.343412    0.00000000   0.0000   0.6588  7+[ 6, 1, 3]
  78    7    48.819134   37.268842   48.819134    3.412565    0.00000000   0.0000   0.6871  7+[ 6, 3, 3]
  79    7    53.580565   42.030274   53.580565    3.544588    0.00000000   0.0000   0.7280  7+[ 6, 2, 4]
  80    7    55.148743   43.598452   55.148743    3.587007    0.00000000   0.0000   0.5531  7+[ 6, 0, 4]
  81    8    16.522043    4.971752   16.522043    2.327082    0.00000000   0.0000   0.9697  7-[ 3, 0, 3]
  82    8    37.100067   25.549775   37.100067    3.063483    0.00000000   0.0000   0.8734  7-[ 5, 2, 3]
  83    8    39.379936   27.829644   39.379936    3.134442    0.00000000   0.0000   0.8643  7-[ 5, 0, 3]
  84    8    44.804184   33.253893   44.804184    3.297134    0.00000000   0.0000   0.8753  7-[ 5, 1, 4]
  85    8    65.159206   53.608914   65.159206    3.846777    0.00000000   0.0000   0.7146  7-[ 7, 2, 3]
  86    8    66.181335   54.631044   66.181335    3.872321    0.00000000   0.0000   0.6941  7-[ 7, 4, 3]
  87    9    29.717948   18.167657   29.717948    2.821502    0.00000000   0.0000   0.9240  9+[ 4, 0, 4]
  88    9    48.601997   37.051706   48.601997    3.406422    0.00000000   0.0000   0.8102  9+[ 6, 0, 4]
  89    9    50.634058   39.083767   50.634058    3.463482    0.00000000   0.0000   0.8655  9+[ 6, 2, 4]
  90    9    55.171973   43.621682   55.171973    3.587631    0.00000000   0.0000   0.8511  9+[ 6, 1, 5]
  91   10    40.607748   29.057456   40.607748    3.171999    0.00000000   0.0000   0.9417  9-[ 5, 1, 4]
  92   10    47.381383   35.831092   47.381383    3.371684    0.00000000   0.0000   0.8838  9-[ 5, 0, 5]
  93   10    66.229068   54.678777   66.229068    3.873509    0.00000000   0.0000   0.9624  9-[ 7, 1, 4]
  94   10    67.655603   56.105312   67.655603    3.908870    0.00000000   0.0000   0.9093  9-[ 7, 3, 4]
  95   11    52.943708   41.393416   52.943708    3.527216    0.00000000   0.0000   0.9030 11+[ 6, 1, 5]
  96   11    56.757457   45.207166   56.757457    3.630007    0.00000000   0.0000   0.8520 11+[ 6, 0, 6]
  97   12    44.564920   33.014629   44.564920    3.290127    0.00000000   0.0000   0.9390 11-[ 5, 0, 5]
  98   12    68.137754   56.587462   68.137754    3.920749    0.00000000   0.0000   0.9257 11-[ 7, 0, 5]
  99   12    69.640269   58.089978   69.640269    3.957539    0.00000000   0.0000   0.9104 11-[ 7, 2, 5]
 100   13    55.427163   43.876871   55.427163    3.594486    0.00000000   0.0000   0.8853 13+[ 6, 0, 6]
 101   14    71.511165   59.960874   71.511165    4.002877    0.00000000   0.0000   0.9947 13-[ 7, 1, 6]
#all active are  101 q.p. states out of  165
#since the cut off is pwi=  60.0
#check: number of neutrons=  12.0


 #canonical s.p. energies neutrons
 ---------------------------------


  labels -> {2*omega}{parity}[nn=nz+2*nr+nl,nz,nl]
  cqpe   -> canonical q.p. energies
  ce     -> canonical s.p. energies
  fermi energy=  -11.550291218903455     
  average cdelt=   6.2368163552797568E-022
  k0      ceqp        ce         v*v       u*v        cdel     overl      labels
   1   -2.966121   -2.966121   0.00000000   0.00000000   0.0000   0.8520  1+[ 2, 1, 1]
   2   26.523178   26.523178   0.00000000   0.00000000  -0.0000   0.6625  1+[ 4, 3, 1]
   3   29.793488   29.793488   0.00000000   0.00000000  -0.0000   0.5269  1+[ 4, 2, 0]
   4   34.951949   34.951949   0.00000000   0.00000000  -0.0000   0.5675  1+[ 4, 1, 1]
   5   40.984163   40.984163   0.00000000   0.00000000  -0.0000   0.7183  1+[ 6, 4, 0]
   6   52.954098   52.954098   0.00000000   0.00000000  -0.0000   0.6826  1+[ 8, 8, 0]
   8   49.763581   49.763581   0.00000000   0.00000000  -0.0000   0.4129  1+[ 8, 1, 1]
   9   56.058003   56.058003   0.00000000   0.00000000  -0.0000   0.5769  1+[ 8, 3, 1]
  10   55.469213   55.469213   0.00000000   0.00000000  -0.0000   0.3714  1+[ 6, 1, 1]
  13   52.055262   52.055262   0.00000000   0.00000000  -0.0000   0.8808  1+[ 6, 1, 1]
  14   48.210995   48.210995   0.00000000   0.00000000  -0.0000   0.6143  1+[ 8, 5, 1]
  16   44.368332   44.368332   0.00000000   0.00000000  -0.0000   0.5055  1+[ 6, 3, 1]
  17   55.891035   55.891035   0.00000000   0.00000000  -0.0000   0.6518  1+[ 8, 6, 0]
  18   41.825393   41.825393   0.00000000   0.00000000  -0.0000   0.5160  1+[ 6, 3, 1]
  19   33.256720   33.256720   0.00000000   0.00000000  -0.0000   0.5782  1+[ 4, 1, 1]
  20   39.402553   39.402553   0.00000000   0.00000000  -0.0000   0.4734  1+[ 6, 5, 1]
  21    3.532366    3.532366   0.00000000   0.00000000  -0.0000   0.8673  1+[ 2, 0, 0]
  22   26.328834   26.328834   0.00000000   0.00000000  -0.0000   0.6823  1+[ 6, 6, 0]
  23   10.912551   10.912551   0.00000000   0.00000001  -0.0000   0.8131  1+[ 4, 4, 0]
  24    9.306803  -32.407385   1.00000000   0.00000000  -0.0000   0.8636  1+[ 0, 0, 0]
  25   -5.654135  -17.446448   1.00000000   0.00000000  -0.0000   0.7124  1+[ 2, 2, 0]
  26    3.618857    3.618857   0.00000000   0.00000000  -0.0000   0.7210  1-[ 3, 2, 1]
  27    9.913459    9.913459   0.00000000   0.00000000  -0.0000   0.6956  1-[ 3, 1, 0]
  28   27.946721   27.946721   0.00000000   0.00000000  -0.0000   0.8269  1-[ 5, 4, 1]
  29   32.219938   32.219938   0.00000000   0.00000000  -0.0000   0.5207  1-[ 5, 2, 1]
  30   36.325468   36.325468   0.00000000   0.00000000  -0.0000   0.7170  1-[ 5, 0, 1]
  31   49.272047   49.272047   0.00000000   0.00000000  -0.0000   0.5542  1-[ 5, 1, 0]
  32   48.060364   48.060364   0.00000000   0.00000000  -0.0000   0.6346  1-[ 5, 1, 0]
  33   50.332372   50.332372   0.00000000   0.00000000  -0.0000   0.6553  1-[ 7, 7, 0]
  34   54.928580   54.928580   0.00000000   0.00000000  -0.0000   0.8854  1-[ 7, 3, 0]
  35   49.731417   49.731417   0.00000000   0.00000000  -0.0000   0.5955  1-[ 7, 7, 0]
  36   52.215226   52.215226   0.00000000   0.00000000  -0.0000   0.9230  1-[ 7, 5, 0]
  37   49.091757   49.091757   0.00000000   0.00000000  -0.0000   0.6115  1-[ 7, 2, 1]
  38   53.400654   53.400654   0.00000000   0.00000000  -0.0000   0.5946  1-[ 7, 4, 1]
  39   36.755675   36.755675   0.00000000   0.00000000  -0.0000   0.6421  1-[ 7, 6, 1]
  40   33.624085   33.624085   0.00000000   0.00000000  -0.0000   0.5374  1-[ 7, 0, 1]
  41   23.183364   23.183364   0.00000000   0.00000000  -0.0000   0.8740  1-[ 5, 5, 0]
  42   12.810678   12.810678   0.00000000   0.00000000  -0.0000   0.6251  1-[ 3, 3, 0]
  43   13.452383   13.452383   0.00000000   0.00000001  -0.0000   0.5956  1-[ 3, 2, 1]
  44    1.596381  -24.696964   1.00000000   0.00000003  -0.0000   0.9368  1-[ 1, 1, 0]
  45   -4.225296  -18.875286   1.00000000   0.00000000  -0.0000   0.9503  1-[ 1, 0, 1]
  46   26.931960   26.931960   0.00000000   0.00000000  -0.0000   0.6407  3+[ 4, 1, 1]
  47   51.536633   51.536633   0.00000000   0.00000000  -0.0000   0.7749  3+[ 6, 3, 1]
  48   38.839749   38.839749   0.00000000   0.00000000  -0.0000   0.7534  3+[ 4, 2, 2]
  49   50.414871   50.414871   0.00000000   0.00000000  -0.0000   0.5931  3+[ 4, 0, 2]
  50   39.168210   39.168210   0.00000000   0.00000000  -0.0000   0.6263  3+[ 6, 1, 1]
  52   45.976669   45.976669   0.00000000   0.00000000  -0.0000   0.8627  3+[ 6, 4, 2]
  53   44.172588   44.172588   0.00000000   0.00000000  -0.0000   0.8578  3+[ 6, 2, 2]
  57   56.409941   56.409941   0.00000000   0.00000000  -0.0000   0.7269  3+[ 6, 0, 2]
  58   54.175224   54.175224   0.00000000   0.00000000  -0.0000   0.6871  3+[ 8, 0, 2]
  59   59.684889   59.684889   0.00000000   0.00000000  -0.0000   0.7145  3+[ 8, 3, 1]
  60   52.181757   52.181757   0.00000000   0.00000000  -0.0000   0.6901  3+[ 8, 7, 1]
  61   36.015030   36.015030   0.00000000   0.00000000  -0.0000   0.4742  3+[ 6, 5, 1]
  62   31.560699   31.560699   0.00000000   0.00000000  -0.0000   0.6445  3+[ 4, 1, 1]
  63   19.294932   19.294932   0.00000000   0.00000000  -0.0000   0.9111  3+[ 4, 3, 1]
  64   -0.375883   -0.375883   0.00000000   0.00000001  -0.0000   0.9825  3+[ 2, 0, 2]
  65  -10.170326  -12.930256   1.00000000   0.00000102  -0.0000   0.9284  3+[ 2, 1, 1]
  66   11.423416   11.423416   0.00000000   0.00000000  -0.0000   0.7204  3-[ 3, 1, 2]
  67   13.586989   13.586989   0.00000000   0.00000000  -0.0000   0.7369  3-[ 3, 2, 1]
  68   29.400433   29.400433   0.00000000   0.00000000  -0.0000   0.7824  3-[ 5, 2, 1]
  69   56.720599   56.720599   0.00000000   0.00000000  -0.0000   0.5754  3-[ 7, 2, 1]
  70   53.174605   53.174605   0.00000000   0.00000000  -0.0000   0.7257  3-[ 7, 4, 1]
  72   57.016605   57.016605   0.00000000   0.00000000  -0.0000   0.7991  3-[ 7, 3, 2]
  73   35.512357   35.512357   0.00000000   0.00000000  -0.0000   0.9613  3-[ 5, 0, 1]
  74   53.897987   53.897987   0.00000000   0.00000000  -0.0000   0.9798  3-[ 7, 5, 2]
  75   33.226176   33.226176   0.00000000   0.00000000  -0.0000   0.9370  3-[ 5, 3, 2]
  76   32.993820   32.993820   0.00000000   0.00000000  -0.0000   0.9386  3-[ 5, 1, 2]
  77   51.249824   51.249824   0.00000000   0.00000000  -0.0000   0.8055  3-[ 7, 6, 1]
  78   38.079808   38.079808   0.00000000   0.00000000  -0.0000   0.6522  3-[ 5, 4, 1]
  79   24.347986   24.347986   0.00000000   0.00000000  -0.0000   0.6528  3-[ 5, 4, 1]
  80   11.858192   11.858192   0.00000000   0.00000000  -0.0000   0.8658  3-[ 3, 0, 1]
  81   -1.504550  -21.596033   1.00000000   0.00000001  -0.0000   0.9676  3-[ 1, 0, 1]
  82   19.607285   19.607285   0.00000000   0.00000000  -0.0000   0.7535  5+[ 2, 0, 2]
  83   52.029671   52.029671   0.00000000   0.00000000  -0.0000   0.3976  5+[ 8, 2, 2]
  84   40.484672   40.484672   0.00000000   0.00000000  -0.0000   0.5905  5+[ 4, 0, 2]
  85   58.313286   58.313286   0.00000000   0.00000000  -0.0000   0.7301  5+[ 8, 3, 3]
  88   48.975870   48.975870   0.00000000   0.00000000  -0.0000   0.5814  5+[ 8, 2, 2]
  89   39.115932   39.115932   0.00000000   0.00000000  -0.0000   0.4902  5+[ 6, 0, 2]
  91   49.404978   49.404978   0.00000000   0.00000000  -0.0000   0.4406  5+[ 4, 2, 2]
  92   37.527405   37.527405   0.00000000   0.00000000  -0.0000   0.5946  5+[ 4, 1, 3]
  93   32.361182   32.361182   0.00000000   0.00000000  -0.0000   0.4741  5+[ 4, 1, 3]
  94   33.253783   33.253783   0.00000000   0.00000000  -0.0000   0.6304  5+[ 4, 2, 2]
  95   29.696503   29.696503   0.00000000   0.00000000  -0.0000   0.5458  5+[ 6, 2, 2]
  96   25.692253   25.692253   0.00000000   0.00000000  -0.0000   0.4418  5+[ 6, 4, 2]
  98   39.156271   39.156271   0.00000000   0.00000000  -0.0000   0.5764  5-[ 3, 0, 3]
 100   49.132441   49.132441   0.00000000   0.00000000   0.0000   0.6016  5-[ 5, 2, 3]
 101   47.470499   47.470499   0.00000000   0.00000000  -0.0000   0.5807  5-[ 7, 0, 3]
 102   32.147183   32.147183   0.00000000   0.00000000  -0.0000   0.5091  5-[ 5, 1, 2]
 103   44.388343   44.388343   0.00000000   0.00000000  -0.0000   0.5752  5-[ 5, 2, 3]
 104   51.627204   51.627204   0.00000000   0.00000000  -0.0000   0.5842  5-[ 7, 1, 2]
 105   28.726614   28.726614   0.00000000   0.00000000  -0.0000   0.4747  5-[ 5, 1, 2]
 106   18.439134   18.439134   0.00000000   0.00000000   0.0000   0.6559  5-[ 5, 3, 2]
 107   34.562649   34.562649   0.00000000   0.00000000  -0.0000   0.6826  5-[ 3, 0, 3]
 108   17.716123   17.716123   0.00000000   0.00000000  -0.0000   0.7845  5-[ 3, 1, 2]
 110   25.161006   25.161006   0.00000000   0.00000000  -0.0000   0.8077  7+[ 4, 1, 3]
 113   41.598478   41.598478   0.00000000   0.00000000  -0.0000   0.7307  7+[ 6, 3, 3]
 114   59.925418   59.925418   0.00000000   0.00000000   0.0000   0.5944  7+[ 8, 3, 3]
 116   43.766268   43.766268   0.00000000   0.00000000  -0.0000   0.7330  7+[ 4, 0, 4]
 117   56.869487   56.869487   0.00000000   0.00000000  -0.0000   0.8207  7+[ 6, 1, 3]
 118   55.588336   55.588336   0.00000000   0.00000000  -0.0000   0.5653  7+[ 8, 3, 3]
 120   41.133828   41.133828   0.00000000   0.00000000  -0.0000   0.7820  7+[ 6, 2, 4]
 121   36.141591   36.141591   0.00000000   0.00000000  -0.0000   0.5361  7+[ 4, 0, 4]
 122   57.436483   57.436483   0.00000000   0.00000000  -0.0000   0.7190  7-[ 7, 2, 3]
 123   51.592130   51.592130   0.00000000   0.00000000  -0.0000   0.7763  7-[ 7, 3, 4]
 124   18.843152   18.843152   0.00000000   0.00000000  -0.0000   0.7387  7-[ 3, 0, 3]
 125   36.312248   36.312248   0.00000000   0.00000000  -0.0000   0.7431  7-[ 5, 1, 4]
 126   40.061917   40.061917   0.00000000   0.00000000  -0.0000   0.7073  7-[ 5, 2, 3]
 128   58.815486   58.815486   0.00000000   0.00000000  -0.0000   0.7708  7-[ 7, 0, 3]
 129   41.638651   41.638651   0.00000000   0.00000000  -0.0000   0.7683  7-[ 7, 4, 3]
 130   21.656221   21.656221   0.00000000   0.00000000  -0.0000   0.5710  7-[ 3, 0, 3]
 131   25.822320   25.822320   0.00000000   0.00000000  -0.0000   0.9023  9+[ 4, 0, 4]
 132   39.214566   39.214566   0.00000000   0.00000000  -0.0000   0.5782  9+[ 6, 2, 4]
 135   50.702381   50.702381   0.00000000   0.00000000  -0.0000   0.5676  9+[ 6, 2, 4]
 136   48.367879   48.367879   0.00000000   0.00000000  -0.0000   0.7388  9+[ 6, 1, 5]
 140   55.350567   55.350567   0.00000000   0.00000000  -0.0000   0.9160  9-[ 7, 1, 4]
 142   53.313369   53.313369   0.00000000   0.00000000  -0.0000   0.9891  9-[ 7, 3, 4]
 143   47.026915   47.026915   0.00000000   0.00000000  -0.0000   0.8651  9-[ 7, 0, 5]
 144   34.228140   34.228140   0.00000000   0.00000000  -0.0000   0.9198  9-[ 5, 1, 4]
 145   55.016925   55.016925   0.00000000   0.00000000  -0.0000   0.7762  9-[ 5, 0, 5]
 149   54.778376   54.778376   0.00000000   0.00000000  -0.0000   0.8546 11+[ 6, 1, 5]
 150   58.417873   58.417873   0.00000000   0.00000000  -0.0000   0.9133 11+[ 8, 0, 6]
 153   58.516165   58.516165   0.00000000   0.00000000  -0.0000   0.7499 11-[ 7, 2, 5]
 154   50.456116   50.456116   0.00000000   0.00000000  -0.0000   0.7946 11-[ 7, 0, 5]
 155   39.500139   39.500139   0.00000000   0.00000000  -0.0000   0.8686 11-[ 5, 0, 5]
 159   56.696006   56.696006   0.00000000   0.00000000  -0.0000   0.8116 13+[ 6, 0, 6]
  Sum canonical e_v*V^2_k=  -255.90474412206947     


 #quasiparticle energies protons 
 --------------------------------
  eqp(k) -> q.p. energy 
  e(k)   -> referent s.p. energy 
  p(k)   -> occ.probability 
  del(k) -> referent s.p. gap 
  fermi energy alast=  -7.0267226589927674     
  #k  block#    eqp(k)     e(k)       (1-2N)E      decay        p(k)        del(k)    overl      labels
   1    1     2.737787   -4.288935    2.737787    1.372454    0.00000000   0.0000   0.7791  1+[ 2, 1, 1]
   2    1     4.075444  -11.102167   -4.075444    1.463445    1.00000000   0.0000   0.8164  1+[ 2, 2, 0]
   3    1     5.515718   -1.511005    5.515718    1.555476    0.00000000   0.0000   0.8649  1+[ 2, 0, 0]
   4    1    17.587841   10.561118   17.587841    2.179057    0.00000000   0.0000   0.6640  1+[ 4, 4, 0]
   5    1    22.030233   15.003511   22.030233    2.367541    0.00000000   0.0000   0.5655  1+[ 4, 2, 0]
   6    1    22.393001  -29.419724  -22.393001    2.382274    1.00000000   0.0000   0.9684  1+[ 0, 0, 0]
   7    1    24.484819   17.458097   24.484819    2.465513    0.00000000   0.0000   0.4273  1+[ 4, 2, 0]
   8    1    25.403148   18.376425   25.403148    2.501181    0.00000000   0.0000   0.6949  1+[ 4, 0, 0]
   9    1    27.573542   20.546820   27.573542    2.583522    0.00000000   0.0000   0.6148  1+[ 4, 1, 1]
  10    1    41.158710   34.131987   41.158710    3.048810    0.00000000   0.0000   0.5831  1+[ 6, 6, 0]
  11    1    44.869492   37.842769   44.869492    3.164028    0.00000000   0.0000   0.5345  1+[ 6, 4, 0]
  12    1    45.922929   38.896206   45.922929    3.195979    0.00000000   0.0000   0.5723  1+[ 6, 2, 0]
  13    1    48.507400   41.480678   48.507400    3.273048    0.00000000   0.0000   0.3927  1+[ 4, 3, 1]
  14    1    50.093209   43.066487   50.093209    3.319451    0.00000000   0.0000   0.5780  1+[ 6, 1, 1]
  15    1    50.467475   43.440752   50.467475    3.330308    0.00000000   0.0000   0.4362  1+[ 6, 3, 1]
  16    1    51.758751   44.732028   51.758751    3.367499    0.00000000   0.0000   0.5982  1+[ 4, 0, 0]
  17    2     6.183817   -0.842905    6.183817    1.596367    0.00000000   0.0000   0.7600  1-[ 3, 3, 0]
  18    2     6.289957  -13.316679   -6.289957    1.602767    1.00000000   0.0000   0.9424  1-[ 1, 0, 1]
  19    2    12.004181    4.977458   12.004181    1.916029    0.00000000   0.0000   0.5895  1-[ 3, 2, 1]
  20    2    13.940145  -20.966868  -13.940145    2.011126    1.00000000   0.0000   0.9271  1-[ 1, 1, 0]
  21    2    15.481822    8.455099   15.481822    2.083753    0.00000000   0.0000   0.6883  1-[ 3, 1, 0]
  22    2    19.261459   12.234737   19.261459    2.251919    0.00000000   0.0000   0.8475  1-[ 3, 0, 1]
  23    2    30.421492   23.394770   30.421492    2.687745    0.00000000   0.0000   0.6386  1-[ 5, 5, 0]
  24    2    34.143051   27.116329   34.143051    2.818134    0.00000000   0.0000   0.6617  1-[ 5, 3, 0]
  25    2    36.882070   29.855347   36.882070    2.910370    0.00000000   0.0000   0.6779  1-[ 5, 1, 0]
  26    2    38.240565   31.213842   38.240565    2.955049    0.00000000   0.0000   0.5291  1-[ 5, 4, 1]
  27    2    40.263753   33.237030   40.263753    3.020364    0.00000000   0.0000   0.5302  1-[ 5, 2, 1]
  28    2    40.763328   33.736605   40.763328    3.036275    0.00000000   0.0000   0.6326  1-[ 5, 0, 1]
  29    2    62.682359   55.655636   62.682359    3.667052    0.00000000   0.0000   0.5669  1-[ 7, 6, 1]
  30    2    64.121468   57.094745   64.121468    3.704711    0.00000000   0.0000   0.6183  1-[ 7, 3, 0]
  31    3     1.339155   -8.365877   -1.339155    1.270364    1.00000000   0.0000   0.9250  3+[ 2, 1, 1]
  32    3     8.506242    1.479519    8.506242    1.731010    0.00000000   0.0000   0.9170  3+[ 2, 0, 2]
  33    3    19.402407   12.375685   19.402407    2.257948    0.00000000   0.0000   0.7797  3+[ 4, 3, 1]
  34    3    24.757924   17.731201   24.757924    2.476174    0.00000000   0.0000   0.7571  3+[ 4, 1, 1]
  35    3    27.098520   20.071797   27.098520    2.565726    0.00000000   0.0000   0.6036  3+[ 4, 2, 2]
  36    3    28.677362   21.650640   28.677362    2.624408    0.00000000   0.0000   0.6501  3+[ 4, 0, 2]
  37    3    42.387645   35.360922   42.387645    3.087444    0.00000000   0.0000   0.6468  3+[ 6, 5, 1]
  38    3    46.202564   39.175841   46.202564    3.204408    0.00000000   0.0000   0.6124  3+[ 6, 3, 1]
  39    3    47.626549   40.599826   47.626549    3.246987    0.00000000   0.0000   0.5780  3+[ 6, 1, 1]
  40    3    50.362995   43.336272   50.362995    3.327281    0.00000000   0.0000   0.6161  3+[ 6, 2, 2]
  41    3    50.815525   43.788802   50.815525    3.340373    0.00000000   0.0000   0.6087  3+[ 6, 4, 2]
  42    3    54.037357   47.010634   54.037357    3.432143    0.00000000   0.0000   0.6359  3+[ 4, 0, 2]
  43    4     8.716282    1.689559    8.716282    1.742674    0.00000000   0.0000   0.8521  3-[ 3, 2, 1]
  44    4     9.880836  -16.907558   -9.880836    1.805980    1.00000000   0.0000   0.9654  3-[ 1, 0, 1]
  45    4    17.382034   10.355312   17.382034    2.169928    0.00000000   0.0000   0.6736  3-[ 3, 1, 2]
  46    4    18.448281   11.421558   18.448281    2.216816    0.00000000   0.0000   0.7052  3-[ 3, 0, 1]
  47    4    31.812800   24.786078   31.812800    2.737218    0.00000000   0.0000   0.7484  3-[ 5, 4, 1]
  48    4    36.482537   29.455814   36.482537    2.897099    0.00000000   0.0000   0.7661  3-[ 5, 2, 1]
  49    4    39.075185   32.048463   39.075185    2.982166    0.00000000   0.0000   0.7562  3-[ 5, 0, 1]
  50    4    40.012066   32.985344   40.012066    3.012316    0.00000000   0.0000   0.6745  3-[ 5, 3, 2]
  51    4    41.377635   34.350912   41.377635    3.055728    0.00000000   0.0000   0.7518  3-[ 5, 1, 2]
  52    4    63.155340   56.128617   63.155340    3.679472    0.00000000   0.0000   0.7262  3-[ 7, 6, 1]
  53    4    64.296407   57.269684   64.296407    3.709263    0.00000000   0.0000   0.6393  3-[ 7, 2, 1]
  54    5     2.657573   -4.369150    2.657573    1.366805    0.00000000   0.0000   0.9670  5+[ 2, 0, 2]
  55    5    22.001439   14.974717   22.001439    2.366368    0.00000000   0.0000   0.8582  5+[ 4, 2, 2]
  56    5    26.332348   19.305625   26.332348    2.536760    0.00000000   0.0000   0.7846  5+[ 4, 0, 2]
  57    5    29.917982   22.891260   29.917982    2.669614    0.00000000   0.0000   0.8019  5+[ 4, 1, 3]
  58    5    43.907362   36.880639   43.907362    3.134561    0.00000000   0.0000   0.6140  5+[ 6, 4, 2]
  59    5    46.851883   39.825161   46.851883    3.223893    0.00000000   0.0000   0.6588  5+[ 6, 2, 2]
  60    5    50.601140   43.574417   50.601140    3.334177    0.00000000   0.0000   0.6317  5+[ 6, 0, 2]
  61    5    51.366453   44.339731   51.366453    3.356244    0.00000000   0.0000   0.6210  5+[ 6, 1, 3]
  62    5    52.270343   45.243620   52.270343    3.382120    0.00000000   0.0000   0.5449  5+[ 6, 3, 3]
  63    6    11.917009    4.890286   11.917009    1.911636    0.00000000   0.0000   0.9371  5-[ 3, 1, 2]
  64    6    22.063284   15.036561   22.063284    2.368887    0.00000000   0.0000   0.8874  5-[ 3, 0, 3]
  65    6    33.861813   26.835090   33.861813    2.808492    0.00000000   0.0000   0.8228  5-[ 5, 3, 2]
  66    6    37.464984   30.438261   37.464984    2.929624    0.00000000   0.0000   0.8549  5-[ 5, 1, 2]
  67    6    42.004166   34.977443   42.004166    3.075440    0.00000000   0.0000   0.8069  5-[ 5, 2, 3]
  68    6    42.990241   35.963518   42.990241    3.106212    0.00000000   0.0000   0.7574  5-[ 5, 0, 3]
  69    6    63.948982   56.922259   63.948982    3.700218    0.00000000   0.0000   0.7574  5-[ 7, 5, 2]
  70    6    64.691566   57.664843   64.691566    3.719524    0.00000000   0.0000   0.6992  5-[ 7, 3, 2]
  71    7    25.262383   18.235660   25.262383    2.495746    0.00000000   0.0000   0.9174  7+[ 4, 1, 3]
  72    7    32.610619   25.583896   32.610619    2.765188    0.00000000   0.0000   0.7999  7+[ 4, 0, 4]
  73    7    45.633937   38.607214   45.633937    3.187246    0.00000000   0.0000   0.6753  7+[ 6, 1, 3]
  74    7    47.987358   40.960635   47.987358    3.257687    0.00000000   0.0000   0.7053  7+[ 6, 3, 3]
  75    7    52.581380   45.554657   52.581380    3.390979    0.00000000   0.0000   0.7347  7+[ 6, 2, 4]
  76    7    54.575506   47.548783   54.575506    3.447233    0.00000000   0.0000   0.5767  7+[ 4, 0, 4]
  77    8    16.376912    9.350189   16.376912    2.124781    0.00000000   0.0000   0.9640  7-[ 3, 0, 3]
  78    8    36.634004   29.607282   36.634004    2.902137    0.00000000   0.0000   0.8572  7-[ 5, 2, 3]
  79    8    38.538485   31.511762   38.538485    2.964757    0.00000000   0.0000   0.8495  7-[ 5, 0, 3]
  80    8    44.022706   36.995984   44.022706    3.138108    0.00000000   0.0000   0.8691  7-[ 5, 1, 4]
  81    8    64.785096   57.758374   64.785096    3.721949    0.00000000   0.0000   0.8053  7-[ 7, 2, 3]
  82    8    65.603340   58.576618   65.603340    3.743093    0.00000000   0.0000   0.7799  7-[ 7, 4, 3]
  83    9    29.109691   22.082968   29.109691    2.640249    0.00000000   0.0000   0.9097  9+[ 4, 0, 4]
  84    9    47.868911   40.842189   47.868911    3.254178    0.00000000   0.0000   0.8019  9+[ 6, 0, 4]
  85    9    49.757290   42.730567   49.757290    3.309676    0.00000000   0.0000   0.8631  9+[ 6, 2, 4]
  86    9    54.072797   47.046074   54.072797    3.433138    0.00000000   0.0000   0.8449  9+[ 6, 1, 5]
  87   10    39.999521   32.972799   39.999521    3.011914    0.00000000   0.0000   0.9357  9-[ 5, 1, 4]
  88   10    46.453547   39.426824   46.453547    3.211953    0.00000000   0.0000   0.8773  9-[ 5, 0, 5]
  89   10    65.753357   58.726634   65.753357    3.746957    0.00000000   0.0000   0.9696  9-[ 7, 1, 4]
  90   10    67.128418   60.101696   67.128418    3.782188    0.00000000   0.0000   0.9103  9-[ 7, 3, 4]
  91   11    51.928680   44.901958   51.928680    3.372362    0.00000000   0.0000   0.8955 11+[ 6, 1, 5]
  92   11    55.552479   48.525757   55.552479    3.474461    0.00000000   0.0000   0.8468 11+[ 6, 0, 6]
  93   12    43.780773   36.754050   43.780773    3.130663    0.00000000   0.0000   0.9313 11-[ 5, 0, 5]
  94   13    54.268178   47.241456   54.268178    3.438623    0.00000000   0.0000   0.8781 13+[ 6, 0, 6]
#all active are   94 q.p. states out of  165
#since the cut off is pwi=  60.0
#check: number of protons =  12.0


 #canonical s.p. energies protons 
 ---------------------------------


  labels -> {2*omega}{parity}[nn=nz+2*nr+nl,nz,nl]
  cqpe   -> canonical q.p. energies
  ce     -> canonical s.p. energies
  fermi energy=  -7.0267226589927674     
  average cdelt=  -5.3542841161964576E-021
  k0      ceqp        ce         v*v       u*v        cdel     overl      labels
   1   31.799090   31.799090   0.00000000   0.00000000  -0.0000   0.5332  1+[ 4, 3, 1]
   2   12.103249   12.103249   0.00000000   0.00000000  -0.0000   0.5130  1+[ 2, 1, 1]
   3   36.619209   36.619209   0.00000000   0.00000000  -0.0000   0.6403  1+[ 4, 2, 0]
   4   26.889868   26.889868   0.00000000   0.00000000   0.0000   0.6890  1+[ 6, 6, 0]
   5   36.454237   36.454237   0.00000000   0.00000000  -0.0000   0.7610  1+[ 6, 4, 0]
   6   57.429594   57.429594   0.00000000   0.00000000   0.0000   0.4311  1+[ 8, 0, 0]
   7   54.331882   54.331882   0.00000000   0.00000000   0.0000   0.5867  1+[ 6, 3, 1]
   8   50.244637   50.244637   0.00000000   0.00000000  -0.0000   0.6318  1+[ 6, 2, 0]
  12   53.241167   53.241167   0.00000000   0.00000000  -0.0000   0.8024  1+[ 6, 1, 1]
  13   57.293957   57.293957   0.00000000   0.00000000  -0.0000   0.5486  1+[ 6, 1, 1]
  14   55.694857   55.694857   0.00000000   0.00000000  -0.0000   0.4335  1+[ 8, 7, 1]
  18   55.372908   55.372908   0.00000000   0.00000000   0.0000   0.5956  1+[ 6, 5, 1]
  20   37.338289   37.338289   0.00000000   0.00000000  -0.0000   0.5429  1+[ 4, 2, 0]
  21   18.437243   18.437243   0.00000000   0.00000000  -0.0000   0.4391  1+[ 4, 1, 1]
  22   12.387038   12.387038   0.00000000   0.00000000   0.0000   0.7469  1+[ 4, 4, 0]
  23    1.167389    1.167389   0.00000000   0.00000001  -0.0000   0.6533  1+[ 2, 0, 0]
  24    4.910815  -18.964260   1.00000000   0.00000003  -0.0000   0.7656  1+[ 2, 2, 0]
  25    7.504185  -21.557630   1.00000000   0.00000000   0.0000   0.8594  1+[ 0, 0, 0]
  26   14.169900   14.169900   0.00000000   0.00000000   0.0000   0.7536  1-[ 3, 0, 1]
  27   14.116189   14.116189   0.00000000   0.00000000  -0.0000   0.5289  1-[ 3, 2, 1]
  28   19.865470   19.865470   0.00000000   0.00000000   0.0000   0.6907  1-[ 3, 1, 0]
  29   27.238178   27.238178   0.00000000   0.00000000  -0.0000   0.5496  1-[ 5, 5, 0]
  30   43.682015   43.682015   0.00000000   0.00000000  -0.0000   0.6477  1-[ 7, 0, 1]
  31   50.563432   50.563432   0.00000000   0.00000000  -0.0000   0.5119  1-[ 7, 6, 1]
  32   53.241210   53.241210   0.00000000   0.00000000   0.0000   0.5544  1-[ 7, 4, 1]
  33   54.872126   54.872126   0.00000000   0.00000000  -0.0000   0.7367  1-[ 7, 2, 1]
  34   42.736893   42.736893   0.00000000   0.00000000   0.0000   0.6579  1-[ 7, 7, 0]
  35   55.149140   55.149140   0.00000000   0.00000000  -0.0000   0.6762  1-[ 7, 5, 0]
  36   58.436340   58.436340   0.00000000   0.00000000  -0.0000   0.9868  1-[ 7, 3, 0]
  37   54.950051   54.950051   0.00000000   0.00000000  -0.0000   0.6746  1-[ 7, 1, 0]
  38   54.940376   54.940376   0.00000000   0.00000000  -0.0000   0.5429  1-[ 7, 6, 1]
  39   43.115673   43.115673   0.00000000   0.00000000  -0.0000   0.6345  1-[ 5, 3, 0]
  40   44.629454   44.629454   0.00000000   0.00000000   0.0000   0.6385  1-[ 5, 0, 1]
  41   37.305425   37.305425   0.00000000   0.00000000  -0.0000   0.5693  1-[ 5, 2, 1]
  42   33.539524   33.539524   0.00000000   0.00000000  -0.0000   0.5321  1-[ 5, 2, 1]
  43   10.062370   10.062370   0.00000000   0.00000001  -0.0000   0.7709  1-[ 3, 3, 0]
  44    6.634651  -20.688096   1.00000000   0.00000000  -0.0000   0.9456  1-[ 1, 1, 0]
  45   -0.457994  -13.595451   1.00000000   0.00000000   0.0000   0.9600  1-[ 1, 0, 1]
  46    4.104826    4.104826   0.00000000   0.00000000   0.0000   0.9814  3+[ 2, 0, 2]
  47   29.990157   29.990157   0.00000000   0.00000000  -0.0000   0.6390  3+[ 4, 1, 1]
  48   53.776162   53.776162   0.00000000   0.00000000  -0.0000   0.4614  3+[ 6, 1, 1]
  49   56.882301   56.882301   0.00000000   0.00000000  -0.0000   0.5207  3+[ 6, 3, 1]
  50   51.518690   51.518690   0.00000000   0.00000000  -0.0000   0.4622  3+[ 8, 3, 1]
  53   44.919420   44.919420   0.00000000   0.00000000  -0.0000   0.5571  3+[ 6, 0, 2]
  57   46.911570   46.911570   0.00000000   0.00000000   0.0000   0.5531  3+[ 6, 0, 2]
  58   57.814120   57.814120   0.00000000   0.00000000  -0.0000   0.5746  3+[ 6, 2, 2]
  59   56.653116   56.653116   0.00000000   0.00000000  -0.0000   0.5815  3+[ 8, 5, 1]
  60   52.023100   52.023100   0.00000000   0.00000000  -0.0000   0.5765  3+[ 4, 2, 2]
  61   45.417456   45.417456   0.00000000   0.00000000  -0.0000   0.5516  3+[ 4, 0, 2]
  62   47.752789   47.752789   0.00000000   0.00000000   0.0000   0.7235  3+[ 6, 3, 1]
  63   38.481665   38.481665   0.00000000   0.00000000  -0.0000   0.6829  3+[ 4, 1, 1]
  64   16.358649   16.358649   0.00000000   0.00000001  -0.0000   0.8865  3+[ 4, 3, 1]
  65   -5.687568   -8.365877   1.00000000   0.00000153  -0.0000   0.9250  3+[ 2, 1, 1]
  66   14.462468   14.462468   0.00000000   0.00000000  -0.0000   0.7101  3-[ 3, 0, 1]
  67   10.666177   10.666177   0.00000000   0.00000000   0.0000   0.8409  3-[ 3, 2, 1]
  68   36.623638   36.623638   0.00000000   0.00000000  -0.0000   0.7919  3-[ 5, 2, 1]
  69   57.727219   57.727219   0.00000000   0.00000000  -0.0000   0.7103  3-[ 7, 2, 1]
  70   50.259191   50.259191   0.00000000   0.00000000  -0.0000   0.7196  3-[ 7, 6, 1]
  71   58.493555   58.493555   0.00000000   0.00000000  -0.0000   0.8359  3-[ 7, 4, 1]
  73   57.997082   57.997082   0.00000000   0.00000000  -0.0000   0.8013  3-[ 7, 5, 2]
  74   58.050027   58.050027   0.00000000   0.00000000  -0.0000   0.6690  3-[ 7, 3, 2]
  75   38.548844   38.548844   0.00000000   0.00000000  -0.0000   0.9498  3-[ 5, 3, 2]
  76   42.127159   42.127159   0.00000000   0.00000000   0.0000   0.8862  3-[ 5, 1, 2]
  77   46.674328   46.674328   0.00000000   0.00000000   0.0000   0.6553  3-[ 5, 0, 1]
  78   42.533230   42.533230   0.00000000   0.00000000  -0.0000   0.7220  3-[ 7, 0, 1]
  79   31.719383   31.719383   0.00000000   0.00000000  -0.0000   0.7148  3-[ 5, 4, 1]
  80   16.647496   16.647496   0.00000000   0.00000000  -0.0000   0.8203  3-[ 3, 1, 2]
  81    2.854113  -16.907558   1.00000000   0.00000000   0.0000   0.9654  3-[ 1, 0, 1]
  82   50.293204   50.293204   0.00000000   0.00000000  -0.0000   0.4838  5+[ 8, 2, 2]
  84   50.071592   50.071592   0.00000000   0.00000000  -0.0000   0.7210  5+[ 6, 1, 3]
  86   49.383388   49.383388   0.00000000   0.00000000  -0.0000   0.6942  5+[ 8, 4, 2]
  87   46.728288   46.728288   0.00000000   0.00000000  -0.0000   0.6947  5+[ 6, 4, 2]
  89   33.317503   33.317503   0.00000000   0.00000000  -0.0000   0.6524  5+[ 4, 2, 2]
  91   40.290783   40.290783   0.00000000   0.00000000  -0.0000   0.5700  5+[ 6, 2, 2]
  93   40.515410   40.515410   0.00000000   0.00000000  -0.0000   0.5884  5+[ 4, 0, 2]
  94   35.087171   35.087171   0.00000000   0.00000000  -0.0000   0.4356  5+[ 4, 0, 2]
  95   36.687162   36.687162   0.00000000   0.00000000   0.0000   0.7099  5+[ 4, 1, 3]
  96    5.303141    5.303141   0.00000000   0.00000000   0.0000   0.9034  5+[ 2, 0, 2]
  98   51.818363   51.818363   0.00000000   0.00000000  -0.0000   0.5156  5-[ 7, 1, 2]
 100   48.891557   48.891557   0.00000000   0.00000000  -0.0000   0.7729  5-[ 5, 1, 2]
 101   50.683610   50.683610   0.00000000   0.00000000  -0.0000   0.5806  5-[ 7, 1, 2]
 103   19.745268   19.745268   0.00000000   0.00000000   0.0000   0.7647  5-[ 3, 0, 3]
 104   34.927813   34.927813   0.00000000   0.00000000  -0.0000   0.5796  5-[ 3, 1, 2]
 105   44.889880   44.889880   0.00000000   0.00000000  -0.0000   0.6775  5-[ 7, 3, 2]
 106   46.000583   46.000583   0.00000000   0.00000000  -0.0000   0.5382  5-[ 5, 3, 2]
 107   16.124847   16.124847   0.00000000   0.00000000  -0.0000   0.6957  5-[ 3, 1, 2]
 108   47.065386   47.065386   0.00000000   0.00000000   0.0000   0.5421  5-[ 7, 4, 3]
 109   47.092356   47.092356   0.00000000   0.00000000   0.0000   0.6001  5-[ 7, 5, 2]
 110   51.042253   51.042253   0.00000000   0.00000000   0.0000   0.6387  7+[ 4, 0, 4]
 115   50.116404   50.116404   0.00000000   0.00000000  -0.0000   0.8022  7+[ 6, 1, 3]
 116   46.097681   46.097681   0.00000000   0.00000000  -0.0000   0.4714  7+[ 8, 3, 3]
 117   42.756960   42.756960   0.00000000   0.00000000   0.0000   0.4916  7+[ 8, 0, 4]
 118   53.893053   53.893053   0.00000000   0.00000000   0.0000   0.5149  7+[ 4, 1, 3]
 119   42.946346   42.946346   0.00000000   0.00000000  -0.0000   0.6197  7+[ 6, 3, 3]
 120   46.094334   46.094334   0.00000000   0.00000000  -0.0000   0.7073  7+[ 4, 1, 3]
 121   56.309222   56.309222   0.00000000   0.00000000   0.0000   0.5804  7+[ 8, 5, 3]
 122   46.707594   46.707594   0.00000000   0.00000000  -0.0000   0.5700  7-[ 7, 3, 4]
 124   50.933589   50.933589   0.00000000   0.00000000  -0.0000   0.6411  7-[ 7, 3, 4]
 125   38.117141   38.117141   0.00000000   0.00000000   0.0000   0.7613  7-[ 5, 0, 3]
 126   35.037858   35.037858   0.00000000   0.00000000  -0.0000   0.6609  7-[ 3, 0, 3]
 127   57.897400   57.897400   0.00000000   0.00000000  -0.0000   0.6663  7-[ 7, 2, 3]
 128   37.814893   37.814893   0.00000000   0.00000000  -0.0000   0.8283  7-[ 5, 1, 4]
 130   37.970398   37.970398   0.00000000   0.00000000  -0.0000   0.5955  7-[ 3, 0, 3]
 131   50.478221   50.478221   0.00000000   0.00000000  -0.0000   0.6959  9+[ 6, 1, 5]
 134   54.901974   54.901974   0.00000000   0.00000000  -0.0000   0.5230  9+[ 8, 3, 5]
 135   28.565524   28.565524   0.00000000   0.00000000   0.0000   0.9289  9+[ 4, 0, 4]
 137   51.729918   51.729918   0.00000000   0.00000000   0.0000   0.5769  9+[ 6, 0, 4]
 140   58.829092   58.829092   0.00000000   0.00000000  -0.0000   0.9720  9-[ 7, 1, 4]
 142   38.344040   38.344040   0.00000000   0.00000000   0.0000   0.9727  9-[ 5, 1, 4]
 143   57.031863   57.031863   0.00000000   0.00000000  -0.0000   0.9101  9-[ 7, 3, 4]
 144   46.549659   46.549659   0.00000000   0.00000000   0.0000   0.7550  9-[ 7, 0, 5]
 149   57.429861   57.429861   0.00000000   0.00000000   0.0000   0.8834 11+[ 6, 1, 5]
 151   56.957268   56.957268   0.00000000   0.00000000   0.0000   0.7983 11+[ 8, 0, 6]
 154   43.980115   43.980115   0.00000000   0.00000000   0.0000   0.6526 11-[ 7, 0, 5]
 155   58.286420   58.286420   0.00000000   0.00000000   0.0000   0.7249 11-[ 7, 2, 5]
  Sum canonical e_v*V^2_k=  -200.15774729055832     

  NB! From expect (UNPROJECTED RESULTS)

  pairing: CpV0,CpV1,...           0.100000       0.100000       1.000000       1.000000
  forces:   UNE1                          


                             neutrons         protons         total
  Requested part.numbs.      12.000000      12.000000      24.000000
  UnPj(av) part.numbs .      12.000000      12.000000      24.000000
  b0, bz, bp ..........       1.559284       1.564210       1.556827

  lambda (ala) ........     -11.550291      -7.026723
  Lambda (alast) ......     -11.550291      -7.026723
  delta(n,p), pwi .....       0.000000      -0.000000      60.000000
  pairing energy ......       0.000000       0.000000       0.000000

  rms-radius ..........       3.018340       3.037340       3.027855
  charge-radius, r0 ...                      3.140929       3.461399
  deformation beta2....       0.429072       0.429996       0.429537
  dipole moment[fm] ...       0.000000       0.000000       0.000000
  quadrupole moment[b]        0.591777       0.600541       1.192317
  octupole moment .....       0.000000       0.000000       0.000000
  hexadecapole moment .       0.006534       0.006603       0.013137
  q5 ..................       0.000000       0.000000       0.000000
  q6 ..................       0.000146       0.000143       0.000290
  q7 ..................       0.000000       0.000000       0.000000
  q8 ..................      -0.000002      -0.000002      -0.000004

  <r^0> [fm^0] ........            1.000000            1.000000            1.000000
  <r^2> [fm^2] ........            9.110373            9.225435            9.167904
  <r^4> [fm^4] ........          121.765616          125.124081          123.444849
  <r^6> [fm^6] ........         2105.690423         2199.427961         2152.559192
  <r^8> [fm^8] ........        44269.461102        47043.543641        45656.502372

  kinetic energy ......     201.243752     198.807376     400.051128
  volume energy .......                                  -654.324029
        rho_tau .......                                    -1.728253
        rho_rho .......                                  -652.595776
  surface energy ......                                    53.076953
   rho_DELTA_rho ......                                    53.076953
   (NABLA_rho)^2 ......                                     0.000000
  spin-orbit energy ...                                   -15.788347
        rho_NABLA_J ...                                   -15.788347
        NABLA_rho_J ...                                     0.000000
  coulomb energy ......                                    28.643671
          direct ......                                    33.065001
          exchange ....                                    -4.421330
  tensor energy .......                                     0.000000
  direct Hartree E  ...                                     0.000000
  Extra E .............                                     0.000000
  External field E ....                                     0.000000
  Entropy .............       0.000000       0.000000       0.000000

  tEnergy: ehfb (qp)...                                  -188.340625

  Calculated but not added corrections 
====================================
  cmc-diagonal part ...       0.000000       0.000000       0.000000
  cmc-hfb .............       0.000000       0.000000       0.000000
  cranking rot corr ...       0.000000       0.000000       0.000000

  SQUJ ................       0.000000       0.000000       0.000000
  CRAN x 4 ............       0.000000       0.000000       0.000000
  Rigit Body ..........       0.000000       0.000000       0.000000


   Blocking candidates are:
   neutron eqpmin=   1.3799652458625360       pwiblo=   5.1031036307982882     
    num=   1 block=   3 state=   1    33 Eqp=   1.37996525  (1-2N)E=  -1.37996525  Ovlp=   0.92836996  3+[ 2, 1, 1]
    num=   2 block=   5 state=   1    57 Eqp=   2.60035526  (1-2N)E=   2.60035526  Ovlp=   0.97076558  5+[ 2, 0, 2]
    num=   3 block=   1 state=   1     1 Eqp=   2.76577234  (1-2N)E=   2.76577234  Ovlp=   0.78078220  1+[ 2, 1, 1]
    num=   4 block=   1 state=   2     2 Eqp=   4.13165640  (1-2N)E=  -4.13165640  Ovlp=   0.82124599  1+[ 2, 2, 0]
    num=   5 block=   1 state=   3     3 Eqp=   5.58394691  (1-2N)E=   5.58394691  Ovlp=   0.87027996  1+[ 2, 0, 0]
    num=   6 block=   2 state=   1    17 Eqp=   6.20082506  (1-2N)E=   6.20082506  Ovlp=   0.76688143  1-[ 3, 3, 0]
    num=   7 block=   2 state=   2    18 Eqp=   6.40146518  (1-2N)E=  -6.40146518  Ovlp=   0.94449049  1-[ 1, 0, 1]

   Blocking candidates are:
   proton  eqpmin=   1.3391546094178040       pwiblo=   5.1031036307982882     
    num=   1 block=   3 state=   1    31 Eqp=   1.33915461  (1-2N)E=  -1.33915461  Ovlp=   0.92501000  3+[ 2, 1, 1]
    num=   2 block=   5 state=   1    54 Eqp=   2.65757252  (1-2N)E=   2.65757252  Ovlp=   0.96697048  5+[ 2, 0, 2]
    num=   3 block=   1 state=   1     1 Eqp=   2.73778728  (1-2N)E=   2.73778728  Ovlp=   0.77905257  1+[ 2, 1, 1]
    num=   4 block=   1 state=   2     2 Eqp=   4.07544432  (1-2N)E=  -4.07544432  Ovlp=   0.81642849  1+[ 2, 2, 0]
    num=   5 block=   1 state=   3     3 Eqp=   5.51571774  (1-2N)E=   5.51571774  Ovlp=   0.86486922  1+[ 2, 0, 0]
    num=   6 block=   2 state=   1    17 Eqp=   6.18381733  (1-2N)E=   6.18381733  Ovlp=   0.76004086  1-[ 3, 3, 0]
    num=   7 block=   2 state=   2    18 Eqp=   6.28995656  (1-2N)E=  -6.28995656  Ovlp=   0.94235399  1-[ 1, 0, 1]


