No Skyrme interaction defined in routine skforce()
Multi-threading framework with OpenMP: 1 threads/task

  =======================================
           FORTRAN 95 CODE (KIND= 8) 
               Version: 200d  
  =======================================
       AXIALLY DEFORMED CONFIGURATIONAL  
     HARTREE-FOCK-BOGOLIUBOV CALCULATIONS
                     WITH                
            UNEDF AND DELTA PAIRING      
                     USING               
             HARMONIC-OSCILLATOR         
                   AND/OR                
       TRANSFORMED HARMONIC-OSCILLATOR   
                    BASIS                
                     ---                 
               v1.66  (2005):,           
   Stoitsov,Dobaczewski,Nazarewicz,Ring, 
               v2.00d (2012):,           
         Stoitsov,Schunck,Kortelainen    
  =======================================
    Nucleus: MG (A=  24, N= 12, Z= 12)
       Reflection Symmetry Imposed       
            ( 9/13/2022, 22:40)                               
  =======================================


  ---------------------------------------
           UNEDF Module Version:17
         M.Kortelainen & M.Stoitsov 
  ---------------------------------------

  UNE1 functional
  ----------------------------------
  Crho(0)=   -779.373008720865300    ; Crho(1)=    287.722131583286796    
  CDrho(0)=   891.477890442349690    ; CDrho(1)=  -200.587774317884879    
  Ctau(0)=  -0.989915057807676746    ; Ctau(1)=   -33.6320970701835549    
  CrDr(0)=   -43.7173652788054454    ; CrDr(1)=   -166.813479920008291    
  CrdJ(0)=   -65.5546547770726846    ; CrdJ(1)=   -30.6473836995387927    
  CJ(0)=      0.00000000000000000    ; CJ(1)=      0.00000000000000000    
  CpV0(0)=   0.100000000000000006    ; CpV0(1)=   0.100000000000000006    
  CpV1(0)=    1.00000000000000000    ; CpV1(1)=    1.00000000000000000    
  sigma=     0.270018011502707600    ; hbzero=     20.7355300000000007    
  e^2 chrg=   1.43997840859651305    ; CExPar=     1.00000000000000000    
  c.m. correction: F, chr. density in direct Coul: F
  use tensor terms: F
  use TMR pairing:  0

  Coupling constants in natural units
  -----------------------------------
  Crho_nu(0)=  -0.877667471343921757    ; Crho_nu(1)=   0.324009624211695935    
  CDrho_nu(0)=  0.941450913381434273    ; CDrho_nu(1)= -0.211831998717341041    
  Ctau_nu(0)=  -0.140321584905665799E-01; Ctau_nu(1)=  -0.476738799694694126    
  CrDr_nu(0)=  -0.619698623173558061    ; CrDr_nu(1)=   -2.36460004334560736    
  CrdJ_nu(0)=  -0.929244684552497091    ; CrdJ_nu(1)=  -0.434430148325601173    
  CJ_nu(0)=      0.00000000000000000    ; CJ_nu(1)=      0.00000000000000000    
  CpV0_nu(0)=   0.112611992142809880E-03; CpV0_nu(1)=   0.112611992142809880E-03
  CpV1_nu(0)=   0.887702254206059068E-03; CpV1_nu(1)=   0.887702254206059068E-03
  fpi_nu=        93.0000000000000000    ; Lambda_nu=     700.000000000000000    

  Nuclear matter properties
  ----------------------------------
      E_NM=     -15.8000000000000149      K_NM=     220.0000000000000284
      P_NM=      -0.0000000000000032    RHO_NM=       0.1587067693325870
    ASS_NM=      28.9867890577721070   LASS_NM=      40.0047904804136323
  SMASS_NM=       0.9924233322833640  VMASS_NM=       1.2498385742322700

  Associated (t,x)-coupling constants
  -----------------------------------
  t0=      -2078.32802325564080    ; x0=       0.537569206858470316E-01
  t1=       231.839394743218804    ; x1=       -5.96604103510223549    
  t2=       1811.28162065669699    ; x2=       -1.34818418310023369    
  t3=       14263.6462470775950    ; x3=      -0.162491168089956339    
  b4=       34.9072710775338919    ; b4p=       61.2947673990775854    
  te=      -540.454680061430281    ; to=       -224.566234878734633    
  sigma=   0.270018011502707600    ; hbzero=    20.7355300000000007    

  ---------------------------------------
        Characteristics of the run       
  ---------------------------------------
  Output file ................:     7
  Nucleus ....................:   MG  24
  Number of HO shells ........:     8
  HO length b0 (fm) ..........:     1.55928400372611
  Basis deformation ..........:  beta0=   0.010 q=   1.010
  HO: b0,1/b0,bp,bz,q ........:   0.15592840E+01  0.64131999E+00  0.15568270E+01  0.15642096E+01  0.10095067E+01
  h**2/(2m), cmc, e**2 .......:   0.20735530E+02  0.20735530E+02  0.14399784E+01
  hom=f*41.0_pr*A^{-1/3}, f...:   0.17056687E+02  0.12000000E+01
  THO basis is ...............:  OFF
  Maximal number of iterations:   400
  Initial mixing parameter ...:  0.300
  Initial w.f. ...............:  from   spherical scratch
  Skyrme functional ..........:    UNE1                          
    with direct and exchange Coulomb
  Lipkin-Nogami procedure is .:  OFF
  PAV procedure is ...........:  OFF
  Constraint calculation is ..:   ON
    Constraint 1 .............: lambda=2 Ql=   2.285
  Temperature T ..............:   0.05 MeV
  Restart indicator ..........:   1
  Broyden mixing (#iterations):   7

  ---------------------------------------
        Harmonic Oscillator Basis        
  ---------------------------------------
  NUV, NQP:                        2501     165
  Comparison with bookkeeping spherical basis:
  n00:                                8       8  Maximal number of shells
  nbx, 2*n00+1:                      17      17  Maximal number of K-blocks
  ntx, (n00+1)*(n00+2)*(n00+3)/6    165     165  Max.num. p/n levels
  nzx, n00:                           8       8  Maximal nz-quantum number
  nrx, n00/2  :                       4       4  Maximal nr-quantum number
  nlx, n00:                           8       8  Maximal ml-quantum number
  ndx, (n00+2)*(n00+2)/4:            25      25  Maximal dim. of one k-block

  Actual basis used
  Number of blocks: nb .......:   17
  Number of levels: nt .......:  165
  Maximal 2*omega : nom ......:   17
  Maximal nz:       nzm ......:    8
  Maximal nr:       nrm ......:    4
  Maximal ml:       nlm ......:    8
  Maximal N=nz+2*nr+nl .......:    8
  2 x biggest block dim. .....:   50
  Non-zero elements of h .....:     1333
  Number of Broyden elements .:     5332

  ---------------------------------------
            Integration Meshes           
  ---------------------------------------
  Number of Gauss-Hermite mesh points ngh ....:  40
  Number of Gauss-Laguerre mesh points ngl ...:  40
  Number of Gauss-Legendre mesh points nleg ..:  80
  Integration boundaries
    Hermite  - from xh(1)  =  0.12379686 to xh(ngh)   = 11.88786356
    Laguerre - From xl(1)  =  0.03570039 to xl(ngl)   =142.28004447
    Legendre - From xleg(1)=  0.00978669 to xleg(nleg)=  0.99988775
  Max.dev.in:     Orthogonality            Normalization
  Hermite     1.5248282503475657E-015   1.0991207943789050E-014
  Laguerre    4.2896485016951012E-015   8.9928064994637680E-015

  Scratch initialization for the nucleus: MG  12  12


  Initial potentials of Saxon-Woods shape 
  v0ws   =  -71.27999878
  kappa  =    0.46160001
  vs0    =   11.11750031   11.11750031
  r0     =    1.23339999    1.23339999
  a      =    0.61500001    0.61500001
  r0-so  =    1.14429998    1.14429998
  a-so   =    0.64760000    0.64760000
  beta00 =    0.01000000

  ### REGULAR STAGE (reflection symmetry imposed)
  |HFB+HO> iterations(b0=  1.559, Nsh=  8, inin=  1, N= 12, Z= 12)...
  ----------------------------------------------------------------------------------------------------------------------------------
  i          si     mix   beta      Etot       A       rn      rp         En      Dn      Ep      Dp        Ln      Lp     time
  ----------------------------------------------------------------------------------------------------------------------------------
   1L  73.90480883 0.30  0.010     0.000000    0.0   0.000   0.000 |   -2.000   1.000  -2.000   1.000 |   -7.000  -7.000   0.000
   2B  94.70061788 0.10  0.009   -65.054606   24.0   2.625   2.625 |    0.000  -0.000   0.000  -0.000 |  -17.169 -17.169  39.797
   3B  12.26645785 0.11  0.713  -143.338270   24.0   3.419   3.510 |    0.000  -0.000   0.000  -0.000 |  -14.310 -11.172   1.146
   4B  31.12077178 0.10  1.089  -111.605383   24.0   4.079   3.986 |    0.000  -0.000   0.000  -0.000 |  -20.941 -16.245   1.257
   5B  38.74059955 0.10  1.098  -124.821933   24.0   4.096   4.148 |    0.000  -0.000   0.000  -0.000 |  -19.211 -15.530   1.073
   6B  37.38088781 0.11  1.079  -121.682838   24.0   4.098   4.043 |    0.000  -0.000   0.000  -0.000 |  -18.316 -13.537   0.863
   7B  34.68996065 0.13  1.045  -127.133629   24.0   4.008   3.954 |    0.000  -0.000   0.000  -0.000 |  -15.888 -11.584   1.344
   8B  26.83906149 0.14  0.956  -143.568070   24.0   3.752   3.816 |    0.000  -0.000   0.000  -0.000 |  -13.147  -9.436   1.633
   9B  10.82497219 0.16  0.809  -165.318895   24.0   3.481   3.581 |    0.000  -0.000   0.000  -0.000 |  -12.035  -7.915   1.572
  10B   5.95155181 0.18  0.745  -171.302764   24.0   3.449   3.374 |    0.000  -0.000   0.000  -0.000 |  -12.490  -8.220   1.538
  11B   3.97004499 0.21  0.706  -177.013850   24.0   3.339   3.341 |    0.000  -0.000   0.000  -0.000 |  -13.016  -8.588   1.163
  12B   2.46531396 0.24  0.687  -179.351370   24.0   3.293   3.320 |    0.000  -0.000   0.000  -0.000 |  -13.049  -8.695   1.422
  13B   2.15180954 0.27  0.669  -180.900586   24.0   3.262   3.289 |    0.000  -0.000   0.000  -0.000 |  -13.069  -8.744   1.515
  14B   1.49790162 0.30  0.676  -180.646667   24.0   3.279   3.287 |    0.000  -0.000   0.000  -0.000 |  -13.127  -8.860   1.446
  15B   0.75517109 0.34  0.684  -180.178416   24.0   3.287   3.300 |    0.000  -0.000   0.000  -0.000 |  -13.235  -8.860   0.968
  16B   0.99151588 0.10  0.682  -180.290773   24.0   3.282   3.299 |    0.000  -0.000   0.000  -0.000 |  -13.266  -8.884   1.049
  17B   1.14869522 0.10  0.680  -180.420907   24.0   3.275   3.300 |    0.000  -0.000   0.000  -0.000 |  -13.288  -8.964   0.898
  18B   0.85219818 0.11  0.683  -180.263944   24.0   3.282   3.300 |    0.000  -0.000   0.000  -0.000 |  -13.336  -8.964   1.578
  19B   0.44519633 0.13  0.688  -179.979179   24.0   3.290   3.304 |    0.000  -0.000   0.000  -0.000 |  -13.395  -9.026   1.679
  20B   0.43131510 0.14  0.691  -179.819570   24.0   3.289   3.310 |    0.000  -0.000   0.000  -0.000 |  -13.395  -9.026   1.631
  21B   0.26264048 0.16  0.695  -179.616386   24.0   3.293   3.315 |    0.000   0.000   0.000   0.000 |  -13.395  -9.026   1.468
  22B   0.18492382 0.18  0.694  -179.630916   24.0   3.295   3.313 |    0.000  -0.000   0.000  -0.000 |  -13.395  -9.026   1.386
  23B   0.14051012 0.21  0.694  -179.660603   24.0   3.294   3.312 |    0.000  -0.000   0.000  -0.000 |  -13.395  -9.026   1.319
  24B   0.11655941 0.24  0.694  -179.672798   24.0   3.294   3.312 |    0.000  -0.000   0.000  -0.000 |  -13.395  -9.026   1.363
  25B   0.08842933 0.27  0.693  -179.693774   24.0   3.293   3.312 |    0.000  -0.000   0.000  -0.000 |  -13.395  -9.026   0.791
  26B   0.06200098 0.30  0.693  -179.710530   24.0   3.293   3.312 |    0.000  -0.000   0.000  -0.000 |  -13.395  -9.026   1.285
  27B   0.06156603 0.34  0.693  -179.723471   24.0   3.293   3.311 |    0.000  -0.000   0.000  -0.000 |  -13.395  -9.026   1.535
  28B   0.03070592 0.38  0.693  -179.747603   24.0   3.292   3.310 |    0.000  -0.000   0.000  -0.000 |  -13.395  -9.026   1.040
  29B   0.02226492 0.43  0.693  -179.747791   24.0   3.292   3.311 |    0.000  -0.000   0.000  -0.000 |  -13.395  -9.026   1.475
  30B   0.01553541 0.49  0.692  -179.759434   24.0   3.292   3.310 |    0.000  -0.000   0.000  -0.000 |  -13.395  -9.026   1.403
  31B   0.01728302 0.10  0.692  -179.762091   24.0   3.292   3.310 |    0.000  -0.000   0.000  -0.000 |  -13.395  -9.026   1.250
  32B   0.01240742 0.11  0.692  -179.759144   24.0   3.292   3.310 |    0.000  -0.000   0.000  -0.000 |  -13.395  -9.026   1.399
  33B   0.01505323 0.10  0.692  -179.757505   24.0   3.292   3.310 |    0.000  -0.000   0.000  -0.000 |  -13.395  -9.026   0.978
  34B   0.01427330 0.11  0.692  -179.757535   24.0   3.292   3.310 |    0.000  -0.000   0.000  -0.000 |  -13.395  -9.026   1.527
  35B   0.00924230 0.13  0.692  -179.757022   24.0   3.292   3.310 |    0.000  -0.000   0.000  -0.000 |  -13.395  -9.026   1.453
  36B   0.00945744 0.10  0.692  -179.754828   24.0   3.292   3.310 |    0.000  -0.000   0.000  -0.000 |  -13.395  -9.026   1.529
  37B   0.00499695 0.11  0.693  -179.753009   24.0   3.292   3.310 |    0.000  -0.000   0.000  -0.000 |  -13.395  -9.026   1.541
  38B   0.00537187 0.10  0.693  -179.751328   24.0   3.292   3.310 |    0.000  -0.000   0.000  -0.000 |  -13.395  -9.026   1.450
  39B   0.00246455 0.11  0.693  -179.749443   24.0   3.292   3.310 |    0.000  -0.000   0.000  -0.000 |  -13.395  -9.026   1.432
  40B   0.00352720 0.10  0.693  -179.748757   24.0   3.292   3.310 |    0.000  -0.000   0.000  -0.000 |  -13.395  -9.026   1.423
  41B   0.00317798 0.11  0.693  -179.748950   24.0   3.292   3.310 |    0.000  -0.000   0.000  -0.000 |  -13.395  -9.026   1.621
  42B   0.00258255 0.13  0.693  -179.749348   24.0   3.292   3.310 |    0.000  -0.000   0.000  -0.000 |  -13.395  -9.026   1.674
  43B   0.00189782 0.14  0.693  -179.749793   24.0   3.292   3.310 |    0.000  -0.000   0.000  -0.000 |  -13.395  -9.026   1.351
  44B   0.00165569 0.16  0.693  -179.749968   24.0   3.292   3.310 |    0.000  -0.000   0.000  -0.000 |  -13.395  -9.026   0.796
  45B   0.00124466 0.18  0.693  -179.750546   24.0   3.292   3.310 |    0.000  -0.000   0.000  -0.000 |  -13.395  -9.026   1.472
  46B   0.00132545 0.10  0.693  -179.750488   24.0   3.292   3.310 |    0.000  -0.000   0.000  -0.000 |  -13.395  -9.026   1.342
  47B   0.00082080 0.11  0.693  -179.750999   24.0   3.292   3.310 |    0.000  -0.000   0.000  -0.000 |  -13.395  -9.026   1.370
  48B   0.00046211 0.13  0.693  -179.751298   24.0   3.292   3.310 |    0.000  -0.000   0.000  -0.000 |  -13.395  -9.026   1.389
  49B   0.00055123 0.10  0.693  -179.751386   24.0   3.292   3.310 |    0.000  -0.000   0.000  -0.000 |  -13.395  -9.026   1.022
  50B   0.00047352 0.11  0.693  -179.751335   24.0   3.292   3.310 |    0.000  -0.000   0.000  -0.000 |  -13.395  -9.026   1.496
  51B   0.00033238 0.13  0.693  -179.751239   24.0   3.292   3.310 |    0.000  -0.000   0.000  -0.000 |  -13.395  -9.026   1.490
  52B   0.00040078 0.10  0.693  -179.751185   24.0   3.292   3.310 |    0.000  -0.000   0.000  -0.000 |  -13.395  -9.026   1.457
  53B   0.00038995 0.11  0.693  -179.751139   24.0   3.292   3.310 |    0.000  -0.000   0.000  -0.000 |  -13.395  -9.026   1.611
  54B   0.00017972 0.13  0.693  -179.751027   24.0   3.292   3.310 |    0.000  -0.000   0.000  -0.000 |  -13.395  -9.026   1.445
  55B   0.00027130 0.10  0.693  -179.751032   24.0   3.292   3.310 |    0.000  -0.000   0.000  -0.000 |  -13.395  -9.026   1.404
  56B   0.00011721 0.11  0.693  -179.750946   24.0   3.292   3.310 |    0.000  -0.000   0.000  -0.000 |  -13.395  -9.026   1.038
  57B   0.00011296 0.13  0.693  -179.750953   24.0   3.292   3.310 |    0.000  -0.000   0.000  -0.000 |  -13.395  -9.026   1.495
  58B   0.00011385 0.10  0.693  -179.750952   24.0   3.292   3.310 |    0.000  -0.000   0.000  -0.000 |  -13.395  -9.026   1.451
  59B   0.00009038 0.11  0.693  -179.750967   24.0   3.292   3.310 |    0.000  -0.000   0.000  -0.000 |  -13.395  -9.026   1.413
  60B   0.00006038 0.13  0.693  -179.750987   24.0   3.292   3.310 |    0.000  -0.000   0.000  -0.000 |  -13.395  -9.026   1.426
  61B   0.00005485 0.14  0.693  -179.750997   24.0   3.292   3.310 |    0.000  -0.000   0.000  -0.000 |  -13.395  -9.026   1.349
  62B   0.00004347 0.16  0.693  -179.751016   24.0   3.292   3.310 |    0.000  -0.000   0.000  -0.000 |  -13.395  -9.026   1.358
  63B   0.00004469 0.10  0.693  -179.751028   24.0   3.292   3.310 |    0.000  -0.000   0.000  -0.000 |  -13.395  -9.026   1.490
  64B   0.00003092 0.11  0.693  -179.751029   24.0   3.292   3.310 |    0.000  -0.000   0.000  -0.000 |  -13.395  -9.026   1.310
  65B   0.00002533 0.13  0.693  -179.751039   24.0   3.292   3.310 |    0.000  -0.000   0.000  -0.000 |  -13.395  -9.026   1.279
  66B   0.00001964 0.14  0.693  -179.751034   24.0   3.292   3.310 |    0.000  -0.000   0.000  -0.000 |  -13.395  -9.026   1.327
  67B   0.00001703 0.16  0.693  -179.751037   24.0   3.292   3.310 |    0.000  -0.000   0.000  -0.000 |  -13.395  -9.026   1.514
  68B   0.00001360 0.18  0.693  -179.751034   24.0   3.292   3.310 |    0.000  -0.000   0.000  -0.000 |  -13.395  -9.026   1.390
  69B   0.00000853 0.21  0.693  -179.751031   24.0   3.292   3.310 |    0.000  -0.000   0.000  -0.000 |  -13.395  -9.026   1.128
  70B   0.00001002 0.10  0.693  -179.751029   24.0   3.292   3.310 |    0.000  -0.000   0.000  -0.000 |  -13.395  -9.026   1.387
  71B   0.00000664 0.11  0.693  -179.751025   24.0   3.292   3.310 |    0.000   0.000   0.000   0.000 |  -13.395  -9.026   1.445
  72B   0.00000617 0.13  0.693  -179.751024   24.0   3.292   3.310 |    0.000   0.000   0.000   0.000 |  -13.395  -9.026   1.310
  73B   0.00000567 0.14  0.693  -179.751022   24.0   3.292   3.310 |    0.000   0.000   0.000   0.000 |  -13.395  -9.026   1.469
  74B   0.00000455 0.16  0.693  -179.751023   24.0   3.292   3.310 |    0.000  -0.000   0.000  -0.000 |  -13.395  -9.026   1.488
  75B   0.00000475 0.10  0.693  -179.751022   24.0   3.292   3.310 |    0.000  -0.000   0.000  -0.000 |  -13.395  -9.026   1.441
  76B   0.00000386 0.11  0.693  -179.751023   24.0   3.292   3.310 |    0.000  -0.000   0.000  -0.000 |  -13.395  -9.026   1.510
  77B   0.00000335 0.13  0.693  -179.751023   24.0   3.292   3.310 |    0.000  -0.000   0.000  -0.000 |  -13.395  -9.026   1.519
  78B   0.00000288 0.14  0.693  -179.751024   24.0   3.292   3.310 |    0.000  -0.000   0.000  -0.000 |  -13.395  -9.026   1.507
  79B   0.00000221 0.16  0.693  -179.751024   24.0   3.292   3.310 |    0.000  -0.000   0.000  -0.000 |  -13.395  -9.026   1.405
  80B   0.00000155 0.18  0.693  -179.751025   24.0   3.292   3.310 |    0.000  -0.000   0.000  -0.000 |  -13.395  -9.026   1.491
  81B   0.00000134 0.21  0.693  -179.751026   24.0   3.292   3.310 |    0.000   0.000   0.000   0.000 |  -13.395  -9.026   1.555
  82B   0.00000083 0.24  0.693  -179.751026   24.0   3.292   3.310 |    0.000  -0.000   0.000  -0.000 |  -13.395  -9.026   1.290
  83B   0.00000098 0.10  0.693  -179.751026   24.0   3.292   3.310 |    0.000   0.000   0.000   0.000 |  -13.395  -9.026   1.346
  84B   0.00000092 0.11  0.693  -179.751026   24.0   3.292   3.310 |    0.000   0.000   0.000   0.000 |  -13.395  -9.026   0.921
  85B   0.00000086 0.13  0.693  -179.751026   24.0   3.292   3.310 |    0.000   0.000   0.000   0.000 |  -13.395  -9.026   1.350
  86B   0.00000049 0.14  0.693  -179.751026   24.0   3.292   3.310 |    0.000   0.000   0.000   0.000 |  -13.395  -9.026   1.063
  87B   0.00000041 0.16  0.693  -179.751026   24.0   3.292   3.310 |    0.000   0.000   0.000   0.000 |  -13.395  -9.026   1.298
  88B   0.00000039 0.18  0.693  -179.751026   24.0   3.292   3.310 |    0.000   0.000   0.000   0.000 |  -13.395  -9.026   1.064
  89B   0.00000036 0.21  0.693  -179.751026   24.0   3.292   3.310 |    0.000   0.000   0.000   0.000 |  -13.395  -9.026   0.880
  90B   0.00000019 0.24  0.693  -179.751026   24.0   3.292   3.310 |    0.000   0.000   0.000   0.000 |  -13.395  -9.026   1.510
  91B   0.00000015 0.27  0.693  -179.751025   24.0   3.292   3.310 |    0.000   0.000   0.000  -0.000 |  -13.395  -9.026   1.443
  92B   0.00000018 0.10  0.693  -179.751025   24.0   3.292   3.310 |    0.000   0.000   0.000   0.000 |  -13.395  -9.026   1.646
  93B   0.00000016 0.11  0.693  -179.751025   24.0   3.292   3.310 |    0.000  -0.000   0.000  -0.000 |  -13.395  -9.026   1.442
  94B   0.00000013 0.13  0.693  -179.751025   24.0   3.292   3.310 |    0.000  -0.000   0.000  -0.000 |  -13.395  -9.026   1.402
  95B   0.00000010 0.14  0.693  -179.751025   24.0   3.292   3.310 |    0.000  -0.000   0.000   0.000 |  -13.395  -9.026   1.351
  96B   0.00000007 0.16  0.693  -179.751025   24.0   3.292   3.310 |    0.000  -0.000   0.000  -0.000 |  -13.395  -9.026   1.225
  97B   0.00000003 0.18  0.693  -179.751025   24.0   3.292   3.310 |    0.000  -0.000   0.000   0.000 |  -13.395  -9.026   1.443
  98B   0.00000006 0.10  0.693  -179.751025   24.0   3.292   3.310 |    0.000  -0.000   0.000   0.000 |  -13.395  -9.026   1.367
  99B   0.00000004 0.11  0.693  -179.751026   24.0   3.292   3.310 |    0.000  -0.000   0.000  -0.000 |  -13.395  -9.026   1.357
 100B   0.00000003 0.13  0.693  -179.751026   24.0   3.292   3.310 |    0.000   0.000   0.000  -0.000 |  -13.395  -9.026   0.908
 101B   0.00000002 0.14  0.693  -179.751026   24.0   3.292   3.310 |    0.000   0.000   0.000   0.000 |  -13.395  -9.026   1.237
 102B   0.00000002 0.16  0.693  -179.751026   24.0   3.292   3.310 |    0.000  -0.000   0.000  -0.000 |  -13.395  -9.026   1.344
 103B   0.00000002 0.18  0.693  -179.751026   24.0   3.292   3.310 |    0.000  -0.000   0.000  -0.000 |  -13.395  -9.026   0.920
 104B   0.00000001 0.21  0.693  -179.751026   24.0   3.292   3.310 |    0.000   0.000   0.000  -0.000 |  -13.395  -9.026   1.214
 105B   0.00000001 0.24  0.693  -179.751026   24.0   3.292   3.310 |    0.000  -0.000   0.000  -0.000 |  -13.395  -9.026   0.829
 106B   0.00000001 0.27  0.693  -179.751026   24.0   3.292   3.310 |    0.000   0.000   0.000  -0.000 |  -13.395  -9.026   1.344
 107B   0.00000001 0.10  0.693  -179.751026   24.0   3.292   3.310 |    0.000   0.000   0.000   0.000 |  -13.395  -9.026   1.323
 108B   0.00000001 0.11  0.693  -179.751026   24.0   3.292   3.310 |    0.000   0.000   0.000   0.000 |  -13.395  -9.026   1.229
 109B   0.00000001 0.10  0.693  -179.751026   24.0   3.292   3.310 |    0.000   0.000   0.000   0.000 |  -13.395  -9.026   1.585
 110B   0.00000001 0.11  0.693  -179.751026   24.0   3.292   3.310 |    0.000   0.000   0.000   0.000 |  -13.395  -9.026   1.033
 111B   0.00000000 0.13  0.693  -179.751026   24.0   3.292   3.310 |    0.000  -0.000   0.000  -0.000 |  -13.395  -9.026   0.872
 112B   0.00000000 0.10  0.693  -179.751026   24.0   3.292   3.310 |    0.000  -0.000   0.000  -0.000 |  -13.395  -9.026   0.928
 113B   0.00000000 0.11  0.693  -179.751026   24.0   3.292   3.310 |    0.000   0.000   0.000   0.000 |  -13.395  -9.026   1.429
 114B   0.00000000 0.13  0.693  -179.751026   24.0   3.292   3.310 |    0.000  -0.000   0.000  -0.000 |  -13.395  -9.026   1.411
 115B   0.00000000 0.14  0.693  -179.751026   24.0   3.292   3.310 |    0.000  -0.000   0.000  -0.000 |  -13.395  -9.026   1.333
 116B   0.00000000 0.16  0.693  -179.751026   24.0   3.292   3.310 |    0.000  -0.000   0.000  -0.000 |  -13.395  -9.026   0.925
 117B   0.00000000 0.10  0.693  -179.751026   24.0   3.292   3.310 |    0.000   0.000   0.000   0.000 |  -13.395  -9.026   4.349
 118B   0.00000000 0.11  0.693  -179.751026   24.0   3.292   3.310 |    0.000   0.000   0.000  -0.000 |  -13.395  -9.026   0.923
 119B   0.00000000 0.13  0.693  -179.751026   24.0   3.292   3.310 |    0.000  -0.000   0.000  -0.000 |  -13.395  -9.026   0.890
 120B   0.00000000 0.14  0.693  -179.751026   24.0   3.292   3.310 |    0.000  -0.000   0.000   0.000 |  -13.395  -9.026   1.332
 121B   0.00000000 0.10  0.693  -179.751026   24.0   3.292   3.310 |    0.000  -0.000   0.000  -0.000 |  -13.395  -9.026   3.941
 122B   0.00000000 0.11  0.693  -179.751026   24.0   3.292   3.310 |    0.000   0.000   0.000  -0.000 |  -13.395  -9.026   3.811
  ----------------------------------------------------------------------------------------------------------------------------------
  *   iteration converged   after 122 steps   si=     0.0000000007 ho=  0 tho=  0
  ----------------------------------------------------------------------------------------------------------------------------------
  Total CPU time=   3.504 minutes

  Writing to wel_file: s012_012.hel
 __________________________________  
  The tape s012_012.hel recorded:     
  nucname,npr,ngh,ngl,n00,nb,nt      
  b0,beta0,si,etot,rms,bet,xmix      
  pairing:     CpV0,CpV1,pwi         
  delta:       del,ept               
  lambda:      ala,ala2,alast,tz     
  asymptotic:  varmas,ass,skass      
  ntx,nb,nhhdim,id,N_rz,n_r,n_z      
  Omega2,Sigma2,Parity,Lambda        
  matrices(inbro):    hh,de          
  *all blocking candidates           
 __________________________________  


  NB! From expect (UNPROJECTED RESULTS)

  pairing: CpV0,CpV1,...           0.100000       0.100000       1.000000       1.000000
  forces:   UNE1                          


                             neutrons         protons         total
  Requested part.numbs.      12.000000      12.000000      24.000000
  UnPj(av) part.numbs .      12.000000      12.000000      24.000000
  b0, bz, bp ..........       1.559284       1.564210       1.556827

  lambda (ala) ........     -13.395165      -9.025511
  Lambda (alast) ......     -13.395165      -9.025511
  delta(n,p), pwi .....       0.000000      -0.000000      60.000000
  pairing energy ......       0.000000       0.000000       0.000000

  rms-radius ..........       3.292133       3.310412       3.301285
  charge-radius, r0 ...                      3.405705       3.461399
  deformation beta2....       0.692327       0.692770       0.692550
  dipole moment[fm] ...       0.000000       0.000000       0.000000
  quadrupole moment[b]        1.135945       1.149330       2.285275
  octupole moment .....       0.000000       0.000000       0.000000
  hexadecapole moment .       0.028966       0.029269       0.058235
  q5 ..................       0.000000       0.000000       0.000000
  q6 ..................       0.001785       0.001775       0.003559
  q7 ..................       0.000000       0.000000       0.000000
  q8 ..................       0.000044       0.000040       0.000084

  <r^0> [fm^0] ........            1.000000            1.000000            1.000000
  <r^2> [fm^2] ........           10.838141           10.958828           10.898484
  <r^4> [fm^4] ........          175.219164          179.054305          177.136734
  <r^6> [fm^6] ........         3628.105880         3743.686424         3685.896152
  <r^8> [fm^8] ........        89471.478375        93130.080675        91300.779525

  kinetic energy ......     192.096097     190.223052     382.319149
  volume energy .......                                  -626.827739
        rho_tau .......                                    -1.496331
        rho_rho .......                                  -625.331409
  surface energy ......                                    50.735804
   rho_DELTA_rho ......                                    50.735804
   (NABLA_rho)^2 ......                                     0.000000
  spin-orbit energy ...                                   -13.045585
        rho_NABLA_J ...                                   -13.045585
        NABLA_rho_J ...                                     0.000000
  coulomb energy ......                                    27.067346
          direct ......                                    31.374729
          exchange ....                                    -4.307383
  tensor energy .......                                     0.000000
  direct Hartree E  ...                                     0.000000
  Extra E .............                                     0.000000
  External field E ....                                     0.000000
  Entropy .............       0.000000       0.000000       0.000000

  tEnergy: ehfb (qp)...                                  -179.751026

  Calculated but not added corrections 
====================================
  cmc-diagonal part ...       0.000000       0.000000       0.000000
  cmc-hfb .............       0.000000       0.000000       0.000000
  cranking rot corr ...       0.000000       0.000000       0.000000

  SQUJ ................       0.000000       0.000000       0.000000
  CRAN x 4 ............       0.000000       0.000000       0.000000
  Rigit Body ..........       0.000000       0.000000       0.000000


   Blocking candidates are:
   neutron eqpmin=   1.2838602918928359       pwiblo=   5.1031036307982882     
    num=   1 block=   3 state=   1    33 Eqp=   1.28386029  (1-2N)E=  -1.28386029  Ovlp=   0.85545756  3+[ 2, 1, 1]
    num=   2 block=   2 state=   1    17 Eqp=   1.70690350  (1-2N)E=   1.70690350  Ovlp=   0.60295198  1-[ 3, 3, 0]
    num=   3 block=   1 state=   1     1 Eqp=   2.65994548  (1-2N)E=   2.65994548  Ovlp=   0.80820084  1+[ 2, 1, 1]
    num=   4 block=   2 state=   2    18 Eqp=   2.97212060  (1-2N)E=  -2.97212060  Ovlp=   0.88511538  1-[ 1, 0, 1]

   Blocking candidates are:
   proton  eqpmin=   1.2852785068366330       pwiblo=   5.1031036307982882     
    num=   1 block=   3 state=   1    31 Eqp=   1.28527851  (1-2N)E=  -1.28527851  Ovlp=   0.85119152  3+[ 2, 1, 1]
    num=   2 block=   2 state=   1    17 Eqp=   1.76362234  (1-2N)E=   1.76362234  Ovlp=   0.59548808  1-[ 3, 3, 0]
    num=   3 block=   1 state=   1     1 Eqp=   2.59879449  (1-2N)E=   2.59879449  Ovlp=   0.80308435  1+[ 2, 1, 1]
    num=   4 block=   2 state=   2    18 Eqp=   2.92079930  (1-2N)E=  -2.92079930  Ovlp=   0.88130258  1-[ 1, 0, 1]
    num=   5 block=   4 state=   1    43 Eqp=   6.34186774  (1-2N)E=  -6.34186774  Ovlp=   0.91163740  3-[ 1, 0, 1]



 HFBTHO_SOLVER ended without errors

