
  =======================================
           FORTRAN 95 CODE (KIND= 8) 
               Version: 200d  
  =======================================
       AXIALLY DEFORMED CONFIGURATIONAL  
     HARTREE-FOCK-BOGOLIUBOV CALCULATIONS
                     WITH                
            UNEDF AND DELTA PAIRING      
                     USING               
             HARMONIC-OSCILLATOR         
                   AND/OR                
       TRANSFORMED HARMONIC-OSCILLATOR   
                    BASIS                
                     ---                 
               v1.66  (2005):,           
   Stoitsov,Dobaczewski,Nazarewicz,Ring, 
               v2.00d (2012):,           
         Stoitsov,Schunck,Kortelainen    
  =======================================
    Nucleus: MG (A=  24, N= 12, Z= 12)
       Reflection Symmetry Imposed       
            ( 7/14/2023, 21:41)                               
  =======================================


  ---------------------------------------
           UNEDF Module Version:17
         M.Kortelainen & M.Stoitsov 
  ---------------------------------------

  UNE1 functional
  ----------------------------------
  Crho(0)=   -779.373008720865300    ; Crho(1)=    287.722131583286796    
  CDrho(0)=   891.477890442349690    ; CDrho(1)=  -200.587774317884879    
  Ctau(0)=  -0.989915057807676746    ; Ctau(1)=   -33.6320970701835549    
  CrDr(0)=   -45.1351310222373030    ; CrDr(1)=   -145.382167908056999    
  CrdJ(0)=   -74.0263331764599002    ; CrdJ(1)=   -35.6582611147916992    
  CJ(0)=      0.00000000000000000    ; CJ(1)=      0.00000000000000000    
  CpV0(0)=   0.100000000000000006    ; CpV0(1)=   0.100000000000000006    
  CpV1(0)=    1.00000000000000000    ; CpV1(1)=    1.00000000000000000    
  sigma=     0.270018011502707600    ; hbzero=     20.7355300000000007    
  e^2 chrg=   1.43997840859651305    ; CExPar=     1.00000000000000000    
  c.m. correction: F, chr. density in direct Coul: F
  use tensor terms: F
  use TMR pairing:  0

  Coupling constants in natural units
  -----------------------------------
  Crho_nu(0)=  -0.877667471343921757    ; Crho_nu(1)=   0.324009624211695935    
  CDrho_nu(0)=  0.941450913381434273    ; CDrho_nu(1)= -0.211831998717341041    
  Ctau_nu(0)=  -0.140321584905665799E-01; Ctau_nu(1)=  -0.476738799694694126    
  CrDr_nu(0)=  -0.639795613776358740    ; CrDr_nu(1)=   -2.06080875899188509    
  CrdJ_nu(0)=   -1.04933168903203322    ; CrdJ_nu(1)=  -0.505459905387130815    
  CJ_nu(0)=      0.00000000000000000    ; CJ_nu(1)=      0.00000000000000000    
  CpV0_nu(0)=   0.112611992142809880E-03; CpV0_nu(1)=   0.112611992142809880E-03
  CpV1_nu(0)=   0.887702254206059068E-03; CpV1_nu(1)=   0.887702254206059068E-03
  fpi_nu=        93.0000000000000000    ; Lambda_nu=     700.000000000000000    

  Nuclear matter properties
  ----------------------------------
      E_NM=     -15.8000000000000149      K_NM=     220.0000000000000284
      P_NM=      -0.0000000000000032    RHO_NM=       0.1587067693325870
    ASS_NM=      28.9867890577721070   LASS_NM=      40.0047904804136323
  SMASS_NM=       0.9924233322833640  VMASS_NM=       1.2498385742322700

  Associated (t,x)-coupling constants
  -----------------------------------
  t0=      -2078.32802325564080    ; x0=       0.537569206858470316E-01
  t1=       239.400812041522045    ; x1=       -5.07723238187693671    
  t2=       1575.11954189757989    ; x2=       -1.36650561394298609    
  t3=       14263.6462470775950    ; x3=      -0.162491168089956339    
  b4=       38.3680720616682009    ; b4p=       71.3165222295833985    
  te=      -470.362198163525477    ; to=       -203.218452192313947    
  sigma=   0.270018011502707600    ; hbzero=    20.7355300000000007    

  ---------------------------------------
        Characteristics of the run       
  ---------------------------------------
  Output file ................:     7
  Nucleus ....................:   MG  24
  Number of HO shells ........:     4
  HO length b0 (fm) ..........:     1.55928400372611
  Basis deformation ..........:  beta0=   0.010 q=   1.010
  HO: b0,1/b0,bp,bz,q ........:   0.15592840E+01  0.64131999E+00  0.15568270E+01  0.15642096E+01  0.10095067E+01
  h**2/(2m), cmc, e**2 .......:   0.20735530E+02  0.20735530E+02  0.14399784E+01
  hom=f*41.0_pr*A^{-1/3}, f...:   0.17056687E+02  0.12000000E+01
  THO basis is ...............:  OFF
  Maximal number of iterations:   400
  Initial mixing parameter ...:  0.300
  Initial w.f. ...............:  from   spherical scratch
  Skyrme functional ..........:    UNE1                          
    with direct and exchange Coulomb
  Lipkin-Nogami procedure is .:  OFF
  PAV procedure is ...........:  OFF
  Constraint calculation is ..:   ON
    Constraint 1 .............: lambda=2 Ql=   0.497
  Temperature T ..............:   0.05 MeV
  Restart indicator ..........:   1
  Broyden mixing (#iterations):   7

  ---------------------------------------
        Harmonic Oscillator Basis        
  ---------------------------------------
  NUV, NQP:                         195      35
  Comparison with bookkeeping spherical basis:
  n00:                                4       4  Maximal number of shells
  nbx, 2*n00+1:                       9       9  Maximal number of K-blocks
  ntx, (n00+1)*(n00+2)*(n00+3)/6     35      35  Max.num. p/n levels
  nzx, n00:                           4       4  Maximal nz-quantum number
  nrx, n00/2  :                       2       2  Maximal nr-quantum number
  nlx, n00:                           4       4  Maximal ml-quantum number
  ndx, (n00+2)*(n00+2)/4:             9       9  Maximal dim. of one k-block

  Actual basis used
  Number of blocks: nb .......:    9
  Number of levels: nt .......:   35
  Maximal 2*omega : nom ......:    9
  Maximal nz:       nzm ......:    4
  Maximal nr:       nrm ......:    2
  Maximal ml:       nlm ......:    4
  Maximal N=nz+2*nr+nl .......:    4
  2 x biggest block dim. .....:   18
  Non-zero elements of h .....:      115
  Number of Broyden elements .:      460

  ---------------------------------------
            Integration Meshes           
  ---------------------------------------
  Number of Gauss-Hermite mesh points ngh ....:  40
  Number of Gauss-Laguerre mesh points ngl ...:  40
  Number of Gauss-Legendre mesh points nleg ..:  80
  Integration boundaries
    Hermite  - from xh(1)  =  0.12379686 to xh(ngh)   = 11.88786356
    Laguerre - From xl(1)  =  0.03570039 to xl(ngl)   =142.28004447
    Legendre - From xleg(1)=  0.00978669 to xleg(nleg)=  0.99988775
  Max.dev.in:     Orthogonality            Normalization
  Hermite     5.2235050987142219E-016   1.9984014443252818E-015
  Laguerre    1.9977540701027837E-015   4.5519144009631418E-015

  Scratch initialization for the nucleus: MG  12  12


  Initial potentials of Saxon-Woods shape 
  v0ws   =  -71.27999878
  kappa  =    0.46160001
  vs0    =   11.11750031   11.11750031
  r0     =    1.23339999    1.23339999
  a      =    0.61500001    0.61500001
  r0-so  =    1.14429998    1.14429998
  a-so   =    0.64760000    0.64760000
  beta00 =    0.01000000

  ### REGULAR STAGE (reflection symmetry imposed)
  |HFB+HO> iterations(b0=  1.559, Nsh=  4, inin=  1, N= 12, Z= 12)...
  ----------------------------------------------------------------------------------------------------------------------------------
  i          si     mix   beta      Etot       A       rn      rp         En      Dn      Ep      Dp        Ln      Lp     time
  ----------------------------------------------------------------------------------------------------------------------------------
   1L  52.26905082 0.30  0.010     0.000000    0.0   0.000   0.000 |   -2.000   1.000  -2.000   1.000 |   -7.000  -7.000   0.000
   2B  31.13258900 0.10  0.009   -55.672841   24.0   2.616   2.616 |    0.000  -0.000   0.000  -0.000 |  -16.532 -16.532  26.310
   3B  11.52114988 0.11  0.203  -167.143406   24.0   3.046   3.079 |    0.000  -0.000   0.000  -0.000 |  -11.041  -7.591   0.082
   4B  10.81939364 0.13  0.289  -181.160796   24.0   2.986   2.947 |    0.000  -0.000   0.000  -0.000 |  -11.527  -7.050   0.088
   5B  12.97898413 0.10  0.301  -176.242989   24.0   2.908   2.971 |    0.000  -0.000   0.000  -0.000 |  -11.316  -7.344   0.091
   6B  13.51204111 0.10  0.305  -184.211681   24.0   2.904   2.941 |    0.000  -0.000   0.000  -0.000 |  -11.606  -6.946   0.077
   7B  12.08140089 0.11  0.291  -184.458125   24.0   2.926   2.913 |    0.000  -0.000   0.000  -0.000 |  -11.627  -6.816   0.086
   8B   8.09601351 0.13  0.258  -184.147896   24.0   2.909   2.926 |    0.000  -0.000   0.000  -0.000 |  -11.523  -6.895   0.085
   9B   2.88763137 0.14  0.204  -182.394877   24.0   2.899   2.911 |    0.000  -0.000   0.000  -0.000 |  -11.831  -7.035   0.090
  10B   2.48770909 0.16  0.155  -181.513278   24.0   2.885   2.895 |    0.000  -0.000   0.000  -0.000 |  -12.098  -7.243   0.086
  11B   1.45052266 0.18  0.181  -182.405933   24.0   2.884   2.894 |    0.000  -0.000   0.000  -0.000 |  -12.135  -7.315   0.086
  12B   1.72250218 0.10  0.176  -181.732286   24.0   2.883   2.895 |    0.000  -0.000   0.000  -0.000 |  -12.122  -7.286   0.095
  13B   1.21590230 0.11  0.184  -182.579149   24.0   2.883   2.894 |    0.000  -0.000   0.000  -0.000 |  -12.151  -7.254   0.088
  14B   0.68789128 0.13  0.190  -182.781593   24.0   2.885   2.894 |    0.000  -0.000   0.000  -0.000 |  -12.120  -7.260   0.083
  15B   0.49042433 0.14  0.196  -182.950330   24.0   2.884   2.896 |    0.000  -0.000   0.000  -0.000 |  -12.089  -7.252   0.083
  16B   0.13664544 0.16  0.198  -183.000188   24.0   2.885   2.895 |    0.000  -0.000   0.000  -0.000 |  -12.103  -7.227   0.087
  17B   0.03694493 0.18  0.197  -182.971469   24.0   2.885   2.894 |    0.000  -0.000   0.000  -0.000 |  -12.107  -7.230   0.094
  18B   0.02618509 0.21  0.197  -182.970185   24.0   2.884   2.895 |    0.000  -0.000   0.000  -0.000 |  -12.106  -7.232   0.090
  19B   0.00705463 0.24  0.197  -182.969211   24.0   2.884   2.894 |    0.000   0.000   0.000   0.000 |  -12.107  -7.230   0.087
  20B   0.01789931 0.10  0.196  -182.965112   24.0   2.884   2.894 |    0.000   0.000   0.000   0.000 |  -12.108  -7.231   0.094
  21B   0.02073696 0.10  0.196  -182.964493   24.0   2.884   2.894 |    0.000   0.000   0.000   0.000 |  -12.108  -7.231   0.094
  22B   0.01818997 0.11  0.196  -182.965077   24.0   2.884   2.894 |    0.000   0.000   0.000   0.000 |  -12.108  -7.231   0.092
  23B   0.01693694 0.13  0.196  -182.965405   24.0   2.884   2.894 |    0.000  -0.000   0.000  -0.000 |  -12.108  -7.231   0.085
  24B   0.01155516 0.14  0.196  -182.966700   24.0   2.884   2.894 |    0.000  -0.000   0.000  -0.000 |  -12.108  -7.231   0.089
  25B   0.01121371 0.16  0.196  -182.966800   24.0   2.884   2.894 |    0.000   0.000   0.000   0.000 |  -12.108  -7.231   0.097
  26B   0.00557330 0.18  0.196  -182.968167   24.0   2.884   2.894 |    0.000  -0.000   0.000  -0.000 |  -12.108  -7.231   0.094
  27B   0.00056309 0.21  0.197  -182.969555   24.0   2.884   2.894 |    0.000   0.000   0.000   0.000 |  -12.108  -7.231   0.095
  28B   0.00066324 0.10  0.197  -182.969345   24.0   2.884   2.894 |    0.000   0.000   0.000   0.000 |  -12.108  -7.231   0.093
  29B   0.00077449 0.10  0.197  -182.969319   24.0   2.884   2.894 |    0.000   0.000   0.000   0.000 |  -12.108  -7.231   0.094
  30B   0.00011777 0.11  0.197  -182.969488   24.0   2.884   2.894 |    0.000   0.000   0.000   0.000 |  -12.108  -7.231   0.093
  31B   0.00022810 0.10  0.197  -182.969450   24.0   2.884   2.894 |    0.000   0.000   0.000   0.000 |  -12.108  -7.231   0.097
  32B   0.00013990 0.11  0.197  -182.969471   24.0   2.884   2.894 |    0.000   0.000   0.000   0.000 |  -12.108  -7.231   0.091
  33B   0.00007125 0.13  0.197  -182.969488   24.0   2.884   2.894 |    0.000   0.000   0.000   0.000 |  -12.108  -7.231   0.088
  34B   0.00004241 0.14  0.197  -182.969495   24.0   2.884   2.894 |    0.000  -0.000   0.000  -0.000 |  -12.108  -7.231   0.084
  35B   0.00000709 0.16  0.197  -182.969504   24.0   2.884   2.894 |    0.000  -0.000   0.000  -0.000 |  -12.108  -7.231   0.097
  36B   0.00001118 0.10  0.197  -182.969507   24.0   2.884   2.894 |    0.000  -0.000   0.000  -0.000 |  -12.108  -7.231   0.089
  37B   0.00000083 0.11  0.197  -182.969505   24.0   2.884   2.894 |    0.000   0.000   0.000   0.000 |  -12.108  -7.231   0.101
  38B   0.00000072 0.13  0.197  -182.969505   24.0   2.884   2.894 |    0.000   0.000   0.000   0.000 |  -12.108  -7.231   0.109
  39B   0.00000021 0.14  0.197  -182.969505   24.0   2.884   2.894 |    0.000   0.000   0.000   0.000 |  -12.108  -7.231   0.103
  40B   0.00000013 0.16  0.197  -182.969505   24.0   2.884   2.894 |    0.000   0.000   0.000   0.000 |  -12.108  -7.231   0.102
  41B   0.00000010 0.18  0.197  -182.969505   24.0   2.884   2.894 |    0.000   0.000   0.000   0.000 |  -12.108  -7.231   0.097
  42B   0.00000006 0.21  0.197  -182.969505   24.0   2.884   2.894 |    0.000  -0.000   0.000  -0.000 |  -12.108  -7.231   0.107
  43B   0.00000006 0.10  0.197  -182.969505   24.0   2.884   2.894 |    0.000  -0.000   0.000  -0.000 |  -12.108  -7.231   0.100
  44B   0.00000003 0.11  0.197  -182.969505   24.0   2.884   2.894 |    0.000  -0.000   0.000  -0.000 |  -12.108  -7.231   0.109
  45B   0.00000002 0.13  0.197  -182.969505   24.0   2.884   2.894 |    0.000   0.000   0.000   0.000 |  -12.108  -7.231   0.092
  46B   0.00000001 0.14  0.197  -182.969505   24.0   2.884   2.894 |    0.000  -0.000   0.000  -0.000 |  -12.108  -7.231   0.098
  47B   0.00000001 0.10  0.197  -182.969505   24.0   2.884   2.894 |    0.000  -0.000   0.000  -0.000 |  -12.108  -7.231   0.106
  48B   0.00000001 0.11  0.197  -182.969505   24.0   2.884   2.894 |    0.000   0.000   0.000   0.000 |  -12.108  -7.231   0.101
  49B   0.00000000 0.13  0.197  -182.969505   24.0   2.884   2.894 |    0.000  -0.000   0.000  -0.000 |  -12.108  -7.231   0.105
  50B   0.00000000 0.14  0.197  -182.969505   24.0   2.884   2.894 |    0.000  -0.000   0.000  -0.000 |  -12.108  -7.231   0.112
  ----------------------------------------------------------------------------------------------------------------------------------
  *   iteration converged   after  50 steps   si=     0.0000000008 ho=  0 tho=  0
  ----------------------------------------------------------------------------------------------------------------------------------
  Total CPU time=   0.515 minutes

  Writing to wel_file: s012_012.hel
 __________________________________  
  The tape s012_012.hel recorded:     
  nucname,npr,ngh,ngl,n00,nb,nt      
  b0,beta0,si,etot,rms,bet,xmix      
  pairing:     CpV0,CpV1,pwi         
  delta:       del,ept               
  lambda:      ala,ala2,alast,tz     
  asymptotic:  varmas,ass,skass      
  ntx,nb,nhhdim,id,N_rz,n_r,n_z      
  Omega2,Sigma2,Parity,Lambda        
  matrices(inbro):    hh,de          
  *all blocking candidates           
 __________________________________  



 #quasiparticle energies neutrons
 --------------------------------
  eqp(k) -> q.p. energy 
  e(k)   -> referent s.p. energy 
  p(k)   -> occ.probability 
  del(k) -> referent s.p. gap 
  fermi energy alast=  -12.107611639795454     
  #k  block#    eqp(k)     e(k)       (1-2N)E      decay        p(k)        del(k)    overl      labels
   1    1     0.679847  -12.787459   -0.679847    1.570596    1.00000000   0.0000   0.7543  1+[ 2, 2, 0]
   2    1     2.472654   -9.634958    2.472654    1.677085    0.00000000   0.0000   0.8813  1+[ 2, 0, 0]
   3    1     6.915367   -5.192245    6.915367    1.915630    0.00000000   0.0000   0.7699  1+[ 2, 1, 1]
   4    1    23.223931  -35.331543  -23.223931    2.610681    1.00000000   0.0000   0.9878  1+[ 0, 0, 0]
   5    1    25.210671   13.103059   25.210671    2.683078    0.00000000   0.0000   0.5854  1+[ 4, 2, 0]
   6    1    32.130876   20.023264   32.130876    2.921276    0.00000000   0.0000   0.6204  1+[ 4, 4, 0]
   7    1    33.478712   21.371100   33.478712    2.965444    0.00000000   0.0000   0.8434  1+[ 4, 0, 0]
   8    1    35.707108   23.599496   35.707108    3.037059    0.00000000   0.0000   0.6905  1+[ 4, 1, 1]
   9    1    37.387671   25.280060   37.387671    3.089970    0.00000000   0.0000   0.6006  1+[ 4, 3, 1]
  10    2     7.093350  -19.200962   -7.093350    1.924571    1.00000000   0.0000   0.8803  1-[ 1, 0, 1]
  11    2    11.664013  -23.771625  -11.664013    2.141420    1.00000000   0.0000   0.8794  1-[ 1, 1, 0]
  12    2    12.582825    0.475213   12.582825    2.182412    0.00000000   0.0000   0.6161  1-[ 3, 3, 0]
  13    2    16.867710    4.760098   16.867710    2.364213    0.00000000   0.0000   0.7528  1-[ 3, 1, 0]
  14    2    21.260928    9.153317   21.260928    2.537120    0.00000000   0.0000   0.9075  1-[ 3, 0, 1]
  15    2    23.405004   11.297393   23.405004    2.617362    0.00000000   0.0000   0.7033  1-[ 3, 2, 1]
  16    3     0.214793  -12.322405   -0.214793    1.541772    1.00000000   0.0000   0.9141  3+[ 2, 1, 1]
  17    3     7.512332   -4.595279    7.512332    1.945456    0.00000000   0.0000   0.9085  3+[ 2, 0, 2]
  18    3    25.411295   13.303683   25.411295    2.690280    0.00000000   0.0000   0.7374  3+[ 4, 3, 1]
  19    3    32.729533   20.621921   32.729533    2.940975    0.00000000   0.0000   0.8386  3+[ 4, 1, 1]
  20    3    37.316076   25.208465   37.316076    3.087735    0.00000000   0.0000   0.7306  3+[ 4, 2, 2]
  21    3    37.735307   25.627696   37.735307    3.100803    0.00000000   0.0000   0.7963  3+[ 4, 0, 2]
  22    4    11.336639  -23.444250  -11.336639    2.126623    1.00000000   0.0000   0.9762  3-[ 1, 0, 1]
  23    4    12.854580    0.746969   12.854580    2.194390    0.00000000   0.0000   0.8479  3-[ 3, 2, 1]
  24    4    19.978061    7.870449   19.978061    2.487872    0.00000000   0.0000   0.9445  3-[ 3, 0, 1]
  25    4    23.728970   11.621358   23.728970    2.629273    0.00000000   0.0000   0.8767  3-[ 3, 1, 2]
  26    5     0.214788  -11.892823    0.214788    1.541772    0.00000000   0.0000   0.9829  5+[ 2, 0, 2]
  27    5    25.803636   13.696025   25.803636    2.704310    0.00000000   0.0000   0.8951  5+[ 4, 2, 2]
  28    5    33.183180   21.075568   33.183180    2.955816    0.00000000   0.0000   0.9702  5+[ 4, 0, 2]
  29    5    37.776531   25.668919   37.776531    3.102085    0.00000000   0.0000   0.9123  5+[ 4, 1, 3]
  30    6    13.251840    1.144228   13.251840    2.211782    0.00000000   0.0000   0.9594  5-[ 3, 1, 2]
  31    6    24.088568   11.980957   24.088568    2.642432    0.00000000   0.0000   0.9594  5-[ 3, 0, 3]
  32    7    26.536456   14.428844   26.536456    2.730322    0.00000000   0.0000   0.9709  7+[ 4, 1, 3]
  33    7    38.219524   26.111912   38.219524    3.115828    0.00000000   0.0000   0.9709  7+[ 4, 0, 4]
  34    8    13.856267    1.748656   13.856267    2.237985    0.00000000   0.0000   1.0000  7-[ 3, 0, 3]
  35    9    27.785141   15.677530   27.785141    2.774083    0.00000000   0.0000   1.0000  9+[ 4, 0, 4]
#all active are   35 q.p. states out of   35
#since the cut off is pwi=  60.0
#check: number of neutrons=  12.0


 #canonical s.p. energies neutrons
 ---------------------------------


  labels -> {2*omega}{parity}[nn=nz+2*nr+nl,nz,nl]
  cqpe   -> canonical q.p. energies
  ce     -> canonical s.p. energies
  fermi energy=  -12.107611639795454     
  average cdelt=  -5.6401538116388456E-018
  k0      ceqp        ce         v*v       u*v        cdel     overl      labels
   1    9.529379    9.529379   0.00000000   0.00000000   0.0000   0.6362  1+[ 2, 1, 1]
   2   15.089680   15.089680   0.00000000   0.00000000   0.0000   0.6937  1+[ 4, 1, 1]
   3   18.560626   18.560626   0.00000000   0.00000000   0.0000   0.5652  1+[ 4, 0, 0]
   4   19.661911   19.661911   0.00000000   0.00000000   0.0000   0.7187  1+[ 4, 3, 1]
   5   15.426158   15.426158   0.00000000   0.00000000   0.0000   0.6242  1+[ 4, 2, 0]
   6   16.030986   16.030986   0.00000000   0.00000000   0.0000   0.6517  1+[ 4, 4, 0]
   7   -5.748964   -5.748964   0.00000000   0.00000001   0.0000   0.7183  1+[ 2, 0, 0]
   8  -11.427764  -12.787459   0.99999876   0.00111548   0.0000   0.7543  1+[ 2, 2, 0]
   9   11.116320  -35.331543   1.00000000   0.00000003   0.0000   0.9878  1+[ 0, 0, 0]
  10    8.122736    8.122736   0.00000000   0.00000000   0.0000   0.7005  1-[ 3, 3, 0]
  11    5.362108    5.362108   0.00000000   0.00000000   0.0000   0.9595  1-[ 3, 1, 0]
  12    8.978168    8.978168   0.00000000   0.00000000   0.0000   0.8233  1-[ 3, 0, 1]
  13    3.223009    3.223009   0.00000000   0.00000001   0.0000   0.7949  1-[ 3, 2, 1]
  14   -4.155878  -20.059345   1.00000000   0.00000002   0.0000   0.9768  1-[ 1, 0, 1]
  15   -1.301982  -22.913241   1.00000000   0.00000000   0.0000   0.9797  1-[ 1, 1, 0]
  16    7.940819    7.940819   0.00000000   0.00000000   0.0000   0.6937  3+[ 2, 0, 2]
  17   19.388444   19.388444   0.00000000   0.00000000   0.0000   0.9767  3+[ 4, 1, 1]
  18   23.231663   23.231663   0.00000000   0.00000000   0.0000   0.7057  3+[ 4, 0, 2]
  19   22.841591   22.841591   0.00000000   0.00000000   0.0000   0.6973  3+[ 4, 2, 2]
  20    6.763968    6.763968   0.00000000   0.00000000   0.0000   0.6717  3+[ 4, 3, 1]
  21  -11.892819  -12.322405   0.98655827   0.11515662   0.0000   0.9141  3+[ 2, 1, 1]
  22   10.466667   10.466667   0.00000000   0.00000000   0.0000   0.7539  3-[ 3, 1, 2]
  23    1.055909    1.055909   0.00000000   0.00000000   0.0000   0.7591  3-[ 3, 2, 1]
  24    8.716200    8.716200   0.00000000   0.00000000   0.0000   0.6434  3-[ 3, 0, 1]
  25   -0.770973  -23.444250   1.00000000   0.00000000   0.0000   0.9762  3-[ 1, 0, 1]
  26   20.721010   20.721010   0.00000000   0.00000000   0.0000   0.8981  5+[ 4, 0, 2]
  27   25.182914   25.182914   0.00000000   0.00000000   0.0000   0.8125  5+[ 4, 1, 3]
  28   14.536589   14.536589   0.00000000   0.00000000   0.0000   0.7403  5+[ 4, 2, 2]
  29  -11.892823  -11.892823   0.01344297   0.11516188   0.0000   0.9829  5+[ 2, 0, 2]
  30   11.980949   11.980949   0.00000000   0.00000000   0.0000   0.9592  5-[ 3, 0, 3]
  31    1.144236    1.144236   0.00000000   0.00000000   0.0000   0.9592  5-[ 3, 1, 2]
  32   26.111902   26.111902   0.00000000   0.00000000   0.0000   0.9707  7+[ 4, 0, 4]
  33   14.428854   14.428854   0.00000000   0.00000000   0.0000   0.9707  7+[ 4, 1, 3]
  34    1.748656    1.748656   0.00000000   0.00000000   0.0000   1.0000  7-[ 3, 0, 3]
  35   15.677530   15.677530   0.00000000   0.00000000   0.0000   1.0000  9+[ 4, 0, 4]
  Sum canonical e_v*V^2_k=  -253.70493645050959     


 #quasiparticle energies protons 
 --------------------------------
  eqp(k) -> q.p. energy 
  e(k)   -> referent s.p. energy 
  p(k)   -> occ.probability 
  del(k) -> referent s.p. gap 
  fermi energy alast=  -7.2305335432343565     
  #k  block#    eqp(k)     e(k)       (1-2N)E      decay        p(k)        del(k)    overl      labels
   1    1     0.682171   -7.912704   -0.682171    1.235478    1.00000000   0.0000   0.7515  1+[ 2, 2, 0]
   2    1     2.488356   -4.742178    2.488356    1.369244    0.00000000   0.0000   0.8767  1+[ 2, 0, 0]
   3    1     6.831398   -0.399135    6.831398    1.647005    0.00000000   0.0000   0.7678  1+[ 2, 1, 1]
   4    1    23.074431  -30.304964  -23.074431    2.417850    1.00000000   0.0000   0.9868  1+[ 0, 0, 0]
   5    1    25.067921   17.837387   25.067921    2.496108    0.00000000   0.0000   0.5859  1+[ 4, 2, 0]
   6    1    31.742100   24.511566   31.742100    2.741904    0.00000000   0.0000   0.6188  1+[ 4, 4, 0]
   7    1    33.332212   26.101678   33.332212    2.797281    0.00000000   0.0000   0.8361  1+[ 4, 0, 0]
   8    1    35.259783   28.029249   35.259783    2.862974    0.00000000   0.0000   0.7031  1+[ 4, 1, 1]
   9    1    37.170605   29.940072   37.170605    2.926641    0.00000000   0.0000   0.6181  1+[ 4, 3, 1]
  10    2     7.048885  -14.279419   -7.048885    1.659693    1.00000000   0.0000   0.8810  1-[ 1, 0, 1]
  11    2    11.593083  -18.823616  -11.593083    1.905566    1.00000000   0.0000   0.8801  1-[ 1, 1, 0]
  12    2    12.631141    5.400608   12.631141    1.957404    0.00000000   0.0000   0.6102  1-[ 3, 3, 0]
  13    2    16.926059    9.695526   16.926059    2.158690    0.00000000   0.0000   0.7491  1-[ 3, 1, 0]
  14    2    21.010137   13.779603   21.010137    2.334049    0.00000000   0.0000   0.9148  1-[ 3, 0, 1]
  15    2    23.358391   16.127857   23.358391    2.429151    0.00000000   0.0000   0.7130  1-[ 3, 2, 1]
  16    3     0.222121   -7.452655   -0.222121    1.199024    1.00000000   0.0000   0.9121  3+[ 2, 1, 1]
  17    3     7.407360    0.176827    7.407360    1.680396    0.00000000   0.0000   0.9052  3+[ 2, 0, 2]
  18    3    25.259715   18.029181   25.259715    2.503508    0.00000000   0.0000   0.7346  3+[ 4, 3, 1]
  19    3    32.297773   25.067240   32.297773    2.761382    0.00000000   0.0000   0.8363  3+[ 4, 1, 1]
  20    3    36.993930   29.763396   36.993930    2.920813    0.00000000   0.0000   0.7265  3+[ 4, 0, 2]
  21    3    37.386086   30.155552   37.386086    2.933734    0.00000000   0.0000   0.6315  3+[ 4, 2, 2]
  22    4    11.239796  -18.470329  -11.239796    1.887599    1.00000000   0.0000   0.9752  3-[ 1, 0, 1]
  23    4    12.897603    5.667069   12.897603    1.970490    0.00000000   0.0000   0.8461  3-[ 3, 2, 1]
  24    4    19.742445   12.511911   19.742445    2.281061    0.00000000   0.0000   0.9437  3-[ 3, 0, 1]
  25    4    23.685560   16.455026   23.685560    2.442107    0.00000000   0.0000   0.8766  3-[ 3, 1, 2]
  26    5     0.222116   -7.008417    0.222116    1.199024    0.00000000   0.0000   0.9804  5+[ 2, 0, 2]
  27    5    25.636330   18.405797   25.636330    2.517976    0.00000000   0.0000   0.8933  5+[ 4, 2, 2]
  28    5    32.734489   25.503955   32.734489    2.776594    0.00000000   0.0000   0.9675  5+[ 4, 0, 2]
  29    5    37.528659   30.298126   37.528659    2.938418    0.00000000   0.0000   0.9117  5+[ 4, 1, 3]
  30    6    13.275371    6.044838   13.275371    1.988895    0.00000000   0.0000   0.9593  5-[ 3, 1, 2]
  31    6    24.015058   16.784525   24.015058    2.455087    0.00000000   0.0000   0.9593  5-[ 3, 0, 3]
  32    7    26.321183   19.090649   26.321183    2.544074    0.00000000   0.0000   0.9706  7+[ 4, 1, 3]
  33    7    37.891476   30.660943   37.891476    2.950303    0.00000000   0.0000   0.9706  7+[ 4, 0, 4]
  34    8    13.844435    6.613902   13.844435    2.016303    0.00000000   0.0000   1.0000  7-[ 3, 0, 3]
  35    9    27.490581   20.260047   27.490581    2.588030    0.00000000   0.0000   1.0000  9+[ 4, 0, 4]
#all active are   35 q.p. states out of   35
#since the cut off is pwi=  60.0
#check: number of protons =  12.0


 #canonical s.p. energies protons 
 ---------------------------------


  labels -> {2*omega}{parity}[nn=nz+2*nr+nl,nz,nl]
  cqpe   -> canonical q.p. energies
  ce     -> canonical s.p. energies
  fermi energy=  -7.2305335432343565     
  average cdelt=  -5.5870597424803469E-018
  k0      ceqp        ce         v*v       u*v        cdel     overl      labels
   1   21.960036   21.960036   0.00000000   0.00000000   0.0000   0.9048  1+[ 4, 4, 0]
   2   26.585587   26.585587   0.00000000   0.00000000   0.0000   0.6037  1+[ 4, 2, 0]
   3   19.038904   19.038904   0.00000000   0.00000000   0.0000   0.6746  1+[ 4, 2, 0]
   4   26.332389   26.332389   0.00000000   0.00000000   0.0000   0.8341  1+[ 4, 0, 0]
   5   21.432609   21.432609   0.00000000   0.00000000   0.0000   0.9154  1+[ 4, 3, 1]
   6    8.526825    8.526825   0.00000000   0.00000000   0.0000   0.6425  1+[ 2, 1, 1]
   7   -2.597711   -2.597711   0.00000000   0.00000001   0.0000   0.6692  1+[ 2, 0, 0]
   8   -6.548363   -7.912704   0.99999881   0.00108986   0.0000   0.7515  1+[ 2, 2, 0]
   9   15.843897  -30.304964   1.00000000   0.00000002   0.0000   0.9868  1+[ 0, 0, 0]
  10   11.049905   11.049905   0.00000000   0.00000000   0.0000   0.8153  1-[ 3, 3, 0]
  11    9.113530    9.113530   0.00000000   0.00000000   0.0000   0.8809  1-[ 3, 1, 0]
  12   13.245684   13.245684   0.00000000   0.00000001   0.0000   0.9221  1-[ 3, 0, 1]
  13   11.594475   11.594475   0.00000000   0.00000002   0.0000   0.9403  1-[ 3, 2, 1]
  14    0.892136  -15.353203   1.00000000   0.00000001   0.0000   0.8025  1-[ 1, 1, 0]
  15    3.288765  -17.749832   1.00000000   0.00000000   0.0000   0.7952  1-[ 1, 0, 1]
  16   11.866256   11.866256   0.00000000   0.00000000   0.0000   0.6681  3+[ 4, 3, 1]
  17   27.809908   27.809908   0.00000000   0.00000000   0.0000   0.8963  3+[ 4, 0, 2]
  18   27.398639   27.398639   0.00000000   0.00000000   0.0000   0.9124  3+[ 4, 2, 2]
  19   24.838820   24.838820   0.00000000   0.00000000   0.0000   0.8891  3+[ 4, 1, 1]
  20   11.278573   11.278573   0.00000000   0.00000001   0.0000   0.6898  3+[ 2, 0, 2]
  21   -7.008412   -7.452655   0.98836952   0.10721570   0.0000   0.9121  3+[ 2, 1, 1]
  22   15.276920   15.276920   0.00000000   0.00000000   0.0000   0.7023  3-[ 3, 1, 2]
  23    5.777611    5.777611   0.00000000   0.00000000   0.0000   0.8808  3-[ 3, 2, 1]
  24   13.579475   13.579475   0.00000000   0.00000001   0.0000   0.7304  3-[ 3, 0, 1]
  25    4.009262  -18.470329   1.00000000   0.00000002   0.0000   0.9752  3-[ 1, 0, 1]
  26   29.797332   29.797332   0.00000000   0.00000000   0.0000   0.8945  5+[ 4, 1, 3]
  27   18.515001   18.515001   0.00000000   0.00000000   0.0000   0.9228  5+[ 4, 2, 2]
  28   25.895544   25.895544   0.00000000   0.00000000   0.0000   0.9551  5+[ 4, 0, 2]
  29   -7.008417   -7.008417   0.01163166   0.10722111   0.0000   0.9804  5+[ 2, 0, 2]
  30   16.784516   16.784516   0.00000000   0.00000000   0.0000   0.9590  5-[ 3, 0, 3]
  31    6.044846    6.044846   0.00000000   0.00000000   0.0000   0.9590  5-[ 3, 1, 2]
  32   30.660932   30.660932   0.00000000   0.00000000   0.0000   0.9704  7+[ 4, 0, 4]
  33   19.090660   19.090660   0.00000000   0.00000000   0.0000   0.9704  7+[ 4, 1, 3]
  34    6.613902    6.613902   0.00000000   0.00000000   0.0000   1.0000  7-[ 3, 0, 3]
  35   20.260047   20.260047   0.00000000   0.00000000   0.0000   1.0000  9+[ 4, 0, 4]
  Sum canonical e_v*V^2_k=  -194.47703969299107     

  NB! From expect (UNPROJECTED RESULTS)

  pairing: CpV0,CpV1,...           0.100000       0.100000       1.000000       1.000000
  forces:   UNE1                          


                             neutrons         protons         total
  Requested part.numbs.      12.000000      12.000000      24.000000
  UnPj(av) part.numbs .      12.000000      12.000000      24.000000
  b0, bz, bp ..........       1.559284       1.564210       1.556827

  lambda (ala) ........     -12.107612      -7.230534
  Lambda (alast) ......     -12.107612      -7.230534
  delta(n,p), pwi .....      -0.000000      -0.000000      60.000000
  pairing energy ......       0.000000       0.000000       0.000000

  rms-radius ..........       2.884326       2.894391       2.889363
  charge-radius, r0 ...                      3.002915       3.461399
  deformation beta2....       0.196553       0.196531       0.196542
  dipole moment[fm] ...       0.000000       0.000000       0.000000
  quadrupole moment[b]        0.247548       0.249251       0.496799
  octupole moment .....       0.000000       0.000000       0.000000
  hexadecapole moment .      -0.000621      -0.000663      -0.001284
  q5 ..................       0.000000       0.000000       0.000000
  q6 ..................      -0.000019      -0.000019      -0.000037
  q7 ..................       0.000000       0.000000       0.000000
  q8 ..................      -0.000000      -0.000000      -0.000000

  <r^0> [fm^0] ........            1.000000            1.000000            1.000000
  <r^2> [fm^2] ........            8.319335            8.377497            8.348416
  <r^4> [fm^4] ........           97.384405           98.614926           97.999665
  <r^6> [fm^6] ........         1435.396115         1460.321693         1447.858904
  <r^8> [fm^8] ........        25264.422825        25805.103430        25534.763127

  kinetic energy ......     213.990491     212.593311     426.583802
  volume energy .......                                  -673.886847
        rho_tau .......                                    -1.881619
        rho_rho .......                                  -672.005228
  surface energy ......                                    57.478502
   rho_DELTA_rho ......                                    57.478502
   (NABLA_rho)^2 ......                                     0.000000
  spin-orbit energy ...                                   -22.650113
        rho_NABLA_J ...                                   -22.650113
        NABLA_rho_J ...                                     0.000000
  coulomb energy ......                                    29.505150
          direct ......                                    34.017096
          exchange ....                                    -4.511946
  tensor energy .......                                     0.000000
  direct Hartree E  ...                                     0.000000
  Extra E .............                                     0.000000
  External field E ....                                     0.000000
  Entropy .............       0.285154       0.253510       0.538664

  tEnergy: ehfb (qp)...                                  -182.969505

  Calculated but not added corrections 
====================================
  cmc-diagonal part ...       0.000000      -0.000000       0.000000
  cmc-hfb .............       0.000000       0.000000       0.000000
  cranking rot corr ...       0.000000       0.000000       0.000000

  SQUJ ................       0.000000       0.000000       0.000000
  CRAN x 4 ............       0.000000       0.000000       0.000000
  Rigit Body ..........       0.000000       0.000000       0.000000


   Blocking candidates are:
   neutron eqpmin=  0.21479292407313721       pwiblo=   5.1031036307982882     
    num=   1 block=   3 state=   1    16 Eqp=   0.21479292  (1-2N)E=  -0.21479292  Ovlp=   0.91405156  3+[ 2, 1, 1]
    num=   2 block=   5 state=   1    26 Eqp=   0.21478823  (1-2N)E=   0.21478823  Ovlp=   0.98286053  5+[ 2, 0, 2]
    num=   3 block=   1 state=   1     1 Eqp=   0.67984737  (1-2N)E=  -0.67984737  Ovlp=   0.75427880  1+[ 2, 2, 0]
    num=   4 block=   1 state=   2     2 Eqp=   2.47265366  (1-2N)E=   2.47265366  Ovlp=   0.88131532  1+[ 2, 0, 0]

   Blocking candidates are:
   proton  eqpmin=  0.22212139101274886       pwiblo=   5.1031036307982882     
    num=   1 block=   3 state=   1    16 Eqp=   0.22212139  (1-2N)E=  -0.22212139  Ovlp=   0.91206664  3+[ 2, 1, 1]
    num=   2 block=   5 state=   1    26 Eqp=   0.22211622  (1-2N)E=   0.22211622  Ovlp=   0.98038435  5+[ 2, 0, 2]
    num=   3 block=   1 state=   1     1 Eqp=   0.68217067  (1-2N)E=  -0.68217067  Ovlp=   0.75145029  1+[ 2, 2, 0]
    num=   4 block=   1 state=   2     2 Eqp=   2.48835557  (1-2N)E=   2.48835557  Ovlp=   0.87668158  1+[ 2, 0, 0]


