No Skyrme interaction defined in routine skforce()
Multi-threading framework with OpenMP: 1 threads/task

  =======================================
           FORTRAN 95 CODE (KIND= 8) 
               Version: 200d  
  =======================================
       AXIALLY DEFORMED CONFIGURATIONAL  
     HARTREE-FOCK-BOGOLIUBOV CALCULATIONS
                     WITH                
            UNEDF AND DELTA PAIRING      
                     USING               
             HARMONIC-OSCILLATOR         
                   AND/OR                
       TRANSFORMED HARMONIC-OSCILLATOR   
                    BASIS                
                     ---                 
               v1.66  (2005):,           
   Stoitsov,Dobaczewski,Nazarewicz,Ring, 
               v2.00d (2012):,           
         Stoitsov,Schunck,Kortelainen    
  =======================================
    Nucleus: MG (A=  24, N= 12, Z= 12)
       Reflection Symmetry Imposed       
            ( 9/13/2022, 23:25)                               
  =======================================


  ---------------------------------------
           UNEDF Module Version:17
         M.Kortelainen & M.Stoitsov 
  ---------------------------------------

  UNE1 functional
  ----------------------------------
  Crho(0)=   -779.373008720865300    ; Crho(1)=    287.722131583286796    
  CDrho(0)=   891.477890442349690    ; CDrho(1)=  -200.587774317884879    
  Ctau(0)=  -0.989915057807676746    ; Ctau(1)=   -33.6320970701835549    
  CrDr(0)=   -49.6267952205046043    ; CrDr(1)=   -152.358188683801245    
  CrdJ(0)=   -86.5071317341930950    ; CrdJ(1)=   -40.3193095618515400    
  CJ(0)=      0.00000000000000000    ; CJ(1)=      0.00000000000000000    
  CpV0(0)=   0.100000000000000006    ; CpV0(1)=   0.100000000000000006    
  CpV1(0)=    1.00000000000000000    ; CpV1(1)=    1.00000000000000000    
  sigma=     0.270018011502707600    ; hbzero=     20.7355300000000007    
  e^2 chrg=   1.43997840859651305    ; CExPar=     1.00000000000000000    
  c.m. correction: F, chr. density in direct Coul: F
  use tensor terms: F
  use TMR pairing:  0

  Coupling constants in natural units
  -----------------------------------
  Crho_nu(0)=  -0.877667471343921757    ; Crho_nu(1)=   0.324009624211695935    
  CDrho_nu(0)=  0.941450913381434273    ; CDrho_nu(1)= -0.211831998717341041    
  Ctau_nu(0)=  -0.140321584905665799E-01; Ctau_nu(1)=  -0.476738799694694126    
  CrDr_nu(0)=  -0.703465464456350831    ; CrDr_nu(1)=   -2.15969464661088750    
  CrdJ_nu(0)=   -1.22624842756392893    ; CrdJ_nu(1)=  -0.571530797051514328    
  CJ_nu(0)=      0.00000000000000000    ; CJ_nu(1)=      0.00000000000000000    
  CpV0_nu(0)=   0.112611992142809880E-03; CpV0_nu(1)=   0.112611992142809880E-03
  CpV1_nu(0)=   0.887702254206059068E-03; CpV1_nu(1)=   0.887702254206059068E-03
  fpi_nu=        93.0000000000000000    ; Lambda_nu=     700.000000000000000    

  Nuclear matter properties
  ----------------------------------
      E_NM=     -15.8000000000000149      K_NM=     220.0000000000000284
      P_NM=      -0.0000000000000032    RHO_NM=       0.1587067693325870
    ASS_NM=      28.9867890577721070   LASS_NM=      40.0047904804136323
  SMASS_NM=       0.9924233322833640  VMASS_NM=       1.2498385742322700

  Associated (t,x)-coupling constants
  -----------------------------------
  t0=      -2078.32802325564080    ; x0=       0.537569206858470316E-01
  t1=       263.356354432280966    ; x1=       -4.87278727453741300    
  t2=       1625.57488778142624    ; x2=       -1.37394195282532672    
  t3=       14263.6462470775950    ; x3=      -0.162491168089956339    
  b4=       46.1878221723415550    ; b4p=       80.6386191237030800    
  te=      -487.894356167755291    ; to=       -215.450649497926264    
  sigma=   0.270018011502707600    ; hbzero=    20.7355300000000007    

  ---------------------------------------
        Characteristics of the run       
  ---------------------------------------
  Output file ................:     7
  Nucleus ....................:   MG  24
  Number of HO shells ........:     8
  HO length b0 (fm) ..........:     1.55928400372611
  Basis deformation ..........:  beta0=   0.010 q=   1.010
  HO: b0,1/b0,bp,bz,q ........:   0.15592840E+01  0.64131999E+00  0.15568270E+01  0.15642096E+01  0.10095067E+01
  h**2/(2m), cmc, e**2 .......:   0.20735530E+02  0.20735530E+02  0.14399784E+01
  hom=f*41.0_pr*A^{-1/3}, f...:   0.17056687E+02  0.12000000E+01
  THO basis is ...............:  OFF
  Maximal number of iterations:   400
  Initial mixing parameter ...:  0.300
  Initial w.f. ...............:  from   spherical scratch
  Skyrme functional ..........:    UNE1                          
    with direct and exchange Coulomb
  Lipkin-Nogami procedure is .:  OFF
  PAV procedure is ...........:  OFF
  Constraint calculation is ..:   ON
    Constraint 1 .............: lambda=2 Ql=   1.292
  Temperature T ..............:   0.05 MeV
  Restart indicator ..........:   1
  Broyden mixing (#iterations):   7

  ---------------------------------------
        Harmonic Oscillator Basis        
  ---------------------------------------
  NUV, NQP:                        2501     165
  Comparison with bookkeeping spherical basis:
  n00:                                8       8  Maximal number of shells
  nbx, 2*n00+1:                      17      17  Maximal number of K-blocks
  ntx, (n00+1)*(n00+2)*(n00+3)/6    165     165  Max.num. p/n levels
  nzx, n00:                           8       8  Maximal nz-quantum number
  nrx, n00/2  :                       4       4  Maximal nr-quantum number
  nlx, n00:                           8       8  Maximal ml-quantum number
  ndx, (n00+2)*(n00+2)/4:            25      25  Maximal dim. of one k-block

  Actual basis used
  Number of blocks: nb .......:   17
  Number of levels: nt .......:  165
  Maximal 2*omega : nom ......:   17
  Maximal nz:       nzm ......:    8
  Maximal nr:       nrm ......:    4
  Maximal ml:       nlm ......:    8
  Maximal N=nz+2*nr+nl .......:    8
  2 x biggest block dim. .....:   50
  Non-zero elements of h .....:     1333
  Number of Broyden elements .:     5332

  ---------------------------------------
            Integration Meshes           
  ---------------------------------------
  Number of Gauss-Hermite mesh points ngh ....:  40
  Number of Gauss-Laguerre mesh points ngl ...:  40
  Number of Gauss-Legendre mesh points nleg ..:  80
  Integration boundaries
    Hermite  - from xh(1)  =  0.12379686 to xh(ngh)   = 11.88786356
    Laguerre - From xl(1)  =  0.03570039 to xl(ngl)   =142.28004447
    Legendre - From xleg(1)=  0.00978669 to xleg(nleg)=  0.99988775
  Max.dev.in:     Orthogonality            Normalization
  Hermite     1.5248282503475657E-015   1.0991207943789050E-014
  Laguerre    4.2896485016951012E-015   8.9928064994637680E-015

  Scratch initialization for the nucleus: MG  12  12


  Initial potentials of Saxon-Woods shape 
  v0ws   =  -71.27999878
  kappa  =    0.46160001
  vs0    =   11.11750031   11.11750031
  r0     =    1.23339999    1.23339999
  a      =    0.61500001    0.61500001
  r0-so  =    1.14429998    1.14429998
  a-so   =    0.64760000    0.64760000
  beta00 =    0.01000000

  ### REGULAR STAGE (reflection symmetry imposed)
  |HFB+HO> iterations(b0=  1.559, Nsh=  8, inin=  1, N= 12, Z= 12)...
  ----------------------------------------------------------------------------------------------------------------------------------
  i          si     mix   beta      Etot       A       rn      rp         En      Dn      Ep      Dp        Ln      Lp     time
  ----------------------------------------------------------------------------------------------------------------------------------
   1L  73.90480883 0.30  0.010     0.000000    0.0   0.000   0.000 |   -2.000   1.000  -2.000   1.000 |   -7.000  -7.000   0.000
   2B  53.19624832 0.10  0.009   -35.921747   24.0   2.625   2.625 |    0.000  -0.000   0.000  -0.000 |  -17.169 -17.169  39.944
   3B  11.93601611 0.11  0.408  -143.659795   24.0   3.125   3.177 |    0.000  -0.000   0.000  -0.000 |  -12.069  -8.682   1.061
   4B  10.47137610 0.13  0.627  -167.173502   24.0   3.277   3.251 |    0.000  -0.000   0.000  -0.000 |  -14.052  -9.726   1.180
   5B  18.65717247 0.10  0.709  -170.242873   24.0   3.312   3.398 |    0.000  -0.000   0.000  -0.000 |  -14.671 -10.629   1.226
   6B  21.40370183 0.10  0.713  -171.637143   24.0   3.368   3.339 |    0.000  -0.000   0.000  -0.000 |  -14.735 -10.388   1.093
   7B  21.36786821 0.11  0.696  -176.001060   24.0   3.325   3.332 |    0.000  -0.000   0.000  -0.000 |  -14.367 -10.144   1.176
   8B  18.67916298 0.13  0.675  -177.259296   24.0   3.290   3.313 |    0.000  -0.000   0.000  -0.000 |  -13.941  -9.660   1.272
   9B  11.11479903 0.14  0.591  -179.788789   24.0   3.201   3.203 |    0.000  -0.000   0.000  -0.000 |  -13.235  -8.335   0.865
  10B   5.59387346 0.16  0.524  -182.760812   24.0   3.143   3.120 |    0.000  -0.000   0.000  -0.000 |  -12.457  -8.014   1.494
  11B   1.68586714 0.18  0.474  -185.413950   24.0   3.064   3.095 |    0.000  -0.000   0.000  -0.000 |  -12.229  -7.739   1.440
  12B   1.31031124 0.21  0.459  -185.954831   24.0   3.050   3.078 |    0.000  -0.000   0.000  -0.000 |  -12.160  -7.685   1.015
  13B   0.99319143 0.24  0.455  -186.038639   24.0   3.053   3.067 |    0.000  -0.000   0.000  -0.000 |  -12.160  -7.599   1.386
  14B   0.65023793 0.27  0.451  -186.161746   24.0   3.045   3.065 |    0.000  -0.000   0.000  -0.000 |  -12.087  -7.599   0.814
  15B   0.37974128 0.30  0.452  -186.193217   24.0   3.046   3.064 |    0.000  -0.000   0.000  -0.000 |  -12.087  -7.599   1.423
  16B   0.46271642 0.10  0.454  -186.167583   24.0   3.046   3.067 |    0.000  -0.000   0.000  -0.000 |  -12.087  -7.599   1.403
  17B   0.25476001 0.11  0.454  -186.171812   24.0   3.046   3.067 |    0.000  -0.000   0.000  -0.000 |  -12.087  -7.599   1.529
  18B   0.28206240 0.10  0.454  -186.169734   24.0   3.047   3.067 |    0.000  -0.000   0.000  -0.000 |  -12.087  -7.599   1.076
  19B   0.15737445 0.11  0.455  -186.168215   24.0   3.048   3.066 |    0.000  -0.000   0.000  -0.000 |  -12.087  -7.599   1.350
  20B   0.08426827 0.13  0.455  -186.159364   24.0   3.048   3.068 |    0.000  -0.000   0.000  -0.000 |  -12.087  -7.599   1.372
  21B   0.04998171 0.14  0.457  -186.145664   24.0   3.049   3.069 |    0.000   0.000   0.000   0.000 |  -12.087  -7.599   0.812
  22B   0.07433722 0.10  0.457  -186.142704   24.0   3.049   3.069 |    0.000   0.000   0.000   0.000 |  -12.087  -7.599   1.222
  23B   0.05899030 0.11  0.457  -186.144746   24.0   3.049   3.069 |    0.000   0.000   0.000   0.000 |  -12.087  -7.599   1.408
  24B   0.04301324 0.13  0.457  -186.146811   24.0   3.049   3.069 |    0.000  -0.000   0.000  -0.000 |  -12.087  -7.599   1.343
  25B   0.02637660 0.14  0.456  -186.148917   24.0   3.049   3.068 |    0.000  -0.000   0.000  -0.000 |  -12.087  -7.599   1.403
  26B   0.01867030 0.16  0.456  -186.149889   24.0   3.049   3.068 |    0.000  -0.000   0.000  -0.000 |  -12.087  -7.599   1.561
  27B   0.01871797 0.10  0.456  -186.151006   24.0   3.048   3.068 |    0.000  -0.000   0.000  -0.000 |  -12.087  -7.599   1.173
  28B   0.01350772 0.11  0.456  -186.152215   24.0   3.048   3.068 |    0.000  -0.000   0.000  -0.000 |  -12.087  -7.599   1.447
  29B   0.00461828 0.13  0.456  -186.152910   24.0   3.048   3.068 |    0.000  -0.000   0.000  -0.000 |  -12.087  -7.599   1.530
  30B   0.00322285 0.14  0.456  -186.152778   24.0   3.048   3.068 |    0.000  -0.000   0.000  -0.000 |  -12.087  -7.599   1.424
  31B   0.00275753 0.16  0.456  -186.152716   24.0   3.048   3.068 |    0.000  -0.000   0.000  -0.000 |  -12.087  -7.599   1.476
  32B   0.00224900 0.18  0.456  -186.152656   24.0   3.048   3.068 |    0.000  -0.000   0.000  -0.000 |  -12.087  -7.599   1.501
  33B   0.00121177 0.21  0.456  -186.152518   24.0   3.048   3.068 |    0.000  -0.000   0.000  -0.000 |  -12.087  -7.599   1.464
  34B   0.00122083 0.10  0.456  -186.152382   24.0   3.048   3.068 |    0.000   0.000   0.000   0.000 |  -12.087  -7.599   1.445
  35B   0.00100493 0.11  0.456  -186.152295   24.0   3.048   3.068 |    0.000   0.000   0.000   0.000 |  -12.087  -7.599   1.518
  36B   0.00082560 0.13  0.456  -186.152255   24.0   3.048   3.068 |    0.000   0.000   0.000   0.000 |  -12.087  -7.599   1.431
  37B   0.00082483 0.14  0.456  -186.152257   24.0   3.048   3.068 |    0.000   0.000   0.000   0.000 |  -12.087  -7.599   1.487
  38B   0.00071529 0.16  0.456  -186.152270   24.0   3.048   3.068 |    0.000   0.000   0.000   0.000 |  -12.087  -7.599   1.388
  39B   0.00049663 0.18  0.456  -186.152299   24.0   3.048   3.068 |    0.000  -0.000   0.000  -0.000 |  -12.087  -7.599   1.412
  40B   0.00021633 0.21  0.456  -186.152335   24.0   3.048   3.068 |    0.000  -0.000   0.000  -0.000 |  -12.087  -7.599   0.830
  41B   0.00008511 0.24  0.456  -186.152370   24.0   3.048   3.068 |    0.000  -0.000   0.000  -0.000 |  -12.087  -7.599   1.545
  42B   0.00009097 0.10  0.456  -186.152368   24.0   3.048   3.068 |    0.000  -0.000   0.000  -0.000 |  -12.087  -7.599   1.568
  43B   0.00006279 0.11  0.456  -186.152367   24.0   3.048   3.068 |    0.000   0.000   0.000   0.000 |  -12.087  -7.599   1.516
  44B   0.00004317 0.13  0.456  -186.152364   24.0   3.048   3.068 |    0.000   0.000   0.000   0.000 |  -12.087  -7.599   1.193
  45B   0.00003188 0.14  0.456  -186.152361   24.0   3.048   3.068 |    0.000   0.000   0.000   0.000 |  -12.087  -7.599   1.479
  46B   0.00003727 0.10  0.456  -186.152358   24.0   3.048   3.068 |    0.000   0.000   0.000   0.000 |  -12.087  -7.599   1.418
  47B   0.00003649 0.11  0.456  -186.152358   24.0   3.048   3.068 |    0.000   0.000   0.000   0.000 |  -12.087  -7.599   1.412
  48B   0.00004026 0.10  0.456  -186.152358   24.0   3.048   3.068 |    0.000   0.000   0.000   0.000 |  -12.087  -7.599   1.447
  49B   0.00003764 0.11  0.456  -186.152358   24.0   3.048   3.068 |    0.000   0.000   0.000   0.000 |  -12.087  -7.599   1.288
  50B   0.00003425 0.13  0.456  -186.152359   24.0   3.048   3.068 |    0.000   0.000   0.000   0.000 |  -12.087  -7.599   1.358
  51B   0.00002610 0.14  0.456  -186.152360   24.0   3.048   3.068 |    0.000   0.000   0.000   0.000 |  -12.087  -7.599   1.424
  52B   0.00001182 0.16  0.456  -186.152362   24.0   3.048   3.068 |    0.000   0.000   0.000   0.000 |  -12.087  -7.599   1.579
  53B   0.00000748 0.18  0.456  -186.152363   24.0   3.048   3.068 |    0.000   0.000   0.000   0.000 |  -12.087  -7.599   1.574
  54B   0.00000508 0.21  0.456  -186.152363   24.0   3.048   3.068 |    0.000   0.000   0.000   0.000 |  -12.087  -7.599   1.546
  55B   0.00000281 0.24  0.456  -186.152363   24.0   3.048   3.068 |    0.000   0.000   0.000   0.000 |  -12.087  -7.599   1.506
  56B   0.00000205 0.27  0.456  -186.152363   24.0   3.048   3.068 |    0.000   0.000   0.000   0.000 |  -12.087  -7.599   1.474
  57B   0.00000174 0.30  0.456  -186.152363   24.0   3.048   3.068 |    0.000   0.000   0.000   0.000 |  -12.087  -7.599   1.384
  58B   0.00000147 0.34  0.456  -186.152363   24.0   3.048   3.068 |    0.000   0.000   0.000   0.000 |  -12.087  -7.599   0.853
  59B   0.00000170 0.10  0.456  -186.152363   24.0   3.048   3.068 |    0.000  -0.000   0.000  -0.000 |  -12.087  -7.599   1.500
  60B   0.00000175 0.10  0.456  -186.152363   24.0   3.048   3.068 |    0.000  -0.000   0.000  -0.000 |  -12.087  -7.599   1.695
  61B   0.00000155 0.11  0.456  -186.152363   24.0   3.048   3.068 |    0.000  -0.000   0.000  -0.000 |  -12.087  -7.599   1.541
  62B   0.00000134 0.13  0.456  -186.152363   24.0   3.048   3.068 |    0.000  -0.000   0.000  -0.000 |  -12.087  -7.599   1.411
  63B   0.00000064 0.14  0.456  -186.152363   24.0   3.048   3.068 |    0.000  -0.000   0.000  -0.000 |  -12.087  -7.599   1.488
  64B   0.00000061 0.16  0.456  -186.152363   24.0   3.048   3.068 |    0.000   0.000   0.000   0.000 |  -12.087  -7.599   1.417
  65B   0.00000023 0.18  0.456  -186.152363   24.0   3.048   3.068 |    0.000   0.000   0.000   0.000 |  -12.087  -7.599   1.088
  66B   0.00000015 0.21  0.456  -186.152363   24.0   3.048   3.068 |    0.000   0.000   0.000   0.000 |  -12.087  -7.599   1.694
  67B   0.00000009 0.24  0.456  -186.152363   24.0   3.048   3.068 |    0.000   0.000   0.000   0.000 |  -12.087  -7.599   1.484
  68B   0.00000007 0.27  0.456  -186.152363   24.0   3.048   3.068 |    0.000   0.000   0.000   0.000 |  -12.087  -7.599   1.397
  69B   0.00000009 0.10  0.456  -186.152363   24.0   3.048   3.068 |    0.000   0.000   0.000   0.000 |  -12.087  -7.599   1.498
  70B   0.00000003 0.11  0.456  -186.152363   24.0   3.048   3.068 |    0.000  -0.000   0.000  -0.000 |  -12.087  -7.599   1.496
  71B   0.00000004 0.10  0.456  -186.152363   24.0   3.048   3.068 |    0.000  -0.000   0.000  -0.000 |  -12.087  -7.599   1.404
  72B   0.00000004 0.10  0.456  -186.152363   24.0   3.048   3.068 |    0.000  -0.000   0.000  -0.000 |  -12.087  -7.599   1.416
  73B   0.00000004 0.11  0.456  -186.152363   24.0   3.048   3.068 |    0.000  -0.000   0.000  -0.000 |  -12.087  -7.599   0.874
  74B   0.00000003 0.13  0.456  -186.152363   24.0   3.048   3.068 |    0.000  -0.000   0.000  -0.000 |  -12.087  -7.599   1.448
  75B   0.00000003 0.14  0.456  -186.152363   24.0   3.048   3.068 |    0.000  -0.000   0.000  -0.000 |  -12.087  -7.599   1.590
  76B   0.00000002 0.16  0.456  -186.152363   24.0   3.048   3.068 |    0.000  -0.000   0.000  -0.000 |  -12.087  -7.599   1.560
  77B   0.00000002 0.18  0.456  -186.152363   24.0   3.048   3.068 |    0.000  -0.000   0.000  -0.000 |  -12.087  -7.599   1.405
  78B   0.00000001 0.21  0.456  -186.152363   24.0   3.048   3.068 |    0.000   0.000   0.000   0.000 |  -12.087  -7.599   1.412
  79B   0.00000001 0.10  0.456  -186.152363   24.0   3.048   3.068 |    0.000  -0.000   0.000  -0.000 |  -12.087  -7.599   1.415
  80B   0.00000000 0.11  0.456  -186.152363   24.0   3.048   3.068 |    0.000  -0.000   0.000  -0.000 |  -12.087  -7.599   1.480
  81B   0.00000000 0.10  0.456  -186.152363   24.0   3.048   3.068 |    0.000  -0.000   0.000  -0.000 |  -12.087  -7.599   1.699
  82B   0.00000000 0.10  0.456  -186.152363   24.0   3.048   3.068 |    0.000  -0.000   0.000  -0.000 |  -12.087  -7.599   1.135
  ----------------------------------------------------------------------------------------------------------------------------------
  *   iteration converged   after  82 steps   si=     0.0000000008 ho=  0 tho=  0
  ----------------------------------------------------------------------------------------------------------------------------------
  Total CPU time=   2.506 minutes

  Writing to wel_file: s012_012.hel
 __________________________________  
  The tape s012_012.hel recorded:     
  nucname,npr,ngh,ngl,n00,nb,nt      
  b0,beta0,si,etot,rms,bet,xmix      
  pairing:     CpV0,CpV1,pwi         
  delta:       del,ept               
  lambda:      ala,ala2,alast,tz     
  asymptotic:  varmas,ass,skass      
  ntx,nb,nhhdim,id,N_rz,n_r,n_z      
  Omega2,Sigma2,Parity,Lambda        
  matrices(inbro):    hh,de          
  *all blocking candidates           
 __________________________________  


  NB! From expect (UNPROJECTED RESULTS)

  pairing: CpV0,CpV1,...           0.100000       0.100000       1.000000       1.000000
  forces:   UNE1                          


                             neutrons         protons         total
  Requested part.numbs.      12.000000      12.000000      24.000000
  UnPj(av) part.numbs .      12.000000      12.000000      24.000000
  b0, bz, bp ..........       1.559284       1.564210       1.556827

  lambda (ala) ........     -12.086634      -7.598820
  Lambda (alast) ......     -12.086634      -7.598820
  delta(n,p), pwi .....      -0.000000      -0.000000      60.000000
  pairing energy ......       0.000000       0.000000       0.000000

  rms-radius ..........       3.048368       3.068225       3.058313
  charge-radius, r0 ...                      3.170805       3.461399
  deformation beta2....       0.455525       0.456686       0.456109
  dipole moment[fm] ...       0.000000       0.000000       0.000000
  quadrupole moment[b]        0.640824       0.650853       1.291677
  octupole moment .....       0.000000       0.000000       0.000000
  hexadecapole moment .       0.008299       0.008420       0.016719
  q5 ..................       0.000000       0.000000       0.000000
  q6 ..................       0.000251       0.000248       0.000499
  q7 ..................       0.000000       0.000000       0.000000
  q8 ..................       0.000001       0.000001       0.000002

  <r^0> [fm^0] ........            1.000000            1.000000            1.000000
  <r^2> [fm^2] ........            9.292547            9.414005            9.353276
  <r^4> [fm^4] ........          127.113239          130.689281          128.901260
  <r^6> [fm^6] ........         2250.666790         2351.281025         2300.973908
  <r^8> [fm^8] ........        48378.983821        51378.043544        49878.513683

  kinetic energy ......     199.320100     196.852375     396.172475
  volume energy .......                                  -648.164839
        rho_tau .......                                    -1.690725
        rho_rho .......                                  -646.474114
  surface energy ......                                    58.731076
   rho_DELTA_rho ......                                    58.731076
   (NABLA_rho)^2 ......                                     0.000000
  spin-orbit energy ...                                   -21.318688
        rho_NABLA_J ...                                   -21.318688
        NABLA_rho_J ...                                     0.000000
  coulomb energy ......                                    28.427613
          direct ......                                    32.823157
          exchange ....                                    -4.395544
  tensor energy .......                                     0.000000
  direct Hartree E  ...                                     0.000000
  Extra E .............                                     0.000000
  External field E ....                                     0.000000
  Entropy .............       0.000000       0.000000       0.000000

  tEnergy: ehfb (qp)...                                  -186.152363

  Calculated but not added corrections 
====================================
  cmc-diagonal part ...       0.000000       0.000000       0.000000
  cmc-hfb .............       0.000000       0.000000       0.000000
  cranking rot corr ...       0.000000       0.000000       0.000000

  SQUJ ................       0.000000       0.000000       0.000000
  CRAN x 4 ............       0.000000       0.000000       0.000000
  Rigit Body ..........       0.000000       0.000000       0.000000


   Blocking candidates are:
   neutron eqpmin=   1.4604623266001795       pwiblo=   5.1031036307982882     
    num=   1 block=   3 state=   1    32 Eqp=   1.46046233  (1-2N)E=  -1.46046233  Ovlp=   0.91944708  3+[ 2, 1, 1]
    num=   2 block=   5 state=   1    56 Eqp=   2.75394992  (1-2N)E=   2.75394992  Ovlp=   0.96906712  5+[ 2, 0, 2]
    num=   3 block=   1 state=   1     1 Eqp=   3.83541207  (1-2N)E=   3.83541207  Ovlp=   0.70381293  1+[ 2, 1, 1]
    num=   4 block=   1 state=   2     2 Eqp=   4.49436815  (1-2N)E=  -4.49436815  Ovlp=   0.79878519  1+[ 2, 2, 0]
    num=   5 block=   2 state=   1    17 Eqp=   4.74767376  (1-2N)E=  -4.74767376  Ovlp=   0.93364548  1-[ 1, 0, 1]
    num=   6 block=   2 state=   2    18 Eqp=   5.29901688  (1-2N)E=   5.29901688  Ovlp=   0.73674221  1-[ 3, 3, 0]

   Blocking candidates are:
   proton  eqpmin=   1.4038832020726630       pwiblo=   5.1031036307982882     
    num=   1 block=   3 state=   1    31 Eqp=   1.40388320  (1-2N)E=  -1.40388320  Ovlp=   0.91586899  3+[ 2, 1, 1]
    num=   2 block=   5 state=   1    54 Eqp=   2.83219349  (1-2N)E=   2.83219349  Ovlp=   0.96540372  5+[ 2, 0, 2]
    num=   3 block=   1 state=   1     1 Eqp=   3.80385913  (1-2N)E=   3.80385913  Ovlp=   0.70352187  1+[ 2, 1, 1]
    num=   4 block=   1 state=   2     2 Eqp=   4.42369617  (1-2N)E=  -4.42369617  Ovlp=   0.79352351  1+[ 2, 2, 0]
    num=   5 block=   2 state=   1    17 Eqp=   4.64404682  (1-2N)E=  -4.64404682  Ovlp=   0.93114802  1-[ 1, 0, 1]
    num=   6 block=   2 state=   2    18 Eqp=   5.30638839  (1-2N)E=   5.30638839  Ovlp=   0.72960571  1-[ 3, 3, 0]



 HFBTHO_SOLVER ended without errors

