No Skyrme interaction defined in routine skforce()
Multi-threading framework with OpenMP: 1 threads/task

  =======================================
           FORTRAN 95 CODE (KIND= 8) 
               Version: 200d  
  =======================================
       AXIALLY DEFORMED CONFIGURATIONAL  
     HARTREE-FOCK-BOGOLIUBOV CALCULATIONS
                     WITH                
            UNEDF AND DELTA PAIRING      
                     USING               
             HARMONIC-OSCILLATOR         
                   AND/OR                
       TRANSFORMED HARMONIC-OSCILLATOR   
                    BASIS                
                     ---                 
               v1.66  (2005):,           
   Stoitsov,Dobaczewski,Nazarewicz,Ring, 
               v2.00d (2012):,           
         Stoitsov,Schunck,Kortelainen    
  =======================================
    Nucleus: MG (A=  24, N= 12, Z= 12)
       Reflection Symmetry Imposed       
            ( 9/13/2022, 22:28)                               
  =======================================


  ---------------------------------------
           UNEDF Module Version:17
         M.Kortelainen & M.Stoitsov 
  ---------------------------------------

  UNE1 functional
  ----------------------------------
  Crho(0)=   -779.373008720865300    ; Crho(1)=    287.722131583286796    
  CDrho(0)=   891.477890442349690    ; CDrho(1)=  -200.587774317884879    
  Ctau(0)=  -0.989915057807676746    ; Ctau(1)=   -33.6320970701835549    
  CrDr(0)=   -46.6937106747939552    ; CrDr(1)=   -134.885397390915557    
  CrdJ(0)=   -87.4823696214905908    ; CrdJ(1)=   -42.5740154345807582    
  CJ(0)=      0.00000000000000000    ; CJ(1)=      0.00000000000000000    
  CpV0(0)=   0.100000000000000006    ; CpV0(1)=   0.100000000000000006    
  CpV1(0)=    1.00000000000000000    ; CpV1(1)=    1.00000000000000000    
  sigma=     0.270018011502707600    ; hbzero=     20.7355300000000007    
  e^2 chrg=   1.43997840859651305    ; CExPar=     1.00000000000000000    
  c.m. correction: F, chr. density in direct Coul: F
  use tensor terms: F
  use TMR pairing:  0

  Coupling constants in natural units
  -----------------------------------
  Crho_nu(0)=  -0.877667471343921757    ; Crho_nu(1)=   0.324009624211695935    
  CDrho_nu(0)=  0.941450913381434273    ; CDrho_nu(1)= -0.211831998717341041    
  Ctau_nu(0)=  -0.140321584905665799E-01; Ctau_nu(1)=  -0.476738799694694126    
  CrDr_nu(0)=  -0.661888657550520842    ; CrDr_nu(1)=   -1.91201584350493659    
  CrdJ_nu(0)=   -1.24007253549382623    ; CrdJ_nu(1)=  -0.603491509141111049    
  CJ_nu(0)=      0.00000000000000000    ; CJ_nu(1)=      0.00000000000000000    
  CpV0_nu(0)=   0.112611992142809880E-03; CpV0_nu(1)=   0.112611992142809880E-03
  CpV1_nu(0)=   0.887702254206059068E-03; CpV1_nu(1)=   0.887702254206059068E-03
  fpi_nu=        93.0000000000000000    ; Lambda_nu=     700.000000000000000    

  Nuclear matter properties
  ----------------------------------
      E_NM=     -15.8000000000000149      K_NM=     220.0000000000000284
      P_NM=      -0.0000000000000032    RHO_NM=       0.1587067693325870
    ASS_NM=      28.9867890577721070   LASS_NM=      40.0047904804136323
  SMASS_NM=       0.9924233322833640  VMASS_NM=       1.2498385742322700

  Associated (t,x)-coupling constants
  -----------------------------------
  t0=      -2078.32802325564080    ; x0=       0.537569206858470316E-01
  t1=       247.713236855157504    ; x1=       -4.58463834162639738    
  t2=       1454.84156490110240    ; x2=       -1.38042285321666469    
  t3=       14263.6462470775950    ; x3=      -0.162491168089956339    
  b4=       44.9083541869098326    ; b4p=       85.1480308691615164    
  te=      -435.110047545945747    ; to=       -193.684381936756807    
  sigma=   0.270018011502707600    ; hbzero=    20.7355300000000007    

  ---------------------------------------
        Characteristics of the run       
  ---------------------------------------
  Output file ................:     7
  Nucleus ....................:   MG  24
  Number of HO shells ........:     8
  HO length b0 (fm) ..........:     1.55928400372611
  Basis deformation ..........:  beta0=   0.010 q=   1.010
  HO: b0,1/b0,bp,bz,q ........:   0.15592840E+01  0.64131999E+00  0.15568270E+01  0.15642096E+01  0.10095067E+01
  h**2/(2m), cmc, e**2 .......:   0.20735530E+02  0.20735530E+02  0.14399784E+01
  hom=f*41.0_pr*A^{-1/3}, f...:   0.17056687E+02  0.12000000E+01
  THO basis is ...............:  OFF
  Maximal number of iterations:   400
  Initial mixing parameter ...:  0.300
  Initial w.f. ...............:  from   spherical scratch
  Skyrme functional ..........:    UNE1                          
    with direct and exchange Coulomb
  Lipkin-Nogami procedure is .:  OFF
  PAV procedure is ...........:  OFF
  Constraint calculation is ..:   ON
    Constraint 1 .............: lambda=2 Ql=   1.192
  Temperature T ..............:   0.05 MeV
  Restart indicator ..........:   1
  Broyden mixing (#iterations):   7

  ---------------------------------------
        Harmonic Oscillator Basis        
  ---------------------------------------
  NUV, NQP:                        2501     165
  Comparison with bookkeeping spherical basis:
  n00:                                8       8  Maximal number of shells
  nbx, 2*n00+1:                      17      17  Maximal number of K-blocks
  ntx, (n00+1)*(n00+2)*(n00+3)/6    165     165  Max.num. p/n levels
  nzx, n00:                           8       8  Maximal nz-quantum number
  nrx, n00/2  :                       4       4  Maximal nr-quantum number
  nlx, n00:                           8       8  Maximal ml-quantum number
  ndx, (n00+2)*(n00+2)/4:            25      25  Maximal dim. of one k-block

  Actual basis used
  Number of blocks: nb .......:   17
  Number of levels: nt .......:  165
  Maximal 2*omega : nom ......:   17
  Maximal nz:       nzm ......:    8
  Maximal nr:       nrm ......:    4
  Maximal ml:       nlm ......:    8
  Maximal N=nz+2*nr+nl .......:    8
  2 x biggest block dim. .....:   50
  Non-zero elements of h .....:     1333
  Number of Broyden elements .:     5332

  ---------------------------------------
            Integration Meshes           
  ---------------------------------------
  Number of Gauss-Hermite mesh points ngh ....:  40
  Number of Gauss-Laguerre mesh points ngl ...:  40
  Number of Gauss-Legendre mesh points nleg ..:  80
  Integration boundaries
    Hermite  - from xh(1)  =  0.12379686 to xh(ngh)   = 11.88786356
    Laguerre - From xl(1)  =  0.03570039 to xl(ngl)   =142.28004447
    Legendre - From xleg(1)=  0.00978669 to xleg(nleg)=  0.99988775
  Max.dev.in:     Orthogonality            Normalization
  Hermite     1.5248282503475657E-015   1.0991207943789050E-014
  Laguerre    4.2896485016951012E-015   8.9928064994637680E-015

  Scratch initialization for the nucleus: MG  12  12


  Initial potentials of Saxon-Woods shape 
  v0ws   =  -71.27999878
  kappa  =    0.46160001
  vs0    =   11.11750031   11.11750031
  r0     =    1.23339999    1.23339999
  a      =    0.61500001    0.61500001
  r0-so  =    1.14429998    1.14429998
  a-so   =    0.64760000    0.64760000
  beta00 =    0.01000000

  ### REGULAR STAGE (reflection symmetry imposed)
  |HFB+HO> iterations(b0=  1.559, Nsh=  8, inin=  1, N= 12, Z= 12)...
  ----------------------------------------------------------------------------------------------------------------------------------
  i          si     mix   beta      Etot       A       rn      rp         En      Dn      Ep      Dp        Ln      Lp     time
  ----------------------------------------------------------------------------------------------------------------------------------
   1L  73.90480883 0.30  0.010     0.000000    0.0   0.000   0.000 |   -2.000   1.000  -2.000   1.000 |   -7.000  -7.000   0.000
   2B  49.04581136 0.10  0.009   -41.483605   24.0   2.625   2.625 |    0.000  -0.000   0.000  -0.000 |  -17.169 -17.169  40.188
   3B  11.55822590 0.11  0.377  -151.931291   24.0   3.098   3.148 |    0.000  -0.000   0.000  -0.000 |  -12.042  -8.628   1.171
   4B  10.87620665 0.13  0.586  -175.497505   24.0   3.210   3.190 |    0.000  -0.000   0.000  -0.000 |  -13.598  -8.640   0.999
   5B  17.42750138 0.10  0.659  -178.239291   24.0   3.229   3.306 |    0.000  -0.000   0.000  -0.000 |  -14.276 -10.165   1.105
   6B  20.11979476 0.10  0.661  -179.971039   24.0   3.270   3.257 |    0.000  -0.000   0.000  -0.000 |  -14.311  -9.888   1.130
   7B  19.16291445 0.11  0.645  -183.174084   24.0   3.237   3.247 |    0.000  -0.000   0.000  -0.000 |  -14.058  -9.639   1.242
   8B  16.70360528 0.13  0.620  -184.167552   24.0   3.198   3.227 |    0.000  -0.000   0.000  -0.000 |  -13.776  -9.368   1.292
   9B   8.93871082 0.14  0.537  -186.539698   24.0   3.124   3.127 |    0.000  -0.000   0.000  -0.000 |  -13.684  -8.685   1.581
  10B   4.60646290 0.16  0.469  -187.484696   24.0   3.071   3.054 |    0.000  -0.000   0.000  -0.000 |  -12.165  -8.341   0.978
  11B   1.94549151 0.18  0.430  -189.848346   24.0   3.011   3.044 |    0.000  -0.000   0.000  -0.000 |  -12.173  -8.161   1.444
  12B   0.72116379 0.21  0.428  -190.187723   24.0   3.011   3.032 |    0.000  -0.000   0.000  -0.000 |  -12.245  -7.758   1.412
  13B   0.81329690 0.10  0.427  -190.201114   24.0   3.010   3.031 |    0.000  -0.000   0.000  -0.000 |  -12.212  -7.757   1.577
  14B   0.54334952 0.11  0.428  -190.223299   24.0   3.011   3.028 |    0.000  -0.000   0.000  -0.000 |  -12.212  -7.757   1.604
  15B   0.37156348 0.13  0.428  -190.235180   24.0   3.010   3.030 |    0.000   0.000   0.000   0.000 |  -12.212  -7.757   1.486
  16B   0.49607672 0.10  0.429  -190.234474   24.0   3.009   3.031 |    0.000  -0.000   0.000  -0.000 |  -12.212  -7.757   1.396
  17B   0.17862289 0.11  0.429  -190.237206   24.0   3.010   3.032 |    0.000  -0.000   0.000  -0.000 |  -12.212  -7.757   1.058
  18B   0.16221662 0.13  0.430  -190.239065   24.0   3.010   3.031 |    0.000   0.000   0.000   0.000 |  -12.212  -7.757   1.535
  19B   0.13707891 0.14  0.430  -190.237656   24.0   3.011   3.030 |    0.000   0.000   0.000   0.000 |  -12.212  -7.757   1.455
  20B   0.06512195 0.16  0.431  -190.232703   24.0   3.011   3.031 |    0.000   0.000   0.000   0.000 |  -12.212  -7.757   1.463
  21B   0.03632727 0.18  0.432  -190.224848   24.0   3.012   3.032 |    0.000   0.000   0.000   0.000 |  -12.212  -7.757   0.963
  22B   0.06885389 0.10  0.432  -190.222391   24.0   3.012   3.032 |    0.000   0.000   0.000   0.000 |  -12.212  -7.757   1.200
  23B   0.05414094 0.11  0.432  -190.223463   24.0   3.012   3.032 |    0.000   0.000   0.000   0.000 |  -12.212  -7.757   1.467
  24B   0.03033601 0.13  0.432  -190.225435   24.0   3.012   3.032 |    0.000   0.000   0.000   0.000 |  -12.212  -7.757   1.527
  25B   0.02746198 0.14  0.432  -190.226091   24.0   3.012   3.032 |    0.000   0.000   0.000   0.000 |  -12.212  -7.757   1.580
  26B   0.01575695 0.16  0.431  -190.226643   24.0   3.012   3.032 |    0.000   0.000   0.000   0.000 |  -12.212  -7.757   1.149
  27B   0.01347899 0.18  0.431  -190.226858   24.0   3.012   3.032 |    0.000   0.000   0.000   0.000 |  -12.212  -7.757   0.817
  28B   0.01188772 0.21  0.431  -190.227682   24.0   3.012   3.032 |    0.000   0.000   0.000   0.000 |  -12.212  -7.757   1.661
  29B   0.00364756 0.24  0.431  -190.228187   24.0   3.012   3.032 |    0.000   0.000   0.000   0.000 |  -12.212  -7.757   1.498
  30B   0.00256019 0.27  0.431  -190.228102   24.0   3.012   3.032 |    0.000   0.000   0.000   0.000 |  -12.212  -7.757   0.853
  31B   0.00189006 0.30  0.431  -190.228048   24.0   3.012   3.032 |    0.000   0.000   0.000   0.000 |  -12.212  -7.757   1.466
  32B   0.00105548 0.34  0.431  -190.227983   24.0   3.012   3.032 |    0.000   0.000   0.000   0.000 |  -12.212  -7.757   1.279
  33B   0.00047340 0.38  0.431  -190.227886   24.0   3.012   3.032 |    0.000   0.000   0.000   0.000 |  -12.212  -7.757   1.472
  34B   0.00069468 0.10  0.431  -190.227847   24.0   3.012   3.032 |    0.000   0.000   0.000   0.000 |  -12.212  -7.757   1.399
  35B   0.00075827 0.10  0.431  -190.227838   24.0   3.012   3.032 |    0.000   0.000   0.000   0.000 |  -12.212  -7.757   1.376
  36B   0.00059041 0.11  0.431  -190.227852   24.0   3.012   3.032 |    0.000   0.000   0.000   0.000 |  -12.212  -7.757   0.904
  37B   0.00044421 0.13  0.431  -190.227863   24.0   3.012   3.032 |    0.000   0.000   0.000   0.000 |  -12.212  -7.757   1.624
  38B   0.00022815 0.14  0.431  -190.227881   24.0   3.012   3.032 |    0.000   0.000   0.000   0.000 |  -12.212  -7.757   1.494
  39B   0.00027313 0.10  0.431  -190.227900   24.0   3.012   3.032 |    0.000   0.000   0.000   0.000 |  -12.212  -7.757   1.523
  40B   0.00013782 0.11  0.431  -190.227910   24.0   3.012   3.032 |    0.000   0.000   0.000   0.000 |  -12.212  -7.757   1.445
  41B   0.00007013 0.13  0.431  -190.227905   24.0   3.012   3.032 |    0.000   0.000   0.000   0.000 |  -12.212  -7.757   1.423
  42B   0.00003608 0.14  0.431  -190.227902   24.0   3.012   3.032 |    0.000   0.000   0.000   0.000 |  -12.212  -7.757   0.885
  43B   0.00001541 0.16  0.431  -190.227900   24.0   3.012   3.032 |    0.000   0.000   0.000   0.000 |  -12.212  -7.757   1.077
  44B   0.00002631 0.10  0.431  -190.227897   24.0   3.012   3.032 |    0.000  -0.000   0.000  -0.000 |  -12.212  -7.757   0.847
  45B   0.00003654 0.10  0.431  -190.227896   24.0   3.012   3.032 |    0.000  -0.000   0.000  -0.000 |  -12.212  -7.757   1.465
  46B   0.00003178 0.11  0.431  -190.227897   24.0   3.012   3.032 |    0.000  -0.000   0.000  -0.000 |  -12.212  -7.757   1.498
  47B   0.00001961 0.13  0.431  -190.227898   24.0   3.012   3.032 |    0.000   0.000   0.000   0.000 |  -12.212  -7.757   1.397
  48B   0.00001182 0.14  0.431  -190.227898   24.0   3.012   3.032 |    0.000   0.000   0.000   0.000 |  -12.212  -7.757   1.403
  49B   0.00001470 0.10  0.431  -190.227898   24.0   3.012   3.032 |    0.000   0.000   0.000   0.000 |  -12.212  -7.757   1.183
  50B   0.00000409 0.11  0.431  -190.227899   24.0   3.012   3.032 |    0.000   0.000   0.000   0.000 |  -12.212  -7.757   1.327
  51B   0.00000681 0.10  0.431  -190.227900   24.0   3.012   3.032 |    0.000   0.000   0.000   0.000 |  -12.212  -7.757   1.450
  52B   0.00000338 0.11  0.431  -190.227899   24.0   3.012   3.032 |    0.000  -0.000   0.000  -0.000 |  -12.212  -7.757   1.364
  53B   0.00000094 0.13  0.431  -190.227899   24.0   3.012   3.032 |    0.000  -0.000   0.000  -0.000 |  -12.212  -7.757   1.331
  54B   0.00000128 0.10  0.431  -190.227899   24.0   3.012   3.032 |    0.000  -0.000   0.000  -0.000 |  -12.212  -7.757   0.802
  55B   0.00000132 0.10  0.431  -190.227899   24.0   3.012   3.032 |    0.000  -0.000   0.000  -0.000 |  -12.212  -7.757   1.625
  56B   0.00000096 0.11  0.431  -190.227899   24.0   3.012   3.032 |    0.000  -0.000   0.000  -0.000 |  -12.212  -7.757   1.603
  57B   0.00000081 0.13  0.431  -190.227899   24.0   3.012   3.032 |    0.000  -0.000   0.000  -0.000 |  -12.212  -7.757   0.868
  58B   0.00000041 0.14  0.431  -190.227899   24.0   3.012   3.032 |    0.000   0.000   0.000   0.000 |  -12.212  -7.757   1.518
  59B   0.00000024 0.16  0.431  -190.227899   24.0   3.012   3.032 |    0.000   0.000   0.000   0.000 |  -12.212  -7.757   1.481
  60B   0.00000036 0.10  0.431  -190.227899   24.0   3.012   3.032 |    0.000   0.000   0.000   0.000 |  -12.212  -7.757   1.541
  61B   0.00000007 0.11  0.431  -190.227899   24.0   3.012   3.032 |    0.000   0.000   0.000   0.000 |  -12.212  -7.757   1.599
  62B   0.00000009 0.10  0.431  -190.227899   24.0   3.012   3.032 |    0.000   0.000   0.000   0.000 |  -12.212  -7.757   1.492
  63B   0.00000007 0.11  0.431  -190.227899   24.0   3.012   3.032 |    0.000   0.000   0.000   0.000 |  -12.212  -7.757   1.569
  64B   0.00000003 0.13  0.431  -190.227899   24.0   3.012   3.032 |    0.000  -0.000   0.000   0.000 |  -12.212  -7.757   1.403
  65B   0.00000002 0.14  0.431  -190.227899   24.0   3.012   3.032 |    0.000  -0.000   0.000  -0.000 |  -12.212  -7.757   1.466
  66B   0.00000001 0.16  0.431  -190.227899   24.0   3.012   3.032 |    0.000  -0.000   0.000  -0.000 |  -12.212  -7.757   1.350
  67B   0.00000001 0.18  0.431  -190.227899   24.0   3.012   3.032 |    0.000  -0.000   0.000  -0.000 |  -12.212  -7.757   1.344
  68B   0.00000001 0.21  0.431  -190.227899   24.0   3.012   3.032 |    0.000  -0.000   0.000  -0.000 |  -12.212  -7.757   1.486
  69B   0.00000000 0.24  0.431  -190.227899   24.0   3.012   3.032 |    0.000   0.000   0.000   0.000 |  -12.212  -7.757   1.559
  70B   0.00000000 0.10  0.431  -190.227899   24.0   3.012   3.032 |    0.000   0.000   0.000   0.000 |  -12.212  -7.757   1.561
  71B   0.00000000 0.11  0.431  -190.227899   24.0   3.012   3.032 |    0.000   0.000   0.000   0.000 |  -12.212  -7.757   1.112
  ----------------------------------------------------------------------------------------------------------------------------------
  *   iteration converged   after  71 steps   si=     0.0000000007 ho=  0 tho=  0
  ----------------------------------------------------------------------------------------------------------------------------------
  Total CPU time=   2.241 minutes

  Writing to wel_file: s012_012.hel
 __________________________________  
  The tape s012_012.hel recorded:     
  nucname,npr,ngh,ngl,n00,nb,nt      
  b0,beta0,si,etot,rms,bet,xmix      
  pairing:     CpV0,CpV1,pwi         
  delta:       del,ept               
  lambda:      ala,ala2,alast,tz     
  asymptotic:  varmas,ass,skass      
  ntx,nb,nhhdim,id,N_rz,n_r,n_z      
  Omega2,Sigma2,Parity,Lambda        
  matrices(inbro):    hh,de          
  *all blocking candidates           
 __________________________________  


  NB! From expect (UNPROJECTED RESULTS)

  pairing: CpV0,CpV1,...           0.100000       0.100000       1.000000       1.000000
  forces:   UNE1                          


                             neutrons         protons         total
  Requested part.numbs.      12.000000      12.000000      24.000000
  UnPj(av) part.numbs .      12.000000      12.000000      24.000000
  b0, bz, bp ..........       1.559284       1.564210       1.556827

  lambda (ala) ........     -12.211670      -7.757138
  Lambda (alast) ......     -12.211670      -7.757138
  delta(n,p), pwi .....       0.000000       0.000000      60.000000
  pairing energy ......       0.000000       0.000000       0.000000

  rms-radius ..........       3.011586       3.031807       3.021713
  charge-radius, r0 ...                      3.135579       3.461399
  deformation beta2....       0.430739       0.431823       0.431285
  dipole moment[fm] ...       0.000000       0.000000       0.000000
  quadrupole moment[b]        0.591421       0.600897       1.192317
  octupole moment .....       0.000000       0.000000       0.000000
  hexadecapole moment .       0.006596       0.006688       0.013283
  q5 ..................       0.000000       0.000000       0.000000
  q6 ..................       0.000155       0.000152       0.000307
  q7 ..................       0.000000       0.000000       0.000000
  q8 ..................      -0.000001      -0.000002      -0.000003

  <r^0> [fm^0] ........            1.000000            1.000000            1.000000
  <r^2> [fm^2] ........            9.069652            9.191853            9.130752
  <r^4> [fm^4] ........          120.699455          124.228618          122.464037
  <r^6> [fm^6] ........         2079.828605         2177.464679         2128.646642
  <r^8> [fm^8] ........        43605.634063        46474.304659        45039.969361

  kinetic energy ......     202.894457     200.286666     403.181123
  volume energy .......                                  -656.616185
        rho_tau .......                                    -1.762638
        rho_rho .......                                  -654.853546
  surface energy ......                                    57.466901
   rho_DELTA_rho ......                                    57.466901
   (NABLA_rho)^2 ......                                     0.000000
  spin-orbit energy ...                                   -22.965013
        rho_NABLA_J ...                                   -22.965013
        NABLA_rho_J ...                                     0.000000
  coulomb energy ......                                    28.705274
          direct ......                                    33.136562
          exchange ....                                    -4.431288
  tensor energy .......                                     0.000000
  direct Hartree E  ...                                     0.000000
  Extra E .............                                     0.000000
  External field E ....                                     0.000000
  Entropy .............       0.000000       0.000000       0.000000

  tEnergy: ehfb (qp)...                                  -190.227899

  Calculated but not added corrections 
====================================
  cmc-diagonal part ...       0.000000       0.000000       0.000000
  cmc-hfb .............       0.000000       0.000000       0.000000
  cranking rot corr ...       0.000000       0.000000       0.000000

  SQUJ ................       0.000000       0.000000       0.000000
  CRAN x 4 ............       0.000000       0.000000       0.000000
  Rigit Body ..........       0.000000       0.000000       0.000000


   Blocking candidates are:
   neutron eqpmin=   1.4226013430712072       pwiblo=   5.1031036307982882     
    num=   1 block=   3 state=   1    32 Eqp=   1.42260134  (1-2N)E=  -1.42260134  Ovlp=   0.92536875  3+[ 2, 1, 1]
    num=   2 block=   5 state=   1    56 Eqp=   2.43710491  (1-2N)E=   2.43710491  Ovlp=   0.97302058  5+[ 2, 0, 2]
    num=   3 block=   1 state=   1     1 Eqp=   4.03486414  (1-2N)E=   4.03486414  Ovlp=   0.65236009  1+[ 2, 1, 1]
    num=   4 block=   1 state=   2     2 Eqp=   4.17743835  (1-2N)E=  -4.17743835  Ovlp=   0.80592591  1+[ 2, 2, 0]
    num=   5 block=   2 state=   1    17 Eqp=   4.86305670  (1-2N)E=  -4.86305670  Ovlp=   0.93521850  1-[ 1, 0, 1]
    num=   6 block=   2 state=   2    18 Eqp=   5.93291679  (1-2N)E=   5.93291679  Ovlp=   0.74640490  1-[ 3, 3, 0]

   Blocking candidates are:
   proton  eqpmin=   1.2830779948295117       pwiblo=   5.1031036307982882     
    num=   1 block=   3 state=   1    31 Eqp=   1.28307799  (1-2N)E=  -1.28307799  Ovlp=   0.92197064  3+[ 2, 1, 1]
    num=   2 block=   5 state=   1    54 Eqp=   2.59881329  (1-2N)E=   2.59881329  Ovlp=   0.96951939  5+[ 2, 0, 2]
    num=   3 block=   1 state=   1     1 Eqp=   4.02390233  (1-2N)E=  -4.02390233  Ovlp=   0.80091299  1+[ 2, 2, 0]
    num=   4 block=   1 state=   2     2 Eqp=   4.08300251  (1-2N)E=   4.08300251  Ovlp=   0.65327445  1+[ 2, 1, 1]
    num=   5 block=   2 state=   1    17 Eqp=   4.68187596  (1-2N)E=  -4.68187596  Ovlp=   0.93290402  1-[ 1, 0, 1]
    num=   6 block=   2 state=   2    18 Eqp=   6.01145512  (1-2N)E=   6.01145512  Ovlp=   0.73968734  1-[ 3, 3, 0]



 HFBTHO_SOLVER ended without errors

