No Skyrme interaction defined in routine skforce()
Multi-threading framework with OpenMP: 1 threads/task

  =======================================
           FORTRAN 95 CODE (KIND= 8) 
               Version: 200d  
  =======================================
       AXIALLY DEFORMED CONFIGURATIONAL  
     HARTREE-FOCK-BOGOLIUBOV CALCULATIONS
                     WITH                
            UNEDF AND DELTA PAIRING      
                     USING               
             HARMONIC-OSCILLATOR         
                   AND/OR                
       TRANSFORMED HARMONIC-OSCILLATOR   
                    BASIS                
                     ---                 
               v1.66  (2005):,           
   Stoitsov,Dobaczewski,Nazarewicz,Ring, 
               v2.00d (2012):,           
         Stoitsov,Schunck,Kortelainen    
  =======================================
    Nucleus: MG (A=  24, N= 12, Z= 12)
       Reflection Symmetry Imposed       
            ( 9/13/2022, 20:33)                               
  =======================================


  ---------------------------------------
           UNEDF Module Version:17
         M.Kortelainen & M.Stoitsov 
  ---------------------------------------

  UNE1 functional
  ----------------------------------
  Crho(0)=   -779.373008720865300    ; Crho(1)=    287.722131583286796    
  CDrho(0)=   891.477890442349690    ; CDrho(1)=  -200.587774317884879    
  Ctau(0)=  -0.989915057807676746    ; Ctau(1)=   -33.6320970701835549    
  CrDr(0)=   -49.4878517596157792    ; CrDr(1)=   -123.454057970720584    
  CrdJ(0)=   -84.1783093393333672    ; CrdJ(1)=   -45.8877647641202344    
  CJ(0)=      0.00000000000000000    ; CJ(1)=      0.00000000000000000    
  CpV0(0)=   0.100000000000000006    ; CpV0(1)=   0.100000000000000006    
  CpV1(0)=    1.00000000000000000    ; CpV1(1)=    1.00000000000000000    
  sigma=     0.270018011502707600    ; hbzero=     20.7355300000000007    
  e^2 chrg=   1.43997840859651305    ; CExPar=     1.00000000000000000    
  c.m. correction: F, chr. density in direct Coul: F
  use tensor terms: F
  use TMR pairing:  0

  Coupling constants in natural units
  -----------------------------------
  Crho_nu(0)=  -0.877667471343921757    ; Crho_nu(1)=   0.324009624211695935    
  CDrho_nu(0)=  0.941450913381434273    ; CDrho_nu(1)= -0.211831998717341041    
  Ctau_nu(0)=  -0.140321584905665799E-01; Ctau_nu(1)=  -0.476738799694694126    
  CrDr_nu(0)=  -0.701495925101390694    ; CrDr_nu(1)=   -1.74997530756351694    
  CrdJ_nu(0)=   -1.19323710534662264    ; CrdJ_nu(1)=  -0.650464282636532110    
  CJ_nu(0)=      0.00000000000000000    ; CJ_nu(1)=      0.00000000000000000    
  CpV0_nu(0)=   0.112611992142809880E-03; CpV0_nu(1)=   0.112611992142809880E-03
  CpV1_nu(0)=   0.887702254206059068E-03; CpV1_nu(1)=   0.887702254206059068E-03
  fpi_nu=        93.0000000000000000    ; Lambda_nu=     700.000000000000000    

  Nuclear matter properties
  ----------------------------------
      E_NM=     -15.8000000000000149      K_NM=     220.0000000000000284
      P_NM=      -0.0000000000000032    RHO_NM=       0.1587067693325870
    ASS_NM=      28.9867890577721070   LASS_NM=      40.0047904804136323
  SMASS_NM=       0.9924233322833640  VMASS_NM=       1.2498385742322700

  Associated (t,x)-coupling constants
  -----------------------------------
  t0=      -2078.32802325564080    ; x0=       0.537569206858470316E-01
  t1=       262.615322640873899    ; x1=       -4.00462516950696035    
  t2=       1318.00519196663981    ; x2=       -1.40244336929514279    
  t3=       14263.6462470775950    ; x3=      -0.162491168089956339    
  b4=       38.2905445752131328    ; b4p=       91.7755295282404688    
  te=      -395.549344244178656    ; to=       -184.471370379025444    
  sigma=   0.270018011502707600    ; hbzero=    20.7355300000000007    

  ---------------------------------------
        Characteristics of the run       
  ---------------------------------------
  Output file ................:     7
  Nucleus ....................:   MG  24
  Number of HO shells ........:     8
  HO length b0 (fm) ..........:     1.55928400372611
  Basis deformation ..........:  beta0=   0.010 q=   1.010
  HO: b0,1/b0,bp,bz,q ........:   0.15592840E+01  0.64131999E+00  0.15568270E+01  0.15642096E+01  0.10095067E+01
  h**2/(2m), cmc, e**2 .......:   0.20735530E+02  0.20735530E+02  0.14399784E+01
  hom=f*41.0_pr*A^{-1/3}, f...:   0.17056687E+02  0.12000000E+01
  THO basis is ...............:  OFF
  Maximal number of iterations:   400
  Initial mixing parameter ...:  0.300
  Initial w.f. ...............:  from   spherical scratch
  Skyrme functional ..........:    UNE1                          
    with direct and exchange Coulomb
  Lipkin-Nogami procedure is .:  OFF
  PAV procedure is ...........:  OFF
  Constraint calculation is ..:   ON
    Constraint 1 .............: lambda=2 Ql=   1.590
  Temperature T ..............:   0.05 MeV
  Restart indicator ..........:   1
  Broyden mixing (#iterations):   7

  ---------------------------------------
        Harmonic Oscillator Basis        
  ---------------------------------------
  NUV, NQP:                        2501     165
  Comparison with bookkeeping spherical basis:
  n00:                                8       8  Maximal number of shells
  nbx, 2*n00+1:                      17      17  Maximal number of K-blocks
  ntx, (n00+1)*(n00+2)*(n00+3)/6    165     165  Max.num. p/n levels
  nzx, n00:                           8       8  Maximal nz-quantum number
  nrx, n00/2  :                       4       4  Maximal nr-quantum number
  nlx, n00:                           8       8  Maximal ml-quantum number
  ndx, (n00+2)*(n00+2)/4:            25      25  Maximal dim. of one k-block

  Actual basis used
  Number of blocks: nb .......:   17
  Number of levels: nt .......:  165
  Maximal 2*omega : nom ......:   17
  Maximal nz:       nzm ......:    8
  Maximal nr:       nrm ......:    4
  Maximal ml:       nlm ......:    8
  Maximal N=nz+2*nr+nl .......:    8
  2 x biggest block dim. .....:   50
  Non-zero elements of h .....:     1333
  Number of Broyden elements .:     5332

  ---------------------------------------
            Integration Meshes           
  ---------------------------------------
  Number of Gauss-Hermite mesh points ngh ....:  40
  Number of Gauss-Laguerre mesh points ngl ...:  40
  Number of Gauss-Legendre mesh points nleg ..:  80
  Integration boundaries
    Hermite  - from xh(1)  =  0.12379686 to xh(ngh)   = 11.88786356
    Laguerre - From xl(1)  =  0.03570039 to xl(ngl)   =142.28004447
    Legendre - From xleg(1)=  0.00978669 to xleg(nleg)=  0.99988775
  Max.dev.in:     Orthogonality            Normalization
  Hermite     1.5248282503475657E-015   1.0991207943789050E-014
  Laguerre    4.2896485016951012E-015   8.9928064994637680E-015

  Scratch initialization for the nucleus: MG  12  12


  Initial potentials of Saxon-Woods shape 
  v0ws   =  -71.27999878
  kappa  =    0.46160001
  vs0    =   11.11750031   11.11750031
  r0     =    1.23339999    1.23339999
  a      =    0.61500001    0.61500001
  r0-so  =    1.14429998    1.14429998
  a-so   =    0.64760000    0.64760000
  beta00 =    0.01000000

  ### REGULAR STAGE (reflection symmetry imposed)
  |HFB+HO> iterations(b0=  1.559, Nsh=  8, inin=  1, N= 12, Z= 12)...
  ----------------------------------------------------------------------------------------------------------------------------------
  i          si     mix   beta      Etot       A       rn      rp         En      Dn      Ep      Dp        Ln      Lp     time
  ----------------------------------------------------------------------------------------------------------------------------------
   1L  73.90480883 0.30  0.010     0.000000    0.0   0.000   0.000 |   -2.000   1.000  -2.000   1.000 |   -7.000  -7.000   0.000
   2B  65.64755918 0.10  0.009   -38.043080   24.0   2.625   2.625 |    0.000  -0.000   0.000  -0.000 |  -17.169 -17.169  38.514
   3B  11.54812893 0.11  0.490  -142.667452   24.0   3.184   3.245 |    0.000  -0.000   0.000  -0.000 |  -12.552  -9.372   1.024
   4B  14.66071937 0.10  0.827  -133.133332   24.0   3.467   3.439 |    0.000  -0.000   0.000  -0.000 |  -16.221 -11.812   1.051
   5B  28.84471086 0.10  0.910  -115.301122   24.0   3.540   3.755 |    0.000  -0.000   0.000  -0.000 |  -16.220 -12.481   1.014
   6B  30.74249640 0.10  0.898  -145.262903   24.0   3.715   3.569 |    0.000  -0.000   0.000  -0.000 |  -16.197 -11.634   1.134
   7B  30.38059694 0.11  0.871  -160.136629   24.0   3.563   3.630 |    0.000  -0.000   0.000  -0.000 |  -15.274 -11.306   1.122
   8B  24.69421895 0.13  0.822  -163.563608   24.0   3.517   3.527 |    0.000  -0.000   0.000  -0.000 |  -14.723 -10.574   1.183
   9B  12.03094339 0.14  0.684  -174.856836   24.0   3.348   3.332 |    0.000  -0.000   0.000  -0.000 |  -13.413  -9.389   0.961
  10B   8.60151682 0.16  0.623  -179.691414   24.0   3.234   3.276 |    0.000  -0.000   0.000  -0.000 |  -13.381  -9.030   0.782
  11B   2.89273274 0.18  0.556  -182.506863   24.0   3.165   3.171 |    0.000  -0.000   0.000  -0.000 |  -13.380  -8.370   1.241
  12B   1.38923522 0.21  0.532  -183.895017   24.0   3.124   3.150 |    0.000  -0.000   0.000  -0.000 |  -12.995  -8.328   0.740
  13B   0.78126812 0.24  0.524  -184.300366   24.0   3.115   3.140 |    0.000  -0.000   0.000  -0.000 |  -12.742  -8.110   1.359
  14B   0.77848609 0.27  0.526  -184.303288   24.0   3.115   3.131 |    0.000  -0.000   0.000  -0.000 |  -12.425  -8.028   1.331
  15B   0.83996020 0.10  0.529  -184.221084   24.0   3.113   3.136 |    0.000   0.000   0.000   0.000 |  -12.425  -8.028   1.381
  16B   0.42670896 0.11  0.530  -184.244210   24.0   3.114   3.138 |    0.000  -0.000   0.000  -0.000 |  -12.425  -8.028   0.978
  17B   0.33366822 0.13  0.531  -184.216501   24.0   3.118   3.136 |    0.000  -0.000   0.000  -0.000 |  -12.425  -8.028   0.743
  18B   0.19013004 0.14  0.533  -184.166050   24.0   3.118   3.139 |    0.000  -0.000   0.000  -0.000 |  -12.425  -8.028   1.401
  19B   0.12120435 0.16  0.535  -184.120253   24.0   3.119   3.141 |    0.000  -0.000   0.000  -0.000 |  -12.425  -8.028   1.265
  20B   0.08242278 0.18  0.536  -184.109009   24.0   3.120   3.140 |    0.000  -0.000   0.000  -0.000 |  -12.425  -8.028   1.421
  21B   0.03913893 0.21  0.536  -184.093201   24.0   3.120   3.141 |    0.000  -0.000   0.000  -0.000 |  -12.425  -8.028   1.258
  22B   0.02519376 0.24  0.536  -184.092105   24.0   3.120   3.141 |    0.000  -0.000   0.000  -0.000 |  -12.425  -8.028   1.627
  23B   0.01202412 0.27  0.536  -184.096375   24.0   3.120   3.141 |    0.000  -0.000   0.000  -0.000 |  -12.425  -8.028   1.166
  24B   0.00956037 0.30  0.536  -184.097350   24.0   3.120   3.141 |    0.000  -0.000   0.000  -0.000 |  -12.425  -8.028   1.335
  25B   0.00645327 0.34  0.536  -184.099279   24.0   3.120   3.141 |    0.000  -0.000   0.000  -0.000 |  -12.425  -8.028   1.330
  26B   0.00481441 0.38  0.536  -184.099774   24.0   3.120   3.141 |    0.000  -0.000   0.000  -0.000 |  -12.425  -8.028   1.398
  27B   0.00242629 0.43  0.536  -184.101097   24.0   3.120   3.141 |    0.000  -0.000   0.000  -0.000 |  -12.425  -8.028   0.759
  28B   0.00238237 0.49  0.536  -184.101407   24.0   3.120   3.141 |    0.000  -0.000   0.000  -0.000 |  -12.425  -8.028   1.329
  29B   0.00191911 0.55  0.536  -184.101382   24.0   3.120   3.141 |    0.000  -0.000   0.000  -0.000 |  -12.425  -8.028   1.505
  30B   0.00153869 0.63  0.536  -184.101385   24.0   3.120   3.141 |    0.000  -0.000   0.000  -0.000 |  -12.425  -8.028   0.815
  31B   0.00137702 0.71  0.536  -184.101290   24.0   3.120   3.141 |    0.000  -0.000   0.000  -0.000 |  -12.425  -8.028   1.435
  32B   0.00075082 0.80  0.536  -184.101094   24.0   3.120   3.141 |    0.000  -0.000   0.000  -0.000 |  -12.425  -8.028   1.042
  33B   0.00063828 0.90  0.536  -184.101054   24.0   3.120   3.141 |    0.000  -0.000   0.000  -0.000 |  -12.425  -8.028   1.404
  34B   0.00032723 1.00  0.536  -184.100867   24.0   3.120   3.141 |    0.000  -0.000   0.000  -0.000 |  -12.425  -8.028   1.337
  35B   0.00050742 0.10  0.536  -184.100842   24.0   3.120   3.141 |    0.000  -0.000   0.000  -0.000 |  -12.425  -8.028   1.085
  36B   0.00016904 0.11  0.536  -184.100765   24.0   3.120   3.141 |    0.000  -0.000   0.000  -0.000 |  -12.425  -8.028   0.970
  37B   0.00016050 0.13  0.536  -184.100764   24.0   3.120   3.141 |    0.000  -0.000   0.000  -0.000 |  -12.425  -8.028   1.492
  38B   0.00011115 0.14  0.536  -184.100783   24.0   3.120   3.141 |    0.000  -0.000   0.000  -0.000 |  -12.425  -8.028   1.333
  39B   0.00009323 0.16  0.536  -184.100791   24.0   3.120   3.141 |    0.000  -0.000   0.000  -0.000 |  -12.425  -8.028   1.224
  40B   0.00005575 0.18  0.536  -184.100802   24.0   3.120   3.141 |    0.000  -0.000   0.000  -0.000 |  -12.425  -8.028   1.350
  41B   0.00002931 0.21  0.536  -184.100812   24.0   3.120   3.141 |    0.000  -0.000   0.000  -0.000 |  -12.425  -8.028   1.311
  42B   0.00002499 0.24  0.536  -184.100821   24.0   3.120   3.141 |    0.000  -0.000   0.000  -0.000 |  -12.425  -8.028   1.268
  43B   0.00001582 0.27  0.536  -184.100828   24.0   3.120   3.141 |    0.000  -0.000   0.000  -0.000 |  -12.425  -8.028   1.378
  44B   0.00001979 0.10  0.536  -184.100828   24.0   3.120   3.141 |    0.000  -0.000   0.000  -0.000 |  -12.425  -8.028   1.457
  45B   0.00001838 0.11  0.536  -184.100829   24.0   3.120   3.141 |    0.000  -0.000   0.000  -0.000 |  -12.425  -8.028   0.767
  46B   0.00001690 0.13  0.536  -184.100828   24.0   3.120   3.141 |    0.000  -0.000   0.000  -0.000 |  -12.425  -8.028   1.317
  47B   0.00001162 0.14  0.536  -184.100827   24.0   3.120   3.141 |    0.000  -0.000   0.000  -0.000 |  -12.425  -8.028   1.362
  48B   0.00000605 0.16  0.536  -184.100824   24.0   3.120   3.141 |    0.000  -0.000   0.000  -0.000 |  -12.425  -8.028   1.365
  49B   0.00000536 0.18  0.536  -184.100823   24.0   3.120   3.141 |    0.000  -0.000   0.000  -0.000 |  -12.425  -8.028   0.803
  50B   0.00000400 0.21  0.536  -184.100822   24.0   3.120   3.141 |    0.000  -0.000   0.000  -0.000 |  -12.425  -8.028   1.065
  51B   0.00000284 0.24  0.536  -184.100821   24.0   3.120   3.141 |    0.000  -0.000   0.000  -0.000 |  -12.425  -8.028   1.477
  52B   0.00000167 0.27  0.536  -184.100822   24.0   3.120   3.141 |    0.000  -0.000   0.000  -0.000 |  -12.425  -8.028   1.459
  53B   0.00000092 0.30  0.536  -184.100822   24.0   3.120   3.141 |    0.000  -0.000   0.000  -0.000 |  -12.425  -8.028   1.385
  54B   0.00000169 0.10  0.536  -184.100823   24.0   3.120   3.141 |    0.000   0.000   0.000   0.000 |  -12.425  -8.028   1.307
  55B   0.00000133 0.11  0.536  -184.100822   24.0   3.120   3.141 |    0.000  -0.000   0.000  -0.000 |  -12.425  -8.028   1.364
  56B   0.00000056 0.13  0.536  -184.100823   24.0   3.120   3.141 |    0.000   0.000   0.000   0.000 |  -12.425  -8.028   1.293
  57B   0.00000088 0.10  0.536  -184.100823   24.0   3.120   3.141 |    0.000   0.000   0.000   0.000 |  -12.425  -8.028   1.250
  58B   0.00000075 0.11  0.536  -184.100823   24.0   3.120   3.141 |    0.000   0.000   0.000   0.000 |  -12.425  -8.028   1.335
  59B   0.00000061 0.13  0.536  -184.100823   24.0   3.120   3.141 |    0.000   0.000   0.000   0.000 |  -12.425  -8.028   1.317
  60B   0.00000038 0.14  0.536  -184.100823   24.0   3.120   3.141 |    0.000  -0.000   0.000  -0.000 |  -12.425  -8.028   1.270
  61B   0.00000016 0.16  0.536  -184.100823   24.0   3.120   3.141 |    0.000   0.000   0.000   0.000 |  -12.425  -8.028   1.292
  62B   0.00000008 0.18  0.536  -184.100822   24.0   3.120   3.141 |    0.000   0.000   0.000   0.000 |  -12.425  -8.028   0.841
  63B   0.00000011 0.10  0.536  -184.100822   24.0   3.120   3.141 |    0.000   0.000   0.000   0.000 |  -12.425  -8.028   1.027
  64B   0.00000012 0.10  0.536  -184.100822   24.0   3.120   3.141 |    0.000   0.000   0.000   0.000 |  -12.425  -8.028   1.150
  65B   0.00000004 0.11  0.536  -184.100822   24.0   3.120   3.141 |    0.000   0.000   0.000   0.000 |  -12.425  -8.028   1.313
  66B   0.00000004 0.10  0.536  -184.100822   24.0   3.120   3.141 |    0.000   0.000   0.000   0.000 |  -12.425  -8.028   1.312
  67B   0.00000004 0.11  0.536  -184.100822   24.0   3.120   3.141 |    0.000   0.000   0.000   0.000 |  -12.425  -8.028   1.040
  68B   0.00000004 0.10  0.536  -184.100822   24.0   3.120   3.141 |    0.000   0.000   0.000   0.000 |  -12.425  -8.028   0.958
  69B   0.00000004 0.11  0.536  -184.100822   24.0   3.120   3.141 |    0.000   0.000   0.000   0.000 |  -12.425  -8.028   1.424
  70B   0.00000004 0.13  0.536  -184.100822   24.0   3.120   3.141 |    0.000   0.000   0.000   0.000 |  -12.425  -8.028   1.515
  71B   0.00000003 0.14  0.536  -184.100822   24.0   3.120   3.141 |    0.000   0.000   0.000   0.000 |  -12.425  -8.028   1.079
  72B   0.00000001 0.16  0.536  -184.100822   24.0   3.120   3.141 |    0.000   0.000   0.000   0.000 |  -12.425  -8.028   1.372
  73B   0.00000001 0.10  0.536  -184.100822   24.0   3.120   3.141 |    0.000   0.000   0.000   0.000 |  -12.425  -8.028   1.358
  74B   0.00000000 0.11  0.536  -184.100822   24.0   3.120   3.141 |    0.000   0.000   0.000   0.000 |  -12.425  -8.028   1.358
  75B   0.00000000 0.13  0.536  -184.100822   24.0   3.120   3.141 |    0.000   0.000   0.000   0.000 |  -12.425  -8.028   1.401
  76B   0.00000000 0.10  0.536  -184.100822   24.0   3.120   3.141 |    0.000  -0.000   0.000  -0.000 |  -12.425  -8.028   1.294
  77B   0.00000000 0.11  0.536  -184.100822   24.0   3.120   3.141 |    0.000  -0.000   0.000  -0.000 |  -12.425  -8.028   0.924
  78B   0.00000000 0.10  0.536  -184.100822   24.0   3.120   3.141 |    0.000   0.000   0.000   0.000 |  -12.425  -8.028   0.897
  79B   0.00000000 0.10  0.536  -184.100822   24.0   3.120   3.141 |    0.000   0.000   0.000   0.000 |  -12.425  -8.028   1.253
  80B   0.00000000 0.10  0.536  -184.100822   24.0   3.120   3.141 |    0.000   0.000   0.000   0.000 |  -12.425  -8.028   1.158
  81B   0.00000000 0.11  0.536  -184.100822   24.0   3.120   3.141 |    0.000   0.000   0.000   0.000 |  -12.425  -8.028   0.880
  82B   0.00000000 0.13  0.536  -184.100822   24.0   3.120   3.141 |    0.000   0.000   0.000   0.000 |  -12.425  -8.028   0.790
  83B   0.00000000 0.10  0.536  -184.100822   24.0   3.120   3.141 |    0.000   0.000   0.000   0.000 |  -12.425  -8.028   1.282
  84B   0.00000000 0.11  0.536  -184.100822   24.0   3.120   3.141 |    0.000   0.000   0.000   0.000 |  -12.425  -8.028   1.307
  85B   0.00000000 0.13  0.536  -184.100822   24.0   3.120   3.141 |    0.000  -0.000   0.000  -0.000 |  -12.425  -8.028   1.224
  ----------------------------------------------------------------------------------------------------------------------------------
  *   iteration converged   after  85 steps   si=     0.0000000007 ho=  0 tho=  0
  ----------------------------------------------------------------------------------------------------------------------------------
  Total CPU time=   2.336 minutes

  Writing to wel_file: s012_012.hel
 __________________________________  
  The tape s012_012.hel recorded:     
  nucname,npr,ngh,ngl,n00,nb,nt      
  b0,beta0,si,etot,rms,bet,xmix      
  pairing:     CpV0,CpV1,pwi         
  delta:       del,ept               
  lambda:      ala,ala2,alast,tz     
  asymptotic:  varmas,ass,skass      
  ntx,nb,nhhdim,id,N_rz,n_r,n_z      
  Omega2,Sigma2,Parity,Lambda        
  matrices(inbro):    hh,de          
  *all blocking candidates           
 __________________________________  


  NB! From expect (UNPROJECTED RESULTS)

  pairing: CpV0,CpV1,...           0.100000       0.100000       1.000000       1.000000
  forces:   UNE1                          


                             neutrons         protons         total
  Requested part.numbs.      12.000000      12.000000      24.000000
  UnPj(av) part.numbs .      12.000000      12.000000      24.000000
  b0, bz, bp ..........       1.559284       1.564210       1.556827

  lambda (ala) ........     -12.425238      -8.028246
  Lambda (alast) ......     -12.425238      -8.028246
  delta(n,p), pwi .....       0.000000       0.000000      60.000000
  pairing energy ......       0.000000       0.000000       0.000000

  rms-radius ..........       3.119640       3.140757       3.130216
  charge-radius, r0 ...                      3.241042       3.461399
  deformation beta2....       0.535187       0.536547       0.535871
  dipole moment[fm] ...       0.000000       0.000000       0.000000
  quadrupole moment[b]        0.788507       0.801250       1.589756
  octupole moment .....       0.000000       0.000000       0.000000
  hexadecapole moment .       0.013983       0.014227       0.028210
  q5 ..................       0.000000       0.000000       0.000000
  q6 ..................       0.000639       0.000639       0.001278
  q7 ..................       0.000000       0.000000       0.000000
  q8 ..................       0.000015       0.000013       0.000028

  <r^0> [fm^0] ........            1.000000            1.000000            1.000000
  <r^2> [fm^2] ........            9.732152            9.864355            9.798253
  <r^4> [fm^4] ........          140.492131          144.470139          142.481135
  <r^6> [fm^6] ........         2624.721615         2738.995337         2681.858476
  <r^8> [fm^8] ........        59279.315236        62750.648483        61014.981859

  kinetic energy ......     195.887716     193.435930     389.323646
  volume energy .......                                  -639.788560
        rho_tau .......                                    -1.614234
        rho_rho .......                                  -638.174326
  surface energy ......                                    57.463949
   rho_DELTA_rho ......                                    57.463949
   (NABLA_rho)^2 ......                                     0.000000
  spin-orbit energy ...                                   -19.084673
        rho_NABLA_J ...                                   -19.084673
        NABLA_rho_J ...                                     0.000000
  coulomb energy ......                                    27.984816
          direct ......                                    32.344426
          exchange ....                                    -4.359610
  tensor energy .......                                     0.000000
  direct Hartree E  ...                                     0.000000
  Extra E .............                                     0.000000
  External field E ....                                     0.000000
  Entropy .............       0.000000       0.000000       0.000000

  tEnergy: ehfb (qp)...                                  -184.100822

  Calculated but not added corrections 
====================================
  cmc-diagonal part ...       0.000000       0.000000       0.000000
  cmc-hfb .............       0.000000       0.000000       0.000000
  cranking rot corr ...       0.000000       0.000000       0.000000

  SQUJ ................       0.000000       0.000000       0.000000
  CRAN x 4 ............       0.000000       0.000000       0.000000
  Rigit Body ..........       0.000000       0.000000       0.000000


   Blocking candidates are:
   neutron eqpmin=   1.5169302936343598       pwiblo=   5.1031036307982882     
    num=   1 block=   3 state=   1    33 Eqp=   1.51693029  (1-2N)E=  -1.51693029  Ovlp=   0.90442802  3+[ 2, 1, 1]
    num=   2 block=   1 state=   1     1 Eqp=   3.70928322  (1-2N)E=   3.70928322  Ovlp=   0.78790795  1+[ 2, 1, 1]
    num=   3 block=   2 state=   1    17 Eqp=   3.74742848  (1-2N)E=   3.74742848  Ovlp=   0.70219901  1-[ 3, 3, 0]
    num=   4 block=   2 state=   2    18 Eqp=   4.04255741  (1-2N)E=  -4.04255741  Ovlp=   0.92776669  1-[ 1, 0, 1]
    num=   5 block=   5 state=   1    57 Eqp=   4.07162283  (1-2N)E=   4.07162283  Ovlp=   0.95887322  5+[ 2, 0, 2]
    num=   6 block=   1 state=   2     2 Eqp=   5.48397925  (1-2N)E=  -5.48397925  Ovlp=   0.77242460  1+[ 2, 2, 0]

   Blocking candidates are:
   proton  eqpmin=   1.4199060530923191       pwiblo=   5.1031036307982882     
    num=   1 block=   3 state=   1    31 Eqp=   1.41990605  (1-2N)E=  -1.41990605  Ovlp=   0.90021230  3+[ 2, 1, 1]
    num=   2 block=   1 state=   1     1 Eqp=   3.70481897  (1-2N)E=   3.70481897  Ovlp=   0.78481073  1+[ 2, 1, 1]
    num=   3 block=   2 state=   1    17 Eqp=   3.82496233  (1-2N)E=   3.82496233  Ovlp=   0.69369939  1-[ 3, 3, 0]
    num=   4 block=   2 state=   2    18 Eqp=   3.90376806  (1-2N)E=  -3.90376806  Ovlp=   0.92469329  1-[ 1, 0, 1]
    num=   5 block=   5 state=   1    54 Eqp=   4.18636196  (1-2N)E=   4.18636196  Ovlp=   0.95470507  5+[ 2, 0, 2]
    num=   6 block=   1 state=   2     2 Eqp=   5.36463176  (1-2N)E=  -5.36463176  Ovlp=   0.76593709  1+[ 2, 2, 0]



 HFBTHO_SOLVER ended without errors

