
  =======================================
           FORTRAN 95 CODE (KIND= 8) 
               Version: 200d  
  =======================================
       AXIALLY DEFORMED CONFIGURATIONAL  
     HARTREE-FOCK-BOGOLIUBOV CALCULATIONS
                     WITH                
            UNEDF AND DELTA PAIRING      
                     USING               
             HARMONIC-OSCILLATOR         
                   AND/OR                
       TRANSFORMED HARMONIC-OSCILLATOR   
                    BASIS                
                     ---                 
               v1.66  (2005):,           
   Stoitsov,Dobaczewski,Nazarewicz,Ring, 
               v2.00d (2012):,           
         Stoitsov,Schunck,Kortelainen    
  =======================================
    Nucleus: GD (A= 156, N= 92, Z= 64)
       Reflection Symmetry Imposed       
            (10/14/2022,  7:39)                               
  =======================================


  ---------------------------------------
           UNEDF Module Version:17
         M.Kortelainen & M.Stoitsov 
  ---------------------------------------

  UNE1 functional
  ----------------------------------
  Crho(0)=   -787.596226463777839    ; Crho(1)=    351.320294264050915    
  CDrho(0)=   886.300330190898990    ; CDrho(1)=  -319.640172152944388    
  Ctau(0)=    2.69899224771106816    ; Ctau(1)=   -29.8775850856257996    
  CrDr(0)=   -46.4682281050832557    ; CrDr(1)=   -104.751525216471180    
  CrdJ(0)=   -77.9519530591192762    ; CrdJ(1)=   -35.0981250704832561    
  CJ(0)=      0.00000000000000000    ; CJ(1)=      0.00000000000000000    
  CpV0(0)=   0.100000000000000006    ; CpV0(1)=   0.100000000000000006    
  CpV1(0)=    1.00000000000000000    ; CpV1(1)=    1.00000000000000000    
  sigma=     0.262551335656697971    ; hbzero=     20.7355300000000007    
  e^2 chrg=   1.43997840859651305    ; CExPar=     1.00000000000000000    
  c.m. correction: F, chr. density in direct Coul: F
  use tensor terms: F
  use TMR pairing:  0

  Coupling constants in natural units
  -----------------------------------
  Crho_nu(0)=  -0.886927800662456467    ; Crho_nu(1)=   0.395628782172729510    
  CDrho_nu(0)=  0.937647181382355588    ; CDrho_nu(1)= -0.338158179870276132    
  Ctau_nu(0)=   0.382585219670941237E-01; Ctau_nu(1)=  -0.423518165452880624    
  CrDr_nu(0)=  -0.658692416489143340    ; CrDr_nu(1)=   -1.48486477943007444    
  CrdJ_nu(0)=   -1.10497779718316091    ; CrdJ_nu(1)=  -0.497519913275664138    
  CJ_nu(0)=      0.00000000000000000    ; CJ_nu(1)=      0.00000000000000000    
  CpV0_nu(0)=   0.112611992142809880E-03; CpV0_nu(1)=   0.112611992142809880E-03
  CpV1_nu(0)=   0.887702254206059068E-03; CpV1_nu(1)=   0.887702254206059068E-03
  fpi_nu=        93.0000000000000000    ; Lambda_nu=     700.000000000000000    

  Nuclear matter properties
  ----------------------------------
      E_NM=     -15.7999999999999741      K_NM=     220.0000000000000853
      P_NM=       0.0000000000000059    RHO_NM=       0.1590263826104598
    ASS_NM=      28.5787644219189900   LASS_NM=      32.4870114441613183
  SMASS_NM=       1.0206993008544833  VMASS_NM=       1.2498385742322700

  Associated (t,x)-coupling constants
  -----------------------------------
  t0=      -2100.25660390340727    ; x0=       0.169099754022643989    
  t1=       251.429206224058760    ; x1=       -3.59533265147797287    
  t2=       1119.33570209109917    ; x2=       -1.40882271542405557    
  t3=       14180.8052830543838    ; x3=       0.409681593215093232E-01
  b4=       42.8538279886360201    ; b4p=       70.1962501409665123    
  te=      -334.882369383066191    ; to=       -161.301070209658064    
  sigma=   0.262551335656697971    ; hbzero=    20.7355300000000007    

  ---------------------------------------
        Characteristics of the run       
  ---------------------------------------
  Output file ................:     7
  Nucleus ....................:   GD 156
  Number of HO shells ........:     8
  HO length b0 (fm) ..........:     2.13015292605643
  Basis deformation ..........:  beta0=   0.010 q=   1.010
  HO: b0,1/b0,bp,bz,q ........:   0.21301529E+01  0.46944986E+00  0.21267964E+01  0.21368819E+01  0.10095067E+01
  h**2/(2m), cmc, e**2 .......:   0.20735530E+02  0.20735530E+02  0.14399784E+01
  hom=f*41.0_pr*A^{-1/3}, f...:   0.91395238E+01  0.12000000E+01
  THO basis is ...............:  OFF
  Maximal number of iterations:   400
  Initial mixing parameter ...:  0.300
  Initial w.f. ...............:  from   spherical scratch
  Skyrme functional ..........:    UNE1                          
    with direct and exchange Coulomb
  Lipkin-Nogami procedure is .:  OFF
  PAV procedure is ...........:  OFF
  Constraint calculation is ..:   ON
    Constraint 1 .............: lambda=2 Ql=  16.873
  Temperature T ..............:   0.05 MeV
  Restart indicator ..........:   1
  Broyden mixing (#iterations):   7

  ---------------------------------------
        Harmonic Oscillator Basis        
  ---------------------------------------
  NUV, NQP:                        2501     165
  Comparison with bookkeeping spherical basis:
  n00:                                8       8  Maximal number of shells
  nbx, 2*n00+1:                      17      17  Maximal number of K-blocks
  ntx, (n00+1)*(n00+2)*(n00+3)/6    165     165  Max.num. p/n levels
  nzx, n00:                           8       8  Maximal nz-quantum number
  nrx, n00/2  :                       4       4  Maximal nr-quantum number
  nlx, n00:                           8       8  Maximal ml-quantum number
  ndx, (n00+2)*(n00+2)/4:            25      25  Maximal dim. of one k-block

  Actual basis used
  Number of blocks: nb .......:   17
  Number of levels: nt .......:  165
  Maximal 2*omega : nom ......:   17
  Maximal nz:       nzm ......:    8
  Maximal nr:       nrm ......:    4
  Maximal ml:       nlm ......:    8
  Maximal N=nz+2*nr+nl .......:    8
  2 x biggest block dim. .....:   50
  Non-zero elements of h .....:     1333
  Number of Broyden elements .:     5332

  ---------------------------------------
            Integration Meshes           
  ---------------------------------------
  Number of Gauss-Hermite mesh points ngh ....:  40
  Number of Gauss-Laguerre mesh points ngl ...:  40
  Number of Gauss-Legendre mesh points nleg ..:  80
  Integration boundaries
    Hermite  - from xh(1)  =  0.12379686 to xh(ngh)   = 11.88786356
    Laguerre - From xl(1)  =  0.03570039 to xl(ngl)   =142.28004447
    Legendre - From xleg(1)=  0.00978669 to xleg(nleg)=  0.99988775
  Max.dev.in:     Orthogonality            Normalization
  Hermite     1.5248282503475657E-015   1.0991207943789050E-014
  Laguerre    4.2896485016951012E-015   8.9928064994637680E-015

  Scratch initialization for the nucleus: GD  92  64


  Initial potentials of Saxon-Woods shape 
  v0ws   =  -71.27999878
  kappa  =    0.46160001
  vs0    =   11.11750031   11.11750031
  r0     =    1.23339999    1.23339999
  a      =    0.61500001    0.61500001
  r0-so  =    1.14429998    1.14429998
  a-so   =    0.64760000    0.64760000
  beta00 =    0.01000000

  ### REGULAR STAGE (reflection symmetry imposed)
  |HFB+HO> iterations(b0=  2.130, Nsh=  8, inin=  1, N= 92, Z= 64)...
  ----------------------------------------------------------------------------------------------------------------------------------
  i          si     mix   beta      Etot       A       rn      rp         En      Dn      Ep      Dp        Ln      Lp     time
  ----------------------------------------------------------------------------------------------------------------------------------
   1L  69.94764065 0.30  0.010     0.000000    0.0   0.000   0.000 |   -2.000   1.000  -2.000   1.000 |   -7.000  -7.000   0.000
   2B  41.03002859 0.10  0.017 -1051.187800  156.0   4.802   4.555 |    0.000  -0.000   0.000   0.000 |  -14.068 -26.543  21.743
   3B  15.61935353 0.11  0.203 -1172.697516  156.0   4.994   4.962 |    0.000  -0.000   0.000  -0.000 |   -6.416 -10.571   0.795
   4B  15.29619045 0.13  0.414 -1051.220138  156.0   5.290   5.038 |    0.000  -0.000   0.000  -0.000 |   -7.525  -8.169   0.758
   5B   5.41948831 0.14  0.456 -1235.127888  156.0   5.293   5.200 |    0.000  -0.000   0.000  -0.000 |   -7.568  -7.992   0.642
   6B   6.37615914 0.10  0.527 -1218.415277  156.0   5.351   5.281 |    0.000  -0.000   0.000  -0.000 |   -7.233  -7.930   0.647
   7B   8.42912526 0.10  0.549 -1225.415257  156.0   5.374   5.312 |    0.000   0.000   0.000   0.000 |   -7.177  -7.896   0.790
   8B   7.09702261 0.11  0.531 -1235.122136  156.0   5.362   5.269 |    0.000   0.000   0.000   0.000 |   -6.715  -7.498   0.741
   9B   2.59194276 0.13  0.480 -1245.586890  156.0   5.314   5.234 |    0.000  -0.000   0.000  -0.000 |   -6.538  -7.186   0.945
  10B   2.36430813 0.14  0.494 -1243.383667  156.0   5.321   5.229 |    0.000  -0.000   0.000  -0.000 |   -6.560  -7.118   0.980
  11B   4.40084771 0.10  0.467 -1248.145786  156.0   5.305   5.220 |    0.000  -0.000   0.000  -0.000 |   -6.443  -6.872   0.681
  12B   4.57882527 0.10  0.455 -1253.021870  156.0   5.297   5.210 |    0.000  -0.000   0.000  -0.000 |   -6.562  -6.941   0.818
  13L   4.18487420 0.11  0.436 -1256.153430  156.0   5.284   5.189 |    0.000  -0.000   0.000  -0.000 |   -6.823  -7.123   1.059
  14L   3.56395997 0.13  0.417 -1258.748496  156.0   5.267   5.168 |    0.000  -0.000   0.000  -0.000 |   -7.008  -7.197   0.707
  15L   3.02207402 0.14  0.385 -1260.566580  156.0   5.233   5.147 |    0.000  -0.000   0.000  -0.000 |   -6.975  -7.208   0.801
  16L   2.47668193 0.16  0.367 -1263.250738  156.0   5.228   5.121 |    0.000  -0.000   0.000  -0.000 |   -6.859  -7.086   0.560
  17L   2.18403160 0.18  0.347 -1264.564493  156.0   5.213   5.103 |    0.000  -0.000   0.000  -0.000 |   -6.695  -7.019   0.665
  18B   1.93461176 0.21  0.331 -1265.736128  156.0   5.204   5.095 |    0.000  -0.000   0.000  -0.000 |   -6.597  -6.929   0.769
  19B   2.39140433 0.10  0.265 -1267.047410  156.0   5.168   5.075 |    0.000   0.000   0.000   0.000 |   -6.347  -6.905   0.747
  20B   1.35117761 0.11  0.300 -1266.099438  156.0   5.192   5.093 |    0.000  -0.000   0.000  -0.000 |   -6.875  -7.095   0.655
  21B   1.06622988 0.13  0.314 -1266.521502  156.0   5.195   5.101 |    0.000  -0.000   0.000  -0.000 |   -6.991  -7.220   0.738
  22B   1.03226472 0.14  0.293 -1267.505499  156.0   5.189   5.086 |    0.000  -0.000   0.000  -0.000 |   -6.919  -7.110   0.637
  23B   0.89407709 0.16  0.297 -1267.965229  156.0   5.192   5.088 |    0.000  -0.000   0.000  -0.000 |   -7.070  -7.148   0.839
  24B   0.81052719 0.18  0.333 -1266.128218  156.0   5.211   5.103 |    0.000  -0.000   0.000  -0.000 |   -7.074  -7.289   1.010
  25B   0.68502591 0.21  0.309 -1267.560918  156.0   5.199   5.094 |    0.000  -0.000   0.000  -0.000 |   -7.146  -7.229   0.627
  26B   0.42977308 0.24  0.316 -1267.430592  156.0   5.201   5.101 |    0.000  -0.000   0.000  -0.000 |   -7.133  -7.244   0.521
  27B   0.17020417 0.27  0.320 -1267.437033  156.0   5.204   5.101 |    0.000  -0.000   0.000  -0.000 |   -7.135  -7.254   0.515
  28B   0.14702785 0.30  0.326 -1267.174489  156.0   5.205   5.105 |    0.000  -0.000   0.000  -0.000 |   -7.116  -7.251   0.675
  29B   0.11689302 0.34  0.326 -1267.219114  156.0   5.205   5.104 |    0.000  -0.000   0.000  -0.000 |   -7.104  -7.241   0.556
  30B   0.22791949 0.10  0.322 -1267.396503  156.0   5.203   5.101 |    0.000   0.000   0.000   0.000 |   -7.096  -7.215   0.802
  31B   0.16529844 0.11  0.323 -1267.354393  156.0   5.204   5.102 |    0.000   0.000   0.000   0.000 |   -7.097  -7.217   0.639
  32B   0.14494616 0.13  0.324 -1267.328513  156.0   5.204   5.102 |    0.000  -0.000   0.000  -0.000 |   -7.097  -7.218   0.635
  33B   0.15145873 0.10  0.323 -1267.338577  156.0   5.204   5.102 |    0.000  -0.000   0.000  -0.000 |   -7.097  -7.217   0.818
  34B   0.13778273 0.11  0.324 -1267.318130  156.0   5.204   5.102 |    0.000   0.000   0.000   0.000 |   -7.096  -7.219   0.706
  35B   0.15140257 0.10  0.323 -1267.363890  156.0   5.204   5.101 |    0.000  -0.000   0.000  -0.000 |   -7.096  -7.214   0.699
  36B   0.19265016 0.10  0.323 -1267.381194  156.0   5.203   5.101 |    0.000  -0.000   0.000  -0.000 |   -7.099  -7.209   0.808
  37B   0.16978205 0.11  0.323 -1267.378661  156.0   5.203   5.102 |    0.000  -0.000   0.000  -0.000 |   -7.098  -7.209   0.932
  38B   0.18633230 0.10  0.322 -1267.395405  156.0   5.203   5.101 |    0.000  -0.000   0.000  -0.000 |   -7.093  -7.200   0.955
  39B   0.14876065 0.11  0.324 -1267.288634  156.0   5.204   5.103 |    0.000   0.000   0.000   0.000 |   -7.091  -7.216   0.714
  40B   0.16254251 0.10  0.324 -1267.293145  156.0   5.204   5.103 |    0.000   0.000   0.000   0.000 |   -7.090  -7.216   0.783
  41B   0.10940238 0.11  0.323 -1267.402789  156.0   5.202   5.101 |    0.000   0.000   0.000   0.000 |   -7.107  -7.194   0.692
  42B   0.05802171 0.13  0.322 -1267.446992  156.0   5.201   5.100 |    0.000  -0.000   0.000  -0.000 |   -7.115  -7.182   0.849
  43B   0.06276425 0.10  0.321 -1267.483619  156.0   5.201   5.100 |    0.000  -0.000   0.000  -0.000 |   -7.112  -7.177   0.710
  44B   0.02263141 0.11  0.321 -1267.490747  156.0   5.201   5.099 |    0.000  -0.000   0.000  -0.000 |   -7.112  -7.172   0.537
  45B   0.01764802 0.13  0.322 -1267.459321  156.0   5.201   5.100 |    0.000   0.000   0.000   0.000 |   -7.110  -7.172   0.833
  46B   0.02591495 0.10  0.322 -1267.429455  156.0   5.201   5.100 |    0.000   0.000   0.000   0.000 |   -7.107  -7.170   0.975
  47B   0.01002506 0.11  0.322 -1267.450976  156.0   5.201   5.100 |    0.000   0.000   0.000   0.000 |   -7.108  -7.169   0.744
  48B   0.00607086 0.13  0.322 -1267.452649  156.0   5.201   5.100 |    0.000   0.000   0.000   0.000 |   -7.108  -7.168   0.750
  49B   0.00263552 0.14  0.322 -1267.452500  156.0   5.201   5.100 |    0.000   0.000   0.000   0.000 |   -7.108  -7.167   0.920
  50B   0.00226869 0.16  0.322 -1267.452144  156.0   5.201   5.100 |    0.000   0.000   0.000   0.000 |   -7.108  -7.167   0.635
  51B   0.00212806 0.18  0.322 -1267.454694  156.0   5.201   5.100 |    0.000   0.000   0.000   0.000 |   -7.108  -7.167   0.713
  52B   0.00085307 0.21  0.322 -1267.454782  156.0   5.201   5.100 |    0.000   0.000   0.000   0.000 |   -7.108  -7.167   0.909
  53B   0.00078520 0.24  0.322 -1267.455532  156.0   5.201   5.100 |    0.000  -0.000   0.000  -0.000 |   -7.108  -7.167   0.803
  54B   0.00062734 0.27  0.322 -1267.455959  156.0   5.201   5.100 |    0.000  -0.000   0.000  -0.000 |   -7.108  -7.167   1.098
  55B   0.00042334 0.30  0.322 -1267.455977  156.0   5.201   5.100 |    0.000   0.000   0.000   0.000 |   -7.108  -7.167   0.942
  56B   0.00048099 0.10  0.322 -1267.456042  156.0   5.201   5.100 |    0.000   0.000   0.000   0.000 |   -7.108  -7.167   1.218
  57B   0.00028571 0.11  0.322 -1267.456441  156.0   5.201   5.100 |    0.000   0.000   0.000   0.000 |   -7.108  -7.167   0.813
  58B   0.00052837 0.10  0.322 -1267.456597  156.0   5.201   5.100 |    0.000   0.000   0.000   0.000 |   -7.108  -7.167   0.809
  59B   0.00014422 0.11  0.322 -1267.456514  156.0   5.201   5.100 |    0.000   0.000   0.000   0.000 |   -7.108  -7.167   0.672
  60B   0.00012858 0.13  0.322 -1267.456515  156.0   5.201   5.100 |    0.000   0.000   0.000   0.000 |   -7.108  -7.167   0.712
  61B   0.00009046 0.14  0.322 -1267.456505  156.0   5.201   5.100 |    0.000   0.000   0.000   0.000 |   -7.108  -7.167   0.681
  62B   0.00010561 0.10  0.322 -1267.456508  156.0   5.201   5.100 |    0.000   0.000   0.000   0.000 |   -7.108  -7.167   0.593
  63B   0.00007552 0.11  0.322 -1267.456443  156.0   5.201   5.100 |    0.000   0.000   0.000   0.000 |   -7.108  -7.167   0.700
  64B   0.00007258 0.13  0.322 -1267.456411  156.0   5.201   5.100 |    0.000   0.000   0.000   0.000 |   -7.108  -7.167   0.839
  65B   0.00005963 0.14  0.322 -1267.456358  156.0   5.201   5.100 |    0.000  -0.000   0.000  -0.000 |   -7.108  -7.167   0.632
  66B   0.00005779 0.16  0.322 -1267.456294  156.0   5.201   5.100 |    0.000  -0.000   0.000  -0.000 |   -7.108  -7.167   0.588
  67B   0.00002701 0.18  0.322 -1267.456297  156.0   5.201   5.100 |    0.000  -0.000   0.000  -0.000 |   -7.108  -7.167   0.601
  68B   0.00001943 0.21  0.322 -1267.456311  156.0   5.201   5.100 |    0.000  -0.000   0.000  -0.000 |   -7.108  -7.167   0.541
  69B   0.00001624 0.24  0.322 -1267.456317  156.0   5.201   5.100 |    0.000  -0.000   0.000  -0.000 |   -7.108  -7.167   0.981
  70B   0.00001257 0.27  0.322 -1267.456329  156.0   5.201   5.100 |    0.000  -0.000   0.000  -0.000 |   -7.108  -7.167   0.903
  71B   0.00001256 0.30  0.322 -1267.456342  156.0   5.201   5.100 |    0.000  -0.000   0.000  -0.000 |   -7.108  -7.167   0.719
  72B   0.00000865 0.34  0.322 -1267.456344  156.0   5.201   5.100 |    0.000  -0.000   0.000  -0.000 |   -7.108  -7.167   0.833
  73B   0.00000467 0.38  0.322 -1267.456345  156.0   5.201   5.100 |    0.000  -0.000   0.000  -0.000 |   -7.108  -7.167   0.755
  74B   0.00000331 0.43  0.322 -1267.456346  156.0   5.201   5.100 |    0.000  -0.000   0.000  -0.000 |   -7.108  -7.167   0.998
  75B   0.00000151 0.49  0.322 -1267.456345  156.0   5.201   5.100 |    0.000   0.000   0.000   0.000 |   -7.108  -7.167   0.606
  76B   0.00000272 0.10  0.322 -1267.456347  156.0   5.201   5.100 |    0.000   0.000   0.000   0.000 |   -7.108  -7.167   0.578
  77B   0.00000098 0.11  0.322 -1267.456346  156.0   5.201   5.100 |    0.000   0.000   0.000   0.000 |   -7.108  -7.167   0.583
  78B   0.00000045 0.13  0.322 -1267.456346  156.0   5.201   5.100 |    0.000   0.000   0.000   0.000 |   -7.108  -7.167   0.613
  79B   0.00000035 0.14  0.322 -1267.456346  156.0   5.201   5.100 |    0.000   0.000   0.000   0.000 |   -7.108  -7.167   0.766
  80B   0.00000033 0.16  0.322 -1267.456346  156.0   5.201   5.100 |    0.000   0.000   0.000   0.000 |   -7.108  -7.167   0.588
  81B   0.00000032 0.18  0.322 -1267.456346  156.0   5.201   5.100 |    0.000   0.000   0.000   0.000 |   -7.108  -7.167   0.721
  82B   0.00000030 0.21  0.322 -1267.456346  156.0   5.201   5.100 |    0.000   0.000   0.000   0.000 |   -7.108  -7.167   0.669
  83B   0.00000027 0.24  0.322 -1267.456347  156.0   5.201   5.100 |    0.000   0.000   0.000   0.000 |   -7.108  -7.167   0.708
  84B   0.00000018 0.27  0.322 -1267.456347  156.0   5.201   5.100 |    0.000  -0.000   0.000  -0.000 |   -7.108  -7.167   0.601
  85B   0.00000005 0.30  0.322 -1267.456346  156.0   5.201   5.100 |    0.000   0.000   0.000   0.000 |   -7.108  -7.167   0.673
  86B   0.00000001 0.34  0.322 -1267.456346  156.0   5.201   5.100 |    0.000   0.000   0.000   0.000 |   -7.108  -7.167   0.741
  87B   0.00000001 0.38  0.322 -1267.456346  156.0   5.201   5.100 |    0.000   0.000   0.000   0.000 |   -7.108  -7.167   0.811
  88B   0.00000001 0.43  0.322 -1267.456346  156.0   5.201   5.100 |    0.000   0.000   0.000   0.000 |   -7.108  -7.167   0.754
  89B   0.00000000 0.49  0.322 -1267.456346  156.0   5.201   5.100 |    0.000   0.000   0.000   0.000 |   -7.108  -7.167   0.984
  90B   0.00000000 0.55  0.322 -1267.456346  156.0   5.201   5.100 |    0.000   0.000   0.000   0.000 |   -7.108  -7.167   0.784
  91B   0.00000000 0.63  0.322 -1267.456346  156.0   5.201   5.100 |    0.000  -0.000   0.000  -0.000 |   -7.108  -7.167   0.928
  ----------------------------------------------------------------------------------------------------------------------------------
  *   iteration converged   after  91 steps   si=     0.0000000007 ho=  0 tho=  0
  ----------------------------------------------------------------------------------------------------------------------------------
  Total CPU time=   1.499 minutes

  Writing to wel_file: s092_064.hel
 __________________________________  
  The tape s092_064.hel recorded:     
  nucname,npr,ngh,ngl,n00,nb,nt      
  b0,beta0,si,etot,rms,bet,xmix      
  pairing:     CpV0,CpV1,pwi         
  delta:       del,ept               
  lambda:      ala,ala2,alast,tz     
  asymptotic:  varmas,ass,skass      
  ntx,nb,nhhdim,id,N_rz,n_r,n_z      
  Omega2,Sigma2,Parity,Lambda        
  matrices(inbro):    hh,de          
  *all blocking candidates           
 __________________________________  



 #quasiparticle energies neutrons
 --------------------------------
  eqp(k) -> q.p. energy 
  e(k)   -> referent s.p. energy 
  p(k)   -> occ.probability 
  del(k) -> referent s.p. gap 
  fermi energy alast=  -7.1076392015493077     
  #k  block#    eqp(k)     e(k)       (1-2N)E      decay        p(k)        del(k)    overl      labels
   1    1     1.229089   -8.336728   -1.229089    1.268149    1.00000000   0.0000   0.4480  1+[ 6, 4, 0]
   2    1     1.573202   -8.680841   -1.573202    1.294057    1.00000000   0.0000   0.9311  1+[ 4, 0, 0]
   3    1     3.057790   -4.049849    3.057790    1.400346    0.00000000   0.0000   0.5620  1+[ 6, 6, 0]
   4    1     4.928135  -12.035774   -4.928135    1.523735    1.00000000   0.0000   0.8901  1+[ 4, 1, 1]
   5    1     5.198934   -1.908705    5.198934    1.540781    0.00000000   0.0000   0.6734  1+[ 6, 5, 1]
   6    1     7.574506    0.466867    7.574506    1.682934    0.00000000   0.0000   0.6540  1+[ 6, 3, 1]
   7    1     8.747422  -15.855061   -8.747422    1.748865    1.00000000   0.0000   0.7746  1+[ 4, 2, 0]
   8    1    10.052186    2.944547   10.052186    1.819403    0.00000000   0.0000   0.7658  1+[ 6, 2, 0]
   9    1    10.914540  -18.022179  -10.914540    1.864559    1.00000000   0.0000   0.6308  1+[ 4, 3, 1]
  10    1    12.651648    5.544009   12.651648    1.952352    0.00000000   0.0000   0.9034  1+[ 6, 1, 1]
  11    1    14.645091    7.537452   14.645091    2.048469    0.00000000   0.0000   0.9037  1+[ 6, 0, 0]
  12    1    14.732903  -21.840543  -14.732903    2.052599    1.00000000   0.0000   0.5443  1+[ 4, 4, 0]
  13    1    16.212359    9.104720   16.212359    2.120981    0.00000000   0.0000   0.5397  1+[ 8, 6, 0]
  14    1    19.820624  -26.928263  -19.820624    2.279169    1.00000000   0.0000   0.9079  1+[ 2, 0, 0]
  15    1    21.990057   14.882418   21.990057    2.369200    0.00000000   0.0000   0.5040  1+[ 8, 4, 0]
  16    1    23.360015  -30.467654  -23.360015    2.424331    1.00000000   0.0000   0.8859  1+[ 2, 1, 1]
  17    1    23.612573   16.504933   23.612573    2.434358    0.00000000   0.0000   0.7050  1+[ 8, 7, 1]
  18    1    25.683876   18.576236   25.683876    2.515088    0.00000000   0.0000   0.4954  1+[ 8, 6, 0]
  19    1    26.182745  -33.290384  -26.182745    2.534147    1.00000000   0.0000   0.7538  1+[ 2, 2, 0]
  20    1    26.613390   19.505751   26.613390    2.550485    0.00000000   0.0000   0.7056  1+[ 8, 5, 1]
  21    1    27.442914   20.335275   27.442914    2.581665    0.00000000   0.0000   0.6241  1+[ 8, 4, 0]
  22    1    28.383056   21.275417   28.383056    2.616554    0.00000000   0.0000   0.7450  1+[ 8, 3, 1]
  23    1    29.085830   21.978191   29.085830    2.642333    0.00000000   0.0000   0.8895  1+[ 8, 1, 1]
  24    1    31.124705   24.017066   31.124705    2.715738    0.00000000   0.0000   0.8755  1+[ 8, 0, 0]
  25    1    33.975405  -41.083044  -33.975405    2.815164    1.00000000   0.0000   0.9039  1+[ 0, 0, 0]
  26    2     1.274756   -5.832883    1.274756    1.271617    0.00000000   0.0000   0.7790  1-[ 5, 2, 1]
  27    2     1.858195   -8.965834   -1.858195    1.315127    1.00000000   0.0000   0.6399  1-[ 5, 3, 0]
  28    2     3.288024  -10.395663   -3.288024    1.416115    1.00000000   0.0000   0.5855  1-[ 5, 5, 0]
  29    2     3.708441   -3.399198    3.708441    1.444466    0.00000000   0.0000   0.8891  1-[ 5, 1, 0]
  30    2     6.772408   -0.335231    6.772408    1.636319    0.00000000   0.0000   0.9560  1-[ 5, 0, 1]
  31    2     7.996134  -15.103773   -7.996134    1.706928    1.00000000   0.0000   0.4715  1-[ 5, 4, 1]
  32    2     8.733083    1.625443    8.733083    1.748074    0.00000000   0.0000   0.5510  1-[ 7, 5, 0]
  33    2    10.616735  -17.724375  -10.616735    1.849089    1.00000000   0.0000   0.9382  1-[ 3, 0, 1]
  34    2    14.505955    7.398316   14.505955    2.041907    0.00000000   0.0000   0.6964  1-[ 7, 7, 0]
  35    2    14.719299  -21.826939  -14.719299    2.051960    1.00000000   0.0000   0.8749  1-[ 3, 1, 0]
  36    2    15.879998    8.772358   15.879998    2.105812    0.00000000   0.0000   0.7645  1-[ 7, 6, 1]
  37    2    17.500828   10.393189   17.500828    2.178787    0.00000000   0.0000   0.6703  1-[ 7, 5, 0]
  38    2    17.609123  -24.716762  -17.609123    2.183576    1.00000000   0.0000   0.7657  1-[ 3, 2, 1]
  39    2    19.070556   11.962917   19.070556    2.247203    0.00000000   0.0000   0.6758  1-[ 7, 4, 1]
  40    2    20.762606  -27.870245  -20.762606    2.318691    1.00000000   0.0000   0.6412  1-[ 3, 3, 0]
  41    2    20.887533   13.779894   20.887533    2.323882    0.00000000   0.0000   0.8120  1-[ 7, 2, 1]
  42    2    22.354802   15.247163   22.354802    2.384003    0.00000000   0.0000   0.8539  1-[ 7, 1, 0]
  43    2    23.503050   16.395411   23.503050    2.430015    0.00000000   0.0000   0.9424  1-[ 7, 0, 1]
  44    2    27.875940  -34.983579  -27.875940    2.597793    1.00000000   0.0000   0.9395  1-[ 1, 0, 1]
  45    2    30.810209  -37.917848  -30.810209    2.704545    1.00000000   0.0000   0.8725  1-[ 1, 1, 0]
  46    3     0.604062   -7.711701   -0.604062    1.219685    1.00000000   0.0000   0.6069  3+[ 6, 5, 1]
  47    3     1.354553   -8.462192   -1.354553    1.277656    1.00000000   0.0000   0.9518  3+[ 4, 0, 2]
  48    3     5.178418   -1.929221    5.178418    1.539496    0.00000000   0.0000   0.5173  3+[ 6, 3, 1]
  49    3     6.114301  -13.221940   -6.114301    1.597056    1.00000000   0.0000   0.8803  3+[ 4, 1, 1]
  50    3     7.004009   -0.103631    7.004009    1.649914    0.00000000   0.0000   0.6938  3+[ 6, 4, 2]
  51    3     8.525839  -15.633478   -8.525839    1.736602    1.00000000   0.0000   0.8226  3+[ 4, 2, 2]
  52    3    10.453915    3.346276   10.453915    1.840577    0.00000000   0.0000   0.7839  3+[ 6, 2, 2]
  53    3    12.053684    4.946045   12.053684    1.922583    0.00000000   0.0000   0.8661  3+[ 6, 1, 1]
  54    3    13.981364  -21.089003  -13.981364    2.016975    1.00000000   0.0000   0.7359  3+[ 4, 3, 1]
  55    3    14.862333    7.754693   14.862333    2.058672    0.00000000   0.0000   0.9397  3+[ 6, 0, 2]
  56    3    16.485204    9.377565   16.485204    2.133352    0.00000000   0.0000   0.5263  3+[ 8, 5, 1]
  57    3    20.406558  -27.514198  -20.406558    2.303832    1.00000000   0.0000   0.9594  3+[ 2, 0, 2]
  58    3    22.366803   15.259164   22.366803    2.384488    0.00000000   0.0000   0.5714  3+[ 8, 7, 1]
  59    3    24.512318   17.404679   24.512318    2.469750    0.00000000   0.0000   0.7597  3+[ 8, 6, 2]
  60    3    24.722420  -31.830059  -24.722420    2.477942    1.00000000   0.0000   0.9011  3+[ 2, 1, 1]
  61    3    26.028846   18.921207   26.028846    2.528283    0.00000000   0.0000   0.5731  3+[ 8, 5, 1]
  62    3    27.752869   20.645230   27.752869    2.593220    0.00000000   0.0000   0.7550  3+[ 8, 4, 2]
  63    3    28.355957   21.248318   28.355957    2.615555    0.00000000   0.0000   0.6838  3+[ 8, 1, 1]
  64    3    29.008997   21.901358   29.008997    2.639527    0.00000000   0.0000   0.8050  3+[ 8, 2, 2]
  65    3    30.120441   23.012802   30.120441    2.679833    0.00000000   0.0000   0.9481  3+[ 8, 0, 2]
  66    4     0.042062   -7.065577    0.042062    1.174401    0.00000000   0.0000   0.7563  3-[ 5, 2, 1]
  67    4     1.485686   -8.593325   -1.485686    1.287517    1.00000000   0.0000   0.6541  3-[ 5, 3, 2]
  68    4     4.310204   -2.797435    4.310204    1.484104    0.00000000   0.0000   0.9005  3-[ 5, 1, 2]
  69    4     6.262891   -0.844748    6.262891    1.606004    0.00000000   0.0000   0.9429  3-[ 5, 0, 1]
  70    4     7.506135  -14.613774   -7.506135    1.679011    1.00000000   0.0000   0.6701  3-[ 5, 4, 1]
  71    4     9.042055    1.934416    9.042055    1.765040    0.00000000   0.0000   0.5423  3-[ 7, 6, 1]
  72    4    11.499614  -18.607253  -11.499614    1.894583    1.00000000   0.0000   0.9260  3-[ 3, 0, 1]
  73    4    14.860752  -21.968392  -14.860752    2.058598    1.00000000   0.0000   0.9152  3-[ 3, 1, 2]
  74    4    15.192357    8.084718   15.192357    2.074077    0.00000000   0.0000   0.6351  3-[ 7, 6, 1]
  75    4    16.958437    9.850798   16.958437    2.154642    0.00000000   0.0000   0.8098  3-[ 7, 5, 2]
  76    4    19.100281   11.992642   19.100281    2.248478    0.00000000   0.0000   0.5957  3-[ 7, 4, 1]
  77    4    19.755291  -26.862930  -19.755291    2.276403    1.00000000   0.0000   0.8203  3-[ 3, 2, 1]
  78    4    20.350201   13.242561   20.350201    2.301472    0.00000000   0.0000   0.7061  3-[ 7, 3, 2]
  79    4    22.326695   15.219056   22.326695    2.382866    0.00000000   0.0000   0.9039  3-[ 7, 1, 2]
  80    4    23.091688   15.984049   23.091688    2.413632    0.00000000   0.0000   0.9342  3-[ 7, 0, 1]
  81    4    28.642135  -35.749774  -28.642135    2.626087    1.00000000   0.0000   0.9317  3-[ 1, 0, 1]
  82    5     0.271070   -6.836569    0.271070    1.193061    0.00000000   0.0000   0.7520  5+[ 6, 4, 2]
  83    5     3.163162  -10.270802   -3.163162    1.407585    1.00000000   0.0000   0.9413  5+[ 4, 0, 2]
  84    5     5.539479  -12.647118   -5.539479    1.561954    1.00000000   0.0000   0.9264  5+[ 4, 1, 3]
  85    5     7.615783    0.508144    7.615783    1.685298    0.00000000   0.0000   0.6754  5+[ 6, 2, 2]
  86    5     9.138006    2.030366    9.138006    1.770276    0.00000000   0.0000   0.7486  5+[ 6, 3, 3]
  87    5    12.563146  -19.670785  -12.563146    1.947975    1.00000000   0.0000   0.8699  5+[ 4, 2, 2]
  88    5    12.981847    5.874208   12.981847    1.968597    0.00000000   0.0000   0.8911  5+[ 6, 1, 3]
  89    5    13.989159    6.881520   13.989159    2.017347    0.00000000   0.0000   0.9106  5+[ 6, 0, 2]
  90    5    17.036369    9.928730   17.036369    2.158128    0.00000000   0.0000   0.6772  5+[ 8, 6, 2]
  91    5    22.545011  -29.652650  -22.545011    2.391686    1.00000000   0.0000   0.9574  5+[ 2, 0, 2]
  92    5    23.104000   15.996361   23.104000    2.414124    0.00000000   0.0000   0.6050  5+[ 8, 4, 2]
  93    5    25.897296   18.789657   25.897296    2.523259    0.00000000   0.0000   0.7844  5+[ 8, 5, 3]
  94    5    26.966478   19.858839   26.966478    2.563803    0.00000000   0.0000   0.7607  5+[ 8, 2, 2]
  95    5    28.752261   21.644622   28.752261    2.630128    0.00000000   0.0000   0.8157  5+[ 8, 3, 3]
  96    5    29.352700   22.245061   29.352700    2.652057    0.00000000   0.0000   0.8585  5+[ 8, 0, 2]
  97    5    29.919426   22.811786   29.919426    2.672588    0.00000000   0.0000   0.8946  5+[ 8, 1, 3]
  98    6     1.101301   -6.006338    1.101301    1.258392    0.00000000   0.0000   0.7817  5-[ 5, 2, 3]
  99    6     2.452081   -4.655558    2.452081    1.357985    0.00000000   0.0000   0.8432  5-[ 5, 1, 2]
 100    6     6.256570  -13.364210   -6.256570    1.605625    1.00000000   0.0000   0.8063  5-[ 5, 3, 2]
 101    6     7.254059    0.146420    7.254059    1.664468    0.00000000   0.0000   0.9634  5-[ 5, 0, 3]
 102    6     9.464582    2.356943    9.464582    1.787981    0.00000000   0.0000   0.7116  5-[ 7, 5, 2]
 103    6    11.815626  -18.923265  -11.815626    1.910603    1.00000000   0.0000   0.9711  5-[ 3, 0, 3]
 104    6    16.283680    9.176041   16.283680    2.124221    0.00000000   0.0000   0.6688  5-[ 7, 3, 2]
 105    6    17.921429  -25.029069  -17.921429    2.197327    1.00000000   0.0000   0.9291  5-[ 3, 1, 2]
 106    6    18.271323   11.163684   18.271323    2.212633    0.00000000   0.0000   0.8429  5-[ 7, 4, 3]
 107    6    20.887176   13.779537   20.887176    2.323867    0.00000000   0.0000   0.5982  5-[ 7, 2, 3]
 108    6    21.491862   14.384223   21.491862    2.348830    0.00000000   0.0000   0.7395  5-[ 7, 1, 2]
 109    6    24.139948   17.032308   24.139948    2.455165    0.00000000   0.0000   0.9654  5-[ 7, 0, 3]
 110    7     1.925724   -5.181915    1.925724    1.320071    0.00000000   0.0000   0.8502  7+[ 6, 3, 3]
 111    7     2.462699   -9.570338   -2.462699    1.358739    1.00000000   0.0000   0.9764  7+[ 4, 0, 4]
 112    7    10.083164    2.975525   10.083164    1.821044    0.00000000   0.0000   0.8391  7+[ 6, 1, 3]
 113    7    10.500365  -17.608005  -10.500365    1.843009    1.00000000   0.0000   0.9483  7+[ 4, 1, 3]
 114    7    11.497058    4.389419   11.497058    1.894453    0.00000000   0.0000   0.8392  7+[ 6, 2, 4]
 115    7    15.319283    8.211644   15.319283    2.079971    0.00000000   0.0000   0.9617  7+[ 6, 0, 4]
 116    7    17.784260   10.676621   17.784260    2.191298    0.00000000   0.0000   0.7984  7+[ 8, 5, 3]
 117    7    24.244359   17.136720   24.244359    2.459263    0.00000000   0.0000   0.7928  7+[ 8, 3, 3]
 118    7    27.442383   20.334743   27.442383    2.581645    0.00000000   0.0000   0.7383  7+[ 8, 4, 4]
 119    7    27.870923   20.763284   27.870923    2.597607    0.00000000   0.0000   0.8530  7+[ 8, 1, 3]
 120    7    29.726926   22.619287   29.726926    2.665632    0.00000000   0.0000   0.8306  7+[ 8, 2, 4]
 121    7    31.140330   24.032690   31.140330    2.716293    0.00000000   0.0000   0.9581  7+[ 8, 0, 4]
 122    8     4.166555   -2.941084    4.166555    1.474739    0.00000000   0.0000   0.8495  7-[ 5, 1, 4]
 123    8     4.598545  -11.706184   -4.598545    1.502727    1.00000000   0.0000   0.9075  7-[ 5, 2, 3]
 124    8     5.016885   -2.090755    5.016885    1.529343    0.00000000   0.0000   0.8810  7-[ 5, 0, 3]
 125    8    10.354096    3.246457   10.354096    1.835338    0.00000000   0.0000   0.8376  7-[ 7, 4, 3]
 126    8    15.708275  -22.815915  -15.708275    2.097932    1.00000000   0.0000   0.9764  7-[ 3, 0, 3]
 127    8    17.574005   10.466366   17.574005    2.182024    0.00000000   0.0000   0.8462  7-[ 7, 2, 3]
 128    8    20.157274   13.049635   20.157274    2.293372    0.00000000   0.0000   0.8796  7-[ 7, 3, 4]
 129    8    22.447762   15.340123   22.447762    2.387761    0.00000000   0.0000   0.7972  7-[ 7, 1, 4]
 130    8    22.749144   15.641505   22.749144    2.399904    0.00000000   0.0000   0.8532  7-[ 7, 0, 3]
 131    9     3.720584   -3.387055    3.720584    1.445277    0.00000000   0.0000   0.9280  9+[ 6, 2, 4]
 132    9     8.197797  -15.305436   -8.197797    1.718285    1.00000000   0.0000   0.9873  9+[ 4, 0, 4]
 133    9    12.547784    5.440144   12.547784    1.947214    0.00000000   0.0000   0.9516  9+[ 6, 0, 4]
 134    9    14.245570    7.137931   14.245570    2.029570    0.00000000   0.0000   0.9321  9+[ 6, 1, 5]
 135    9    19.056159   11.948520   19.056159    2.246585    0.00000000   0.0000   0.8844  9+[ 8, 4, 4]
 136    9    25.344192   18.236553   25.344192    2.502027    0.00000000   0.0000   0.9092  9+[ 8, 2, 4]
 137    9    28.823457   21.715818   28.823457    2.632738    0.00000000   0.0000   0.9602  9+[ 8, 0, 4]
 138    9    29.494707   22.387067   29.494707    2.657216    0.00000000   0.0000   0.8038  9+[ 8, 3, 5]
 139    9    30.803832   23.696193   30.803832    2.704318    0.00000000   0.0000   0.8417  9+[ 8, 1, 5]
 140   10     2.380830   -9.488469   -2.380830    1.352915    1.00000000   0.0000   0.9631  9-[ 5, 1, 4]
 141   10     7.285352    0.177713    7.285352    1.666280    0.00000000   0.0000   0.9790  9-[ 5, 0, 5]
 142   10    11.736244    4.628605   11.736244    1.906591    0.00000000   0.0000   0.9074  9-[ 7, 3, 4]
 143   10    19.104026   11.996387   19.104026    2.248639    0.00000000   0.0000   0.9533  9-[ 7, 1, 4]
 144   10    22.070179   14.962540   22.070179    2.372460    0.00000000   0.0000   0.9206  9-[ 7, 2, 5]
 145   10    24.049862   16.942223   24.049862    2.451623    0.00000000   0.0000   0.9692  9-[ 7, 0, 5]
 146   11     6.061054   -1.046585    6.061054    1.593837    0.00000000   0.0000   0.9696 11+[ 6, 1, 5]
 147   11    16.952847    9.845208   16.952847    2.154392    0.00000000   0.0000   0.9781 11+[ 6, 0, 6]
 148   11    20.687538   13.579899   20.687538    2.315566    0.00000000   0.0000   0.9306 11+[ 8, 3, 5]
 149   11    26.620815   19.513176   26.620815    2.550766    0.00000000   0.0000   0.9728 11+[ 8, 1, 5]
 150   11    31.277156   24.169517   31.277156    2.721147    0.00000000   0.0000   0.7766 11+[ 8, 2, 6]
 151   11    32.062420   24.954781   32.062420    2.748840    0.00000000   0.0000   0.8046 11+[ 8, 0, 6]
 152   12     0.041022   -7.148661   -0.041022    1.174315    1.00000000   0.0000   0.9935 11-[ 5, 0, 5]
 153   12    13.282002    6.174363   13.282002    1.983249    0.00000000   0.0000   0.9602 11-[ 7, 2, 5]
 154   12    20.658189   13.550550   20.658189    2.314343    0.00000000   0.0000   0.9921 11-[ 7, 0, 5]
 155   12    24.426630   17.318991   24.426630    2.466402    0.00000000   0.0000   0.9663 11-[ 7, 1, 6]
 156   13     8.451301    1.343662    8.451301    1.732457    0.00000000   0.0000   0.9932 13+[ 6, 0, 6]
 157   13    22.456154   15.348515   22.456154    2.388100    0.00000000   0.0000   0.9679 13+[ 8, 2, 6]
 158   13    27.779055   20.671416   27.779055    2.594193    0.00000000   0.0000   0.9953 13+[ 8, 0, 6]
 159   13    33.542568   26.434929   33.542568    2.800295    0.00000000   0.0000   0.9716 13+[ 8, 1, 7]
 160   14    15.446456    8.338817   15.446456    2.085860    0.00000000   0.0000   0.9859 13-[ 7, 1, 6]
 161   14    26.586079   19.478440   26.586079    2.549452    0.00000000   0.0000   0.9859 13-[ 7, 0, 7]
 162   15    24.645524   17.537885   24.645524    2.474947    0.00000000   0.0000   0.9873 15+[ 8, 1, 7]
 163   15    35.423204   28.315565   35.423204    2.864339    0.00000000   0.0000   0.9873 15+[ 8, 0, 8]
 164   16    17.648911   10.541271   17.648911    2.185332    0.00000000   0.0000   1.0000 15-[ 7, 0, 7]
 165   17    26.807211   19.699572   26.807211    2.557805    0.00000000   0.0000   1.0000 17+[ 8, 0, 8]
#all active are  165 q.p. states out of  165
#since the cut off is pwi=  60.0
#check: number of neutrons=  92.0


 #canonical s.p. energies neutrons
 ---------------------------------


  labels -> {2*omega}{parity}[nn=nz+2*nr+nl,nz,nl]
  cqpe   -> canonical q.p. energies
  ce     -> canonical s.p. energies
  fermi energy=  -7.1076392015493077     
  average cdelt=  -4.5592310421472951E-020
  k0      ceqp        ce         v*v       u*v        cdel     overl      labels
   1    7.061644    7.061644   0.00000000   0.00000000   0.0000   0.5612  1+[ 6, 5, 1]
   2   12.688502   12.688502   0.00000000   0.00000000   0.0000   0.7560  1+[ 8, 5, 1]
   3    5.509207    5.509207   0.00000000   0.00000000   0.0000   0.6173  1+[ 8, 7, 1]
   4   17.586345   17.586345   0.00000000   0.00000000   0.0000   0.9264  1+[ 8, 3, 1]
   5   21.011791   21.011791   0.00000000   0.00000000   0.0000   0.9128  1+[ 8, 1, 1]
   6   20.756379   20.756379   0.00000000   0.00000000   0.0000   0.9261  1+[ 8, 0, 0]
   7   17.896762   17.896762   0.00000000   0.00000000   0.0000   0.8273  1+[ 8, 4, 0]
   8    9.480837    9.480837   0.00000000   0.00000001   0.0000   0.7893  1+[ 6, 1, 1]
   9    6.963769    6.963769   0.00000000   0.00000001   0.0000   0.5543  1+[ 8, 5, 1]
  10    8.955212    8.955212   0.00000000   0.00000001   0.0000   0.5185  1+[ 6, 0, 0]
  11   11.174556   11.174556   0.00000000   0.00000001   0.0000   0.5835  1+[ 8, 8, 0]
  12   13.416168   13.416168   0.00000000   0.00000002   0.0000   0.6973  1+[ 8, 2, 0]
  13    5.148463    5.148463   0.00000000   0.00000002   0.0000   0.5904  1+[ 8, 6, 0]
  14   12.160119   12.160119   0.00000000   0.00000002   0.0000   0.5158  1+[ 6, 4, 0]
  15    6.904573    6.904573   0.00000000   0.00000003   0.0000   0.5372  1+[ 6, 3, 1]
  16   -5.878550   -8.336728   1.00000000   0.00000459   0.0000   0.4480  1+[ 6, 4, 0]
  17   -5.522676   -8.692602   1.00000000   0.00000015   0.0000   0.9306  1+[ 4, 0, 0]
  18   15.087916  -29.303195   1.00000000   0.00000004   0.0000   0.8673  1+[ 2, 1, 1]
  19    5.331364  -19.546642   1.00000000   0.00000004   0.0000   0.5607  1+[ 4, 3, 1]
  20    6.851350  -21.066629   1.00000000   0.00000004   0.0000   0.7276  1+[ 2, 2, 0]
  21    4.148878  -18.364156   1.00000000   0.00000003   0.0000   0.4901  1+[ 4, 1, 1]
  22    9.014089  -23.229368   1.00000000   0.00000002   0.0000   0.5845  1+[ 4, 2, 0]
  23   24.384214  -38.599492   1.00000000   0.00000000   0.0000   0.9781  1+[ 0, 0, 0]
  24   10.926063  -25.141342   1.00000000   0.00000000   0.0000   0.8548  1+[ 2, 0, 0]
  25   10.045039  -24.260317   1.00000000   0.00000000   0.0000   0.6220  1+[ 4, 3, 1]
  26    7.764987    7.764987   0.00000000   0.00000000   0.0000   0.6257  1-[ 7, 4, 1]
  27   10.570387   10.570387   0.00000000   0.00000000   0.0000   0.6781  1-[ 7, 3, 0]
  28    9.038533    9.038533   0.00000000   0.00000000   0.0000   0.6512  1-[ 7, 5, 0]
  29   12.798118   12.798118   0.00000000   0.00000000   0.0000   0.7860  1-[ 7, 0, 1]
  30    1.487790    1.487790   0.00000000   0.00000000   0.0000   0.6948  1-[ 5, 1, 0]
  31   13.939305   13.939305   0.00000000   0.00000001   0.0000   0.8671  1-[ 7, 1, 0]
  32   10.981496   10.981496   0.00000000   0.00000001   0.0000   0.7917  1-[ 7, 2, 1]
  33   10.170853   10.170853   0.00000000   0.00000002   0.0000   0.5726  1-[ 7, 7, 0]
  34    4.139228    4.139228   0.00000000   0.00000003   0.0000   0.6994  1-[ 7, 6, 1]
  35    0.949566    0.949566   0.00000000   0.00000003   0.0000   0.9082  1-[ 5, 0, 1]
  36   -5.832883   -5.832883   0.00000000   0.00000291   0.0000   0.7790  1-[ 5, 2, 1]
  37   -2.573685  -11.641593   1.00000000   0.00000004   0.0000   0.6432  1-[ 5, 4, 1]
  38    6.419335  -20.634614   1.00000000   0.00000003   0.0000   0.5036  1-[ 3, 0, 1]
  39    9.678708  -23.893987   1.00000000   0.00000003   0.0000   0.4319  1-[ 1, 1, 0]
  40    6.139560  -20.354838   1.00000000   0.00000003   0.0000   0.4741  1-[ 3, 0, 1]
  41   14.324779  -28.540057   1.00000000   0.00000000   0.0000   0.5868  1-[ 1, 1, 0]
  42   19.949099  -34.164378   1.00000000   0.00000000   0.0000   0.9095  1-[ 1, 0, 1]
  43   10.761552  -24.976830   1.00000000   0.00000000   0.0000   0.7951  1-[ 3, 3, 0]
  44    1.162333  -15.377612   1.00000000   0.00000000   0.0000   0.4990  1-[ 5, 3, 0]
  45    5.705832  -19.921110   1.00000000   0.00000000   0.0000   0.6141  1-[ 3, 2, 1]
  46    9.048310    9.048310   0.00000000   0.00000000   0.0000   0.5401  3+[ 8, 7, 1]
  47   11.083856   11.083856   0.00000000   0.00000000   0.0000   0.4432  3+[ 8, 3, 1]
  48   12.431806   12.431806   0.00000000   0.00000000   0.0000   0.5132  3+[ 8, 5, 1]
  49   13.568662   13.568662   0.00000000   0.00000000   0.0000   0.7346  3+[ 8, 4, 2]
  50   11.028972   11.028972   0.00000000   0.00000000   0.0000   0.6506  3+[ 6, 1, 1]
  51   21.228692   21.228692   0.00000000   0.00000000   0.0000   0.7838  3+[ 8, 1, 1]
  52   12.724068   12.724068   0.00000000   0.00000000   0.0000   0.5581  3+[ 8, 2, 2]
  53   19.154991   19.154991   0.00000000   0.00000000   0.0000   0.4955  3+[ 8, 0, 2]
  54   17.401021   17.401021   0.00000000   0.00000000   0.0000   0.6731  3+[ 8, 3, 1]
  55    6.216416    6.216416   0.00000000   0.00000001   0.0000   0.7222  3+[ 6, 4, 2]
  56    6.764663    6.764663   0.00000000   0.00000001   0.0000   0.6828  3+[ 6, 2, 2]
  57   12.647155   12.647155   0.00000000   0.00000002   0.0000   0.6459  3+[ 8, 6, 2]
  58    8.485873    8.485873   0.00000000   0.00000003   0.0000   0.8052  3+[ 6, 0, 2]
  59   -6.503577   -7.711701   0.99999434   0.00238007   0.0000   0.6069  3+[ 6, 5, 1]
  60   -5.753085   -8.462193   1.00000000   0.00000131   0.0000   0.9518  3+[ 4, 0, 2]
  61   13.393330  -27.608608   1.00000000   0.00000001   0.0000   0.9772  3+[ 2, 0, 2]
  62   16.302614  -30.517893   1.00000000   0.00000000   0.0000   0.7554  3+[ 2, 1, 1]
  63    4.947135  -19.162413   1.00000000   0.00000000   0.0000   0.6379  3+[ 4, 3, 1]
  64   -0.176671  -14.038608   1.00000000   0.00000000   0.0000   0.9002  3+[ 4, 1, 1]
  65    3.745877  -17.961155   1.00000000   0.00000000   0.0000   0.8744  3+[ 4, 2, 2]
  66   12.743883   12.743883   0.00000000   0.00000000   0.0000   0.5864  3-[ 7, 3, 2]
  67    8.066445    8.066445   0.00000000   0.00000000   0.0000   0.6862  3-[ 7, 3, 2]
  68   13.840282   13.840282   0.00000000   0.00000000   0.0000   0.7195  3-[ 7, 1, 2]
  69   14.270065   14.270065   0.00000000   0.00000000   0.0000   0.6132  3-[ 7, 0, 1]
  70    9.359543    9.359543   0.00000000   0.00000001   0.0000   0.7448  3-[ 7, 4, 1]
  71    4.453304    4.453304   0.00000000   0.00000002   0.0000   0.6977  3-[ 5, 1, 2]
  72    5.536832    5.536832   0.00000000   0.00000002   0.0000   0.5656  3-[ 7, 6, 1]
  73    5.303791    5.303791   0.00000000   0.00000002   0.0000   0.6988  3-[ 7, 5, 2]
  74   -0.908088   -0.908088   0.00000000   0.00000003   0.0000   0.9102  3-[ 5, 0, 1]
  75   -7.065577   -7.065577   0.30127461   0.45881175   0.0000   0.7563  3-[ 5, 2, 1]
  76   -5.621699   -8.593579   1.00000000   0.00000035   0.0000   0.6518  3-[ 5, 3, 2]
  77    3.089146  -17.304424   1.00000000   0.00000003   0.0000   0.6571  3-[ 3, 1, 2]
  78   20.583843  -34.799122   1.00000000   0.00000003   0.0000   0.9804  3-[ 1, 0, 1]
  79    4.901947  -19.117226   1.00000000   0.00000002   0.0000   0.6473  3-[ 3, 1, 2]
  80    9.959231  -24.174510   1.00000000   0.00000000   0.0000   0.7808  3-[ 3, 2, 1]
  81    8.191310  -22.406588   1.00000000   0.00000000   0.0000   0.8221  3-[ 3, 0, 1]
  82   15.822738   15.822738   0.00000000   0.00000000   0.0000   0.9770  5+[ 8, 5, 3]
  83    9.178580    9.178580   0.00000000   0.00000000   0.0000   0.9534  5+[ 6, 0, 2]
  84   12.677450   12.677450   0.00000000   0.00000000   0.0000   0.6734  5+[ 8, 4, 2]
  85   19.150319   19.150319   0.00000000   0.00000000   0.0000   0.6358  5+[ 8, 1, 3]
  86   14.897239   14.897239   0.00000000   0.00000000   0.0000   0.6788  5+[ 6, 1, 3]
  87   16.711266   16.711266   0.00000000   0.00000000   0.0000   0.8197  5+[ 8, 3, 3]
  88   17.215389   17.215389   0.00000000   0.00000000   0.0000   0.7932  5+[ 8, 2, 2]
  89   18.566198   18.566198   0.00000000   0.00000000   0.0000   0.7883  5+[ 8, 0, 2]
  90   11.068773   11.068773   0.00000000   0.00000001   0.0000   0.8045  5+[ 8, 6, 2]
  91    7.413939    7.413939   0.00000000   0.00000001   0.0000   0.5503  5+[ 6, 3, 3]
  92    3.867402    3.867402   0.00000000   0.00000002   0.0000   0.6898  5+[ 6, 2, 2]
  93   -6.836569   -6.836569   0.00440145   0.06619728   0.0000   0.7520  5+[ 6, 4, 2]
  94   -1.657978  -12.557300   1.00000000   0.00000004   0.0000   0.6587  5+[ 4, 0, 2]
  95    9.790321  -24.005600   1.00000000   0.00000000   0.0000   0.7482  5+[ 2, 0, 2]
  96    3.438453  -17.653731   1.00000000   0.00000000   0.0000   0.6524  5+[ 2, 0, 2]
  97    3.809445  -18.024724   1.00000000   0.00000000   0.0000   0.8035  5+[ 4, 2, 2]
  98    8.113456    8.113456   0.00000000   0.00000000   0.0000   0.8138  5-[ 7, 4, 3]
  99    2.090930    2.090930   0.00000000   0.00000000   0.0000   0.6148  5-[ 5, 1, 2]
 100   11.214753   11.214753   0.00000000   0.00000000   0.0000   0.8677  5-[ 7, 0, 3]
 101    9.327468    9.327468   0.00000000   0.00000000   0.0000   0.5439  5-[ 7, 2, 3]
 102   13.561699   13.561699   0.00000000   0.00000000   0.0000   0.9926  5-[ 7, 1, 2]
 103    8.364631    8.364631   0.00000000   0.00000000   0.0000   0.8141  5-[ 7, 3, 2]
 104    3.451182    3.451182   0.00000000   0.00000000   0.0000   0.6455  5-[ 5, 0, 3]
 105    7.259479    7.259479   0.00000000   0.00000002   0.0000   0.9050  5-[ 7, 5, 2]
 106   -6.006338   -6.006338   0.00000000   0.00001649   0.0000   0.7817  5-[ 5, 2, 3]
 107   10.118737  -24.334015   1.00000000   0.00000002   0.0000   0.9757  5-[ 3, 1, 2]
 108   -0.324475  -13.890804   1.00000000   0.00000000   0.0000   0.8504  5-[ 5, 3, 2]
 109    4.876446  -19.091725   1.00000000   0.00000000   0.0000   0.9886  5-[ 3, 0, 3]
 110    2.597382    2.597382   0.00000000   0.00000000   0.0000   0.8772  7+[ 6, 2, 4]
 111    6.598009    6.598009   0.00000000   0.00000000   0.0000   0.6293  7+[ 6, 1, 3]
 112   18.050093   18.050093   0.00000000   0.00000000   0.0000   0.6043  7+[ 8, 4, 4]
 113   17.355881   17.355881   0.00000000   0.00000000   0.0000   0.6419  7+[ 8, 2, 4]
 114   17.317382   17.317382   0.00000000   0.00000000   0.0000   0.6257  7+[ 8, 2, 4]
 115   11.045081   11.045081   0.00000000   0.00000000   0.0000   0.8883  7+[ 8, 5, 3]
 116   13.594856   13.594856   0.00000000   0.00000000   0.0000   0.8515  7+[ 6, 0, 4]
 117   17.272057   17.272057   0.00000000   0.00000000   0.0000   0.6833  7+[ 8, 0, 4]
 118   16.302184   16.302184   0.00000000   0.00000000   0.0000   0.7884  7+[ 8, 1, 3]
 119    5.825092    5.825092   0.00000000   0.00000001   0.0000   0.6805  7+[ 6, 3, 3]
 120    3.135695  -17.350974   1.00000000   0.00000001   0.0000   0.9647  7+[ 4, 1, 3]
 121   -4.387909   -9.827369   1.00000000   0.00000000   0.0000   0.9924  7+[ 4, 0, 4]
 122    2.031044    2.031044   0.00000000   0.00000000   0.0000   0.6835  7-[ 5, 0, 3]
 123    7.164799    7.164799   0.00000000   0.00000000   0.0000   0.6543  7-[ 5, 1, 4]
 124    9.877800    9.877800   0.00000000   0.00000000   0.0000   0.7202  7-[ 7, 0, 3]
 125    8.938188    8.938188   0.00000000   0.00000000   0.0000   0.8381  7-[ 7, 2, 3]
 126   14.683301   14.683301   0.00000000   0.00000000   0.0000   0.9969  7-[ 7, 1, 4]
 127    6.232686    6.232686   0.00000000   0.00000000   0.0000   0.6349  7-[ 7, 3, 4]
 128    3.784430    3.784430   0.00000000   0.00000000   0.0000   0.9202  7-[ 7, 4, 3]
 129   -2.262650  -11.952629   1.00000000   0.00000001   0.0000   0.9229  7-[ 5, 2, 3]
 130    8.354191  -22.569470   1.00000000   0.00000000   0.0000   0.9874  7-[ 3, 0, 3]
 131    2.918525    2.918525   0.00000000   0.00000000   0.0000   0.7421  9+[ 6, 1, 5]
 132    8.575532    8.575532   0.00000000   0.00000000   0.0000   0.7855  9+[ 6, 0, 4]
 133   14.322403   14.322403   0.00000000   0.00000000   0.0000   0.6862  9+[ 8, 2, 4]
 134   21.857859   21.857859   0.00000000   0.00000000   0.0000   0.7538  9+[ 8, 1, 5]
 135   21.353300   21.353300   0.00000000   0.00000000   0.0000   0.8151  9+[ 8, 3, 5]
 136   14.554349   14.554349   0.00000000   0.00000000   0.0000   0.7165  9+[ 8, 4, 4]
 137   16.574121   16.574121   0.00000000   0.00000000   0.0000   0.7429  9+[ 8, 0, 4]
 138    7.019083    7.019083   0.00000000   0.00000000   0.0000   0.6050  9+[ 6, 1, 5]
 139    1.090158  -15.305436   1.00000000   0.00000000   0.0000   0.9873  9+[ 4, 0, 4]
 140    0.325146    0.325146   0.00000000   0.00000000   0.0000   0.9846  9-[ 5, 0, 5]
 141   14.018455   14.018455   0.00000000   0.00000000   0.0000   0.9912  9-[ 7, 2, 5]
 142   16.892321   16.892321   0.00000000   0.00000000   0.0000   0.9692  9-[ 7, 0, 5]
 143   11.775368   11.775368   0.00000000   0.00000000   0.0000   0.9634  9-[ 7, 1, 4]
 144    5.696178    5.696178   0.00000000   0.00000000   0.0000   0.9758  9-[ 7, 3, 4]
 145   -4.726809   -9.488469   1.00000000   0.00000000   0.0000   0.9631  9-[ 5, 1, 4]
 146   18.405205   18.405205   0.00000000   0.00000000   0.0000   0.7210 11+[ 8, 0, 6]
 147   16.544118   16.544118   0.00000000   0.00000000   0.0000   0.6349 11+[ 8, 2, 6]
 148   19.681421   19.681421   0.00000000   0.00000000   0.0000   0.6903 11+[ 8, 1, 5]
 149   15.635135   15.635135   0.00000000   0.00000000   0.0000   0.7438 11+[ 6, 0, 6]
 150   12.882855   12.882855   0.00000000   0.00000000   0.0000   0.9316 11+[ 8, 3, 5]
 151    7.867261    7.867261   0.00000000   0.00000000   0.0000   0.7224 11+[ 6, 1, 5]
 152   12.419553   12.419553   0.00000000   0.00000000   0.0000   0.8882 11-[ 7, 1, 6]
 153   13.553242   13.553242   0.00000000   0.00000000   0.0000   0.9937 11-[ 7, 0, 5]
 154   11.071108   11.071108   0.00000000   0.00000000   0.0000   0.8762 11-[ 7, 2, 5]
 155   -7.066617   -7.148661   0.69432960   0.46069079   0.0000   0.9935 11-[ 5, 0, 5]
 156   10.019605   10.019605   0.00000000   0.00000000   0.0000   0.7230 13+[ 6, 0, 6]
 157   23.162294   23.162294   0.00000000   0.00000000   0.0000   0.7233 13+[ 8, 1, 7]
 158   17.829988   17.829988   0.00000000   0.00000000   0.0000   0.7369 13+[ 8, 2, 6]
 159   12.786635   12.786635   0.00000000   0.00000000   0.0000   0.7159 13+[ 8, 0, 6]
 160    8.650965    8.650965   0.00000000   0.00000000   0.0000   1.0000 13-[ 7, 1, 6]
 161   19.166292   19.166292   0.00000000   0.00000000   0.0000   1.0000 13-[ 7, 0, 7]
 162   17.809858   17.809858   0.00000000   0.00000000   0.0000   1.0000 15+[ 8, 1, 7]
 163   28.043592   28.043592   0.00000000   0.00000000   0.0000   1.0000 15+[ 8, 0, 8]
 164   10.541271   10.541271   0.00000000   0.00000000   0.0000   1.0000 15-[ 7, 0, 7]
 165   19.699572   19.699572   0.00000000   0.00000000   0.0000   1.0000 17+[ 8, 0, 8]
  Sum canonical e_v*V^2_k=  -1782.1560152294676     


 #quasiparticle energies protons 
 --------------------------------
  eqp(k) -> q.p. energy 
  e(k)   -> referent s.p. energy 
  p(k)   -> occ.probability 
  del(k) -> referent s.p. gap 
  fermi energy alast=  -7.1665933066843568     
  #k  block#    eqp(k)     e(k)       (1-2N)E      decay        p(k)        del(k)    overl      labels
   1    1     0.926658   -6.239935    0.926658    1.249493    0.00000000   0.0000   0.8875  1+[ 4, 1, 1]
   2    1     2.862517  -10.029110   -2.862517    1.390925    1.00000000   0.0000   0.7642  1+[ 4, 2, 0]
   3    1     3.933565   -3.233028    3.933565    1.463312    0.00000000   0.0000   0.9423  1+[ 4, 0, 0]
   4    1     4.895950   -2.270644    4.895950    1.525429    0.00000000   0.0000   0.4650  1+[ 6, 4, 0]
   5    1     5.239987  -12.406580   -5.239987    1.547029    1.00000000   0.0000   0.6609  1+[ 4, 3, 1]
   6    1     9.057068  -16.223661   -9.057068    1.769077    1.00000000   0.0000   0.5204  1+[ 4, 4, 0]
   7    1    10.107569    2.940976   10.107569    1.825454    0.00000000   0.0000   0.5561  1+[ 6, 6, 0]
   8    1    11.828606    4.662013   11.828606    1.914231    0.00000000   0.0000   0.5435  1+[ 6, 4, 0]
   9    1    14.285848  -21.452441  -14.285848    2.034280    1.00000000   0.0000   0.8939  1+[ 2, 0, 0]
  10    1    15.169690    8.003096   15.169690    2.075764    0.00000000   0.0000   0.7397  1+[ 6, 3, 1]
  11    1    17.898091  -25.064685  -17.898091    2.198890    1.00000000   0.0000   0.8896  1+[ 2, 1, 1]
  12    1    18.342146   11.175552   18.342146    2.218283    0.00000000   0.0000   0.8474  1+[ 6, 2, 0]
  13    1    20.689726  -27.856319  -20.689726    2.318111    1.00000000   0.0000   0.7520  1+[ 2, 2, 0]
  14    1    21.863682   14.697088   21.863682    2.366454    0.00000000   0.0000   0.9126  1+[ 6, 1, 1]
  15    1    23.480240   16.313646   23.480240    2.431449    0.00000000   0.0000   0.4940  1+[ 8, 6, 0]
  16    1    23.728401   16.561808   23.728401    2.441274    0.00000000   0.0000   0.8837  1+[ 6, 0, 0]
  17    1    28.994854  -36.161447  -28.994854    2.641164    1.00000000   0.0000   0.9053  1+[ 0, 0, 0]
  18    1    31.377895   24.211302   31.377895    2.726802    0.00000000   0.0000   0.5986  1+[ 8, 8, 0]
  19    1    31.663217   24.496623   31.663217    2.736876    0.00000000   0.0000   0.6799  1+[ 8, 7, 1]
  20    1    34.247942   27.081348   34.247942    2.826499    0.00000000   0.0000   0.5409  1+[ 8, 6, 0]
  21    1    35.020193   27.853600   35.020193    2.852730    0.00000000   0.0000   0.6700  1+[ 8, 4, 0]
  22    1    36.615083   29.448490   36.615083    2.906154    0.00000000   0.0000   0.5656  1+[ 8, 3, 1]
  23    1    37.936670   30.770076   37.936670    2.949690    0.00000000   0.0000   0.6726  1+[ 8, 2, 0]
  24    1    38.696587   31.529993   38.696587    2.974435    0.00000000   0.0000   0.9268  1+[ 8, 1, 1]
  25    1    39.919905   32.753312   39.919905    3.013843    0.00000000   0.0000   0.9075  1+[ 8, 0, 0]
  26    2     2.173811   -9.340404   -2.173811    1.342318    1.00000000   0.0000   0.4627  1-[ 5, 5, 0]
  27    2     2.184004   -4.982590    2.184004    1.343050    0.00000000   0.0000   0.5146  1-[ 5, 4, 1]
  28    2     3.980268   -3.186325    3.980268    1.466387    0.00000000   0.0000   0.6807  1-[ 5, 3, 0]
  29    2     4.999991  -12.166584   -4.999991    1.531993    1.00000000   0.0000   0.9179  1-[ 3, 0, 1]
  30    2     7.730186    0.563592    7.730186    1.695191    0.00000000   0.0000   0.8291  1-[ 5, 2, 1]
  31    2     8.908840  -16.075433   -8.908840    1.760977    1.00000000   0.0000   0.8596  1-[ 3, 1, 0]
  32    2    11.096023    3.929430   11.096023    1.876955    0.00000000   0.0000   0.9279  1-[ 5, 1, 0]
  33    2    11.992350  -19.158943  -11.992350    1.922464    1.00000000   0.0000   0.7870  1-[ 3, 2, 1]
  34    2    15.169003  -22.335597  -15.169003    2.075732    1.00000000   0.0000   0.6348  1-[ 3, 3, 0]
  35    2    15.592178    8.425585   15.592178    2.095303    0.00000000   0.0000   0.5972  1-[ 5, 0, 1]
  36    2    15.751324    8.584731   15.751324    2.102616    0.00000000   0.0000   0.7344  1-[ 5, 0, 1]
  37    2    22.592621   15.426028   22.592621    2.395980    0.00000000   0.0000   0.5805  1-[ 7, 7, 0]
  38    2    22.796030  -29.962624  -22.796030    2.404154    1.00000000   0.0000   0.9381  1-[ 1, 0, 1]
  39    2    23.254315   16.087721   23.254315    2.422471    0.00000000   0.0000   0.5797  1-[ 7, 6, 1]
  40    2    25.425647  -32.592240  -25.425647    2.507434    1.00000000   0.0000   0.8659  1-[ 1, 1, 0]
  41    2    26.047389   18.880796   26.047389    2.531238    0.00000000   0.0000   0.6076  1-[ 7, 4, 1]
  42    2    28.053777   20.887184   28.053777    2.606570    0.00000000   0.0000   0.6751  1-[ 7, 3, 0]
  43    2    30.235597   23.069003   30.235597    2.686092    0.00000000   0.0000   0.7480  1-[ 7, 2, 1]
  44    2    31.203416   24.036823   31.203416    2.720623    0.00000000   0.0000   0.8845  1-[ 7, 1, 0]
  45    2    32.913481   25.746887   32.913481    2.780588    0.00000000   0.0000   0.9673  1-[ 7, 0, 1]
  46    3     0.143175   -7.309768   -0.143175    1.187474    1.00000000   0.0000   0.8789  3+[ 4, 1, 1]
  47    3     2.815470   -9.982063   -2.815470    1.387658    1.00000000   0.0000   0.8314  3+[ 4, 2, 2]
  48    3     4.077898   -3.088695    4.077898    1.472795    0.00000000   0.0000   0.9528  3+[ 4, 0, 2]
  49    3     5.574708   -1.591885    5.574708    1.567759    0.00000000   0.0000   0.5873  3+[ 6, 5, 1]
  50    3     8.024466  -15.191060   -8.024466    1.711853    1.00000000   0.0000   0.7231  3+[ 4, 3, 1]
  51    3    12.067706    4.901113   12.067706    1.926241    0.00000000   0.0000   0.6261  3+[ 6, 4, 2]
  52    3    13.824173    6.657580   13.824173    2.012271    0.00000000   0.0000   0.7032  3+[ 6, 3, 1]
  53    3    15.167770  -22.334363  -15.167770    2.075674    1.00000000   0.0000   0.9565  3+[ 2, 0, 2]
  54    3    17.972976   10.806382   17.972976    2.202173    0.00000000   0.0000   0.8823  3+[ 6, 2, 2]
  55    3    19.086895  -26.253489  -19.086895    2.250432    1.00000000   0.0000   0.8954  3+[ 2, 1, 1]
  56    3    21.427153   14.260560   21.427153    2.348594    0.00000000   0.0000   0.9079  3+[ 6, 1, 1]
  57    3    23.785632   16.619038   23.785632    2.443534    0.00000000   0.0000   0.5326  3+[ 8, 5, 1]
  58    3    24.560133   17.393540   24.560133    2.473917    0.00000000   0.0000   0.9367  3+[ 6, 0, 2]
  59    3    31.696770   24.530176   31.696770    2.738058    0.00000000   0.0000   0.7069  3+[ 8, 7, 1]
  60    3    32.382517   25.215924   32.382517    2.762109    0.00000000   0.0000   0.7328  3+[ 8, 6, 2]
  61    3    35.307847   28.141254   35.307847    2.862439    0.00000000   0.0000   0.7207  3+[ 8, 4, 2]
  62    3    36.313781   29.147187   36.313781    2.896137    0.00000000   0.0000   0.6398  3+[ 8, 3, 1]
  63    3    38.203589   31.036996   38.203589    2.958405    0.00000000   0.0000   0.6723  3+[ 8, 2, 2]
  64    3    38.625064   31.458471   38.625064    2.972115    0.00000000   0.0000   0.8167  3+[ 8, 1, 1]
  65    3    40.481402   33.314809   40.481402    3.031759    0.00000000   0.0000   0.9228  3+[ 8, 0, 2]
  66    4     1.344649   -8.511242   -1.344649    1.281353    1.00000000   0.0000   0.6610  3-[ 5, 4, 1]
  67    4     4.406097   -2.760496    4.406097    1.494134    0.00000000   0.0000   0.7349  3-[ 5, 3, 2]
  68    4     5.837505  -13.004098   -5.837505    1.583844    1.00000000   0.0000   0.9047  3-[ 3, 0, 1]
  69    4     6.629348   -0.537246    6.629348    1.631354    0.00000000   0.0000   0.8106  3-[ 5, 2, 1]
  70    4     9.340483  -16.507076   -9.340483    1.784463    1.00000000   0.0000   0.9136  3-[ 3, 1, 2]
  71    4    11.033051    3.866457   11.033051    1.873716    0.00000000   0.0000   0.9360  3-[ 5, 1, 2]
  72    4    13.884853  -21.051447  -13.884853    2.015178    1.00000000   0.0000   0.8167  3-[ 3, 2, 1]
  73    4    15.404574    8.237981   15.404574    2.086649    0.00000000   0.0000   0.9259  3-[ 5, 0, 1]
  74    4    15.931098    8.764505   15.931098    2.110847    0.00000000   0.0000   0.5172  3-[ 7, 6, 1]
  75    4    23.222495   16.055902   23.222495    2.421203    0.00000000   0.0000   0.6554  3-[ 7, 6, 1]
  76    4    23.432374  -30.598967  -23.432374    2.429550    1.00000000   0.0000   0.9294  3-[ 1, 0, 1]
  77    4    24.120243   16.953649   24.120243    2.456706    0.00000000   0.0000   0.5823  3-[ 7, 5, 2]
  78    4    27.251721   20.085127   27.251721    2.576720    0.00000000   0.0000   0.8027  3-[ 7, 3, 2]
  79    4    29.935201   22.768607   29.935201    2.675284    0.00000000   0.0000   0.8070  3-[ 7, 2, 1]
  80    4    32.090556   24.923963   32.090556    2.751895    0.00000000   0.0000   0.9195  3-[ 7, 1, 2]
  81    4    32.787677   25.621083   32.787677    2.776221    0.00000000   0.0000   0.9456  3-[ 7, 0, 1]
  82    5     0.001710   -7.168304   -0.001710    1.175928    1.00000000   0.0000   0.9264  5+[ 4, 1, 3]
  83    5     2.504154   -4.662439    2.504154    1.365848    0.00000000   0.0000   0.9391  5+[ 4, 0, 2]
  84    5     6.509983  -13.676576   -6.509983    1.624281    1.00000000   0.0000   0.8616  5+[ 4, 2, 2]
  85    5     6.852162   -0.314431    6.852162    1.644475    0.00000000   0.0000   0.7375  5+[ 6, 4, 2]
  86    5    14.388464    7.221871   14.388464    2.039140    0.00000000   0.0000   0.7633  5+[ 6, 3, 3]
  87    5    16.251016    9.084422   16.251016    2.125415    0.00000000   0.0000   0.8416  5+[ 6, 2, 2]
  88    5    17.066980  -24.233574  -17.066980    2.162127    1.00000000   0.0000   0.9517  5+[ 2, 0, 2]
  89    5    20.899501   13.732908   20.899501    2.326823    0.00000000   0.0000   0.9528  5+[ 6, 1, 3]
  90    5    23.782926   16.616333   23.782926    2.443427    0.00000000   0.0000   0.9226  5+[ 6, 0, 2]
  91    5    24.397309   17.230716   24.397309    2.467560    0.00000000   0.0000   0.6338  5+[ 8, 6, 2]
  92    5    32.579026   25.412433   32.579026    2.768962    0.00000000   0.0000   0.6439  5+[ 8, 6, 2]
  93    5    33.489674   26.323080   33.489674    2.800504    0.00000000   0.0000   0.7718  5+[ 8, 5, 3]
  94    5    36.403774   29.237181   36.403774    2.899132    0.00000000   0.0000   0.6803  5+[ 8, 3, 3]
  95    5    37.022852   29.856259   37.022852    2.919656    0.00000000   0.0000   0.7191  5+[ 8, 2, 2]
  96    5    39.071146   31.904553   39.071146    2.986556    0.00000000   0.0000   0.9474  5+[ 8, 1, 3]
  97    5    40.184574   33.017981   40.184574    3.022301    0.00000000   0.0000   0.9109  5+[ 8, 0, 2]
  98    6     0.009113   -7.175706   -0.009113    1.176535    1.00000000   0.0000   0.8030  5-[ 5, 3, 2]
  99    6     6.452623  -13.619216   -6.452623    1.620871    1.00000000   0.0000   0.9676  5-[ 3, 0, 3]
 100    6     7.087580   -0.079014    7.087580    1.658225    0.00000000   0.0000   0.8672  5-[ 5, 2, 3]
 101    6     9.441599    2.275006    9.441599    1.789920    0.00000000   0.0000   0.9180  5-[ 5, 1, 2]
 102    6    12.097498  -19.264091  -12.097498    1.927732    1.00000000   0.0000   0.9236  5-[ 3, 1, 2]
 103    6    13.857495    6.690902   13.857495    2.013868    0.00000000   0.0000   0.9756  5-[ 5, 0, 3]
 104    6    16.542539    9.375946   16.542539    2.138603    0.00000000   0.0000   0.6951  5-[ 7, 5, 2]
 105    6    24.374912   17.208318   24.374912    2.466685    0.00000000   0.0000   0.6200  5-[ 7, 4, 3]
 106    6    25.395990   18.229397   25.395990    2.506293    0.00000000   0.0000   0.7158  5-[ 7, 3, 2]
 107    6    29.007901   21.841308   29.007901    2.641640    0.00000000   0.0000   0.9200  5-[ 7, 2, 3]
 108    6    31.178249   24.011656   31.178249    2.719731    0.00000000   0.0000   0.9326  5-[ 7, 1, 2]
 109    6    33.307342   26.140748   33.307342    2.794217    0.00000000   0.0000   0.9792  5-[ 7, 0, 3]
 110    7     2.932664   -4.233929    2.932664    1.395781    0.00000000   0.0000   0.9742  7+[ 4, 0, 4]
 111    7     4.566832  -11.733425   -4.566832    1.504474    1.00000000   0.0000   0.9447  7+[ 4, 1, 3]
 112    7     8.440453    1.273860    8.440453    1.735133    0.00000000   0.0000   0.8490  7+[ 6, 3, 3]
 113    7    17.201601   10.035008   17.201601    2.168124    0.00000000   0.0000   0.8794  7+[ 6, 2, 4]
 114    7    18.968837   11.802243   18.968837    2.245367    0.00000000   0.0000   0.9300  7+[ 6, 1, 3]
 115    7    23.604162   16.437569   23.604162    2.436360    0.00000000   0.0000   0.9804  7+[ 6, 0, 4]
 116    7    25.344749   18.178156   25.344749    2.504320    0.00000000   0.0000   0.7742  7+[ 8, 5, 3]
 117    7    33.835978   26.669384   33.835978    2.812406    0.00000000   0.0000   0.6927  7+[ 8, 3, 3]
 118    7    34.840900   27.674307   34.840900    2.846661    0.00000000   0.0000   0.8125  7+[ 8, 4, 4]
 119    7    37.355986   30.189393   37.355986    2.930641    0.00000000   0.0000   0.9170  7+[ 8, 1, 3]
 120    7    38.298232   31.131639   38.298232    2.961489    0.00000000   0.0000   0.8992  7+[ 8, 2, 4]
 121    7    39.681020   32.514427   39.681020    3.006188    0.00000000   0.0000   0.9598  7+[ 8, 0, 4]
 122    8     1.822299   -5.344295    1.822299    1.316817    0.00000000   0.0000   0.9017  7-[ 5, 2, 3]
 123    8     9.956707    2.790113    9.956707    1.817465    0.00000000   0.0000   0.9427  7-[ 5, 1, 4]
 124    8     9.992298  -17.158891   -9.992298    1.819353    1.00000000   0.0000   0.9700  7-[ 3, 0, 3]
 125    8    12.079144    4.912551   12.079144    1.926814    0.00000000   0.0000   0.9666  7-[ 5, 0, 3]
 126    8    17.422746   10.256153   17.422746    2.177940    0.00000000   0.0000   0.8208  7-[ 7, 4, 3]
 127    8    26.066941   18.900348   26.066941    2.531982    0.00000000   0.0000   0.7251  7-[ 7, 3, 4]
 128    8    27.026777   19.860183   27.026777    2.568286    0.00000000   0.0000   0.8190  7-[ 7, 2, 3]
 129    8    31.120727   23.954133   31.120727    2.717690    0.00000000   0.0000   0.9562  7-[ 7, 1, 4]
 130    8    32.099131   24.932537   32.099131    2.752195    0.00000000   0.0000   0.9765  7-[ 7, 0, 3]
 131    9     2.388258   -9.554851   -2.388258    1.357639    1.00000000   0.0000   0.9823  9+[ 4, 0, 4]
 132    9    10.500580    3.333987   10.500580    1.846103    0.00000000   0.0000   0.9246  9+[ 6, 2, 4]
 133    9    20.056847   12.890253   20.056847    2.291627    0.00000000   0.0000   0.9481  9+[ 6, 1, 5]
 134    9    21.536396   14.369803   21.536396    2.353076    0.00000000   0.0000   0.9746  9+[ 6, 0, 4]
 135    9    26.582477   19.415884   26.582477    2.551546    0.00000000   0.0000   0.8691  9+[ 8, 4, 4]
 136    9    35.396850   28.230257   35.396850    2.865437    0.00000000   0.0000   0.8613  9+[ 8, 2, 4]
 137    9    36.474856   29.308262   36.474856    2.901496    0.00000000   0.0000   0.8810  9+[ 8, 3, 5]
 138    9    37.945127   30.778534   37.945127    2.949967    0.00000000   0.0000   0.9867  9+[ 8, 0, 4]
 139    9    40.037998   32.871405   40.037998    3.017620    0.00000000   0.0000   0.9684  9+[ 8, 1, 5]
 140   10     3.998416   -3.168177    3.998416    1.467581    0.00000000   0.0000   0.9653  9-[ 5, 1, 4]
 141   10    12.789932    5.623339   12.789932    1.962072    0.00000000   0.0000   0.9801  9-[ 5, 0, 5]
 142   10    18.722657   11.556064   18.722657    2.234767    0.00000000   0.0000   0.9072  9-[ 7, 3, 4]
 143   10    28.272727   21.106134   28.272727    2.614659    0.00000000   0.0000   0.8072  9-[ 7, 2, 5]
 144   10    28.935771   21.769177   28.935771    2.639005    0.00000000   0.0000   0.8683  9-[ 7, 1, 4]
 145   10    33.243903   26.077310   33.243903    2.792026    0.00000000   0.0000   0.9877  9-[ 7, 0, 5]
 146   11    12.758758    5.592165   12.758758    1.960539    0.00000000   0.0000   0.9728 11+[ 6, 1, 5]
 147   11    22.761971   15.595378   22.761971    2.402788    0.00000000   0.0000   0.9825 11+[ 6, 0, 6]
 148   11    28.288033   21.121439   28.288033    2.615224    0.00000000   0.0000   0.9333 11+[ 8, 3, 5]
 149   11    37.004262   29.837669   37.004262    2.919042    0.00000000   0.0000   0.9556 11+[ 8, 1, 5]
 150   11    38.464279   31.297686   38.464279    2.966892    0.00000000   0.0000   0.9429 11+[ 8, 2, 6]
 151   11    41.623753   34.457159   41.623753    3.067887    0.00000000   0.0000   0.9884 11+[ 8, 0, 6]
 152   12     6.250402   -0.916191    6.250402    1.608793    0.00000000   0.0000   0.9940 11-[ 5, 0, 5]
 153   12    20.578645   13.412051   20.578645    2.313485    0.00000000   0.0000   0.9579 11-[ 7, 2, 5]
 154   12    30.527790   23.361196   30.527790    2.696564    0.00000000   0.0000   0.7543 11-[ 7, 1, 6]
 155   12    30.805699   23.639106   30.805699    2.706486    0.00000000   0.0000   0.7898 11-[ 7, 0, 5]
 156   13    15.019540    7.852947   15.019540    2.068775    0.00000000   0.0000   0.9930 13+[ 6, 0, 6]
 157   13    30.449922   23.283329   30.449922    2.693777    0.00000000   0.0000   0.9682 13+[ 8, 2, 6]
 158   13    38.428924   31.262331   38.428924    2.965743    0.00000000   0.0000   0.9900 13+[ 8, 0, 6]
 159   13    40.512275   33.345682   40.512275    3.032742    0.00000000   0.0000   0.9730 13+[ 8, 1, 7]
 160   14    22.687520   15.520927   22.687520    2.399797    0.00000000   0.0000   0.9870 13-[ 7, 1, 6]
 161   14    32.842999   25.676406   32.842999    2.778142    0.00000000   0.0000   0.9870 13-[ 7, 0, 7]
 162   15    32.722289   25.555695   32.722289    2.773948    0.00000000   0.0000   0.9885 15+[ 8, 1, 7]
 163   15    42.498391   35.331798   42.498391    3.095263    0.00000000   0.0000   0.9885 15+[ 8, 0, 8]
 164   16    24.935757   17.769163   24.935757    2.488518    0.00000000   0.0000   1.0000 15-[ 7, 0, 7]
 165   17    34.987538   27.820945   34.987538    2.851626    0.00000000   0.0000   1.0000 17+[ 8, 0, 8]
#all active are  165 q.p. states out of  165
#since the cut off is pwi=  60.0
#check: number of protons =  66.0


 #canonical s.p. energies protons 
 ---------------------------------


  labels -> {2*omega}{parity}[nn=nz+2*nr+nl,nz,nl]
  cqpe   -> canonical q.p. energies
  ce     -> canonical s.p. energies
  fermi energy=  -7.1665933066843568     
  average cdelt=  -3.8339959925361931E-020
  k0      ceqp        ce         v*v       u*v        cdel     overl      labels
   1   13.611521   13.611521   0.00000000   0.00000000   0.0000   0.6465  1+[ 6, 3, 1]
   2   10.464242   10.464242   0.00000000   0.00000000   0.0000   0.5614  1+[ 6, 5, 1]
   3   17.508515   17.508515   0.00000000   0.00000000   0.0000   0.5097  1+[ 8, 8, 0]
   4   14.813275   14.813275   0.00000000   0.00000000   0.0000   0.7355  1+[ 8, 7, 1]
   5   11.983348   11.983348   0.00000000   0.00000000   0.0000   0.6129  1+[ 6, 4, 0]
   6   10.628550   10.628550   0.00000000   0.00000000   0.0000   0.4735  1+[ 6, 6, 0]
   7   20.468749   20.468749   0.00000000   0.00000000   0.0000   0.6309  1+[ 6, 1, 1]
   8   17.189759   17.189759   0.00000000   0.00000000   0.0000   0.5820  1+[ 8, 4, 0]
   9   21.812874   21.812874   0.00000000   0.00000000   0.0000   0.5943  1+[ 8, 5, 1]
  10   21.499718   21.499718   0.00000000   0.00000000   0.0000   0.7024  1+[ 8, 5, 1]
  11   25.027419   25.027419   0.00000000   0.00000000   0.0000   0.5638  1+[ 8, 2, 0]
  12   23.914848   23.914848   0.00000000   0.00000000   0.0000   0.7261  1+[ 8, 6, 0]
  13   29.789318   29.789318   0.00000000   0.00000000   0.0000   0.7948  1+[ 8, 1, 1]
  14   19.776964   19.776964   0.00000000   0.00000000   0.0000   0.7097  1+[ 6, 0, 0]
  15   22.796865   22.796865   0.00000000   0.00000000   0.0000   0.5482  1+[ 6, 0, 0]
  16   15.083596   15.083596   0.00000000   0.00000001   0.0000   0.5840  1+[ 6, 2, 0]
  17    0.625691    0.625691   0.00000000   0.00000003   0.0000   0.8027  1+[ 4, 0, 0]
  18   -6.239935   -6.239935   0.00000001   0.00009453   0.0000   0.8875  1+[ 4, 1, 1]
  19   -2.609536  -11.723650   1.00000000   0.00000006   0.0000   0.6895  1+[ 4, 2, 0]
  20   17.245395  -31.578581   1.00000000   0.00000003   0.0000   0.6306  1+[ 2, 0, 0]
  21   12.875564  -27.208751   1.00000000   0.00000002   0.0000   0.7347  1+[ 0, 0, 0]
  22   12.253694  -26.586881   1.00000000   0.00000000   0.0000   0.7866  1+[ 2, 2, 0]
  23    3.797612  -18.130799   1.00000000   0.00000000   0.0000   0.5176  1+[ 4, 4, 0]
  24    8.105064  -22.438250   1.00000000   0.00000000   0.0000   0.5815  1+[ 2, 1, 1]
  25   -2.805857  -11.527329   1.00000000   0.00000000   0.0000   0.7066  1+[ 4, 3, 1]
  26   11.865318   11.865318   0.00000000   0.00000000   0.0000   0.6769  1-[ 7, 5, 0]
  27    9.862267    9.862267   0.00000000   0.00000000   0.0000   0.5443  1-[ 7, 3, 0]
  28   12.954571   12.954571   0.00000000   0.00000000   0.0000   0.4393  1-[ 7, 0, 1]
  29   21.158808   21.158808   0.00000000   0.00000000   0.0000   0.6807  1-[ 7, 0, 1]
  30   16.455136   16.455136   0.00000000   0.00000000   0.0000   0.8305  1-[ 7, 2, 1]
  31   18.648228   18.648228   0.00000000   0.00000000   0.0000   0.5009  1-[ 7, 3, 0]
  32   17.513119   17.513119   0.00000000   0.00000000   0.0000   0.6493  1-[ 7, 1, 0]
  33    5.219378    5.219378   0.00000000   0.00000001   0.0000   0.6796  1-[ 5, 3, 0]
  34   15.676932   15.676932   0.00000000   0.00000002   0.0000   0.9289  1-[ 7, 4, 1]
  35    4.847066    4.847066   0.00000000   0.00000002   0.0000   0.5533  1-[ 5, 5, 0]
  36    7.862132    7.862132   0.00000000   0.00000002   0.0000   0.5590  1-[ 5, 2, 1]
  37    7.412319    7.412319   0.00000000   0.00000002   0.0000   0.7404  1-[ 7, 6, 1]
  38    7.993592    7.993592   0.00000000   0.00000003   0.0000   0.5668  1-[ 5, 0, 1]
  39    3.647505  -17.980692   1.00000000   0.00000004   0.0000   0.8153  1-[ 3, 2, 1]
  40   -0.696235  -13.636951   1.00000000   0.00000002   0.0000   0.6045  1-[ 3, 3, 0]
  41    8.944714  -23.277901   1.00000000   0.00000001   0.0000   0.4707  1-[ 3, 3, 0]
  42   14.719454  -29.052640   1.00000000   0.00000000   0.0000   0.8665  1-[ 1, 0, 1]
  43    8.612594  -22.945781   1.00000000   0.00000000   0.0000   0.7819  1-[ 1, 1, 0]
  44    4.389150  -18.722337   1.00000000   0.00000000   0.0000   0.8042  1-[ 3, 1, 0]
  45    1.682337  -16.015523   1.00000000   0.00000000   0.0000   0.7018  1-[ 3, 0, 1]
  46    8.902173    8.902173   0.00000000   0.00000000   0.0000   0.7099  3+[ 6, 5, 1]
  47    9.787190    9.787190   0.00000000   0.00000000   0.0000   0.5570  3+[ 6, 1, 1]
  48    6.321459    6.321459   0.00000000   0.00000000   0.0000   0.7390  3+[ 4, 0, 2]
  49   16.413466   16.413466   0.00000000   0.00000000   0.0000   0.8500  3+[ 6, 0, 2]
  50   17.217013   17.217013   0.00000000   0.00000000   0.0000   0.7922  3+[ 6, 2, 2]
  51   24.205137   24.205137   0.00000000   0.00000000   0.0000   0.5503  3+[ 8, 0, 2]
  52   25.945644   25.945644   0.00000000   0.00000000   0.0000   0.5802  3+[ 8, 5, 1]
  53   24.033208   24.033208   0.00000000   0.00000000   0.0000   0.7666  3+[ 8, 4, 2]
  54   29.948915   29.948915   0.00000000   0.00000000   0.0000   0.7661  3+[ 8, 2, 2]
  55   24.578242   24.578242   0.00000000   0.00000000   0.0000   0.5335  3+[ 8, 1, 1]
  56   21.370500   21.370500   0.00000000   0.00000000   0.0000   0.5616  3+[ 8, 6, 2]
  57   25.984372   25.984372   0.00000000   0.00000000   0.0000   0.6147  3+[ 8, 3, 1]
  58   12.615625   12.615625   0.00000000   0.00000000   0.0000   0.5892  3+[ 6, 1, 1]
  59   17.535584   17.535584   0.00000000   0.00000001   0.0000   0.9269  3+[ 8, 7, 1]
  60    3.943922    3.943922   0.00000000   0.00000002   0.0000   0.8016  3+[ 6, 4, 2]
  61   -7.023419   -7.309768   0.94601184   0.22599433   0.0000   0.8789  3+[ 4, 1, 1]
  62   -0.505618  -13.827569   1.00000000   0.00000004   0.0000   0.8375  3+[ 4, 3, 1]
  63   10.939908  -25.273095   1.00000000   0.00000002   0.0000   0.9357  3+[ 2, 1, 1]
  64    6.114010  -20.447196   1.00000000   0.00000000   0.0000   0.8045  3+[ 2, 0, 2]
  65   -0.120072  -14.213114   1.00000000   0.00000000   0.0000   0.6849  3+[ 4, 2, 2]
  66    7.085514    7.085514   0.00000000   0.00000000   0.0000   0.6257  3-[ 5, 0, 1]
  67    0.741217    0.741217   0.00000000   0.00000000   0.0000   0.7625  3-[ 5, 3, 2]
  68    2.331252    2.331252   0.00000000   0.00000000   0.0000   0.8735  3-[ 5, 1, 2]
  69    6.527528    6.527528   0.00000000   0.00000000   0.0000   0.6985  3-[ 5, 0, 1]
  70   15.452103   15.452103   0.00000000   0.00000000   0.0000   0.8561  3-[ 7, 6, 1]
  71   18.458954   18.458954   0.00000000   0.00000000   0.0000   0.7536  3-[ 7, 5, 2]
  72   13.087855   13.087855   0.00000000   0.00000000   0.0000   0.8820  3-[ 7, 4, 1]
  73   22.119863   22.119863   0.00000000   0.00000000   0.0000   0.8461  3-[ 7, 2, 1]
  74   18.508378   18.508378   0.00000000   0.00000000   0.0000   0.8663  3-[ 7, 3, 2]
  75   23.618655   23.618655   0.00000000   0.00000000   0.0000   0.7098  3-[ 7, 1, 2]
  76   16.048215   16.048215   0.00000000   0.00000001   0.0000   0.6633  3-[ 7, 0, 1]
  77   -5.821943   -8.511243   1.00000000   0.00000145   0.0000   0.6611  3-[ 5, 4, 1]
  78   -0.824757  -13.508430   1.00000000   0.00000004   0.0000   0.8832  3-[ 3, 0, 1]
  79   13.577085  -27.910271   1.00000000   0.00000002   0.0000   0.9306  3-[ 1, 0, 1]
  80    9.079670  -23.412857   1.00000000   0.00000000   0.0000   0.8350  3-[ 3, 2, 1]
  81    1.996842  -16.330029   1.00000000   0.00000000   0.0000   0.8671  3-[ 3, 1, 2]
  82    0.042899    0.042899   0.00000000   0.00000000   0.0000   0.8367  5+[ 4, 0, 2]
  83   15.585279   15.585279   0.00000000   0.00000000   0.0000   0.7215  5+[ 6, 0, 2]
  84   20.929136   20.929136   0.00000000   0.00000000   0.0000   0.5334  5+[ 8, 5, 3]
  85   16.022114   16.022114   0.00000000   0.00000000   0.0000   0.7501  5+[ 6, 2, 2]
  86   22.162463   22.162463   0.00000000   0.00000000   0.0000   0.5151  5+[ 8, 3, 3]
  87   19.914335   19.914335   0.00000000   0.00000000   0.0000   0.5368  5+[ 8, 6, 2]
  88   25.710320   25.710320   0.00000000   0.00000000   0.0000   0.6422  5+[ 8, 3, 3]
  89   28.529788   28.529788   0.00000000   0.00000000   0.0000   0.5846  5+[ 8, 1, 3]
  90   22.033847   22.033847   0.00000000   0.00000000   0.0000   0.7611  5+[ 8, 4, 2]
  91   28.643111   28.643111   0.00000000   0.00000000   0.0000   0.6229  5+[ 8, 0, 2]
  92   24.951309   24.951309   0.00000000   0.00000000   0.0000   0.6760  5+[ 8, 2, 2]
  93    2.937676    2.937676   0.00000000   0.00000000   0.0000   0.8288  5+[ 6, 4, 2]
  94    7.198589    7.198589   0.00000000   0.00000001   0.0000   0.7571  5+[ 6, 3, 3]
  95   -7.164883   -7.168304   0.50855049   0.49992688   0.0000   0.9264  5+[ 4, 1, 3]
  96    7.920443  -22.253629   1.00000000   0.00000004   0.0000   0.7841  5+[ 2, 0, 2]
  97    1.323334  -15.656521   1.00000000   0.00000003   0.0000   0.6838  5+[ 4, 2, 2]
  98    6.723898    6.723898   0.00000000   0.00000000   0.0000   0.6790  5-[ 5, 0, 3]
  99    3.039473    3.039473   0.00000000   0.00000000   0.0000   0.7383  5-[ 5, 2, 3]
 100   18.160324   18.160324   0.00000000   0.00000000   0.0000   0.6261  5-[ 7, 2, 3]
 101   17.739449   17.739449   0.00000000   0.00000000   0.0000   0.5697  5-[ 7, 3, 2]
 102   17.234239   17.234239   0.00000000   0.00000000   0.0000   0.7408  5-[ 7, 3, 2]
 103   17.825310   17.825310   0.00000000   0.00000000   0.0000   0.6366  5-[ 7, 4, 3]
 104   21.066731   21.066731   0.00000000   0.00000000   0.0000   0.6386  5-[ 7, 0, 3]
 105   15.661698   15.661698   0.00000000   0.00000000   0.0000   0.6417  5-[ 7, 0, 3]
 106    8.243144    8.243144   0.00000000   0.00000001   0.0000   0.6331  5-[ 5, 0, 3]
 107   -7.157481   -7.175706   0.54543766   0.49793114   0.0000   0.8030  5-[ 5, 3, 2]
 108    0.718554  -15.051741   1.00000000   0.00000001   0.0000   0.7509  5-[ 3, 0, 3]
 109    3.498380  -17.831566   1.00000000   0.00000000   0.0000   0.7111  5-[ 3, 1, 2]
 110   -3.489751   -3.489751   0.00000000   0.00000000   0.0000   0.9769  7+[ 4, 0, 4]
 111   20.009327   20.009327   0.00000000   0.00000000   0.0000   0.6453  7+[ 6, 1, 3]
 112   24.677625   24.677625   0.00000000   0.00000000   0.0000   0.7819  7+[ 8, 1, 3]
 113   17.417987   17.417987   0.00000000   0.00000000   0.0000   0.6687  7+[ 6, 2, 4]
 114   27.223640   27.223640   0.00000000   0.00000000   0.0000   0.8016  7+[ 8, 2, 4]
 115   25.264822   25.264822   0.00000000   0.00000000   0.0000   0.9762  7+[ 8, 4, 4]
 116   13.295637   13.295637   0.00000000   0.00000000   0.0000   0.6758  7+[ 6, 2, 4]
 117   25.478997   25.478997   0.00000000   0.00000000   0.0000   0.7306  7+[ 8, 5, 3]
 118   23.622707   23.622707   0.00000000   0.00000000   0.0000   0.7121  7+[ 8, 3, 3]
 119   21.530397   21.530397   0.00000000   0.00000000   0.0000   0.5512  7+[ 6, 1, 3]
 120    6.640667    6.640667   0.00000000   0.00000000   0.0000   0.9024  7+[ 6, 3, 3]
 121   -2.599762  -11.733425   1.00000000   0.00000001   0.0000   0.9447  7+[ 4, 1, 3]
 122    5.329297    5.329297   0.00000000   0.00000000   0.0000   0.8409  7-[ 5, 1, 4]
 123   14.675355   14.675355   0.00000000   0.00000000   0.0000   0.6674  7-[ 7, 0, 3]
 124   15.579941   15.579941   0.00000000   0.00000000   0.0000   0.8076  7-[ 7, 4, 3]
 125   19.202174   19.202174   0.00000000   0.00000000   0.0000   0.7369  7-[ 7, 2, 3]
 126   23.069032   23.069032   0.00000000   0.00000000   0.0000   0.9855  7-[ 7, 1, 4]
 127   15.613664   15.613664   0.00000000   0.00000000   0.0000   0.7651  7-[ 7, 3, 4]
 128   12.135925   12.135925   0.00000000   0.00000000   0.0000   0.6858  7-[ 5, 0, 3]
 129   -5.343664   -5.343664   0.00000000   0.00000001   0.0000   0.8996  7-[ 5, 2, 3]
 130    2.825705  -17.158891   1.00000000   0.00000002   0.0000   0.9700  7-[ 3, 0, 3]
 131   14.053829   14.053829   0.00000000   0.00000000   0.0000   0.7264  9+[ 6, 2, 4]
 132   21.361055   21.361055   0.00000000   0.00000000   0.0000   0.7488  9+[ 8, 0, 4]
 133   23.887009   23.887009   0.00000000   0.00000000   0.0000   0.8280  9+[ 8, 2, 4]
 134   20.424091   20.424091   0.00000000   0.00000000   0.0000   0.9335  9+[ 8, 4, 4]
 135   31.940656   31.940656   0.00000000   0.00000000   0.0000   0.8895  9+[ 8, 1, 5]
 136   28.251365   28.251365   0.00000000   0.00000000   0.0000   0.9056  9+[ 8, 3, 5]
 137   16.284985   16.284985   0.00000000   0.00000000   0.0000   0.7883  9+[ 6, 0, 4]
 138   14.995396   14.995396   0.00000000   0.00000000   0.0000   0.8738  9+[ 6, 1, 5]
 139   -4.778336   -9.554851   1.00000000   0.00000000   0.0000   0.9823  9+[ 4, 0, 4]
 140   12.577578   12.577578   0.00000000   0.00000000   0.0000   0.8066  9-[ 5, 0, 5]
 141   21.073812   21.073812   0.00000000   0.00000000   0.0000   0.8325  9-[ 7, 2, 5]
 142   20.993048   20.993048   0.00000000   0.00000000   0.0000   0.8240  9-[ 7, 0, 5]
 143   11.430128   11.430128   0.00000000   0.00000000   0.0000   0.9515  9-[ 7, 3, 4]
 144    4.935842    4.935842   0.00000000   0.00000000   0.0000   0.8218  9-[ 5, 1, 4]
 145   11.953438   11.953438   0.00000000   0.00000000   0.0000   0.6823  9-[ 7, 1, 4]
 146   20.429463   20.429463   0.00000000   0.00000000   0.0000   0.5786 11+[ 6, 0, 6]
 147   24.682929   24.682929   0.00000000   0.00000000   0.0000   0.6883 11+[ 8, 0, 6]
 148   28.597885   28.597885   0.00000000   0.00000000   0.0000   0.7233 11+[ 8, 2, 6]
 149   23.478025   23.478025   0.00000000   0.00000000   0.0000   0.7173 11+[ 6, 0, 6]
 150   22.532691   22.532691   0.00000000   0.00000000   0.0000   0.7151 11+[ 8, 3, 5]
 151   18.180502   18.180502   0.00000000   0.00000000   0.0000   0.7359 11+[ 6, 1, 5]
 152    8.565526    8.565526   0.00000000   0.00000000   0.0000   0.7859 11-[ 5, 0, 5]
 153   22.195538   22.195538   0.00000000   0.00000000   0.0000   0.9927 11-[ 7, 1, 6]
 154   14.687324   14.687324   0.00000000   0.00000000   0.0000   0.9749 11-[ 7, 2, 5]
 155   14.047773   14.047773   0.00000000   0.00000000   0.0000   0.7705 11-[ 7, 0, 5]
 156   30.190170   30.190170   0.00000000   0.00000000   0.0000   0.8574 13+[ 8, 1, 7]
 157   26.027865   26.027865   0.00000000   0.00000000   0.0000   0.6482 13+[ 8, 0, 6]
 158   24.057616   24.057616   0.00000000   0.00000000   0.0000   0.9885 13+[ 8, 2, 6]
 159   15.468638   15.468638   0.00000000   0.00000000   0.0000   0.7707 13+[ 6, 0, 6]
 160   15.784150   15.784150   0.00000000   0.00000000   0.0000   1.0000 13-[ 7, 1, 6]
 161   25.413183   25.413183   0.00000000   0.00000000   0.0000   1.0000 13-[ 7, 0, 7]
 162   25.779227   25.779227   0.00000000   0.00000000   0.0000   1.0000 15+[ 8, 1, 7]
 163   35.108267   35.108267   0.00000000   0.00000000   0.0000   1.0000 15+[ 8, 0, 8]
 164   17.769163   17.769163   0.00000000   0.00000000   0.0000   1.0000 15-[ 7, 0, 7]
 165   27.820945   27.820945   0.00000000   0.00000000   0.0000   1.0000 17+[ 8, 0, 8]
  Sum canonical e_v*V^2_k=  -1155.9499363848909     

  NB! From expect (UNPROJECTED RESULTS)

  pairing: CpV0,CpV1,...           0.100000       0.100000       1.000000       1.000000
  forces:   UNE1                          


                             neutrons         protons         total
  Requested part.numbs.      92.000000      64.000000     156.000000
  UnPj(av) part.numbs .      92.000000      64.000000     156.000000
  b0, bz, bp ..........       2.130153       2.136882       2.126796

  lambda (ala) ........      -7.107639      -7.166593
  Lambda (alast) ......      -7.107639      -7.166593
  delta(n,p), pwi .....      -0.000000      -0.000000      60.000000
  pairing energy ......       0.000000       0.000000       0.000000

  rms-radius ..........       5.200884       5.099682       5.159605
  charge-radius, r0 ...                      5.162049       6.459855
  deformation beta2....       0.307935       0.343163       0.322054
  dipole moment[fm] ...       0.000000       0.000000       0.000000
  quadrupole moment[b]        9.667430       7.205715      16.873145
  octupole moment .....       0.000000       0.000000       0.000000
  hexadecapole moment .       0.398246       0.291133       0.689378
  q5 ..................       0.000000       0.000000       0.000000
  q6 ..................       0.027182       0.015276       0.042458
  q7 ..................       0.000000       0.000000       0.000000
  q8 ..................      -0.000470      -0.004697      -0.005167

  <r^0> [fm^0] ........            1.000000            1.000000            1.000000
  <r^2> [fm^2] ........           27.049193           26.006754           26.621526
  <r^4> [fm^4] ........          971.104172          888.992042          937.417144
  <r^6> [fm^6] ........        41826.596425        36393.618112        39597.682246
  <r^8> [fm^8] ........      2067320.075100      1712846.808145      1921895.145067

  kinetic energy ......    1832.173630    1069.597283    2901.770912
  volume energy .......                                 -4800.725189
        rho_tau .......                                    24.173338
        rho_rho .......                                 -4824.898527
  surface energy ......                                   174.732502
   rho_DELTA_rho ......                                   174.732502
   (NABLA_rho)^2 ......                                     0.000000
  spin-orbit energy ...                                   -66.360812
        rho_NABLA_J ...                                   -66.360812
        NABLA_rho_J ...                                     0.000000
  coulomb energy ......                                   523.126240
          direct ......                                   547.616498
          exchange ....                                   -24.490259
  tensor energy .......                                     0.000000
  direct Hartree E  ...                                     0.000000
  Extra E .............                                     0.000000
  External field E ....                                     0.000000
  Entropy .............       2.511761       3.184216       5.695977

  tEnergy: ehfb (qp)...                                 -1267.456346

  Calculated but not added corrections 
====================================
  cmc-diagonal part ...       0.000000       0.000000      -0.000000
  cmc-hfb .............       0.000000       0.000000       0.000000
  cranking rot corr ...       0.000000       0.000000       0.000000

  SQUJ ................       0.000000       0.000000       0.000000
  CRAN x 4 ............       0.000000       0.000000       0.000000
  Rigit Body ..........       0.000000       0.000000       0.000000


   Blocking candidates are:
   neutron eqpmin=   4.1021970086710269E-002  pwiblo=   2.0016019225635890     
    num=   1 block=  12 state=   1   152 Eqp=   0.04102197  (1-2N)E=  -0.04102197  Ovlp=   0.99345857 11-[ 5, 0, 5]
    num=   2 block=   4 state=   1    66 Eqp=   0.04206178  (1-2N)E=   0.04206178  Ovlp=   0.75630251  3-[ 5, 2, 1]
    num=   3 block=   5 state=   1    82 Eqp=   0.27107047  (1-2N)E=   0.27107047  Ovlp=   0.75204351  5+[ 6, 4, 2]
    num=   4 block=   3 state=   1    46 Eqp=   0.60406200  (1-2N)E=  -0.60406200  Ovlp=   0.60692591  3+[ 6, 5, 1]
    num=   5 block=   6 state=   1    98 Eqp=   1.10130113  (1-2N)E=   1.10130113  Ovlp=   0.78166205  5-[ 5, 2, 3]
    num=   6 block=   1 state=   1     1 Eqp=   1.22908879  (1-2N)E=  -1.22908879  Ovlp=   0.44800690  1+[ 6, 4, 0]
    num=   7 block=   2 state=   1    26 Eqp=   1.27475600  (1-2N)E=   1.27475600  Ovlp=   0.77900562  1-[ 5, 2, 1]
    num=   8 block=   3 state=   2    47 Eqp=   1.35455309  (1-2N)E=  -1.35455309  Ovlp=   0.95178345  3+[ 4, 0, 2]
    num=   9 block=   4 state=   2    67 Eqp=   1.48568578  (1-2N)E=  -1.48568578  Ovlp=   0.65405122  3-[ 5, 3, 2]
    num=  10 block=   1 state=   2     2 Eqp=   1.57320185  (1-2N)E=  -1.57320185  Ovlp=   0.93114012  1+[ 4, 0, 0]
    num=  11 block=   2 state=   2    27 Eqp=   1.85819453  (1-2N)E=  -1.85819453  Ovlp=   0.63991526  1-[ 5, 3, 0]
    num=  12 block=   7 state=   1   110 Eqp=   1.92572422  (1-2N)E=   1.92572422  Ovlp=   0.85022605  7+[ 6, 3, 3]

   Blocking candidates are:
   proton  eqpmin=   1.7102647201983961E-003  pwiblo=   2.0016019225635890     
    num=   1 block=   5 state=   1    82 Eqp=   0.00171026  (1-2N)E=  -0.00171026  Ovlp=   0.92639245  5+[ 4, 1, 3]
    num=   2 block=   6 state=   1    98 Eqp=   0.00911267  (1-2N)E=  -0.00911267  Ovlp=   0.80296647  5-[ 5, 3, 2]
    num=   3 block=   3 state=   1    46 Eqp=   0.14317452  (1-2N)E=  -0.14317452  Ovlp=   0.87892986  3+[ 4, 1, 1]
    num=   4 block=   1 state=   1     1 Eqp=   0.92665807  (1-2N)E=   0.92665807  Ovlp=   0.88752570  1+[ 4, 1, 1]
    num=   5 block=   4 state=   1    66 Eqp=   1.34464891  (1-2N)E=  -1.34464891  Ovlp=   0.66104011  3-[ 5, 4, 1]
    num=   6 block=   8 state=   1   122 Eqp=   1.82229873  (1-2N)E=   1.82229873  Ovlp=   0.90169922  7-[ 5, 2, 3]


