No Skyrme interaction defined in routine skforce()
Multi-threading framework with OpenMP: 1 threads/task

  =======================================
           FORTRAN 95 CODE (KIND= 8) 
               Version: 200d  
  =======================================
       AXIALLY DEFORMED CONFIGURATIONAL  
     HARTREE-FOCK-BOGOLIUBOV CALCULATIONS
                     WITH                
            UNEDF AND DELTA PAIRING      
                     USING               
             HARMONIC-OSCILLATOR         
                   AND/OR                
       TRANSFORMED HARMONIC-OSCILLATOR   
                    BASIS                
                     ---                 
               v1.66  (2005):,           
   Stoitsov,Dobaczewski,Nazarewicz,Ring, 
               v2.00d (2012):,           
         Stoitsov,Schunck,Kortelainen    
  =======================================
    Nucleus: GD (A= 156, N= 92, Z= 64)
       Reflection Symmetry Imposed       
            (10/14/2022,  7:39)                               
  =======================================


  ---------------------------------------
           UNEDF Module Version:17
         M.Kortelainen & M.Stoitsov 
  ---------------------------------------

  UNE1 functional
  ----------------------------------
  Crho(0)=   -787.596226463777839    ; Crho(1)=    351.320294264050915    
  CDrho(0)=   886.300330190898990    ; CDrho(1)=  -319.640172152944388    
  Ctau(0)=    2.69899224771106816    ; Ctau(1)=   -29.8775850856257996    
  CrDr(0)=   -46.4682281050832557    ; CrDr(1)=   -104.751525216471180    
  CrdJ(0)=   -77.9519530591192762    ; CrdJ(1)=   -35.0981250704832561    
  CJ(0)=      0.00000000000000000    ; CJ(1)=      0.00000000000000000    
  CpV0(0)=   0.100000000000000006    ; CpV0(1)=   0.100000000000000006    
  CpV1(0)=    1.00000000000000000    ; CpV1(1)=    1.00000000000000000    
  sigma=     0.262551335656697971    ; hbzero=     20.7355300000000007    
  e^2 chrg=   1.43997840859651305    ; CExPar=     1.00000000000000000    
  c.m. correction: F, chr. density in direct Coul: F
  use tensor terms: F
  use TMR pairing:  0

  Coupling constants in natural units
  -----------------------------------
  Crho_nu(0)=  -0.886927800662456467    ; Crho_nu(1)=   0.395628782172729510    
  CDrho_nu(0)=  0.937647181382355588    ; CDrho_nu(1)= -0.338158179870276132    
  Ctau_nu(0)=   0.382585219670941237E-01; Ctau_nu(1)=  -0.423518165452880624    
  CrDr_nu(0)=  -0.658692416489143340    ; CrDr_nu(1)=   -1.48486477943007444    
  CrdJ_nu(0)=   -1.10497779718316091    ; CrdJ_nu(1)=  -0.497519913275664138    
  CJ_nu(0)=      0.00000000000000000    ; CJ_nu(1)=      0.00000000000000000    
  CpV0_nu(0)=   0.112611992142809880E-03; CpV0_nu(1)=   0.112611992142809880E-03
  CpV1_nu(0)=   0.887702254206059068E-03; CpV1_nu(1)=   0.887702254206059068E-03
  fpi_nu=        93.0000000000000000    ; Lambda_nu=     700.000000000000000    

  Nuclear matter properties
  ----------------------------------
      E_NM=     -15.7999999999999741      K_NM=     220.0000000000000853
      P_NM=       0.0000000000000059    RHO_NM=       0.1590263826104598
    ASS_NM=      28.5787644219189900   LASS_NM=      32.4870114441613183
  SMASS_NM=       1.0206993008544833  VMASS_NM=       1.2498385742322700

  Associated (t,x)-coupling constants
  -----------------------------------
  t0=      -2100.25660390340727    ; x0=       0.169099754022643989    
  t1=       251.429206224058760    ; x1=       -3.59533265147797287    
  t2=       1119.33570209109917    ; x2=       -1.40882271542405557    
  t3=       14180.8052830543838    ; x3=       0.409681593215093232E-01
  b4=       42.8538279886360201    ; b4p=       70.1962501409665123    
  te=      -334.882369383066191    ; to=       -161.301070209658064    
  sigma=   0.262551335656697971    ; hbzero=    20.7355300000000007    

  ---------------------------------------
        Characteristics of the run       
  ---------------------------------------
  Output file ................:     7
  Nucleus ....................:   GD 156
  Number of HO shells ........:     8
  HO length b0 (fm) ..........:     2.13015292605643
  Basis deformation ..........:  beta0=   0.010 q=   1.010
  HO: b0,1/b0,bp,bz,q ........:   0.21301529E+01  0.46944986E+00  0.21267964E+01  0.21368819E+01  0.10095067E+01
  h**2/(2m), cmc, e**2 .......:   0.20735530E+02  0.20735530E+02  0.14399784E+01
  hom=f*41.0_pr*A^{-1/3}, f...:   0.91395238E+01  0.12000000E+01
  THO basis is ...............:  OFF
  Maximal number of iterations:   400
  Initial mixing parameter ...:  0.300
  Initial w.f. ...............:  from   spherical scratch
  Skyrme functional ..........:    UNE1                          
    with direct and exchange Coulomb
  Lipkin-Nogami procedure is .:  OFF
  PAV procedure is ...........:  OFF
  Constraint calculation is ..:   ON
    Constraint 1 .............: lambda=2 Ql=  13.257
  Temperature T ..............:   0.05 MeV
  Restart indicator ..........:   1
  Broyden mixing (#iterations):   7

  ---------------------------------------
        Harmonic Oscillator Basis        
  ---------------------------------------
  NUV, NQP:                        2501     165
  Comparison with bookkeeping spherical basis:
  n00:                                8       8  Maximal number of shells
  nbx, 2*n00+1:                      17      17  Maximal number of K-blocks
  ntx, (n00+1)*(n00+2)*(n00+3)/6    165     165  Max.num. p/n levels
  nzx, n00:                           8       8  Maximal nz-quantum number
  nrx, n00/2  :                       4       4  Maximal nr-quantum number
  nlx, n00:                           8       8  Maximal ml-quantum number
  ndx, (n00+2)*(n00+2)/4:            25      25  Maximal dim. of one k-block

  Actual basis used
  Number of blocks: nb .......:   17
  Number of levels: nt .......:  165
  Maximal 2*omega : nom ......:   17
  Maximal nz:       nzm ......:    8
  Maximal nr:       nrm ......:    4
  Maximal ml:       nlm ......:    8
  Maximal N=nz+2*nr+nl .......:    8
  2 x biggest block dim. .....:   50
  Non-zero elements of h .....:     1333
  Number of Broyden elements .:     5332

  ---------------------------------------
            Integration Meshes           
  ---------------------------------------
  Number of Gauss-Hermite mesh points ngh ....:  40
  Number of Gauss-Laguerre mesh points ngl ...:  40
  Number of Gauss-Legendre mesh points nleg ..:  80
  Integration boundaries
    Hermite  - from xh(1)  =  0.12379686 to xh(ngh)   = 11.88786356
    Laguerre - From xl(1)  =  0.03570039 to xl(ngl)   =142.28004447
    Legendre - From xleg(1)=  0.00978669 to xleg(nleg)=  0.99988775
  Max.dev.in:     Orthogonality            Normalization
  Hermite     1.5248282503475657E-015   1.0991207943789050E-014
  Laguerre    4.2896485016951012E-015   8.9928064994637680E-015

  Scratch initialization for the nucleus: GD  92  64


  Initial potentials of Saxon-Woods shape 
  v0ws   =  -71.27999878
  kappa  =    0.46160001
  vs0    =   11.11750031   11.11750031
  r0     =    1.23339999    1.23339999
  a      =    0.61500001    0.61500001
  r0-so  =    1.14429998    1.14429998
  a-so   =    0.64760000    0.64760000
  beta00 =    0.01000000

  ### REGULAR STAGE (reflection symmetry imposed)
  |HFB+HO> iterations(b0=  2.130, Nsh=  8, inin=  1, N= 92, Z= 64)...
  ----------------------------------------------------------------------------------------------------------------------------------
  i          si     mix   beta      Etot       A       rn      rp         En      Dn      Ep      Dp        Ln      Lp     time
  ----------------------------------------------------------------------------------------------------------------------------------
   1L  69.94764065 0.30  0.010     0.000000    0.0   0.000   0.000 |   -2.000   1.000  -2.000   1.000 |   -7.000  -7.000   0.000
   2B  39.86401777 0.10  0.017 -1051.187800  156.0   4.802   4.555 |    0.000  -0.000   0.000   0.000 |  -14.068 -26.543  22.310
   3B  14.92114134 0.11  0.161 -1172.080330  156.0   4.980   4.943 |    0.000  -0.000   0.000  -0.000 |   -6.215 -10.571   0.903
   4B  14.61345877 0.13  0.322 -1069.971745  156.0   5.213   4.987 |    0.000  -0.000   0.000  -0.000 |   -7.361  -7.492   0.822
   5B   4.59921044 0.14  0.378 -1247.778128  156.0   5.237   5.131 |    0.000  -0.000   0.000  -0.000 |   -7.592  -7.752   0.983
   6B   5.30798230 0.10  0.414 -1238.638927  156.0   5.263   5.170 |    0.000  -0.000   0.000  -0.000 |   -7.689  -7.539   0.918
   7B   3.45008305 0.11  0.446 -1246.889203  156.0   5.273   5.201 |    0.000  -0.000   0.000  -0.000 |   -7.505  -7.741   0.810
   8B   6.62664455 0.10  0.433 -1254.423298  156.0   5.283   5.186 |    0.000   0.000   0.000   0.000 |   -7.359  -7.379   0.743
   9B   4.98649265 0.11  0.409 -1259.617703  156.0   5.260   5.163 |    0.000  -0.000   0.000  -0.000 |   -7.393  -7.326   0.625
  10B   4.64086478 0.13  0.396 -1261.594372  156.0   5.248   5.149 |    0.000  -0.000   0.000  -0.000 |   -7.396  -7.282   0.666
  11B   4.26520726 0.14  0.375 -1263.503654  156.0   5.226   5.133 |    0.000  -0.000   0.000  -0.000 |   -7.240  -7.229   0.624
  12B   4.28581459 0.10  0.371 -1263.897022  156.0   5.231   5.127 |    0.000  -0.000   0.000  -0.000 |   -7.203  -7.262   0.606
  13L   2.02050110 0.11  0.311 -1266.724573  156.0   5.194   5.082 |    0.000  -0.000   0.000  -0.000 |   -7.104  -7.081   0.921
  14B   1.75318658 0.13  0.307 -1267.569419  156.0   5.187   5.093 |    0.000  -0.000   0.000  -0.000 |   -7.066  -7.058   1.522
  15B   1.48030679 0.14  0.275 -1267.315517  156.0   5.174   5.064 |    0.000  -0.000   0.000  -0.000 |   -6.878  -6.920   0.966
  16B   0.97403401 0.16  0.247 -1267.908905  156.0   5.160   5.056 |    0.000   0.000   0.000   0.000 |   -6.614  -6.911   1.011
  17B   0.44289624 0.18  0.254 -1268.897830  156.0   5.167   5.057 |    0.000  -0.000   0.000  -0.000 |   -6.640  -6.922   0.640
  18B   0.67791919 0.10  0.249 -1268.552586  156.0   5.162   5.058 |    0.000  -0.000   0.000  -0.000 |   -6.577  -6.896   0.676
  19B   0.23150932 0.11  0.255 -1269.063246  156.0   5.168   5.059 |    0.000  -0.000   0.000  -0.000 |   -6.604  -6.897   0.561
  20B   0.09628470 0.13  0.257 -1269.137521  156.0   5.170   5.061 |    0.000  -0.000   0.000  -0.000 |   -6.624  -6.894   0.662
  21B   0.07499174 0.14  0.256 -1269.111128  156.0   5.169   5.061 |    0.000  -0.000   0.000  -0.000 |   -6.623  -6.897   0.685
  22B   0.04756849 0.16  0.256 -1269.129652  156.0   5.170   5.062 |    0.000  -0.000   0.000  -0.000 |   -6.631  -6.904   0.706
  23B   0.04473342 0.18  0.256 -1269.123974  156.0   5.170   5.062 |    0.000  -0.000   0.000  -0.000 |   -6.634  -6.908   0.753
  24B   0.01697394 0.21  0.256 -1269.132750  156.0   5.171   5.062 |    0.000   0.000   0.000   0.000 |   -6.644  -6.915   0.961
  25B   0.01539449 0.24  0.256 -1269.132299  156.0   5.171   5.063 |    0.000   0.000   0.000   0.000 |   -6.650  -6.923   0.591
  26B   0.00641256 0.27  0.256 -1269.134908  156.0   5.171   5.063 |    0.000   0.000   0.000   0.000 |   -6.655  -6.929   0.552
  27B   0.00604009 0.30  0.256 -1269.135289  156.0   5.171   5.063 |    0.000   0.000   0.000   0.000 |   -6.655  -6.929   0.541
  28B   0.00519691 0.34  0.256 -1269.137011  156.0   5.171   5.063 |    0.000  -0.000   0.000  -0.000 |   -6.656  -6.930   0.531
  29B   0.00402147 0.38  0.256 -1269.138497  156.0   5.171   5.063 |    0.000  -0.000   0.000  -0.000 |   -6.657  -6.931   0.811
  30B   0.00360942 0.43  0.256 -1269.140297  156.0   5.171   5.063 |    0.000  -0.000   0.000  -0.000 |   -6.659  -6.932   0.705
  31B   0.00288447 0.49  0.256 -1269.139886  156.0   5.171   5.063 |    0.000  -0.000   0.000  -0.000 |   -6.658  -6.932   0.566
  32B   0.00342070 0.10  0.256 -1269.140208  156.0   5.171   5.063 |    0.000  -0.000   0.000  -0.000 |   -6.658  -6.932   0.541
  33B   0.00221521 0.11  0.256 -1269.139527  156.0   5.171   5.063 |    0.000  -0.000   0.000  -0.000 |   -6.658  -6.932   0.597
  34B   0.00201465 0.13  0.256 -1269.139271  156.0   5.171   5.063 |    0.000  -0.000   0.000  -0.000 |   -6.658  -6.932   0.576
  35B   0.00180269 0.14  0.256 -1269.138953  156.0   5.171   5.063 |    0.000  -0.000   0.000  -0.000 |   -6.658  -6.932   0.644
  36B   0.00134515 0.16  0.256 -1269.138520  156.0   5.171   5.063 |    0.000  -0.000   0.000  -0.000 |   -6.657  -6.931   0.777
  37B   0.00129055 0.18  0.256 -1269.138383  156.0   5.171   5.063 |    0.000  -0.000   0.000  -0.000 |   -6.657  -6.931   0.584
  38B   0.00079221 0.21  0.256 -1269.138257  156.0   5.171   5.063 |    0.000  -0.000   0.000  -0.000 |   -6.657  -6.932   0.530
  39B   0.00052934 0.24  0.256 -1269.138496  156.0   5.171   5.063 |    0.000  -0.000   0.000  -0.000 |   -6.657  -6.932   0.595
  40B   0.00032795 0.27  0.256 -1269.138384  156.0   5.171   5.063 |    0.000  -0.000   0.000  -0.000 |   -6.657  -6.932   0.688
  41B   0.00019274 0.30  0.256 -1269.138426  156.0   5.171   5.063 |    0.000  -0.000   0.000  -0.000 |   -6.658  -6.932   0.970
  42B   0.00006994 0.34  0.256 -1269.138354  156.0   5.171   5.063 |    0.000  -0.000   0.000  -0.000 |   -6.657  -6.932   0.719
  43B   0.00007485 0.10  0.256 -1269.138331  156.0   5.171   5.063 |    0.000   0.000   0.000   0.000 |   -6.657  -6.932   0.783
  44B   0.00004508 0.11  0.256 -1269.138297  156.0   5.171   5.063 |    0.000   0.000   0.000   0.000 |   -6.657  -6.932   1.003
  45B   0.00002996 0.13  0.256 -1269.138305  156.0   5.171   5.063 |    0.000   0.000   0.000   0.000 |   -6.657  -6.932   0.781
  46B   0.00001407 0.14  0.256 -1269.138314  156.0   5.171   5.063 |    0.000  -0.000   0.000  -0.000 |   -6.657  -6.932   0.545
  47B   0.00001124 0.16  0.256 -1269.138318  156.0   5.171   5.063 |    0.000  -0.000   0.000  -0.000 |   -6.657  -6.932   0.786
  48B   0.00001077 0.18  0.256 -1269.138327  156.0   5.171   5.063 |    0.000  -0.000   0.000  -0.000 |   -6.657  -6.932   0.789
  49B   0.00000431 0.21  0.256 -1269.138323  156.0   5.171   5.063 |    0.000   0.000   0.000   0.000 |   -6.657  -6.932   0.681
  50B   0.00000371 0.24  0.256 -1269.138323  156.0   5.171   5.063 |    0.000  -0.000   0.000  -0.000 |   -6.657  -6.932   0.756
  51B   0.00000156 0.27  0.256 -1269.138321  156.0   5.171   5.063 |    0.000   0.000   0.000   0.000 |   -6.657  -6.932   0.934
  52B   0.00000092 0.30  0.256 -1269.138321  156.0   5.171   5.063 |    0.000   0.000   0.000   0.000 |   -6.657  -6.932   0.723
  53B   0.00000047 0.34  0.256 -1269.138321  156.0   5.171   5.063 |    0.000   0.000   0.000   0.000 |   -6.657  -6.932   0.877
  54B   0.00000028 0.38  0.256 -1269.138321  156.0   5.171   5.063 |    0.000   0.000   0.000   0.000 |   -6.657  -6.932   0.875
  55B   0.00000025 0.43  0.256 -1269.138321  156.0   5.171   5.063 |    0.000   0.000   0.000   0.000 |   -6.657  -6.932   1.093
  56B   0.00000010 0.49  0.256 -1269.138321  156.0   5.171   5.063 |    0.000  -0.000   0.000  -0.000 |   -6.657  -6.932   0.755
  57B   0.00000005 0.55  0.256 -1269.138321  156.0   5.171   5.063 |    0.000  -0.000   0.000  -0.000 |   -6.657  -6.932   1.129
  58B   0.00000005 0.10  0.256 -1269.138321  156.0   5.171   5.063 |    0.000  -0.000   0.000  -0.000 |   -6.657  -6.932   0.991
  59B   0.00000003 0.11  0.256 -1269.138321  156.0   5.171   5.063 |    0.000  -0.000   0.000  -0.000 |   -6.657  -6.932   0.658
  60B   0.00000002 0.13  0.256 -1269.138321  156.0   5.171   5.063 |    0.000   0.000   0.000   0.000 |   -6.657  -6.932   2.166
  61B   0.00000003 0.10  0.256 -1269.138321  156.0   5.171   5.063 |    0.000   0.000   0.000   0.000 |   -6.657  -6.932   1.649
  62B   0.00000002 0.11  0.256 -1269.138321  156.0   5.171   5.063 |    0.000   0.000   0.000   0.000 |   -6.657  -6.932   0.597
  63B   0.00000001 0.13  0.256 -1269.138321  156.0   5.171   5.063 |    0.000  -0.000   0.000  -0.000 |   -6.657  -6.932   0.511
  64B   0.00000001 0.10  0.256 -1269.138321  156.0   5.171   5.063 |    0.000   0.000   0.000   0.000 |   -6.657  -6.932   0.677
  65B   0.00000001 0.11  0.256 -1269.138321  156.0   5.171   5.063 |    0.000  -0.000   0.000  -0.000 |   -6.657  -6.932   0.764
  66B   0.00000000 0.13  0.256 -1269.138321  156.0   5.171   5.063 |    0.000   0.000   0.000   0.000 |   -6.657  -6.932   0.747
  67B   0.00000000 0.10  0.256 -1269.138321  156.0   5.171   5.063 |    0.000   0.000   0.000   0.000 |   -6.657  -6.932   2.083
  68B   0.00000000 0.11  0.256 -1269.138321  156.0   5.171   5.063 |    0.000   0.000   0.000   0.000 |   -6.657  -6.932   0.590
  ----------------------------------------------------------------------------------------------------------------------------------
  *   iteration converged   after  68 steps   si=     0.0000000010 ho=  0 tho=  0
  ----------------------------------------------------------------------------------------------------------------------------------
  Total CPU time=   1.271 minutes

  Writing to wel_file: s092_064.hel
 __________________________________  
  The tape s092_064.hel recorded:     
  nucname,npr,ngh,ngl,n00,nb,nt      
  b0,beta0,si,etot,rms,bet,xmix      
  pairing:     CpV0,CpV1,pwi         
  delta:       del,ept               
  lambda:      ala,ala2,alast,tz     
  asymptotic:  varmas,ass,skass      
  ntx,nb,nhhdim,id,N_rz,n_r,n_z      
  Omega2,Sigma2,Parity,Lambda        
  matrices(inbro):    hh,de          
  *all blocking candidates           
 __________________________________  


  NB! From expect (UNPROJECTED RESULTS)

  pairing: CpV0,CpV1,...           0.100000       0.100000       1.000000       1.000000
  forces:   UNE1                          


                             neutrons         protons         total
  Requested part.numbs.      92.000000      64.000000     156.000000
  UnPj(av) part.numbs .      92.000000      64.000000     156.000000
  b0, bz, bp ..........       2.130153       2.136882       2.126796

  lambda (ala) ........      -6.657463      -6.931849
  Lambda (alast) ......      -6.657463      -6.931849
  delta(n,p), pwi .....       0.000000       0.000000      60.000000
  pairing energy ......       0.000000       0.000000       0.000000

  rms-radius ..........       5.171419       5.063081       5.127250
  charge-radius, r0 ...                      5.125894       6.459855
  deformation beta2....       0.244661       0.273620       0.256246
  dipole moment[fm] ...       0.000000       0.000000       0.000000
  quadrupole moment[b]        7.594188       5.663283      13.257471
  octupole moment .....       0.000000       0.000000       0.000000
  hexadecapole moment .       0.321833       0.229948       0.551782
  q5 ..................       0.000000       0.000000       0.000000
  q6 ..................       0.036723       0.030702       0.067425
  q7 ..................       0.000000       0.000000       0.000000
  q8 ..................       0.006378       0.001527       0.007905

  <r^0> [fm^0] ........            1.000000            1.000000            1.000000
  <r^2> [fm^2] ........           26.743575           25.634792           26.288690
  <r^4> [fm^4] ........          942.620356          855.551538          906.899816
  <r^6> [fm^6] ........        39683.220743        33972.549855        37340.381404
  <r^8> [fm^8] ........      1912511.532416      1544653.184386      1761595.287070

  kinetic energy ......    1828.454664    1065.259723    2893.714386
  volume energy .......                                 -4798.531487
        rho_tau .......                                    24.000331
        rho_rho .......                                 -4822.531818
  surface energy ......                                   173.471827
   rho_DELTA_rho ......                                   173.471827
   (NABLA_rho)^2 ......                                     0.000000
  spin-orbit energy ...                                   -62.212194
        rho_NABLA_J ...                                   -62.212194
        NABLA_rho_J ...                                     0.000000
  coulomb energy ......                                   524.419147
          direct ......                                   548.902425
          exchange ....                                   -24.483278
  tensor energy .......                                     0.000000
  direct Hartree E  ...                                     0.000000
  Extra E .............                                     0.000000
  External field E ....                                     0.000000
  Entropy .............       2.768410       0.026631       2.795041

  tEnergy: ehfb (qp)...                                 -1269.138321

  Calculated but not added corrections 
====================================
  cmc-diagonal part ...      -0.000000       0.000000       0.000000
  cmc-hfb .............       0.000000       0.000000       0.000000
  cranking rot corr ...       0.000000       0.000000       0.000000

  SQUJ ................       0.000000       0.000000       0.000000
  CRAN x 4 ............       0.000000       0.000000       0.000000
  Rigit Body ..........       0.000000       0.000000       0.000000


   Blocking candidates are:
   neutron eqpmin=   7.9551100183025761E-003  pwiblo=   2.0016019225635890     
    num=   1 block=   3 state=   1    46 Eqp=   0.00795511  (1-2N)E=  -0.00795511  Ovlp=   0.60932585  3+[ 6, 5, 1]
    num=   2 block=   4 state=   1    66 Eqp=   0.00785924  (1-2N)E=   0.00785924  Ovlp=   0.69505793  3-[ 5, 2, 1]
    num=   3 block=   1 state=   1     1 Eqp=   0.38233471  (1-2N)E=  -0.38233471  Ovlp=   0.50079633  1+[ 6, 4, 0]
    num=   4 block=   6 state=   1    98 Eqp=   0.69477816  (1-2N)E=   0.69477816  Ovlp=   0.65640645  5-[ 5, 2, 3]
    num=   5 block=   5 state=   1    82 Eqp=   0.79940704  (1-2N)E=   0.79940704  Ovlp=   0.75513378  5+[ 6, 4, 2]
    num=   6 block=   4 state=   2    67 Eqp=   1.08445398  (1-2N)E=  -1.08445398  Ovlp=   0.57951519  3-[ 5, 3, 2]
    num=   7 block=   2 state=   1    26 Eqp=   1.15408706  (1-2N)E=   1.15408706  Ovlp=   0.70258251  1-[ 5, 2, 1]
    num=   8 block=   2 state=   2    27 Eqp=   1.39486399  (1-2N)E=  -1.39486399  Ovlp=   0.61442281  1-[ 5, 3, 0]
    num=   9 block=  12 state=   1   152 Eqp=   1.68553546  (1-2N)E=  -1.68553546  Ovlp=   0.99540752 11-[ 5, 0, 5]
    num=  10 block=   6 state=   2    99 Eqp=   1.68813036  (1-2N)E=   1.68813036  Ovlp=   0.74126907  5-[ 5, 1, 2]

   Blocking candidates are:
   proton  eqpmin=  0.36860831278004724       pwiblo=   2.0016019225635890     
    num=   1 block=   5 state=   1    82 Eqp=   0.36860831  (1-2N)E=  -0.36860831  Ovlp=   0.91227714  5+[ 4, 1, 3]
    num=   2 block=   6 state=   1    98 Eqp=   0.35774245  (1-2N)E=   0.35774245  Ovlp=   0.80879582  5-[ 5, 3, 2]
    num=   3 block=   3 state=   1    46 Eqp=   0.45751163  (1-2N)E=  -0.45751163  Ovlp=   0.85385068  3+[ 4, 1, 1]
    num=   4 block=   4 state=   1    66 Eqp=   0.49440831  (1-2N)E=  -0.49440831  Ovlp=   0.65583241  3-[ 5, 4, 1]
    num=   5 block=   1 state=   1     1 Eqp=   0.61440893  (1-2N)E=   0.61440893  Ovlp=   0.85863674  1+[ 4, 1, 1]
    num=   6 block=   2 state=   1    26 Eqp=   1.17814868  (1-2N)E=  -1.17814868  Ovlp=   0.49036419  1-[ 5, 3, 0]
    num=   7 block=   5 state=   2    83 Eqp=   1.24283103  (1-2N)E=   1.24283103  Ovlp=   0.91515956  5+[ 4, 0, 2]
    num=   8 block=   7 state=   1   110 Eqp=   1.47542815  (1-2N)E=   1.47542815  Ovlp=   0.96736386  7+[ 4, 0, 4]
    num=   9 block=   8 state=   1   122 Eqp=   1.86518219  (1-2N)E=   1.86518219  Ovlp=   0.90463059  7-[ 5, 2, 3]



 HFBTHO_SOLVER ended without errors

