
  =======================================
           FORTRAN 95 CODE (KIND= 8) 
               Version: 200d  
  =======================================
       AXIALLY DEFORMED CONFIGURATIONAL  
     HARTREE-FOCK-BOGOLIUBOV CALCULATIONS
                     WITH                
            UNEDF AND DELTA PAIRING      
                     USING               
             HARMONIC-OSCILLATOR         
                   AND/OR                
       TRANSFORMED HARMONIC-OSCILLATOR   
                    BASIS                
                     ---                 
               v1.66  (2005):,           
   Stoitsov,Dobaczewski,Nazarewicz,Ring, 
               v2.00d (2012):,           
         Stoitsov,Schunck,Kortelainen    
  =======================================
    Nucleus: MG (A=  24, N= 12, Z= 12)
       Reflection Symmetry Imposed       
            ( 9/13/2022, 23:52)                               
  =======================================


  ---------------------------------------
           UNEDF Module Version:17
         M.Kortelainen & M.Stoitsov 
  ---------------------------------------

  UNE1 functional
  ----------------------------------
  Crho(0)=   -779.373008720865300    ; Crho(1)=    287.722131583286796    
  CDrho(0)=   891.477890442349690    ; CDrho(1)=  -200.587774317884879    
  Ctau(0)=  -0.989915057807676746    ; Ctau(1)=   -33.6320970701835549    
  CrDr(0)=   -40.4532854459800646    ; CrDr(1)=   -161.645550135386657    
  CrdJ(0)=   -59.1319159472897411    ; CrdJ(1)=   -28.7180912051151793    
  CJ(0)=      0.00000000000000000    ; CJ(1)=      0.00000000000000000    
  CpV0(0)=   0.100000000000000006    ; CpV0(1)=   0.100000000000000006    
  CpV1(0)=    1.00000000000000000    ; CpV1(1)=    1.00000000000000000    
  sigma=     0.270018011502707600    ; hbzero=     20.7355300000000007    
  e^2 chrg=   1.43997840859651305    ; CExPar=     1.00000000000000000    
  c.m. correction: F, chr. density in direct Coul: F
  use tensor terms: F
  use TMR pairing:  0

  Coupling constants in natural units
  -----------------------------------
  Crho_nu(0)=  -0.877667471343921757    ; Crho_nu(1)=   0.324009624211695935    
  CDrho_nu(0)=  0.941450913381434273    ; CDrho_nu(1)= -0.211831998717341041    
  Ctau_nu(0)=  -0.140321584905665799E-01; Ctau_nu(1)=  -0.476738799694694126    
  CrDr_nu(0)=  -0.573429920441119845    ; CrDr_nu(1)=   -2.29134405109256400    
  CrdJ_nu(0)=  -0.838201631421629290    ; CrdJ_nu(1)=  -0.407082207870620938    
  CJ_nu(0)=      0.00000000000000000    ; CJ_nu(1)=      0.00000000000000000    
  CpV0_nu(0)=   0.112611992142809880E-03; CpV0_nu(1)=   0.112611992142809880E-03
  CpV1_nu(0)=   0.887702254206059068E-03; CpV1_nu(1)=   0.887702254206059068E-03
  fpi_nu=        93.0000000000000000    ; Lambda_nu=     700.000000000000000    

  Nuclear matter properties
  ----------------------------------
      E_NM=     -15.8000000000000149      K_NM=     220.0000000000000284
      P_NM=      -0.0000000000000032    RHO_NM=       0.1587067693325870
    ASS_NM=      28.9867890577721070   LASS_NM=      40.0047904804136323
  SMASS_NM=       0.9924233322833640  VMASS_NM=       1.2498385742322700

  Associated (t,x)-coupling constants
  -----------------------------------
  t0=      -2078.32802325564080    ; x0=       0.537569206858470316E-01
  t1=       214.430968968150097    ; x1=       -6.21699233950116525    
  t2=       1773.56546206246821    ; x2=       -1.34291051865980671    
  t3=       14263.6462470775950    ; x3=      -0.162491168089956339    
  b4=       30.4138247421745618    ; b4p=       57.4361824102303586    
  te=      -527.398989905654844    ; to=       -215.572091286791164    
  sigma=   0.270018011502707600    ; hbzero=    20.7355300000000007    

  ---------------------------------------
        Characteristics of the run       
  ---------------------------------------
  Output file ................:     7
  Nucleus ....................:   MG  24
  Number of HO shells ........:     8
  HO length b0 (fm) ..........:     1.55928400372611
  Basis deformation ..........:  beta0=   0.010 q=   1.010
  HO: b0,1/b0,bp,bz,q ........:   0.15592840E+01  0.64131999E+00  0.15568270E+01  0.15642096E+01  0.10095067E+01
  h**2/(2m), cmc, e**2 .......:   0.20735530E+02  0.20735530E+02  0.14399784E+01
  hom=f*41.0_pr*A^{-1/3}, f...:   0.17056687E+02  0.12000000E+01
  THO basis is ...............:  OFF
  Maximal number of iterations:   400
  Initial mixing parameter ...:  0.300
  Initial w.f. ...............:  from   spherical scratch
  Skyrme functional ..........:    UNE1                          
    with direct and exchange Coulomb
  Lipkin-Nogami procedure is .:  OFF
  PAV procedure is ...........:  OFF
  Constraint calculation is ..:   ON
    Constraint 1 .............: lambda=2 Ql=   0.696
  Temperature T ..............:   0.05 MeV
  Restart indicator ..........:   1
  Broyden mixing (#iterations):   7

  ---------------------------------------
        Harmonic Oscillator Basis        
  ---------------------------------------
  NUV, NQP:                        2501     165
  Comparison with bookkeeping spherical basis:
  n00:                                8       8  Maximal number of shells
  nbx, 2*n00+1:                      17      17  Maximal number of K-blocks
  ntx, (n00+1)*(n00+2)*(n00+3)/6    165     165  Max.num. p/n levels
  nzx, n00:                           8       8  Maximal nz-quantum number
  nrx, n00/2  :                       4       4  Maximal nr-quantum number
  nlx, n00:                           8       8  Maximal ml-quantum number
  ndx, (n00+2)*(n00+2)/4:            25      25  Maximal dim. of one k-block

  Actual basis used
  Number of blocks: nb .......:   17
  Number of levels: nt .......:  165
  Maximal 2*omega : nom ......:   17
  Maximal nz:       nzm ......:    8
  Maximal nr:       nrm ......:    4
  Maximal ml:       nlm ......:    8
  Maximal N=nz+2*nr+nl .......:    8
  2 x biggest block dim. .....:   50
  Non-zero elements of h .....:     1333
  Number of Broyden elements .:     5332

  ---------------------------------------
            Integration Meshes           
  ---------------------------------------
  Number of Gauss-Hermite mesh points ngh ....:  40
  Number of Gauss-Laguerre mesh points ngl ...:  40
  Number of Gauss-Legendre mesh points nleg ..:  80
  Integration boundaries
    Hermite  - from xh(1)  =  0.12379686 to xh(ngh)   = 11.88786356
    Laguerre - From xl(1)  =  0.03570039 to xl(ngl)   =142.28004447
    Legendre - From xleg(1)=  0.00978669 to xleg(nleg)=  0.99988775
  Max.dev.in:     Orthogonality            Normalization
  Hermite     1.5248282503475657E-015   1.0991207943789050E-014
  Laguerre    4.2896485016951012E-015   8.9928064994637680E-015

  Scratch initialization for the nucleus: MG  12  12


  Initial potentials of Saxon-Woods shape 
  v0ws   =  -71.27999878
  kappa  =    0.46160001
  vs0    =   11.11750031   11.11750031
  r0     =    1.23339999    1.23339999
  a      =    0.61500001    0.61500001
  r0-so  =    1.14429998    1.14429998
  a-so   =    0.64760000    0.64760000
  beta00 =    0.01000000

  ### REGULAR STAGE (reflection symmetry imposed)
  |HFB+HO> iterations(b0=  1.559, Nsh=  8, inin=  1, N= 12, Z= 12)...
  ----------------------------------------------------------------------------------------------------------------------------------
  i          si     mix   beta      Etot       A       rn      rp         En      Dn      Ep      Dp        Ln      Lp     time
  ----------------------------------------------------------------------------------------------------------------------------------
   1L  73.90480883 0.30  0.010     0.000000    0.0   0.000   0.000 |   -2.000   1.000  -2.000   1.000 |   -7.000  -7.000   0.000
   2B  42.04225081 0.10  0.009   -77.117279   24.0   2.625   2.625 |    0.000  -0.000   0.000  -0.000 |  -17.169 -17.169  40.218
   3B  10.17397523 0.11  0.287  -165.686435   24.0   2.998   3.043 |    0.000  -0.000   0.000  -0.000 |  -10.923  -7.441   1.130
   4B  11.54065157 0.10  0.410  -181.351977   24.0   3.026   2.999 |    0.000  -0.000   0.000  -0.000 |  -11.011  -7.293   1.006
   5B  17.75989244 0.10  0.446  -173.762996   24.0   2.997   3.072 |    0.000  -0.000   0.000  -0.000 |  -11.740  -7.638   1.106
   6B  11.44505622 0.11  0.452  -189.341077   24.0   3.022   3.055 |    0.000  -0.000   0.000  -0.000 |  -11.888  -7.394   1.133
   7B  12.85729658 0.10  0.446  -190.080657   24.0   3.036   3.029 |    0.000  -0.000   0.000  -0.000 |  -11.828  -7.223   1.063
   8L  12.90595503 0.10  0.438  -190.689436   24.0   3.018   3.035 |    0.000  -0.000   0.000  -0.000 |  -11.672  -7.192   1.365
   9B  10.15367644 0.11  0.420  -190.754944   24.0   3.004   3.023 |    0.000  -0.000   0.000  -0.000 |  -11.521  -6.960   1.567
  10B   6.87266658 0.13  0.368  -187.995242   24.0   2.972   2.992 |    0.000  -0.000   0.000  -0.000 |  -11.100  -6.946   1.539
  11B   5.68023286 0.14  0.347  -190.010367   24.0   2.962   2.978 |    0.000  -0.000   0.000  -0.000 |  -11.259  -6.717   1.515
  12B   4.78485995 0.16  0.333  -189.862509   24.0   2.954   2.970 |    0.000  -0.000   0.000  -0.000 |  -11.279  -6.695   1.415
  13B   3.17877579 0.18  0.310  -189.410761   24.0   2.941   2.961 |    0.000  -0.000   0.000  -0.000 |  -11.322  -6.675   0.795
  14B   1.21856199 0.21  0.262  -188.207619   24.0   2.922   2.943 |    0.000  -0.000   0.000  -0.000 |  -11.461  -6.850   1.336
  15B   1.83908723 0.10  0.270  -188.337211   24.0   2.929   2.943 |    0.000   0.000   0.000   0.000 |  -11.433  -6.698   1.160
  16B   0.20476486 0.11  0.265  -188.380921   24.0   2.925   2.942 |    0.000  -0.000   0.000  -0.000 |  -11.441  -6.781   1.176
  17B   0.21383236 0.10  0.267  -188.435281   24.0   2.925   2.944 |    0.000  -0.000   0.000  -0.000 |  -11.418  -6.772   1.509
  18B   0.17375595 0.11  0.265  -188.400482   24.0   2.924   2.944 |    0.000  -0.000   0.000  -0.000 |  -11.427  -6.771   1.451
  19B   0.07591547 0.13  0.266  -188.420042   24.0   2.925   2.943 |    0.000  -0.000   0.000  -0.000 |  -11.424  -6.767   1.470
  20B   0.06810527 0.14  0.266  -188.421628   24.0   2.925   2.944 |    0.000  -0.000   0.000  -0.000 |  -11.424  -6.769   1.439
  21B   0.06714371 0.16  0.266  -188.426112   24.0   2.925   2.944 |    0.000  -0.000   0.000  -0.000 |  -11.422  -6.771   1.388
  22B   0.05318139 0.18  0.266  -188.426292   24.0   2.925   2.944 |    0.000  -0.000   0.000  -0.000 |  -11.424  -6.770   0.880
  23B   0.02443885 0.21  0.266  -188.434780   24.0   2.925   2.944 |    0.000   0.000   0.000   0.000 |  -11.425  -6.769   1.226
  24B   0.02634938 0.10  0.266  -188.434268   24.0   2.925   2.944 |    0.000  -0.000   0.000  -0.000 |  -11.424  -6.769   0.893
  25B   0.02502498 0.11  0.267  -188.440286   24.0   2.925   2.944 |    0.000  -0.000   0.000  -0.000 |  -11.423  -6.769   0.945
  26B   0.02342267 0.13  0.267  -188.446362   24.0   2.925   2.944 |    0.000   0.000   0.000   0.000 |  -11.423  -6.769   1.404
  27B   0.00697805 0.14  0.267  -188.442389   24.0   2.925   2.944 |    0.000  -0.000   0.000  -0.000 |  -11.423  -6.768   1.510
  28B   0.00637846 0.16  0.267  -188.443638   24.0   2.925   2.944 |    0.000  -0.000   0.000  -0.000 |  -11.423  -6.768   1.588
  29B   0.00568256 0.18  0.267  -188.442344   24.0   2.925   2.944 |    0.000  -0.000   0.000  -0.000 |  -11.423  -6.768   1.608
  30B   0.00718908 0.10  0.267  -188.442264   24.0   2.925   2.944 |    0.000  -0.000   0.000  -0.000 |  -11.423  -6.769   1.531
  31B   0.00301866 0.11  0.267  -188.442694   24.0   2.925   2.944 |    0.000  -0.000   0.000  -0.000 |  -11.423  -6.768   1.345
  32B   0.00166199 0.13  0.267  -188.442299   24.0   2.925   2.944 |    0.000  -0.000   0.000  -0.000 |  -11.423  -6.768   0.758
  33B   0.00159159 0.14  0.267  -188.442278   24.0   2.925   2.944 |    0.000  -0.000   0.000  -0.000 |  -11.423  -6.768   1.299
  34B   0.00051971 0.16  0.267  -188.441890   24.0   2.925   2.944 |    0.000  -0.000   0.000  -0.000 |  -11.423  -6.768   1.502
  35B   0.00037439 0.18  0.267  -188.441708   24.0   2.925   2.944 |    0.000  -0.000   0.000  -0.000 |  -11.423  -6.768   1.477
  36B   0.00060273 0.10  0.267  -188.441642   24.0   2.925   2.944 |    0.000  -0.000   0.000  -0.000 |  -11.423  -6.768   1.427
  37B   0.00029106 0.11  0.267  -188.441731   24.0   2.925   2.944 |    0.000  -0.000   0.000  -0.000 |  -11.423  -6.768   0.905
  38B   0.00014332 0.13  0.267  -188.441780   24.0   2.925   2.944 |    0.000  -0.000   0.000  -0.000 |  -11.423  -6.768   1.598
  39B   0.00014903 0.10  0.267  -188.441795   24.0   2.925   2.944 |    0.000  -0.000   0.000  -0.000 |  -11.423  -6.768   1.592
  40B   0.00013339 0.11  0.267  -188.441776   24.0   2.925   2.944 |    0.000  -0.000   0.000  -0.000 |  -11.423  -6.768   1.588
  41B   0.00009228 0.13  0.267  -188.441812   24.0   2.925   2.944 |    0.000  -0.000   0.000  -0.000 |  -11.423  -6.768   1.612
  42B   0.00003783 0.14  0.267  -188.441804   24.0   2.925   2.944 |    0.000  -0.000   0.000  -0.000 |  -11.423  -6.768   1.511
  43B   0.00003592 0.16  0.267  -188.441814   24.0   2.925   2.944 |    0.000  -0.000   0.000  -0.000 |  -11.423  -6.768   1.506
  44B   0.00001466 0.18  0.267  -188.441818   24.0   2.925   2.944 |    0.000  -0.000   0.000  -0.000 |  -11.423  -6.768   0.968
  45B   0.00000779 0.21  0.267  -188.441816   24.0   2.925   2.944 |    0.000  -0.000   0.000  -0.000 |  -11.423  -6.768   1.570
  46B   0.00000943 0.10  0.267  -188.441817   24.0   2.925   2.944 |    0.000  -0.000   0.000  -0.000 |  -11.423  -6.768   1.464
  47B   0.00000535 0.11  0.267  -188.441816   24.0   2.925   2.944 |    0.000  -0.000   0.000  -0.000 |  -11.423  -6.768   1.446
  48B   0.00000446 0.13  0.267  -188.441815   24.0   2.925   2.944 |    0.000  -0.000   0.000  -0.000 |  -11.423  -6.768   1.612
  49B   0.00000642 0.10  0.267  -188.441815   24.0   2.925   2.944 |    0.000  -0.000   0.000  -0.000 |  -11.423  -6.768   1.372
  50B   0.00000302 0.11  0.267  -188.441814   24.0   2.925   2.944 |    0.000  -0.000   0.000  -0.000 |  -11.423  -6.768   1.370
  51B   0.00000171 0.13  0.267  -188.441814   24.0   2.925   2.944 |    0.000  -0.000   0.000  -0.000 |  -11.423  -6.768   1.378
  52B   0.00000202 0.10  0.267  -188.441814   24.0   2.925   2.944 |    0.000  -0.000   0.000  -0.000 |  -11.423  -6.768   1.448
  53B   0.00000136 0.11  0.267  -188.441814   24.0   2.925   2.944 |    0.000  -0.000   0.000  -0.000 |  -11.423  -6.768   0.829
  54B   0.00000111 0.13  0.267  -188.441814   24.0   2.925   2.944 |    0.000  -0.000   0.000  -0.000 |  -11.423  -6.768   1.373
  55B   0.00000090 0.14  0.267  -188.441814   24.0   2.925   2.944 |    0.000  -0.000   0.000  -0.000 |  -11.423  -6.768   1.082
  56B   0.00000069 0.16  0.267  -188.441814   24.0   2.925   2.944 |    0.000  -0.000   0.000  -0.000 |  -11.423  -6.768   1.513
  57B   0.00000062 0.18  0.267  -188.441814   24.0   2.925   2.944 |    0.000  -0.000   0.000  -0.000 |  -11.423  -6.768   1.525
  58B   0.00000061 0.21  0.267  -188.441814   24.0   2.925   2.944 |    0.000  -0.000   0.000  -0.000 |  -11.423  -6.768   0.767
  59B   0.00000051 0.24  0.267  -188.441814   24.0   2.925   2.944 |    0.000  -0.000   0.000  -0.000 |  -11.423  -6.768   0.819
  60B   0.00000027 0.27  0.267  -188.441814   24.0   2.925   2.944 |    0.000  -0.000   0.000  -0.000 |  -11.423  -6.768   1.372
  61B   0.00000025 0.30  0.267  -188.441814   24.0   2.925   2.944 |    0.000  -0.000   0.000  -0.000 |  -11.423  -6.768   1.417
  62B   0.00000026 0.10  0.267  -188.441814   24.0   2.925   2.944 |    0.000  -0.000   0.000  -0.000 |  -11.423  -6.768   0.882
  63B   0.00000018 0.11  0.267  -188.441814   24.0   2.925   2.944 |    0.000  -0.000   0.000  -0.000 |  -11.423  -6.768   1.489
  64B   0.00000010 0.13  0.267  -188.441814   24.0   2.925   2.944 |    0.000  -0.000   0.000  -0.000 |  -11.423  -6.768   1.517
  65B   0.00000012 0.10  0.267  -188.441814   24.0   2.925   2.944 |    0.000  -0.000   0.000  -0.000 |  -11.423  -6.768   1.017
  66B   0.00000010 0.11  0.267  -188.441814   24.0   2.925   2.944 |    0.000  -0.000   0.000  -0.000 |  -11.423  -6.768   1.417
  67B   0.00000007 0.13  0.267  -188.441814   24.0   2.925   2.944 |    0.000  -0.000   0.000  -0.000 |  -11.423  -6.768   1.454
  68B   0.00000006 0.14  0.267  -188.441814   24.0   2.925   2.944 |    0.000  -0.000   0.000  -0.000 |  -11.423  -6.768   1.427
  69B   0.00000004 0.16  0.267  -188.441814   24.0   2.925   2.944 |    0.000  -0.000   0.000  -0.000 |  -11.423  -6.768   1.507
  70B   0.00000002 0.18  0.267  -188.441814   24.0   2.925   2.944 |    0.000  -0.000   0.000  -0.000 |  -11.423  -6.768   2.944
  71B   0.00000002 0.21  0.267  -188.441814   24.0   2.925   2.944 |    0.000  -0.000   0.000  -0.000 |  -11.423  -6.768   2.923
  72B   0.00000002 0.24  0.267  -188.441814   24.0   2.925   2.944 |    0.000  -0.000   0.000  -0.000 |  -11.423  -6.768   2.717
  73B   0.00000001 0.27  0.267  -188.441814   24.0   2.925   2.944 |    0.000  -0.000   0.000  -0.000 |  -11.423  -6.768   2.740
  74B   0.00000002 0.10  0.267  -188.441814   24.0   2.925   2.944 |    0.000  -0.000   0.000  -0.000 |  -11.423  -6.768   3.171
  75B   0.00000001 0.11  0.267  -188.441814   24.0   2.925   2.944 |    0.000  -0.000   0.000  -0.000 |  -11.423  -6.768   2.766
  76B   0.00000001 0.13  0.267  -188.441814   24.0   2.925   2.944 |    0.000  -0.000   0.000   0.000 |  -11.423  -6.768   2.535
  77B   0.00000000 0.14  0.267  -188.441814   24.0   2.925   2.944 |    0.000  -0.000   0.000   0.000 |  -11.423  -6.768   4.201
  78B   0.00000001 0.10  0.267  -188.441814   24.0   2.925   2.944 |    0.000  -0.000   0.000   0.000 |  -11.423  -6.768   4.167
  79B   0.00000000 0.11  0.267  -188.441814   24.0   2.925   2.944 |    0.000  -0.000   0.000   0.000 |  -11.423  -6.768   4.337
  80B   0.00000000 0.13  0.267  -188.441814   24.0   2.925   2.944 |    0.000  -0.000   0.000   0.000 |  -11.423  -6.768   4.168
  81B   0.00000000 0.10  0.267  -188.441814   24.0   2.925   2.944 |    0.000  -0.000   0.000   0.000 |  -11.423  -6.768   4.502
  82B   0.00000000 0.11  0.267  -188.441814   24.0   2.925   2.944 |    0.000   0.000   0.000   0.000 |  -11.423  -6.768   4.256
  83B   0.00000000 0.10  0.267  -188.441814   24.0   2.925   2.944 |    0.000   0.000   0.000   0.000 |  -11.423  -6.768   3.823
  84B   0.00000000 0.11  0.267  -188.441814   24.0   2.925   2.944 |    0.000   0.000   0.000   0.000 |  -11.423  -6.768   3.338
  85B   0.00000000 0.13  0.267  -188.441814   24.0   2.925   2.944 |    0.000   0.000   0.000   0.000 |  -11.423  -6.768   4.094
  ----------------------------------------------------------------------------------------------------------------------------------
  *   iteration converged   after  85 steps   si=     0.0000000007 ho=  0 tho=  0
  ----------------------------------------------------------------------------------------------------------------------------------
  Total CPU time=   3.152 minutes

  Writing to wel_file: s012_012.hel
 __________________________________  
  The tape s012_012.hel recorded:     
  nucname,npr,ngh,ngl,n00,nb,nt      
  b0,beta0,si,etot,rms,bet,xmix      
  pairing:     CpV0,CpV1,pwi         
  delta:       del,ept               
  lambda:      ala,ala2,alast,tz     
  asymptotic:  varmas,ass,skass      
  ntx,nb,nhhdim,id,N_rz,n_r,n_z      
  Omega2,Sigma2,Parity,Lambda        
  matrices(inbro):    hh,de          
  *all blocking candidates           
 __________________________________  



 #quasiparticle energies neutrons
 --------------------------------
  eqp(k) -> q.p. energy 
  e(k)   -> referent s.p. energy 
  p(k)   -> occ.probability 
  del(k) -> referent s.p. gap 
  fermi energy alast=  -11.423024032480059     
  #k  block#    eqp(k)     e(k)       (1-2N)E      decay        p(k)        del(k)    overl      labels
   1    1     1.638525  -13.061549   -1.638525    1.587339    1.00000000   0.0000   0.8018  1+[ 2, 2, 0]
   2    1     2.369326   -9.053698    2.369326    1.631141    0.00000000   0.0000   0.7887  1+[ 2, 0, 0]
   3    1     4.698055   -6.724969    4.698055    1.763476    0.00000000   0.0000   0.7159  1+[ 2, 1, 1]
   4    1    23.095601   11.672577   23.095601    2.580472    0.00000000   0.0000   0.5734  1+[ 4, 3, 1]
   5    1    23.536684  -34.959708  -23.536684    2.596907    1.00000000   0.0000   0.9832  1+[ 0, 0, 0]
   6    1    23.802534   12.379510   23.802534    2.606762    0.00000000   0.0000   0.6498  1+[ 4, 0, 0]
   7    1    25.072337   13.649313   25.072337    2.653330    0.00000000   0.0000   0.5219  1+[ 4, 2, 0]
   8    1    26.506875   15.083851   26.506875    2.704975    0.00000000   0.0000   0.5353  1+[ 4, 1, 1]
   9    1    29.554047   18.131023   29.554047    2.811531    0.00000000   0.0000   0.5481  1+[ 4, 3, 1]
  10    1    45.940288   34.517264   45.940288    3.326515    0.00000000   0.0000   0.5035  1+[ 6, 2, 0]
  11    1    47.121699   35.698675   47.121699    3.360596    0.00000000   0.0000   0.5162  1+[ 6, 6, 0]
  12    1    49.104423   37.681399   49.104423    3.417029    0.00000000   0.0000   0.3904  1+[ 4, 0, 0]
  13    1    49.824158   38.401134   49.824158    3.437285    0.00000000   0.0000   0.4453  1+[ 6, 0, 0]
  14    1    50.107944   38.684920   50.107944    3.445239    0.00000000   0.0000   0.5025  1+[ 6, 3, 1]
  15    1    51.418997   39.995973   51.418997    3.481749    0.00000000   0.0000   0.4020  1+[ 6, 2, 0]
  16    1    54.238213   42.815189   54.238213    3.558992    0.00000000   0.0000   0.4791  1+[ 6, 5, 1]
  17    2     8.059276  -19.482300   -8.059276    1.938619    1.00000000   0.0000   0.9257  1-[ 1, 0, 1]
  18    2    10.342560   -1.080464   10.342560    2.049074    0.00000000   0.0000   0.7126  1-[ 3, 3, 0]
  19    2    12.840095  -24.263119  -12.840095    2.163444    1.00000000   0.0000   0.9231  1-[ 1, 1, 0]
  20    2    13.550387    2.127363   13.550387    2.194883    0.00000000   0.0000   0.7443  1-[ 3, 1, 0]
  21    2    16.531128    5.108104   16.531128    2.322178    0.00000000   0.0000   0.5890  1-[ 3, 0, 1]
  22    2    17.968670    6.545646   17.968670    2.381139    0.00000000   0.0000   0.6433  1-[ 3, 0, 1]
  23    2    36.418994   24.995970   36.418994    3.037926    0.00000000   0.0000   0.5521  1-[ 5, 1, 0]
  24    2    36.538461   25.115437   36.538461    3.041717    0.00000000   0.0000   0.6958  1-[ 5, 5, 0]
  25    2    37.569183   26.146159   37.569183    3.074227    0.00000000   0.0000   0.5254  1-[ 5, 3, 0]
  26    2    38.321741   26.898717   38.321741    3.097748    0.00000000   0.0000   0.6695  1-[ 5, 0, 1]
  27    2    41.050437   29.627413   41.050437    3.181576    0.00000000   0.0000   0.4589  1-[ 5, 2, 1]
  28    2    42.975615   31.552591   42.975615    3.239414    0.00000000   0.0000   0.5202  1-[ 5, 4, 1]
  29    2    64.806858   53.383834   64.806858    3.834732    0.00000000   0.0000   0.4932  1-[ 7, 2, 1]
  30    2    66.605691   55.182667   66.605691    3.879713    0.00000000   0.0000   0.5209  1-[ 7, 5, 0]
  31    2    69.931020   58.507996   69.931020    3.961521    0.00000000   0.0000   0.4881  1-[ 7, 7, 0]
  32    3     0.733682  -12.156706   -0.733682    1.531371    1.00000000   0.0000   0.9306  3+[ 2, 1, 1]
  33    3     6.350252   -5.072772    6.350252    1.851638    0.00000000   0.0000   0.9147  3+[ 2, 0, 2]
  34    3    23.351763   11.928739   23.351763    2.590029    0.00000000   0.0000   0.7973  3+[ 4, 3, 1]
  35    3    25.149319   13.726295   25.149319    2.656127    0.00000000   0.0000   0.7749  3+[ 4, 1, 1]
  36    3    26.611851   15.188827   26.611851    2.708716    0.00000000   0.0000   0.6522  3+[ 4, 0, 2]
  37    3    29.679158   18.256134   29.679158    2.815820    0.00000000   0.0000   0.7062  3+[ 4, 2, 2]
  38    3    45.872656   34.449632   45.872656    3.324554    0.00000000   0.0000   0.4703  3+[ 6, 5, 1]
  39    3    47.458487   36.035463   47.458487    3.370248    0.00000000   0.0000   0.5303  3+[ 6, 1, 1]
  40    3    50.076594   38.653570   50.076594    3.444361    0.00000000   0.0000   0.5737  3+[ 6, 3, 1]
  41    3    51.309064   39.886040   51.309064    3.478703    0.00000000   0.0000   0.4363  3+[ 6, 2, 2]
  42    3    51.594487   40.171463   51.594487    3.486607    0.00000000   0.0000   0.5499  3+[ 4, 0, 2]
  43    3    54.137276   42.714252   54.137276    3.556255    0.00000000   0.0000   0.6168  3+[ 6, 4, 2]
  44    4    10.950828   -0.472196   10.950828    2.077509    0.00000000   0.0000   0.8626  3-[ 3, 2, 1]
  45    4    11.354696  -22.777720  -11.354696    2.096175    1.00000000   0.0000   0.9758  3-[ 1, 0, 1]
  46    4    16.197108    4.774084   16.197108    2.308263    0.00000000   0.0000   0.8455  3-[ 3, 0, 1]
  47    4    18.227209    6.804185   18.227209    2.391589    0.00000000   0.0000   0.8122  3-[ 3, 1, 2]
  48    4    36.502424   25.079400   36.502424    3.040574    0.00000000   0.0000   0.7512  3-[ 5, 4, 1]
  49    4    37.160066   25.737042   37.160066    3.061364    0.00000000   0.0000   0.7751  3-[ 5, 0, 1]
  50    4    37.717282   26.294258   37.717282    3.078870    0.00000000   0.0000   0.7574  3-[ 5, 2, 1]
  51    4    41.009789   29.586765   41.009789    3.180343    0.00000000   0.0000   0.6381  3-[ 5, 1, 2]
  52    4    43.017409   31.594385   43.017409    3.240658    0.00000000   0.0000   0.6736  3-[ 5, 3, 2]
  53    4    64.827590   53.404566   64.827590    3.835254    0.00000000   0.0000   0.6099  3-[ 7, 2, 1]
  54    4    66.701241   55.278217   66.701241    3.882088    0.00000000   0.0000   0.5183  3-[ 7, 6, 1]
  55    4    70.263668   58.840644   70.263668    3.969612    0.00000000   0.0000   0.5549  3-[ 7, 4, 1]
  56    5     0.733647  -10.689377    0.733647    1.531369    0.00000000   0.0000   0.9770  5+[ 2, 0, 2]
  57    5    23.875336   12.452312   23.875336    2.609454    0.00000000   0.0000   0.8409  5+[ 4, 2, 2]
  58    5    25.108564   13.685540   25.108564    2.654647    0.00000000   0.0000   0.7673  5+[ 4, 0, 2]
  59    5    30.032921   18.609897   30.032921    2.827912    0.00000000   0.0000   0.7997  5+[ 4, 1, 3]
  60    5    45.689225   34.266201   45.689225    3.319228    0.00000000   0.0000   0.5831  5+[ 6, 2, 2]
  61    5    48.472501   37.049477   48.472501    3.399144    0.00000000   0.0000   0.6280  5+[ 6, 0, 2]
  62    5    50.228685   38.805661   50.228685    3.448617    0.00000000   0.0000   0.6234  5+[ 6, 4, 2]
  63    5    51.324919   39.901895   51.324919    3.479142    0.00000000   0.0000   0.6161  5+[ 6, 1, 3]
  64    5    53.961042   42.538018   53.961042    3.551472    0.00000000   0.0000   0.7186  5+[ 6, 3, 3]
  65    6    12.136287    0.713263   12.136287    2.131836    0.00000000   0.0000   0.9486  5-[ 3, 1, 2]
  66    6    19.853566    8.430542   19.853566    2.456304    0.00000000   0.0000   0.8978  5-[ 3, 0, 3]
  67    6    36.504897   25.081873   36.504897    3.040652    0.00000000   0.0000   0.6515  5-[ 5, 3, 2]
  68    6    37.932480   26.509456   37.932480    3.085604    0.00000000   0.0000   0.6615  5-[ 5, 1, 2]
  69    6    41.001056   29.578032   41.001056    3.180078    0.00000000   0.0000   0.7303  5-[ 5, 0, 3]
  70    6    43.185428   31.762404   43.185428    3.245655    0.00000000   0.0000   0.7883  5-[ 5, 2, 3]
  71    6    64.844998   53.421974   64.844998    3.835691    0.00000000   0.0000   0.5084  5-[ 7, 1, 2]
  72    6    66.899717   55.476693   66.899717    3.887016    0.00000000   0.0000   0.6603  5-[ 7, 5, 2]
  73    6    70.710520   59.287496   70.710520    3.980455    0.00000000   0.0000   0.7072  5-[ 7, 1, 2]
  74    7    25.214594   13.791570   25.214594    2.658496    0.00000000   0.0000   0.9329  7+[ 4, 1, 3]
  75    7    30.795786   19.372762   30.795786    2.853812    0.00000000   0.0000   0.8166  7+[ 4, 0, 4]
  76    7    45.542572   34.119548   45.542572    3.314963    0.00000000   0.0000   0.7546  7+[ 6, 1, 3]
  77    7    50.424884   39.001859   50.424884    3.454100    0.00000000   0.0000   0.7705  7+[ 6, 3, 3]
  78    7    51.767817   40.344793   51.767817    3.491399    0.00000000   0.0000   0.6514  7+[ 6, 0, 4]
  79    7    53.821902   42.398878   53.821902    3.547691    0.00000000   0.0000   0.7815  7+[ 6, 2, 4]
  80    8    14.124503    2.701479   14.124503    2.219969    0.00000000   0.0000   0.9765  7-[ 3, 0, 3]
  81    8    36.514821   25.091797   36.514821    3.040967    0.00000000   0.0000   0.7818  7-[ 5, 0, 3]
  82    8    38.474073   27.051049   38.474073    3.102488    0.00000000   0.0000   0.8269  7-[ 5, 2, 3]
  83    8    43.593409   32.170385   43.593409    3.257757    0.00000000   0.0000   0.8581  7-[ 5, 1, 4]
  84    8    64.861244   53.438220   64.861244    3.836100    0.00000000   0.0000   0.7781  7-[ 7, 2, 3]
  85    8    67.228897   55.805873   67.228897    3.895176    0.00000000   0.0000   0.7802  7-[ 7, 4, 3]
  86    8    71.310949   59.887925   71.310949    3.994978    0.00000000   0.0000   0.8394  7-[ 7, 0, 3]
  87    9    26.946532   15.523508   26.946532    2.720607    0.00000000   0.0000   0.9321  9+[ 4, 0, 4]
  88    9    45.761356   34.338332   45.761356    3.321323    0.00000000   0.0000   0.8068  9+[ 6, 0, 4]
  89    9    50.863031   39.440007   50.863031    3.466314    0.00000000   0.0000   0.8646  9+[ 6, 2, 4]
  90    9    53.668349   42.245325   53.668349    3.543514    0.00000000   0.0000   0.8290  9+[ 6, 1, 5]
  91   10    39.539065   28.116041   39.539065    3.135422    0.00000000   0.0000   0.9459  9-[ 5, 1, 4]
  92   10    44.475059   33.052035   44.475059    3.283756    0.00000000   0.0000   0.8822  9-[ 5, 0, 5]
  93   10    64.970335   53.547311   64.970335    3.838842    0.00000000   0.0000   0.9227  9-[ 7, 1, 4]
  94   10    67.719427   56.296403   67.719427    3.907304    0.00000000   0.0000   0.8824  9-[ 7, 3, 4]
  95   11    51.463009   40.039985   51.463009    3.482968    0.00000000   0.0000   0.9027 11+[ 6, 1, 5]
  96   11    53.855245   42.432221   53.855245    3.548597    0.00000000   0.0000   0.8471 11+[ 6, 0, 6]
  97   12    41.451827   30.028803   41.451827    3.193721    0.00000000   0.0000   0.9464 11-[ 5, 0, 5]
  98   12    65.551626   54.128602   65.551626    3.853419    0.00000000   0.0000   0.9525 11-[ 7, 0, 5]
  99   12    68.393947   56.970923   68.393947    3.923919    0.00000000   0.0000   0.9515 11-[ 7, 2, 5]
 100   13    52.359068   40.936044   52.359068    3.507695    0.00000000   0.0000   0.8918 13+[ 6, 0, 6]
 101   14    69.292447   57.869423   69.292447    3.945943    0.00000000   0.0000   0.9897 13-[ 7, 1, 6]
 102   16    70.842802   59.419778   70.842802    3.983659    0.00000000   0.0000   1.0000 15-[ 7, 0, 7]
#all active are  102 q.p. states out of  165
#since the cut off is pwi=  60.0
#check: number of neutrons=  12.0


 #canonical s.p. energies neutrons
 ---------------------------------


  labels -> {2*omega}{parity}[nn=nz+2*nr+nl,nz,nl]
  cqpe   -> canonical q.p. energies
  ce     -> canonical s.p. energies
  fermi energy=  -11.423024032480059     
  average cdelt=   2.0762334960807276E-021
  k0      ceqp        ce         v*v       u*v        cdel     overl      labels
   1   -6.591688   -6.591688   0.00000000   0.00000000   0.0000   0.6283  1+[ 2, 1, 1]
   2   18.672368   18.672368   0.00000000   0.00000000   0.0000   0.7952  1+[ 4, 4, 0]
   3   32.521259   32.521259   0.00000000   0.00000000   0.0000   0.4885  1+[ 8, 0, 0]
   4   25.847335   25.847335   0.00000000   0.00000000   0.0000   0.6221  1+[ 4, 3, 1]
   5   44.563507   44.563507   0.00000000   0.00000000   0.0000   0.6963  1+[ 6, 6, 0]
   6   51.035623   51.035623   0.00000000   0.00000000   0.0000   0.5294  1+[ 8, 1, 1]
   7   52.488682   52.488682   0.00000000   0.00000000   0.0000   0.5519  1+[ 6, 2, 0]
   8   50.288566   50.288566   0.00000000   0.00000000   0.0000   0.6861  1+[ 6, 3, 1]
   9   59.390793   59.390793   0.00000000   0.00000000   0.0000   0.5471  1+[ 8, 6, 0]
  15   49.591953   49.591953   0.00000000   0.00000000   0.0000   0.5548  1+[ 6, 2, 0]
  16   54.446828   54.446828   0.00000000   0.00000000   0.0000   0.5454  1+[ 8, 4, 0]
  17   54.991776   54.991776   0.00000000   0.00000000   0.0000   0.4787  1+[ 8, 4, 0]
  18   48.307940   48.307940   0.00000000   0.00000000   0.0000   0.6573  1+[ 6, 5, 1]
  19   41.525677   41.525677   0.00000000   0.00000000   0.0000   0.5034  1+[ 8, 1, 1]
  20   35.405956   35.405956   0.00000000   0.00000000   0.0000   0.6317  1+[ 6, 4, 0]
  21   25.254360   25.254360   0.00000000   0.00000000   0.0000   0.5399  1+[ 4, 1, 1]
  22   23.944564   23.944564   0.00000000   0.00000000   0.0000   0.5155  1+[ 4, 3, 1]
  23    3.634110    3.634110   0.00000000   0.00000000   0.0000   0.6709  1+[ 2, 0, 0]
  24   -9.784409  -13.061639   1.00000000   0.00000008   0.0000   0.8021  1+[ 2, 2, 0]
  25   12.113570  -34.959618   1.00000000   0.00000000   0.0000   0.9833  1+[ 0, 0, 0]
  26    4.625282    4.625282   0.00000000   0.00000000   0.0000   0.6379  1-[ 3, 3, 0]
  27    9.982230    9.982230   0.00000000   0.00000000   0.0000   0.5039  1-[ 3, 3, 0]
  28   19.622041   19.622041   0.00000000   0.00000000   0.0000   0.6792  1-[ 5, 0, 1]
  29   42.079966   42.079966   0.00000000   0.00000000   0.0000   0.5729  1-[ 7, 0, 1]
  30   41.057560   41.057560   0.00000000   0.00000000   0.0000   0.6294  1-[ 5, 4, 1]
  31   40.056210   40.056210   0.00000000   0.00000000   0.0000   0.7078  1-[ 5, 1, 0]
  32   56.970315   56.970315   0.00000000   0.00000000   0.0000   0.9552  1-[ 7, 4, 1]
  33   54.421391   54.421391   0.00000000   0.00000000   0.0000   0.6793  1-[ 7, 1, 0]
  34   52.805171   52.805171   0.00000000   0.00000000   0.0000   0.8054  1-[ 7, 6, 1]
  35   55.413169   55.413169   0.00000000   0.00000000   0.0000   0.9807  1-[ 7, 3, 0]
  36   56.583857   56.583857   0.00000000   0.00000000   0.0000   0.7421  1-[ 7, 5, 0]
  37   46.949205   46.949205   0.00000000   0.00000000   0.0000   0.9003  1-[ 7, 7, 0]
  38   52.093766   52.093766   0.00000000   0.00000000   0.0000   0.6464  1-[ 7, 2, 1]
  39   36.874248   36.874248   0.00000000   0.00000000   0.0000   0.7074  1-[ 5, 5, 0]
  40   29.334233   29.334233   0.00000000   0.00000000   0.0000   0.6602  1-[ 5, 3, 0]
  41   30.261023   30.261023   0.00000000   0.00000000   0.0000   0.7480  1-[ 5, 2, 1]
  42   19.801626   19.801626   0.00000000   0.00000000   0.0000   0.6266  1-[ 3, 1, 0]
  43    8.227129    8.227129   0.00000000   0.00000001   0.0000   0.7793  1-[ 3, 2, 1]
  44    0.958401  -23.804449   1.00000000   0.00000003   0.0000   0.9719  1-[ 1, 1, 0]
  45   -2.905079  -19.940969   1.00000000   0.00000002   0.0000   0.9735  1-[ 1, 0, 1]
  46   35.175178   35.175178   0.00000000   0.00000000   0.0000   0.7146  3+[ 4, 3, 1]
  47   32.173163   32.173163   0.00000000   0.00000000   0.0000   0.5306  3+[ 6, 3, 1]
  48   53.865939   53.865939   0.00000000   0.00000000   0.0000   0.5828  3+[ 6, 5, 1]
  49   54.283719   54.283719   0.00000000   0.00000000   0.0000   0.4013  3+[ 8, 1, 1]
  51   45.285193   45.285193   0.00000000   0.00000000   0.0000   0.5224  3+[ 6, 5, 1]
  52   46.026488   46.026488   0.00000000   0.00000000   0.0000   0.5961  3+[ 6, 2, 2]
  56   50.183812   50.183812   0.00000000   0.00000000   0.0000   0.7492  3+[ 6, 4, 2]
  58   47.795171   47.795171   0.00000000   0.00000000   0.0000   0.7235  3+[ 6, 0, 2]
  59   52.543393   52.543393   0.00000000   0.00000000   0.0000   0.6992  3+[ 6, 1, 1]
  60   37.876423   37.876423   0.00000000   0.00000000   0.0000   0.6544  3+[ 4, 2, 2]
  61   41.783168   41.783168   0.00000000   0.00000000   0.0000   0.5758  3+[ 8, 1, 1]
  62   28.089412   28.089412   0.00000000   0.00000000   0.0000   0.5072  3+[ 4, 3, 1]
  63   22.570716   22.570716   0.00000000   0.00000000   0.0000   0.7879  3+[ 4, 1, 1]
  64   -3.074171   -3.074171   0.00000000   0.00000001   0.0000   0.9610  3+[ 2, 0, 2]
  65  -10.689342  -12.156706   0.99999958   0.00065112   0.0000   0.9306  3+[ 2, 1, 1]
  66    8.011415    8.011415   0.00000000   0.00000000   0.0000   0.9085  3-[ 3, 1, 2]
  67   28.821660   28.821660   0.00000000   0.00000000   0.0000   0.8856  3-[ 5, 4, 1]
  68   33.201164   33.201164   0.00000000   0.00000000   0.0000   0.8542  3-[ 5, 2, 1]
  69   56.672885   56.672885   0.00000000   0.00000000   0.0000   0.8880  3-[ 7, 2, 1]
  70   39.434783   39.434783   0.00000000   0.00000000   0.0000   0.7904  3-[ 5, 0, 1]
  71   50.145993   50.145993   0.00000000   0.00000000   0.0000   0.6658  3-[ 7, 4, 1]
  72   47.243201   47.243201   0.00000000   0.00000000   0.0000   0.6515  3-[ 5, 1, 2]
  73   55.040564   55.040564   0.00000000   0.00000000   0.0000   0.9466  3-[ 7, 5, 2]
  74   56.387263   56.387263   0.00000000   0.00000000   0.0000   0.9856  3-[ 7, 3, 2]
  75   47.452058   47.452058   0.00000000   0.00000000   0.0000   0.7923  3-[ 7, 1, 2]
  76   40.948330   40.948330   0.00000000   0.00000000   0.0000   0.6206  3-[ 7, 6, 1]
  77   50.795487   50.795487   0.00000000   0.00000000   0.0000   0.6763  3-[ 7, 4, 1]
  78   42.803055   42.803055   0.00000000   0.00000000   0.0000   0.8624  3-[ 7, 0, 1]
  79    5.174606    5.174606   0.00000000   0.00000000   0.0000   0.8017  3-[ 3, 2, 1]
  80    7.671337    7.671337   0.00000000   0.00000000   0.0000   0.6994  3-[ 3, 0, 1]
  81   -0.068328  -22.777720   1.00000000   0.00000000   0.0000   0.9758  3-[ 1, 0, 1]
  82   17.154761   17.154761   0.00000000   0.00000000   0.0000   0.7252  5+[ 4, 0, 2]
  83   35.071082   35.071082   0.00000000   0.00000000   0.0000   0.7593  5+[ 4, 1, 3]
  84   39.351065   39.351065   0.00000000   0.00000000   0.0000   0.5814  5+[ 6, 2, 2]
  85   40.054949   40.054949   0.00000000   0.00000000   0.0000   0.6667  5+[ 6, 0, 2]
  88   51.459592   51.459592   0.00000000   0.00000000   0.0000   0.9251  5+[ 6, 1, 3]
  89   42.747239   42.747239   0.00000000   0.00000000   0.0000   0.9581  5+[ 6, 3, 3]
  93   58.261796   58.261796   0.00000000   0.00000000   0.0000   0.7189  5+[ 8, 6, 2]
  94   47.201307   47.201307   0.00000000   0.00000000   0.0000   0.7884  5+[ 6, 4, 2]
  95   26.202846   26.202846   0.00000000   0.00000000   0.0000   0.6793  5+[ 4, 2, 2]
  96   52.235176   52.235176   0.00000000   0.00000000   0.0000   0.7712  5+[ 8, 0, 2]
  97  -10.689377  -10.689377   0.00000042   0.00065134   0.0000   0.9770  5+[ 2, 0, 2]
  98   57.324914   57.324914   0.00000000   0.00000000   0.0000   0.5914  5-[ 5, 0, 3]
  99   57.378259   57.378259   0.00000000   0.00000000   0.0000   0.5594  5-[ 7, 4, 3]
 100   43.689734   43.689734   0.00000000   0.00000000   0.0000   0.5283  5-[ 5, 1, 2]
 101   44.122832   44.122832   0.00000000   0.00000000   0.0000   0.6084  5-[ 7, 4, 3]
 102   35.565688   35.565688   0.00000000   0.00000000   0.0000   0.6038  5-[ 5, 3, 2]
 103   20.962447   20.962447   0.00000000   0.00000000   0.0000   0.4905  5-[ 5, 0, 3]
 104   26.346926   26.346926   0.00000000   0.00000000   0.0000   0.4357  5-[ 5, 1, 2]
 105   40.011396   40.011396   0.00000000   0.00000000   0.0000   0.7890  5-[ 5, 2, 3]
 106   49.702891   49.702891   0.00000000   0.00000000   0.0000   0.6581  5-[ 7, 2, 3]
 107   33.370287   33.370287   0.00000000   0.00000000   0.0000   0.6495  5-[ 7, 5, 2]
 108   51.014820   51.014820   0.00000000   0.00000000   0.0000   0.5809  5-[ 7, 3, 2]
 109   24.119268   24.119268   0.00000000   0.00000000   0.0000   0.8479  5-[ 3, 0, 3]
 110   25.376196   25.376196   0.00000000   0.00000000   0.0000   0.9834  7+[ 4, 0, 4]
 115   42.314436   42.314436   0.00000000   0.00000000   0.0000   0.8180  7+[ 6, 3, 3]
 116   40.377943   40.377943   0.00000000   0.00000000   0.0000   0.5859  7+[ 8, 0, 4]
 117   38.209557   38.209557   0.00000000   0.00000000   0.0000   0.6218  7+[ 6, 1, 3]
 118   52.473463   52.473463   0.00000000   0.00000000   0.0000   0.6577  7+[ 8, 5, 3]
 120   46.492307   46.492307   0.00000000   0.00000000   0.0000   0.6172  7+[ 6, 2, 4]
 121   32.608705   32.608705   0.00000000   0.00000000   0.0000   0.7934  7+[ 4, 1, 3]
 123   17.603996   17.603996   0.00000000   0.00000000   0.0000   0.8583  7-[ 3, 0, 3]
 124   33.510185   33.510185   0.00000000   0.00000000   0.0000   0.5962  7-[ 5, 1, 4]
 125   50.276187   50.276187   0.00000000   0.00000000   0.0000   0.7502  7-[ 7, 3, 4]
 126   53.625504   53.625504   0.00000000   0.00000000   0.0000   0.7747  7-[ 7, 4, 3]
 127   28.836280   28.836280   0.00000000   0.00000000   0.0000   0.7132  7-[ 7, 0, 3]
 128   31.558195   31.558195   0.00000000   0.00000000   0.0000   0.7882  7-[ 5, 2, 3]
 129   54.559826   54.559826   0.00000000   0.00000000   0.0000   0.6959  7-[ 7, 2, 3]
 130   52.903584   52.903584   0.00000000   0.00000000   0.0000   0.7338  7-[ 5, 0, 3]
 132   37.311353   37.311353   0.00000000   0.00000000   0.0000   0.5952  9+[ 6, 0, 4]
 135   51.855629   51.855629   0.00000000   0.00000000   0.0000   0.7959  9+[ 6, 1, 5]
 136   40.420202   40.420202   0.00000000   0.00000000   0.0000   0.8584  9+[ 6, 2, 4]
 139   19.715034   19.715034   0.00000000   0.00000000   0.0000   0.7693  9+[ 4, 0, 4]
 140   33.985558   33.985558   0.00000000   0.00000000   0.0000   0.8095  9-[ 5, 0, 5]
 141   55.268907   55.268907   0.00000000   0.00000000   0.0000   0.8083  9-[ 7, 3, 4]
 142   51.093207   51.093207   0.00000000   0.00000000   0.0000   0.7641  9-[ 7, 1, 4]
 144   35.992289   35.992289   0.00000000   0.00000000   0.0000   0.9399  9-[ 5, 1, 4]
 150   43.712272   43.712272   0.00000000   0.00000000   0.0000   0.7434 11+[ 6, 0, 6]
 151   42.580850   42.580850   0.00000000   0.00000000   0.0000   0.8519 11+[ 6, 1, 5]
 152   58.915424   58.915424   0.00000000   0.00000000   0.0000   0.7809 11-[ 7, 1, 6]
 153   53.476430   53.476430   0.00000000   0.00000000   0.0000   0.8200 11-[ 7, 0, 5]
 155   30.969446   30.969446   0.00000000   0.00000000   0.0000   0.8673 11-[ 5, 0, 5]
 159   40.943964   40.943964   0.00000000   0.00000000   0.0000   0.8900 13+[ 6, 0, 6]
 160   57.988746   57.988746   0.00000000   0.00000000   0.0000   1.0000 13-[ 7, 1, 6]
 162   59.419778   59.419778   0.00000000   0.00000000   0.0000   1.0000 15-[ 7, 0, 7]
  Sum canonical e_v*V^2_k=  -253.40220320651540     


 #quasiparticle energies protons 
 --------------------------------
  eqp(k) -> q.p. energy 
  e(k)   -> referent s.p. energy 
  p(k)   -> occ.probability 
  del(k) -> referent s.p. gap 
  fermi energy alast=  -6.7683968213999064     
  #k  block#    eqp(k)     e(k)       (1-2N)E      decay        p(k)        del(k)    overl      labels
   1    1     1.629489   -8.397886   -1.629489    1.272792    1.00000000   0.0000   0.7981  1+[ 2, 2, 0]
   2    1     2.305832   -4.462565    2.305832    1.323053    0.00000000   0.0000   0.7835  1+[ 2, 0, 0]
   3    1     4.578691   -2.189706    4.578691    1.479499    0.00000000   0.0000   0.7129  1+[ 2, 1, 1]
   4    1    22.648454   15.880057   22.648454    2.382158    0.00000000   0.0000   0.4532  1+[ 4, 2, 0]
   5    1    22.949073   16.180677   22.949073    2.394299    0.00000000   0.0000   0.5117  1+[ 4, 4, 0]
   6    1    23.348837  -30.117234  -23.348837    2.410349    1.00000000   0.0000   0.9820  1+[ 0, 0, 0]
   7    1    24.273171   17.504774   24.273171    2.447058    0.00000000   0.0000   0.5359  1+[ 4, 2, 0]
   8    1    25.637625   18.869228   25.637625    2.500261    0.00000000   0.0000   0.5143  1+[ 4, 1, 1]
   9    1    28.883254   22.114857   28.883254    2.622480    0.00000000   0.0000   0.5506  1+[ 4, 3, 1]
  10    1    44.985458   38.217062   44.985458    3.159685    0.00000000   0.0000   0.4957  1+[ 6, 2, 0]
  11    1    46.544685   39.776288   46.544685    3.206929    0.00000000   0.0000   0.4941  1+[ 6, 6, 0]
  12    1    48.589684   41.821287   48.589684    3.267856    0.00000000   0.0000   0.4083  1+[ 6, 4, 0]
  13    1    49.273965   42.505569   49.273965    3.287991    0.00000000   0.0000   0.4581  1+[ 6, 3, 1]
  14    1    49.317267   42.548870   49.317267    3.289261    0.00000000   0.0000   0.4582  1+[ 4, 0, 0]
  15    1    50.583240   43.814843   50.583240    3.326177    0.00000000   0.0000   0.4111  1+[ 6, 3, 1]
  16    1    53.291704   46.523308   53.291704    3.403811    0.00000000   0.0000   0.4835  1+[ 6, 5, 1]
  17    2     7.992680  -14.761076   -7.992680    1.687452    1.00000000   0.0000   0.9245  1-[ 1, 0, 1]
  18    2    10.248417    3.480020   10.248417    1.811805    0.00000000   0.0000   0.7082  1-[ 3, 3, 0]
  19    2    12.751188  -19.519584  -12.751188    1.940473    1.00000000   0.0000   0.9224  1-[ 1, 1, 0]
  20    2    13.269099    6.500702   13.269099    1.966048    0.00000000   0.0000   0.7423  1-[ 3, 1, 0]
  21    2    16.045123    9.276726   16.045123    2.097822    0.00000000   0.0000   0.6391  1-[ 3, 0, 1]
  22    2    17.524962   10.756565   17.524962    2.164792    0.00000000   0.0000   0.5689  1-[ 3, 0, 1]
  23    2    35.733152   28.964755   35.733152    2.863352    0.00000000   0.0000   0.6047  1-[ 5, 1, 0]
  24    2    35.948700   29.180303   35.948700    2.870604    0.00000000   0.0000   0.6919  1-[ 5, 5, 0]
  25    2    36.864781   30.096385   36.864781    2.901221    0.00000000   0.0000   0.5824  1-[ 5, 3, 0]
  26    2    37.740384   30.971987   37.740384    2.930187    0.00000000   0.0000   0.6525  1-[ 5, 0, 1]
  27    2    40.289898   33.521501   40.289898    3.012940    0.00000000   0.0000   0.4723  1-[ 5, 2, 1]
  28    2    42.282316   35.513919   42.282316    3.076062    0.00000000   0.0000   0.5296  1-[ 5, 4, 1]
  29    2    64.281228   57.512831   64.281228    3.702144    0.00000000   0.0000   0.5103  1-[ 7, 3, 0]
  30    2    66.000712   59.232315   66.000712    3.746674    0.00000000   0.0000   0.5432  1-[ 7, 5, 0]
  31    3     0.738651   -7.507048   -0.738651    1.203392    1.00000000   0.0000   0.9278  3+[ 2, 1, 1]
  32    3     6.199317   -0.569080    6.199317    1.581627    0.00000000   0.0000   0.9076  3+[ 2, 0, 2]
  33    3    22.968348   16.199951   22.968348    2.395075    0.00000000   0.0000   0.7913  3+[ 4, 3, 1]
  34    3    24.266783   17.498386   24.266783    2.446806    0.00000000   0.0000   0.7619  3+[ 4, 1, 1]
  35    3    25.584190   18.815793   25.584190    2.498198    0.00000000   0.0000   0.6286  3+[ 4, 0, 2]
  36    3    28.961291   22.192894   28.961291    2.625349    0.00000000   0.0000   0.6985  3+[ 4, 2, 2]
  37    3    44.917178   38.148781   44.917178    3.157600    0.00000000   0.0000   0.4548  3+[ 6, 1, 1]
  38    3    46.902012   40.133615   46.902012    3.217658    0.00000000   0.0000   0.5149  3+[ 6, 1, 1]
  39    3    49.221148   42.452751   49.221148    3.286441    0.00000000   0.0000   0.5638  3+[ 6, 3, 1]
  40    3    50.485465   43.717068   50.485465    3.323340    0.00000000   0.0000   0.4811  3+[ 6, 2, 2]
  41    3    51.074402   44.306005   51.074402    3.340389    0.00000000   0.0000   0.5907  3+[ 4, 0, 2]
  42    3    53.174220   46.405823   53.174220    3.400480    0.00000000   0.0000   0.6151  3+[ 6, 4, 2]
  43    4    10.834822    4.066425   10.834822    1.842759    0.00000000   0.0000   0.8580  3-[ 3, 2, 1]
  44    4    11.236215  -18.004612  -11.236215    1.863650    1.00000000   0.0000   0.9739  3-[ 1, 0, 1]
  45    4    15.644035    8.875639   15.644035    2.079299    0.00000000   0.0000   0.8384  3-[ 3, 0, 1]
  46    4    17.851920   11.083524   17.851920    2.179311    0.00000000   0.0000   0.8095  3-[ 3, 1, 2]
  47    4    35.845898   29.077501   35.845898    2.867148    0.00000000   0.0000   0.7003  3-[ 5, 4, 1]
  48    4    36.518100   29.749703   36.518100    2.889673    0.00000000   0.0000   0.7470  3-[ 5, 0, 1]
  49    4    37.062552   30.294155   37.062552    2.907789    0.00000000   0.0000   0.7284  3-[ 5, 2, 1]
  50    4    40.234609   33.466212   40.234609    3.011170    0.00000000   0.0000   0.6374  3-[ 5, 1, 2]
  51    4    42.297496   35.529099   42.297496    3.076538    0.00000000   0.0000   0.6774  3-[ 5, 3, 2]
  52    4    64.309778   57.541381   64.309778    3.702888    0.00000000   0.0000   0.6285  3-[ 7, 2, 1]
  53    4    66.083810   59.315413   66.083810    3.748813    0.00000000   0.0000   0.5442  3-[ 7, 6, 1]
  54    5     0.738645   -6.029752    0.738645    1.203391    0.00000000   0.0000   0.9731  5+[ 2, 0, 2]
  55    5    23.304308   16.535911   23.304308    2.408567    0.00000000   0.0000   0.7257  5+[ 4, 2, 2]
  56    5    24.217183   17.448786   24.217183    2.444850    0.00000000   0.0000   0.6710  5+[ 4, 0, 2]
  57    5    29.216603   22.448206   29.216603    2.634712    0.00000000   0.0000   0.7833  5+[ 4, 1, 3]
  58    5    44.748316   37.979919   44.748316    3.152438    0.00000000   0.0000   0.5833  5+[ 6, 2, 2]
  59    5    47.916440   41.148043   47.916440    3.247924    0.00000000   0.0000   0.6028  5+[ 6, 0, 2]
  60    5    49.346755   42.578358   49.346755    3.290126    0.00000000   0.0000   0.6113  5+[ 6, 4, 2]
  61    5    50.538993   43.770596   50.538993    3.324894    0.00000000   0.0000   0.6112  5+[ 6, 1, 3]
  62    5    52.960153   46.191756   52.960153    3.394403    0.00000000   0.0000   0.7116  5+[ 6, 3, 3]
  63    6    11.984372    5.215975   11.984372    1.901976    0.00000000   0.0000   0.9441  5-[ 3, 1, 2]
  64    6    19.382802   12.614405   19.382802    2.246044    0.00000000   0.0000   0.8860  5-[ 3, 0, 3]
  65    6    35.737615   28.969218   35.737615    2.863503    0.00000000   0.0000   0.5871  5-[ 5, 1, 2]
  66    6    37.282250   30.513853   37.282250    2.915067    0.00000000   0.0000   0.6134  5-[ 5, 3, 2]
  67    6    40.238738   33.470342   40.238738    3.011302    0.00000000   0.0000   0.7192  5-[ 5, 0, 3]
  68    6    42.414871   35.646475   42.414871    3.080216    0.00000000   0.0000   0.7852  5-[ 5, 2, 3]
  69    6    64.342094   57.573697   64.342094    3.703730    0.00000000   0.0000   0.5351  5-[ 7, 3, 2]
  70    6    66.259577   59.491180   66.259577    3.753333    0.00000000   0.0000   0.6877  5-[ 7, 5, 2]
  71    7    24.714603   17.946206   24.714603    2.464396    0.00000000   0.0000   0.9218  7+[ 4, 1, 3]
  72    7    29.813673   23.045276   29.813673    2.656480    0.00000000   0.0000   0.7985  7+[ 4, 0, 4]
  73    7    44.628927   37.860530   44.628927    3.148783    0.00000000   0.0000   0.7473  7+[ 6, 1, 3]
  74    7    49.487209   42.718812   49.487209    3.294241    0.00000000   0.0000   0.7650  7+[ 6, 3, 3]
  75    7    51.046367   44.277970   51.046367    3.339580    0.00000000   0.0000   0.6338  7+[ 6, 0, 4]
  76    7    52.776522   46.008125   52.776522    3.389181    0.00000000   0.0000   0.7628  7+[ 6, 2, 4]
  77    8    13.930772    7.162375   13.930772    1.998246    0.00000000   0.0000   0.9707  7-[ 3, 0, 3]
  78    8    35.646619   28.878222   35.646619    2.860436    0.00000000   0.0000   0.7920  7-[ 5, 0, 3]
  79    8    37.841704   31.073307   37.841704    2.933520    0.00000000   0.0000   0.8413  7-[ 5, 2, 3]
  80    8    42.737287   35.968890   42.737287    3.090295    0.00000000   0.0000   0.8507  7-[ 5, 1, 4]
  81    8    64.376701   57.608304   64.376701    3.704631    0.00000000   0.0000   0.7958  7-[ 7, 2, 3]
  82    8    66.559548   59.791151   66.559548    3.761033    0.00000000   0.0000   0.7989  7-[ 7, 4, 3]
  83    9    26.292889   19.524492   26.292889    2.525412    0.00000000   0.0000   0.9171  9+[ 4, 0, 4]
  84    9    44.933706   38.165309   44.933706    3.158105    0.00000000   0.0000   0.7908  9+[ 6, 0, 4]
  85    9    49.858473   43.090076   49.858473    3.305093    0.00000000   0.0000   0.8557  9+[ 6, 2, 4]
  86    9    52.486571   45.718174   52.486571    3.380919    0.00000000   0.0000   0.8206  9+[ 6, 1, 5]
  87   10    38.855784   32.087387   38.855784    2.966675    0.00000000   0.0000   0.9390  9-[ 5, 1, 4]
  88   10    43.502004   36.733607   43.502004    3.114072    0.00000000   0.0000   0.8751  9-[ 5, 0, 5]
  89   10    64.507417   57.739020   64.507417    3.708032    0.00000000   0.0000   0.9287  9-[ 7, 1, 4]
  90   11    50.362599   43.594202   50.362599    3.319772    0.00000000   0.0000   0.8937 11+[ 6, 1, 5]
  91   11    52.584049   45.815652   52.584049    3.383699    0.00000000   0.0000   0.8407 11+[ 6, 0, 6]
  92   12    40.631376   33.862979   40.631376    3.023852    0.00000000   0.0000   0.9384 11-[ 5, 0, 5]
  93   12    65.144924   58.376528   65.144924    3.724578    0.00000000   0.0000   0.9476 11-[ 7, 0, 5]
  94   13    51.140515   44.372118   51.140515    3.342298    0.00000000   0.0000   0.8838 13+[ 6, 0, 6]
#all active are   94 q.p. states out of  165
#since the cut off is pwi=  60.0
#check: number of protons =  12.0


 #canonical s.p. energies protons 
 ---------------------------------


  labels -> {2*omega}{parity}[nn=nz+2*nr+nl,nz,nl]
  cqpe   -> canonical q.p. energies
  ce     -> canonical s.p. energies
  fermi energy=  -6.7683968213999064     
  average cdelt=   6.7548688927241990E-021
  k0      ceqp        ce         v*v       u*v        cdel     overl      labels
   1    1.294649    1.294649   0.00000000   0.00000000   0.0000   0.8351  1+[ 2, 1, 1]
   2   29.226758   29.226758   0.00000000   0.00000000   0.0000   0.7822  1+[ 4, 3, 1]
   3   35.508489   35.508489   0.00000000   0.00000000   0.0000   0.7788  1+[ 4, 1, 1]
   4   51.159475   51.159475   0.00000000   0.00000000   0.0000   0.4514  1+[ 6, 0, 0]
   5   48.204499   48.204499   0.00000000   0.00000000   0.0000   0.5134  1+[ 6, 6, 0]
   6   46.333550   46.333550   0.00000000   0.00000000   0.0000   0.5027  1+[ 6, 4, 0]
   7   59.360150   59.360150   0.00000000   0.00000000   0.0000   0.5517  1+[ 8, 1, 1]
   8   54.838971   54.838971   0.00000000   0.00000000   0.0000   0.6042  1+[ 8, 8, 0]
  11   59.228800   59.228800   0.00000000   0.00000000   0.0000   0.4724  1+[ 6, 0, 0]
  12   56.435396   56.435396   0.00000000   0.00000000   0.0000   0.4912  1+[ 8, 6, 0]
  15   56.372758   56.372758   0.00000000   0.00000000   0.0000   0.4325  1+[ 8, 3, 1]
  17   59.884744   59.884744   0.00000000   0.00000000   0.0000   0.5860  1+[ 8, 0, 0]
  18   44.395066   44.395066   0.00000000   0.00000000   0.0000   0.5045  1+[ 6, 5, 1]
  19   55.302174   55.302174   0.00000000   0.00000000   0.0000   0.3557  1+[ 8, 8, 0]
  20   41.544440   41.544440   0.00000000   0.00000000   0.0000   0.7050  1+[ 4, 0, 0]
  21   22.633186   22.633186   0.00000000   0.00000000   0.0000   0.7674  1+[ 4, 2, 0]
  22   19.172089   19.172089   0.00000000   0.00000000   0.0000   0.6341  1+[ 4, 4, 0]
  23   -2.246929   -2.246929   0.00000000   0.00000001   0.0000   0.9032  1+[ 2, 0, 0]
  24   -5.138694   -8.398100   1.00000000   0.00000008   0.0000   0.7986  1+[ 2, 2, 0]
  25   16.580226  -30.117019   1.00000000   0.00000003   0.0000   0.9823  1+[ 0, 0, 0]
  26   20.504339   20.504339   0.00000000   0.00000000   0.0000   0.7316  1-[ 3, 1, 0]
  27   51.709204   51.709204   0.00000000   0.00000000   0.0000   0.5450  1-[ 7, 0, 1]
  28   46.170113   46.170113   0.00000000   0.00000000   0.0000   0.6585  1-[ 5, 4, 1]
  29   35.622815   35.622815   0.00000000   0.00000000   0.0000   0.7787  1-[ 5, 1, 0]
  30   48.693815   48.693815   0.00000000   0.00000000   0.0000   0.5999  1-[ 5, 5, 0]
  31   54.324790   54.324790   0.00000000   0.00000000   0.0000   0.9179  1-[ 7, 7, 0]
  32   55.473469   55.473469   0.00000000   0.00000000   0.0000   0.6214  1-[ 7, 1, 0]
  33   59.965119   59.965119   0.00000000   0.00000000   0.0000   0.6713  1-[ 7, 1, 0]
  35   48.160230   48.160230   0.00000000   0.00000000   0.0000   0.5844  1-[ 5, 3, 0]
  36   52.759495   52.759495   0.00000000   0.00000000   0.0000   0.7223  1-[ 7, 6, 1]
  38   47.940557   47.940557   0.00000000   0.00000000   0.0000   0.6458  1-[ 7, 2, 1]
  39   27.717210   27.717210   0.00000000   0.00000000   0.0000   0.6211  1-[ 5, 0, 1]
  40   28.761095   28.761095   0.00000000   0.00000000   0.0000   0.5799  1-[ 5, 2, 1]
  41    8.995805    8.995805   0.00000000   0.00000001   0.0000   0.8498  1-[ 3, 3, 0]
  42   14.009532   14.009532   0.00000000   0.00000001   0.0000   0.9173  1-[ 3, 2, 1]
  43   10.802027   10.802027   0.00000000   0.00000002   0.0000   0.8374  1-[ 3, 0, 1]
  44    1.615020  -15.151813   1.00000000   0.00000000   0.0000   0.8004  1-[ 1, 0, 1]
  45    5.592054  -19.128848   1.00000000   0.00000000   0.0000   0.7977  1-[ 1, 1, 0]
  46   29.571745   29.571745   0.00000000   0.00000000   0.0000   0.7995  3+[ 4, 1, 1]
  47   30.045702   30.045702   0.00000000   0.00000000   0.0000   0.6462  3+[ 4, 3, 1]
  48   48.037077   48.037077   0.00000000   0.00000000   0.0000   0.6985  3+[ 4, 0, 2]
  49   36.599682   36.599682   0.00000000   0.00000000   0.0000   0.7462  3+[ 4, 2, 2]
  51   57.534360   57.534360   0.00000000   0.00000000   0.0000   0.7863  3+[ 6, 4, 2]
  56   48.662389   48.662389   0.00000000   0.00000000   0.0000   0.8083  3+[ 6, 2, 2]
  57   41.361365   41.361365   0.00000000   0.00000000   0.0000   0.7925  3+[ 6, 0, 2]
  60   59.059787   59.059787   0.00000000   0.00000000   0.0000   0.5859  3+[ 8, 3, 1]
  61   41.264323   41.264323   0.00000000   0.00000000   0.0000   0.7237  3+[ 6, 3, 1]
  62   34.660631   34.660631   0.00000000   0.00000000   0.0000   0.5262  3+[ 6, 1, 1]
  63   38.006963   38.006963   0.00000000   0.00000000   0.0000   0.7269  3+[ 4, 3, 1]
  64    2.081994    2.081994   0.00000000   0.00000001   0.0000   0.9641  3+[ 2, 0, 2]
  65   -6.029746   -7.507048   0.99999962   0.00061956   0.0000   0.9278  3+[ 2, 1, 1]
  66   11.587424   11.587424   0.00000000   0.00000000   0.0000   0.8404  3-[ 3, 1, 2]
  67   21.487044   21.487044   0.00000000   0.00000000   0.0000   0.6429  3-[ 3, 0, 1]
  68   36.725942   36.725942   0.00000000   0.00000000   0.0000   0.8619  3-[ 5, 2, 1]
  69   54.815751   54.815751   0.00000000   0.00000000   0.0000   0.8073  3-[ 7, 2, 1]
  70   44.655458   44.655458   0.00000000   0.00000000   0.0000   0.6679  3-[ 5, 1, 2]
  71   56.085254   56.085254   0.00000000   0.00000000   0.0000   0.6584  3-[ 5, 3, 2]
  72   56.326241   56.326241   0.00000000   0.00000000   0.0000   0.8367  3-[ 7, 1, 2]
  74   56.386911   56.386911   0.00000000   0.00000000   0.0000   0.7831  3-[ 7, 5, 2]
  75   47.294471   47.294471   0.00000000   0.00000000   0.0000   0.7060  3-[ 7, 6, 1]
  76   55.877432   55.877432   0.00000000   0.00000000   0.0000   0.8589  3-[ 7, 4, 1]
  77   47.523241   47.523241   0.00000000   0.00000000   0.0000   0.9075  3-[ 5, 0, 1]
  78   35.374762   35.374762   0.00000000   0.00000000   0.0000   0.7805  3-[ 5, 4, 1]
  79   39.941963   39.941963   0.00000000   0.00000000   0.0000   0.8361  3-[ 7, 0, 1]
  80    8.292215    8.292215   0.00000000   0.00000000   0.0000   0.7948  3-[ 3, 2, 1]
  81    4.467819  -18.004612   1.00000000   0.00000002   0.0000   0.9739  3-[ 1, 0, 1]
  82   27.367372   27.367372   0.00000000   0.00000000   0.0000   0.8530  5+[ 4, 0, 2]
  83   30.125068   30.125068   0.00000000   0.00000000   0.0000   0.6875  5+[ 4, 1, 3]
  84   55.908950   55.908950   0.00000000   0.00000000   0.0000   0.7033  5+[ 6, 2, 2]
  85   49.353127   49.353127   0.00000000   0.00000000   0.0000   0.6956  5+[ 6, 4, 2]
  86   59.751642   59.751642   0.00000000   0.00000000   0.0000   0.6033  5+[ 8, 6, 2]
  87   49.427766   49.427766   0.00000000   0.00000000   0.0000   0.7678  5+[ 6, 3, 3]
  91   51.661096   51.661096   0.00000000   0.00000000   0.0000   0.8489  5+[ 6, 1, 3]
  94   46.715674   46.715674   0.00000000   0.00000000   0.0000   0.7962  5+[ 6, 0, 2]
  95   58.504578   58.504578   0.00000000   0.00000000   0.0000   0.8708  5+[ 8, 0, 2]
  96   24.561375   24.561375   0.00000000   0.00000000   0.0000   0.6657  5+[ 4, 2, 2]
  97   -6.029752   -6.029752   0.00000038   0.00061959   0.0000   0.9731  5+[ 2, 0, 2]
  99   37.847255   37.847255   0.00000000   0.00000000   0.0000   0.6504  5-[ 3, 1, 2]
 100   51.742527   51.742527   0.00000000   0.00000000   0.0000   0.5879  5-[ 5, 1, 2]
 101   41.489033   41.489033   0.00000000   0.00000000   0.0000   0.4188  5-[ 7, 1, 2]
 102   50.339554   50.339554   0.00000000   0.00000000   0.0000   0.6327  5-[ 7, 4, 3]
 103   29.611183   29.611183   0.00000000   0.00000000   0.0000   0.4654  5-[ 5, 0, 3]
 104   29.889297   29.889297   0.00000000   0.00000000   0.0000   0.4629  5-[ 7, 3, 2]
 105   50.556533   50.556533   0.00000000   0.00000000   0.0000   0.4693  5-[ 7, 3, 2]
 106   51.015206   51.015206   0.00000000   0.00000000   0.0000   0.6671  5-[ 7, 2, 3]
 107   43.492796   43.492796   0.00000000   0.00000000   0.0000   0.6194  5-[ 5, 3, 2]
 108   53.055568   53.055568   0.00000000   0.00000000   0.0000   0.6330  5-[ 7, 5, 2]
 109   29.484081   29.484081   0.00000000   0.00000000   0.0000   0.7943  5-[ 3, 0, 3]
 114   58.076156   58.076156   0.00000000   0.00000000   0.0000   0.5654  7+[ 8, 3, 3]
 115   55.134955   55.134955   0.00000000   0.00000000   0.0000   0.6566  7+[ 6, 3, 3]
 116   53.395864   53.395864   0.00000000   0.00000000   0.0000   0.5371  7+[ 4, 0, 4]
 117   42.550565   42.550565   0.00000000   0.00000000   0.0000   0.5008  7+[ 6, 2, 4]
 118   36.294523   36.294523   0.00000000   0.00000000   0.0000   0.5291  7+[ 6, 0, 4]
 119   57.964624   57.964624   0.00000000   0.00000000   0.0000   0.6142  7+[ 8, 4, 4]
 120   58.114444   58.114444   0.00000000   0.00000000   0.0000   0.5754  7+[ 8, 2, 4]
 121   25.389731   25.389731   0.00000000   0.00000000   0.0000   0.8790  7+[ 4, 1, 3]
 122   10.104497   10.104497   0.00000000   0.00000000   0.0000   0.9610  7-[ 3, 0, 3]
 123   58.883596   58.883596   0.00000000   0.00000000   0.0000   0.7475  7-[ 7, 4, 3]
 124   41.153233   41.153233   0.00000000   0.00000000   0.0000   0.5864  7-[ 5, 1, 4]
 125   57.165304   57.165304   0.00000000   0.00000000   0.0000   0.5685  7-[ 7, 3, 4]
 126   39.612150   39.612150   0.00000000   0.00000000   0.0000   0.6738  7-[ 7, 0, 3]
 128   49.258975   49.258975   0.00000000   0.00000000   0.0000   0.5982  7-[ 7, 4, 3]
 129   44.206024   44.206024   0.00000000   0.00000000   0.0000   0.7839  7-[ 5, 2, 3]
 130   58.147224   58.147224   0.00000000   0.00000000   0.0000   0.7356  7-[ 5, 0, 3]
 131   58.741241   58.741241   0.00000000   0.00000000   0.0000   0.6835  9+[ 8, 0, 4]
 135   49.022283   49.022283   0.00000000   0.00000000   0.0000   0.7366  9+[ 6, 1, 5]
 136   55.298890   55.298890   0.00000000   0.00000000   0.0000   0.5402  9+[ 6, 2, 4]
 139   22.708471   22.708471   0.00000000   0.00000000   0.0000   0.8066  9+[ 4, 0, 4]
 142   40.115745   40.115745   0.00000000   0.00000000   0.0000   0.9460  9-[ 5, 0, 5]
 143   41.629344   41.629344   0.00000000   0.00000000   0.0000   0.8131  9-[ 5, 1, 4]
 144   56.010103   56.010103   0.00000000   0.00000000   0.0000   0.8103  9-[ 7, 1, 4]
 150   46.981876   46.981876   0.00000000   0.00000000   0.0000   0.7435 11+[ 6, 0, 6]
 151   49.063396   49.063396   0.00000000   0.00000000   0.0000   0.6975 11+[ 6, 1, 5]
 152   59.364582   59.364582   0.00000000   0.00000000   0.0000   0.7255 11-[ 7, 0, 5]
 155   34.438047   34.438047   0.00000000   0.00000000   0.0000   0.8824 11-[ 5, 0, 5]
 159   44.446426   44.446426   0.00000000   0.00000000   0.0000   0.9003 13+[ 6, 0, 6]
  Sum canonical e_v*V^2_k=  -196.61487916180968     

  NB! From expect (UNPROJECTED RESULTS)

  pairing: CpV0,CpV1,...           0.100000       0.100000       1.000000       1.000000
  forces:   UNE1                          


                             neutrons         protons         total
  Requested part.numbs.      12.000000      12.000000      24.000000
  UnPj(av) part.numbs .      12.000000      12.000000      24.000000
  b0, bz, bp ..........       1.559284       1.564210       1.556827

  lambda (ala) ........     -11.423024      -6.768397
  Lambda (alast) ......     -11.423024      -6.768397
  delta(n,p), pwi .....       0.000000       0.000000      60.000000
  pairing energy ......       0.000000       0.000000       0.000000

  rms-radius ..........       2.925205       2.943854       2.934545
  charge-radius, r0 ...                      3.050619       3.461399
  deformation beta2....       0.266887       0.266616       0.266751
  dipole moment[fm] ...       0.000000       0.000000       0.000000
  quadrupole moment[b]        0.345726       0.349792       0.695518
  octupole moment .....       0.000000       0.000000       0.000000
  hexadecapole moment .      -0.000507      -0.000619      -0.001127
  q5 ..................       0.000000       0.000000       0.000000
  q6 ..................      -0.000070      -0.000071      -0.000141
  q7 ..................       0.000000       0.000000       0.000000
  q8 ..................      -0.000001      -0.000001      -0.000002

  <r^0> [fm^0] ........            1.000000            1.000000            1.000000
  <r^2> [fm^2] ........            8.556827            8.666279            8.611553
  <r^4> [fm^4] ........          105.693354          108.747784          107.220569
  <r^6> [fm^6] ........         1685.202278         1767.006789         1726.104533
  <r^8> [fm^8] ........        32868.958111        35204.367188        34036.662650

  kinetic energy ......     208.480473     205.851889     414.332363
  volume energy .......                                  -665.763190
        rho_tau .......                                    -1.849378
        rho_rho .......                                  -663.913812
  surface energy ......                                    50.737909
   rho_DELTA_rho ......                                    50.737909
   (NABLA_rho)^2 ......                                     0.000000
  spin-orbit energy ...                                   -16.971765
        rho_NABLA_J ...                                   -16.971765
        NABLA_rho_J ...                                     0.000000
  coulomb energy ......                                    29.222869
          direct ......                                    33.691961
          exchange ....                                    -4.469092
  tensor energy .......                                     0.000000
  direct Hartree E  ...                                     0.000000
  Extra E .............                                     0.000000
  External field E ....                                     0.000000
  Entropy .............       0.000027       0.000024       0.000051

  tEnergy: ehfb (qp)...                                  -188.441814

  Calculated but not added corrections 
====================================
  cmc-diagonal part ...       0.000000      -0.000000       0.000000
  cmc-hfb .............       0.000000       0.000000       0.000000
  cranking rot corr ...       0.000000       0.000000       0.000000

  SQUJ ................       0.000000       0.000000       0.000000
  CRAN x 4 ............       0.000000       0.000000       0.000000
  Rigit Body ..........       0.000000       0.000000       0.000000


   Blocking candidates are:
   neutron eqpmin=  0.73368181672032051       pwiblo=   5.1031036307982882     
    num=   1 block=   3 state=   1    32 Eqp=   0.73368182  (1-2N)E=  -0.73368182  Ovlp=   0.93063367  3+[ 2, 1, 1]
    num=   2 block=   5 state=   1    56 Eqp=   0.73364741  (1-2N)E=   0.73364741  Ovlp=   0.97697931  5+[ 2, 0, 2]
    num=   3 block=   1 state=   1     1 Eqp=   1.63852502  (1-2N)E=  -1.63852502  Ovlp=   0.80178292  1+[ 2, 2, 0]
    num=   4 block=   1 state=   2     2 Eqp=   2.36932564  (1-2N)E=   2.36932564  Ovlp=   0.78869782  1+[ 2, 0, 0]
    num=   5 block=   1 state=   3     3 Eqp=   4.69805469  (1-2N)E=   4.69805469  Ovlp=   0.71588086  1+[ 2, 1, 1]

   Blocking candidates are:
   proton  eqpmin=  0.73865085335783931       pwiblo=   5.1031036307982882     
    num=   1 block=   3 state=   1    31 Eqp=   0.73865085  (1-2N)E=  -0.73865085  Ovlp=   0.92783857  3+[ 2, 1, 1]
    num=   2 block=   5 state=   1    54 Eqp=   0.73864486  (1-2N)E=   0.73864486  Ovlp=   0.97313615  5+[ 2, 0, 2]
    num=   3 block=   1 state=   1     1 Eqp=   1.62948885  (1-2N)E=  -1.62948885  Ovlp=   0.79814381  1+[ 2, 2, 0]
    num=   4 block=   1 state=   2     2 Eqp=   2.30583165  (1-2N)E=   2.30583165  Ovlp=   0.78354320  1+[ 2, 0, 0]
    num=   5 block=   1 state=   3     3 Eqp=   4.57869123  (1-2N)E=   4.57869123  Ovlp=   0.71294621  1+[ 2, 1, 1]


