No Skyrme interaction defined in routine skforce()
Multi-threading framework with OpenMP: 1 threads/task

  =======================================
           FORTRAN 95 CODE (KIND= 8) 
               Version: 200d  
  =======================================
       AXIALLY DEFORMED CONFIGURATIONAL  
     HARTREE-FOCK-BOGOLIUBOV CALCULATIONS
                     WITH                
            UNEDF AND DELTA PAIRING      
                     USING               
             HARMONIC-OSCILLATOR         
                   AND/OR                
       TRANSFORMED HARMONIC-OSCILLATOR   
                    BASIS                
                     ---                 
               v1.66  (2005):,           
   Stoitsov,Dobaczewski,Nazarewicz,Ring, 
               v2.00d (2012):,           
         Stoitsov,Schunck,Kortelainen    
  =======================================
    Nucleus: GD (A= 156, N= 92, Z= 64)
       Reflection Symmetry Imposed       
            ( 7/15/2023,  3:40)                               
  =======================================


  ---------------------------------------
           UNEDF Module Version:17
         M.Kortelainen & M.Stoitsov 
  ---------------------------------------

  UNE1 functional
  ----------------------------------
  Crho(0)=   -766.111160248963529    ; Crho(1)=    192.708910571141303    
  CDrho(0)=   897.538351826749363    ; CDrho(1)=  -18.0486520682628857    
  Ctau(0)=   -6.87683823198814093    ; Ctau(1)=   -39.4557993901360717    
  CrDr(0)=   -43.5289018872967688    ; CrDr(1)=   -156.675283420624822    
  CrdJ(0)=   -72.5357152092157662    ; CrdJ(1)=   -32.7257820926633727    
  CJ(0)=      0.00000000000000000    ; CJ(1)=      0.00000000000000000    
  CpV0(0)=   0.100000000000000006    ; CpV0(1)=   0.100000000000000006    
  CpV1(0)=    1.00000000000000000    ; CpV1(1)=    1.00000000000000000    
  sigma=     0.280775984752240193    ; hbzero=     20.7355300000000007    
  e^2 chrg=   1.43997840859651305    ; CExPar=     1.00000000000000000    
  c.m. correction: F, chr. density in direct Coul: F
  use tensor terms: F
  use TMR pairing:  0

  Coupling constants in natural units
  -----------------------------------
  Crho_nu(0)=  -0.862733039584752337    ; Crho_nu(1)=   0.217013343230868128    
  CDrho_nu(0)=  0.945428379241633365    ; CDrho_nu(1)= -0.190116754762226815E-01
  Ctau_nu(0)=  -0.974799637849260020E-01; Ctau_nu(1)=  -0.559290442192621029    
  CrDr_nu(0)=  -0.617027133172005637    ; CrDr_nu(1)=   -2.22088995532763667    
  CrdJ_nu(0)=   -1.02820200987392574    ; CrdJ_nu(1)=  -0.463891681846923920    
  CJ_nu(0)=      0.00000000000000000    ; CJ_nu(1)=      0.00000000000000000    
  CpV0_nu(0)=   0.112611992142809880E-03; CpV0_nu(1)=   0.112611992142809880E-03
  CpV1_nu(0)=   0.887702254206059068E-03; CpV1_nu(1)=   0.887702254206059068E-03
  fpi_nu=        93.0000000000000000    ; Lambda_nu=     700.000000000000000    

  Nuclear matter properties
  ----------------------------------
      E_NM=     -15.8000000000000291      K_NM=     220.0000000000002558
      P_NM=      -0.0000000000000002    RHO_NM=       0.1590147465415674
    ASS_NM=      29.4145365167180159   LASS_NM=      51.0737552752164206
  SMASS_NM=       0.9472635284235824  VMASS_NM=       1.2498385742322700

  Associated (t,x)-coupling constants
  -----------------------------------
  t0=      -2042.96309399723600    ; x0=      -0.122687436425316043    
  t1=       222.985025756265259    ; x1=       -5.76712798135830251    
  t2=       1727.18792194755133    ; x2=       -1.36275329092479924    
  t3=       14360.6136292279898    ; x3=      -0.469836410837160323    
  b4=       39.8099331165523935    ; b4p=       65.4515641853267454    
  te=      -514.391710233373487    ; to=       -213.551130995116353    
  sigma=   0.280775984752240193    ; hbzero=    20.7355300000000007    

  ---------------------------------------
        Characteristics of the run       
  ---------------------------------------
  Output file ................:     7
  Nucleus ....................:   GD 156
  Number of HO shells ........:    10
  HO length b0 (fm) ..........:     2.13015292605643
  Basis deformation ..........:  beta0=   0.010 q=   1.010
  HO: b0,1/b0,bp,bz,q ........:   0.21301529E+01  0.46944986E+00  0.21267964E+01  0.21368819E+01  0.10095067E+01
  h**2/(2m), cmc, e**2 .......:   0.20735530E+02  0.20735530E+02  0.14399784E+01
  hom=f*41.0_pr*A^{-1/3}, f...:   0.91395238E+01  0.12000000E+01
  THO basis is ...............:  OFF
  Maximal number of iterations:   400
  Initial mixing parameter ...:  0.300
  Initial w.f. ...............:  from   spherical scratch
  Skyrme functional ..........:    UNE1                          
    with direct and exchange Coulomb
  Lipkin-Nogami procedure is .:  OFF
  PAV procedure is ...........:  OFF
  Constraint calculation is ..:   ON
    Constraint 1 .............: lambda=2 Ql=   8.437
  Temperature T ..............:   0.05 MeV
  Restart indicator ..........:   1
  Broyden mixing (#iterations):   7

  ---------------------------------------
        Harmonic Oscillator Basis        
  ---------------------------------------
  NUV, NQP:                        6222     286
  Comparison with bookkeeping spherical basis:
  n00:                               10      10  Maximal number of shells
  nbx, 2*n00+1:                      21      21  Maximal number of K-blocks
  ntx, (n00+1)*(n00+2)*(n00+3)/6    286     286  Max.num. p/n levels
  nzx, n00:                          10      10  Maximal nz-quantum number
  nrx, n00/2  :                       5       5  Maximal nr-quantum number
  nlx, n00:                          10      10  Maximal ml-quantum number
  ndx, (n00+2)*(n00+2)/4:            36      36  Maximal dim. of one k-block

  Actual basis used
  Number of blocks: nb .......:   21
  Number of levels: nt .......:  286
  Maximal 2*omega : nom ......:   21
  Maximal nz:       nzm ......:   10
  Maximal nr:       nrm ......:    5
  Maximal ml:       nlm ......:   10
  Maximal N=nz+2*nr+nl .......:   10
  2 x biggest block dim. .....:   72
  Non-zero elements of h .....:     3254
  Number of Broyden elements .:    13016

  ---------------------------------------
            Integration Meshes           
  ---------------------------------------
  Number of Gauss-Hermite mesh points ngh ....:  40
  Number of Gauss-Laguerre mesh points ngl ...:  40
  Number of Gauss-Legendre mesh points nleg ..:  80
  Integration boundaries
    Hermite  - from xh(1)  =  0.12379686 to xh(ngh)   = 11.88786356
    Laguerre - From xl(1)  =  0.03570039 to xl(ngl)   =142.28004447
    Legendre - From xleg(1)=  0.00978669 to xleg(nleg)=  0.99988775
  Max.dev.in:     Orthogonality            Normalization
  Hermite     1.5248282503475657E-015   1.0991207943789050E-014
  Laguerre    4.8291451697098846E-015   9.3258734068513149E-015

  Scratch initialization for the nucleus: GD  92  64


  Initial potentials of Saxon-Woods shape 
  v0ws   =  -71.27999878
  kappa  =    0.46160001
  vs0    =   11.11750031   11.11750031
  r0     =    1.23339999    1.23339999
  a      =    0.61500001    0.61500001
  r0-so  =    1.14429998    1.14429998
  a-so   =    0.64760000    0.64760000
  beta00 =    0.01000000

  ### REGULAR STAGE (reflection symmetry imposed)
  |HFB+HO> iterations(b0=  2.130, Nsh= 10, inin=  1, N= 92, Z= 64)...
  ----------------------------------------------------------------------------------------------------------------------------------
  i          si     mix   beta      Etot       A       rn      rp         En      Dn      Ep      Dp        Ln      Lp     time
  ----------------------------------------------------------------------------------------------------------------------------------
   1L  69.94764065 0.30  0.010     0.000000    0.0   0.000   0.000 |   -2.000   1.000  -2.000   1.000 |   -7.000  -7.000   0.000
   2B  40.99348084 0.10  0.020 -1014.454548  156.0   4.803   4.551 |    0.001  -0.000   0.000  -0.000 |  -14.218 -26.849  23.658
   3B  28.31689089 0.11  0.119  -881.909687  156.0   4.967   4.940 |    0.000  -0.000   0.000  -0.000 |   -5.615 -12.050   2.588
   4B  44.08999082 0.10  0.158   162.080079  156.0   5.096   4.670 |    0.000  -0.000   0.000  -0.000 |   -6.736  -7.177   2.444
   5B  21.40760928 0.11  0.229 -1109.121419  156.0   5.178   4.977 |    0.000  -0.000   0.000  -0.000 |   -6.084  -6.593   1.996
   6B   5.57419080 0.13  0.245 -1253.803590  156.0   5.182   5.028 |    0.000  -0.000   0.000  -0.000 |   -6.176  -6.777   2.124
   7B   4.85711869 0.14  0.267 -1257.820346  156.0   5.203   5.046 |    0.000  -0.000   0.000  -0.000 |   -6.503  -7.013   1.886
   8B   3.67738193 0.16  0.269 -1257.843580  156.0   5.198   5.057 |    0.000  -0.000   0.000  -0.000 |   -6.651  -6.950   1.822
   9B   3.07269280 0.18  0.273 -1268.719537  156.0   5.208   5.055 |    0.000  -0.000   0.000  -0.000 |   -6.698  -7.028   2.370
  10B   2.98050204 0.21  0.263 -1269.379271  156.0   5.196   5.056 |    0.000  -0.000   0.000  -0.000 |   -6.609  -6.981   1.815
  11B   2.86557677 0.24  0.261 -1270.109774  156.0   5.194   5.054 |    0.000  -0.000   0.000  -0.000 |   -6.561  -6.970   1.647
  12B   2.72603639 0.27  0.251 -1269.426993  156.0   5.189   5.051 |    0.000  -0.000   0.000  -0.000 |   -6.452  -6.887   1.931
  13B   2.08340637 0.30  0.196 -1264.153817  156.0   5.164   5.023 |    0.000  -0.000   0.000  -0.000 |   -5.775  -6.414   1.895
  14B   2.21834887 0.10  0.178 -1261.116512  156.0   5.163   5.002 |    0.000  -0.000   0.000  -0.000 |   -5.718  -6.497   2.134
  15B   3.45367897 0.10  0.192 -1260.101509  156.0   5.157   5.037 |    0.000  -0.000   0.000  -0.000 |   -5.915  -6.600   2.543
  16B   1.71459622 0.11  0.161 -1263.509477  156.0   5.157   5.006 |    0.000  -0.000   0.000  -0.000 |   -5.749  -6.509   2.663
  17B   1.19286324 0.13  0.154 -1263.901851  156.0   5.156   5.005 |    0.000  -0.000   0.000  -0.000 |   -5.687  -6.504   1.827
  18B   2.73002746 0.10  0.146 -1260.556998  156.0   5.160   4.995 |    0.000  -0.000   0.000  -0.000 |   -5.669  -6.512   2.433
  19B   1.17377348 0.11  0.153 -1264.377590  156.0   5.160   5.016 |    0.000  -0.000   0.000  -0.000 |   -5.709  -6.547   1.834
  20B   1.51873056 0.10  0.134 -1262.843358  156.0   5.161   4.995 |    0.000  -0.000   0.000  -0.000 |   -5.710  -6.545   3.096
  21B   0.49017575 0.11  0.147 -1264.827904  156.0   5.161   5.012 |    0.000  -0.000   0.000  -0.000 |   -5.723  -6.552   2.463
  22B   0.61062595 0.10  0.143 -1264.751936  156.0   5.163   5.007 |    0.000  -0.000   0.000  -0.000 |   -5.761  -6.565   3.327
  23B   0.43022410 0.11  0.147 -1265.063581  156.0   5.165   5.013 |    0.000  -0.000   0.000  -0.000 |   -5.792  -6.578   3.470
  24B   0.38874847 0.13  0.149 -1265.087253  156.0   5.165   5.016 |    0.000  -0.000   0.000  -0.000 |   -5.815  -6.584   2.102
  25B   0.38597174 0.14  0.149 -1265.139245  156.0   5.166   5.014 |    0.000  -0.000   0.000  -0.000 |   -5.820  -6.593   1.656
  26B   0.41732404 0.10  0.153 -1265.251178  156.0   5.168   5.020 |    0.000  -0.000   0.000  -0.000 |   -5.863  -6.608   1.459
  27B   0.38859351 0.11  0.152 -1265.245569  156.0   5.167   5.018 |    0.000  -0.000   0.000  -0.000 |   -5.856  -6.604   1.261
  28B   0.46572923 0.10  0.152 -1265.182027  156.0   5.168   5.021 |    0.000  -0.000   0.000  -0.000 |   -5.864  -6.612   2.161
  29B   0.75904222 0.10  0.158 -1265.249718  156.0   5.169   5.027 |    0.000  -0.000   0.000  -0.000 |   -5.886  -6.621   2.063
  30B   0.66258837 0.11  0.160 -1265.362600  156.0   5.169   5.027 |    0.000  -0.000   0.000  -0.000 |   -5.903  -6.627   1.617
  31B   0.56901296 0.13  0.158 -1265.392600  156.0   5.170   5.026 |    0.000  -0.000   0.000  -0.000 |   -5.905  -6.625   1.558
  32B   0.70129016 0.10  0.160 -1265.431875  156.0   5.170   5.027 |    0.000  -0.000   0.000  -0.000 |   -5.911  -6.628   1.354
  33B   0.57248210 0.11  0.167 -1265.644357  156.0   5.173   5.030 |    0.000  -0.000   0.000  -0.000 |   -5.969  -6.640   1.411
  34B   1.15124356 0.10  0.162 -1265.055593  156.0   5.171   5.024 |    0.000  -0.000   0.000  -0.000 |   -5.934  -6.647   1.308
  35B   0.70923361 0.11  0.166 -1265.571383  156.0   5.171   5.029 |    0.000  -0.000   0.000  -0.000 |   -5.945  -6.633   1.509
  36B   0.70273168 0.13  0.173 -1265.795415  156.0   5.175   5.025 |    0.000  -0.000   0.000  -0.000 |   -6.055  -6.647   2.080
  37B   0.33731467 0.14  0.174 -1266.157714  156.0   5.175   5.029 |    0.000  -0.000   0.000  -0.000 |   -6.055  -6.642   1.710
  38B   0.44345863 0.10  0.171 -1266.024770  156.0   5.174   5.026 |    0.000  -0.000   0.000  -0.000 |   -6.019  -6.629   1.372
  39B   0.24102701 0.11  0.169 -1266.008707  156.0   5.173   5.027 |    0.000  -0.000   0.000  -0.000 |   -6.002  -6.624   1.463
  40B   0.41953236 0.10  0.170 -1265.984642  156.0   5.173   5.024 |    0.000  -0.000   0.000  -0.000 |   -6.010  -6.619   1.514
  41B   0.24694226 0.11  0.170 -1266.027001  156.0   5.173   5.025 |    0.000  -0.000   0.000  -0.000 |   -6.003  -6.618   1.436
  42B   0.21800767 0.13  0.170 -1266.033593  156.0   5.173   5.026 |    0.000  -0.000   0.000  -0.000 |   -6.000  -6.616   1.181
  43B   0.34584270 0.10  0.166 -1265.826986  156.0   5.173   5.021 |    0.000  -0.000   0.000  -0.000 |   -5.989  -6.611   1.464
  44B   0.31666769 0.11  0.168 -1265.986189  156.0   5.172   5.024 |    0.000  -0.000   0.000  -0.000 |   -5.984  -6.608   1.318
  45B   0.21774238 0.13  0.169 -1266.021212  156.0   5.173   5.026 |    0.000  -0.000   0.000  -0.000 |   -5.987  -6.608   1.178
  46B   0.35924758 0.10  0.165 -1265.813907  156.0   5.172   5.021 |    0.000  -0.000   0.000  -0.000 |   -5.984  -6.599   1.732
  47B   0.28419509 0.11  0.165 -1265.841697  156.0   5.172   5.022 |    0.000  -0.000   0.000  -0.000 |   -5.979  -6.601   2.329
  48B   0.34879408 0.10  0.165 -1265.787547  156.0   5.172   5.023 |    0.000  -0.000   0.000  -0.000 |   -5.977  -6.592   1.629
  49B   0.25889526 0.11  0.164 -1265.815860  156.0   5.172   5.021 |    0.000  -0.000   0.000  -0.000 |   -5.975  -6.594   1.798
  50B   0.29107761 0.10  0.163 -1265.733105  156.0   5.171   5.020 |    0.000  -0.000   0.000  -0.000 |   -5.973  -6.589   1.602
  51B   0.32429510 0.10  0.161 -1265.627297  156.0   5.171   5.021 |    0.000   0.000   0.000   0.000 |   -5.976  -6.582   2.408
  52B   0.29365748 0.11  0.163 -1265.767222  156.0   5.171   5.021 |    0.000  -0.000   0.000  -0.000 |   -5.973  -6.587   1.715
  53B   0.37965964 0.10  0.162 -1265.685028  156.0   5.171   5.021 |    0.000  -0.000   0.000  -0.000 |   -5.973  -6.586   1.359
  54B   0.41215398 0.10  0.161 -1265.573204  156.0   5.170   5.023 |    0.000   0.000   0.000   0.000 |   -5.978  -6.577   1.523
  55B   0.45487437 0.10  0.162 -1265.681855  156.0   5.171   5.022 |    0.000  -0.000   0.000  -0.000 |   -5.984  -6.588   1.509
  56B   0.22054853 0.11  0.159 -1265.591246  156.0   5.171   5.019 |    0.000   0.000   0.000   0.000 |   -5.988  -6.585   2.002
  57B   0.12575243 0.13  0.160 -1265.660867  156.0   5.171   5.022 |    0.000   0.000   0.000   0.000 |   -5.992  -6.584   1.913
  58B   0.09573045 0.14  0.160 -1265.681078  156.0   5.171   5.022 |    0.000   0.000   0.000   0.000 |   -5.994  -6.585   3.419
  59B   0.23204020 0.10  0.162 -1265.720617  156.0   5.171   5.025 |    0.000   0.000   0.000   0.000 |   -6.000  -6.589   1.936
  60B   0.08811907 0.11  0.161 -1265.716787  156.0   5.171   5.023 |    0.000  -0.000   0.000  -0.000 |   -6.000  -6.589   1.917
  61B   0.13931865 0.10  0.162 -1265.729785  156.0   5.171   5.023 |    0.000   0.000   0.000   0.000 |   -6.002  -6.588   2.530
  62B   0.14232302 0.10  0.162 -1265.746022  156.0   5.172   5.023 |    0.000   0.000   0.000   0.000 |   -6.004  -6.590   1.992
  63B   0.15795722 0.10  0.162 -1265.741417  156.0   5.171   5.024 |    0.000   0.000   0.000   0.000 |   -6.005  -6.589   1.947
  64B   0.14472789 0.11  0.163 -1265.790126  156.0   5.172   5.024 |    0.000   0.000   0.000   0.000 |   -6.010  -6.592   1.377
  65B   0.07434124 0.13  0.162 -1265.740275  156.0   5.172   5.023 |    0.000   0.000   0.000   0.000 |   -6.007  -6.591   1.899
  66B   0.09156605 0.10  0.162 -1265.750097  156.0   5.172   5.023 |    0.000   0.000   0.000   0.000 |   -6.008  -6.591   1.716
  67B   0.13224965 0.10  0.162 -1265.746551  156.0   5.172   5.023 |    0.000   0.000   0.000   0.000 |   -6.014  -6.593   1.609
  68B   0.21450688 0.10  0.164 -1265.812299  156.0   5.172   5.026 |    0.000   0.000   0.000   0.000 |   -6.015  -6.594   1.386
  69B   0.24137038 0.10  0.163 -1265.740036  156.0   5.172   5.025 |    0.000   0.000   0.000   0.000 |   -6.021  -6.595   1.585
  70B   0.12707011 0.11  0.164 -1265.843037  156.0   5.172   5.025 |    0.000   0.000   0.000   0.000 |   -6.021  -6.594   2.244
  71B   0.18971688 0.10  0.165 -1265.862582  156.0   5.172   5.025 |    0.000   0.000   0.000   0.000 |   -6.022  -6.596   2.200
  72B   0.17148793 0.11  0.165 -1265.899859  156.0   5.172   5.026 |    0.000   0.000   0.000   0.000 |   -6.026  -6.596   1.626
  73B   0.14168844 0.13  0.164 -1265.848530  156.0   5.172   5.024 |    0.000   0.000   0.000   0.000 |   -6.024  -6.594   1.815
  74B   0.10663633 0.14  0.165 -1265.906638  156.0   5.173   5.025 |    0.000   0.000   0.000   0.000 |   -6.027  -6.597   1.350
  75B   0.14418186 0.10  0.166 -1265.939685  156.0   5.173   5.026 |    0.000   0.000   0.000   0.000 |   -6.029  -6.595   1.549
  76B   0.14169477 0.11  0.167 -1265.965228  156.0   5.173   5.024 |    0.000  -0.000   0.000  -0.000 |   -6.034  -6.590   1.408
  77B   0.11052185 0.13  0.167 -1265.963444  156.0   5.173   5.025 |    0.000  -0.000   0.000  -0.000 |   -6.032  -6.592   1.924
  78B   0.18889052 0.10  0.166 -1265.932630  156.0   5.173   5.025 |    0.000  -0.000   0.000  -0.000 |   -6.033  -6.589   1.579
  79B   0.11671691 0.11  0.166 -1265.953633  156.0   5.173   5.025 |    0.000   0.000   0.000   0.000 |   -6.032  -6.590   1.603
  80B   0.08374342 0.13  0.166 -1265.944611  156.0   5.173   5.025 |    0.000   0.000   0.000   0.000 |   -6.032  -6.588   1.711
  81B   0.08163873 0.14  0.166 -1265.932799  156.0   5.173   5.024 |    0.000   0.000   0.000   0.000 |   -6.030  -6.587   1.914
  82B   0.17590746 0.10  0.165 -1265.892652  156.0   5.172   5.023 |    0.000   0.000   0.000   0.000 |   -6.027  -6.582   2.240
  83B   0.08658098 0.11  0.165 -1265.896999  156.0   5.172   5.023 |    0.000   0.000   0.000   0.000 |   -6.028  -6.583   2.455
  84B   0.08595109 0.13  0.165 -1265.913828  156.0   5.172   5.024 |    0.000   0.000   0.000   0.000 |   -6.027  -6.582   1.594
  85B   0.08088336 0.14  0.165 -1265.903657  156.0   5.172   5.023 |    0.000   0.000   0.000   0.000 |   -6.028  -6.582   1.745
  86B   0.10653435 0.10  0.165 -1265.885892  156.0   5.172   5.023 |    0.000   0.000   0.000   0.000 |   -6.028  -6.581   1.586
  87B   0.11851414 0.10  0.165 -1265.874579  156.0   5.172   5.023 |    0.000   0.000   0.000   0.000 |   -6.027  -6.580   1.905
  88B   0.16326948 0.10  0.165 -1265.862965  156.0   5.172   5.024 |    0.000   0.000   0.000   0.000 |   -6.028  -6.580   2.396
  89B   0.13356628 0.11  0.165 -1265.863283  156.0   5.172   5.024 |    0.000   0.000   0.000   0.000 |   -6.030  -6.578   2.760
  90B   0.10998316 0.13  0.164 -1265.842903  156.0   5.172   5.022 |    0.000   0.000   0.000   0.000 |   -6.027  -6.577   1.835
  91B   0.08454828 0.14  0.164 -1265.843658  156.0   5.172   5.023 |    0.000   0.000   0.000   0.000 |   -6.027  -6.577   2.292
  92B   0.11598586 0.10  0.163 -1265.807754  156.0   5.172   5.022 |    0.000   0.000   0.000   0.000 |   -6.026  -6.576   2.211
  93B   0.10353801 0.11  0.164 -1265.845837  156.0   5.172   5.023 |    0.000   0.000   0.000   0.000 |   -6.025  -6.575   1.506
  94B   0.14858783 0.10  0.163 -1265.803721  156.0   5.172   5.023 |    0.000   0.000   0.000   0.000 |   -6.025  -6.573   2.141
  95B   0.07262385 0.11  0.163 -1265.807596  156.0   5.172   5.022 |    0.000   0.000   0.000   0.000 |   -6.029  -6.575   1.654
  96B   0.07462452 0.10  0.163 -1265.795469  156.0   5.172   5.022 |    0.000   0.000   0.000   0.000 |   -6.029  -6.575   1.885
  97B   0.03697148 0.11  0.163 -1265.794732  156.0   5.172   5.023 |    0.000   0.000   0.000   0.000 |   -6.032  -6.575   1.489
  98B   0.04312175 0.10  0.163 -1265.799748  156.0   5.172   5.023 |    0.000  -0.000   0.000  -0.000 |   -6.033  -6.575   2.334
  99B   0.03109906 0.11  0.163 -1265.817513  156.0   5.172   5.023 |    0.000   0.000   0.000   0.000 |   -6.034  -6.576   3.029
 100B   0.04003341 0.10  0.163 -1265.815893  156.0   5.172   5.023 |    0.000   0.000   0.000   0.000 |   -6.035  -6.576   2.414
 101B   0.02904117 0.11  0.163 -1265.826085  156.0   5.172   5.023 |    0.000   0.000   0.000   0.000 |   -6.035  -6.577   2.016
 102B   0.05164875 0.10  0.164 -1265.831211  156.0   5.172   5.024 |    0.000   0.000   0.000   0.000 |   -6.035  -6.576   1.725
 103B   0.03399008 0.11  0.164 -1265.831971  156.0   5.172   5.024 |    0.000   0.000   0.000   0.000 |   -6.036  -6.577   1.691
 104B   0.03867318 0.10  0.164 -1265.834434  156.0   5.172   5.023 |    0.000   0.000   0.000   0.000 |   -6.037  -6.577   2.158
 105B   0.02021015 0.11  0.163 -1265.820082  156.0   5.172   5.023 |    0.000   0.000   0.000   0.000 |   -6.037  -6.577   2.647
 106B   0.03480587 0.10  0.163 -1265.825710  156.0   5.172   5.023 |    0.000   0.000   0.000   0.000 |   -6.038  -6.577   1.966
 107B   0.02999338 0.11  0.164 -1265.846872  156.0   5.172   5.024 |    0.000   0.000   0.000   0.000 |   -6.039  -6.578   3.104
 108B   0.04060791 0.10  0.164 -1265.856170  156.0   5.172   5.024 |    0.000   0.000   0.000   0.000 |   -6.041  -6.579   2.014
 109B   0.03871907 0.11  0.164 -1265.871139  156.0   5.172   5.024 |    0.000   0.000   0.000   0.000 |   -6.043  -6.579   1.556
 110B   0.03215347 0.13  0.165 -1265.892529  156.0   5.172   5.024 |    0.000  -0.000   0.000  -0.000 |   -6.044  -6.579   1.916
 111B   0.02397902 0.14  0.164 -1265.862757  156.0   5.172   5.024 |    0.000   0.000   0.000   0.000 |   -6.041  -6.577   2.424
 112B   0.03167607 0.10  0.165 -1265.883684  156.0   5.172   5.024 |    0.000   0.000   0.000  -0.000 |   -6.043  -6.577   1.780
 113B   0.01990542 0.11  0.164 -1265.874573  156.0   5.172   5.024 |    0.000   0.000   0.000   0.000 |   -6.042  -6.576   1.831
 114B   0.04049398 0.10  0.164 -1265.847097  156.0   5.172   5.023 |    0.000   0.000   0.000   0.000 |   -6.042  -6.576   2.051
 115B   0.01107019 0.11  0.164 -1265.854215  156.0   5.172   5.023 |    0.000   0.000   0.000   0.000 |   -6.041  -6.575   1.710
 116B   0.01571126 0.10  0.164 -1265.858302  156.0   5.172   5.023 |    0.000   0.000   0.000   0.000 |   -6.042  -6.575   1.703
 117B   0.01042970 0.11  0.164 -1265.854595  156.0   5.172   5.023 |    0.000   0.000   0.000   0.000 |   -6.042  -6.575   1.467
 118B   0.01656282 0.10  0.164 -1265.859769  156.0   5.172   5.023 |    0.000   0.000   0.000   0.000 |   -6.042  -6.575   1.702
 119B   0.00937725 0.11  0.164 -1265.853553  156.0   5.172   5.023 |    0.000   0.000   0.000   0.000 |   -6.043  -6.575   2.105
 120B   0.01227553 0.10  0.164 -1265.855508  156.0   5.172   5.023 |    0.000   0.000   0.000   0.000 |   -6.043  -6.575   1.745
 121B   0.01247143 0.10  0.164 -1265.855420  156.0   5.172   5.024 |    0.000   0.000   0.000   0.000 |   -6.043  -6.574   2.308
 122B   0.01153423 0.11  0.164 -1265.853434  156.0   5.172   5.023 |    0.000   0.000   0.000   0.000 |   -6.043  -6.574   2.163
 123B   0.00678161 0.13  0.164 -1265.856805  156.0   5.172   5.023 |    0.000   0.000   0.000   0.000 |   -6.044  -6.574   1.600
 124B   0.00720218 0.10  0.164 -1265.858886  156.0   5.172   5.024 |    0.000   0.000   0.000   0.000 |   -6.044  -6.574   1.998
 125B   0.00579268 0.11  0.164 -1265.857217  156.0   5.172   5.024 |    0.000   0.000   0.000   0.000 |   -6.043  -6.574   1.527
 126B   0.00651233 0.10  0.164 -1265.859712  156.0   5.172   5.024 |    0.000   0.000   0.000   0.000 |   -6.044  -6.574   1.880
 127B   0.00882177 0.10  0.164 -1265.859141  156.0   5.172   5.023 |    0.000   0.000   0.000   0.000 |   -6.044  -6.574   1.410
 128B   0.00938416 0.10  0.164 -1265.860762  156.0   5.172   5.023 |    0.000   0.000   0.000  -0.000 |   -6.044  -6.574   1.721
 129B   0.00970018 0.10  0.164 -1265.858725  156.0   5.172   5.024 |    0.000   0.000   0.000   0.000 |   -6.044  -6.574   2.115
 130B   0.00583837 0.11  0.164 -1265.859995  156.0   5.172   5.023 |    0.000   0.000   0.000   0.000 |   -6.044  -6.574   2.239
 131B   0.01217126 0.10  0.164 -1265.857525  156.0   5.172   5.023 |    0.000  -0.000   0.000   0.000 |   -6.044  -6.574   1.660
 132B   0.00843517 0.11  0.164 -1265.857986  156.0   5.172   5.023 |    0.000  -0.000   0.000   0.000 |   -6.044  -6.574   1.497
 133B   0.00813327 0.13  0.164 -1265.857394  156.0   5.172   5.023 |    0.000  -0.000   0.000   0.000 |   -6.044  -6.574   1.927
 134B   0.01009548 0.10  0.164 -1265.856649  156.0   5.172   5.023 |    0.000   0.000   0.000   0.000 |   -6.045  -6.573   2.420
 135B   0.00693612 0.11  0.164 -1265.856368  156.0   5.172   5.023 |    0.000   0.000   0.000   0.000 |   -6.045  -6.573   1.610
 136B   0.00684929 0.13  0.164 -1265.854156  156.0   5.172   5.023 |    0.000  -0.000   0.000   0.000 |   -6.045  -6.573   1.639
 137B   0.00725579 0.10  0.164 -1265.855691  156.0   5.172   5.023 |    0.000  -0.000   0.000  -0.000 |   -6.045  -6.573   1.794
 138B   0.00627180 0.11  0.164 -1265.854181  156.0   5.172   5.023 |    0.000  -0.000   0.000   0.000 |   -6.046  -6.573   2.083
 139B   0.00366195 0.13  0.164 -1265.854056  156.0   5.172   5.023 |    0.000  -0.000   0.000   0.000 |   -6.046  -6.573   1.417
 140B   0.01085323 0.10  0.164 -1265.854551  156.0   5.172   5.023 |    0.000  -0.000   0.000  -0.000 |   -6.047  -6.573   1.729
 141B   0.00260682 0.11  0.164 -1265.855162  156.0   5.172   5.023 |    0.000  -0.000   0.000   0.000 |   -6.046  -6.573   1.479
 142B   0.00262498 0.10  0.164 -1265.855592  156.0   5.172   5.023 |    0.000  -0.000   0.000   0.000 |   -6.046  -6.573   1.782
 143B   0.00345422 0.10  0.164 -1265.855577  156.0   5.172   5.023 |    0.000  -0.000   0.000  -0.000 |   -6.046  -6.573   2.176
 144B   0.00332684 0.11  0.164 -1265.856223  156.0   5.172   5.023 |    0.000  -0.000   0.000  -0.000 |   -6.046  -6.573   2.307
 145B   0.00344966 0.10  0.164 -1265.854643  156.0   5.172   5.023 |    0.000  -0.000   0.000  -0.000 |   -6.047  -6.573   2.213
 146B   0.00253712 0.11  0.164 -1265.856703  156.0   5.172   5.023 |    0.000  -0.000   0.000  -0.000 |   -6.047  -6.573   3.534
 147B   0.00267333 0.10  0.164 -1265.857742  156.0   5.172   5.023 |    0.000  -0.000   0.000  -0.000 |   -6.047  -6.573   2.312
 148B   0.00281562 0.10  0.164 -1265.858054  156.0   5.172   5.023 |    0.000  -0.000   0.000  -0.000 |   -6.047  -6.573   2.038
 149B   0.00638753 0.10  0.164 -1265.859673  156.0   5.172   5.024 |    0.000   0.000   0.000  -0.000 |   -6.047  -6.573   1.998
 150B   0.00254709 0.11  0.164 -1265.860198  156.0   5.172   5.023 |    0.000   0.000   0.000  -0.000 |   -6.047  -6.573   3.106
 151B   0.00257535 0.10  0.164 -1265.858996  156.0   5.172   5.023 |    0.000  -0.000   0.000   0.000 |   -6.047  -6.573   1.321
 152B   0.00178735 0.11  0.164 -1265.858066  156.0   5.172   5.023 |    0.000   0.000   0.000   0.000 |   -6.047  -6.573   2.345
 153B   0.00174335 0.13  0.164 -1265.857260  156.0   5.172   5.023 |    0.000  -0.000   0.000   0.000 |   -6.047  -6.573   1.893
 154B   0.00239849 0.10  0.164 -1265.856615  156.0   5.172   5.023 |    0.000  -0.000   0.000   0.000 |   -6.047  -6.572   1.586
 155B   0.00249183 0.10  0.164 -1265.856936  156.0   5.172   5.023 |    0.000  -0.000   0.000   0.000 |   -6.047  -6.572   3.529
 156B   0.00169978 0.11  0.164 -1265.856877  156.0   5.172   5.023 |    0.000   0.000   0.000   0.000 |   -6.047  -6.572   3.132
 157B   0.00097666 0.13  0.164 -1265.856306  156.0   5.172   5.023 |    0.000  -0.000   0.000   0.000 |   -6.047  -6.572   2.188
 158B   0.00249868 0.10  0.164 -1265.856224  156.0   5.172   5.023 |    0.000   0.000   0.000   0.000 |   -6.047  -6.572   2.271
 159B   0.00080604 0.11  0.164 -1265.856238  156.0   5.172   5.023 |    0.000   0.000   0.000  -0.000 |   -6.047  -6.572   2.004
 160B   0.00118487 0.10  0.164 -1265.857035  156.0   5.172   5.023 |    0.000   0.000   0.000  -0.000 |   -6.047  -6.572   3.270
 161B   0.00070953 0.11  0.164 -1265.856971  156.0   5.172   5.023 |    0.000   0.000   0.000  -0.000 |   -6.047  -6.572   2.561
 162B   0.00116550 0.10  0.164 -1265.857601  156.0   5.172   5.023 |    0.000   0.000   0.000  -0.000 |   -6.048  -6.572   2.743
 163B   0.00067028 0.11  0.164 -1265.857433  156.0   5.172   5.023 |    0.000   0.000   0.000  -0.000 |   -6.048  -6.572   1.550
 164B   0.00090072 0.10  0.164 -1265.857821  156.0   5.172   5.023 |    0.000   0.000   0.000  -0.000 |   -6.048  -6.572   1.915
 165B   0.00086847 0.11  0.164 -1265.858082  156.0   5.172   5.023 |    0.000   0.000   0.000  -0.000 |   -6.048  -6.572   1.844
 166B   0.00086305 0.13  0.164 -1265.857964  156.0   5.172   5.023 |    0.000  -0.000   0.000  -0.000 |   -6.048  -6.572   3.351
 167B   0.00051566 0.14  0.164 -1265.857904  156.0   5.172   5.023 |    0.000   0.000   0.000  -0.000 |   -6.048  -6.572   1.767
 168B   0.00194919 0.10  0.164 -1265.857026  156.0   5.172   5.023 |    0.000   0.000   0.000  -0.000 |   -6.048  -6.572   1.478
 169B   0.00054148 0.11  0.164 -1265.857574  156.0   5.172   5.023 |    0.000   0.000   0.000  -0.000 |   -6.048  -6.572   2.372
 170B   0.00060986 0.10  0.164 -1265.857570  156.0   5.172   5.023 |    0.000   0.000   0.000  -0.000 |   -6.048  -6.572   2.206
 171B   0.00032057 0.11  0.164 -1265.857611  156.0   5.172   5.023 |    0.000   0.000   0.000  -0.000 |   -6.048  -6.572   2.652
 172B   0.00045049 0.10  0.164 -1265.857562  156.0   5.172   5.023 |    0.000  -0.000   0.000  -0.000 |   -6.048  -6.572   2.992
 173B   0.00045947 0.10  0.164 -1265.857379  156.0   5.172   5.023 |    0.000  -0.000   0.000  -0.000 |   -6.048  -6.572   2.234
 174B   0.00029796 0.11  0.164 -1265.857462  156.0   5.172   5.023 |    0.000   0.000   0.000  -0.000 |   -6.048  -6.572   1.622
 175B   0.00085783 0.10  0.164 -1265.857396  156.0   5.172   5.023 |    0.000   0.000   0.000   0.000 |   -6.048  -6.572   1.796
 176B   0.00046055 0.11  0.164 -1265.857430  156.0   5.172   5.023 |    0.000  -0.000   0.000  -0.000 |   -6.048  -6.572   1.674
 177B   0.00068807 0.10  0.164 -1265.857147  156.0   5.172   5.023 |    0.000  -0.000   0.000  -0.000 |   -6.048  -6.572   2.669
 178B   0.00061027 0.11  0.164 -1265.857210  156.0   5.172   5.023 |    0.000   0.000   0.000  -0.000 |   -6.048  -6.572   2.674
 179B   0.00042147 0.13  0.164 -1265.857141  156.0   5.172   5.023 |    0.000  -0.000   0.000  -0.000 |   -6.048  -6.572   1.660
 180B   0.00058903 0.10  0.164 -1265.857216  156.0   5.172   5.023 |    0.000   0.000   0.000  -0.000 |   -6.048  -6.572   2.016
 181B   0.00041055 0.11  0.164 -1265.856950  156.0   5.172   5.023 |    0.000   0.000   0.000  -0.000 |   -6.048  -6.572   2.718
 182B   0.00059109 0.10  0.164 -1265.857047  156.0   5.172   5.023 |    0.000  -0.000   0.000  -0.000 |   -6.048  -6.572   1.837
 183B   0.00030234 0.11  0.164 -1265.856875  156.0   5.172   5.023 |    0.000   0.000   0.000  -0.000 |   -6.048  -6.572   1.707
 184B   0.00064110 0.10  0.164 -1265.856984  156.0   5.172   5.023 |    0.000   0.000   0.000  -0.000 |   -6.048  -6.572   1.639
 185B   0.00022360 0.11  0.164 -1265.857006  156.0   5.172   5.023 |    0.000   0.000   0.000  -0.000 |   -6.048  -6.572   1.866
 186B   0.00018193 0.13  0.164 -1265.857008  156.0   5.172   5.023 |    0.000  -0.000   0.000  -0.000 |   -6.048  -6.572   1.802
 187B   0.00016932 0.14  0.164 -1265.857083  156.0   5.172   5.023 |    0.000   0.000   0.000   0.000 |   -6.048  -6.572   2.157
 188B   0.00018161 0.10  0.164 -1265.857149  156.0   5.172   5.023 |    0.000  -0.000   0.000   0.000 |   -6.048  -6.572   1.723
 189B   0.00013787 0.11  0.164 -1265.857158  156.0   5.172   5.023 |    0.000  -0.000   0.000  -0.000 |   -6.048  -6.572   1.875
 190B   0.00018245 0.10  0.164 -1265.857211  156.0   5.172   5.023 |    0.000  -0.000   0.000   0.000 |   -6.048  -6.572   2.189
 191B   0.00047012 0.10  0.164 -1265.857234  156.0   5.172   5.023 |    0.000   0.000   0.000   0.000 |   -6.048  -6.572   2.156
 192B   0.00014984 0.11  0.164 -1265.857214  156.0   5.172   5.023 |    0.000  -0.000   0.000   0.000 |   -6.048  -6.572   2.735
 193B   0.00014384 0.13  0.164 -1265.857283  156.0   5.172   5.023 |    0.000  -0.000   0.000  -0.000 |   -6.048  -6.572   2.460
 194B   0.00023203 0.10  0.164 -1265.857268  156.0   5.172   5.023 |    0.000   0.000   0.000  -0.000 |   -6.048  -6.572   1.542
 195B   0.00016777 0.11  0.164 -1265.857231  156.0   5.172   5.023 |    0.000   0.000   0.000  -0.000 |   -6.048  -6.572   1.776
 196B   0.00016105 0.13  0.164 -1265.857238  156.0   5.172   5.023 |    0.000   0.000   0.000  -0.000 |   -6.048  -6.572   1.963
 197B   0.00015966 0.14  0.164 -1265.857207  156.0   5.172   5.023 |    0.000  -0.000   0.000  -0.000 |   -6.048  -6.572   2.325
 198B   0.00012028 0.16  0.164 -1265.857218  156.0   5.172   5.023 |    0.000  -0.000   0.000  -0.000 |   -6.048  -6.572   2.275
 199B   0.00014052 0.10  0.164 -1265.857199  156.0   5.172   5.023 |    0.000  -0.000   0.000  -0.000 |   -6.048  -6.572   2.642
 200B   0.00029598 0.10  0.164 -1265.857163  156.0   5.172   5.023 |    0.000  -0.000   0.000  -0.000 |   -6.048  -6.572   1.980
 201B   0.00009249 0.11  0.164 -1265.857129  156.0   5.172   5.023 |    0.000   0.000   0.000  -0.000 |   -6.048  -6.572   2.141
 202B   0.00005746 0.13  0.164 -1265.857138  156.0   5.172   5.023 |    0.000  -0.000   0.000  -0.000 |   -6.048  -6.572   1.677
 203B   0.00009314 0.10  0.164 -1265.857047  156.0   5.172   5.023 |    0.000  -0.000   0.000  -0.000 |   -6.048  -6.572   2.129
 204B   0.00006008 0.11  0.164 -1265.857056  156.0   5.172   5.023 |    0.000   0.000   0.000  -0.000 |   -6.048  -6.572   1.722
 205B   0.00004963 0.13  0.164 -1265.857075  156.0   5.172   5.023 |    0.000   0.000   0.000  -0.000 |   -6.048  -6.572   2.703
 206B   0.00004789 0.14  0.164 -1265.857077  156.0   5.172   5.023 |    0.000  -0.000   0.000   0.000 |   -6.048  -6.572   2.171
 207B   0.00004441 0.16  0.164 -1265.857084  156.0   5.172   5.023 |    0.000  -0.000   0.000  -0.000 |   -6.048  -6.572   1.456
 208B   0.00006365 0.10  0.164 -1265.857122  156.0   5.172   5.023 |    0.000  -0.000   0.000  -0.000 |   -6.048  -6.572   1.431
 209B   0.00008509 0.10  0.164 -1265.857120  156.0   5.172   5.023 |    0.000  -0.000   0.000  -0.000 |   -6.048  -6.572   1.605
 210B   0.00002992 0.11  0.164 -1265.857120  156.0   5.172   5.023 |    0.000  -0.000   0.000  -0.000 |   -6.048  -6.572   2.281
 211B   0.00007850 0.10  0.164 -1265.857137  156.0   5.172   5.023 |    0.000   0.000   0.000  -0.000 |   -6.048  -6.572   1.604
 212B   0.00003504 0.11  0.164 -1265.857129  156.0   5.172   5.023 |    0.000  -0.000   0.000  -0.000 |   -6.048  -6.572   1.970
 213B   0.00003269 0.13  0.164 -1265.857130  156.0   5.172   5.023 |    0.000  -0.000   0.000  -0.000 |   -6.048  -6.572   1.436
 214B   0.00003064 0.14  0.164 -1265.857123  156.0   5.172   5.023 |    0.000  -0.000   0.000  -0.000 |   -6.048  -6.572   1.870
 215B   0.00004660 0.10  0.164 -1265.857115  156.0   5.172   5.023 |    0.000  -0.000   0.000  -0.000 |   -6.048  -6.572   2.144
 216B   0.00004570 0.11  0.164 -1265.857146  156.0   5.172   5.023 |    0.000  -0.000   0.000  -0.000 |   -6.048  -6.572   2.520
 217B   0.00007998 0.10  0.164 -1265.857176  156.0   5.172   5.023 |    0.000  -0.000   0.000   0.000 |   -6.048  -6.572   1.662
 218B   0.00004969 0.11  0.164 -1265.857173  156.0   5.172   5.023 |    0.000  -0.000   0.000  -0.000 |   -6.048  -6.572   1.151
 219B   0.00007421 0.10  0.164 -1265.857193  156.0   5.172   5.023 |    0.000  -0.000   0.000  -0.000 |   -6.048  -6.572   1.979
 220B   0.00014251 0.10  0.164 -1265.857147  156.0   5.172   5.023 |    0.000  -0.000   0.000   0.000 |   -6.048  -6.572   1.547
 221B   0.00004162 0.11  0.164 -1265.857198  156.0   5.172   5.023 |    0.000  -0.000   0.000  -0.000 |   -6.048  -6.572   1.606
 222B   0.00004929 0.10  0.164 -1265.857186  156.0   5.172   5.023 |    0.000  -0.000   0.000  -0.000 |   -6.048  -6.572   2.163
 223B   0.00005392 0.10  0.164 -1265.857215  156.0   5.172   5.023 |    0.000   0.000   0.000  -0.000 |   -6.048  -6.572   1.566
 224B   0.00006041 0.10  0.164 -1265.857206  156.0   5.172   5.023 |    0.000  -0.000   0.000  -0.000 |   -6.048  -6.572   1.777
 225B   0.00003982 0.11  0.164 -1265.857214  156.0   5.172   5.023 |    0.000   0.000   0.000  -0.000 |   -6.048  -6.572   1.475
 226B   0.00004570 0.10  0.164 -1265.857196  156.0   5.172   5.023 |    0.000  -0.000   0.000   0.000 |   -6.048  -6.572   2.622
 227B   0.00004038 0.11  0.164 -1265.857201  156.0   5.172   5.023 |    0.000   0.000   0.000   0.000 |   -6.048  -6.572   1.996
 228B   0.00002947 0.13  0.164 -1265.857193  156.0   5.172   5.023 |    0.000   0.000   0.000   0.000 |   -6.048  -6.572   1.811
 229B   0.00009294 0.10  0.164 -1265.857163  156.0   5.172   5.023 |    0.000  -0.000   0.000   0.000 |   -6.048  -6.572   1.874
 230B   0.00003971 0.11  0.164 -1265.857167  156.0   5.172   5.023 |    0.000   0.000   0.000   0.000 |   -6.048  -6.572   2.171
 231B   0.00003660 0.13  0.164 -1265.857158  156.0   5.172   5.023 |    0.000   0.000   0.000   0.000 |   -6.048  -6.572   1.788
 232B   0.00001924 0.14  0.164 -1265.857159  156.0   5.172   5.023 |    0.000   0.000   0.000   0.000 |   -6.048  -6.572   1.672
 233B   0.00002327 0.10  0.164 -1265.857156  156.0   5.172   5.023 |    0.000   0.000   0.000   0.000 |   -6.048  -6.572   1.634
 234B   0.00001572 0.11  0.164 -1265.857151  156.0   5.172   5.023 |    0.000   0.000   0.000   0.000 |   -6.048  -6.572   3.126
 235B   0.00001572 0.13  0.164 -1265.857166  156.0   5.172   5.023 |    0.000   0.000   0.000   0.000 |   -6.048  -6.572   1.761
 236B   0.00001615 0.10  0.164 -1265.857167  156.0   5.172   5.023 |    0.000   0.000   0.000   0.000 |   -6.048  -6.572   2.113
 237B   0.00001447 0.11  0.164 -1265.857167  156.0   5.172   5.023 |    0.000  -0.000   0.000  -0.000 |   -6.048  -6.572   2.184
 238B   0.00003675 0.10  0.164 -1265.857162  156.0   5.172   5.023 |    0.000   0.000   0.000  -0.000 |   -6.048  -6.572   2.777
 239B   0.00001450 0.11  0.164 -1265.857168  156.0   5.172   5.023 |    0.000  -0.000   0.000  -0.000 |   -6.048  -6.572   1.714
 240B   0.00001223 0.13  0.164 -1265.857168  156.0   5.172   5.023 |    0.000   0.000   0.000  -0.000 |   -6.048  -6.572   2.459
 241B   0.00001213 0.14  0.164 -1265.857168  156.0   5.172   5.023 |    0.000   0.000   0.000  -0.000 |   -6.048  -6.572   2.320
 242B   0.00001786 0.10  0.164 -1265.857171  156.0   5.172   5.023 |    0.000   0.000   0.000   0.000 |   -6.048  -6.572   1.674
 243B   0.00000917 0.11  0.164 -1265.857175  156.0   5.172   5.023 |    0.000   0.000   0.000   0.000 |   -6.048  -6.572   2.864
 244B   0.00001451 0.10  0.164 -1265.857173  156.0   5.172   5.023 |    0.000   0.000   0.000   0.000 |   -6.048  -6.572   3.372
 245B   0.00000874 0.11  0.164 -1265.857174  156.0   5.172   5.023 |    0.000  -0.000   0.000   0.000 |   -6.048  -6.572   1.669
 246B   0.00001577 0.10  0.164 -1265.857169  156.0   5.172   5.023 |    0.000   0.000   0.000   0.000 |   -6.048  -6.572   1.501
 247B   0.00001453 0.11  0.164 -1265.857171  156.0   5.172   5.023 |    0.000   0.000   0.000   0.000 |   -6.048  -6.572   1.417
 248B   0.00001071 0.13  0.164 -1265.857173  156.0   5.172   5.023 |    0.000   0.000   0.000   0.000 |   -6.048  -6.572   1.734
 249B   0.00000800 0.14  0.164 -1265.857170  156.0   5.172   5.023 |    0.000   0.000   0.000   0.000 |   -6.048  -6.572   2.193
 250B   0.00000778 0.16  0.164 -1265.857170  156.0   5.172   5.023 |    0.000  -0.000   0.000   0.000 |   -6.048  -6.572   1.891
 251B   0.00000922 0.10  0.164 -1265.857170  156.0   5.172   5.023 |    0.000  -0.000   0.000  -0.000 |   -6.048  -6.572   3.387
 252B   0.00001396 0.10  0.164 -1265.857166  156.0   5.172   5.023 |    0.000   0.000   0.000   0.000 |   -6.048  -6.572   1.750
 253B   0.00000988 0.11  0.164 -1265.857166  156.0   5.172   5.023 |    0.000  -0.000   0.000   0.000 |   -6.048  -6.572   1.860
 254B   0.00000971 0.13  0.164 -1265.857165  156.0   5.172   5.023 |    0.000  -0.000   0.000   0.000 |   -6.048  -6.572   1.792
 255B   0.00000789 0.14  0.164 -1265.857167  156.0   5.172   5.023 |    0.000  -0.000   0.000   0.000 |   -6.048  -6.572   2.135
 256B   0.00001021 0.10  0.164 -1265.857159  156.0   5.172   5.023 |    0.000   0.000   0.000   0.000 |   -6.048  -6.572   1.797
 257B   0.00002703 0.10  0.164 -1265.857165  156.0   5.172   5.023 |    0.000  -0.000   0.000   0.000 |   -6.048  -6.572   1.898
 258B   0.00001277 0.11  0.164 -1265.857160  156.0   5.172   5.023 |    0.000  -0.000   0.000   0.000 |   -6.048  -6.572   1.611
 259B   0.00001708 0.10  0.164 -1265.857161  156.0   5.172   5.023 |    0.000  -0.000   0.000  -0.000 |   -6.048  -6.572   1.908
 260B   0.00000791 0.11  0.164 -1265.857158  156.0   5.172   5.023 |    0.000   0.000   0.000   0.000 |   -6.048  -6.572   2.186
 261B   0.00000706 0.13  0.164 -1265.857158  156.0   5.172   5.023 |    0.000   0.000   0.000   0.000 |   -6.048  -6.572   2.514
 262B   0.00000484 0.14  0.164 -1265.857158  156.0   5.172   5.023 |    0.000   0.000   0.000   0.000 |   -6.048  -6.572   2.065
 263B   0.00000748 0.10  0.164 -1265.857160  156.0   5.172   5.023 |    0.000   0.000   0.000   0.000 |   -6.048  -6.572   2.806
 264B   0.00000495 0.11  0.164 -1265.857160  156.0   5.172   5.023 |    0.000   0.000   0.000  -0.000 |   -6.048  -6.572   1.602
 265B   0.00000243 0.13  0.164 -1265.857160  156.0   5.172   5.023 |    0.000   0.000   0.000  -0.000 |   -6.048  -6.572   1.766
 266B   0.00000965 0.10  0.164 -1265.857160  156.0   5.172   5.023 |    0.000  -0.000   0.000  -0.000 |   -6.048  -6.572   1.750
 267B   0.00000271 0.11  0.164 -1265.857161  156.0   5.172   5.023 |    0.000   0.000   0.000   0.000 |   -6.048  -6.572   2.522
 268B   0.00000444 0.10  0.164 -1265.857161  156.0   5.172   5.023 |    0.000   0.000   0.000   0.000 |   -6.048  -6.572   2.549
 269B   0.00000260 0.11  0.164 -1265.857162  156.0   5.172   5.023 |    0.000   0.000   0.000  -0.000 |   -6.048  -6.572   2.016
 270B   0.00000274 0.10  0.164 -1265.857162  156.0   5.172   5.023 |    0.000   0.000   0.000   0.000 |   -6.048  -6.572   1.817
 271B   0.00000358 0.10  0.164 -1265.857162  156.0   5.172   5.023 |    0.000  -0.000   0.000   0.000 |   -6.048  -6.572   2.168
 272B   0.00000414 0.10  0.164 -1265.857162  156.0   5.172   5.023 |    0.000   0.000   0.000   0.000 |   -6.048  -6.572   2.274
 273B   0.00000320 0.11  0.164 -1265.857162  156.0   5.172   5.023 |    0.000  -0.000   0.000  -0.000 |   -6.048  -6.572   1.432
 274B   0.00000610 0.10  0.164 -1265.857161  156.0   5.172   5.023 |    0.000  -0.000   0.000   0.000 |   -6.048  -6.572   1.475
 275B   0.00000619 0.10  0.164 -1265.857164  156.0   5.172   5.023 |    0.000  -0.000   0.000   0.000 |   -6.048  -6.572   1.270
 276B   0.00000446 0.11  0.164 -1265.857165  156.0   5.172   5.023 |    0.000  -0.000   0.000   0.000 |   -6.048  -6.572   1.519
 277B   0.00000347 0.13  0.164 -1265.857165  156.0   5.172   5.023 |    0.000   0.000   0.000   0.000 |   -6.048  -6.572   2.045
 278B   0.00000470 0.10  0.164 -1265.857167  156.0   5.172   5.023 |    0.000  -0.000   0.000   0.000 |   -6.048  -6.572   2.590
 279B   0.00000364 0.11  0.164 -1265.857168  156.0   5.172   5.023 |    0.000  -0.000   0.000   0.000 |   -6.048  -6.572   2.751
 280B   0.00000410 0.10  0.164 -1265.857166  156.0   5.172   5.023 |    0.000  -0.000   0.000  -0.000 |   -6.048  -6.572   1.919
 281B   0.00000239 0.11  0.164 -1265.857166  156.0   5.172   5.023 |    0.000   0.000   0.000  -0.000 |   -6.048  -6.572   1.973
 282B   0.00000205 0.13  0.164 -1265.857166  156.0   5.172   5.023 |    0.000  -0.000   0.000   0.000 |   -6.048  -6.572   1.696
 283B   0.00000595 0.10  0.164 -1265.857163  156.0   5.172   5.023 |    0.000  -0.000   0.000  -0.000 |   -6.048  -6.572   1.527
 284B   0.00000675 0.10  0.164 -1265.857164  156.0   5.172   5.023 |    0.000  -0.000   0.000  -0.000 |   -6.048  -6.572   1.393
 285B   0.00000213 0.11  0.164 -1265.857164  156.0   5.172   5.023 |    0.000  -0.000   0.000  -0.000 |   -6.048  -6.572   1.652
 286B   0.00000247 0.10  0.164 -1265.857164  156.0   5.172   5.023 |    0.000  -0.000   0.000  -0.000 |   -6.048  -6.572   1.573
 287B   0.00000213 0.11  0.164 -1265.857163  156.0   5.172   5.023 |    0.000   0.000   0.000   0.000 |   -6.048  -6.572   1.342
 288B   0.00000220 0.10  0.164 -1265.857163  156.0   5.172   5.023 |    0.000   0.000   0.000   0.000 |   -6.048  -6.572   2.472
 289B   0.00000295 0.10  0.164 -1265.857163  156.0   5.172   5.023 |    0.000   0.000   0.000   0.000 |   -6.048  -6.572   2.145
 290B   0.00000118 0.11  0.164 -1265.857163  156.0   5.172   5.023 |    0.000   0.000   0.000  -0.000 |   -6.048  -6.572   2.951
 291B   0.00000109 0.13  0.164 -1265.857163  156.0   5.172   5.023 |    0.000   0.000   0.000   0.000 |   -6.048  -6.572   2.066
 292B   0.00000190 0.10  0.164 -1265.857163  156.0   5.172   5.023 |    0.000  -0.000   0.000   0.000 |   -6.048  -6.572   2.640
 293B   0.00000200 0.10  0.164 -1265.857163  156.0   5.172   5.023 |    0.000  -0.000   0.000  -0.000 |   -6.048  -6.572   1.977
 294B   0.00000120 0.11  0.164 -1265.857163  156.0   5.172   5.023 |    0.000  -0.000   0.000   0.000 |   -6.048  -6.572   1.871
 295B   0.00000099 0.13  0.164 -1265.857163  156.0   5.172   5.023 |    0.000  -0.000   0.000  -0.000 |   -6.048  -6.572   2.600
 296B   0.00000125 0.10  0.164 -1265.857163  156.0   5.172   5.023 |    0.000   0.000   0.000  -0.000 |   -6.048  -6.572   1.805
 297B   0.00000099 0.11  0.164 -1265.857163  156.0   5.172   5.023 |    0.000   0.000   0.000  -0.000 |   -6.048  -6.572   2.628
 298B   0.00000185 0.10  0.164 -1265.857164  156.0   5.172   5.023 |    0.000  -0.000   0.000  -0.000 |   -6.048  -6.572   2.779
 299B   0.00000093 0.11  0.164 -1265.857164  156.0   5.172   5.023 |    0.000  -0.000   0.000  -0.000 |   -6.048  -6.572   1.551
 300B   0.00000059 0.13  0.164 -1265.857164  156.0   5.172   5.023 |    0.000   0.000   0.000  -0.000 |   -6.048  -6.572   1.404
 301B   0.00000070 0.10  0.164 -1265.857164  156.0   5.172   5.023 |    0.000  -0.000   0.000  -0.000 |   -6.048  -6.572   1.358
 302B   0.00000100 0.10  0.164 -1265.857164  156.0   5.172   5.023 |    0.000  -0.000   0.000   0.000 |   -6.048  -6.572   1.829
 303B   0.00000108 0.10  0.164 -1265.857164  156.0   5.172   5.023 |    0.000  -0.000   0.000  -0.000 |   -6.048  -6.572   1.797
 304B   0.00000067 0.11  0.164 -1265.857164  156.0   5.172   5.023 |    0.000   0.000   0.000  -0.000 |   -6.048  -6.572   2.392
 305B   0.00000152 0.10  0.164 -1265.857164  156.0   5.172   5.023 |    0.000  -0.000   0.000   0.000 |   -6.048  -6.572   2.220
 306B   0.00000090 0.11  0.164 -1265.857164  156.0   5.172   5.023 |    0.000  -0.000   0.000  -0.000 |   -6.048  -6.572   1.781
 307B   0.00000077 0.13  0.164 -1265.857164  156.0   5.172   5.023 |    0.000  -0.000   0.000   0.000 |   -6.048  -6.572   1.743
 308B   0.00000083 0.10  0.164 -1265.857164  156.0   5.172   5.023 |    0.000  -0.000   0.000  -0.000 |   -6.048  -6.572   2.046
 309B   0.00000075 0.11  0.164 -1265.857164  156.0   5.172   5.023 |    0.000  -0.000   0.000  -0.000 |   -6.048  -6.572   1.728
 310B   0.00000049 0.13  0.164 -1265.857164  156.0   5.172   5.023 |    0.000  -0.000   0.000  -0.000 |   -6.048  -6.572   1.918
 311B   0.00000057 0.10  0.164 -1265.857163  156.0   5.172   5.023 |    0.000   0.000   0.000  -0.000 |   -6.048  -6.572   2.811
 312B   0.00000048 0.11  0.164 -1265.857164  156.0   5.172   5.023 |    0.000   0.000   0.000   0.000 |   -6.048  -6.572   1.931
 313B   0.00000056 0.10  0.164 -1265.857163  156.0   5.172   5.023 |    0.000   0.000   0.000  -0.000 |   -6.048  -6.572   2.261
 314B   0.00000055 0.11  0.164 -1265.857163  156.0   5.172   5.023 |    0.000  -0.000   0.000  -0.000 |   -6.048  -6.572   1.336
 315B   0.00000074 0.10  0.164 -1265.857163  156.0   5.172   5.023 |    0.000   0.000   0.000   0.000 |   -6.048  -6.572   1.717
 316B   0.00000063 0.11  0.164 -1265.857163  156.0   5.172   5.023 |    0.000   0.000   0.000   0.000 |   -6.048  -6.572   2.183
 317B   0.00000043 0.13  0.164 -1265.857164  156.0   5.172   5.023 |    0.000   0.000   0.000  -0.000 |   -6.048  -6.572   2.076
 318B   0.00000032 0.14  0.164 -1265.857163  156.0   5.172   5.023 |    0.000   0.000   0.000   0.000 |   -6.048  -6.572   2.499
 319B   0.00000031 0.16  0.164 -1265.857164  156.0   5.172   5.023 |    0.000   0.000   0.000   0.000 |   -6.048  -6.572   2.103
 320B   0.00000021 0.18  0.164 -1265.857164  156.0   5.172   5.023 |    0.000   0.000   0.000  -0.000 |   -6.048  -6.572   2.533
 321B   0.00000027 0.10  0.164 -1265.857164  156.0   5.172   5.023 |    0.000   0.000   0.000   0.000 |   -6.048  -6.572   1.561
 322B   0.00000032 0.10  0.164 -1265.857163  156.0   5.172   5.023 |    0.000  -0.000   0.000   0.000 |   -6.048  -6.572   2.984
 323B   0.00000019 0.11  0.164 -1265.857164  156.0   5.172   5.023 |    0.000   0.000   0.000   0.000 |   -6.048  -6.572   1.354
 324B   0.00000039 0.10  0.164 -1265.857164  156.0   5.172   5.023 |    0.000   0.000   0.000   0.000 |   -6.048  -6.572   2.533
 325B   0.00000050 0.10  0.164 -1265.857164  156.0   5.172   5.023 |    0.000  -0.000   0.000  -0.000 |   -6.048  -6.572   3.472
 326B   0.00000029 0.11  0.164 -1265.857164  156.0   5.172   5.023 |    0.000   0.000   0.000  -0.000 |   -6.048  -6.572   1.978
 327B   0.00000028 0.13  0.164 -1265.857164  156.0   5.172   5.023 |    0.000   0.000   0.000   0.000 |   -6.048  -6.572   1.846
 328B   0.00000023 0.14  0.164 -1265.857164  156.0   5.172   5.023 |    0.000  -0.000   0.000   0.000 |   -6.048  -6.572   1.570
 329B   0.00000032 0.10  0.164 -1265.857164  156.0   5.172   5.023 |    0.000   0.000   0.000   0.000 |   -6.048  -6.572   2.026
 330B   0.00000020 0.11  0.164 -1265.857164  156.0   5.172   5.023 |    0.000   0.000   0.000   0.000 |   -6.048  -6.572   2.096
 331B   0.00000039 0.10  0.164 -1265.857164  156.0   5.172   5.023 |    0.000  -0.000   0.000  -0.000 |   -6.048  -6.572   1.843
 332B   0.00000027 0.11  0.164 -1265.857164  156.0   5.172   5.023 |    0.000  -0.000   0.000   0.000 |   -6.048  -6.572   1.793
 333B   0.00000032 0.10  0.164 -1265.857164  156.0   5.172   5.023 |    0.000  -0.000   0.000  -0.000 |   -6.048  -6.572   1.825
 334B   0.00000039 0.10  0.164 -1265.857164  156.0   5.172   5.023 |    0.000  -0.000   0.000  -0.000 |   -6.048  -6.572   1.273
 335B   0.00000017 0.11  0.164 -1265.857164  156.0   5.172   5.023 |    0.000  -0.000   0.000   0.000 |   -6.048  -6.572   1.513
 336B   0.00000018 0.10  0.164 -1265.857164  156.0   5.172   5.023 |    0.000  -0.000   0.000  -0.000 |   -6.048  -6.572   1.418
 337B   0.00000017 0.11  0.164 -1265.857164  156.0   5.172   5.023 |    0.000   0.000   0.000  -0.000 |   -6.048  -6.572   2.075
 338B   0.00000020 0.10  0.164 -1265.857164  156.0   5.172   5.023 |    0.000  -0.000   0.000  -0.000 |   -6.048  -6.572   1.474
 339B   0.00000017 0.11  0.164 -1265.857164  156.0   5.172   5.023 |    0.000  -0.000   0.000   0.000 |   -6.048  -6.572   1.880
 340B   0.00000018 0.10  0.164 -1265.857164  156.0   5.172   5.023 |    0.000  -0.000   0.000   0.000 |   -6.048  -6.572   1.611
 341B   0.00000012 0.11  0.164 -1265.857164  156.0   5.172   5.023 |    0.000  -0.000   0.000  -0.000 |   -6.048  -6.572   2.285
 342B   0.00000043 0.10  0.164 -1265.857164  156.0   5.172   5.023 |    0.000  -0.000   0.000   0.000 |   -6.048  -6.572   2.397
 343B   0.00000011 0.11  0.164 -1265.857164  156.0   5.172   5.023 |    0.000  -0.000   0.000  -0.000 |   -6.048  -6.572   1.742
 344B   0.00000009 0.13  0.164 -1265.857164  156.0   5.172   5.023 |    0.000  -0.000   0.000  -0.000 |   -6.048  -6.572   2.339
 345B   0.00000008 0.14  0.164 -1265.857164  156.0   5.172   5.023 |    0.000  -0.000   0.000  -0.000 |   -6.048  -6.572   1.760
 346B   0.00000007 0.16  0.164 -1265.857164  156.0   5.172   5.023 |    0.000   0.000   0.000  -0.000 |   -6.048  -6.572   1.413
 347B   0.00000007 0.18  0.164 -1265.857164  156.0   5.172   5.023 |    0.000   0.000   0.000   0.000 |   -6.048  -6.572   1.758
 348B   0.00000006 0.21  0.164 -1265.857164  156.0   5.172   5.023 |    0.000  -0.000   0.000   0.000 |   -6.048  -6.572   2.865
 349B   0.00000006 0.24  0.164 -1265.857164  156.0   5.172   5.023 |    0.000  -0.000   0.000  -0.000 |   -6.048  -6.572   4.756
 350B   0.00000006 0.27  0.164 -1265.857164  156.0   5.172   5.023 |    0.000  -0.000   0.000  -0.000 |   -6.048  -6.572   3.243
 351B   0.00000008 0.10  0.164 -1265.857164  156.0   5.172   5.023 |    0.000  -0.000   0.000   0.000 |   -6.048  -6.572   2.839
 352B   0.00000006 0.11  0.164 -1265.857164  156.0   5.172   5.023 |    0.000   0.000   0.000  -0.000 |   -6.048  -6.572   1.966
 353B   0.00000013 0.10  0.164 -1265.857164  156.0   5.172   5.023 |    0.000   0.000   0.000   0.000 |   -6.048  -6.572   2.040
 354B   0.00000007 0.11  0.164 -1265.857164  156.0   5.172   5.023 |    0.000  -0.000   0.000   0.000 |   -6.048  -6.572   2.405
 355B   0.00000011 0.10  0.164 -1265.857164  156.0   5.172   5.023 |    0.000  -0.000   0.000  -0.000 |   -6.048  -6.572   2.823
 356B   0.00000005 0.11  0.164 -1265.857164  156.0   5.172   5.023 |    0.000   0.000   0.000  -0.000 |   -6.048  -6.572   1.630
 357B   0.00000005 0.13  0.164 -1265.857164  156.0   5.172   5.023 |    0.000  -0.000   0.000  -0.000 |   -6.048  -6.572   1.506
 358B   0.00000006 0.10  0.164 -1265.857164  156.0   5.172   5.023 |    0.000   0.000   0.000  -0.000 |   -6.048  -6.572   1.702
 359B   0.00000005 0.11  0.164 -1265.857164  156.0   5.172   5.023 |    0.000  -0.000   0.000  -0.000 |   -6.048  -6.572   3.623
 360B   0.00000006 0.10  0.164 -1265.857164  156.0   5.172   5.023 |    0.000  -0.000   0.000  -0.000 |   -6.048  -6.572   4.432
 361B   0.00000006 0.10  0.164 -1265.857164  156.0   5.172   5.023 |    0.000  -0.000   0.000  -0.000 |   -6.048  -6.572   2.688
 362B   0.00000004 0.11  0.164 -1265.857164  156.0   5.172   5.023 |    0.000   0.000   0.000  -0.000 |   -6.048  -6.572   3.120
 363B   0.00000005 0.10  0.164 -1265.857164  156.0   5.172   5.023 |    0.000   0.000   0.000  -0.000 |   -6.048  -6.572   2.929
 364B   0.00000003 0.11  0.164 -1265.857164  156.0   5.172   5.023 |    0.000  -0.000   0.000  -0.000 |   -6.048  -6.572   2.025
 365B   0.00000003 0.10  0.164 -1265.857164  156.0   5.172   5.023 |    0.000  -0.000   0.000  -0.000 |   -6.048  -6.572   3.368
 366B   0.00000002 0.11  0.164 -1265.857164  156.0   5.172   5.023 |    0.000   0.000   0.000  -0.000 |   -6.048  -6.572   1.679
 367B   0.00000003 0.10  0.164 -1265.857164  156.0   5.172   5.023 |    0.000  -0.000   0.000  -0.000 |   -6.048  -6.572   2.542
 368B   0.00000003 0.10  0.164 -1265.857164  156.0   5.172   5.023 |    0.000  -0.000   0.000  -0.000 |   -6.048  -6.572   3.761
 369B   0.00000004 0.10  0.164 -1265.857164  156.0   5.172   5.023 |    0.000  -0.000   0.000   0.000 |   -6.048  -6.572   1.924
 370B   0.00000003 0.11  0.164 -1265.857164  156.0   5.172   5.023 |    0.000  -0.000   0.000  -0.000 |   -6.048  -6.572   2.386
 371B   0.00000004 0.10  0.164 -1265.857164  156.0   5.172   5.023 |    0.000  -0.000   0.000  -0.000 |   -6.048  -6.572   2.407
 372B   0.00000002 0.11  0.164 -1265.857164  156.0   5.172   5.023 |    0.000  -0.000   0.000  -0.000 |   -6.048  -6.572   2.362
 373B   0.00000003 0.10  0.164 -1265.857164  156.0   5.172   5.023 |    0.000  -0.000   0.000   0.000 |   -6.048  -6.572   2.042
 374B   0.00000002 0.11  0.164 -1265.857164  156.0   5.172   5.023 |    0.000  -0.000   0.000   0.000 |   -6.048  -6.572   2.398
 375B   0.00000005 0.10  0.164 -1265.857164  156.0   5.172   5.023 |    0.000  -0.000   0.000  -0.000 |   -6.048  -6.572   2.020
 376B   0.00000005 0.11  0.164 -1265.857164  156.0   5.172   5.023 |    0.000   0.000   0.000   0.000 |   -6.048  -6.572   1.782
 377B   0.00000003 0.13  0.164 -1265.857164  156.0   5.172   5.023 |    0.000  -0.000   0.000   0.000 |   -6.048  -6.572   2.525
 378B   0.00000005 0.10  0.164 -1265.857164  156.0   5.172   5.023 |    0.000  -0.000   0.000   0.000 |   -6.048  -6.572   3.721
 379B   0.00000003 0.11  0.164 -1265.857164  156.0   5.172   5.023 |    0.000   0.000   0.000   0.000 |   -6.048  -6.572   2.821
 380B   0.00000003 0.10  0.164 -1265.857164  156.0   5.172   5.023 |    0.000   0.000   0.000   0.000 |   -6.048  -6.572   3.387
 381B   0.00000003 0.11  0.164 -1265.857164  156.0   5.172   5.023 |    0.000   0.000   0.000   0.000 |   -6.048  -6.572   2.592
 382B   0.00000005 0.10  0.164 -1265.857164  156.0   5.172   5.023 |    0.000   0.000   0.000  -0.000 |   -6.048  -6.572   3.816
 383B   0.00000003 0.11  0.164 -1265.857164  156.0   5.172   5.023 |    0.000   0.000   0.000   0.000 |   -6.048  -6.572   2.103
 384B   0.00000005 0.10  0.164 -1265.857164  156.0   5.172   5.023 |    0.000  -0.000   0.000   0.000 |   -6.048  -6.572   2.025
 385B   0.00000001 0.11  0.164 -1265.857164  156.0   5.172   5.023 |    0.000   0.000   0.000   0.000 |   -6.048  -6.572   1.932
 386B   0.00000001 0.13  0.164 -1265.857164  156.0   5.172   5.023 |    0.000   0.000   0.000  -0.000 |   -6.048  -6.572   1.999
 387B   0.00000001 0.10  0.164 -1265.857164  156.0   5.172   5.023 |    0.000   0.000   0.000   0.000 |   -6.048  -6.572   1.536
 388B   0.00000001 0.10  0.164 -1265.857164  156.0   5.172   5.023 |    0.000   0.000   0.000  -0.000 |   -6.048  -6.572   2.118
 389B   0.00000001 0.10  0.164 -1265.857164  156.0   5.172   5.023 |    0.000  -0.000   0.000   0.000 |   -6.048  -6.572   2.158
 390B   0.00000001 0.10  0.164 -1265.857164  156.0   5.172   5.023 |    0.000  -0.000   0.000  -0.000 |   -6.048  -6.572   2.043
 391B   0.00000003 0.10  0.164 -1265.857164  156.0   5.172   5.023 |    0.000  -0.000   0.000  -0.000 |   -6.048  -6.572   2.034
 392B   0.00000002 0.11  0.164 -1265.857164  156.0   5.172   5.023 |    0.000  -0.000   0.000  -0.000 |   -6.048  -6.572   1.769
 393B   0.00000002 0.13  0.164 -1265.857164  156.0   5.172   5.023 |    0.000   0.000   0.000  -0.000 |   -6.048  -6.572   2.448
 394B   0.00000002 0.10  0.164 -1265.857164  156.0   5.172   5.023 |    0.000   0.000   0.000   0.000 |   -6.048  -6.572   1.508
 395B   0.00000002 0.11  0.164 -1265.857164  156.0   5.172   5.023 |    0.000   0.000   0.000  -0.000 |   -6.048  -6.572   1.729
 396B   0.00000001 0.13  0.164 -1265.857164  156.0   5.172   5.023 |    0.000  -0.000   0.000  -0.000 |   -6.048  -6.572   2.608
 397B   0.00000002 0.10  0.164 -1265.857164  156.0   5.172   5.023 |    0.000   0.000   0.000  -0.000 |   -6.048  -6.572   2.257
 398B   0.00000003 0.10  0.164 -1265.857164  156.0   5.172   5.023 |    0.000  -0.000   0.000  -0.000 |   -6.048  -6.572   2.434
 399B   0.00000003 0.10  0.164 -1265.857164  156.0   5.172   5.023 |    0.000  -0.000   0.000  -0.000 |   -6.048  -6.572   1.691
 400B   0.00000002 0.11  0.164 -1265.857164  156.0   5.172   5.023 |    0.000  -0.000   0.000  -0.000 |   -6.048  -6.572   2.709
 401B   0.00000007 0.10  0.164 -1265.857164  156.0   5.172   5.023 |    0.000  -0.000   0.000  -0.000 |   -6.048  -6.572   0.000
  ----------------------------------------------------------------------------------------------------------------------------------
  *   iterations limit interrupt after 401 steps   si=     0.0000000699 ho= -1 tho=  0
  ----------------------------------------------------------------------------------------------------------------------------------
  Total CPU time=  14.070 minutes

  Writing to wel_file: s092_064.hel
 __________________________________  
  The tape s092_064.hel recorded:     
  nucname,npr,ngh,ngl,n00,nb,nt      
  b0,beta0,si,etot,rms,bet,xmix      
  pairing:     CpV0,CpV1,pwi         
  delta:       del,ept               
  lambda:      ala,ala2,alast,tz     
  asymptotic:  varmas,ass,skass      
  ntx,nb,nhhdim,id,N_rz,n_r,n_z      
  Omega2,Sigma2,Parity,Lambda        
  matrices(inbro):    hh,de          
  *all blocking candidates           
 __________________________________  


  NB! From expect (UNPROJECTED RESULTS)

  pairing: CpV0,CpV1,...           0.100000       0.100000       1.000000       1.000000
  forces:   UNE1                          


                             neutrons         protons         total
  Requested part.numbs.      92.000000      64.000000     156.000000
  UnPj(av) part.numbs .      92.000000      64.000000     156.000000
  b0, bz, bp ..........       2.130153       2.136882       2.126796

  lambda (ala) ........      -6.047725      -6.572066
  Lambda (alast) ......      -6.047725      -6.572066
  delta(n,p), pwi .....      -0.000000      -0.000000      60.000000
  pairing energy ......       0.000000       0.000000       0.000000

  rms-radius ..........       5.172192       5.023433       5.111687
  charge-radius, r0 ...                      5.086736       6.459855
  deformation beta2....       0.158598       0.172384       0.164060
  dipole moment[fm] ...       0.000000       0.000000       0.000000
  quadrupole moment[b]        4.924305       3.512267       8.436572
  octupole moment .....       0.000000       0.000000       0.000000
  hexadecapole moment .      -0.005057      -0.009933      -0.014990
  q5 ..................       0.000000       0.000000       0.000000
  q6 ..................      -0.013986      -0.001027      -0.015012
  q7 ..................       0.000000       0.000000       0.000000
  q8 ..................       0.000761       0.001389       0.002150

  <r^0> [fm^0] ........            1.000000            1.000000            1.000000
  <r^2> [fm^2] ........           26.751572           25.234882           26.129340
  <r^4> [fm^4] ........          935.854636          816.181677          886.758037
  <r^6> [fm^6] ........        38849.484410        30839.543735        35563.354902
  <r^8> [fm^8] ........      1837566.307220      1309214.185090      1620806.462244

  kinetic energy ......    1794.047044    1063.162320    2857.209364
  volume energy .......                                 -4768.950431
        rho_tau .......                                  -137.973276
        rho_rho .......                                 -4630.977155
  surface energy ......                                   160.972699
   rho_DELTA_rho ......                                   160.972699
   (NABLA_rho)^2 ......                                     0.000000
  spin-orbit energy ...                                   -40.788500
        rho_NABLA_J ...                                   -40.788500
        NABLA_rho_J ...                                     0.000000
  coulomb energy ......                                   525.699704
          direct ......                                   550.186208
          exchange ....                                   -24.486504
  tensor energy .......                                     0.000000
  direct Hartree E  ...                                     0.000000
  Extra E .............                                     0.000000
  External field E ....                                     0.000000
  Entropy .............       0.090343       6.027913       6.118256

  tEnergy: ehfb (qp)...                                 -1265.857164

  Calculated but not added corrections 
====================================
  cmc-diagonal part ...       0.000000       0.000000       0.000000
  cmc-hfb .............       0.000000       0.000000       0.000000
  cranking rot corr ...       0.000000       0.000000       0.000000

  SQUJ ................       0.000000       0.000000       0.000000
  CRAN x 4 ............       0.000000       0.000000       0.000000
  Rigit Body ..........       0.000000       0.000000       0.000000


   Blocking candidates are:
   neutron eqpmin=  0.30790401019310565       pwiblo=   2.0016019225635890     
    num=   1 block=   6 state=   1   147 Eqp=   0.30790401  (1-2N)E=  -0.30790401  Ovlp=   0.58381890  5-[ 5, 1, 2]
    num=   2 block=   2 state=   1    37 Eqp=   0.29163145  (1-2N)E=   0.29163145  Ovlp=   0.52815266  1-[ 5, 3, 0]
    num=   3 block=   4 state=   1    97 Eqp=   0.34446006  (1-2N)E=  -0.34446006  Ovlp=   0.77237468  3-[ 5, 3, 2]
    num=   4 block=   6 state=   2   148 Eqp=   0.43107481  (1-2N)E=   0.43107481  Ovlp=   0.71459020  5-[ 5, 2, 3]
    num=   5 block=   1 state=   1     1 Eqp=   0.52699105  (1-2N)E=   0.52699105  Ovlp=   0.57162527  1+[ 6, 4, 0]
    num=   6 block=   3 state=   1    67 Eqp=   0.68511933  (1-2N)E=   0.68511933  Ovlp=   0.54384536  3+[ 6, 3, 1]
    num=   7 block=   2 state=   2    38 Eqp=   0.91589249  (1-2N)E=  -0.91589249  Ovlp=   0.73684844  1-[ 5, 4, 1]
    num=   8 block=   5 state=   1   122 Eqp=   0.97565785  (1-2N)E=   0.97565785  Ovlp=   0.71257271  5+[ 6, 4, 2]
    num=   9 block=   8 state=   1   187 Eqp=   1.00675688  (1-2N)E=   1.00675688  Ovlp=   0.71027535  7-[ 5, 1, 4]
    num=  10 block=   4 state=   2    98 Eqp=   1.12268774  (1-2N)E=  -1.12268774  Ovlp=   0.61953064  3-[ 5, 4, 1]
    num=  11 block=   7 state=   1   167 Eqp=   1.37499717  (1-2N)E=   1.37499717  Ovlp=   0.83621825  7+[ 6, 3, 3]
    num=  12 block=   2 state=   3    39 Eqp=   1.49711621  (1-2N)E=   1.49711621  Ovlp=   0.70112938  1-[ 5, 1, 0]
    num=  13 block=   2 state=   4    40 Eqp=   1.57763430  (1-2N)E=  -1.57763430  Ovlp=   0.65988152  1-[ 5, 5, 0]
    num=  14 block=   8 state=   2   188 Eqp=   1.65523417  (1-2N)E=   1.65523417  Ovlp=   0.75807808  7-[ 5, 0, 3]
    num=  15 block=   4 state=   3    99 Eqp=   1.88373758  (1-2N)E=   1.88373758  Ovlp=   0.73412511  3-[ 5, 1, 2]
    num=  16 block=   9 state=   1   203 Eqp=   1.90977536  (1-2N)E=   1.90977536  Ovlp=   0.92418094  9+[ 6, 2, 4]

   Blocking candidates are:
   proton  eqpmin=   1.4005617940905730E-002  pwiblo=   2.0016019225635890     
    num=   1 block=   1 state=   1     1 Eqp=   0.01400562  (1-2N)E=  -0.01400562  Ovlp=   0.79193305  1+[ 4, 1, 1]
    num=   2 block=   2 state=   1    37 Eqp=   0.02731388  (1-2N)E=  -0.02731388  Ovlp=   0.56239009  1-[ 5, 3, 0]
    num=   3 block=   7 state=   1   167 Eqp=   0.02982442  (1-2N)E=   0.02982442  Ovlp=   0.96406819  7+[ 4, 0, 4]
    num=   4 block=   4 state=   1    97 Eqp=   0.04066335  (1-2N)E=   0.04066335  Ovlp=   0.60529701  3-[ 5, 4, 1]
    num=   5 block=   5 state=   1   122 Eqp=   0.09379508  (1-2N)E=   0.09379508  Ovlp=   0.90278204  5+[ 4, 0, 2]
    num=   6 block=   6 state=   1   147 Eqp=   0.31184443  (1-2N)E=   0.31184443  Ovlp=   0.78442315  5-[ 5, 3, 2]
    num=   7 block=   8 state=   1   187 Eqp=   0.93523820  (1-2N)E=   0.93523820  Ovlp=   0.89537510  7-[ 5, 2, 3]
    num=   8 block=   3 state=   1    67 Eqp=   1.04558324  (1-2N)E=  -1.04558324  Ovlp=   0.81236827  3+[ 4, 1, 1]
    num=   9 block=   5 state=   2   123 Eqp=   1.50554907  (1-2N)E=  -1.50554907  Ovlp=   0.89627369  5+[ 4, 1, 3]
    num=  10 block=   1 state=   2     2 Eqp=   1.52290237  (1-2N)E=   1.52290237  Ovlp=   0.89012053  1+[ 4, 0, 0]
    num=  11 block=   3 state=   2    68 Eqp=   1.58857125  (1-2N)E=   1.58857125  Ovlp=   0.91093694  3+[ 4, 0, 2]
    num=  12 block=  10 state=   1   219 Eqp=   1.83852011  (1-2N)E=   1.83852011  Ovlp=   0.96167266  9-[ 5, 1, 4]



 HFBTHO_SOLVER ended without errors

