No Skyrme interaction defined in routine skforce()
Multi-threading framework with OpenMP: 1 threads/task

  =======================================
           FORTRAN 95 CODE (KIND= 8) 
               Version: 200d  
  =======================================
       AXIALLY DEFORMED CONFIGURATIONAL  
     HARTREE-FOCK-BOGOLIUBOV CALCULATIONS
                     WITH                
            UNEDF AND DELTA PAIRING      
                     USING               
             HARMONIC-OSCILLATOR         
                   AND/OR                
       TRANSFORMED HARMONIC-OSCILLATOR   
                    BASIS                
                     ---                 
               v1.66  (2005):,           
   Stoitsov,Dobaczewski,Nazarewicz,Ring, 
               v2.00d (2012):,           
         Stoitsov,Schunck,Kortelainen    
  =======================================
    Nucleus: GD (A= 156, N= 92, Z= 64)
       Reflection Symmetry Imposed       
            ( 7/15/2023,  3:40)                               
  =======================================


  ---------------------------------------
           UNEDF Module Version:17
         M.Kortelainen & M.Stoitsov 
  ---------------------------------------

  UNE1 functional
  ----------------------------------
  Crho(0)=   -766.111160248963529    ; Crho(1)=    192.708910571141303    
  CDrho(0)=   897.538351826749363    ; CDrho(1)=  -18.0486520682628857    
  Ctau(0)=   -6.87683823198814093    ; Ctau(1)=   -39.4557993901360717    
  CrDr(0)=   -43.5289018872967688    ; CrDr(1)=   -156.675283420624822    
  CrdJ(0)=   -72.5357152092157662    ; CrdJ(1)=   -32.7257820926633727    
  CJ(0)=      0.00000000000000000    ; CJ(1)=      0.00000000000000000    
  CpV0(0)=   0.100000000000000006    ; CpV0(1)=   0.100000000000000006    
  CpV1(0)=    1.00000000000000000    ; CpV1(1)=    1.00000000000000000    
  sigma=     0.280775984752240193    ; hbzero=     20.7355300000000007    
  e^2 chrg=   1.43997840859651305    ; CExPar=     1.00000000000000000    
  c.m. correction: F, chr. density in direct Coul: F
  use tensor terms: F
  use TMR pairing:  0

  Coupling constants in natural units
  -----------------------------------
  Crho_nu(0)=  -0.862733039584752337    ; Crho_nu(1)=   0.217013343230868128    
  CDrho_nu(0)=  0.945428379241633365    ; CDrho_nu(1)= -0.190116754762226815E-01
  Ctau_nu(0)=  -0.974799637849260020E-01; Ctau_nu(1)=  -0.559290442192621029    
  CrDr_nu(0)=  -0.617027133172005637    ; CrDr_nu(1)=   -2.22088995532763667    
  CrdJ_nu(0)=   -1.02820200987392574    ; CrdJ_nu(1)=  -0.463891681846923920    
  CJ_nu(0)=      0.00000000000000000    ; CJ_nu(1)=      0.00000000000000000    
  CpV0_nu(0)=   0.112611992142809880E-03; CpV0_nu(1)=   0.112611992142809880E-03
  CpV1_nu(0)=   0.887702254206059068E-03; CpV1_nu(1)=   0.887702254206059068E-03
  fpi_nu=        93.0000000000000000    ; Lambda_nu=     700.000000000000000    

  Nuclear matter properties
  ----------------------------------
      E_NM=     -15.8000000000000291      K_NM=     220.0000000000002558
      P_NM=      -0.0000000000000002    RHO_NM=       0.1590147465415674
    ASS_NM=      29.4145365167180159   LASS_NM=      51.0737552752164206
  SMASS_NM=       0.9472635284235824  VMASS_NM=       1.2498385742322700

  Associated (t,x)-coupling constants
  -----------------------------------
  t0=      -2042.96309399723600    ; x0=      -0.122687436425316043    
  t1=       222.985025756265259    ; x1=       -5.76712798135830251    
  t2=       1727.18792194755133    ; x2=       -1.36275329092479924    
  t3=       14360.6136292279898    ; x3=      -0.469836410837160323    
  b4=       39.8099331165523935    ; b4p=       65.4515641853267454    
  te=      -514.391710233373487    ; to=       -213.551130995116353    
  sigma=   0.280775984752240193    ; hbzero=    20.7355300000000007    

  ---------------------------------------
        Characteristics of the run       
  ---------------------------------------
  Output file ................:     7
  Nucleus ....................:   GD 156
  Number of HO shells ........:    10
  HO length b0 (fm) ..........:     2.13015292605643
  Basis deformation ..........:  beta0=   0.010 q=   1.010
  HO: b0,1/b0,bp,bz,q ........:   0.21301529E+01  0.46944986E+00  0.21267964E+01  0.21368819E+01  0.10095067E+01
  h**2/(2m), cmc, e**2 .......:   0.20735530E+02  0.20735530E+02  0.14399784E+01
  hom=f*41.0_pr*A^{-1/3}, f...:   0.91395238E+01  0.12000000E+01
  THO basis is ...............:  OFF
  Maximal number of iterations:   400
  Initial mixing parameter ...:  0.300
  Initial w.f. ...............:  from   spherical scratch
  Skyrme functional ..........:    UNE1                          
    with direct and exchange Coulomb
  Lipkin-Nogami procedure is .:  OFF
  PAV procedure is ...........:  OFF
  Constraint calculation is ..:   ON
    Constraint 1 .............: lambda=2 Ql=  -4.821
  Temperature T ..............:   0.05 MeV
  Restart indicator ..........:   1
  Broyden mixing (#iterations):   7

  ---------------------------------------
        Harmonic Oscillator Basis        
  ---------------------------------------
  NUV, NQP:                        6222     286
  Comparison with bookkeeping spherical basis:
  n00:                               10      10  Maximal number of shells
  nbx, 2*n00+1:                      21      21  Maximal number of K-blocks
  ntx, (n00+1)*(n00+2)*(n00+3)/6    286     286  Max.num. p/n levels
  nzx, n00:                          10      10  Maximal nz-quantum number
  nrx, n00/2  :                       5       5  Maximal nr-quantum number
  nlx, n00:                          10      10  Maximal ml-quantum number
  ndx, (n00+2)*(n00+2)/4:            36      36  Maximal dim. of one k-block

  Actual basis used
  Number of blocks: nb .......:   21
  Number of levels: nt .......:  286
  Maximal 2*omega : nom ......:   21
  Maximal nz:       nzm ......:   10
  Maximal nr:       nrm ......:    5
  Maximal ml:       nlm ......:   10
  Maximal N=nz+2*nr+nl .......:   10
  2 x biggest block dim. .....:   72
  Non-zero elements of h .....:     3254
  Number of Broyden elements .:    13016

  ---------------------------------------
            Integration Meshes           
  ---------------------------------------
  Number of Gauss-Hermite mesh points ngh ....:  40
  Number of Gauss-Laguerre mesh points ngl ...:  40
  Number of Gauss-Legendre mesh points nleg ..:  80
  Integration boundaries
    Hermite  - from xh(1)  =  0.12379686 to xh(ngh)   = 11.88786356
    Laguerre - From xl(1)  =  0.03570039 to xl(ngl)   =142.28004447
    Legendre - From xleg(1)=  0.00978669 to xleg(nleg)=  0.99988775
  Max.dev.in:     Orthogonality            Normalization
  Hermite     1.5248282503475657E-015   1.0991207943789050E-014
  Laguerre    4.8291451697098846E-015   9.3258734068513149E-015

  Scratch initialization for the nucleus: GD  92  64


  Initial potentials of Saxon-Woods shape 
  v0ws   =  -71.27999878
  kappa  =    0.46160001
  vs0    =   11.11750031   11.11750031
  r0     =    1.23339999    1.23339999
  a      =    0.61500001    0.61500001
  r0-so  =    1.14429998    1.14429998
  a-so   =    0.64760000    0.64760000
  beta00 =    0.01000000

  ### REGULAR STAGE (reflection symmetry imposed)
  |HFB+HO> iterations(b0=  2.130, Nsh= 10, inin=  1, N= 92, Z= 64)...
  ----------------------------------------------------------------------------------------------------------------------------------
  i          si     mix   beta      Etot       A       rn      rp         En      Dn      Ep      Dp        Ln      Lp     time
  ----------------------------------------------------------------------------------------------------------------------------------
   1L  69.94764065 0.30  0.010     0.000000    0.0   0.000   0.000 |   -2.000   1.000  -2.000   1.000 |   -7.000  -7.000   0.000
   2B  36.11817710 0.10  0.020 -1014.454548  156.0   4.803   4.551 |    0.001  -0.000   0.000  -0.000 |  -14.218 -26.849  25.497
   3B  28.75202415 0.11 -0.066  -873.187702  156.0   4.954   4.922 |    0.000  -0.000   0.000  -0.000 |   -5.628 -12.442   2.145
   4B  50.44935620 0.10 -0.075   153.356349  156.0   5.078   4.641 |    0.000  -0.000   0.000  -0.000 |   -6.715  -6.534   3.793
   5B  20.94541113 0.11 -0.125 -1120.867883  156.0   5.126   4.919 |    0.000  -0.000   0.000  -0.000 |   -5.013  -6.579   2.497
   6B   5.85632980 0.13 -0.134 -1236.812179  156.0   5.128   4.984 |    0.000  -0.000   0.000  -0.000 |   -5.342  -6.572   1.541
   7B   6.02073754 0.10 -0.151 -1250.303990  156.0   5.148   4.980 |    0.000  -0.000   0.000  -0.000 |   -5.270  -6.937   1.528
   8B   4.75637143 0.11 -0.162 -1259.009635  156.0   5.157   4.999 |    0.000  -0.000   0.000  -0.000 |   -5.733  -6.893   1.565
   9B   3.16526060 0.13 -0.173 -1262.922179  156.0   5.164   5.009 |    0.000  -0.000   0.000  -0.000 |   -6.090  -7.215   1.576
  10B   2.97740228 0.14 -0.170 -1265.884214  156.0   5.163   5.011 |    0.000  -0.000   0.000  -0.000 |   -6.041  -7.178   1.669
  11B   2.17869025 0.16 -0.163 -1265.670494  156.0   5.162   5.005 |    0.000  -0.000   0.000  -0.000 |   -6.026  -7.175   2.501
  12B   2.15345788 0.18 -0.151 -1261.554362  156.0   5.153   5.013 |    0.000  -0.000   0.000  -0.000 |   -5.871  -7.078   2.516
  13B   2.50010023 0.10 -0.136 -1261.907390  156.0   5.160   4.988 |    0.000  -0.000   0.000  -0.000 |   -5.782  -6.958   2.241
  14B   1.66004501 0.11 -0.117 -1264.122517  156.0   5.151   4.989 |    0.000  -0.000   0.000  -0.000 |   -5.706  -6.851   2.129
  15B   1.36866202 0.13 -0.108 -1263.688135  156.0   5.149   4.990 |    0.000  -0.000   0.000  -0.000 |   -5.653  -6.788   1.867
  16B   2.45384278 0.10 -0.105 -1261.606648  156.0   5.148   4.990 |    0.000  -0.000   0.000  -0.000 |   -5.606  -6.827   2.242
  17B   1.94105672 0.11 -0.095 -1263.810890  156.0   5.148   4.990 |    0.000  -0.000   0.000  -0.000 |   -5.636  -6.785   2.079
  18B   1.17889036 0.13 -0.088 -1263.593078  156.0   5.148   4.990 |    0.000  -0.000   0.000  -0.000 |   -5.632  -6.754   1.491
  19B   1.07810844 0.14 -0.078 -1263.588623  156.0   5.149   4.991 |    0.000  -0.000   0.000  -0.000 |   -5.704  -6.790   1.801
  20B   1.55090726 0.10 -0.068 -1262.034130  156.0   5.148   4.994 |    0.000   0.000   0.000   0.000 |   -5.744  -6.881   2.335
  21B   0.72313705 0.11 -0.076 -1263.871934  156.0   5.148   4.993 |    0.000  -0.000   0.000  -0.000 |   -5.741  -6.820   2.050
  22B   0.58591298 0.13 -0.080 -1264.037862  156.0   5.148   4.994 |    0.000  -0.000   0.000  -0.000 |   -5.747  -6.836   1.768
  23B   0.56757507 0.14 -0.080 -1264.052806  156.0   5.149   4.994 |    0.000  -0.000   0.000  -0.000 |   -5.754  -6.836   1.542
  24B   0.56154120 0.16 -0.080 -1264.102997  156.0   5.150   4.994 |    0.000  -0.000   0.000  -0.000 |   -5.751  -6.828   1.589
  25B   0.47330271 0.18 -0.083 -1264.114691  156.0   5.150   4.994 |    0.000  -0.000   0.000  -0.000 |   -5.756  -6.851   2.435
  26B   0.52488667 0.10 -0.081 -1264.109912  156.0   5.150   4.994 |    0.000  -0.000   0.000  -0.000 |   -5.773  -6.859   1.556
  27B   0.52340891 0.11 -0.090 -1264.345948  156.0   5.152   4.996 |    0.000   0.000   0.000   0.000 |   -5.793  -6.916   1.679
  28B   0.27536126 0.13 -0.092 -1264.493760  156.0   5.153   4.997 |    0.000  -0.000   0.000  -0.000 |   -5.815  -6.930   1.737
  29B   0.58031346 0.10 -0.093 -1264.339572  156.0   5.153   4.997 |    0.000  -0.000   0.000  -0.000 |   -5.807  -6.936   1.892
  30B   0.38996811 0.11 -0.093 -1264.430657  156.0   5.153   4.997 |    0.000  -0.000   0.000  -0.000 |   -5.804  -6.947   2.438
  31B   0.30849946 0.13 -0.099 -1264.680313  156.0   5.155   4.999 |    0.000   0.000   0.000   0.000 |   -5.840  -6.980   1.941
  32B   0.51537687 0.10 -0.097 -1264.575872  156.0   5.154   4.998 |    0.000  -0.000   0.000  -0.000 |   -5.820  -6.958   1.642
  33B   0.33502043 0.11 -0.098 -1264.639733  156.0   5.155   4.999 |    0.000  -0.000   0.000  -0.000 |   -5.830  -6.951   1.583
  34B   0.15616031 0.13 -0.098 -1264.710212  156.0   5.155   4.999 |    0.000  -0.000   0.000  -0.000 |   -5.831  -6.964   1.612
  35B   0.15940907 0.10 -0.098 -1264.717758  156.0   5.155   4.999 |    0.000  -0.000   0.000  -0.000 |   -5.833  -6.967   1.441
  36B   0.10242541 0.11 -0.097 -1264.678370  156.0   5.154   4.998 |    0.000  -0.000   0.000  -0.000 |   -5.825  -6.958   1.393
  37B   0.14555632 0.10 -0.097 -1264.678111  156.0   5.154   4.998 |    0.000  -0.000   0.000  -0.000 |   -5.829  -6.951   1.422
  38B   0.20678457 0.10 -0.097 -1264.656146  156.0   5.154   4.998 |    0.000  -0.000   0.000  -0.000 |   -5.823  -6.948   1.504
  39B   0.12908523 0.11 -0.096 -1264.647068  156.0   5.154   4.998 |    0.000  -0.000   0.000  -0.000 |   -5.821  -6.951   1.899
  40B   0.13432888 0.10 -0.096 -1264.646952  156.0   5.154   4.998 |    0.000  -0.000   0.000  -0.000 |   -5.821  -6.946   1.320
  41B   0.19565227 0.10 -0.095 -1264.615245  156.0   5.154   4.998 |    0.000   0.000   0.000   0.000 |   -5.816  -6.940   1.446
  42B   0.11052920 0.11 -0.095 -1264.614541  156.0   5.154   4.998 |    0.000   0.000   0.000   0.000 |   -5.818  -6.940   1.811
  43B   0.04093847 0.13 -0.094 -1264.584679  156.0   5.154   4.998 |    0.000   0.000   0.000   0.000 |   -5.813  -6.932   2.017
  44B   0.05837727 0.10 -0.094 -1264.587321  156.0   5.154   4.998 |    0.000  -0.000   0.000  -0.000 |   -5.814  -6.936   2.505
  45B   0.04787504 0.11 -0.093 -1264.575856  156.0   5.154   4.998 |    0.000   0.000   0.000   0.000 |   -5.814  -6.935   1.526
  46B   0.03351255 0.13 -0.094 -1264.586854  156.0   5.154   4.998 |    0.000   0.000   0.000   0.000 |   -5.816  -6.936   2.734
  47B   0.03057240 0.14 -0.094 -1264.588591  156.0   5.154   4.998 |    0.000   0.000   0.000   0.000 |   -5.816  -6.937   1.677
  48B   0.02831359 0.16 -0.094 -1264.594556  156.0   5.154   4.998 |    0.000  -0.000   0.000  -0.000 |   -5.816  -6.939   2.254
  49B   0.04469965 0.10 -0.094 -1264.594166  156.0   5.154   4.998 |    0.000   0.000   0.000   0.000 |   -5.817  -6.940   1.870
  50B   0.03618694 0.11 -0.094 -1264.599891  156.0   5.154   4.998 |    0.000  -0.000   0.000  -0.000 |   -5.817  -6.941   1.206
  51B   0.02804489 0.13 -0.094 -1264.591143  156.0   5.154   4.998 |    0.000   0.000   0.000   0.000 |   -5.817  -6.940   1.400
  52B   0.01562552 0.14 -0.094 -1264.610260  156.0   5.154   4.998 |    0.000  -0.000   0.000  -0.000 |   -5.820  -6.944   1.530
  53B   0.00993894 0.16 -0.095 -1264.616881  156.0   5.154   4.998 |    0.000  -0.000   0.000  -0.000 |   -5.820  -6.946   1.646
  54B   0.01526316 0.10 -0.095 -1264.617877  156.0   5.154   4.998 |    0.000  -0.000   0.000  -0.000 |   -5.820  -6.946   1.855
  55B   0.00880736 0.11 -0.095 -1264.617105  156.0   5.154   4.998 |    0.000  -0.000   0.000  -0.000 |   -5.820  -6.946   1.480
  56B   0.01591738 0.10 -0.095 -1264.611697  156.0   5.154   4.998 |    0.000   0.000   0.000   0.000 |   -5.819  -6.944   1.969
  57B   0.01516848 0.11 -0.095 -1264.614473  156.0   5.154   4.998 |    0.000   0.000   0.000   0.000 |   -5.819  -6.945   1.834
  58B   0.00532259 0.13 -0.095 -1264.614043  156.0   5.154   4.998 |    0.000   0.000   0.000   0.000 |   -5.819  -6.945   2.987
  59B   0.00457214 0.14 -0.095 -1264.612392  156.0   5.154   4.998 |    0.000   0.000   0.000   0.000 |   -5.819  -6.945   1.939
  60B   0.00511524 0.10 -0.094 -1264.610673  156.0   5.154   4.998 |    0.000   0.000   0.000   0.000 |   -5.819  -6.945   2.147
  61B   0.00432527 0.11 -0.095 -1264.612212  156.0   5.154   4.998 |    0.000   0.000   0.000   0.000 |   -5.819  -6.945   1.872
  62B   0.00327775 0.13 -0.094 -1264.610978  156.0   5.154   4.998 |    0.000   0.000   0.000   0.000 |   -5.819  -6.945   2.390
  63B   0.00249881 0.14 -0.094 -1264.610865  156.0   5.154   4.998 |    0.000  -0.000   0.000  -0.000 |   -5.819  -6.945   2.273
  64B   0.00241413 0.16 -0.094 -1264.611070  156.0   5.154   4.998 |    0.000  -0.000   0.000  -0.000 |   -5.819  -6.946   1.972
  65B   0.00230398 0.18 -0.094 -1264.611160  156.0   5.154   4.998 |    0.000  -0.000   0.000  -0.000 |   -5.819  -6.946   1.829
  66B   0.00234448 0.10 -0.094 -1264.611172  156.0   5.154   4.998 |    0.000  -0.000   0.000  -0.000 |   -5.819  -6.946   1.815
  67B   0.00265544 0.10 -0.094 -1264.611504  156.0   5.154   4.998 |    0.000  -0.000   0.000  -0.000 |   -5.819  -6.946   2.026
  68B   0.00192811 0.11 -0.095 -1264.612689  156.0   5.154   4.998 |    0.000  -0.000   0.000  -0.000 |   -5.819  -6.946   2.705
  69B   0.00208676 0.10 -0.095 -1264.613659  156.0   5.154   4.998 |    0.000  -0.000   0.000  -0.000 |   -5.819  -6.947   1.717
  70B   0.00547792 0.10 -0.095 -1264.614536  156.0   5.154   4.998 |    0.000  -0.000   0.000  -0.000 |   -5.819  -6.947   1.258
  71B   0.00216779 0.11 -0.095 -1264.614339  156.0   5.154   4.998 |    0.000  -0.000   0.000  -0.000 |   -5.819  -6.947   1.262
  72B   0.00173691 0.13 -0.095 -1264.613793  156.0   5.154   4.998 |    0.000  -0.000   0.000  -0.000 |   -5.819  -6.947   1.587
  73B   0.00156043 0.14 -0.095 -1264.613060  156.0   5.154   4.998 |    0.000  -0.000   0.000  -0.000 |   -5.819  -6.947   1.583
  74B   0.00148808 0.16 -0.095 -1264.613258  156.0   5.154   4.998 |    0.000  -0.000   0.000  -0.000 |   -5.819  -6.947   1.542
  75B   0.00188799 0.10 -0.095 -1264.613227  156.0   5.154   4.998 |    0.000  -0.000   0.000  -0.000 |   -5.819  -6.947   1.241
  76B   0.00151546 0.11 -0.095 -1264.613331  156.0   5.154   4.998 |    0.000  -0.000   0.000  -0.000 |   -5.819  -6.947   1.342
  77B   0.00153257 0.10 -0.095 -1264.613123  156.0   5.154   4.998 |    0.000  -0.000   0.000  -0.000 |   -5.819  -6.947   1.003
  78B   0.00150606 0.11 -0.095 -1264.612911  156.0   5.154   4.998 |    0.000  -0.000   0.000  -0.000 |   -5.819  -6.947   1.564
  79B   0.00181201 0.10 -0.095 -1264.612676  156.0   5.154   4.998 |    0.000  -0.000   0.000  -0.000 |   -5.819  -6.947   1.558
  80B   0.00122581 0.11 -0.095 -1264.612221  156.0   5.154   4.998 |    0.000   0.000   0.000   0.000 |   -5.819  -6.947   2.050
  81B   0.00091978 0.13 -0.095 -1264.612181  156.0   5.154   4.998 |    0.000   0.000   0.000   0.000 |   -5.819  -6.947   1.369
  82B   0.00067984 0.14 -0.095 -1264.612593  156.0   5.154   4.998 |    0.000  -0.000   0.000  -0.000 |   -5.819  -6.947   1.607
  83B   0.00107637 0.10 -0.095 -1264.612616  156.0   5.154   4.998 |    0.000  -0.000   0.000  -0.000 |   -5.819  -6.947   1.820
  84B   0.00074070 0.11 -0.095 -1264.612703  156.0   5.154   4.998 |    0.000  -0.000   0.000  -0.000 |   -5.819  -6.947   2.335
  85B   0.00054545 0.13 -0.095 -1264.612878  156.0   5.154   4.998 |    0.000  -0.000   0.000  -0.000 |   -5.819  -6.947   1.942
  86B   0.00067072 0.10 -0.095 -1264.612902  156.0   5.154   4.998 |    0.000  -0.000   0.000  -0.000 |   -5.819  -6.947   2.321
  87B   0.00074214 0.10 -0.095 -1264.613065  156.0   5.154   4.998 |    0.000  -0.000   0.000  -0.000 |   -5.819  -6.947   2.127
  88B   0.00130940 0.10 -0.095 -1264.613043  156.0   5.154   4.998 |    0.000  -0.000   0.000  -0.000 |   -5.819  -6.947   1.961
  89B   0.00058401 0.11 -0.095 -1264.612918  156.0   5.154   4.998 |    0.000   0.000   0.000   0.000 |   -5.819  -6.947   1.554
  90B   0.00063156 0.10 -0.095 -1264.613044  156.0   5.154   4.998 |    0.000  -0.000   0.000  -0.000 |   -5.819  -6.947   1.535
  91B   0.00065104 0.10 -0.095 -1264.613067  156.0   5.154   4.998 |    0.000  -0.000   0.000  -0.000 |   -5.819  -6.947   1.791
  92B   0.00064623 0.11 -0.095 -1264.612938  156.0   5.154   4.998 |    0.000  -0.000   0.000  -0.000 |   -5.819  -6.947   1.950
  93B   0.00052119 0.13 -0.095 -1264.612900  156.0   5.154   4.998 |    0.000  -0.000   0.000  -0.000 |   -5.819  -6.947   1.963
  94B   0.00066812 0.10 -0.095 -1264.612834  156.0   5.154   4.998 |    0.000  -0.000   0.000  -0.000 |   -5.819  -6.947   1.936
  95B   0.00041828 0.11 -0.095 -1264.612652  156.0   5.154   4.998 |    0.000   0.000   0.000   0.000 |   -5.819  -6.947   1.750
  96B   0.00046824 0.10 -0.095 -1264.612651  156.0   5.154   4.998 |    0.000   0.000   0.000   0.000 |   -5.819  -6.947   1.443
  97B   0.00034770 0.11 -0.095 -1264.612668  156.0   5.154   4.998 |    0.000   0.000   0.000   0.000 |   -5.819  -6.947   1.762
  98B   0.00049565 0.10 -0.095 -1264.612846  156.0   5.154   4.998 |    0.000  -0.000   0.000  -0.000 |   -5.819  -6.947   1.561
  99B   0.00031228 0.11 -0.095 -1264.612852  156.0   5.154   4.998 |    0.000  -0.000   0.000  -0.000 |   -5.819  -6.947   1.411
 100B   0.00055701 0.10 -0.095 -1264.612802  156.0   5.154   4.998 |    0.000  -0.000   0.000  -0.000 |   -5.819  -6.947   1.732
 101B   0.00030976 0.11 -0.095 -1264.612857  156.0   5.154   4.998 |    0.000  -0.000   0.000  -0.000 |   -5.819  -6.947   2.076
 102B   0.00017526 0.13 -0.095 -1264.613004  156.0   5.154   4.998 |    0.000  -0.000   0.000  -0.000 |   -5.819  -6.947   1.826
 103B   0.00039987 0.10 -0.095 -1264.613033  156.0   5.154   4.998 |    0.000  -0.000   0.000  -0.000 |   -5.819  -6.947   2.067
 104B   0.00024220 0.11 -0.095 -1264.613051  156.0   5.154   4.998 |    0.000  -0.000   0.000  -0.000 |   -5.819  -6.947   2.052
 105B   0.00021681 0.13 -0.095 -1264.613006  156.0   5.154   4.998 |    0.000  -0.000   0.000   0.000 |   -5.819  -6.947   2.276
 106B   0.00017367 0.14 -0.095 -1264.613035  156.0   5.154   4.998 |    0.000  -0.000   0.000  -0.000 |   -5.819  -6.947   1.701
 107B   0.00018053 0.10 -0.095 -1264.612992  156.0   5.154   4.998 |    0.000  -0.000   0.000   0.000 |   -5.819  -6.947   1.713
 108B   0.00017195 0.11 -0.095 -1264.612967  156.0   5.154   4.998 |    0.000   0.000   0.000   0.000 |   -5.819  -6.947   2.197
 109B   0.00018237 0.10 -0.095 -1264.612916  156.0   5.154   4.998 |    0.000   0.000   0.000   0.000 |   -5.819  -6.947   1.961
 110B   0.00013759 0.11 -0.095 -1264.612917  156.0   5.154   4.998 |    0.000  -0.000   0.000   0.000 |   -5.819  -6.947   1.455
 111B   0.00012933 0.13 -0.095 -1264.612899  156.0   5.154   4.998 |    0.000   0.000   0.000   0.000 |   -5.819  -6.947   1.845
 112B   0.00014747 0.10 -0.095 -1264.612921  156.0   5.154   4.998 |    0.000   0.000   0.000  -0.000 |   -5.819  -6.947   1.560
 113B   0.00009148 0.11 -0.095 -1264.612982  156.0   5.154   4.998 |    0.000  -0.000   0.000  -0.000 |   -5.819  -6.947   2.047
 114B   0.00014036 0.10 -0.095 -1264.612956  156.0   5.154   4.998 |    0.000   0.000   0.000  -0.000 |   -5.819  -6.947   1.731
 115B   0.00013008 0.11 -0.095 -1264.612984  156.0   5.154   4.998 |    0.000   0.000   0.000   0.000 |   -5.819  -6.947   1.383
 116B   0.00013545 0.10 -0.095 -1264.612975  156.0   5.154   4.998 |    0.000  -0.000   0.000  -0.000 |   -5.819  -6.947   1.886
 117B   0.00006194 0.11 -0.095 -1264.612998  156.0   5.154   4.998 |    0.000  -0.000   0.000   0.000 |   -5.819  -6.947   1.560
 118B   0.00006532 0.10 -0.095 -1264.612997  156.0   5.154   4.998 |    0.000  -0.000   0.000   0.000 |   -5.819  -6.947   1.612
 119B   0.00004694 0.11 -0.095 -1264.612974  156.0   5.154   4.998 |    0.000  -0.000   0.000   0.000 |   -5.819  -6.947   1.432
 120B   0.00004672 0.13 -0.095 -1264.612970  156.0   5.154   4.998 |    0.000  -0.000   0.000   0.000 |   -5.819  -6.947   1.747
 121B   0.00004735 0.10 -0.095 -1264.612955  156.0   5.154   4.998 |    0.000   0.000   0.000   0.000 |   -5.819  -6.947   1.339
 122B   0.00003736 0.11 -0.095 -1264.612953  156.0   5.154   4.998 |    0.000  -0.000   0.000   0.000 |   -5.819  -6.947   1.238
 123B   0.00006996 0.10 -0.095 -1264.612939  156.0   5.154   4.998 |    0.000   0.000   0.000  -0.000 |   -5.819  -6.947   1.357
 124B   0.00004618 0.11 -0.095 -1264.612954  156.0   5.154   4.998 |    0.000  -0.000   0.000   0.000 |   -5.819  -6.947   1.412
 125B   0.00002098 0.13 -0.095 -1264.612953  156.0   5.154   4.998 |    0.000  -0.000   0.000  -0.000 |   -5.819  -6.947   1.281
 126B   0.00003559 0.10 -0.095 -1264.612964  156.0   5.154   4.998 |    0.000  -0.000   0.000   0.000 |   -5.819  -6.947   1.523
 127B   0.00003221 0.11 -0.095 -1264.612951  156.0   5.154   4.998 |    0.000   0.000   0.000  -0.000 |   -5.819  -6.947   1.644
 128B   0.00000492 0.13 -0.095 -1264.612956  156.0   5.154   4.998 |    0.000  -0.000   0.000   0.000 |   -5.819  -6.947   1.660
 129B   0.00000389 0.14 -0.095 -1264.612956  156.0   5.154   4.998 |    0.000  -0.000   0.000   0.000 |   -5.819  -6.947   1.422
 130B   0.00000464 0.10 -0.095 -1264.612958  156.0   5.154   4.998 |    0.000  -0.000   0.000   0.000 |   -5.819  -6.947   1.592
 131B   0.00000231 0.11 -0.095 -1264.612959  156.0   5.154   4.998 |    0.000  -0.000   0.000  -0.000 |   -5.819  -6.947   2.050
 132B   0.00000408 0.10 -0.095 -1264.612960  156.0   5.154   4.998 |    0.000  -0.000   0.000  -0.000 |   -5.819  -6.947   2.005
 133B   0.00000310 0.11 -0.095 -1264.612960  156.0   5.154   4.998 |    0.000   0.000   0.000  -0.000 |   -5.819  -6.947   1.557
 134B   0.00000280 0.13 -0.095 -1264.612959  156.0   5.154   4.998 |    0.000  -0.000   0.000  -0.000 |   -5.819  -6.947   1.609
 135B   0.00000239 0.14 -0.095 -1264.612958  156.0   5.154   4.998 |    0.000  -0.000   0.000   0.000 |   -5.819  -6.947   2.114
 136B   0.00000395 0.10 -0.095 -1264.612959  156.0   5.154   4.998 |    0.000   0.000   0.000  -0.000 |   -5.819  -6.947   2.716
 137B   0.00000197 0.11 -0.095 -1264.612959  156.0   5.154   4.998 |    0.000  -0.000   0.000  -0.000 |   -5.819  -6.947   1.996
 138B   0.00000189 0.13 -0.095 -1264.612958  156.0   5.154   4.998 |    0.000  -0.000   0.000  -0.000 |   -5.819  -6.947   2.113
 139B   0.00000209 0.10 -0.095 -1264.612958  156.0   5.154   4.998 |    0.000   0.000   0.000  -0.000 |   -5.819  -6.947   1.191
 140B   0.00000187 0.11 -0.095 -1264.612957  156.0   5.154   4.998 |    0.000  -0.000   0.000  -0.000 |   -5.819  -6.947   1.427
 141B   0.00000177 0.13 -0.095 -1264.612957  156.0   5.154   4.998 |    0.000  -0.000   0.000  -0.000 |   -5.819  -6.947   1.754
 142B   0.00000139 0.14 -0.095 -1264.612957  156.0   5.154   4.998 |    0.000  -0.000   0.000   0.000 |   -5.819  -6.947   1.787
 143B   0.00000125 0.16 -0.095 -1264.612957  156.0   5.154   4.998 |    0.000  -0.000   0.000   0.000 |   -5.819  -6.947   1.574
 144B   0.00000089 0.18 -0.095 -1264.612957  156.0   5.154   4.998 |    0.000   0.000   0.000   0.000 |   -5.819  -6.947   1.545
 145B   0.00000222 0.10 -0.095 -1264.612957  156.0   5.154   4.998 |    0.000  -0.000   0.000  -0.000 |   -5.819  -6.947   1.578
 146B   0.00000179 0.11 -0.095 -1264.612957  156.0   5.154   4.998 |    0.000  -0.000   0.000   0.000 |   -5.819  -6.947   1.354
 147B   0.00000133 0.13 -0.095 -1264.612957  156.0   5.154   4.998 |    0.000  -0.000   0.000   0.000 |   -5.819  -6.947   1.672
 148B   0.00000124 0.14 -0.095 -1264.612958  156.0   5.154   4.998 |    0.000  -0.000   0.000   0.000 |   -5.819  -6.947   1.710
 149B   0.00000057 0.16 -0.095 -1264.612958  156.0   5.154   4.998 |    0.000  -0.000   0.000   0.000 |   -5.819  -6.947   1.861
 150B   0.00000071 0.10 -0.095 -1264.612958  156.0   5.154   4.998 |    0.000  -0.000   0.000  -0.000 |   -5.819  -6.947   2.399
 151B   0.00000058 0.11 -0.095 -1264.612958  156.0   5.154   4.998 |    0.000  -0.000   0.000  -0.000 |   -5.819  -6.947   2.288
 152B   0.00000054 0.13 -0.095 -1264.612958  156.0   5.154   4.998 |    0.000  -0.000   0.000  -0.000 |   -5.819  -6.947   2.063
 153B   0.00000055 0.10 -0.095 -1264.612958  156.0   5.154   4.998 |    0.000  -0.000   0.000  -0.000 |   -5.819  -6.947   1.545
 154B   0.00000056 0.10 -0.095 -1264.612958  156.0   5.154   4.998 |    0.000   0.000   0.000  -0.000 |   -5.819  -6.947   2.159
 155B   0.00000051 0.11 -0.095 -1264.612958  156.0   5.154   4.998 |    0.000  -0.000   0.000  -0.000 |   -5.819  -6.947   2.281
 156B   0.00000055 0.10 -0.095 -1264.612958  156.0   5.154   4.998 |    0.000   0.000   0.000  -0.000 |   -5.819  -6.947   2.459
 157B   0.00000053 0.11 -0.095 -1264.612958  156.0   5.154   4.998 |    0.000   0.000   0.000  -0.000 |   -5.819  -6.947   1.610
 158B   0.00000069 0.10 -0.095 -1264.612958  156.0   5.154   4.998 |    0.000   0.000   0.000  -0.000 |   -5.819  -6.947   1.747
 159B   0.00000028 0.11 -0.095 -1264.612957  156.0   5.154   4.998 |    0.000  -0.000   0.000  -0.000 |   -5.819  -6.947   2.617
 160B   0.00000026 0.13 -0.095 -1264.612957  156.0   5.154   4.998 |    0.000   0.000   0.000  -0.000 |   -5.819  -6.947   1.513
 161B   0.00000031 0.10 -0.095 -1264.612957  156.0   5.154   4.998 |    0.000   0.000   0.000  -0.000 |   -5.819  -6.947   1.670
 162B   0.00000038 0.10 -0.095 -1264.612958  156.0   5.154   4.998 |    0.000  -0.000   0.000  -0.000 |   -5.819  -6.947   1.839
 163B   0.00000018 0.11 -0.095 -1264.612957  156.0   5.154   4.998 |    0.000   0.000   0.000  -0.000 |   -5.819  -6.947   2.189
 164B   0.00000014 0.13 -0.095 -1264.612957  156.0   5.154   4.998 |    0.000  -0.000   0.000  -0.000 |   -5.819  -6.947   1.575
 165B   0.00000021 0.10 -0.095 -1264.612958  156.0   5.154   4.998 |    0.000   0.000   0.000   0.000 |   -5.819  -6.947   2.038
 166B   0.00000015 0.11 -0.095 -1264.612958  156.0   5.154   4.998 |    0.000  -0.000   0.000   0.000 |   -5.819  -6.947   1.505
 167B   0.00000017 0.10 -0.095 -1264.612958  156.0   5.154   4.998 |    0.000   0.000   0.000   0.000 |   -5.819  -6.947   2.270
 168B   0.00000013 0.11 -0.095 -1264.612958  156.0   5.154   4.998 |    0.000   0.000   0.000   0.000 |   -5.819  -6.947   2.294
 169B   0.00000013 0.10 -0.095 -1264.612958  156.0   5.154   4.998 |    0.000   0.000   0.000   0.000 |   -5.819  -6.947   3.692
 170B   0.00000013 0.11 -0.095 -1264.612958  156.0   5.154   4.998 |    0.000   0.000   0.000   0.000 |   -5.819  -6.947   2.041
 171B   0.00000013 0.10 -0.095 -1264.612958  156.0   5.154   4.998 |    0.000   0.000   0.000  -0.000 |   -5.819  -6.947   2.055
 172B   0.00000012 0.11 -0.095 -1264.612958  156.0   5.154   4.998 |    0.000   0.000   0.000   0.000 |   -5.819  -6.947   1.721
 173B   0.00000013 0.10 -0.095 -1264.612958  156.0   5.154   4.998 |    0.000   0.000   0.000   0.000 |   -5.819  -6.947   1.678
 174B   0.00000012 0.11 -0.095 -1264.612958  156.0   5.154   4.998 |    0.000   0.000   0.000   0.000 |   -5.819  -6.947   2.110
 175B   0.00000012 0.10 -0.095 -1264.612958  156.0   5.154   4.998 |    0.000  -0.000   0.000   0.000 |   -5.819  -6.947   1.862
 176B   0.00000009 0.11 -0.095 -1264.612958  156.0   5.154   4.998 |    0.000  -0.000   0.000  -0.000 |   -5.819  -6.947   1.452
 177B   0.00000006 0.13 -0.095 -1264.612958  156.0   5.154   4.998 |    0.000  -0.000   0.000  -0.000 |   -5.819  -6.947   1.614
 178B   0.00000006 0.14 -0.095 -1264.612958  156.0   5.154   4.998 |    0.000  -0.000   0.000  -0.000 |   -5.819  -6.947   4.076
 179B   0.00000005 0.16 -0.095 -1264.612958  156.0   5.154   4.998 |    0.000   0.000   0.000  -0.000 |   -5.819  -6.947   7.463
 180B   0.00000006 0.10 -0.095 -1264.612958  156.0   5.154   4.998 |    0.000   0.000   0.000   0.000 |   -5.819  -6.947   4.896
 181B   0.00000009 0.10 -0.095 -1264.612958  156.0   5.154   4.998 |    0.000  -0.000   0.000   0.000 |   -5.819  -6.947   6.058
 182B   0.00000005 0.11 -0.095 -1264.612958  156.0   5.154   4.998 |    0.000  -0.000   0.000   0.000 |   -5.819  -6.947   1.892
 183B   0.00000007 0.10 -0.095 -1264.612958  156.0   5.154   4.998 |    0.000   0.000   0.000   0.000 |   -5.819  -6.947   3.188
 184B   0.00000005 0.11 -0.095 -1264.612958  156.0   5.154   4.998 |    0.000  -0.000   0.000   0.000 |   -5.819  -6.947   1.558
 185B   0.00000005 0.13 -0.095 -1264.612958  156.0   5.154   4.998 |    0.000  -0.000   0.000   0.000 |   -5.819  -6.947   1.878
 186B   0.00000005 0.14 -0.095 -1264.612958  156.0   5.154   4.998 |    0.000   0.000   0.000   0.000 |   -5.819  -6.947   2.036
 187B   0.00000004 0.16 -0.095 -1264.612958  156.0   5.154   4.998 |    0.000   0.000   0.000  -0.000 |   -5.819  -6.947   5.278
 188B   0.00000005 0.10 -0.095 -1264.612958  156.0   5.154   4.998 |    0.000  -0.000   0.000  -0.000 |   -5.819  -6.947   4.250
 189B   0.00000003 0.11 -0.095 -1264.612958  156.0   5.154   4.998 |    0.000  -0.000   0.000  -0.000 |   -5.819  -6.947   2.375
 190B   0.00000004 0.10 -0.095 -1264.612958  156.0   5.154   4.998 |    0.000  -0.000   0.000  -0.000 |   -5.819  -6.947   4.873
 191B   0.00000008 0.10 -0.095 -1264.612958  156.0   5.154   4.998 |    0.000  -0.000   0.000  -0.000 |   -5.819  -6.947   1.913
 192B   0.00000002 0.11 -0.095 -1264.612958  156.0   5.154   4.998 |    0.000  -0.000   0.000   0.000 |   -5.819  -6.947   1.826
 193B   0.00000002 0.13 -0.095 -1264.612958  156.0   5.154   4.998 |    0.000  -0.000   0.000   0.000 |   -5.819  -6.947   6.190
 194B   0.00000002 0.14 -0.095 -1264.612958  156.0   5.154   4.998 |    0.000  -0.000   0.000   0.000 |   -5.819  -6.947   4.904
 195B   0.00000002 0.10 -0.095 -1264.612958  156.0   5.154   4.998 |    0.000  -0.000   0.000  -0.000 |   -5.819  -6.947   3.657
 196B   0.00000001 0.11 -0.095 -1264.612958  156.0   5.154   4.998 |    0.000  -0.000   0.000   0.000 |   -5.819  -6.947   1.803
 197B   0.00000001 0.13 -0.095 -1264.612958  156.0   5.154   4.998 |    0.000   0.000   0.000  -0.000 |   -5.819  -6.947   4.187
 198B   0.00000001 0.10 -0.095 -1264.612958  156.0   5.154   4.998 |    0.000  -0.000   0.000  -0.000 |   -5.819  -6.947   5.028
 199B   0.00000001 0.11 -0.095 -1264.612958  156.0   5.154   4.998 |    0.000  -0.000   0.000  -0.000 |   -5.819  -6.947   6.779
 200B   0.00000001 0.13 -0.095 -1264.612958  156.0   5.154   4.998 |    0.000  -0.000   0.000  -0.000 |   -5.819  -6.947   7.894
 201B   0.00000001 0.10 -0.095 -1264.612958  156.0   5.154   4.998 |    0.000  -0.000   0.000  -0.000 |   -5.819  -6.947   5.043
 202B   0.00000001 0.11 -0.095 -1264.612958  156.0   5.154   4.998 |    0.000  -0.000   0.000  -0.000 |   -5.819  -6.947   1.486
 203B   0.00000001 0.10 -0.095 -1264.612958  156.0   5.154   4.998 |    0.000  -0.000   0.000  -0.000 |   -5.819  -6.947   4.229
 204B   0.00000000 0.11 -0.095 -1264.612958  156.0   5.154   4.998 |    0.000  -0.000   0.000  -0.000 |   -5.819  -6.947   1.939
 205B   0.00000000 0.13 -0.095 -1264.612958  156.0   5.154   4.998 |    0.000   0.000   0.000  -0.000 |   -5.819  -6.947   6.601
 206B   0.00000000 0.10 -0.095 -1264.612958  156.0   5.154   4.998 |    0.000   0.000   0.000  -0.000 |   -5.819  -6.947   4.913
 207B   0.00000000 0.11 -0.095 -1264.612958  156.0   5.154   4.998 |    0.000  -0.000   0.000  -0.000 |   -5.819  -6.947   2.358
 208B   0.00000000 0.13 -0.095 -1264.612958  156.0   5.154   4.998 |    0.000  -0.000   0.000   0.000 |   -5.819  -6.947  10.186
 209B   0.00000000 0.14 -0.095 -1264.612958  156.0   5.154   4.998 |    0.000   0.000   0.000   0.000 |   -5.819  -6.947   7.454
 210B   0.00000000 0.10 -0.095 -1264.612958  156.0   5.154   4.998 |    0.000  -0.000   0.000  -0.000 |   -5.819  -6.947   7.354
 211B   0.00000000 0.11 -0.095 -1264.612958  156.0   5.154   4.998 |    0.000   0.000   0.000  -0.000 |   -5.819  -6.947   3.315
 212B   0.00000000 0.10 -0.095 -1264.612958  156.0   5.154   4.998 |    0.000   0.000   0.000  -0.000 |   -5.819  -6.947   2.018
 213B   0.00000000 0.11 -0.095 -1264.612958  156.0   5.154   4.998 |    0.000  -0.000   0.000   0.000 |   -5.819  -6.947   1.762
  ----------------------------------------------------------------------------------------------------------------------------------
  *   iteration converged   after 213 steps   si=     0.0000000005 ho=  0 tho=  0
  ----------------------------------------------------------------------------------------------------------------------------------
  Total CPU time=   8.415 minutes

  Writing to wel_file: s092_064.hel
 __________________________________  
  The tape s092_064.hel recorded:     
  nucname,npr,ngh,ngl,n00,nb,nt      
  b0,beta0,si,etot,rms,bet,xmix      
  pairing:     CpV0,CpV1,pwi         
  delta:       del,ept               
  lambda:      ala,ala2,alast,tz     
  asymptotic:  varmas,ass,skass      
  ntx,nb,nhhdim,id,N_rz,n_r,n_z      
  Omega2,Sigma2,Parity,Lambda        
  matrices(inbro):    hh,de          
  *all blocking candidates           
 __________________________________  


  NB! From expect (UNPROJECTED RESULTS)

  pairing: CpV0,CpV1,...           0.100000       0.100000       1.000000       1.000000
  forces:   UNE1                          


                             neutrons         protons         total
  Requested part.numbs.      92.000000      64.000000     156.000000
  UnPj(av) part.numbs .      92.000000      64.000000     156.000000
  b0, bz, bp ..........       2.130153       2.136882       2.126796

  lambda (ala) ........      -5.818943      -6.947459
  Lambda (alast) ......      -5.818943      -6.947459
  delta(n,p), pwi .....      -0.000000      -0.000000      60.000000
  pairing energy ......       0.000000       0.000000       0.000000

  rms-radius ..........       5.153970       4.997918       5.090527
  charge-radius, r0 ...                      5.061539       6.459855
  deformation beta2....      -0.092279      -0.097970      -0.094530
  dipole moment[fm] ...       0.000000       0.000000       0.000000
  quadrupole moment[b]       -2.845017      -1.975881      -4.820898
  octupole moment .....       0.000000       0.000000       0.000000
  hexadecapole moment .       0.121661       0.071381       0.193042
  q5 ..................       0.000000       0.000000       0.000000
  q6 ..................      -0.001994       0.000965      -0.001028
  q7 ..................       0.000000       0.000000       0.000000
  q8 ..................       0.000792       0.000259       0.001052

  <r^0> [fm^0] ........            1.000000            1.000000            1.000000
  <r^2> [fm^2] ........           26.563402           24.979181           25.913465
  <r^4> [fm^4] ........          923.331966          799.525849          872.539713
  <r^6> [fm^6] ........        38028.986872        29821.958827        34662.001007
  <r^8> [fm^8] ........      1781390.677886      1246034.047443      1561757.188474

  kinetic energy ......    1801.667705    1055.070288    2856.737993
  volume energy .......                                 -4761.637052
        rho_tau .......                                  -139.030533
        rho_rho .......                                 -4622.606519
  surface energy ......                                   155.250028
   rho_DELTA_rho ......                                   155.250028
   (NABLA_rho)^2 ......                                     0.000000
  spin-orbit energy ...                                   -42.421619
        rho_NABLA_J ...                                   -42.421619
        NABLA_rho_J ...                                     0.000000
  coulomb energy ......                                   527.457692
          direct ......                                   551.933647
          exchange ....                                   -24.475955
  tensor energy .......                                     0.000000
  direct Hartree E  ...                                     0.000000
  Extra E .............                                     0.000000
  External field E ....                                     0.000000
  Entropy .............       0.346770       0.005678       0.352447

  tEnergy: ehfb (qp)...                                 -1264.612958

  Calculated but not added corrections 
====================================
  cmc-diagonal part ...       0.000000       0.000000       0.000000
  cmc-hfb .............       0.000000       0.000000       0.000000
  cranking rot corr ...       0.000000       0.000000       0.000000

  SQUJ ................       0.000000       0.000000       0.000000
  CRAN x 4 ............       0.000000       0.000000       0.000000
  Rigit Body ..........       0.000000       0.000000       0.000000


   Blocking candidates are:
   neutron eqpmin=  0.21309459153944488       pwiblo=   2.0016019225635890     
    num=   1 block=   2 state=   1    37 Eqp=   0.21309459  (1-2N)E=  -0.21309459  Ovlp=   0.53736032  1-[ 5, 0, 1]
    num=   2 block=   8 state=   1   187 Eqp=   0.22923153  (1-2N)E=   0.22923153  Ovlp=   0.84060695  7-[ 5, 1, 4]
    num=   3 block=   6 state=   1   147 Eqp=   0.27949094  (1-2N)E=   0.27949094  Ovlp=   0.66714342  5-[ 5, 0, 3]
    num=   4 block=  13 state=   1   252 Eqp=   0.33941112  (1-2N)E=   0.33941112  Ovlp=   0.99010627 13+[ 6, 0, 6]
    num=   5 block=   4 state=   1    97 Eqp=   0.33941436  (1-2N)E=  -0.33941436  Ovlp=   0.69348800  3-[ 5, 0, 1]
    num=   6 block=   4 state=   2    98 Eqp=   0.46287887  (1-2N)E=   0.46287887  Ovlp=   0.71114576  3-[ 5, 1, 2]
    num=   7 block=  10 state=   1   219 Eqp=   0.53914704  (1-2N)E=  -0.53914704  Ovlp=   0.91735625  9-[ 5, 0, 5]
    num=   8 block=   6 state=   2   148 Eqp=   0.55154465  (1-2N)E=  -0.55154465  Ovlp=   0.53719559  5-[ 5, 3, 2]
    num=   9 block=   2 state=   2    38 Eqp=   0.55574088  (1-2N)E=   0.55574088  Ovlp=   0.59397768  1-[ 5, 1, 0]
    num=  10 block=   4 state=   3    99 Eqp=   0.80747489  (1-2N)E=   0.80747489  Ovlp=   0.72199859  3-[ 5, 2, 1]
    num=  11 block=  11 state=   1   231 Eqp=   0.91346145  (1-2N)E=   0.91346145  Ovlp=   0.93400359 11+[ 6, 1, 5]
    num=  12 block=   2 state=   3    39 Eqp=   1.05344779  (1-2N)E=   1.05344779  Ovlp=   0.70152908  1-[ 5, 2, 1]
    num=  13 block=   8 state=   2   188 Eqp=   1.28741733  (1-2N)E=  -1.28741733  Ovlp=   0.80691299  7-[ 5, 0, 3]
    num=  14 block=   9 state=   1   203 Eqp=   1.37688450  (1-2N)E=   1.37688450  Ovlp=   0.79655176  9+[ 6, 2, 4]
    num=  15 block=   7 state=   1   167 Eqp=   1.70923543  (1-2N)E=   1.70923543  Ovlp=   0.61966978  7+[ 6, 3, 3]
    num=  16 block=   6 state=   3   149 Eqp=   1.74620512  (1-2N)E=   1.74620512  Ovlp=   0.64317265  5-[ 5, 2, 3]
    num=  17 block=   2 state=   4    40 Eqp=   1.91210587  (1-2N)E=   1.91210587  Ovlp=   0.66072758  1-[ 5, 3, 0]
    num=  18 block=   5 state=   1   122 Eqp=   1.92236459  (1-2N)E=   1.92236459  Ovlp=   0.63307537  5+[ 6, 2, 2]
    num=  19 block=   3 state=   1    67 Eqp=   2.04493699  (1-2N)E=   2.04493699  Ovlp=   0.58416406  3+[ 6, 3, 1]
    num=  20 block=   1 state=   1     1 Eqp=   2.10214981  (1-2N)E=   2.10214981  Ovlp=   0.52406809  1+[ 6, 2, 0]

   Blocking candidates are:
   proton  eqpmin=  0.44760865873022482       pwiblo=   2.0016019225635890     
    num=   1 block=   1 state=   1     1 Eqp=   0.44760866  (1-2N)E=  -0.44760866  Ovlp=   0.56704492  1+[ 4, 1, 1]
    num=   2 block=  12 state=   1   243 Eqp=   0.44308543  (1-2N)E=   0.44308543  Ovlp=   0.97384726 11-[ 5, 0, 5]
    num=   3 block=   3 state=   1    67 Eqp=   0.56637768  (1-2N)E=  -0.56637768  Ovlp=   0.57460285  3+[ 4, 2, 2]
    num=   4 block=   5 state=   1   122 Eqp=   0.77782634  (1-2N)E=  -0.77782634  Ovlp=   0.65487414  5+[ 4, 1, 3]
    num=   5 block=   1 state=   2     2 Eqp=   0.82280313  (1-2N)E=  -0.82280313  Ovlp=   0.61872703  1+[ 4, 0, 0]
    num=   6 block=   1 state=   3     3 Eqp=   0.87014524  (1-2N)E=   0.87014524  Ovlp=   0.55619413  1+[ 4, 3, 1]
    num=   7 block=   3 state=   2    68 Eqp=   0.93669294  (1-2N)E=   0.93669294  Ovlp=   0.60969380  3+[ 4, 3, 1]
    num=   8 block=   3 state=   3    69 Eqp=   0.94923446  (1-2N)E=  -0.94923446  Ovlp=   0.69042789  3+[ 4, 0, 2]
    num=   9 block=  10 state=   1   219 Eqp=   1.23760688  (1-2N)E=   1.23760688  Ovlp=   0.89834848  9-[ 5, 1, 4]
    num=  10 block=   5 state=   2   123 Eqp=   1.48693860  (1-2N)E=  -1.48693860  Ovlp=   0.70579475  5+[ 4, 0, 2]
    num=  11 block=   8 state=   1   187 Eqp=   1.66390617  (1-2N)E=   1.66390617  Ovlp=   0.75866630  7-[ 5, 2, 3]
    num=  12 block=   1 state=   4     4 Eqp=   1.88095343  (1-2N)E=   1.88095343  Ovlp=   0.74952210  1+[ 4, 4, 0]
    num=  13 block=   6 state=   1   147 Eqp=   1.90155521  (1-2N)E=   1.90155521  Ovlp=   0.59028200  5-[ 5, 3, 2]
    num=  14 block=   7 state=   1   167 Eqp=   1.96844499  (1-2N)E=  -1.96844499  Ovlp=   0.86849007  7+[ 4, 0, 4]
    num=  15 block=   4 state=   1    97 Eqp=   2.03328994  (1-2N)E=   2.03328994  Ovlp=   0.61168522  3-[ 5, 2, 1]
    num=  16 block=   2 state=   1    37 Eqp=   2.10144360  (1-2N)E=   2.10144360  Ovlp=   0.53768614  1-[ 5, 3, 0]



 HFBTHO_SOLVER ended without errors

