No Skyrme interaction defined in routine skforce()
Multi-threading framework with OpenMP: 1 threads/task

  =======================================
           FORTRAN 95 CODE (KIND= 8) 
               Version: 200d  
  =======================================
       AXIALLY DEFORMED CONFIGURATIONAL  
     HARTREE-FOCK-BOGOLIUBOV CALCULATIONS
                     WITH                
            UNEDF AND DELTA PAIRING      
                     USING               
             HARMONIC-OSCILLATOR         
                   AND/OR                
       TRANSFORMED HARMONIC-OSCILLATOR   
                    BASIS                
                     ---                 
               v1.66  (2005):,           
   Stoitsov,Dobaczewski,Nazarewicz,Ring, 
               v2.00d (2012):,           
         Stoitsov,Schunck,Kortelainen    
  =======================================
    Nucleus: MG (A=  24, N= 12, Z= 12)
       Reflection Symmetry Imposed       
            ( 7/14/2023, 21:47)                               
  =======================================


  ---------------------------------------
           UNEDF Module Version:17
         M.Kortelainen & M.Stoitsov 
  ---------------------------------------

  UNE1 functional
  ----------------------------------
  Crho(0)=   -785.734617615447064    ; Crho(1)=    322.217717714823607    
  CDrho(0)=   888.785408420877275    ; CDrho(1)=  -265.109803299356088    
  Ctau(0)=    1.68277406719471334    ; Ctau(1)=   -30.9641410750061503    
  CrDr(0)=   -45.5077474375862678    ; CrDr(1)=   -147.867135228351174    
  CrdJ(0)=   -73.9753255810375094    ; CrdJ(1)=   -40.0027245216046907    
  CJ(0)=      0.00000000000000000    ; CJ(1)=      0.00000000000000000    
  CpV0(0)=   0.100000000000000006    ; CpV0(1)=   0.100000000000000006    
  CpV1(0)=    1.00000000000000000    ; CpV1(1)=    1.00000000000000000    
  sigma=     0.264852517629431461    ; hbzero=     20.7355300000000007    
  e^2 chrg=   1.43997840859651305    ; CExPar=     1.00000000000000000    
  c.m. correction: F, chr. density in direct Coul: F
  use tensor terms: F
  use TMR pairing:  0

  Coupling constants in natural units
  -----------------------------------
  Crho_nu(0)=  -0.884831405852444353    ; Crho_nu(1)=   0.362855790955758428    
  CDrho_nu(0)=  0.939761622131595198    ; CDrho_nu(1)= -0.280315154176802972    
  Ctau_nu(0)=   0.238535137216582677E-01; Ctau_nu(1)=  -0.438920220135860906    
  CrDr_nu(0)=  -0.645077493827706849    ; CrDr_nu(1)=   -2.09603345327976687    
  CrdJ_nu(0)=   -1.04860865056772812    ; CrdJ_nu(1)=  -0.567043168112598694    
  CJ_nu(0)=      0.00000000000000000    ; CJ_nu(1)=      0.00000000000000000    
  CpV0_nu(0)=   0.112611992142809880E-03; CpV0_nu(1)=   0.112611992142809880E-03
  CpV1_nu(0)=   0.887702254206059068E-03; CpV1_nu(1)=   0.887702254206059068E-03
  fpi_nu=        93.0000000000000000    ; Lambda_nu=     700.000000000000000    

  Nuclear matter properties
  ----------------------------------
      E_NM=     -15.8000000000000416      K_NM=     220.0000000000002842
      P_NM=      -0.0000000000000038    RHO_NM=       0.1586837601220666
    ASS_NM=      28.9839246424711554   LASS_NM=      37.1578796456463749
  SMASS_NM=       1.0128778437984638  VMASS_NM=       1.2498385742322700

  Associated (t,x)-coupling constants
  -----------------------------------
  t0=      -2095.29231364119187    ; x0=       0.115126998017521909    
  t1=       244.951685090053047    ; x1=       -5.07644861379367107    
  t2=       1588.98568097078032    ; x2=       -1.36138090775030451    
  t3=       14220.5665347340364    ; x3=      -0.525751197293248818E-01
  b4=       33.9726010594328187    ; b4p=       80.0054490432093814    
  te=      -475.073340686478730    ; to=       -206.266541510333269    
  sigma=   0.264852517629431461    ; hbzero=    20.7355300000000007    

  ---------------------------------------
        Characteristics of the run       
  ---------------------------------------
  Output file ................:     7
  Nucleus ....................:   MG  24
  Number of HO shells ........:     4
  HO length b0 (fm) ..........:     1.55928400372611
  Basis deformation ..........:  beta0=   0.010 q=   1.010
  HO: b0,1/b0,bp,bz,q ........:   0.15592840E+01  0.64131999E+00  0.15568270E+01  0.15642096E+01  0.10095067E+01
  h**2/(2m), cmc, e**2 .......:   0.20735530E+02  0.20735530E+02  0.14399784E+01
  hom=f*41.0_pr*A^{-1/3}, f...:   0.17056687E+02  0.12000000E+01
  THO basis is ...............:  OFF
  Maximal number of iterations:   400
  Initial mixing parameter ...:  0.300
  Initial w.f. ...............:  from   spherical scratch
  Skyrme functional ..........:    UNE1                          
    with direct and exchange Coulomb
  Lipkin-Nogami procedure is .:  OFF
  PAV procedure is ...........:  OFF
  Constraint calculation is ..:   ON
    Constraint 1 .............: lambda=2 Ql=  -0.994
  Temperature T ..............:   0.05 MeV
  Restart indicator ..........:   1
  Broyden mixing (#iterations):   7

  ---------------------------------------
        Harmonic Oscillator Basis        
  ---------------------------------------
  NUV, NQP:                         195      35
  Comparison with bookkeeping spherical basis:
  n00:                                4       4  Maximal number of shells
  nbx, 2*n00+1:                       9       9  Maximal number of K-blocks
  ntx, (n00+1)*(n00+2)*(n00+3)/6     35      35  Max.num. p/n levels
  nzx, n00:                           4       4  Maximal nz-quantum number
  nrx, n00/2  :                       2       2  Maximal nr-quantum number
  nlx, n00:                           4       4  Maximal ml-quantum number
  ndx, (n00+2)*(n00+2)/4:             9       9  Maximal dim. of one k-block

  Actual basis used
  Number of blocks: nb .......:    9
  Number of levels: nt .......:   35
  Maximal 2*omega : nom ......:    9
  Maximal nz:       nzm ......:    4
  Maximal nr:       nrm ......:    2
  Maximal ml:       nlm ......:    4
  Maximal N=nz+2*nr+nl .......:    4
  2 x biggest block dim. .....:   18
  Non-zero elements of h .....:      115
  Number of Broyden elements .:      460

  ---------------------------------------
            Integration Meshes           
  ---------------------------------------
  Number of Gauss-Hermite mesh points ngh ....:  40
  Number of Gauss-Laguerre mesh points ngl ...:  40
  Number of Gauss-Legendre mesh points nleg ..:  80
  Integration boundaries
    Hermite  - from xh(1)  =  0.12379686 to xh(ngh)   = 11.88786356
    Laguerre - From xl(1)  =  0.03570039 to xl(ngl)   =142.28004447
    Legendre - From xleg(1)=  0.00978669 to xleg(nleg)=  0.99988775
  Max.dev.in:     Orthogonality            Normalization
  Hermite     5.2235050987142219E-016   1.9984014443252818E-015
  Laguerre    1.9977540701027837E-015   4.5519144009631418E-015

  Scratch initialization for the nucleus: MG  12  12


  Initial potentials of Saxon-Woods shape 
  v0ws   =  -71.27999878
  kappa  =    0.46160001
  vs0    =   11.11750031   11.11750031
  r0     =    1.23339999    1.23339999
  a      =    0.61500001    0.61500001
  r0-so  =    1.14429998    1.14429998
  a-so   =    0.64760000    0.64760000
  beta00 =    0.01000000

  ### REGULAR STAGE (reflection symmetry imposed)
  |HFB+HO> iterations(b0=  1.559, Nsh=  4, inin=  1, N= 12, Z= 12)...
  ----------------------------------------------------------------------------------------------------------------------------------
  i          si     mix   beta      Etot       A       rn      rp         En      Dn      Ep      Dp        Ln      Lp     time
  ----------------------------------------------------------------------------------------------------------------------------------
   1L  52.26905082 0.30  0.010     0.000000    0.0   0.000   0.000 |   -2.000   1.000  -2.000   1.000 |   -7.000  -7.000   0.000
   2B  46.65515604 0.10  0.009   -56.326430   24.0   2.616   2.616 |    0.000  -0.000   0.000  -0.000 |  -16.532 -16.532  27.910
   3B  24.64876107 0.11 -0.214  -165.428608   24.0   3.055   3.089 |    0.000  -0.000   0.000  -0.000 |  -11.370  -7.817   0.066
   4B  10.12647807 0.13 -0.329  -169.418246   24.0   3.007   2.971 |    0.000  -0.000   0.000  -0.000 |  -13.912  -9.693   0.065
   5B  22.04211795 0.10 -0.357  -152.585252   24.0   2.961   3.039 |    0.000  -0.000   0.000  -0.000 |  -14.837  -9.973   0.066
   6B  22.81813978 0.10 -0.372  -149.551548   24.0   2.989   3.009 |    0.000   0.000   0.000   0.000 |  -15.196 -11.006   0.067
   7B   5.23870828 0.11 -0.385  -167.526708   24.0   3.012   3.015 |    0.000   0.000   0.000   0.000 |  -15.985 -11.074   0.066
   8B  14.20169901 0.10 -0.429  -150.985830   24.0   3.101   3.011 |    0.000   0.000   0.000   0.000 |  -15.848 -11.169   0.066
   9B  15.21528957 0.10 -0.439  -152.931657   24.0   3.009   3.121 |    0.000   0.000   0.000   0.000 |  -15.908 -11.162   0.066
  10L  18.14829420 0.10 -0.467  -156.620772   24.0   3.069   3.120 |    0.000   0.000   0.000   0.000 |  -15.654 -10.974   0.066
  11B  15.97062542 0.11 -0.438  -144.227528   24.0   3.118   2.992 |    0.000   0.000   0.000   0.000 |  -15.020 -10.567   0.065
  12B   6.64938922 0.13 -0.375  -167.419777   24.0   3.015   3.011 |    0.000  -0.000   0.000  -0.000 |  -15.843 -10.957   0.067
  13L  19.44255271 0.10 -0.438  -150.234826   24.0   3.105   3.023 |    0.000   0.000   0.000   0.000 |  -16.024 -11.319   0.067
  14B  29.83354179 0.10 -0.436  -122.738868   24.0   2.959   3.133 |    0.000   0.000   0.000   0.000 |  -15.262  -9.570   0.063
  15B  16.38891813 0.11 -0.428  -149.184223   24.0   2.995   3.116 |    0.000   0.000   0.000   0.000 |  -16.394 -11.463   0.070
  16B   2.96263649 0.13 -0.375  -170.322644   24.0   3.005   3.007 |    0.000   0.000   0.000   0.000 |  -16.585 -11.668   0.066
  17B   3.01588829 0.10 -0.376  -169.250220   24.0   3.016   3.017 |    0.000   0.000   0.000   0.000 |  -16.412 -11.471   0.068
  18B   4.51178986 0.10 -0.404  -163.284319   24.0   3.003   3.070 |    0.000   0.000   0.000   0.000 |  -15.905 -11.108   0.071
  19B   8.85376184 0.10 -0.448  -153.430454   24.0   3.103   3.044 |    0.000   0.000   0.000   0.000 |  -15.523 -10.836   0.065
  20B   8.98783781 0.10 -0.440  -149.765803   24.0   3.014   3.107 |    0.000  -0.000   0.000  -0.000 |  -14.801  -9.793   0.064
  21L  25.07943301 0.10 -0.478  -157.676307   24.0   3.088   3.107 |    0.000  -0.000   0.000  -0.000 |  -14.624  -9.767   0.070
  22B  10.05810848 0.11 -0.430  -150.631035   24.0   3.080   3.004 |    0.000  -0.000   0.000  -0.000 |  -14.227  -9.548   0.073
  23B   5.48858432 0.13 -0.429  -159.783627   24.0   3.075   3.026 |    0.000   0.000   0.000   0.000 |  -15.311 -10.544   0.069
  24B   5.90012902 0.10 -0.384  -167.730136   24.0   2.998   3.015 |    0.000   0.000   0.000   0.000 |  -15.451 -10.618   0.066
  25B   2.51156237 0.11 -0.393  -167.867953   24.0   3.002   3.023 |    0.000   0.000   0.000   0.000 |  -15.418 -10.665   0.069
  26B   3.30742003 0.10 -0.396  -167.169700   24.0   3.015   3.021 |    0.000   0.000   0.000   0.000 |  -15.373 -10.587   0.074
  27B   1.78484041 0.11 -0.411  -165.408253   24.0   3.023   3.044 |    0.000  -0.000   0.000  -0.000 |  -15.376 -10.606   0.077
  28B   1.52242610 0.13 -0.403  -166.753259   24.0   3.021   3.026 |    0.000  -0.000   0.000  -0.000 |  -15.364 -10.577   0.072
  29B   1.10454820 0.14 -0.398  -167.484635   24.0   3.019   3.020 |    0.000  -0.000   0.000  -0.000 |  -15.406 -10.622   0.072
  30B   2.20313809 0.10 -0.390  -168.424804   24.0   3.005   3.022 |    0.000   0.000   0.000   0.000 |  -15.470 -10.705   0.073
  31B   0.83963362 0.11 -0.383  -169.872548   24.0   3.002   3.008 |    0.000  -0.000   0.000  -0.000 |  -15.385 -10.583   0.075
  32L   0.80756228 0.13 -0.387  -169.353246   24.0   3.004   3.011 |    0.000  -0.000   0.000  -0.000 |  -15.423 -10.621   0.072
  33B   6.83675591 0.10 -0.382  -167.343223   24.0   2.998   3.018 |    0.000  -0.000   0.000  -0.000 |  -15.306 -10.583   0.073
  34B   1.71633195 0.11 -0.390  -168.367298   24.0   3.018   3.009 |    0.000   0.000   0.000   0.000 |  -15.518 -10.690   0.072
  35B   2.24167261 0.10 -0.386  -169.140051   24.0   3.014   3.004 |    0.000  -0.000   0.000  -0.000 |  -15.351 -10.582   0.067
  36B   3.11967984 0.10 -0.383  -169.255241   24.0   3.006   3.011 |    0.000  -0.000   0.000  -0.000 |  -15.417 -10.618   0.070
  37B   1.30886505 0.11 -0.379  -170.358702   24.0   3.005   3.007 |    0.000   0.000   0.000   0.000 |  -15.562 -10.753   0.071
  38B   0.48362299 0.13 -0.377  -170.758626   24.0   3.000   3.008 |    0.000   0.000   0.000   0.000 |  -15.510 -10.713   0.070
  39B   0.44269541 0.14 -0.375  -171.028608   24.0   3.001   3.007 |    0.000   0.000   0.000   0.000 |  -15.533 -10.730   0.072
  40B   0.35087035 0.16 -0.376  -170.925175   24.0   3.000   3.007 |    0.000   0.000   0.000   0.000 |  -15.512 -10.708   0.072
  41B   0.31239327 0.18 -0.375  -171.085695   24.0   2.999   3.007 |    0.000  -0.000   0.000  -0.000 |  -15.509 -10.704   0.070
  42B   0.29244021 0.21 -0.374  -171.207290   24.0   2.998   3.006 |    0.000  -0.000   0.000  -0.000 |  -15.475 -10.675   0.075
  43B   0.22109531 0.24 -0.372  -171.538228   24.0   2.995   3.004 |    0.000  -0.000   0.000  -0.000 |  -15.388 -10.595   0.076
  44B   0.10929992 0.27 -0.369  -172.120359   24.0   2.991   3.000 |    0.000  -0.000   0.000  -0.000 |  -15.220 -10.439   0.073
  45B   0.11096713 0.10 -0.366  -172.465609   24.0   2.988   2.998 |    0.000   0.000   0.000   0.000 |  -15.128 -10.353   0.075
  46B   0.08761049 0.11 -0.369  -172.117959   24.0   2.991   3.000 |    0.000   0.000   0.000   0.000 |  -15.229 -10.443   0.076
  47B   0.06632463 0.13 -0.367  -172.348621   24.0   2.989   2.999 |    0.000   0.000   0.000   0.000 |  -15.169 -10.383   0.075
  48B   0.01677378 0.14 -0.367  -172.405233   24.0   2.989   2.998 |    0.000   0.000   0.000   0.000 |  -15.154 -10.367   0.077
  49B   0.03607267 0.10 -0.367  -172.434721   24.0   2.989   2.998 |    0.000   0.000   0.000   0.000 |  -15.146 -10.360   0.076
  50B   0.02250449 0.11 -0.366  -172.468278   24.0   2.988   2.998 |    0.000   0.000   0.000   0.000 |  -15.137 -10.351   0.077
  51B   0.00788339 0.13 -0.366  -172.476460   24.0   2.988   2.998 |    0.000   0.000   0.000   0.000 |  -15.135 -10.349   0.069
  52B   0.00546917 0.14 -0.366  -172.473742   24.0   2.988   2.998 |    0.000   0.000   0.000   0.000 |  -15.136 -10.349   0.075
  53B   0.00086231 0.16 -0.366  -172.474724   24.0   2.988   2.998 |    0.000   0.000   0.000   0.000 |  -15.136 -10.349   0.072
  54B   0.00029254 0.18 -0.366  -172.473035   24.0   2.988   2.998 |    0.000   0.000   0.000   0.000 |  -15.136 -10.349   0.075
  55B   0.00102032 0.10 -0.366  -172.472856   24.0   2.988   2.998 |    0.000  -0.000   0.000  -0.000 |  -15.136 -10.349   0.078
  56B   0.00009836 0.11 -0.366  -172.473109   24.0   2.988   2.998 |    0.000  -0.000   0.000  -0.000 |  -15.136 -10.349   0.073
  57B   0.00012272 0.10 -0.366  -172.473014   24.0   2.988   2.998 |    0.000  -0.000   0.000  -0.000 |  -15.136 -10.349   0.075
  58B   0.00011709 0.11 -0.366  -172.473036   24.0   2.988   2.998 |    0.000  -0.000   0.000  -0.000 |  -15.136 -10.349   0.074
  59B   0.00010875 0.13 -0.366  -172.473070   24.0   2.988   2.998 |    0.000  -0.000   0.000  -0.000 |  -15.136 -10.349   0.074
  60B   0.00010118 0.14 -0.366  -172.473100   24.0   2.988   2.998 |    0.000   0.000   0.000   0.000 |  -15.136 -10.349   0.072
  61B   0.00005728 0.16 -0.366  -172.473278   24.0   2.988   2.998 |    0.000  -0.000   0.000  -0.000 |  -15.136 -10.349   0.076
  62B   0.00006202 0.10 -0.366  -172.473442   24.0   2.988   2.998 |    0.000  -0.000   0.000  -0.000 |  -15.136 -10.349   0.073
  63B   0.00002919 0.11 -0.366  -172.473496   24.0   2.988   2.998 |    0.000  -0.000   0.000  -0.000 |  -15.136 -10.349   0.072
  64B   0.00000245 0.13 -0.366  -172.473509   24.0   2.988   2.998 |    0.000  -0.000   0.000  -0.000 |  -15.136 -10.349   0.072
  65B   0.00000661 0.10 -0.366  -172.473504   24.0   2.988   2.998 |    0.000  -0.000   0.000  -0.000 |  -15.136 -10.349   0.072
  66B   0.00000097 0.11 -0.366  -172.473510   24.0   2.988   2.998 |    0.000  -0.000   0.000  -0.000 |  -15.136 -10.349   0.074
  67B   0.00000018 0.13 -0.366  -172.473510   24.0   2.988   2.998 |    0.000  -0.000   0.000  -0.000 |  -15.136 -10.349   0.072
  68B   0.00000041 0.10 -0.366  -172.473510   24.0   2.988   2.998 |    0.000  -0.000   0.000  -0.000 |  -15.136 -10.349   0.072
  69B   0.00000015 0.11 -0.366  -172.473510   24.0   2.988   2.998 |    0.000  -0.000   0.000  -0.000 |  -15.136 -10.349   0.077
  70B   0.00000010 0.13 -0.366  -172.473510   24.0   2.988   2.998 |    0.000  -0.000   0.000  -0.000 |  -15.136 -10.349   0.074
  71B   0.00000002 0.14 -0.366  -172.473510   24.0   2.988   2.998 |    0.000  -0.000   0.000  -0.000 |  -15.136 -10.349   0.075
  72B   0.00000001 0.16 -0.366  -172.473510   24.0   2.988   2.998 |    0.000  -0.000   0.000  -0.000 |  -15.136 -10.349   0.077
  73B   0.00000001 0.18 -0.366  -172.473510   24.0   2.988   2.998 |    0.000  -0.000   0.000  -0.000 |  -15.136 -10.349   0.079
  74B   0.00000001 0.21 -0.366  -172.473510   24.0   2.988   2.998 |    0.000  -0.000   0.000  -0.000 |  -15.136 -10.349   0.078
  75B   0.00000000 0.24 -0.366  -172.473510   24.0   2.988   2.998 |    0.000  -0.000   0.000  -0.000 |  -15.136 -10.349   0.081
  76B   0.00000000 0.10 -0.366  -172.473510   24.0   2.988   2.998 |    0.000  -0.000   0.000  -0.000 |  -15.136 -10.349   0.078
  ----------------------------------------------------------------------------------------------------------------------------------
  *   iteration converged   after  76 steps   si=     0.0000000008 ho=  0 tho=  0
  ----------------------------------------------------------------------------------------------------------------------------------
  Total CPU time=   0.555 minutes

  Writing to wel_file: s012_012.hel
 __________________________________  
  The tape s012_012.hel recorded:     
  nucname,npr,ngh,ngl,n00,nb,nt      
  b0,beta0,si,etot,rms,bet,xmix      
  pairing:     CpV0,CpV1,pwi         
  delta:       del,ept               
  lambda:      ala,ala2,alast,tz     
  asymptotic:  varmas,ass,skass      
  ntx,nb,nhhdim,id,N_rz,n_r,n_z      
  Omega2,Sigma2,Parity,Lambda        
  matrices(inbro):    hh,de          
  *all blocking candidates           
 __________________________________  


  NB! From expect (UNPROJECTED RESULTS)

  pairing: CpV0,CpV1,...           0.100000       0.100000       1.000000       1.000000
  forces:   UNE1                          


                             neutrons         protons         total
  Requested part.numbs.      12.000000      12.000000      24.000000
  UnPj(av) part.numbs .      12.000000      12.000000      24.000000
  b0, bz, bp ..........       1.559284       1.564210       1.556827

  lambda (ala) ........     -15.135812     -10.349271
  Lambda (alast) ......     -15.135812     -10.349271
  delta(n,p), pwi .....      -0.000000      -0.000000      60.000000
  pairing energy ......       0.000000       0.000000       0.000000

  rms-radius ..........       2.988394       2.997659       2.993030
  charge-radius, r0 ...                      3.102573       3.461399
  deformation beta2....      -0.366295      -0.366355      -0.366326
  dipole moment[fm] ...       0.000000       0.000000       0.000000
  quadrupole moment[b]       -0.495220      -0.498378      -0.993598
  octupole moment .....       0.000000       0.000000       0.000000
  hexadecapole moment .       0.006601       0.006640       0.013241
  q5 ..................       0.000000       0.000000       0.000000
  q6 ..................      -0.000243      -0.000242      -0.000485
  q7 ..................       0.000000       0.000000       0.000000
  q8 ..................       0.000005       0.000005       0.000010

  <r^0> [fm^0] ........            1.000000            1.000000            1.000000
  <r^2> [fm^2] ........            8.930496            8.985961            8.958229
  <r^4> [fm^4] ........          112.311873          113.528539          112.920206
  <r^6> [fm^6] ........         1764.298516         1789.788217         1777.043367
  <r^8> [fm^8] ........        32800.532787        33369.897962        33085.215374

  kinetic energy ......     212.177094     211.147531     423.324625
  volume energy .......                                  -669.095673
        rho_tau .......                                     3.080757
        rho_rho .......                                  -672.176430
  surface energy ......                                    61.092452
   rho_DELTA_rho ......                                    61.092452
   (NABLA_rho)^2 ......                                     0.000000
  spin-orbit energy ...                                   -16.595361
        rho_NABLA_J ...                                   -16.595361
        NABLA_rho_J ...                                     0.000000
  coulomb energy ......                                    28.800447
          direct ......                                    33.287771
          exchange ....                                    -4.487324
  tensor energy .......                                     0.000000
  direct Hartree E  ...                                     0.000000
  Extra E .............                                     0.000000
  External field E ....                                     0.000000
  Entropy .............       2.453283       2.452698       4.905981

  tEnergy: ehfb (qp)...                                  -172.473510

  Calculated but not added corrections 
====================================
  cmc-diagonal part ...       0.000000       0.000000       0.000000
  cmc-hfb .............       0.000000       0.000000       0.000000
  cranking rot corr ...       0.000000       0.000000       0.000000

  SQUJ ................       0.000000       0.000000       0.000000
  CRAN x 4 ............       0.000000       0.000000       0.000000
  Rigit Body ..........       0.000000       0.000000       0.000000


   Blocking candidates are:
   neutron eqpmin=   4.1670891094661044E-002  pwiblo=   5.1031036307982882     
    num=   1 block=   1 state=   1     1 Eqp=   0.04167089  (1-2N)E=  -0.04167089  Ovlp=   0.80450634  1+[ 2, 0, 0]
    num=   2 block=   3 state=   1    16 Eqp=   0.04167088  (1-2N)E=   0.04167088  Ovlp=   0.82829468  3+[ 2, 0, 2]
    num=   3 block=   2 state=   1    10 Eqp=   0.86427694  (1-2N)E=  -0.86427694  Ovlp=   0.91718526  1-[ 1, 1, 0]
    num=   4 block=   5 state=   1    26 Eqp=   2.42846055  (1-2N)E=  -2.42846055  Ovlp=   0.92995007  5+[ 2, 0, 2]

   Blocking candidates are:
   proton  eqpmin=   4.1712829951464414E-002  pwiblo=   5.1031036307982882     
    num=   1 block=   1 state=   1     1 Eqp=   0.04171283  (1-2N)E=  -0.04171283  Ovlp=   0.80002438  1+[ 2, 0, 0]
    num=   2 block=   3 state=   1    16 Eqp=   0.04171279  (1-2N)E=   0.04171279  Ovlp=   0.82768015  3+[ 2, 0, 2]
    num=   3 block=   2 state=   1    10 Eqp=   0.77617508  (1-2N)E=  -0.77617508  Ovlp=   0.91686221  1-[ 1, 1, 0]
    num=   4 block=   5 state=   1    26 Eqp=   2.43129070  (1-2N)E=  -2.43129070  Ovlp=   0.92745851  5+[ 2, 0, 2]



 HFBTHO_SOLVER ended without errors

