No Skyrme interaction defined in routine skforce()
Multi-threading framework with OpenMP: 1 threads/task

  =======================================
           FORTRAN 95 CODE (KIND= 8) 
               Version: 200d  
  =======================================
       AXIALLY DEFORMED CONFIGURATIONAL  
     HARTREE-FOCK-BOGOLIUBOV CALCULATIONS
                     WITH                
            UNEDF AND DELTA PAIRING      
                     USING               
             HARMONIC-OSCILLATOR         
                   AND/OR                
       TRANSFORMED HARMONIC-OSCILLATOR   
                    BASIS                
                     ---                 
               v1.66  (2005):,           
   Stoitsov,Dobaczewski,Nazarewicz,Ring, 
               v2.00d (2012):,           
         Stoitsov,Schunck,Kortelainen    
  =======================================
    Nucleus: GD (A= 156, N= 92, Z= 64)
       Reflection Symmetry Imposed       
            ( 9/15/2022, 10: 9)                               
  =======================================


  ---------------------------------------
           UNEDF Module Version:17
         M.Kortelainen & M.Stoitsov 
  ---------------------------------------

  UNE1 functional
  ----------------------------------
  Crho(0)=   -803.812534246297560    ; Crho(1)=    322.969532273117238    
  CDrho(0)=   882.904421158045579    ; CDrho(1)=  -282.613803396066203    
  Ctau(0)=    8.57980277297792249    ; Ctau(1)=   -24.0276814987042471    
  CrDr(0)=   -48.2088166354128660    ; CrDr(1)=   -129.408166210603582    
  CrdJ(0)=   -79.6373859909947015    ; CrdJ(1)=   -38.7950340027875313    
  CJ(0)=      0.00000000000000000    ; CJ(1)=      0.00000000000000000    
  CpV0(0)=   0.100000000000000006    ; CpV0(1)=   0.100000000000000006    
  CpV1(0)=    1.00000000000000000    ; CpV1(1)=    1.00000000000000000    
  sigma=     0.250636588016027506    ; hbzero=     20.7355300000000007    
  e^2 chrg=   1.43997840859651305    ; CExPar=     1.00000000000000000    
  c.m. correction: F, chr. density in direct Coul: F
  use tensor terms: F
  use TMR pairing:  0

  Coupling constants in natural units
  -----------------------------------
  Crho_nu(0)=  -0.905189307908361496    ; Crho_nu(1)=   0.363702424307072503    
  CDrho_nu(0)=  0.936705850330928014    ; CDrho_nu(1)= -0.299835403109825704    
  Ctau_nu(0)=   0.121619679768139394    ; Ctau_nu(1)=  -0.340595117016774085    
  CrDr_nu(0)=  -0.683365456798822768    ; CrDr_nu(1)=   -1.83437546880266300    
  CrdJ_nu(0)=   -1.12886900061396189    ; CrdJ_nu(1)=  -0.549924017702736578    
  CJ_nu(0)=      0.00000000000000000    ; CJ_nu(1)=      0.00000000000000000    
  CpV0_nu(0)=   0.112611992142809880E-03; CpV0_nu(1)=   0.112611992142809880E-03
  CpV1_nu(0)=   0.887702254206059068E-03; CpV1_nu(1)=   0.887702254206059068E-03
  fpi_nu=        93.0000000000000000    ; Lambda_nu=     700.000000000000000    

  Nuclear matter properties
  ----------------------------------
      E_NM=     -15.8000000000000043      K_NM=     219.9999999999996305
      P_NM=      -0.0000000000000044    RHO_NM=       0.1588756497737382
    ASS_NM=      29.2741060013319583   LASS_NM=      42.4123144098445408
  SMASS_NM=       1.0657384566725514  VMASS_NM=       1.2498385742322695

  Associated (t,x)-coupling constants
  -----------------------------------
  t0=      -2143.50009132345986    ; x0=       0.102695625869941187    
  t1=       268.553425752839189    ; x1=       -4.17602820153927379    
  t2=       1349.78074727244848    ; x2=       -1.37379481523971569    
  t3=       14126.4707385287293    ; x3=      -0.198566289450998745E-01
  b4=       40.8423519882071702    ; b4p=       77.5900680055750627    
  te=      -405.703579339672785    ; to=       -189.458115035750865    
  sigma=   0.250636588016027506    ; hbzero=    20.7355300000000007    

  ---------------------------------------
        Characteristics of the run       
  ---------------------------------------
  Output file ................:     7
  Nucleus ....................:   GD 156
  Number of HO shells ........:    10
  HO length b0 (fm) ..........:     2.13015292605643
  Basis deformation ..........:  beta0=   0.010 q=   1.010
  HO: b0,1/b0,bp,bz,q ........:   0.21301529E+01  0.46944986E+00  0.21267964E+01  0.21368819E+01  0.10095067E+01
  h**2/(2m), cmc, e**2 .......:   0.20735530E+02  0.20735530E+02  0.14399784E+01
  hom=f*41.0_pr*A^{-1/3}, f...:   0.91395238E+01  0.12000000E+01
  THO basis is ...............:  OFF
  Maximal number of iterations:   400
  Initial mixing parameter ...:  0.300
  Initial w.f. ...............:  from   spherical scratch
  Skyrme functional ..........:    UNE1                          
    with direct and exchange Coulomb
  Lipkin-Nogami procedure is .:  OFF
  PAV procedure is ...........:  OFF
  Constraint calculation is ..:   ON
    Constraint 1 .............: lambda=2 Ql=  -8.437
  Temperature T ..............:   0.05 MeV
  Restart indicator ..........:   1
  Broyden mixing (#iterations):   7

  ---------------------------------------
        Harmonic Oscillator Basis        
  ---------------------------------------
  NUV, NQP:                        6222     286
  Comparison with bookkeeping spherical basis:
  n00:                               10      10  Maximal number of shells
  nbx, 2*n00+1:                      21      21  Maximal number of K-blocks
  ntx, (n00+1)*(n00+2)*(n00+3)/6    286     286  Max.num. p/n levels
  nzx, n00:                          10      10  Maximal nz-quantum number
  nrx, n00/2  :                       5       5  Maximal nr-quantum number
  nlx, n00:                          10      10  Maximal ml-quantum number
  ndx, (n00+2)*(n00+2)/4:            36      36  Maximal dim. of one k-block

  Actual basis used
  Number of blocks: nb .......:   21
  Number of levels: nt .......:  286
  Maximal 2*omega : nom ......:   21
  Maximal nz:       nzm ......:   10
  Maximal nr:       nrm ......:    5
  Maximal ml:       nlm ......:   10
  Maximal N=nz+2*nr+nl .......:   10
  2 x biggest block dim. .....:   72
  Non-zero elements of h .....:     3254
  Number of Broyden elements .:    13016

  ---------------------------------------
            Integration Meshes           
  ---------------------------------------
  Number of Gauss-Hermite mesh points ngh ....:  40
  Number of Gauss-Laguerre mesh points ngl ...:  40
  Number of Gauss-Legendre mesh points nleg ..:  80
  Integration boundaries
    Hermite  - from xh(1)  =  0.12379686 to xh(ngh)   = 11.88786356
    Laguerre - From xl(1)  =  0.03570039 to xl(ngl)   =142.28004447
    Legendre - From xleg(1)=  0.00978669 to xleg(nleg)=  0.99988775
  Max.dev.in:     Orthogonality            Normalization
  Hermite     1.5248282503475657E-015   1.0991207943789050E-014
  Laguerre    4.8291451697098846E-015   9.3258734068513149E-015

  Scratch initialization for the nucleus: GD  92  64


  Initial potentials of Saxon-Woods shape 
  v0ws   =  -71.27999878
  kappa  =    0.46160001
  vs0    =   11.11750031   11.11750031
  r0     =    1.23339999    1.23339999
  a      =    0.61500001    0.61500001
  r0-so  =    1.14429998    1.14429998
  a-so   =    0.64760000    0.64760000
  beta00 =    0.01000000

  ### REGULAR STAGE (reflection symmetry imposed)
  |HFB+HO> iterations(b0=  2.130, Nsh= 10, inin=  1, N= 92, Z= 64)...
  ----------------------------------------------------------------------------------------------------------------------------------
  i          si     mix   beta      Etot       A       rn      rp         En      Dn      Ep      Dp        Ln      Lp     time
  ----------------------------------------------------------------------------------------------------------------------------------
   1L  69.94764065 0.30  0.010     0.000000    0.0   0.000   0.000 |   -2.000   1.000  -2.000   1.000 |   -7.000  -7.000   0.000
   2B  39.16614963 0.10  0.020 -1013.184228  156.0   4.803   4.551 |    0.001  -0.000   0.000  -0.000 |  -14.218 -26.849  40.617
   3B  20.04190061 0.11 -0.102 -1059.106860  156.0   4.952   4.931 |    0.000  -0.000   0.000  -0.000 |   -5.825 -12.096   3.700
   4B  39.33925179 0.10 -0.153  -517.133584  156.0   5.130   4.726 |    0.000  -0.000   0.000  -0.000 |   -6.425  -7.039   3.748
   5B   9.10491319 0.11 -0.201 -1232.600760  156.0   5.140   5.004 |    0.000  -0.000   0.000  -0.000 |   -5.907  -7.108   3.495
   6B   5.14312038 0.13 -0.225 -1258.468025  156.0   5.164   5.036 |    0.000  -0.000   0.000  -0.000 |   -6.253  -7.090   3.811
   7B   4.19129078 0.14 -0.256 -1264.640835  156.0   5.209   5.038 |    0.000  -0.000   0.000  -0.000 |   -6.737  -7.127   4.274
   8B   3.30138850 0.16 -0.257 -1268.461956  156.0   5.197   5.082 |    0.000  -0.000   0.000  -0.000 |   -6.903  -7.209   4.204
   9B   4.59213955 0.10 -0.278 -1270.394806  156.0   5.224   5.087 |    0.000  -0.000   0.000  -0.000 |   -6.853  -7.231   5.340
  10B   4.03050405 0.11 -0.272 -1270.955773  156.0   5.219   5.077 |    0.000  -0.000   0.000  -0.000 |   -6.616  -7.163   4.911
  11B   2.42316716 0.13 -0.265 -1271.306878  156.0   5.209   5.077 |    0.000  -0.000   0.000  -0.000 |   -6.625  -7.162   4.689
  12B   4.51760217 0.10 -0.246 -1270.714017  156.0   5.195   5.074 |    0.000  -0.000   0.000  -0.000 |   -6.514  -6.965   5.395
  13B   4.43598977 0.11 -0.246 -1270.616503  156.0   5.195   5.075 |    0.000  -0.000   0.000  -0.000 |   -6.512  -6.977   5.003
  14B   4.20213310 0.13 -0.240 -1271.378616  156.0   5.192   5.066 |    0.000  -0.000   0.000  -0.000 |   -6.492  -6.913   5.095
  15B   3.62397920 0.14 -0.231 -1271.427351  156.0   5.188   5.053 |    0.000  -0.000   0.000  -0.000 |   -6.426  -6.880   5.232
  16B   2.95018090 0.16 -0.224 -1271.105816  156.0   5.184   5.054 |    0.000  -0.000   0.000  -0.000 |   -6.474  -6.874   4.616
  17B   2.22643042 0.18 -0.209 -1271.831199  156.0   5.178   5.037 |    0.000  -0.000   0.000  -0.000 |   -6.317  -6.901   4.781
  18B   1.76516897 0.21 -0.192 -1270.468106  156.0   5.172   5.031 |    0.000  -0.000   0.000  -0.000 |   -6.206  -6.949   4.563
  19B   2.01196676 0.10 -0.191 -1271.420761  156.0   5.170   5.038 |    0.000  -0.000   0.000  -0.000 |   -6.296  -7.027   4.685
  20B   1.01642318 0.11 -0.170 -1269.817731  156.0   5.159   5.034 |    0.000   0.000   0.000   0.000 |   -6.201  -7.133   4.829
  21B   0.66712955 0.13 -0.171 -1270.426872  156.0   5.160   5.033 |    0.000   0.000   0.000   0.000 |   -6.210  -7.172   4.669
  22B   0.57394057 0.14 -0.169 -1270.432802  156.0   5.160   5.031 |    0.000   0.000   0.000   0.000 |   -6.220  -7.203   4.754
  23B   0.70427340 0.10 -0.170 -1270.400135  156.0   5.161   5.026 |    0.000   0.000   0.000   0.000 |   -6.205  -7.304   4.922
  24B   0.27895125 0.11 -0.167 -1270.589047  156.0   5.160   5.024 |    0.000   0.000   0.000   0.000 |   -6.197  -7.306   4.579
  25B   0.53628440 0.10 -0.168 -1270.577646  156.0   5.159   5.024 |    0.000  -0.000   0.000  -0.000 |   -6.179  -7.337   4.793
  26B   0.09792486 0.11 -0.167 -1270.658828  156.0   5.159   5.024 |    0.000  -0.000   0.000  -0.000 |   -6.189  -7.317   5.218
  27B   0.06681563 0.13 -0.166 -1270.608454  156.0   5.159   5.023 |    0.000  -0.000   0.000  -0.000 |   -6.176  -7.309   4.832
  28B   0.12163847 0.10 -0.166 -1270.565768  156.0   5.159   5.023 |    0.000   0.000   0.000   0.000 |   -6.162  -7.296   4.943
  29B   0.05083592 0.11 -0.166 -1270.572110  156.0   5.158   5.023 |    0.000  -0.000   0.000  -0.000 |   -6.167  -7.299   4.837
  30B   0.07428718 0.10 -0.165 -1270.532833  156.0   5.158   5.022 |    0.000   0.000   0.000   0.000 |   -6.159  -7.291   4.727
  31B   0.03581237 0.11 -0.165 -1270.493987  156.0   5.158   5.022 |    0.000   0.000   0.000   0.000 |   -6.153  -7.292   4.704
  32B   0.04208101 0.10 -0.164 -1270.471679  156.0   5.158   5.022 |    0.000   0.000   0.000   0.000 |   -6.153  -7.291   4.740
  33B   0.03197448 0.11 -0.164 -1270.476458  156.0   5.158   5.022 |    0.000  -0.000   0.000  -0.000 |   -6.155  -7.295   4.889
  34B   0.02165145 0.13 -0.164 -1270.475864  156.0   5.158   5.022 |    0.000  -0.000   0.000  -0.000 |   -6.156  -7.295   4.900
  35B   0.02180642 0.10 -0.164 -1270.473741  156.0   5.158   5.022 |    0.000  -0.000   0.000  -0.000 |   -6.157  -7.295   5.120
  36B   0.02394116 0.10 -0.164 -1270.484631  156.0   5.158   5.022 |    0.000  -0.000   0.000  -0.000 |   -6.159  -7.295   5.102
  37B   0.02289755 0.11 -0.164 -1270.488737  156.0   5.158   5.022 |    0.000  -0.000   0.000  -0.000 |   -6.160  -7.294   4.600
  38B   0.01456251 0.13 -0.165 -1270.502892  156.0   5.158   5.023 |    0.000   0.000   0.000   0.000 |   -6.163  -7.293   4.645
  39B   0.01506521 0.10 -0.165 -1270.504734  156.0   5.158   5.023 |    0.000  -0.000   0.000  -0.000 |   -6.164  -7.291   4.817
  40B   0.01929054 0.10 -0.165 -1270.508473  156.0   5.158   5.023 |    0.000   0.000   0.000   0.000 |   -6.165  -7.290   4.741
  41B   0.01656143 0.11 -0.165 -1270.504810  156.0   5.159   5.023 |    0.000  -0.000   0.000  -0.000 |   -6.165  -7.289   4.501
  42B   0.01623410 0.13 -0.165 -1270.499510  156.0   5.159   5.023 |    0.000  -0.000   0.000  -0.000 |   -6.165  -7.287   4.566
  43B   0.01887925 0.10 -0.164 -1270.486360  156.0   5.159   5.023 |    0.000  -0.000   0.000  -0.000 |   -6.166  -7.285   4.712
  44B   0.01002142 0.11 -0.164 -1270.484697  156.0   5.159   5.023 |    0.000  -0.000   0.000  -0.000 |   -6.168  -7.282   4.783
  45B   0.01392812 0.10 -0.164 -1270.481336  156.0   5.159   5.023 |    0.000   0.000   0.000   0.000 |   -6.171  -7.280   4.986
  46B   0.01122290 0.11 -0.164 -1270.477419  156.0   5.159   5.023 |    0.000  -0.000   0.000  -0.000 |   -6.170  -7.281   4.950
  47B   0.01003087 0.13 -0.164 -1270.479313  156.0   5.159   5.023 |    0.000  -0.000   0.000  -0.000 |   -6.172  -7.280   4.653
  48B   0.00690400 0.14 -0.164 -1270.484785  156.0   5.159   5.023 |    0.000  -0.000   0.000  -0.000 |   -6.173  -7.280   4.461
  49B   0.00598439 0.16 -0.164 -1270.486358  156.0   5.159   5.023 |    0.000   0.000   0.000   0.000 |   -6.174  -7.280   4.875
  50B   0.00614354 0.10 -0.165 -1270.495384  156.0   5.159   5.023 |    0.000   0.000   0.000   0.000 |   -6.176  -7.279   4.692
  51B   0.00539009 0.11 -0.165 -1270.498918  156.0   5.159   5.023 |    0.000   0.000   0.000   0.000 |   -6.178  -7.276   4.720
  52B   0.00557596 0.10 -0.165 -1270.498725  156.0   5.159   5.023 |    0.000   0.000   0.000   0.000 |   -6.177  -7.276   4.641
  53B   0.00501642 0.11 -0.165 -1270.496413  156.0   5.159   5.023 |    0.000   0.000   0.000   0.000 |   -6.177  -7.276   4.483
  54B   0.00431289 0.13 -0.165 -1270.495725  156.0   5.159   5.023 |    0.000   0.000   0.000   0.000 |   -6.177  -7.276   4.387
  55B   0.00354392 0.14 -0.165 -1270.495504  156.0   5.159   5.023 |    0.000   0.000   0.000   0.000 |   -6.177  -7.276   4.832
  56B   0.00539587 0.10 -0.165 -1270.493499  156.0   5.159   5.023 |    0.000   0.000   0.000   0.000 |   -6.178  -7.275   5.022
  57B   0.00281636 0.11 -0.164 -1270.489552  156.0   5.159   5.023 |    0.000  -0.000   0.000  -0.000 |   -6.178  -7.274   4.796
  58B   0.00217742 0.13 -0.165 -1270.490607  156.0   5.159   5.023 |    0.000  -0.000   0.000  -0.000 |   -6.178  -7.274   4.473
  59B   0.00193392 0.14 -0.165 -1270.491087  156.0   5.159   5.023 |    0.000  -0.000   0.000  -0.000 |   -6.178  -7.274   4.538
  60B   0.00181577 0.16 -0.165 -1270.491250  156.0   5.159   5.023 |    0.000  -0.000   0.000  -0.000 |   -6.179  -7.274   4.578
  61B   0.00165650 0.18 -0.165 -1270.491505  156.0   5.159   5.023 |    0.000  -0.000   0.000  -0.000 |   -6.179  -7.274   4.594
  62B   0.00240520 0.10 -0.165 -1270.491947  156.0   5.159   5.023 |    0.000  -0.000   0.000  -0.000 |   -6.178  -7.274   5.078
  63B   0.00137298 0.11 -0.165 -1270.492491  156.0   5.159   5.023 |    0.000  -0.000   0.000  -0.000 |   -6.178  -7.275   5.044
  64B   0.00174870 0.10 -0.165 -1270.492525  156.0   5.159   5.023 |    0.000  -0.000   0.000  -0.000 |   -6.178  -7.275   4.766
  65B   0.00207079 0.10 -0.165 -1270.492701  156.0   5.159   5.023 |    0.000  -0.000   0.000  -0.000 |   -6.178  -7.275   4.856
  66B   0.00108963 0.11 -0.165 -1270.493792  156.0   5.159   5.023 |    0.000  -0.000   0.000  -0.000 |   -6.179  -7.274   4.837
  67B   0.00179466 0.10 -0.165 -1270.494451  156.0   5.159   5.023 |    0.000  -0.000   0.000  -0.000 |   -6.179  -7.274   4.682
  68B   0.00151432 0.11 -0.165 -1270.494966  156.0   5.159   5.024 |    0.000  -0.000   0.000  -0.000 |   -6.179  -7.274   4.912
  69B   0.00157653 0.10 -0.165 -1270.495099  156.0   5.159   5.024 |    0.000  -0.000   0.000  -0.000 |   -6.179  -7.274   4.835
  70B   0.00173450 0.10 -0.165 -1270.495597  156.0   5.159   5.024 |    0.000  -0.000   0.000  -0.000 |   -6.179  -7.274   4.875
  71B   0.00171389 0.11 -0.165 -1270.494224  156.0   5.159   5.024 |    0.000   0.000   0.000   0.000 |   -6.179  -7.274   4.629
  72B   0.00127136 0.13 -0.165 -1270.494660  156.0   5.159   5.024 |    0.000  -0.000   0.000  -0.000 |   -6.179  -7.274   4.667
  73B   0.00142170 0.10 -0.165 -1270.493899  156.0   5.159   5.024 |    0.000  -0.000   0.000  -0.000 |   -6.179  -7.274   4.531
  74B   0.00095813 0.11 -0.165 -1270.492954  156.0   5.159   5.024 |    0.000   0.000   0.000   0.000 |   -6.179  -7.273   4.665
  75B   0.00082491 0.13 -0.165 -1270.492997  156.0   5.159   5.024 |    0.000   0.000   0.000   0.000 |   -6.180  -7.273   4.721
  76B   0.00055908 0.14 -0.165 -1270.493098  156.0   5.159   5.024 |    0.000  -0.000   0.000  -0.000 |   -6.180  -7.273   4.595
  77B   0.00069875 0.10 -0.165 -1270.493107  156.0   5.159   5.024 |    0.000   0.000   0.000   0.000 |   -6.180  -7.273   4.561
  78B   0.00061742 0.11 -0.165 -1270.493305  156.0   5.159   5.024 |    0.000   0.000   0.000   0.000 |   -6.180  -7.273   4.795
  79B   0.00054822 0.13 -0.165 -1270.493268  156.0   5.159   5.024 |    0.000   0.000   0.000   0.000 |   -6.180  -7.273   4.634
  80B   0.00061735 0.10 -0.165 -1270.492899  156.0   5.159   5.024 |    0.000   0.000   0.000   0.000 |   -6.180  -7.273   4.516
  81B   0.00051646 0.11 -0.165 -1270.493088  156.0   5.159   5.024 |    0.000   0.000   0.000   0.000 |   -6.180  -7.273   4.515
  82B   0.00050820 0.13 -0.165 -1270.493102  156.0   5.159   5.024 |    0.000   0.000   0.000   0.000 |   -6.180  -7.273   4.369
  83B   0.00096195 0.10 -0.165 -1270.493446  156.0   5.159   5.024 |    0.000   0.000   0.000   0.000 |   -6.180  -7.273   4.682
  84B   0.00080214 0.11 -0.165 -1270.493696  156.0   5.159   5.024 |    0.000  -0.000   0.000  -0.000 |   -6.180  -7.273   4.567
  85B   0.00070438 0.13 -0.165 -1270.493902  156.0   5.159   5.024 |    0.000  -0.000   0.000  -0.000 |   -6.180  -7.273   4.892
  86B   0.00083781 0.10 -0.165 -1270.494113  156.0   5.159   5.024 |    0.000  -0.000   0.000  -0.000 |   -6.180  -7.273   4.961
  87B   0.00064505 0.11 -0.165 -1270.494061  156.0   5.159   5.024 |    0.000  -0.000   0.000  -0.000 |   -6.180  -7.273   4.603
  88B   0.00063432 0.13 -0.165 -1270.494023  156.0   5.159   5.024 |    0.000   0.000   0.000   0.000 |   -6.180  -7.273   4.459
  89B   0.00077493 0.10 -0.165 -1270.493313  156.0   5.159   5.024 |    0.000   0.000   0.000   0.000 |   -6.180  -7.273   4.742
  90B   0.00084276 0.10 -0.165 -1270.493662  156.0   5.159   5.024 |    0.000   0.000   0.000   0.000 |   -6.180  -7.273   4.707
  91B   0.00058230 0.11 -0.165 -1270.493633  156.0   5.159   5.024 |    0.000   0.000   0.000   0.000 |   -6.180  -7.273   4.876
  92B   0.00036157 0.13 -0.165 -1270.493199  156.0   5.159   5.024 |    0.000   0.000   0.000   0.000 |   -6.180  -7.273   4.588
  93B   0.00045856 0.10 -0.165 -1270.492944  156.0   5.159   5.024 |    0.000   0.000   0.000   0.000 |   -6.180  -7.273   5.043
  94B   0.00037404 0.11 -0.165 -1270.493099  156.0   5.159   5.024 |    0.000   0.000   0.000   0.000 |   -6.180  -7.273   4.763
  95B   0.00033017 0.13 -0.165 -1270.493174  156.0   5.159   5.024 |    0.000   0.000   0.000   0.000 |   -6.180  -7.273   4.681
  96B   0.00030237 0.14 -0.165 -1270.493224  156.0   5.159   5.024 |    0.000   0.000   0.000   0.000 |   -6.180  -7.273   5.144
  97B   0.00024224 0.16 -0.165 -1270.493394  156.0   5.159   5.024 |    0.000  -0.000   0.000  -0.000 |   -6.180  -7.273   4.805
  98B   0.00026606 0.10 -0.165 -1270.493732  156.0   5.159   5.024 |    0.000  -0.000   0.000  -0.000 |   -6.180  -7.273   4.997
  99B   0.00028856 0.10 -0.165 -1270.493673  156.0   5.159   5.024 |    0.000   0.000   0.000   0.000 |   -6.180  -7.273   4.708
 100B   0.00016567 0.11 -0.165 -1270.493721  156.0   5.159   5.024 |    0.000   0.000   0.000   0.000 |   -6.180  -7.273   4.581
 101B   0.00011011 0.13 -0.165 -1270.493714  156.0   5.159   5.024 |    0.000   0.000   0.000   0.000 |   -6.180  -7.273   4.681
 102B   0.00014384 0.10 -0.165 -1270.493643  156.0   5.159   5.024 |    0.000   0.000   0.000   0.000 |   -6.180  -7.273   5.098
 103B   0.00008639 0.11 -0.165 -1270.493620  156.0   5.159   5.024 |    0.000   0.000   0.000   0.000 |   -6.180  -7.273   4.860
 104B   0.00005196 0.13 -0.165 -1270.493609  156.0   5.159   5.024 |    0.000   0.000   0.000   0.000 |   -6.180  -7.273   4.931
 105B   0.00004984 0.14 -0.165 -1270.493592  156.0   5.159   5.024 |    0.000   0.000   0.000   0.000 |   -6.180  -7.273   4.770
 106B   0.00004761 0.16 -0.165 -1270.493596  156.0   5.159   5.024 |    0.000   0.000   0.000   0.000 |   -6.180  -7.273   4.715
 107B   0.00003407 0.18 -0.165 -1270.493617  156.0   5.159   5.024 |    0.000   0.000   0.000   0.000 |   -6.180  -7.273   4.706
 108B   0.00002140 0.21 -0.165 -1270.493639  156.0   5.159   5.024 |    0.000   0.000   0.000   0.000 |   -6.180  -7.273   4.803
 109B   0.00002243 0.10 -0.165 -1270.493650  156.0   5.159   5.024 |    0.000   0.000   0.000   0.000 |   -6.180  -7.273   4.743
 110B   0.00001834 0.11 -0.165 -1270.493661  156.0   5.159   5.024 |    0.000  -0.000   0.000  -0.000 |   -6.180  -7.273   4.889
 111B   0.00002599 0.10 -0.165 -1270.493673  156.0   5.159   5.024 |    0.000  -0.000   0.000  -0.000 |   -6.180  -7.273   4.855
 112B   0.00001719 0.11 -0.165 -1270.493691  156.0   5.159   5.024 |    0.000  -0.000   0.000   0.000 |   -6.180  -7.273   4.924
 113B   0.00001401 0.13 -0.165 -1270.493674  156.0   5.159   5.024 |    0.000   0.000   0.000   0.000 |   -6.180  -7.273   4.916
 114B   0.00000821 0.14 -0.165 -1270.493671  156.0   5.159   5.024 |    0.000   0.000   0.000   0.000 |   -6.180  -7.273   4.707
 115B   0.00001171 0.10 -0.165 -1270.493672  156.0   5.159   5.024 |    0.000  -0.000   0.000   0.000 |   -6.180  -7.273   4.746
 116B   0.00000936 0.11 -0.165 -1270.493675  156.0   5.159   5.024 |    0.000  -0.000   0.000   0.000 |   -6.180  -7.273   5.049
 117B   0.00000743 0.13 -0.165 -1270.493675  156.0   5.159   5.024 |    0.000  -0.000   0.000  -0.000 |   -6.180  -7.273   5.208
 118B   0.00000660 0.14 -0.165 -1270.493670  156.0   5.159   5.024 |    0.000  -0.000   0.000  -0.000 |   -6.180  -7.273   5.229
 119B   0.00000402 0.16 -0.165 -1270.493667  156.0   5.159   5.024 |    0.000  -0.000   0.000  -0.000 |   -6.180  -7.273   4.973
 120B   0.00000162 0.18 -0.165 -1270.493666  156.0   5.159   5.024 |    0.000  -0.000   0.000   0.000 |   -6.180  -7.273   4.842
 121B   0.00000170 0.10 -0.165 -1270.493666  156.0   5.159   5.024 |    0.000   0.000   0.000   0.000 |   -6.180  -7.273   4.928
 122B   0.00000155 0.11 -0.165 -1270.493666  156.0   5.159   5.024 |    0.000   0.000   0.000  -0.000 |   -6.180  -7.273   4.689
 123B   0.00000124 0.13 -0.165 -1270.493667  156.0   5.159   5.024 |    0.000  -0.000   0.000   0.000 |   -6.180  -7.273   4.906
 124B   0.00000126 0.10 -0.165 -1270.493667  156.0   5.159   5.024 |    0.000  -0.000   0.000   0.000 |   -6.180  -7.273   4.732
 125B   0.00000117 0.11 -0.165 -1270.493667  156.0   5.159   5.024 |    0.000   0.000   0.000   0.000 |   -6.180  -7.273   4.619
 126B   0.00000093 0.13 -0.165 -1270.493668  156.0   5.159   5.024 |    0.000  -0.000   0.000   0.000 |   -6.180  -7.273   4.908
 127B   0.00000114 0.10 -0.165 -1270.493667  156.0   5.159   5.024 |    0.000   0.000   0.000  -0.000 |   -6.180  -7.273   4.786
 128B   0.00000113 0.11 -0.165 -1270.493667  156.0   5.159   5.024 |    0.000   0.000   0.000   0.000 |   -6.180  -7.273   4.771
 129B   0.00000115 0.10 -0.165 -1270.493668  156.0   5.159   5.024 |    0.000   0.000   0.000   0.000 |   -6.180  -7.273   4.688
 130B   0.00000037 0.11 -0.165 -1270.493669  156.0   5.159   5.024 |    0.000  -0.000   0.000   0.000 |   -6.180  -7.273   5.037
 131B   0.00000016 0.13 -0.165 -1270.493669  156.0   5.159   5.024 |    0.000   0.000   0.000   0.000 |   -6.180  -7.273   4.911
 132B   0.00000005 0.14 -0.165 -1270.493669  156.0   5.159   5.024 |    0.000  -0.000   0.000  -0.000 |   -6.180  -7.273   5.024
 133B   0.00000005 0.10 -0.165 -1270.493669  156.0   5.159   5.024 |    0.000  -0.000   0.000  -0.000 |   -6.180  -7.273   4.780
 134B   0.00000004 0.11 -0.165 -1270.493669  156.0   5.159   5.024 |    0.000  -0.000   0.000   0.000 |   -6.180  -7.273   4.766
 135B   0.00000002 0.13 -0.165 -1270.493669  156.0   5.159   5.024 |    0.000  -0.000   0.000   0.000 |   -6.180  -7.273   4.671
 136B   0.00000001 0.14 -0.165 -1270.493669  156.0   5.159   5.024 |    0.000  -0.000   0.000  -0.000 |   -6.180  -7.273   5.285
 137B   0.00000002 0.10 -0.165 -1270.493669  156.0   5.159   5.024 |    0.000  -0.000   0.000  -0.000 |   -6.180  -7.273   5.085
 138B   0.00000002 0.10 -0.165 -1270.493669  156.0   5.159   5.024 |    0.000  -0.000   0.000  -0.000 |   -6.180  -7.273   4.644
 139B   0.00000001 0.11 -0.165 -1270.493669  156.0   5.159   5.024 |    0.000  -0.000   0.000  -0.000 |   -6.180  -7.273   4.659
 140B   0.00000001 0.10 -0.165 -1270.493669  156.0   5.159   5.024 |    0.000   0.000   0.000  -0.000 |   -6.180  -7.273   4.490
 141B   0.00000001 0.11 -0.165 -1270.493669  156.0   5.159   5.024 |    0.000  -0.000   0.000  -0.000 |   -6.180  -7.273   4.658
 142B   0.00000001 0.13 -0.165 -1270.493669  156.0   5.159   5.024 |    0.000  -0.000   0.000   0.000 |   -6.180  -7.273   4.554
 143B   0.00000001 0.14 -0.165 -1270.493669  156.0   5.159   5.024 |    0.000   0.000   0.000  -0.000 |   -6.180  -7.273   4.519
 144B   0.00000000 0.16 -0.165 -1270.493669  156.0   5.159   5.024 |    0.000   0.000   0.000   0.000 |   -6.180  -7.273   4.667
 145B   0.00000000 0.10 -0.165 -1270.493669  156.0   5.159   5.024 |    0.000   0.000   0.000   0.000 |   -6.180  -7.273   4.764
 146B   0.00000000 0.11 -0.165 -1270.493669  156.0   5.159   5.024 |    0.000   0.000   0.000   0.000 |   -6.180  -7.273   5.436
 147B   0.00000000 0.13 -0.165 -1270.493669  156.0   5.159   5.024 |    0.000   0.000   0.000   0.000 |   -6.180  -7.273   5.072
 148B   0.00000000 0.14 -0.165 -1270.493669  156.0   5.159   5.024 |    0.000   0.000   0.000   0.000 |   -6.180  -7.273   4.875
 149B   0.00000000 0.10 -0.165 -1270.493669  156.0   5.159   5.024 |    0.000  -0.000   0.000  -0.000 |   -6.180  -7.273   4.565
 150B   0.00000000 0.11 -0.165 -1270.493669  156.0   5.159   5.024 |    0.000   0.000   0.000  -0.000 |   -6.180  -7.273   5.753
 151B   0.00000000 0.13 -0.165 -1270.493669  156.0   5.159   5.024 |    0.000  -0.000   0.000  -0.000 |   -6.180  -7.273   4.970
 152B   0.00000000 0.10 -0.165 -1270.493669  156.0   5.159   5.024 |    0.000   0.000   0.000  -0.000 |   -6.180  -7.273   4.914
  ----------------------------------------------------------------------------------------------------------------------------------
  *   iteration converged   after 152 steps   si=     0.0000000006 ho=  0 tho=  0
  ----------------------------------------------------------------------------------------------------------------------------------
  Total CPU time=  12.678 minutes

  Writing to wel_file: s092_064.hel
 __________________________________  
  The tape s092_064.hel recorded:     
  nucname,npr,ngh,ngl,n00,nb,nt      
  b0,beta0,si,etot,rms,bet,xmix      
  pairing:     CpV0,CpV1,pwi         
  delta:       del,ept               
  lambda:      ala,ala2,alast,tz     
  asymptotic:  varmas,ass,skass      
  ntx,nb,nhhdim,id,N_rz,n_r,n_z      
  Omega2,Sigma2,Parity,Lambda        
  matrices(inbro):    hh,de          
  *all blocking candidates           
 __________________________________  


  NB! From expect (UNPROJECTED RESULTS)

  pairing: CpV0,CpV1,...           0.100000       0.100000       1.000000       1.000000
  forces:   UNE1                          


                             neutrons         protons         total
  Requested part.numbs.      92.000000      64.000000     156.000000
  UnPj(av) part.numbs .      92.000000      64.000000     156.000000
  b0, bz, bp ..........       2.130153       2.136882       2.126796

  lambda (ala) ........      -6.180470      -7.272502
  Lambda (alast) ......      -6.180470      -7.272502
  delta(n,p), pwi .....       0.000000      -0.000000      60.000000
  pairing energy ......       0.000000       0.000000       0.000000

  rms-radius ..........       5.159348       5.023594       5.104091
  charge-radius, r0 ...                      5.086894       6.459855
  deformation beta2....      -0.158272      -0.174065      -0.164549
  dipole moment[fm] ...       0.000000       0.000000       0.000000
  quadrupole moment[b]       -4.889821      -3.546751      -8.436572
  octupole moment .....       0.000000       0.000000       0.000000
  hexadecapole moment .       0.313024       0.201995       0.515018
  q5 ..................       0.000000       0.000000       0.000000
  q6 ..................      -0.047720      -0.026710      -0.074430
  q7 ..................       0.000000       0.000000       0.000000
  q8 ..................       0.006214       0.003898       0.010112

  <r^0> [fm^0] ........            1.000000            1.000000            1.000000
  <r^2> [fm^2] ........           26.618876           25.236493           26.051744
  <r^4> [fm^4] ........          925.967237          816.205173          880.936647
  <r^6> [fm^6] ........        38196.902688        30840.043723        35178.704138
  <r^8> [fm^8] ........      1794437.348173      1309461.542071      1595472.914900

  kinetic energy ......    1819.450120    1064.039986    2883.490106
  volume energy .......                                 -4803.094358
        rho_tau .......                                   125.645543
        rho_rho .......                                 -4928.739900
  surface energy ......                                   179.990731
   rho_DELTA_rho ......                                   179.990731
   (NABLA_rho)^2 ......                                     0.000000
  spin-orbit energy ...                                   -56.818271
        rho_NABLA_J ...                                   -56.818271
        NABLA_rho_J ...                                     0.000000
  coulomb energy ......                                   525.938123
          direct ......                                   550.465655
          exchange ....                                   -24.527532
  tensor energy .......                                     0.000000
  direct Hartree E  ...                                     0.000000
  Extra E .............                                     0.000000
  External field E ....                                     0.000000
  Entropy .............       2.065809       2.778559       4.844368

  tEnergy: ehfb (qp)...                                 -1270.493669

  Calculated but not added corrections 
====================================
  cmc-diagonal part ...       0.000000       0.000000       0.000000
  cmc-hfb .............       0.000000       0.000000       0.000000
  cranking rot corr ...       0.000000       0.000000       0.000000

  SQUJ ................       0.000000       0.000000       0.000000
  CRAN x 4 ............       0.000000       0.000000       0.000000
  Rigit Body ..........       0.000000       0.000000       0.000000


   Blocking candidates are:
   neutron eqpmin=  0.10147234887875101       pwiblo=   2.0016019225635890     
    num=   1 block=   6 state=   1   147 Eqp=   0.10147235  (1-2N)E=  -0.10147235  Ovlp=   0.71320203  5-[ 5, 0, 3]
    num=   2 block=   2 state=   1    37 Eqp=   0.08109385  (1-2N)E=   0.08109385  Ovlp=   0.67988311  1-[ 5, 0, 1]
    num=   3 block=  13 state=   1   252 Eqp=   0.16829333  (1-2N)E=  -0.16829333  Ovlp=   0.98177587 13+[ 6, 0, 6]
    num=   4 block=   4 state=   1    97 Eqp=   0.20782324  (1-2N)E=  -0.20782324  Ovlp=   0.74355797  3-[ 5, 0, 1]
    num=   5 block=   6 state=   2   148 Eqp=   0.73732529  (1-2N)E=   0.73732529  Ovlp=   0.67236772  5-[ 5, 1, 2]
    num=   6 block=  10 state=   1   219 Eqp=   0.77869613  (1-2N)E=  -0.77869613  Ovlp=   0.87530259  9-[ 5, 0, 5]
    num=   7 block=  11 state=   1   231 Eqp=   1.00143626  (1-2N)E=   1.00143626  Ovlp=   0.89673151 11+[ 6, 1, 5]
    num=   8 block=   8 state=   1   187 Eqp=   1.01407815  (1-2N)E=   1.01407815  Ovlp=   0.78664927  7-[ 5, 1, 4]
    num=   9 block=   2 state=   2    38 Eqp=   1.11959276  (1-2N)E=   1.11959276  Ovlp=   0.72897083  1-[ 5, 1, 0]
    num=  10 block=   4 state=   2    98 Eqp=   1.27728744  (1-2N)E=   1.27728744  Ovlp=   0.79381947  3-[ 5, 1, 2]
    num=  11 block=   8 state=   2   188 Eqp=   1.40321636  (1-2N)E=  -1.40321636  Ovlp=   0.73170984  7-[ 5, 0, 3]
    num=  12 block=   9 state=   1   203 Eqp=   1.82513230  (1-2N)E=   1.82513230  Ovlp=   0.69400057  9+[ 6, 2, 4]

   Blocking candidates are:
   proton  eqpmin=   1.2262172028812676E-002  pwiblo=   2.0016019225635890     
    num=   1 block=   1 state=   1     1 Eqp=   0.01226217  (1-2N)E=  -0.01226217  Ovlp=   0.58853434  1+[ 4, 2, 0]
    num=   2 block=   3 state=   1    67 Eqp=   0.01180779  (1-2N)E=   0.01180779  Ovlp=   0.70718725  3+[ 4, 2, 2]
    num=   3 block=  12 state=   1   243 Eqp=   0.32764849  (1-2N)E=  -0.32764849  Ovlp=   0.96191353 11-[ 5, 0, 5]
    num=   4 block=   5 state=   1   122 Eqp=   0.35554711  (1-2N)E=  -0.35554711  Ovlp=   0.72396084  5+[ 4, 2, 2]
    num=   5 block=   1 state=   2     2 Eqp=   0.95120523  (1-2N)E=  -0.95120523  Ovlp=   0.65809430  1+[ 4, 0, 0]
    num=   6 block=  10 state=   1   219 Eqp=   0.98925258  (1-2N)E=   0.98925258  Ovlp=   0.84322871  9-[ 5, 1, 4]
    num=   7 block=   3 state=   2    68 Eqp=   1.20926343  (1-2N)E=  -1.20926343  Ovlp=   0.72425568  3+[ 4, 0, 2]
    num=   8 block=   8 state=   1   187 Eqp=   1.69163462  (1-2N)E=   1.69163462  Ovlp=   0.65892396  7-[ 5, 2, 3]
    num=   9 block=   5 state=   2   123 Eqp=   1.76288847  (1-2N)E=  -1.76288847  Ovlp=   0.62892219  5+[ 4, 0, 2]
    num=  10 block=   3 state=   3    69 Eqp=   1.88772818  (1-2N)E=   1.88772818  Ovlp=   0.72977503  3+[ 4, 3, 1]
    num=  11 block=   1 state=   3     3 Eqp=   2.01027750  (1-2N)E=   2.01027750  Ovlp=   0.73266943  1+[ 4, 3, 1]



 HFBTHO_SOLVER ended without errors

