
  =======================================
           FORTRAN 95 CODE (KIND= 8) 
               Version: 200d  
  =======================================
       AXIALLY DEFORMED CONFIGURATIONAL  
     HARTREE-FOCK-BOGOLIUBOV CALCULATIONS
                     WITH                
            UNEDF AND DELTA PAIRING      
                     USING               
             HARMONIC-OSCILLATOR         
                   AND/OR                
       TRANSFORMED HARMONIC-OSCILLATOR   
                    BASIS                
                     ---                 
               v1.66  (2005):,           
   Stoitsov,Dobaczewski,Nazarewicz,Ring, 
               v2.00d (2012):,           
         Stoitsov,Schunck,Kortelainen    
  =======================================
    Nucleus: MG (A=  24, N= 12, Z= 12)
       Reflection Symmetry Imposed       
            ( 9/13/2022, 20:21)                               
  =======================================


  ---------------------------------------
           UNEDF Module Version:17
         M.Kortelainen & M.Stoitsov 
  ---------------------------------------

  UNE1 functional
  ----------------------------------
  Crho(0)=   -779.373008720865300    ; Crho(1)=    287.722131583286796    
  CDrho(0)=   891.477890442349690    ; CDrho(1)=  -200.587774317884879    
  Ctau(0)=  -0.989915057807676746    ; Ctau(1)=   -33.6320970701835549    
  CrDr(0)=   -47.0718319484316154    ; CrDr(1)=   -162.036919088966187    
  CrdJ(0)=   -80.0156213845873054    ; CrdJ(1)=   -35.9662168077945097    
  CJ(0)=      0.00000000000000000    ; CJ(1)=      0.00000000000000000    
  CpV0(0)=   0.100000000000000006    ; CpV0(1)=   0.100000000000000006    
  CpV1(0)=    1.00000000000000000    ; CpV1(1)=    1.00000000000000000    
  sigma=     0.270018011502707600    ; hbzero=     20.7355300000000007    
  e^2 chrg=   1.43997840859651305    ; CExPar=     1.00000000000000000    
  c.m. correction: F, chr. density in direct Coul: F
  use tensor terms: F
  use TMR pairing:  0

  Coupling constants in natural units
  -----------------------------------
  Crho_nu(0)=  -0.877667471343921757    ; Crho_nu(1)=   0.324009624211695935    
  CDrho_nu(0)=  0.941450913381434273    ; CDrho_nu(1)= -0.211831998717341041    
  Ctau_nu(0)=  -0.140321584905665799E-01; Ctau_nu(1)=  -0.476738799694694126    
  CrDr_nu(0)=  -0.667248569593973495    ; CrDr_nu(1)=   -2.29689175050535788    
  CrdJ_nu(0)=   -1.13423053032075050    ; CrdJ_nu(1)=  -0.509825212347768342    
  CJ_nu(0)=      0.00000000000000000    ; CJ_nu(1)=      0.00000000000000000    
  CpV0_nu(0)=   0.112611992142809880E-03; CpV0_nu(1)=   0.112611992142809880E-03
  CpV1_nu(0)=   0.887702254206059068E-03; CpV1_nu(1)=   0.887702254206059068E-03
  fpi_nu=        93.0000000000000000    ; Lambda_nu=     700.000000000000000    

  Nuclear matter properties
  ----------------------------------
      E_NM=     -15.8000000000000149      K_NM=     220.0000000000000284
      P_NM=      -0.0000000000000032    RHO_NM=       0.1587067693325870
    ASS_NM=      28.9867890577721070   LASS_NM=      40.0047904804136323
  SMASS_NM=       0.9924233322833640  VMASS_NM=       1.2498385742322700

  Associated (t,x)-coupling constants
  -----------------------------------
  t0=      -2078.32802325564080    ; x0=       0.537569206858470316E-01
  t1=       249.729883647891711    ; x1=       -5.42144208221488899    
  t2=       1742.44114955424175    ; x2=       -1.35976386377013525    
  t3=       14263.6462470775950    ; x3=      -0.162491168089956339    
  b4=       44.0494045767927958    ; b4p=       71.9324336155890194    
  te=      -521.591587621160897    ; to=       -223.049334439890998    
  sigma=   0.270018011502707600    ; hbzero=    20.7355300000000007    

  ---------------------------------------
        Characteristics of the run       
  ---------------------------------------
  Output file ................:     7
  Nucleus ....................:   MG  24
  Number of HO shells ........:     8
  HO length b0 (fm) ..........:     1.55928400372611
  Basis deformation ..........:  beta0=   0.010 q=   1.010
  HO: b0,1/b0,bp,bz,q ........:   0.15592840E+01  0.64131999E+00  0.15568270E+01  0.15642096E+01  0.10095067E+01
  h**2/(2m), cmc, e**2 .......:   0.20735530E+02  0.20735530E+02  0.14399784E+01
  hom=f*41.0_pr*A^{-1/3}, f...:   0.17056687E+02  0.12000000E+01
  THO basis is ...............:  OFF
  Maximal number of iterations:   400
  Initial mixing parameter ...:  0.300
  Initial w.f. ...............:  from   spherical scratch
  Skyrme functional ..........:    UNE1                          
    with direct and exchange Coulomb
  Lipkin-Nogami procedure is .:  OFF
  PAV procedure is ...........:  OFF
  Constraint calculation is ..:   ON
    Constraint 1 .............: lambda=2 Ql=   0.596
  Temperature T ..............:   0.05 MeV
  Restart indicator ..........:   1
  Broyden mixing (#iterations):   7

  ---------------------------------------
        Harmonic Oscillator Basis        
  ---------------------------------------
  NUV, NQP:                        2501     165
  Comparison with bookkeeping spherical basis:
  n00:                                8       8  Maximal number of shells
  nbx, 2*n00+1:                      17      17  Maximal number of K-blocks
  ntx, (n00+1)*(n00+2)*(n00+3)/6    165     165  Max.num. p/n levels
  nzx, n00:                           8       8  Maximal nz-quantum number
  nrx, n00/2  :                       4       4  Maximal nr-quantum number
  nlx, n00:                           8       8  Maximal ml-quantum number
  ndx, (n00+2)*(n00+2)/4:            25      25  Maximal dim. of one k-block

  Actual basis used
  Number of blocks: nb .......:   17
  Number of levels: nt .......:  165
  Maximal 2*omega : nom ......:   17
  Maximal nz:       nzm ......:    8
  Maximal nr:       nrm ......:    4
  Maximal ml:       nlm ......:    8
  Maximal N=nz+2*nr+nl .......:    8
  2 x biggest block dim. .....:   50
  Non-zero elements of h .....:     1333
  Number of Broyden elements .:     5332

  ---------------------------------------
            Integration Meshes           
  ---------------------------------------
  Number of Gauss-Hermite mesh points ngh ....:  40
  Number of Gauss-Laguerre mesh points ngl ...:  40
  Number of Gauss-Legendre mesh points nleg ..:  80
  Integration boundaries
    Hermite  - from xh(1)  =  0.12379686 to xh(ngh)   = 11.88786356
    Laguerre - From xl(1)  =  0.03570039 to xl(ngl)   =142.28004447
    Legendre - From xleg(1)=  0.00978669 to xleg(nleg)=  0.99988775
  Max.dev.in:     Orthogonality            Normalization
  Hermite     1.5248282503475657E-015   1.0991207943789050E-014
  Laguerre    4.2896485016951012E-015   8.9928064994637680E-015

  Scratch initialization for the nucleus: MG  12  12


  Initial potentials of Saxon-Woods shape 
  v0ws   =  -71.27999878
  kappa  =    0.46160001
  vs0    =   11.11750031   11.11750031
  r0     =    1.23339999    1.23339999
  a      =    0.61500001    0.61500001
  r0-so  =    1.14429998    1.14429998
  a-so   =    0.64760000    0.64760000
  beta00 =    0.01000000

  ### REGULAR STAGE (reflection symmetry imposed)
  |HFB+HO> iterations(b0=  1.559, Nsh=  8, inin=  1, N= 12, Z= 12)...
  ----------------------------------------------------------------------------------------------------------------------------------
  i          si     mix   beta      Etot       A       rn      rp         En      Dn      Ep      Dp        Ln      Lp     time
  ----------------------------------------------------------------------------------------------------------------------------------
   1L  73.90480883 0.30  0.010     0.000000    0.0   0.000   0.000 |   -2.000   1.000  -2.000   1.000 |   -7.000  -7.000   0.000
   2B  42.92924577 0.10  0.009   -46.509117   24.0   2.625   2.625 |    0.000  -0.000   0.000  -0.000 |  -17.169 -17.169  38.871
   3B  10.54026101 0.11  0.248  -151.753928   24.0   3.038   3.082 |    0.000  -0.000   0.000  -0.000 |  -11.434  -7.973   1.095
   4B  10.61005858 0.10  0.353  -177.450232   24.0   3.016   2.994 |    0.000  -0.000   0.000  -0.000 |  -11.578  -7.086   1.085
   5B  17.43621517 0.10  0.385  -169.669500   24.0   2.979   3.051 |    0.000  -0.000   0.000  -0.000 |  -11.567  -7.716   1.026
   6B  12.24762101 0.11  0.389  -185.889546   24.0   3.001   3.033 |    0.000  -0.000   0.000  -0.000 |  -11.913  -7.351   1.079
   7B  11.64878239 0.13  0.379  -187.264013   24.0   3.010   3.006 |    0.000  -0.000   0.000  -0.000 |  -11.888  -7.269   0.901
   8B  11.01625360 0.14  0.369  -187.593660   24.0   2.988   3.014 |    0.000  -0.000   0.000  -0.000 |  -11.781  -7.274   1.037
   9B  10.08119096 0.16  0.352  -187.381408   24.0   2.981   3.002 |    0.000  -0.000   0.000  -0.000 |  -11.776  -7.173   1.196
  10B   8.46407977 0.18  0.322  -186.936668   24.0   2.967   2.985 |    0.000  -0.000   0.000  -0.000 |  -11.708  -7.110   1.520
  11B   7.19052943 0.21  0.134  -174.032657   24.0   2.914   2.943 |    0.000  -0.000   0.000  -0.000 |  -12.065  -7.565   1.319
  12B   9.01217904 0.10  0.088  -167.598636   24.0   2.917   2.930 |    0.000  -0.000   0.000  -0.000 |  -12.226  -7.645   1.163
  13B   1.56967196 0.11  0.212  -184.710898   24.0   2.923   2.941 |    0.000  -0.000   0.000  -0.000 |  -12.196  -7.562   1.377
  14B   2.29655708 0.10  0.212  -184.672888   24.0   2.920   2.940 |    0.000  -0.000   0.000  -0.000 |  -12.076  -7.568   1.417
  15B   1.18713995 0.11  0.214  -184.991853   24.0   2.922   2.940 |    0.000  -0.000   0.000  -0.000 |  -12.156  -7.482   1.397
  16B   0.60204151 0.13  0.222  -185.237855   24.0   2.923   2.941 |    0.000  -0.000   0.000  -0.000 |  -12.141  -7.473   1.349
  17B   0.41682057 0.14  0.225  -185.313634   24.0   2.922   2.943 |    0.000  -0.000   0.000  -0.000 |  -12.107  -7.493   1.375
  18B   0.44240895 0.10  0.228  -185.391498   24.0   2.924   2.941 |    0.000   0.000   0.000   0.000 |  -12.127  -7.459   1.409
  19B   0.12189210 0.11  0.230  -185.443836   24.0   2.924   2.942 |    0.000   0.000   0.000   0.000 |  -12.116  -7.456   1.429
  20B   0.10451230 0.13  0.229  -185.433511   24.0   2.923   2.942 |    0.000   0.000   0.000   0.000 |  -12.114  -7.459   1.339
  21B   0.04287995 0.14  0.229  -185.434295   24.0   2.923   2.942 |    0.000   0.000   0.000   0.000 |  -12.116  -7.457   1.427
  22B   0.01471339 0.16  0.229  -185.431445   24.0   2.923   2.942 |    0.000   0.000   0.000   0.000 |  -12.115  -7.458   1.623
  23B   0.01415218 0.18  0.229  -185.431741   24.0   2.923   2.942 |    0.000   0.000   0.000   0.000 |  -12.114  -7.457   1.009
  24B   0.02120848 0.10  0.229  -185.431542   24.0   2.923   2.942 |    0.000   0.000   0.000   0.000 |  -12.115  -7.456   1.341
  25B   0.00832287 0.11  0.229  -185.430382   24.0   2.923   2.942 |    0.000  -0.000   0.000  -0.000 |  -12.114  -7.457   1.320
  26B   0.00410513 0.13  0.229  -185.429103   24.0   2.923   2.942 |    0.000  -0.000   0.000  -0.000 |  -12.115  -7.457   1.366
  27B   0.00434252 0.10  0.229  -185.429063   24.0   2.923   2.942 |    0.000  -0.000   0.000  -0.000 |  -12.115  -7.457   1.342
  28B   0.00386282 0.11  0.229  -185.429162   24.0   2.923   2.942 |    0.000  -0.000   0.000  -0.000 |  -12.115  -7.457   0.888
  29B   0.00358140 0.13  0.229  -185.429253   24.0   2.923   2.942 |    0.000  -0.000   0.000  -0.000 |  -12.115  -7.457   1.273
  30B   0.00279394 0.14  0.229  -185.429429   24.0   2.923   2.942 |    0.000  -0.000   0.000  -0.000 |  -12.115  -7.457   1.432
  31B   0.00200982 0.16  0.229  -185.429614   24.0   2.923   2.942 |    0.000   0.000   0.000   0.000 |  -12.115  -7.457   1.386
  32B   0.00091672 0.18  0.229  -185.430101   24.0   2.923   2.942 |    0.000   0.000   0.000   0.000 |  -12.115  -7.457   1.422
  33B   0.00084694 0.21  0.229  -185.430344   24.0   2.923   2.942 |    0.000   0.000   0.000   0.000 |  -12.115  -7.457   1.370
  34B   0.00092664 0.10  0.229  -185.430327   24.0   2.923   2.942 |    0.000   0.000   0.000   0.000 |  -12.115  -7.457   1.288
  35B   0.00053056 0.11  0.229  -185.430267   24.0   2.923   2.942 |    0.000   0.000   0.000   0.000 |  -12.115  -7.457   1.289
  36B   0.00034990 0.13  0.229  -185.430221   24.0   2.923   2.942 |    0.000  -0.000   0.000  -0.000 |  -12.115  -7.457   1.245
  37B   0.00049245 0.10  0.229  -185.430205   24.0   2.923   2.942 |    0.000  -0.000   0.000  -0.000 |  -12.115  -7.457   1.409
  38B   0.00044544 0.11  0.229  -185.430188   24.0   2.923   2.942 |    0.000  -0.000   0.000  -0.000 |  -12.115  -7.457   1.398
  39B   0.00029780 0.13  0.229  -185.430148   24.0   2.923   2.942 |    0.000  -0.000   0.000  -0.000 |  -12.115  -7.457   1.376
  40B   0.00018281 0.14  0.229  -185.430125   24.0   2.923   2.942 |    0.000  -0.000   0.000  -0.000 |  -12.115  -7.457   1.285
  41B   0.00014532 0.16  0.229  -185.430096   24.0   2.923   2.942 |    0.000  -0.000   0.000  -0.000 |  -12.115  -7.457   1.344
  42B   0.00014563 0.10  0.229  -185.430096   24.0   2.923   2.942 |    0.000  -0.000   0.000  -0.000 |  -12.115  -7.457   1.423
  43B   0.00012301 0.11  0.229  -185.430101   24.0   2.923   2.942 |    0.000  -0.000   0.000  -0.000 |  -12.115  -7.457   1.430
  44B   0.00009774 0.13  0.229  -185.430108   24.0   2.923   2.942 |    0.000  -0.000   0.000  -0.000 |  -12.115  -7.457   1.479
  45B   0.00006564 0.14  0.229  -185.430116   24.0   2.923   2.942 |    0.000  -0.000   0.000  -0.000 |  -12.115  -7.457   1.459
  46B   0.00001826 0.16  0.229  -185.430132   24.0   2.923   2.942 |    0.000  -0.000   0.000  -0.000 |  -12.115  -7.457   1.100
  47B   0.00002593 0.10  0.229  -185.430134   24.0   2.923   2.942 |    0.000  -0.000   0.000  -0.000 |  -12.115  -7.457   0.880
  48B   0.00002232 0.11  0.229  -185.430133   24.0   2.923   2.942 |    0.000  -0.000   0.000  -0.000 |  -12.115  -7.457   1.545
  49B   0.00001309 0.13  0.229  -185.430133   24.0   2.923   2.942 |    0.000  -0.000   0.000  -0.000 |  -12.115  -7.457   1.427
  50B   0.00001848 0.10  0.229  -185.430134   24.0   2.923   2.942 |    0.000  -0.000   0.000  -0.000 |  -12.115  -7.457   1.287
  51B   0.00000789 0.11  0.229  -185.430133   24.0   2.923   2.942 |    0.000  -0.000   0.000  -0.000 |  -12.115  -7.457   1.340
  52B   0.00000583 0.13  0.229  -185.430132   24.0   2.923   2.942 |    0.000  -0.000   0.000  -0.000 |  -12.115  -7.457   1.501
  53B   0.00000780 0.10  0.229  -185.430132   24.0   2.923   2.942 |    0.000   0.000   0.000   0.000 |  -12.115  -7.457   1.435
  54B   0.00000199 0.11  0.229  -185.430132   24.0   2.923   2.942 |    0.000   0.000   0.000   0.000 |  -12.115  -7.457   1.349
  55B   0.00000290 0.10  0.229  -185.430131   24.0   2.923   2.942 |    0.000   0.000   0.000   0.000 |  -12.115  -7.457   1.248
  56B   0.00000285 0.11  0.229  -185.430131   24.0   2.923   2.942 |    0.000   0.000   0.000   0.000 |  -12.115  -7.457   1.272
  57B   0.00000278 0.13  0.229  -185.430131   24.0   2.923   2.942 |    0.000   0.000   0.000   0.000 |  -12.115  -7.457   1.288
  58B   0.00000257 0.14  0.229  -185.430132   24.0   2.923   2.942 |    0.000   0.000   0.000   0.000 |  -12.115  -7.457   1.368
  59B   0.00000235 0.16  0.229  -185.430132   24.0   2.923   2.942 |    0.000   0.000   0.000   0.000 |  -12.115  -7.457   1.364
  60B   0.00000103 0.18  0.229  -185.430132   24.0   2.923   2.942 |    0.000   0.000   0.000   0.000 |  -12.115  -7.457   1.315
  61B   0.00000050 0.21  0.229  -185.430132   24.0   2.923   2.942 |    0.000   0.000   0.000   0.000 |  -12.115  -7.457   1.343
  62B   0.00000052 0.10  0.229  -185.430132   24.0   2.923   2.942 |    0.000   0.000   0.000   0.000 |  -12.115  -7.457   1.322
  63B   0.00000073 0.10  0.229  -185.430132   24.0   2.923   2.942 |    0.000   0.000   0.000   0.000 |  -12.115  -7.457   1.411
  64B   0.00000046 0.11  0.229  -185.430132   24.0   2.923   2.942 |    0.000   0.000   0.000   0.000 |  -12.115  -7.457   1.355
  65B   0.00000014 0.13  0.229  -185.430132   24.0   2.923   2.942 |    0.000   0.000   0.000   0.000 |  -12.115  -7.457   1.364
  66B   0.00000015 0.10  0.229  -185.430132   24.0   2.923   2.942 |    0.000   0.000   0.000   0.000 |  -12.115  -7.457   1.336
  67B   0.00000013 0.11  0.229  -185.430132   24.0   2.923   2.942 |    0.000   0.000   0.000   0.000 |  -12.115  -7.457   1.347
  68B   0.00000008 0.13  0.229  -185.430132   24.0   2.923   2.942 |    0.000   0.000   0.000   0.000 |  -12.115  -7.457   1.332
  69B   0.00000004 0.14  0.229  -185.430132   24.0   2.923   2.942 |    0.000   0.000   0.000   0.000 |  -12.115  -7.457   1.326
  70B   0.00000003 0.16  0.229  -185.430132   24.0   2.923   2.942 |    0.000   0.000   0.000   0.000 |  -12.115  -7.457   1.333
  71B   0.00000005 0.10  0.229  -185.430132   24.0   2.923   2.942 |    0.000  -0.000   0.000  -0.000 |  -12.115  -7.457   1.267
  72B   0.00000003 0.11  0.229  -185.430132   24.0   2.923   2.942 |    0.000  -0.000   0.000  -0.000 |  -12.115  -7.457   1.348
  73B   0.00000003 0.13  0.229  -185.430132   24.0   2.923   2.942 |    0.000  -0.000   0.000  -0.000 |  -12.115  -7.457   1.301
  74B   0.00000003 0.14  0.229  -185.430132   24.0   2.923   2.942 |    0.000   0.000   0.000   0.000 |  -12.115  -7.457   1.169
  75B   0.00000002 0.16  0.229  -185.430132   24.0   2.923   2.942 |    0.000   0.000   0.000   0.000 |  -12.115  -7.457   1.429
  76B   0.00000002 0.18  0.229  -185.430132   24.0   2.923   2.942 |    0.000   0.000   0.000   0.000 |  -12.115  -7.457   1.336
  77B   0.00000001 0.21  0.229  -185.430132   24.0   2.923   2.942 |    0.000   0.000   0.000   0.000 |  -12.115  -7.457   1.341
  78B   0.00000000 0.24  0.229  -185.430132   24.0   2.923   2.942 |    0.000  -0.000   0.000  -0.000 |  -12.115  -7.457   2.807
  79B   0.00000000 0.27  0.229  -185.430132   24.0   2.923   2.942 |    0.000  -0.000   0.000  -0.000 |  -12.115  -7.457   3.377
  80B   0.00000000 0.30  0.229  -185.430132   24.0   2.923   2.942 |    0.000  -0.000   0.000  -0.000 |  -12.115  -7.457   2.450
  81B   0.00000000 0.10  0.229  -185.430132   24.0   2.923   2.942 |    0.000  -0.000   0.000  -0.000 |  -12.115  -7.457   2.747
  82B   0.00000000 0.11  0.229  -185.430132   24.0   2.923   2.942 |    0.000  -0.000   0.000  -0.000 |  -12.115  -7.457   1.016
  ----------------------------------------------------------------------------------------------------------------------------------
  *   iteration converged   after  82 steps   si=     0.0000000006 ho=  0 tho=  0
  ----------------------------------------------------------------------------------------------------------------------------------
  Total CPU time=   2.560 minutes

  Writing to wel_file: s012_012.hel
 __________________________________  
  The tape s012_012.hel recorded:     
  nucname,npr,ngh,ngl,n00,nb,nt      
  b0,beta0,si,etot,rms,bet,xmix      
  pairing:     CpV0,CpV1,pwi         
  delta:       del,ept               
  lambda:      ala,ala2,alast,tz     
  asymptotic:  varmas,ass,skass      
  ntx,nb,nhhdim,id,N_rz,n_r,n_z      
  Omega2,Sigma2,Parity,Lambda        
  matrices(inbro):    hh,de          
  *all blocking candidates           
 __________________________________  



 #quasiparticle energies neutrons
 --------------------------------
  eqp(k) -> q.p. energy 
  e(k)   -> referent s.p. energy 
  p(k)   -> occ.probability 
  del(k) -> referent s.p. gap 
  fermi energy alast=  -12.114624086098582     
  #k  block#    eqp(k)     e(k)       (1-2N)E      decay        p(k)        del(k)    overl      labels
   1    1     1.048069  -13.162694   -1.048069    1.593473    1.00000000   0.0000   0.7690  1+[ 2, 2, 0]
   2    1     2.782509   -9.332115    2.782509    1.695211    0.00000000   0.0000   0.8559  1+[ 2, 0, 0]
   3    1     6.818146   -5.296478    6.818146    1.911083    0.00000000   0.0000   0.7506  1+[ 2, 1, 1]
   4    1    22.747008  -34.861632  -22.747008    2.593261    1.00000000   0.0000   0.9855  1+[ 0, 0, 0]
   5    1    23.216994   11.102370   23.216994    2.610683    0.00000000   0.0000   0.5726  1+[ 4, 3, 1]
   6    1    24.371585   12.256961   24.371585    2.652997    0.00000000   0.0000   0.6781  1+[ 4, 0, 0]
   7    1    25.510352   13.395728   25.510352    2.694080    0.00000000   0.0000   0.4701  1+[ 4, 1, 1]
   8    1    27.758541   15.643917   27.758541    2.773402    0.00000000   0.0000   0.5164  1+[ 4, 1, 1]
   9    1    31.294523   19.179899   31.294523    2.893764    0.00000000   0.0000   0.5481  1+[ 4, 3, 1]
  10    1    46.107392   33.992768   46.107392    3.351321    0.00000000   0.0000   0.4980  1+[ 6, 2, 0]
  11    1    47.717855   35.603231   47.717855    3.397355    0.00000000   0.0000   0.5058  1+[ 6, 6, 0]
  12    1    49.629401   37.514777   49.629401    3.451198    0.00000000   0.0000   0.4703  1+[ 4, 0, 0]
  13    1    50.169397   38.054773   50.169397    3.466257    0.00000000   0.0000   0.4675  1+[ 6, 3, 1]
  14    1    51.079225   38.964601   51.079225    3.491482    0.00000000   0.0000   0.4397  1+[ 4, 1, 1]
  15    1    53.490845   41.376221   53.490845    3.557480    0.00000000   0.0000   0.4348  1+[ 6, 3, 1]
  16    1    55.697248   43.582624   55.697248    3.616807    0.00000000   0.0000   0.5054  1+[ 6, 5, 1]
  17    2     6.552182  -18.666806   -6.552182    1.897612    1.00000000   0.0000   0.8943  1-[ 1, 0, 1]
  18    2    10.659504   -1.455120   10.659504    2.096010    0.00000000   0.0000   0.6552  1-[ 3, 3, 0]
  19    2    11.835167  -23.949791  -11.835167    2.149430    1.00000000   0.0000   0.8942  1-[ 1, 1, 0]
  20    2    14.299917    2.185293   14.299917    2.257324    0.00000000   0.0000   0.7361  1-[ 3, 1, 0]
  21    2    17.222652    5.108028   17.222652    2.378934    0.00000000   0.0000   0.7675  1-[ 3, 0, 1]
  22    2    19.778447    7.663823   19.778447    2.480394    0.00000000   0.0000   0.5972  1-[ 3, 2, 1]
  23    2    36.683698   24.569074   36.683698    3.068138    0.00000000   0.0000   0.5725  1-[ 5, 4, 1]
  24    2    37.226899   25.112275   37.226899    3.085167    0.00000000   0.0000   0.6251  1-[ 5, 1, 0]
  25    2    37.677386   25.562762   37.677386    3.099219    0.00000000   0.0000   0.5220  1-[ 5, 2, 1]
  26    2    38.980305   26.865681   38.980305    3.139506    0.00000000   0.0000   0.6595  1-[ 5, 0, 1]
  27    2    42.997824   30.883200   42.997824    3.260598    0.00000000   0.0000   0.4911  1-[ 5, 2, 1]
  28    2    44.673661   32.559037   44.673661    3.309800    0.00000000   0.0000   0.5527  1-[ 5, 4, 1]
  29    2    64.390499   52.275875   64.390499    3.841649    0.00000000   0.0000   0.4800  1-[ 7, 2, 1]
  30    2    66.247533   54.132909   66.247533    3.887994    0.00000000   0.0000   0.5155  1-[ 7, 5, 0]
  31    2    70.101485   57.986861   70.101485    3.982455    0.00000000   0.0000   0.4795  1-[ 7, 7, 0]
  32    3     0.391146  -12.505770   -0.391146    1.553201    1.00000000   0.0000   0.9173  3+[ 2, 1, 1]
  33    3     7.858659   -4.255966    7.858659    1.962895    0.00000000   0.0000   0.8900  3+[ 2, 0, 2]
  34    3    23.413112   11.298488   23.413112    2.617919    0.00000000   0.0000   0.7711  3+[ 4, 3, 1]
  35    3    25.453671   13.339047   25.453671    2.692050    0.00000000   0.0000   0.7466  3+[ 4, 1, 1]
  36    3    27.591420   15.476796   27.591420    2.767584    0.00000000   0.0000   0.6337  3+[ 4, 0, 2]
  37    3    31.246799   19.132175   31.246799    2.892172    0.00000000   0.0000   0.6835  3+[ 4, 2, 2]
  38    3    46.026734   33.912109   46.026734    3.348999    0.00000000   0.0000   0.4831  3+[ 6, 1, 1]
  39    3    47.821468   35.706844   47.821468    3.400295    0.00000000   0.0000   0.4965  3+[ 6, 1, 1]
  40    3    50.129488   38.014864   50.129488    3.465146    0.00000000   0.0000   0.5978  3+[ 6, 3, 1]
  41    3    52.467691   40.353066   52.467691    3.529630    0.00000000   0.0000   0.6046  3+[ 4, 0, 2]
  42    3    53.398804   41.284179   53.398804    3.554983    0.00000000   0.0000   0.5780  3+[ 6, 2, 2]
  43    3    55.505018   43.390394   55.505018    3.611677    0.00000000   0.0000   0.6236  3+[ 6, 4, 2]
  44    4    11.056315  -23.170939  -11.056315    2.114191    1.00000000   0.0000   0.9755  3-[ 1, 0, 1]
  45    4    11.068597   -1.046027   11.068597    2.114751    0.00000000   0.0000   0.8480  3-[ 3, 2, 1]
  46    4    16.233728    4.119104   16.233728    2.338494    0.00000000   0.0000   0.8640  3-[ 3, 0, 1]
  47    4    20.043281    7.928657   20.043281    2.490671    0.00000000   0.0000   0.7987  3-[ 3, 1, 2]
  48    4    36.710910   24.596286   36.710910    3.068993    0.00000000   0.0000   0.7645  3-[ 5, 4, 1]
  49    4    37.356422   25.241798   37.356422    3.089214    0.00000000   0.0000   0.7767  3-[ 5, 0, 1]
  50    4    37.683911   25.569287   37.683911    3.099422    0.00000000   0.0000   0.7723  3-[ 5, 2, 1]
  51    4    42.877588   30.762964   42.877588    3.257039    0.00000000   0.0000   0.6385  3-[ 5, 1, 2]
  52    4    44.582341   32.467716   44.582341    3.307138    0.00000000   0.0000   0.6796  3-[ 5, 3, 2]
  53    4    64.392425   52.277801   64.392425    3.841697    0.00000000   0.0000   0.5889  3-[ 7, 2, 1]
  54    4    66.319258   54.204634   66.319258    3.889773    0.00000000   0.0000   0.5313  3-[ 7, 4, 1]
  55    4    70.333995   58.219371   70.333995    3.988082    0.00000000   0.0000   0.5453  3-[ 7, 4, 1]
  56    5     0.391146  -11.723478    0.391146    1.553201    0.00000000   0.0000   0.9778  5+[ 2, 0, 2]
  57    5    23.794532   11.679907   23.794532    2.631934    0.00000000   0.0000   0.8682  5+[ 4, 2, 2]
  58    5    25.255663   13.141039   25.255663    2.684947    0.00000000   0.0000   0.7959  5+[ 4, 0, 2]
  59    5    31.279821   19.165197   31.279821    2.893274    0.00000000   0.0000   0.7699  5+[ 4, 1, 3]
  60    5    45.794083   33.679459   45.794083    3.342292    0.00000000   0.0000   0.5690  5+[ 6, 2, 2]
  61    5    48.337705   36.223081   48.337705    3.414907    0.00000000   0.0000   0.6314  5+[ 6, 0, 2]
  62    5    50.236484   38.121860   50.236484    3.468123    0.00000000   0.0000   0.6217  5+[ 6, 4, 2]
  63    5    53.250583   41.135959   53.250583    3.550960    0.00000000   0.0000   0.6247  5+[ 6, 1, 3]
  64    5    55.171577   43.056953   55.171577    3.602761    0.00000000   0.0000   0.7056  5+[ 6, 3, 3]
  65    6    11.961701   -0.152923   11.961701    2.155100    0.00000000   0.0000   0.9424  5-[ 3, 1, 2]
  66    6    20.951707    8.837083   20.951707    2.525605    0.00000000   0.0000   0.8738  5-[ 3, 0, 3]
  67    6    36.635265   24.520641   36.635265    3.066615    0.00000000   0.0000   0.7115  5-[ 5, 3, 2]
  68    6    37.788916   25.674292   37.788916    3.102688    0.00000000   0.0000   0.7184  5-[ 5, 1, 2]
  69    6    42.546909   30.432285   42.546909    3.247232    0.00000000   0.0000   0.7058  5-[ 5, 0, 3]
  70    6    44.520375   32.405751   44.520375    3.305330    0.00000000   0.0000   0.7717  5-[ 5, 2, 3]
  71    6    64.370659   52.256035   64.370659    3.841151    0.00000000   0.0000   0.5416  5-[ 7, 5, 2]
  72    6    66.474145   54.359521   66.474145    3.893612    0.00000000   0.0000   0.6117  5-[ 7, 5, 2]
  73    6    70.603820   58.489196   70.603820    3.994603    0.00000000   0.0000   0.6933  5-[ 7, 1, 2]
  74    7    24.823057   12.708433   24.823057    2.669361    0.00000000   0.0000   0.9354  7+[ 4, 1, 3]
  75    7    31.563646   19.449022   31.563646    2.902720    0.00000000   0.0000   0.7986  7+[ 4, 0, 4]
  76    7    45.514434   33.399809   45.514434    3.334212    0.00000000   0.0000   0.7483  7+[ 6, 1, 3]
  77    7    50.399813   38.285189   50.399813    3.472663    0.00000000   0.0000   0.7706  7+[ 6, 3, 3]
  78    7    53.287011   41.172387   53.287011    3.551949    0.00000000   0.0000   0.6334  7+[ 6, 0, 4]
  79    7    54.809319   42.694695   54.809319    3.593049    0.00000000   0.0000   0.7608  7+[ 6, 2, 4]
  80    8    13.304858    1.190234   13.304858    2.214398    0.00000000   0.0000   0.9806  7-[ 3, 0, 3]
  81    8    36.449745   24.335121   36.449745    3.060774    0.00000000   0.0000   0.7596  7-[ 5, 0, 3]
  82    8    38.185594   26.070970   38.185594    3.114995    0.00000000   0.0000   0.7969  7-[ 5, 2, 3]
  83    8    44.621868   32.507244   44.621868    3.308291    0.00000000   0.0000   0.8398  7-[ 5, 1, 4]
  84    8    64.308434   52.193810   64.308434    3.839588    0.00000000   0.0000   0.7375  7-[ 7, 2, 3]
  85    8    66.736727   54.622103   66.736727    3.900111    0.00000000   0.0000   0.7410  7-[ 7, 4, 3]
  86    8    70.827502   58.712878   70.827502    4.000000    0.00000000   0.0000   0.8433  7-[ 7, 0, 3]
  87    9    26.172116   14.057492   26.172116    2.717669    0.00000000   0.0000   0.9487  9+[ 4, 0, 4]
  88    9    45.372335   33.257711   45.372335    3.330099    0.00000000   0.0000   0.8170  9+[ 6, 0, 4]
  89    9    50.754460   38.639836   50.754460    3.482499    0.00000000   0.0000   0.8636  9+[ 6, 2, 4]
  90    9    54.451451   42.336827   54.451451    3.583430    0.00000000   0.0000   0.8175  9+[ 6, 1, 5]
  91   10    39.028121   26.913497   39.028121    3.140975    0.00000000   0.0000   0.9488  9-[ 5, 1, 4]
  92   10    45.077785   32.963161   45.077785    3.321556    0.00000000   0.0000   0.8720  9-[ 5, 0, 5]
  93   10    64.255496   52.140872   64.255496    3.838258    0.00000000   0.0000   0.8984  9-[ 7, 1, 4]
  94   10    67.139782   55.025157   67.139782    3.910066    0.00000000   0.0000   0.8558  9-[ 7, 3, 4]
  95   11    51.294232   39.179608   51.294232    3.497417    0.00000000   0.0000   0.9103 11+[ 6, 1, 5]
  96   11    54.425535   42.310911   54.425535    3.582732    0.00000000   0.0000   0.8419 11+[ 6, 0, 6]
  97   12    40.654823   28.540199   40.654823    3.190536    0.00000000   0.0000   0.9590 11-[ 5, 0, 5]
  98   12    64.386717   52.272093   64.386717    3.841554    0.00000000   0.0000   0.9519 11-[ 7, 0, 5]
  99   12    67.710695   55.596071   67.710695    3.924124    0.00000000   0.0000   0.9395 11-[ 7, 2, 5]
 100   13    52.133071   40.018447   52.133071    3.520474    0.00000000   0.0000   0.9070 13+[ 6, 0, 6]
 101   14    68.535191   56.420566   68.535191    3.944338    0.00000000   0.0000   0.9859 13-[ 7, 1, 6]
 102   16    69.887504   57.772879   69.887504    3.977269    0.00000000   0.0000   1.0000 15-[ 7, 0, 7]
#all active are  102 q.p. states out of  165
#since the cut off is pwi=  60.0
#check: number of neutrons=  12.0


 #canonical s.p. energies neutrons
 ---------------------------------


  labels -> {2*omega}{parity}[nn=nz+2*nr+nl,nz,nl]
  cqpe   -> canonical q.p. energies
  ce     -> canonical s.p. energies
  fermi energy=  -12.114624086098582     
  average cdelt=   5.2480877149249188E-022
  k0      ceqp        ce         v*v       u*v        cdel     overl      labels
   1   18.847686   18.847686   0.00000000   0.00000000   0.0000   0.7649  1+[ 4, 4, 0]
   2   19.698617   19.698617   0.00000000   0.00000000   0.0000   0.6337  1+[ 4, 1, 1]
   3   31.020231   31.020231   0.00000000   0.00000000   0.0000   0.6145  1+[ 4, 3, 1]
   4   59.954509   59.954509   0.00000000   0.00000000   0.0000   0.6326  1+[ 8, 0, 0]
   5   46.726567   46.726567   0.00000000   0.00000000   0.0000   0.4807  1+[ 8, 3, 1]
   6   54.257558   54.257558   0.00000000   0.00000000   0.0000   0.6472  1+[ 6, 1, 1]
   7   46.844512   46.844512   0.00000000   0.00000000   0.0000   0.4548  1+[ 6, 4, 0]
   8   40.958977   40.958977   0.00000000   0.00000000   0.0000   0.5165  1+[ 8, 4, 0]
  12   58.221291   58.221291   0.00000000   0.00000000   0.0000   0.7858  1+[ 8, 7, 1]
  14   57.164158   57.164158   0.00000000   0.00000000   0.0000   0.4990  1+[ 8, 2, 0]
  15   52.127873   52.127873   0.00000000   0.00000000   0.0000   0.5610  1+[ 6, 5, 1]
  16   56.266233   56.266233   0.00000000   0.00000000   0.0000   0.7393  1+[ 6, 3, 1]
  17   46.588235   46.588235   0.00000000   0.00000000   0.0000   0.4717  1+[ 8, 6, 0]
  18   46.434185   46.434185   0.00000000   0.00000000   0.0000   0.5652  1+[ 6, 6, 0]
  19   45.328111   45.328111   0.00000000   0.00000000   0.0000   0.5132  1+[ 8, 1, 1]
  20   39.120112   39.120112   0.00000000   0.00000000   0.0000   0.5377  1+[ 4, 0, 0]
  21   18.002840   18.002840   0.00000000   0.00000000   0.0000   0.7016  1+[ 4, 2, 0]
  22   -2.493248   -2.493248   0.00000000   0.00000001   0.0000   0.7644  1+[ 2, 0, 0]
  23   -6.561456   -6.561456   0.00000000   0.00000002   0.0000   0.6241  1+[ 2, 1, 1]
  24  -11.066555  -13.162694   1.00000000   0.00002807   0.0000   0.7690  1+[ 2, 2, 0]
  25   10.632384  -34.861632   1.00000000   0.00000001   0.0000   0.9855  1+[ 0, 0, 0]
  26   10.325811   10.325811   0.00000000   0.00000000   0.0000   0.7598  1-[ 3, 1, 0]
  27   29.295950   29.295950   0.00000000   0.00000000   0.0000   0.5196  1-[ 5, 3, 0]
  28   36.803307   36.803307   0.00000000   0.00000000   0.0000   0.7347  1-[ 5, 2, 1]
  29   35.367636   35.367636   0.00000000   0.00000000   0.0000   0.7709  1-[ 5, 4, 1]
  30   34.796879   34.796879   0.00000000   0.00000000   0.0000   0.9150  1-[ 5, 5, 0]
  31   39.129726   39.129726   0.00000000   0.00000000   0.0000   0.6097  1-[ 5, 3, 0]
  32   54.912387   54.912387   0.00000000   0.00000000   0.0000   0.6668  1-[ 7, 4, 1]
  33   53.949161   53.949161   0.00000000   0.00000000   0.0000   0.5547  1-[ 7, 6, 1]
  34   50.851251   50.851251   0.00000000   0.00000000   0.0000   0.7519  1-[ 7, 7, 0]
  35   56.133075   56.133075   0.00000000   0.00000000   0.0000   0.9963  1-[ 7, 5, 0]
  36   53.888094   53.888094   0.00000000   0.00000000   0.0000   0.8308  1-[ 7, 3, 0]
  37   53.440462   53.440462   0.00000000   0.00000000   0.0000   0.9260  1-[ 7, 1, 0]
  38   57.646419   57.646419   0.00000000   0.00000000   0.0000   0.4722  1-[ 7, 6, 1]
  39   45.744700   45.744700   0.00000000   0.00000000   0.0000   0.6112  1-[ 7, 2, 1]
  40   28.924749   28.924749   0.00000000   0.00000000   0.0000   0.6364  1-[ 5, 0, 1]
  41   11.848994   11.848994   0.00000000   0.00000000   0.0000   0.6245  1-[ 3, 2, 1]
  42    3.585422    3.585422   0.00000000   0.00000001   0.0000   0.6861  1-[ 3, 3, 0]
  43    5.381268    5.381268   0.00000000   0.00000001   0.0000   0.6014  1-[ 3, 0, 1]
  44   -4.751940  -19.477308   1.00000000   0.00000002   0.0000   0.9720  1-[ 1, 0, 1]
  45   -1.089959  -23.139289   1.00000000   0.00000001   0.0000   0.9735  1-[ 1, 1, 0]
  46   27.982453   27.982453   0.00000000   0.00000000   0.0000   0.8126  3+[ 4, 1, 1]
  47   26.204162   26.204162   0.00000000   0.00000000   0.0000   0.5293  3+[ 4, 3, 1]
  48   53.296427   53.296427   0.00000000   0.00000000   0.0000   0.6601  3+[ 6, 3, 1]
  49   59.897635   59.897635   0.00000000   0.00000000   0.0000   0.7048  3+[ 6, 5, 1]
  50   38.237648   38.237648   0.00000000   0.00000000   0.0000   0.7039  3+[ 4, 2, 2]
  51   48.575967   48.575967   0.00000000   0.00000000   0.0000   0.4125  3+[ 8, 2, 2]
  53   53.229977   53.229977   0.00000000   0.00000000   0.0000   0.6196  3+[ 6, 4, 2]
  56   57.697400   57.697400   0.00000000   0.00000000   0.0000   0.6195  3+[ 8, 7, 1]
  57   52.291713   52.291713   0.00000000   0.00000000   0.0000   0.5930  3+[ 8, 7, 1]
  58   39.224785   39.224785   0.00000000   0.00000000   0.0000   0.6097  3+[ 6, 0, 2]
  59   53.634911   53.634911   0.00000000   0.00000000   0.0000   0.5710  3+[ 8, 0, 2]
  60   50.615208   50.615208   0.00000000   0.00000000   0.0000   0.6948  3+[ 8, 1, 1]
  61   45.694377   45.694377   0.00000000   0.00000000   0.0000   0.5003  3+[ 4, 0, 2]
  62   48.907192   48.907192   0.00000000   0.00000000   0.0000   0.6150  3+[ 8, 3, 1]
  63   26.930676   26.930676   0.00000000   0.00000000   0.0000   0.7194  3+[ 4, 3, 1]
  64   -1.907712   -1.907712   0.00000000   0.00000001   0.0000   0.9478  3+[ 2, 0, 2]
  65  -11.723478  -12.505770   0.99959971   0.02000324   0.0000   0.9173  3+[ 2, 1, 1]
  66    3.817573    3.817573   0.00000000   0.00000000   0.0000   0.7316  3-[ 3, 2, 1]
  67   13.248050   13.248050   0.00000000   0.00000000   0.0000   0.6819  3-[ 3, 1, 2]
  68   59.148424   59.148424   0.00000000   0.00000000   0.0000   0.6440  3-[ 7, 0, 1]
  69   36.471215   36.471215   0.00000000   0.00000000   0.0000   0.7125  3-[ 5, 4, 1]
  70   40.855535   40.855535   0.00000000   0.00000000   0.0000   0.6302  3-[ 5, 0, 1]
  71   35.691187   35.691187   0.00000000   0.00000000   0.0000   0.6786  3-[ 7, 1, 2]
  72   58.635519   58.635519   0.00000000   0.00000000   0.0000   0.9173  3-[ 7, 5, 2]
  73   58.704986   58.704986   0.00000000   0.00000000   0.0000   0.9931  3-[ 7, 3, 2]
  74   38.205590   38.205590   0.00000000   0.00000000   0.0000   0.7527  3-[ 5, 3, 2]
  75   46.489492   46.489492   0.00000000   0.00000000   0.0000   0.6714  3-[ 5, 1, 2]
  76   56.335855   56.335855   0.00000000   0.00000000   0.0000   0.6278  3-[ 7, 6, 1]
  77   54.304384   54.304384   0.00000000   0.00000000   0.0000   0.5690  3-[ 7, 4, 1]
  78   35.055433   35.055433   0.00000000   0.00000000   0.0000   0.4998  3-[ 7, 2, 1]
  79   26.413909   26.413909   0.00000000   0.00000000   0.0000   0.7534  3-[ 5, 2, 1]
  80    8.490696    8.490696   0.00000000   0.00000001   0.0000   0.5894  3-[ 3, 2, 1]
  81   -1.058309  -23.170939   1.00000000   0.00000002   0.0000   0.9755  3-[ 1, 0, 1]
  82   19.934952   19.934952   0.00000000   0.00000000   0.0000   0.8874  5+[ 4, 0, 2]
  84   41.561036   41.561036   0.00000000   0.00000000   0.0000   0.8400  5+[ 6, 4, 2]
  85   44.410190   44.410190   0.00000000   0.00000000   0.0000   0.5700  5+[ 6, 0, 2]
  89   58.959606   58.959606   0.00000000   0.00000000   0.0000   0.9695  5+[ 8, 1, 3]
  90   59.259679   59.259679   0.00000000   0.00000000   0.0000   0.7993  5+[ 8, 3, 3]
  91   57.104851   57.104851   0.00000000   0.00000000   0.0000   0.5705  5+[ 6, 1, 3]
  93   50.217574   50.217574   0.00000000   0.00000000   0.0000   0.5192  5+[ 6, 0, 2]
  94   44.244414   44.244414   0.00000000   0.00000000   0.0000   0.8167  5+[ 8, 0, 2]
  95   17.168157   17.168157   0.00000000   0.00000000   0.0000   0.8597  5+[ 4, 2, 2]
  96   26.545819   26.545819   0.00000000   0.00000000   0.0000   0.8946  5+[ 4, 1, 3]
  97  -11.723478  -11.723478   0.00040029   0.02000326   0.0000   0.9778  5+[ 2, 0, 2]
  98   56.997685   56.997685   0.00000000   0.00000000   0.0000   0.6718  5-[ 7, 2, 3]
 100   59.834739   59.834739   0.00000000   0.00000000   0.0000   0.5900  5-[ 7, 4, 3]
 101   52.505904   52.505904   0.00000000   0.00000000   0.0000   0.4991  5-[ 5, 1, 2]
 102   32.290458   32.290458   0.00000000   0.00000000   0.0000   0.7291  5-[ 3, 0, 3]
 103   50.018922   50.018922   0.00000000   0.00000000   0.0000   0.5498  5-[ 7, 4, 3]
 104   45.514811   45.514811   0.00000000   0.00000000   0.0000   0.5220  5-[ 7, 3, 2]
 105   29.601283   29.601283   0.00000000   0.00000000   0.0000   0.4722  5-[ 7, 5, 2]
 106   18.590075   18.590075   0.00000000   0.00000000   0.0000   0.4500  5-[ 5, 0, 3]
 107   35.719421   35.719421   0.00000000   0.00000000   0.0000   0.7235  5-[ 5, 2, 3]
 108   30.647143   30.647143   0.00000000   0.00000000   0.0000   0.7637  5-[ 5, 3, 2]
 109   10.544912   10.544912   0.00000000   0.00000000   0.0000   0.9195  5-[ 3, 1, 2]
 110   42.740005   42.740005   0.00000000   0.00000000   0.0000   0.5913  7+[ 4, 1, 3]
 112   55.898303   55.898303   0.00000000   0.00000000   0.0000   0.5516  7+[ 6, 3, 3]
 113   54.723767   54.723767   0.00000000   0.00000000   0.0000   0.5115  7+[ 6, 0, 4]
 115   42.123066   42.123066   0.00000000   0.00000000   0.0000   0.5620  7+[ 4, 0, 4]
 117   42.452370   42.452370   0.00000000   0.00000000   0.0000   0.4711  7+[ 6, 2, 4]
 118   19.584811   19.584811   0.00000000   0.00000000   0.0000   0.6234  7+[ 4, 0, 4]
 119   59.786085   59.786085   0.00000000   0.00000000   0.0000   0.5733  7+[ 8, 2, 4]
 121   40.842028   40.842028   0.00000000   0.00000000   0.0000   0.6926  7+[ 6, 1, 3]
 123   51.037793   51.037793   0.00000000   0.00000000   0.0000   0.6592  7-[ 7, 2, 3]
 124   56.357925   56.357925   0.00000000   0.00000000   0.0000   0.6340  7-[ 7, 4, 3]
 125   54.169347   54.169347   0.00000000   0.00000000   0.0000   0.7358  7-[ 5, 0, 3]
 126   19.923760   19.923760   0.00000000   0.00000000   0.0000   0.7615  7-[ 3, 0, 3]
 127   33.914365   33.914365   0.00000000   0.00000000   0.0000   0.6272  7-[ 5, 2, 3]
 128   53.232708   53.232708   0.00000000   0.00000000   0.0000   0.6766  7-[ 7, 3, 4]
 129   35.046370   35.046370   0.00000000   0.00000000   0.0000   0.7718  7-[ 5, 1, 4]
 130   14.473753   14.473753   0.00000000   0.00000000   0.0000   0.5932  7-[ 3, 0, 3]
 134   42.314720   42.314720   0.00000000   0.00000000   0.0000   0.7481  9+[ 6, 1, 5]
 135   40.262261   40.262261   0.00000000   0.00000000   0.0000   0.6284  9+[ 4, 0, 4]
 136   56.814150   56.814150   0.00000000   0.00000000   0.0000   0.7161  9+[ 8, 4, 4]
 137   46.900660   46.900660   0.00000000   0.00000000   0.0000   0.6966  9+[ 6, 2, 4]
 139   33.275881   33.275881   0.00000000   0.00000000   0.0000   0.6723  9+[ 4, 0, 4]
 140   55.216155   55.216155   0.00000000   0.00000000   0.0000   0.8112  9-[ 7, 3, 4]
 141   56.881372   56.881372   0.00000000   0.00000000   0.0000   0.7530  9-[ 7, 0, 5]
 142   53.260044   53.260044   0.00000000   0.00000000   0.0000   0.7765  9-[ 7, 1, 4]
 143   33.378570   33.378570   0.00000000   0.00000000   0.0000   0.8348  9-[ 5, 0, 5]
 145   37.514870   37.514870   0.00000000   0.00000000   0.0000   0.8979  9-[ 5, 1, 4]
 148   47.472453   47.472453   0.00000000   0.00000000   0.0000   0.6524 11+[ 6, 1, 5]
 150   43.420350   43.420350   0.00000000   0.00000000   0.0000   0.7470 11+[ 6, 0, 6]
 153   51.627814   51.627814   0.00000000   0.00000000   0.0000   0.8626 11-[ 7, 0, 5]
 154   55.842918   55.842918   0.00000000   0.00000000   0.0000   0.8009 11-[ 7, 2, 5]
 155   29.812881   29.812881   0.00000000   0.00000000   0.0000   0.8710 11-[ 5, 0, 5]
 159   40.062907   40.062907   0.00000000   0.00000000   0.0000   0.8922 13+[ 6, 0, 6]
 160   56.628785   56.628785   0.00000000   0.00000000   0.0000   1.0000 13-[ 7, 1, 6]
 162   57.772879   57.772879   0.00000000   0.00000000   0.0000   1.0000 15-[ 7, 0, 7]
  Sum canonical e_v*V^2_k=  -252.63463706626627     


 #quasiparticle energies protons 
 --------------------------------
  eqp(k) -> q.p. energy 
  e(k)   -> referent s.p. energy 
  p(k)   -> occ.probability 
  del(k) -> referent s.p. gap 
  fermi energy alast=  -7.4569403293537988     
  #k  block#    eqp(k)     e(k)       (1-2N)E      decay        p(k)        del(k)    overl      labels
   1    1     1.044996   -8.501937   -1.044996    1.280653    1.00000000   0.0000   0.7657  1+[ 2, 2, 0]
   2    1     2.706696   -4.750244    2.706696    1.400222    0.00000000   0.0000   0.8493  1+[ 2, 0, 0]
   3    1     6.661697   -0.795244    6.661697    1.650322    0.00000000   0.0000   0.7456  1+[ 2, 1, 1]
   4    1    22.569876  -30.026816  -22.569876    2.406728    1.00000000   0.0000   0.9844  1+[ 0, 0, 0]
   5    1    22.871215   15.414275   22.871215    2.418775    0.00000000   0.0000   0.5459  1+[ 4, 3, 1]
   6    1    23.431103   15.974163   23.431103    2.440999    0.00000000   0.0000   0.6561  1+[ 4, 0, 0]
   7    1    24.706710   17.249770   24.706710    2.490893    0.00000000   0.0000   0.4703  1+[ 4, 1, 1]
   8    1    26.874025   19.417085   26.874025    2.573448    0.00000000   0.0000   0.4978  1+[ 4, 1, 1]
   9    1    30.554472   23.097531   30.554472    2.707880    0.00000000   0.0000   0.5446  1+[ 4, 3, 1]
  10    1    45.136293   37.679352   45.136293    3.185205    0.00000000   0.0000   0.4917  1+[ 6, 2, 0]
  11    1    47.126961   39.670021   47.126961    3.244925    0.00000000   0.0000   0.4855  1+[ 6, 6, 0]
  12    1    49.066188   41.609248   49.066188    3.302064    0.00000000   0.0000   0.5454  1+[ 6, 4, 0]
  13    1    49.440057   41.983116   49.440057    3.312967    0.00000000   0.0000   0.4259  1+[ 4, 0, 0]
  14    1    50.550145   43.093205   50.550145    3.345130    0.00000000   0.0000   0.4577  1+[ 4, 1, 1]
  15    1    52.621930   45.164990   52.621930    3.404343    0.00000000   0.0000   0.4603  1+[ 6, 3, 1]
  16    1    54.780088   47.323148   54.780088    3.464949    0.00000000   0.0000   0.5074  1+[ 6, 5, 1]
  17    2     6.510748  -13.967688   -6.510748    1.641477    1.00000000   0.0000   0.8932  1-[ 1, 0, 1]
  18    2    10.561638    3.104697   10.561638    1.864372    0.00000000   0.0000   0.6509  1-[ 3, 3, 0]
  19    2    11.753305  -19.210245  -11.753305    1.925036    1.00000000   0.0000   0.8937  1-[ 1, 1, 0]
  20    2    13.989670    6.532730   13.989670    2.034004    0.00000000   0.0000   0.7301  1-[ 3, 1, 0]
  21    2    16.658917    9.201977   16.658917    2.156869    0.00000000   0.0000   0.7639  1-[ 3, 0, 1]
  22    2    19.370606   11.913666   19.370606    2.274903    0.00000000   0.0000   0.6039  1-[ 3, 2, 1]
  23    2    36.093954   28.637013   36.093954    2.898484    0.00000000   0.0000   0.5241  1-[ 5, 4, 1]
  24    2    36.559741   29.102800   36.559741    2.913943    0.00000000   0.0000   0.5786  1-[ 5, 1, 0]
  25    2    36.955257   29.498317   36.955257    2.927006    0.00000000   0.0000   0.5850  1-[ 5, 3, 0]
  26    2    38.384052   30.927112   38.384052    2.973716    0.00000000   0.0000   0.6441  1-[ 5, 0, 1]
  27    2    42.238523   34.781583   42.238523    3.096213    0.00000000   0.0000   0.5004  1-[ 5, 2, 1]
  28    2    43.952937   36.495996   43.952937    3.149167    0.00000000   0.0000   0.5580  1-[ 5, 4, 1]
  29    2    63.867037   56.410096   63.867037    3.709285    0.00000000   0.0000   0.4948  1-[ 7, 2, 1]
  30    2    65.597631   58.140691   65.597631    3.754016    0.00000000   0.0000   0.5349  1-[ 7, 5, 0]
  31    3     0.398310   -7.855250   -0.398310    1.230984    1.00000000   0.0000   0.9144  3+[ 2, 1, 1]
  32    3     7.662981    0.206041    7.662981    1.707840    0.00000000   0.0000   0.8818  3+[ 2, 0, 2]
  33    3    23.067261   15.610321   23.067261    2.426580    0.00000000   0.0000   0.7701  3+[ 4, 3, 1]
  34    3    24.557581   17.100641   24.557581    2.485112    0.00000000   0.0000   0.7358  3+[ 4, 1, 1]
  35    3    26.579458   19.122518   26.579458    2.562384    0.00000000   0.0000   0.6097  3+[ 4, 0, 2]
  36    3    30.461577   23.004636   30.461577    2.704569    0.00000000   0.0000   0.6731  3+[ 4, 2, 2]
  37    3    45.053383   37.596442   45.053383    3.182693    0.00000000   0.0000   0.4752  3+[ 6, 1, 1]
  38    3    47.256367   39.799427   47.256367    3.248770    0.00000000   0.0000   0.4859  3+[ 6, 1, 1]
  39    3    49.282449   41.825509   49.282449    3.308375    0.00000000   0.0000   0.5904  3+[ 6, 3, 1]
  40    3    51.945081   44.488141   51.945081    3.385112    0.00000000   0.0000   0.6137  3+[ 4, 0, 2]
  41    3    52.563247   45.106306   52.563247    3.402680    0.00000000   0.0000   0.5900  3+[ 6, 2, 2]
  42    3    54.571093   47.114152   54.571093    3.459126    0.00000000   0.0000   0.6167  3+[ 6, 4, 2]
  43    4    10.947111  -18.404051  -10.947111    1.884209    1.00000000   0.0000   0.9737  3-[ 1, 0, 1]
  44    4    10.953996    3.497056   10.953996    1.884562    0.00000000   0.0000   0.8439  3-[ 3, 2, 1]
  45    4    15.701989    8.245049   15.701989    2.113643    0.00000000   0.0000   0.8513  3-[ 3, 0, 1]
  46    4    19.616188   12.159248   19.616188    2.285292    0.00000000   0.0000   0.7901  3-[ 3, 1, 2]
  47    4    36.090503   28.633563   36.090503    2.898370    0.00000000   0.0000   0.7248  3-[ 5, 4, 1]
  48    4    36.691858   29.234918   36.691858    2.918313    0.00000000   0.0000   0.7300  3-[ 5, 0, 1]
  49    4    37.005618   29.548678   37.005618    2.928665    0.00000000   0.0000   0.7475  3-[ 5, 2, 1]
  50    4    42.118237   34.661297   42.118237    3.092463    0.00000000   0.0000   0.6362  3-[ 5, 1, 2]
  51    4    43.834291   36.377351   43.834291    3.145531    0.00000000   0.0000   0.6806  3-[ 5, 3, 2]
  52    4    63.876232   56.419292   63.876232    3.709524    0.00000000   0.0000   0.6057  3-[ 7, 2, 1]
  53    4    65.660229   58.203289   65.660229    3.755624    0.00000000   0.0000   0.5330  3-[ 7, 4, 1]
  54    5     0.398310   -7.058631    0.398310    1.230984    0.00000000   0.0000   0.9742  5+[ 2, 0, 2]
  55    5    23.330397   15.873457   23.330397    2.437017    0.00000000   0.0000   0.8181  5+[ 4, 2, 2]
  56    5    24.305614   16.848673   24.305614    2.475313    0.00000000   0.0000   0.7503  5+[ 4, 0, 2]
  57    5    30.411482   22.954541   30.411482    2.702782    0.00000000   0.0000   0.7537  5+[ 4, 1, 3]
  58    5    44.831920   37.374980   44.831920    3.175975    0.00000000   0.0000   0.5685  5+[ 6, 2, 2]
  59    5    47.783723   40.326782   47.783723    3.264389    0.00000000   0.0000   0.6079  5+[ 6, 0, 2]
  60    5    49.363317   41.906377   49.363317    3.310732    0.00000000   0.0000   0.6155  5+[ 6, 4, 2]
  61    5    52.433289   44.976349   52.433289    3.398994    0.00000000   0.0000   0.6157  5+[ 6, 1, 3]
  62    5    54.199889   46.742949   54.199889    3.448760    0.00000000   0.0000   0.6887  5+[ 6, 3, 3]
  63    6    11.819812    4.362872   11.819812    1.928366    0.00000000   0.0000   0.9382  5-[ 3, 1, 2]
  64    6    20.437551   12.980611   20.437551    2.319699    0.00000000   0.0000   0.8615  5-[ 3, 0, 3]
  65    6    35.891810   28.434870   35.891810    2.891750    0.00000000   0.0000   0.6256  5-[ 5, 3, 2]
  66    6    37.131619   29.674679   37.131619    2.932811    0.00000000   0.0000   0.6388  5-[ 5, 1, 2]
  67    6    41.807356   34.350416   41.807356    3.082752    0.00000000   0.0000   0.6942  5-[ 5, 0, 3]
  68    6    43.719737   36.262796   43.719737    3.142017    0.00000000   0.0000   0.7684  5-[ 5, 2, 3]
  69    6    63.867523   56.410583   63.867523    3.709298    0.00000000   0.0000   0.5099  5-[ 7, 1, 2]
  70    6    65.798224   58.341284   65.798224    3.759166    0.00000000   0.0000   0.6361  5-[ 7, 5, 2]
  71    7    24.366014   16.909073   24.366014    2.477665    0.00000000   0.0000   0.9255  7+[ 4, 1, 3]
  72    7    30.565734   23.108793   30.565734    2.708281    0.00000000   0.0000   0.7811  7+[ 4, 0, 4]
  73    7    44.572860   37.115919   44.572860    3.168097    0.00000000   0.0000   0.7412  7+[ 6, 1, 3]
  74    7    49.479229   42.022289   49.479229    3.314107    0.00000000   0.0000   0.7654  7+[ 6, 3, 3]
  75    7    52.532103   45.075163   52.532103    3.401797    0.00000000   0.0000   0.6064  7+[ 6, 0, 4]
  76    7    53.784682   46.327742   53.784682    3.437129    0.00000000   0.0000   0.7265  7+[ 6, 2, 4]
  77    8    13.140364    5.683423   13.140364    1.993323    0.00000000   0.0000   0.9757  7-[ 3, 0, 3]
  78    8    35.583690   28.126750   35.583690    2.881454    0.00000000   0.0000   0.7782  7-[ 5, 0, 3]
  79    8    37.568218   30.111277   37.568218    2.947135    0.00000000   0.0000   0.8202  7-[ 5, 2, 3]
  80    8    43.749715   36.292775   43.749715    3.142937    0.00000000   0.0000   0.8327  7-[ 5, 1, 4]
  81    8    63.820588   56.363648   63.820588    3.708077    0.00000000   0.0000   0.7524  7-[ 7, 2, 3]
  82    8    66.038757   58.581816   66.038757    3.765333    0.00000000   0.0000   0.7583  7-[ 7, 4, 3]
  83    9    25.603642   18.146702   25.603642    2.525385    0.00000000   0.0000   0.9360  9+[ 4, 0, 4]
  84    9    44.487977   37.031037   44.487977    3.165512    0.00000000   0.0000   0.8025  9+[ 6, 0, 4]
  85    9    49.775613   42.318672   49.775613    3.322722    0.00000000   0.0000   0.8555  9+[ 6, 2, 4]
  86    9    53.269042   45.812102   53.269042    3.422628    0.00000000   0.0000   0.8100  9+[ 6, 1, 5]
  87   10    38.386009   30.929068   38.386009    2.973779    0.00000000   0.0000   0.9423  9-[ 5, 1, 4]
  88   10    44.111018   36.654077   44.111018    3.154005    0.00000000   0.0000   0.8652  9-[ 5, 0, 5]
  89   10    63.783573   56.326633   63.783573    3.707114    0.00000000   0.0000   0.9037  9-[ 7, 1, 4]
  90   10    66.415315   58.958375   66.415315    3.774967    0.00000000   0.0000   0.8640  9-[ 7, 3, 4]
  91   11    50.232179   42.775239   50.232179    3.335949    0.00000000   0.0000   0.9011 11+[ 6, 1, 5]
  92   11    53.168047   45.711106   53.168047    3.419781    0.00000000   0.0000   0.8357 11+[ 6, 0, 6]
  93   12    39.901584   32.444644   39.901584    3.022536    0.00000000   0.0000   0.9515 11-[ 5, 0, 5]
  94   12    63.957762   56.500822   63.957762    3.711643    0.00000000   0.0000   0.9485 11-[ 7, 0, 5]
  95   12    66.953975   59.497035   66.953975    3.788705    0.00000000   0.0000   0.9416 11-[ 7, 2, 5]
  96   13    50.961418   43.504478   50.961418    3.356967    0.00000000   0.0000   0.8985 13+[ 6, 0, 6]
#all active are   96 q.p. states out of  165
#since the cut off is pwi=  60.0
#check: number of protons =  12.0


 #canonical s.p. energies protons 
 ---------------------------------


  labels -> {2*omega}{parity}[nn=nz+2*nr+nl,nz,nl]
  cqpe   -> canonical q.p. energies
  ce     -> canonical s.p. energies
  fermi energy=  -7.4569403293537988     
  average cdelt=  -1.4941232339147098E-021
  k0      ceqp        ce         v*v       u*v        cdel     overl      labels
   1   18.598293   18.598293   0.00000000   0.00000000   0.0000   0.6205  1+[ 4, 3, 1]
   2   16.314543   16.314543   0.00000000   0.00000000   0.0000   0.4945  1+[ 2, 0, 0]
   3   45.146801   45.146801   0.00000000   0.00000000   0.0000   0.5499  1+[ 4, 1, 1]
   5   47.842770   47.842770   0.00000000   0.00000000   0.0000   0.5623  1+[ 6, 3, 1]
   9   48.988373   48.988373   0.00000000   0.00000000   0.0000   0.4745  1+[ 6, 5, 1]
  14   57.354210   57.354210   0.00000000   0.00000000   0.0000   0.5359  1+[ 6, 0, 0]
  15   54.647248   54.647248   0.00000000   0.00000000   0.0000   0.5422  1+[ 8, 3, 1]
  16   45.505457   45.505457   0.00000000   0.00000000   0.0000   0.5486  1+[ 6, 5, 1]
  18   55.522874   55.522874   0.00000000   0.00000000   0.0000   0.4344  1+[ 8, 0, 0]
  19   34.069580   34.069580   0.00000000   0.00000000   0.0000   0.5907  1+[ 4, 0, 0]
  20   25.987009   25.987009   0.00000000   0.00000000   0.0000   0.5293  1+[ 4, 2, 0]
  21   18.449433   18.449433   0.00000000   0.00000000   0.0000   0.4483  1+[ 4, 1, 1]
  22   21.117872   21.117872   0.00000000   0.00000001   0.0000   0.7842  1+[ 4, 4, 0]
  23   -0.745907   -0.745907   0.00000000   0.00000001   0.0000   0.5839  1+[ 2, 1, 1]
  24   -6.411944   -8.501937   1.00000000   0.00002895   0.0000   0.7657  1+[ 2, 2, 0]
  25   15.112936  -30.026816   1.00000000   0.00000000   0.0000   0.9844  1+[ 0, 0, 0]
  26    9.937159    9.937159   0.00000000   0.00000000   0.0000   0.5747  1-[ 3, 3, 0]
  27   13.159711   13.159711   0.00000000   0.00000000   0.0000   0.7222  1-[ 3, 2, 1]
  28   27.825415   27.825415   0.00000000   0.00000000   0.0000   0.6281  1-[ 3, 1, 0]
  29   32.779016   32.779016   0.00000000   0.00000000   0.0000   0.7348  1-[ 5, 2, 1]
  30   42.012407   42.012407   0.00000000   0.00000000   0.0000   0.5890  1-[ 7, 2, 1]
  31   55.260977   55.260977   0.00000000   0.00000000   0.0000   0.5903  1-[ 7, 4, 1]
  32   48.742089   48.742089   0.00000000   0.00000000   0.0000   0.5332  1-[ 5, 5, 0]
  33   58.232825   58.232825   0.00000000   0.00000000   0.0000   0.5697  1-[ 7, 1, 0]
  34   59.987490   59.987490   0.00000000   0.00000000   0.0000   0.9568  1-[ 7, 5, 0]
  35   53.962844   53.962844   0.00000000   0.00000000   0.0000   0.7494  1-[ 7, 3, 0]
  36   53.728825   53.728825   0.00000000   0.00000000   0.0000   0.5831  1-[ 7, 3, 0]
  37   59.168777   59.168777   0.00000000   0.00000000   0.0000   0.7871  1-[ 7, 6, 1]
  38   43.089062   43.089062   0.00000000   0.00000000   0.0000   0.5634  1-[ 5, 1, 0]
  39   49.250733   49.250733   0.00000000   0.00000000   0.0000   0.5703  1-[ 7, 0, 1]
  40   50.970898   50.970898   0.00000000   0.00000000   0.0000   0.5157  1-[ 7, 0, 1]
  41   33.072415   33.072415   0.00000000   0.00000000   0.0000   0.4629  1-[ 5, 0, 1]
  42   28.631321   28.631321   0.00000000   0.00000000   0.0000   0.7434  1-[ 5, 4, 1]
  43   18.165183   18.165183   0.00000000   0.00000001   0.0000   0.6901  1-[ 3, 3, 0]
  44    0.400077  -15.313957   1.00000000   0.00000003   0.0000   0.7819  1-[ 1, 1, 0]
  45    2.950096  -17.863976   1.00000000   0.00000001   0.0000   0.7780  1-[ 1, 0, 1]
  46    3.800845    3.800845   0.00000000   0.00000000   0.0000   0.9348  3+[ 2, 0, 2]
  47   22.264942   22.264942   0.00000000   0.00000000   0.0000   0.8077  3+[ 4, 3, 1]
  48   30.219003   30.219003   0.00000000   0.00000000   0.0000   0.7792  3+[ 4, 0, 2]
  49   56.084703   56.084703   0.00000000   0.00000000   0.0000   0.6787  3+[ 8, 3, 1]
  51   59.182239   59.182239   0.00000000   0.00000000   0.0000   0.5988  3+[ 6, 1, 1]
  53   56.255181   56.255181   0.00000000   0.00000000   0.0000   0.5676  3+[ 6, 4, 2]
  57   52.375911   52.375911   0.00000000   0.00000000   0.0000   0.5399  3+[ 6, 0, 2]
  58   51.274668   51.274668   0.00000000   0.00000000   0.0000   0.5690  3+[ 8, 2, 2]
  59   43.721367   43.721367   0.00000000   0.00000000   0.0000   0.5148  3+[ 6, 4, 2]
  60   59.839148   59.839148   0.00000000   0.00000000   0.0000   0.3918  3+[ 6, 1, 1]
  62   44.569073   44.569073   0.00000000   0.00000000   0.0000   0.5768  3+[ 6, 3, 1]
  63   43.661188   43.661188   0.00000000   0.00000000   0.0000   0.4710  3+[ 6, 3, 1]
  64   31.788376   31.788376   0.00000000   0.00000000   0.0000   0.6390  3+[ 4, 1, 1]
  65   -7.058630   -7.855250   0.99965312   0.01862136   0.0000   0.9144  3+[ 2, 1, 1]
  66   15.698274   15.698274   0.00000000   0.00000000   0.0000   0.8125  3-[ 3, 1, 2]
  67   29.019342   29.019342   0.00000000   0.00000000   0.0000   0.6968  3-[ 5, 2, 1]
  68   36.422916   36.422916   0.00000000   0.00000000   0.0000   0.7414  3-[ 5, 0, 1]
  69   58.197204   58.197204   0.00000000   0.00000000   0.0000   0.8883  3-[ 7, 4, 1]
  70   49.337255   49.337255   0.00000000   0.00000000   0.0000   0.7892  3-[ 5, 1, 2]
  71   50.813397   50.813397   0.00000000   0.00000000   0.0000   0.6539  3-[ 7, 5, 2]
  74   54.843553   54.843553   0.00000000   0.00000000   0.0000   0.5400  3-[ 7, 6, 1]
  75   42.291274   42.291274   0.00000000   0.00000000   0.0000   0.7586  3-[ 5, 3, 2]
  76   49.152696   49.152696   0.00000000   0.00000000   0.0000   0.7840  3-[ 7, 2, 1]
  77   56.098812   56.098812   0.00000000   0.00000000   0.0000   0.8672  3-[ 7, 0, 1]
  78   41.276940   41.276940   0.00000000   0.00000000   0.0000   0.7516  3-[ 5, 4, 1]
  79   13.477500   13.477500   0.00000000   0.00000000   0.0000   0.6183  3-[ 3, 2, 1]
  80   13.010328   13.010328   0.00000000   0.00000000   0.0000   0.9494  3-[ 3, 0, 1]
  81    3.490171  -18.404051   1.00000000   0.00000000   0.0000   0.9737  3-[ 1, 0, 1]
  82   28.075262   28.075262   0.00000000   0.00000000   0.0000   0.5833  5+[ 4, 2, 2]
  83   29.768420   29.768420   0.00000000   0.00000000   0.0000   0.7900  5+[ 4, 2, 2]
  84   49.017563   49.017563   0.00000000   0.00000000   0.0000   0.8046  5+[ 6, 2, 2]
  85   53.207455   53.207455   0.00000000   0.00000000   0.0000   0.6008  5+[ 8, 2, 2]
  87   55.345881   55.345881   0.00000000   0.00000000   0.0000   0.7622  5+[ 6, 3, 3]
  88   52.704699   52.704699   0.00000000   0.00000000   0.0000   0.7332  5+[ 6, 1, 3]
  93   55.940555   55.940555   0.00000000   0.00000000   0.0000   0.7231  5+[ 6, 4, 2]
  94   57.390552   57.390552   0.00000000   0.00000000   0.0000   0.8616  5+[ 6, 0, 2]
  95   44.663085   44.663085   0.00000000   0.00000000   0.0000   0.7279  5+[ 4, 0, 2]
  96   31.995003   31.995003   0.00000000   0.00000000   0.0000   0.9446  5+[ 4, 1, 3]
  97   -7.058631   -7.058631   0.00034688   0.01862139   0.0000   0.9742  5+[ 2, 0, 2]
 102   38.097125   38.097125   0.00000000   0.00000000   0.0000   0.6560  5-[ 3, 0, 3]
 103   45.993809   45.993809   0.00000000   0.00000000   0.0000   0.5056  5-[ 7, 0, 3]
 104   48.027955   48.027955   0.00000000   0.00000000   0.0000   0.5513  5-[ 7, 3, 2]
 105   33.784960   33.784960   0.00000000   0.00000000   0.0000   0.5440  5-[ 7, 5, 2]
 106   22.572719   22.572719   0.00000000   0.00000000   0.0000   0.4806  5-[ 5, 0, 3]
 107   34.294746   34.294746   0.00000000   0.00000000   0.0000   0.6810  5-[ 5, 3, 2]
 108   42.711875   42.711875   0.00000000   0.00000000   0.0000   0.5423  5-[ 5, 2, 3]
 109   13.149481   13.149481   0.00000000   0.00000000   0.0000   0.9352  5-[ 3, 1, 2]
 110   32.566544   32.566544   0.00000000   0.00000000   0.0000   0.7691  7+[ 4, 1, 3]
 112   57.522617   57.522617   0.00000000   0.00000000   0.0000   0.5503  7+[ 8, 5, 3]
 116   42.158583   42.158583   0.00000000   0.00000000   0.0000   0.6388  7+[ 4, 0, 4]
 117   58.693881   58.693881   0.00000000   0.00000000   0.0000   0.6973  7+[ 8, 4, 4]
 118   26.398288   26.398288   0.00000000   0.00000000   0.0000   0.5760  7+[ 6, 0, 4]
 121   48.299726   48.299726   0.00000000   0.00000000   0.0000   0.6241  7+[ 6, 1, 3]
 125   52.914518   52.914518   0.00000000   0.00000000   0.0000   0.6057  7-[ 5, 2, 3]
 126   21.677503   21.677503   0.00000000   0.00000000   0.0000   0.7685  7-[ 3, 0, 3]
 127   36.657171   36.657171   0.00000000   0.00000000   0.0000   0.6598  7-[ 5, 2, 3]
 128   50.169132   50.169132   0.00000000   0.00000000   0.0000   0.6252  7-[ 5, 1, 4]
 129   45.010956   45.010956   0.00000000   0.00000000   0.0000   0.6383  7-[ 7, 3, 4]
 130   17.400682   17.400682   0.00000000   0.00000000   0.0000   0.6008  7-[ 3, 0, 3]
 131   54.430275   54.430275   0.00000000   0.00000000   0.0000   0.7857  9+[ 6, 1, 5]
 135   48.826601   48.826601   0.00000000   0.00000000   0.0000   0.6138  9+[ 6, 0, 4]
 136   59.072323   59.072323   0.00000000   0.00000000   0.0000   0.6823  9+[ 8, 4, 4]
 137   49.596070   49.596070   0.00000000   0.00000000   0.0000   0.6902  9+[ 6, 2, 4]
 139   39.800816   39.800816   0.00000000   0.00000000   0.0000   0.6345  9+[ 4, 0, 4]
 140   56.824741   56.824741   0.00000000   0.00000000   0.0000   0.5857  9-[ 7, 0, 5]
 141   59.347965   59.347965   0.00000000   0.00000000   0.0000   0.8160  9-[ 7, 3, 4]
 143   36.648015   36.648015   0.00000000   0.00000000   0.0000   0.8642  9-[ 5, 0, 5]
 145   40.877762   40.877762   0.00000000   0.00000000   0.0000   0.7413  9-[ 5, 1, 4]
 147   57.732536   57.732536   0.00000000   0.00000000   0.0000   0.6051 11+[ 6, 1, 5]
 150   46.779442   46.779442   0.00000000   0.00000000   0.0000   0.7424 11+[ 6, 0, 6]
 153   57.774070   57.774070   0.00000000   0.00000000   0.0000   0.6844 11-[ 7, 0, 5]
 154   57.425918   57.425918   0.00000000   0.00000000   0.0000   0.6619 11-[ 7, 2, 5]
 155   33.442703   33.442703   0.00000000   0.00000000   0.0000   0.8724 11-[ 5, 0, 5]
 159   43.521094   43.521094   0.00000000   0.00000000   0.0000   0.8931 13+[ 6, 0, 6]
  Sum canonical e_v*V^2_k=  -195.93142388649298     

  NB! From expect (UNPROJECTED RESULTS)

  pairing: CpV0,CpV1,...           0.100000       0.100000       1.000000       1.000000
  forces:   UNE1                          


                             neutrons         protons         total
  Requested part.numbs.      12.000000      12.000000      24.000000
  UnPj(av) part.numbs .      12.000000      12.000000      24.000000
  b0, bz, bp ..........       1.559284       1.564210       1.556827

  lambda (ala) ........     -12.114624      -7.456940
  Lambda (alast) ......     -12.114624      -7.456940
  delta(n,p), pwi .....       0.000000      -0.000000      60.000000
  pairing energy ......       0.000000       0.000000       0.000000

  rms-radius ..........       2.923178       2.942081       2.932645
  charge-radius, r0 ...                      3.048908       3.461399
  deformation beta2....       0.229115       0.228767       0.228940
  dipole moment[fm] ...       0.000000       0.000000       0.000000
  quadrupole moment[b]        0.296384       0.299775       0.596159
  octupole moment .....       0.000000       0.000000       0.000000
  hexadecapole moment .      -0.000871      -0.000979      -0.001850
  q5 ..................       0.000000       0.000000       0.000000
  q6 ..................      -0.000051      -0.000050      -0.000101
  q7 ..................       0.000000       0.000000       0.000000
  q8 ..................       0.000000       0.000000       0.000001

  <r^0> [fm^0] ........            1.000000            1.000000            1.000000
  <r^2> [fm^2] ........            8.544969            8.655842            8.600405
  <r^4> [fm^4] ........          105.261255          108.344811          106.803033
  <r^6> [fm^6] ........         1672.546228         1754.801162         1713.673695
  <r^8> [fm^8] ........        32498.510141        34837.173950        33667.842045

  kinetic energy ......     208.387074     205.716876     414.103950
  volume energy .......                                  -662.136435
        rho_tau .......                                    -1.839130
        rho_rho .......                                  -660.297305
  surface energy ......                                    57.405905
   rho_DELTA_rho ......                                    57.405905
   (NABLA_rho)^2 ......                                     0.000000
  spin-orbit energy ...                                   -23.996443
        rho_NABLA_J ...                                   -23.996443
        NABLA_rho_J ...                                     0.000000
  coulomb energy ......                                    29.192890
          direct ......                                    33.646745
          exchange ....                                    -4.453855
  tensor energy .......                                     0.000000
  direct Hartree E  ...                                     0.000000
  Extra E .............                                     0.000000
  External field E ....                                     0.000000
  Entropy .............       0.014127       0.012441       0.026568

  tEnergy: ehfb (qp)...                                  -185.430132

  Calculated but not added corrections 
====================================
  cmc-diagonal part ...      -0.000000       0.000000       0.000000
  cmc-hfb .............       0.000000       0.000000       0.000000
  cranking rot corr ...       0.000000       0.000000       0.000000

  SQUJ ................       0.000000       0.000000       0.000000
  CRAN x 4 ............       0.000000       0.000000       0.000000
  Rigit Body ..........       0.000000       0.000000       0.000000


   Blocking candidates are:
   neutron eqpmin=  0.39114607516998490       pwiblo=   5.1031036307982882     
    num=   1 block=   3 state=   1    32 Eqp=   0.39114608  (1-2N)E=  -0.39114608  Ovlp=   0.91725084  3+[ 2, 1, 1]
    num=   2 block=   5 state=   1    56 Eqp=   0.39114598  (1-2N)E=   0.39114598  Ovlp=   0.97779138  5+[ 2, 0, 2]
    num=   3 block=   1 state=   1     1 Eqp=   1.04806946  (1-2N)E=  -1.04806946  Ovlp=   0.76899307  1+[ 2, 2, 0]
    num=   4 block=   1 state=   2     2 Eqp=   2.78250891  (1-2N)E=   2.78250891  Ovlp=   0.85586622  1+[ 2, 0, 0]

   Blocking candidates are:
   proton  eqpmin=  0.39830987685378716       pwiblo=   5.1031036307982882     
    num=   1 block=   3 state=   1    31 Eqp=   0.39830988  (1-2N)E=  -0.39830988  Ovlp=   0.91442425  3+[ 2, 1, 1]
    num=   2 block=   5 state=   1    54 Eqp=   0.39830976  (1-2N)E=   0.39830976  Ovlp=   0.97420532  5+[ 2, 0, 2]
    num=   3 block=   1 state=   1     1 Eqp=   1.04499624  (1-2N)E=  -1.04499624  Ovlp=   0.76568733  1+[ 2, 2, 0]
    num=   4 block=   1 state=   2     2 Eqp=   2.70669633  (1-2N)E=   2.70669633  Ovlp=   0.84925110  1+[ 2, 0, 0]


