No Skyrme interaction defined in routine skforce()
Multi-threading framework with OpenMP: 1 threads/task

  =======================================
           FORTRAN 95 CODE (KIND= 8) 
               Version: 200d  
  =======================================
       AXIALLY DEFORMED CONFIGURATIONAL  
     HARTREE-FOCK-BOGOLIUBOV CALCULATIONS
                     WITH                
            UNEDF AND DELTA PAIRING      
                     USING               
             HARMONIC-OSCILLATOR         
                   AND/OR                
       TRANSFORMED HARMONIC-OSCILLATOR   
                    BASIS                
                     ---                 
               v1.66  (2005):,           
   Stoitsov,Dobaczewski,Nazarewicz,Ring, 
               v2.00d (2012):,           
         Stoitsov,Schunck,Kortelainen    
  =======================================
    Nucleus: MG (A=  24, N= 12, Z= 12)
       Reflection Symmetry Imposed       
            ( 9/13/2022, 23:11)                               
  =======================================


  ---------------------------------------
           UNEDF Module Version:17
         M.Kortelainen & M.Stoitsov 
  ---------------------------------------

  UNE1 functional
  ----------------------------------
  Crho(0)=   -779.373008720865300    ; Crho(1)=    287.722131583286796    
  CDrho(0)=   891.477890442349690    ; CDrho(1)=  -200.587774317884879    
  Ctau(0)=  -0.989915057807676746    ; Ctau(1)=   -33.6320970701835549    
  CrDr(0)=   -43.4846404697086939    ; CrDr(1)=   -166.628203973387144    
  CrdJ(0)=   -67.2077828708615215    ; CrdJ(1)=   -29.6216097546677091    
  CJ(0)=      0.00000000000000000    ; CJ(1)=      0.00000000000000000    
  CpV0(0)=   0.100000000000000006    ; CpV0(1)=   0.100000000000000006    
  CpV1(0)=    1.00000000000000000    ; CpV1(1)=    1.00000000000000000    
  sigma=     0.270018011502707600    ; hbzero=     20.7355300000000007    
  e^2 chrg=   1.43997840859651305    ; CExPar=     1.00000000000000000    
  c.m. correction: F, chr. density in direct Coul: F
  use tensor terms: F
  use TMR pairing:  0

  Coupling constants in natural units
  -----------------------------------
  Crho_nu(0)=  -0.877667471343921757    ; Crho_nu(1)=   0.324009624211695935    
  CDrho_nu(0)=  0.941450913381434273    ; CDrho_nu(1)= -0.211831998717341041    
  Ctau_nu(0)=  -0.140321584905665799E-01; Ctau_nu(1)=  -0.476738799694694126    
  CrDr_nu(0)=  -0.616399722545493467    ; CrDr_nu(1)=   -2.36197373573772484    
  CrdJ_nu(0)=  -0.952677963230595615    ; CrdJ_nu(1)=  -0.419889686034016163    
  CJ_nu(0)=      0.00000000000000000    ; CJ_nu(1)=      0.00000000000000000    
  CpV0_nu(0)=   0.112611992142809880E-03; CpV0_nu(1)=   0.112611992142809880E-03
  CpV1_nu(0)=   0.887702254206059068E-03; CpV1_nu(1)=   0.887702254206059068E-03
  fpi_nu=        93.0000000000000000    ; Lambda_nu=     700.000000000000000    

  Nuclear matter properties
  ----------------------------------
      E_NM=     -15.8000000000000149      K_NM=     220.0000000000000284
      P_NM=      -0.0000000000000032    RHO_NM=       0.1587067693325870
    ASS_NM=      28.9867890577721070   LASS_NM=      40.0047904804136323
  SMASS_NM=       0.9924233322833640  VMASS_NM=       1.2498385742322700

  Associated (t,x)-coupling constants
  -----------------------------------
  t0=      -2078.32802325564080    ; x0=       0.537569206858470316E-01
  t1=       230.598195761369453    ; x1=       -5.98903443701086591    
  t2=       1810.54654287458743    ; x2=       -1.34770989193759250    
  t3=       14263.6462470775950    ; x3=      -0.162491168089956339    
  b4=       37.5861731161938124    ; b4p=       59.2432195093354181    
  te=      -540.110036828612465    ; to=       -224.120367405968892    
  sigma=   0.270018011502707600    ; hbzero=    20.7355300000000007    

  ---------------------------------------
        Characteristics of the run       
  ---------------------------------------
  Output file ................:     7
  Nucleus ....................:   MG  24
  Number of HO shells ........:     8
  HO length b0 (fm) ..........:     1.55928400372611
  Basis deformation ..........:  beta0=   0.010 q=   1.010
  HO: b0,1/b0,bp,bz,q ........:   0.15592840E+01  0.64131999E+00  0.15568270E+01  0.15642096E+01  0.10095067E+01
  h**2/(2m), cmc, e**2 .......:   0.20735530E+02  0.20735530E+02  0.14399784E+01
  hom=f*41.0_pr*A^{-1/3}, f...:   0.17056687E+02  0.12000000E+01
  THO basis is ...............:  OFF
  Maximal number of iterations:   400
  Initial mixing parameter ...:  0.300
  Initial w.f. ...............:  from   spherical scratch
  Skyrme functional ..........:    UNE1                          
    with direct and exchange Coulomb
  Lipkin-Nogami procedure is .:  OFF
  PAV procedure is ...........:  OFF
  Constraint calculation is ..:   ON
    Constraint 1 .............: lambda=2 Ql=   2.385
  Temperature T ..............:   0.05 MeV
  Restart indicator ..........:   1
  Broyden mixing (#iterations):   7

  ---------------------------------------
        Harmonic Oscillator Basis        
  ---------------------------------------
  NUV, NQP:                        2501     165
  Comparison with bookkeeping spherical basis:
  n00:                                8       8  Maximal number of shells
  nbx, 2*n00+1:                      17      17  Maximal number of K-blocks
  ntx, (n00+1)*(n00+2)*(n00+3)/6    165     165  Max.num. p/n levels
  nzx, n00:                           8       8  Maximal nz-quantum number
  nrx, n00/2  :                       4       4  Maximal nr-quantum number
  nlx, n00:                           8       8  Maximal ml-quantum number
  ndx, (n00+2)*(n00+2)/4:            25      25  Maximal dim. of one k-block

  Actual basis used
  Number of blocks: nb .......:   17
  Number of levels: nt .......:  165
  Maximal 2*omega : nom ......:   17
  Maximal nz:       nzm ......:    8
  Maximal nr:       nrm ......:    4
  Maximal ml:       nlm ......:    8
  Maximal N=nz+2*nr+nl .......:    8
  2 x biggest block dim. .....:   50
  Non-zero elements of h .....:     1333
  Number of Broyden elements .:     5332

  ---------------------------------------
            Integration Meshes           
  ---------------------------------------
  Number of Gauss-Hermite mesh points ngh ....:  40
  Number of Gauss-Laguerre mesh points ngl ...:  40
  Number of Gauss-Legendre mesh points nleg ..:  80
  Integration boundaries
    Hermite  - from xh(1)  =  0.12379686 to xh(ngh)   = 11.88786356
    Laguerre - From xl(1)  =  0.03570039 to xl(ngl)   =142.28004447
    Legendre - From xleg(1)=  0.00978669 to xleg(nleg)=  0.99988775
  Max.dev.in:     Orthogonality            Normalization
  Hermite     1.5248282503475657E-015   1.0991207943789050E-014
  Laguerre    4.2896485016951012E-015   8.9928064994637680E-015

  Scratch initialization for the nucleus: MG  12  12


  Initial potentials of Saxon-Woods shape 
  v0ws   =  -71.27999878
  kappa  =    0.46160001
  vs0    =   11.11750031   11.11750031
  r0     =    1.23339999    1.23339999
  a      =    0.61500001    0.61500001
  r0-so  =    1.14429998    1.14429998
  a-so   =    0.64760000    0.64760000
  beta00 =    0.01000000

  ### REGULAR STAGE (reflection symmetry imposed)
  |HFB+HO> iterations(b0=  1.559, Nsh=  8, inin=  1, N= 12, Z= 12)...
  ----------------------------------------------------------------------------------------------------------------------------------
  i          si     mix   beta      Etot       A       rn      rp         En      Dn      Ep      Dp        Ln      Lp     time
  ----------------------------------------------------------------------------------------------------------------------------------
   1L  73.90480883 0.30  0.010     0.000000    0.0   0.000   0.000 |   -2.000   1.000  -2.000   1.000 |   -7.000  -7.000   0.000
   2B  98.85105483 0.10  0.009   -64.263280   24.0   2.625   2.625 |    0.000  -0.000   0.000  -0.000 |  -17.169 -17.169  40.538
   3B  12.42294953 0.11  0.747  -139.664298   24.0   3.473   3.567 |    0.000  -0.000   0.000  -0.000 |  -14.750 -11.637   1.286
   4B  32.59883780 0.10  1.109  -107.577550   24.0   4.151   4.051 |    0.000  -0.000   0.000  -0.000 |  -21.900 -17.058   1.119
   5B  40.26381554 0.10  1.114  -122.002230   24.0   4.165   4.205 |    0.000  -0.000   0.000  -0.000 |  -19.900 -16.173   1.221
   6B  38.01493364 0.11  1.094  -118.372611   24.0   4.154   4.092 |    0.000  -0.000   0.000  -0.000 |  -18.655 -13.857   1.254
   7B  36.15594086 0.13  1.053  -122.018475   24.0   4.050   3.972 |    0.000  -0.000   0.000  -0.000 |  -15.696 -11.255   1.355
   8B  23.29818267 0.14  0.949  -143.057804   24.0   3.743   3.823 |    0.000  -0.000   0.000  -0.000 |  -12.517  -8.924   1.413
   9B  10.67330536 0.16  0.823  -164.645649   24.0   3.519   3.606 |    0.000  -0.000   0.000  -0.000 |  -11.764  -7.633   1.553
  10B   6.09585919 0.18  0.762  -170.626088   24.0   3.476   3.403 |    0.000  -0.000   0.000  -0.000 |  -12.210  -8.087   1.438
  11B   3.79794046 0.21  0.721  -176.506712   24.0   3.364   3.358 |    0.000  -0.000   0.000  -0.000 |  -13.121  -8.673   1.285
  12B   2.19682328 0.24  0.703  -178.932590   24.0   3.312   3.343 |    0.000  -0.000   0.000  -0.000 |  -13.253  -8.709   1.596
  13B   2.32906384 0.10  0.688  -180.323931   24.0   3.290   3.307 |    0.000  -0.000   0.000  -0.000 |  -13.270  -8.837   1.597
  14B   1.68426886 0.11  0.694  -180.069741   24.0   3.299   3.314 |    0.000  -0.000   0.000  -0.000 |  -13.329  -8.989   1.598
  15B   1.40941568 0.13  0.701  -179.610065   24.0   3.314   3.317 |    0.000  -0.000   0.000  -0.000 |  -13.362  -8.997   1.098
  16B   1.17789913 0.14  0.699  -179.789417   24.0   3.306   3.319 |    0.000  -0.000   0.000  -0.000 |  -13.407  -9.021   1.495
  17B   1.51875435 0.10  0.696  -179.993447   24.0   3.292   3.322 |    0.000  -0.000   0.000  -0.000 |  -13.433  -9.101   1.463
  18B   1.24158734 0.11  0.699  -179.881799   24.0   3.300   3.322 |    0.000  -0.000   0.000  -0.000 |  -13.490  -9.101   1.334
  19B   0.94260129 0.13  0.702  -179.704415   24.0   3.307   3.322 |    0.000  -0.000   0.000  -0.000 |  -13.538  -9.173   0.935
  20B   0.52174179 0.14  0.707  -179.445197   24.0   3.309   3.329 |    0.000  -0.000   0.000  -0.000 |  -13.538  -9.173   1.426
  21B   0.22923849 0.16  0.712  -179.123553   24.0   3.315   3.337 |    0.000   0.000   0.000   0.000 |  -13.538  -9.173   0.859
  22B   0.28618873 0.10  0.715  -178.942366   24.0   3.320   3.339 |    0.000  -0.000   0.000  -0.000 |  -13.538  -9.173   1.588
  23B   0.19873663 0.11  0.714  -178.999892   24.0   3.320   3.337 |    0.000  -0.000   0.000  -0.000 |  -13.538  -9.173   1.370
  24B   0.36191149 0.10  0.713  -179.033119   24.0   3.320   3.336 |    0.000  -0.000   0.000  -0.000 |  -13.538  -9.173   1.416
  25B   0.16999652 0.11  0.714  -179.021040   24.0   3.319   3.338 |    0.000  -0.000   0.000  -0.000 |  -13.538  -9.173   1.391
  26B   0.10254722 0.13  0.713  -179.067111   24.0   3.318   3.336 |    0.000  -0.000   0.000  -0.000 |  -13.538  -9.173   1.440
  27B   0.10214137 0.14  0.713  -179.080740   24.0   3.318   3.336 |    0.000  -0.000   0.000  -0.000 |  -13.538  -9.173   0.922
  28B   0.06960705 0.16  0.713  -179.088527   24.0   3.318   3.335 |    0.000  -0.000   0.000  -0.000 |  -13.538  -9.173   1.395
  29B   0.06236784 0.18  0.713  -179.094241   24.0   3.318   3.335 |    0.000  -0.000   0.000  -0.000 |  -13.538  -9.173   1.269
  30B   0.02657503 0.21  0.712  -179.126705   24.0   3.317   3.335 |    0.000  -0.000   0.000  -0.000 |  -13.538  -9.173   1.184
  31B   0.01883029 0.24  0.712  -179.145349   24.0   3.317   3.334 |    0.000  -0.000   0.000  -0.000 |  -13.538  -9.173   1.513
  32B   0.02393504 0.10  0.712  -179.147480   24.0   3.316   3.334 |    0.000  -0.000   0.000  -0.000 |  -13.538  -9.173   1.438
  33B   0.01924150 0.11  0.712  -179.146792   24.0   3.316   3.334 |    0.000  -0.000   0.000  -0.000 |  -13.538  -9.173   1.527
  34B   0.01771432 0.13  0.712  -179.139308   24.0   3.316   3.335 |    0.000  -0.000   0.000  -0.000 |  -13.538  -9.173   1.350
  35B   0.02743532 0.10  0.712  -179.139816   24.0   3.316   3.335 |    0.000  -0.000   0.000  -0.000 |  -13.538  -9.173   1.444
  36B   0.01435270 0.11  0.712  -179.137191   24.0   3.317   3.335 |    0.000  -0.000   0.000  -0.000 |  -13.538  -9.173   1.489
  37B   0.00821693 0.13  0.712  -179.136644   24.0   3.317   3.335 |    0.000  -0.000   0.000  -0.000 |  -13.538  -9.173   1.336
  38B   0.00867908 0.10  0.712  -179.136735   24.0   3.317   3.335 |    0.000  -0.000   0.000  -0.000 |  -13.538  -9.173   1.385
  39B   0.00352588 0.11  0.712  -179.133564   24.0   3.317   3.335 |    0.000  -0.000   0.000  -0.000 |  -13.538  -9.173   1.573
  40B   0.00368019 0.10  0.712  -179.131948   24.0   3.317   3.335 |    0.000  -0.000   0.000  -0.000 |  -13.538  -9.173   1.561
  41B   0.00362489 0.11  0.712  -179.131993   24.0   3.317   3.335 |    0.000  -0.000   0.000  -0.000 |  -13.538  -9.173   1.394
  42B   0.00277928 0.13  0.712  -179.132456   24.0   3.317   3.335 |    0.000  -0.000   0.000  -0.000 |  -13.538  -9.173   1.508
  43B   0.00232852 0.14  0.712  -179.132790   24.0   3.317   3.335 |    0.000  -0.000   0.000  -0.000 |  -13.538  -9.173   1.417
  44B   0.00099748 0.16  0.712  -179.133646   24.0   3.317   3.335 |    0.000  -0.000   0.000  -0.000 |  -13.538  -9.173   1.616
  45B   0.00117489 0.10  0.712  -179.134456   24.0   3.317   3.335 |    0.000  -0.000   0.000  -0.000 |  -13.538  -9.173   1.573
  46B   0.00077453 0.11  0.712  -179.134631   24.0   3.317   3.335 |    0.000  -0.000   0.000  -0.000 |  -13.538  -9.173   1.190
  47B   0.00052742 0.13  0.712  -179.134518   24.0   3.317   3.335 |    0.000  -0.000   0.000  -0.000 |  -13.538  -9.173   1.215
  48B   0.00042663 0.14  0.712  -179.134423   24.0   3.317   3.335 |    0.000  -0.000   0.000  -0.000 |  -13.538  -9.173   0.857
  49B   0.00050138 0.10  0.712  -179.134375   24.0   3.317   3.335 |    0.000  -0.000   0.000  -0.000 |  -13.538  -9.173   1.365
  50B   0.00038507 0.11  0.712  -179.134174   24.0   3.317   3.335 |    0.000  -0.000   0.000  -0.000 |  -13.538  -9.173   1.566
  51B   0.00032696 0.13  0.712  -179.134092   24.0   3.317   3.335 |    0.000   0.000   0.000   0.000 |  -13.538  -9.173   1.415
  52B   0.00039058 0.10  0.712  -179.134051   24.0   3.317   3.335 |    0.000   0.000   0.000   0.000 |  -13.538  -9.173   1.180
  53B   0.00035962 0.11  0.712  -179.134070   24.0   3.317   3.335 |    0.000   0.000   0.000   0.000 |  -13.538  -9.173   1.480
  54B   0.00031441 0.13  0.712  -179.134104   24.0   3.317   3.335 |    0.000   0.000   0.000   0.000 |  -13.538  -9.173   1.440
  55B   0.00024035 0.14  0.712  -179.134150   24.0   3.317   3.335 |    0.000   0.000   0.000   0.000 |  -13.538  -9.173   1.480
  56B   0.00016421 0.16  0.712  -179.134195   24.0   3.317   3.335 |    0.000   0.000   0.000   0.000 |  -13.538  -9.173   1.157
  57B   0.00008911 0.18  0.712  -179.134259   24.0   3.317   3.335 |    0.000  -0.000   0.000  -0.000 |  -13.538  -9.173   0.855
  58B   0.00008985 0.10  0.712  -179.134273   24.0   3.317   3.335 |    0.000   0.000   0.000   0.000 |  -13.538  -9.173   0.929
  59B   0.00005841 0.11  0.712  -179.134269   24.0   3.317   3.335 |    0.000   0.000   0.000   0.000 |  -13.538  -9.173   1.439
  60B   0.00004813 0.13  0.712  -179.134275   24.0   3.317   3.335 |    0.000   0.000   0.000   0.000 |  -13.538  -9.173   1.372
  61B   0.00003724 0.14  0.712  -179.134282   24.0   3.317   3.335 |    0.000   0.000   0.000   0.000 |  -13.538  -9.173   1.224
  62B   0.00004334 0.10  0.712  -179.134277   24.0   3.317   3.335 |    0.000   0.000   0.000   0.000 |  -13.538  -9.173   1.398
  63B   0.00003785 0.11  0.712  -179.134280   24.0   3.317   3.335 |    0.000   0.000   0.000   0.000 |  -13.538  -9.173   1.536
  64B   0.00004108 0.10  0.712  -179.134280   24.0   3.317   3.335 |    0.000   0.000   0.000   0.000 |  -13.538  -9.173   1.438
  65B   0.00003977 0.11  0.712  -179.134280   24.0   3.317   3.335 |    0.000   0.000   0.000   0.000 |  -13.538  -9.173   1.438
  66B   0.00003653 0.13  0.712  -179.134281   24.0   3.317   3.335 |    0.000   0.000   0.000   0.000 |  -13.538  -9.173   1.388
  67B   0.00002668 0.14  0.712  -179.134291   24.0   3.317   3.335 |    0.000   0.000   0.000   0.000 |  -13.538  -9.173   1.503
  68B   0.00001515 0.16  0.712  -179.134298   24.0   3.317   3.335 |    0.000   0.000   0.000   0.000 |  -13.538  -9.173   1.398
  69B   0.00000808 0.18  0.712  -179.134301   24.0   3.317   3.335 |    0.000   0.000   0.000   0.000 |  -13.538  -9.173   1.378
  70B   0.00000527 0.21  0.712  -179.134304   24.0   3.317   3.335 |    0.000   0.000   0.000   0.000 |  -13.538  -9.173   1.327
  71B   0.00000601 0.10  0.712  -179.134307   24.0   3.317   3.335 |    0.000   0.000   0.000   0.000 |  -13.538  -9.173   0.884
  72B   0.00000456 0.11  0.712  -179.134307   24.0   3.317   3.335 |    0.000   0.000   0.000   0.000 |  -13.538  -9.173   1.610
  73B   0.00000134 0.13  0.712  -179.134305   24.0   3.317   3.335 |    0.000   0.000   0.000   0.000 |  -13.538  -9.173   1.467
  74B   0.00000172 0.10  0.712  -179.134305   24.0   3.317   3.335 |    0.000   0.000   0.000   0.000 |  -13.538  -9.173   1.354
  75B   0.00000142 0.11  0.712  -179.134305   24.0   3.317   3.335 |    0.000  -0.000   0.000  -0.000 |  -13.538  -9.173   0.809
  76B   0.00000089 0.13  0.712  -179.134305   24.0   3.317   3.335 |    0.000  -0.000   0.000  -0.000 |  -13.538  -9.173   1.611
  77B   0.00000097 0.10  0.712  -179.134305   24.0   3.317   3.335 |    0.000  -0.000   0.000  -0.000 |  -13.538  -9.173   1.539
  78B   0.00000093 0.11  0.712  -179.134305   24.0   3.317   3.335 |    0.000  -0.000   0.000  -0.000 |  -13.538  -9.173   1.318
  79B   0.00000048 0.13  0.712  -179.134306   24.0   3.317   3.335 |    0.000  -0.000   0.000  -0.000 |  -13.538  -9.173   1.388
  80B   0.00000021 0.14  0.712  -179.134306   24.0   3.317   3.335 |    0.000  -0.000   0.000  -0.000 |  -13.538  -9.173   1.235
  81B   0.00000026 0.10  0.712  -179.134306   24.0   3.317   3.335 |    0.000  -0.000   0.000  -0.000 |  -13.538  -9.173   1.458
  82B   0.00000024 0.11  0.712  -179.134306   24.0   3.317   3.335 |    0.000   0.000   0.000   0.000 |  -13.538  -9.173   1.038
  83B   0.00000017 0.13  0.712  -179.134306   24.0   3.317   3.335 |    0.000  -0.000   0.000  -0.000 |  -13.538  -9.173   1.439
  84B   0.00000007 0.14  0.712  -179.134306   24.0   3.317   3.335 |    0.000  -0.000   0.000  -0.000 |  -13.538  -9.173   1.454
  85B   0.00000009 0.10  0.712  -179.134306   24.0   3.317   3.335 |    0.000  -0.000   0.000  -0.000 |  -13.538  -9.173   1.371
  86B   0.00000005 0.11  0.712  -179.134306   24.0   3.317   3.335 |    0.000  -0.000   0.000  -0.000 |  -13.538  -9.173   1.453
  87B   0.00000002 0.13  0.712  -179.134306   24.0   3.317   3.335 |    0.000  -0.000   0.000  -0.000 |  -13.538  -9.173   1.478
  88B   0.00000001 0.14  0.712  -179.134306   24.0   3.317   3.335 |    0.000   0.000   0.000   0.000 |  -13.538  -9.173   1.452
  89B   0.00000001 0.16  0.712  -179.134306   24.0   3.317   3.335 |    0.000   0.000   0.000  -0.000 |  -13.538  -9.173   1.600
  90B   0.00000001 0.18  0.712  -179.134306   24.0   3.317   3.335 |    0.000  -0.000   0.000  -0.000 |  -13.538  -9.173   1.452
  91B   0.00000001 0.10  0.712  -179.134306   24.0   3.317   3.335 |    0.000   0.000   0.000  -0.000 |  -13.538  -9.173   1.369
  92B   0.00000001 0.11  0.712  -179.134306   24.0   3.317   3.335 |    0.000  -0.000   0.000  -0.000 |  -13.538  -9.173   1.642
  93B   0.00000001 0.10  0.712  -179.134306   24.0   3.317   3.335 |    0.000  -0.000   0.000  -0.000 |  -13.538  -9.173   1.472
  94B   0.00000000 0.11  0.712  -179.134306   24.0   3.317   3.335 |    0.000   0.000   0.000   0.000 |  -13.538  -9.173   1.041
  95B   0.00000000 0.10  0.712  -179.134306   24.0   3.317   3.335 |    0.000  -0.000   0.000   0.000 |  -13.538  -9.173   1.469
  96B   0.00000000 0.11  0.712  -179.134306   24.0   3.317   3.335 |    0.000  -0.000   0.000  -0.000 |  -13.538  -9.173   1.537
  97B   0.00000000 0.13  0.712  -179.134306   24.0   3.317   3.335 |    0.000  -0.000   0.000  -0.000 |  -13.538  -9.173   1.093
  ----------------------------------------------------------------------------------------------------------------------------------
  *   iteration converged   after  97 steps   si=     0.0000000008 ho=  0 tho=  0
  ----------------------------------------------------------------------------------------------------------------------------------
  Total CPU time=   2.852 minutes

  Writing to wel_file: s012_012.hel
 __________________________________  
  The tape s012_012.hel recorded:     
  nucname,npr,ngh,ngl,n00,nb,nt      
  b0,beta0,si,etot,rms,bet,xmix      
  pairing:     CpV0,CpV1,pwi         
  delta:       del,ept               
  lambda:      ala,ala2,alast,tz     
  asymptotic:  varmas,ass,skass      
  ntx,nb,nhhdim,id,N_rz,n_r,n_z      
  Omega2,Sigma2,Parity,Lambda        
  matrices(inbro):    hh,de          
  *all blocking candidates           
 __________________________________  


  NB! From expect (UNPROJECTED RESULTS)

  pairing: CpV0,CpV1,...           0.100000       0.100000       1.000000       1.000000
  forces:   UNE1                          


                             neutrons         protons         total
  Requested part.numbs.      12.000000      12.000000      24.000000
  UnPj(av) part.numbs .      12.000000      12.000000      24.000000
  b0, bz, bp ..........       1.559284       1.564210       1.556827

  lambda (ala) ........     -13.538339      -9.173473
  Lambda (alast) ......     -13.538339      -9.173473
  delta(n,p), pwi .....      -0.000000       0.000000      60.000000
  pairing energy ......       0.000000       0.000000       0.000000

  rms-radius ..........       3.316613       3.334588       3.325613
  charge-radius, r0 ...                      3.429210       3.461399
  deformation beta2....       0.712014       0.712237       0.712126
  dipole moment[fm] ...       0.000000       0.000000       0.000000
  quadrupole moment[b]        1.185686       1.198948       2.384635
  octupole moment .....       0.000000       0.000000       0.000000
  hexadecapole moment .       0.030821       0.031116       0.061937
  q5 ..................       0.000000       0.000000       0.000000
  q6 ..................       0.001895       0.001883       0.003779
  q7 ..................       0.000000       0.000000       0.000000
  q8 ..................       0.000041       0.000036       0.000077

  <r^0> [fm^0] ........            1.000000            1.000000            1.000000
  <r^2> [fm^2] ........           10.999925           11.119478           11.059701
  <r^4> [fm^4] ........          180.148634          183.964727          182.056681
  <r^6> [fm^6] ........         3767.881377         3883.302298         3825.591837
  <r^8> [fm^8] ........        93623.394911        97287.326505        95455.360708

  kinetic energy ......     192.507185     190.676930     383.184115
  volume energy .......                                  -626.190746
        rho_tau .......                                    -1.495817
        rho_rho .......                                  -624.694929
  surface energy ......                                    50.920420
   rho_DELTA_rho ......                                    50.920420
   (NABLA_rho)^2 ......                                     0.000000
  spin-orbit energy ...                                   -14.002332
        rho_NABLA_J ...                                   -14.002332
        NABLA_rho_J ...                                     0.000000
  coulomb energy ......                                    26.954237
          direct ......                                    31.259512
          exchange ....                                    -4.305275
  tensor energy .......                                     0.000000
  direct Hartree E  ...                                     0.000000
  Extra E .............                                     0.000000
  External field E ....                                     0.000000
  Entropy .............       0.000000       0.000000       0.000000

  tEnergy: ehfb (qp)...                                  -179.134306

  Calculated but not added corrections 
====================================
  cmc-diagonal part ...       0.000000       0.000000      -0.000000
  cmc-hfb .............       0.000000       0.000000       0.000000
  cranking rot corr ...       0.000000       0.000000       0.000000

  SQUJ ................       0.000000       0.000000       0.000000
  CRAN x 4 ............       0.000000       0.000000       0.000000
  Rigit Body ..........       0.000000       0.000000       0.000000


   Blocking candidates are:
   neutron eqpmin=   1.3334805506625571       pwiblo=   5.1031036307982882     
    num=   1 block=   3 state=   1    33 Eqp=   1.33348055  (1-2N)E=  -1.33348055  Ovlp=   0.84832758  3+[ 2, 1, 1]
    num=   2 block=   2 state=   1    17 Eqp=   1.60305876  (1-2N)E=   1.60305876  Ovlp=   0.58590885  1-[ 3, 3, 0]
    num=   3 block=   2 state=   2    18 Eqp=   2.66606480  (1-2N)E=  -2.66606480  Ovlp=   0.86663314  1-[ 1, 0, 1]
    num=   4 block=   1 state=   1     1 Eqp=   2.74740567  (1-2N)E=   2.74740567  Ovlp=   0.79848970  1+[ 2, 1, 1]
    num=   5 block=   4 state=   1    45 Eqp=   6.19608599  (1-2N)E=  -6.19608599  Ovlp=   0.90663034  3-[ 1, 0, 1]

   Blocking candidates are:
   proton  eqpmin=   1.3412660260145657       pwiblo=   5.1031036307982882     
    num=   1 block=   3 state=   1    31 Eqp=   1.34126603  (1-2N)E=  -1.34126603  Ovlp=   0.84414215  3+[ 2, 1, 1]
    num=   2 block=   2 state=   1    17 Eqp=   1.65942179  (1-2N)E=   1.65942179  Ovlp=   0.57871981  1-[ 3, 3, 0]
    num=   3 block=   2 state=   2    18 Eqp=   2.62480472  (1-2N)E=  -2.62480472  Ovlp=   0.86274373  1-[ 1, 0, 1]
    num=   4 block=   1 state=   1     1 Eqp=   2.68059420  (1-2N)E=   2.68059420  Ovlp=   0.79340133  1+[ 2, 1, 1]
    num=   5 block=   4 state=   1    43 Eqp=   6.10771249  (1-2N)E=  -6.10771249  Ovlp=   0.90329761  3-[ 1, 0, 1]



 HFBTHO_SOLVER ended without errors

