
  =======================================
           FORTRAN 95 CODE (KIND= 8) 
               Version: 200d  
  =======================================
       AXIALLY DEFORMED CONFIGURATIONAL  
     HARTREE-FOCK-BOGOLIUBOV CALCULATIONS
                     WITH                
            UNEDF AND DELTA PAIRING      
                     USING               
             HARMONIC-OSCILLATOR         
                   AND/OR                
       TRANSFORMED HARMONIC-OSCILLATOR   
                    BASIS                
                     ---                 
               v1.66  (2005):,           
   Stoitsov,Dobaczewski,Nazarewicz,Ring, 
               v2.00d (2012):,           
         Stoitsov,Schunck,Kortelainen    
  =======================================
    Nucleus: MG (A=  24, N= 12, Z= 12)
       Reflection Symmetry Imposed       
            ( 7/14/2023, 21:58)                               
  =======================================


  ---------------------------------------
           UNEDF Module Version:17
         M.Kortelainen & M.Stoitsov 
  ---------------------------------------

  UNE1 functional
  ----------------------------------
  Crho(0)=   -795.400908094204169    ; Crho(1)=    330.032970557287967    
  CDrho(0)=   884.174556707382862    ; CDrho(1)=  -294.101769476171796    
  Ctau(0)=    5.65356166488036394    ; Ctau(1)=   -26.9330414652360020    
  CrDr(0)=   -46.8745885187715459    ; CrDr(1)=   -148.470180403265942    
  CrdJ(0)=   -80.5594558791790973    ; CrdJ(1)=   -40.5436986948972660    
  CJ(0)=      0.00000000000000000    ; CJ(1)=      0.00000000000000000    
  CpV0(0)=   0.100000000000000006    ; CpV0(1)=   0.100000000000000006    
  CpV1(0)=    1.00000000000000000    ; CpV1(1)=    1.00000000000000000    
  sigma=     0.256623665230606202    ; hbzero=     20.7355300000000007    
  e^2 chrg=   1.43997840859651305    ; CExPar=     1.00000000000000000    
  c.m. correction: F, chr. density in direct Coul: F
  use tensor terms: F
  use TMR pairing:  0

  Coupling constants in natural units
  -----------------------------------
  Crho_nu(0)=  -0.895716808126883590    ; Crho_nu(1)=   0.371656702872655120    
  CDrho_nu(0)=  0.936718258797665460    ; CDrho_nu(1)= -0.311579308998602533    
  Ctau_nu(0)=   0.801398793685240557E-01; Ctau_nu(1)=  -0.381778924860660229    
  CrDr_nu(0)=  -0.664452621553398570    ; CrDr_nu(1)=   -2.10458168719603433    
  CrdJ_nu(0)=   -1.14193944611161613    ; CrdJ_nu(1)=  -0.574711538523850041    
  CJ_nu(0)=      0.00000000000000000    ; CJ_nu(1)=      0.00000000000000000    
  CpV0_nu(0)=   0.112611992142809880E-03; CpV0_nu(1)=   0.112611992142809880E-03
  CpV1_nu(0)=   0.887702254206059068E-03; CpV1_nu(1)=   0.887702254206059068E-03
  fpi_nu=        93.0000000000000000    ; Lambda_nu=     700.000000000000000    

  Nuclear matter properties
  ----------------------------------
      E_NM=     -15.7999999999999972      K_NM=     219.9999999999997442
      P_NM=      -0.0000000000000012    RHO_NM=       0.1589774555655552
    ASS_NM=      28.4854945064859741   LASS_NM=      36.6810766589029100
  SMASS_NM=       1.0433453520776004  VMASS_NM=       1.2498385742322697

  Associated (t,x)-coupling constants
  -----------------------------------
  t0=      -2121.06908825121081    ; x0=       0.122389854975247570    
  t1=       257.535887653288682    ; x1=       -4.90286350235652701    
  t2=       1571.76269724946451    ; x2=       -1.35850090117221911    
  t3=       14146.7929073181258    ; x3=      -0.105705839683306602E-02
  b4=       40.0157571842818314    ; b4p=       81.0873973897945319    
  te=      -471.213115436075157    ; to=       -208.367753516839969    
  sigma=   0.256623665230606202    ; hbzero=    20.7355300000000007    

  ---------------------------------------
        Characteristics of the run       
  ---------------------------------------
  Output file ................:     7
  Nucleus ....................:   MG  24
  Number of HO shells ........:     4
  HO length b0 (fm) ..........:     1.55928400372611
  Basis deformation ..........:  beta0=   0.010 q=   1.010
  HO: b0,1/b0,bp,bz,q ........:   0.15592840E+01  0.64131999E+00  0.15568270E+01  0.15642096E+01  0.10095067E+01
  h**2/(2m), cmc, e**2 .......:   0.20735530E+02  0.20735530E+02  0.14399784E+01
  hom=f*41.0_pr*A^{-1/3}, f...:   0.17056687E+02  0.12000000E+01
  THO basis is ...............:  OFF
  Maximal number of iterations:   400
  Initial mixing parameter ...:  0.300
  Initial w.f. ...............:  from   spherical scratch
  Skyrme functional ..........:    UNE1                          
    with direct and exchange Coulomb
  Lipkin-Nogami procedure is .:  OFF
  PAV procedure is ...........:  OFF
  Constraint calculation is ..:   ON
    Constraint 1 .............: lambda=2 Ql=   0.199
  Temperature T ..............:   0.05 MeV
  Restart indicator ..........:   1
  Broyden mixing (#iterations):   7

  ---------------------------------------
        Harmonic Oscillator Basis        
  ---------------------------------------
  NUV, NQP:                         195      35
  Comparison with bookkeeping spherical basis:
  n00:                                4       4  Maximal number of shells
  nbx, 2*n00+1:                       9       9  Maximal number of K-blocks
  ntx, (n00+1)*(n00+2)*(n00+3)/6     35      35  Max.num. p/n levels
  nzx, n00:                           4       4  Maximal nz-quantum number
  nrx, n00/2  :                       2       2  Maximal nr-quantum number
  nlx, n00:                           4       4  Maximal ml-quantum number
  ndx, (n00+2)*(n00+2)/4:             9       9  Maximal dim. of one k-block

  Actual basis used
  Number of blocks: nb .......:    9
  Number of levels: nt .......:   35
  Maximal 2*omega : nom ......:    9
  Maximal nz:       nzm ......:    4
  Maximal nr:       nrm ......:    2
  Maximal ml:       nlm ......:    4
  Maximal N=nz+2*nr+nl .......:    4
  2 x biggest block dim. .....:   18
  Non-zero elements of h .....:      115
  Number of Broyden elements .:      460

  ---------------------------------------
            Integration Meshes           
  ---------------------------------------
  Number of Gauss-Hermite mesh points ngh ....:  40
  Number of Gauss-Laguerre mesh points ngl ...:  40
  Number of Gauss-Legendre mesh points nleg ..:  80
  Integration boundaries
    Hermite  - from xh(1)  =  0.12379686 to xh(ngh)   = 11.88786356
    Laguerre - From xl(1)  =  0.03570039 to xl(ngl)   =142.28004447
    Legendre - From xleg(1)=  0.00978669 to xleg(nleg)=  0.99988775
  Max.dev.in:     Orthogonality            Normalization
  Hermite     5.2235050987142219E-016   1.9984014443252818E-015
  Laguerre    1.9977540701027837E-015   4.5519144009631418E-015

  Scratch initialization for the nucleus: MG  12  12


  Initial potentials of Saxon-Woods shape 
  v0ws   =  -71.27999878
  kappa  =    0.46160001
  vs0    =   11.11750031   11.11750031
  r0     =    1.23339999    1.23339999
  a      =    0.61500001    0.61500001
  r0-so  =    1.14429998    1.14429998
  a-so   =    0.64760000    0.64760000
  beta00 =    0.01000000

  ### REGULAR STAGE (reflection symmetry imposed)
  |HFB+HO> iterations(b0=  1.559, Nsh=  4, inin=  1, N= 12, Z= 12)...
  ----------------------------------------------------------------------------------------------------------------------------------
  i          si     mix   beta      Etot       A       rn      rp         En      Dn      Ep      Dp        Ln      Lp     time
  ----------------------------------------------------------------------------------------------------------------------------------
   1L  52.26905082 0.30  0.010     0.000000    0.0   0.000   0.000 |   -2.000   1.000  -2.000   1.000 |   -7.000  -7.000   0.000
   2B  30.94672260 0.10  0.009   -50.431951   24.0   2.616   2.616 |    0.000  -0.000   0.000  -0.000 |  -16.532 -16.532  28.991
   3B  11.30092097 0.11  0.133  -167.796113   24.0   3.038   3.070 |    0.000  -0.000   0.000  -0.000 |  -11.489  -8.044   0.100
   4B  11.32001014 0.10  0.183  -182.092200   24.0   2.969   2.936 |    0.000  -0.000   0.000  -0.000 |  -12.025  -7.516   0.103
   5B  10.37416509 0.11  0.180  -178.707806   24.0   2.869   2.948 |    0.000  -0.000   0.000  -0.000 |  -11.904  -8.026   0.114
   6B   6.86484013 0.13  0.145  -178.156914   24.0   2.868   2.901 |    0.000  -0.000   0.000  -0.000 |  -12.529  -7.647   0.104
   7B   7.25319832 0.10  0.104  -171.296676   24.0   2.885   2.872 |    0.000  -0.000   0.000  -0.000 |  -12.591  -7.657   0.109
   8B   5.21092657 0.11  0.060  -177.928904   24.0   2.881   2.872 |    0.000  -0.000   0.000  -0.000 |  -12.626  -7.713   0.107
   9B   8.57808062 0.10 -0.017  -176.263592   24.0   2.868   2.883 |    0.000  -0.000   0.000  -0.000 |  -12.551  -7.845   0.111
  10B  10.07009662 0.10 -0.043  -179.734535   24.0   2.869   2.880 |    0.000  -0.000   0.000  -0.000 |  -12.644  -7.772   0.105
  11B   6.17588300 0.11 -0.027  -181.150256   24.0   2.870   2.883 |    0.000  -0.000   0.000  -0.000 |  -12.636  -7.802   0.112
  12B   4.15290802 0.13 -0.013  -181.270556   24.0   2.873   2.880 |    0.000  -0.000   0.000  -0.000 |  -12.644  -7.827   0.100
  13B   5.83142454 0.10 -0.029  -181.389980   24.0   2.866   2.878 |    0.000  -0.000   0.000  -0.000 |  -12.790  -7.949   0.118
  14B   2.35433422 0.11  0.034  -181.512001   24.0   2.863   2.881 |    0.000  -0.000   0.000  -0.000 |  -12.754  -7.955   0.113
  15B   1.56931995 0.13  0.039  -181.331470   24.0   2.865   2.878 |    0.000  -0.000   0.000  -0.000 |  -12.805  -7.920   0.113
  16B   1.56554280 0.14  0.043  -181.233661   24.0   2.865   2.878 |    0.000  -0.000   0.000  -0.000 |  -12.780  -7.933   0.116
  17B   1.35131890 0.16  0.059  -181.520060   24.0   2.866   2.877 |    0.000  -0.000   0.000  -0.000 |  -12.775  -7.932   0.115
  18B   2.29999995 0.10  0.058  -181.446365   24.0   2.865   2.877 |    0.000  -0.000   0.000  -0.000 |  -12.775  -7.913   0.111
  19B   0.51471192 0.11  0.067  -181.883024   24.0   2.865   2.877 |    0.000  -0.000   0.000  -0.000 |  -12.773  -7.908   0.106
  20B   0.32025474 0.13  0.079  -182.077261   24.0   2.866   2.876 |    0.000  -0.000   0.000  -0.000 |  -12.780  -7.886   0.106
  21B   0.18375146 0.14  0.075  -182.023106   24.0   2.866   2.876 |    0.000  -0.000   0.000  -0.000 |  -12.767  -7.882   0.119
  22B   0.26056175 0.10  0.073  -181.991171   24.0   2.865   2.876 |    0.000  -0.000   0.000  -0.000 |  -12.760  -7.870   0.106
  23B   0.21580950 0.11  0.074  -182.011995   24.0   2.865   2.876 |    0.000   0.000   0.000   0.000 |  -12.755  -7.871   0.107
  24B   0.18379156 0.13  0.075  -182.023789   24.0   2.865   2.876 |    0.000   0.000   0.000   0.000 |  -12.756  -7.865   0.122
  25B   0.12132144 0.14  0.077  -182.047494   24.0   2.865   2.876 |    0.000   0.000   0.000   0.000 |  -12.753  -7.865   0.106
  26B   0.15567916 0.10  0.079  -182.084727   24.0   2.865   2.876 |    0.000   0.000   0.000   0.000 |  -12.751  -7.863   0.107
  27B   0.15863192 0.10  0.080  -182.099660   24.0   2.865   2.876 |    0.000   0.000   0.000   0.000 |  -12.752  -7.866   0.105
  28B   0.04917584 0.11  0.081  -182.108158   24.0   2.865   2.876 |    0.000   0.000   0.000   0.000 |  -12.753  -7.865   0.108
  29B   0.05706389 0.10  0.081  -182.115441   24.0   2.865   2.876 |    0.000  -0.000   0.000  -0.000 |  -12.753  -7.865   0.113
  30B   0.03635254 0.11  0.080  -182.099467   24.0   2.865   2.876 |    0.000   0.000   0.000   0.000 |  -12.752  -7.864   0.108
  31B   0.04015687 0.10  0.079  -182.090225   24.0   2.865   2.876 |    0.000   0.000   0.000   0.000 |  -12.752  -7.863   0.117
  32B   0.02413984 0.11  0.080  -182.097433   24.0   2.865   2.876 |    0.000  -0.000   0.000  -0.000 |  -12.749  -7.862   0.127
  33B   0.02488032 0.10  0.080  -182.094967   24.0   2.866   2.876 |    0.000  -0.000   0.000  -0.000 |  -12.750  -7.860   0.125
  34B   0.00484470 0.11  0.080  -182.092786   24.0   2.865   2.876 |    0.000  -0.000   0.000  -0.000 |  -12.749  -7.861   0.113
  35B   0.00371130 0.13  0.080  -182.092072   24.0   2.865   2.876 |    0.000  -0.000   0.000  -0.000 |  -12.749  -7.861   0.128
  36B   0.00255909 0.14  0.080  -182.092350   24.0   2.865   2.876 |    0.000  -0.000   0.000  -0.000 |  -12.749  -7.861   0.128
  37B   0.00732121 0.10  0.080  -182.092341   24.0   2.865   2.876 |    0.000  -0.000   0.000  -0.000 |  -12.749  -7.861   0.123
  38B   0.00230702 0.11  0.080  -182.092257   24.0   2.865   2.876 |    0.000  -0.000   0.000  -0.000 |  -12.749  -7.861   0.127
  39B   0.00103542 0.13  0.080  -182.092748   24.0   2.865   2.876 |    0.000   0.000   0.000   0.000 |  -12.749  -7.861   0.110
  40B   0.00092474 0.14  0.080  -182.093479   24.0   2.865   2.876 |    0.000  -0.000   0.000  -0.000 |  -12.749  -7.861   0.123
  41B   0.00129960 0.10  0.080  -182.093620   24.0   2.865   2.876 |    0.000  -0.000   0.000  -0.000 |  -12.749  -7.861   0.114
  42B   0.00127825 0.11  0.080  -182.093612   24.0   2.865   2.876 |    0.000  -0.000   0.000  -0.000 |  -12.749  -7.861   0.124
  43B   0.00083922 0.13  0.080  -182.093438   24.0   2.865   2.876 |    0.000  -0.000   0.000  -0.000 |  -12.749  -7.861   0.121
  44B   0.00062050 0.14  0.080  -182.093108   24.0   2.865   2.876 |    0.000   0.000   0.000   0.000 |  -12.749  -7.861   0.130
  45B   0.00041566 0.16  0.080  -182.093019   24.0   2.865   2.876 |    0.000   0.000   0.000   0.000 |  -12.749  -7.861   0.117
  46B   0.00047381 0.10  0.080  -182.093068   24.0   2.865   2.876 |    0.000   0.000   0.000   0.000 |  -12.749  -7.861   0.113
  47B   0.00006161 0.11  0.080  -182.093098   24.0   2.865   2.876 |    0.000   0.000   0.000   0.000 |  -12.749  -7.861   0.120
  48B   0.00004272 0.13  0.080  -182.093102   24.0   2.865   2.876 |    0.000   0.000   0.000   0.000 |  -12.749  -7.861   0.120
  49B   0.00003159 0.14  0.080  -182.093108   24.0   2.865   2.876 |    0.000   0.000   0.000   0.000 |  -12.749  -7.861   0.121
  50B   0.00001547 0.16  0.080  -182.093120   24.0   2.865   2.876 |    0.000   0.000   0.000   0.000 |  -12.749  -7.861   0.111
  51B   0.00002074 0.10  0.080  -182.093123   24.0   2.865   2.876 |    0.000   0.000   0.000   0.000 |  -12.749  -7.861   0.111
  52B   0.00003431 0.10  0.080  -182.093132   24.0   2.865   2.876 |    0.000   0.000   0.000   0.000 |  -12.749  -7.861   0.117
  53B   0.00002570 0.11  0.080  -182.093128   24.0   2.865   2.876 |    0.000   0.000   0.000   0.000 |  -12.749  -7.861   0.115
  54B   0.00001740 0.13  0.080  -182.093125   24.0   2.865   2.876 |    0.000   0.000   0.000   0.000 |  -12.749  -7.861   0.104
  55B   0.00001150 0.14  0.080  -182.093123   24.0   2.865   2.876 |    0.000   0.000   0.000   0.000 |  -12.749  -7.861   0.115
  56B   0.00000473 0.16  0.080  -182.093118   24.0   2.865   2.876 |    0.000   0.000   0.000   0.000 |  -12.749  -7.861   0.125
  57B   0.00000665 0.10  0.080  -182.093118   24.0   2.865   2.876 |    0.000  -0.000   0.000  -0.000 |  -12.749  -7.861   0.125
  58B   0.00000045 0.11  0.080  -182.093118   24.0   2.865   2.876 |    0.000  -0.000   0.000  -0.000 |  -12.749  -7.861   0.117
  59B   0.00000105 0.10  0.080  -182.093118   24.0   2.865   2.876 |    0.000  -0.000   0.000  -0.000 |  -12.749  -7.861   0.116
  60B   0.00000024 0.11  0.080  -182.093118   24.0   2.865   2.876 |    0.000  -0.000   0.000  -0.000 |  -12.749  -7.861   0.109
  61B   0.00000036 0.10  0.080  -182.093118   24.0   2.865   2.876 |    0.000  -0.000   0.000  -0.000 |  -12.749  -7.861   0.115
  62B   0.00000048 0.10  0.080  -182.093119   24.0   2.865   2.876 |    0.000   0.000   0.000   0.000 |  -12.749  -7.861   0.103
  63B   0.00000045 0.11  0.080  -182.093119   24.0   2.865   2.876 |    0.000   0.000   0.000   0.000 |  -12.749  -7.861   0.093
  64B   0.00000043 0.13  0.080  -182.093119   24.0   2.865   2.876 |    0.000   0.000   0.000   0.000 |  -12.749  -7.861   0.083
  65B   0.00000058 0.10  0.080  -182.093119   24.0   2.865   2.876 |    0.000  -0.000   0.000  -0.000 |  -12.749  -7.861   0.083
  66B   0.00000061 0.10  0.080  -182.093119   24.0   2.865   2.876 |    0.000  -0.000   0.000  -0.000 |  -12.749  -7.861   0.070
  67B   0.00000051 0.11  0.080  -182.093119   24.0   2.865   2.876 |    0.000  -0.000   0.000  -0.000 |  -12.749  -7.861   0.057
  68B   0.00000018 0.13  0.080  -182.093119   24.0   2.865   2.876 |    0.000   0.000   0.000   0.000 |  -12.749  -7.861   0.062
  69B   0.00000015 0.14  0.080  -182.093119   24.0   2.865   2.876 |    0.000   0.000   0.000   0.000 |  -12.749  -7.861   0.068
  70B   0.00000007 0.16  0.080  -182.093118   24.0   2.865   2.876 |    0.000  -0.000   0.000  -0.000 |  -12.749  -7.861   0.077
  71B   0.00000007 0.18  0.080  -182.093118   24.0   2.865   2.876 |    0.000  -0.000   0.000  -0.000 |  -12.749  -7.861   0.050
  72B   0.00000004 0.21  0.080  -182.093118   24.0   2.865   2.876 |    0.000  -0.000   0.000  -0.000 |  -12.749  -7.861   0.049
  73B   0.00000010 0.10  0.080  -182.093118   24.0   2.865   2.876 |    0.000  -0.000   0.000  -0.000 |  -12.749  -7.861   0.051
  74B   0.00000001 0.11  0.080  -182.093118   24.0   2.865   2.876 |    0.000  -0.000   0.000  -0.000 |  -12.749  -7.861   0.052
  75B   0.00000001 0.10  0.080  -182.093118   24.0   2.865   2.876 |    0.000  -0.000   0.000  -0.000 |  -12.749  -7.861   0.053
  76B   0.00000000 0.11  0.080  -182.093118   24.0   2.865   2.876 |    0.000  -0.000   0.000  -0.000 |  -12.749  -7.861   0.052
  77B   0.00000000 0.10  0.080  -182.093118   24.0   2.865   2.876 |    0.000   0.000   0.000   0.000 |  -12.749  -7.861   0.052
  78B   0.00000000 0.11  0.080  -182.093118   24.0   2.865   2.876 |    0.000  -0.000   0.000  -0.000 |  -12.749  -7.861   0.051
  79B   0.00000000 0.10  0.080  -182.093118   24.0   2.865   2.876 |    0.000   0.000   0.000   0.000 |  -12.749  -7.861   0.053
  80B   0.00000000 0.10  0.080  -182.093118   24.0   2.865   2.876 |    0.000   0.000   0.000   0.000 |  -12.749  -7.861   0.054
  81B   0.00000000 0.11  0.080  -182.093118   24.0   2.865   2.876 |    0.000   0.000   0.000   0.000 |  -12.749  -7.861   0.046
  82B   0.00000000 0.10  0.080  -182.093118   24.0   2.865   2.876 |    0.000   0.000   0.000   0.000 |  -12.749  -7.861   0.050
  83B   0.00000000 0.11  0.080  -182.093118   24.0   2.865   2.876 |    0.000   0.000   0.000   0.000 |  -12.749  -7.861   0.042
  ----------------------------------------------------------------------------------------------------------------------------------
  *   iteration converged   after  83 steps   si=     0.0000000007 ho=  0 tho=  0
  ----------------------------------------------------------------------------------------------------------------------------------
  Total CPU time=   0.619 minutes

  Writing to wel_file: s012_012.hel
 __________________________________  
  The tape s012_012.hel recorded:     
  nucname,npr,ngh,ngl,n00,nb,nt      
  b0,beta0,si,etot,rms,bet,xmix      
  pairing:     CpV0,CpV1,pwi         
  delta:       del,ept               
  lambda:      ala,ala2,alast,tz     
  asymptotic:  varmas,ass,skass      
  ntx,nb,nhhdim,id,N_rz,n_r,n_z      
  Omega2,Sigma2,Parity,Lambda        
  matrices(inbro):    hh,de          
  *all blocking candidates           
 __________________________________  



 #quasiparticle energies neutrons
 --------------------------------
  eqp(k) -> q.p. energy 
  e(k)   -> referent s.p. energy 
  p(k)   -> occ.probability 
  del(k) -> referent s.p. gap 
  fermi energy alast=  -12.749092545865658     
  #k  block#    eqp(k)     e(k)       (1-2N)E      decay        p(k)        del(k)    overl      labels
   1    1     0.101512  -12.850604   -0.101512    1.574469    1.00000000   0.0000   0.6750  1+[ 2, 2, 0]
   2    1     2.679540  -10.069553    2.679540    1.725187    0.00000000   0.0000   0.8343  1+[ 2, 0, 0]
   3    1     7.982085   -4.767008    7.982085    1.999790    0.00000000   0.0000   0.7564  1+[ 2, 1, 1]
   4    1    24.220285  -36.969378  -24.220285    2.670506    1.00000000   0.0000   0.9899  1+[ 0, 0, 0]
   5    1    26.567022   13.817929   26.567022    2.753961    0.00000000   0.0000   0.6046  1+[ 4, 2, 0]
   6    1    33.933188   21.184095   33.933188    3.000879    0.00000000   0.0000   0.5707  1+[ 4, 4, 0]
   7    1    34.748657   21.999565   34.748657    3.026976    0.00000000   0.0000   0.7498  1+[ 4, 0, 0]
   8    1    37.784055   25.034963   37.784055    3.122199    0.00000000   0.0000   0.6130  1+[ 4, 1, 1]
   9    1    39.434165   26.685073   39.434165    3.172766    0.00000000   0.0000   0.5877  1+[ 4, 3, 1]
  10    2     7.092168  -19.841261   -7.092168    1.956397    1.00000000   0.0000   0.8313  1-[ 1, 0, 1]
  11    2    11.740051  -24.489143  -11.740051    2.173498    1.00000000   0.0000   0.8271  1-[ 1, 1, 0]
  12    2    13.481272    0.732179   13.481272    2.249441    0.00000000   0.0000   0.6002  1-[ 3, 2, 1]
  13    2    19.208884    6.459791   19.208884    2.482916    0.00000000   0.0000   0.6793  1-[ 3, 3, 0]
  14    2    21.260894    8.511801   21.260894    2.561390    0.00000000   0.0000   0.8679  1-[ 3, 0, 1]
  15    2    25.161798   12.412706   25.161798    2.704297    0.00000000   0.0000   0.6922  1-[ 3, 2, 1]
  16    3     0.052811  -12.801904   -0.052811    1.571483    1.00000000   0.0000   0.8910  3+[ 2, 1, 1]
  17    3     8.049780   -4.699312    8.049780    2.003052    0.00000000   0.0000   0.8805  3+[ 2, 0, 2]
  18    3    26.626787   13.877694   26.626787    2.756053    0.00000000   0.0000   0.6690  3+[ 4, 3, 1]
  19    3    33.978502   21.229409   33.978502    3.002335    0.00000000   0.0000   0.7417  3+[ 4, 1, 1]
  20    3    38.328730   25.579637   38.328730    3.138980    0.00000000   0.0000   0.8405  3+[ 4, 0, 2]
  21    3    39.434180   26.685088   39.434180    3.172766    0.00000000   0.0000   0.7677  3+[ 4, 2, 2]
  22    4    11.749855  -24.498948  -11.749855    2.173933    1.00000000   0.0000   0.9766  3-[ 1, 0, 1]
  23    4    13.523046    0.773953   13.523046    2.251231    0.00000000   0.0000   0.7959  3-[ 3, 2, 1]
  24    4    20.104417    7.355325   20.104417    2.517464    0.00000000   0.0000   0.9049  3-[ 3, 0, 1]
  25    4    25.181484   12.432392   25.181484    2.704999    0.00000000   0.0000   0.8584  3-[ 3, 1, 2]
  26    5     0.025734  -12.723358    0.025734    1.569820    0.00000000   0.0000   0.9799  5+[ 2, 0, 2]
  27    5    26.752650   14.003557   26.752650    2.760454    0.00000000   0.0000   0.8488  5+[ 4, 2, 2]
  28    5    34.032132   21.283039   34.032132    3.004057    0.00000000   0.0000   0.9322  5+[ 4, 0, 2]
  29    5    39.434318   26.685226   39.434318    3.172770    0.00000000   0.0000   0.8945  5+[ 4, 1, 3]
  30    6    13.604626    0.855534   13.604626    2.254724    0.00000000   0.0000   0.9389  5-[ 3, 1, 2]
  31    6    25.210706   12.461614   25.210706    2.706041    0.00000000   0.0000   0.9389  5-[ 3, 0, 3]
  32    7    26.960876   14.211783   26.960876    2.767720    0.00000000   0.0000   0.9532  7+[ 4, 1, 3]
  33    7    39.451620   26.702528   39.451620    3.173296    0.00000000   0.0000   0.9532  7+[ 4, 0, 4]
  34    8    13.739238    0.990145   13.739238    2.260475    0.00000000   0.0000   1.0000  7-[ 3, 0, 3]
  35    9    27.277069   14.527976   27.277069    2.778717    0.00000000   0.0000   1.0000  9+[ 4, 0, 4]
#all active are   35 q.p. states out of   35
#since the cut off is pwi=  60.0
#check: number of neutrons=  12.0


 #canonical s.p. energies neutrons
 ---------------------------------


  labels -> {2*omega}{parity}[nn=nz+2*nr+nl,nz,nl]
  cqpe   -> canonical q.p. energies
  ce     -> canonical s.p. energies
  fermi energy=  -12.749092545865658     
  average cdelt=   4.4179675308285212E-020
  k0      ceqp        ce         v*v       u*v        cdel     overl      labels
   1   -8.459088   -8.459088   0.00000000   0.00000000  -0.0000   0.8009  1+[ 2, 0, 0]
   2   10.589692   10.589692   0.00000000   0.00000000  -0.0000   0.5661  1+[ 2, 1, 1]
   3   19.983332   19.983332   0.00000000   0.00000000  -0.0000   0.6438  1+[ 4, 4, 0]
   4   16.742692   16.742692   0.00000000   0.00000000  -0.0000   0.6937  1+[ 4, 2, 0]
   5   22.399203   22.399203   0.00000000   0.00000000  -0.0000   0.7806  1+[ 4, 1, 1]
   6   20.383195   20.383195   0.00000000   0.00000000  -0.0000   0.4796  1+[ 4, 2, 0]
   7   12.246039   12.246039   0.00000000   0.00000000  -0.0000   0.6582  1+[ 4, 0, 0]
   8  -12.647581  -12.850604   0.88393507   0.32030276  -0.0000   0.6750  1+[ 2, 2, 0]
   9   11.471192  -36.969378   1.00000000   0.00000002  -0.0000   0.9899  1+[ 0, 0, 0]
  10    8.122631    8.122631   0.00000000   0.00000000  -0.0000   0.8619  1-[ 3, 0, 1]
  11    7.200219    7.200219   0.00000000   0.00000000  -0.0000   0.9687  1-[ 3, 1, 0]
  12    5.540719    5.540719   0.00000000   0.00000000  -0.0000   0.9643  1-[ 3, 3, 0]
  13    7.252908    7.252908   0.00000000   0.00000001  -0.0000   0.8905  1-[ 3, 2, 1]
  14   -3.480349  -22.017836   1.00000000   0.00000000  -0.0000   0.9614  1-[ 1, 0, 1]
  15   -3.185617  -22.312568   1.00000000   0.00000000  -0.0000   0.9630  1-[ 1, 1, 0]
  16   21.362580   21.362580   0.00000000   0.00000000  -0.0000   0.8440  3+[ 4, 1, 1]
  17   26.443965   26.443965   0.00000000   0.00000000  -0.0000   0.8421  3+[ 4, 2, 2]
  18   22.572640   22.572640   0.00000000   0.00000000  -0.0000   0.9076  3+[ 4, 0, 2]
  19   14.301999   14.301999   0.00000000   0.00000000  -0.0000   0.7619  3+[ 4, 3, 1]
  20   -2.008668   -2.008668   0.00000000   0.00000001  -0.0000   0.9144  3+[ 2, 0, 2]
  21  -12.696281  -12.801904   0.74196894   0.43755117  -0.0000   0.8910  3+[ 2, 1, 1]
  22    8.087215    8.087215   0.00000000   0.00000000  -0.0000   0.7758  3-[ 3, 0, 1]
  23    9.469566    9.469566   0.00000000   0.00000000  -0.0000   0.6450  3-[ 3, 2, 1]
  24    3.004889    3.004889   0.00000000   0.00000000  -0.0000   0.7640  3-[ 3, 1, 2]
  25   -0.999237  -24.498948   1.00000000   0.00000000  -0.0000   0.9766  3-[ 1, 0, 1]
  26   21.737844   21.737844   0.00000000   0.00000000  -0.0000   0.8630  5+[ 4, 0, 2]
  27   15.139774   15.139774   0.00000000   0.00000000  -0.0000   0.9234  5+[ 4, 2, 2]
  28   25.094204   25.094204   0.00000000   0.00000000  -0.0000   0.9461  5+[ 4, 1, 3]
  29  -12.723358  -12.723358   0.37409598   0.48388860  -0.0000   0.9799  5+[ 2, 0, 2]
  30    2.230970    2.230970   0.00000000   0.00000000  -0.0000   1.0000  5-[ 3, 1, 2]
  31   11.086177   11.086177   0.00000000   0.00000000  -0.0000   1.0000  5-[ 3, 0, 3]
  32   15.353311   15.353311   0.00000000   0.00000000  -0.0000   1.0000  7+[ 4, 1, 3]
  33   25.561000   25.561000   0.00000000   0.00000000  -0.0000   1.0000  7+[ 4, 0, 4]
  34    0.990145    0.990145   0.00000000   0.00000000  -0.0000   1.0000  7-[ 3, 0, 3]
  35   14.527976   14.527976   0.00000000   0.00000000  -0.0000   1.0000  9+[ 4, 0, 4]
  Sum canonical e_v*V^2_k=  -262.83240395548586     


 #quasiparticle energies protons 
 --------------------------------
  eqp(k) -> q.p. energy 
  e(k)   -> referent s.p. energy 
  p(k)   -> occ.probability 
  del(k) -> referent s.p. gap 
  fermi energy alast=  -7.8606099106450324     
  #k  block#    eqp(k)     e(k)       (1-2N)E      decay        p(k)        del(k)    overl      labels
   1    1     0.102201   -7.962810   -0.102201    1.239383    1.00000000   0.0000   0.6725  1+[ 2, 2, 0]
   2    1     2.706714   -5.153896    2.706714    1.427759    0.00000000   0.0000   0.8294  1+[ 2, 0, 0]
   3    1     7.889022    0.028412    7.889022    1.743041    0.00000000   0.0000   0.7544  1+[ 2, 1, 1]
   4    1    24.044833  -31.905443  -24.044833    2.480875    1.00000000   0.0000   0.9890  1+[ 0, 0, 0]
   5    1    26.388147   18.527537   26.388147    2.570365    0.00000000   0.0000   0.6049  1+[ 4, 2, 0]
   6    1    33.545923   25.685314   33.545923    2.826226    0.00000000   0.0000   0.5768  1+[ 4, 4, 0]
   7    1    34.577897   26.717287   34.577897    2.861228    0.00000000   0.0000   0.7537  1+[ 4, 0, 0]
   8    1    37.341412   29.480803   37.341412    2.952918    0.00000000   0.0000   0.6174  1+[ 4, 1, 1]
   9    1    39.193297   31.332687   39.193297    3.012800    0.00000000   0.0000   0.5937  1+[ 4, 3, 1]
  10    2     7.054169  -14.914779   -7.054169    1.696215    1.00000000   0.0000   0.8312  1-[ 1, 0, 1]
  11    2    11.652287  -19.512897  -11.652287    1.940141    1.00000000   0.0000   0.8268  1-[ 1, 1, 0]
  12    2    13.511647    5.651037   13.511647    2.030475    0.00000000   0.0000   0.5995  1-[ 3, 2, 1]
  13    2    19.181280   11.320670   19.181280    2.283973    0.00000000   0.0000   0.6784  1-[ 3, 3, 0]
  14    2    21.095118   13.234508   21.095118    2.363413    0.00000000   0.0000   0.8671  1-[ 3, 0, 1]
  15    2    25.102563   17.241953   25.102563    2.521662    0.00000000   0.0000   0.6941  1-[ 3, 2, 1]
  16    3     0.053173   -7.913783   -0.053173    1.235562    1.00000000   0.0000   0.8889  3+[ 2, 1, 1]
  17    3     7.946421    0.085812    7.946421    1.746214    0.00000000   0.0000   0.8776  3+[ 2, 0, 2]
  18    3    26.444128   18.583518   26.444128    2.572465    0.00000000   0.0000   0.6676  3+[ 4, 3, 1]
  19    3    33.582189   25.721579   33.582189    2.827463    0.00000000   0.0000   0.7396  3+[ 4, 1, 1]
  20    3    37.880686   30.020076   37.880686    2.970480    0.00000000   0.0000   0.8440  3+[ 4, 0, 2]
  21    3    39.188008   31.327398   39.188008    3.012630    0.00000000   0.0000   0.7734  3+[ 4, 2, 2]
  22    4    11.655806  -19.516416  -11.655806    1.940316    1.00000000   0.0000   0.9756  3-[ 1, 0, 1]
  23    4    13.551298    5.690688   13.551298    2.032358    0.00000000   0.0000   0.7949  3-[ 3, 2, 1]
  24    4    19.972726   12.112116   19.972726    2.317155    0.00000000   0.0000   0.9038  3-[ 3, 0, 1]
  25    4    25.121061   17.260451   25.121061    2.522370    0.00000000   0.0000   0.8584  3-[ 3, 1, 2]
  26    5     0.026330   -7.834280    0.026330    1.233465    0.00000000   0.0000   0.9776  5+[ 2, 0, 2]
  27    5    26.561645   18.701035   26.561645    2.576867    0.00000000   0.0000   0.8480  5+[ 4, 2, 2]
  28    5    33.624727   25.764117   33.624727    2.828914    0.00000000   0.0000   0.9297  5+[ 4, 0, 2]
  29    5    39.177163   31.316553   39.177163    3.012283    0.00000000   0.0000   0.8943  5+[ 4, 1, 3]
  30    6    13.627413    5.766803   13.627413    2.035967    0.00000000   0.0000   0.9388  5-[ 3, 1, 2]
  31    6    25.141378   17.280768   25.141378    2.523147    0.00000000   0.0000   0.9388  5-[ 3, 0, 3]
  32    7    26.754903   18.894293   26.754903    2.584091    0.00000000   0.0000   0.9531  7+[ 4, 1, 3]
  33    7    39.170617   31.310007   39.170617    3.012074    0.00000000   0.0000   0.9531  7+[ 4, 0, 4]
  34    8    13.750997    5.890387   13.750997    2.041813    0.00000000   0.0000   1.0000  7-[ 3, 0, 3]
  35    9    27.047253   19.186643   27.047253    2.594980    0.00000000   0.0000   1.0000  9+[ 4, 0, 4]
#all active are   35 q.p. states out of   35
#since the cut off is pwi=  60.0
#check: number of protons =  12.0


 #canonical s.p. energies protons 
 ---------------------------------


  labels -> {2*omega}{parity}[nn=nz+2*nr+nl,nz,nl]
  cqpe   -> canonical q.p. energies
  ce     -> canonical s.p. energies
  fermi energy=  -7.8606099106450324     
  average cdelt=   4.4903440373084565E-020
  k0      ceqp        ce         v*v       u*v        cdel     overl      labels
   1   12.366886   12.366886   0.00000000   0.00000000  -0.0000   0.6845  1+[ 2, 1, 1]
   2   28.807974   28.807974   0.00000000   0.00000000  -0.0000   0.8720  1+[ 4, 3, 1]
   3   20.338518   20.338518   0.00000000   0.00000000  -0.0000   0.7741  1+[ 4, 2, 0]
   4   26.406200   26.406200   0.00000000   0.00000000  -0.0000   0.9076  1+[ 4, 0, 0]
   5   26.004480   26.004480   0.00000000   0.00000000  -0.0000   0.9257  1+[ 4, 1, 1]
   6   15.939215   15.939215   0.00000000   0.00000000  -0.0000   0.4850  1+[ 4, 2, 0]
   7   -3.245130   -3.245130   0.00000000   0.00000001  -0.0000   0.7804  1+[ 2, 0, 0]
   8   -7.758409   -7.962810   0.88534104   0.31860993  -0.0000   0.6725  1+[ 2, 2, 0]
   9   16.184223  -31.905443   1.00000000   0.00000003  -0.0000   0.9890  1+[ 0, 0, 0]
  10    5.855302    5.855302   0.00000000   0.00000000  -0.0000   0.6763  1-[ 3, 1, 0]
  11   12.915256   12.915256   0.00000000   0.00000000  -0.0000   0.8659  1-[ 3, 0, 1]
  12   13.401763   13.401763   0.00000000   0.00000000  -0.0000   0.8761  1-[ 3, 3, 0]
  13   15.275846   15.275846   0.00000000   0.00000001  -0.0000   0.6877  1-[ 3, 1, 0]
  14    0.478954  -16.200174   1.00000000   0.00000000  -0.0000   0.9793  1-[ 1, 0, 1]
  15    2.506282  -18.227502   1.00000000   0.00000000  -0.0000   0.9793  1-[ 1, 1, 0]
  16   25.272573   25.272573   0.00000000   0.00000000  -0.0000   0.8992  3+[ 4, 3, 1]
  17   24.962216   24.962216   0.00000000   0.00000000  -0.0000   0.9624  3+[ 4, 2, 2]
  18   25.460740   25.460740   0.00000000   0.00000000  -0.0000   0.8759  3+[ 4, 1, 1]
  19   27.821104   27.821104   0.00000000   0.00000000  -0.0000   0.9398  3+[ 4, 0, 2]
  20    2.221749    2.221749   0.00000000   0.00000001  -0.0000   0.9154  3+[ 2, 0, 2]
  21   -7.807437   -7.913783   0.74335048   0.43678432  -0.0000   0.8889  3+[ 2, 1, 1]
  22   12.689354   12.689354   0.00000000   0.00000000  -0.0000   0.7915  3-[ 3, 0, 1]
  23    9.924140    9.924140   0.00000000   0.00000000  -0.0000   0.8800  3-[ 3, 2, 1]
  24   12.449761   12.449761   0.00000000   0.00000000  -0.0000   0.8857  3-[ 3, 1, 2]
  25    3.795196  -19.516416   1.00000000   0.00000001  -0.0000   0.9756  3-[ 1, 0, 1]
  26   26.574453   26.574453   0.00000000   0.00000000  -0.0000   0.7983  5+[ 4, 1, 3]
  27   21.021895   21.021895   0.00000000   0.00000000  -0.0000   0.7680  5+[ 4, 0, 2]
  28   28.185356   28.185356   0.00000000   0.00000000  -0.0000   0.7681  5+[ 4, 2, 2]
  29   -7.834280   -7.834280   0.37130848   0.48315473  -0.0000   0.9776  5+[ 2, 0, 2]
  30    7.132296    7.132296   0.00000000   0.00000000  -0.0000   1.0000  5-[ 3, 1, 2]
  31   15.915274   15.915274   0.00000000   0.00000000  -0.0000   1.0000  5-[ 3, 0, 3]
  32   20.032201   20.032201   0.00000000   0.00000000  -0.0000   1.0000  7+[ 4, 1, 3]
  33   30.172099   30.172099   0.00000000   0.00000000  -0.0000   1.0000  7+[ 4, 0, 4]
  34    5.890387    5.890387   0.00000000   0.00000000  -0.0000   1.0000  7-[ 3, 0, 3]
  35   19.186643   19.186643   0.00000000   0.00000000  -0.0000   1.0000  9+[ 4, 0, 4]
  Sum canonical e_v*V^2_k=  -203.38197195809303     

  NB! From expect (UNPROJECTED RESULTS)

  pairing: CpV0,CpV1,...           0.100000       0.100000       1.000000       1.000000
  forces:   UNE1                          


                             neutrons         protons         total
  Requested part.numbs.      12.000000      12.000000      24.000000
  UnPj(av) part.numbs .      12.000000      12.000000      24.000000
  b0, bz, bp ..........       1.559284       1.564210       1.556827

  lambda (ala) ........     -12.749093      -7.860610
  Lambda (alast) ......     -12.749093      -7.860610
  delta(n,p), pwi .....       0.000000       0.000000      60.000000
  pairing energy ......       0.000000       0.000000       0.000000

  rms-radius ..........       2.865428       2.875978       2.870708
  charge-radius, r0 ...                      2.985172       3.461399
  deformation beta2....       0.079636       0.079647       0.079642
  dipole moment[fm] ...       0.000000       0.000000       0.000000
  quadrupole moment[b]        0.098988       0.099732       0.198720
  octupole moment .....       0.000000       0.000000       0.000000
  hexadecapole moment .      -0.000042      -0.000049      -0.000091
  q5 ..................       0.000000       0.000000       0.000000
  q6 ..................      -0.000001      -0.000001      -0.000002
  q7 ..................       0.000000       0.000000       0.000000
  q8 ..................      -0.000000      -0.000000      -0.000000

  <r^0> [fm^0] ........            1.000000            1.000000            1.000000
  <r^2> [fm^2] ........            8.210675            8.271251            8.240963
  <r^4> [fm^4] ........           94.710516           95.991899           95.351207
  <r^6> [fm^6] ........         1376.395972         1402.313794         1389.354883
  <r^8> [fm^8] ........        23911.161603        24472.163549        24191.662576

  kinetic energy ......     216.357501     214.840185     431.197686
  volume energy .......                                  -675.335251
        rho_tau .......                                    10.861628
        rho_rho .......                                  -686.196879
  surface energy ......                                    58.366788
   rho_DELTA_rho ......                                    58.366788
   (NABLA_rho)^2 ......                                     0.000000
  spin-orbit energy ...                                   -25.923451
        rho_NABLA_J ...                                   -25.923451
        NABLA_rho_J ...                                     0.000000
  coulomb energy ......                                    29.601109
          direct ......                                    34.109534
          exchange ....                                    -4.508425
  tensor energy .......                                     0.000000
  direct Hartree E  ...                                     0.000000
  Extra E .............                                     0.000000
  External field E ....                                     0.000000
  Entropy .............       3.182195       3.170636       6.352832

  tEnergy: ehfb (qp)...                                  -182.093118

  Calculated but not added corrections 
====================================
  cmc-diagonal part ...       0.000000       0.000000       0.000000
  cmc-hfb .............       0.000000       0.000000       0.000000
  cranking rot corr ...       0.000000       0.000000       0.000000

  SQUJ ................       0.000000       0.000000       0.000000
  CRAN x 4 ............       0.000000       0.000000       0.000000
  Rigit Body ..........       0.000000       0.000000       0.000000


   Blocking candidates are:
   neutron eqpmin=   5.2811371730570045E-002  pwiblo=   5.1031036307982882     
    num=   1 block=   3 state=   1    16 Eqp=   0.05281137  (1-2N)E=  -0.05281137  Ovlp=   0.89101264  3+[ 2, 1, 1]
    num=   2 block=   5 state=   1    26 Eqp=   0.02573423  (1-2N)E=   0.02573423  Ovlp=   0.97988858  5+[ 2, 0, 2]
    num=   3 block=   1 state=   1     1 Eqp=   0.10151169  (1-2N)E=  -0.10151169  Ovlp=   0.67504755  1+[ 2, 2, 0]
    num=   4 block=   1 state=   2     2 Eqp=   2.67953980  (1-2N)E=   2.67953980  Ovlp=   0.83433758  1+[ 2, 0, 0]

   Blocking candidates are:
   proton  eqpmin=   5.3172812030766181E-002  pwiblo=   5.1031036307982882     
    num=   1 block=   3 state=   1    16 Eqp=   0.05317281  (1-2N)E=  -0.05317281  Ovlp=   0.88894378  3+[ 2, 1, 1]
    num=   2 block=   5 state=   1    26 Eqp=   0.02633038  (1-2N)E=   0.02633038  Ovlp=   0.97759474  5+[ 2, 0, 2]
    num=   3 block=   1 state=   1     1 Eqp=   0.10220054  (1-2N)E=  -0.10220054  Ovlp=   0.67253581  1+[ 2, 2, 0]
    num=   4 block=   1 state=   2     2 Eqp=   2.70671385  (1-2N)E=   2.70671385  Ovlp=   0.82940302  1+[ 2, 0, 0]


