
  =======================================
           FORTRAN 95 CODE (KIND= 8) 
               Version: 200d  
  =======================================
       AXIALLY DEFORMED CONFIGURATIONAL  
     HARTREE-FOCK-BOGOLIUBOV CALCULATIONS
                     WITH                
            UNEDF AND DELTA PAIRING      
                     USING               
             HARMONIC-OSCILLATOR         
                   AND/OR                
       TRANSFORMED HARMONIC-OSCILLATOR   
                    BASIS                
                     ---                 
               v1.66  (2005):,           
   Stoitsov,Dobaczewski,Nazarewicz,Ring, 
               v2.00d (2012):,           
         Stoitsov,Schunck,Kortelainen    
  =======================================
    Nucleus: MG (A=  24, N= 12, Z= 12)
       Reflection Symmetry Imposed       
            ( 7/14/2023, 21:58)                               
  =======================================


  ---------------------------------------
           UNEDF Module Version:17
         M.Kortelainen & M.Stoitsov 
  ---------------------------------------

  UNE1 functional
  ----------------------------------
  Crho(0)=   -795.400908094204169    ; Crho(1)=    330.032970557287967    
  CDrho(0)=   884.174556707382862    ; CDrho(1)=  -294.101769476171796    
  Ctau(0)=    5.65356166488036394    ; Ctau(1)=   -26.9330414652360020    
  CrDr(0)=   -46.8745885187715459    ; CrDr(1)=   -148.470180403265942    
  CrdJ(0)=   -80.5594558791790973    ; CrdJ(1)=   -40.5436986948972660    
  CJ(0)=      0.00000000000000000    ; CJ(1)=      0.00000000000000000    
  CpV0(0)=   0.100000000000000006    ; CpV0(1)=   0.100000000000000006    
  CpV1(0)=    1.00000000000000000    ; CpV1(1)=    1.00000000000000000    
  sigma=     0.256623665230606202    ; hbzero=     20.7355300000000007    
  e^2 chrg=   1.43997840859651305    ; CExPar=     1.00000000000000000    
  c.m. correction: F, chr. density in direct Coul: F
  use tensor terms: F
  use TMR pairing:  0

  Coupling constants in natural units
  -----------------------------------
  Crho_nu(0)=  -0.895716808126883590    ; Crho_nu(1)=   0.371656702872655120    
  CDrho_nu(0)=  0.936718258797665460    ; CDrho_nu(1)= -0.311579308998602533    
  Ctau_nu(0)=   0.801398793685240557E-01; Ctau_nu(1)=  -0.381778924860660229    
  CrDr_nu(0)=  -0.664452621553398570    ; CrDr_nu(1)=   -2.10458168719603433    
  CrdJ_nu(0)=   -1.14193944611161613    ; CrdJ_nu(1)=  -0.574711538523850041    
  CJ_nu(0)=      0.00000000000000000    ; CJ_nu(1)=      0.00000000000000000    
  CpV0_nu(0)=   0.112611992142809880E-03; CpV0_nu(1)=   0.112611992142809880E-03
  CpV1_nu(0)=   0.887702254206059068E-03; CpV1_nu(1)=   0.887702254206059068E-03
  fpi_nu=        93.0000000000000000    ; Lambda_nu=     700.000000000000000    

  Nuclear matter properties
  ----------------------------------
      E_NM=     -15.7999999999999972      K_NM=     219.9999999999997442
      P_NM=      -0.0000000000000012    RHO_NM=       0.1589774555655552
    ASS_NM=      28.4854945064859741   LASS_NM=      36.6810766589029100
  SMASS_NM=       1.0433453520776004  VMASS_NM=       1.2498385742322697

  Associated (t,x)-coupling constants
  -----------------------------------
  t0=      -2121.06908825121081    ; x0=       0.122389854975247570    
  t1=       257.535887653288682    ; x1=       -4.90286350235652701    
  t2=       1571.76269724946451    ; x2=       -1.35850090117221911    
  t3=       14146.7929073181258    ; x3=      -0.105705839683306602E-02
  b4=       40.0157571842818314    ; b4p=       81.0873973897945319    
  te=      -471.213115436075157    ; to=       -208.367753516839969    
  sigma=   0.256623665230606202    ; hbzero=    20.7355300000000007    

  ---------------------------------------
        Characteristics of the run       
  ---------------------------------------
  Output file ................:     7
  Nucleus ....................:   MG  24
  Number of HO shells ........:     4
  HO length b0 (fm) ..........:     1.55928400372611
  Basis deformation ..........:  beta0=   0.010 q=   1.010
  HO: b0,1/b0,bp,bz,q ........:   0.15592840E+01  0.64131999E+00  0.15568270E+01  0.15642096E+01  0.10095067E+01
  h**2/(2m), cmc, e**2 .......:   0.20735530E+02  0.20735530E+02  0.14399784E+01
  hom=f*41.0_pr*A^{-1/3}, f...:   0.17056687E+02  0.12000000E+01
  THO basis is ...............:  OFF
  Maximal number of iterations:   400
  Initial mixing parameter ...:  0.300
  Initial w.f. ...............:  from   spherical scratch
  Skyrme functional ..........:    UNE1                          
    with direct and exchange Coulomb
  Lipkin-Nogami procedure is .:  OFF
  PAV procedure is ...........:  OFF
  Constraint calculation is ..:   ON
    Constraint 1 .............: lambda=2 Ql=   2.484
  Temperature T ..............:   0.05 MeV
  Restart indicator ..........:   1
  Broyden mixing (#iterations):   7

  ---------------------------------------
        Harmonic Oscillator Basis        
  ---------------------------------------
  NUV, NQP:                         195      35
  Comparison with bookkeeping spherical basis:
  n00:                                4       4  Maximal number of shells
  nbx, 2*n00+1:                       9       9  Maximal number of K-blocks
  ntx, (n00+1)*(n00+2)*(n00+3)/6     35      35  Max.num. p/n levels
  nzx, n00:                           4       4  Maximal nz-quantum number
  nrx, n00/2  :                       2       2  Maximal nr-quantum number
  nlx, n00:                           4       4  Maximal ml-quantum number
  ndx, (n00+2)*(n00+2)/4:             9       9  Maximal dim. of one k-block

  Actual basis used
  Number of blocks: nb .......:    9
  Number of levels: nt .......:   35
  Maximal 2*omega : nom ......:    9
  Maximal nz:       nzm ......:    4
  Maximal nr:       nrm ......:    2
  Maximal ml:       nlm ......:    4
  Maximal N=nz+2*nr+nl .......:    4
  2 x biggest block dim. .....:   18
  Non-zero elements of h .....:      115
  Number of Broyden elements .:      460

  ---------------------------------------
            Integration Meshes           
  ---------------------------------------
  Number of Gauss-Hermite mesh points ngh ....:  40
  Number of Gauss-Laguerre mesh points ngl ...:  40
  Number of Gauss-Legendre mesh points nleg ..:  80
  Integration boundaries
    Hermite  - from xh(1)  =  0.12379686 to xh(ngh)   = 11.88786356
    Laguerre - From xl(1)  =  0.03570039 to xl(ngl)   =142.28004447
    Legendre - From xleg(1)=  0.00978669 to xleg(nleg)=  0.99988775
  Max.dev.in:     Orthogonality            Normalization
  Hermite     5.2235050987142219E-016   1.9984014443252818E-015
  Laguerre    1.9977540701027837E-015   4.5519144009631418E-015

  Scratch initialization for the nucleus: MG  12  12


  Initial potentials of Saxon-Woods shape 
  v0ws   =  -71.27999878
  kappa  =    0.46160001
  vs0    =   11.11750031   11.11750031
  r0     =    1.23339999    1.23339999
  a      =    0.61500001    0.61500001
  r0-so  =    1.14429998    1.14429998
  a-so   =    0.64760000    0.64760000
  beta00 =    0.01000000

  ### REGULAR STAGE (reflection symmetry imposed)
  |HFB+HO> iterations(b0=  1.559, Nsh=  4, inin=  1, N= 12, Z= 12)...
  ----------------------------------------------------------------------------------------------------------------------------------
  i          si     mix   beta      Etot       A       rn      rp         En      Dn      Ep      Dp        Ln      Lp     time
  ----------------------------------------------------------------------------------------------------------------------------------
   1L  52.26905082 0.30  0.010     0.000000    0.0   0.000   0.000 |   -2.000   1.000  -2.000   1.000 |   -7.000  -7.000   0.000
   2B 113.69585792 0.10  0.009   -50.431951   24.0   2.616   2.616 |    0.000  -0.000   0.000  -0.000 |  -16.532 -16.532  29.635
   3B  36.90676920 0.11  0.505  -156.111569   24.0   3.106   3.134 |    0.000  -0.000   0.000  -0.000 |  -13.884 -10.504   0.125
   4B  23.81354999 0.13  0.676  -143.527955   24.0   3.151   3.121 |    0.000  -0.000   0.000  -0.000 |  -16.691 -12.172   0.111
   5B  19.50908528 0.14  0.779   -90.120422   24.0   3.175   3.285 |    0.000   0.000   0.000   0.000 |  -17.921 -13.191   0.102
   6B  10.12812304 0.16  0.803   -73.358070   24.0   3.335   3.232 |    0.000   0.000   0.000   0.000 |  -17.914 -12.676   0.111
   7B  14.13885718 0.10  0.799   -66.552571   24.0   3.233   3.341 |    0.000   0.000   0.000   0.000 |  -17.326 -12.192   0.099
   8B   3.29610975 0.11  0.782   -96.263386   24.0   3.244   3.270 |    0.000   0.000   0.000   0.000 |  -16.420 -11.611   0.107
   9B   5.52086841 0.10  0.794   -78.547937   24.0   3.330   3.269 |    0.000   0.000   0.000   0.000 |  -15.785 -11.016   0.106
  10B   3.09343194 0.11  0.788   -86.872241   24.0   3.269   3.308 |    0.000  -0.000   0.000  -0.000 |  -15.478 -10.733   0.112
  11B   1.66424388 0.13  0.784   -91.430136   24.0   3.287   3.275 |    0.000  -0.000   0.000  -0.000 |  -15.312 -10.536   0.107
  12B   0.92505438 0.14  0.782   -93.329717   24.0   3.279   3.276 |    0.000  -0.000   0.000  -0.000 |  -15.312 -10.557   0.103
  13B   0.69931015 0.16  0.781   -93.799108   24.0   3.278   3.276 |    0.000  -0.000   0.000  -0.000 |  -15.265 -10.509   0.107
  14B   1.20878343 0.10  0.778   -95.445308   24.0   3.275   3.277 |    0.000  -0.000   0.000  -0.000 |  -15.124 -10.383   0.125
  15B   1.15511238 0.11  0.778   -95.410710   24.0   3.275   3.276 |    0.000  -0.000   0.000  -0.000 |  -15.130 -10.386   0.121
  16B   1.57862165 0.10  0.776   -96.176837   24.0   3.273   3.277 |    0.000   0.000   0.000   0.000 |  -15.040 -10.297   0.117
  17B   1.45287632 0.11  0.777   -95.983794   24.0   3.273   3.278 |    0.000  -0.000   0.000  -0.000 |  -15.066 -10.327   0.100
  18L   1.43558623 0.13  0.777   -96.011239   24.0   3.273   3.278 |    0.000  -0.000   0.000  -0.000 |  -15.063 -10.319   0.129
  19L   1.55809374 0.10  0.776   -96.728014   24.0   3.271   3.276 |    0.000  -0.000   0.000  -0.000 |  -15.030 -10.272   0.139
  20L   1.50507498 0.11  0.775   -97.292692   24.0   3.270   3.274 |    0.000  -0.000   0.000  -0.000 |  -14.993 -10.236   0.129
  21L   1.37650457 0.13  0.775   -97.795172   24.0   3.268   3.273 |    0.000  -0.000   0.000  -0.000 |  -14.964 -10.205   0.133
  22L   1.22637624 0.14  0.774   -98.255836   24.0   3.267   3.272 |    0.000  -0.000   0.000  -0.000 |  -14.939 -10.181   0.116
  23B   1.06505828 0.16  0.774   -98.674192   24.0   3.266   3.271 |    0.000  -0.000   0.000  -0.000 |  -14.921 -10.161   0.120
  24B   0.60536599 0.18  0.773   -99.578858   24.0   3.263   3.268 |    0.000  -0.000   0.000  -0.000 |  -14.973 -10.212   0.129
  25B   0.03645684 0.21  0.771  -100.917420   24.0   3.259   3.264 |    0.000  -0.000   0.000  -0.000 |  -14.917 -10.156   0.121
  26B   0.01681581 0.24  0.771  -100.934743   24.0   3.259   3.264 |    0.000  -0.000   0.000  -0.000 |  -14.915 -10.151   0.118
  27B   0.00201451 0.27  0.771  -100.972837   24.0   3.259   3.264 |    0.000  -0.000   0.000  -0.000 |  -14.913 -10.149   0.112
  28B   0.00154343 0.30  0.771  -100.972754   24.0   3.259   3.264 |    0.000   0.000   0.000   0.000 |  -14.913 -10.149   0.116
  29B   0.00039280 0.34  0.771  -100.969909   24.0   3.259   3.264 |    0.000  -0.000   0.000  -0.000 |  -14.913 -10.149   0.119
  30B   0.00014943 0.38  0.771  -100.969282   24.0   3.259   3.264 |    0.000  -0.000   0.000  -0.000 |  -14.913 -10.150   0.117
  31B   0.00006352 0.43  0.771  -100.969474   24.0   3.259   3.264 |    0.000   0.000   0.000   0.000 |  -14.913 -10.150   0.125
  32B   0.00001038 0.49  0.771  -100.969594   24.0   3.259   3.264 |    0.000   0.000   0.000   0.000 |  -14.913 -10.150   0.106
  33B   0.00000994 0.55  0.771  -100.969567   24.0   3.259   3.264 |    0.000   0.000   0.000   0.000 |  -14.913 -10.150   0.120
  34B   0.00000492 0.63  0.771  -100.969577   24.0   3.259   3.264 |    0.000   0.000   0.000   0.000 |  -14.913 -10.150   0.121
  35B   0.00000291 0.71  0.771  -100.969581   24.0   3.259   3.264 |    0.000   0.000   0.000   0.000 |  -14.913 -10.150   0.119
  36B   0.00000085 0.80  0.771  -100.969585   24.0   3.259   3.264 |    0.000   0.000   0.000   0.000 |  -14.913 -10.150   0.108
  37B   0.00000027 0.90  0.771  -100.969587   24.0   3.259   3.264 |    0.000  -0.000   0.000  -0.000 |  -14.913 -10.150   0.113
  38B   0.00000014 1.00  0.771  -100.969587   24.0   3.259   3.264 |    0.000  -0.000   0.000  -0.000 |  -14.913 -10.150   0.104
  39B   0.00000003 1.00  0.771  -100.969587   24.0   3.259   3.264 |    0.000   0.000   0.000   0.000 |  -14.913 -10.150   0.093
  40B   0.00000002 1.00  0.771  -100.969587   24.0   3.259   3.264 |    0.000   0.000   0.000   0.000 |  -14.913 -10.150   0.087
  41B   0.00000002 1.00  0.771  -100.969587   24.0   3.259   3.264 |    0.000   0.000   0.000   0.000 |  -14.913 -10.150   0.088
  42B   0.00000000 1.00  0.771  -100.969587   24.0   3.259   3.264 |    0.000   0.000   0.000   0.000 |  -14.913 -10.150   0.086
  43B   0.00000000 1.00  0.771  -100.969587   24.0   3.259   3.264 |    0.000  -0.000   0.000  -0.000 |  -14.913 -10.150   0.063
  44B   0.00000000 1.00  0.771  -100.969587   24.0   3.259   3.264 |    0.000  -0.000   0.000  -0.000 |  -14.913 -10.150   0.057
  ----------------------------------------------------------------------------------------------------------------------------------
  *   iteration converged   after  44 steps   si=     0.0000000004 ho=  0 tho=  0
  ----------------------------------------------------------------------------------------------------------------------------------
  Total CPU time=   0.572 minutes

  Writing to wel_file: s012_012.hel
 __________________________________  
  The tape s012_012.hel recorded:     
  nucname,npr,ngh,ngl,n00,nb,nt      
  b0,beta0,si,etot,rms,bet,xmix      
  pairing:     CpV0,CpV1,pwi         
  delta:       del,ept               
  lambda:      ala,ala2,alast,tz     
  asymptotic:  varmas,ass,skass      
  ntx,nb,nhhdim,id,N_rz,n_r,n_z      
  Omega2,Sigma2,Parity,Lambda        
  matrices(inbro):    hh,de          
  *all blocking candidates           
 __________________________________  



 #quasiparticle energies neutrons
 --------------------------------
  eqp(k) -> q.p. energy 
  e(k)   -> referent s.p. energy 
  p(k)   -> occ.probability 
  del(k) -> referent s.p. gap 
  fermi energy alast=  -14.913086209945773     
  #k  block#    eqp(k)     e(k)       (1-2N)E      decay        p(k)        del(k)    overl      labels
   1    1     0.342579  -14.570507    0.342579    1.715489    0.00000000   0.0000   0.6345  1+[ 2, 1, 1]
   2    1    11.719080  -26.632166  -11.719080    2.266604    1.00000000   0.0000   0.7782  1+[ 0, 0, 0]
   3    1    12.299154   -2.613932   12.299154    2.291156    0.00000000   0.0000   0.6816  1+[ 2, 0, 0]
   4    1    21.271440    6.358354   21.271440    2.642006    0.00000000   0.0000   0.6612  1+[ 4, 4, 0]
   5    1    28.129596  -43.042682  -28.129596    2.881523    1.00000000   0.0000   0.7235  1+[ 2, 2, 0]
   6    1    36.297572   21.384486   36.297572    3.143060    0.00000000   0.0000   0.7149  1+[ 4, 3, 1]
   7    1    41.468587   26.555500   41.468587    3.297930    0.00000000   0.0000   0.6429  1+[ 4, 2, 0]
   8    1    47.807511   32.894425   47.807511    3.478384    0.00000000   0.0000   0.8586  1+[ 4, 1, 1]
   9    1    58.601518   43.688432   58.601518    3.765817    0.00000000   0.0000   0.9780  1+[ 4, 0, 0]
  10    2     0.342579  -15.255665   -0.342579    1.715489    1.00000000   0.0000   0.7019  1-[ 1, 0, 1]
  11    2    15.070753    0.157666   15.070753    2.405005    0.00000000   0.0000   0.7290  1-[ 3, 3, 0]
  12    2    22.138422    7.225336   22.138422    2.673470    0.00000000   0.0000   0.8074  1-[ 3, 1, 0]
  13    2    22.405612  -37.318699  -22.405612    2.683093    1.00000000   0.0000   0.8032  1-[ 1, 1, 0]
  14    2    28.625469   13.712383   28.625469    2.898074    0.00000000   0.0000   0.6224  1-[ 3, 2, 1]
  15    2    46.466514   31.553428   46.466514    3.440998    0.00000000   0.0000   0.9906  1-[ 3, 0, 1]
  16    3     8.594376  -23.507462   -8.594376    2.129489    1.00000000   0.0000   0.7698  3+[ 2, 1, 1]
  17    3    16.420964    1.507878   16.420964    2.458559    0.00000000   0.0000   0.6184  3+[ 2, 0, 2]
  18    3    31.020024   16.106938   31.020024    2.976702    0.00000000   0.0000   0.6697  3+[ 4, 3, 1]
  19    3    42.785635   27.872549   42.785635    3.336226    0.00000000   0.0000   0.8741  3+[ 4, 1, 1]
  20    3    46.870915   31.957829   46.870915    3.452315    0.00000000   0.0000   0.6618  3+[ 4, 2, 2]
  21    3    61.948428   47.035342   61.948428    3.850587    0.00000000   0.0000   0.9915  3+[ 4, 0, 2]
  22    4     4.469305  -19.382391   -4.469305    1.933642    1.00000000   0.0000   0.7641  3-[ 1, 0, 1]
  23    4    18.680057    3.766971   18.680057    2.545644    0.00000000   0.0000   0.7025  3-[ 3, 2, 1]
  24    4    32.708390   17.795304   32.708390    3.030916    0.00000000   0.0000   0.9061  3-[ 3, 1, 2]
  25    4    44.346579   29.433492   44.346579    3.381053    0.00000000   0.0000   0.9807  3-[ 3, 0, 1]
  26    5     9.753761   -5.159325    9.753761    2.181370    0.00000000   0.0000   0.7112  5+[ 2, 0, 2]
  27    5    37.575257   22.662170   37.575257    3.182027    0.00000000   0.0000   0.6600  5+[ 4, 2, 2]
  28    5    49.615167   34.702081   49.615167    3.528153    0.00000000   0.0000   0.8965  5+[ 4, 1, 3]
  29    5    57.905094   42.992007   57.905094    3.747937    0.00000000   0.0000   0.9693  5+[ 4, 0, 2]
  30    6    20.791379    5.878293   20.791379    2.624422    0.00000000   0.0000   0.9994  5-[ 3, 1, 2]
  31    6    49.165566   34.252480   49.165566    3.515840    0.00000000   0.0000   0.9994  5-[ 3, 0, 3]
  32    7    38.135266   23.222180   38.135266    3.198957    0.00000000   0.0000   0.9996  7+[ 4, 1, 3]
  33    7    65.326828   50.413742   65.326828    3.934302    0.00000000   0.0000   0.9996  7+[ 4, 0, 4]
  34    8    43.075436   28.162350   43.075436    3.344594    0.00000000   0.0000   1.0000  7-[ 3, 0, 3]
  35    9    60.405632   45.492546   60.405632    3.811745    0.00000000   0.0000   1.0000  9+[ 4, 0, 4]
#all active are   35 q.p. states out of   35
#since the cut off is pwi=  60.0
#check: number of neutrons=  12.0


 #canonical s.p. energies neutrons
 ---------------------------------


  labels -> {2*omega}{parity}[nn=nz+2*nr+nl,nz,nl]
  cqpe   -> canonical q.p. energies
  ce     -> canonical s.p. energies
  fermi energy=  -14.913086209945773     
  average cdelt=  -3.1749164610348192E-018
  k0      ceqp        ce         v*v       u*v        cdel     overl      labels
   1    8.774860    8.774860   0.00000000   0.00000000   0.0000   0.7067  1+[ 4, 2, 0]
   2   24.380612   24.380612   0.00000000   0.00000000   0.0000   0.6345  1+[ 4, 2, 0]
   3   31.134915   31.134915   0.00000000   0.00000000   0.0000   0.9104  1+[ 4, 1, 1]
   4   39.464735   39.464735   0.00000000   0.00000000   0.0000   0.8687  1+[ 4, 0, 0]
   5   15.809709   15.809709   0.00000000   0.00000000   0.0000   0.9390  1+[ 2, 0, 0]
   6    8.702434    8.702434   0.00000000   0.00000001   0.0000   0.5754  1+[ 2, 1, 1]
   7  -14.570507  -14.570507   0.00105667   0.03248923   0.0000   0.6345  1+[ 2, 1, 1]
   8   10.059022  -39.885194   1.00000000   0.00000001   0.0000   0.7288  1+[ 0, 0, 0]
   9   -0.036518  -29.789654   1.00000000   0.00000000   0.0000   0.6122  1+[ 4, 4, 0]
  10    9.577242    9.577242   0.00000000   0.00000000   0.0000   0.7042  1-[ 1, 0, 1]
  11   31.068024   31.068024   0.00000000   0.00000000   0.0000   1.0000  1-[ 3, 0, 1]
  12    8.896397    8.896397   0.00000000   0.00000000   0.0000   0.9901  1-[ 3, 1, 0]
  13    3.107150    3.107150   0.00000000   0.00000001   0.0000   0.7257  1-[ 3, 3, 0]
  14  -14.570507  -15.255665   0.99894333   0.03248923   0.0000   0.7019  1-[ 1, 0, 1]
  15    7.492526  -37.318699   1.00000000   0.00000000   0.0000   0.8032  1-[ 1, 1, 0]
  16   12.803923   12.803923   0.00000000   0.00000000   0.0000   0.7697  3+[ 4, 3, 1]
  17   20.589334   20.589334   0.00000000   0.00000000   0.0000   0.9887  3+[ 4, 2, 2]
  18   46.607862   46.607862   0.00000000   0.00000000   0.0000   0.9937  3+[ 4, 0, 2]
  19   28.015007   28.015007   0.00000000   0.00000000   0.0000   0.9837  3+[ 4, 1, 1]
  20   16.464411   16.464411   0.00000000   0.00000001   0.0000   0.9989  3+[ 2, 0, 2]
  21   -6.318710  -23.507462   1.00000000   0.00000000   0.0000   0.7698  3+[ 2, 1, 1]
  22   10.686994   10.686994   0.00000000   0.00000000   0.0000   0.9236  3-[ 3, 1, 2]
  23   28.963441   28.963441   0.00000000   0.00000000   0.0000   0.9964  3-[ 3, 0, 1]
  24   11.345332   11.345332   0.00000000   0.00000001   0.0000   0.6987  3-[ 3, 2, 1]
  25  -10.443781  -19.382391   1.00000000   0.00000000   0.0000   0.7641  3-[ 1, 0, 1]
  26   32.621534   32.621534   0.00000000   0.00000000   0.0000   0.6542  5+[ 4, 0, 2]
  27   37.787933   37.787933   0.00000000   0.00000000   0.0000   0.7175  5+[ 4, 0, 2]
  28   29.466382   29.466382   0.00000000   0.00000000   0.0000   0.8038  5+[ 4, 1, 3]
  29   -4.678916   -4.678916   0.00000000   0.00000000   0.0000   0.7637  5+[ 4, 2, 2]
  30   34.252479   34.252479   0.00000000   0.00000000   0.0000   0.9993  5-[ 3, 0, 3]
  31    5.878294    5.878294   0.00000000   0.00000000   0.0000   0.9993  5-[ 3, 1, 2]
  32   50.413739   50.413739   0.00000000   0.00000000   0.0000   0.9996  7+[ 4, 0, 4]
  33   23.222182   23.222182   0.00000000   0.00000000   0.0000   0.9996  7+[ 4, 1, 3]
  34   28.162350   28.162350   0.00000000   0.00000000   0.0000   1.0000  7-[ 3, 0, 3]
  35   45.492546   45.492546   0.00000000   0.00000000   0.0000   1.0000  9+[ 4, 0, 4]
  Sum canonical e_v*V^2_k=  -330.27668423581582     


 #quasiparticle energies protons 
 --------------------------------
  eqp(k) -> q.p. energy 
  e(k)   -> referent s.p. energy 
  p(k)   -> occ.probability 
  del(k) -> referent s.p. gap 
  fermi energy alast=  -10.149521476590001     
  #k  block#    eqp(k)     e(k)       (1-2N)E      decay        p(k)        del(k)    overl      labels
   1    1     0.297317   -9.852204    0.297317    1.419596    0.00000000   0.0000   0.6320  1+[ 2, 1, 1]
   2    1    11.632298  -21.781819  -11.632298    2.049838    1.00000000   0.0000   0.7788  1+[ 0, 0, 0]
   3    1    12.116482    1.966961   12.116482    2.072495    0.00000000   0.0000   0.6809  1+[ 2, 0, 0]
   4    1    21.521210   11.371688   21.521210    2.471733    0.00000000   0.0000   0.6569  1+[ 4, 4, 0]
   5    1    28.083423  -38.232945  -28.083423    2.715759    1.00000000   0.0000   0.7229  1+[ 2, 2, 0]
   6    1    36.213976   26.064455   36.213976    2.990615    0.00000000   0.0000   0.7115  1+[ 4, 3, 1]
   7    1    41.200417   31.050895   41.200417    3.147331    0.00000000   0.0000   0.6360  1+[ 4, 2, 0]
   8    1    47.237090   37.087569   47.237090    3.327191    0.00000000   0.0000   0.8476  1+[ 4, 1, 1]
   9    1    57.992159   47.842637   57.992159    3.625591    0.00000000   0.0000   0.9755  1+[ 4, 0, 0]
  10    2     0.297317  -10.446839   -0.297317    1.419596    1.00000000   0.0000   0.7025  1-[ 1, 0, 1]
  11    2    15.126844    4.977323   15.126844    2.208156    0.00000000   0.0000   0.7292  1-[ 3, 3, 0]
  12    2    22.075786   11.926264   22.075786    2.493279    0.00000000   0.0000   0.8188  1-[ 3, 1, 0]
  13    2    22.243630  -32.393151  -22.243630    2.499764    1.00000000   0.0000   0.8026  1-[ 1, 1, 0]
  14    2    28.608075   18.458553   28.608075    2.734329    0.00000000   0.0000   0.6325  1-[ 3, 2, 1]
  15    2    45.904997   35.755476   45.904997    3.288348    0.00000000   0.0000   0.9909  1-[ 3, 0, 1]
  16    3     8.614083  -18.763605   -8.614083    1.902526    1.00000000   0.0000   0.7681  3+[ 2, 1, 1]
  17    3    16.290797    6.141275   16.290797    2.258425    0.00000000   0.0000   0.6203  3+[ 2, 0, 2]
  18    3    30.911778   20.762257   30.911778    2.814419    0.00000000   0.0000   0.6706  3+[ 4, 3, 1]
  19    3    42.316234   32.166712   42.316234    3.181342    0.00000000   0.0000   0.8951  3+[ 4, 1, 1]
  20    3    46.598836   36.449315   46.598836    3.308637    0.00000000   0.0000   0.6796  3+[ 4, 2, 2]
  21    3    61.254365   51.104844   61.254365    3.711362    0.00000000   0.0000   0.9911  3+[ 4, 0, 2]
  22    4     4.399306  -14.548827   -4.399306    1.675276    1.00000000   0.0000   0.7636  3-[ 1, 0, 1]
  23    4    18.798992    8.649471   18.798992    2.363119    0.00000000   0.0000   0.6999  3-[ 3, 2, 1]
  24    4    32.575872   22.426350   32.575872    2.870883    0.00000000   0.0000   0.9022  3-[ 3, 1, 2]
  25    4    43.783683   33.634161   43.783683    3.225526    0.00000000   0.0000   0.9806  3-[ 3, 0, 1]
  26    5     9.634230   -0.515291    9.634230    1.953560    0.00000000   0.0000   0.7098  5+[ 2, 0, 2]
  27    5    37.486541   27.337020   37.486541    3.031380    0.00000000   0.0000   0.6561  5+[ 4, 2, 2]
  28    5    49.179781   39.030260   49.179781    3.383039    0.00000000   0.0000   0.8886  5+[ 4, 1, 3]
  29    5    57.157903   47.008381   57.157903    3.603329    0.00000000   0.0000   0.9673  5+[ 4, 0, 2]
  30    6    20.677691   10.528170   20.677691    2.438594    0.00000000   0.0000   0.9993  5-[ 3, 1, 2]
  31    6    48.763517   38.613996   48.763517    3.371150    0.00000000   0.0000   0.9993  5-[ 3, 0, 3]
  32    7    37.737377   27.587855   37.737377    3.039350    0.00000000   0.0000   0.9996  7+[ 4, 1, 3]
  33    7    64.648379   54.498857   64.648379    3.798544    0.00000000   0.0000   0.9996  7+[ 4, 0, 4]
  34    8    42.694591   32.545070   42.694591    3.192793    0.00000000   0.0000   1.0000  7-[ 3, 0, 3]
  35    9    59.734488   49.584967   59.734488    3.671650    0.00000000   0.0000   1.0000  9+[ 4, 0, 4]
#all active are   35 q.p. states out of   35
#since the cut off is pwi=  60.0
#check: number of protons =  12.0


 #canonical s.p. energies protons 
 ---------------------------------


  labels -> {2*omega}{parity}[nn=nz+2*nr+nl,nz,nl]
  cqpe   -> canonical q.p. energies
  ce     -> canonical s.p. energies
  fermi energy=  -10.149521476590001     
  average cdelt=  -3.6189734399758753E-018
  k0      ceqp        ce         v*v       u*v        cdel     overl      labels
   1   14.648302   14.648302   0.00000000   0.00000000   0.0000   0.6746  1+[ 4, 4, 0]
   2   25.791587   25.791587   0.00000000   0.00000000   0.0000   0.6553  1+[ 4, 3, 1]
   3    6.172956    6.172956   0.00000000   0.00000000   0.0000   0.8598  1+[ 2, 0, 0]
   4   47.203801   47.203801   0.00000000   0.00000000   0.0000   0.9488  1+[ 4, 0, 0]
   5   32.309656   32.309656   0.00000000   0.00000000   0.0000   0.8631  1+[ 4, 1, 1]
   6   29.257902   29.257902   0.00000000   0.00000000   0.0000   0.6677  1+[ 4, 2, 0]
   7   -9.852204   -9.852204   0.00260855   0.05100731   0.0000   0.6320  1+[ 2, 1, 1]
   8    2.582166  -22.881209   1.00000000   0.00000001   0.0000   0.8626  1+[ 0, 0, 0]
   9   16.834512  -37.133555   1.00000000   0.00000000   0.0000   0.7202  1+[ 2, 2, 0]
  10   16.938906   16.938906   0.00000000   0.00000000   0.0000   0.7871  1-[ 3, 2, 1]
  11   13.403122   13.403122   0.00000000   0.00000000   0.0000   0.9905  1-[ 3, 1, 0]
  12   35.541901   35.541901   0.00000000   0.00000000   0.0000   0.9987  1-[ 3, 0, 1]
  13    5.233686    5.233686   0.00000000   0.00000001   0.0000   0.7021  1-[ 3, 3, 0]
  14   -9.852204  -10.446839   0.99739145   0.05100731   0.0000   0.7025  1-[ 1, 0, 1]
  15   12.094109  -32.393151   1.00000000   0.00000000   0.0000   0.8026  1-[ 1, 1, 0]
  16   20.809857   20.809857   0.00000000   0.00000000   0.0000   0.9990  3+[ 2, 0, 2]
  17   28.230841   28.230841   0.00000000   0.00000000   0.0000   0.6994  3+[ 4, 1, 1]
  18   50.483799   50.483799   0.00000000   0.00000000   0.0000   0.9922  3+[ 4, 0, 2]
  19   28.810552   28.810552   0.00000000   0.00000000   0.0000   0.7072  3+[ 4, 1, 1]
  20   18.289352   18.289352   0.00000000   0.00000001   0.0000   0.7705  3+[ 4, 3, 1]
  21   -1.535438  -18.763605   1.00000000   0.00000002   0.0000   0.7681  3+[ 2, 1, 1]
  22   17.921313   17.921313   0.00000000   0.00000000   0.0000   0.6488  3-[ 3, 2, 1]
  23   32.687043   32.687043   0.00000000   0.00000000   0.0000   0.9996  3-[ 3, 0, 1]
  24   14.101626   14.101626   0.00000000   0.00000001   0.0000   0.8673  3-[ 3, 1, 2]
  25   -5.750216  -14.548827   1.00000000   0.00000000   0.0000   0.7636  3-[ 1, 0, 1]
  26   37.116964   37.116964   0.00000000   0.00000000   0.0000   0.6498  5+[ 4, 0, 2]
  27   41.566377   41.566377   0.00000000   0.00000000   0.0000   0.6992  5+[ 4, 0, 2]
  28   34.226087   34.226087   0.00000000   0.00000000   0.0000   0.7662  5+[ 4, 1, 3]
  29   -0.049058   -0.049058   0.00000000   0.00000000   0.0000   0.7634  5+[ 4, 2, 2]
  30   38.613994   38.613994   0.00000000   0.00000000   0.0000   0.9993  5-[ 3, 0, 3]
  31   10.528171   10.528171   0.00000000   0.00000000   0.0000   0.9993  5-[ 3, 1, 2]
  32   54.498853   54.498853   0.00000000   0.00000000   0.0000   0.9996  7+[ 4, 0, 4]
  33   27.587860   27.587860   0.00000000   0.00000000   0.0000   0.9996  7+[ 4, 1, 3]
  34   32.545070   32.545070   0.00000000   0.00000000   0.0000   1.0000  7-[ 3, 0, 3]
  35   49.584967   49.584967   0.00000000   0.00000000   0.0000   1.0000  9+[ 4, 0, 4]
  Sum canonical e_v*V^2_k=  -272.33127008313619     

  NB! From expect (UNPROJECTED RESULTS)

  pairing: CpV0,CpV1,...           0.100000       0.100000       1.000000       1.000000
  forces:   UNE1                          


                             neutrons         protons         total
  Requested part.numbs.      12.000000      12.000000      24.000000
  UnPj(av) part.numbs .      12.000000      12.000000      24.000000
  b0, bz, bp ..........       1.559284       1.564210       1.556827

  lambda (ala) ........     -14.913086     -10.149521
  Lambda (alast) ......     -14.913086     -10.149521
  delta(n,p), pwi .....      -0.000000      -0.000000      60.000000
  pairing energy ......       0.000000       0.000000       0.000000

  rms-radius ..........       3.259354       3.264095       3.261725
  charge-radius, r0 ...                      3.360701       3.461399
  deformation beta2....       0.772166       0.770122       0.771142
  dipole moment[fm] ...       0.000000       0.000000       0.000000
  quadrupole moment[b]        1.241838       1.242156       2.483994
  octupole moment .....       0.000000       0.000000       0.000000
  hexadecapole moment .       0.011586       0.011448       0.023033
  q5 ..................       0.000000       0.000000       0.000000
  q6 ..................      -0.000607      -0.000615      -0.001222
  q7 ..................       0.000000       0.000000       0.000000
  q8 ..................      -0.000044      -0.000044      -0.000087

  <r^0> [fm^0] ........            1.000000            1.000000            1.000000
  <r^2> [fm^2] ........           10.623391           10.654314           10.638852
  <r^4> [fm^4] ........          151.018420          151.714768          151.366594
  <r^6> [fm^6] ........         2600.107209         2615.081338         2607.594274
  <r^8> [fm^8] ........        51919.297177        52262.169017        52090.733097

  kinetic energy ......     260.484619     259.921318     520.405937
  volume energy .......                                  -720.918719
        rho_tau .......                                    15.831974
        rho_rho .......                                  -736.750694
  surface energy ......                                   120.769973
   rho_DELTA_rho ......                                   120.769973
   (NABLA_rho)^2 ......                                     0.000000
  spin-orbit energy ...                                   -49.388875
        rho_NABLA_J ...                                   -49.388875
        NABLA_rho_J ...                                     0.000000
  coulomb energy ......                                    28.162097
          direct ......                                    32.933892
          exchange ....                                    -4.771795
  tensor energy .......                                     0.000000
  direct Hartree E  ...                                     0.000000
  Extra E .............                                     0.000000
  External field E ....                                     0.000000
  Entropy .............       0.033188       0.072493       0.105681

  tEnergy: ehfb (qp)...                                  -100.969587

  Calculated but not added corrections 
====================================
  cmc-diagonal part ...       0.000000       0.000000       0.000000
  cmc-hfb .............       0.000000       0.000000       0.000000
  cranking rot corr ...       0.000000       0.000000       0.000000

  SQUJ ................       0.000000       0.000000       0.000000
  CRAN x 4 ............       0.000000       0.000000       0.000000
  Rigit Body ..........       0.000000       0.000000       0.000000


   Blocking candidates are:
   neutron eqpmin=  0.34257893642939763       pwiblo=   5.1031036307982882     
    num=   1 block=   2 state=   1    10 Eqp=   0.34257894  (1-2N)E=  -0.34257894  Ovlp=   0.70188533  1-[ 1, 0, 1]
    num=   2 block=   1 state=   1     1 Eqp=   0.34257894  (1-2N)E=   0.34257894  Ovlp=   0.63448401  1+[ 2, 1, 1]
    num=   3 block=   4 state=   1    22 Eqp=   4.46930505  (1-2N)E=  -4.46930505  Ovlp=   0.76411041  3-[ 1, 0, 1]

   Blocking candidates are:
   proton  eqpmin=  0.29731743642152964       pwiblo=   5.1031036307982882     
    num=   1 block=   2 state=   1    10 Eqp=   0.29731744  (1-2N)E=  -0.29731744  Ovlp=   0.70248474  1-[ 1, 0, 1]
    num=   2 block=   1 state=   1     1 Eqp=   0.29731744  (1-2N)E=   0.29731744  Ovlp=   0.63195953  1+[ 2, 1, 1]
    num=   3 block=   4 state=   1    22 Eqp=   4.39930574  (1-2N)E=  -4.39930574  Ovlp=   0.76361654  3-[ 1, 0, 1]


