No Skyrme interaction defined in routine skforce()
Multi-threading framework with OpenMP: 1 threads/task

  =======================================
           FORTRAN 95 CODE (KIND= 8) 
               Version: 200d  
  =======================================
       AXIALLY DEFORMED CONFIGURATIONAL  
     HARTREE-FOCK-BOGOLIUBOV CALCULATIONS
                     WITH                
            UNEDF AND DELTA PAIRING      
                     USING               
             HARMONIC-OSCILLATOR         
                   AND/OR                
       TRANSFORMED HARMONIC-OSCILLATOR   
                    BASIS                
                     ---                 
               v1.66  (2005):,           
   Stoitsov,Dobaczewski,Nazarewicz,Ring, 
               v2.00d (2012):,           
         Stoitsov,Schunck,Kortelainen    
  =======================================
    Nucleus: MG (A=  24, N= 12, Z= 12)
       Reflection Symmetry Imposed       
            ( 9/13/2022, 20:33)                               
  =======================================


  ---------------------------------------
           UNEDF Module Version:17
         M.Kortelainen & M.Stoitsov 
  ---------------------------------------

  UNE1 functional
  ----------------------------------
  Crho(0)=   -779.373008720865300    ; Crho(1)=    287.722131583286796    
  CDrho(0)=   891.477890442349690    ; CDrho(1)=  -200.587774317884879    
  Ctau(0)=  -0.989915057807676746    ; Ctau(1)=   -33.6320970701835549    
  CrDr(0)=   -49.4878517596157792    ; CrDr(1)=   -123.454057970720584    
  CrdJ(0)=   -84.1783093393333672    ; CrdJ(1)=   -45.8877647641202344    
  CJ(0)=      0.00000000000000000    ; CJ(1)=      0.00000000000000000    
  CpV0(0)=   0.100000000000000006    ; CpV0(1)=   0.100000000000000006    
  CpV1(0)=    1.00000000000000000    ; CpV1(1)=    1.00000000000000000    
  sigma=     0.270018011502707600    ; hbzero=     20.7355300000000007    
  e^2 chrg=   1.43997840859651305    ; CExPar=     1.00000000000000000    
  c.m. correction: F, chr. density in direct Coul: F
  use tensor terms: F
  use TMR pairing:  0

  Coupling constants in natural units
  -----------------------------------
  Crho_nu(0)=  -0.877667471343921757    ; Crho_nu(1)=   0.324009624211695935    
  CDrho_nu(0)=  0.941450913381434273    ; CDrho_nu(1)= -0.211831998717341041    
  Ctau_nu(0)=  -0.140321584905665799E-01; Ctau_nu(1)=  -0.476738799694694126    
  CrDr_nu(0)=  -0.701495925101390694    ; CrDr_nu(1)=   -1.74997530756351694    
  CrdJ_nu(0)=   -1.19323710534662264    ; CrdJ_nu(1)=  -0.650464282636532110    
  CJ_nu(0)=      0.00000000000000000    ; CJ_nu(1)=      0.00000000000000000    
  CpV0_nu(0)=   0.112611992142809880E-03; CpV0_nu(1)=   0.112611992142809880E-03
  CpV1_nu(0)=   0.887702254206059068E-03; CpV1_nu(1)=   0.887702254206059068E-03
  fpi_nu=        93.0000000000000000    ; Lambda_nu=     700.000000000000000    

  Nuclear matter properties
  ----------------------------------
      E_NM=     -15.8000000000000149      K_NM=     220.0000000000000284
      P_NM=      -0.0000000000000032    RHO_NM=       0.1587067693325870
    ASS_NM=      28.9867890577721070   LASS_NM=      40.0047904804136323
  SMASS_NM=       0.9924233322833640  VMASS_NM=       1.2498385742322700

  Associated (t,x)-coupling constants
  -----------------------------------
  t0=      -2078.32802325564080    ; x0=       0.537569206858470316E-01
  t1=       262.615322640873899    ; x1=       -4.00462516950696035    
  t2=       1318.00519196663981    ; x2=       -1.40244336929514279    
  t3=       14263.6462470775950    ; x3=      -0.162491168089956339    
  b4=       38.2905445752131328    ; b4p=       91.7755295282404688    
  te=      -395.549344244178656    ; to=       -184.471370379025444    
  sigma=   0.270018011502707600    ; hbzero=    20.7355300000000007    

  ---------------------------------------
        Characteristics of the run       
  ---------------------------------------
  Output file ................:     7
  Nucleus ....................:   MG  24
  Number of HO shells ........:     8
  HO length b0 (fm) ..........:     1.55928400372611
  Basis deformation ..........:  beta0=   0.010 q=   1.010
  HO: b0,1/b0,bp,bz,q ........:   0.15592840E+01  0.64131999E+00  0.15568270E+01  0.15642096E+01  0.10095067E+01
  h**2/(2m), cmc, e**2 .......:   0.20735530E+02  0.20735530E+02  0.14399784E+01
  hom=f*41.0_pr*A^{-1/3}, f...:   0.17056687E+02  0.12000000E+01
  THO basis is ...............:  OFF
  Maximal number of iterations:   400
  Initial mixing parameter ...:  0.300
  Initial w.f. ...............:  from   spherical scratch
  Skyrme functional ..........:    UNE1                          
    with direct and exchange Coulomb
  Lipkin-Nogami procedure is .:  OFF
  PAV procedure is ...........:  OFF
  Constraint calculation is ..:   ON
    Constraint 1 .............: lambda=2 Ql=   0.596
  Temperature T ..............:   0.05 MeV
  Restart indicator ..........:   1
  Broyden mixing (#iterations):   7

  ---------------------------------------
        Harmonic Oscillator Basis        
  ---------------------------------------
  NUV, NQP:                        2501     165
  Comparison with bookkeeping spherical basis:
  n00:                                8       8  Maximal number of shells
  nbx, 2*n00+1:                      17      17  Maximal number of K-blocks
  ntx, (n00+1)*(n00+2)*(n00+3)/6    165     165  Max.num. p/n levels
  nzx, n00:                           8       8  Maximal nz-quantum number
  nrx, n00/2  :                       4       4  Maximal nr-quantum number
  nlx, n00:                           8       8  Maximal ml-quantum number
  ndx, (n00+2)*(n00+2)/4:            25      25  Maximal dim. of one k-block

  Actual basis used
  Number of blocks: nb .......:   17
  Number of levels: nt .......:  165
  Maximal 2*omega : nom ......:   17
  Maximal nz:       nzm ......:    8
  Maximal nr:       nrm ......:    4
  Maximal ml:       nlm ......:    8
  Maximal N=nz+2*nr+nl .......:    8
  2 x biggest block dim. .....:   50
  Non-zero elements of h .....:     1333
  Number of Broyden elements .:     5332

  ---------------------------------------
            Integration Meshes           
  ---------------------------------------
  Number of Gauss-Hermite mesh points ngh ....:  40
  Number of Gauss-Laguerre mesh points ngl ...:  40
  Number of Gauss-Legendre mesh points nleg ..:  80
  Integration boundaries
    Hermite  - from xh(1)  =  0.12379686 to xh(ngh)   = 11.88786356
    Laguerre - From xl(1)  =  0.03570039 to xl(ngl)   =142.28004447
    Legendre - From xleg(1)=  0.00978669 to xleg(nleg)=  0.99988775
  Max.dev.in:     Orthogonality            Normalization
  Hermite     1.5248282503475657E-015   1.0991207943789050E-014
  Laguerre    4.2896485016951012E-015   8.9928064994637680E-015

  Scratch initialization for the nucleus: MG  12  12


  Initial potentials of Saxon-Woods shape 
  v0ws   =  -71.27999878
  kappa  =    0.46160001
  vs0    =   11.11750031   11.11750031
  r0     =    1.23339999    1.23339999
  a      =    0.61500001    0.61500001
  r0-so  =    1.14429998    1.14429998
  a-so   =    0.64760000    0.64760000
  beta00 =    0.01000000

  ### REGULAR STAGE (reflection symmetry imposed)
  |HFB+HO> iterations(b0=  1.559, Nsh=  8, inin=  1, N= 12, Z= 12)...
  ----------------------------------------------------------------------------------------------------------------------------------
  i          si     mix   beta      Etot       A       rn      rp         En      Dn      Ep      Dp        Ln      Lp     time
  ----------------------------------------------------------------------------------------------------------------------------------
   1L  73.90480883 0.30  0.010     0.000000    0.0   0.000   0.000 |   -2.000   1.000  -2.000   1.000 |   -7.000  -7.000   0.000
   2B  43.33943716 0.10  0.009   -38.043080   24.0   2.625   2.625 |    0.000  -0.000   0.000  -0.000 |  -17.169 -17.169  38.718
   3B  11.04650328 0.11  0.247  -145.826091   24.0   3.052   3.095 |    0.000  -0.000   0.000  -0.000 |  -11.518  -8.065   1.138
   4B   9.07148153 0.13  0.349  -175.830019   24.0   3.019   3.009 |    0.000  -0.000   0.000  -0.000 |  -11.496  -7.057   1.063
   5B  11.64986694 0.10  0.386  -178.546261   24.0   3.001   3.054 |    0.000  -0.000   0.000  -0.000 |  -11.620  -7.598   1.007
   6B  12.72082191 0.10  0.384  -183.964961   24.0   3.013   3.034 |    0.000  -0.000   0.000  -0.000 |  -11.928  -7.298   0.980
   7B  11.68693228 0.11  0.372  -185.793741   24.0   3.010   3.018 |    0.000  -0.000   0.000  -0.000 |  -11.874  -7.276   1.073
   8B  10.92492285 0.13  0.360  -185.696540   24.0   2.990   3.021 |    0.000  -0.000   0.000  -0.000 |  -11.754  -7.274   1.317
   9B   9.50635612 0.14  0.333  -185.369646   24.0   2.985   2.996 |    0.000  -0.000   0.000  -0.000 |  -11.777  -7.231   1.496
  10B   3.29317731 0.16  0.255  -183.296345   24.0   2.949   2.968 |    0.000  -0.000   0.000  -0.000 |  -11.881  -7.276   1.446
  11B   5.14079766 0.10  0.074  -177.178152   24.0   2.914   2.948 |    0.000  -0.000   0.000  -0.000 |  -12.307  -7.701   1.608
  12B   4.34536941 0.11  0.156  -179.123880   24.0   2.921   2.945 |    0.000  -0.000   0.000  -0.000 |  -12.318  -7.637   0.829
  13B   2.58624837 0.13  0.189  -182.541556   24.0   2.924   2.946 |    0.000  -0.000   0.000  -0.000 |  -12.306  -7.678   0.801
  14B   1.79351871 0.14  0.199  -182.909721   24.0   2.926   2.946 |    0.000  -0.000   0.000  -0.000 |  -12.212  -7.621   1.455
  15B   1.02747785 0.16  0.213  -183.341199   24.0   2.928   2.948 |    0.000  -0.000   0.000  -0.000 |  -12.232  -7.544   1.471
  16B   0.66955780 0.18  0.220  -183.539708   24.0   2.929   2.949 |    0.000  -0.000   0.000  -0.000 |  -12.206  -7.544   0.940
  17B   0.42957777 0.21  0.225  -183.673340   24.0   2.927   2.952 |    0.000  -0.000   0.000  -0.000 |  -12.167  -7.542   1.438
  18B   0.17517048 0.24  0.230  -183.800948   24.0   2.930   2.950 |    0.000   0.000   0.000   0.000 |  -12.175  -7.503   0.863
  19B   0.05636552 0.27  0.228  -183.767154   24.0   2.930   2.950 |    0.000   0.000   0.000   0.000 |  -12.175  -7.509   0.820
  20B   0.10911833 0.10  0.228  -183.748725   24.0   2.930   2.950 |    0.000  -0.000   0.000  -0.000 |  -12.179  -7.510   1.361
  21B   0.04784163 0.11  0.227  -183.740921   24.0   2.929   2.950 |    0.000  -0.000   0.000  -0.000 |  -12.176  -7.515   0.788
  22B   0.02015142 0.13  0.228  -183.759900   24.0   2.930   2.950 |    0.000   0.000   0.000   0.000 |  -12.176  -7.510   1.368
  23B   0.02770974 0.10  0.228  -183.763026   24.0   2.930   2.950 |    0.000   0.000   0.000   0.000 |  -12.175  -7.509   1.228
  24B   0.01359805 0.11  0.228  -183.758973   24.0   2.930   2.950 |    0.000  -0.000   0.000  -0.000 |  -12.175  -7.510   1.333
  25B   0.00964787 0.13  0.228  -183.757845   24.0   2.930   2.950 |    0.000  -0.000   0.000  -0.000 |  -12.175  -7.510   1.207
  26B   0.00363024 0.14  0.228  -183.756111   24.0   2.930   2.950 |    0.000  -0.000   0.000  -0.000 |  -12.175  -7.510   1.378
  27B   0.00171794 0.16  0.228  -183.754698   24.0   2.930   2.950 |    0.000  -0.000   0.000  -0.000 |  -12.175  -7.510   1.388
  28B   0.00139754 0.18  0.228  -183.754665   24.0   2.930   2.950 |    0.000  -0.000   0.000  -0.000 |  -12.176  -7.510   1.373
  29B   0.00132095 0.21  0.228  -183.754690   24.0   2.930   2.950 |    0.000  -0.000   0.000  -0.000 |  -12.175  -7.510   1.223
  30B   0.00057118 0.24  0.228  -183.754917   24.0   2.930   2.950 |    0.000  -0.000   0.000  -0.000 |  -12.175  -7.510   1.223
  31B   0.00039474 0.27  0.228  -183.754964   24.0   2.930   2.950 |    0.000  -0.000   0.000  -0.000 |  -12.175  -7.510   1.408
  32B   0.00015138 0.30  0.228  -183.755116   24.0   2.930   2.950 |    0.000   0.000   0.000   0.000 |  -12.175  -7.510   1.441
  33B   0.00013249 0.34  0.228  -183.755118   24.0   2.930   2.950 |    0.000   0.000   0.000   0.000 |  -12.175  -7.510   1.443
  34B   0.00016842 0.10  0.228  -183.755093   24.0   2.930   2.950 |    0.000  -0.000   0.000  -0.000 |  -12.175  -7.510   1.408
  35B   0.00005323 0.11  0.228  -183.755081   24.0   2.930   2.950 |    0.000  -0.000   0.000  -0.000 |  -12.175  -7.510   1.020
  36B   0.00007164 0.10  0.228  -183.755077   24.0   2.930   2.950 |    0.000  -0.000   0.000  -0.000 |  -12.175  -7.510   1.294
  37B   0.00002502 0.11  0.228  -183.755072   24.0   2.930   2.950 |    0.000  -0.000   0.000  -0.000 |  -12.175  -7.510   1.316
  38B   0.00002395 0.13  0.228  -183.755075   24.0   2.930   2.950 |    0.000  -0.000   0.000  -0.000 |  -12.175  -7.510   1.476
  39B   0.00002387 0.14  0.228  -183.755073   24.0   2.930   2.950 |    0.000   0.000   0.000   0.000 |  -12.175  -7.510   1.360
  40B   0.00002011 0.16  0.228  -183.755074   24.0   2.930   2.950 |    0.000   0.000   0.000   0.000 |  -12.175  -7.510   1.342
  41B   0.00001930 0.18  0.228  -183.755074   24.0   2.930   2.950 |    0.000   0.000   0.000   0.000 |  -12.175  -7.510   1.363
  42B   0.00001968 0.10  0.228  -183.755074   24.0   2.930   2.950 |    0.000  -0.000   0.000  -0.000 |  -12.175  -7.510   1.348
  43B   0.00001756 0.11  0.228  -183.755075   24.0   2.930   2.950 |    0.000  -0.000   0.000  -0.000 |  -12.175  -7.510   1.310
  44B   0.00000955 0.13  0.228  -183.755077   24.0   2.930   2.950 |    0.000  -0.000   0.000  -0.000 |  -12.175  -7.510   1.382
  45B   0.00001213 0.10  0.228  -183.755079   24.0   2.930   2.950 |    0.000  -0.000   0.000  -0.000 |  -12.175  -7.510   1.139
  46B   0.00000407 0.11  0.228  -183.755080   24.0   2.930   2.950 |    0.000  -0.000   0.000  -0.000 |  -12.175  -7.510   1.339
  47B   0.00000569 0.10  0.228  -183.755080   24.0   2.930   2.950 |    0.000  -0.000   0.000  -0.000 |  -12.175  -7.510   1.208
  48B   0.00000323 0.11  0.228  -183.755080   24.0   2.930   2.950 |    0.000  -0.000   0.000  -0.000 |  -12.175  -7.510   0.816
  49B   0.00000195 0.13  0.228  -183.755080   24.0   2.930   2.950 |    0.000  -0.000   0.000  -0.000 |  -12.175  -7.510   1.396
  50B   0.00000175 0.14  0.228  -183.755080   24.0   2.930   2.950 |    0.000   0.000   0.000   0.000 |  -12.175  -7.510   1.382
  51B   0.00000184 0.10  0.228  -183.755080   24.0   2.930   2.950 |    0.000  -0.000   0.000  -0.000 |  -12.175  -7.510   1.551
  52B   0.00000094 0.11  0.228  -183.755080   24.0   2.930   2.950 |    0.000   0.000   0.000   0.000 |  -12.175  -7.510   1.434
  53B   0.00000034 0.13  0.228  -183.755080   24.0   2.930   2.950 |    0.000   0.000   0.000   0.000 |  -12.175  -7.510   0.913
  54B   0.00000018 0.14  0.228  -183.755080   24.0   2.930   2.950 |    0.000   0.000   0.000   0.000 |  -12.175  -7.510   1.433
  55B   0.00000027 0.10  0.228  -183.755079   24.0   2.930   2.950 |    0.000   0.000   0.000   0.000 |  -12.175  -7.510   1.379
  56B   0.00000027 0.10  0.228  -183.755079   24.0   2.930   2.950 |    0.000   0.000   0.000   0.000 |  -12.175  -7.510   1.447
  57B   0.00000021 0.11  0.228  -183.755079   24.0   2.930   2.950 |    0.000   0.000   0.000   0.000 |  -12.175  -7.510   1.431
  58B   0.00000021 0.13  0.228  -183.755080   24.0   2.930   2.950 |    0.000   0.000   0.000   0.000 |  -12.175  -7.510   1.351
  59B   0.00000013 0.14  0.228  -183.755080   24.0   2.930   2.950 |    0.000   0.000   0.000   0.000 |  -12.175  -7.510   1.415
  60B   0.00000005 0.16  0.228  -183.755080   24.0   2.930   2.950 |    0.000   0.000   0.000   0.000 |  -12.175  -7.510   1.352
  61B   0.00000004 0.18  0.228  -183.755080   24.0   2.930   2.950 |    0.000   0.000   0.000   0.000 |  -12.175  -7.510   1.391
  62B   0.00000002 0.21  0.228  -183.755080   24.0   2.930   2.950 |    0.000   0.000   0.000   0.000 |  -12.175  -7.510   1.471
  63B   0.00000002 0.24  0.228  -183.755080   24.0   2.930   2.950 |    0.000   0.000   0.000   0.000 |  -12.175  -7.510   2.232
  64B   0.00000001 0.27  0.228  -183.755080   24.0   2.930   2.950 |    0.000   0.000   0.000   0.000 |  -12.175  -7.510   1.670
  65B   0.00000001 0.30  0.228  -183.755080   24.0   2.930   2.950 |    0.000   0.000   0.000   0.000 |  -12.175  -7.510   1.670
  66B   0.00000001 0.10  0.228  -183.755080   24.0   2.930   2.950 |    0.000   0.000   0.000   0.000 |  -12.175  -7.510   0.900
  67B   0.00000001 0.11  0.228  -183.755080   24.0   2.930   2.950 |    0.000  -0.000   0.000  -0.000 |  -12.175  -7.510   1.810
  68B   0.00000001 0.13  0.228  -183.755080   24.0   2.930   2.950 |    0.000  -0.000   0.000  -0.000 |  -12.175  -7.510   1.329
  69B   0.00000000 0.14  0.228  -183.755080   24.0   2.930   2.950 |    0.000  -0.000   0.000  -0.000 |  -12.175  -7.510   1.336
  70B   0.00000000 0.10  0.228  -183.755080   24.0   2.930   2.950 |    0.000  -0.000   0.000  -0.000 |  -12.175  -7.510   4.083
  71B   0.00000000 0.11  0.228  -183.755080   24.0   2.930   2.950 |    0.000  -0.000   0.000  -0.000 |  -12.175  -7.510   1.037
  72B   0.00000000 0.13  0.228  -183.755080   24.0   2.930   2.950 |    0.000  -0.000   0.000  -0.000 |  -12.175  -7.510   1.316
  73B   0.00000000 0.14  0.228  -183.755080   24.0   2.930   2.950 |    0.000  -0.000   0.000  -0.000 |  -12.175  -7.510   1.338
  74B   0.00000000 0.16  0.228  -183.755080   24.0   2.930   2.950 |    0.000  -0.000   0.000  -0.000 |  -12.175  -7.510   1.414
  75B   0.00000000 0.18  0.228  -183.755080   24.0   2.930   2.950 |    0.000  -0.000   0.000  -0.000 |  -12.175  -7.510   1.123
  ----------------------------------------------------------------------------------------------------------------------------------
  *   iteration converged   after  75 steps   si=     0.0000000006 ho=  0 tho=  0
  ----------------------------------------------------------------------------------------------------------------------------------
  Total CPU time=   2.296 minutes

  Writing to wel_file: s012_012.hel
 __________________________________  
  The tape s012_012.hel recorded:     
  nucname,npr,ngh,ngl,n00,nb,nt      
  b0,beta0,si,etot,rms,bet,xmix      
  pairing:     CpV0,CpV1,pwi         
  delta:       del,ept               
  lambda:      ala,ala2,alast,tz     
  asymptotic:  varmas,ass,skass      
  ntx,nb,nhhdim,id,N_rz,n_r,n_z      
  Omega2,Sigma2,Parity,Lambda        
  matrices(inbro):    hh,de          
  *all blocking candidates           
 __________________________________  


  NB! From expect (UNPROJECTED RESULTS)

  pairing: CpV0,CpV1,...           0.100000       0.100000       1.000000       1.000000
  forces:   UNE1                          


                             neutrons         protons         total
  Requested part.numbs.      12.000000      12.000000      24.000000
  UnPj(av) part.numbs .      12.000000      12.000000      24.000000
  b0, bz, bp ..........       1.559284       1.564210       1.556827

  lambda (ala) ........     -12.175465      -7.510322
  Lambda (alast) ......     -12.175465      -7.510322
  delta(n,p), pwi .....      -0.000000      -0.000000      60.000000
  pairing energy ......       0.000000       0.000000       0.000000

  rms-radius ..........       2.929563       2.950053       2.939826
  charge-radius, r0 ...                      3.056602       3.461399
  deformation beta2....       0.227981       0.227667       0.227823
  dipole moment[fm] ...       0.000000       0.000000       0.000000
  quadrupole moment[b]        0.296207       0.299951       0.596159
  octupole moment .....       0.000000       0.000000       0.000000
  hexadecapole moment .      -0.000800      -0.000910      -0.001711
  q5 ..................       0.000000       0.000000       0.000000
  q6 ..................      -0.000049      -0.000050      -0.000099
  q7 ..................       0.000000       0.000000       0.000000
  q8 ..................       0.000000       0.000000       0.000001

  <r^0> [fm^0] ........            1.000000            1.000000            1.000000
  <r^2> [fm^2] ........            8.582338            8.702814            8.642576
  <r^4> [fm^4] ........          106.230857          109.548558          107.889707
  <r^6> [fm^6] ........         1695.344246         1783.102377         1739.223311
  <r^8> [fm^8] ........        33055.427935        35532.810923        34294.119429

  kinetic energy ......     207.477388     204.600651     412.078040
  volume energy .......                                  -659.266211
        rho_tau .......                                    -1.819343
        rho_rho .......                                  -657.446868
  surface energy ......                                    59.344989
   rho_DELTA_rho ......                                    59.344989
   (NABLA_rho)^2 ......                                     0.000000
  spin-orbit energy ...                                   -25.026834
        rho_NABLA_J ...                                   -25.026834
        NABLA_rho_J ...                                     0.000000
  coulomb energy ......                                    29.114937
          direct ......                                    33.555467
          exchange ....                                    -4.440530
  tensor energy .......                                     0.000000
  direct Hartree E  ...                                     0.000000
  Extra E .............                                     0.000000
  External field E ....                                     0.000000
  Entropy .............       0.022420       0.019514       0.041934

  tEnergy: ehfb (qp)...                                  -183.755080

  Calculated but not added corrections 
====================================
  cmc-diagonal part ...       0.000000       0.000000       0.000000
  cmc-hfb .............       0.000000       0.000000       0.000000
  cranking rot corr ...       0.000000       0.000000       0.000000

  SQUJ ................       0.000000       0.000000       0.000000
  CRAN x 4 ............       0.000000       0.000000       0.000000
  Rigit Body ..........       0.000000       0.000000       0.000000


   Blocking candidates are:
   neutron eqpmin=  0.36498430541277571       pwiblo=   5.1031036307982882     
    num=   1 block=   3 state=   1    32 Eqp=   0.36498431  (1-2N)E=  -0.36498431  Ovlp=   0.91511702  3+[ 2, 1, 1]
    num=   2 block=   5 state=   1    56 Eqp=   0.36498421  (1-2N)E=   0.36498421  Ovlp=   0.97729899  5+[ 2, 0, 2]
    num=   3 block=   1 state=   1     1 Eqp=   1.02315037  (1-2N)E=  -1.02315037  Ovlp=   0.76657530  1+[ 2, 2, 0]
    num=   4 block=   1 state=   2     2 Eqp=   2.82970103  (1-2N)E=   2.82970103  Ovlp=   0.85765324  1+[ 2, 0, 0]

   Blocking candidates are:
   proton  eqpmin=  0.37287168627740641       pwiblo=   5.1031036307982882     
    num=   1 block=   3 state=   1    31 Eqp=   0.37287169  (1-2N)E=  -0.37287169  Ovlp=   0.91207452  3+[ 2, 1, 1]
    num=   2 block=   5 state=   1    54 Eqp=   0.37287157  (1-2N)E=   0.37287157  Ovlp=   0.97349400  5+[ 2, 0, 2]
    num=   3 block=   1 state=   1     1 Eqp=   1.01999956  (1-2N)E=  -1.01999956  Ovlp=   0.76302919  1+[ 2, 2, 0]
    num=   4 block=   1 state=   2     2 Eqp=   2.74890727  (1-2N)E=   2.74890727  Ovlp=   0.85045745  1+[ 2, 0, 0]



 HFBTHO_SOLVER ended without errors

