No Skyrme interaction defined in routine skforce()
Multi-threading framework with OpenMP: 1 threads/task

  =======================================
           FORTRAN 95 CODE (KIND= 8) 
               Version: 200d  
  =======================================
       AXIALLY DEFORMED CONFIGURATIONAL  
     HARTREE-FOCK-BOGOLIUBOV CALCULATIONS
                     WITH                
            UNEDF AND DELTA PAIRING      
                     USING               
             HARMONIC-OSCILLATOR         
                   AND/OR                
       TRANSFORMED HARMONIC-OSCILLATOR   
                    BASIS                
                     ---                 
               v1.66  (2005):,           
   Stoitsov,Dobaczewski,Nazarewicz,Ring, 
               v2.00d (2012):,           
         Stoitsov,Schunck,Kortelainen    
  =======================================
    Nucleus: GD (A= 156, N= 92, Z= 64)
       Reflection Symmetry Imposed       
            ( 7/15/2023,  4:53)                               
  =======================================


  ---------------------------------------
           UNEDF Module Version:17
         M.Kortelainen & M.Stoitsov 
  ---------------------------------------

  UNE1 functional
  ----------------------------------
  Crho(0)=   -755.280773130908642    ; Crho(1)=    290.066210375306184    
  CDrho(0)=   911.519563804017139    ; CDrho(1)=  -157.991829219193534    
  Ctau(0)=   -13.5794365313274472    ; Ctau(1)=   -46.3058215834296547    
  CrDr(0)=   -41.6828523418161581    ; CrDr(1)=   -97.2453266115420831    
  CrdJ(0)=   -63.5082859439446565    ; CrdJ(1)=   -23.3960286160772277    
  CJ(0)=      0.00000000000000000    ; CJ(1)=      0.00000000000000000    
  CpV0(0)=   0.100000000000000006    ; CpV0(1)=   0.100000000000000006    
  CpV1(0)=    1.00000000000000000    ; CpV1(1)=    1.00000000000000000    
  sigma=     0.292964714350610556    ; hbzero=     20.7355300000000007    
  e^2 chrg=   1.43997840859651305    ; CExPar=     1.00000000000000000    
  c.m. correction: F, chr. density in direct Coul: F
  use tensor terms: F
  use TMR pairing:  0

  Coupling constants in natural units
  -----------------------------------
  Crho_nu(0)=  -0.850536724894332408    ; Crho_nu(1)=   0.326649338036786141    
  CDrho_nu(0)=  0.957375494598112442    ; CDrho_nu(1)= -0.165939944294719838    
  Ctau_nu(0)=  -0.192490056714741620    ; Ctau_nu(1)=  -0.656390285580263133    
  CrDr_nu(0)=  -0.590859170982410253    ; CrDr_nu(1)=   -1.37846356080501309    
  CrdJ_nu(0)=  -0.900237173685653591    ; CrdJ_nu(1)=  -0.331641365591197113    
  CJ_nu(0)=      0.00000000000000000    ; CJ_nu(1)=      0.00000000000000000    
  CpV0_nu(0)=   0.112611992142809880E-03; CpV0_nu(1)=   0.112611992142809880E-03
  CpV1_nu(0)=   0.887702254206059068E-03; CpV1_nu(1)=   0.887702254206059068E-03
  fpi_nu=        93.0000000000000000    ; Lambda_nu=     700.000000000000000    

  Nuclear matter properties
  ----------------------------------
      E_NM=     -15.7999999999999599      K_NM=     219.9999999999993747
      P_NM=      -0.0000000000000024    RHO_NM=       0.1582984262668410
    ASS_NM=      29.3405702056448909   LASS_NM=      34.6238768308533906
  SMASS_NM=       0.8963323612900377  VMASS_NM=       1.2498385742322693

  Associated (t,x)-coupling constants
  -----------------------------------
  t0=      -2014.08206168242305    ; x0=       0.760762501067214769E-01
  t1=       204.202630447916249    ; x1=       -3.85622987922421734    
  t2=       1131.10376457555685    ; x2=       -1.43342235739892487    
  t3=       14584.3130208642742    ; x3=      -0.240008055515806507    
  b4=       40.1122573278674253    ; b4p=       46.7920572321544554    
  te=      -333.570284375776964    ; to=       -148.190057550248781    
  sigma=   0.292964714350610556    ; hbzero=    20.7355300000000007    

  ---------------------------------------
        Characteristics of the run       
  ---------------------------------------
  Output file ................:     7
  Nucleus ....................:   GD 156
  Number of HO shells ........:    10
  HO length b0 (fm) ..........:     2.13015292605643
  Basis deformation ..........:  beta0=   0.010 q=   1.010
  HO: b0,1/b0,bp,bz,q ........:   0.21301529E+01  0.46944986E+00  0.21267964E+01  0.21368819E+01  0.10095067E+01
  h**2/(2m), cmc, e**2 .......:   0.20735530E+02  0.20735530E+02  0.14399784E+01
  hom=f*41.0_pr*A^{-1/3}, f...:   0.91395238E+01  0.12000000E+01
  THO basis is ...............:  OFF
  Maximal number of iterations:   400
  Initial mixing parameter ...:  0.300
  Initial w.f. ...............:  from   spherical scratch
  Skyrme functional ..........:    UNE1                          
    with direct and exchange Coulomb
  Lipkin-Nogami procedure is .:  OFF
  PAV procedure is ...........:  OFF
  Constraint calculation is ..:   ON
    Constraint 1 .............: lambda=2 Ql=   9.642
  Temperature T ..............:   0.05 MeV
  Restart indicator ..........:   1
  Broyden mixing (#iterations):   7

  ---------------------------------------
        Harmonic Oscillator Basis        
  ---------------------------------------
  NUV, NQP:                        6222     286
  Comparison with bookkeeping spherical basis:
  n00:                               10      10  Maximal number of shells
  nbx, 2*n00+1:                      21      21  Maximal number of K-blocks
  ntx, (n00+1)*(n00+2)*(n00+3)/6    286     286  Max.num. p/n levels
  nzx, n00:                          10      10  Maximal nz-quantum number
  nrx, n00/2  :                       5       5  Maximal nr-quantum number
  nlx, n00:                          10      10  Maximal ml-quantum number
  ndx, (n00+2)*(n00+2)/4:            36      36  Maximal dim. of one k-block

  Actual basis used
  Number of blocks: nb .......:   21
  Number of levels: nt .......:  286
  Maximal 2*omega : nom ......:   21
  Maximal nz:       nzm ......:   10
  Maximal nr:       nrm ......:    5
  Maximal ml:       nlm ......:   10
  Maximal N=nz+2*nr+nl .......:   10
  2 x biggest block dim. .....:   72
  Non-zero elements of h .....:     3254
  Number of Broyden elements .:    13016

  ---------------------------------------
            Integration Meshes           
  ---------------------------------------
  Number of Gauss-Hermite mesh points ngh ....:  40
  Number of Gauss-Laguerre mesh points ngl ...:  40
  Number of Gauss-Legendre mesh points nleg ..:  80
  Integration boundaries
    Hermite  - from xh(1)  =  0.12379686 to xh(ngh)   = 11.88786356
    Laguerre - From xl(1)  =  0.03570039 to xl(ngl)   =142.28004447
    Legendre - From xleg(1)=  0.00978669 to xleg(nleg)=  0.99988775
  Max.dev.in:     Orthogonality            Normalization
  Hermite     1.5248282503475657E-015   1.0991207943789050E-014
  Laguerre    4.8291451697098846E-015   9.3258734068513149E-015

  Scratch initialization for the nucleus: GD  92  64


  Initial potentials of Saxon-Woods shape 
  v0ws   =  -71.27999878
  kappa  =    0.46160001
  vs0    =   11.11750031   11.11750031
  r0     =    1.23339999    1.23339999
  a      =    0.61500001    0.61500001
  r0-so  =    1.14429998    1.14429998
  a-so   =    0.64760000    0.64760000
  beta00 =    0.01000000

  ### REGULAR STAGE (reflection symmetry imposed)
  |HFB+HO> iterations(b0=  2.130, Nsh= 10, inin=  1, N= 92, Z= 64)...
  ----------------------------------------------------------------------------------------------------------------------------------
  i          si     mix   beta      Etot       A       rn      rp         En      Dn      Ep      Dp        Ln      Lp     time
  ----------------------------------------------------------------------------------------------------------------------------------
   1L  69.94764065 0.30  0.010     0.000000    0.0   0.000   0.000 |   -2.000   1.000  -2.000   1.000 |   -7.000  -7.000   0.000
   2B  40.16261631 0.10  0.020 -1029.216984  156.0   4.803   4.551 |    0.001  -0.000   0.000  -0.000 |  -14.218 -26.849  23.837
   3B  15.63960716 0.11  0.135 -1082.638485  156.0   4.959   4.985 |    0.000  -0.000   0.000  -0.000 |   -5.805 -11.196   3.383
   4B  26.87146546 0.10  0.206  -548.406308  156.0   5.213   4.740 |    0.000  -0.000   0.000  -0.000 |   -6.405  -7.460   3.798
   5B   5.34841518 0.11  0.263 -1235.764714  156.0   5.189   5.054 |    0.000  -0.000   0.000  -0.000 |   -6.326  -7.245   2.055
   6B   2.94970277 0.13  0.289 -1253.266111  156.0   5.207   5.082 |    0.000  -0.000   0.000  -0.000 |   -6.830  -7.219   1.451
   7B   3.56435930 0.10  0.323 -1261.209787  156.0   5.234   5.102 |    0.000  -0.000   0.000  -0.000 |   -6.953  -7.333   1.717
   8B   3.68462525 0.10  0.320 -1260.736976  156.0   5.234   5.109 |    0.000  -0.000   0.000  -0.000 |   -6.980  -7.340   1.738
   9B   3.09953431 0.11  0.312 -1264.473838  156.0   5.223   5.103 |    0.000  -0.000   0.000  -0.000 |   -6.941  -7.247   1.941
  10B   3.07228472 0.13  0.300 -1264.676045  156.0   5.220   5.092 |    0.000  -0.000   0.000  -0.000 |   -6.835  -7.194   1.591
  11B   3.00994627 0.14  0.296 -1265.441479  156.0   5.213   5.092 |    0.000  -0.000   0.000  -0.000 |   -6.815  -7.184   1.526
  12B   2.89917936 0.16  0.292 -1264.831805  156.0   5.215   5.090 |    0.000  -0.000   0.000  -0.000 |   -6.811  -7.149   1.435
  13B   1.60693383 0.18  0.242 -1264.040470  156.0   5.185   5.057 |    0.000  -0.000   0.000  -0.000 |   -6.303  -6.837   1.968
  14B   1.59683236 0.21  0.240 -1263.416157  156.0   5.183   5.062 |    0.000  -0.000   0.000  -0.000 |   -6.226  -6.963   2.016
  15B   1.47416655 0.24  0.169 -1259.719309  156.0   5.160   5.014 |    0.000  -0.000   0.000  -0.000 |   -5.889  -6.846   2.077
  16B   1.15115472 0.27  0.176 -1260.867420  156.0   5.161   5.022 |    0.000  -0.000   0.000  -0.000 |   -5.895  -6.822   1.871
  17B   2.50174871 0.10  0.151 -1257.032103  156.0   5.160   4.994 |    0.000  -0.000   0.000  -0.000 |   -5.872  -6.851   1.610
  18B   1.16068865 0.11  0.172 -1261.050809  156.0   5.165   5.020 |    0.000  -0.000   0.000  -0.000 |   -5.896  -6.741   1.411
  19B   0.72488990 0.13  0.173 -1261.914395  156.0   5.165   5.028 |    0.000  -0.000   0.000  -0.000 |   -5.875  -6.733   1.605
  20B   0.87439034 0.10  0.177 -1262.081917  156.0   5.167   5.028 |    0.000  -0.000   0.000  -0.000 |   -5.892  -6.735   1.584
  21B   0.35001826 0.11  0.187 -1262.787662  156.0   5.170   5.045 |    0.000  -0.000   0.000  -0.000 |   -5.932  -6.735   1.764
  22B   0.30511103 0.13  0.181 -1262.688658  156.0   5.170   5.037 |    0.000  -0.000   0.000  -0.000 |   -5.936  -6.734   2.381
  23B   0.49604976 0.10  0.182 -1262.749097  156.0   5.171   5.039 |    0.000  -0.000   0.000  -0.000 |   -5.957  -6.745   2.659
  24B   0.22353507 0.11  0.183 -1262.883482  156.0   5.172   5.041 |    0.000  -0.000   0.000  -0.000 |   -5.997  -6.754   2.353
  25B   0.35055748 0.10  0.185 -1262.963875  156.0   5.173   5.043 |    0.000  -0.000   0.000  -0.000 |   -6.019  -6.757   2.994
  26B   0.32078602 0.11  0.186 -1263.035712  156.0   5.174   5.044 |    0.000  -0.000   0.000  -0.000 |   -6.044  -6.762   2.670
  27B   0.26203090 0.13  0.188 -1263.136540  156.0   5.174   5.045 |    0.000  -0.000   0.000  -0.000 |   -6.072  -6.764   1.670
  28B   0.28682833 0.10  0.185 -1262.929559  156.0   5.174   5.044 |    0.000   0.000   0.000   0.000 |   -6.051  -6.757   1.959
  29B   0.22959854 0.11  0.190 -1263.222859  156.0   5.175   5.047 |    0.000  -0.000   0.000  -0.000 |   -6.098  -6.762   2.823
  30B   0.23121150 0.10  0.191 -1263.292045  156.0   5.175   5.046 |    0.000  -0.000   0.000  -0.000 |   -6.118  -6.755   3.106
  31B   0.19626254 0.11  0.191 -1263.285982  156.0   5.175   5.046 |    0.000   0.000   0.000   0.000 |   -6.123  -6.753   1.598
  32B   0.16965287 0.13  0.191 -1263.302501  156.0   5.175   5.047 |    0.000  -0.000   0.000  -0.000 |   -6.123  -6.747   1.496
  33B   0.22556559 0.10  0.189 -1263.220667  156.0   5.175   5.044 |    0.000  -0.000   0.000  -0.000 |   -6.121  -6.747   1.795
  34B   0.17781237 0.11  0.189 -1263.217471  156.0   5.174   5.045 |    0.000  -0.000   0.000  -0.000 |   -6.109  -6.744   1.375
  35B   0.23410588 0.10  0.187 -1263.154650  156.0   5.174   5.043 |    0.000  -0.000   0.000  -0.000 |   -6.107  -6.734   1.293
  36B   0.19280653 0.11  0.185 -1263.103752  156.0   5.174   5.042 |    0.000  -0.000   0.000  -0.000 |   -6.116  -6.722   1.956
  37B   0.12123970 0.13  0.184 -1263.071603  156.0   5.173   5.042 |    0.000  -0.000   0.000  -0.000 |   -6.120  -6.717   1.523
  38B   0.07991648 0.14  0.185 -1263.128396  156.0   5.173   5.043 |    0.000  -0.000   0.000  -0.000 |   -6.137  -6.720   2.104
  39B   0.12513010 0.10  0.185 -1263.134335  156.0   5.174   5.043 |    0.000  -0.000   0.000  -0.000 |   -6.142  -6.720   1.716
  40B   0.07848736 0.11  0.186 -1263.147791  156.0   5.174   5.043 |    0.000  -0.000   0.000  -0.000 |   -6.150  -6.721   1.715
  41B   0.17813823 0.10  0.188 -1263.217868  156.0   5.175   5.047 |    0.000   0.000   0.000   0.000 |   -6.187  -6.722   1.952
  42B   0.08318915 0.11  0.187 -1263.183292  156.0   5.174   5.044 |    0.000  -0.000   0.000  -0.000 |   -6.158  -6.722   2.434
  43B   0.07523871 0.13  0.187 -1263.188448  156.0   5.174   5.044 |    0.000  -0.000   0.000  -0.000 |   -6.165  -6.719   1.314
  44B   0.05500522 0.14  0.187 -1263.218251  156.0   5.174   5.044 |    0.000  -0.000   0.000  -0.000 |   -6.176  -6.716   1.389
  45B   0.04997950 0.16  0.187 -1263.222696  156.0   5.174   5.044 |    0.000  -0.000   0.000  -0.000 |   -6.181  -6.714   1.683
  46B   0.03973777 0.18  0.187 -1263.214368  156.0   5.174   5.044 |    0.000  -0.000   0.000  -0.000 |   -6.185  -6.713   2.028
  47B   0.03493605 0.21  0.187 -1263.218126  156.0   5.174   5.044 |    0.000  -0.000   0.000  -0.000 |   -6.184  -6.713   1.939
  48B   0.03512921 0.10  0.187 -1263.210189  156.0   5.174   5.044 |    0.000  -0.000   0.000  -0.000 |   -6.186  -6.710   1.788
  49B   0.04091067 0.10  0.187 -1263.201725  156.0   5.174   5.044 |    0.000   0.000   0.000   0.000 |   -6.192  -6.707   2.734
  50B   0.02309187 0.11  0.187 -1263.196382  156.0   5.174   5.044 |    0.000   0.000   0.000   0.000 |   -6.198  -6.704   2.843
  51B   0.00636594 0.13  0.187 -1263.196349  156.0   5.174   5.044 |    0.000   0.000   0.000   0.000 |   -6.196  -6.705   3.118
  52B   0.00732583 0.10  0.187 -1263.195745  156.0   5.174   5.044 |    0.000   0.000   0.000   0.000 |   -6.196  -6.705   2.190
  53B   0.00491082 0.11  0.187 -1263.198252  156.0   5.174   5.044 |    0.000   0.000   0.000   0.000 |   -6.196  -6.706   2.159
  54B   0.00335381 0.13  0.187 -1263.200308  156.0   5.174   5.044 |    0.000   0.000   0.000   0.000 |   -6.195  -6.706   2.426
  55B   0.00311246 0.14  0.187 -1263.200508  156.0   5.174   5.044 |    0.000   0.000   0.000   0.000 |   -6.195  -6.706   2.325
  56B   0.00298035 0.16  0.187 -1263.202705  156.0   5.174   5.044 |    0.000   0.000   0.000   0.000 |   -6.196  -6.706   1.775
  57B   0.00359200 0.10  0.187 -1263.202278  156.0   5.174   5.044 |    0.000   0.000   0.000   0.000 |   -6.196  -6.706   2.265
  58B   0.00268454 0.11  0.187 -1263.202256  156.0   5.174   5.044 |    0.000   0.000   0.000   0.000 |   -6.197  -6.706   2.898
  59B   0.00279647 0.10  0.187 -1263.204213  156.0   5.174   5.044 |    0.000   0.000   0.000   0.000 |   -6.197  -6.706   2.037
  60B   0.00325876 0.10  0.187 -1263.204759  156.0   5.174   5.044 |    0.000   0.000   0.000   0.000 |   -6.197  -6.706   2.035
  61B   0.00309400 0.11  0.187 -1263.204687  156.0   5.174   5.044 |    0.000   0.000   0.000   0.000 |   -6.197  -6.706   1.243
  62B   0.00109390 0.13  0.187 -1263.205276  156.0   5.174   5.044 |    0.000   0.000   0.000   0.000 |   -6.197  -6.706   1.413
  63B   0.00055841 0.14  0.187 -1263.205048  156.0   5.174   5.044 |    0.000   0.000   0.000   0.000 |   -6.197  -6.706   1.737
  64B   0.00032188 0.16  0.187 -1263.204945  156.0   5.174   5.044 |    0.000   0.000   0.000   0.000 |   -6.197  -6.706   2.313
  65B   0.00048940 0.10  0.187 -1263.204659  156.0   5.174   5.044 |    0.000   0.000   0.000   0.000 |   -6.197  -6.706   2.704
  66B   0.00015142 0.11  0.187 -1263.204803  156.0   5.174   5.044 |    0.000   0.000   0.000   0.000 |   -6.197  -6.706   3.000
  67B   0.00009856 0.13  0.187 -1263.204731  156.0   5.174   5.044 |    0.000   0.000   0.000   0.000 |   -6.197  -6.706   1.904
  68B   0.00008558 0.14  0.187 -1263.204696  156.0   5.174   5.044 |    0.000   0.000   0.000   0.000 |   -6.197  -6.706   2.232
  69B   0.00014370 0.10  0.187 -1263.204642  156.0   5.174   5.044 |    0.000   0.000   0.000   0.000 |   -6.197  -6.706   1.753
  70B   0.00012390 0.11  0.187 -1263.204640  156.0   5.174   5.044 |    0.000   0.000   0.000   0.000 |   -6.197  -6.706   2.448
  71B   0.00009172 0.13  0.187 -1263.204658  156.0   5.174   5.044 |    0.000   0.000   0.000   0.000 |   -6.197  -6.706   3.000
  72B   0.00010255 0.10  0.187 -1263.204602  156.0   5.174   5.044 |    0.000   0.000   0.000   0.000 |   -6.197  -6.706   1.275
  73B   0.00010010 0.11  0.187 -1263.204583  156.0   5.174   5.044 |    0.000   0.000   0.000   0.000 |   -6.197  -6.706   1.314
  74B   0.00002700 0.13  0.187 -1263.204591  156.0   5.174   5.044 |    0.000   0.000   0.000   0.000 |   -6.197  -6.706   1.627
  75B   0.00002447 0.14  0.187 -1263.204595  156.0   5.174   5.044 |    0.000   0.000   0.000   0.000 |   -6.197  -6.706   1.846
  76B   0.00002057 0.16  0.187 -1263.204604  156.0   5.174   5.044 |    0.000   0.000   0.000   0.000 |   -6.197  -6.706   1.651
  77B   0.00001397 0.18  0.187 -1263.204611  156.0   5.174   5.044 |    0.000   0.000   0.000   0.000 |   -6.197  -6.706   1.776
  78B   0.00001515 0.10  0.187 -1263.204611  156.0   5.174   5.044 |    0.000   0.000   0.000   0.000 |   -6.197  -6.706   1.466
  79B   0.00001414 0.11  0.187 -1263.204625  156.0   5.174   5.044 |    0.000  -0.000   0.000  -0.000 |   -6.197  -6.706   1.510
  80B   0.00001045 0.13  0.187 -1263.204621  156.0   5.174   5.044 |    0.000  -0.000   0.000  -0.000 |   -6.197  -6.706   1.381
  81B   0.00000729 0.14  0.187 -1263.204624  156.0   5.174   5.044 |    0.000  -0.000   0.000  -0.000 |   -6.197  -6.706   1.594
  82B   0.00001069 0.10  0.187 -1263.204626  156.0   5.174   5.044 |    0.000  -0.000   0.000  -0.000 |   -6.197  -6.706   2.448
  83B   0.00001003 0.11  0.187 -1263.204618  156.0   5.174   5.044 |    0.000   0.000   0.000   0.000 |   -6.197  -6.706   1.529
  84B   0.00000888 0.13  0.187 -1263.204617  156.0   5.174   5.044 |    0.000   0.000   0.000   0.000 |   -6.197  -6.706   1.764
  85B   0.00000678 0.14  0.187 -1263.204615  156.0   5.174   5.044 |    0.000   0.000   0.000   0.000 |   -6.197  -6.706   2.073
  86B   0.00000773 0.10  0.187 -1263.204613  156.0   5.174   5.044 |    0.000  -0.000   0.000  -0.000 |   -6.197  -6.706   1.873
  87B   0.00000786 0.10  0.187 -1263.204609  156.0   5.174   5.044 |    0.000  -0.000   0.000  -0.000 |   -6.197  -6.706   1.538
  88B   0.00001036 0.10  0.187 -1263.204618  156.0   5.174   5.044 |    0.000  -0.000   0.000  -0.000 |   -6.197  -6.706   1.491
  89B   0.00000366 0.11  0.187 -1263.204613  156.0   5.174   5.044 |    0.000  -0.000   0.000  -0.000 |   -6.197  -6.706   1.745
  90B   0.00000329 0.13  0.187 -1263.204613  156.0   5.174   5.044 |    0.000  -0.000   0.000  -0.000 |   -6.197  -6.706   2.061
  91B   0.00001294 0.10  0.187 -1263.204612  156.0   5.174   5.044 |    0.000  -0.000   0.000  -0.000 |   -6.197  -6.706   2.447
  92B   0.00000223 0.11  0.187 -1263.204614  156.0   5.174   5.044 |    0.000  -0.000   0.000  -0.000 |   -6.197  -6.706   2.063
  93B   0.00000164 0.13  0.187 -1263.204614  156.0   5.174   5.044 |    0.000  -0.000   0.000  -0.000 |   -6.197  -6.706   2.039
  94B   0.00000115 0.14  0.187 -1263.204614  156.0   5.174   5.044 |    0.000  -0.000   0.000  -0.000 |   -6.197  -6.706   2.801
  95B   0.00000113 0.16  0.187 -1263.204615  156.0   5.174   5.044 |    0.000  -0.000   0.000  -0.000 |   -6.197  -6.706   2.746
  96B   0.00000121 0.10  0.187 -1263.204615  156.0   5.174   5.044 |    0.000  -0.000   0.000  -0.000 |   -6.197  -6.706   1.625
  97B   0.00000118 0.11  0.187 -1263.204616  156.0   5.174   5.044 |    0.000  -0.000   0.000  -0.000 |   -6.197  -6.706   1.375
  98B   0.00000143 0.10  0.187 -1263.204616  156.0   5.174   5.044 |    0.000  -0.000   0.000  -0.000 |   -6.197  -6.706   1.778
  99B   0.00000138 0.11  0.187 -1263.204617  156.0   5.174   5.044 |    0.000  -0.000   0.000  -0.000 |   -6.197  -6.706   1.514
 100B   0.00000130 0.13  0.187 -1263.204617  156.0   5.174   5.044 |    0.000  -0.000   0.000  -0.000 |   -6.197  -6.706   1.864
 101B   0.00000097 0.14  0.187 -1263.204616  156.0   5.174   5.044 |    0.000  -0.000   0.000  -0.000 |   -6.197  -6.706   1.275
 102B   0.00000160 0.10  0.187 -1263.204617  156.0   5.174   5.044 |    0.000  -0.000   0.000  -0.000 |   -6.197  -6.706   1.648
 103B   0.00000195 0.10  0.187 -1263.204616  156.0   5.174   5.044 |    0.000  -0.000   0.000  -0.000 |   -6.197  -6.706   2.116
 104B   0.00000104 0.11  0.187 -1263.204616  156.0   5.174   5.044 |    0.000  -0.000   0.000  -0.000 |   -6.197  -6.706   1.993
 105B   0.00000091 0.13  0.187 -1263.204616  156.0   5.174   5.044 |    0.000  -0.000   0.000  -0.000 |   -6.197  -6.706   1.682
 106B   0.00000129 0.10  0.187 -1263.204616  156.0   5.174   5.044 |    0.000  -0.000   0.000  -0.000 |   -6.197  -6.706   3.004
 107B   0.00000078 0.11  0.187 -1263.204615  156.0   5.174   5.044 |    0.000   0.000   0.000   0.000 |   -6.197  -6.706   1.898
 108B   0.00000091 0.10  0.187 -1263.204615  156.0   5.174   5.044 |    0.000   0.000   0.000   0.000 |   -6.197  -6.706   2.213
 109B   0.00000053 0.11  0.187 -1263.204615  156.0   5.174   5.044 |    0.000  -0.000   0.000   0.000 |   -6.197  -6.706   1.588
 110B   0.00000055 0.10  0.187 -1263.204615  156.0   5.174   5.044 |    0.000   0.000   0.000  -0.000 |   -6.197  -6.706   1.353
 111B   0.00000161 0.10  0.187 -1263.204615  156.0   5.174   5.044 |    0.000   0.000   0.000   0.000 |   -6.197  -6.706   1.469
 112B   0.00000026 0.11  0.187 -1263.204616  156.0   5.174   5.044 |    0.000   0.000   0.000   0.000 |   -6.197  -6.706   1.812
 113B   0.00000037 0.10  0.187 -1263.204616  156.0   5.174   5.044 |    0.000  -0.000   0.000  -0.000 |   -6.197  -6.706   2.550
 114B   0.00000036 0.11  0.187 -1263.204616  156.0   5.174   5.044 |    0.000   0.000   0.000  -0.000 |   -6.197  -6.706   3.082
 115B   0.00000029 0.13  0.187 -1263.204616  156.0   5.174   5.044 |    0.000  -0.000   0.000  -0.000 |   -6.197  -6.706   2.228
 116B   0.00000031 0.10  0.187 -1263.204616  156.0   5.174   5.044 |    0.000  -0.000   0.000   0.000 |   -6.197  -6.706   2.198
 117B   0.00000017 0.11  0.187 -1263.204616  156.0   5.174   5.044 |    0.000   0.000   0.000   0.000 |   -6.197  -6.706   1.742
 118B   0.00000033 0.10  0.187 -1263.204616  156.0   5.174   5.044 |    0.000   0.000   0.000  -0.000 |   -6.197  -6.706   1.753
 119B   0.00000023 0.11  0.187 -1263.204616  156.0   5.174   5.044 |    0.000  -0.000   0.000  -0.000 |   -6.197  -6.706   3.185
 120B   0.00000078 0.10  0.187 -1263.204616  156.0   5.174   5.044 |    0.000   0.000   0.000  -0.000 |   -6.197  -6.706   2.066
 121B   0.00000017 0.11  0.187 -1263.204616  156.0   5.174   5.044 |    0.000   0.000   0.000  -0.000 |   -6.197  -6.706   2.226
 122B   0.00000014 0.13  0.187 -1263.204616  156.0   5.174   5.044 |    0.000  -0.000   0.000  -0.000 |   -6.197  -6.706   2.660
 123B   0.00000008 0.14  0.187 -1263.204616  156.0   5.174   5.044 |    0.000   0.000   0.000  -0.000 |   -6.197  -6.706   3.324
 124B   0.00000007 0.16  0.187 -1263.204616  156.0   5.174   5.044 |    0.000  -0.000   0.000  -0.000 |   -6.197  -6.706   1.597
 125B   0.00000005 0.18  0.187 -1263.204616  156.0   5.174   5.044 |    0.000   0.000   0.000  -0.000 |   -6.197  -6.706   2.522
 126B   0.00000005 0.21  0.187 -1263.204616  156.0   5.174   5.044 |    0.000   0.000   0.000  -0.000 |   -6.197  -6.706   4.120
 127B   0.00000008 0.10  0.187 -1263.204616  156.0   5.174   5.044 |    0.000   0.000   0.000   0.000 |   -6.197  -6.706   3.658
 128B   0.00000005 0.11  0.187 -1263.204616  156.0   5.174   5.044 |    0.000  -0.000   0.000   0.000 |   -6.197  -6.706   2.255
 129B   0.00000015 0.10  0.187 -1263.204616  156.0   5.174   5.044 |    0.000  -0.000   0.000  -0.000 |   -6.197  -6.706   3.174
 130B   0.00000003 0.11  0.187 -1263.204616  156.0   5.174   5.044 |    0.000  -0.000   0.000  -0.000 |   -6.197  -6.706   1.746
 131B   0.00000003 0.13  0.187 -1263.204616  156.0   5.174   5.044 |    0.000   0.000   0.000  -0.000 |   -6.197  -6.706   1.947
 132B   0.00000004 0.10  0.187 -1263.204616  156.0   5.174   5.044 |    0.000   0.000   0.000  -0.000 |   -6.197  -6.706   1.820
 133B   0.00000003 0.11  0.187 -1263.204616  156.0   5.174   5.044 |    0.000  -0.000   0.000   0.000 |   -6.197  -6.706   2.739
 134B   0.00000005 0.10  0.187 -1263.204616  156.0   5.174   5.044 |    0.000   0.000   0.000   0.000 |   -6.197  -6.706   2.464
 135B   0.00000003 0.11  0.187 -1263.204616  156.0   5.174   5.044 |    0.000   0.000   0.000  -0.000 |   -6.197  -6.706   1.787
 136B   0.00000003 0.13  0.187 -1263.204616  156.0   5.174   5.044 |    0.000  -0.000   0.000  -0.000 |   -6.197  -6.706   1.476
 137B   0.00000005 0.10  0.187 -1263.204616  156.0   5.174   5.044 |    0.000  -0.000   0.000  -0.000 |   -6.197  -6.706   2.775
 138B   0.00000002 0.11  0.187 -1263.204616  156.0   5.174   5.044 |    0.000  -0.000   0.000  -0.000 |   -6.197  -6.706   3.366
 139B   0.00000003 0.10  0.187 -1263.204616  156.0   5.174   5.044 |    0.000  -0.000   0.000  -0.000 |   -6.197  -6.706   2.046
 140B   0.00000002 0.11  0.187 -1263.204616  156.0   5.174   5.044 |    0.000  -0.000   0.000  -0.000 |   -6.197  -6.706   1.664
 141B   0.00000002 0.10  0.187 -1263.204616  156.0   5.174   5.044 |    0.000  -0.000   0.000   0.000 |   -6.197  -6.706   2.793
 142B   0.00000002 0.11  0.187 -1263.204616  156.0   5.174   5.044 |    0.000  -0.000   0.000  -0.000 |   -6.197  -6.706   2.193
 143B   0.00000002 0.10  0.187 -1263.204616  156.0   5.174   5.044 |    0.000  -0.000   0.000  -0.000 |   -6.197  -6.706   2.615
 144B   0.00000003 0.10  0.187 -1263.204616  156.0   5.174   5.044 |    0.000  -0.000   0.000   0.000 |   -6.197  -6.706   1.727
 145B   0.00000002 0.11  0.187 -1263.204616  156.0   5.174   5.044 |    0.000   0.000   0.000   0.000 |   -6.197  -6.706   2.002
 146B   0.00000001 0.13  0.187 -1263.204616  156.0   5.174   5.044 |    0.000   0.000   0.000  -0.000 |   -6.197  -6.706   2.000
 147B   0.00000001 0.14  0.187 -1263.204616  156.0   5.174   5.044 |    0.000   0.000   0.000   0.000 |   -6.197  -6.706   1.752
 148B   0.00000003 0.10  0.187 -1263.204616  156.0   5.174   5.044 |    0.000   0.000   0.000  -0.000 |   -6.197  -6.706   1.944
 149B   0.00000002 0.11  0.187 -1263.204616  156.0   5.174   5.044 |    0.000   0.000   0.000  -0.000 |   -6.197  -6.706   1.831
 150B   0.00000001 0.13  0.187 -1263.204616  156.0   5.174   5.044 |    0.000  -0.000   0.000   0.000 |   -6.197  -6.706   2.329
 151B   0.00000001 0.10  0.187 -1263.204616  156.0   5.174   5.044 |    0.000   0.000   0.000   0.000 |   -6.197  -6.706   2.483
 152B   0.00000001 0.11  0.187 -1263.204616  156.0   5.174   5.044 |    0.000   0.000   0.000  -0.000 |   -6.197  -6.706   3.449
 153B   0.00000001 0.13  0.187 -1263.204616  156.0   5.174   5.044 |    0.000   0.000   0.000   0.000 |   -6.197  -6.706   3.685
 154B   0.00000000 0.14  0.187 -1263.204616  156.0   5.174   5.044 |    0.000  -0.000   0.000   0.000 |   -6.197  -6.706   3.134
 155B   0.00000000 0.16  0.187 -1263.204616  156.0   5.174   5.044 |    0.000  -0.000   0.000   0.000 |   -6.197  -6.706   3.989
 156B   0.00000000 0.10  0.187 -1263.204616  156.0   5.174   5.044 |    0.000  -0.000   0.000  -0.000 |   -6.197  -6.706   5.507
 157B   0.00000000 0.11  0.187 -1263.204616  156.0   5.174   5.044 |    0.000  -0.000   0.000   0.000 |   -6.197  -6.706   2.570
 158B   0.00000000 0.13  0.187 -1263.204616  156.0   5.174   5.044 |    0.000  -0.000   0.000   0.000 |   -6.197  -6.706   1.895
 159B   0.00000000 0.14  0.187 -1263.204616  156.0   5.174   5.044 |    0.000  -0.000   0.000   0.000 |   -6.197  -6.706   1.759
  ----------------------------------------------------------------------------------------------------------------------------------
  *   iteration converged   after 159 steps   si=     0.0000000009 ho=  0 tho=  0
  ----------------------------------------------------------------------------------------------------------------------------------
  Total CPU time=   6.019 minutes

  Writing to wel_file: s092_064.hel
 __________________________________  
  The tape s092_064.hel recorded:     
  nucname,npr,ngh,ngl,n00,nb,nt      
  b0,beta0,si,etot,rms,bet,xmix      
  pairing:     CpV0,CpV1,pwi         
  delta:       del,ept               
  lambda:      ala,ala2,alast,tz     
  asymptotic:  varmas,ass,skass      
  ntx,nb,nhhdim,id,N_rz,n_r,n_z      
  Omega2,Sigma2,Parity,Lambda        
  matrices(inbro):    hh,de          
  *all blocking candidates           
 __________________________________  


  NB! From expect (UNPROJECTED RESULTS)

  pairing: CpV0,CpV1,...           0.100000       0.100000       1.000000       1.000000
  forces:   UNE1                          


                             neutrons         protons         total
  Requested part.numbs.      92.000000      64.000000     156.000000
  UnPj(av) part.numbs .      92.000000      64.000000     156.000000
  b0, bz, bp ..........       2.130153       2.136882       2.126796

  lambda (ala) ........      -6.197184      -6.705846
  Lambda (alast) ......      -6.197184      -6.705846
  delta(n,p), pwi .....      -0.000000       0.000000      60.000000
  pairing energy ......       0.000000       0.000000       0.000000

  rms-radius ..........       5.174160       5.044133       5.121215
  charge-radius, r0 ...                      5.107179       6.459855
  deformation beta2....       0.179895       0.197245       0.186800
  dipole moment[fm] ...       0.000000       0.000000       0.000000
  quadrupole moment[b]        5.589807       4.051990       9.641797
  octupole moment .....       0.000000       0.000000       0.000000
  hexadecapole moment .      -0.011747      -0.014990      -0.026737
  q5 ..................       0.000000       0.000000       0.000000
  q6 ..................      -0.022445      -0.003692      -0.026137
  q7 ..................       0.000000       0.000000       0.000000
  q8 ..................       0.000989       0.001824       0.002813

  <r^0> [fm^0] ........            1.000000            1.000000            1.000000
  <r^2> [fm^2] ........           26.771936           25.443275           26.226844
  <r^4> [fm^4] ........          937.526404          831.349894          893.966810
  <r^6> [fm^6] ........        38954.558645        31785.216244        36013.289967
  <r^8> [fm^8] ........      1843712.173774      1367266.782629      1648247.397920

  kinetic energy ......    1796.026053    1058.052569    2854.078622
  volume energy .......                                 -4759.347583
        rho_tau .......                                  -252.158597
        rho_rho .......                                 -4507.188986
  surface energy ......                                   151.853046
   rho_DELTA_rho ......                                   151.853046
   (NABLA_rho)^2 ......                                     0.000000
  spin-orbit energy ...                                   -33.874625
        rho_NABLA_J ...                                   -33.874625
        NABLA_rho_J ...                                     0.000000
  coulomb energy ......                                   524.085923
          direct ......                                   548.519453
          exchange ....                                   -24.433530
  tensor energy .......                                     0.000000
  direct Hartree E  ...                                     0.000000
  Extra E .............                                     0.000000
  External field E ....                                     0.000000
  Entropy .............       0.095040       4.798548       4.893588

  tEnergy: ehfb (qp)...                                 -1263.204616

  Calculated but not added corrections 
====================================
  cmc-diagonal part ...       0.000000       0.000000       0.000000
  cmc-hfb .............       0.000000       0.000000       0.000000
  cranking rot corr ...       0.000000       0.000000       0.000000

  SQUJ ................       0.000000       0.000000       0.000000
  CRAN x 4 ............       0.000000       0.000000       0.000000
  Rigit Body ..........       0.000000       0.000000       0.000000


   Blocking candidates are:
   neutron eqpmin=  0.28263606195834257       pwiblo=   2.0016019225635890     
    num=   1 block=   6 state=   1   147 Eqp=   0.28263606  (1-2N)E=  -0.28263606  Ovlp=   0.66045543  5-[ 5, 2, 3]
    num=   2 block=   2 state=   1    37 Eqp=   0.28303164  (1-2N)E=   0.28303164  Ovlp=   0.60229812  1-[ 5, 2, 1]
    num=   3 block=   6 state=   2   148 Eqp=   0.48090487  (1-2N)E=   0.48090487  Ovlp=   0.76396069  5-[ 5, 1, 2]
    num=   4 block=   4 state=   1    97 Eqp=   0.50705963  (1-2N)E=  -0.50705963  Ovlp=   0.67583286  3-[ 5, 3, 2]
    num=   5 block=   1 state=   1     1 Eqp=   0.74291213  (1-2N)E=   0.74291213  Ovlp=   0.56723439  1+[ 6, 4, 0]
    num=   6 block=   3 state=   1    67 Eqp=   0.92045973  (1-2N)E=   0.92045973  Ovlp=   0.55605149  3+[ 6, 5, 1]
    num=   7 block=   8 state=   1   187 Eqp=   1.13859689  (1-2N)E=   1.13859689  Ovlp=   0.88128221  7-[ 5, 1, 4]
    num=   8 block=   4 state=   2    98 Eqp=   1.16289309  (1-2N)E=  -1.16289309  Ovlp=   0.62734602  3-[ 5, 4, 1]
    num=   9 block=   2 state=   2    38 Eqp=   1.21275222  (1-2N)E=  -1.21275222  Ovlp=   0.71994476  1-[ 5, 4, 1]
    num=  10 block=   5 state=   1   122 Eqp=   1.26158530  (1-2N)E=   1.26158530  Ovlp=   0.73058473  5+[ 6, 4, 2]
    num=  11 block=   2 state=   3    39 Eqp=   1.52569103  (1-2N)E=   1.52569103  Ovlp=   0.78864001  1-[ 5, 1, 0]
    num=  12 block=   2 state=   4    40 Eqp=   1.66777648  (1-2N)E=  -1.66777648  Ovlp=   0.70563862  1-[ 5, 5, 0]
    num=  13 block=   7 state=   1   167 Eqp=   1.76194185  (1-2N)E=   1.76194185  Ovlp=   0.84889238  7+[ 6, 3, 3]
    num=  14 block=   4 state=   3    99 Eqp=   1.92509140  (1-2N)E=   1.92509140  Ovlp=   0.84107701  3-[ 5, 1, 2]
    num=  15 block=   8 state=   2   188 Eqp=   2.11217026  (1-2N)E=   2.11217026  Ovlp=   0.91222813  7-[ 5, 0, 3]

   Blocking candidates are:
   proton  eqpmin=   4.3257195832104856E-002  pwiblo=   2.0016019225635890     
    num=   1 block=   2 state=   1    37 Eqp=   0.04325720  (1-2N)E=  -0.04325720  Ovlp=   0.55262328  1-[ 5, 3, 0]
    num=   2 block=   1 state=   1     1 Eqp=   0.04700361  (1-2N)E=  -0.04700361  Ovlp=   0.81502979  1+[ 4, 1, 1]
    num=   3 block=   4 state=   1    97 Eqp=   0.02813954  (1-2N)E=   0.02813954  Ovlp=   0.61667676  3-[ 5, 4, 1]
    num=   4 block=   7 state=   1   167 Eqp=   0.06614787  (1-2N)E=   0.06614787  Ovlp=   0.96790185  7+[ 4, 0, 4]
    num=   5 block=   5 state=   1   122 Eqp=   0.30750641  (1-2N)E=   0.30750641  Ovlp=   0.91174156  5+[ 4, 0, 2]
    num=   6 block=   6 state=   1   147 Eqp=   0.31607065  (1-2N)E=   0.31607065  Ovlp=   0.79438104  5-[ 5, 3, 2]
    num=   7 block=   3 state=   1    67 Eqp=   0.93777463  (1-2N)E=  -0.93777463  Ovlp=   0.82358083  3+[ 4, 1, 1]
    num=   8 block=   8 state=   1   187 Eqp=   1.03202305  (1-2N)E=   1.03202305  Ovlp=   0.90216202  7-[ 5, 2, 3]
    num=   9 block=   1 state=   2     2 Eqp=   1.63374117  (1-2N)E=   1.63374117  Ovlp=   0.89948768  1+[ 4, 0, 0]
    num=  10 block=   3 state=   2    68 Eqp=   1.64568397  (1-2N)E=   1.64568397  Ovlp=   0.91856929  3+[ 4, 0, 2]
    num=  11 block=   5 state=   2   123 Eqp=   1.64973728  (1-2N)E=  -1.64973728  Ovlp=   0.90805404  5+[ 4, 1, 3]



 HFBTHO_SOLVER ended without errors

