
  =======================================
           FORTRAN 95 CODE (KIND= 8) 
               Version: 200d  
  =======================================
       AXIALLY DEFORMED CONFIGURATIONAL  
     HARTREE-FOCK-BOGOLIUBOV CALCULATIONS
                     WITH                
            UNEDF AND DELTA PAIRING      
                     USING               
             HARMONIC-OSCILLATOR         
                   AND/OR                
       TRANSFORMED HARMONIC-OSCILLATOR   
                    BASIS                
                     ---                 
               v1.66  (2005):,           
   Stoitsov,Dobaczewski,Nazarewicz,Ring, 
               v2.00d (2012):,           
         Stoitsov,Schunck,Kortelainen    
  =======================================
    Nucleus: MG (A=  24, N= 12, Z= 12)
       Reflection Symmetry Imposed       
            ( 9/13/2022, 21:32)                               
  =======================================


  ---------------------------------------
           UNEDF Module Version:17
         M.Kortelainen & M.Stoitsov 
  ---------------------------------------

  UNE1 functional
  ----------------------------------
  Crho(0)=   -779.373008720865300    ; Crho(1)=    287.722131583286796    
  CDrho(0)=   891.477890442349690    ; CDrho(1)=  -200.587774317884879    
  Ctau(0)=  -0.989915057807676746    ; Ctau(1)=   -33.6320970701835549    
  CrDr(0)=   -45.9240139412177726    ; CrDr(1)=   -122.110777650348666    
  CrdJ(0)=   -83.7244586677205547    ; CrdJ(1)=   -41.7086040611698223    
  CJ(0)=      0.00000000000000000    ; CJ(1)=      0.00000000000000000    
  CpV0(0)=   0.100000000000000006    ; CpV0(1)=   0.100000000000000006    
  CpV1(0)=    1.00000000000000000    ; CpV1(1)=    1.00000000000000000    
  sigma=     0.270018011502707600    ; hbzero=     20.7355300000000007    
  e^2 chrg=   1.43997840859651305    ; CExPar=     1.00000000000000000    
  c.m. correction: F, chr. density in direct Coul: F
  use tensor terms: F
  use TMR pairing:  0

  Coupling constants in natural units
  -----------------------------------
  Crho_nu(0)=  -0.877667471343921757    ; Crho_nu(1)=   0.324009624211695935    
  CDrho_nu(0)=  0.941450913381434273    ; CDrho_nu(1)= -0.211831998717341041    
  Ctau_nu(0)=  -0.140321584905665799E-01; Ctau_nu(1)=  -0.476738799694694126    
  CrDr_nu(0)=  -0.650978118843157594    ; CrDr_nu(1)=   -1.73093415630104186    
  CrdJ_nu(0)=   -1.18680372047699034    ; CrdJ_nu(1)=  -0.591224204532031727    
  CJ_nu(0)=      0.00000000000000000    ; CJ_nu(1)=      0.00000000000000000    
  CpV0_nu(0)=   0.112611992142809880E-03; CpV0_nu(1)=   0.112611992142809880E-03
  CpV1_nu(0)=   0.887702254206059068E-03; CpV1_nu(1)=   0.887702254206059068E-03
  fpi_nu=        93.0000000000000000    ; Lambda_nu=     700.000000000000000    

  Nuclear matter properties
  ----------------------------------
      E_NM=     -15.8000000000000149      K_NM=     220.0000000000000284
      P_NM=      -0.0000000000000032    RHO_NM=       0.1587067693325870
    ASS_NM=      28.9867890577721070   LASS_NM=      40.0047904804136323
  SMASS_NM=       0.9924233322833640  VMASS_NM=       1.2498385742322700

  Associated (t,x)-coupling constants
  -----------------------------------
  t0=      -2078.32802325564080    ; x0=       0.537569206858470316E-01
  t1=       243.608187609417882    ; x1=       -4.23395506936260357    
  t2=       1322.68400358079543    ; x2=       -1.39112652790307334    
  t3=       14263.6462470775950    ; x3=      -0.162491168089956339    
  b4=       42.0158546065507323    ; b4p=       83.4172081223396447    
  te=      -395.052274225279689    ; to=       -179.237111031004190    
  sigma=   0.270018011502707600    ; hbzero=    20.7355300000000007    

  ---------------------------------------
        Characteristics of the run       
  ---------------------------------------
  Output file ................:     7
  Nucleus ....................:   MG  24
  Number of HO shells ........:     8
  HO length b0 (fm) ..........:     1.55928400372611
  Basis deformation ..........:  beta0=   0.010 q=   1.010
  HO: b0,1/b0,bp,bz,q ........:   0.15592840E+01  0.64131999E+00  0.15568270E+01  0.15642096E+01  0.10095067E+01
  h**2/(2m), cmc, e**2 .......:   0.20735530E+02  0.20735530E+02  0.14399784E+01
  hom=f*41.0_pr*A^{-1/3}, f...:   0.17056687E+02  0.12000000E+01
  THO basis is ...............:  OFF
  Maximal number of iterations:   400
  Initial mixing parameter ...:  0.300
  Initial w.f. ...............:  from   spherical scratch
  Skyrme functional ..........:    UNE1                          
    with direct and exchange Coulomb
  Lipkin-Nogami procedure is .:  OFF
  PAV procedure is ...........:  OFF
  Constraint calculation is ..:   ON
    Constraint 1 .............: lambda=2 Ql=   0.298
  Temperature T ..............:   0.05 MeV
  Restart indicator ..........:   1
  Broyden mixing (#iterations):   7

  ---------------------------------------
        Harmonic Oscillator Basis        
  ---------------------------------------
  NUV, NQP:                        2501     165
  Comparison with bookkeeping spherical basis:
  n00:                                8       8  Maximal number of shells
  nbx, 2*n00+1:                      17      17  Maximal number of K-blocks
  ntx, (n00+1)*(n00+2)*(n00+3)/6    165     165  Max.num. p/n levels
  nzx, n00:                           8       8  Maximal nz-quantum number
  nrx, n00/2  :                       4       4  Maximal nr-quantum number
  nlx, n00:                           8       8  Maximal ml-quantum number
  ndx, (n00+2)*(n00+2)/4:            25      25  Maximal dim. of one k-block

  Actual basis used
  Number of blocks: nb .......:   17
  Number of levels: nt .......:  165
  Maximal 2*omega : nom ......:   17
  Maximal nz:       nzm ......:    8
  Maximal nr:       nrm ......:    4
  Maximal ml:       nlm ......:    8
  Maximal N=nz+2*nr+nl .......:    8
  2 x biggest block dim. .....:   50
  Non-zero elements of h .....:     1333
  Number of Broyden elements .:     5332

  ---------------------------------------
            Integration Meshes           
  ---------------------------------------
  Number of Gauss-Hermite mesh points ngh ....:  40
  Number of Gauss-Laguerre mesh points ngl ...:  40
  Number of Gauss-Legendre mesh points nleg ..:  80
  Integration boundaries
    Hermite  - from xh(1)  =  0.12379686 to xh(ngh)   = 11.88786356
    Laguerre - From xl(1)  =  0.03570039 to xl(ngl)   =142.28004447
    Legendre - From xleg(1)=  0.00978669 to xleg(nleg)=  0.99988775
  Max.dev.in:     Orthogonality            Normalization
  Hermite     1.5248282503475657E-015   1.0991207943789050E-014
  Laguerre    4.2896485016951012E-015   8.9928064994637680E-015

  Scratch initialization for the nucleus: MG  12  12


  Initial potentials of Saxon-Woods shape 
  v0ws   =  -71.27999878
  kappa  =    0.46160001
  vs0    =   11.11750031   11.11750031
  r0     =    1.23339999    1.23339999
  a      =    0.61500001    0.61500001
  r0-so  =    1.14429998    1.14429998
  a-so   =    0.64760000    0.64760000
  beta00 =    0.01000000

  ### REGULAR STAGE (reflection symmetry imposed)
  |HFB+HO> iterations(b0=  1.559, Nsh=  8, inin=  1, N= 12, Z= 12)...
  ----------------------------------------------------------------------------------------------------------------------------------
  i          si     mix   beta      Etot       A       rn      rp         En      Dn      Ep      Dp        Ln      Lp     time
  ----------------------------------------------------------------------------------------------------------------------------------
   1L  73.90480883 0.30  0.010     0.000000    0.0   0.000   0.000 |   -2.000   1.000  -2.000   1.000 |   -7.000  -7.000   0.000
   2B  40.66312774 0.10  0.009   -46.082965   24.0   2.625   2.625 |    0.000  -0.000   0.000  -0.000 |  -17.169 -17.169  40.252
   3B  10.15316164 0.11  0.171  -154.894066   24.0   3.027   3.067 |    0.000  -0.000   0.000  -0.000 |  -11.730  -8.282   1.136
   4B   9.00663808 0.13  0.226  -181.922763   24.0   2.959   2.942 |    0.000  -0.000   0.000  -0.000 |  -11.830  -7.260   1.048
   5B  11.94884158 0.10  0.249  -178.273146   24.0   2.912   2.977 |    0.000  -0.000   0.000  -0.000 |  -11.768  -8.044   1.155
   6B  11.81928599 0.11  0.242  -187.077455   24.0   2.926   2.957 |    0.000  -0.000   0.000  -0.000 |  -12.288  -7.622   1.186
   7B  11.78863780 0.13  0.228  -187.766429   24.0   2.929   2.941 |    0.000  -0.000   0.000  -0.000 |  -12.331  -7.656   1.165
   8B  10.89957611 0.14  0.223  -187.697684   24.0   2.924   2.943 |    0.000  -0.000   0.000  -0.000 |  -12.316  -7.691   1.339
   9B   4.72615408 0.16  0.073  -181.114420   24.0   2.913   2.914 |    0.000  -0.000   0.000  -0.000 |  -12.676  -7.704   1.535
  10B   7.34817181 0.10  0.008  -178.958133   24.0   2.905   2.914 |    0.000  -0.000   0.000  -0.000 |  -12.578  -7.912   1.527
  11B   9.86418870 0.10  0.015  -175.104836   24.0   2.905   2.910 |    0.000  -0.000   0.000  -0.000 |  -12.703  -7.811   1.503
  12B   6.53318960 0.11  0.015  -179.515047   24.0   2.899   2.913 |    0.000  -0.000   0.000  -0.000 |  -12.710  -8.000   1.216
  13B   4.87822839 0.13  0.064  -179.665668   24.0   2.896   2.917 |    0.000  -0.000   0.000  -0.000 |  -12.663  -8.020   1.212
  14B   2.00359486 0.14  0.082  -183.867016   24.0   2.892   2.917 |    0.000  -0.000   0.000  -0.000 |  -12.662  -8.060   1.622
  15B   2.92943893 0.10  0.058  -183.319003   24.0   2.897   2.908 |    0.000  -0.000   0.000  -0.000 |  -12.803  -7.983   1.592
  16B   0.93400092 0.11  0.095  -184.463499   24.0   2.894   2.911 |    0.000  -0.000   0.000  -0.000 |  -12.774  -8.065   1.397
  17B   0.75395547 0.13  0.111  -184.730954   24.0   2.889   2.914 |    0.000   0.000   0.000   0.000 |  -12.758  -8.119   1.684
  18B   0.34822807 0.14  0.119  -184.935055   24.0   2.891   2.913 |    0.000   0.000   0.000   0.000 |  -12.783  -8.086   1.093
  19B   0.35511795 0.10  0.121  -184.985706   24.0   2.891   2.913 |    0.000  -0.000   0.000  -0.000 |  -12.776  -8.081   1.781
  20B   0.55300159 0.10  0.124  -185.022702   24.0   2.891   2.913 |    0.000  -0.000   0.000  -0.000 |  -12.779  -8.069   1.519
  21B   0.52983024 0.11  0.130  -185.179610   24.0   2.892   2.914 |    0.000  -0.000   0.000  -0.000 |  -12.747  -8.054   1.663
  22B   0.68491674 0.10  0.122  -184.929533   24.0   2.892   2.914 |    0.000  -0.000   0.000  -0.000 |  -12.738  -8.037   1.530
  23B   0.62633975 0.11  0.128  -185.099207   24.0   2.892   2.914 |    0.000  -0.000   0.000  -0.000 |  -12.748  -8.038   1.545
  24B   0.42622681 0.13  0.118  -184.906591   24.0   2.893   2.912 |    0.000  -0.000   0.000  -0.000 |  -12.755  -8.039   1.535
  25B   0.22783207 0.14  0.118  -184.930680   24.0   2.892   2.912 |    0.000  -0.000   0.000  -0.000 |  -12.757  -8.060   1.221
  26B   0.07071467 0.16  0.117  -184.911216   24.0   2.891   2.912 |    0.000  -0.000   0.000  -0.000 |  -12.759  -8.059   1.130
  27B   0.07485158 0.10  0.118  -184.921337   24.0   2.892   2.912 |    0.000  -0.000   0.000  -0.000 |  -12.765  -8.054   1.031
  28B   0.06101039 0.11  0.116  -184.885956   24.0   2.891   2.912 |    0.000  -0.000   0.000  -0.000 |  -12.764  -8.060   1.683
  29B   0.03535671 0.13  0.116  -184.891069   24.0   2.891   2.912 |    0.000  -0.000   0.000  -0.000 |  -12.765  -8.059   1.554
  30B   0.04535186 0.10  0.116  -184.879064   24.0   2.891   2.912 |    0.000  -0.000   0.000  -0.000 |  -12.765  -8.060   1.552
  31B   0.05015556 0.10  0.116  -184.877284   24.0   2.891   2.912 |    0.000  -0.000   0.000  -0.000 |  -12.765  -8.059   1.271
  32B   0.05132425 0.10  0.116  -184.886404   24.0   2.891   2.912 |    0.000  -0.000   0.000  -0.000 |  -12.765  -8.059   0.969
  33B   0.04477359 0.11  0.116  -184.878252   24.0   2.891   2.912 |    0.000  -0.000   0.000  -0.000 |  -12.765  -8.060   0.996
  34B   0.06091985 0.10  0.115  -184.869778   24.0   2.891   2.912 |    0.000  -0.000   0.000  -0.000 |  -12.765  -8.061   1.659
  35B   0.07152286 0.10  0.115  -184.863703   24.0   2.891   2.912 |    0.000  -0.000   0.000  -0.000 |  -12.766  -8.061   1.532
  36B   0.05699691 0.11  0.115  -184.872159   24.0   2.891   2.912 |    0.000  -0.000   0.000  -0.000 |  -12.765  -8.060   1.225
  37B   0.03070933 0.13  0.116  -184.886539   24.0   2.891   2.912 |    0.000  -0.000   0.000  -0.000 |  -12.764  -8.060   1.604
  38B   0.03556816 0.10  0.116  -184.883990   24.0   2.891   2.912 |    0.000  -0.000   0.000  -0.000 |  -12.764  -8.059   1.415
  39B   0.05616331 0.10  0.116  -184.883729   24.0   2.891   2.912 |    0.000  -0.000   0.000  -0.000 |  -12.764  -8.059   1.595
  40B   0.05155454 0.11  0.116  -184.874494   24.0   2.891   2.912 |    0.000  -0.000   0.000  -0.000 |  -12.765  -8.059   0.960
  41B   0.05706134 0.10  0.116  -184.876249   24.0   2.891   2.912 |    0.000  -0.000   0.000  -0.000 |  -12.765  -8.059   1.565
  42B   0.05054119 0.11  0.116  -184.874293   24.0   2.891   2.912 |    0.000  -0.000   0.000  -0.000 |  -12.765  -8.059   1.804
  43B   0.05936022 0.10  0.115  -184.870078   24.0   2.891   2.912 |    0.000  -0.000   0.000  -0.000 |  -12.766  -8.059   1.711
  44B   0.08792880 0.10  0.115  -184.853562   24.0   2.891   2.912 |    0.000  -0.000   0.000  -0.000 |  -12.768  -8.060   1.347
  45B   0.09394419 0.10  0.115  -184.851411   24.0   2.891   2.911 |    0.000  -0.000   0.000  -0.000 |  -12.768  -8.060   1.567
  46B   0.09079215 0.11  0.115  -184.853276   24.0   2.891   2.911 |    0.000  -0.000   0.000  -0.000 |  -12.768  -8.060   1.228
  47B   0.09684841 0.10  0.114  -184.850139   24.0   2.891   2.912 |    0.000  -0.000   0.000  -0.000 |  -12.766  -8.062   1.677
  48B   0.09103605 0.11  0.115  -184.858574   24.0   2.891   2.912 |    0.000  -0.000   0.000  -0.000 |  -12.766  -8.062   1.418
  49B   0.10992014 0.10  0.114  -184.842423   24.0   2.891   2.912 |    0.000  -0.000   0.000  -0.000 |  -12.767  -8.061   1.517
  50B   0.09156535 0.11  0.115  -184.863676   24.0   2.891   2.912 |    0.000  -0.000   0.000  -0.000 |  -12.765  -8.061   1.186
  51B   0.12538245 0.10  0.115  -184.857506   24.0   2.891   2.912 |    0.000  -0.000   0.000  -0.000 |  -12.765  -8.062   1.655
  52B   0.02627826 0.11  0.117  -184.898731   24.0   2.891   2.912 |    0.000  -0.000   0.000  -0.000 |  -12.766  -8.060   1.013
  53B   0.02565717 0.13  0.117  -184.901157   24.0   2.891   2.912 |    0.000  -0.000   0.000  -0.000 |  -12.766  -8.059   1.490
  54B   0.02785206 0.10  0.117  -184.898154   24.0   2.891   2.912 |    0.000  -0.000   0.000  -0.000 |  -12.765  -8.060   1.668
  55B   0.01543133 0.11  0.117  -184.904108   24.0   2.891   2.912 |    0.000  -0.000   0.000  -0.000 |  -12.766  -8.059   1.415
  56B   0.00679576 0.13  0.117  -184.902506   24.0   2.891   2.912 |    0.000  -0.000   0.000  -0.000 |  -12.765  -8.060   1.637
  57B   0.01116793 0.10  0.117  -184.905891   24.0   2.891   2.912 |    0.000  -0.000   0.000  -0.000 |  -12.765  -8.059   1.325
  58B   0.01158377 0.10  0.117  -184.910868   24.0   2.891   2.912 |    0.000  -0.000   0.000  -0.000 |  -12.765  -8.059   1.597
  59B   0.01221125 0.10  0.117  -184.911211   24.0   2.891   2.912 |    0.000  -0.000   0.000  -0.000 |  -12.765  -8.059   1.587
  60B   0.01333977 0.10  0.117  -184.911955   24.0   2.891   2.912 |    0.000  -0.000   0.000  -0.000 |  -12.765  -8.059   1.573
  61B   0.01337971 0.10  0.117  -184.911721   24.0   2.891   2.912 |    0.000  -0.000   0.000  -0.000 |  -12.765  -8.059   1.569
  62B   0.01314296 0.11  0.117  -184.909672   24.0   2.891   2.912 |    0.000  -0.000   0.000  -0.000 |  -12.766  -8.059   1.576
  63B   0.00905879 0.13  0.117  -184.908613   24.0   2.891   2.912 |    0.000  -0.000   0.000  -0.000 |  -12.766  -8.059   1.525
  64B   0.00987324 0.10  0.117  -184.904178   24.0   2.891   2.912 |    0.000  -0.000   0.000  -0.000 |  -12.766  -8.059   0.969
  65B   0.01207663 0.10  0.117  -184.899573   24.0   2.891   2.912 |    0.000  -0.000   0.000  -0.000 |  -12.765  -8.060   1.013
  66B   0.01642650 0.10  0.117  -184.908177   24.0   2.891   2.912 |    0.000  -0.000   0.000  -0.000 |  -12.765  -8.059   1.675
  67B   0.00659748 0.11  0.117  -184.905867   24.0   2.891   2.912 |    0.000  -0.000   0.000  -0.000 |  -12.765  -8.059   1.792
  68B   0.00945044 0.10  0.117  -184.904117   24.0   2.891   2.912 |    0.000  -0.000   0.000  -0.000 |  -12.765  -8.059   1.586
  69B   0.02140349 0.10  0.117  -184.905705   24.0   2.891   2.912 |    0.000  -0.000   0.000  -0.000 |  -12.765  -8.059   1.746
  70B   0.00505525 0.11  0.117  -184.904941   24.0   2.891   2.912 |    0.000  -0.000   0.000  -0.000 |  -12.765  -8.059   1.764
  71B   0.00437304 0.13  0.117  -184.904380   24.0   2.891   2.912 |    0.000  -0.000   0.000  -0.000 |  -12.765  -8.059   1.473
  72B   0.00648534 0.10  0.117  -184.905326   24.0   2.891   2.912 |    0.000  -0.000   0.000  -0.000 |  -12.765  -8.059   1.035
  73B   0.00243804 0.11  0.117  -184.905380   24.0   2.891   2.912 |    0.000  -0.000   0.000  -0.000 |  -12.765  -8.059   1.592
  74B   0.00195581 0.13  0.117  -184.905058   24.0   2.891   2.912 |    0.000  -0.000   0.000  -0.000 |  -12.765  -8.059   1.436
  75B   0.00151817 0.14  0.117  -184.904804   24.0   2.891   2.912 |    0.000  -0.000   0.000  -0.000 |  -12.765  -8.059   1.590
  76B   0.00124596 0.16  0.117  -184.904681   24.0   2.891   2.912 |    0.000  -0.000   0.000  -0.000 |  -12.765  -8.059   1.520
  77B   0.00156768 0.10  0.117  -184.904172   24.0   2.891   2.912 |    0.000  -0.000   0.000  -0.000 |  -12.765  -8.059   1.302
  78B   0.00138472 0.11  0.117  -184.904273   24.0   2.891   2.912 |    0.000  -0.000   0.000  -0.000 |  -12.765  -8.059   1.099
  79B   0.00134255 0.13  0.117  -184.904004   24.0   2.891   2.912 |    0.000  -0.000   0.000  -0.000 |  -12.765  -8.059   1.591
  80B   0.00138165 0.10  0.117  -184.903714   24.0   2.891   2.912 |    0.000  -0.000   0.000  -0.000 |  -12.765  -8.059   1.570
  81B   0.00168281 0.10  0.117  -184.903818   24.0   2.891   2.912 |    0.000  -0.000   0.000  -0.000 |  -12.765  -8.059   1.133
  82B   0.00090023 0.11  0.117  -184.904253   24.0   2.891   2.912 |    0.000  -0.000   0.000  -0.000 |  -12.765  -8.059   1.421
  83B   0.00120015 0.10  0.117  -184.903342   24.0   2.891   2.912 |    0.000  -0.000   0.000  -0.000 |  -12.765  -8.059   1.257
  84B   0.00128002 0.10  0.117  -184.903248   24.0   2.891   2.912 |    0.000  -0.000   0.000  -0.000 |  -12.765  -8.059   1.396
  85B   0.00076513 0.11  0.117  -184.903560   24.0   2.891   2.912 |    0.000  -0.000   0.000  -0.000 |  -12.765  -8.059   1.175
  86B   0.00072399 0.13  0.117  -184.903808   24.0   2.891   2.912 |    0.000  -0.000   0.000  -0.000 |  -12.765  -8.059   1.078
  87B   0.00085173 0.10  0.117  -184.903844   24.0   2.891   2.912 |    0.000  -0.000   0.000  -0.000 |  -12.765  -8.059   1.568
  88B   0.00094681 0.10  0.117  -184.903755   24.0   2.891   2.912 |    0.000  -0.000   0.000  -0.000 |  -12.765  -8.059   1.555
  89B   0.00134926 0.10  0.117  -184.903574   24.0   2.891   2.912 |    0.000  -0.000   0.000  -0.000 |  -12.765  -8.059   1.626
  90B   0.00095296 0.11  0.117  -184.903573   24.0   2.891   2.912 |    0.000   0.000   0.000   0.000 |  -12.765  -8.059   1.202
  91B   0.00140800 0.10  0.117  -184.903547   24.0   2.891   2.912 |    0.000  -0.000   0.000  -0.000 |  -12.765  -8.059   0.989
  92B   0.00082608 0.11  0.117  -184.903870   24.0   2.891   2.912 |    0.000  -0.000   0.000  -0.000 |  -12.765  -8.059   1.012
  93B   0.00057347 0.13  0.117  -184.903951   24.0   2.891   2.912 |    0.000  -0.000   0.000  -0.000 |  -12.765  -8.059   0.959
  94B   0.00044132 0.14  0.117  -184.904239   24.0   2.891   2.912 |    0.000  -0.000   0.000  -0.000 |  -12.765  -8.059   0.959
  95B   0.00047072 0.10  0.117  -184.904255   24.0   2.891   2.912 |    0.000  -0.000   0.000  -0.000 |  -12.765  -8.059   1.146
  96B   0.00031712 0.11  0.117  -184.904170   24.0   2.891   2.912 |    0.000  -0.000   0.000  -0.000 |  -12.765  -8.059   1.030
  97B   0.00049595 0.10  0.117  -184.904171   24.0   2.891   2.912 |    0.000  -0.000   0.000  -0.000 |  -12.765  -8.059   1.456
  98B   0.00026699 0.11  0.117  -184.904128   24.0   2.891   2.912 |    0.000  -0.000   0.000  -0.000 |  -12.765  -8.059   1.185
  99B   0.00042349 0.10  0.117  -184.904095   24.0   2.891   2.912 |    0.000  -0.000   0.000  -0.000 |  -12.765  -8.059   1.004
 100B   0.00034328 0.11  0.117  -184.904138   24.0   2.891   2.912 |    0.000   0.000   0.000   0.000 |  -12.765  -8.059   0.897
 101B   0.00023154 0.13  0.117  -184.904000   24.0   2.891   2.912 |    0.000   0.000   0.000   0.000 |  -12.765  -8.059   1.552
 102B   0.00052730 0.10  0.117  -184.903950   24.0   2.891   2.912 |    0.000  -0.000   0.000  -0.000 |  -12.765  -8.059   1.474
 103B   0.00042414 0.11  0.117  -184.903747   24.0   2.891   2.912 |    0.000   0.000   0.000   0.000 |  -12.765  -8.059   1.470
 104B   0.00043754 0.10  0.117  -184.903741   24.0   2.891   2.912 |    0.000   0.000   0.000   0.000 |  -12.765  -8.059   1.276
 105B   0.00035377 0.11  0.117  -184.903788   24.0   2.891   2.912 |    0.000   0.000   0.000   0.000 |  -12.765  -8.059   1.008
 106B   0.00037094 0.10  0.117  -184.903777   24.0   2.891   2.912 |    0.000   0.000   0.000   0.000 |  -12.765  -8.059   0.986
 107B   0.00031131 0.11  0.117  -184.903811   24.0   2.891   2.912 |    0.000  -0.000   0.000  -0.000 |  -12.765  -8.059   1.332
 108B   0.00028394 0.13  0.117  -184.903827   24.0   2.891   2.912 |    0.000   0.000   0.000   0.000 |  -12.765  -8.059   1.184
 109B   0.00052826 0.10  0.117  -184.903689   24.0   2.891   2.912 |    0.000   0.000   0.000   0.000 |  -12.765  -8.059   1.042
 110B   0.00065375 0.10  0.117  -184.903616   24.0   2.891   2.912 |    0.000   0.000   0.000   0.000 |  -12.765  -8.059   0.957
 111B   0.00060829 0.11  0.117  -184.903643   24.0   2.891   2.912 |    0.000   0.000   0.000   0.000 |  -12.765  -8.059   0.905
 112B   0.00054260 0.13  0.117  -184.903678   24.0   2.891   2.912 |    0.000   0.000   0.000   0.000 |  -12.765  -8.059   0.922
 113B   0.00066395 0.10  0.117  -184.903716   24.0   2.891   2.912 |    0.000   0.000   0.000   0.000 |  -12.765  -8.059   0.968
 114B   0.00047550 0.11  0.117  -184.903801   24.0   2.891   2.912 |    0.000   0.000   0.000   0.000 |  -12.765  -8.059   1.474
 115B   0.00043494 0.13  0.117  -184.903847   24.0   2.891   2.912 |    0.000  -0.000   0.000  -0.000 |  -12.765  -8.059   1.566
 116B   0.00023876 0.14  0.117  -184.903991   24.0   2.891   2.912 |    0.000  -0.000   0.000  -0.000 |  -12.765  -8.059   1.570
 117B   0.00016275 0.16  0.117  -184.903972   24.0   2.891   2.912 |    0.000  -0.000   0.000  -0.000 |  -12.765  -8.059   1.240
 118B   0.00004248 0.18  0.117  -184.903993   24.0   2.891   2.912 |    0.000  -0.000   0.000  -0.000 |  -12.765  -8.059   0.996
 119B   0.00001725 0.21  0.117  -184.903992   24.0   2.891   2.912 |    0.000  -0.000   0.000  -0.000 |  -12.765  -8.059   1.559
 120B   0.00000823 0.24  0.117  -184.903999   24.0   2.891   2.912 |    0.000  -0.000   0.000  -0.000 |  -12.765  -8.059   1.407
 121B   0.00001159 0.10  0.117  -184.904001   24.0   2.891   2.912 |    0.000  -0.000   0.000  -0.000 |  -12.765  -8.059   1.602
 122B   0.00001307 0.10  0.117  -184.904000   24.0   2.891   2.912 |    0.000  -0.000   0.000  -0.000 |  -12.765  -8.059   1.044
 123B   0.00001143 0.11  0.117  -184.904001   24.0   2.891   2.912 |    0.000  -0.000   0.000  -0.000 |  -12.765  -8.059   1.235
 124B   0.00001083 0.13  0.117  -184.904001   24.0   2.891   2.912 |    0.000  -0.000   0.000  -0.000 |  -12.765  -8.059   1.049
 125B   0.00000861 0.14  0.117  -184.903999   24.0   2.891   2.912 |    0.000  -0.000   0.000  -0.000 |  -12.765  -8.059   1.111
 126B   0.00000520 0.16  0.117  -184.903993   24.0   2.891   2.912 |    0.000  -0.000   0.000  -0.000 |  -12.765  -8.059   1.612
 127B   0.00000856 0.10  0.117  -184.903993   24.0   2.891   2.912 |    0.000  -0.000   0.000  -0.000 |  -12.765  -8.059   0.942
 128B   0.00000978 0.10  0.117  -184.903994   24.0   2.891   2.912 |    0.000  -0.000   0.000  -0.000 |  -12.765  -8.059   1.031
 129B   0.00000448 0.11  0.117  -184.903994   24.0   2.891   2.912 |    0.000  -0.000   0.000  -0.000 |  -12.765  -8.059   0.835
 130B   0.00001192 0.10  0.117  -184.903993   24.0   2.891   2.912 |    0.000  -0.000   0.000  -0.000 |  -12.765  -8.059   0.922
 131B   0.00000623 0.11  0.117  -184.903992   24.0   2.891   2.912 |    0.000  -0.000   0.000  -0.000 |  -12.765  -8.059   0.888
 132B   0.00000619 0.13  0.117  -184.903991   24.0   2.891   2.912 |    0.000  -0.000   0.000  -0.000 |  -12.765  -8.059   1.066
 133B   0.00000660 0.10  0.117  -184.903991   24.0   2.891   2.912 |    0.000  -0.000   0.000  -0.000 |  -12.765  -8.059   0.966
 134B   0.00000925 0.10  0.117  -184.903989   24.0   2.891   2.912 |    0.000  -0.000   0.000  -0.000 |  -12.765  -8.059   1.000
 135B   0.00000624 0.11  0.117  -184.903991   24.0   2.891   2.912 |    0.000  -0.000   0.000  -0.000 |  -12.765  -8.059   1.164
 136B   0.00000367 0.13  0.117  -184.903993   24.0   2.891   2.912 |    0.000  -0.000   0.000  -0.000 |  -12.765  -8.059   0.963
 137B   0.00000122 0.14  0.117  -184.903995   24.0   2.891   2.912 |    0.000  -0.000   0.000  -0.000 |  -12.765  -8.059   1.040
 138B   0.00000180 0.10  0.117  -184.903994   24.0   2.891   2.912 |    0.000  -0.000   0.000  -0.000 |  -12.765  -8.059   1.007
 139B   0.00000110 0.11  0.117  -184.903995   24.0   2.891   2.912 |    0.000   0.000   0.000   0.000 |  -12.765  -8.059   0.904
 140B   0.00000141 0.10  0.117  -184.903994   24.0   2.891   2.912 |    0.000   0.000   0.000   0.000 |  -12.765  -8.059   1.044
 141B   0.00000230 0.10  0.117  -184.903995   24.0   2.891   2.912 |    0.000   0.000   0.000   0.000 |  -12.765  -8.059   0.977
 142B   0.00000078 0.11  0.117  -184.903995   24.0   2.891   2.912 |    0.000   0.000   0.000  -0.000 |  -12.765  -8.059   1.550
 143B   0.00000030 0.13  0.117  -184.903994   24.0   2.891   2.912 |    0.000   0.000   0.000   0.000 |  -12.765  -8.059   1.042
 144B   0.00000023 0.14  0.117  -184.903995   24.0   2.891   2.912 |    0.000   0.000   0.000   0.000 |  -12.765  -8.059   1.000
 145B   0.00000020 0.16  0.117  -184.903994   24.0   2.891   2.912 |    0.000   0.000   0.000   0.000 |  -12.765  -8.059   0.920
 146B   0.00000026 0.10  0.117  -184.903994   24.0   2.891   2.912 |    0.000   0.000   0.000   0.000 |  -12.765  -8.059   0.944
 147B   0.00000063 0.10  0.117  -184.903994   24.0   2.891   2.912 |    0.000  -0.000   0.000  -0.000 |  -12.765  -8.059   1.057
 148B   0.00000032 0.11  0.117  -184.903994   24.0   2.891   2.912 |    0.000   0.000   0.000   0.000 |  -12.765  -8.059   0.965
 149B   0.00000030 0.13  0.117  -184.903994   24.0   2.891   2.912 |    0.000   0.000   0.000   0.000 |  -12.765  -8.059   0.735
 150B   0.00000032 0.10  0.117  -184.903994   24.0   2.891   2.912 |    0.000   0.000   0.000   0.000 |  -12.765  -8.059   1.648
 151B   0.00000032 0.11  0.117  -184.903994   24.0   2.891   2.912 |    0.000   0.000   0.000   0.000 |  -12.765  -8.059   0.920
 152B   0.00000041 0.10  0.117  -184.903994   24.0   2.891   2.912 |    0.000   0.000   0.000  -0.000 |  -12.765  -8.059   1.049
 153B   0.00000044 0.10  0.117  -184.903994   24.0   2.891   2.912 |    0.000  -0.000   0.000   0.000 |  -12.765  -8.059   0.961
 154B   0.00000044 0.11  0.117  -184.903994   24.0   2.891   2.912 |    0.000  -0.000   0.000   0.000 |  -12.765  -8.059   1.024
 155B   0.00000042 0.13  0.117  -184.903994   24.0   2.891   2.912 |    0.000  -0.000   0.000  -0.000 |  -12.765  -8.059   1.046
 156B   0.00000072 0.10  0.117  -184.903994   24.0   2.891   2.912 |    0.000   0.000   0.000   0.000 |  -12.765  -8.059   1.058
 157B   0.00000050 0.11  0.117  -184.903994   24.0   2.891   2.912 |    0.000   0.000   0.000   0.000 |  -12.765  -8.059   0.988
 158B   0.00000021 0.13  0.117  -184.903994   24.0   2.891   2.912 |    0.000  -0.000   0.000   0.000 |  -12.765  -8.059   0.685
 159B   0.00000013 0.14  0.117  -184.903994   24.0   2.891   2.912 |    0.000   0.000   0.000   0.000 |  -12.765  -8.059   0.874
 160B   0.00000015 0.10  0.117  -184.903994   24.0   2.891   2.912 |    0.000   0.000   0.000  -0.000 |  -12.765  -8.059   1.070
 161B   0.00000004 0.11  0.117  -184.903995   24.0   2.891   2.912 |    0.000   0.000   0.000  -0.000 |  -12.765  -8.059   0.829
 162B   0.00000005 0.10  0.117  -184.903995   24.0   2.891   2.912 |    0.000   0.000   0.000   0.000 |  -12.765  -8.059   0.618
 163B   0.00000007 0.10  0.117  -184.903995   24.0   2.891   2.912 |    0.000  -0.000   0.000   0.000 |  -12.765  -8.059   0.633
 164B   0.00000002 0.11  0.117  -184.903995   24.0   2.891   2.912 |    0.000   0.000   0.000   0.000 |  -12.765  -8.059   0.872
 165B   0.00000003 0.10  0.117  -184.903995   24.0   2.891   2.912 |    0.000   0.000   0.000   0.000 |  -12.765  -8.059   0.977
 166B   0.00000004 0.10  0.117  -184.903995   24.0   2.891   2.912 |    0.000   0.000   0.000  -0.000 |  -12.765  -8.059   0.853
 167B   0.00000006 0.10  0.117  -184.903995   24.0   2.891   2.912 |    0.000   0.000   0.000  -0.000 |  -12.765  -8.059   0.576
 168B   0.00000009 0.10  0.117  -184.903995   24.0   2.891   2.912 |    0.000   0.000   0.000   0.000 |  -12.765  -8.059   0.533
 169B   0.00000009 0.10  0.117  -184.903995   24.0   2.891   2.912 |    0.000   0.000   0.000  -0.000 |  -12.765  -8.059   0.701
 170B   0.00000006 0.11  0.117  -184.903995   24.0   2.891   2.912 |    0.000   0.000   0.000  -0.000 |  -12.765  -8.059   0.595
 171B   0.00000004 0.13  0.117  -184.903995   24.0   2.891   2.912 |    0.000   0.000   0.000  -0.000 |  -12.765  -8.059   1.073
 172B   0.00000003 0.14  0.117  -184.903995   24.0   2.891   2.912 |    0.000   0.000   0.000  -0.000 |  -12.765  -8.059   0.570
 173B   0.00000001 0.16  0.117  -184.903995   24.0   2.891   2.912 |    0.000   0.000   0.000   0.000 |  -12.765  -8.059   0.784
 174B   0.00000003 0.10  0.117  -184.903995   24.0   2.891   2.912 |    0.000   0.000   0.000   0.000 |  -12.765  -8.059   0.512
 175B   0.00000001 0.11  0.117  -184.903995   24.0   2.891   2.912 |    0.000   0.000   0.000   0.000 |  -12.765  -8.059   0.466
 176B   0.00000000 0.13  0.117  -184.903995   24.0   2.891   2.912 |    0.000   0.000   0.000   0.000 |  -12.765  -8.059   0.455
 177B   0.00000000 0.14  0.117  -184.903995   24.0   2.891   2.912 |    0.000   0.000   0.000  -0.000 |  -12.765  -8.059   0.464
 178B   0.00000000 0.16  0.117  -184.903995   24.0   2.891   2.912 |    0.000   0.000   0.000  -0.000 |  -12.765  -8.059   0.540
 179B   0.00000000 0.10  0.117  -184.903995   24.0   2.891   2.912 |    0.000   0.000   0.000  -0.000 |  -12.765  -8.059   0.484
 180B   0.00000000 0.10  0.117  -184.903995   24.0   2.891   2.912 |    0.000   0.000   0.000   0.000 |  -12.765  -8.059   0.481
 181B   0.00000000 0.10  0.117  -184.903995   24.0   2.891   2.912 |    0.000   0.000   0.000   0.000 |  -12.765  -8.059   0.496
 182B   0.00000000 0.11  0.117  -184.903995   24.0   2.891   2.912 |    0.000   0.000   0.000  -0.000 |  -12.765  -8.059   0.480
 183B   0.00000000 0.10  0.117  -184.903995   24.0   2.891   2.912 |    0.000  -0.000   0.000   0.000 |  -12.765  -8.059   0.516
 184B   0.00000001 0.10  0.117  -184.903995   24.0   2.891   2.912 |    0.000   0.000   0.000  -0.000 |  -12.765  -8.059   0.582
 185B   0.00000000 0.11  0.117  -184.903995   24.0   2.891   2.912 |    0.000   0.000   0.000  -0.000 |  -12.765  -8.059   0.512
 186B   0.00000000 0.10  0.117  -184.903995   24.0   2.891   2.912 |    0.000   0.000   0.000  -0.000 |  -12.765  -8.059   0.496
 187B   0.00000000 0.11  0.117  -184.903995   24.0   2.891   2.912 |    0.000   0.000   0.000  -0.000 |  -12.765  -8.059   0.506
 188B   0.00000000 0.10  0.117  -184.903995   24.0   2.891   2.912 |    0.000   0.000   0.000  -0.000 |  -12.765  -8.059   0.529
 189B   0.00000001 0.10  0.117  -184.903995   24.0   2.891   2.912 |    0.000   0.000   0.000  -0.000 |  -12.765  -8.059   0.473
 190B   0.00000000 0.11  0.117  -184.903995   24.0   2.891   2.912 |    0.000   0.000   0.000   0.000 |  -12.765  -8.059   0.474
 191B   0.00000000 0.13  0.117  -184.903995   24.0   2.891   2.912 |    0.000   0.000   0.000  -0.000 |  -12.765  -8.059   0.453
 192B   0.00000000 0.10  0.117  -184.903995   24.0   2.891   2.912 |    0.000  -0.000   0.000  -0.000 |  -12.765  -8.059   0.446
 193B   0.00000000 0.11  0.117  -184.903995   24.0   2.891   2.912 |    0.000   0.000   0.000  -0.000 |  -12.765  -8.059   0.446
 194B   0.00000000 0.13  0.117  -184.903995   24.0   2.891   2.912 |    0.000   0.000   0.000  -0.000 |  -12.765  -8.059   0.426
 195B   0.00000000 0.14  0.117  -184.903995   24.0   2.891   2.912 |    0.000   0.000   0.000  -0.000 |  -12.765  -8.059   0.443
 196B   0.00000000 0.10  0.117  -184.903995   24.0   2.891   2.912 |    0.000   0.000   0.000  -0.000 |  -12.765  -8.059   0.492
 197B   0.00000000 0.11  0.117  -184.903995   24.0   2.891   2.912 |    0.000   0.000   0.000  -0.000 |  -12.765  -8.059   0.495
  ----------------------------------------------------------------------------------------------------------------------------------
  *   iteration converged   after 197 steps   si=     0.0000000006 ho=  0 tho=  0
  ----------------------------------------------------------------------------------------------------------------------------------
  Total CPU time=   4.411 minutes

  Writing to wel_file: s012_012.hel
 __________________________________  
  The tape s012_012.hel recorded:     
  nucname,npr,ngh,ngl,n00,nb,nt      
  b0,beta0,si,etot,rms,bet,xmix      
  pairing:     CpV0,CpV1,pwi         
  delta:       del,ept               
  lambda:      ala,ala2,alast,tz     
  asymptotic:  varmas,ass,skass      
  ntx,nb,nhhdim,id,N_rz,n_r,n_z      
  Omega2,Sigma2,Parity,Lambda        
  matrices(inbro):    hh,de          
  *all blocking candidates           
 __________________________________  



 #quasiparticle energies neutrons
 --------------------------------
  eqp(k) -> q.p. energy 
  e(k)   -> referent s.p. energy 
  p(k)   -> occ.probability 
  del(k) -> referent s.p. gap 
  fermi energy alast=  -12.764920695576738     
  #k  block#    eqp(k)     e(k)       (1-2N)E      decay        p(k)        del(k)    overl      labels
   1    1     0.158753  -12.923674   -0.158753    1.578939    1.00000000   0.0000   0.6958  1+[ 2, 2, 0]
   2    1     2.773612   -9.991308    2.773612    1.731320    0.00000000   0.0000   0.8351  1+[ 2, 0, 0]
   3    1     7.919929   -4.844991    7.919929    1.997554    0.00000000   0.0000   0.7442  1+[ 2, 1, 1]
   4    1    22.743386  -35.508307  -22.743386    2.617203    1.00000000   0.0000   0.9883  1+[ 0, 0, 0]
   5    1    24.603513   11.838592   24.603513    2.684880    0.00000000   0.0000   0.6286  1+[ 4, 2, 0]
   6    1    24.827722   12.062801   24.827722    2.692922    0.00000000   0.0000   0.7110  1+[ 4, 0, 0]
   7    1    26.398524   13.633603   26.398524    2.748608    0.00000000   0.0000   0.5074  1+[ 4, 4, 0]
   8    1    28.712120   15.947200   28.712120    2.828631    0.00000000   0.0000   0.4722  1+[ 4, 1, 1]
   9    1    32.602482   19.837561   32.602482    2.958315    0.00000000   0.0000   0.5422  1+[ 4, 3, 1]
  10    1    46.598575   33.833655   46.598575    3.384014    0.00000000   0.0000   0.4611  1+[ 6, 2, 0]
  11    1    48.579080   35.814159   48.579080    3.440000    0.00000000   0.0000   0.4329  1+[ 6, 6, 0]
  12    1    49.840002   37.075081   49.840002    3.475175    0.00000000   0.0000   0.4730  1+[ 4, 0, 0]
  13    1    51.489246   38.724326   51.489246    3.520652    0.00000000   0.0000   0.5446  1+[ 6, 4, 0]
  14    1    52.075647   39.310726   52.075647    3.536681    0.00000000   0.0000   0.4085  1+[ 4, 1, 1]
  15    1    54.755973   41.991053   54.755973    3.609039    0.00000000   0.0000   0.4066  1+[ 6, 2, 0]
  16    1    56.502573   43.737653   56.502573    3.655419    0.00000000   0.0000   0.4843  1+[ 6, 5, 1]
  17    2     6.397274  -19.162195   -6.397274    1.922627    1.00000000   0.0000   0.8410  1-[ 1, 0, 1]
  18    2    11.192447  -23.957368  -11.192447    2.149770    1.00000000   0.0000   0.8401  1-[ 1, 1, 0]
  19    2    11.879640   -0.885281   11.879640    2.180384    0.00000000   0.0000   0.6003  1-[ 3, 2, 1]
  20    2    15.629566    2.864645   15.629566    2.340396    0.00000000   0.0000   0.6418  1-[ 3, 1, 0]
  21    2    17.143967    4.379046   17.143967    2.401998    0.00000000   0.0000   0.7708  1-[ 3, 0, 1]
  22    2    21.097323    8.332403   21.097323    2.555820    0.00000000   0.0000   0.6349  1-[ 3, 2, 1]
  23    2    37.542718   24.777798   37.542718    3.115225    0.00000000   0.0000   0.5907  1-[ 5, 1, 0]
  24    2    38.316590   25.551669   38.316590    3.139094    0.00000000   0.0000   0.6343  1-[ 5, 5, 0]
  25    2    38.514454   25.749534   38.514454    3.145168    0.00000000   0.0000   0.6242  1-[ 5, 3, 0]
  26    2    39.255897   26.490976   39.255897    3.167824    0.00000000   0.0000   0.5615  1-[ 5, 0, 1]
  27    2    44.073698   31.308777   44.073698    3.311267    0.00000000   0.0000   0.4413  1-[ 5, 2, 1]
  28    2    45.954364   33.189443   45.954364    3.365602    0.00000000   0.0000   0.5315  1-[ 5, 4, 1]
  29    2    64.647144   51.882223   64.647144    3.864353    0.00000000   0.0000   0.4669  1-[ 7, 2, 1]
  30    2    67.567719   54.802798   67.567719    3.936574    0.00000000   0.0000   0.5037  1-[ 7, 5, 0]
  31    2    70.747980   57.983059   70.747980    4.013740    0.00000000   0.0000   0.4565  1-[ 7, 1, 0]
  32    3     0.066651  -12.831572   -0.066651    1.573303    1.00000000   0.0000   0.8967  3+[ 2, 1, 1]
  33    3     8.066698   -4.698222    8.066698    2.004629    0.00000000   0.0000   0.8669  3+[ 2, 0, 2]
  34    3    24.677391   11.912470   24.677391    2.687533    0.00000000   0.0000   0.6889  3+[ 4, 3, 1]
  35    3    25.969391   13.204470   25.969391    2.733508    0.00000000   0.0000   0.6348  3+[ 4, 1, 1]
  36    3    28.075383   15.310462   28.075383    2.806835    0.00000000   0.0000   0.6111  3+[ 4, 0, 2]
  37    3    32.439867   19.674947   32.439867    2.953008    0.00000000   0.0000   0.6712  3+[ 4, 2, 2]
  38    3    46.481711   33.716790   46.481711    3.380681    0.00000000   0.0000   0.5255  3+[ 6, 1, 1]
  39    3    48.412481   35.647560   48.412481    3.435326    0.00000000   0.0000   0.3954  3+[ 6, 3, 1]
  40    3    51.483226   38.718305   51.483226    3.520487    0.00000000   0.0000   0.5732  3+[ 6, 3, 1]
  41    3    52.352231   39.587310   52.352231    3.544216    0.00000000   0.0000   0.5591  3+[ 4, 0, 2]
  42    3    54.590312   41.825392   54.590312    3.604608    0.00000000   0.0000   0.5245  3+[ 6, 2, 2]
  43    3    56.325214   43.560293   56.325214    3.650736    0.00000000   0.0000   0.6077  3+[ 6, 4, 2]
  44    4    11.174454  -23.939375  -11.174454    2.148962    1.00000000   0.0000   0.9766  3-[ 1, 0, 1]
  45    4    11.985728   -0.779192   11.985728    2.185072    0.00000000   0.0000   0.8068  3-[ 3, 2, 1]
  46    4    16.048132    3.283211   16.048132    2.357583    0.00000000   0.0000   0.8488  3-[ 3, 0, 1]
  47    4    21.068523    8.303602   21.068523    2.554733    0.00000000   0.0000   0.7856  3-[ 3, 1, 2]
  48    4    37.384012   24.619092   37.384012    3.110307    0.00000000   0.0000   0.7610  3-[ 5, 0, 1]
  49    4    37.883576   25.118655   37.883576    3.125761    0.00000000   0.0000   0.5911  3-[ 5, 4, 1]
  50    4    38.560149   25.795228   38.560149    3.146569    0.00000000   0.0000   0.6215  3-[ 5, 2, 1]
  51    4    43.748383   30.983463   43.748383    3.301777    0.00000000   0.0000   0.6092  3-[ 5, 1, 2]
  52    4    45.824421   33.059501   45.824421    3.361876    0.00000000   0.0000   0.6623  3-[ 5, 3, 2]
  53    4    64.598919   51.833998   64.598919    3.863149    0.00000000   0.0000   0.5649  3-[ 7, 2, 1]
  54    4    67.590381   54.825461   67.590381    3.937129    0.00000000   0.0000   0.5722  3-[ 7, 4, 1]
  55    4    70.740779   57.975858   70.740779    4.013567    0.00000000   0.0000   0.4841  3-[ 7, 4, 1]
  56    5     0.055258  -12.709663    0.055258    1.572604    0.00000000   0.0000   0.9784  5+[ 2, 0, 2]
  57    5    24.799677   12.034757   24.799677    2.691918    0.00000000   0.0000   0.8624  5+[ 4, 2, 2]
  58    5    25.443558   12.678638   25.443558    2.714890    0.00000000   0.0000   0.8050  5+[ 4, 0, 2]
  59    5    32.192139   19.427218   32.192139    2.944906    0.00000000   0.0000   0.7527  5+[ 4, 1, 3]
  60    5    46.232532   33.467611   46.232532    3.373565    0.00000000   0.0000   0.5095  5+[ 6, 2, 2]
  61    5    48.256720   35.491800   48.256720    3.430950    0.00000000   0.0000   0.5956  5+[ 6, 0, 2]
  62    5    51.480262   38.715341   51.480262    3.520406    0.00000000   0.0000   0.6138  5+[ 6, 4, 2]
  63    5    54.314482   41.549561   54.314482    3.597220    0.00000000   0.0000   0.5994  5+[ 6, 1, 3]
  64    5    56.017694   43.252773   56.017694    3.642602    0.00000000   0.0000   0.6930  5+[ 6, 3, 3]
  65    6    12.233470   -0.531451   12.233470    2.195980    0.00000000   0.0000   0.9285  5-[ 3, 1, 2]
  66    6    21.132798    8.367878   21.132798    2.557159    0.00000000   0.0000   0.8567  5-[ 3, 0, 3]
  67    6    37.344748   24.579827   37.344748    3.109089    0.00000000   0.0000   0.6670  5-[ 5, 1, 2]
  68    6    38.675125   25.910205   38.675125    3.150091    0.00000000   0.0000   0.6870  5-[ 5, 3, 2]
  69    6    43.212253   30.447333   43.212253    3.286078    0.00000000   0.0000   0.6910  5-[ 5, 0, 3]
  70    6    45.633785   32.868864   45.633785    3.356402    0.00000000   0.0000   0.7555  5-[ 5, 2, 3]
  71    6    64.502981   51.738060   64.502981    3.860753    0.00000000   0.0000   0.5669  5-[ 7, 5, 2]
  72    6    67.640398   54.875477   67.640398    3.938355    0.00000000   0.0000   0.5633  5-[ 7, 3, 2]
  73    6    70.711779   57.946858   70.711779    4.012870    0.00000000   0.0000   0.6441  5-[ 7, 1, 2]
  74    7    25.074623   12.309703   25.074623    2.701751    0.00000000   0.0000   0.9265  7+[ 4, 1, 3]
  75    7    31.939252   19.174331   31.939252    2.936611    0.00000000   0.0000   0.7916  7+[ 4, 0, 4]
  76    7    45.866470   33.101549   45.866470    3.363083    0.00000000   0.0000   0.7302  7+[ 6, 1, 3]
  77    7    51.491853   38.726933   51.491853    3.520723    0.00000000   0.0000   0.7507  7+[ 6, 3, 3]
  78    7    54.004457   41.239536   54.004457    3.588898    0.00000000   0.0000   0.6239  7+[ 6, 0, 4]
  79    7    55.640560   42.875639   55.640560    3.632602    0.00000000   0.0000   0.7549  7+[ 6, 2, 4]
  80    8    12.637593   -0.127328   12.637593    2.213659    0.00000000   0.0000   0.9831  7-[ 3, 0, 3]
  81    8    36.838573   24.073652   36.838573    3.093346    0.00000000   0.0000   0.8236  7-[ 5, 0, 3]
  82    8    38.877452   26.112532   38.877452    3.156280    0.00000000   0.0000   0.8452  7-[ 5, 2, 3]
  83    8    45.448569   32.683648   45.448569    3.351076    0.00000000   0.0000   0.8224  7-[ 5, 1, 4]
  84    8    64.364256   51.599335   64.364256    3.857285    0.00000000   0.0000   0.6686  7-[ 7, 2, 3]
  85    8    67.726694   54.961774   67.726694    3.940467    0.00000000   0.0000   0.7035  7-[ 7, 4, 3]
  86    8    70.667113   57.902193   70.667113    4.011796    0.00000000   0.0000   0.8261  7-[ 7, 0, 3]
  87    9    25.480793   12.715872   25.480793    2.716213    0.00000000   0.0000   0.9616  9+[ 4, 0, 4]
  88    9    45.461098   32.696178   45.461098    3.351436    0.00000000   0.0000   0.8185  9+[ 6, 0, 4]
  89    9    51.536804   38.771883   51.536804    3.521954    0.00000000   0.0000   0.8467  9+[ 6, 2, 4]
  90    9    55.250860   42.485939   55.250860    3.622240    0.00000000   0.0000   0.8014  9+[ 6, 1, 5]
  91   10    39.206162   26.441241   39.206162    3.166309    0.00000000   0.0000   0.9406  9-[ 5, 1, 4]
  92   10    45.331593   32.566672   45.331593    3.347707    0.00000000   0.0000   0.8606  9-[ 5, 0, 5]
  93   10    64.198897   51.433977   64.198897    3.853148    0.00000000   0.0000   0.8630  9-[ 7, 1, 4]
  94   10    67.861978   55.097057   67.861978    3.943777    0.00000000   0.0000   0.8256  9-[ 7, 3, 4]
  95   11    51.631400   38.866480   51.631400    3.524544    0.00000000   0.0000   0.9051 11+[ 6, 1, 5]
  96   11    54.923420   42.158499   54.923420    3.613511    0.00000000   0.0000   0.8328 11+[ 6, 0, 6]
  97   12    39.737625   26.972705   39.737625    3.182457    0.00000000   0.0000   0.9694 11-[ 5, 0, 5]
  98   12    64.042482   51.277562   64.042482    3.849231    0.00000000   0.0000   0.9460 11-[ 7, 0, 5]
  99   12    68.063823   55.298902   68.063823    3.948711    0.00000000   0.0000   0.9173 11-[ 7, 2, 5]
 100   13    51.802750   39.037829   51.802750    3.529230    0.00000000   0.0000   0.9254 13+[ 6, 0, 6]
 101   14    68.361377   55.596456   68.361377    3.955972    0.00000000   0.0000   0.9750 13-[ 7, 1, 6]
 102   16    68.803857   56.038936   68.803857    3.966746    0.00000000   0.0000   1.0000 15-[ 7, 0, 7]
#all active are  102 q.p. states out of  165
#since the cut off is pwi=  60.0
#check: number of neutrons=  12.0


 #canonical s.p. energies neutrons
 ---------------------------------


  labels -> {2*omega}{parity}[nn=nz+2*nr+nl,nz,nl]
  cqpe   -> canonical q.p. energies
  ce     -> canonical s.p. energies
  fermi energy=  -12.764920695576738     
  average cdelt=   7.3095517507364437E-021
  k0      ceqp        ce         v*v       u*v        cdel     overl      labels
   1   -1.563711   -1.563711   0.00000000   0.00000000   0.0000   0.6413  1+[ 2, 0, 0]
   2   22.729684   22.729684   0.00000000   0.00000000   0.0000   0.8857  1+[ 4, 2, 0]
   3   38.909098   38.909098   0.00000000   0.00000000  -0.0000   0.4822  1+[ 4, 0, 0]
   4   29.910078   29.910078   0.00000000   0.00000000  -0.0000   0.4796  1+[ 4, 3, 1]
   5   51.912664   51.912664   0.00000000   0.00000000  -0.0000   0.5177  1+[ 6, 6, 0]
   7   58.926098   58.926098   0.00000000   0.00000000  -0.0000   0.5572  1+[ 8, 1, 1]
  10   54.062067   54.062067   0.00000000   0.00000000   0.0000   0.4741  1+[ 6, 5, 1]
  11   58.235920   58.235920   0.00000000   0.00000000  -0.0000   0.6786  1+[ 6, 5, 1]
  12   45.962415   45.962415   0.00000000   0.00000000  -0.0000   0.8803  1+[ 6, 2, 0]
  14   48.882306   48.882306   0.00000000   0.00000000  -0.0000   0.6051  1+[ 6, 4, 0]
  15   52.065998   52.065998   0.00000000   0.00000000  -0.0000   0.6046  1+[ 6, 3, 1]
  16   59.075466   59.075466   0.00000000   0.00000000  -0.0000   0.5514  1+[ 8, 6, 0]
  18   52.895637   52.895637   0.00000000   0.00000000  -0.0000   0.5242  1+[ 6, 6, 0]
  19   27.051786   27.051786   0.00000000   0.00000000   0.0000   0.6499  1+[ 4, 3, 1]
  20   44.938878   44.938878   0.00000000   0.00000000   0.0000   0.5957  1+[ 4, 0, 0]
  21   21.549556   21.549556   0.00000000   0.00000000  -0.0000   0.6770  1+[ 4, 1, 1]
  22   19.290646   19.290646   0.00000000   0.00000000  -0.0000   0.7176  1+[ 4, 4, 0]
  23   -6.417879   -6.417879   0.00000000   0.00000002   0.0000   0.6273  1+[ 2, 2, 0]
  24  -12.606168  -12.923674   0.95988497   0.19622898   0.0000   0.6958  1+[ 2, 2, 0]
  25    9.978465  -35.508307   1.00000000   0.00000002   0.0000   0.9883  1+[ 0, 0, 0]
  26   11.561828   11.561828   0.00000000   0.00000000   0.0000   0.8342  1-[ 3, 2, 1]
  27   11.931880   11.931880   0.00000000   0.00000000   0.0000   0.6513  1-[ 3, 1, 0]
  28    5.649792    5.649792   0.00000000   0.00000000   0.0000   0.6612  1-[ 3, 3, 0]
  29   31.649316   31.649316   0.00000000   0.00000000  -0.0000   0.7567  1-[ 5, 5, 0]
  30   33.617867   33.617867   0.00000000   0.00000000  -0.0000   0.5265  1-[ 5, 1, 0]
  31   42.195228   42.195228   0.00000000   0.00000000  -0.0000   0.7229  1-[ 5, 3, 0]
  32   54.887793   54.887793   0.00000000   0.00000000   0.0000   0.6138  1-[ 7, 4, 1]
  33   51.881915   51.881915   0.00000000   0.00000000  -0.0000   0.5810  1-[ 7, 2, 1]
  34   59.285143   59.285143   0.00000000   0.00000000  -0.0000   0.8331  1-[ 7, 5, 0]
  35   56.922336   56.922336   0.00000000   0.00000000  -0.0000   0.9272  1-[ 7, 6, 1]
  36   52.260410   52.260410   0.00000000   0.00000000  -0.0000   0.7369  1-[ 7, 7, 0]
  37   54.797336   54.797336   0.00000000   0.00000000  -0.0000   0.8797  1-[ 7, 3, 0]
  38   49.942297   49.942297   0.00000000   0.00000000  -0.0000   0.5592  1-[ 7, 1, 0]
  39   50.467002   50.467002   0.00000000   0.00000000  -0.0000   0.6461  1-[ 7, 0, 1]
  40   33.425008   33.425008   0.00000000   0.00000000   0.0000   0.5759  1-[ 5, 4, 1]
  41   30.183203   30.183203   0.00000000   0.00000000  -0.0000   0.7982  1-[ 5, 0, 1]
  42   29.040019   29.040019   0.00000000   0.00000000   0.0000   0.4917  1-[ 5, 2, 1]
  43    6.042802    6.042802   0.00000000   0.00000002   0.0000   0.8486  1-[ 3, 0, 1]
  44   -6.259853  -19.269989   1.00000000   0.00000002   0.0000   0.9057  1-[ 1, 0, 1]
  45   -1.680268  -23.849574   1.00000000   0.00000000   0.0000   0.9055  1-[ 1, 1, 0]
  46    7.563205    7.563205   0.00000000   0.00000000  -0.0000   0.5704  3+[ 2, 0, 2]
  47   17.830743   17.830743   0.00000000   0.00000000   0.0000   0.7615  3+[ 4, 1, 1]
  48   46.793660   46.793660   0.00000000   0.00000000  -0.0000   0.5906  3+[ 8, 1, 1]
  49   54.937428   54.937428   0.00000000   0.00000000   0.0000   0.4885  3+[ 4, 2, 2]
  50   47.088351   47.088351   0.00000000   0.00000000  -0.0000   0.7441  3+[ 6, 5, 1]
  51   55.579151   55.579151   0.00000000   0.00000000   0.0000   0.6552  3+[ 8, 7, 1]
  53   47.866342   47.866342   0.00000000   0.00000000   0.0000   0.6087  3+[ 6, 2, 2]
  55   56.527025   56.527025   0.00000000   0.00000000   0.0000   0.8015  3+[ 8, 6, 2]
  59   44.729176   44.729176   0.00000000   0.00000000  -0.0000   0.4861  3+[ 6, 0, 2]
  60   48.297272   48.297272   0.00000000   0.00000000   0.0000   0.4971  3+[ 8, 1, 1]
  61   53.298084   53.298084   0.00000000   0.00000000   0.0000   0.6066  3+[ 8, 3, 1]
  62   35.675263   35.675263   0.00000000   0.00000000   0.0000   0.5174  3+[ 4, 2, 2]
  63   26.584089   26.584089   0.00000000   0.00000000  -0.0000   0.6701  3+[ 4, 0, 2]
  64    9.749449    9.749449   0.00000000   0.00000000   0.0000   0.7187  3+[ 2, 0, 2]
  65  -12.698269  -12.831572   0.79134090   0.40635019   0.0000   0.8967  3+[ 2, 1, 1]
  66   10.602734   10.602734   0.00000000   0.00000000   0.0000   0.7255  3-[ 3, 2, 1]
  67   25.706924   25.706924   0.00000000   0.00000000  -0.0000   0.5741  3-[ 5, 4, 1]
  68   32.002810   32.002810   0.00000000   0.00000000   0.0000   0.7428  3-[ 5, 2, 1]
  69   29.318598   29.318598   0.00000000   0.00000000   0.0000   0.7539  3-[ 5, 4, 1]
  70   51.522983   51.522983   0.00000000   0.00000000   0.0000   0.8271  3-[ 7, 2, 1]
  71   44.980165   44.980165   0.00000000   0.00000000   0.0000   0.5293  3-[ 5, 3, 2]
  72   46.812597   46.812597   0.00000000   0.00000000   0.0000   0.8104  3-[ 5, 1, 2]
  73   56.941093   56.941093   0.00000000   0.00000000   0.0000   0.9196  3-[ 7, 3, 2]
  74   57.521949   57.521949   0.00000000   0.00000000  -0.0000   0.6478  3-[ 7, 5, 2]
  75   47.960105   47.960105   0.00000000   0.00000000   0.0000   0.6614  3-[ 7, 5, 2]
  76   51.700352   51.700352   0.00000000   0.00000000   0.0000   0.7587  3-[ 7, 6, 1]
  77   51.853546   51.853546   0.00000000   0.00000000   0.0000   0.6733  3-[ 7, 4, 1]
  78   57.576927   57.576927   0.00000000   0.00000000  -0.0000   0.7910  3-[ 7, 0, 1]
  79    2.886107    2.886107   0.00000000   0.00000000   0.0000   0.7531  3-[ 3, 1, 2]
  80    5.363529    5.363529   0.00000000   0.00000000  -0.0000   0.9266  3-[ 3, 0, 1]
  81   -1.590466  -23.939375   1.00000000   0.00000000   0.0000   0.9766  3-[ 1, 0, 1]
  82   31.518787   31.518787   0.00000000   0.00000000   0.0000   0.5832  5+[ 4, 2, 2]
  83   30.271238   30.271238   0.00000000   0.00000000   0.0000   0.6701  5+[ 4, 0, 2]
  84   56.756493   56.756493   0.00000000   0.00000000   0.0000   0.6133  5+[ 6, 0, 2]
  85   44.955953   44.955953   0.00000000   0.00000000   0.0000   0.6942  5+[ 8, 2, 2]
  87   45.331145   45.331145   0.00000000   0.00000000   0.0000   0.7872  5+[ 6, 1, 3]
  88   53.936018   53.936018   0.00000000   0.00000000   0.0000   0.6904  5+[ 8, 5, 3]
  93   50.462517   50.462517   0.00000000   0.00000000  -0.0000   0.5227  5+[ 6, 0, 2]
  94   53.761713   53.761713   0.00000000   0.00000000   0.0000   0.6160  5+[ 6, 2, 2]
  95   20.331897   20.331897   0.00000000   0.00000000   0.0000   0.8179  5+[ 4, 1, 3]
  96   23.537350   23.537350   0.00000000   0.00000000  -0.0000   0.6810  5+[ 4, 0, 2]
  97  -12.709663  -12.709663   0.24877413   0.43230263  -0.0000   0.9784  5+[ 2, 0, 2]
  99   36.875405   36.875405   0.00000000   0.00000000  -0.0000   0.7042  5-[ 5, 0, 3]
 100   51.438454   51.438454   0.00000000   0.00000000   0.0000   0.7725  5-[ 7, 2, 3]
 101   33.953776   33.953776   0.00000000   0.00000000  -0.0000   0.6018  5-[ 5, 3, 2]
 102   41.029817   41.029817   0.00000000   0.00000000   0.0000   0.6293  5-[ 7, 1, 2]
 103   27.664845   27.664845   0.00000000   0.00000000   0.0000   0.6699  5-[ 3, 0, 3]
 104   42.167620   42.167620   0.00000000   0.00000000   0.0000   0.7165  5-[ 5, 1, 2]
 105   37.091557   37.091557   0.00000000   0.00000000   0.0000   0.6498  5-[ 5, 2, 3]
 106   44.680245   44.680245   0.00000000   0.00000000   0.0000   0.5014  5-[ 7, 0, 3]
 107   39.744496   39.744496   0.00000000   0.00000000   0.0000   0.5374  5-[ 3, 1, 2]
 108   22.699807   22.699807   0.00000000   0.00000000   0.0000   0.7347  5-[ 3, 1, 2]
 109   45.521680   45.521680   0.00000000   0.00000000   0.0000   0.6874  5-[ 7, 5, 2]
 110   49.815470   49.815470   0.00000000   0.00000000   0.0000   0.6267  7+[ 8, 2, 4]
 112   59.644006   59.644006   0.00000000   0.00000000  -0.0000   0.6318  7+[ 8, 1, 3]
 114   53.421280   53.421280   0.00000000   0.00000000   0.0000   0.6249  7+[ 6, 1, 3]
 116   57.835646   57.835646   0.00000000   0.00000000   0.0000   0.5358  7+[ 8, 5, 3]
 117   40.667605   40.667605   0.00000000   0.00000000  -0.0000   0.5847  7+[ 6, 0, 4]
 118   53.822361   53.822361   0.00000000   0.00000000  -0.0000   0.6439  7+[ 6, 3, 3]
 119   46.598694   46.598694   0.00000000   0.00000000  -0.0000   0.5294  7+[ 6, 0, 4]
 120   20.524420   20.524420   0.00000000   0.00000000   0.0000   0.8529  7+[ 4, 1, 3]
 121   46.356425   46.356425   0.00000000   0.00000000  -0.0000   0.6370  7+[ 6, 2, 4]
 122   56.495416   56.495416   0.00000000   0.00000000  -0.0000   0.5553  7-[ 7, 0, 3]
 123   55.424790   55.424790   0.00000000   0.00000000  -0.0000   0.4736  7-[ 5, 0, 3]
 124   29.594683   29.594683   0.00000000   0.00000000   0.0000   0.8071  7-[ 5, 2, 3]
 125   27.393221   27.393221   0.00000000   0.00000000  -0.0000   0.6768  7-[ 5, 0, 3]
 126   42.128151   42.128151   0.00000000   0.00000000   0.0000   0.6868  7-[ 7, 2, 3]
 127   59.657874   59.657874   0.00000000   0.00000000   0.0000   0.6701  7-[ 7, 4, 3]
 128   56.902770   56.902770   0.00000000   0.00000000   0.0000   0.7233  7-[ 7, 3, 4]
 129   33.478876   33.478876   0.00000000   0.00000000   0.0000   0.7598  7-[ 5, 1, 4]
 130   17.409755   17.409755   0.00000000   0.00000000   0.0000   0.7689  7-[ 3, 0, 3]
 131   24.500967   24.500967   0.00000000   0.00000000  -0.0000   0.7718  9+[ 4, 0, 4]
 135   38.278273   38.278273   0.00000000   0.00000000  -0.0000   0.6373  9+[ 6, 0, 4]
 136   59.228647   59.228647   0.00000000   0.00000000   0.0000   0.7318  9+[ 8, 3, 5]
 137   51.538908   51.538908   0.00000000   0.00000000  -0.0000   0.6361  9+[ 8, 1, 5]
 139   41.811261   41.811261   0.00000000   0.00000000  -0.0000   0.5612  9+[ 6, 2, 4]
 140   51.011726   51.011726   0.00000000   0.00000000   0.0000   0.9877  9-[ 7, 1, 4]
 141   48.063896   48.063896   0.00000000   0.00000000  -0.0000   0.6240  9-[ 5, 1, 4]
 142   43.310406   43.310406   0.00000000   0.00000000   0.0000   0.7740  9-[ 5, 1, 4]
 143   39.876692   39.876692   0.00000000   0.00000000  -0.0000   0.6494  9-[ 5, 0, 5]
 145   53.559895   53.559895   0.00000000   0.00000000   0.0000   0.6885  9-[ 7, 3, 4]
 146   45.256645   45.256645   0.00000000   0.00000000   0.0000   0.9828 11+[ 6, 1, 5]
 151   47.427165   47.427165   0.00000000   0.00000000  -0.0000   0.6631 11+[ 8, 0, 6]
 153   51.433959   51.433959   0.00000000   0.00000000  -0.0000   0.9618 11-[ 7, 0, 5]
 154   33.768601   33.768601   0.00000000   0.00000000   0.0000   0.8537 11-[ 5, 0, 5]
 155   50.946643   50.946643   0.00000000   0.00000000  -0.0000   0.8579 11-[ 7, 2, 5]
 158   54.753764   54.753764   0.00000000   0.00000000  -0.0000   0.5784 13+[ 6, 0, 6]
 159   58.844755   58.844755   0.00000000   0.00000000  -0.0000   0.7533 13+[ 8, 2, 6]
 160   55.986586   55.986586   0.00000000   0.00000000   0.0000   1.0000 13-[ 7, 1, 6]
 162   56.038936   56.038936   0.00000000   0.00000000  -0.0000   1.0000 15-[ 7, 0, 7]
  Sum canonical e_v*V^2_k=  -256.57693454967176     


 #quasiparticle energies protons 
 --------------------------------
  eqp(k) -> q.p. energy 
  e(k)   -> referent s.p. energy 
  p(k)   -> occ.probability 
  del(k) -> referent s.p. gap 
  fermi energy alast=  -8.0588102555408891     
  #k  block#    eqp(k)     e(k)       (1-2N)E      decay        p(k)        del(k)    overl      labels
   1    1     0.159065   -8.217875   -0.159065    1.259077    1.00000000   0.0000   0.6926  1+[ 2, 2, 0]
   2    1     2.706086   -5.352724    2.706086    1.441044    0.00000000   0.0000   0.8276  1+[ 2, 0, 0]
   3    1     7.733929   -0.324882    7.733929    1.745425    0.00000000   0.0000   0.7387  1+[ 2, 1, 1]
   4    1    22.557222  -30.616032  -22.557222    2.430227    1.00000000   0.0000   0.9872  1+[ 0, 0, 0]
   5    1    23.830030   15.771219   23.830030    2.480229    0.00000000   0.0000   0.6557  1+[ 4, 0, 0]
   6    1    24.242454   16.183644   24.242454    2.496216    0.00000000   0.0000   0.5524  1+[ 4, 2, 0]
   7    1    25.526263   17.467453   25.526263    2.545339    0.00000000   0.0000   0.5013  1+[ 4, 4, 0]
   8    1    27.771491   19.712681   27.771491    2.629043    0.00000000   0.0000   0.4547  1+[ 4, 1, 1]
   9    1    31.754742   23.695931   31.754742    2.771328    0.00000000   0.0000   0.5347  1+[ 4, 3, 1]
  10    1    45.601571   37.542760   45.601571    3.217357    0.00000000   0.0000   0.4564  1+[ 6, 2, 0]
  11    1    47.971810   39.912999   47.971810    3.287647    0.00000000   0.0000   0.4141  1+[ 6, 6, 0]
  12    1    49.368373   41.309563   49.368373    3.328367    0.00000000   0.0000   0.4910  1+[ 4, 0, 0]
  13    1    50.538614   42.479803   50.538614    3.362108    0.00000000   0.0000   0.5382  1+[ 6, 4, 0]
  14    1    51.532601   43.473791   51.532601    3.390504    0.00000000   0.0000   0.4254  1+[ 4, 1, 1]
  15    1    53.887324   45.828514   53.887324    3.456842    0.00000000   0.0000   0.4138  1+[ 6, 2, 0]
  16    1    55.465883   47.407073   55.465883    3.500610    0.00000000   0.0000   0.4951  1+[ 6, 5, 1]
  17    2     6.371274  -14.430084   -6.371274    1.668426    1.00000000   0.0000   0.8396  1-[ 1, 0, 1]
  18    2    11.098761  -19.157571  -11.098761    1.922395    1.00000000   0.0000   0.8390  1-[ 1, 1, 0]
  19    2    11.754714    3.695903   11.754714    1.955029    0.00000000   0.0000   0.5978  1-[ 3, 2, 1]
  20    2    15.252152    7.193341   15.252152    2.120570    0.00000000   0.0000   0.6283  1-[ 3, 1, 0]
  21    2    16.600792    8.541982   16.600792    2.181049    0.00000000   0.0000   0.7528  1-[ 3, 0, 1]
  22    2    20.644121   12.585311   20.644121    2.353074    0.00000000   0.0000   0.6309  1-[ 3, 2, 1]
  23    2    36.739546   28.680736   36.739546    2.939703    0.00000000   0.0000   0.5996  1-[ 5, 1, 0]
  24    2    37.585114   29.526304   37.585114    2.967317    0.00000000   0.0000   0.5799  1-[ 5, 5, 0]
  25    2    37.927047   29.868237   37.927047    2.978411    0.00000000   0.0000   0.6061  1-[ 5, 3, 0]
  26    2    38.611490   30.552679   38.611490    3.000494    0.00000000   0.0000   0.5525  1-[ 5, 0, 1]
  27    2    43.291899   35.233089   43.291899    3.147354    0.00000000   0.0000   0.4463  1-[ 5, 2, 1]
  28    2    45.113605   37.054795   45.113605    3.202695    0.00000000   0.0000   0.5348  1-[ 5, 4, 1]
  29    2    64.128789   56.069978   64.128789    3.731674    0.00000000   0.0000   0.4710  1-[ 7, 2, 1]
  30    2    66.796792   58.737982   66.796792    3.800009    0.00000000   0.0000   0.5114  1-[ 7, 5, 0]
  31    3     0.067351   -8.126161   -0.067351    1.252031    1.00000000   0.0000   0.8937  3+[ 2, 1, 1]
  32    3     7.854428   -0.204382    7.854428    1.752071    0.00000000   0.0000   0.8591  3+[ 2, 0, 2]
  33    3    24.285842   16.227032   24.285842    2.497892    0.00000000   0.0000   0.6784  3+[ 4, 3, 1]
  34    3    25.031359   16.972549   25.031359    2.526515    0.00000000   0.0000   0.6104  3+[ 4, 1, 1]
  35    3    27.067150   19.008340   27.067150    2.603074    0.00000000   0.0000   0.5863  3+[ 4, 0, 2]
  36    3    31.566758   23.507948   31.566758    2.764777    0.00000000   0.0000   0.6585  3+[ 4, 2, 2]
  37    3    45.483668   37.424858   45.483668    3.213821    0.00000000   0.0000   0.5079  3+[ 6, 1, 1]
  38    3    47.821928   39.763117   47.821928    3.283247    0.00000000   0.0000   0.4096  3+[ 4, 1, 1]
  39    3    50.524523   42.465713   50.524523    3.361704    0.00000000   0.0000   0.5657  3+[ 6, 3, 1]
  40    3    51.825574   43.766763   51.825574    3.398828    0.00000000   0.0000   0.5767  3+[ 4, 0, 2]
  41    3    53.746879   45.688069   53.746879    3.452921    0.00000000   0.0000   0.5428  3+[ 6, 2, 2]
  42    3    55.265804   47.206994   55.265804    3.495093    0.00000000   0.0000   0.6095  3+[ 6, 4, 2]
  43    4    11.070439  -19.129249  -11.070439    1.920974    1.00000000   0.0000   0.9747  3-[ 1, 0, 1]
  44    4    11.854813    3.796003   11.854813    1.959962    0.00000000   0.0000   0.8030  3-[ 3, 2, 1]
  45    4    15.553618    7.494807   15.553618    2.134238    0.00000000   0.0000   0.8347  3-[ 3, 0, 1]
  46    4    20.594271   12.535461   20.594271    2.351030    0.00000000   0.0000   0.7759  3-[ 3, 1, 2]
  47    4    36.623768   28.564957   36.623768    2.935902    0.00000000   0.0000   0.7025  3-[ 5, 0, 1]
  48    4    37.113934   29.055124   37.113934    2.951961    0.00000000   0.0000   0.5000  3-[ 5, 4, 1]
  49    4    37.972759   29.913948   37.972759    2.979891    0.00000000   0.0000   0.5862  3-[ 5, 2, 1]
  50    4    42.975238   34.916428   42.975238    3.137635    0.00000000   0.0000   0.6037  3-[ 5, 1, 2]
  51    4    44.967647   36.908836   44.967647    3.198297    0.00000000   0.0000   0.6614  3-[ 5, 3, 2]
  52    4    64.084662   56.025851   64.084662    3.730534    0.00000000   0.0000   0.5695  3-[ 7, 2, 1]
  53    4    66.816308   58.757498   66.816308    3.800504    0.00000000   0.0000   0.5758  3-[ 7, 4, 1]
  54    5     0.055940   -8.002870    0.055940    1.251152    0.00000000   0.0000   0.9750  5+[ 2, 0, 2]
  55    5    24.323284   16.264474   24.323284    2.499337    0.00000000   0.0000   0.7658  5+[ 4, 2, 2]
  56    5    24.500038   16.441228   24.500038    2.506149    0.00000000   0.0000   0.7280  5+[ 4, 0, 2]
  57    5    31.273585   23.214774   31.273585    2.754531    0.00000000   0.0000   0.7368  5+[ 4, 1, 3]
  58    5    45.238281   37.179471   45.238281    3.206448    0.00000000   0.0000   0.5091  5+[ 6, 2, 2]
  59    5    47.685890   39.627080   47.685890    3.279248    0.00000000   0.0000   0.5779  5+[ 6, 0, 2]
  60    5    50.505207   42.446397   50.505207    3.361150    0.00000000   0.0000   0.6097  5+[ 6, 4, 2]
  61    5    53.516058   45.457248   53.516058    3.446467    0.00000000   0.0000   0.5988  5+[ 6, 1, 3]
  62    5    54.916974   46.858164   54.916974    3.485453    0.00000000   0.0000   0.6868  5+[ 6, 3, 3]
  63    6    12.090865    4.032055   12.090865    1.971544    0.00000000   0.0000   0.9244  5-[ 3, 1, 2]
  64    6    20.610122   12.551312   20.610122    2.351680    0.00000000   0.0000   0.8451  5-[ 3, 0, 3]
  65    6    36.450644   28.391834   36.450644    2.930209    0.00000000   0.0000   0.6775  5-[ 5, 1, 2]
  66    6    38.074492   30.015682   38.074492    2.983182    0.00000000   0.0000   0.7011  5-[ 5, 3, 2]
  67    6    42.450850   34.392040   42.450850    3.121473    0.00000000   0.0000   0.6778  5-[ 5, 0, 3]
  68    6    44.750580   36.691770   44.750580    3.191744    0.00000000   0.0000   0.7510  5-[ 5, 2, 3]
  69    6    63.996533   55.937723   63.996533    3.728254    0.00000000   0.0000   0.5527  5-[ 7, 5, 2]
  70    6    66.860158   58.801348   66.860158    3.801617    0.00000000   0.0000   0.5642  5-[ 7, 5, 2]
  71    7    24.618636   16.559826   24.618636    2.510710    0.00000000   0.0000   0.9172  7+[ 4, 1, 3]
  72    7    30.955614   22.896804   30.955614    2.743374    0.00000000   0.0000   0.7747  7+[ 4, 0, 4]
  73    7    44.887128   36.828318   44.887128    3.195867    0.00000000   0.0000   0.7204  7+[ 6, 1, 3]
  74    7    50.492488   42.433678   50.492488    3.360785    0.00000000   0.0000   0.7441  7+[ 6, 3, 3]
  75    7    53.266127   45.207317   53.266127    3.439466    0.00000000   0.0000   0.6103  7+[ 6, 0, 4]
  76    7    54.485390   46.426580   54.485390    3.473489    0.00000000   0.0000   0.7448  7+[ 6, 2, 4]
  77    8    12.478895    4.420085   12.478895    1.990437    0.00000000   0.0000   0.9786  7-[ 3, 0, 3]
  78    8    35.920891   27.862080   35.920891    2.912719    0.00000000   0.0000   0.8184  7-[ 5, 0, 3]
  79    8    38.255472   30.196662   38.255472    2.989027    0.00000000   0.0000   0.8451  7-[ 5, 2, 3]
  80    8    44.531832   36.473022   44.531832    3.185126    0.00000000   0.0000   0.8157  7-[ 5, 1, 4]
  81    8    63.868684   55.809874   63.868684    3.724945    0.00000000   0.0000   0.6724  7-[ 7, 2, 3]
  82    8    66.937417   58.878607   66.937417    3.803576    0.00000000   0.0000   0.7098  7-[ 7, 4, 3]
  83    9    24.968773   16.909963   24.968773    2.524125    0.00000000   0.0000   0.9509  9+[ 4, 0, 4]
  84    9    44.507883   36.449073   44.507883    3.184401    0.00000000   0.0000   0.8039  9+[ 6, 0, 4]
  85    9    50.504611   42.445801   50.504611    3.361133    0.00000000   0.0000   0.8383  9+[ 6, 2, 4]
  86    9    54.035339   45.976528   54.035339    3.460969    0.00000000   0.0000   0.7945  9+[ 6, 1, 5]
  87   10    38.551343   30.492533   38.551343    2.998560    0.00000000   0.0000   0.9343  9-[ 5, 1, 4]
  88   10    44.372643   36.313833   44.372643    3.180302    0.00000000   0.0000   0.8538  9-[ 5, 0, 5]
  89   10    63.716942   55.658131   63.716942    3.721014    0.00000000   0.0000   0.8623  9-[ 7, 1, 4]
  90   10    67.060802   59.001991   67.060802    3.806704    0.00000000   0.0000   0.8292  9-[ 7, 3, 4]
  91   11    50.556973   42.498162   50.556973    3.362635    0.00000000   0.0000   0.8958 11+[ 6, 1, 5]
  92   11    53.674566   45.615756   53.674566    3.450901    0.00000000   0.0000   0.8264 11+[ 6, 0, 6]
  93   12    39.030822   30.972011   39.030822    3.013943    0.00000000   0.0000   0.9627 11-[ 5, 0, 5]
  94   12    63.578798   55.519987   63.578798    3.717431    0.00000000   0.0000   0.9411 11-[ 7, 0, 5]
  95   12    67.247548   59.188738   67.247548    3.811433    0.00000000   0.0000   0.9185 11-[ 7, 2, 5]
  96   13    50.675416   42.616606   50.675416    3.366031    0.00000000   0.0000   0.9166 13+[ 6, 0, 6]
  97   14    67.525452   59.466641   67.525452    3.818459    0.00000000   0.0000   0.9749 13-[ 7, 1, 6]
  98   16    67.942884   59.884073   67.942884    3.828988    0.00000000   0.0000   1.0000 15-[ 7, 0, 7]
#all active are   98 q.p. states out of  165
#since the cut off is pwi=  60.0
#check: number of protons =  12.0


 #canonical s.p. energies protons 
 ---------------------------------


  labels -> {2*omega}{parity}[nn=nz+2*nr+nl,nz,nl]
  cqpe   -> canonical q.p. energies
  ce     -> canonical s.p. energies
  fermi energy=  -8.0588102555408891     
  average cdelt=  -6.3923065971700394E-021
  k0      ceqp        ce         v*v       u*v        cdel     overl      labels
   1   13.109392   13.109392   0.00000000   0.00000000  -0.0000   0.6412  1+[ 2, 1, 1]
   2   26.893987   26.893987   0.00000000   0.00000000  -0.0000   0.8069  1+[ 4, 4, 0]
   3   29.954735   29.954735   0.00000000   0.00000000  -0.0000   0.6930  1+[ 4, 3, 1]
   4   43.485219   43.485219   0.00000000   0.00000000   0.0000   0.4711  1+[ 8, 5, 1]
  11   50.488477   50.488477   0.00000000   0.00000000  -0.0000   0.7010  1+[ 6, 2, 0]
  13   56.194215   56.194215   0.00000000   0.00000000  -0.0000   0.4659  1+[ 6, 2, 0]
  16   55.780272   55.780272   0.00000000   0.00000000  -0.0000   0.4571  1+[ 6, 5, 1]
  17   55.037334   55.037334   0.00000000   0.00000000  -0.0000   0.4004  1+[ 6, 4, 0]
  18   49.601257   49.601257   0.00000000   0.00000000   0.0000   0.5198  1+[ 8, 1, 1]
  19   43.041620   43.041620   0.00000000   0.00000000  -0.0000   0.5170  1+[ 6, 6, 0]
  20   31.975228   31.975228   0.00000000   0.00000000  -0.0000   0.7755  1+[ 4, 0, 0]
  21   15.480058   15.480058   0.00000000   0.00000000  -0.0000   0.7989  1+[ 4, 1, 1]
  22   24.067737   24.067737   0.00000000   0.00000000  -0.0000   0.7123  1+[ 4, 2, 0]
  23   -4.245319   -4.245319   0.00000000   0.00000001  -0.0000   0.7849  1+[ 2, 0, 0]
  24   -7.899745   -8.217875   0.96012448   0.19566670  -0.0000   0.6926  1+[ 2, 2, 0]
  25   14.498412  -30.616032   1.00000000   0.00000003  -0.0000   0.9872  1+[ 0, 0, 0]
  26   10.306951   10.306951   0.00000000   0.00000000  -0.0000   0.7956  1-[ 3, 0, 1]
  27   15.528584   15.528584   0.00000000   0.00000000  -0.0000   0.7056  1-[ 3, 2, 1]
  28   16.068723   16.068723   0.00000000   0.00000000  -0.0000   0.9126  1-[ 3, 1, 0]
  29   42.697228   42.697228   0.00000000   0.00000000  -0.0000   0.4565  1-[ 5, 2, 1]
  30   39.804019   39.804019   0.00000000   0.00000000  -0.0000   0.8185  1-[ 5, 5, 0]
  31   50.052405   50.052405   0.00000000   0.00000000  -0.0000   0.5134  1-[ 5, 4, 1]
  32   47.145662   47.145662   0.00000000   0.00000000  -0.0000   0.4833  1-[ 5, 1, 0]
  33   56.967845   56.967845   0.00000000   0.00000000  -0.0000   0.7545  1-[ 7, 1, 0]
  35   58.481358   58.481358   0.00000000   0.00000000  -0.0000   0.6379  1-[ 7, 7, 0]
  36   55.489791   55.489791   0.00000000   0.00000000   0.0000   0.7407  1-[ 7, 5, 0]
  38   48.502342   48.502342   0.00000000   0.00000000  -0.0000   0.5447  1-[ 7, 2, 1]
  39   43.952232   43.952232   0.00000000   0.00000000  -0.0000   0.5896  1-[ 5, 3, 0]
  40   35.434303   35.434303   0.00000000   0.00000000  -0.0000   0.6707  1-[ 5, 4, 1]
  41   47.781985   47.781985   0.00000000   0.00000000  -0.0000   0.6408  1-[ 7, 0, 1]
  42   22.662032   22.662032   0.00000000   0.00000000  -0.0000   0.6781  1-[ 3, 3, 0]
  43   24.231758   24.231758   0.00000000   0.00000001  -0.0000   0.6074  1-[ 5, 0, 1]
  44    0.883170  -17.000790   1.00000000   0.00000003  -0.0000   0.9309  1-[ 1, 0, 1]
  45    0.469244  -16.586865   1.00000000   0.00000000  -0.0000   0.9338  1-[ 1, 1, 0]
  46    4.259736    4.259736   0.00000000   0.00000000  -0.0000   0.9049  3+[ 2, 0, 2]
  47   30.550624   30.550624   0.00000000   0.00000000  -0.0000   0.6406  3+[ 4, 3, 1]
  48   57.580215   57.580215   0.00000000   0.00000000  -0.0000   0.6783  3+[ 8, 1, 1]
  49   43.048392   43.048392   0.00000000   0.00000000  -0.0000   0.6524  3+[ 4, 2, 2]
  51   51.826920   51.826920   0.00000000   0.00000000  -0.0000   0.4817  3+[ 8, 5, 1]
  54   46.618353   46.618353   0.00000000   0.00000000  -0.0000   0.5014  3+[ 6, 2, 2]
  57   56.219675   56.219675   0.00000000   0.00000000  -0.0000   0.5516  3+[ 6, 4, 2]
  58   58.085329   58.085329   0.00000000   0.00000000  -0.0000   0.6105  3+[ 6, 5, 1]
  61   47.944236   47.944236   0.00000000   0.00000000  -0.0000   0.5346  3+[ 6, 3, 1]
  62   34.547391   34.547391   0.00000000   0.00000000  -0.0000   0.6391  3+[ 4, 3, 1]
  63   29.959828   29.959828   0.00000000   0.00000000  -0.0000   0.9241  3+[ 4, 0, 2]
  64   21.590963   21.590963   0.00000000   0.00000000  -0.0000   0.8176  3+[ 4, 1, 1]
  65   -7.991459   -8.126161   0.79364271   0.40468995  -0.0000   0.8937  3+[ 2, 1, 1]
  66   15.666948   15.666948   0.00000000   0.00000000  -0.0000   0.6381  3-[ 3, 0, 1]
  67   38.908383   38.908383   0.00000000   0.00000000   0.0000   0.8785  3-[ 7, 0, 1]
  68   57.606147   57.606147   0.00000000   0.00000000  -0.0000   0.8649  3-[ 7, 2, 1]
  69   46.733376   46.733376   0.00000000   0.00000000  -0.0000   0.6394  3-[ 5, 0, 1]
  70   48.199753   48.199753   0.00000000   0.00000000  -0.0000   0.6121  3-[ 7, 6, 1]
  72   56.133862   56.133862   0.00000000   0.00000000  -0.0000   0.8995  3-[ 7, 3, 2]
  73   55.882845   55.882845   0.00000000   0.00000000  -0.0000   0.6348  3-[ 7, 1, 2]
  74   54.988830   54.988830   0.00000000   0.00000000  -0.0000   0.8815  3-[ 5, 1, 2]
  75   41.517095   41.517095   0.00000000   0.00000000  -0.0000   0.7351  3-[ 5, 3, 2]
  76   55.470025   55.470025   0.00000000   0.00000000  -0.0000   0.7320  3-[ 7, 4, 1]
  77   50.877906   50.877906   0.00000000   0.00000000  -0.0000   0.6378  3-[ 5, 4, 1]
  78   31.391189   31.391189   0.00000000   0.00000000  -0.0000   0.5296  3-[ 5, 2, 1]
  79    9.810327    9.810327   0.00000000   0.00000000  -0.0000   0.8144  3-[ 3, 2, 1]
  80   12.531013   12.531013   0.00000000   0.00000000  -0.0000   0.6767  3-[ 3, 1, 2]
  81    3.011629  -19.129249   1.00000000   0.00000000  -0.0000   0.9747  3-[ 1, 0, 1]
  82   23.705381   23.705381   0.00000000   0.00000000  -0.0000   0.8593  5+[ 4, 1, 3]
  83   29.573485   29.573485   0.00000000   0.00000000  -0.0000   0.7739  5+[ 4, 2, 2]
  84   51.349012   51.349012   0.00000000   0.00000000  -0.0000   0.6110  5+[ 6, 2, 2]
  86   52.880335   52.880335   0.00000000   0.00000000  -0.0000   0.6013  5+[ 6, 3, 3]
  87   55.242486   55.242486   0.00000000   0.00000000  -0.0000   0.7532  5+[ 6, 1, 3]
  91   54.209060   54.209060   0.00000000   0.00000000  -0.0000   0.4644  5+[ 6, 3, 3]
  93   46.562433   46.562433   0.00000000   0.00000000   0.0000   0.6908  5+[ 8, 2, 2]
  94   50.076217   50.076217   0.00000000   0.00000000  -0.0000   0.5854  5+[ 6, 2, 2]
  96   21.735824   21.735824   0.00000000   0.00000000  -0.0000   0.8436  5+[ 4, 0, 2]
  97   -8.002870   -8.002870   0.24623281   0.43081575  -0.0000   0.9750  5+[ 2, 0, 2]
  99   39.841552   39.841552   0.00000000   0.00000000  -0.0000   0.7152  5-[ 5, 0, 3]
 100   49.408146   49.408146   0.00000000   0.00000000  -0.0000   0.6549  5-[ 5, 1, 2]
 101   46.974481   46.974481   0.00000000   0.00000000  -0.0000   0.4931  5-[ 5, 1, 2]
 102   48.214398   48.214398   0.00000000   0.00000000  -0.0000   0.5996  5-[ 7, 5, 2]
 103   40.219967   40.219967   0.00000000   0.00000000  -0.0000   0.5765  5-[ 7, 2, 3]
 104   26.216844   26.216844   0.00000000   0.00000000  -0.0000   0.7712  5-[ 3, 0, 3]
 105   59.797757   59.797757   0.00000000   0.00000000  -0.0000   0.5224  5-[ 7, 2, 3]
 106   53.891260   53.891260   0.00000000   0.00000000  -0.0000   0.5588  5-[ 7, 1, 2]
 107   28.995684   28.995684   0.00000000   0.00000000  -0.0000   0.7002  5-[ 5, 3, 2]
 108   13.553227   13.553227   0.00000000   0.00000000  -0.0000   0.8643  5-[ 3, 1, 2]
 109   58.558375   58.558375   0.00000000   0.00000000  -0.0000   0.5814  5-[ 7, 3, 2]
 110   58.917732   58.917732   0.00000000   0.00000000  -0.0000   0.6664  7+[ 8, 1, 3]
 114   49.850131   49.850131   0.00000000   0.00000000  -0.0000   0.5738  7+[ 6, 3, 3]
 115   44.834727   44.834727   0.00000000   0.00000000  -0.0000   0.6984  7+[ 4, 0, 4]
 118   46.373595   46.373595   0.00000000   0.00000000  -0.0000   0.7172  7+[ 6, 2, 4]
 119   44.741261   44.741261   0.00000000   0.00000000  -0.0000   0.6231  7+[ 4, 1, 3]
 120   24.543024   24.543024   0.00000000   0.00000000  -0.0000   0.6787  7+[ 4, 0, 4]
 121   37.103851   37.103851   0.00000000   0.00000000  -0.0000   0.5670  7+[ 6, 1, 3]
 122   31.346149   31.346149   0.00000000   0.00000000  -0.0000   0.6504  7-[ 3, 0, 3]
 123   50.314385   50.314385   0.00000000   0.00000000  -0.0000   0.7199  7-[ 7, 1, 4]
 124   54.766625   54.766625   0.00000000   0.00000000  -0.0000   0.8608  7-[ 7, 4, 3]
 125   34.125242   34.125242   0.00000000   0.00000000  -0.0000   0.5949  7-[ 5, 0, 3]
 127   55.525921   55.525921   0.00000000   0.00000000  -0.0000   0.6637  7-[ 7, 2, 3]
 128   48.676727   48.676727   0.00000000   0.00000000  -0.0000   0.7362  7-[ 7, 3, 4]
 129   48.612997   48.612997   0.00000000   0.00000000  -0.0000   0.5106  7-[ 5, 1, 4]
 130   29.790665   29.790665   0.00000000   0.00000000  -0.0000   0.6866  7-[ 3, 0, 3]
 131   47.038831   47.038831   0.00000000   0.00000000  -0.0000   0.7435  9+[ 4, 0, 4]
 132   52.438764   52.438764   0.00000000   0.00000000  -0.0000   0.6815  9+[ 6, 0, 4]
 135   48.855800   48.855800   0.00000000   0.00000000  -0.0000   0.8274  9+[ 6, 1, 5]
 136   59.326484   59.326484   0.00000000   0.00000000  -0.0000   0.7242  9+[ 8, 4, 4]
 138   51.708197   51.708197   0.00000000   0.00000000  -0.0000   0.6602  9+[ 4, 0, 4]
 139   49.436435   49.436435   0.00000000   0.00000000  -0.0000   0.8685  9+[ 6, 2, 4]
 140   59.266531   59.266531   0.00000000   0.00000000  -0.0000   0.9782  9-[ 7, 3, 4]
 141   56.748775   56.748775   0.00000000   0.00000000  -0.0000   0.6445  9-[ 7, 1, 4]
 142   40.617854   40.617854   0.00000000   0.00000000  -0.0000   0.8305  9-[ 5, 1, 4]
 143   42.033747   42.033747   0.00000000   0.00000000  -0.0000   0.6797  9-[ 7, 0, 5]
 145   55.791762   55.791762   0.00000000   0.00000000  -0.0000   0.6675  9-[ 7, 1, 4]
 146   50.002400   50.002400   0.00000000   0.00000000  -0.0000   0.8912 11+[ 6, 1, 5]
 150   51.828457   51.828457   0.00000000   0.00000000  -0.0000   0.6651 11+[ 6, 0, 6]
 153   59.719370   59.719370   0.00000000   0.00000000  -0.0000   0.9760 11-[ 7, 2, 5]
 154   45.846982   45.846982   0.00000000   0.00000000   0.0000   0.8867 11-[ 7, 0, 5]
 155   41.460788   41.460788   0.00000000   0.00000000  -0.0000   0.8909 11-[ 5, 0, 5]
 157   54.822839   54.822839   0.00000000   0.00000000  -0.0000   0.6282 13+[ 8, 2, 6]
 160   59.857206   59.857206   0.00000000   0.00000000  -0.0000   1.0000 13-[ 7, 1, 6]
 162   59.884073   59.884073   0.00000000   0.00000000  -0.0000   1.0000 15-[ 7, 0, 7]
  Sum canonical e_v*V^2_k=  -199.28591643112412     

  NB! From expect (UNPROJECTED RESULTS)

  pairing: CpV0,CpV1,...           0.100000       0.100000       1.000000       1.000000
  forces:   UNE1                          


                             neutrons         protons         total
  Requested part.numbs.      12.000000      12.000000      24.000000
  UnPj(av) part.numbs .      12.000000      12.000000      24.000000
  b0, bz, bp ..........       1.559284       1.564210       1.556827

  lambda (ala) ........     -12.764921      -8.058810
  Lambda (alast) ......     -12.764921      -8.058810
  delta(n,p), pwi .....       0.000000      -0.000000      60.000000
  pairing energy ......       0.000000       0.000000       0.000000

  rms-radius ..........       2.891215       2.911706       2.901479
  charge-radius, r0 ...                      3.019608       3.461399
  deformation beta2....       0.117197       0.116691       0.116942
  dipole moment[fm] ...       0.000000       0.000000       0.000000
  quadrupole moment[b]        0.148309       0.149770       0.298079
  octupole moment .....       0.000000       0.000000       0.000000
  hexadecapole moment .      -0.000293      -0.000332      -0.000625
  q5 ..................       0.000000       0.000000       0.000000
  q6 ..................      -0.000005      -0.000004      -0.000009
  q7 ..................       0.000000       0.000000       0.000000
  q8 ..................       0.000000       0.000000       0.000000

  <r^0> [fm^0] ........            1.000000            1.000000            1.000000
  <r^2> [fm^2] ........            8.359123            8.478033            8.418578
  <r^4> [fm^4] ........          100.373807          103.606626          101.990217
  <r^6> [fm^6] ........         1559.206828         1643.888489         1601.547659
  <r^8> [fm^8] ........        29820.683573        32196.669381        31008.676477

  kinetic energy ......     212.557474     209.575682     422.133156
  volume energy .......                                  -665.344567
        rho_tau .......                                    -1.891685
        rho_rho .......                                  -663.452882
  surface energy ......                                    56.168656
   rho_DELTA_rho ......                                    56.168656
   (NABLA_rho)^2 ......                                     0.000000
  spin-orbit energy ...                                   -27.241639
        rho_NABLA_J ...                                   -27.241639
        NABLA_rho_J ...                                     0.000000
  coulomb energy ......                                    29.380401
          direct ......                                    33.845545
          exchange ....                                    -4.465145
  tensor energy .......                                     0.000000
  direct Hartree E  ...                                     0.000000
  Extra E .............                                     0.000000
  External field E ....                                     0.000000
  Entropy .............       2.482937       2.469594       4.952531

  tEnergy: ehfb (qp)...                                  -184.903995

  Calculated but not added corrections 
====================================
  cmc-diagonal part ...       0.000000       0.000000       0.000000
  cmc-hfb .............       0.000000       0.000000       0.000000
  cranking rot corr ...       0.000000       0.000000       0.000000

  SQUJ ................       0.000000       0.000000       0.000000
  CRAN x 4 ............       0.000000       0.000000       0.000000
  Rigit Body ..........       0.000000       0.000000       0.000000


   Blocking candidates are:
   neutron eqpmin=   6.6651352215288284E-002  pwiblo=   5.1031036307982882     
    num=   1 block=   3 state=   1    32 Eqp=   0.06665135  (1-2N)E=  -0.06665135  Ovlp=   0.89671626  3+[ 2, 1, 1]
    num=   2 block=   5 state=   1    56 Eqp=   0.05525805  (1-2N)E=   0.05525805  Ovlp=   0.97844824  5+[ 2, 0, 2]
    num=   3 block=   1 state=   1     1 Eqp=   0.15875312  (1-2N)E=  -0.15875312  Ovlp=   0.69576090  1+[ 2, 2, 0]
    num=   4 block=   1 state=   2     2 Eqp=   2.77361223  (1-2N)E=   2.77361223  Ovlp=   0.83511766  1+[ 2, 0, 0]

   Blocking candidates are:
   proton  eqpmin=   6.7351214216884614E-002  pwiblo=   5.1031036307982882     
    num=   1 block=   3 state=   1    31 Eqp=   0.06735121  (1-2N)E=  -0.06735121  Ovlp=   0.89370525  3+[ 2, 1, 1]
    num=   2 block=   5 state=   1    54 Eqp=   0.05594031  (1-2N)E=   0.05594031  Ovlp=   0.97500472  5+[ 2, 0, 2]
    num=   3 block=   1 state=   1     1 Eqp=   0.15906502  (1-2N)E=  -0.15906502  Ovlp=   0.69258166  1+[ 2, 2, 0]
    num=   4 block=   1 state=   2     2 Eqp=   2.70608620  (1-2N)E=   2.70608620  Ovlp=   0.82761787  1+[ 2, 0, 0]


