No Skyrme interaction defined in routine skforce()
Multi-threading framework with OpenMP: 1 threads/task

  =======================================
           FORTRAN 95 CODE (KIND= 8) 
               Version: 200d  
  =======================================
       AXIALLY DEFORMED CONFIGURATIONAL  
     HARTREE-FOCK-BOGOLIUBOV CALCULATIONS
                     WITH                
            UNEDF AND DELTA PAIRING      
                     USING               
             HARMONIC-OSCILLATOR         
                   AND/OR                
       TRANSFORMED HARMONIC-OSCILLATOR   
                    BASIS                
                     ---                 
               v1.66  (2005):,           
   Stoitsov,Dobaczewski,Nazarewicz,Ring, 
               v2.00d (2012):,           
         Stoitsov,Schunck,Kortelainen    
  =======================================
    Nucleus: MG (A=  24, N= 12, Z= 12)
       Reflection Symmetry Imposed       
            ( 9/13/2022, 21:32)                               
  =======================================


  ---------------------------------------
           UNEDF Module Version:17
         M.Kortelainen & M.Stoitsov 
  ---------------------------------------

  UNE1 functional
  ----------------------------------
  Crho(0)=   -779.373008720865300    ; Crho(1)=    287.722131583286796    
  CDrho(0)=   891.477890442349690    ; CDrho(1)=  -200.587774317884879    
  Ctau(0)=  -0.989915057807676746    ; Ctau(1)=   -33.6320970701835549    
  CrDr(0)=   -45.9240139412177726    ; CrDr(1)=   -122.110777650348666    
  CrdJ(0)=   -83.7244586677205547    ; CrdJ(1)=   -41.7086040611698223    
  CJ(0)=      0.00000000000000000    ; CJ(1)=      0.00000000000000000    
  CpV0(0)=   0.100000000000000006    ; CpV0(1)=   0.100000000000000006    
  CpV1(0)=    1.00000000000000000    ; CpV1(1)=    1.00000000000000000    
  sigma=     0.270018011502707600    ; hbzero=     20.7355300000000007    
  e^2 chrg=   1.43997840859651305    ; CExPar=     1.00000000000000000    
  c.m. correction: F, chr. density in direct Coul: F
  use tensor terms: F
  use TMR pairing:  0

  Coupling constants in natural units
  -----------------------------------
  Crho_nu(0)=  -0.877667471343921757    ; Crho_nu(1)=   0.324009624211695935    
  CDrho_nu(0)=  0.941450913381434273    ; CDrho_nu(1)= -0.211831998717341041    
  Ctau_nu(0)=  -0.140321584905665799E-01; Ctau_nu(1)=  -0.476738799694694126    
  CrDr_nu(0)=  -0.650978118843157594    ; CrDr_nu(1)=   -1.73093415630104186    
  CrdJ_nu(0)=   -1.18680372047699034    ; CrdJ_nu(1)=  -0.591224204532031727    
  CJ_nu(0)=      0.00000000000000000    ; CJ_nu(1)=      0.00000000000000000    
  CpV0_nu(0)=   0.112611992142809880E-03; CpV0_nu(1)=   0.112611992142809880E-03
  CpV1_nu(0)=   0.887702254206059068E-03; CpV1_nu(1)=   0.887702254206059068E-03
  fpi_nu=        93.0000000000000000    ; Lambda_nu=     700.000000000000000    

  Nuclear matter properties
  ----------------------------------
      E_NM=     -15.8000000000000149      K_NM=     220.0000000000000284
      P_NM=      -0.0000000000000032    RHO_NM=       0.1587067693325870
    ASS_NM=      28.9867890577721070   LASS_NM=      40.0047904804136323
  SMASS_NM=       0.9924233322833640  VMASS_NM=       1.2498385742322700

  Associated (t,x)-coupling constants
  -----------------------------------
  t0=      -2078.32802325564080    ; x0=       0.537569206858470316E-01
  t1=       243.608187609417882    ; x1=       -4.23395506936260357    
  t2=       1322.68400358079543    ; x2=       -1.39112652790307334    
  t3=       14263.6462470775950    ; x3=      -0.162491168089956339    
  b4=       42.0158546065507323    ; b4p=       83.4172081223396447    
  te=      -395.052274225279689    ; to=       -179.237111031004190    
  sigma=   0.270018011502707600    ; hbzero=    20.7355300000000007    

  ---------------------------------------
        Characteristics of the run       
  ---------------------------------------
  Output file ................:     7
  Nucleus ....................:   MG  24
  Number of HO shells ........:     8
  HO length b0 (fm) ..........:     1.55928400372611
  Basis deformation ..........:  beta0=   0.010 q=   1.010
  HO: b0,1/b0,bp,bz,q ........:   0.15592840E+01  0.64131999E+00  0.15568270E+01  0.15642096E+01  0.10095067E+01
  h**2/(2m), cmc, e**2 .......:   0.20735530E+02  0.20735530E+02  0.14399784E+01
  hom=f*41.0_pr*A^{-1/3}, f...:   0.17056687E+02  0.12000000E+01
  THO basis is ...............:  OFF
  Maximal number of iterations:   400
  Initial mixing parameter ...:  0.300
  Initial w.f. ...............:  from   spherical scratch
  Skyrme functional ..........:    UNE1                          
    with direct and exchange Coulomb
  Lipkin-Nogami procedure is .:  OFF
  PAV procedure is ...........:  OFF
  Constraint calculation is ..:   ON
    Constraint 1 .............: lambda=2 Ql=   0.298
  Temperature T ..............:   0.05 MeV
  Restart indicator ..........:   1
  Broyden mixing (#iterations):   7

  ---------------------------------------
        Harmonic Oscillator Basis        
  ---------------------------------------
  NUV, NQP:                        2501     165
  Comparison with bookkeeping spherical basis:
  n00:                                8       8  Maximal number of shells
  nbx, 2*n00+1:                      17      17  Maximal number of K-blocks
  ntx, (n00+1)*(n00+2)*(n00+3)/6    165     165  Max.num. p/n levels
  nzx, n00:                           8       8  Maximal nz-quantum number
  nrx, n00/2  :                       4       4  Maximal nr-quantum number
  nlx, n00:                           8       8  Maximal ml-quantum number
  ndx, (n00+2)*(n00+2)/4:            25      25  Maximal dim. of one k-block

  Actual basis used
  Number of blocks: nb .......:   17
  Number of levels: nt .......:  165
  Maximal 2*omega : nom ......:   17
  Maximal nz:       nzm ......:    8
  Maximal nr:       nrm ......:    4
  Maximal ml:       nlm ......:    8
  Maximal N=nz+2*nr+nl .......:    8
  2 x biggest block dim. .....:   50
  Non-zero elements of h .....:     1333
  Number of Broyden elements .:     5332

  ---------------------------------------
            Integration Meshes           
  ---------------------------------------
  Number of Gauss-Hermite mesh points ngh ....:  40
  Number of Gauss-Laguerre mesh points ngl ...:  40
  Number of Gauss-Legendre mesh points nleg ..:  80
  Integration boundaries
    Hermite  - from xh(1)  =  0.12379686 to xh(ngh)   = 11.88786356
    Laguerre - From xl(1)  =  0.03570039 to xl(ngl)   =142.28004447
    Legendre - From xleg(1)=  0.00978669 to xleg(nleg)=  0.99988775
  Max.dev.in:     Orthogonality            Normalization
  Hermite     1.5248282503475657E-015   1.0991207943789050E-014
  Laguerre    4.2896485016951012E-015   8.9928064994637680E-015

  Scratch initialization for the nucleus: MG  12  12


  Initial potentials of Saxon-Woods shape 
  v0ws   =  -71.27999878
  kappa  =    0.46160001
  vs0    =   11.11750031   11.11750031
  r0     =    1.23339999    1.23339999
  a      =    0.61500001    0.61500001
  r0-so  =    1.14429998    1.14429998
  a-so   =    0.64760000    0.64760000
  beta00 =    0.01000000

  ### REGULAR STAGE (reflection symmetry imposed)
  |HFB+HO> iterations(b0=  1.559, Nsh=  8, inin=  1, N= 12, Z= 12)...
  ----------------------------------------------------------------------------------------------------------------------------------
  i          si     mix   beta      Etot       A       rn      rp         En      Dn      Ep      Dp        Ln      Lp     time
  ----------------------------------------------------------------------------------------------------------------------------------
   1L  73.90480883 0.30  0.010     0.000000    0.0   0.000   0.000 |   -2.000   1.000  -2.000   1.000 |   -7.000  -7.000   0.000
   2B  40.66312774 0.10  0.009   -46.082965   24.0   2.625   2.625 |    0.000  -0.000   0.000  -0.000 |  -17.169 -17.169  40.252
   3B  10.15316164 0.11  0.171  -154.894066   24.0   3.027   3.067 |    0.000  -0.000   0.000  -0.000 |  -11.730  -8.282   1.136
   4B   9.00663808 0.13  0.226  -181.922763   24.0   2.959   2.942 |    0.000  -0.000   0.000  -0.000 |  -11.830  -7.260   1.048
   5B  11.94884158 0.10  0.249  -178.273146   24.0   2.912   2.977 |    0.000  -0.000   0.000  -0.000 |  -11.768  -8.044   1.155
   6B  11.81928599 0.11  0.242  -187.077455   24.0   2.926   2.957 |    0.000  -0.000   0.000  -0.000 |  -12.288  -7.622   1.186
   7B  11.78863780 0.13  0.228  -187.766429   24.0   2.929   2.941 |    0.000  -0.000   0.000  -0.000 |  -12.331  -7.656   1.165
   8B  10.89957611 0.14  0.223  -187.697684   24.0   2.924   2.943 |    0.000  -0.000   0.000  -0.000 |  -12.316  -7.691   1.339
   9B   4.72615408 0.16  0.073  -181.114420   24.0   2.913   2.914 |    0.000  -0.000   0.000  -0.000 |  -12.676  -7.704   1.535
  10B   7.34817181 0.10  0.008  -178.958133   24.0   2.905   2.914 |    0.000  -0.000   0.000  -0.000 |  -12.578  -7.912   1.527
  11B   9.86418870 0.10  0.015  -175.104836   24.0   2.905   2.910 |    0.000  -0.000   0.000  -0.000 |  -12.703  -7.811   1.503
  12B   6.53318960 0.11  0.015  -179.515047   24.0   2.899   2.913 |    0.000  -0.000   0.000  -0.000 |  -12.710  -8.000   1.216
  13B   4.87822839 0.13  0.064  -179.665668   24.0   2.896   2.917 |    0.000  -0.000   0.000  -0.000 |  -12.663  -8.020   1.212
  14B   2.00359486 0.14  0.082  -183.867016   24.0   2.892   2.917 |    0.000  -0.000   0.000  -0.000 |  -12.662  -8.060   1.622
  15B   2.92943893 0.10  0.058  -183.319003   24.0   2.897   2.908 |    0.000  -0.000   0.000  -0.000 |  -12.803  -7.983   1.592
  16B   0.93400092 0.11  0.095  -184.463499   24.0   2.894   2.911 |    0.000  -0.000   0.000  -0.000 |  -12.774  -8.065   1.397
  17B   0.75395547 0.13  0.111  -184.730954   24.0   2.889   2.914 |    0.000   0.000   0.000   0.000 |  -12.758  -8.119   1.684
  18B   0.34822807 0.14  0.119  -184.935055   24.0   2.891   2.913 |    0.000   0.000   0.000   0.000 |  -12.783  -8.086   1.093
  19B   0.35511795 0.10  0.121  -184.985706   24.0   2.891   2.913 |    0.000  -0.000   0.000  -0.000 |  -12.776  -8.081   1.781
  20B   0.55300159 0.10  0.124  -185.022702   24.0   2.891   2.913 |    0.000  -0.000   0.000  -0.000 |  -12.779  -8.069   1.519
  21B   0.52983024 0.11  0.130  -185.179610   24.0   2.892   2.914 |    0.000  -0.000   0.000  -0.000 |  -12.747  -8.054   1.663
  22B   0.68491674 0.10  0.122  -184.929533   24.0   2.892   2.914 |    0.000  -0.000   0.000  -0.000 |  -12.738  -8.037   1.530
  23B   0.62633975 0.11  0.128  -185.099207   24.0   2.892   2.914 |    0.000  -0.000   0.000  -0.000 |  -12.748  -8.038   1.545
  24B   0.42622681 0.13  0.118  -184.906591   24.0   2.893   2.912 |    0.000  -0.000   0.000  -0.000 |  -12.755  -8.039   1.535
  25B   0.22783207 0.14  0.118  -184.930680   24.0   2.892   2.912 |    0.000  -0.000   0.000  -0.000 |  -12.757  -8.060   1.221
  26B   0.07071467 0.16  0.117  -184.911216   24.0   2.891   2.912 |    0.000  -0.000   0.000  -0.000 |  -12.759  -8.059   1.130
  27B   0.07485158 0.10  0.118  -184.921337   24.0   2.892   2.912 |    0.000  -0.000   0.000  -0.000 |  -12.765  -8.054   1.031
  28B   0.06101039 0.11  0.116  -184.885956   24.0   2.891   2.912 |    0.000  -0.000   0.000  -0.000 |  -12.764  -8.060   1.683
  29B   0.03535671 0.13  0.116  -184.891069   24.0   2.891   2.912 |    0.000  -0.000   0.000  -0.000 |  -12.765  -8.059   1.554
  30B   0.04535186 0.10  0.116  -184.879064   24.0   2.891   2.912 |    0.000  -0.000   0.000  -0.000 |  -12.765  -8.060   1.552
  31B   0.05015556 0.10  0.116  -184.877284   24.0   2.891   2.912 |    0.000  -0.000   0.000  -0.000 |  -12.765  -8.059   1.271
  32B   0.05132425 0.10  0.116  -184.886404   24.0   2.891   2.912 |    0.000  -0.000   0.000  -0.000 |  -12.765  -8.059   0.969
  33B   0.04477359 0.11  0.116  -184.878252   24.0   2.891   2.912 |    0.000  -0.000   0.000  -0.000 |  -12.765  -8.060   0.996
  34B   0.06091985 0.10  0.115  -184.869778   24.0   2.891   2.912 |    0.000  -0.000   0.000  -0.000 |  -12.765  -8.061   1.659
  35B   0.07152286 0.10  0.115  -184.863703   24.0   2.891   2.912 |    0.000  -0.000   0.000  -0.000 |  -12.766  -8.061   1.532
  36B   0.05699691 0.11  0.115  -184.872159   24.0   2.891   2.912 |    0.000  -0.000   0.000  -0.000 |  -12.765  -8.060   1.225
  37B   0.03070933 0.13  0.116  -184.886539   24.0   2.891   2.912 |    0.000  -0.000   0.000  -0.000 |  -12.764  -8.060   1.604
  38B   0.03556816 0.10  0.116  -184.883990   24.0   2.891   2.912 |    0.000  -0.000   0.000  -0.000 |  -12.764  -8.059   1.415
  39B   0.05616331 0.10  0.116  -184.883729   24.0   2.891   2.912 |    0.000  -0.000   0.000  -0.000 |  -12.764  -8.059   1.595
  40B   0.05155454 0.11  0.116  -184.874494   24.0   2.891   2.912 |    0.000  -0.000   0.000  -0.000 |  -12.765  -8.059   0.960
  41B   0.05706134 0.10  0.116  -184.876249   24.0   2.891   2.912 |    0.000  -0.000   0.000  -0.000 |  -12.765  -8.059   1.565
  42B   0.05054119 0.11  0.116  -184.874293   24.0   2.891   2.912 |    0.000  -0.000   0.000  -0.000 |  -12.765  -8.059   1.804
  43B   0.05936022 0.10  0.115  -184.870078   24.0   2.891   2.912 |    0.000  -0.000   0.000  -0.000 |  -12.766  -8.059   1.711
  44B   0.08792880 0.10  0.115  -184.853562   24.0   2.891   2.912 |    0.000  -0.000   0.000  -0.000 |  -12.768  -8.060   1.347
  45B   0.09394419 0.10  0.115  -184.851411   24.0   2.891   2.911 |    0.000  -0.000   0.000  -0.000 |  -12.768  -8.060   1.567
  46B   0.09079215 0.11  0.115  -184.853276   24.0   2.891   2.911 |    0.000  -0.000   0.000  -0.000 |  -12.768  -8.060   1.228
  47B   0.09684841 0.10  0.114  -184.850139   24.0   2.891   2.912 |    0.000  -0.000   0.000  -0.000 |  -12.766  -8.062   1.677
  48B   0.09103605 0.11  0.115  -184.858574   24.0   2.891   2.912 |    0.000  -0.000   0.000  -0.000 |  -12.766  -8.062   1.418
  49B   0.10992014 0.10  0.114  -184.842423   24.0   2.891   2.912 |    0.000  -0.000   0.000  -0.000 |  -12.767  -8.061   1.517
  50B   0.09156535 0.11  0.115  -184.863676   24.0   2.891   2.912 |    0.000  -0.000   0.000  -0.000 |  -12.765  -8.061   1.186
  51B   0.12538245 0.10  0.115  -184.857506   24.0   2.891   2.912 |    0.000  -0.000   0.000  -0.000 |  -12.765  -8.062   1.655
  52B   0.02627826 0.11  0.117  -184.898731   24.0   2.891   2.912 |    0.000  -0.000   0.000  -0.000 |  -12.766  -8.060   1.013
  53B   0.02565717 0.13  0.117  -184.901157   24.0   2.891   2.912 |    0.000  -0.000   0.000  -0.000 |  -12.766  -8.059   1.490
  54B   0.02785206 0.10  0.117  -184.898154   24.0   2.891   2.912 |    0.000  -0.000   0.000  -0.000 |  -12.765  -8.060   1.668
  55B   0.01543133 0.11  0.117  -184.904108   24.0   2.891   2.912 |    0.000  -0.000   0.000  -0.000 |  -12.766  -8.059   1.415
  56B   0.00679576 0.13  0.117  -184.902506   24.0   2.891   2.912 |    0.000  -0.000   0.000  -0.000 |  -12.765  -8.060   1.637
  57B   0.01116793 0.10  0.117  -184.905891   24.0   2.891   2.912 |    0.000  -0.000   0.000  -0.000 |  -12.765  -8.059   1.325
  58B   0.01158377 0.10  0.117  -184.910868   24.0   2.891   2.912 |    0.000  -0.000   0.000  -0.000 |  -12.765  -8.059   1.597
  59B   0.01221125 0.10  0.117  -184.911211   24.0   2.891   2.912 |    0.000  -0.000   0.000  -0.000 |  -12.765  -8.059   1.587
  60B   0.01333977 0.10  0.117  -184.911955   24.0   2.891   2.912 |    0.000  -0.000   0.000  -0.000 |  -12.765  -8.059   1.573
  61B   0.01337971 0.10  0.117  -184.911721   24.0   2.891   2.912 |    0.000  -0.000   0.000  -0.000 |  -12.765  -8.059   1.569
  62B   0.01314296 0.11  0.117  -184.909672   24.0   2.891   2.912 |    0.000  -0.000   0.000  -0.000 |  -12.766  -8.059   1.576
  63B   0.00905879 0.13  0.117  -184.908613   24.0   2.891   2.912 |    0.000  -0.000   0.000  -0.000 |  -12.766  -8.059   1.525
  64B   0.00987324 0.10  0.117  -184.904178   24.0   2.891   2.912 |    0.000  -0.000   0.000  -0.000 |  -12.766  -8.059   0.969
  65B   0.01207663 0.10  0.117  -184.899573   24.0   2.891   2.912 |    0.000  -0.000   0.000  -0.000 |  -12.765  -8.060   1.013
  66B   0.01642650 0.10  0.117  -184.908177   24.0   2.891   2.912 |    0.000  -0.000   0.000  -0.000 |  -12.765  -8.059   1.675
  67B   0.00659748 0.11  0.117  -184.905867   24.0   2.891   2.912 |    0.000  -0.000   0.000  -0.000 |  -12.765  -8.059   1.792
  68B   0.00945044 0.10  0.117  -184.904117   24.0   2.891   2.912 |    0.000  -0.000   0.000  -0.000 |  -12.765  -8.059   1.586
  69B   0.02140349 0.10  0.117  -184.905705   24.0   2.891   2.912 |    0.000  -0.000   0.000  -0.000 |  -12.765  -8.059   1.746
  70B   0.00505525 0.11  0.117  -184.904941   24.0   2.891   2.912 |    0.000  -0.000   0.000  -0.000 |  -12.765  -8.059   1.764
  71B   0.00437304 0.13  0.117  -184.904380   24.0   2.891   2.912 |    0.000  -0.000   0.000  -0.000 |  -12.765  -8.059   1.473
  72B   0.00648534 0.10  0.117  -184.905326   24.0   2.891   2.912 |    0.000  -0.000   0.000  -0.000 |  -12.765  -8.059   1.035
  73B   0.00243804 0.11  0.117  -184.905380   24.0   2.891   2.912 |    0.000  -0.000   0.000  -0.000 |  -12.765  -8.059   1.592
  74B   0.00195581 0.13  0.117  -184.905058   24.0   2.891   2.912 |    0.000  -0.000   0.000  -0.000 |  -12.765  -8.059   1.436
  75B   0.00151817 0.14  0.117  -184.904804   24.0   2.891   2.912 |    0.000  -0.000   0.000  -0.000 |  -12.765  -8.059   1.590
  76B   0.00124596 0.16  0.117  -184.904681   24.0   2.891   2.912 |    0.000  -0.000   0.000  -0.000 |  -12.765  -8.059   1.520
  77B   0.00156768 0.10  0.117  -184.904172   24.0   2.891   2.912 |    0.000  -0.000   0.000  -0.000 |  -12.765  -8.059   1.302
  78B   0.00138472 0.11  0.117  -184.904273   24.0   2.891   2.912 |    0.000  -0.000   0.000  -0.000 |  -12.765  -8.059   1.099
  79B   0.00134255 0.13  0.117  -184.904004   24.0   2.891   2.912 |    0.000  -0.000   0.000  -0.000 |  -12.765  -8.059   1.591
  80B   0.00138165 0.10  0.117  -184.903714   24.0   2.891   2.912 |    0.000  -0.000   0.000  -0.000 |  -12.765  -8.059   1.570
  81B   0.00168281 0.10  0.117  -184.903818   24.0   2.891   2.912 |    0.000  -0.000   0.000  -0.000 |  -12.765  -8.059   1.133
  82B   0.00090023 0.11  0.117  -184.904253   24.0   2.891   2.912 |    0.000  -0.000   0.000  -0.000 |  -12.765  -8.059   1.421
  83B   0.00120015 0.10  0.117  -184.903342   24.0   2.891   2.912 |    0.000  -0.000   0.000  -0.000 |  -12.765  -8.059   1.257
  84B   0.00128002 0.10  0.117  -184.903248   24.0   2.891   2.912 |    0.000  -0.000   0.000  -0.000 |  -12.765  -8.059   1.396
  85B   0.00076513 0.11  0.117  -184.903560   24.0   2.891   2.912 |    0.000  -0.000   0.000  -0.000 |  -12.765  -8.059   1.175
  86B   0.00072399 0.13  0.117  -184.903808   24.0   2.891   2.912 |    0.000  -0.000   0.000  -0.000 |  -12.765  -8.059   1.078
  87B   0.00085173 0.10  0.117  -184.903844   24.0   2.891   2.912 |    0.000  -0.000   0.000  -0.000 |  -12.765  -8.059   1.568
  88B   0.00094681 0.10  0.117  -184.903755   24.0   2.891   2.912 |    0.000  -0.000   0.000  -0.000 |  -12.765  -8.059   1.555
  89B   0.00134926 0.10  0.117  -184.903574   24.0   2.891   2.912 |    0.000  -0.000   0.000  -0.000 |  -12.765  -8.059   1.626
  90B   0.00095296 0.11  0.117  -184.903573   24.0   2.891   2.912 |    0.000   0.000   0.000   0.000 |  -12.765  -8.059   1.202
  91B   0.00140800 0.10  0.117  -184.903547   24.0   2.891   2.912 |    0.000  -0.000   0.000  -0.000 |  -12.765  -8.059   0.989
  92B   0.00082608 0.11  0.117  -184.903870   24.0   2.891   2.912 |    0.000  -0.000   0.000  -0.000 |  -12.765  -8.059   1.012
  93B   0.00057347 0.13  0.117  -184.903951   24.0   2.891   2.912 |    0.000  -0.000   0.000  -0.000 |  -12.765  -8.059   0.959
  94B   0.00044132 0.14  0.117  -184.904239   24.0   2.891   2.912 |    0.000  -0.000   0.000  -0.000 |  -12.765  -8.059   0.959
  95B   0.00047072 0.10  0.117  -184.904255   24.0   2.891   2.912 |    0.000  -0.000   0.000  -0.000 |  -12.765  -8.059   1.146
  96B   0.00031712 0.11  0.117  -184.904170   24.0   2.891   2.912 |    0.000  -0.000   0.000  -0.000 |  -12.765  -8.059   1.030
  97B   0.00049595 0.10  0.117  -184.904171   24.0   2.891   2.912 |    0.000  -0.000   0.000  -0.000 |  -12.765  -8.059   1.456
  98B   0.00026699 0.11  0.117  -184.904128   24.0   2.891   2.912 |    0.000  -0.000   0.000  -0.000 |  -12.765  -8.059   1.185
  99B   0.00042349 0.10  0.117  -184.904095   24.0   2.891   2.912 |    0.000  -0.000   0.000  -0.000 |  -12.765  -8.059   1.004
 100B   0.00034328 0.11  0.117  -184.904138   24.0   2.891   2.912 |    0.000   0.000   0.000   0.000 |  -12.765  -8.059   0.897
 101B   0.00023154 0.13  0.117  -184.904000   24.0   2.891   2.912 |    0.000   0.000   0.000   0.000 |  -12.765  -8.059   1.552
 102B   0.00052730 0.10  0.117  -184.903950   24.0   2.891   2.912 |    0.000  -0.000   0.000  -0.000 |  -12.765  -8.059   1.474
 103B   0.00042414 0.11  0.117  -184.903747   24.0   2.891   2.912 |    0.000   0.000   0.000   0.000 |  -12.765  -8.059   1.470
 104B   0.00043754 0.10  0.117  -184.903741   24.0   2.891   2.912 |    0.000   0.000   0.000   0.000 |  -12.765  -8.059   1.276
 105B   0.00035377 0.11  0.117  -184.903788   24.0   2.891   2.912 |    0.000   0.000   0.000   0.000 |  -12.765  -8.059   1.008
 106B   0.00037094 0.10  0.117  -184.903777   24.0   2.891   2.912 |    0.000   0.000   0.000   0.000 |  -12.765  -8.059   0.986
 107B   0.00031131 0.11  0.117  -184.903811   24.0   2.891   2.912 |    0.000  -0.000   0.000  -0.000 |  -12.765  -8.059   1.332
 108B   0.00028394 0.13  0.117  -184.903827   24.0   2.891   2.912 |    0.000   0.000   0.000   0.000 |  -12.765  -8.059   1.184
 109B   0.00052826 0.10  0.117  -184.903689   24.0   2.891   2.912 |    0.000   0.000   0.000   0.000 |  -12.765  -8.059   1.042
 110B   0.00065375 0.10  0.117  -184.903616   24.0   2.891   2.912 |    0.000   0.000   0.000   0.000 |  -12.765  -8.059   0.957
 111B   0.00060829 0.11  0.117  -184.903643   24.0   2.891   2.912 |    0.000   0.000   0.000   0.000 |  -12.765  -8.059   0.905
 112B   0.00054260 0.13  0.117  -184.903678   24.0   2.891   2.912 |    0.000   0.000   0.000   0.000 |  -12.765  -8.059   0.922
 113B   0.00066395 0.10  0.117  -184.903716   24.0   2.891   2.912 |    0.000   0.000   0.000   0.000 |  -12.765  -8.059   0.968
 114B   0.00047550 0.11  0.117  -184.903801   24.0   2.891   2.912 |    0.000   0.000   0.000   0.000 |  -12.765  -8.059   1.474
 115B   0.00043494 0.13  0.117  -184.903847   24.0   2.891   2.912 |    0.000  -0.000   0.000  -0.000 |  -12.765  -8.059   1.566
 116B   0.00023876 0.14  0.117  -184.903991   24.0   2.891   2.912 |    0.000  -0.000   0.000  -0.000 |  -12.765  -8.059   1.570
 117B   0.00016275 0.16  0.117  -184.903972   24.0   2.891   2.912 |    0.000  -0.000   0.000  -0.000 |  -12.765  -8.059   1.240
 118B   0.00004248 0.18  0.117  -184.903993   24.0   2.891   2.912 |    0.000  -0.000   0.000  -0.000 |  -12.765  -8.059   0.996
 119B   0.00001725 0.21  0.117  -184.903992   24.0   2.891   2.912 |    0.000  -0.000   0.000  -0.000 |  -12.765  -8.059   1.559
 120B   0.00000823 0.24  0.117  -184.903999   24.0   2.891   2.912 |    0.000  -0.000   0.000  -0.000 |  -12.765  -8.059   1.407
 121B   0.00001159 0.10  0.117  -184.904001   24.0   2.891   2.912 |    0.000  -0.000   0.000  -0.000 |  -12.765  -8.059   1.602
 122B   0.00001307 0.10  0.117  -184.904000   24.0   2.891   2.912 |    0.000  -0.000   0.000  -0.000 |  -12.765  -8.059   1.044
 123B   0.00001143 0.11  0.117  -184.904001   24.0   2.891   2.912 |    0.000  -0.000   0.000  -0.000 |  -12.765  -8.059   1.235
 124B   0.00001083 0.13  0.117  -184.904001   24.0   2.891   2.912 |    0.000  -0.000   0.000  -0.000 |  -12.765  -8.059   1.049
 125B   0.00000861 0.14  0.117  -184.903999   24.0   2.891   2.912 |    0.000  -0.000   0.000  -0.000 |  -12.765  -8.059   1.111
 126B   0.00000520 0.16  0.117  -184.903993   24.0   2.891   2.912 |    0.000  -0.000   0.000  -0.000 |  -12.765  -8.059   1.612
 127B   0.00000856 0.10  0.117  -184.903993   24.0   2.891   2.912 |    0.000  -0.000   0.000  -0.000 |  -12.765  -8.059   0.942
 128B   0.00000978 0.10  0.117  -184.903994   24.0   2.891   2.912 |    0.000  -0.000   0.000  -0.000 |  -12.765  -8.059   1.031
 129B   0.00000448 0.11  0.117  -184.903994   24.0   2.891   2.912 |    0.000  -0.000   0.000  -0.000 |  -12.765  -8.059   0.835
 130B   0.00001192 0.10  0.117  -184.903993   24.0   2.891   2.912 |    0.000  -0.000   0.000  -0.000 |  -12.765  -8.059   0.922
 131B   0.00000623 0.11  0.117  -184.903992   24.0   2.891   2.912 |    0.000  -0.000   0.000  -0.000 |  -12.765  -8.059   0.888
 132B   0.00000619 0.13  0.117  -184.903991   24.0   2.891   2.912 |    0.000  -0.000   0.000  -0.000 |  -12.765  -8.059   1.066
 133B   0.00000660 0.10  0.117  -184.903991   24.0   2.891   2.912 |    0.000  -0.000   0.000  -0.000 |  -12.765  -8.059   0.966
 134B   0.00000925 0.10  0.117  -184.903989   24.0   2.891   2.912 |    0.000  -0.000   0.000  -0.000 |  -12.765  -8.059   1.000
 135B   0.00000624 0.11  0.117  -184.903991   24.0   2.891   2.912 |    0.000  -0.000   0.000  -0.000 |  -12.765  -8.059   1.164
 136B   0.00000367 0.13  0.117  -184.903993   24.0   2.891   2.912 |    0.000  -0.000   0.000  -0.000 |  -12.765  -8.059   0.963
 137B   0.00000122 0.14  0.117  -184.903995   24.0   2.891   2.912 |    0.000  -0.000   0.000  -0.000 |  -12.765  -8.059   1.040
 138B   0.00000180 0.10  0.117  -184.903994   24.0   2.891   2.912 |    0.000  -0.000   0.000  -0.000 |  -12.765  -8.059   1.007
 139B   0.00000110 0.11  0.117  -184.903995   24.0   2.891   2.912 |    0.000   0.000   0.000   0.000 |  -12.765  -8.059   0.904
 140B   0.00000141 0.10  0.117  -184.903994   24.0   2.891   2.912 |    0.000   0.000   0.000   0.000 |  -12.765  -8.059   1.044
 141B   0.00000230 0.10  0.117  -184.903995   24.0   2.891   2.912 |    0.000   0.000   0.000   0.000 |  -12.765  -8.059   0.977
 142B   0.00000078 0.11  0.117  -184.903995   24.0   2.891   2.912 |    0.000   0.000   0.000  -0.000 |  -12.765  -8.059   1.550
 143B   0.00000030 0.13  0.117  -184.903994   24.0   2.891   2.912 |    0.000   0.000   0.000   0.000 |  -12.765  -8.059   1.042
 144B   0.00000023 0.14  0.117  -184.903995   24.0   2.891   2.912 |    0.000   0.000   0.000   0.000 |  -12.765  -8.059   1.000
 145B   0.00000020 0.16  0.117  -184.903994   24.0   2.891   2.912 |    0.000   0.000   0.000   0.000 |  -12.765  -8.059   0.920
 146B   0.00000026 0.10  0.117  -184.903994   24.0   2.891   2.912 |    0.000   0.000   0.000   0.000 |  -12.765  -8.059   0.944
 147B   0.00000063 0.10  0.117  -184.903994   24.0   2.891   2.912 |    0.000  -0.000   0.000  -0.000 |  -12.765  -8.059   1.057
 148B   0.00000032 0.11  0.117  -184.903994   24.0   2.891   2.912 |    0.000   0.000   0.000   0.000 |  -12.765  -8.059   0.965
 149B   0.00000030 0.13  0.117  -184.903994   24.0   2.891   2.912 |    0.000   0.000   0.000   0.000 |  -12.765  -8.059   0.735
 150B   0.00000032 0.10  0.117  -184.903994   24.0   2.891   2.912 |    0.000   0.000   0.000   0.000 |  -12.765  -8.059   1.648
 151B   0.00000032 0.11  0.117  -184.903994   24.0   2.891   2.912 |    0.000   0.000   0.000   0.000 |  -12.765  -8.059   0.920
 152B   0.00000041 0.10  0.117  -184.903994   24.0   2.891   2.912 |    0.000   0.000   0.000  -0.000 |  -12.765  -8.059   1.049
 153B   0.00000044 0.10  0.117  -184.903994   24.0   2.891   2.912 |    0.000  -0.000   0.000   0.000 |  -12.765  -8.059   0.961
 154B   0.00000044 0.11  0.117  -184.903994   24.0   2.891   2.912 |    0.000  -0.000   0.000   0.000 |  -12.765  -8.059   1.024
 155B   0.00000042 0.13  0.117  -184.903994   24.0   2.891   2.912 |    0.000  -0.000   0.000  -0.000 |  -12.765  -8.059   1.046
 156B   0.00000072 0.10  0.117  -184.903994   24.0   2.891   2.912 |    0.000   0.000   0.000   0.000 |  -12.765  -8.059   1.058
 157B   0.00000050 0.11  0.117  -184.903994   24.0   2.891   2.912 |    0.000   0.000   0.000   0.000 |  -12.765  -8.059   0.988
 158B   0.00000021 0.13  0.117  -184.903994   24.0   2.891   2.912 |    0.000  -0.000   0.000   0.000 |  -12.765  -8.059   0.685
 159B   0.00000013 0.14  0.117  -184.903994   24.0   2.891   2.912 |    0.000   0.000   0.000   0.000 |  -12.765  -8.059   0.874
 160B   0.00000015 0.10  0.117  -184.903994   24.0   2.891   2.912 |    0.000   0.000   0.000  -0.000 |  -12.765  -8.059   1.070
 161B   0.00000004 0.11  0.117  -184.903995   24.0   2.891   2.912 |    0.000   0.000   0.000  -0.000 |  -12.765  -8.059   0.829
 162B   0.00000005 0.10  0.117  -184.903995   24.0   2.891   2.912 |    0.000   0.000   0.000   0.000 |  -12.765  -8.059   0.618
 163B   0.00000007 0.10  0.117  -184.903995   24.0   2.891   2.912 |    0.000  -0.000   0.000   0.000 |  -12.765  -8.059   0.633
 164B   0.00000002 0.11  0.117  -184.903995   24.0   2.891   2.912 |    0.000   0.000   0.000   0.000 |  -12.765  -8.059   0.872
 165B   0.00000003 0.10  0.117  -184.903995   24.0   2.891   2.912 |    0.000   0.000   0.000   0.000 |  -12.765  -8.059   0.977
 166B   0.00000004 0.10  0.117  -184.903995   24.0   2.891   2.912 |    0.000   0.000   0.000  -0.000 |  -12.765  -8.059   0.853
 167B   0.00000006 0.10  0.117  -184.903995   24.0   2.891   2.912 |    0.000   0.000   0.000  -0.000 |  -12.765  -8.059   0.576
 168B   0.00000009 0.10  0.117  -184.903995   24.0   2.891   2.912 |    0.000   0.000   0.000   0.000 |  -12.765  -8.059   0.533
 169B   0.00000009 0.10  0.117  -184.903995   24.0   2.891   2.912 |    0.000   0.000   0.000  -0.000 |  -12.765  -8.059   0.701
 170B   0.00000006 0.11  0.117  -184.903995   24.0   2.891   2.912 |    0.000   0.000   0.000  -0.000 |  -12.765  -8.059   0.595
 171B   0.00000004 0.13  0.117  -184.903995   24.0   2.891   2.912 |    0.000   0.000   0.000  -0.000 |  -12.765  -8.059   1.073
 172B   0.00000003 0.14  0.117  -184.903995   24.0   2.891   2.912 |    0.000   0.000   0.000  -0.000 |  -12.765  -8.059   0.570
 173B   0.00000001 0.16  0.117  -184.903995   24.0   2.891   2.912 |    0.000   0.000   0.000   0.000 |  -12.765  -8.059   0.784
 174B   0.00000003 0.10  0.117  -184.903995   24.0   2.891   2.912 |    0.000   0.000   0.000   0.000 |  -12.765  -8.059   0.512
 175B   0.00000001 0.11  0.117  -184.903995   24.0   2.891   2.912 |    0.000   0.000   0.000   0.000 |  -12.765  -8.059   0.466
 176B   0.00000000 0.13  0.117  -184.903995   24.0   2.891   2.912 |    0.000   0.000   0.000   0.000 |  -12.765  -8.059   0.455
 177B   0.00000000 0.14  0.117  -184.903995   24.0   2.891   2.912 |    0.000   0.000   0.000  -0.000 |  -12.765  -8.059   0.464
 178B   0.00000000 0.16  0.117  -184.903995   24.0   2.891   2.912 |    0.000   0.000   0.000  -0.000 |  -12.765  -8.059   0.540
 179B   0.00000000 0.10  0.117  -184.903995   24.0   2.891   2.912 |    0.000   0.000   0.000  -0.000 |  -12.765  -8.059   0.484
 180B   0.00000000 0.10  0.117  -184.903995   24.0   2.891   2.912 |    0.000   0.000   0.000   0.000 |  -12.765  -8.059   0.481
 181B   0.00000000 0.10  0.117  -184.903995   24.0   2.891   2.912 |    0.000   0.000   0.000   0.000 |  -12.765  -8.059   0.496
 182B   0.00000000 0.11  0.117  -184.903995   24.0   2.891   2.912 |    0.000   0.000   0.000  -0.000 |  -12.765  -8.059   0.480
 183B   0.00000000 0.10  0.117  -184.903995   24.0   2.891   2.912 |    0.000  -0.000   0.000   0.000 |  -12.765  -8.059   0.516
 184B   0.00000001 0.10  0.117  -184.903995   24.0   2.891   2.912 |    0.000   0.000   0.000  -0.000 |  -12.765  -8.059   0.582
 185B   0.00000000 0.11  0.117  -184.903995   24.0   2.891   2.912 |    0.000   0.000   0.000  -0.000 |  -12.765  -8.059   0.512
 186B   0.00000000 0.10  0.117  -184.903995   24.0   2.891   2.912 |    0.000   0.000   0.000  -0.000 |  -12.765  -8.059   0.496
 187B   0.00000000 0.11  0.117  -184.903995   24.0   2.891   2.912 |    0.000   0.000   0.000  -0.000 |  -12.765  -8.059   0.506
 188B   0.00000000 0.10  0.117  -184.903995   24.0   2.891   2.912 |    0.000   0.000   0.000  -0.000 |  -12.765  -8.059   0.529
 189B   0.00000001 0.10  0.117  -184.903995   24.0   2.891   2.912 |    0.000   0.000   0.000  -0.000 |  -12.765  -8.059   0.473
 190B   0.00000000 0.11  0.117  -184.903995   24.0   2.891   2.912 |    0.000   0.000   0.000   0.000 |  -12.765  -8.059   0.474
 191B   0.00000000 0.13  0.117  -184.903995   24.0   2.891   2.912 |    0.000   0.000   0.000  -0.000 |  -12.765  -8.059   0.453
 192B   0.00000000 0.10  0.117  -184.903995   24.0   2.891   2.912 |    0.000  -0.000   0.000  -0.000 |  -12.765  -8.059   0.446
 193B   0.00000000 0.11  0.117  -184.903995   24.0   2.891   2.912 |    0.000   0.000   0.000  -0.000 |  -12.765  -8.059   0.446
 194B   0.00000000 0.13  0.117  -184.903995   24.0   2.891   2.912 |    0.000   0.000   0.000  -0.000 |  -12.765  -8.059   0.426
 195B   0.00000000 0.14  0.117  -184.903995   24.0   2.891   2.912 |    0.000   0.000   0.000  -0.000 |  -12.765  -8.059   0.443
 196B   0.00000000 0.10  0.117  -184.903995   24.0   2.891   2.912 |    0.000   0.000   0.000  -0.000 |  -12.765  -8.059   0.492
 197B   0.00000000 0.11  0.117  -184.903995   24.0   2.891   2.912 |    0.000   0.000   0.000  -0.000 |  -12.765  -8.059   0.495
  ----------------------------------------------------------------------------------------------------------------------------------
  *   iteration converged   after 197 steps   si=     0.0000000006 ho=  0 tho=  0
  ----------------------------------------------------------------------------------------------------------------------------------
  Total CPU time=   4.411 minutes

  Writing to wel_file: s012_012.hel
 __________________________________  
  The tape s012_012.hel recorded:     
  nucname,npr,ngh,ngl,n00,nb,nt      
  b0,beta0,si,etot,rms,bet,xmix      
  pairing:     CpV0,CpV1,pwi         
  delta:       del,ept               
  lambda:      ala,ala2,alast,tz     
  asymptotic:  varmas,ass,skass      
  ntx,nb,nhhdim,id,N_rz,n_r,n_z      
  Omega2,Sigma2,Parity,Lambda        
  matrices(inbro):    hh,de          
  *all blocking candidates           
 __________________________________  


  NB! From expect (UNPROJECTED RESULTS)

  pairing: CpV0,CpV1,...           0.100000       0.100000       1.000000       1.000000
  forces:   UNE1                          


                             neutrons         protons         total
  Requested part.numbs.      12.000000      12.000000      24.000000
  UnPj(av) part.numbs .      12.000000      12.000000      24.000000
  b0, bz, bp ..........       1.559284       1.564210       1.556827

  lambda (ala) ........     -12.764921      -8.058810
  Lambda (alast) ......     -12.764921      -8.058810
  delta(n,p), pwi .....       0.000000      -0.000000      60.000000
  pairing energy ......       0.000000       0.000000       0.000000

  rms-radius ..........       2.891215       2.911706       2.901479
  charge-radius, r0 ...                      3.019608       3.461399
  deformation beta2....       0.117197       0.116691       0.116942
  dipole moment[fm] ...       0.000000       0.000000       0.000000
  quadrupole moment[b]        0.148309       0.149770       0.298079
  octupole moment .....       0.000000       0.000000       0.000000
  hexadecapole moment .      -0.000293      -0.000332      -0.000625
  q5 ..................       0.000000       0.000000       0.000000
  q6 ..................      -0.000005      -0.000004      -0.000009
  q7 ..................       0.000000       0.000000       0.000000
  q8 ..................       0.000000       0.000000       0.000000

  <r^0> [fm^0] ........            1.000000            1.000000            1.000000
  <r^2> [fm^2] ........            8.359123            8.478033            8.418578
  <r^4> [fm^4] ........          100.373807          103.606626          101.990217
  <r^6> [fm^6] ........         1559.206828         1643.888489         1601.547659
  <r^8> [fm^8] ........        29820.683573        32196.669381        31008.676477

  kinetic energy ......     212.557474     209.575682     422.133156
  volume energy .......                                  -665.344567
        rho_tau .......                                    -1.891685
        rho_rho .......                                  -663.452882
  surface energy ......                                    56.168656
   rho_DELTA_rho ......                                    56.168656
   (NABLA_rho)^2 ......                                     0.000000
  spin-orbit energy ...                                   -27.241639
        rho_NABLA_J ...                                   -27.241639
        NABLA_rho_J ...                                     0.000000
  coulomb energy ......                                    29.380401
          direct ......                                    33.845545
          exchange ....                                    -4.465145
  tensor energy .......                                     0.000000
  direct Hartree E  ...                                     0.000000
  Extra E .............                                     0.000000
  External field E ....                                     0.000000
  Entropy .............       2.482937       2.469594       4.952531

  tEnergy: ehfb (qp)...                                  -184.903995

  Calculated but not added corrections 
====================================
  cmc-diagonal part ...       0.000000       0.000000       0.000000
  cmc-hfb .............       0.000000       0.000000       0.000000
  cranking rot corr ...       0.000000       0.000000       0.000000

  SQUJ ................       0.000000       0.000000       0.000000
  CRAN x 4 ............       0.000000       0.000000       0.000000
  Rigit Body ..........       0.000000       0.000000       0.000000


   Blocking candidates are:
   neutron eqpmin=   6.6651352215288284E-002  pwiblo=   5.1031036307982882     
    num=   1 block=   3 state=   1    32 Eqp=   0.06665135  (1-2N)E=  -0.06665135  Ovlp=   0.89671626  3+[ 2, 1, 1]
    num=   2 block=   5 state=   1    56 Eqp=   0.05525805  (1-2N)E=   0.05525805  Ovlp=   0.97844824  5+[ 2, 0, 2]
    num=   3 block=   1 state=   1     1 Eqp=   0.15875312  (1-2N)E=  -0.15875312  Ovlp=   0.69576090  1+[ 2, 2, 0]
    num=   4 block=   1 state=   2     2 Eqp=   2.77361223  (1-2N)E=   2.77361223  Ovlp=   0.83511766  1+[ 2, 0, 0]

   Blocking candidates are:
   proton  eqpmin=   6.7351214216884614E-002  pwiblo=   5.1031036307982882     
    num=   1 block=   3 state=   1    31 Eqp=   0.06735121  (1-2N)E=  -0.06735121  Ovlp=   0.89370525  3+[ 2, 1, 1]
    num=   2 block=   5 state=   1    54 Eqp=   0.05594031  (1-2N)E=   0.05594031  Ovlp=   0.97500472  5+[ 2, 0, 2]
    num=   3 block=   1 state=   1     1 Eqp=   0.15906502  (1-2N)E=  -0.15906502  Ovlp=   0.69258166  1+[ 2, 2, 0]
    num=   4 block=   1 state=   2     2 Eqp=   2.70608620  (1-2N)E=   2.70608620  Ovlp=   0.82761787  1+[ 2, 0, 0]



 HFBTHO_SOLVER ended without errors

