No Skyrme interaction defined in routine skforce()
Multi-threading framework with OpenMP: 1 threads/task

  =======================================
           FORTRAN 95 CODE (KIND= 8) 
               Version: 200d  
  =======================================
       AXIALLY DEFORMED CONFIGURATIONAL  
     HARTREE-FOCK-BOGOLIUBOV CALCULATIONS
                     WITH                
            UNEDF AND DELTA PAIRING      
                     USING               
             HARMONIC-OSCILLATOR         
                   AND/OR                
       TRANSFORMED HARMONIC-OSCILLATOR   
                    BASIS                
                     ---                 
               v1.66  (2005):,           
   Stoitsov,Dobaczewski,Nazarewicz,Ring, 
               v2.00d (2012):,           
         Stoitsov,Schunck,Kortelainen    
  =======================================
    Nucleus: GD (A= 156, N= 92, Z= 64)
       Reflection Symmetry Imposed       
            ( 9/15/2022,  7: 1)                               
  =======================================


  ---------------------------------------
           UNEDF Module Version:17
         M.Kortelainen & M.Stoitsov 
  ---------------------------------------

  UNE1 functional
  ----------------------------------
  Crho(0)=   -786.872076348867722    ; Crho(1)=    274.696159964964977    
  CDrho(0)=   889.919146212603209    ; CDrho(1)=  -185.789646656162546    
  Ctau(0)=    1.91138534725933429    ; Ctau(1)=   -30.7970876971701628    
  CrDr(0)=   -45.8470900295558295    ; CrDr(1)=   -155.587192910039732    
  CrdJ(0)=   -80.5115725286749608    ; CrdJ(1)=   -36.3563395512861902    
  CJ(0)=      0.00000000000000000    ; CJ(1)=      0.00000000000000000    
  CpV0(0)=   0.100000000000000006    ; CpV0(1)=   0.100000000000000006    
  CpV1(0)=    1.00000000000000000    ; CpV1(1)=    1.00000000000000000    
  sigma=     0.264654680839552736    ; hbzero=     20.7355300000000007    
  e^2 chrg=   1.43997840859651305    ; CExPar=     1.00000000000000000    
  c.m. correction: F, chr. density in direct Coul: F
  use tensor terms: F
  use TMR pairing:  0

  Coupling constants in natural units
  -----------------------------------
  Crho_nu(0)=  -0.886112320791951791    ; Crho_nu(1)=   0.309340818076346780    
  CDrho_nu(0)=  0.941004672480009630    ; CDrho_nu(1)= -0.196454842381930311    
  Ctau_nu(0)=   0.270941046080142023E-01; Ctau_nu(1)=  -0.436552219512281625    
  CrDr_nu(0)=  -0.649887713649660248    ; CrDr_nu(1)=   -2.20546614863211543    
  CrdJ_nu(0)=   -1.14126069417423115    ; CrdJ_nu(1)=  -0.515355246590881722    
  CJ_nu(0)=      0.00000000000000000    ; CJ_nu(1)=      0.00000000000000000    
  CpV0_nu(0)=   0.112611992142809880E-03; CpV0_nu(1)=   0.112611992142809880E-03
  CpV1_nu(0)=   0.887702254206059068E-03; CpV1_nu(1)=   0.887702254206059068E-03
  fpi_nu=        93.0000000000000000    ; Lambda_nu=     700.000000000000000    

  Nuclear matter properties
  ----------------------------------
      E_NM=     -15.7999999999999776      K_NM=     220.0000000000003411
      P_NM=       0.0000000000000048    RHO_NM=       0.1583851145883055
    ASS_NM=      29.2068097707561947   LASS_NM=      44.2129148488029244
  SMASS_NM=       1.0145998191147310  VMASS_NM=       1.2498385742322702

  Associated (t,x)-coupling constants
  -----------------------------------
  t0=      -2098.32553693031377    ; x0=       0.236483188720544302E-01
  t1=       247.066327287310202    ; x1=       -5.28860628591512683    
  t2=       1669.10115384919141    ; x2=       -1.35643705066451403    
  t3=       14238.7063394016513    ; x3=      -0.186842932675070628    
  b4=       44.1552329773887706    ; b4p=       72.7126791025723804    
  te=      -499.270200447944774    ; to=       -214.863235135568601    
  sigma=   0.264654680839552736    ; hbzero=    20.7355300000000007    

  ---------------------------------------
        Characteristics of the run       
  ---------------------------------------
  Output file ................:     7
  Nucleus ....................:   GD 156
  Number of HO shells ........:    10
  HO length b0 (fm) ..........:     2.13015292605643
  Basis deformation ..........:  beta0=   0.010 q=   1.010
  HO: b0,1/b0,bp,bz,q ........:   0.21301529E+01  0.46944986E+00  0.21267964E+01  0.21368819E+01  0.10095067E+01
  h**2/(2m), cmc, e**2 .......:   0.20735530E+02  0.20735530E+02  0.14399784E+01
  hom=f*41.0_pr*A^{-1/3}, f...:   0.91395238E+01  0.12000000E+01
  THO basis is ...............:  OFF
  Maximal number of iterations:   400
  Initial mixing parameter ...:  0.300
  Initial w.f. ...............:  from   spherical scratch
  Skyrme functional ..........:    UNE1                          
    with direct and exchange Coulomb
  Lipkin-Nogami procedure is .:  OFF
  PAV procedure is ...........:  OFF
  Constraint calculation is ..:   ON
    Constraint 1 .............: lambda=2 Ql=   9.642
  Temperature T ..............:   0.05 MeV
  Restart indicator ..........:   1
  Broyden mixing (#iterations):   7

  ---------------------------------------
        Harmonic Oscillator Basis        
  ---------------------------------------
  NUV, NQP:                        6222     286
  Comparison with bookkeeping spherical basis:
  n00:                               10      10  Maximal number of shells
  nbx, 2*n00+1:                      21      21  Maximal number of K-blocks
  ntx, (n00+1)*(n00+2)*(n00+3)/6    286     286  Max.num. p/n levels
  nzx, n00:                          10      10  Maximal nz-quantum number
  nrx, n00/2  :                       5       5  Maximal nr-quantum number
  nlx, n00:                          10      10  Maximal ml-quantum number
  ndx, (n00+2)*(n00+2)/4:            36      36  Maximal dim. of one k-block

  Actual basis used
  Number of blocks: nb .......:   21
  Number of levels: nt .......:  286
  Maximal 2*omega : nom ......:   21
  Maximal nz:       nzm ......:   10
  Maximal nr:       nrm ......:    5
  Maximal ml:       nlm ......:   10
  Maximal N=nz+2*nr+nl .......:   10
  2 x biggest block dim. .....:   72
  Non-zero elements of h .....:     3254
  Number of Broyden elements .:    13016

  ---------------------------------------
            Integration Meshes           
  ---------------------------------------
  Number of Gauss-Hermite mesh points ngh ....:  40
  Number of Gauss-Laguerre mesh points ngl ...:  40
  Number of Gauss-Legendre mesh points nleg ..:  80
  Integration boundaries
    Hermite  - from xh(1)  =  0.12379686 to xh(ngh)   = 11.88786356
    Laguerre - From xl(1)  =  0.03570039 to xl(ngl)   =142.28004447
    Legendre - From xleg(1)=  0.00978669 to xleg(nleg)=  0.99988775
  Max.dev.in:     Orthogonality            Normalization
  Hermite     1.5248282503475657E-015   1.0991207943789050E-014
  Laguerre    4.8291451697098846E-015   9.3258734068513149E-015

  Scratch initialization for the nucleus: GD  92  64


  Initial potentials of Saxon-Woods shape 
  v0ws   =  -71.27999878
  kappa  =    0.46160001
  vs0    =   11.11750031   11.11750031
  r0     =    1.23339999    1.23339999
  a      =    0.61500001    0.61500001
  r0-so  =    1.14429998    1.14429998
  a-so   =    0.64760000    0.64760000
  beta00 =    0.01000000

  ### REGULAR STAGE (reflection symmetry imposed)
  |HFB+HO> iterations(b0=  2.130, Nsh= 10, inin=  1, N= 92, Z= 64)...
  ----------------------------------------------------------------------------------------------------------------------------------
  i          si     mix   beta      Etot       A       rn      rp         En      Dn      Ep      Dp        Ln      Lp     time
  ----------------------------------------------------------------------------------------------------------------------------------
   1L  69.94764065 0.30  0.010     0.000000    0.0   0.000   0.000 |   -2.000   1.000  -2.000   1.000 |   -7.000  -7.000   0.000
   2B  41.91949861 0.10  0.020 -1008.341746  156.0   4.803   4.551 |    0.001  -0.000   0.000  -0.000 |  -14.218 -26.849  41.121
   3B  26.49184907 0.11  0.131  -938.624082  156.0   4.967   4.941 |    0.000  -0.000   0.000  -0.000 |   -5.480 -11.941   3.745
   4B  39.73780192 0.10  0.183   -52.374618  156.0   5.134   4.699 |    0.000  -0.000   0.000  -0.000 |   -6.764  -7.676   3.512
   5B  15.79278314 0.11  0.259 -1187.290825  156.0   5.172   5.020 |    0.000  -0.000   0.000  -0.000 |   -6.403  -7.125   3.903
   6B   5.49187031 0.13  0.279 -1263.854842  156.0   5.189   5.055 |    0.000  -0.000   0.000  -0.000 |   -6.635  -7.312   4.054
   7B   3.77864919 0.14  0.301 -1269.625630  156.0   5.209   5.067 |    0.000  -0.000   0.000  -0.000 |   -7.040  -7.309   3.977
   8B   3.82943285 0.10  0.313 -1264.034286  156.0   5.218   5.097 |    0.000  -0.000   0.000  -0.000 |   -7.152  -7.327   4.405
   9B   3.60348350 0.11  0.310 -1276.617278  156.0   5.217   5.080 |    0.000  -0.000   0.000  -0.000 |   -7.160  -7.295   4.272
  10B   3.36455126 0.13  0.304 -1278.396682  156.0   5.212   5.079 |    0.000  -0.000   0.000  -0.000 |   -7.053  -7.315   4.704
  11B   3.33015621 0.14  0.300 -1278.559124  156.0   5.210   5.074 |    0.000  -0.000   0.000  -0.000 |   -6.994  -7.302   4.757
  12B   3.04646642 0.16  0.295 -1277.865764  156.0   5.204   5.079 |    0.000  -0.000   0.000  -0.000 |   -6.872  -7.217   4.743
  13B   1.83379450 0.18  0.231 -1273.678827  156.0   5.161   5.035 |    0.000  -0.000   0.000  -0.000 |   -6.019  -6.944   4.907
  14B   2.04166466 0.10  0.247 -1273.361793  156.0   5.180   5.039 |    0.000  -0.000   0.000  -0.000 |   -6.262  -7.081   5.146
  15B   2.74741302 0.10  0.235 -1272.711513  156.0   5.173   5.037 |    0.000  -0.000   0.000  -0.000 |   -6.184  -6.940   5.065
  16B   1.91208453 0.11  0.220 -1273.715748  156.0   5.165   5.032 |    0.000  -0.000   0.000  -0.000 |   -5.973  -6.840   4.321
  17B   1.68529652 0.13  0.147 -1266.748734  156.0   5.143   4.992 |    0.000   0.000   0.000   0.000 |   -5.568  -6.848   4.516
  18B   1.84873602 0.10  0.169 -1270.404764  156.0   5.146   5.013 |    0.000  -0.000   0.000  -0.000 |   -5.624  -6.725   4.792
  19B   1.63962992 0.11  0.131 -1267.063338  156.0   5.141   4.981 |    0.000   0.000   0.000   0.000 |   -5.458  -6.758   4.767
  20B   1.52019961 0.13  0.154 -1268.997853  156.0   5.142   5.015 |    0.000  -0.000   0.000  -0.000 |   -5.440  -6.696   4.542
  21B   1.15445108 0.14  0.169 -1270.881370  156.0   5.152   5.010 |    0.000  -0.000   0.000  -0.000 |   -5.618  -6.690   4.857
  22B   0.83919639 0.16  0.156 -1270.688336  156.0   5.149   5.010 |    0.000  -0.000   0.000  -0.000 |   -5.642  -6.742   5.117
  23B   0.72897795 0.18  0.164 -1271.056357  156.0   5.155   5.015 |    0.000  -0.000   0.000  -0.000 |   -5.676  -6.764   4.842
  24B   0.80323879 0.10  0.167 -1271.594844  156.0   5.155   5.020 |    0.000  -0.000   0.000  -0.000 |   -5.753  -6.782   4.568
  25B   0.61910615 0.11  0.163 -1271.449213  156.0   5.154   5.017 |    0.000  -0.000   0.000  -0.000 |   -5.735  -6.792   4.592
  26B   0.44934886 0.13  0.170 -1271.947189  156.0   5.158   5.022 |    0.000  -0.000   0.000  -0.000 |   -5.786  -6.806   4.622
  27B   0.53061920 0.10  0.172 -1272.040723  156.0   5.158   5.025 |    0.000  -0.000   0.000  -0.000 |   -5.796  -6.812   4.643
  28B   0.44673734 0.11  0.170 -1271.971765  156.0   5.157   5.023 |    0.000  -0.000   0.000  -0.000 |   -5.789  -6.806   4.450
  29B   0.44594797 0.13  0.170 -1271.967671  156.0   5.158   5.021 |    0.000  -0.000   0.000  -0.000 |   -5.796  -6.809   4.999
  30B   0.69584955 0.10  0.176 -1272.187717  156.0   5.160   5.028 |    0.000  -0.000   0.000  -0.000 |   -5.815  -6.830   4.743
  31B   0.48437766 0.11  0.177 -1272.405364  156.0   5.161   5.029 |    0.000  -0.000   0.000  -0.000 |   -5.850  -6.830   4.400
  32B   0.55748673 0.10  0.182 -1272.706502  156.0   5.162   5.033 |    0.000  -0.000   0.000  -0.000 |   -5.867  -6.843   4.828
  33B   0.60737857 0.10  0.183 -1272.758556  156.0   5.163   5.034 |    0.000  -0.000   0.000  -0.000 |   -5.916  -6.859   4.914
  34B   0.55610181 0.11  0.188 -1273.288217  156.0   5.164   5.036 |    0.000  -0.000   0.000  -0.000 |   -5.932  -6.865   4.560
  35B   0.54202678 0.13  0.193 -1273.685698  156.0   5.167   5.037 |    0.000  -0.000   0.000  -0.000 |   -5.975  -6.864   4.720
  36B   0.71139632 0.10  0.195 -1273.765570  156.0   5.168   5.035 |    0.000  -0.000   0.000  -0.000 |   -5.995  -6.868   4.601
  37B   0.40526663 0.11  0.198 -1274.153754  156.0   5.168   5.036 |    0.000  -0.000   0.000  -0.000 |   -6.006  -6.876   4.675
  38B   0.58925048 0.10  0.201 -1274.055570  156.0   5.170   5.034 |    0.000   0.000   0.000   0.000 |   -6.057  -6.864   4.538
  39B   0.22656365 0.11  0.195 -1274.003897  156.0   5.166   5.035 |    0.000  -0.000   0.000  -0.000 |   -5.969  -6.860   4.818
  40B   0.28985810 0.10  0.197 -1274.180775  156.0   5.167   5.034 |    0.000  -0.000   0.000  -0.000 |   -6.000  -6.855   4.597
  41B   0.27059673 0.11  0.196 -1274.137456  156.0   5.167   5.033 |    0.000  -0.000   0.000  -0.000 |   -5.985  -6.851   5.068
  42B   0.23834101 0.13  0.196 -1274.046471  156.0   5.166   5.033 |    0.000  -0.000   0.000  -0.000 |   -5.983  -6.851   4.216
  43B   0.27092195 0.10  0.197 -1274.146270  156.0   5.167   5.033 |    0.000  -0.000   0.000  -0.000 |   -5.983  -6.850   4.685
  44B   0.24806485 0.11  0.196 -1274.054988  156.0   5.166   5.033 |    0.000  -0.000   0.000  -0.000 |   -5.970  -6.841   4.547
  45B   0.23320266 0.13  0.195 -1274.036941  156.0   5.166   5.032 |    0.000  -0.000   0.000  -0.000 |   -5.968  -6.838   4.769
  46B   0.19330955 0.14  0.194 -1273.919139  156.0   5.165   5.031 |    0.000  -0.000   0.000  -0.000 |   -5.954  -6.834   4.624
  47B   0.20273094 0.10  0.189 -1273.433016  156.0   5.164   5.028 |    0.000  -0.000   0.000  -0.000 |   -5.921  -6.821   4.747
  48B   0.37702285 0.10  0.193 -1273.760186  156.0   5.163   5.033 |    0.000  -0.000   0.000  -0.000 |   -5.925  -6.834   4.876
  49B   0.20427815 0.11  0.189 -1273.453561  156.0   5.163   5.029 |    0.000  -0.000   0.000  -0.000 |   -5.905  -6.818   5.094
  50B   0.21804522 0.10  0.188 -1273.362006  156.0   5.163   5.028 |    0.000  -0.000   0.000  -0.000 |   -5.901  -6.816   5.110
  51B   0.15195291 0.11  0.186 -1273.198124  156.0   5.162   5.028 |    0.000  -0.000   0.000  -0.000 |   -5.893  -6.818   4.732
  52B   0.14928955 0.13  0.184 -1273.118701  156.0   5.162   5.027 |    0.000  -0.000   0.000  -0.000 |   -5.879  -6.818   4.806
  53B   0.07819373 0.14  0.185 -1273.160064  156.0   5.162   5.028 |    0.000  -0.000   0.000  -0.000 |   -5.893  -6.817   4.933
  54B   0.08165249 0.10  0.185 -1273.175721  156.0   5.162   5.028 |    0.000  -0.000   0.000  -0.000 |   -5.892  -6.817   4.973
  55B   0.07282330 0.11  0.185 -1273.185096  156.0   5.162   5.028 |    0.000  -0.000   0.000  -0.000 |   -5.893  -6.817   4.748
  56B   0.06558654 0.13  0.185 -1273.206269  156.0   5.162   5.028 |    0.000  -0.000   0.000  -0.000 |   -5.898  -6.818   4.758
  57B   0.06375346 0.14  0.186 -1273.234954  156.0   5.162   5.029 |    0.000  -0.000   0.000  -0.000 |   -5.899  -6.820   5.085
  58B   0.08244282 0.10  0.187 -1273.343411  156.0   5.163   5.029 |    0.000   0.000   0.000   0.000 |   -5.911  -6.821   4.789
  59B   0.06993977 0.11  0.186 -1273.264917  156.0   5.163   5.029 |    0.000  -0.000   0.000  -0.000 |   -5.905  -6.819   4.903
  60B   0.04136529 0.13  0.187 -1273.306406  156.0   5.163   5.029 |    0.000  -0.000   0.000  -0.000 |   -5.909  -6.820   4.987
  61B   0.04203710 0.10  0.187 -1273.320384  156.0   5.163   5.029 |    0.000  -0.000   0.000  -0.000 |   -5.911  -6.821   4.817
  62B   0.04583452 0.10  0.187 -1273.316273  156.0   5.163   5.029 |    0.000  -0.000   0.000  -0.000 |   -5.911  -6.820   4.619
  63B   0.04267741 0.11  0.187 -1273.344232  156.0   5.163   5.029 |    0.000  -0.000   0.000  -0.000 |   -5.913  -6.821   4.740
  64B   0.06850617 0.10  0.187 -1273.367309  156.0   5.163   5.029 |    0.000  -0.000   0.000  -0.000 |   -5.915  -6.820   4.755
  65B   0.03592776 0.11  0.189 -1273.495298  156.0   5.164   5.030 |    0.000  -0.000   0.000  -0.000 |   -5.925  -6.820   4.869
  66B   0.03878768 0.10  0.189 -1273.511680  156.0   5.164   5.030 |    0.000  -0.000   0.000  -0.000 |   -5.927  -6.821   4.739
  67B   0.04166550 0.10  0.188 -1273.447169  156.0   5.164   5.029 |    0.000  -0.000   0.000  -0.000 |   -5.923  -6.819   4.968
  68B   0.02042831 0.11  0.188 -1273.459285  156.0   5.164   5.030 |    0.000  -0.000   0.000  -0.000 |   -5.922  -6.819   4.488
  69B   0.02455260 0.10  0.188 -1273.440227  156.0   5.163   5.030 |    0.000  -0.000   0.000  -0.000 |   -5.920  -6.817   4.659
  70B   0.01795797 0.11  0.188 -1273.426447  156.0   5.163   5.029 |    0.000  -0.000   0.000  -0.000 |   -5.919  -6.817   4.820
  71B   0.02186333 0.10  0.188 -1273.398434  156.0   5.163   5.029 |    0.000   0.000   0.000   0.000 |   -5.917  -6.815   5.196
  72B   0.02206069 0.10  0.188 -1273.400702  156.0   5.163   5.029 |    0.000   0.000   0.000   0.000 |   -5.917  -6.815   5.262
  73B   0.02163443 0.11  0.188 -1273.400245  156.0   5.163   5.029 |    0.000  -0.000   0.000  -0.000 |   -5.917  -6.815   5.535
  74B   0.02169349 0.10  0.188 -1273.397714  156.0   5.163   5.029 |    0.000   0.000   0.000   0.000 |   -5.916  -6.815   5.479
  75B   0.01887015 0.11  0.188 -1273.415114  156.0   5.163   5.029 |    0.000  -0.000   0.000  -0.000 |   -5.918  -6.815   5.147
  76B   0.01642131 0.13  0.188 -1273.388886  156.0   5.163   5.029 |    0.000   0.000   0.000   0.000 |   -5.916  -6.814   5.001
  77B   0.01582754 0.14  0.188 -1273.391095  156.0   5.163   5.029 |    0.000   0.000   0.000   0.000 |   -5.916  -6.814   5.386
  78B   0.02481286 0.10  0.188 -1273.399013  156.0   5.163   5.029 |    0.000  -0.000   0.000  -0.000 |   -5.917  -6.814   4.846
  79B   0.01710666 0.11  0.188 -1273.384476  156.0   5.163   5.029 |    0.000  -0.000   0.000  -0.000 |   -5.916  -6.812   4.509
  80B   0.02277736 0.10  0.187 -1273.383588  156.0   5.163   5.029 |    0.000  -0.000   0.000  -0.000 |   -5.916  -6.812   4.986
  81B   0.01756644 0.11  0.187 -1273.373479  156.0   5.163   5.029 |    0.000  -0.000   0.000  -0.000 |   -5.916  -6.810   4.512
  82B   0.01764422 0.10  0.187 -1273.369705  156.0   5.163   5.029 |    0.000  -0.000   0.000  -0.000 |   -5.916  -6.809   4.638
  83B   0.01429411 0.11  0.188 -1273.389561  156.0   5.163   5.029 |    0.000  -0.000   0.000  -0.000 |   -5.916  -6.813   4.660
  84B   0.01537094 0.10  0.187 -1273.381279  156.0   5.163   5.029 |    0.000  -0.000   0.000  -0.000 |   -5.916  -6.811   4.640
  85B   0.01234584 0.11  0.187 -1273.377064  156.0   5.163   5.029 |    0.000  -0.000   0.000  -0.000 |   -5.917  -6.811   4.627
  86B   0.01611806 0.10  0.188 -1273.388839  156.0   5.163   5.029 |    0.000  -0.000   0.000  -0.000 |   -5.918  -6.811   4.553
  87B   0.00707982 0.11  0.187 -1273.381678  156.0   5.163   5.029 |    0.000  -0.000   0.000  -0.000 |   -5.918  -6.811   4.489
  88B   0.00723116 0.10  0.187 -1273.382139  156.0   5.163   5.029 |    0.000  -0.000   0.000  -0.000 |   -5.918  -6.811   5.043
  89B   0.00864006 0.10  0.188 -1273.391941  156.0   5.163   5.029 |    0.000   0.000   0.000   0.000 |   -5.918  -6.811   4.854
  90B   0.00671334 0.11  0.188 -1273.392837  156.0   5.163   5.029 |    0.000   0.000   0.000   0.000 |   -5.918  -6.811   4.802
  91B   0.01074869 0.10  0.188 -1273.395778  156.0   5.163   5.029 |    0.000   0.000   0.000   0.000 |   -5.919  -6.811   5.062
  92B   0.01159188 0.10  0.188 -1273.413445  156.0   5.163   5.029 |    0.000   0.000   0.000   0.000 |   -5.920  -6.811   5.033
  93B   0.00696915 0.11  0.188 -1273.414418  156.0   5.163   5.029 |    0.000   0.000   0.000   0.000 |   -5.921  -6.811   4.985
  94B   0.00974594 0.10  0.188 -1273.411409  156.0   5.163   5.029 |    0.000   0.000   0.000   0.000 |   -5.920  -6.811   4.430
  95B   0.01172710 0.10  0.188 -1273.407313  156.0   5.163   5.029 |    0.000   0.000   0.000   0.000 |   -5.920  -6.810   4.624
  96B   0.00912631 0.11  0.188 -1273.405960  156.0   5.163   5.029 |    0.000   0.000   0.000   0.000 |   -5.920  -6.810   4.724
  97B   0.01232173 0.10  0.188 -1273.402162  156.0   5.163   5.029 |    0.000   0.000   0.000   0.000 |   -5.919  -6.810   4.423
  98B   0.01021625 0.11  0.188 -1273.404694  156.0   5.163   5.029 |    0.000   0.000   0.000   0.000 |   -5.920  -6.809   4.559
  99B   0.01154474 0.10  0.188 -1273.404692  156.0   5.163   5.029 |    0.000   0.000   0.000   0.000 |   -5.920  -6.809   4.632
 100B   0.01271378 0.10  0.188 -1273.401204  156.0   5.163   5.029 |    0.000   0.000   0.000   0.000 |   -5.919  -6.809   5.303
 101B   0.00905433 0.11  0.188 -1273.403827  156.0   5.163   5.029 |    0.000   0.000   0.000   0.000 |   -5.920  -6.809   5.443
 102B   0.01181682 0.10  0.188 -1273.391685  156.0   5.163   5.029 |    0.000  -0.000   0.000  -0.000 |   -5.919  -6.808   4.950
 103B   0.01264198 0.10  0.188 -1273.391090  156.0   5.163   5.029 |    0.000  -0.000   0.000  -0.000 |   -5.919  -6.808   4.571
 104B   0.00780696 0.11  0.188 -1273.389082  156.0   5.163   5.029 |    0.000  -0.000   0.000  -0.000 |   -5.919  -6.808   4.575
 105B   0.00903172 0.10  0.188 -1273.396740  156.0   5.163   5.029 |    0.000   0.000   0.000   0.000 |   -5.920  -6.808   4.870
 106B   0.00744131 0.11  0.188 -1273.394943  156.0   5.163   5.029 |    0.000   0.000   0.000   0.000 |   -5.919  -6.808   4.839
 107B   0.01067241 0.10  0.188 -1273.396306  156.0   5.163   5.029 |    0.000   0.000   0.000   0.000 |   -5.920  -6.808   4.668
 108B   0.00682269 0.11  0.188 -1273.398624  156.0   5.163   5.029 |    0.000   0.000   0.000   0.000 |   -5.920  -6.808   4.766
 109B   0.00751722 0.10  0.188 -1273.400188  156.0   5.163   5.029 |    0.000   0.000   0.000   0.000 |   -5.920  -6.808   5.072
 110B   0.00500635 0.11  0.188 -1273.416295  156.0   5.163   5.029 |    0.000   0.000   0.000   0.000 |   -5.922  -6.808   4.926
 111B   0.00583999 0.10  0.188 -1273.409054  156.0   5.163   5.029 |    0.000   0.000   0.000   0.000 |   -5.921  -6.808   5.122
 112B   0.00689288 0.10  0.188 -1273.406870  156.0   5.163   5.029 |    0.000   0.000   0.000   0.000 |   -5.921  -6.807   4.759
 113B   0.00708176 0.10  0.188 -1273.406433  156.0   5.163   5.029 |    0.000   0.000   0.000   0.000 |   -5.921  -6.807   4.753
 114B   0.00731437 0.10  0.188 -1273.405567  156.0   5.163   5.029 |    0.000   0.000   0.000   0.000 |   -5.921  -6.807   4.544
 115B   0.00765201 0.10  0.188 -1273.407353  156.0   5.163   5.029 |    0.000   0.000   0.000   0.000 |   -5.921  -6.807   4.640
 116B   0.00638145 0.11  0.188 -1273.408951  156.0   5.163   5.029 |    0.000   0.000   0.000   0.000 |   -5.921  -6.807   4.744
 117B   0.00713494 0.10  0.188 -1273.409644  156.0   5.163   5.029 |    0.000   0.000   0.000   0.000 |   -5.921  -6.807   4.820
 118B   0.00759782 0.10  0.188 -1273.409685  156.0   5.163   5.029 |    0.000   0.000   0.000   0.000 |   -5.921  -6.807   4.636
 119B   0.01147700 0.10  0.188 -1273.409058  156.0   5.163   5.029 |    0.000   0.000   0.000   0.000 |   -5.921  -6.807   4.674
 120B   0.00538974 0.11  0.188 -1273.400553  156.0   5.163   5.029 |    0.000   0.000   0.000   0.000 |   -5.921  -6.807   4.627
 121B   0.00691339 0.10  0.188 -1273.400785  156.0   5.163   5.029 |    0.000   0.000   0.000   0.000 |   -5.921  -6.807   4.656
 122B   0.00659531 0.11  0.188 -1273.399722  156.0   5.163   5.029 |    0.000   0.000   0.000   0.000 |   -5.921  -6.806   4.530
 123B   0.00645909 0.13  0.188 -1273.398621  156.0   5.163   5.029 |    0.000   0.000   0.000   0.000 |   -5.921  -6.806   4.539
 124B   0.00516246 0.14  0.188 -1273.399679  156.0   5.163   5.029 |    0.000   0.000   0.000   0.000 |   -5.921  -6.806   4.476
 125B   0.00530435 0.10  0.188 -1273.400014  156.0   5.163   5.029 |    0.000   0.000   0.000   0.000 |   -5.921  -6.806   4.567
 126B   0.00563260 0.10  0.188 -1273.399987  156.0   5.163   5.029 |    0.000   0.000   0.000   0.000 |   -5.921  -6.806   4.784
 127B   0.00550523 0.11  0.188 -1273.398395  156.0   5.163   5.029 |    0.000   0.000   0.000   0.000 |   -5.921  -6.806   4.838
 128B   0.01101864 0.10  0.188 -1273.398723  156.0   5.163   5.029 |    0.000  -0.000   0.000  -0.000 |   -5.922  -6.804   4.642
 129B   0.00268948 0.11  0.188 -1273.397519  156.0   5.163   5.029 |    0.000  -0.000   0.000  -0.000 |   -5.922  -6.805   4.834
 130B   0.00194510 0.13  0.188 -1273.400013  156.0   5.163   5.029 |    0.000  -0.000   0.000  -0.000 |   -5.922  -6.805   5.048
 131B   0.00255598 0.10  0.188 -1273.401147  156.0   5.163   5.029 |    0.000  -0.000   0.000   0.000 |   -5.922  -6.805   4.598
 132B   0.00208647 0.11  0.188 -1273.404736  156.0   5.163   5.029 |    0.000   0.000   0.000   0.000 |   -5.922  -6.805   4.712
 133B   0.00186434 0.13  0.188 -1273.407554  156.0   5.163   5.029 |    0.000   0.000   0.000   0.000 |   -5.923  -6.805   4.751
 134B   0.00211123 0.10  0.188 -1273.408023  156.0   5.163   5.029 |    0.000   0.000   0.000   0.000 |   -5.923  -6.805   4.857
 135B   0.00224868 0.10  0.188 -1273.406781  156.0   5.163   5.029 |    0.000  -0.000   0.000   0.000 |   -5.923  -6.804   5.134
 136B   0.00284356 0.10  0.188 -1273.404056  156.0   5.163   5.029 |    0.000  -0.000   0.000  -0.000 |   -5.923  -6.804   4.844
 137B   0.00156031 0.11  0.188 -1273.405891  156.0   5.163   5.029 |    0.000  -0.000   0.000  -0.000 |   -5.923  -6.804   4.518
 138B   0.00249701 0.10  0.188 -1273.405736  156.0   5.163   5.029 |    0.000   0.000   0.000   0.000 |   -5.923  -6.804   4.623
 139B   0.00271195 0.10  0.188 -1273.404194  156.0   5.163   5.029 |    0.000  -0.000   0.000   0.000 |   -5.922  -6.804   4.807
 140B   0.00292024 0.10  0.188 -1273.402443  156.0   5.163   5.029 |    0.000  -0.000   0.000  -0.000 |   -5.922  -6.804   4.918
 141B   0.00323764 0.10  0.188 -1273.401300  156.0   5.163   5.029 |    0.000  -0.000   0.000  -0.000 |   -5.922  -6.804   4.682
 142B   0.00270550 0.11  0.188 -1273.401486  156.0   5.163   5.029 |    0.000  -0.000   0.000  -0.000 |   -5.922  -6.804   4.399
 143B   0.00281017 0.10  0.188 -1273.400724  156.0   5.163   5.029 |    0.000  -0.000   0.000  -0.000 |   -5.922  -6.804   4.932
 144B   0.00260928 0.11  0.188 -1273.400979  156.0   5.163   5.029 |    0.000  -0.000   0.000  -0.000 |   -5.922  -6.804   4.541
 145B   0.00227544 0.13  0.188 -1273.400359  156.0   5.163   5.029 |    0.000  -0.000   0.000  -0.000 |   -5.922  -6.803   4.497
 146B   0.00418746 0.10  0.188 -1273.399757  156.0   5.163   5.029 |    0.000  -0.000   0.000  -0.000 |   -5.922  -6.803   4.805
 147B   0.00154709 0.11  0.188 -1273.397890  156.0   5.163   5.029 |    0.000  -0.000   0.000  -0.000 |   -5.922  -6.803   4.666
 148B   0.00146493 0.13  0.188 -1273.398145  156.0   5.163   5.029 |    0.000  -0.000   0.000  -0.000 |   -5.923  -6.803   4.627
 149B   0.00108981 0.14  0.188 -1273.399178  156.0   5.163   5.029 |    0.000   0.000   0.000   0.000 |   -5.923  -6.803   4.570
 150B   0.00119658 0.10  0.188 -1273.400493  156.0   5.163   5.029 |    0.000  -0.000   0.000   0.000 |   -5.923  -6.803   4.477
 151B   0.00121186 0.10  0.188 -1273.401254  156.0   5.163   5.029 |    0.000  -0.000   0.000  -0.000 |   -5.923  -6.803   4.312
 152B   0.00073487 0.11  0.188 -1273.401109  156.0   5.163   5.029 |    0.000   0.000   0.000  -0.000 |   -5.923  -6.803   4.434
 153B   0.00099712 0.10  0.188 -1273.401936  156.0   5.163   5.029 |    0.000  -0.000   0.000  -0.000 |   -5.923  -6.803   4.421
 154B   0.00096606 0.11  0.188 -1273.402466  156.0   5.163   5.029 |    0.000   0.000   0.000  -0.000 |   -5.923  -6.803   4.571
 155B   0.00068010 0.13  0.188 -1273.403312  156.0   5.163   5.029 |    0.000   0.000   0.000  -0.000 |   -5.923  -6.803   4.526
 156B   0.00108858 0.10  0.188 -1273.402686  156.0   5.163   5.029 |    0.000   0.000   0.000  -0.000 |   -5.923  -6.803   4.762
 157B   0.00105702 0.11  0.188 -1273.403007  156.0   5.163   5.029 |    0.000   0.000   0.000  -0.000 |   -5.923  -6.803   4.981
 158B   0.00101550 0.13  0.188 -1273.403614  156.0   5.163   5.029 |    0.000   0.000   0.000  -0.000 |   -5.923  -6.803   5.031
 159B   0.00213080 0.10  0.188 -1273.402921  156.0   5.163   5.029 |    0.000  -0.000   0.000  -0.000 |   -5.923  -6.803   4.744
 160B   0.00116812 0.11  0.188 -1273.402720  156.0   5.163   5.029 |    0.000   0.000   0.000  -0.000 |   -5.923  -6.803   4.642
 161B   0.00133099 0.10  0.188 -1273.402614  156.0   5.163   5.029 |    0.000   0.000   0.000  -0.000 |   -5.923  -6.803   4.992
 162B   0.00128276 0.11  0.188 -1273.402383  156.0   5.163   5.029 |    0.000   0.000   0.000  -0.000 |   -5.923  -6.803   4.815
 163B   0.00117153 0.13  0.188 -1273.402263  156.0   5.163   5.029 |    0.000   0.000   0.000  -0.000 |   -5.923  -6.803   4.782
 164B   0.00086083 0.14  0.188 -1273.403668  156.0   5.163   5.029 |    0.000   0.000   0.000  -0.000 |   -5.923  -6.803   4.943
 165B   0.00143001 0.10  0.188 -1273.402724  156.0   5.163   5.029 |    0.000   0.000   0.000  -0.000 |   -5.923  -6.803   4.567
 166B   0.00148603 0.10  0.188 -1273.402629  156.0   5.163   5.029 |    0.000   0.000   0.000  -0.000 |   -5.923  -6.803   4.894
 167B   0.00142432 0.11  0.188 -1273.402320  156.0   5.163   5.029 |    0.000   0.000   0.000  -0.000 |   -5.923  -6.803   4.903
 168B   0.00200899 0.10  0.188 -1273.402231  156.0   5.163   5.029 |    0.000  -0.000   0.000  -0.000 |   -5.923  -6.803   4.921
 169B   0.00144273 0.11  0.188 -1273.402042  156.0   5.163   5.029 |    0.000   0.000   0.000  -0.000 |   -5.923  -6.803   4.894
 170B   0.00159594 0.10  0.188 -1273.401674  156.0   5.163   5.029 |    0.000   0.000   0.000  -0.000 |   -5.923  -6.803   5.063
 171B   0.00127646 0.11  0.188 -1273.401702  156.0   5.163   5.029 |    0.000   0.000   0.000  -0.000 |   -5.923  -6.803   5.007
 172B   0.00133688 0.10  0.188 -1273.401252  156.0   5.163   5.029 |    0.000  -0.000   0.000  -0.000 |   -5.923  -6.803   5.091
 173B   0.00264831 0.10  0.188 -1273.403029  156.0   5.163   5.029 |    0.000   0.000   0.000   0.000 |   -5.923  -6.803   5.125
 174B   0.00095628 0.11  0.188 -1273.401667  156.0   5.163   5.029 |    0.000  -0.000   0.000   0.000 |   -5.923  -6.803   4.938
 175B   0.00098682 0.10  0.188 -1273.401415  156.0   5.163   5.029 |    0.000  -0.000   0.000   0.000 |   -5.923  -6.803   4.634
 176B   0.00083605 0.11  0.188 -1273.401449  156.0   5.163   5.029 |    0.000  -0.000   0.000   0.000 |   -5.923  -6.803   5.080
 177B   0.00130825 0.10  0.188 -1273.401472  156.0   5.163   5.029 |    0.000   0.000   0.000   0.000 |   -5.923  -6.803   4.940
 178B   0.00068698 0.11  0.188 -1273.401544  156.0   5.163   5.029 |    0.000   0.000   0.000   0.000 |   -5.923  -6.803   4.653
 179B   0.00067553 0.13  0.188 -1273.401934  156.0   5.163   5.029 |    0.000   0.000   0.000   0.000 |   -5.923  -6.803   4.706
 180B   0.00059519 0.14  0.188 -1273.401955  156.0   5.163   5.029 |    0.000  -0.000   0.000   0.000 |   -5.923  -6.803   4.668
 181B   0.00042606 0.16  0.188 -1273.403095  156.0   5.163   5.029 |    0.000  -0.000   0.000  -0.000 |   -5.923  -6.803   4.808
 182B   0.00037010 0.18  0.188 -1273.403239  156.0   5.163   5.029 |    0.000  -0.000   0.000  -0.000 |   -5.923  -6.803   4.572
 183B   0.00045023 0.10  0.188 -1273.403278  156.0   5.163   5.029 |    0.000   0.000   0.000  -0.000 |   -5.923  -6.803   4.950
 184B   0.00039883 0.11  0.188 -1273.403224  156.0   5.163   5.029 |    0.000   0.000   0.000  -0.000 |   -5.923  -6.803   4.659
 185B   0.00055242 0.10  0.188 -1273.402665  156.0   5.163   5.029 |    0.000   0.000   0.000   0.000 |   -5.923  -6.803   4.548
 186B   0.00044947 0.11  0.188 -1273.402912  156.0   5.163   5.029 |    0.000  -0.000   0.000   0.000 |   -5.923  -6.803   4.426
 187B   0.00054541 0.10  0.188 -1273.402571  156.0   5.163   5.029 |    0.000   0.000   0.000   0.000 |   -5.923  -6.803   4.724
 188B   0.00047480 0.11  0.188 -1273.402846  156.0   5.163   5.029 |    0.000   0.000   0.000   0.000 |   -5.923  -6.803   4.410
 189B   0.00055154 0.10  0.188 -1273.402649  156.0   5.163   5.029 |    0.000   0.000   0.000  -0.000 |   -5.923  -6.803   4.576
 190B   0.00061992 0.10  0.188 -1273.402726  156.0   5.163   5.029 |    0.000  -0.000   0.000  -0.000 |   -5.923  -6.803   4.685
 191B   0.00092278 0.10  0.188 -1273.402047  156.0   5.163   5.029 |    0.000   0.000   0.000   0.000 |   -5.923  -6.803   4.622
 192B   0.00078143 0.11  0.188 -1273.402382  156.0   5.163   5.029 |    0.000   0.000   0.000  -0.000 |   -5.923  -6.803   4.813
 193B   0.00055331 0.13  0.188 -1273.402286  156.0   5.163   5.029 |    0.000   0.000   0.000  -0.000 |   -5.923  -6.803   4.943
 194B   0.00082416 0.10  0.188 -1273.402039  156.0   5.163   5.029 |    0.000   0.000   0.000   0.000 |   -5.923  -6.803   5.244
 195B   0.00069814 0.11  0.188 -1273.401795  156.0   5.163   5.029 |    0.000   0.000   0.000   0.000 |   -5.923  -6.803   4.664
 196B   0.00065838 0.13  0.188 -1273.401715  156.0   5.163   5.029 |    0.000  -0.000   0.000   0.000 |   -5.923  -6.803   5.115
 197B   0.00053896 0.14  0.188 -1273.402041  156.0   5.163   5.029 |    0.000  -0.000   0.000  -0.000 |   -5.923  -6.803   4.768
 198B   0.00052712 0.16  0.188 -1273.401829  156.0   5.163   5.029 |    0.000   0.000   0.000   0.000 |   -5.923  -6.803   5.029
 199B   0.00047121 0.18  0.188 -1273.401555  156.0   5.163   5.029 |    0.000  -0.000   0.000   0.000 |   -5.923  -6.803   4.858
 200B   0.00047359 0.10  0.188 -1273.401860  156.0   5.163   5.029 |    0.000   0.000   0.000  -0.000 |   -5.923  -6.803   4.858
 201B   0.00027055 0.11  0.188 -1273.401815  156.0   5.163   5.029 |    0.000   0.000   0.000  -0.000 |   -5.923  -6.803   4.557
 202B   0.00045977 0.10  0.188 -1273.402007  156.0   5.163   5.029 |    0.000  -0.000   0.000  -0.000 |   -5.923  -6.803   4.626
 203B   0.00017143 0.11  0.188 -1273.401951  156.0   5.163   5.029 |    0.000   0.000   0.000   0.000 |   -5.923  -6.803   4.800
 204B   0.00017757 0.10  0.188 -1273.401971  156.0   5.163   5.029 |    0.000   0.000   0.000   0.000 |   -5.923  -6.803   4.883
 205B   0.00016689 0.11  0.188 -1273.402118  156.0   5.163   5.029 |    0.000   0.000   0.000  -0.000 |   -5.923  -6.803   4.666
 206B   0.00021520 0.10  0.188 -1273.402508  156.0   5.163   5.029 |    0.000   0.000   0.000  -0.000 |   -5.923  -6.803   4.878
 207B   0.00017600 0.11  0.188 -1273.402460  156.0   5.163   5.029 |    0.000  -0.000   0.000  -0.000 |   -5.923  -6.803   4.708
 208B   0.00017634 0.10  0.188 -1273.402568  156.0   5.163   5.029 |    0.000  -0.000   0.000  -0.000 |   -5.923  -6.803   4.762
 209B   0.00031938 0.10  0.188 -1273.402614  156.0   5.163   5.029 |    0.000   0.000   0.000  -0.000 |   -5.923  -6.803   5.030
 210B   0.00020001 0.11  0.188 -1273.402619  156.0   5.163   5.029 |    0.000   0.000   0.000   0.000 |   -5.923  -6.803   4.396
 211B   0.00025991 0.10  0.188 -1273.402538  156.0   5.163   5.029 |    0.000   0.000   0.000   0.000 |   -5.923  -6.803   4.708
 212B   0.00028375 0.10  0.188 -1273.402423  156.0   5.163   5.029 |    0.000   0.000   0.000   0.000 |   -5.923  -6.803   4.681
 213B   0.00032607 0.10  0.188 -1273.402286  156.0   5.163   5.029 |    0.000  -0.000   0.000  -0.000 |   -5.923  -6.803   4.620
 214B   0.00029114 0.11  0.188 -1273.402212  156.0   5.163   5.029 |    0.000  -0.000   0.000  -0.000 |   -5.923  -6.803   4.841
 215B   0.00032055 0.10  0.188 -1273.402367  156.0   5.163   5.029 |    0.000  -0.000   0.000   0.000 |   -5.923  -6.803   4.715
 216B   0.00028113 0.11  0.188 -1273.402138  156.0   5.163   5.029 |    0.000   0.000   0.000   0.000 |   -5.923  -6.803   4.629
 217B   0.00028043 0.13  0.188 -1273.402175  156.0   5.163   5.029 |    0.000  -0.000   0.000  -0.000 |   -5.923  -6.803   4.167
 218B   0.00022492 0.14  0.188 -1273.402260  156.0   5.163   5.029 |    0.000   0.000   0.000   0.000 |   -5.923  -6.803   4.761
 219B   0.00025271 0.10  0.188 -1273.402341  156.0   5.163   5.029 |    0.000   0.000   0.000  -0.000 |   -5.923  -6.803   4.612
 220B   0.00015476 0.11  0.188 -1273.402085  156.0   5.163   5.029 |    0.000  -0.000   0.000   0.000 |   -5.923  -6.803   4.487
 221B   0.00013710 0.13  0.188 -1273.402108  156.0   5.163   5.029 |    0.000   0.000   0.000  -0.000 |   -5.923  -6.802   4.578
 222B   0.00006039 0.14  0.188 -1273.402165  156.0   5.163   5.029 |    0.000   0.000   0.000  -0.000 |   -5.923  -6.802   4.684
 223B   0.00008117 0.10  0.188 -1273.402233  156.0   5.163   5.029 |    0.000   0.000   0.000   0.000 |   -5.923  -6.802   4.806
 224B   0.00010447 0.10  0.188 -1273.402315  156.0   5.163   5.029 |    0.000  -0.000   0.000  -0.000 |   -5.923  -6.802   4.759
 225B   0.00004018 0.11  0.188 -1273.402326  156.0   5.163   5.029 |    0.000   0.000   0.000  -0.000 |   -5.923  -6.802   4.703
 226B   0.00003035 0.13  0.188 -1273.402362  156.0   5.163   5.029 |    0.000  -0.000   0.000  -0.000 |   -5.923  -6.802   4.662
 227B   0.00003531 0.10  0.188 -1273.402381  156.0   5.163   5.029 |    0.000   0.000   0.000  -0.000 |   -5.923  -6.802   4.655
 228B   0.00002723 0.11  0.188 -1273.402336  156.0   5.163   5.029 |    0.000  -0.000   0.000  -0.000 |   -5.923  -6.802   4.776
 229B   0.00004180 0.10  0.188 -1273.402290  156.0   5.163   5.029 |    0.000  -0.000   0.000   0.000 |   -5.923  -6.802   4.673
 230B   0.00002366 0.11  0.188 -1273.402308  156.0   5.163   5.029 |    0.000   0.000   0.000  -0.000 |   -5.923  -6.802   4.755
 231B   0.00004418 0.10  0.188 -1273.402291  156.0   5.163   5.029 |    0.000   0.000   0.000   0.000 |   -5.923  -6.802   4.895
 232B   0.00002966 0.11  0.188 -1273.402291  156.0   5.163   5.029 |    0.000   0.000   0.000  -0.000 |   -5.923  -6.802   4.810
 233B   0.00003242 0.10  0.188 -1273.402291  156.0   5.163   5.029 |    0.000  -0.000   0.000  -0.000 |   -5.923  -6.802   4.575
 234B   0.00003728 0.10  0.188 -1273.402273  156.0   5.163   5.029 |    0.000   0.000   0.000  -0.000 |   -5.923  -6.802   4.516
 235B   0.00003383 0.11  0.188 -1273.402284  156.0   5.163   5.029 |    0.000   0.000   0.000  -0.000 |   -5.923  -6.802   4.391
 236B   0.00003243 0.13  0.188 -1273.402258  156.0   5.163   5.029 |    0.000  -0.000   0.000   0.000 |   -5.923  -6.802   4.611
 237B   0.00003908 0.10  0.188 -1273.402262  156.0   5.163   5.029 |    0.000   0.000   0.000  -0.000 |   -5.923  -6.802   4.424
 238B   0.00002471 0.11  0.188 -1273.402274  156.0   5.163   5.029 |    0.000   0.000   0.000  -0.000 |   -5.923  -6.802   4.430
 239B   0.00003500 0.10  0.188 -1273.402274  156.0   5.163   5.029 |    0.000   0.000   0.000  -0.000 |   -5.923  -6.802   4.640
 240B   0.00002615 0.11  0.188 -1273.402271  156.0   5.163   5.029 |    0.000   0.000   0.000  -0.000 |   -5.923  -6.802   4.556
 241B   0.00004128 0.10  0.188 -1273.402254  156.0   5.163   5.029 |    0.000   0.000   0.000   0.000 |   -5.923  -6.802   4.230
 242B   0.00003586 0.11  0.188 -1273.402254  156.0   5.163   5.029 |    0.000  -0.000   0.000   0.000 |   -5.923  -6.802   4.249
 243B   0.00003534 0.13  0.188 -1273.402266  156.0   5.163   5.029 |    0.000   0.000   0.000  -0.000 |   -5.923  -6.802   4.555
 244B   0.00002908 0.14  0.188 -1273.402259  156.0   5.163   5.029 |    0.000  -0.000   0.000  -0.000 |   -5.923  -6.802   4.544
 245B   0.00002842 0.16  0.188 -1273.402260  156.0   5.163   5.029 |    0.000  -0.000   0.000   0.000 |   -5.923  -6.802   4.221
 246B   0.00003545 0.10  0.188 -1273.402261  156.0   5.163   5.029 |    0.000   0.000   0.000  -0.000 |   -5.923  -6.802   4.728
 247B   0.00003231 0.11  0.188 -1273.402269  156.0   5.163   5.029 |    0.000   0.000   0.000   0.000 |   -5.923  -6.802   4.560
 248B   0.00002547 0.13  0.188 -1273.402263  156.0   5.163   5.029 |    0.000  -0.000   0.000  -0.000 |   -5.923  -6.802   4.241
 249B   0.00001768 0.14  0.188 -1273.402263  156.0   5.163   5.029 |    0.000   0.000   0.000  -0.000 |   -5.923  -6.802   4.423
 250B   0.00002398 0.10  0.188 -1273.402276  156.0   5.163   5.029 |    0.000  -0.000   0.000   0.000 |   -5.923  -6.802   4.555
 251B   0.00001910 0.11  0.188 -1273.402268  156.0   5.163   5.029 |    0.000   0.000   0.000  -0.000 |   -5.923  -6.802   4.386
 252B   0.00001112 0.13  0.188 -1273.402265  156.0   5.163   5.029 |    0.000   0.000   0.000  -0.000 |   -5.923  -6.802   4.230
 253B   0.00001206 0.10  0.188 -1273.402270  156.0   5.163   5.029 |    0.000   0.000   0.000  -0.000 |   -5.923  -6.802   4.339
 254B   0.00000976 0.11  0.188 -1273.402273  156.0   5.163   5.029 |    0.000  -0.000   0.000  -0.000 |   -5.923  -6.802   4.527
 255B   0.00000727 0.13  0.188 -1273.402291  156.0   5.163   5.029 |    0.000  -0.000   0.000  -0.000 |   -5.923  -6.802   4.607
 256B   0.00001065 0.10  0.188 -1273.402292  156.0   5.163   5.029 |    0.000   0.000   0.000   0.000 |   -5.923  -6.802   4.635
 257B   0.00001118 0.10  0.188 -1273.402298  156.0   5.163   5.029 |    0.000   0.000   0.000  -0.000 |   -5.923  -6.802   4.289
 258B   0.00001050 0.11  0.188 -1273.402299  156.0   5.163   5.029 |    0.000  -0.000   0.000   0.000 |   -5.923  -6.802   4.397
 259B   0.00000989 0.13  0.188 -1273.402302  156.0   5.163   5.029 |    0.000   0.000   0.000   0.000 |   -5.923  -6.802   4.303
 260B   0.00001186 0.10  0.188 -1273.402294  156.0   5.163   5.029 |    0.000  -0.000   0.000   0.000 |   -5.923  -6.802   4.138
 261B   0.00001197 0.10  0.188 -1273.402287  156.0   5.163   5.029 |    0.000   0.000   0.000  -0.000 |   -5.923  -6.802   4.332
 262B   0.00001013 0.11  0.188 -1273.402286  156.0   5.163   5.029 |    0.000   0.000   0.000  -0.000 |   -5.923  -6.802   4.371
 263B   0.00001368 0.10  0.188 -1273.402285  156.0   5.163   5.029 |    0.000  -0.000   0.000  -0.000 |   -5.923  -6.802   4.585
 264B   0.00001324 0.11  0.188 -1273.402281  156.0   5.163   5.029 |    0.000   0.000   0.000  -0.000 |   -5.923  -6.802   4.671
 265B   0.00001509 0.10  0.188 -1273.402278  156.0   5.163   5.029 |    0.000  -0.000   0.000  -0.000 |   -5.923  -6.802   4.382
 266B   0.00001361 0.11  0.188 -1273.402276  156.0   5.163   5.029 |    0.000  -0.000   0.000  -0.000 |   -5.923  -6.802   4.181
 267B   0.00001373 0.10  0.188 -1273.402275  156.0   5.163   5.029 |    0.000   0.000   0.000  -0.000 |   -5.923  -6.802   3.142
 268B   0.00001419 0.10  0.188 -1273.402280  156.0   5.163   5.029 |    0.000  -0.000   0.000   0.000 |   -5.923  -6.802   4.045
 269B   0.00001162 0.11  0.188 -1273.402273  156.0   5.163   5.029 |    0.000  -0.000   0.000  -0.000 |   -5.923  -6.802   4.335
 270B   0.00001625 0.10  0.188 -1273.402266  156.0   5.163   5.029 |    0.000  -0.000   0.000  -0.000 |   -5.923  -6.802   4.241
 271B   0.00001941 0.10  0.188 -1273.402274  156.0   5.163   5.029 |    0.000   0.000   0.000  -0.000 |   -5.923  -6.802   3.976
 272B   0.00001578 0.11  0.188 -1273.402266  156.0   5.163   5.029 |    0.000   0.000   0.000  -0.000 |   -5.923  -6.802   4.232
 273B   0.00001484 0.13  0.188 -1273.402266  156.0   5.163   5.029 |    0.000   0.000   0.000  -0.000 |   -5.923  -6.802   4.383
 274B   0.00001561 0.10  0.188 -1273.402268  156.0   5.163   5.029 |    0.000   0.000   0.000   0.000 |   -5.923  -6.802   4.378
 275B   0.00001037 0.11  0.188 -1273.402272  156.0   5.163   5.029 |    0.000  -0.000   0.000   0.000 |   -5.923  -6.802   4.131
 276B   0.00000987 0.13  0.188 -1273.402274  156.0   5.163   5.029 |    0.000  -0.000   0.000   0.000 |   -5.923  -6.802   4.266
 277B   0.00001190 0.10  0.188 -1273.402284  156.0   5.163   5.029 |    0.000  -0.000   0.000   0.000 |   -5.923  -6.802   4.212
 278B   0.00000423 0.11  0.188 -1273.402289  156.0   5.163   5.029 |    0.000   0.000   0.000  -0.000 |   -5.923  -6.802   4.283
 279B   0.00000470 0.10  0.188 -1273.402287  156.0   5.163   5.029 |    0.000  -0.000   0.000  -0.000 |   -5.923  -6.802   4.284
 280B   0.00000592 0.10  0.188 -1273.402292  156.0   5.163   5.029 |    0.000  -0.000   0.000   0.000 |   -5.923  -6.802   4.202
 281B   0.00000621 0.10  0.188 -1273.402291  156.0   5.163   5.029 |    0.000  -0.000   0.000   0.000 |   -5.923  -6.802   4.294
 282B   0.00000610 0.11  0.188 -1273.402291  156.0   5.163   5.029 |    0.000  -0.000   0.000   0.000 |   -5.923  -6.802   4.332
 283B   0.00000595 0.13  0.188 -1273.402290  156.0   5.163   5.029 |    0.000  -0.000   0.000   0.000 |   -5.923  -6.802   4.199
 284B   0.00000787 0.10  0.188 -1273.402285  156.0   5.163   5.029 |    0.000   0.000   0.000  -0.000 |   -5.923  -6.802   4.271
 285B   0.00000570 0.11  0.188 -1273.402280  156.0   5.163   5.029 |    0.000   0.000   0.000   0.000 |   -5.923  -6.802   4.393
 286B   0.00000392 0.13  0.188 -1273.402279  156.0   5.163   5.029 |    0.000   0.000   0.000  -0.000 |   -5.923  -6.802   4.260
 287B   0.00000433 0.10  0.188 -1273.402280  156.0   5.163   5.029 |    0.000   0.000   0.000  -0.000 |   -5.923  -6.802   4.211
 288B   0.00000126 0.11  0.188 -1273.402278  156.0   5.163   5.029 |    0.000  -0.000   0.000  -0.000 |   -5.923  -6.802   4.318
 289B   0.00000107 0.13  0.188 -1273.402278  156.0   5.163   5.029 |    0.000  -0.000   0.000  -0.000 |   -5.923  -6.802   4.331
 290B   0.00000073 0.14  0.188 -1273.402279  156.0   5.163   5.029 |    0.000   0.000   0.000   0.000 |   -5.923  -6.802   4.377
 291B   0.00000067 0.16  0.188 -1273.402279  156.0   5.163   5.029 |    0.000   0.000   0.000   0.000 |   -5.923  -6.802   4.062
 292B   0.00000093 0.10  0.188 -1273.402279  156.0   5.163   5.029 |    0.000   0.000   0.000   0.000 |   -5.923  -6.802   4.276
 293B   0.00000096 0.10  0.188 -1273.402280  156.0   5.163   5.029 |    0.000   0.000   0.000   0.000 |   -5.923  -6.802   4.162
 294B   0.00000059 0.11  0.188 -1273.402280  156.0   5.163   5.029 |    0.000   0.000   0.000   0.000 |   -5.923  -6.802   4.257
 295B   0.00000061 0.10  0.188 -1273.402280  156.0   5.163   5.029 |    0.000   0.000   0.000   0.000 |   -5.923  -6.802   4.203
 296B   0.00000092 0.10  0.188 -1273.402281  156.0   5.163   5.029 |    0.000  -0.000   0.000   0.000 |   -5.923  -6.802   4.014
 297B   0.00000063 0.11  0.188 -1273.402281  156.0   5.163   5.029 |    0.000   0.000   0.000   0.000 |   -5.923  -6.802   4.253
 298B   0.00000062 0.13  0.188 -1273.402281  156.0   5.163   5.029 |    0.000   0.000   0.000   0.000 |   -5.923  -6.802   4.290
 299B   0.00000084 0.10  0.188 -1273.402282  156.0   5.163   5.029 |    0.000  -0.000   0.000   0.000 |   -5.923  -6.802   4.259
 300B   0.00000067 0.11  0.188 -1273.402282  156.0   5.163   5.029 |    0.000   0.000   0.000   0.000 |   -5.923  -6.802   4.224
 301B   0.00000031 0.13  0.188 -1273.402282  156.0   5.163   5.029 |    0.000   0.000   0.000   0.000 |   -5.923  -6.802   4.066
 302B   0.00000020 0.14  0.188 -1273.402282  156.0   5.163   5.029 |    0.000   0.000   0.000   0.000 |   -5.923  -6.802   4.284
 303B   0.00000042 0.10  0.188 -1273.402282  156.0   5.163   5.029 |    0.000   0.000   0.000   0.000 |   -5.923  -6.802   4.196
 304B   0.00000025 0.11  0.188 -1273.402282  156.0   5.163   5.029 |    0.000   0.000   0.000   0.000 |   -5.923  -6.802   2.925
 305B   0.00000041 0.10  0.188 -1273.402281  156.0   5.163   5.029 |    0.000   0.000   0.000   0.000 |   -5.923  -6.802   4.022
 306B   0.00000040 0.11  0.188 -1273.402281  156.0   5.163   5.029 |    0.000  -0.000   0.000   0.000 |   -5.923  -6.802   4.195
 307B   0.00000027 0.13  0.188 -1273.402281  156.0   5.163   5.029 |    0.000   0.000   0.000   0.000 |   -5.923  -6.802   4.395
 308B   0.00000021 0.14  0.188 -1273.402281  156.0   5.163   5.029 |    0.000  -0.000   0.000   0.000 |   -5.923  -6.802   4.498
 309B   0.00000017 0.16  0.188 -1273.402281  156.0   5.163   5.029 |    0.000   0.000   0.000  -0.000 |   -5.923  -6.802   4.859
 310B   0.00000017 0.10  0.188 -1273.402281  156.0   5.163   5.029 |    0.000   0.000   0.000  -0.000 |   -5.923  -6.802   4.237
 311B   0.00000010 0.11  0.188 -1273.402281  156.0   5.163   5.029 |    0.000   0.000   0.000  -0.000 |   -5.923  -6.802   3.804
 312B   0.00000013 0.10  0.188 -1273.402281  156.0   5.163   5.029 |    0.000   0.000   0.000  -0.000 |   -5.923  -6.802   4.445
 313B   0.00000015 0.10  0.188 -1273.402281  156.0   5.163   5.029 |    0.000   0.000   0.000  -0.000 |   -5.923  -6.802   4.259
 314B   0.00000014 0.11  0.188 -1273.402281  156.0   5.163   5.029 |    0.000  -0.000   0.000   0.000 |   -5.923  -6.802   4.246
 315B   0.00000016 0.10  0.188 -1273.402281  156.0   5.163   5.029 |    0.000   0.000   0.000   0.000 |   -5.923  -6.802   4.385
 316B   0.00000014 0.11  0.188 -1273.402281  156.0   5.163   5.029 |    0.000   0.000   0.000  -0.000 |   -5.923  -6.802   4.407
 317B   0.00000013 0.13  0.188 -1273.402281  156.0   5.163   5.029 |    0.000   0.000   0.000  -0.000 |   -5.923  -6.802   4.575
 318B   0.00000026 0.10  0.188 -1273.402281  156.0   5.163   5.029 |    0.000   0.000   0.000  -0.000 |   -5.923  -6.802   4.240
 319B   0.00000015 0.11  0.188 -1273.402281  156.0   5.163   5.029 |    0.000   0.000   0.000  -0.000 |   -5.923  -6.802   4.314
 320B   0.00000009 0.13  0.188 -1273.402281  156.0   5.163   5.029 |    0.000   0.000   0.000  -0.000 |   -5.923  -6.802   4.413
 321B   0.00000008 0.14  0.188 -1273.402281  156.0   5.163   5.029 |    0.000   0.000   0.000   0.000 |   -5.923  -6.802   4.166
 322B   0.00000005 0.16  0.188 -1273.402281  156.0   5.163   5.029 |    0.000  -0.000   0.000  -0.000 |   -5.923  -6.802   4.337
 323B   0.00000005 0.18  0.188 -1273.402281  156.0   5.163   5.029 |    0.000   0.000   0.000   0.000 |   -5.923  -6.802   4.417
 324B   0.00000004 0.21  0.188 -1273.402281  156.0   5.163   5.029 |    0.000   0.000   0.000   0.000 |   -5.923  -6.802   4.234
 325B   0.00000004 0.24  0.188 -1273.402281  156.0   5.163   5.029 |    0.000  -0.000   0.000  -0.000 |   -5.923  -6.802   4.359
 326B   0.00000004 0.10  0.188 -1273.402281  156.0   5.163   5.029 |    0.000   0.000   0.000  -0.000 |   -5.923  -6.802   4.519
 327B   0.00000002 0.11  0.188 -1273.402281  156.0   5.163   5.029 |    0.000  -0.000   0.000  -0.000 |   -5.923  -6.802   4.320
 328B   0.00000003 0.10  0.188 -1273.402281  156.0   5.163   5.029 |    0.000  -0.000   0.000  -0.000 |   -5.923  -6.802   4.083
 329B   0.00000003 0.10  0.188 -1273.402281  156.0   5.163   5.029 |    0.000   0.000   0.000  -0.000 |   -5.923  -6.802   4.299
 330B   0.00000003 0.11  0.188 -1273.402281  156.0   5.163   5.029 |    0.000  -0.000   0.000  -0.000 |   -5.923  -6.802   4.189
 331B   0.00000003 0.13  0.188 -1273.402281  156.0   5.163   5.029 |    0.000  -0.000   0.000   0.000 |   -5.923  -6.802   4.416
 332B   0.00000002 0.14  0.188 -1273.402281  156.0   5.163   5.029 |    0.000   0.000   0.000  -0.000 |   -5.923  -6.802   4.667
 333B   0.00000003 0.10  0.188 -1273.402281  156.0   5.163   5.029 |    0.000   0.000   0.000  -0.000 |   -5.923  -6.802   4.561
 334B   0.00000003 0.11  0.188 -1273.402281  156.0   5.163   5.029 |    0.000   0.000   0.000  -0.000 |   -5.923  -6.802   4.401
 335B   0.00000003 0.13  0.188 -1273.402281  156.0   5.163   5.029 |    0.000  -0.000   0.000  -0.000 |   -5.923  -6.802   4.706
 336B   0.00000003 0.10  0.188 -1273.402281  156.0   5.163   5.029 |    0.000   0.000   0.000  -0.000 |   -5.923  -6.802   4.752
 337B   0.00000003 0.10  0.188 -1273.402281  156.0   5.163   5.029 |    0.000   0.000   0.000   0.000 |   -5.923  -6.802   4.966
 338B   0.00000003 0.11  0.188 -1273.402281  156.0   5.163   5.029 |    0.000   0.000   0.000   0.000 |   -5.923  -6.802   4.523
 339B   0.00000004 0.10  0.188 -1273.402281  156.0   5.163   5.029 |    0.000   0.000   0.000  -0.000 |   -5.923  -6.802   4.788
 340B   0.00000003 0.11  0.188 -1273.402281  156.0   5.163   5.029 |    0.000   0.000   0.000   0.000 |   -5.923  -6.802   4.410
 341B   0.00000004 0.10  0.188 -1273.402281  156.0   5.163   5.029 |    0.000   0.000   0.000   0.000 |   -5.923  -6.802   4.276
 342B   0.00000004 0.10  0.188 -1273.402281  156.0   5.163   5.029 |    0.000  -0.000   0.000   0.000 |   -5.923  -6.802   4.381
 343B   0.00000004 0.11  0.188 -1273.402281  156.0   5.163   5.029 |    0.000   0.000   0.000   0.000 |   -5.923  -6.802   4.396
 344B   0.00000003 0.13  0.188 -1273.402281  156.0   5.163   5.029 |    0.000   0.000   0.000   0.000 |   -5.923  -6.802   5.022
 345B   0.00000003 0.14  0.188 -1273.402281  156.0   5.163   5.029 |    0.000  -0.000   0.000  -0.000 |   -5.923  -6.802   3.642
 346B   0.00000003 0.16  0.188 -1273.402281  156.0   5.163   5.029 |    0.000  -0.000   0.000  -0.000 |   -5.923  -6.802   4.442
 347B   0.00000002 0.18  0.188 -1273.402281  156.0   5.163   5.029 |    0.000   0.000   0.000   0.000 |   -5.923  -6.802   4.830
 348B   0.00000003 0.10  0.188 -1273.402281  156.0   5.163   5.029 |    0.000   0.000   0.000  -0.000 |   -5.923  -6.802   4.564
 349B   0.00000002 0.11  0.188 -1273.402281  156.0   5.163   5.029 |    0.000  -0.000   0.000  -0.000 |   -5.923  -6.802   4.513
 350B   0.00000004 0.10  0.188 -1273.402281  156.0   5.163   5.029 |    0.000  -0.000   0.000  -0.000 |   -5.923  -6.802   4.869
 351B   0.00000003 0.11  0.188 -1273.402281  156.0   5.163   5.029 |    0.000   0.000   0.000  -0.000 |   -5.923  -6.802   4.027
 352B   0.00000002 0.13  0.188 -1273.402281  156.0   5.163   5.029 |    0.000   0.000   0.000  -0.000 |   -5.923  -6.802   3.728
 353B   0.00000002 0.14  0.188 -1273.402281  156.0   5.163   5.029 |    0.000  -0.000   0.000  -0.000 |   -5.923  -6.802   4.153
 354B   0.00000001 0.16  0.188 -1273.402281  156.0   5.163   5.029 |    0.000  -0.000   0.000  -0.000 |   -5.923  -6.802   5.009
 355B   0.00000001 0.10  0.188 -1273.402281  156.0   5.163   5.029 |    0.000  -0.000   0.000  -0.000 |   -5.923  -6.802   4.692
 356B   0.00000002 0.10  0.188 -1273.402281  156.0   5.163   5.029 |    0.000  -0.000   0.000  -0.000 |   -5.923  -6.802   4.142
 357B   0.00000001 0.11  0.188 -1273.402281  156.0   5.163   5.029 |    0.000  -0.000   0.000  -0.000 |   -5.923  -6.802   5.067
 358B   0.00000001 0.10  0.188 -1273.402281  156.0   5.163   5.029 |    0.000   0.000   0.000   0.000 |   -5.923  -6.802   5.101
 359B   0.00000003 0.10  0.188 -1273.402281  156.0   5.163   5.029 |    0.000   0.000   0.000   0.000 |   -5.923  -6.802   4.719
 360B   0.00000001 0.11  0.188 -1273.402281  156.0   5.163   5.029 |    0.000  -0.000   0.000   0.000 |   -5.923  -6.802   4.346
 361B   0.00000002 0.10  0.188 -1273.402281  156.0   5.163   5.029 |    0.000  -0.000   0.000   0.000 |   -5.923  -6.802   4.053
 362B   0.00000001 0.11  0.188 -1273.402281  156.0   5.163   5.029 |    0.000  -0.000   0.000   0.000 |   -5.923  -6.802   4.671
 363B   0.00000001 0.10  0.188 -1273.402281  156.0   5.163   5.029 |    0.000  -0.000   0.000   0.000 |   -5.923  -6.802   3.983
 364B   0.00000002 0.10  0.188 -1273.402281  156.0   5.163   5.029 |    0.000  -0.000   0.000   0.000 |   -5.923  -6.802   4.685
 365B   0.00000001 0.11  0.188 -1273.402281  156.0   5.163   5.029 |    0.000  -0.000   0.000   0.000 |   -5.923  -6.802   4.110
 366B   0.00000002 0.10  0.188 -1273.402281  156.0   5.163   5.029 |    0.000  -0.000   0.000   0.000 |   -5.923  -6.802   4.583
 367B   0.00000002 0.11  0.188 -1273.402281  156.0   5.163   5.029 |    0.000   0.000   0.000   0.000 |   -5.923  -6.802   5.118
 368B   0.00000002 0.13  0.188 -1273.402281  156.0   5.163   5.029 |    0.000  -0.000   0.000   0.000 |   -5.923  -6.802   4.268
 369B   0.00000002 0.10  0.188 -1273.402281  156.0   5.163   5.029 |    0.000  -0.000   0.000   0.000 |   -5.923  -6.802   4.003
 370B   0.00000002 0.11  0.188 -1273.402281  156.0   5.163   5.029 |    0.000  -0.000   0.000  -0.000 |   -5.923  -6.802   5.127
 371B   0.00000002 0.13  0.188 -1273.402281  156.0   5.163   5.029 |    0.000   0.000   0.000   0.000 |   -5.923  -6.802   4.253
 372B   0.00000002 0.10  0.188 -1273.402281  156.0   5.163   5.029 |    0.000  -0.000   0.000   0.000 |   -5.923  -6.802   5.007
 373B   0.00000002 0.11  0.188 -1273.402281  156.0   5.163   5.029 |    0.000  -0.000   0.000  -0.000 |   -5.923  -6.802   4.585
 374B   0.00000002 0.10  0.188 -1273.402281  156.0   5.163   5.029 |    0.000   0.000   0.000   0.000 |   -5.923  -6.802   4.798
 375B   0.00000002 0.10  0.188 -1273.402281  156.0   5.163   5.029 |    0.000   0.000   0.000   0.000 |   -5.923  -6.802   3.800
 376B   0.00000002 0.11  0.188 -1273.402281  156.0   5.163   5.029 |    0.000   0.000   0.000  -0.000 |   -5.923  -6.802   4.675
 377B   0.00000002 0.13  0.188 -1273.402281  156.0   5.163   5.029 |    0.000  -0.000   0.000  -0.000 |   -5.923  -6.802   5.256
 378B   0.00000002 0.10  0.188 -1273.402281  156.0   5.163   5.029 |    0.000  -0.000   0.000  -0.000 |   -5.923  -6.802   3.843
 379B   0.00000002 0.10  0.188 -1273.402281  156.0   5.163   5.029 |    0.000   0.000   0.000  -0.000 |   -5.923  -6.802   4.260
 380B   0.00000002 0.11  0.188 -1273.402281  156.0   5.163   5.029 |    0.000   0.000   0.000   0.000 |   -5.923  -6.802   4.451
 381B   0.00000002 0.13  0.188 -1273.402281  156.0   5.163   5.029 |    0.000   0.000   0.000  -0.000 |   -5.923  -6.802   4.670
 382B   0.00000002 0.14  0.188 -1273.402281  156.0   5.163   5.029 |    0.000  -0.000   0.000   0.000 |   -5.923  -6.802   4.593
 383B   0.00000003 0.10  0.188 -1273.402281  156.0   5.163   5.029 |    0.000   0.000   0.000   0.000 |   -5.923  -6.802   4.427
 384B   0.00000001 0.11  0.188 -1273.402281  156.0   5.163   5.029 |    0.000   0.000   0.000   0.000 |   -5.923  -6.802   4.606
 385B   0.00000001 0.13  0.188 -1273.402281  156.0   5.163   5.029 |    0.000  -0.000   0.000  -0.000 |   -5.923  -6.802   5.481
 386B   0.00000002 0.10  0.188 -1273.402281  156.0   5.163   5.029 |    0.000   0.000   0.000   0.000 |   -5.923  -6.802   4.679
 387B   0.00000001 0.11  0.188 -1273.402281  156.0   5.163   5.029 |    0.000   0.000   0.000   0.000 |   -5.923  -6.802   4.501
 388B   0.00000001 0.10  0.188 -1273.402281  156.0   5.163   5.029 |    0.000   0.000   0.000   0.000 |   -5.923  -6.802   4.961
 389B   0.00000001 0.11  0.188 -1273.402281  156.0   5.163   5.029 |    0.000  -0.000   0.000   0.000 |   -5.923  -6.802   3.081
 390B   0.00000001 0.10  0.188 -1273.402281  156.0   5.163   5.029 |    0.000  -0.000   0.000   0.000 |   -5.923  -6.802   2.107
 391B   0.00000001 0.10  0.188 -1273.402281  156.0   5.163   5.029 |    0.000   0.000   0.000  -0.000 |   -5.923  -6.802   4.913
 392B   0.00000001 0.11  0.188 -1273.402281  156.0   5.163   5.029 |    0.000  -0.000   0.000  -0.000 |   -5.923  -6.802   3.072
 393B   0.00000001 0.10  0.188 -1273.402281  156.0   5.163   5.029 |    0.000   0.000   0.000  -0.000 |   -5.923  -6.802   2.606
 394B   0.00000001 0.10  0.188 -1273.402281  156.0   5.163   5.029 |    0.000  -0.000   0.000  -0.000 |   -5.923  -6.802   3.248
 395B   0.00000001 0.11  0.188 -1273.402281  156.0   5.163   5.029 |    0.000  -0.000   0.000  -0.000 |   -5.923  -6.802   2.285
 396B   0.00000001 0.13  0.188 -1273.402281  156.0   5.163   5.029 |    0.000   0.000   0.000   0.000 |   -5.923  -6.802   3.596
 397B   0.00000001 0.14  0.188 -1273.402281  156.0   5.163   5.029 |    0.000  -0.000   0.000  -0.000 |   -5.923  -6.802   1.065
 398B   0.00000001 0.10  0.188 -1273.402281  156.0   5.163   5.029 |    0.000  -0.000   0.000   0.000 |   -5.923  -6.802   0.853
 399B   0.00000001 0.11  0.188 -1273.402281  156.0   5.163   5.029 |    0.000  -0.000   0.000  -0.000 |   -5.923  -6.802   0.798
 400B   0.00000001 0.10  0.188 -1273.402281  156.0   5.163   5.029 |    0.000  -0.000   0.000  -0.000 |   -5.923  -6.802   0.721
 401B   0.00000001 0.11  0.188 -1273.402281  156.0   5.163   5.029 |    0.000   0.000   0.000   0.000 |   -5.923  -6.802   0.000
  ----------------------------------------------------------------------------------------------------------------------------------
  *   iterations limit interrupt after 401 steps   si=     0.0000000089 ho= -1 tho=  0
  ----------------------------------------------------------------------------------------------------------------------------------
  Total CPU time=  30.764 minutes

  Writing to wel_file: s092_064.hel
 __________________________________  
  The tape s092_064.hel recorded:     
  nucname,npr,ngh,ngl,n00,nb,nt      
  b0,beta0,si,etot,rms,bet,xmix      
  pairing:     CpV0,CpV1,pwi         
  delta:       del,ept               
  lambda:      ala,ala2,alast,tz     
  asymptotic:  varmas,ass,skass      
  ntx,nb,nhhdim,id,N_rz,n_r,n_z      
  Omega2,Sigma2,Parity,Lambda        
  matrices(inbro):    hh,de          
  *all blocking candidates           
 __________________________________  


  NB! From expect (UNPROJECTED RESULTS)

  pairing: CpV0,CpV1,...           0.100000       0.100000       1.000000       1.000000
  forces:   UNE1                          


                             neutrons         protons         total
  Requested part.numbs.      92.000000      64.000000     156.000000
  UnPj(av) part.numbs .      92.000000      64.000000     156.000000
  b0, bz, bp ..........       2.130153       2.136882       2.126796

  lambda (ala) ........      -5.923209      -6.802427
  Lambda (alast) ......      -5.923209      -6.802427
  delta(n,p), pwi .....      -0.000000       0.000000      60.000000
  pairing energy ......       0.000000       0.000000       0.000000

  rms-radius ..........       5.163385       5.029321       5.108810
  charge-radius, r0 ...                      5.092550       6.459855
  deformation beta2....       0.177985       0.202441       0.187708
  dipole moment[fm] ...       0.000000       0.000000       0.000000
  quadrupole moment[b]        5.507454       4.134343       9.641797
  octupole moment .....       0.000000       0.000000       0.000000
  hexadecapole moment .       0.191722       0.132762       0.324484
  q5 ..................       0.000000       0.000000       0.000000
  q6 ..................       0.020306       0.023387       0.043693
  q7 ..................       0.000000       0.000000       0.000000
  q8 ..................       0.004646       0.004295       0.008941

  <r^0> [fm^0] ........            1.000000            1.000000            1.000000
  <r^2> [fm^2] ........           26.660549           25.294068           26.099941
  <r^4> [fm^4] ........          928.873658          819.253149          883.901141
  <r^6> [fm^6] ........        38432.748979        31048.295996        35403.229807
  <r^8> [fm^8] ........      1814192.600907      1325673.119079      1613774.351952

  kinetic energy ......    1812.298133    1073.945869    2886.244003
  volume energy .......                                 -4800.348372
        rho_tau .......                                    10.844068
        rho_rho .......                                 -4811.192439
  surface energy ......                                   174.929262
   rho_DELTA_rho ......                                   174.929262
   (NABLA_rho)^2 ......                                     0.000000
  spin-orbit energy ...                                   -59.754980
        rho_NABLA_J ...                                   -59.754980
        NABLA_rho_J ...                                     0.000000
  coulomb energy ......                                   525.527806
          direct ......                                   550.070362
          exchange ....                                   -24.542556
  tensor energy .......                                     0.000000
  direct Hartree E  ...                                     0.000000
  Extra E .............                                     0.000000
  External field E ....                                     0.000000
  Entropy .............       3.351702       2.052484       5.404185

  tEnergy: ehfb (qp)...                                 -1273.402281

  Calculated but not added corrections 
====================================
  cmc-diagonal part ...       0.000000       0.000000       0.000000
  cmc-hfb .............       0.000000       0.000000       0.000000
  cranking rot corr ...       0.000000       0.000000       0.000000

  SQUJ ................       0.000000       0.000000       0.000000
  CRAN x 4 ............       0.000000       0.000000       0.000000
  Rigit Body ..........       0.000000       0.000000       0.000000


   Blocking candidates are:
   neutron eqpmin=   1.4730668846016301E-002  pwiblo=   2.0016019225635890     
    num=   1 block=   1 state=   1     1 Eqp=   0.01473067  (1-2N)E=  -0.01473067  Ovlp=   0.54704331  1+[ 6, 4, 0]
    num=   2 block=   6 state=   1   147 Eqp=   0.01627927  (1-2N)E=   0.01627927  Ovlp=   0.64574220  5-[ 5, 1, 2]
    num=   3 block=   3 state=   1    67 Eqp=   0.15845382  (1-2N)E=   0.15845382  Ovlp=   0.56317775  3+[ 6, 5, 1]
    num=   4 block=   4 state=   1    97 Eqp=   0.16921801  (1-2N)E=  -0.16921801  Ovlp=   0.75245721  3-[ 5, 3, 2]
    num=   5 block=   2 state=   1    37 Eqp=   0.70795711  (1-2N)E=   0.70795711  Ovlp=   0.51951154  1-[ 5, 3, 0]
    num=   6 block=   5 state=   1   122 Eqp=   0.71506155  (1-2N)E=   0.71506155  Ovlp=   0.72298227  5+[ 6, 4, 2]
    num=   7 block=   6 state=   2   148 Eqp=   0.87572434  (1-2N)E=   0.87572434  Ovlp=   0.77109573  5-[ 5, 2, 3]
    num=   8 block=   4 state=   2    98 Eqp=   1.00939245  (1-2N)E=  -1.00939245  Ovlp=   0.60874222  3-[ 5, 4, 1]
    num=   9 block=   2 state=   2    38 Eqp=   1.07448530  (1-2N)E=  -1.07448530  Ovlp=   0.72531280  1-[ 5, 4, 1]
    num=  10 block=   8 state=   1   187 Eqp=   1.34368899  (1-2N)E=   1.34368899  Ovlp=   0.80634482  7-[ 5, 0, 3]
    num=  11 block=   7 state=   1   167 Eqp=   1.40283133  (1-2N)E=   1.40283133  Ovlp=   0.83651054  7+[ 6, 3, 3]
    num=  12 block=   2 state=   3    39 Eqp=   1.87557302  (1-2N)E=  -1.87557302  Ovlp=   0.68550172  1-[ 5, 5, 0]
    num=  13 block=   2 state=   4    40 Eqp=   1.91137307  (1-2N)E=   1.91137307  Ovlp=   0.69285111  1-[ 5, 1, 0]

   Blocking candidates are:
   proton  eqpmin=   8.5706484511945291E-002  pwiblo=   2.0016019225635890     
    num=   1 block=   4 state=   1    97 Eqp=   0.08570648  (1-2N)E=  -0.08570648  Ovlp=   0.62255387  3-[ 5, 4, 1]
    num=   2 block=   7 state=   1   167 Eqp=   0.12859366  (1-2N)E=   0.12859366  Ovlp=   0.95958311  7+[ 4, 0, 4]
    num=   3 block=   5 state=   1   122 Eqp=   0.13711719  (1-2N)E=   0.13711719  Ovlp=   0.89355905  5+[ 4, 0, 2]
    num=   4 block=   1 state=   1     1 Eqp=   0.19581484  (1-2N)E=   0.19581484  Ovlp=   0.80166867  1+[ 4, 1, 1]
    num=   5 block=   6 state=   1   147 Eqp=   0.30990768  (1-2N)E=   0.30990768  Ovlp=   0.79011332  5-[ 5, 3, 2]
    num=   6 block=   2 state=   1    37 Eqp=   0.38906934  (1-2N)E=  -0.38906934  Ovlp=   0.55348524  1-[ 5, 3, 0]
    num=   7 block=   3 state=   1    67 Eqp=   0.95151131  (1-2N)E=  -0.95151131  Ovlp=   0.81587799  3+[ 4, 1, 1]
    num=   8 block=   5 state=   2   123 Eqp=   1.06320425  (1-2N)E=  -1.06320425  Ovlp=   0.89282652  5+[ 4, 1, 3]
    num=   9 block=   8 state=   1   187 Eqp=   1.11396130  (1-2N)E=   1.11396130  Ovlp=   0.89359789  7-[ 5, 2, 3]
    num=  10 block=   1 state=   2     2 Eqp=   1.61597620  (1-2N)E=   1.61597620  Ovlp=   0.88511085  1+[ 4, 0, 0]
    num=  11 block=   3 state=   2    68 Eqp=   1.70150878  (1-2N)E=   1.70150878  Ovlp=   0.90567831  3+[ 4, 0, 2]
    num=  12 block=  10 state=   1   219 Eqp=   1.95410283  (1-2N)E=   1.95410283  Ovlp=   0.95795150  9-[ 5, 1, 4]



 HFBTHO_SOLVER ended without errors

