No Skyrme interaction defined in routine skforce()
Multi-threading framework with OpenMP: 1 threads/task

  =======================================
           FORTRAN 95 CODE (KIND= 8) 
               Version: 200d  
  =======================================
       AXIALLY DEFORMED CONFIGURATIONAL  
     HARTREE-FOCK-BOGOLIUBOV CALCULATIONS
                     WITH                
            UNEDF AND DELTA PAIRING      
                     USING               
             HARMONIC-OSCILLATOR         
                   AND/OR                
       TRANSFORMED HARMONIC-OSCILLATOR   
                    BASIS                
                     ---                 
               v1.66  (2005):,           
   Stoitsov,Dobaczewski,Nazarewicz,Ring, 
               v2.00d (2012):,           
         Stoitsov,Schunck,Kortelainen    
  =======================================
    Nucleus: GD (A= 156, N= 92, Z= 64)
       Reflection Symmetry Imposed       
            ( 9/15/2022, 10:53)                               
  =======================================


  ---------------------------------------
           UNEDF Module Version:17
         M.Kortelainen & M.Stoitsov 
  ---------------------------------------

  UNE1 functional
  ----------------------------------
  Crho(0)=   -783.806512932574151    ; Crho(1)=    237.934370310256384    
  CDrho(0)=   888.914237418583753    ; CDrho(1)=  -120.663653483444207    
  Ctau(0)=   0.985822480450993521    ; Ctau(1)=   -31.6357697504561202    
  CrDr(0)=   -44.8942415530694987    ; CrDr(1)=   -169.173231423956651    
  CrdJ(0)=   -78.1031284181989776    ; CrdJ(1)=   -37.2737915659118073    
  CJ(0)=      0.00000000000000000    ; CJ(1)=      0.00000000000000000    
  CpV0(0)=   0.100000000000000006    ; CpV0(1)=   0.100000000000000006    
  CpV1(0)=    1.00000000000000000    ; CpV1(1)=    1.00000000000000000    
  sigma=     0.266115955351515054    ; hbzero=     20.7355300000000007    
  e^2 chrg=   1.43997840859651305    ; CExPar=     1.00000000000000000    
  c.m. correction: F, chr. density in direct Coul: F
  use tensor terms: F
  use TMR pairing:  0

  Coupling constants in natural units
  -----------------------------------
  Crho_nu(0)=  -0.882660128758462337    ; Crho_nu(1)=   0.267942634398830037    
  CDrho_nu(0)=  0.939615379399814876    ; CDrho_nu(1)= -0.127545965375538861    
  Ctau_nu(0)=   0.139741457412393133E-01; Ctau_nu(1)=  -0.448440632969660080    
  CrDr_nu(0)=  -0.636380978163524458    ; CrDr_nu(1)=   -2.39804978920065981    
  CrdJ_nu(0)=   -1.10712072508565451    ; CrdJ_nu(1)=  -0.528360233205821594    
  CJ_nu(0)=      0.00000000000000000    ; CJ_nu(1)=      0.00000000000000000    
  CpV0_nu(0)=   0.112611992142809880E-03; CpV0_nu(1)=   0.112611992142809880E-03
  CpV1_nu(0)=   0.887702254206059068E-03; CpV1_nu(1)=   0.887702254206059068E-03
  fpi_nu=        93.0000000000000000    ; Lambda_nu=     700.000000000000000    

  Nuclear matter properties
  ----------------------------------
      E_NM=     -15.7999999999999989      K_NM=     220.0000000000000284
      P_NM=      -0.0000000000000013    RHO_NM=       0.1588069403381910
    ASS_NM=      29.4726818424500543   LASS_NM=      49.2408259533140864
  SMASS_NM=       1.0075501061143375  VMASS_NM=       1.2498385742322700

  Associated (t,x)-coupling constants
  -----------------------------------
  t0=      -2090.15070115353092    ; x0=      -0.446560476640405768E-01
  t1=       240.750384923638649    ; x1=       -5.85872169965560019    
  t2=       1822.10796149795306    ; x2=       -1.34693141268409078    
  t3=       14222.6277986973400    ; x3=      -0.296385891229755671    
  b4=       40.8293368522871702    ; b4p=       74.5475831318236146    
  te=      -544.610153157024229    ; to=       -228.338637842161205    
  sigma=   0.266115955351515054    ; hbzero=    20.7355300000000007    

  ---------------------------------------
        Characteristics of the run       
  ---------------------------------------
  Output file ................:     7
  Nucleus ....................:   GD 156
  Number of HO shells ........:    10
  HO length b0 (fm) ..........:     2.13015292605643
  Basis deformation ..........:  beta0=   0.010 q=   1.010
  HO: b0,1/b0,bp,bz,q ........:   0.21301529E+01  0.46944986E+00  0.21267964E+01  0.21368819E+01  0.10095067E+01
  h**2/(2m), cmc, e**2 .......:   0.20735530E+02  0.20735530E+02  0.14399784E+01
  hom=f*41.0_pr*A^{-1/3}, f...:   0.91395238E+01  0.12000000E+01
  THO basis is ...............:  OFF
  Maximal number of iterations:   400
  Initial mixing parameter ...:  0.300
  Initial w.f. ...............:  from   spherical scratch
  Skyrme functional ..........:    UNE1                          
    with direct and exchange Coulomb
  Lipkin-Nogami procedure is .:  OFF
  PAV procedure is ...........:  OFF
  Constraint calculation is ..:   ON
    Constraint 1 .............: lambda=2 Ql=   8.437
  Temperature T ..............:   0.05 MeV
  Restart indicator ..........:   1
  Broyden mixing (#iterations):   7

  ---------------------------------------
        Harmonic Oscillator Basis        
  ---------------------------------------
  NUV, NQP:                        6222     286
  Comparison with bookkeeping spherical basis:
  n00:                               10      10  Maximal number of shells
  nbx, 2*n00+1:                      21      21  Maximal number of K-blocks
  ntx, (n00+1)*(n00+2)*(n00+3)/6    286     286  Max.num. p/n levels
  nzx, n00:                          10      10  Maximal nz-quantum number
  nrx, n00/2  :                       5       5  Maximal nr-quantum number
  nlx, n00:                          10      10  Maximal ml-quantum number
  ndx, (n00+2)*(n00+2)/4:            36      36  Maximal dim. of one k-block

  Actual basis used
  Number of blocks: nb .......:   21
  Number of levels: nt .......:  286
  Maximal 2*omega : nom ......:   21
  Maximal nz:       nzm ......:   10
  Maximal nr:       nrm ......:    5
  Maximal ml:       nlm ......:   10
  Maximal N=nz+2*nr+nl .......:   10
  2 x biggest block dim. .....:   72
  Non-zero elements of h .....:     3254
  Number of Broyden elements .:    13016

  ---------------------------------------
            Integration Meshes           
  ---------------------------------------
  Number of Gauss-Hermite mesh points ngh ....:  40
  Number of Gauss-Laguerre mesh points ngl ...:  40
  Number of Gauss-Legendre mesh points nleg ..:  80
  Integration boundaries
    Hermite  - from xh(1)  =  0.12379686 to xh(ngh)   = 11.88786356
    Laguerre - From xl(1)  =  0.03570039 to xl(ngl)   =142.28004447
    Legendre - From xleg(1)=  0.00978669 to xleg(nleg)=  0.99988775
  Max.dev.in:     Orthogonality            Normalization
  Hermite     1.5248282503475657E-015   1.0991207943789050E-014
  Laguerre    4.8291451697098846E-015   9.3258734068513149E-015

  Scratch initialization for the nucleus: GD  92  64


  Initial potentials of Saxon-Woods shape 
  v0ws   =  -71.27999878
  kappa  =    0.46160001
  vs0    =   11.11750031   11.11750031
  r0     =    1.23339999    1.23339999
  a      =    0.61500001    0.61500001
  r0-so  =    1.14429998    1.14429998
  a-so   =    0.64760000    0.64760000
  beta00 =    0.01000000

  ### REGULAR STAGE (reflection symmetry imposed)
  |HFB+HO> iterations(b0=  2.130, Nsh= 10, inin=  1, N= 92, Z= 64)...
  ----------------------------------------------------------------------------------------------------------------------------------
  i          si     mix   beta      Etot       A       rn      rp         En      Dn      Ep      Dp        Ln      Lp     time
  ----------------------------------------------------------------------------------------------------------------------------------
   1L  69.94764065 0.30  0.010     0.000000    0.0   0.000   0.000 |   -2.000   1.000  -2.000   1.000 |   -7.000  -7.000   0.000
   2B  41.49214507 0.10  0.020 -1011.350008  156.0   4.803   4.551 |    0.001  -0.000   0.000  -0.000 |  -14.218 -26.849  41.231
   3B  29.20829099 0.11  0.117  -870.182357  156.0   4.963   4.934 |    0.000  -0.000   0.000  -0.000 |   -5.475 -12.270   3.671
   4B  44.87651033 0.10  0.156   191.382549  156.0   5.083   4.667 |    0.000  -0.000   0.000  -0.000 |   -6.719  -7.284   3.654
   5B  22.36942328 0.11  0.228 -1110.050611  156.0   5.161   4.972 |    0.000  -0.000   0.000  -0.000 |   -6.092  -6.709   3.943
   6B   5.99691213 0.13  0.244 -1261.435279  156.0   5.173   5.015 |    0.000  -0.000   0.000  -0.000 |   -6.088  -6.995   3.686
   7B   4.45193370 0.14  0.267 -1267.013429  156.0   5.189   5.039 |    0.000  -0.000   0.000  -0.000 |   -6.455  -7.179   4.257
   8B   4.24983687 0.16  0.276 -1264.851224  156.0   5.195   5.058 |    0.000  -0.000   0.000  -0.000 |   -6.639  -7.188   4.377
   9B   3.68860108 0.18  0.282 -1274.878467  156.0   5.204   5.053 |    0.000  -0.000   0.000  -0.000 |   -6.788  -7.222   4.564
  10B   3.04600207 0.21  0.274 -1276.758284  156.0   5.196   5.053 |    0.000  -0.000   0.000  -0.000 |   -6.650  -7.231   4.530
  11B   3.03878353 0.24  0.271 -1276.894532  156.0   5.193   5.052 |    0.000  -0.000   0.000  -0.000 |   -6.590  -7.209   4.123
  12B   2.80888022 0.27  0.265 -1276.613478  156.0   5.191   5.050 |    0.000  -0.000   0.000  -0.000 |   -6.529  -7.143   4.363
  13B   2.47010287 0.30  0.215 -1272.190358  156.0   5.168   5.024 |    0.000  -0.000   0.000  -0.000 |   -5.864  -6.715   4.648
  14B   1.64489498 0.34  0.197 -1271.042129  156.0   5.161   5.015 |    0.000  -0.000   0.000  -0.000 |   -5.716  -6.683   4.587
  15B   3.10833495 0.10  0.188 -1267.482299  156.0   5.152   5.023 |    0.000   0.000   0.000   0.000 |   -5.792  -6.740   4.638
  16B   2.85765689 0.11  0.188 -1270.364900  156.0   5.157   5.017 |    0.000  -0.000   0.000  -0.000 |   -5.709  -6.694   4.704
  17B   2.16810922 0.13  0.125 -1264.825428  156.0   5.147   4.967 |    0.000   0.000   0.000   0.000 |   -5.516  -6.756   4.739
  18B   1.13290327 0.14  0.139 -1268.567004  156.0   5.148   4.988 |    0.000  -0.000   0.000  -0.000 |   -5.495  -6.720   4.843
  19B   1.79950541 0.10  0.119 -1266.091844  156.0   5.146   4.974 |    0.000   0.000   0.000   0.000 |   -5.387  -6.724   4.741
  20B   1.75130840 0.11  0.116 -1266.850105  156.0   5.147   4.979 |    0.000   0.000   0.000   0.000 |   -5.369  -6.729   5.164
  21B   0.95472000 0.13  0.131 -1269.103333  156.0   5.149   5.000 |    0.000  -0.000   0.000  -0.000 |   -5.411  -6.732   5.214
  22B   0.93863135 0.14  0.131 -1269.143455  156.0   5.151   4.995 |    0.000  -0.000   0.000  -0.000 |   -5.473  -6.738   5.076
  23B   1.07247099 0.10  0.135 -1269.053062  156.0   5.155   5.002 |    0.000  -0.000   0.000  -0.000 |   -5.552  -6.764   4.882
  24B   0.83816980 0.11  0.150 -1269.989821  156.0   5.157   5.017 |    0.000  -0.000   0.000  -0.000 |   -5.645  -6.792   4.757
  25B   0.76620910 0.13  0.136 -1269.462619  156.0   5.156   5.006 |    0.000  -0.000   0.000  -0.000 |   -5.583  -6.782   4.724
  26B   0.49370630 0.14  0.148 -1270.136334  156.0   5.158   5.018 |    0.000  -0.000   0.000  -0.000 |   -5.671  -6.812   4.597
  27B   0.48788986 0.16  0.148 -1270.130413  156.0   5.160   5.016 |    0.000  -0.000   0.000  -0.000 |   -5.697  -6.809   5.089
  28B   0.48537027 0.18  0.149 -1270.227798  156.0   5.160   5.017 |    0.000  -0.000   0.000  -0.000 |   -5.700  -6.814   4.853
  29B   0.61626098 0.10  0.152 -1270.246251  156.0   5.161   5.019 |    0.000  -0.000   0.000  -0.000 |   -5.719  -6.817   4.724
  30B   0.45286561 0.11  0.151 -1270.295589  156.0   5.161   5.018 |    0.000  -0.000   0.000  -0.000 |   -5.720  -6.822   4.332
  31B   0.76881090 0.10  0.150 -1269.709086  156.0   5.161   5.012 |    0.000  -0.000   0.000  -0.000 |   -5.736  -6.827   4.494
  32B   0.62719292 0.11  0.156 -1270.281214  156.0   5.162   5.020 |    0.000  -0.000   0.000  -0.000 |   -5.763  -6.825   4.424
  33B   0.98891725 0.10  0.159 -1270.133631  156.0   5.165   5.023 |    0.000  -0.000   0.000  -0.000 |   -5.843  -6.833   4.618
  34B   0.70745437 0.11  0.170 -1270.959160  156.0   5.166   5.030 |    0.000   0.000   0.000   0.000 |   -5.854  -6.848   4.958
  35B   1.07426770 0.10  0.180 -1271.456777  156.0   5.170   5.035 |    0.000   0.000   0.000   0.000 |   -5.991  -6.894   4.614
  36B   0.57371575 0.11  0.181 -1271.851418  156.0   5.170   5.031 |    0.000   0.000   0.000   0.000 |   -5.995  -6.873   4.712
  37B   0.71491553 0.10  0.176 -1271.485956  156.0   5.168   5.029 |    0.000   0.000   0.000   0.000 |   -5.913  -6.865   4.575
  38B   0.63731292 0.11  0.176 -1271.586655  156.0   5.168   5.028 |    0.000   0.000   0.000   0.000 |   -5.933  -6.855   4.685
  39B   0.46632398 0.13  0.176 -1271.572738  156.0   5.168   5.025 |    0.000   0.000   0.000   0.000 |   -5.942  -6.848   4.570
  40B   0.71764599 0.10  0.175 -1271.299920  156.0   5.168   5.022 |    0.000   0.000   0.000   0.000 |   -5.937  -6.839   5.082
  41B   0.34155026 0.11  0.177 -1271.808065  156.0   5.168   5.027 |    0.000   0.000   0.000   0.000 |   -5.937  -6.843   4.515
  42B   0.45841399 0.10  0.176 -1271.677806  156.0   5.167   5.026 |    0.000   0.000   0.000   0.000 |   -5.942  -6.830   5.047
  43B   0.29372830 0.11  0.176 -1271.704594  156.0   5.167   5.024 |    0.000   0.000   0.000   0.000 |   -5.931  -6.831   4.374
  44B   0.29200771 0.13  0.175 -1271.682737  156.0   5.167   5.025 |    0.000   0.000   0.000   0.000 |   -5.925  -6.830   4.446
  45B   0.29700693 0.10  0.174 -1271.565624  156.0   5.166   5.023 |    0.000   0.000   0.000   0.000 |   -5.909  -6.820   4.536
  46B   0.31102646 0.10  0.174 -1271.572371  156.0   5.166   5.023 |    0.000   0.000   0.000   0.000 |   -5.900  -6.819   4.641
  47B   0.30125216 0.11  0.173 -1271.542168  156.0   5.166   5.022 |    0.000   0.000   0.000   0.000 |   -5.900  -6.816   4.561
  48B   0.43248504 0.10  0.170 -1271.309711  156.0   5.165   5.020 |    0.000   0.000   0.000   0.000 |   -5.877  -6.809   4.766
  49B   0.37902279 0.11  0.169 -1271.216130  156.0   5.165   5.018 |    0.000   0.000   0.000   0.000 |   -5.872  -6.804   4.985
  50B   0.50630673 0.10  0.171 -1271.418667  156.0   5.164   5.023 |    0.000   0.000   0.000   0.000 |   -5.853  -6.807   4.778
  51B   0.31947972 0.11  0.169 -1271.272338  156.0   5.164   5.018 |    0.000   0.000   0.000   0.000 |   -5.860  -6.804   4.728
  52B   0.46339987 0.10  0.166 -1271.033324  156.0   5.164   5.016 |    0.000   0.000   0.000   0.000 |   -5.848  -6.793   4.499
  53B   0.40224582 0.11  0.165 -1270.967824  156.0   5.163   5.017 |    0.000   0.000   0.000   0.000 |   -5.839  -6.792   4.910
  54B   0.56514892 0.10  0.162 -1270.791465  156.0   5.162   5.014 |    0.000   0.000   0.000   0.000 |   -5.820  -6.777   4.840
  55B   0.58780149 0.10  0.159 -1270.629722  156.0   5.162   5.013 |    0.000   0.000   0.000   0.000 |   -5.794  -6.770   4.750
  56B   0.42064233 0.11  0.157 -1270.616797  156.0   5.162   5.012 |    0.000   0.000   0.000   0.000 |   -5.774  -6.764   4.680
  57B   0.65858270 0.10  0.157 -1270.240754  156.0   5.162   5.012 |    0.000   0.000   0.000   0.000 |   -5.762  -6.768   4.533
  58B   0.69983647 0.10  0.156 -1270.459976  156.0   5.162   5.015 |    0.000   0.000   0.000   0.000 |   -5.760  -6.770   4.184
  59B   0.88120743 0.10  0.163 -1270.520809  156.0   5.161   5.026 |    0.000   0.000   0.000   0.000 |   -5.754  -6.773   4.190
  60B   0.28161455 0.11  0.154 -1270.519861  156.0   5.161   5.013 |    0.000   0.000   0.000   0.000 |   -5.742  -6.774   4.715
  61B   0.25228781 0.13  0.155 -1270.613265  156.0   5.162   5.014 |    0.000   0.000   0.000   0.000 |   -5.766  -6.771   4.922
  62B   0.24322163 0.14  0.155 -1270.661404  156.0   5.162   5.016 |    0.000   0.000   0.000   0.000 |   -5.764  -6.776   4.549
  63B   0.22185506 0.16  0.156 -1270.713329  156.0   5.162   5.016 |    0.000   0.000   0.000   0.000 |   -5.767  -6.779   5.024
  64B   0.21885640 0.18  0.156 -1270.715700  156.0   5.162   5.016 |    0.000   0.000   0.000   0.000 |   -5.776  -6.779   4.885
  65B   0.22725997 0.10  0.156 -1270.697437  156.0   5.163   5.016 |    0.000   0.000   0.000   0.000 |   -5.775  -6.779   4.074
  66B   0.29656838 0.10  0.158 -1270.719406  156.0   5.163   5.017 |    0.000   0.000   0.000   0.000 |   -5.785  -6.786   5.279
  67B   0.17882592 0.11  0.158 -1270.793077  156.0   5.163   5.018 |    0.000   0.000   0.000   0.000 |   -5.789  -6.786   5.462
  68B   0.43393862 0.10  0.161 -1270.883010  156.0   5.164   5.022 |    0.000   0.000   0.000   0.000 |   -5.801  -6.791   4.793
  69B   0.26868299 0.11  0.160 -1270.888264  156.0   5.164   5.021 |    0.000   0.000   0.000   0.000 |   -5.802  -6.792   4.594
  70B   0.18969824 0.13  0.160 -1270.885095  156.0   5.164   5.020 |    0.000   0.000   0.000   0.000 |   -5.806  -6.791   4.887
  71B   0.24509488 0.10  0.160 -1270.920070  156.0   5.164   5.021 |    0.000   0.000   0.000   0.000 |   -5.808  -6.793   4.801
  72B   0.33952296 0.10  0.163 -1271.054599  156.0   5.165   5.023 |    0.000   0.000   0.000   0.000 |   -5.828  -6.799   4.489
  73B   0.33841795 0.11  0.163 -1271.005157  156.0   5.164   5.023 |    0.000   0.000   0.000   0.000 |   -5.839  -6.800   4.833
  74B   0.39886866 0.10  0.155 -1270.562774  156.0   5.163   5.015 |    0.000   0.000   0.000   0.000 |   -5.798  -6.787   5.239
  75B   0.26997714 0.11  0.162 -1270.984629  156.0   5.164   5.021 |    0.000   0.000   0.000   0.000 |   -5.828  -6.796   5.179
  76B   0.31238855 0.10  0.164 -1271.062171  156.0   5.165   5.023 |    0.000   0.000   0.000   0.000 |   -5.857  -6.802   5.119
  77B   0.30928079 0.11  0.163 -1271.001945  156.0   5.166   5.020 |    0.000   0.000   0.000   0.000 |   -5.854  -6.805   4.839
  78B   0.27110839 0.13  0.166 -1271.183396  156.0   5.166   5.024 |    0.000   0.000   0.000   0.000 |   -5.863  -6.805   5.173
  79B   0.29105617 0.10  0.169 -1271.330471  156.0   5.166   5.026 |    0.000   0.000   0.000   0.000 |   -5.894  -6.809   5.277
  80B   0.30652381 0.10  0.169 -1271.368689  156.0   5.166   5.025 |    0.000   0.000   0.000   0.000 |   -5.891  -6.808   5.028
  81B   0.33604223 0.10  0.170 -1271.433014  156.0   5.167   5.024 |    0.000   0.000   0.000   0.000 |   -5.906  -6.806   4.994
  82B   0.25383587 0.11  0.170 -1271.433757  156.0   5.167   5.024 |    0.000   0.000   0.000   0.000 |   -5.891  -6.800   4.364
  83B   0.48259662 0.10  0.168 -1271.206720  156.0   5.167   5.021 |    0.000  -0.000   0.000  -0.000 |   -5.918  -6.795   4.474
  84B   0.31313718 0.11  0.170 -1271.430539  156.0   5.166   5.024 |    0.000   0.000   0.000   0.000 |   -5.900  -6.799   4.407
  85B   0.35701789 0.10  0.170 -1271.393529  156.0   5.166   5.024 |    0.000   0.000   0.000   0.000 |   -5.897  -6.789   4.825
  86B   0.31105696 0.11  0.169 -1271.339475  156.0   5.166   5.020 |    0.000  -0.000   0.000  -0.000 |   -5.897  -6.789   4.457
  87B   0.13701187 0.13  0.169 -1271.426930  156.0   5.166   5.022 |    0.000   0.000   0.000   0.000 |   -5.888  -6.787   4.918
  88B   0.14930408 0.10  0.170 -1271.469968  156.0   5.166   5.023 |    0.000   0.000   0.000   0.000 |   -5.893  -6.789   4.591
  89B   0.15902502 0.10  0.170 -1271.494421  156.0   5.166   5.024 |    0.000   0.000   0.000   0.000 |   -5.893  -6.791   4.271
  90B   0.17731463 0.10  0.169 -1271.419978  156.0   5.166   5.022 |    0.000   0.000   0.000   0.000 |   -5.887  -6.785   4.373
  91B   0.18418188 0.10  0.168 -1271.350800  156.0   5.166   5.020 |    0.000   0.000   0.000   0.000 |   -5.879  -6.778   4.660
  92B   0.23140354 0.10  0.167 -1271.273107  156.0   5.166   5.020 |    0.000   0.000   0.000   0.000 |   -5.879  -6.775   4.661
  93B   0.20157068 0.11  0.167 -1271.312342  156.0   5.165   5.020 |    0.000   0.000   0.000   0.000 |   -5.874  -6.775   4.980
  94B   0.16686212 0.13  0.167 -1271.299520  156.0   5.165   5.020 |    0.000   0.000   0.000   0.000 |   -5.871  -6.774   4.540
  95B   0.19862700 0.10  0.167 -1271.289968  156.0   5.165   5.020 |    0.000   0.000   0.000   0.000 |   -5.871  -6.774   4.378
  96B   0.22618304 0.10  0.164 -1271.119686  156.0   5.165   5.018 |    0.000   0.000   0.000   0.000 |   -5.846  -6.764   4.916
  97B   0.15569584 0.11  0.163 -1271.095119  156.0   5.165   5.018 |    0.000   0.000   0.000   0.000 |   -5.842  -6.766   5.109
  98B   0.59907849 0.10  0.166 -1271.094801  156.0   5.165   5.024 |    0.000   0.000   0.000   0.000 |   -5.831  -6.773   4.760
  99B   0.26703290 0.11  0.164 -1271.139046  156.0   5.164   5.022 |    0.000   0.000   0.000   0.000 |   -5.816  -6.766   5.034
 100B   0.07986609 0.13  0.162 -1271.058817  156.0   5.164   5.019 |    0.000   0.000   0.000   0.000 |   -5.826  -6.763   5.140
 101B   0.04734567 0.14  0.163 -1271.089405  156.0   5.164   5.019 |    0.000   0.000   0.000   0.000 |   -5.829  -6.764   5.120
 102B   0.04699261 0.16  0.163 -1271.104665  156.0   5.164   5.019 |    0.000   0.000   0.000   0.000 |   -5.833  -6.765   4.948
 103B   0.07174528 0.10  0.163 -1271.107916  156.0   5.165   5.020 |    0.000   0.000   0.000   0.000 |   -5.832  -6.765   4.772
 104B   0.05378438 0.11  0.163 -1271.114519  156.0   5.165   5.019 |    0.000   0.000   0.000   0.000 |   -5.833  -6.765   4.603
 105B   0.03746759 0.13  0.163 -1271.124255  156.0   5.165   5.020 |    0.000   0.000   0.000   0.000 |   -5.834  -6.766   4.711
 106B   0.03584079 0.14  0.163 -1271.132092  156.0   5.165   5.020 |    0.000   0.000   0.000   0.000 |   -5.835  -6.766   4.799
 107B   0.08524730 0.10  0.164 -1271.190669  156.0   5.165   5.021 |    0.000  -0.000   0.000  -0.000 |   -5.840  -6.768   4.989
 108B   0.04253170 0.11  0.164 -1271.160679  156.0   5.165   5.020 |    0.000   0.000   0.000   0.000 |   -5.838  -6.767   4.891
 109B   0.04876792 0.10  0.164 -1271.154684  156.0   5.165   5.020 |    0.000   0.000   0.000   0.000 |   -5.838  -6.766   4.901
 110B   0.04494699 0.11  0.164 -1271.156701  156.0   5.165   5.020 |    0.000   0.000   0.000   0.000 |   -5.840  -6.766   4.922
 111B   0.06643890 0.10  0.164 -1271.160174  156.0   5.165   5.020 |    0.000   0.000   0.000   0.000 |   -5.842  -6.766   4.503
 112B   0.14160819 0.10  0.164 -1271.161914  156.0   5.165   5.021 |    0.000   0.000   0.000   0.000 |   -5.841  -6.766   4.562
 113B   0.07236277 0.11  0.164 -1271.174346  156.0   5.165   5.020 |    0.000   0.000   0.000   0.000 |   -5.841  -6.767   4.511
 114B   0.04286788 0.13  0.165 -1271.195677  156.0   5.165   5.020 |    0.000   0.000   0.000   0.000 |   -5.844  -6.767   4.729
 115B   0.05389904 0.10  0.165 -1271.227947  156.0   5.165   5.021 |    0.000   0.000   0.000   0.000 |   -5.846  -6.766   5.299
 116B   0.04362128 0.11  0.165 -1271.236787  156.0   5.165   5.021 |    0.000  -0.000   0.000  -0.000 |   -5.850  -6.765   5.038
 117B   0.07701039 0.10  0.165 -1271.212746  156.0   5.165   5.021 |    0.000   0.000   0.000   0.000 |   -5.846  -6.764   5.127
 118B   0.08447299 0.10  0.165 -1271.217396  156.0   5.165   5.021 |    0.000   0.000   0.000   0.000 |   -5.847  -6.764   4.669
 119B   0.04412192 0.11  0.165 -1271.221626  156.0   5.165   5.020 |    0.000   0.000   0.000   0.000 |   -5.848  -6.762   4.889
 120B   0.03619573 0.13  0.165 -1271.217400  156.0   5.165   5.020 |    0.000   0.000   0.000   0.000 |   -5.847  -6.762   4.908
 121B   0.08559540 0.10  0.165 -1271.213292  156.0   5.165   5.020 |    0.000  -0.000   0.000  -0.000 |   -5.846  -6.761   5.150
 122B   0.03343908 0.11  0.165 -1271.204029  156.0   5.165   5.020 |    0.000   0.000   0.000   0.000 |   -5.844  -6.762   5.122
 123B   0.02922276 0.13  0.165 -1271.201920  156.0   5.165   5.020 |    0.000   0.000   0.000   0.000 |   -5.844  -6.761   4.401
 124B   0.02883472 0.14  0.165 -1271.203725  156.0   5.165   5.020 |    0.000   0.000   0.000   0.000 |   -5.843  -6.760   4.298
 125B   0.04438231 0.10  0.164 -1271.185977  156.0   5.165   5.020 |    0.000   0.000   0.000   0.000 |   -5.844  -6.760   5.307
 126B   0.02580809 0.11  0.164 -1271.166775  156.0   5.165   5.020 |    0.000   0.000   0.000   0.000 |   -5.836  -6.757   5.504
 127B   0.02251891 0.13  0.164 -1271.171114  156.0   5.165   5.020 |    0.000   0.000   0.000  -0.000 |   -5.837  -6.758   5.603
 128B   0.01874943 0.14  0.164 -1271.184266  156.0   5.165   5.020 |    0.000   0.000   0.000  -0.000 |   -5.839  -6.758   5.317
 129B   0.01951835 0.10  0.164 -1271.185009  156.0   5.165   5.020 |    0.000  -0.000   0.000  -0.000 |   -5.839  -6.758   5.109
 130B   0.03419023 0.10  0.164 -1271.183608  156.0   5.165   5.020 |    0.000  -0.000   0.000  -0.000 |   -5.838  -6.756   5.105
 131B   0.02130473 0.11  0.164 -1271.182612  156.0   5.165   5.020 |    0.000   0.000   0.000   0.000 |   -5.840  -6.758   4.831
 132B   0.01946423 0.13  0.164 -1271.190955  156.0   5.165   5.020 |    0.000   0.000   0.000  -0.000 |   -5.840  -6.758   4.745
 133B   0.02071672 0.10  0.164 -1271.194512  156.0   5.165   5.020 |    0.000   0.000   0.000  -0.000 |   -5.840  -6.758   4.668
 134B   0.02389661 0.10  0.164 -1271.184939  156.0   5.165   5.020 |    0.000  -0.000   0.000   0.000 |   -5.841  -6.758   4.923
 135B   0.02107655 0.11  0.164 -1271.196929  156.0   5.165   5.020 |    0.000   0.000   0.000   0.000 |   -5.841  -6.757   4.098
 136B   0.01954621 0.13  0.165 -1271.199962  156.0   5.165   5.020 |    0.000   0.000   0.000  -0.000 |   -5.841  -6.758   4.245
 137B   0.01935019 0.14  0.165 -1271.201360  156.0   5.165   5.020 |    0.000   0.000   0.000  -0.000 |   -5.842  -6.758   4.361
 138B   0.01633261 0.16  0.165 -1271.200784  156.0   5.165   5.020 |    0.000  -0.000   0.000   0.000 |   -5.841  -6.757   4.487
 139B   0.02691743 0.10  0.165 -1271.210461  156.0   5.165   5.020 |    0.000   0.000   0.000   0.000 |   -5.842  -6.756   4.713
 140B   0.04073973 0.10  0.165 -1271.207486  156.0   5.165   5.020 |    0.000  -0.000   0.000  -0.000 |   -5.844  -6.756   5.113
 141B   0.01564822 0.11  0.165 -1271.208284  156.0   5.165   5.020 |    0.000  -0.000   0.000   0.000 |   -5.842  -6.756   4.921
 142B   0.01939511 0.10  0.165 -1271.201860  156.0   5.165   5.020 |    0.000   0.000   0.000   0.000 |   -5.842  -6.756   4.399
 143B   0.01664628 0.11  0.165 -1271.205334  156.0   5.165   5.020 |    0.000   0.000   0.000   0.000 |   -5.842  -6.756   4.279
 144B   0.02133715 0.10  0.165 -1271.207254  156.0   5.165   5.020 |    0.000   0.000   0.000  -0.000 |   -5.841  -6.755   4.867
 145B   0.01903301 0.11  0.165 -1271.199433  156.0   5.165   5.020 |    0.000  -0.000   0.000   0.000 |   -5.842  -6.755   5.002
 146B   0.01432736 0.13  0.165 -1271.203795  156.0   5.165   5.020 |    0.000  -0.000   0.000  -0.000 |   -5.841  -6.755   4.779
 147B   0.01183538 0.14  0.165 -1271.206440  156.0   5.165   5.020 |    0.000  -0.000   0.000  -0.000 |   -5.841  -6.755   4.420
 148B   0.01322426 0.10  0.165 -1271.199265  156.0   5.165   5.020 |    0.000   0.000   0.000   0.000 |   -5.840  -6.754   4.694
 149B   0.02154054 0.10  0.164 -1271.187362  156.0   5.165   5.020 |    0.000   0.000   0.000   0.000 |   -5.839  -6.753   4.542
 150B   0.01116579 0.11  0.164 -1271.191251  156.0   5.165   5.020 |    0.000   0.000   0.000   0.000 |   -5.839  -6.754   4.173
 151B   0.01598253 0.10  0.164 -1271.185652  156.0   5.165   5.020 |    0.000   0.000   0.000   0.000 |   -5.838  -6.753   4.170
 152B   0.01651534 0.10  0.164 -1271.180227  156.0   5.165   5.020 |    0.000   0.000   0.000   0.000 |   -5.838  -6.753   5.165
 153B   0.01252899 0.11  0.164 -1271.170371  156.0   5.165   5.020 |    0.000  -0.000   0.000   0.000 |   -5.835  -6.752   5.186
 154B   0.01130885 0.13  0.164 -1271.191105  156.0   5.165   5.020 |    0.000   0.000   0.000  -0.000 |   -5.839  -6.754   5.339
 155B   0.00769460 0.14  0.164 -1271.185428  156.0   5.165   5.020 |    0.000   0.000   0.000   0.000 |   -5.838  -6.753   4.920
 156B   0.01185478 0.10  0.164 -1271.186692  156.0   5.165   5.020 |    0.000   0.000   0.000   0.000 |   -5.838  -6.753   4.810
 157B   0.00645095 0.11  0.164 -1271.186751  156.0   5.165   5.020 |    0.000   0.000   0.000   0.000 |   -5.838  -6.753   4.228
 158B   0.00532538 0.13  0.164 -1271.187013  156.0   5.165   5.020 |    0.000  -0.000   0.000  -0.000 |   -5.838  -6.753   4.751
 159B   0.00892286 0.10  0.164 -1271.187298  156.0   5.165   5.020 |    0.000   0.000   0.000   0.000 |   -5.838  -6.753   4.502
 160B   0.00444310 0.11  0.164 -1271.187921  156.0   5.165   5.020 |    0.000  -0.000   0.000   0.000 |   -5.838  -6.753   4.252
 161B   0.00413350 0.13  0.164 -1271.187543  156.0   5.165   5.020 |    0.000   0.000   0.000   0.000 |   -5.838  -6.753   4.438
 162B   0.01404653 0.10  0.164 -1271.186696  156.0   5.165   5.020 |    0.000   0.000   0.000  -0.000 |   -5.838  -6.753   4.809
 163B   0.00594418 0.11  0.164 -1271.191780  156.0   5.165   5.020 |    0.000   0.000   0.000  -0.000 |   -5.838  -6.753   4.644
 164B   0.00616805 0.10  0.164 -1271.190534  156.0   5.165   5.020 |    0.000  -0.000   0.000  -0.000 |   -5.839  -6.753   4.799
 165B   0.00633040 0.10  0.164 -1271.191635  156.0   5.165   5.020 |    0.000   0.000   0.000  -0.000 |   -5.839  -6.753   4.747
 166B   0.00783938 0.10  0.164 -1271.192525  156.0   5.165   5.020 |    0.000   0.000   0.000   0.000 |   -5.839  -6.753   4.772
 167B   0.00753439 0.11  0.164 -1271.193516  156.0   5.165   5.020 |    0.000  -0.000   0.000  -0.000 |   -5.839  -6.753   4.811
 168B   0.00686140 0.13  0.164 -1271.195668  156.0   5.165   5.020 |    0.000   0.000   0.000  -0.000 |   -5.839  -6.753   4.821
 169B   0.00578580 0.14  0.164 -1271.196308  156.0   5.165   5.020 |    0.000  -0.000   0.000  -0.000 |   -5.839  -6.753   4.234
 170B   0.00572295 0.16  0.164 -1271.195654  156.0   5.165   5.020 |    0.000   0.000   0.000  -0.000 |   -5.839  -6.753   4.669
 171B   0.02087167 0.10  0.164 -1271.193998  156.0   5.165   5.020 |    0.000   0.000   0.000  -0.000 |   -5.840  -6.753   5.111
 172B   0.00632890 0.11  0.164 -1271.194231  156.0   5.165   5.020 |    0.000  -0.000   0.000  -0.000 |   -5.839  -6.753   4.771
 173B   0.00577250 0.13  0.164 -1271.195971  156.0   5.165   5.020 |    0.000  -0.000   0.000  -0.000 |   -5.839  -6.753   4.494
 174B   0.00618618 0.10  0.164 -1271.196641  156.0   5.165   5.020 |    0.000  -0.000   0.000  -0.000 |   -5.839  -6.753   4.588
 175B   0.00380306 0.11  0.164 -1271.196439  156.0   5.165   5.020 |    0.000  -0.000   0.000   0.000 |   -5.839  -6.753   3.892
 176B   0.00492642 0.10  0.164 -1271.195956  156.0   5.165   5.020 |    0.000  -0.000   0.000   0.000 |   -5.839  -6.753   4.441
 177B   0.00673184 0.10  0.164 -1271.197219  156.0   5.165   5.020 |    0.000   0.000   0.000  -0.000 |   -5.839  -6.753   4.108
 178B   0.00325803 0.11  0.164 -1271.196644  156.0   5.165   5.020 |    0.000  -0.000   0.000  -0.000 |   -5.839  -6.753   4.386
 179B   0.00587507 0.10  0.164 -1271.194697  156.0   5.165   5.020 |    0.000   0.000   0.000  -0.000 |   -5.839  -6.753   4.769
 180B   0.00723153 0.10  0.164 -1271.192517  156.0   5.165   5.020 |    0.000   0.000   0.000  -0.000 |   -5.839  -6.752   4.432
 181B   0.00476867 0.11  0.164 -1271.193187  156.0   5.165   5.020 |    0.000   0.000   0.000  -0.000 |   -5.839  -6.752   4.417
 182B   0.00359588 0.13  0.164 -1271.192330  156.0   5.165   5.020 |    0.000  -0.000   0.000  -0.000 |   -5.839  -6.752   4.901
 183B   0.00471602 0.10  0.164 -1271.191856  156.0   5.165   5.020 |    0.000  -0.000   0.000   0.000 |   -5.839  -6.752   4.228
 184B   0.00721737 0.10  0.164 -1271.192519  156.0   5.165   5.020 |    0.000   0.000   0.000  -0.000 |   -5.838  -6.752   4.529
 185B   0.00334494 0.11  0.164 -1271.190814  156.0   5.165   5.020 |    0.000  -0.000   0.000   0.000 |   -5.839  -6.752   4.422
 186B   0.00468830 0.10  0.164 -1271.191454  156.0   5.165   5.020 |    0.000  -0.000   0.000   0.000 |   -5.838  -6.752   4.871
 187B   0.00356489 0.11  0.164 -1271.191209  156.0   5.165   5.020 |    0.000   0.000   0.000   0.000 |   -5.838  -6.752   4.520
 188B   0.00376920 0.10  0.164 -1271.191125  156.0   5.165   5.020 |    0.000   0.000   0.000   0.000 |   -5.838  -6.752   4.584
 189B   0.00174158 0.11  0.164 -1271.191929  156.0   5.165   5.020 |    0.000   0.000   0.000   0.000 |   -5.838  -6.752   4.527
 190B   0.00162527 0.13  0.164 -1271.192243  156.0   5.165   5.020 |    0.000  -0.000   0.000   0.000 |   -5.839  -6.752   4.197
 191B   0.00206449 0.10  0.164 -1271.192795  156.0   5.165   5.020 |    0.000   0.000   0.000   0.000 |   -5.839  -6.752   4.171
 192B   0.00154609 0.11  0.164 -1271.193093  156.0   5.165   5.020 |    0.000  -0.000   0.000  -0.000 |   -5.839  -6.752   4.644
 193B   0.00217561 0.10  0.164 -1271.194193  156.0   5.165   5.020 |    0.000  -0.000   0.000   0.000 |   -5.839  -6.752   4.712
 194B   0.00228187 0.10  0.164 -1271.193677  156.0   5.165   5.020 |    0.000  -0.000   0.000  -0.000 |   -5.839  -6.752   4.290
 195B   0.00216863 0.11  0.164 -1271.193407  156.0   5.165   5.020 |    0.000  -0.000   0.000   0.000 |   -5.839  -6.752   4.590
 196B   0.00197930 0.13  0.164 -1271.193761  156.0   5.165   5.020 |    0.000   0.000   0.000  -0.000 |   -5.839  -6.752   4.140
 197B   0.00464799 0.10  0.164 -1271.192400  156.0   5.165   5.020 |    0.000  -0.000   0.000  -0.000 |   -5.839  -6.752   4.151
 198B   0.00206274 0.11  0.164 -1271.193294  156.0   5.165   5.020 |    0.000  -0.000   0.000  -0.000 |   -5.839  -6.752   4.242
 199B   0.00182171 0.13  0.164 -1271.194684  156.0   5.165   5.020 |    0.000  -0.000   0.000   0.000 |   -5.839  -6.752   4.648
 200B   0.00256686 0.10  0.164 -1271.195792  156.0   5.165   5.020 |    0.000  -0.000   0.000   0.000 |   -5.839  -6.752   4.242
 201B   0.00317878 0.10  0.164 -1271.194329  156.0   5.165   5.020 |    0.000  -0.000   0.000   0.000 |   -5.839  -6.752   4.310
 202B   0.00220843 0.11  0.164 -1271.195557  156.0   5.165   5.020 |    0.000   0.000   0.000   0.000 |   -5.839  -6.752   4.335
 203B   0.00188910 0.13  0.164 -1271.195722  156.0   5.165   5.020 |    0.000   0.000   0.000  -0.000 |   -5.839  -6.752   4.680
 204B   0.00186148 0.14  0.164 -1271.195816  156.0   5.165   5.020 |    0.000   0.000   0.000   0.000 |   -5.839  -6.752   4.526
 205B   0.00176197 0.16  0.164 -1271.194894  156.0   5.165   5.020 |    0.000   0.000   0.000   0.000 |   -5.839  -6.752   4.680
 206B   0.00519970 0.10  0.164 -1271.194340  156.0   5.165   5.020 |    0.000   0.000   0.000  -0.000 |   -5.839  -6.752   4.457
 207B   0.00252998 0.11  0.164 -1271.194589  156.0   5.165   5.020 |    0.000   0.000   0.000  -0.000 |   -5.839  -6.752   4.363
 208B   0.00170558 0.13  0.164 -1271.194810  156.0   5.165   5.020 |    0.000  -0.000   0.000  -0.000 |   -5.839  -6.752   4.337
 209B   0.00127924 0.14  0.164 -1271.194975  156.0   5.165   5.020 |    0.000  -0.000   0.000   0.000 |   -5.839  -6.752   4.534
 210B   0.00216004 0.10  0.164 -1271.194213  156.0   5.165   5.020 |    0.000   0.000   0.000  -0.000 |   -5.839  -6.752   4.808
 211B   0.00139458 0.11  0.164 -1271.194557  156.0   5.165   5.020 |    0.000   0.000   0.000   0.000 |   -5.839  -6.752   4.479
 212B   0.00160732 0.10  0.164 -1271.193713  156.0   5.165   5.020 |    0.000  -0.000   0.000  -0.000 |   -5.839  -6.752   5.062
 213B   0.00138129 0.11  0.164 -1271.193575  156.0   5.165   5.020 |    0.000   0.000   0.000  -0.000 |   -5.839  -6.752   4.527
 214B   0.00154309 0.10  0.164 -1271.192129  156.0   5.165   5.020 |    0.000  -0.000   0.000  -0.000 |   -5.838  -6.752   4.983
 215B   0.00164735 0.10  0.164 -1271.192053  156.0   5.165   5.020 |    0.000   0.000   0.000  -0.000 |   -5.838  -6.752   3.891
 216B   0.00078762 0.11  0.164 -1271.192235  156.0   5.165   5.020 |    0.000   0.000   0.000  -0.000 |   -5.838  -6.752   4.086
 217B   0.00078368 0.13  0.164 -1271.193128  156.0   5.165   5.020 |    0.000  -0.000   0.000   0.000 |   -5.839  -6.752   4.686
 218B   0.00125248 0.10  0.164 -1271.193645  156.0   5.165   5.020 |    0.000   0.000   0.000   0.000 |   -5.839  -6.752   5.258
 219B   0.00052517 0.11  0.164 -1271.193427  156.0   5.165   5.020 |    0.000   0.000   0.000   0.000 |   -5.839  -6.752   5.603
 220B   0.00055784 0.10  0.164 -1271.193535  156.0   5.165   5.020 |    0.000   0.000   0.000   0.000 |   -5.839  -6.752   5.075
 221B   0.00050114 0.11  0.164 -1271.193610  156.0   5.165   5.020 |    0.000  -0.000   0.000   0.000 |   -5.839  -6.752   4.872
 222B   0.00082879 0.10  0.164 -1271.193651  156.0   5.165   5.020 |    0.000   0.000   0.000   0.000 |   -5.839  -6.752   5.334
 223B   0.00048914 0.11  0.164 -1271.193644  156.0   5.165   5.020 |    0.000   0.000   0.000  -0.000 |   -5.839  -6.752   4.968
 224B   0.00088793 0.10  0.164 -1271.193661  156.0   5.165   5.020 |    0.000   0.000   0.000   0.000 |   -5.839  -6.752   5.618
 225B   0.00054117 0.11  0.164 -1271.194590  156.0   5.165   5.020 |    0.000   0.000   0.000   0.000 |   -5.839  -6.752   5.452
 226B   0.00080534 0.10  0.164 -1271.193986  156.0   5.165   5.020 |    0.000   0.000   0.000   0.000 |   -5.839  -6.752   5.466
 227B   0.00055885 0.11  0.164 -1271.194256  156.0   5.165   5.020 |    0.000   0.000   0.000   0.000 |   -5.839  -6.752   4.800
 228B   0.00057329 0.10  0.164 -1271.194283  156.0   5.165   5.020 |    0.000   0.000   0.000   0.000 |   -5.839  -6.752   5.261
 229B   0.00124779 0.10  0.164 -1271.193812  156.0   5.165   5.020 |    0.000   0.000   0.000   0.000 |   -5.839  -6.752   5.361
 230B   0.00058421 0.11  0.164 -1271.193962  156.0   5.165   5.020 |    0.000   0.000   0.000   0.000 |   -5.839  -6.752   4.938
 231B   0.00055859 0.13  0.164 -1271.193837  156.0   5.165   5.020 |    0.000  -0.000   0.000   0.000 |   -5.839  -6.752   5.560
 232B   0.00059496 0.10  0.164 -1271.194443  156.0   5.165   5.020 |    0.000   0.000   0.000   0.000 |   -5.839  -6.752   5.038
 233B   0.00061085 0.10  0.164 -1271.194056  156.0   5.165   5.020 |    0.000  -0.000   0.000   0.000 |   -5.839  -6.752   5.118
 234B   0.00044855 0.11  0.164 -1271.193827  156.0   5.165   5.020 |    0.000  -0.000   0.000   0.000 |   -5.839  -6.752   5.109
 235B   0.00059298 0.10  0.164 -1271.193727  156.0   5.165   5.020 |    0.000   0.000   0.000   0.000 |   -5.839  -6.752   5.108
 236B   0.00066079 0.10  0.164 -1271.193817  156.0   5.165   5.020 |    0.000   0.000   0.000   0.000 |   -5.839  -6.752   5.337
 237B   0.00060108 0.11  0.164 -1271.193478  156.0   5.165   5.020 |    0.000   0.000   0.000   0.000 |   -5.839  -6.752   4.949
 238B   0.00055593 0.13  0.164 -1271.193519  156.0   5.165   5.020 |    0.000   0.000   0.000   0.000 |   -5.839  -6.752   4.333
 239B   0.00050284 0.14  0.164 -1271.193379  156.0   5.165   5.020 |    0.000   0.000   0.000   0.000 |   -5.839  -6.752   4.647
 240B   0.00051831 0.10  0.164 -1271.193311  156.0   5.165   5.020 |    0.000  -0.000   0.000  -0.000 |   -5.839  -6.752   4.961
 241B   0.00126503 0.10  0.164 -1271.193460  156.0   5.165   5.020 |    0.000   0.000   0.000   0.000 |   -5.838  -6.752   5.406
 242B   0.00037470 0.11  0.164 -1271.193247  156.0   5.165   5.020 |    0.000  -0.000   0.000   0.000 |   -5.839  -6.752   5.337
 243B   0.00040216 0.10  0.164 -1271.193397  156.0   5.165   5.020 |    0.000  -0.000   0.000   0.000 |   -5.839  -6.752   5.220
 244B   0.00020162 0.11  0.164 -1271.193376  156.0   5.165   5.020 |    0.000   0.000   0.000   0.000 |   -5.839  -6.752   4.976
 245B   0.00035289 0.10  0.164 -1271.193498  156.0   5.165   5.020 |    0.000  -0.000   0.000   0.000 |   -5.839  -6.752   5.693
 246B   0.00036500 0.10  0.164 -1271.193447  156.0   5.165   5.020 |    0.000   0.000   0.000   0.000 |   -5.839  -6.752   4.897
 247B   0.00041399 0.10  0.164 -1271.193505  156.0   5.165   5.020 |    0.000   0.000   0.000   0.000 |   -5.839  -6.752   4.811
 248B   0.00030535 0.11  0.164 -1271.193464  156.0   5.165   5.020 |    0.000   0.000   0.000   0.000 |   -5.839  -6.752   4.883
 249B   0.00021619 0.13  0.164 -1271.193505  156.0   5.165   5.020 |    0.000  -0.000   0.000   0.000 |   -5.839  -6.752   5.666
 250B   0.00040258 0.10  0.164 -1271.193667  156.0   5.165   5.020 |    0.000  -0.000   0.000   0.000 |   -5.839  -6.752   5.632
 251B   0.00019974 0.11  0.164 -1271.193548  156.0   5.165   5.020 |    0.000  -0.000   0.000   0.000 |   -5.839  -6.752   4.754
 252B   0.00027560 0.10  0.164 -1271.193710  156.0   5.165   5.020 |    0.000  -0.000   0.000   0.000 |   -5.839  -6.752   4.940
 253B   0.00043178 0.10  0.164 -1271.193691  156.0   5.165   5.020 |    0.000   0.000   0.000   0.000 |   -5.839  -6.752   5.252
 254B   0.00027840 0.11  0.164 -1271.193812  156.0   5.165   5.020 |    0.000  -0.000   0.000   0.000 |   -5.839  -6.752   4.845
 255B   0.00029997 0.10  0.164 -1271.193891  156.0   5.165   5.020 |    0.000   0.000   0.000   0.000 |   -5.839  -6.752   5.028
 256B   0.00032838 0.10  0.164 -1271.193957  156.0   5.165   5.020 |    0.000   0.000   0.000   0.000 |   -5.839  -6.752   5.275
 257B   0.00024912 0.11  0.164 -1271.194044  156.0   5.165   5.020 |    0.000   0.000   0.000   0.000 |   -5.839  -6.752   5.686
 258B   0.00024469 0.13  0.164 -1271.194005  156.0   5.165   5.020 |    0.000   0.000   0.000  -0.000 |   -5.839  -6.752   4.931
 259B   0.00025268 0.10  0.164 -1271.193982  156.0   5.165   5.020 |    0.000   0.000   0.000  -0.000 |   -5.839  -6.752   4.917
 260B   0.00049083 0.10  0.164 -1271.193736  156.0   5.165   5.020 |    0.000  -0.000   0.000  -0.000 |   -5.839  -6.752   5.427
 261B   0.00032230 0.11  0.164 -1271.193895  156.0   5.165   5.020 |    0.000   0.000   0.000  -0.000 |   -5.839  -6.752   4.590
 262B   0.00045453 0.10  0.164 -1271.193854  156.0   5.165   5.020 |    0.000  -0.000   0.000  -0.000 |   -5.839  -6.752   5.295
 263B   0.00027534 0.11  0.164 -1271.193862  156.0   5.165   5.020 |    0.000   0.000   0.000  -0.000 |   -5.839  -6.752   5.582
 264B   0.00021550 0.13  0.164 -1271.193817  156.0   5.165   5.020 |    0.000   0.000   0.000   0.000 |   -5.839  -6.752   4.986
 265B   0.00022087 0.10  0.164 -1271.193977  156.0   5.165   5.020 |    0.000   0.000   0.000  -0.000 |   -5.839  -6.752   5.312
 266B   0.00020175 0.11  0.164 -1271.193781  156.0   5.165   5.020 |    0.000   0.000   0.000  -0.000 |   -5.839  -6.752   5.566
 267B   0.00025497 0.10  0.164 -1271.193626  156.0   5.165   5.020 |    0.000   0.000   0.000  -0.000 |   -5.839  -6.752   5.258
 268B   0.00016497 0.11  0.164 -1271.193663  156.0   5.165   5.020 |    0.000  -0.000   0.000  -0.000 |   -5.839  -6.752   4.561
 269B   0.00018851 0.10  0.164 -1271.193607  156.0   5.165   5.020 |    0.000  -0.000   0.000  -0.000 |   -5.839  -6.752   4.572
 270B   0.00030980 0.10  0.164 -1271.193596  156.0   5.165   5.020 |    0.000  -0.000   0.000   0.000 |   -5.839  -6.752   4.154
 271B   0.00015561 0.11  0.164 -1271.193553  156.0   5.165   5.020 |    0.000  -0.000   0.000   0.000 |   -5.839  -6.752   4.065
 272B   0.00016675 0.10  0.164 -1271.193598  156.0   5.165   5.020 |    0.000  -0.000   0.000   0.000 |   -5.839  -6.752   4.428
 273B   0.00010473 0.11  0.164 -1271.193666  156.0   5.165   5.020 |    0.000  -0.000   0.000  -0.000 |   -5.839  -6.752   4.387
 274B   0.00011936 0.10  0.164 -1271.193749  156.0   5.165   5.020 |    0.000  -0.000   0.000  -0.000 |   -5.839  -6.752   4.251
 275B   0.00010485 0.11  0.164 -1271.193748  156.0   5.165   5.020 |    0.000   0.000   0.000  -0.000 |   -5.839  -6.752   4.166
 276B   0.00009669 0.13  0.164 -1271.193728  156.0   5.165   5.020 |    0.000  -0.000   0.000  -0.000 |   -5.839  -6.752   3.987
 277B   0.00009580 0.14  0.164 -1271.193736  156.0   5.165   5.020 |    0.000   0.000   0.000  -0.000 |   -5.839  -6.752   4.393
 278B   0.00009506 0.16  0.164 -1271.193738  156.0   5.165   5.020 |    0.000  -0.000   0.000  -0.000 |   -5.839  -6.752   4.869
 279B   0.00009511 0.10  0.164 -1271.193843  156.0   5.165   5.020 |    0.000  -0.000   0.000   0.000 |   -5.839  -6.752   5.531
 280B   0.00009609 0.10  0.164 -1271.193763  156.0   5.165   5.020 |    0.000  -0.000   0.000   0.000 |   -5.839  -6.752   5.206
 281B   0.00006671 0.11  0.164 -1271.193819  156.0   5.165   5.020 |    0.000   0.000   0.000   0.000 |   -5.839  -6.752   4.880
 282B   0.00004963 0.13  0.164 -1271.193769  156.0   5.165   5.020 |    0.000   0.000   0.000   0.000 |   -5.839  -6.752   5.400
 283B   0.00015304 0.10  0.164 -1271.193713  156.0   5.165   5.020 |    0.000   0.000   0.000   0.000 |   -5.839  -6.752   4.742
 284B   0.00005881 0.11  0.164 -1271.193741  156.0   5.165   5.020 |    0.000   0.000   0.000   0.000 |   -5.839  -6.752   4.602
 285B   0.00008284 0.10  0.164 -1271.193739  156.0   5.165   5.020 |    0.000  -0.000   0.000  -0.000 |   -5.839  -6.752   4.810
 286B   0.00005748 0.11  0.164 -1271.193754  156.0   5.165   5.020 |    0.000   0.000   0.000  -0.000 |   -5.839  -6.752   4.636
 287B   0.00006327 0.10  0.164 -1271.193734  156.0   5.165   5.020 |    0.000   0.000   0.000   0.000 |   -5.839  -6.752   4.747
 288B   0.00007370 0.10  0.164 -1271.193782  156.0   5.165   5.020 |    0.000   0.000   0.000   0.000 |   -5.839  -6.752   4.792
 289B   0.00005932 0.11  0.164 -1271.193744  156.0   5.165   5.020 |    0.000  -0.000   0.000   0.000 |   -5.839  -6.752   4.584
 290B   0.00006263 0.10  0.164 -1271.193709  156.0   5.165   5.020 |    0.000   0.000   0.000   0.000 |   -5.839  -6.752   5.166
 291B   0.00007012 0.10  0.164 -1271.193699  156.0   5.165   5.020 |    0.000  -0.000   0.000   0.000 |   -5.839  -6.752   4.796
 292B   0.00005150 0.11  0.164 -1271.193713  156.0   5.165   5.020 |    0.000  -0.000   0.000   0.000 |   -5.839  -6.752   4.486
 293B   0.00007400 0.10  0.164 -1271.193656  156.0   5.165   5.020 |    0.000  -0.000   0.000   0.000 |   -5.839  -6.752   4.836
 294B   0.00005101 0.11  0.164 -1271.193649  156.0   5.165   5.020 |    0.000  -0.000   0.000   0.000 |   -5.839  -6.752   4.535
 295B   0.00007438 0.10  0.164 -1271.193693  156.0   5.165   5.020 |    0.000   0.000   0.000   0.000 |   -5.839  -6.752   4.928
 296B   0.00005045 0.11  0.164 -1271.193690  156.0   5.165   5.020 |    0.000   0.000   0.000   0.000 |   -5.839  -6.752   4.674
 297B   0.00006086 0.10  0.164 -1271.193728  156.0   5.165   5.020 |    0.000  -0.000   0.000  -0.000 |   -5.839  -6.752   4.887
 298B   0.00012791 0.10  0.164 -1271.193709  156.0   5.165   5.020 |    0.000   0.000   0.000   0.000 |   -5.839  -6.752   4.791
 299B   0.00003353 0.11  0.164 -1271.193694  156.0   5.165   5.020 |    0.000  -0.000   0.000  -0.000 |   -5.839  -6.752   4.901
 300B   0.00004859 0.10  0.164 -1271.193697  156.0   5.165   5.020 |    0.000   0.000   0.000   0.000 |   -5.839  -6.752   4.803
 301B   0.00003159 0.11  0.164 -1271.193714  156.0   5.165   5.020 |    0.000  -0.000   0.000  -0.000 |   -5.839  -6.752   4.505
 302B   0.00003973 0.10  0.164 -1271.193702  156.0   5.165   5.020 |    0.000   0.000   0.000   0.000 |   -5.839  -6.752   4.467
 303B   0.00003093 0.11  0.164 -1271.193719  156.0   5.165   5.020 |    0.000   0.000   0.000  -0.000 |   -5.839  -6.752   5.050
 304B   0.00003378 0.10  0.164 -1271.193703  156.0   5.165   5.020 |    0.000   0.000   0.000   0.000 |   -5.839  -6.752   5.050
 305B   0.00003198 0.11  0.164 -1271.193735  156.0   5.165   5.020 |    0.000   0.000   0.000   0.000 |   -5.839  -6.752   4.786
 306B   0.00003181 0.13  0.164 -1271.193724  156.0   5.165   5.020 |    0.000   0.000   0.000  -0.000 |   -5.839  -6.752   4.342
 307B   0.00004711 0.10  0.164 -1271.193761  156.0   5.165   5.020 |    0.000   0.000   0.000   0.000 |   -5.839  -6.751   4.714
 308B   0.00002561 0.11  0.164 -1271.193755  156.0   5.165   5.020 |    0.000   0.000   0.000   0.000 |   -5.839  -6.751   4.607
 309B   0.00003891 0.10  0.164 -1271.193742  156.0   5.165   5.020 |    0.000   0.000   0.000   0.000 |   -5.839  -6.752   4.575
 310B   0.00002314 0.11  0.164 -1271.193733  156.0   5.165   5.020 |    0.000   0.000   0.000   0.000 |   -5.839  -6.751   4.381
 311B   0.00002100 0.13  0.164 -1271.193732  156.0   5.165   5.020 |    0.000  -0.000   0.000   0.000 |   -5.839  -6.751   4.323
 312B   0.00003591 0.10  0.164 -1271.193726  156.0   5.165   5.020 |    0.000  -0.000   0.000  -0.000 |   -5.839  -6.751   4.388
 313B   0.00002060 0.11  0.164 -1271.193723  156.0   5.165   5.020 |    0.000   0.000   0.000  -0.000 |   -5.839  -6.751   4.338
 314B   0.00002088 0.10  0.164 -1271.193725  156.0   5.165   5.020 |    0.000  -0.000   0.000   0.000 |   -5.839  -6.751   4.495
 315B   0.00002431 0.10  0.164 -1271.193723  156.0   5.165   5.020 |    0.000  -0.000   0.000  -0.000 |   -5.839  -6.751   4.318
 316B   0.00003097 0.10  0.164 -1271.193718  156.0   5.165   5.020 |    0.000   0.000   0.000  -0.000 |   -5.839  -6.751   4.329
 317B   0.00002712 0.11  0.164 -1271.193718  156.0   5.165   5.020 |    0.000   0.000   0.000  -0.000 |   -5.839  -6.751   4.625
 318B   0.00006707 0.10  0.164 -1271.193730  156.0   5.165   5.020 |    0.000  -0.000   0.000   0.000 |   -5.839  -6.751   4.978
 319B   0.00003055 0.11  0.164 -1271.193716  156.0   5.165   5.020 |    0.000  -0.000   0.000  -0.000 |   -5.839  -6.751   4.745
 320B   0.00002413 0.13  0.164 -1271.193714  156.0   5.165   5.020 |    0.000  -0.000   0.000   0.000 |   -5.839  -6.751   4.668
 321B   0.00001781 0.14  0.164 -1271.193698  156.0   5.165   5.020 |    0.000  -0.000   0.000   0.000 |   -5.839  -6.751   4.620
 322B   0.00001679 0.16  0.164 -1271.193700  156.0   5.165   5.020 |    0.000  -0.000   0.000   0.000 |   -5.839  -6.751   4.094
 323B   0.00002327 0.10  0.164 -1271.193704  156.0   5.165   5.020 |    0.000   0.000   0.000  -0.000 |   -5.839  -6.751   4.477
 324B   0.00001338 0.11  0.164 -1271.193702  156.0   5.165   5.020 |    0.000   0.000   0.000   0.000 |   -5.839  -6.751   4.253
 325B   0.00002530 0.10  0.164 -1271.193709  156.0   5.165   5.020 |    0.000   0.000   0.000  -0.000 |   -5.839  -6.751   4.537
 326B   0.00001260 0.11  0.164 -1271.193705  156.0   5.165   5.020 |    0.000   0.000   0.000  -0.000 |   -5.839  -6.751   4.435
 327B   0.00001932 0.10  0.164 -1271.193709  156.0   5.165   5.020 |    0.000   0.000   0.000  -0.000 |   -5.839  -6.751   4.184
 328B   0.00000890 0.11  0.164 -1271.193712  156.0   5.165   5.020 |    0.000   0.000   0.000   0.000 |   -5.839  -6.751   4.589
 329B   0.00001109 0.10  0.164 -1271.193713  156.0   5.165   5.020 |    0.000   0.000   0.000   0.000 |   -5.839  -6.751   4.327
 330B   0.00000954 0.11  0.164 -1271.193712  156.0   5.165   5.020 |    0.000  -0.000   0.000   0.000 |   -5.839  -6.751   4.246
 331B   0.00001206 0.10  0.164 -1271.193710  156.0   5.165   5.020 |    0.000   0.000   0.000   0.000 |   -5.839  -6.751   4.697
 332B   0.00000984 0.11  0.164 -1271.193721  156.0   5.165   5.020 |    0.000  -0.000   0.000   0.000 |   -5.839  -6.751   4.674
 333B   0.00000984 0.10  0.164 -1271.193720  156.0   5.165   5.020 |    0.000  -0.000   0.000   0.000 |   -5.839  -6.751   4.373
 334B   0.00000926 0.11  0.164 -1271.193727  156.0   5.165   5.020 |    0.000  -0.000   0.000   0.000 |   -5.839  -6.751   4.812
 335B   0.00000828 0.13  0.164 -1271.193722  156.0   5.165   5.020 |    0.000  -0.000   0.000   0.000 |   -5.839  -6.751   4.445
 336B   0.00001071 0.10  0.164 -1271.193724  156.0   5.165   5.020 |    0.000  -0.000   0.000   0.000 |   -5.839  -6.751   4.360
 337B   0.00000766 0.11  0.164 -1271.193721  156.0   5.165   5.020 |    0.000   0.000   0.000   0.000 |   -5.839  -6.751   4.480
 338B   0.00001802 0.10  0.164 -1271.193715  156.0   5.165   5.020 |    0.000  -0.000   0.000   0.000 |   -5.839  -6.751   4.770
 339B   0.00000931 0.11  0.164 -1271.193718  156.0   5.165   5.020 |    0.000  -0.000   0.000   0.000 |   -5.839  -6.751   4.145
 340B   0.00001196 0.10  0.164 -1271.193717  156.0   5.165   5.020 |    0.000  -0.000   0.000  -0.000 |   -5.839  -6.751   4.186
 341B   0.00000634 0.11  0.164 -1271.193718  156.0   5.165   5.020 |    0.000   0.000   0.000   0.000 |   -5.839  -6.751   4.339
 342B   0.00000705 0.10  0.164 -1271.193718  156.0   5.165   5.020 |    0.000   0.000   0.000  -0.000 |   -5.839  -6.751   4.382
 343B   0.00000964 0.10  0.164 -1271.193716  156.0   5.165   5.020 |    0.000  -0.000   0.000  -0.000 |   -5.839  -6.751   4.595
 344B   0.00000712 0.11  0.164 -1271.193717  156.0   5.165   5.020 |    0.000   0.000   0.000  -0.000 |   -5.839  -6.751   4.266
 345B   0.00001131 0.10  0.164 -1271.193717  156.0   5.165   5.020 |    0.000  -0.000   0.000  -0.000 |   -5.839  -6.751   4.876
 346B   0.00000956 0.11  0.164 -1271.193713  156.0   5.165   5.020 |    0.000  -0.000   0.000  -0.000 |   -5.839  -6.751   4.510
 347B   0.00001293 0.10  0.164 -1271.193700  156.0   5.165   5.020 |    0.000   0.000   0.000   0.000 |   -5.839  -6.751   4.499
 348B   0.00000450 0.11  0.164 -1271.193702  156.0   5.165   5.020 |    0.000  -0.000   0.000   0.000 |   -5.839  -6.751   4.622
 349B   0.00000415 0.13  0.164 -1271.193703  156.0   5.165   5.020 |    0.000   0.000   0.000   0.000 |   -5.839  -6.751   4.223
 350B   0.00000523 0.10  0.164 -1271.193709  156.0   5.165   5.020 |    0.000   0.000   0.000  -0.000 |   -5.839  -6.751   4.461
 351B   0.00000366 0.11  0.164 -1271.193708  156.0   5.165   5.020 |    0.000   0.000   0.000   0.000 |   -5.839  -6.751   4.577
 352B   0.00000272 0.13  0.164 -1271.193708  156.0   5.165   5.020 |    0.000  -0.000   0.000  -0.000 |   -5.839  -6.751   4.332
 353B   0.00000328 0.10  0.164 -1271.193711  156.0   5.165   5.020 |    0.000   0.000   0.000   0.000 |   -5.839  -6.751   4.489
 354B   0.00000620 0.10  0.164 -1271.193712  156.0   5.165   5.020 |    0.000  -0.000   0.000  -0.000 |   -5.839  -6.751   3.442
 355B   0.00000407 0.11  0.164 -1271.193712  156.0   5.165   5.020 |    0.000   0.000   0.000   0.000 |   -5.839  -6.751   4.034
 356B   0.00000351 0.13  0.164 -1271.193708  156.0   5.165   5.020 |    0.000   0.000   0.000   0.000 |   -5.839  -6.751   4.240
 357B   0.00000188 0.14  0.164 -1271.193710  156.0   5.165   5.020 |    0.000  -0.000   0.000  -0.000 |   -5.839  -6.751   4.606
 358B   0.00000236 0.10  0.164 -1271.193713  156.0   5.165   5.020 |    0.000   0.000   0.000   0.000 |   -5.839  -6.751   4.087
 359B   0.00000218 0.11  0.164 -1271.193713  156.0   5.165   5.020 |    0.000   0.000   0.000  -0.000 |   -5.839  -6.751   4.276
 360B   0.00000341 0.10  0.164 -1271.193714  156.0   5.165   5.020 |    0.000   0.000   0.000  -0.000 |   -5.839  -6.751   4.563
 361B   0.00000229 0.11  0.164 -1271.193714  156.0   5.165   5.020 |    0.000  -0.000   0.000  -0.000 |   -5.839  -6.751   4.484
 362B   0.00000307 0.10  0.164 -1271.193715  156.0   5.165   5.020 |    0.000   0.000   0.000  -0.000 |   -5.839  -6.751   4.138
 363B   0.00000368 0.10  0.164 -1271.193716  156.0   5.165   5.020 |    0.000   0.000   0.000  -0.000 |   -5.839  -6.751   3.185
 364B   0.00000475 0.10  0.164 -1271.193715  156.0   5.165   5.020 |    0.000   0.000   0.000  -0.000 |   -5.839  -6.751   3.997
 365B   0.00000557 0.10  0.164 -1271.193712  156.0   5.165   5.020 |    0.000   0.000   0.000  -0.000 |   -5.839  -6.751   3.973
 366B   0.00000340 0.11  0.164 -1271.193714  156.0   5.165   5.020 |    0.000  -0.000   0.000  -0.000 |   -5.839  -6.751   4.408
 367B   0.00000495 0.10  0.164 -1271.193714  156.0   5.165   5.020 |    0.000   0.000   0.000  -0.000 |   -5.839  -6.751   4.829
 368B   0.00000238 0.11  0.164 -1271.193714  156.0   5.165   5.020 |    0.000   0.000   0.000  -0.000 |   -5.839  -6.751   4.124
 369B   0.00000237 0.13  0.164 -1271.193714  156.0   5.165   5.020 |    0.000   0.000   0.000  -0.000 |   -5.839  -6.751   4.320
 370B   0.00000241 0.10  0.164 -1271.193714  156.0   5.165   5.020 |    0.000   0.000   0.000  -0.000 |   -5.839  -6.751   4.276
 371B   0.00000161 0.11  0.164 -1271.193714  156.0   5.165   5.020 |    0.000   0.000   0.000  -0.000 |   -5.839  -6.751   4.687
 372B   0.00000257 0.10  0.164 -1271.193714  156.0   5.165   5.020 |    0.000  -0.000   0.000  -0.000 |   -5.839  -6.751   4.694
 373B   0.00000539 0.10  0.164 -1271.193712  156.0   5.165   5.020 |    0.000  -0.000   0.000  -0.000 |   -5.839  -6.751   4.505
 374B   0.00000189 0.11  0.164 -1271.193713  156.0   5.165   5.020 |    0.000  -0.000   0.000  -0.000 |   -5.839  -6.751   4.147
 375B   0.00000327 0.10  0.164 -1271.193712  156.0   5.165   5.020 |    0.000  -0.000   0.000  -0.000 |   -5.839  -6.751   4.736
 376B   0.00000251 0.11  0.164 -1271.193712  156.0   5.165   5.020 |    0.000   0.000   0.000  -0.000 |   -5.839  -6.751   4.271
 377B   0.00000262 0.10  0.164 -1271.193712  156.0   5.165   5.020 |    0.000   0.000   0.000   0.000 |   -5.839  -6.751   4.282
 378B   0.00000233 0.11  0.164 -1271.193713  156.0   5.165   5.020 |    0.000  -0.000   0.000   0.000 |   -5.839  -6.751   2.867
 379B   0.00000296 0.10  0.164 -1271.193711  156.0   5.165   5.020 |    0.000  -0.000   0.000   0.000 |   -5.839  -6.751   4.230
 380B   0.00000399 0.10  0.164 -1271.193710  156.0   5.165   5.020 |    0.000  -0.000   0.000   0.000 |   -5.839  -6.751   4.560
 381B   0.00000253 0.11  0.164 -1271.193711  156.0   5.165   5.020 |    0.000  -0.000   0.000   0.000 |   -5.839  -6.751   4.592
 382B   0.00000255 0.10  0.164 -1271.193710  156.0   5.165   5.020 |    0.000  -0.000   0.000   0.000 |   -5.839  -6.751   4.382
 383B   0.00000169 0.11  0.164 -1271.193710  156.0   5.165   5.020 |    0.000  -0.000   0.000   0.000 |   -5.839  -6.751   4.635
 384B   0.00000222 0.10  0.164 -1271.193710  156.0   5.165   5.020 |    0.000   0.000   0.000   0.000 |   -5.839  -6.751   4.351
 385B   0.00000121 0.11  0.164 -1271.193710  156.0   5.165   5.020 |    0.000  -0.000   0.000   0.000 |   -5.839  -6.751   4.324
 386B   0.00000155 0.10  0.164 -1271.193710  156.0   5.165   5.020 |    0.000   0.000   0.000   0.000 |   -5.839  -6.751   4.591
 387B   0.00000207 0.10  0.164 -1271.193711  156.0   5.165   5.020 |    0.000   0.000   0.000   0.000 |   -5.839  -6.751   4.872
 388B   0.00000086 0.11  0.164 -1271.193711  156.0   5.165   5.020 |    0.000  -0.000   0.000   0.000 |   -5.839  -6.751   4.100
 389B   0.00000220 0.10  0.164 -1271.193711  156.0   5.165   5.020 |    0.000   0.000   0.000   0.000 |   -5.839  -6.751   4.095
 390B   0.00000160 0.11  0.164 -1271.193711  156.0   5.165   5.020 |    0.000  -0.000   0.000  -0.000 |   -5.839  -6.751   4.170
 391B   0.00000089 0.13  0.164 -1271.193711  156.0   5.165   5.020 |    0.000  -0.000   0.000   0.000 |   -5.839  -6.751   4.244
 392B   0.00000074 0.14  0.164 -1271.193711  156.0   5.165   5.020 |    0.000   0.000   0.000   0.000 |   -5.839  -6.751   4.394
 393B   0.00000089 0.10  0.164 -1271.193711  156.0   5.165   5.020 |    0.000  -0.000   0.000  -0.000 |   -5.839  -6.751   4.787
 394B   0.00000121 0.10  0.164 -1271.193711  156.0   5.165   5.020 |    0.000  -0.000   0.000  -0.000 |   -5.839  -6.751   4.511
 395B   0.00000136 0.10  0.164 -1271.193712  156.0   5.165   5.020 |    0.000  -0.000   0.000  -0.000 |   -5.839  -6.751   4.920
 396B   0.00000164 0.10  0.164 -1271.193712  156.0   5.165   5.020 |    0.000   0.000   0.000  -0.000 |   -5.839  -6.751   4.514
 397B   0.00000112 0.11  0.164 -1271.193712  156.0   5.165   5.020 |    0.000  -0.000   0.000   0.000 |   -5.839  -6.751   4.123
 398B   0.00000235 0.10  0.164 -1271.193713  156.0   5.165   5.020 |    0.000  -0.000   0.000  -0.000 |   -5.839  -6.751   3.226
 399B   0.00000125 0.11  0.164 -1271.193713  156.0   5.165   5.020 |    0.000   0.000   0.000   0.000 |   -5.839  -6.751   4.230
 400B   0.00000114 0.13  0.164 -1271.193712  156.0   5.165   5.020 |    0.000   0.000   0.000   0.000 |   -5.839  -6.751   4.188
 401B   0.00000128 0.10  0.164 -1271.193713  156.0   5.165   5.020 |    0.000  -0.000   0.000   0.000 |   -5.839  -6.751   0.000
  ----------------------------------------------------------------------------------------------------------------------------------
  *   iterations limit interrupt after 401 steps   si=     0.0000012809 ho= -1 tho=  0
  ----------------------------------------------------------------------------------------------------------------------------------
  Total CPU time=  31.702 minutes

  Writing to wel_file: s092_064.hel
 __________________________________  
  The tape s092_064.hel recorded:     
  nucname,npr,ngh,ngl,n00,nb,nt      
  b0,beta0,si,etot,rms,bet,xmix      
  pairing:     CpV0,CpV1,pwi         
  delta:       del,ept               
  lambda:      ala,ala2,alast,tz     
  asymptotic:  varmas,ass,skass      
  ntx,nb,nhhdim,id,N_rz,n_r,n_z      
  Omega2,Sigma2,Parity,Lambda        
  matrices(inbro):    hh,de          
  *all blocking candidates           
 __________________________________  


  NB! From expect (UNPROJECTED RESULTS)

  pairing: CpV0,CpV1,...           0.100000       0.100000       1.000000       1.000000
  forces:   UNE1                          


                             neutrons         protons         total
  Requested part.numbs.      92.000000      64.000000     156.000000
  UnPj(av) part.numbs .      92.000000      64.000000     156.000000
  b0, bz, bp ..........       2.130153       2.136882       2.126796

  lambda (ala) ........      -5.838565      -6.751494
  Lambda (alast) ......      -5.838565      -6.751494
  delta(n,p), pwi .....       0.000000      -0.000000      60.000000
  pairing energy ......       0.000000       0.000000       0.000000

  rms-radius ..........       5.164923       5.020034       5.105978
  charge-radius, r0 ...                      5.083379       6.459855
  deformation beta2....       0.157659       0.174725       0.164427
  dipole moment[fm] ...       0.000000       0.000000       0.000000
  quadrupole moment[b]        4.881409       3.555164       8.436573
  octupole moment .....       0.000000       0.000000       0.000000
  hexadecapole moment .       0.013999       0.009413       0.023412
  q5 ..................       0.000000       0.000000       0.000000
  q6 ..................      -0.011079       0.001307      -0.009772
  q7 ..................       0.000000       0.000000       0.000000
  q8 ..................       0.000611       0.001299       0.001910

  <r^0> [fm^0] ........            1.000000            1.000000            1.000000
  <r^2> [fm^2] ........           26.676425           25.200742           26.071016
  <r^4> [fm^4] ........          930.377070          813.087213          882.258154
  <r^6> [fm^6] ........        38511.100268        30638.028651        35281.122169
  <r^8> [fm^8] ........      1816928.574935      1297110.650265      1603669.939173

  kinetic energy ......    1799.684505    1067.867667    2867.552172
  volume energy .......                                 -4786.033253
        rho_tau .......                                    -4.718686
        rho_rho .......                                 -4781.314567
  surface energy ......                                   168.277618
   rho_DELTA_rho ......                                   168.277618
   (NABLA_rho)^2 ......                                     0.000000
  spin-orbit energy ...                                   -47.021709
        rho_NABLA_J ...                                   -47.021709
        NABLA_rho_J ...                                     0.000000
  coulomb energy ......                                   526.031459
          direct ......                                   550.548588
          exchange ....                                   -24.517129
  tensor energy .......                                     0.000000
  direct Hartree E  ...                                     0.000000
  Extra E .............                                     0.000000
  External field E ....                                     0.000000
  Entropy .............       0.124104       5.823672       5.947775

  tEnergy: ehfb (qp)...                                 -1271.193712

  Calculated but not added corrections 
====================================
  cmc-diagonal part ...       0.000000       0.000000       0.000000
  cmc-hfb .............       0.000000       0.000000       0.000000
  cranking rot corr ...       0.000000       0.000000       0.000000

  SQUJ ................       0.000000       0.000000       0.000000
  CRAN x 4 ............       0.000000       0.000000       0.000000
  Rigit Body ..........       0.000000       0.000000       0.000000


   Blocking candidates are:
   neutron eqpmin=  0.29012265380211488       pwiblo=   2.0016019225635890     
    num=   1 block=   6 state=   1   147 Eqp=   0.29012265  (1-2N)E=  -0.29012265  Ovlp=   0.59859599  5-[ 5, 1, 2]
    num=   2 block=   1 state=   1     1 Eqp=   0.27840146  (1-2N)E=   0.27840146  Ovlp=   0.56999931  1+[ 6, 4, 0]
    num=   3 block=   4 state=   1    97 Eqp=   0.32736336  (1-2N)E=  -0.32736336  Ovlp=   0.77495213  3-[ 5, 3, 2]
    num=   4 block=   2 state=   1    37 Eqp=   0.38024375  (1-2N)E=   0.38024375  Ovlp=   0.53103091  1-[ 5, 3, 0]
    num=   5 block=   3 state=   1    67 Eqp=   0.46010262  (1-2N)E=   0.46010262  Ovlp=   0.54518206  3+[ 6, 3, 1]
    num=   6 block=   6 state=   2   148 Eqp=   0.50530710  (1-2N)E=   0.50530710  Ovlp=   0.73120128  5-[ 5, 2, 3]
    num=   7 block=   5 state=   1   122 Eqp=   0.79304395  (1-2N)E=   0.79304395  Ovlp=   0.71031835  5+[ 6, 4, 2]
    num=   8 block=   2 state=   2    38 Eqp=   0.96933333  (1-2N)E=  -0.96933333  Ovlp=   0.73910588  1-[ 5, 4, 1]
    num=   9 block=   8 state=   1   187 Eqp=   1.05801774  (1-2N)E=   1.05801774  Ovlp=   0.63948599  7-[ 5, 0, 3]
    num=  10 block=   4 state=   2    98 Eqp=   1.16071731  (1-2N)E=  -1.16071731  Ovlp=   0.62147092  3-[ 5, 4, 1]
    num=  11 block=   7 state=   1   167 Eqp=   1.23563490  (1-2N)E=   1.23563490  Ovlp=   0.83371851  7+[ 6, 3, 3]
    num=  12 block=   2 state=   3    39 Eqp=   1.63604443  (1-2N)E=   1.63604443  Ovlp=   0.68439961  1-[ 5, 1, 0]
    num=  13 block=   2 state=   4    40 Eqp=   1.67648697  (1-2N)E=  -1.67648697  Ovlp=   0.66549291  1-[ 5, 5, 0]
    num=  14 block=   8 state=   2   188 Eqp=   1.72626263  (1-2N)E=   1.72626263  Ovlp=   0.68494919  7-[ 5, 0, 3]
    num=  15 block=   9 state=   1   203 Eqp=   1.79751664  (1-2N)E=   1.79751664  Ovlp=   0.92244347  9+[ 6, 2, 4]
    num=  16 block=   4 state=   3    99 Eqp=   2.02684121  (1-2N)E=   2.02684121  Ovlp=   0.69215549  3-[ 5, 1, 2]

   Blocking candidates are:
   proton  eqpmin=   5.7400737558637616E-002  pwiblo=   2.0016019225635890     
    num=   1 block=   2 state=   1    37 Eqp=   0.05740074  (1-2N)E=  -0.05740074  Ovlp=   0.56497510  1-[ 5, 3, 0]
    num=   2 block=   7 state=   1   167 Eqp=   0.04525974  (1-2N)E=   0.04525974  Ovlp=   0.96297221  7+[ 4, 0, 4]
    num=   3 block=   1 state=   1     1 Eqp=   0.02172036  (1-2N)E=   0.02172036  Ovlp=   0.79039835  1+[ 4, 1, 1]
    num=   4 block=   5 state=   1   122 Eqp=   0.09799706  (1-2N)E=   0.09799706  Ovlp=   0.90120088  5+[ 4, 0, 2]
    num=   5 block=   4 state=   1    97 Eqp=   0.01383903  (1-2N)E=   0.01383903  Ovlp=   0.60249425  3-[ 5, 4, 1]
    num=   6 block=   6 state=   1   147 Eqp=   0.26390065  (1-2N)E=   0.26390065  Ovlp=   0.78245559  5-[ 5, 3, 2]
    num=   7 block=   8 state=   1   187 Eqp=   0.88269810  (1-2N)E=   0.88269810  Ovlp=   0.89333354  7-[ 5, 2, 3]
    num=   8 block=   3 state=   1    67 Eqp=   1.09890822  (1-2N)E=  -1.09890822  Ovlp=   0.81239669  3+[ 4, 1, 1]
    num=   9 block=   5 state=   2   123 Eqp=   1.45751195  (1-2N)E=  -1.45751195  Ovlp=   0.89369536  5+[ 4, 1, 3]
    num=  10 block=   1 state=   2     2 Eqp=   1.62455278  (1-2N)E=   1.62455278  Ovlp=   0.89036893  1+[ 4, 0, 0]
    num=  11 block=   3 state=   2    68 Eqp=   1.68046119  (1-2N)E=   1.68046119  Ovlp=   0.91087589  3+[ 4, 0, 2]
    num=  12 block=  10 state=   1   219 Eqp=   1.75128593  (1-2N)E=   1.75128593  Ovlp=   0.96034374  9-[ 5, 1, 4]



 HFBTHO_SOLVER ended without errors

