
  =======================================
           FORTRAN 95 CODE (KIND= 8) 
               Version: 200d  
  =======================================
       AXIALLY DEFORMED CONFIGURATIONAL  
     HARTREE-FOCK-BOGOLIUBOV CALCULATIONS
                     WITH                
            UNEDF AND DELTA PAIRING      
                     USING               
             HARMONIC-OSCILLATOR         
                   AND/OR                
       TRANSFORMED HARMONIC-OSCILLATOR   
                    BASIS                
                     ---                 
               v1.66  (2005):,           
   Stoitsov,Dobaczewski,Nazarewicz,Ring, 
               v2.00d (2012):,           
         Stoitsov,Schunck,Kortelainen    
  =======================================
    Nucleus: MG (A=  24, N= 12, Z= 12)
       Reflection Symmetry Imposed       
            ( 9/13/2022, 23:37)                               
  =======================================


  ---------------------------------------
           UNEDF Module Version:17
         M.Kortelainen & M.Stoitsov 
  ---------------------------------------

  UNE1 functional
  ----------------------------------
  Crho(0)=   -779.373008720865300    ; Crho(1)=    287.722131583286796    
  CDrho(0)=   891.477890442349690    ; CDrho(1)=  -200.587774317884879    
  Ctau(0)=  -0.989915057807676746    ; Ctau(1)=   -33.6320970701835549    
  CrDr(0)=   -43.4023970381955522    ; CrDr(1)=   -183.320149866258134    
  CrdJ(0)=   -67.8493461946518721    ; CrdJ(1)=   -26.6178929980338310    
  CJ(0)=      0.00000000000000000    ; CJ(1)=      0.00000000000000000    
  CpV0(0)=   0.100000000000000006    ; CpV0(1)=   0.100000000000000006    
  CpV1(0)=    1.00000000000000000    ; CpV1(1)=    1.00000000000000000    
  sigma=     0.270018011502707600    ; hbzero=     20.7355300000000007    
  e^2 chrg=   1.43997840859651305    ; CExPar=     1.00000000000000000    
  c.m. correction: F, chr. density in direct Coul: F
  use tensor terms: F
  use TMR pairing:  0

  Coupling constants in natural units
  -----------------------------------
  Crho_nu(0)=  -0.877667471343921757    ; Crho_nu(1)=   0.324009624211695935    
  CDrho_nu(0)=  0.941450913381434273    ; CDrho_nu(1)= -0.211831998717341041    
  Ctau_nu(0)=  -0.140321584905665799E-01; Ctau_nu(1)=  -0.476738799694694126    
  CrDr_nu(0)=  -0.615233912553314610    ; CrDr_nu(1)=   -2.59858396652202472    
  CrdJ_nu(0)=  -0.961772196286407866    ; CrdJ_nu(1)=  -0.377311659507980679    
  CJ_nu(0)=      0.00000000000000000    ; CJ_nu(1)=      0.00000000000000000    
  CpV0_nu(0)=   0.112611992142809880E-03; CpV0_nu(1)=   0.112611992142809880E-03
  CpV1_nu(0)=   0.887702254206059068E-03; CpV1_nu(1)=   0.887702254206059068E-03
  fpi_nu=        93.0000000000000000    ; Lambda_nu=     700.000000000000000    

  Nuclear matter properties
  ----------------------------------
      E_NM=     -15.8000000000000149      K_NM=     220.0000000000000284
      P_NM=      -0.0000000000000032    RHO_NM=       0.1587067693325870
    ASS_NM=      28.9867890577721070   LASS_NM=      40.0047904804136323
  SMASS_NM=       0.9924233322833640  VMASS_NM=       1.2498385742322700

  Associated (t,x)-coupling constants
  -----------------------------------
  t0=      -2078.32802325564080    ; x0=       0.537569206858470316E-01
  t1=       230.159564126632688    ; x1=       -6.57968219830226797    
  t2=       1989.03259736661494    ; x2=       -1.33877649042051305    
  t3=       14263.6462470775950    ; x3=      -0.162491168089956339    
  b4=       41.2314531966180411    ; b4p=       53.2357859960676620    
  te=      -593.611990012747015    ; to=       -241.837383364750593    
  sigma=   0.270018011502707600    ; hbzero=    20.7355300000000007    

  ---------------------------------------
        Characteristics of the run       
  ---------------------------------------
  Output file ................:     7
  Nucleus ....................:   MG  24
  Number of HO shells ........:     8
  HO length b0 (fm) ..........:     1.55928400372611
  Basis deformation ..........:  beta0=   0.010 q=   1.010
  HO: b0,1/b0,bp,bz,q ........:   0.15592840E+01  0.64131999E+00  0.15568270E+01  0.15642096E+01  0.10095067E+01
  h**2/(2m), cmc, e**2 .......:   0.20735530E+02  0.20735530E+02  0.14399784E+01
  hom=f*41.0_pr*A^{-1/3}, f...:   0.17056687E+02  0.12000000E+01
  THO basis is ...............:  OFF
  Maximal number of iterations:   400
  Initial mixing parameter ...:  0.300
  Initial w.f. ...............:  from   spherical scratch
  Skyrme functional ..........:    UNE1                          
    with direct and exchange Coulomb
  Lipkin-Nogami procedure is .:  OFF
  PAV procedure is ...........:  OFF
  Constraint calculation is ..:   ON
    Constraint 1 .............: lambda=2 Ql=  -0.497
  Temperature T ..............:   0.05 MeV
  Restart indicator ..........:   1
  Broyden mixing (#iterations):   7

  ---------------------------------------
        Harmonic Oscillator Basis        
  ---------------------------------------
  NUV, NQP:                        2501     165
  Comparison with bookkeeping spherical basis:
  n00:                                8       8  Maximal number of shells
  nbx, 2*n00+1:                      17      17  Maximal number of K-blocks
  ntx, (n00+1)*(n00+2)*(n00+3)/6    165     165  Max.num. p/n levels
  nzx, n00:                           8       8  Maximal nz-quantum number
  nrx, n00/2  :                       4       4  Maximal nr-quantum number
  nlx, n00:                           8       8  Maximal ml-quantum number
  ndx, (n00+2)*(n00+2)/4:            25      25  Maximal dim. of one k-block

  Actual basis used
  Number of blocks: nb .......:   17
  Number of levels: nt .......:  165
  Maximal 2*omega : nom ......:   17
  Maximal nz:       nzm ......:    8
  Maximal nr:       nrm ......:    4
  Maximal ml:       nlm ......:    8
  Maximal N=nz+2*nr+nl .......:    8
  2 x biggest block dim. .....:   50
  Non-zero elements of h .....:     1333
  Number of Broyden elements .:     5332

  ---------------------------------------
            Integration Meshes           
  ---------------------------------------
  Number of Gauss-Hermite mesh points ngh ....:  40
  Number of Gauss-Laguerre mesh points ngl ...:  40
  Number of Gauss-Legendre mesh points nleg ..:  80
  Integration boundaries
    Hermite  - from xh(1)  =  0.12379686 to xh(ngh)   = 11.88786356
    Laguerre - From xl(1)  =  0.03570039 to xl(ngl)   =142.28004447
    Legendre - From xleg(1)=  0.00978669 to xleg(nleg)=  0.99988775
  Max.dev.in:     Orthogonality            Normalization
  Hermite     1.5248282503475657E-015   1.0991207943789050E-014
  Laguerre    4.2896485016951012E-015   8.9928064994637680E-015

  Scratch initialization for the nucleus: MG  12  12


  Initial potentials of Saxon-Woods shape 
  v0ws   =  -71.27999878
  kappa  =    0.46160001
  vs0    =   11.11750031   11.11750031
  r0     =    1.23339999    1.23339999
  a      =    0.61500001    0.61500001
  r0-so  =    1.14429998    1.14429998
  a-so   =    0.64760000    0.64760000
  beta00 =    0.01000000

  ### REGULAR STAGE (reflection symmetry imposed)
  |HFB+HO> iterations(b0=  1.559, Nsh=  8, inin=  1, N= 12, Z= 12)...
  ----------------------------------------------------------------------------------------------------------------------------------
  i          si     mix   beta      Etot       A       rn      rp         En      Dn      Ep      Dp        Ln      Lp     time
  ----------------------------------------------------------------------------------------------------------------------------------
   1L  73.90480883 0.30  0.010     0.000000    0.0   0.000   0.000 |   -2.000   1.000  -2.000   1.000 |   -7.000  -7.000   0.000
   2B  38.80809856 0.10  0.009   -63.938762   24.0   2.625   2.625 |    0.000  -0.000   0.000  -0.000 |  -17.169 -17.169  39.878
   3B  16.45409512 0.11 -0.164  -153.947441   24.0   2.994   3.045 |    0.000  -0.000   0.000  -0.000 |  -11.317  -7.788   1.043
   4B  45.70421058 0.10 -0.238   -96.299617   24.0   2.948   2.939 |    0.000  -0.000   0.000  -0.000 |  -12.462  -8.000   0.964
   5B  32.41157498 0.11 -0.242  -130.900549   24.0   2.980   2.928 |    0.000  -0.000   0.000  -0.000 |  -12.340  -7.929   1.133
   6B  21.50021285 0.13 -0.238  -155.227212   24.0   2.929   3.000 |    0.000  -0.000   0.000  -0.000 |  -12.274  -8.119   1.146
   7B   6.15087366 0.14 -0.247  -181.245239   24.0   2.952   2.987 |    0.000  -0.000   0.000  -0.000 |  -12.472  -7.864   1.276
   8B  10.84386206 0.10 -0.259  -176.525688   24.0   2.976   2.969 |    0.000  -0.000   0.000  -0.000 |  -12.518  -8.083   1.446
   9B   9.21368614 0.11 -0.263  -179.475297   24.0   2.966   2.983 |    0.000  -0.000   0.000  -0.000 |  -12.613  -8.069   1.752
  10B   6.45154541 0.13 -0.268  -181.589113   24.0   2.969   2.983 |    0.000   0.000   0.000   0.000 |  -12.699  -8.055   1.833
  11B   2.47321155 0.14 -0.269  -183.024595   24.0   2.966   2.988 |    0.000   0.000   0.000   0.000 |  -12.656  -8.090   1.710
  12B   4.14886189 0.10 -0.271  -182.547758   24.0   2.969   2.987 |    0.000   0.000   0.000   0.000 |  -12.650  -8.052   1.561
  13B   0.98842439 0.11 -0.272  -183.404644   24.0   2.968   2.989 |    0.000   0.000   0.000   0.000 |  -12.636  -8.055   1.490
  14B   0.94124408 0.13 -0.270  -183.411277   24.0   2.969   2.988 |    0.000   0.000   0.000   0.000 |  -12.618  -8.034   1.562
  15B   0.85021301 0.14 -0.271  -183.425227   24.0   2.969   2.987 |    0.000   0.000   0.000   0.000 |  -12.621  -8.037   1.568
  16B   0.94331811 0.10 -0.269  -183.423723   24.0   2.967   2.988 |    0.000   0.000   0.000   0.000 |  -12.597  -8.021   1.571
  17B   0.94409429 0.10 -0.269  -183.425208   24.0   2.967   2.988 |    0.000   0.000   0.000   0.000 |  -12.597  -8.018   1.658
  18B   0.94458260 0.10 -0.269  -183.427679   24.0   2.967   2.988 |    0.000   0.000   0.000   0.000 |  -12.596  -8.019   1.658
  19B   0.82473487 0.11 -0.268  -183.426536   24.0   2.967   2.987 |    0.000   0.000   0.000   0.000 |  -12.592  -8.014   0.993
  20B   0.84321833 0.10 -0.269  -183.422643   24.0   2.966   2.988 |    0.000   0.000   0.000   0.000 |  -12.582  -8.026   1.655
  21B   2.58437791 0.10 -0.269  -183.109837   24.0   2.967   2.986 |    0.000   0.000   0.000   0.000 |  -12.587  -8.016   1.048
  22B   0.97645023 0.11 -0.266  -183.464547   24.0   2.964   2.985 |    0.000  -0.000   0.000  -0.000 |  -12.570  -7.985   1.724
  23B   0.95391525 0.13 -0.264  -183.495358   24.0   2.963   2.983 |    0.000  -0.000   0.000  -0.000 |  -12.552  -7.969   1.553
  24B   0.91472814 0.14 -0.257  -183.544793   24.0   2.960   2.978 |    0.000  -0.000   0.000  -0.000 |  -12.508  -7.907   1.316
  25B   0.83617919 0.16 -0.258  -183.538307   24.0   2.959   2.979 |    0.000  -0.000   0.000  -0.000 |  -12.506  -7.902   1.190
  26L   0.91759484 0.10 -0.257  -183.532982   24.0   2.961   2.977 |    0.000  -0.000   0.000  -0.000 |  -12.503  -7.904   1.477
  27L   6.71956015 0.10 -0.256  -181.215460   24.0   2.955   2.980 |    0.000  -0.000   0.000  -0.000 |  -12.469  -7.915   1.646
  28B  30.50077628 0.10 -0.258  -141.499405   24.0   2.958   2.960 |    0.000  -0.000   0.000  -0.000 |  -12.783  -7.774   1.635
  29L   3.95638550 0.11 -0.268  -182.602902   24.0   2.966   2.986 |    0.000  -0.000   0.000  -0.000 |  -12.584  -8.013   1.732
  30B  22.53769126 0.10 -0.268  -158.517233   24.0   2.968   2.975 |    0.000  -0.000   0.000  -0.000 |  -12.748  -7.885   1.350
  31L   4.19957909 0.11 -0.278  -182.385635   24.0   2.972   2.996 |    0.000  -0.000   0.000  -0.000 |  -12.666  -8.121   1.828
  32B  23.17546332 0.10 -0.278  -157.312145   24.0   2.976   2.981 |    0.000  -0.000   0.000  -0.000 |  -12.867  -7.953   1.579
  33B   3.81487824 0.11 -0.278  -182.703506   24.0   2.969   2.996 |    0.000  -0.000   0.000  -0.000 |  -12.646  -8.114   1.743
  34B   1.95226224 0.13 -0.283  -183.044695   24.0   2.975   2.999 |    0.000  -0.000   0.000  -0.000 |  -12.697  -8.155   1.620
  35B   4.87849157 0.10 -0.273  -182.105320   24.0   2.977   2.989 |    0.000  -0.000   0.000  -0.000 |  -12.657  -8.077   1.643
  36B   4.55393986 0.11 -0.279  -182.275680   24.0   2.976   2.990 |    0.000  -0.000   0.000  -0.000 |  -12.671  -8.078   1.473
  37B   2.72023362 0.13 -0.275  -182.979216   24.0   2.972   2.992 |    0.000  -0.000   0.000  -0.000 |  -12.657  -8.053   1.505
  38B   1.61885673 0.14 -0.276  -183.228564   24.0   2.972   2.992 |    0.000  -0.000   0.000  -0.000 |  -12.640  -8.078   1.644
  39B   1.57991475 0.16 -0.273  -183.261156   24.0   2.969   2.993 |    0.000   0.000   0.000   0.000 |  -12.626  -8.062   1.615
  40B   2.06276918 0.10 -0.276  -183.129303   24.0   2.972   2.992 |    0.000  -0.000   0.000  -0.000 |  -12.643  -8.074   1.684
  41B   1.15053373 0.11 -0.268  -183.383381   24.0   2.966   2.988 |    0.000   0.000   0.000   0.000 |  -12.587  -8.005   1.709
  42L   0.81892916 0.13 -0.263  -183.478620   24.0   2.964   2.983 |    0.000   0.000   0.000   0.000 |  -12.552  -7.963   1.711
  43B   0.91367176 0.10 -0.265  -183.440769   24.0   2.963   2.983 |    0.000   0.000   0.000   0.000 |  -12.546  -7.957   1.593
  44B   0.93583005 0.10 -0.257  -183.474785   24.0   2.960   2.979 |    0.000  -0.000   0.000  -0.000 |  -12.502  -7.911   1.398
  45L   0.82115170 0.11 -0.258  -183.497450   24.0   2.960   2.981 |    0.000  -0.000   0.000  -0.000 |  -12.507  -7.920   1.095
  46B   1.91958070 0.10 -0.262  -183.337473   24.0   2.961   2.979 |    0.000  -0.000   0.000  -0.000 |  -12.517  -7.917   1.670
  47B   0.82179903 0.11 -0.244  -183.505913   24.0   2.953   2.970 |    0.000   0.000   0.000   0.000 |  -12.437  -7.816   1.548
  48L   0.72908326 0.13 -0.235  -183.555609   24.0   2.947   2.966 |    0.000   0.000   0.000   0.000 |  -12.381  -7.773   1.688
  49L   2.52042510 0.10 -0.242  -183.265619   24.0   2.947   2.965 |    0.000   0.000   0.000   0.000 |  -12.396  -7.777   1.593
  50B  13.37411881 0.10 -0.232  -174.890637   24.0   2.940   2.968 |    0.000   0.000   0.000   0.000 |  -12.287  -7.757   0.858
  51L   1.98065394 0.11 -0.264  -183.326388   24.0   2.966   2.984 |    0.000  -0.000   0.000  -0.000 |  -12.549  -7.967   1.709
  52B  13.42091900 0.10 -0.266  -174.692915   24.0   2.966   2.980 |    0.000  -0.000   0.000  -0.000 |  -12.606  -7.932   1.764
  53L   1.65333662 0.11 -0.287  -183.078042   24.0   2.983   3.001 |    0.000  -0.000   0.000  -0.000 |  -12.756  -8.201   1.800
  54B  12.12280195 0.10 -0.287  -176.028072   24.0   2.977   3.003 |    0.000  -0.000   0.000  -0.000 |  -12.710  -8.223   1.672
  55L   0.95614567 0.11 -0.262  -183.458408   24.0   2.960   2.984 |    0.000   0.000   0.000   0.000 |  -12.536  -7.936   1.714
  56B   9.41085645 0.10 -0.261  -178.722707   24.0   2.965   2.976 |    0.000   0.000   0.000   0.000 |  -12.549  -7.909   1.376
  57B   1.54119654 0.11 -0.258  -183.425353   24.0   2.960   2.979 |    0.000   0.000   0.000   0.000 |  -12.512  -7.918   1.333
  58B   1.30732079 0.13 -0.254  -183.490705   24.0   2.955   2.975 |    0.000   0.000   0.000   0.000 |  -12.471  -7.898   1.644
  59B   0.99188051 0.14 -0.250  -183.537731   24.0   2.955   2.974 |    0.000   0.000   0.000   0.000 |  -12.479  -7.859   1.528
  60B   0.76904203 0.16 -0.246  -183.596442   24.0   2.952   2.971 |    0.000   0.000   0.000   0.000 |  -12.450  -7.843   1.681
  61B   0.65980037 0.18 -0.230  -183.645512   24.0   2.943   2.961 |    0.000   0.000   0.000   0.000 |  -12.376  -7.756   1.743
  62B   0.57113990 0.21 -0.222  -183.647231   24.0   2.938   2.956 |    0.000   0.000   0.000   0.000 |  -12.344  -7.709   1.628
  63B   1.09946523 0.10 -0.203  -183.508313   24.0   2.929   2.948 |    0.000   0.000   0.000   0.000 |  -12.265  -7.647   1.759
  64B   0.31955532 0.11 -0.179  -183.440770   24.0   2.919   2.937 |    0.000   0.000   0.000   0.000 |  -12.239  -7.591   1.268
  65B   0.12294657 0.13 -0.195  -183.556460   24.0   2.926   2.944 |    0.000   0.000   0.000   0.000 |  -12.243  -7.604   1.614
  66B   0.17618942 0.10 -0.187  -183.505624   24.0   2.922   2.941 |    0.000   0.000   0.000   0.000 |  -12.224  -7.586   1.544
  67B   0.23278421 0.10 -0.185  -183.489549   24.0   2.921   2.940 |    0.000  -0.000   0.000  -0.000 |  -12.218  -7.583   1.336
  68B   0.09287950 0.11 -0.188  -183.517774   24.0   2.923   2.942 |    0.000   0.000   0.000   0.000 |  -12.228  -7.585   1.462
  69B   0.30101571 0.10 -0.191  -183.529434   24.0   2.924   2.942 |    0.000   0.000   0.000   0.000 |  -12.228  -7.592   1.781
  70B   0.03338384 0.11 -0.190  -183.527966   24.0   2.924   2.942 |    0.000   0.000   0.000   0.000 |  -12.226  -7.590   1.280
  71B   0.02433700 0.13 -0.190  -183.527216   24.0   2.924   2.942 |    0.000  -0.000   0.000  -0.000 |  -12.226  -7.590   1.727
  72B   0.02543185 0.10 -0.190  -183.529736   24.0   2.924   2.942 |    0.000  -0.000   0.000  -0.000 |  -12.227  -7.591   1.075
  73B   0.02478271 0.11 -0.190  -183.529836   24.0   2.924   2.942 |    0.000  -0.000   0.000  -0.000 |  -12.228  -7.592   1.134
  74B   0.00992051 0.13 -0.190  -183.531055   24.0   2.924   2.943 |    0.000  -0.000   0.000  -0.000 |  -12.228  -7.592   1.709
  75B   0.00482319 0.14 -0.191  -183.532844   24.0   2.924   2.943 |    0.000  -0.000   0.000  -0.000 |  -12.230  -7.593   1.615
  76B   0.00344108 0.16 -0.191  -183.533201   24.0   2.924   2.943 |    0.000   0.000   0.000   0.000 |  -12.230  -7.594   1.497
  77B   0.00697819 0.10 -0.191  -183.533225   24.0   2.924   2.943 |    0.000   0.000   0.000   0.000 |  -12.230  -7.593   1.275
  78B   0.00544691 0.11 -0.191  -183.533618   24.0   2.924   2.943 |    0.000   0.000   0.000   0.000 |  -12.230  -7.594   1.599
  79B   0.00298540 0.13 -0.191  -183.533681   24.0   2.924   2.943 |    0.000   0.000   0.000   0.000 |  -12.230  -7.594   1.597
  80B   0.00199261 0.14 -0.191  -183.533637   24.0   2.924   2.943 |    0.000   0.000   0.000   0.000 |  -12.230  -7.594   1.251
  81B   0.00414091 0.10 -0.191  -183.533878   24.0   2.924   2.943 |    0.000   0.000   0.000   0.000 |  -12.230  -7.594   1.483
  82B   0.00135771 0.11 -0.191  -183.533755   24.0   2.924   2.943 |    0.000   0.000   0.000   0.000 |  -12.230  -7.594   1.405
  83B   0.00038731 0.13 -0.191  -183.533801   24.0   2.924   2.943 |    0.000   0.000   0.000   0.000 |  -12.230  -7.594   0.920
  84B   0.00068048 0.10 -0.191  -183.533823   24.0   2.924   2.943 |    0.000   0.000   0.000   0.000 |  -12.230  -7.594   1.605
  85B   0.00039443 0.11 -0.191  -183.533805   24.0   2.924   2.943 |    0.000   0.000   0.000   0.000 |  -12.230  -7.594   1.485
  86B   0.00036702 0.13 -0.191  -183.533802   24.0   2.924   2.943 |    0.000   0.000   0.000   0.000 |  -12.230  -7.594   0.892
  87B   0.00034349 0.14 -0.191  -183.533796   24.0   2.924   2.943 |    0.000   0.000   0.000   0.000 |  -12.230  -7.594   1.299
  88B   0.00030022 0.16 -0.191  -183.533786   24.0   2.924   2.943 |    0.000   0.000   0.000   0.000 |  -12.230  -7.594   1.414
  89B   0.00035353 0.10 -0.191  -183.533797   24.0   2.924   2.943 |    0.000   0.000   0.000   0.000 |  -12.230  -7.594   1.542
  90B   0.00033597 0.11 -0.191  -183.533761   24.0   2.924   2.943 |    0.000   0.000   0.000   0.000 |  -12.230  -7.594   1.544
  91B   0.00023364 0.13 -0.191  -183.533767   24.0   2.924   2.943 |    0.000   0.000   0.000   0.000 |  -12.230  -7.594   1.702
  92B   0.00017916 0.14 -0.191  -183.533739   24.0   2.924   2.943 |    0.000  -0.000   0.000  -0.000 |  -12.230  -7.594   1.784
  93B   0.00039146 0.10 -0.191  -183.533736   24.0   2.924   2.943 |    0.000   0.000   0.000   0.000 |  -12.230  -7.594   1.605
  94B   0.00077172 0.10 -0.191  -183.533785   24.0   2.924   2.943 |    0.000   0.000   0.000   0.000 |  -12.230  -7.594   1.205
  95B   0.00027359 0.11 -0.191  -183.533732   24.0   2.924   2.943 |    0.000   0.000   0.000   0.000 |  -12.230  -7.594   1.264
  96B   0.00014168 0.13 -0.191  -183.533700   24.0   2.924   2.943 |    0.000  -0.000   0.000  -0.000 |  -12.230  -7.594   1.177
  97B   0.00032013 0.10 -0.191  -183.533712   24.0   2.924   2.943 |    0.000   0.000   0.000   0.000 |  -12.230  -7.594   1.338
  98B   0.00011732 0.11 -0.191  -183.533681   24.0   2.924   2.943 |    0.000  -0.000   0.000  -0.000 |  -12.230  -7.594   1.762
  99B   0.00005841 0.13 -0.191  -183.533690   24.0   2.924   2.943 |    0.000   0.000   0.000   0.000 |  -12.230  -7.594   1.670
 100B   0.00010409 0.10 -0.191  -183.533691   24.0   2.924   2.943 |    0.000   0.000   0.000   0.000 |  -12.230  -7.594   1.729
 101B   0.00007033 0.11 -0.191  -183.533696   24.0   2.924   2.943 |    0.000   0.000   0.000   0.000 |  -12.230  -7.594   1.034
 102B   0.00006139 0.13 -0.191  -183.533694   24.0   2.924   2.943 |    0.000   0.000   0.000   0.000 |  -12.230  -7.594   1.003
 103B   0.00002319 0.14 -0.191  -183.533703   24.0   2.924   2.943 |    0.000   0.000   0.000   0.000 |  -12.230  -7.594   1.352
 104B   0.00004863 0.10 -0.191  -183.533700   24.0   2.924   2.943 |    0.000   0.000   0.000   0.000 |  -12.230  -7.594   1.699
 105B   0.00001363 0.11 -0.191  -183.533700   24.0   2.924   2.943 |    0.000   0.000   0.000   0.000 |  -12.230  -7.594   1.602
 106B   0.00001194 0.13 -0.191  -183.533700   24.0   2.924   2.943 |    0.000   0.000   0.000   0.000 |  -12.230  -7.594   1.612
 107B   0.00001037 0.14 -0.191  -183.533701   24.0   2.924   2.943 |    0.000   0.000   0.000   0.000 |  -12.230  -7.594   1.245
 108B   0.00000976 0.16 -0.191  -183.533702   24.0   2.924   2.943 |    0.000   0.000   0.000   0.000 |  -12.230  -7.594   1.241
 109B   0.00000839 0.18 -0.191  -183.533703   24.0   2.924   2.943 |    0.000  -0.000   0.000  -0.000 |  -12.230  -7.594   1.202
 110B   0.00000534 0.21 -0.191  -183.533704   24.0   2.924   2.943 |    0.000  -0.000   0.000  -0.000 |  -12.230  -7.594   1.603
 111B   0.00000737 0.10 -0.191  -183.533704   24.0   2.924   2.943 |    0.000  -0.000   0.000  -0.000 |  -12.230  -7.594   1.409
 112B   0.00000276 0.11 -0.191  -183.533704   24.0   2.924   2.943 |    0.000  -0.000   0.000  -0.000 |  -12.230  -7.594   1.632
 113B   0.00000477 0.10 -0.191  -183.533704   24.0   2.924   2.943 |    0.000  -0.000   0.000  -0.000 |  -12.230  -7.594   1.056
 114B   0.00000324 0.11 -0.191  -183.533704   24.0   2.924   2.943 |    0.000  -0.000   0.000  -0.000 |  -12.230  -7.594   1.610
 115B   0.00000432 0.10 -0.191  -183.533704   24.0   2.924   2.943 |    0.000  -0.000   0.000  -0.000 |  -12.230  -7.594   1.121
 116B   0.00000224 0.11 -0.191  -183.533704   24.0   2.924   2.943 |    0.000  -0.000   0.000  -0.000 |  -12.230  -7.594   1.131
 117B   0.00000205 0.13 -0.191  -183.533704   24.0   2.924   2.943 |    0.000  -0.000   0.000  -0.000 |  -12.230  -7.594   1.498
 118B   0.00000199 0.14 -0.191  -183.533704   24.0   2.924   2.943 |    0.000  -0.000   0.000  -0.000 |  -12.230  -7.594   0.998
 119B   0.00000198 0.16 -0.191  -183.533704   24.0   2.924   2.943 |    0.000  -0.000   0.000  -0.000 |  -12.230  -7.594   1.365
 120B   0.00000183 0.18 -0.191  -183.533704   24.0   2.924   2.943 |    0.000  -0.000   0.000  -0.000 |  -12.230  -7.594   1.587
 121B   0.00000170 0.21 -0.191  -183.533704   24.0   2.924   2.943 |    0.000  -0.000   0.000  -0.000 |  -12.230  -7.594   1.399
 122B   0.00000317 0.10 -0.191  -183.533704   24.0   2.924   2.943 |    0.000  -0.000   0.000  -0.000 |  -12.230  -7.594   1.098
 123B   0.00000219 0.11 -0.191  -183.533704   24.0   2.924   2.943 |    0.000  -0.000   0.000  -0.000 |  -12.230  -7.594   0.945
 124B   0.00000205 0.13 -0.191  -183.533704   24.0   2.924   2.943 |    0.000  -0.000   0.000  -0.000 |  -12.230  -7.594   1.608
 125B   0.00000073 0.14 -0.191  -183.533704   24.0   2.924   2.943 |    0.000  -0.000   0.000  -0.000 |  -12.230  -7.594   1.553
 126B   0.00000080 0.10 -0.191  -183.533704   24.0   2.924   2.943 |    0.000  -0.000   0.000  -0.000 |  -12.230  -7.594   1.531
 127B   0.00000040 0.11 -0.191  -183.533704   24.0   2.924   2.943 |    0.000  -0.000   0.000  -0.000 |  -12.230  -7.594   1.483
 128B   0.00000086 0.10 -0.191  -183.533704   24.0   2.924   2.943 |    0.000  -0.000   0.000  -0.000 |  -12.230  -7.594   1.054
 129B   0.00000041 0.11 -0.191  -183.533704   24.0   2.924   2.943 |    0.000   0.000   0.000  -0.000 |  -12.230  -7.594   0.954
 130B   0.00000010 0.13 -0.191  -183.533704   24.0   2.924   2.943 |    0.000   0.000   0.000  -0.000 |  -12.230  -7.594   1.501
 131B   0.00000008 0.14 -0.191  -183.533704   24.0   2.924   2.943 |    0.000  -0.000   0.000  -0.000 |  -12.230  -7.594   1.270
 132B   0.00000005 0.16 -0.191  -183.533704   24.0   2.924   2.943 |    0.000  -0.000   0.000  -0.000 |  -12.230  -7.594   1.005
 133B   0.00000005 0.10 -0.191  -183.533704   24.0   2.924   2.943 |    0.000  -0.000   0.000  -0.000 |  -12.230  -7.594   1.430
 134B   0.00000003 0.11 -0.191  -183.533704   24.0   2.924   2.943 |    0.000  -0.000   0.000  -0.000 |  -12.230  -7.594   1.442
 135B   0.00000002 0.13 -0.191  -183.533704   24.0   2.924   2.943 |    0.000   0.000   0.000  -0.000 |  -12.230  -7.594   1.361
 136B   0.00000001 0.14 -0.191  -183.533704   24.0   2.924   2.943 |    0.000   0.000   0.000  -0.000 |  -12.230  -7.594   0.985
 137B   0.00000003 0.10 -0.191  -183.533704   24.0   2.924   2.943 |    0.000   0.000   0.000  -0.000 |  -12.230  -7.594   1.455
 138B   0.00000001 0.11 -0.191  -183.533704   24.0   2.924   2.943 |    0.000   0.000   0.000  -0.000 |  -12.230  -7.594   1.082
 139B   0.00000000 0.13 -0.191  -183.533704   24.0   2.924   2.943 |    0.000  -0.000   0.000  -0.000 |  -12.230  -7.594   0.933
 140B   0.00000000 0.14 -0.191  -183.533704   24.0   2.924   2.943 |    0.000  -0.000   0.000  -0.000 |  -12.230  -7.594   1.228
  ----------------------------------------------------------------------------------------------------------------------------------
  *   iteration converged   after 140 steps   si=     0.0000000007 ho=  0 tho=  0
  ----------------------------------------------------------------------------------------------------------------------------------
  Total CPU time=   4.001 minutes

  Writing to wel_file: s012_012.hel
 __________________________________  
  The tape s012_012.hel recorded:     
  nucname,npr,ngh,ngl,n00,nb,nt      
  b0,beta0,si,etot,rms,bet,xmix      
  pairing:     CpV0,CpV1,pwi         
  delta:       del,ept               
  lambda:      ala,ala2,alast,tz     
  asymptotic:  varmas,ass,skass      
  ntx,nb,nhhdim,id,N_rz,n_r,n_z      
  Omega2,Sigma2,Parity,Lambda        
  matrices(inbro):    hh,de          
  *all blocking candidates           
 __________________________________  



 #quasiparticle energies neutrons
 --------------------------------
  eqp(k) -> q.p. energy 
  e(k)   -> referent s.p. energy 
  p(k)   -> occ.probability 
  del(k) -> referent s.p. gap 
  fermi energy alast=  -12.229799161052208     
  #k  block#    eqp(k)     e(k)       (1-2N)E      decay        p(k)        del(k)    overl      labels
   1    1     0.019324  -12.210475    0.019324    1.537181    0.00000000   0.0000   0.7687  1+[ 2, 0, 0]
   2    1     3.240264   -8.989535    3.240264    1.727502    0.00000000   0.0000   0.6564  1+[ 2, 2, 0]
   3    1     7.539312   -4.690487    7.539312    1.952837    0.00000000   0.0000   0.6729  1+[ 2, 2, 0]
   4    1    22.853161  -35.082960  -22.853161    2.601480    1.00000000   0.0000   0.9835  1+[ 0, 0, 0]
   5    1    24.315071   12.085271   24.315071    2.655129    0.00000000   0.0000   0.7100  1+[ 4, 0, 0]
   6    1    25.331522   13.101723   25.331522    2.691800    0.00000000   0.0000   0.5828  1+[ 4, 2, 0]
   7    1    27.208743   14.978944   27.208743    2.758245    0.00000000   0.0000   0.5865  1+[ 4, 3, 1]
   8    1    27.927033   15.697234   27.927033    2.783250    0.00000000   0.0000   0.4179  1+[ 4, 1, 1]
   9    1    31.740904   19.511104   31.740904    2.912421    0.00000000   0.0000   0.4800  1+[ 4, 2, 0]
  10    1    46.275042   34.045243   46.275042    3.359451    0.00000000   0.0000   0.4500  1+[ 6, 1, 1]
  11    1    48.415656   36.185856   48.415656    3.420358    0.00000000   0.0000   0.4376  1+[ 6, 0, 0]
  12    1    50.255360   38.025561   50.255360    3.471849    0.00000000   0.0000   0.3606  1+[ 6, 6, 0]
  13    1    52.325869   40.096070   52.325869    3.528902    0.00000000   0.0000   0.5486  1+[ 6, 3, 1]
  14    1    52.391550   40.161751   52.391550    3.530697    0.00000000   0.0000   0.3864  1+[ 6, 4, 0]
  15    1    53.189174   40.959375   53.189174    3.552420    0.00000000   0.0000   0.4952  1+[ 6, 5, 1]
  16    1    55.282062   43.052263   55.282062    3.608797    0.00000000   0.0000   0.4732  1+[ 6, 3, 1]
  17    2     7.037092  -19.266891   -7.037092    1.927872    1.00000000   0.0000   0.7940  1-[ 1, 1, 0]
  18    2    11.219540  -23.449339  -11.219540    2.126854    1.00000000   0.0000   0.7907  1-[ 1, 0, 1]
  19    2    12.629783    0.399984   12.629783    2.189875    0.00000000   0.0000   0.6357  1-[ 3, 0, 1]
  20    2    15.640824    3.411025   15.640824    2.318706    0.00000000   0.0000   0.5829  1-[ 3, 0, 1]
  21    2    18.095533    5.865734   18.095533    2.418662    0.00000000   0.0000   0.6647  1-[ 3, 3, 0]
  22    2    20.841067    8.611267   20.841067    2.525778    0.00000000   0.0000   0.6074  1-[ 3, 2, 1]
  23    2    36.837031   24.607232   36.837031    3.076567    0.00000000   0.0000   0.6313  1-[ 5, 0, 1]
  24    2    38.000223   25.770423   38.000223    3.112821    0.00000000   0.0000   0.5133  1-[ 5, 2, 1]
  25    2    39.537144   27.307345   39.537144    3.160084    0.00000000   0.0000   0.5486  1-[ 5, 5, 0]
  26    2    40.669574   28.439775   40.669574    3.194462    0.00000000   0.0000   0.5746  1-[ 5, 3, 0]
  27    2    42.540150   30.310351   42.540150    3.250451    0.00000000   0.0000   0.4509  1-[ 5, 4, 1]
  28    2    45.145916   32.916117   45.145916    3.326875    0.00000000   0.0000   0.5026  1-[ 5, 2, 1]
  29    2    65.589877   53.360078   65.589877    3.874513    0.00000000   0.0000   0.4627  1-[ 7, 5, 0]
  30    2    69.928479   57.698680   69.928479    3.981054    0.00000000   0.0000   0.4494  1-[ 7, 3, 0]
  31    2    71.463744   59.233944   71.463744    4.018078    0.00000000   0.0000   0.4412  1-[ 7, 3, 0]
  32    3     0.019324  -12.249123   -0.019324    1.537181    1.00000000   0.0000   0.7600  3+[ 2, 1, 1]
  33    3     5.799595   -6.430204    5.799595    1.864932    0.00000000   0.0000   0.7352  3+[ 2, 0, 2]
  34    3    24.606693   12.376894   24.606693    2.665702    0.00000000   0.0000   0.6459  3+[ 4, 1, 1]
  35    3    26.748881   14.519082   26.748881    2.742117    0.00000000   0.0000   0.6029  3+[ 4, 2, 2]
  36    3    27.326950   15.097151   27.326950    2.762376    0.00000000   0.0000   0.5119  3+[ 4, 3, 1]
  37    3    31.492015   19.262216   31.492015    2.904167    0.00000000   0.0000   0.6146  3+[ 4, 2, 2]
  38    3    46.202213   33.972414   46.202213    3.357359    0.00000000   0.0000   0.5228  3+[ 6, 1, 1]
  39    3    48.426467   36.196667   48.426467    3.420663    0.00000000   0.0000   0.3956  3+[ 6, 5, 1]
  40    3    50.939518   38.709719   50.939518    3.490804    0.00000000   0.0000   0.3989  3+[ 6, 0, 2]
  41    3    52.198080   39.968281   52.198080    3.525408    0.00000000   0.0000   0.5608  3+[ 6, 3, 1]
  42    3    52.997478   40.767679   52.997478    3.547211    0.00000000   0.0000   0.5288  3+[ 6, 4, 2]
  43    3    55.162255   42.932456   55.162255    3.605594    0.00000000   0.0000   0.5210  3+[ 6, 2, 2]
  44    4    11.923251  -24.153050  -11.923251    2.158532    1.00000000   0.0000   0.9689  3-[ 1, 0, 1]
  45    4    12.240205    0.010406   12.240205    2.172648    0.00000000   0.0000   0.7286  3-[ 3, 0, 1]
  46    4    15.233604    3.003805   15.233604    2.301705    0.00000000   0.0000   0.6542  3-[ 3, 2, 1]
  47    4    19.942363    7.712564   19.942363    2.491223    0.00000000   0.0000   0.6884  3-[ 3, 1, 2]
  48    4    36.569293   24.339494   36.569293    3.068162    0.00000000   0.0000   0.7522  3-[ 5, 0, 1]
  49    4    37.643309   25.413510   37.643309    3.101742    0.00000000   0.0000   0.5567  3-[ 5, 2, 1]
  50    4    40.416744   28.186945   40.416744    3.186819    0.00000000   0.0000   0.5503  3-[ 5, 4, 1]
  51    4    42.300324   30.070525   42.300324    3.243326    0.00000000   0.0000   0.4836  3-[ 5, 1, 2]
  52    4    44.966482   32.736683   44.966482    3.321669    0.00000000   0.0000   0.5517  3-[ 5, 3, 2]
  53    4    65.482898   53.253099   65.482898    3.871849    0.00000000   0.0000   0.4507  3-[ 7, 6, 1]
  54    4    69.760949   57.531150   69.760949    3.976993    0.00000000   0.0000   0.4694  3-[ 7, 4, 1]
  55    4    71.202340   58.972540   71.202340    4.011799    0.00000000   0.0000   0.4745  3-[ 7, 0, 1]
  56    5     1.055472  -13.285271   -1.055472    1.600876    1.00000000   0.0000   0.9651  5+[ 2, 0, 2]
  57    5    24.203632   11.973833   24.203632    2.651078    0.00000000   0.0000   0.7949  5+[ 4, 0, 2]
  58    5    25.959135   13.729336   25.959135    2.714196    0.00000000   0.0000   0.7547  5+[ 4, 2, 2]
  59    5    30.891761   18.661962   30.891761    2.884162    0.00000000   0.0000   0.6956  5+[ 4, 1, 3]
  60    5    46.036739   33.806940   46.036739    3.352602    0.00000000   0.0000   0.5314  5+[ 6, 0, 2]
  61    5    47.570379   35.340580   47.570379    3.396438    0.00000000   0.0000   0.4350  5+[ 6, 0, 2]
  62    5    51.928593   39.698794   51.928593    3.518027    0.00000000   0.0000   0.5160  5+[ 6, 2, 2]
  63    5    52.714519   40.484720   52.714519    3.539509    0.00000000   0.0000   0.4801  5+[ 6, 3, 3]
  64    5    54.939008   42.709208   54.939008    3.599617    0.00000000   0.0000   0.4968  5+[ 6, 3, 3]
  65    6    11.961749   -0.268050   11.961749    2.160251    0.00000000   0.0000   0.8248  5-[ 3, 1, 2]
  66    6    18.365635    6.135836   18.365635    2.429410    0.00000000   0.0000   0.7734  5-[ 3, 0, 3]
  67    6    36.916196   24.686396   36.916196    3.079048    0.00000000   0.0000   0.6983  5-[ 5, 1, 2]
  68    6    39.873488   27.643689   39.873488    3.170334    0.00000000   0.0000   0.7130  5-[ 5, 3, 2]
  69    6    41.789454   29.559655   41.789454    3.228098    0.00000000   0.0000   0.6398  5-[ 5, 0, 3]
  70    6    44.582344   32.352545   44.582344    3.310496    0.00000000   0.0000   0.6810  5-[ 5, 2, 3]
  71    6    65.289222   53.059422   65.289222    3.867021    0.00000000   0.0000   0.5711  5-[ 7, 5, 2]
  72    6    69.426837   57.197038   69.426837    3.968882    0.00000000   0.0000   0.5099  5-[ 7, 3, 2]
  73    6    70.750699   58.520900   70.750699    4.000925    0.00000000   0.0000   0.5428  5-[ 7, 3, 2]
  74    7    24.246378   12.016578   24.246378    2.652632    0.00000000   0.0000   0.8475  7+[ 4, 1, 3]
  75    7    29.817868   17.588069   29.817868    2.848022    0.00000000   0.0000   0.7629  7+[ 4, 0, 4]
  76    7    45.946332   33.716533   45.946332    3.350000    0.00000000   0.0000   0.6321  7+[ 6, 1, 3]
  77    7    51.498418   39.268619   51.498418    3.506213    0.00000000   0.0000   0.6552  7+[ 6, 3, 3]
  78    7    52.378501   40.148701   52.378501    3.530340    0.00000000   0.0000   0.5589  7+[ 6, 0, 4]
  79    7    54.621438   42.391639   54.621438    3.591097    0.00000000   0.0000   0.6532  7+[ 6, 2, 4]
  80    8    10.631047   -1.598752   10.631047    2.099997    0.00000000   0.0000   0.9691  7-[ 3, 0, 3]
  81    8    36.551858   24.322058   36.551858    3.067614    0.00000000   0.0000   0.8528  7-[ 5, 0, 3]
  82    8    38.957832   26.728032   38.957832    3.142353    0.00000000   0.0000   0.8114  7-[ 5, 2, 3]
  83    8    43.922822   31.693023   43.922822    3.291224    0.00000000   0.0000   0.7591  7-[ 5, 1, 4]
  84    8    65.048013   52.818213   65.048013    3.861000    0.00000000   0.0000   0.5880  7-[ 7, 4, 3]
  85    8    68.918913   56.689114   68.918913    3.956519    0.00000000   0.0000   0.5864  7-[ 7, 4, 3]
  86    8    70.196486   57.966686   70.196486    3.987542    0.00000000   0.0000   0.7216  7-[ 7, 0, 3]
  87    9    22.883363   10.653564   22.883363    2.602600    0.00000000   0.0000   0.9621  9+[ 4, 0, 4]
  88    9    45.642214   33.412415   45.642214    3.341233    0.00000000   0.0000   0.7932  9+[ 6, 0, 4]
  89    9    50.863288   38.633489   50.863288    3.488698    0.00000000   0.0000   0.7720  9+[ 6, 2, 4]
  90    9    54.185258   41.955459   54.185258    3.579363    0.00000000   0.0000   0.7582  9+[ 6, 1, 5]
  91   10    37.602637   25.372838   37.602637    3.100477    0.00000000   0.0000   0.8751  9-[ 5, 1, 4]
  92   10    42.916323   30.686524   42.916323    3.261594    0.00000000   0.0000   0.8188  9-[ 5, 0, 5]
  93   10    64.818518   52.588719   64.818518    3.855263    0.00000000   0.0000   0.7519  9-[ 7, 1, 4]
  94   10    68.219932   55.990133   68.219932    3.939442    0.00000000   0.0000   0.7292  9-[ 7, 3, 4]
  95   11    49.967844   37.738045   49.967844    3.463852    0.00000000   0.0000   0.8670 11+[ 6, 1, 5]
  96   11    53.565356   41.335557   53.565356    3.562619    0.00000000   0.0000   0.8112 11+[ 6, 0, 6]
  97   12    36.142888   23.913089   36.142888    3.054728    0.00000000   0.0000   0.9702 11-[ 5, 0, 5]
  98   12    64.667731   52.437932   64.667731    3.851489    0.00000000   0.0000   0.9250 11-[ 7, 0, 5]
  99   12    67.323716   55.093917   67.323716    3.917438    0.00000000   0.0000   0.8590 11-[ 7, 2, 5]
 100   13    48.814576   36.584776   48.814576    3.431589    0.00000000   0.0000   0.9506 13+[ 6, 0, 6]
 101   14    66.229715   53.999916   66.229715    3.890409    0.00000000   0.0000   0.9396 13-[ 7, 1, 6]
 102   16    64.957009   52.727209   64.957009    3.858726    0.00000000   0.0000   1.0000 15-[ 7, 0, 7]
#all active are  102 q.p. states out of  165
#since the cut off is pwi=  60.0
#check: number of neutrons=  12.0


 #canonical s.p. energies neutrons
 ---------------------------------


  labels -> {2*omega}{parity}[nn=nz+2*nr+nl,nz,nl]
  cqpe   -> canonical q.p. energies
  ce     -> canonical s.p. energies
  fermi energy=  -12.229799161052208     
  average cdelt=   4.3739149870418475E-022
  k0      ceqp        ce         v*v       u*v        cdel     overl      labels
   1   -5.098004   -5.098004   0.00000000   0.00000000   0.0000   0.9426  1+[ 2, 2, 0]
   2    4.499748    4.499748   0.00000000   0.00000000   0.0000   0.6480  1+[ 2, 1, 1]
   3   26.587157   26.587157   0.00000000   0.00000000   0.0000   0.8640  1+[ 4, 1, 1]
   4   43.377592   43.377592   0.00000000   0.00000000   0.0000   0.4844  1+[ 8, 8, 0]
   5   48.708516   48.708516   0.00000000   0.00000000   0.0000   0.4084  1+[ 4, 3, 1]
   6   41.219935   41.219935   0.00000000   0.00000000   0.0000   0.5938  1+[ 4, 3, 1]
   7   49.846136   49.846136   0.00000000   0.00000000   0.0000   0.4930  1+[ 8, 6, 0]
   9   50.180382   50.180382   0.00000000   0.00000000   0.0000   0.6432  1+[ 6, 3, 1]
  10   58.284420   58.284420   0.00000000   0.00000000   0.0000   0.5633  1+[ 6, 5, 1]
  11   55.030507   55.030507   0.00000000   0.00000000   0.0000   0.6275  1+[ 6, 4, 0]
  12   42.903794   42.903794   0.00000000   0.00000000   0.0000   0.8601  1+[ 6, 6, 0]
  13   54.078505   54.078505   0.00000000   0.00000000   0.0000   0.5527  1+[ 6, 5, 1]
  14   55.942874   55.942874   0.00000000   0.00000000   0.0000   0.6288  1+[ 6, 4, 0]
  15   38.868336   38.868336   0.00000000   0.00000000   0.0000   0.3938  1+[ 8, 4, 0]
  16   56.393092   56.393092   0.00000000   0.00000000   0.0000   0.4686  1+[ 8, 7, 1]
  17   46.500616   46.500616   0.00000000   0.00000000   0.0000   0.5459  1+[ 8, 8, 0]
  18   56.244285   56.244285   0.00000000   0.00000000   0.0000   0.8430  1+[ 6, 1, 1]
  19   58.854973   58.854973   0.00000000   0.00000000   0.0000   0.6046  1+[ 8, 5, 1]
  20   59.024154   59.024154   0.00000000   0.00000000   0.0000   0.5722  1+[ 8, 2, 0]
  21   36.565568   36.565568   0.00000000   0.00000000   0.0000   0.4534  1+[ 4, 2, 0]
  22   59.039206   59.039206   0.00000000   0.00000000   0.0000   0.5730  1+[ 8, 0, 0]
  23    5.590844    5.590844   0.00000000   0.00000000   0.0000   0.7661  1+[ 4, 0, 0]
  24  -12.210475  -12.210475   0.40456457   0.49080758   0.0000   0.7687  1+[ 2, 0, 0]
  25   10.623362  -35.082960   1.00000000   0.00000002   0.0000   0.9835  1+[ 0, 0, 0]
  26   28.441648   28.441648   0.00000000   0.00000000   0.0000   0.8819  1-[ 5, 0, 1]
  27   13.244480   13.244480   0.00000000   0.00000000   0.0000   0.7582  1-[ 3, 3, 0]
  28   35.334276   35.334276   0.00000000   0.00000000   0.0000   0.5791  1-[ 5, 2, 1]
  29   42.145362   42.145362   0.00000000   0.00000000   0.0000   0.4827  1-[ 5, 1, 0]
  30   36.186535   36.186535   0.00000000   0.00000000   0.0000   0.6088  1-[ 7, 5, 0]
  31   50.204719   50.204719   0.00000000   0.00000000   0.0000   0.7400  1-[ 7, 0, 1]
  32   55.780945   55.780945   0.00000000   0.00000000   0.0000   0.8475  1-[ 7, 1, 0]
  33   56.843572   56.843572   0.00000000   0.00000000   0.0000   0.8297  1-[ 7, 6, 1]
  34   54.761072   54.761072   0.00000000   0.00000000   0.0000   0.7078  1-[ 7, 4, 1]
  35   59.234370   59.234370   0.00000000   0.00000000   0.0000   0.8715  1-[ 7, 2, 1]
  36   50.452953   50.452953   0.00000000   0.00000000   0.0000   0.5932  1-[ 7, 3, 0]
  37   52.303202   52.303202   0.00000000   0.00000000   0.0000   0.7383  1-[ 7, 7, 0]
  38   38.037355   38.037355   0.00000000   0.00000000   0.0000   0.8248  1-[ 5, 4, 1]
  39   49.373246   49.373246   0.00000000   0.00000000   0.0000   0.6206  1-[ 5, 1, 0]
  40   32.756600   32.756600   0.00000000   0.00000000   0.0000   0.5844  1-[ 5, 3, 0]
  41    9.849482    9.849482   0.00000000   0.00000000   0.0000   0.6800  1-[ 3, 1, 0]
  42    5.847155    5.847155   0.00000000   0.00000001  -0.0000   0.7058  1-[ 3, 0, 1]
  43    6.939683    6.939683   0.00000000   0.00000001  -0.0000   0.7263  1-[ 3, 2, 1]
  44   -4.910513  -19.549085   1.00000000   0.00000002   0.0000   0.7518  1-[ 1, 0, 1]
  45   -1.292454  -23.167144   1.00000000   0.00000000   0.0000   0.7553  1-[ 1, 1, 0]
  46   29.516115   29.516115   0.00000000   0.00000000   0.0000   0.6467  3+[ 4, 0, 2]
  47   20.625967   20.625967   0.00000000   0.00000000   0.0000   0.7172  3+[ 4, 1, 1]
  48   37.371848   37.371848   0.00000000   0.00000000   0.0000   0.5788  3+[ 4, 3, 1]
  49   50.451675   50.451675   0.00000000   0.00000000   0.0000   0.7218  3+[ 8, 3, 1]
  50   51.114866   51.114866   0.00000000   0.00000000   0.0000   0.6681  3+[ 8, 7, 1]
  52   59.363515   59.363515   0.00000000   0.00000000   0.0000   0.4172  3+[ 8, 0, 2]
  53   56.455288   56.455288   0.00000000   0.00000000   0.0000   0.5678  3+[ 6, 2, 2]
  54   55.580380   55.580380   0.00000000   0.00000000   0.0000   0.7074  3+[ 6, 5, 1]
  56   45.297559   45.297559   0.00000000   0.00000000   0.0000   0.7819  3+[ 6, 4, 2]
  57   57.443484   57.443484   0.00000000   0.00000000   0.0000   0.4787  3+[ 6, 3, 1]
  59   48.879988   48.879988   0.00000000   0.00000000  -0.0000   0.5129  3+[ 8, 2, 2]
  60   53.807490   53.807490   0.00000000   0.00000000   0.0000   0.5556  3+[ 8, 4, 2]
  61   35.501936   35.501936   0.00000000   0.00000000   0.0000   0.6017  3+[ 6, 0, 2]
  62   40.648820   40.648820   0.00000000   0.00000000   0.0000   0.6073  3+[ 4, 2, 2]
  63   40.868444   40.868444   0.00000000   0.00000000   0.0000   0.5183  3+[ 4, 0, 2]
  64    0.462405    0.462405   0.00000000   0.00000001   0.0000   0.7498  3+[ 2, 0, 2]
  65  -12.210475  -12.249123   0.59543543   0.49080758   0.0000   0.7600  3+[ 2, 1, 1]
  66    5.572523    5.572523   0.00000000   0.00000000  -0.0000   0.6855  3-[ 3, 1, 2]
  67    6.553898    6.553898   0.00000000   0.00000000  -0.0000   0.6057  3-[ 5, 0, 1]
  68   28.535607   28.535607   0.00000000   0.00000000   0.0000   0.9259  3-[ 5, 2, 1]
  69   49.332894   49.332894   0.00000000   0.00000000   0.0000   0.6737  3-[ 5, 3, 2]
  70   51.360833   51.360833   0.00000000   0.00000000  -0.0000   0.6031  3-[ 7, 4, 1]
  71   56.577171   56.577171   0.00000000   0.00000000   0.0000   0.5943  3-[ 7, 2, 1]
  72   33.157861   33.157861   0.00000000   0.00000000   0.0000   0.7648  3-[ 5, 1, 2]
  73   57.743734   57.743734   0.00000000   0.00000000   0.0000   0.9993  3-[ 7, 3, 2]
  74   40.829599   40.829599   0.00000000   0.00000000   0.0000   0.7272  3-[ 5, 4, 1]
  75   52.509715   52.509715   0.00000000   0.00000000   0.0000   0.7023  3-[ 7, 5, 2]
  76   52.956580   52.956580   0.00000000   0.00000000   0.0000   0.6141  3-[ 7, 1, 2]
  77   49.854194   49.854194   0.00000000   0.00000000   0.0000   0.7916  3-[ 7, 0, 1]
  78   55.927656   55.927656   0.00000000   0.00000000  -0.0000   0.6615  3-[ 7, 4, 1]
  79   21.769822   21.769822   0.00000000   0.00000000  -0.0000   0.6596  3-[ 5, 0, 1]
  80   14.047627   14.047627   0.00000000   0.00000000   0.0000   0.8222  3-[ 3, 2, 1]
  81   -0.306548  -24.153050   1.00000000   0.00000003   0.0000   0.9689  3-[ 1, 0, 1]
  82   19.667903   19.667903   0.00000000   0.00000000   0.0000   0.9362  5+[ 4, 1, 3]
  83   26.543167   26.543167   0.00000000   0.00000000  -0.0000   0.8912  5+[ 4, 2, 2]
  86   48.041464   48.041464   0.00000000   0.00000000   0.0000   0.7135  5+[ 8, 2, 2]
  87   58.976056   58.976056   0.00000000   0.00000000   0.0000   0.5162  5+[ 8, 6, 2]
  88   42.500694   42.500694   0.00000000   0.00000000   0.0000   0.6958  5+[ 6, 4, 2]
  92   47.556213   47.556213   0.00000000   0.00000000   0.0000   0.7344  5+[ 6, 1, 3]
  93   59.286932   59.286932   0.00000000   0.00000000   0.0000   0.5326  5+[ 8, 6, 2]
  94   58.807172   58.807172   0.00000000   0.00000000  -0.0000   0.6291  5+[ 6, 2, 2]
  95   34.562561   34.562561   0.00000000   0.00000000   0.0000   0.8229  5+[ 6, 0, 2]
  96   18.280828   18.280828   0.00000000   0.00000001   0.0000   0.8922  5+[ 4, 0, 2]
  97  -11.174327  -13.285271   1.00000000   0.00002607   0.0000   0.9651  5+[ 2, 0, 2]
  98   58.418285   58.418285   0.00000000   0.00000000   0.0000   0.7456  5-[ 7, 0, 3]
  99   58.907581   58.907581   0.00000000   0.00000000   0.0000   0.8039  5-[ 7, 2, 3]
 100   27.635781   27.635781   0.00000000   0.00000000   0.0000   0.6505  5-[ 5, 1, 2]
 101   35.995035   35.995035   0.00000000   0.00000000  -0.0000   0.6256  5-[ 5, 2, 3]
 102   41.836255   41.836255   0.00000000   0.00000000   0.0000   0.4858  5-[ 7, 4, 3]
 103   39.520143   39.520143   0.00000000   0.00000000  -0.0000   0.5879  5-[ 7, 4, 3]
 104   29.095998   29.095998   0.00000000   0.00000000   0.0000   0.5689  5-[ 3, 0, 3]
 105   26.855581   26.855581   0.00000000   0.00000000  -0.0000   0.7302  5-[ 3, 1, 2]
 106   38.707048   38.707048   0.00000000   0.00000000   0.0000   0.6503  5-[ 7, 5, 2]
 107   48.315983   48.315983   0.00000000   0.00000000   0.0000   0.7589  5-[ 7, 1, 2]
 108   18.036090   18.036090   0.00000000   0.00000000   0.0000   0.5638  5-[ 5, 1, 2]
 109   58.103066   58.103066   0.00000000   0.00000000   0.0000   0.8670  5-[ 7, 3, 2]
 110   45.955903   45.955903   0.00000000   0.00000000   0.0000   0.6308  7+[ 6, 3, 3]
 114   47.552319   47.552319   0.00000000   0.00000000   0.0000   0.5674  7+[ 8, 0, 4]
 115   51.733255   51.733255   0.00000000   0.00000000   0.0000   0.6259  7+[ 4, 0, 4]
 116   42.404482   42.404482   0.00000000   0.00000000   0.0000   0.6443  7+[ 6, 1, 3]
 117   38.132783   38.132783   0.00000000   0.00000000   0.0000   0.6418  7+[ 4, 0, 4]
 119   30.595312   30.595312   0.00000000   0.00000000   0.0000   0.6577  7+[ 4, 1, 3]
 120   55.024228   55.024228   0.00000000   0.00000000  -0.0000   0.6427  7+[ 8, 5, 3]
 121   42.698654   42.698654   0.00000000   0.00000000   0.0000   0.6999  7+[ 6, 2, 4]
 122   56.720681   56.720681   0.00000000   0.00000000   0.0000   0.7201  7-[ 7, 1, 4]
 123   46.460858   46.460858   0.00000000   0.00000000   0.0000   0.4748  7-[ 7, 4, 3]
 124   39.131923   39.131923   0.00000000   0.00000000  -0.0000   0.5917  7-[ 5, 2, 3]
 125   38.075783   38.075783   0.00000000   0.00000000   0.0000   0.5907  7-[ 5, 2, 3]
 126   58.968309   58.968309   0.00000000   0.00000000   0.0000   0.7881  7-[ 7, 2, 3]
 127   48.299521   48.299521   0.00000000   0.00000000   0.0000   0.6258  7-[ 5, 1, 4]
 128   35.153770   35.153770   0.00000000   0.00000000   0.0000   0.5494  7-[ 3, 0, 3]
 129   24.063140   24.063140   0.00000000   0.00000000   0.0000   0.5752  7-[ 3, 0, 3]
 130   30.091477   30.091477   0.00000000   0.00000000   0.0000   0.5854  7-[ 3, 0, 3]
 132   49.680779   49.680779   0.00000000   0.00000000   0.0000   0.5880  9+[ 6, 1, 5]
 135   36.732512   36.732512   0.00000000   0.00000000   0.0000   0.6526  9+[ 4, 0, 4]
 136   40.215642   40.215642   0.00000000   0.00000000   0.0000   0.7195  9+[ 6, 0, 4]
 138   39.934103   39.934103   0.00000000   0.00000000   0.0000   0.6675  9+[ 6, 2, 4]
 139   47.175385   47.175385   0.00000000   0.00000000   0.0000   0.6425  9+[ 8, 4, 4]
 140   30.077945   30.077945   0.00000000   0.00000000  -0.0000   0.9587  9-[ 5, 1, 4]
 142   53.042211   53.042211   0.00000000   0.00000000   0.0000   0.7655  9-[ 7, 1, 4]
 144   52.649309   52.649309   0.00000000   0.00000000   0.0000   0.7900  9-[ 7, 3, 4]
 145   34.333062   34.333062   0.00000000   0.00000000   0.0000   0.9135  9-[ 5, 0, 5]
 146   54.522062   54.522062   0.00000000   0.00000000   0.0000   0.7306 11+[ 6, 1, 5]
 149   58.622157   58.622157   0.00000000   0.00000000   0.0000   0.6693 11+[ 6, 1, 5]
 150   46.123370   46.123370   0.00000000   0.00000000   0.0000   0.9549 11+[ 6, 0, 6]
 152   57.120968   57.120968   0.00000000   0.00000000   0.0000   0.9532 11-[ 7, 1, 6]
 153   53.305805   53.305805   0.00000000   0.00000000   0.0000   0.9534 11-[ 7, 0, 5]
 154   28.603721   28.603721   0.00000000   0.00000000   0.0000   0.9100 11-[ 5, 0, 5]
 155   54.482889   54.482889   0.00000000   0.00000000   0.0000   0.9750 11-[ 7, 2, 5]
 157   45.607648   45.607648   0.00000000   0.00000000   0.0000   0.8745 13+[ 6, 0, 6]
 160   54.859223   54.859223   0.00000000   0.00000000   0.0000   1.0000 13-[ 7, 1, 6]
 162   52.727209   52.727209   0.00000000   0.00000000   0.0000   1.0000 15-[ 7, 0, 7]
  Sum canonical e_v*V^2_k=  -254.94199830676706     


 #quasiparticle energies protons 
 --------------------------------
  eqp(k) -> q.p. energy 
  e(k)   -> referent s.p. energy 
  p(k)   -> occ.probability 
  del(k) -> referent s.p. gap 
  fermi energy alast=  -7.5936969831864296     
  #k  block#    eqp(k)     e(k)       (1-2N)E      decay        p(k)        del(k)    overl      labels
   1    1     0.019534   -7.574163    0.019534    1.211872    0.00000000   0.0000   0.7661  1+[ 2, 0, 0]
   2    1     3.189066   -4.404631    3.189066    1.442240    0.00000000   0.0000   0.6526  1+[ 2, 2, 0]
   3    1     7.391107   -0.202590    7.391107    1.700192    0.00000000   0.0000   0.6678  1+[ 2, 2, 0]
   4    1    22.677542  -30.271239  -22.677542    2.416504    1.00000000   0.0000   0.9824  1+[ 0, 0, 0]
   5    1    23.552413   15.958716   23.552413    2.451175    0.00000000   0.0000   0.6810  1+[ 4, 0, 0]
   6    1    24.534495   16.940798   24.534495    2.489520    0.00000000   0.0000   0.5101  1+[ 4, 2, 0]
   7    1    26.432144   18.838447   26.432144    2.561987    0.00000000   0.0000   0.5611  1+[ 4, 3, 1]
   8    1    26.962725   19.369028   26.962725    2.581885    0.00000000   0.0000   0.3916  1+[ 4, 1, 1]
   9    1    30.863373   23.269676   30.863373    2.723708    0.00000000   0.0000   0.4735  1+[ 4, 2, 0]
  10    1    45.405008   37.811311   45.405008    3.197460    0.00000000   0.0000   0.4334  1+[ 6, 1, 1]
  11    1    47.898929   40.305232   47.898929    3.271825    0.00000000   0.0000   0.4320  1+[ 6, 0, 0]
  12    1    49.753017   42.159320   49.753017    3.326034    0.00000000   0.0000   0.3552  1+[ 4, 4, 0]
  13    1    51.290264   43.696567   51.290264    3.370318    0.00000000   0.0000   0.5146  1+[ 6, 3, 1]
  14    1    51.851142   44.257445   51.851142    3.386332    0.00000000   0.0000   0.3612  1+[ 4, 4, 0]
  15    1    52.424815   44.831118   52.424815    3.402632    0.00000000   0.0000   0.5001  1+[ 6, 5, 1]
  16    1    54.224178   46.630481   54.224178    3.453261    0.00000000   0.0000   0.4545  1+[ 6, 3, 1]
  17    2     6.974943  -14.568640   -6.974943    1.676417    1.00000000   0.0000   0.7947  1-[ 1, 1, 0]
  18    2    11.123315  -18.717012  -11.123315    1.900162    1.00000000   0.0000   0.7917  1-[ 1, 0, 1]
  19    2    12.469511    4.875814   12.469511    1.967309    0.00000000   0.0000   0.6397  1-[ 3, 0, 1]
  20    2    15.291015    7.697318   15.291015    2.101092    0.00000000   0.0000   0.5661  1-[ 3, 2, 1]
  21    2    17.550141    9.956444   17.550141    2.202359    0.00000000   0.0000   0.6735  1-[ 3, 3, 0]
  22    2    20.363903   12.770206   20.363903    2.322322    0.00000000   0.0000   0.6055  1-[ 3, 2, 1]
  23    2    36.126979   28.533282   36.126979    2.904129    0.00000000   0.0000   0.5984  1-[ 5, 0, 1]
  24    2    37.287328   29.693631   37.287328    2.942414    0.00000000   0.0000   0.4830  1-[ 5, 2, 1]
  25    2    38.941623   31.347926   38.941623    2.996152    0.00000000   0.0000   0.5348  1-[ 5, 5, 0]
  26    2    39.952106   32.358409   39.952106    3.028507    0.00000000   0.0000   0.5775  1-[ 5, 3, 0]
  27    2    41.797579   34.203882   41.797579    3.086722    0.00000000   0.0000   0.4558  1-[ 5, 4, 1]
  28    2    44.289598   36.695901   44.289598    3.163634    0.00000000   0.0000   0.5061  1-[ 5, 2, 1]
  29    2    65.131406   57.537709   65.131406    3.745541    0.00000000   0.0000   0.4749  1-[ 7, 5, 0]
  30    3     0.019534   -7.613231   -0.019534    1.211872    1.00000000   0.0000   0.7564  3+[ 2, 1, 1]
  31    3     5.684445   -1.909252    5.684445    1.600446    0.00000000   0.0000   0.7293  3+[ 2, 0, 2]
  32    3    23.959007   16.365310   23.959007    2.467123    0.00000000   0.0000   0.6174  3+[ 4, 1, 1]
  33    3    26.057216   18.463519   26.057216    2.547832    0.00000000   0.0000   0.6071  3+[ 4, 2, 2]
  34    3    26.423015   18.829318   26.423015    2.561643    0.00000000   0.0000   0.5179  3+[ 4, 3, 1]
  35    3    30.643267   23.049570   30.643267    2.715902    0.00000000   0.0000   0.6006  3+[ 4, 2, 2]
  36    3    45.321863   37.728166   45.321863    3.194950    0.00000000   0.0000   0.5018  3+[ 6, 1, 1]
  37    3    47.856522   40.262825   47.856522    3.270575    0.00000000   0.0000   0.3764  3+[ 6, 5, 1]
  38    3    50.439838   42.846141   50.439838    3.345892    0.00000000   0.0000   0.3859  3+[ 6, 0, 2]
  39    3    51.169207   43.575510   51.169207    3.366852    0.00000000   0.0000   0.5641  3+[ 6, 3, 1]
  40    3    52.226028   44.632331   52.226028    3.396993    0.00000000   0.0000   0.5405  3+[ 6, 4, 2]
  41    3    54.090100   46.496403   54.090100    3.449514    0.00000000   0.0000   0.5248  3+[ 6, 2, 2]
  42    4    11.832940  -19.426637  -11.832940    1.935848    1.00000000   0.0000   0.9671  3-[ 1, 0, 1]
  43    4    12.087633    4.493936   12.087633    1.948497    0.00000000   0.0000   0.7311  3-[ 3, 0, 1]
  44    4    14.909556    7.315859   14.909556    2.083508    0.00000000   0.0000   0.6587  3-[ 3, 2, 1]
  45    4    19.544522   11.950825   19.544522    2.288037    0.00000000   0.0000   0.6824  3-[ 3, 1, 2]
  46    4    35.890289   28.296592   35.890289    2.896257    0.00000000   0.0000   0.7272  3-[ 5, 0, 1]
  47    4    36.898497   29.304800   36.898497    2.929641    0.00000000   0.0000   0.5299  3-[ 5, 2, 1]
  48    4    39.711554   32.117857   39.711554    3.020836    0.00000000   0.0000   0.5340  3-[ 5, 3, 2]
  49    4    41.563178   33.969481   41.563178    3.079389    0.00000000   0.0000   0.4600  3-[ 5, 1, 2]
  50    4    44.120517   36.526820   44.120517    3.158475    0.00000000   0.0000   0.5363  3-[ 5, 3, 2]
  51    4    65.023459   57.429762   65.023459    3.742761    0.00000000   0.0000   0.4606  3-[ 7, 6, 1]
  52    5     1.058500   -8.652197   -1.058500    1.291920    1.00000000   0.0000   0.9620  5+[ 2, 0, 2]
  53    5    23.590372   15.996675   23.590372    2.452668    0.00000000   0.0000   0.7931  5+[ 4, 0, 2]
  54    5    25.336799   17.743102   25.336799    2.520412    0.00000000   0.0000   0.7613  5+[ 4, 2, 2]
  55    5    30.111169   22.517472   30.111169    2.696939    0.00000000   0.0000   0.6846  5+[ 4, 1, 3]
  56    5    45.152828   37.559131   45.152828    3.189843    0.00000000   0.0000   0.4887  5+[ 6, 0, 2]
  57    5    46.993123   39.399426   46.993123    3.245012    0.00000000   0.0000   0.4527  5+[ 6, 0, 2]
  58    5    50.918269   43.324572   50.918269    3.359656    0.00000000   0.0000   0.5211  5+[ 6, 2, 2]
  59    5    51.959404   44.365707   51.959404    3.389414    0.00000000   0.0000   0.4963  5+[ 6, 3, 3]
  60    5    53.851903   46.258206   53.851903    3.442848    0.00000000   0.0000   0.4725  5+[ 6, 1, 3]
  61    6    11.833097    4.239400   11.833097    1.935856    0.00000000   0.0000   0.8209  5-[ 3, 1, 2]
  62    6    18.037492   10.443795   18.037492    2.223601    0.00000000   0.0000   0.7657  5-[ 3, 0, 3]
  63    6    36.144270   28.550573   36.144270    2.904703    0.00000000   0.0000   0.6772  5-[ 5, 1, 2]
  64    6    39.200730   31.607033   39.200730    3.004481    0.00000000   0.0000   0.6979  5-[ 5, 3, 2]
  65    6    41.084826   33.491129   41.084826    3.064369    0.00000000   0.0000   0.6238  5-[ 5, 0, 3]
  66    6    43.763769   36.170073   43.763769    3.147561    0.00000000   0.0000   0.6724  5-[ 5, 2, 3]
  67    6    64.827010   57.233313   64.827010    3.737695    0.00000000   0.0000   0.5842  5-[ 7, 5, 2]
  68    7    23.858554   16.264857   23.858554    2.463192    0.00000000   0.0000   0.8403  7+[ 4, 1, 3]
  69    7    29.132398   21.538701   29.132398    2.661704    0.00000000   0.0000   0.7507  7+[ 4, 0, 4]
  70    7    45.018229   37.424533   45.018229    3.185771    0.00000000   0.0000   0.6149  7+[ 6, 1, 3]
  71    7    50.520112   42.926415   50.520112    3.348205    0.00000000   0.0000   0.6447  7+[ 6, 3, 3]
  72    7    51.633195   44.039498   51.633195    3.380118    0.00000000   0.0000   0.5333  7+[ 6, 0, 4]
  73    7    53.536307   45.942610   53.536307    3.433995    0.00000000   0.0000   0.6378  7+[ 6, 2, 4]
  74    8    10.516322    2.922625   10.516322    1.869097    0.00000000   0.0000   0.9652  7-[ 3, 0, 3]
  75    8    35.811439   28.217742   35.811439    2.893630    0.00000000   0.0000   0.8375  7-[ 5, 0, 3]
  76    8    38.344103   30.750406   38.344103    2.976854    0.00000000   0.0000   0.8032  7-[ 5, 2, 3]
  77    8    43.157571   35.563874   43.157571    3.128930    0.00000000   0.0000   0.7552  7-[ 5, 1, 4]
  78    8    64.581759   56.988062   64.581759    3.731360    0.00000000   0.0000   0.6028  7-[ 7, 4, 3]
  79    9    22.545040   14.951343   22.545040    2.411210    0.00000000   0.0000   0.9547  9+[ 4, 0, 4]
  80    9    44.712739   37.119042   44.712739    3.176508    0.00000000   0.0000   0.7775  9+[ 6, 0, 4]
  81    9    49.932357   42.338660   49.932357    3.331231    0.00000000   0.0000   0.7653  9+[ 6, 2, 4]
  82    9    53.130176   45.536479   53.130176    3.422569    0.00000000   0.0000   0.7546  9+[ 6, 1, 5]
  83   10    37.079049   29.485352   37.079049    2.935579    0.00000000   0.0000   0.8711  9-[ 5, 1, 4]
  84   10    42.224200   34.630503   42.224200    3.100024    0.00000000   0.0000   0.8142  9-[ 5, 0, 5]
  85   10    64.349577   56.755880   64.349577    3.725354    0.00000000   0.0000   0.7370  9-[ 7, 1, 4]
  86   10    67.494388   59.900691   67.494388    3.805905    0.00000000   0.0000   0.7198  9-[ 7, 3, 4]
  87   11    49.100322   41.506625   49.100322    3.307052    0.00000000   0.0000   0.8614 11+[ 6, 1, 5]
  88   11    52.575672   44.981975   52.575672    3.406906    0.00000000   0.0000   0.8068 11+[ 6, 0, 6]
  89   12    35.670723   28.077026   35.670723    2.888936    0.00000000   0.0000   0.9654 11-[ 5, 0, 5]
  90   12    64.204943   56.611246   64.204943    3.721607    0.00000000   0.0000   0.9163 11-[ 7, 0, 5]
  91   12    66.626089   59.032392   66.626089    3.783836    0.00000000   0.0000   0.8557 11-[ 7, 2, 5]
  92   13    48.016817   40.423120   48.016817    3.275298    0.00000000   0.0000   0.9434 13+[ 6, 0, 6]
  93   14    65.572183   57.978486   65.572183    3.756875    0.00000000   0.0000   0.9403 13-[ 7, 1, 6]
  94   16    64.344248   56.750551   64.344248    3.725216    0.00000000   0.0000   1.0000 15-[ 7, 0, 7]
#all active are   94 q.p. states out of  165
#since the cut off is pwi=  60.0
#check: number of protons =  12.0


 #canonical s.p. energies protons 
 ---------------------------------


  labels -> {2*omega}{parity}[nn=nz+2*nr+nl,nz,nl]
  cqpe   -> canonical q.p. energies
  ce     -> canonical s.p. energies
  fermi energy=  -7.5936969831864296     
  average cdelt=  -1.0522597458859768E-020
  k0      ceqp        ce         v*v       u*v        cdel     overl      labels
   1    9.027302    9.027302   0.00000000   0.00000000  -0.0000   0.7234  1+[ 2, 1, 1]
   2   38.228244   38.228244   0.00000000   0.00000000   0.0000   0.7926  1+[ 4, 1, 1]
   3   40.294065   40.294065   0.00000000   0.00000000  -0.0000   0.6378  1+[ 4, 3, 1]
   4   44.918274   44.918274   0.00000000   0.00000000  -0.0000   0.5449  1+[ 4, 4, 0]
   5   47.574081   47.574081   0.00000000   0.00000000   0.0000   0.4508  1+[ 4, 2, 0]
   7   52.218021   52.218021   0.00000000   0.00000000  -0.0000   0.6897  1+[ 6, 2, 0]
   8   59.269696   59.269696   0.00000000   0.00000000  -0.0000   0.5138  1+[ 8, 2, 0]
   9   55.643123   55.643123   0.00000000   0.00000000  -0.0000   0.5263  1+[ 6, 1, 1]
  10   52.848576   52.848576   0.00000000   0.00000000  -0.0000   0.8276  1+[ 6, 4, 0]
  11   45.306306   45.306306   0.00000000   0.00000000  -0.0000   0.8696  1+[ 6, 6, 0]
  12   53.497767   53.497767   0.00000000   0.00000000  -0.0000   0.5977  1+[ 8, 1, 1]
  19   52.756358   52.756358   0.00000000   0.00000000  -0.0000   0.5170  1+[ 8, 0, 0]
  20   38.061135   38.061135   0.00000000   0.00000000  -0.0000   0.6542  1+[ 6, 0, 0]
  21   31.760284   31.760284   0.00000000   0.00000000  -0.0000   0.5388  1+[ 4, 1, 1]
  22   20.834247   20.834247   0.00000000   0.00000000  -0.0000   0.7597  1+[ 4, 0, 0]
  23   -2.259312   -2.259312   0.00000000   0.00000001  -0.0000   0.9046  1+[ 2, 2, 0]
  24   -7.574163   -7.574163   0.40355534   0.49061026  -0.0000   0.7661  1+[ 2, 0, 0]
  25   15.083845  -30.271239   1.00000000   0.00000000  -0.0000   0.9824  1+[ 0, 0, 0]
  26   11.675039   11.675039   0.00000000   0.00000000  -0.0000   0.9598  1-[ 3, 2, 1]
  27   20.865646   20.865646   0.00000000   0.00000000  -0.0000   0.7386  1-[ 3, 3, 0]
  28   37.753579   37.753579   0.00000000   0.00000000  -0.0000   0.4764  1-[ 5, 3, 0]
  29   33.463246   33.463246   0.00000000   0.00000000  -0.0000   0.5596  1-[ 5, 1, 0]
  31   51.604859   51.604859   0.00000000   0.00000000  -0.0000   0.6515  1-[ 7, 5, 0]
  32   59.582167   59.582167   0.00000000   0.00000000  -0.0000   0.6377  1-[ 7, 7, 0]
  33   58.338537   58.338537   0.00000000   0.00000000  -0.0000   0.6107  1-[ 7, 2, 1]
  34   59.782802   59.782802   0.00000000   0.00000000  -0.0000   0.8880  1-[ 7, 6, 1]
  37   56.706209   56.706209   0.00000000   0.00000000  -0.0000   0.5340  1-[ 7, 1, 0]
  38   47.781786   47.781786   0.00000000   0.00000000  -0.0000   0.5277  1-[ 5, 4, 1]
  39   40.232643   40.232643   0.00000000   0.00000000  -0.0000   0.6272  1-[ 5, 5, 0]
  40   32.702180   32.702180   0.00000000   0.00000000  -0.0000   0.5280  1-[ 5, 0, 1]
  41   31.341963   31.341963   0.00000000   0.00000000  -0.0000   0.5925  1-[ 5, 2, 1]
  42   18.337667   18.337667   0.00000000   0.00000000  -0.0000   0.7032  1-[ 3, 1, 0]
  43    8.764646    8.764646   0.00000000   0.00000001   0.0000   0.9121  1-[ 3, 0, 1]
  44    3.523603  -18.710997   1.00000000   0.00000003  -0.0000   0.7697  1-[ 1, 0, 1]
  45   -0.612738  -14.574656   1.00000000   0.00000000  -0.0000   0.7727  1-[ 1, 1, 0]
  46   27.155491   27.155491   0.00000000   0.00000000  -0.0000   0.6529  3+[ 4, 1, 1]
  47   28.731054   28.731054   0.00000000   0.00000000  -0.0000   0.6896  3+[ 4, 1, 1]
  48   53.441193   53.441193   0.00000000   0.00000000   0.0000   0.6482  3+[ 8, 5, 1]
  50   48.846733   48.846733   0.00000000   0.00000000   0.0000   0.5673  3+[ 4, 2, 2]
  52   56.805628   56.805628   0.00000000   0.00000000   0.0000   0.4755  3+[ 8, 0, 2]
  53   50.418564   50.418564   0.00000000   0.00000000  -0.0000   0.6522  3+[ 6, 5, 1]
  54   56.266665   56.266665   0.00000000   0.00000000  -0.0000   0.5530  3+[ 8, 2, 2]
  55   57.009292   57.009292   0.00000000   0.00000000  -0.0000   0.6241  3+[ 6, 4, 2]
  59   59.633573   59.633573   0.00000000   0.00000000  -0.0000   0.5480  3+[ 6, 3, 1]
  60   55.978647   55.978647   0.00000000   0.00000000  -0.0000   0.6611  3+[ 8, 7, 1]
  61   50.583506   50.583506   0.00000000   0.00000000  -0.0000   0.5537  3+[ 6, 1, 1]
  62   51.316603   51.316603   0.00000000   0.00000000   0.0000   0.5137  3+[ 4, 3, 1]
  63   30.661529   30.661529   0.00000000   0.00000000  -0.0000   0.4854  3+[ 4, 3, 1]
  64    2.558233    2.558233   0.00000000   0.00000001   0.0000   0.7889  3+[ 2, 0, 2]
  65   -7.574163   -7.613231   0.59644466   0.49061026   0.0000   0.7564  3+[ 2, 1, 1]
  66   10.493477   10.493477   0.00000000   0.00000000   0.0000   0.7885  3-[ 3, 1, 2]
  67   23.057110   23.057110   0.00000000   0.00000000  -0.0000   0.6846  3-[ 5, 0, 1]
  68   31.429446   31.429446   0.00000000   0.00000000  -0.0000   0.8520  3-[ 5, 2, 1]
  69   50.974273   50.974273   0.00000000   0.00000000   0.0000   0.7484  3-[ 7, 6, 1]
  71   44.675341   44.675341   0.00000000   0.00000000  -0.0000   0.8013  3-[ 5, 1, 2]
  72   55.145487   55.145487   0.00000000   0.00000000   0.0000   0.7623  3-[ 7, 5, 2]
  74   54.617583   54.617583   0.00000000   0.00000000  -0.0000   0.6993  3-[ 7, 1, 2]
  75   42.094361   42.094361   0.00000000   0.00000000   0.0000   0.6279  3-[ 5, 3, 2]
  76   53.614176   53.614176   0.00000000   0.00000000  -0.0000   0.7540  3-[ 7, 2, 1]
  77   57.435921   57.435921   0.00000000   0.00000000   0.0000   0.5881  3-[ 7, 0, 1]
  78   57.758242   57.758242   0.00000000   0.00000000  -0.0000   0.6572  3-[ 7, 4, 1]
  79   22.616030   22.616030   0.00000000   0.00000000  -0.0000   0.7195  3-[ 3, 2, 1]
  80   12.094674   12.094674   0.00000000   0.00000000   0.0000   0.7795  3-[ 3, 0, 1]
  81    4.239243  -19.426637   1.00000000   0.00000000   0.0000   0.9671  3-[ 1, 0, 1]
  82   23.191227   23.191227   0.00000000   0.00000000   0.0000   0.8471  5+[ 4, 0, 2]
  83   33.426294   33.426294   0.00000000   0.00000000   0.0000   0.7450  5+[ 6, 0, 2]
  84   52.729654   52.729654   0.00000000   0.00000000  -0.0000   0.7951  5+[ 8, 0, 2]
  88   53.380342   53.380342   0.00000000   0.00000000   0.0000   0.8203  5+[ 8, 1, 3]
  91   59.949470   59.949470   0.00000000   0.00000000   0.0000   0.6503  5+[ 6, 4, 2]
  94   47.319576   47.319576   0.00000000   0.00000000  -0.0000   0.6999  5+[ 6, 2, 2]
  95   53.797153   53.797153   0.00000000   0.00000000   0.0000   0.6184  5+[ 6, 0, 2]
  96   23.298729   23.298729   0.00000000   0.00000000   0.0000   0.8899  5+[ 4, 1, 3]
  97   -6.535197   -8.652197   1.00000000   0.00002529   0.0000   0.9620  5+[ 2, 0, 2]
  98   39.480498   39.480498   0.00000000   0.00000000  -0.0000   0.7272  5-[ 5, 3, 2]
  99   50.936574   50.936574   0.00000000   0.00000000   0.0000   0.5564  5-[ 5, 2, 3]
 100   56.812822   56.812822   0.00000000   0.00000000   0.0000   0.5755  5-[ 7, 2, 3]
 101   53.340579   53.340579   0.00000000   0.00000000  -0.0000   0.6153  5-[ 7, 4, 3]
 102   34.217228   34.217228   0.00000000   0.00000000   0.0000   0.6972  5-[ 7, 0, 3]
 103   45.797036   45.797036   0.00000000   0.00000000   0.0000   0.5488  5-[ 7, 0, 3]
 104   57.287640   57.287640   0.00000000   0.00000000  -0.0000   0.6383  5-[ 7, 3, 2]
 105   36.486867   36.486867   0.00000000   0.00000000   0.0000   0.5357  5-[ 5, 3, 2]
 106   45.558836   45.558836   0.00000000   0.00000000   0.0000   0.5211  5-[ 7, 1, 2]
 107   44.733013   44.733013   0.00000000   0.00000000  -0.0000   0.5398  5-[ 7, 1, 2]
 108   52.202054   52.202054   0.00000000   0.00000000   0.0000   0.5277  5-[ 7, 1, 2]
 109   14.254380   14.254380   0.00000000   0.00000000   0.0000   0.8539  5-[ 3, 1, 2]
 112   45.118342   45.118342   0.00000000   0.00000000   0.0000   0.7786  7+[ 6, 2, 4]
 114   46.196915   46.196915   0.00000000   0.00000000   0.0000   0.5151  7+[ 8, 1, 3]
 116   56.362058   56.362058   0.00000000   0.00000000   0.0000   0.5188  7+[ 8, 0, 4]
 118   53.765950   53.765950   0.00000000   0.00000000   0.0000   0.5596  7+[ 6, 3, 3]
 119   36.026214   36.026214   0.00000000   0.00000000   0.0000   0.6266  7+[ 4, 0, 4]
 120   46.138208   46.138208   0.00000000   0.00000000   0.0000   0.5982  7+[ 4, 1, 3]
 121   58.939065   58.939065   0.00000000   0.00000000   0.0000   0.4984  7+[ 8, 4, 4]
 122   31.123892   31.123892   0.00000000   0.00000000   0.0000   0.6398  7-[ 5, 0, 3]
 125   40.268889   40.268889   0.00000000   0.00000000   0.0000   0.5124  7-[ 7, 3, 4]
 126   52.964982   52.964982   0.00000000   0.00000000   0.0000   0.5748  7-[ 7, 3, 4]
 127   51.916454   51.916454   0.00000000   0.00000000   0.0000   0.6722  7-[ 7, 2, 3]
 129   42.007666   42.007666   0.00000000   0.00000000   0.0000   0.6622  7-[ 5, 1, 4]
 130   10.498537   10.498537   0.00000000   0.00000000   0.0000   0.8647  7-[ 3, 0, 3]
 131   41.961767   41.961767   0.00000000   0.00000000   0.0000   0.6947  9+[ 4, 0, 4]
 134   55.944767   55.944767   0.00000000   0.00000000   0.0000   0.6391  9+[ 8, 2, 4]
 136   54.702886   54.702886   0.00000000   0.00000000   0.0000   0.6299  9+[ 6, 1, 5]
 138   47.714804   47.714804   0.00000000   0.00000000   0.0000   0.5722  9+[ 6, 2, 4]
 139   50.350895   50.350895   0.00000000   0.00000000   0.0000   0.6654  9+[ 4, 0, 4]
 140   52.585121   52.585121   0.00000000   0.00000000   0.0000   0.5768  9-[ 5, 1, 4]
 142   41.458682   41.458682   0.00000000   0.00000000   0.0000   0.7490  9-[ 5, 1, 4]
 143   44.789701   44.789701   0.00000000   0.00000000   0.0000   0.5861  9-[ 5, 0, 5]
 145   50.091681   50.091681   0.00000000   0.00000000   0.0000   0.6524  9-[ 7, 1, 4]
 149   50.837888   50.837888   0.00000000   0.00000000   0.0000   0.7032 11+[ 8, 1, 5]
 150   51.559049   51.559049   0.00000000   0.00000000   0.0000   0.6383 11+[ 6, 0, 6]
 153   58.219761   58.219761   0.00000000   0.00000000   0.0000   0.7429 11-[ 7, 2, 5]
 154   34.469625   34.469625   0.00000000   0.00000000   0.0000   0.8225 11-[ 5, 0, 5]
 155   54.803700   54.803700   0.00000000   0.00000000   0.0000   0.6605 11-[ 7, 0, 5]
 158   54.768096   54.768096   0.00000000   0.00000000   0.0000   0.7383 13+[ 6, 0, 6]
 160   58.831848   58.831848   0.00000000   0.00000000   0.0000   1.0000 13-[ 7, 1, 6]
 162   56.750551   56.750551   0.00000000   0.00000000   0.0000   1.0000 15-[ 7, 0, 7]
  Sum canonical e_v*V^2_k=  -198.46638098229076     

  NB! From expect (UNPROJECTED RESULTS)

  pairing: CpV0,CpV1,...           0.100000       0.100000       1.000000       1.000000
  forces:   UNE1                          


                             neutrons         protons         total
  Requested part.numbs.      12.000000      12.000000      24.000000
  UnPj(av) part.numbs .      12.000000      12.000000      24.000000
  b0, bz, bp ..........       1.559284       1.564210       1.556827

  lambda (ala) ........     -12.229799      -7.593697
  Lambda (alast) ......     -12.229799      -7.593697
  delta(n,p), pwi .....       0.000000      -0.000000      60.000000
  pairing energy ......       0.000000       0.000000       0.000000

  rms-radius ..........       2.923953       2.942677       2.933330
  charge-radius, r0 ...                      3.049483       3.461399
  deformation beta2....      -0.190359      -0.191025      -0.190694
  dipole moment[fm] ...       0.000000       0.000000       0.000000
  quadrupole moment[b]       -0.246380      -0.250419      -0.496799
  octupole moment .....       0.000000       0.000000       0.000000
  hexadecapole moment .       0.001793       0.001828       0.003622
  q5 ..................       0.000000       0.000000       0.000000
  q6 ..................      -0.000040      -0.000041      -0.000081
  q7 ..................       0.000000       0.000000       0.000000
  q8 ..................       0.000001       0.000001       0.000002

  <r^0> [fm^0] ........            1.000000            1.000000            1.000000
  <r^2> [fm^2] ........            8.549500            8.659345            8.604422
  <r^4> [fm^4] ........          105.480012          108.583947          107.031980
  <r^6> [fm^6] ........         1683.548497         1767.596144         1725.572321
  <r^8> [fm^8] ........        32987.958354        35411.510408        34199.734381

  kinetic energy ......     208.602599     205.973742     414.576341
  volume energy .......                                  -659.409989
        rho_tau .......                                    -1.832558
        rho_rho .......                                  -657.577430
  surface energy ......                                    51.850505
   rho_DELTA_rho ......                                    51.850505
   (NABLA_rho)^2 ......                                     0.000000
  spin-orbit energy ...                                   -19.704137
        rho_NABLA_J ...                                   -19.704137
        NABLA_rho_J ...                                     0.000000
  coulomb energy ......                                    29.153577
          direct ......                                    33.594871
          exchange ....                                    -4.441294
  tensor energy .......                                     0.000000
  direct Hartree E  ...                                     0.000000
  Extra E .............                                     0.000000
  External field E ....                                     0.000000
  Entropy .............       2.699276       2.697708       5.396984

  tEnergy: ehfb (qp)...                                  -183.533704

  Calculated but not added corrections 
====================================
  cmc-diagonal part ...       0.000000       0.000000       0.000000
  cmc-hfb .............       0.000000       0.000000       0.000000
  cranking rot corr ...       0.000000       0.000000       0.000000

  SQUJ ................       0.000000       0.000000       0.000000
  CRAN x 4 ............       0.000000       0.000000       0.000000
  Rigit Body ..........       0.000000       0.000000       0.000000


   Blocking candidates are:
   neutron eqpmin=   1.9324079268853718E-002  pwiblo=   5.1031036307982882     
    num=   1 block=   3 state=   1    32 Eqp=   0.01932408  (1-2N)E=  -0.01932408  Ovlp=   0.76001138  3+[ 2, 1, 1]
    num=   2 block=   1 state=   1     1 Eqp=   0.01932408  (1-2N)E=   0.01932408  Ovlp=   0.76873179  1+[ 2, 0, 0]
    num=   3 block=   5 state=   1    56 Eqp=   1.05547195  (1-2N)E=  -1.05547195  Ovlp=   0.96505365  5+[ 2, 0, 2]
    num=   4 block=   1 state=   2     2 Eqp=   3.24026388  (1-2N)E=   3.24026388  Ovlp=   0.65641543  1+[ 2, 2, 0]

   Blocking candidates are:
   proton  eqpmin=   1.9533640844296193E-002  pwiblo=   5.1031036307982882     
    num=   1 block=   3 state=   1    30 Eqp=   0.01953364  (1-2N)E=  -0.01953364  Ovlp=   0.75637672  3+[ 2, 1, 1]
    num=   2 block=   1 state=   1     1 Eqp=   0.01953364  (1-2N)E=   0.01953364  Ovlp=   0.76605906  1+[ 2, 0, 0]
    num=   3 block=   5 state=   1    52 Eqp=   1.05849996  (1-2N)E=  -1.05849996  Ovlp=   0.96195542  5+[ 2, 0, 2]
    num=   4 block=   1 state=   2     2 Eqp=   3.18906581  (1-2N)E=   3.18906581  Ovlp=   0.65257238  1+[ 2, 2, 0]


