No Skyrme interaction defined in routine skforce()
Multi-threading framework with OpenMP: 1 threads/task

  =======================================
           FORTRAN 95 CODE (KIND= 8) 
               Version: 200d  
  =======================================
       AXIALLY DEFORMED CONFIGURATIONAL  
     HARTREE-FOCK-BOGOLIUBOV CALCULATIONS
                     WITH                
            UNEDF AND DELTA PAIRING      
                     USING               
             HARMONIC-OSCILLATOR         
                   AND/OR                
       TRANSFORMED HARMONIC-OSCILLATOR   
                    BASIS                
                     ---                 
               v1.66  (2005):,           
   Stoitsov,Dobaczewski,Nazarewicz,Ring, 
               v2.00d (2012):,           
         Stoitsov,Schunck,Kortelainen    
  =======================================
    Nucleus: MG (A=  24, N= 12, Z= 12)
       Reflection Symmetry Imposed       
            ( 9/13/2022, 20:43)                               
  =======================================


  ---------------------------------------
           UNEDF Module Version:17
         M.Kortelainen & M.Stoitsov 
  ---------------------------------------

  UNE1 functional
  ----------------------------------
  Crho(0)=   -779.373008720865300    ; Crho(1)=    287.722131583286796    
  CDrho(0)=   891.477890442349690    ; CDrho(1)=  -200.587774317884879    
  Ctau(0)=  -0.989915057807676746    ; Ctau(1)=   -33.6320970701835549    
  CrDr(0)=   -49.6084073429575341    ; CrDr(1)=   -181.802552185155889    
  CrdJ(0)=   -91.8019859684209791    ; CrdJ(1)=   -46.9352375129287367    
  CJ(0)=      0.00000000000000000    ; CJ(1)=      0.00000000000000000    
  CpV0(0)=   0.100000000000000006    ; CpV0(1)=   0.100000000000000006    
  CpV1(0)=    1.00000000000000000    ; CpV1(1)=    1.00000000000000000    
  sigma=     0.270018011502707600    ; hbzero=     20.7355300000000007    
  e^2 chrg=   1.43997840859651305    ; CExPar=     1.00000000000000000    
  c.m. correction: F, chr. density in direct Coul: F
  use tensor terms: F
  use TMR pairing:  0

  Coupling constants in natural units
  -----------------------------------
  Crho_nu(0)=  -0.877667471343921757    ; Crho_nu(1)=   0.324009624211695935    
  CDrho_nu(0)=  0.941450913381434273    ; CDrho_nu(1)= -0.211831998717341041    
  Ctau_nu(0)=  -0.140321584905665799E-01; Ctau_nu(1)=  -0.476738799694694126    
  CrDr_nu(0)=  -0.703204814201553119    ; CrDr_nu(1)=   -2.57707184685258106    
  CrdJ_nu(0)=   -1.30130358832052773    ; CrdJ_nu(1)=  -0.665312327940926318    
  CJ_nu(0)=      0.00000000000000000    ; CJ_nu(1)=      0.00000000000000000    
  CpV0_nu(0)=   0.112611992142809880E-03; CpV0_nu(1)=   0.112611992142809880E-03
  CpV1_nu(0)=   0.887702254206059068E-03; CpV1_nu(1)=   0.887702254206059068E-03
  fpi_nu=        93.0000000000000000    ; Lambda_nu=     700.000000000000000    

  Nuclear matter properties
  ----------------------------------
      E_NM=     -15.8000000000000149      K_NM=     220.0000000000000284
      P_NM=      -0.0000000000000032    RHO_NM=       0.1587067693325870
    ASS_NM=      28.9867890577721070   LASS_NM=      40.0047904804136323
  SMASS_NM=       0.9924233322833640  VMASS_NM=       1.2498385742322700

  Associated (t,x)-coupling constants
  -----------------------------------
  t0=      -2078.32802325564080    ; x0=       0.537569206858470316E-01
  t1=       263.258285752029906    ; x1=       -5.76918352969706660    
  t2=       1939.74616714279364    ; x2=       -1.35382975770583247    
  t3=       14263.6462470775950    ; x3=      -0.162491168089956339    
  b4=       44.8667484554922424    ; b4p=       93.8704750258574734    
  te=      -582.135933108140307    ; to=       -246.838356829987674    
  sigma=   0.270018011502707600    ; hbzero=    20.7355300000000007    

  ---------------------------------------
        Characteristics of the run       
  ---------------------------------------
  Output file ................:     7
  Nucleus ....................:   MG  24
  Number of HO shells ........:     8
  HO length b0 (fm) ..........:     1.55928400372611
  Basis deformation ..........:  beta0=   0.010 q=   1.010
  HO: b0,1/b0,bp,bz,q ........:   0.15592840E+01  0.64131999E+00  0.15568270E+01  0.15642096E+01  0.10095067E+01
  h**2/(2m), cmc, e**2 .......:   0.20735530E+02  0.20735530E+02  0.14399784E+01
  hom=f*41.0_pr*A^{-1/3}, f...:   0.17056687E+02  0.12000000E+01
  THO basis is ...............:  OFF
  Maximal number of iterations:   400
  Initial mixing parameter ...:  0.300
  Initial w.f. ...............:  from   spherical scratch
  Skyrme functional ..........:    UNE1                          
    with direct and exchange Coulomb
  Lipkin-Nogami procedure is .:  OFF
  PAV procedure is ...........:  OFF
  Constraint calculation is ..:   ON
    Constraint 1 .............: lambda=2 Ql=   0.397
  Temperature T ..............:   0.05 MeV
  Restart indicator ..........:   1
  Broyden mixing (#iterations):   7

  ---------------------------------------
        Harmonic Oscillator Basis        
  ---------------------------------------
  NUV, NQP:                        2501     165
  Comparison with bookkeeping spherical basis:
  n00:                                8       8  Maximal number of shells
  nbx, 2*n00+1:                      17      17  Maximal number of K-blocks
  ntx, (n00+1)*(n00+2)*(n00+3)/6    165     165  Max.num. p/n levels
  nzx, n00:                           8       8  Maximal nz-quantum number
  nrx, n00/2  :                       4       4  Maximal nr-quantum number
  nlx, n00:                           8       8  Maximal ml-quantum number
  ndx, (n00+2)*(n00+2)/4:            25      25  Maximal dim. of one k-block

  Actual basis used
  Number of blocks: nb .......:   17
  Number of levels: nt .......:  165
  Maximal 2*omega : nom ......:   17
  Maximal nz:       nzm ......:    8
  Maximal nr:       nrm ......:    4
  Maximal ml:       nlm ......:    8
  Maximal N=nz+2*nr+nl .......:    8
  2 x biggest block dim. .....:   50
  Non-zero elements of h .....:     1333
  Number of Broyden elements .:     5332

  ---------------------------------------
            Integration Meshes           
  ---------------------------------------
  Number of Gauss-Hermite mesh points ngh ....:  40
  Number of Gauss-Laguerre mesh points ngl ...:  40
  Number of Gauss-Legendre mesh points nleg ..:  80
  Integration boundaries
    Hermite  - from xh(1)  =  0.12379686 to xh(ngh)   = 11.88786356
    Laguerre - From xl(1)  =  0.03570039 to xl(ngl)   =142.28004447
    Legendre - From xleg(1)=  0.00978669 to xleg(nleg)=  0.99988775
  Max.dev.in:     Orthogonality            Normalization
  Hermite     1.5248282503475657E-015   1.0991207943789050E-014
  Laguerre    4.2896485016951012E-015   8.9928064994637680E-015

  Scratch initialization for the nucleus: MG  12  12


  Initial potentials of Saxon-Woods shape 
  v0ws   =  -71.27999878
  kappa  =    0.46160001
  vs0    =   11.11750031   11.11750031
  r0     =    1.23339999    1.23339999
  a      =    0.61500001    0.61500001
  r0-so  =    1.14429998    1.14429998
  a-so   =    0.64760000    0.64760000
  beta00 =    0.01000000

  ### REGULAR STAGE (reflection symmetry imposed)
  |HFB+HO> iterations(b0=  1.559, Nsh=  8, inin=  1, N= 12, Z= 12)...
  ----------------------------------------------------------------------------------------------------------------------------------
  i          si     mix   beta      Etot       A       rn      rp         En      Dn      Ep      Dp        Ln      Lp     time
  ----------------------------------------------------------------------------------------------------------------------------------
   1L  73.90480883 0.30  0.010     0.000000    0.0   0.000   0.000 |   -2.000   1.000  -2.000   1.000 |   -7.000  -7.000   0.000
   2B  42.19592002 0.10  0.009   -31.819492   24.0   2.625   2.625 |    0.000  -0.000   0.000  -0.000 |  -17.169 -17.169  40.494
   3B  11.10600599 0.11  0.193  -146.070513   24.0   3.052   3.094 |    0.000  -0.000   0.000  -0.000 |  -11.890  -8.450   1.233
   4B  10.67893992 0.13  0.264  -177.394366   24.0   2.992   2.965 |    0.000  -0.000   0.000  -0.000 |  -11.745  -7.135   1.192
   5B  21.85621711 0.10  0.288  -158.571088   24.0   2.928   3.013 |    0.000  -0.000   0.000  -0.000 |  -11.575  -8.218   1.224
   6B  12.48527302 0.11  0.288  -184.805802   24.0   2.950   2.992 |    0.000  -0.000   0.000  -0.000 |  -12.175  -7.605   1.347
   7B  12.08807724 0.13  0.275  -186.331277   24.0   2.963   2.963 |    0.000  -0.000   0.000  -0.000 |  -12.283  -7.568   1.272
   8B  10.93898891 0.14  0.263  -186.454101   24.0   2.945   2.969 |    0.000  -0.000   0.000  -0.000 |  -12.206  -7.691   1.463
   9B   8.79559028 0.16  0.244  -185.670054   24.0   2.938   2.960 |    0.000  -0.000   0.000  -0.000 |  -12.331  -7.651   1.471
  10B   4.34647118 0.18  0.187  -183.848713   24.0   2.926   2.941 |    0.000  -0.000   0.000  -0.000 |  -12.462  -7.818   1.187
  11B  15.61618144 0.10 -0.045  -179.126191   24.0   2.905   2.926 |    0.000  -0.000   0.000  -0.000 |  -12.584  -8.048   1.560
  12L  10.37995836 0.11 -0.036  -179.789539   24.0   2.905   2.924 |    0.000  -0.000   0.000  -0.000 |  -12.640  -8.087   1.675
  13B  14.73711408 0.10 -0.040  -167.610629   24.0   2.903   2.919 |    0.000  -0.000   0.000  -0.000 |  -12.723  -8.033   1.597
  14B   7.85511975 0.11 -0.012  -175.756542   24.0   2.910   2.919 |    0.000  -0.000   0.000  -0.000 |  -12.693  -8.038   1.049
  15B   6.01852041 0.13  0.054  -176.205190   24.0   2.908   2.924 |    0.000  -0.000   0.000  -0.000 |  -12.597  -8.185   1.098
  16B   8.67304792 0.10  0.086  -175.005024   24.0   2.903   2.933 |    0.000  -0.000   0.000  -0.000 |  -12.663  -8.013   1.085
  17B   2.20975787 0.11  0.185  -184.289798   24.0   2.918   2.932 |    0.000  -0.000   0.000  -0.000 |  -12.766  -7.979   1.058
  18B   1.66156041 0.13  0.151  -183.575704   24.0   2.911   2.927 |    0.000  -0.000   0.000  -0.000 |  -12.761  -8.056   1.603
  19B   1.90723716 0.10  0.150  -183.093670   24.0   2.907   2.927 |    0.000  -0.000   0.000  -0.000 |  -12.767  -8.132   1.830
  20B   1.62296736 0.11  0.132  -183.138746   24.0   2.907   2.923 |    0.000  -0.000   0.000  -0.000 |  -12.825  -8.094   1.176
  21B   2.10099146 0.10  0.133  -183.100561   24.0   2.905   2.922 |    0.000  -0.000   0.000  -0.000 |  -12.870  -8.160   1.118
  22B   0.94218241 0.11  0.144  -183.543043   24.0   2.903   2.923 |    0.000   0.000   0.000   0.000 |  -12.877  -8.217   1.768
  23B   0.82931312 0.13  0.144  -183.601578   24.0   2.902   2.923 |    0.000   0.000   0.000   0.000 |  -12.828  -8.174   1.244
  24B   0.49429104 0.14  0.142  -183.571326   24.0   2.904   2.921 |    0.000   0.000   0.000   0.000 |  -12.833  -8.129   0.961
  25B   1.12896899 0.10  0.144  -183.443237   24.0   2.905   2.922 |    0.000  -0.000   0.000  -0.000 |  -12.814  -8.129   1.537
  26B   0.36845161 0.11  0.145  -183.680407   24.0   2.904   2.922 |    0.000   0.000   0.000   0.000 |  -12.833  -8.140   1.486
  27B   0.33275912 0.13  0.146  -183.703906   24.0   2.904   2.922 |    0.000   0.000   0.000   0.000 |  -12.823  -8.141   1.428
  28B   0.26986663 0.14  0.148  -183.748936   24.0   2.903   2.923 |    0.000   0.000   0.000   0.000 |  -12.815  -8.143   1.560
  29B   0.27574475 0.10  0.147  -183.745754   24.0   2.904   2.922 |    0.000   0.000   0.000   0.000 |  -12.819  -8.138   1.581
  30B   0.11344311 0.11  0.153  -183.880521   24.0   2.904   2.923 |    0.000   0.000   0.000   0.000 |  -12.797  -8.129   1.715
  31B   0.21341878 0.10  0.155  -183.932972   24.0   2.905   2.924 |    0.000  -0.000   0.000  -0.000 |  -12.794  -8.120   1.313
  32B   0.15204997 0.11  0.154  -183.895010   24.0   2.905   2.923 |    0.000  -0.000   0.000  -0.000 |  -12.792  -8.119   1.565
  33B   0.21389166 0.10  0.152  -183.858270   24.0   2.905   2.923 |    0.000   0.000   0.000   0.000 |  -12.794  -8.112   1.660
  34B   0.09690639 0.11  0.154  -183.915029   24.0   2.905   2.923 |    0.000   0.000   0.000   0.000 |  -12.791  -8.114   1.676
  35B   0.10264370 0.10  0.155  -183.932818   24.0   2.905   2.924 |    0.000   0.000   0.000   0.000 |  -12.789  -8.109   1.421
  36B   0.15073301 0.10  0.156  -183.948912   24.0   2.905   2.924 |    0.000  -0.000   0.000  -0.000 |  -12.781  -8.111   1.524
  37B   0.06479249 0.11  0.156  -183.948928   24.0   2.905   2.924 |    0.000  -0.000   0.000  -0.000 |  -12.782  -8.108   1.316
  38B   0.04869251 0.13  0.155  -183.939707   24.0   2.905   2.924 |    0.000   0.000   0.000   0.000 |  -12.783  -8.111   1.885
  39B   0.02932636 0.14  0.155  -183.940542   24.0   2.905   2.924 |    0.000   0.000   0.000   0.000 |  -12.785  -8.109   1.858
  40B   0.02507529 0.16  0.155  -183.937788   24.0   2.905   2.924 |    0.000   0.000   0.000   0.000 |  -12.784  -8.109   1.880
  41B   0.03295055 0.10  0.155  -183.943029   24.0   2.905   2.924 |    0.000   0.000   0.000   0.000 |  -12.783  -8.108   1.809
  42B   0.02947515 0.11  0.155  -183.939959   24.0   2.905   2.924 |    0.000  -0.000   0.000  -0.000 |  -12.783  -8.107   1.686
  43B   0.03157569 0.10  0.155  -183.941740   24.0   2.905   2.924 |    0.000   0.000   0.000   0.000 |  -12.783  -8.108   1.627
  44B   0.02819863 0.11  0.155  -183.939638   24.0   2.905   2.924 |    0.000   0.000   0.000   0.000 |  -12.783  -8.108   1.768
  45B   0.01686099 0.13  0.155  -183.926898   24.0   2.905   2.924 |    0.000   0.000   0.000   0.000 |  -12.784  -8.110   1.556
  46B   0.01850571 0.10  0.155  -183.921902   24.0   2.905   2.924 |    0.000   0.000   0.000   0.000 |  -12.785  -8.110   1.571
  47B   0.02103690 0.10  0.155  -183.927646   24.0   2.905   2.924 |    0.000   0.000   0.000   0.000 |  -12.784  -8.110   1.669
  48B   0.02212569 0.10  0.155  -183.926916   24.0   2.905   2.924 |    0.000   0.000   0.000   0.000 |  -12.785  -8.109   1.730
  49B   0.02661806 0.10  0.155  -183.920148   24.0   2.905   2.924 |    0.000   0.000   0.000   0.000 |  -12.786  -8.110   1.494
  50B   0.00445432 0.11  0.154  -183.918114   24.0   2.905   2.924 |    0.000   0.000   0.000   0.000 |  -12.785  -8.110   1.738
  51B   0.00232351 0.13  0.155  -183.920060   24.0   2.905   2.924 |    0.000   0.000   0.000   0.000 |  -12.785  -8.110   1.561
  52B   0.00328906 0.10  0.154  -183.919329   24.0   2.905   2.924 |    0.000   0.000   0.000   0.000 |  -12.785  -8.110   1.626
  53B   0.00281696 0.11  0.154  -183.919238   24.0   2.905   2.924 |    0.000   0.000   0.000   0.000 |  -12.785  -8.110   1.610
  54B   0.00238680 0.13  0.154  -183.919492   24.0   2.905   2.924 |    0.000  -0.000   0.000  -0.000 |  -12.785  -8.110   1.350
  55B   0.00141368 0.14  0.155  -183.920178   24.0   2.905   2.924 |    0.000  -0.000   0.000  -0.000 |  -12.785  -8.110   1.771
  56B   0.00147416 0.10  0.155  -183.921254   24.0   2.905   2.924 |    0.000   0.000   0.000   0.000 |  -12.785  -8.110   1.711
  57B   0.00177546 0.10  0.155  -183.921375   24.0   2.905   2.924 |    0.000   0.000   0.000   0.000 |  -12.785  -8.110   1.677
  58B   0.00120699 0.11  0.155  -183.920908   24.0   2.905   2.924 |    0.000   0.000   0.000   0.000 |  -12.785  -8.110   1.154
  59B   0.00079371 0.13  0.155  -183.920582   24.0   2.905   2.924 |    0.000   0.000   0.000   0.000 |  -12.785  -8.110   1.795
  60B   0.00063942 0.14  0.155  -183.920931   24.0   2.905   2.924 |    0.000   0.000   0.000   0.000 |  -12.785  -8.110   1.494
  61B   0.00037464 0.16  0.155  -183.921187   24.0   2.905   2.924 |    0.000   0.000   0.000   0.000 |  -12.785  -8.110   1.047
  62B   0.00017205 0.18  0.155  -183.921216   24.0   2.905   2.924 |    0.000   0.000   0.000   0.000 |  -12.785  -8.110   0.946
  63B   0.00032204 0.10  0.155  -183.921155   24.0   2.905   2.924 |    0.000   0.000   0.000   0.000 |  -12.785  -8.110   1.702
  64B   0.00010624 0.11  0.155  -183.921175   24.0   2.905   2.924 |    0.000   0.000   0.000   0.000 |  -12.785  -8.110   1.647
  65B   0.00014277 0.10  0.155  -183.921138   24.0   2.905   2.924 |    0.000   0.000   0.000   0.000 |  -12.785  -8.110   1.343
  66B   0.00005997 0.11  0.155  -183.921133   24.0   2.905   2.924 |    0.000   0.000   0.000   0.000 |  -12.785  -8.110   1.626
  67B   0.00008938 0.10  0.155  -183.921124   24.0   2.905   2.924 |    0.000   0.000   0.000   0.000 |  -12.785  -8.110   1.161
  68B   0.00002596 0.11  0.155  -183.921115   24.0   2.905   2.924 |    0.000  -0.000   0.000  -0.000 |  -12.785  -8.110   1.611
  69B   0.00001374 0.13  0.155  -183.921107   24.0   2.905   2.924 |    0.000  -0.000   0.000  -0.000 |  -12.785  -8.110   1.643
  70B   0.00001378 0.10  0.155  -183.921103   24.0   2.905   2.924 |    0.000  -0.000   0.000  -0.000 |  -12.785  -8.110   1.463
  71B   0.00001261 0.11  0.155  -183.921103   24.0   2.905   2.924 |    0.000  -0.000   0.000  -0.000 |  -12.785  -8.110   1.522
  72B   0.00000921 0.13  0.155  -183.921097   24.0   2.905   2.924 |    0.000   0.000   0.000   0.000 |  -12.785  -8.110   1.101
  73B   0.00000834 0.14  0.155  -183.921099   24.0   2.905   2.924 |    0.000   0.000   0.000   0.000 |  -12.785  -8.110   1.681
  74B   0.00000709 0.16  0.155  -183.921099   24.0   2.905   2.924 |    0.000   0.000   0.000   0.000 |  -12.785  -8.110   1.501
  75B   0.00000890 0.10  0.155  -183.921100   24.0   2.905   2.924 |    0.000  -0.000   0.000  -0.000 |  -12.785  -8.110   1.459
  76B   0.00000735 0.11  0.155  -183.921099   24.0   2.905   2.924 |    0.000   0.000   0.000   0.000 |  -12.785  -8.110   1.467
  77B   0.00000624 0.13  0.155  -183.921099   24.0   2.905   2.924 |    0.000  -0.000   0.000  -0.000 |  -12.785  -8.110   1.441
  78B   0.00000598 0.14  0.155  -183.921100   24.0   2.905   2.924 |    0.000  -0.000   0.000  -0.000 |  -12.785  -8.110   1.744
  79B   0.00000534 0.16  0.155  -183.921100   24.0   2.905   2.924 |    0.000  -0.000   0.000  -0.000 |  -12.785  -8.110   1.249
  80B   0.00000522 0.18  0.155  -183.921100   24.0   2.905   2.924 |    0.000  -0.000   0.000  -0.000 |  -12.785  -8.110   1.365
  81B   0.00000452 0.21  0.155  -183.921101   24.0   2.905   2.924 |    0.000   0.000   0.000   0.000 |  -12.785  -8.110   1.044
  82B   0.00000422 0.24  0.155  -183.921101   24.0   2.905   2.924 |    0.000  -0.000   0.000  -0.000 |  -12.785  -8.110   1.084
  83B   0.00000426 0.10  0.155  -183.921101   24.0   2.905   2.924 |    0.000  -0.000   0.000  -0.000 |  -12.785  -8.110   1.709
  84B   0.00000317 0.11  0.155  -183.921101   24.0   2.905   2.924 |    0.000  -0.000   0.000  -0.000 |  -12.785  -8.110   1.294
  85B   0.00000349 0.10  0.155  -183.921101   24.0   2.905   2.924 |    0.000  -0.000   0.000  -0.000 |  -12.785  -8.110   1.624
  86B   0.00000392 0.10  0.155  -183.921102   24.0   2.905   2.924 |    0.000  -0.000   0.000  -0.000 |  -12.785  -8.110   1.410
  87B   0.00000348 0.11  0.155  -183.921102   24.0   2.905   2.924 |    0.000  -0.000   0.000  -0.000 |  -12.785  -8.110   1.846
  88B   0.00000843 0.10  0.155  -183.921102   24.0   2.905   2.924 |    0.000   0.000   0.000   0.000 |  -12.785  -8.110   1.652
  89B   0.00000318 0.11  0.155  -183.921104   24.0   2.905   2.924 |    0.000  -0.000   0.000  -0.000 |  -12.785  -8.110   1.562
  90B   0.00000327 0.10  0.155  -183.921106   24.0   2.905   2.924 |    0.000  -0.000   0.000  -0.000 |  -12.785  -8.110   1.525
  91B   0.00000362 0.10  0.155  -183.921106   24.0   2.905   2.924 |    0.000  -0.000   0.000  -0.000 |  -12.785  -8.110   1.393
  92B   0.00000380 0.10  0.155  -183.921106   24.0   2.905   2.924 |    0.000  -0.000   0.000  -0.000 |  -12.785  -8.110   1.709
  93B   0.00000340 0.11  0.155  -183.921105   24.0   2.905   2.924 |    0.000  -0.000   0.000  -0.000 |  -12.785  -8.110   1.553
  94B   0.00000967 0.10  0.155  -183.921106   24.0   2.905   2.924 |    0.000   0.000   0.000   0.000 |  -12.785  -8.110   1.524
  95B   0.00000370 0.11  0.155  -183.921106   24.0   2.905   2.924 |    0.000   0.000   0.000   0.000 |  -12.785  -8.110   1.771
  96B   0.00000394 0.10  0.155  -183.921106   24.0   2.905   2.924 |    0.000   0.000   0.000   0.000 |  -12.785  -8.110   1.696
  97B   0.00000557 0.10  0.155  -183.921106   24.0   2.905   2.924 |    0.000  -0.000   0.000  -0.000 |  -12.785  -8.110   1.101
  98B   0.00000419 0.11  0.155  -183.921106   24.0   2.905   2.924 |    0.000   0.000   0.000   0.000 |  -12.785  -8.110   1.328
  99B   0.00000329 0.13  0.155  -183.921106   24.0   2.905   2.924 |    0.000  -0.000   0.000  -0.000 |  -12.785  -8.110   1.623
 100B   0.00000290 0.14  0.155  -183.921105   24.0   2.905   2.924 |    0.000  -0.000   0.000  -0.000 |  -12.785  -8.110   1.503
 101B   0.00000201 0.16  0.155  -183.921104   24.0   2.905   2.924 |    0.000  -0.000   0.000  -0.000 |  -12.785  -8.110   1.756
 102B   0.00000080 0.18  0.155  -183.921103   24.0   2.905   2.924 |    0.000  -0.000   0.000  -0.000 |  -12.785  -8.110   1.523
 103B   0.00000069 0.21  0.155  -183.921103   24.0   2.905   2.924 |    0.000  -0.000   0.000  -0.000 |  -12.785  -8.110   1.294
 104B   0.00000026 0.24  0.155  -183.921103   24.0   2.905   2.924 |    0.000  -0.000   0.000  -0.000 |  -12.785  -8.110   1.043
 105B   0.00000028 0.10  0.155  -183.921103   24.0   2.905   2.924 |    0.000  -0.000   0.000  -0.000 |  -12.785  -8.110   1.275
 106B   0.00000078 0.10  0.155  -183.921103   24.0   2.905   2.924 |    0.000  -0.000   0.000  -0.000 |  -12.785  -8.110   1.541
 107B   0.00000048 0.11  0.155  -183.921103   24.0   2.905   2.924 |    0.000  -0.000   0.000  -0.000 |  -12.785  -8.110   1.651
 108B   0.00000032 0.13  0.155  -183.921103   24.0   2.905   2.924 |    0.000  -0.000   0.000  -0.000 |  -12.785  -8.110   0.935
 109B   0.00000041 0.10  0.155  -183.921103   24.0   2.905   2.924 |    0.000   0.000   0.000   0.000 |  -12.785  -8.110   1.473
 110B   0.00000038 0.11  0.155  -183.921103   24.0   2.905   2.924 |    0.000  -0.000   0.000  -0.000 |  -12.785  -8.110   1.241
 111B   0.00000032 0.13  0.155  -183.921103   24.0   2.905   2.924 |    0.000  -0.000   0.000  -0.000 |  -12.785  -8.110   1.446
 112B   0.00000033 0.10  0.155  -183.921103   24.0   2.905   2.924 |    0.000  -0.000   0.000  -0.000 |  -12.785  -8.110   1.465
 113B   0.00000033 0.10  0.155  -183.921103   24.0   2.905   2.924 |    0.000  -0.000   0.000  -0.000 |  -12.785  -8.110   1.405
 114B   0.00000029 0.11  0.155  -183.921103   24.0   2.905   2.924 |    0.000  -0.000   0.000  -0.000 |  -12.785  -8.110   1.117
 115B   0.00000015 0.13  0.155  -183.921103   24.0   2.905   2.924 |    0.000  -0.000   0.000  -0.000 |  -12.785  -8.110   1.119
 116B   0.00000029 0.10  0.155  -183.921103   24.0   2.905   2.924 |    0.000  -0.000   0.000  -0.000 |  -12.785  -8.110   1.653
 117B   0.00000026 0.11  0.155  -183.921103   24.0   2.905   2.924 |    0.000  -0.000   0.000  -0.000 |  -12.785  -8.110   1.623
 118B   0.00000013 0.13  0.155  -183.921103   24.0   2.905   2.924 |    0.000  -0.000   0.000  -0.000 |  -12.785  -8.110   1.419
 119B   0.00000010 0.14  0.155  -183.921103   24.0   2.905   2.924 |    0.000  -0.000   0.000  -0.000 |  -12.785  -8.110   1.696
 120B   0.00000037 0.10  0.155  -183.921103   24.0   2.905   2.924 |    0.000   0.000   0.000   0.000 |  -12.785  -8.110   1.555
 121B   0.00000012 0.11  0.155  -183.921103   24.0   2.905   2.924 |    0.000  -0.000   0.000  -0.000 |  -12.785  -8.110   1.559
 122B   0.00000005 0.13  0.155  -183.921103   24.0   2.905   2.924 |    0.000  -0.000   0.000  -0.000 |  -12.785  -8.110   1.135
 123B   0.00000006 0.10  0.155  -183.921103   24.0   2.905   2.924 |    0.000  -0.000   0.000  -0.000 |  -12.785  -8.110   1.124
 124B   0.00000005 0.11  0.155  -183.921103   24.0   2.905   2.924 |    0.000   0.000   0.000   0.000 |  -12.785  -8.110   1.085
 125B   0.00000005 0.13  0.155  -183.921103   24.0   2.905   2.924 |    0.000   0.000   0.000   0.000 |  -12.785  -8.110   1.477
 126B   0.00000004 0.14  0.155  -183.921103   24.0   2.905   2.924 |    0.000   0.000   0.000   0.000 |  -12.785  -8.110   1.504
 127B   0.00000003 0.16  0.155  -183.921103   24.0   2.905   2.924 |    0.000  -0.000   0.000  -0.000 |  -12.785  -8.110   1.529
 128B   0.00000002 0.18  0.155  -183.921103   24.0   2.905   2.924 |    0.000   0.000   0.000  -0.000 |  -12.785  -8.110   1.195
 129B   0.00000001 0.21  0.155  -183.921103   24.0   2.905   2.924 |    0.000  -0.000   0.000  -0.000 |  -12.785  -8.110   1.316
 130B   0.00000001 0.10  0.155  -183.921103   24.0   2.905   2.924 |    0.000  -0.000   0.000   0.000 |  -12.785  -8.110   1.480
 131B   0.00000001 0.10  0.155  -183.921103   24.0   2.905   2.924 |    0.000  -0.000   0.000   0.000 |  -12.785  -8.110   1.653
 132B   0.00000001 0.11  0.155  -183.921103   24.0   2.905   2.924 |    0.000  -0.000   0.000   0.000 |  -12.785  -8.110   1.584
 133B   0.00000001 0.10  0.155  -183.921103   24.0   2.905   2.924 |    0.000   0.000   0.000   0.000 |  -12.785  -8.110   1.692
 134B   0.00000000 0.11  0.155  -183.921103   24.0   2.905   2.924 |    0.000   0.000   0.000  -0.000 |  -12.785  -8.110   1.295
 135B   0.00000000 0.13  0.155  -183.921103   24.0   2.905   2.924 |    0.000   0.000   0.000  -0.000 |  -12.785  -8.110   1.658
 136B   0.00000000 0.14  0.155  -183.921103   24.0   2.905   2.924 |    0.000   0.000   0.000   0.000 |  -12.785  -8.110   1.583
 137B   0.00000000 0.10  0.155  -183.921103   24.0   2.905   2.924 |    0.000   0.000   0.000  -0.000 |  -12.785  -8.110   1.556
 138B   0.00000000 0.11  0.155  -183.921103   24.0   2.905   2.924 |    0.000   0.000   0.000  -0.000 |  -12.785  -8.110   1.095
 139B   0.00000000 0.13  0.155  -183.921103   24.0   2.905   2.924 |    0.000   0.000   0.000   0.000 |  -12.785  -8.110   1.319
  ----------------------------------------------------------------------------------------------------------------------------------
  *   iteration converged   after 139 steps   si=     0.0000000009 ho=  0 tho=  0
  ----------------------------------------------------------------------------------------------------------------------------------
  Total CPU time=   4.043 minutes

  Writing to wel_file: s012_012.hel
 __________________________________  
  The tape s012_012.hel recorded:     
  nucname,npr,ngh,ngl,n00,nb,nt      
  b0,beta0,si,etot,rms,bet,xmix      
  pairing:     CpV0,CpV1,pwi         
  delta:       del,ept               
  lambda:      ala,ala2,alast,tz     
  asymptotic:  varmas,ass,skass      
  ntx,nb,nhhdim,id,N_rz,n_r,n_z      
  Omega2,Sigma2,Parity,Lambda        
  matrices(inbro):    hh,de          
  *all blocking candidates           
 __________________________________  


  NB! From expect (UNPROJECTED RESULTS)

  pairing: CpV0,CpV1,...           0.100000       0.100000       1.000000       1.000000
  forces:   UNE1                          


                             neutrons         protons         total
  Requested part.numbs.      12.000000      12.000000      24.000000
  UnPj(av) part.numbs .      12.000000      12.000000      24.000000
  b0, bz, bp ..........       1.559284       1.564210       1.556827

  lambda (ala) ........     -12.785241      -8.110124
  Lambda (alast) ......     -12.785241      -8.110124
  delta(n,p), pwi .....       0.000000       0.000000      60.000000
  pairing energy ......       0.000000       0.000000       0.000000

  rms-radius ..........       2.905006       2.923561       2.914298
  charge-radius, r0 ...                      3.031041       3.461399
  deformation beta2....       0.154742       0.154370       0.154554
  dipole moment[fm] ...       0.000000       0.000000       0.000000
  quadrupole moment[b]        0.197693       0.199746       0.397439
  octupole moment .....       0.000000       0.000000       0.000000
  hexadecapole moment .      -0.000537      -0.000599      -0.001136
  q5 ..................       0.000000       0.000000       0.000000
  q6 ..................      -0.000013      -0.000012      -0.000025
  q7 ..................       0.000000       0.000000       0.000000
  q8 ..................       0.000000       0.000000       0.000000

  <r^0> [fm^0] ........            1.000000            1.000000            1.000000
  <r^2> [fm^2] ........            8.439060            8.547208            8.493134
  <r^4> [fm^4] ........          102.427880          105.429814          103.928847
  <r^6> [fm^6] ........         1605.414789         1685.356725         1645.385757
  <r^8> [fm^8] ........        30870.222224        33141.025603        32005.623914

  kinetic energy ......     210.645199     207.978893     418.624091
  volume energy .......                                  -662.556065
        rho_tau .......                                    -1.865331
        rho_rho .......                                  -660.690734
  surface energy ......                                    59.896909
   rho_DELTA_rho ......                                    59.896909
   (NABLA_rho)^2 ......                                     0.000000
  spin-orbit energy ...                                   -29.182269
        rho_NABLA_J ...                                   -29.182269
        NABLA_rho_J ...                                     0.000000
  coulomb energy ......                                    29.296230
          direct ......                                    33.751704
          exchange ....                                    -4.455474
  tensor energy .......                                     0.000000
  direct Hartree E  ...                                     0.000000
  Extra E .............                                     0.000000
  External field E ....                                     0.000000
  Entropy .............       1.590531       1.568174       3.158705

  tEnergy: ehfb (qp)...                                  -183.921103

  Calculated but not added corrections 
====================================
  cmc-diagonal part ...       0.000000       0.000000       0.000000
  cmc-hfb .............       0.000000       0.000000       0.000000
  cranking rot corr ...       0.000000       0.000000       0.000000

  SQUJ ................       0.000000       0.000000       0.000000
  CRAN x 4 ............       0.000000       0.000000       0.000000
  Rigit Body ..........       0.000000       0.000000       0.000000


   Blocking candidates are:
   neutron eqpmin=   9.4515496668108767E-002  pwiblo=   5.1031036307982882     
    num=   1 block=   3 state=   1    32 Eqp=   0.09451550  (1-2N)E=  -0.09451550  Ovlp=   0.90176331  3+[ 2, 1, 1]
    num=   2 block=   5 state=   1    56 Eqp=   0.09365898  (1-2N)E=   0.09365898  Ovlp=   0.97826558  5+[ 2, 0, 2]
    num=   3 block=   1 state=   1     1 Eqp=   0.31151192  (1-2N)E=  -0.31151192  Ovlp=   0.71726514  1+[ 2, 2, 0]
    num=   4 block=   1 state=   2     2 Eqp=   2.98311217  (1-2N)E=   2.98311217  Ovlp=   0.84775987  1+[ 2, 0, 0]

   Blocking candidates are:
   proton  eqpmin=   9.5838334851833906E-002  pwiblo=   5.1031036307982882     
    num=   1 block=   3 state=   1    31 Eqp=   0.09583833  (1-2N)E=  -0.09583833  Ovlp=   0.89892846  3+[ 2, 1, 1]
    num=   2 block=   5 state=   1    54 Eqp=   0.09495743  (1-2N)E=   0.09495743  Ovlp=   0.97500378  5+[ 2, 0, 2]
    num=   3 block=   1 state=   1     1 Eqp=   0.31107527  (1-2N)E=  -0.31107527  Ovlp=   0.71442831  1+[ 2, 2, 0]
    num=   4 block=   1 state=   2     2 Eqp=   2.90041464  (1-2N)E=   2.90041464  Ovlp=   0.84085162  1+[ 2, 0, 0]



 HFBTHO_SOLVER ended without errors

