
  =======================================
           FORTRAN 95 CODE (KIND= 8) 
               Version: 200d  
  =======================================
       AXIALLY DEFORMED CONFIGURATIONAL  
     HARTREE-FOCK-BOGOLIUBOV CALCULATIONS
                     WITH                
            UNEDF AND DELTA PAIRING      
                     USING               
             HARMONIC-OSCILLATOR         
                   AND/OR                
       TRANSFORMED HARMONIC-OSCILLATOR   
                    BASIS                
                     ---                 
               v1.66  (2005):,           
   Stoitsov,Dobaczewski,Nazarewicz,Ring, 
               v2.00d (2012):,           
         Stoitsov,Schunck,Kortelainen    
  =======================================
    Nucleus: MG (A=  24, N= 12, Z= 12)
       Reflection Symmetry Imposed       
            ( 7/15/2023,  0:22)                               
  =======================================


  ---------------------------------------
           UNEDF Module Version:17
         M.Kortelainen & M.Stoitsov 
  ---------------------------------------

  UNE1 functional
  ----------------------------------
  Crho(0)=   -779.373008720865300    ; Crho(1)=    287.722131583286796    
  CDrho(0)=   891.477890442349690    ; CDrho(1)=  -200.587774317884879    
  Ctau(0)=  -0.989915057807676746    ; Ctau(1)=   -33.6320970701835549    
  CrDr(0)=   -45.1351310222373030    ; CrDr(1)=   -145.382167908056999    
  CrdJ(0)=   -74.0263331764599002    ; CrdJ(1)=   -35.6582611147916992    
  CJ(0)=      0.00000000000000000    ; CJ(1)=      0.00000000000000000    
  CpV0(0)=   0.100000000000000006    ; CpV0(1)=   0.100000000000000006    
  CpV1(0)=    1.00000000000000000    ; CpV1(1)=    1.00000000000000000    
  sigma=     0.270018011502707600    ; hbzero=     20.7355300000000007    
  e^2 chrg=   1.43997840859651305    ; CExPar=     1.00000000000000000    
  c.m. correction: F, chr. density in direct Coul: F
  use tensor terms: F
  use TMR pairing:  0

  Coupling constants in natural units
  -----------------------------------
  Crho_nu(0)=  -0.877667471343921757    ; Crho_nu(1)=   0.324009624211695935    
  CDrho_nu(0)=  0.941450913381434273    ; CDrho_nu(1)= -0.211831998717341041    
  Ctau_nu(0)=  -0.140321584905665799E-01; Ctau_nu(1)=  -0.476738799694694126    
  CrDr_nu(0)=  -0.639795613776358740    ; CrDr_nu(1)=   -2.06080875899188509    
  CrdJ_nu(0)=   -1.04933168903203322    ; CrdJ_nu(1)=  -0.505459905387130815    
  CJ_nu(0)=      0.00000000000000000    ; CJ_nu(1)=      0.00000000000000000    
  CpV0_nu(0)=   0.112611992142809880E-03; CpV0_nu(1)=   0.112611992142809880E-03
  CpV1_nu(0)=   0.887702254206059068E-03; CpV1_nu(1)=   0.887702254206059068E-03
  fpi_nu=        93.0000000000000000    ; Lambda_nu=     700.000000000000000    

  Nuclear matter properties
  ----------------------------------
      E_NM=     -15.8000000000000149      K_NM=     220.0000000000000284
      P_NM=      -0.0000000000000032    RHO_NM=       0.1587067693325870
    ASS_NM=      28.9867890577721070   LASS_NM=      40.0047904804136323
  SMASS_NM=       0.9924233322833640  VMASS_NM=       1.2498385742322700

  Associated (t,x)-coupling constants
  -----------------------------------
  t0=      -2078.32802325564080    ; x0=       0.537569206858470316E-01
  t1=       239.400812041522045    ; x1=       -5.07723238187693671    
  t2=       1575.11954189757989    ; x2=       -1.36650561394298609    
  t3=       14263.6462470775950    ; x3=      -0.162491168089956339    
  b4=       38.3680720616682009    ; b4p=       71.3165222295833985    
  te=      -470.362198163525477    ; to=       -203.218452192313947    
  sigma=   0.270018011502707600    ; hbzero=    20.7355300000000007    

  ---------------------------------------
        Characteristics of the run       
  ---------------------------------------
  Output file ................:     7
  Nucleus ....................:   MG  24
  Number of HO shells ........:     4
  HO length b0 (fm) ..........:     1.55928400372611
  Basis deformation ..........:  beta0=   0.010 q=   1.010
  HO: b0,1/b0,bp,bz,q ........:   0.15592840E+01  0.64131999E+00  0.15568270E+01  0.15642096E+01  0.10095067E+01
  h**2/(2m), cmc, e**2 .......:   0.20735530E+02  0.20735530E+02  0.14399784E+01
  hom=f*41.0_pr*A^{-1/3}, f...:   0.17056687E+02  0.12000000E+01
  THO basis is ...............:  OFF
  Maximal number of iterations:   400
  Initial mixing parameter ...:  0.300
  Initial w.f. ...............:  from   spherical scratch
  Skyrme functional ..........:    UNE1                          
    with direct and exchange Coulomb
  Lipkin-Nogami procedure is .:  OFF
  PAV procedure is ...........:  OFF
  Constraint calculation is ..:   ON
    Constraint 1 .............: lambda=2 Ql=  -1.192
  Temperature T ..............:   0.05 MeV
  Restart indicator ..........:   1
  Broyden mixing (#iterations):   7

  ---------------------------------------
        Harmonic Oscillator Basis        
  ---------------------------------------
  NUV, NQP:                         195      35
  Comparison with bookkeeping spherical basis:
  n00:                                4       4  Maximal number of shells
  nbx, 2*n00+1:                       9       9  Maximal number of K-blocks
  ntx, (n00+1)*(n00+2)*(n00+3)/6     35      35  Max.num. p/n levels
  nzx, n00:                           4       4  Maximal nz-quantum number
  nrx, n00/2  :                       2       2  Maximal nr-quantum number
  nlx, n00:                           4       4  Maximal ml-quantum number
  ndx, (n00+2)*(n00+2)/4:             9       9  Maximal dim. of one k-block

  Actual basis used
  Number of blocks: nb .......:    9
  Number of levels: nt .......:   35
  Maximal 2*omega : nom ......:    9
  Maximal nz:       nzm ......:    4
  Maximal nr:       nrm ......:    2
  Maximal ml:       nlm ......:    4
  Maximal N=nz+2*nr+nl .......:    4
  2 x biggest block dim. .....:   18
  Non-zero elements of h .....:      115
  Number of Broyden elements .:      460

  ---------------------------------------
            Integration Meshes           
  ---------------------------------------
  Number of Gauss-Hermite mesh points ngh ....:  40
  Number of Gauss-Laguerre mesh points ngl ...:  40
  Number of Gauss-Legendre mesh points nleg ..:  80
  Integration boundaries
    Hermite  - from xh(1)  =  0.12379686 to xh(ngh)   = 11.88786356
    Laguerre - From xl(1)  =  0.03570039 to xl(ngl)   =142.28004447
    Legendre - From xleg(1)=  0.00978669 to xleg(nleg)=  0.99988775
  Max.dev.in:     Orthogonality            Normalization
  Hermite     5.2235050987142219E-016   1.9984014443252818E-015
  Laguerre    1.9977540701027837E-015   4.5519144009631418E-015

  Scratch initialization for the nucleus: MG  12  12


  Initial potentials of Saxon-Woods shape 
  v0ws   =  -71.27999878
  kappa  =    0.46160001
  vs0    =   11.11750031   11.11750031
  r0     =    1.23339999    1.23339999
  a      =    0.61500001    0.61500001
  r0-so  =    1.14429998    1.14429998
  a-so   =    0.64760000    0.64760000
  beta00 =    0.01000000

  ### REGULAR STAGE (reflection symmetry imposed)
  |HFB+HO> iterations(b0=  1.559, Nsh=  4, inin=  1, N= 12, Z= 12)...
  ----------------------------------------------------------------------------------------------------------------------------------
  i          si     mix   beta      Etot       A       rn      rp         En      Dn      Ep      Dp        Ln      Lp     time
  ----------------------------------------------------------------------------------------------------------------------------------
   1L  52.26905082 0.30  0.010     0.000000    0.0   0.000   0.000 |   -2.000   1.000  -2.000   1.000 |   -7.000  -7.000   0.000
   2B  55.81807113 0.10  0.009   -55.672841   24.0   2.616   2.616 |    0.000  -0.000   0.000  -0.000 |  -16.532 -16.532  26.330
   3B  31.07642984 0.11 -0.242  -162.990226   24.0   3.070   3.104 |    0.000  -0.000   0.000  -0.000 |  -11.564  -7.978   0.070
   4B  11.52738507 0.13 -0.353  -165.836922   24.0   3.032   2.991 |    0.000  -0.000   0.000  -0.000 |  -14.640 -10.472   0.063
   5B  25.91949743 0.10 -0.385  -139.107980   24.0   2.976   3.075 |    0.000  -0.000   0.000  -0.000 |  -15.892 -10.679   0.062
   6B  11.35566990 0.11 -0.488  -146.828464   24.0   3.095   3.165 |    0.000   0.000   0.000   0.000 |  -15.851 -11.512   0.065
   7B  48.16450997 0.10 -0.508  -150.179231   24.0   3.166   3.152 |    0.000   0.000   0.000   0.000 |  -15.654 -11.373   0.061
   8L  42.76997169 0.11 -0.501  -152.488300   24.0   3.149   3.149 |    0.000   0.000   0.000   0.000 |  -15.529 -11.129   0.061
   9B  37.66182331 0.13 -0.493  -154.737570   24.0   3.131   3.140 |    0.000   0.000   0.000   0.000 |  -15.169 -10.361   0.062
  10B  11.08790639 0.14 -0.443  -144.062958   24.0   3.117   3.035 |    0.000  -0.000   0.000  -0.000 |  -14.706 -10.316   0.062
  11B  17.26485928 0.10 -0.478  -156.960849   24.0   3.104   3.113 |    0.000  -0.000   0.000  -0.000 |  -14.813  -9.934   0.070
  12B   7.75994485 0.11 -0.451  -156.172719   24.0   3.035   3.108 |    0.000  -0.000   0.000  -0.000 |  -14.583  -9.764   0.065
  13B  12.93783363 0.10 -0.431  -151.925798   24.0   2.987   3.096 |    0.000   0.000   0.000   0.000 |  -14.361  -9.428   0.067
  14B   6.30559369 0.11 -0.389  -163.618826   24.0   2.984   3.032 |    0.000  -0.000   0.000  -0.000 |  -14.143  -9.304   0.066
  15B   9.19875613 0.10 -0.378  -164.740428   24.0   3.001   3.002 |    0.000  -0.000   0.000  -0.000 |  -14.782  -9.937   0.064
  16B   3.30942508 0.11 -0.432  -160.982189   24.0   3.060   3.042 |    0.000  -0.000   0.000  -0.000 |  -14.766 -10.109   0.065
  17B   4.91112934 0.10 -0.424  -161.809616   24.0   3.044   3.042 |    0.000  -0.000   0.000  -0.000 |  -14.795 -10.097   0.064
  18B   4.80984164 0.11 -0.407  -164.329572   24.0   3.010   3.036 |    0.000  -0.000   0.000  -0.000 |  -14.960 -10.221   0.064
  19B   5.86184206 0.10 -0.439  -157.023277   24.0   3.088   3.040 |    0.000  -0.000   0.000  -0.000 |  -15.191 -10.448   0.067
  20B   2.56815726 0.11 -0.421  -163.301625   24.0   3.024   3.059 |    0.000  -0.000   0.000  -0.000 |  -15.123 -10.331   0.066
  21B   1.92705117 0.13 -0.408  -165.329234   24.0   3.013   3.040 |    0.000  -0.000   0.000  -0.000 |  -15.076 -10.293   0.068
  22B   3.75079447 0.10 -0.414  -163.384183   24.0   3.011   3.056 |    0.000  -0.000   0.000  -0.000 |  -15.088 -10.272   0.067
  23B   0.71421202 0.11 -0.432  -162.418715   24.0   3.045   3.057 |    0.000   0.000   0.000   0.000 |  -15.101 -10.320   0.067
  24B   0.37505954 0.13 -0.427  -163.072717   24.0   3.041   3.050 |    0.000  -0.000   0.000  -0.000 |  -15.053 -10.281   0.071
  25B   0.19302405 0.14 -0.427  -163.181333   24.0   3.039   3.050 |    0.000  -0.000   0.000  -0.000 |  -15.057 -10.275   0.071
  26B   0.21571236 0.10 -0.426  -163.261206   24.0   3.037   3.049 |    0.000   0.000   0.000   0.000 |  -15.050 -10.270   0.072
  27B   0.13085149 0.11 -0.425  -163.373711   24.0   3.038   3.047 |    0.000   0.000   0.000   0.000 |  -15.047 -10.269   0.074
  28B   0.20111642 0.10 -0.425  -163.439584   24.0   3.038   3.045 |    0.000  -0.000   0.000  -0.000 |  -15.042 -10.264   0.071
  29B   0.04457299 0.11 -0.425  -163.395830   24.0   3.037   3.047 |    0.000   0.000   0.000   0.000 |  -15.049 -10.269   0.072
  30B   0.01991882 0.13 -0.425  -163.353883   24.0   3.038   3.047 |    0.000   0.000   0.000   0.000 |  -15.052 -10.273   0.078
  31B   0.00664057 0.14 -0.425  -163.356473   24.0   3.038   3.047 |    0.000   0.000   0.000   0.000 |  -15.052 -10.272   0.070
  32B   0.00460422 0.16 -0.425  -163.352163   24.0   3.038   3.047 |    0.000   0.000   0.000   0.000 |  -15.051 -10.272   0.067
  33B   0.00470746 0.10 -0.425  -163.346307   24.0   3.038   3.047 |    0.000   0.000   0.000   0.000 |  -15.050 -10.271   0.071
  34B   0.00151942 0.11 -0.425  -163.345448   24.0   3.038   3.047 |    0.000   0.000   0.000   0.000 |  -15.049 -10.270   0.067
  35B   0.00084393 0.13 -0.425  -163.346423   24.0   3.038   3.047 |    0.000   0.000   0.000   0.000 |  -15.049 -10.270   0.067
  36B   0.00117912 0.10 -0.425  -163.347739   24.0   3.038   3.047 |    0.000   0.000   0.000   0.000 |  -15.049 -10.270   0.068
  37B   0.00082811 0.11 -0.425  -163.348831   24.0   3.038   3.047 |    0.000  -0.000   0.000  -0.000 |  -15.049 -10.270   0.071
  38B   0.00017737 0.13 -0.425  -163.348348   24.0   3.038   3.047 |    0.000   0.000   0.000   0.000 |  -15.049 -10.270   0.072
  39B   0.00006233 0.14 -0.425  -163.348552   24.0   3.038   3.047 |    0.000   0.000   0.000   0.000 |  -15.049 -10.270   0.072
  40B   0.00016517 0.10 -0.425  -163.348491   24.0   3.038   3.047 |    0.000   0.000   0.000   0.000 |  -15.049 -10.270   0.071
  41B   0.00003220 0.11 -0.425  -163.348468   24.0   3.038   3.047 |    0.000   0.000   0.000   0.000 |  -15.049 -10.270   0.074
  42B   0.00001150 0.13 -0.425  -163.348449   24.0   3.038   3.047 |    0.000   0.000   0.000   0.000 |  -15.049 -10.270   0.074
  43B   0.00001257 0.10 -0.425  -163.348439   24.0   3.038   3.047 |    0.000  -0.000   0.000  -0.000 |  -15.049 -10.270   0.073
  44B   0.00000319 0.11 -0.425  -163.348438   24.0   3.038   3.047 |    0.000  -0.000   0.000  -0.000 |  -15.049 -10.270   0.072
  45B   0.00000080 0.13 -0.425  -163.348438   24.0   3.038   3.047 |    0.000  -0.000   0.000  -0.000 |  -15.049 -10.270   0.074
  46B   0.00000024 0.14 -0.425  -163.348439   24.0   3.038   3.047 |    0.000  -0.000   0.000  -0.000 |  -15.049 -10.270   0.069
  47B   0.00000034 0.10 -0.425  -163.348440   24.0   3.038   3.047 |    0.000  -0.000   0.000  -0.000 |  -15.049 -10.270   0.072
  48B   0.00000042 0.10 -0.425  -163.348440   24.0   3.038   3.047 |    0.000  -0.000   0.000  -0.000 |  -15.049 -10.270   0.074
  49B   0.00000008 0.11 -0.425  -163.348440   24.0   3.038   3.047 |    0.000  -0.000   0.000  -0.000 |  -15.049 -10.270   0.073
  50B   0.00000003 0.13 -0.425  -163.348440   24.0   3.038   3.047 |    0.000  -0.000   0.000  -0.000 |  -15.049 -10.270   0.074
  51B   0.00000004 0.10 -0.425  -163.348440   24.0   3.038   3.047 |    0.000  -0.000   0.000  -0.000 |  -15.049 -10.270   0.079
  52B   0.00000000 0.11 -0.425  -163.348440   24.0   3.038   3.047 |    0.000  -0.000   0.000  -0.000 |  -15.049 -10.270   0.081
  53B   0.00000000 0.13 -0.425  -163.348440   24.0   3.038   3.047 |    0.000  -0.000   0.000  -0.000 |  -15.049 -10.270   0.074
  54B   0.00000000 0.10 -0.425  -163.348440   24.0   3.038   3.047 |    0.000  -0.000   0.000  -0.000 |  -15.049 -10.270   0.073
  55B   0.00000000 0.11 -0.425  -163.348440   24.0   3.038   3.047 |    0.000  -0.000   0.000  -0.000 |  -15.049 -10.270   0.079
  56B   0.00000000 0.13 -0.425  -163.348440   24.0   3.038   3.047 |    0.000  -0.000   0.000  -0.000 |  -15.049 -10.270   0.082
  ----------------------------------------------------------------------------------------------------------------------------------
  *   iteration converged   after  56 steps   si=     0.0000000008 ho=  0 tho=  0
  ----------------------------------------------------------------------------------------------------------------------------------
  Total CPU time=   0.503 minutes

  Writing to wel_file: s012_012.hel
 __________________________________  
  The tape s012_012.hel recorded:     
  nucname,npr,ngh,ngl,n00,nb,nt      
  b0,beta0,si,etot,rms,bet,xmix      
  pairing:     CpV0,CpV1,pwi         
  delta:       del,ept               
  lambda:      ala,ala2,alast,tz     
  asymptotic:  varmas,ass,skass      
  ntx,nb,nhhdim,id,N_rz,n_r,n_z      
  Omega2,Sigma2,Parity,Lambda        
  matrices(inbro):    hh,de          
  *all blocking candidates           
 __________________________________  



 #quasiparticle energies neutrons
 --------------------------------
  eqp(k) -> q.p. energy 
  e(k)   -> referent s.p. energy 
  p(k)   -> occ.probability 
  del(k) -> referent s.p. gap 
  fermi energy alast=  -15.049132706847393     
  #k  block#    eqp(k)     e(k)       (1-2N)E      decay        p(k)        del(k)    overl      labels
   1    1     0.100773  -15.149905   -0.100773    1.709533    1.00000000   0.0000   0.7919  1+[ 2, 0, 0]
   2    1     9.101444   -5.947689    9.101444    2.158421    0.00000000   0.0000   0.8566  1+[ 2, 1, 1]
   3    1    19.246581  -34.295714  -19.246581    2.572127    1.00000000   0.0000   0.9473  1+[ 0, 0, 0]
   4    1    19.652314    4.603181   19.652314    2.587297    0.00000000   0.0000   0.9254  1+[ 2, 2, 0]
   5    1    30.228431   15.179298   30.228431    2.955384    0.00000000   0.0000   0.7338  1+[ 4, 0, 0]
   6    1    39.392745   24.343612   39.392745    3.240701    0.00000000   0.0000   0.6699  1+[ 4, 1, 1]
   7    1    44.989768   29.940635   44.989768    3.403210    0.00000000   0.0000   0.7425  1+[ 4, 2, 0]
   8    1    49.037479   33.988346   49.037479    3.516058    0.00000000   0.0000   0.8119  1+[ 4, 3, 1]
   9    1    52.656407   37.607274   52.656407    3.613970    0.00000000   0.0000   0.9216  1+[ 4, 4, 0]
  10    2     0.008413  -15.057546   -0.008413    1.704314    1.00000000   0.0000   0.9106  1-[ 1, 1, 0]
  11    2     9.973341  -25.022474   -9.973341    2.197038    1.00000000   0.0000   0.9238  1-[ 1, 0, 1]
  12    2    16.397048    1.347916   16.397048    2.462954    0.00000000   0.0000   0.8637  1-[ 3, 0, 1]
  13    2    26.080529   11.031396   26.080529    2.816761    0.00000000   0.0000   0.7594  1-[ 3, 1, 0]
  14    2    32.834684   17.785551   32.834684    3.039253    0.00000000   0.0000   0.8675  1-[ 3, 2, 1]
  15    2    39.753252   24.704120   39.753252    3.251413    0.00000000   0.0000   0.9780  1-[ 3, 3, 0]
  16    3     0.015242  -15.064375   -0.015242    1.704700    1.00000000   0.0000   0.8375  3+[ 2, 0, 2]
  17    3     9.127310   -5.921822    9.127310    2.159577    0.00000000   0.0000   0.8279  3+[ 2, 1, 1]
  18    3    27.925223   12.876090   27.925223    2.879235    0.00000000   0.0000   0.8347  3+[ 4, 0, 2]
  19    3    37.632655   22.583523   37.632655    3.187885    0.00000000   0.0000   0.6816  3+[ 4, 1, 1]
  20    3    43.142750   28.093617   43.142750    3.350454    0.00000000   0.0000   0.7615  3+[ 4, 2, 2]
  21    3    48.937879   33.888746   48.937879    3.513325    0.00000000   0.0000   0.9063  3+[ 4, 3, 1]
  22    4    10.756825  -25.805958  -10.756825    2.231169    1.00000000   0.0000   0.9443  3-[ 1, 0, 1]
  23    4    15.257866    0.208733   15.257866    2.417931    0.00000000   0.0000   0.8359  3-[ 3, 0, 1]
  24    4    23.861038    8.811905   23.861038    2.739706    0.00000000   0.0000   0.8098  3-[ 3, 1, 2]
  25    4    32.377284   17.328152   32.377284    3.024702    0.00000000   0.0000   0.9254  3-[ 3, 2, 1]
  26    5     2.141680  -17.190813   -2.141680    1.821045    1.00000000   0.0000   0.9243  5+[ 2, 0, 2]
  27    5    26.548759   11.499626   26.548759    2.832749    0.00000000   0.0000   0.8001  5+[ 4, 0, 2]
  28    5    35.255322   20.206189   35.255322    3.115126    0.00000000   0.0000   0.7367  5+[ 4, 1, 3]
  29    5    42.723632   27.674499   42.723632    3.338366    0.00000000   0.0000   0.8736  5+[ 4, 2, 2]
  30    6    14.302116   -0.747016   14.302116    2.379500    0.00000000   0.0000   0.8010  5-[ 3, 0, 3]
  31    6    24.446365    9.397232   24.446365    2.760236    0.00000000   0.0000   0.8010  5-[ 3, 1, 2]
  32    7    25.364975   10.315843   25.364975    2.792151    0.00000000   0.0000   0.7197  7+[ 4, 0, 4]
  33    7    36.002646   20.953513   36.002646    3.138180    0.00000000   0.0000   0.7197  7+[ 4, 1, 3]
  34    8    12.166012   -2.883121   12.166012    2.291278    0.00000000   0.0000   1.0000  7-[ 3, 0, 3]
  35    9    21.787690    6.738557   21.787690    2.665714    0.00000000   0.0000   1.0000  9+[ 4, 0, 4]
#all active are   35 q.p. states out of   35
#since the cut off is pwi=  60.0
#check: number of neutrons=  14.0


 #canonical s.p. energies neutrons
 ---------------------------------


  labels -> {2*omega}{parity}[nn=nz+2*nr+nl,nz,nl]
  cqpe   -> canonical q.p. energies
  ce     -> canonical s.p. energies
  fermi energy=  -15.049132706847393     
  average cdelt=  -1.0556807097768628E-017
  k0      ceqp        ce         v*v       u*v        cdel     overl      labels
   1    9.456881    9.456881   0.00000000   0.00000000   0.0000   0.5795  1+[ 2, 2, 0]
   2   28.306203   28.306203   0.00000000   0.00000000   0.0000   0.9510  1+[ 4, 2, 0]
   3   36.483601   36.483601   0.00000000   0.00000000   0.0000   0.9622  1+[ 4, 4, 0]
   4   32.275253   32.275253   0.00000000   0.00000000   0.0000   0.9771  1+[ 4, 3, 1]
   5   23.249398   23.249398   0.00000000   0.00000000   0.0000   0.9583  1+[ 4, 1, 1]
   6    8.565736    8.565736   0.00000000   0.00000001   0.0000   0.7180  1+[ 4, 0, 0]
   7    1.377586    1.377586   0.00000000   0.00000001   0.0000   0.7642  1+[ 2, 2, 0]
   8  -14.948360  -15.149905   0.88241010   0.32212190   0.0000   0.7919  1+[ 2, 0, 0]
   9    4.197448  -34.295714   1.00000000   0.00000000   0.0000   0.9473  1+[ 0, 0, 0]
  10    5.664168    5.664168   0.00000000   0.00000000   0.0000   0.9129  1-[ 3, 0, 1]
  11   23.071127   23.071127   0.00000000   0.00000000   0.0000   0.9706  1-[ 3, 3, 0]
  12    9.901082    9.901082   0.00000000   0.00000000   0.0000   0.8861  1-[ 3, 1, 0]
  13   16.232605   16.232605   0.00000000   0.00000001   0.0000   0.9813  1-[ 3, 2, 1]
  14  -15.040720  -15.057546   0.54196510   0.49823582   0.0000   0.9106  1-[ 1, 1, 0]
  15   -5.075791  -25.022474   1.00000000   0.00000000   0.0000   0.9238  1-[ 1, 0, 1]
  16    2.956667    2.956667   0.00000000   0.00000000   0.0000   0.8888  3+[ 2, 1, 1]
  17   22.357794   22.357794   0.00000000   0.00000000   0.0000   0.8249  3+[ 4, 1, 1]
  18   27.416150   27.416150   0.00000000   0.00000000   0.0000   0.9918  3+[ 4, 2, 2]
  19   24.987001   24.987001   0.00000000   0.00000000   0.0000   0.7886  3+[ 4, 3, 1]
  20   13.802542   13.802542   0.00000000   0.00000001   0.0000   0.8329  3+[ 4, 0, 2]
  21  -15.033891  -15.064375   0.57562480   0.49424780   0.0000   0.8375  3+[ 2, 0, 2]
  22    3.507165    3.507165   0.00000000   0.00000000   0.0000   0.9365  3-[ 3, 0, 1]
  23   15.701935   15.701935   0.00000000   0.00000000   0.0000   0.9970  3-[ 3, 2, 1]
  24    7.139690    7.139690   0.00000000   0.00000000   0.0000   0.9935  3-[ 3, 1, 2]
  25   -4.292307  -25.805958   1.00000000   0.00000001   0.0000   0.9443  3-[ 1, 0, 1]
  26   19.387168   19.387168   0.00000000   0.00000000   0.0000   0.9966  5+[ 4, 1, 3]
  27   25.418426   25.418426   0.00000000   0.00000000   0.0000   0.9973  5+[ 4, 2, 2]
  28   14.574721   14.574721   0.00000000   0.00000000   0.0000   0.9212  5+[ 4, 0, 2]
  29  -12.907452  -17.190813   1.00000000   0.00000000   0.0000   0.9243  5+[ 2, 0, 2]
  30    9.396818    9.396818   0.00000000   0.00000000   0.0000   0.8048  5-[ 3, 1, 2]
  31   -0.746602   -0.746602   0.00000000   0.00000000   0.0000   0.8048  5-[ 3, 0, 3]
  32   20.953202   20.953202   0.00000000   0.00000000   0.0000   0.7234  7+[ 4, 1, 3]
  33   10.316153   10.316153   0.00000000   0.00000000   0.0000   0.7234  7+[ 4, 0, 4]
  34   -2.883121   -2.883121   0.00000000   0.00000000   0.0000   1.0000  7-[ 3, 0, 3]
  35    6.738557    6.738557   0.00000000   0.00000000   0.0000   1.0000  9+[ 4, 0, 4]
  Sum canonical e_v*V^2_k=  -265.03096048649354     


 #quasiparticle energies protons 
 --------------------------------
  eqp(k) -> q.p. energy 
  e(k)   -> referent s.p. energy 
  p(k)   -> occ.probability 
  del(k) -> referent s.p. gap 
  fermi energy alast=  -10.270009842761567     
  #k  block#    eqp(k)     e(k)       (1-2N)E      decay        p(k)        del(k)    overl      labels
   1    1     0.102705  -10.372715   -0.102705    1.414551    1.00000000   0.0000   0.7875  1+[ 2, 0, 0]
   2    1     9.021086   -1.248924    9.021086    1.929083    0.00000000   0.0000   0.8547  1+[ 2, 1, 1]
   3    1    19.128566  -29.398576  -19.128566    2.381418    1.00000000   0.0000   0.9460  1+[ 0, 0, 0]
   4    1    19.461833    9.191823   19.461833    2.394878    0.00000000   0.0000   0.9228  1+[ 2, 2, 0]
   5    1    30.043443   19.773433   30.043443    2.788672    0.00000000   0.0000   0.7339  1+[ 4, 0, 0]
   6    1    39.174094   28.904084   39.174094    3.088373    0.00000000   0.0000   0.6703  1+[ 4, 1, 1]
   7    1    44.645570   34.375560   44.645570    3.254769    0.00000000   0.0000   0.7228  1+[ 4, 2, 0]
   8    1    48.524318   38.254308   48.524318    3.367752    0.00000000   0.0000   0.7858  1+[ 4, 3, 1]
   9    1    51.944790   41.674781   51.944790    3.464330    0.00000000   0.0000   0.9195  1+[ 4, 4, 0]
  10    2     0.005630  -10.275640   -0.005630    1.407916    1.00000000   0.0000   0.9100  1-[ 1, 1, 0]
  11    2     9.896855  -20.166865   -9.896855    1.972385    1.00000000   0.0000   0.9230  1-[ 1, 0, 1]
  12    2    16.557407    6.287397   16.557407    2.274898    0.00000000   0.0000   0.8594  1-[ 3, 0, 1]
  13    2    26.019115   15.749105   26.019115    2.645822    0.00000000   0.0000   0.7505  1-[ 3, 1, 0]
  14    2    32.579968   22.309958   32.579968    2.875065    0.00000000   0.0000   0.8611  1-[ 3, 2, 1]
  15    2    39.274270   29.004260   39.274270    3.091500    0.00000000   0.0000   0.9765  1-[ 3, 3, 0]
  16    3     0.017273  -10.287283   -0.017273    1.408714    1.00000000   0.0000   0.8359  3+[ 2, 0, 2]
  17    3     9.038577   -1.231433    9.038577    1.929957    0.00000000   0.0000   0.8258  3+[ 2, 1, 1]
  18    3    27.822770   17.552761   27.822770    2.710777    0.00000000   0.0000   0.8335  3+[ 4, 0, 2]
  19    3    37.367305   27.097295   37.367305    3.031420    0.00000000   0.0000   0.6700  3+[ 4, 1, 1]
  20    3    42.752987   32.482977   42.752987    3.198192    0.00000000   0.0000   0.7434  3+[ 4, 2, 2]
  21    3    48.358281   38.088272   48.358281    3.362994    0.00000000   0.0000   0.8994  3+[ 4, 3, 1]
  22    4    10.668197  -20.938206  -10.668197    2.009751    1.00000000   0.0000   0.9431  3-[ 1, 0, 1]
  23    4    15.413944    5.143934   15.413944    2.225888    0.00000000   0.0000   0.8284  3-[ 3, 0, 1]
  24    4    23.829137   13.559128   23.829137    2.564745    0.00000000   0.0000   0.8006  3-[ 3, 1, 2]
  25    4    32.121981   21.851971   32.121981    2.859660    0.00000000   0.0000   0.9234  3-[ 3, 2, 1]
  26    5     2.134680  -12.404690   -2.134680    1.546911    1.00000000   0.0000   0.9222  5+[ 2, 0, 2]
  27    5    26.453963   16.183953   26.453963    2.661627    0.00000000   0.0000   0.7952  5+[ 4, 0, 2]
  28    5    35.015032   24.745022   35.015032    2.955628    0.00000000   0.0000   0.7271  5+[ 4, 1, 3]
  29    5    42.342083   32.072073   42.342083    3.185776    0.00000000   0.0000   0.8673  5+[ 4, 2, 2]
  30    6    14.315685    4.045675   14.315685    2.177778    0.00000000   0.0000   0.7993  5-[ 3, 0, 3]
  31    6    24.389498   14.119488   24.389498    2.585733    0.00000000   0.0000   0.7993  5-[ 3, 1, 2]
  32    7    25.248355   14.978345   25.248355    2.617574    0.00000000   0.0000   0.7162  7+[ 4, 0, 4]
  33    7    35.848031   25.578022   35.848031    2.982688    0.00000000   0.0000   0.7162  7+[ 4, 1, 3]
  34    8    12.246157    1.976147   12.246157    2.084105    0.00000000   0.0000   1.0000  7-[ 3, 0, 3]
  35    9    21.760552   11.490542   21.760552    2.485734    0.00000000   0.0000   1.0000  9+[ 4, 0, 4]
#all active are   35 q.p. states out of   35
#since the cut off is pwi=  60.0
#check: number of protons =  14.0


 #canonical s.p. energies protons 
 ---------------------------------


  labels -> {2*omega}{parity}[nn=nz+2*nr+nl,nz,nl]
  cqpe   -> canonical q.p. energies
  ce     -> canonical s.p. energies
  fermi energy=  -10.270009842761567     
  average cdelt=  -1.0478553330086046E-017
  k0      ceqp        ce         v*v       u*v        cdel     overl      labels
   1   15.404114   15.404114   0.00000000   0.00000000   0.0000   0.7540  1+[ 4, 0, 0]
   2   26.680788   26.680788   0.00000000   0.00000000   0.0000   0.9565  1+[ 4, 1, 1]
   3   33.004563   33.004563   0.00000000   0.00000000   0.0000   0.8285  1+[ 4, 2, 0]
   4   40.607154   40.607154   0.00000000   0.00000000   0.0000   0.8832  1+[ 4, 4, 0]
   5   37.317523   37.317523   0.00000000   0.00000000   0.0000   0.8080  1+[ 4, 3, 1]
   6    7.814483    7.814483   0.00000000   0.00000001   0.0000   0.8826  1+[ 2, 2, 0]
   7   10.096440   10.096440   0.00000000   0.00000001   0.0000   0.6695  1+[ 2, 1, 1]
   8  -10.167305  -10.372715   0.88636147   0.31737173   0.0000   0.7875  1+[ 2, 0, 0]
   9    8.858556  -29.398576   1.00000000   0.00000001   0.0000   0.9460  1+[ 0, 0, 0]
  10   18.631269   18.631269   0.00000000   0.00000000   0.0000   0.9194  1-[ 3, 2, 1]
  11   28.276168   28.276168   0.00000000   0.00000000   0.0000   0.9903  1-[ 3, 3, 0]
  12   14.621571   14.621571   0.00000000   0.00000000   0.0000   0.9204  1-[ 3, 1, 0]
  13   11.821711   11.821711   0.00000000   0.00000001   0.0000   0.8869  1-[ 3, 0, 1]
  14  -10.264379  -10.275640   0.52812262   0.49920849   0.0000   0.9100  1-[ 1, 1, 0]
  15   -0.373155  -20.166865   1.00000000   0.00000000   0.0000   0.9230  1-[ 1, 0, 1]
  16   18.980194   18.980194   0.00000000   0.00000000   0.0000   0.9102  3+[ 4, 0, 2]
  17   33.294822   33.294822   0.00000000   0.00000000   0.0000   0.8984  3+[ 4, 3, 1]
  18   31.359045   31.359045   0.00000000   0.00000000   0.0000   1.0000  3+[ 4, 2, 2]
  19   28.569262   28.569262   0.00000000   0.00000000   0.0000   0.8777  3+[ 4, 1, 1]
  20    1.786549    1.786549   0.00000000   0.00000001   0.0000   0.8989  3+[ 2, 1, 1]
  21  -10.252737  -10.287283   0.58551592   0.49263275   0.0000   0.8359  3+[ 2, 0, 2]
  22    6.684803    6.684803   0.00000000   0.00000000   0.0000   0.8012  3-[ 3, 1, 2]
  23   20.325260   20.325260   0.00000000   0.00000000   0.0000   0.9955  3-[ 3, 2, 1]
  24   13.544969   13.544969   0.00000000   0.00000000   0.0000   0.7461  3-[ 3, 0, 1]
  25    0.398187  -20.938206   1.00000000   0.00000001   0.0000   0.9431  3-[ 1, 0, 1]
  26   21.421503   21.421503   0.00000000   0.00000000   0.0000   0.9625  5+[ 4, 1, 3]
  27   30.272583   30.272583   0.00000000   0.00000000   0.0000   0.9998  5+[ 4, 2, 2]
  28   21.306963   21.306963   0.00000000   0.00000001   0.0000   0.8859  5+[ 4, 0, 2]
  29   -8.135329  -12.404690   1.00000000   0.00000003   0.0000   0.9222  5+[ 2, 0, 2]
  30   14.118641   14.118641   0.00000000   0.00000000   0.0000   0.8047  5-[ 3, 1, 2]
  31    4.046523    4.046523   0.00000000   0.00000000   0.0000   0.8047  5-[ 3, 0, 3]
  32   25.577523   25.577523   0.00000000   0.00000000   0.0000   0.7209  7+[ 4, 1, 3]
  33   14.978844   14.978844   0.00000000   0.00000000   0.0000   0.7209  7+[ 4, 0, 4]
  34    1.976147    1.976147   0.00000000   0.00000000   0.0000   1.0000  7-[ 3, 0, 3]
  35   11.490542   11.490542   0.00000000   0.00000000   0.0000   1.0000  9+[ 4, 0, 4]
  Sum canonical e_v*V^2_k=  -207.10495622571028     

  NB! From expect (UNPROJECTED RESULTS)

  pairing: CpV0,CpV1,...           0.100000       0.100000       1.000000       1.000000
  forces:   UNE1                          


                             neutrons         protons         total
  Requested part.numbs.      12.000000      12.000000      24.000000
  UnPj(av) part.numbs .      12.000000      12.000000      24.000000
  b0, bz, bp ..........       1.559284       1.564210       1.556827

  lambda (ala) ........     -15.049133     -10.270010
  Lambda (alast) ......     -15.049133     -10.270010
  delta(n,p), pwi .....      -0.000000      -0.000000      60.000000
  pairing energy ......       0.000000       0.000000       0.000000

  rms-radius ..........       3.037567       3.047164       3.042369
  charge-radius, r0 ...                      3.150430       3.461399
  deformation beta2....      -0.425263      -0.425632      -0.425448
  dipole moment[fm] ...       0.000000       0.000000       0.000000
  quadrupole moment[b]       -0.594019      -0.598298      -1.192317
  octupole moment .....       0.000000       0.000000       0.000000
  hexadecapole moment .       0.008893       0.008941       0.017835
  q5 ..................       0.000000       0.000000       0.000000
  q6 ..................      -0.000308      -0.000305      -0.000613
  q7 ..................       0.000000       0.000000       0.000000
  q8 ..................       0.000005       0.000004       0.000009

  <r^0> [fm^0] ........            1.000000            1.000000            1.000000
  <r^2> [fm^2] ........            9.226811            9.285210            9.256011
  <r^4> [fm^4] ........          119.586434          120.896014          120.241224
  <r^6> [fm^6] ........         1924.953991         1952.847605         1938.900798
  <r^8> [fm^8] ........        36490.253793        37121.151559        36805.702676

  kinetic energy ......     218.307201     217.419224     435.726425
  volume energy .......                                  -670.017585
        rho_tau .......                                    -1.857736
        rho_rho .......                                  -668.159849
  surface energy ......                                    65.490931
   rho_DELTA_rho ......                                    65.490931
   (NABLA_rho)^2 ......                                     0.000000
  spin-orbit energy ...                                   -23.068615
        rho_NABLA_J ...                                   -23.068615
        NABLA_rho_J ...                                     0.000000
  coulomb energy ......                                    28.520404
          direct ......                                    33.018666
          exchange ....                                    -4.498262
  tensor energy .......                                     0.000000
  direct Hartree E  ...                                     0.000000
  Extra E .............                                     0.000000
  External field E ....                                     0.000000
  Entropy .............       3.466762       3.448139       6.914901

  tEnergy: ehfb (qp)...                                  -163.348440

  Calculated but not added corrections 
====================================
  cmc-diagonal part ...      -0.000000       0.000000       0.000000
  cmc-hfb .............       0.000000       0.000000       0.000000
  cranking rot corr ...       0.000000       0.000000       0.000000

  SQUJ ................       0.000000       0.000000       0.000000
  CRAN x 4 ............       0.000000       0.000000       0.000000
  Rigit Body ..........       0.000000       0.000000       0.000000


   Blocking candidates are:
   neutron eqpmin=   8.4128111689811269E-003  pwiblo=   5.1031036307982882     
    num=   1 block=   2 state=   1    10 Eqp=   0.00841281  (1-2N)E=  -0.00841281  Ovlp=   0.91058884  1-[ 1, 1, 0]
    num=   2 block=   3 state=   1    16 Eqp=   0.01524191  (1-2N)E=  -0.01524191  Ovlp=   0.83754856  3+[ 2, 0, 2]
    num=   3 block=   1 state=   1     1 Eqp=   0.10077269  (1-2N)E=  -0.10077269  Ovlp=   0.79186342  1+[ 2, 0, 0]
    num=   4 block=   5 state=   1    26 Eqp=   2.14168045  (1-2N)E=  -2.14168045  Ovlp=   0.92433098  5+[ 2, 0, 2]

   Blocking candidates are:
   proton  eqpmin=   5.6304654552413180E-003  pwiblo=   5.1031036307982882     
    num=   1 block=   2 state=   1    10 Eqp=   0.00563047  (1-2N)E=  -0.00563047  Ovlp=   0.91003931  1-[ 1, 1, 0]
    num=   2 block=   3 state=   1    16 Eqp=   0.01727294  (1-2N)E=  -0.01727294  Ovlp=   0.83587723  3+[ 2, 0, 2]
    num=   3 block=   1 state=   1     1 Eqp=   0.10270511  (1-2N)E=  -0.10270511  Ovlp=   0.78746816  1+[ 2, 0, 0]
    num=   4 block=   5 state=   1    26 Eqp=   2.13468038  (1-2N)E=  -2.13468038  Ovlp=   0.92224164  5+[ 2, 0, 2]


