No Skyrme interaction defined in routine skforce()
Multi-threading framework with OpenMP: 1 threads/task

  =======================================
           FORTRAN 95 CODE (KIND= 8) 
               Version: 200d  
  =======================================
       AXIALLY DEFORMED CONFIGURATIONAL  
     HARTREE-FOCK-BOGOLIUBOV CALCULATIONS
                     WITH                
            UNEDF AND DELTA PAIRING      
                     USING               
             HARMONIC-OSCILLATOR         
                   AND/OR                
       TRANSFORMED HARMONIC-OSCILLATOR   
                    BASIS                
                     ---                 
               v1.66  (2005):,           
   Stoitsov,Dobaczewski,Nazarewicz,Ring, 
               v2.00d (2012):,           
         Stoitsov,Schunck,Kortelainen    
  =======================================
    Nucleus: MG (A=  24, N= 12, Z= 12)
       Reflection Symmetry Imposed       
            ( 9/13/2022, 22:55)                               
  =======================================


  ---------------------------------------
           UNEDF Module Version:17
         M.Kortelainen & M.Stoitsov 
  ---------------------------------------

  UNE1 functional
  ----------------------------------
  Crho(0)=   -779.373008720865300    ; Crho(1)=    287.722131583286796    
  CDrho(0)=   891.477890442349690    ; CDrho(1)=  -200.587774317884879    
  Ctau(0)=  -0.989915057807676746    ; Ctau(1)=   -33.6320970701835549    
  CrDr(0)=   -42.4718997115823242    ; CrDr(1)=   -185.233964001188383    
  CrdJ(0)=   -64.2480007619763711    ; CrdJ(1)=   -28.0272587654178800    
  CJ(0)=      0.00000000000000000    ; CJ(1)=      0.00000000000000000    
  CpV0(0)=   0.100000000000000006    ; CpV0(1)=   0.100000000000000006    
  CpV1(0)=    1.00000000000000000    ; CpV1(1)=    1.00000000000000000    
  sigma=     0.270018011502707600    ; hbzero=     20.7355300000000007    
  e^2 chrg=   1.43997840859651305    ; CExPar=     1.00000000000000000    
  c.m. correction: F, chr. density in direct Coul: F
  use tensor terms: F
  use TMR pairing:  0

  Coupling constants in natural units
  -----------------------------------
  Crho_nu(0)=  -0.877667471343921757    ; Crho_nu(1)=   0.324009624211695935    
  CDrho_nu(0)=  0.941450913381434273    ; CDrho_nu(1)= -0.211831998717341041    
  Ctau_nu(0)=  -0.140321584905665799E-01; Ctau_nu(1)=  -0.476738799694694126    
  CrDr_nu(0)=  -0.602044007157793271    ; CrDr_nu(1)=   -2.62571249947140961    
  CrdJ_nu(0)=  -0.910722715331448218    ; CrdJ_nu(1)=  -0.397289579495287537    
  CJ_nu(0)=      0.00000000000000000    ; CJ_nu(1)=      0.00000000000000000    
  CpV0_nu(0)=   0.112611992142809880E-03; CpV0_nu(1)=   0.112611992142809880E-03
  CpV1_nu(0)=   0.887702254206059068E-03; CpV1_nu(1)=   0.887702254206059068E-03
  fpi_nu=        93.0000000000000000    ; Lambda_nu=     700.000000000000000    

  Nuclear matter properties
  ----------------------------------
      E_NM=     -15.8000000000000149      K_NM=     220.0000000000000284
      P_NM=      -0.0000000000000032    RHO_NM=       0.1587067693325870
    ASS_NM=      28.9867890577721070   LASS_NM=      40.0047904804136323
  SMASS_NM=       0.9924233322833640  VMASS_NM=       1.2498385742322700

  Associated (t,x)-coupling constants
  -----------------------------------
  t0=      -2078.32802325564080    ; x0=       0.537569206858470316E-01
  t1=       225.196911718028815    ; x1=       -6.78164705757769593    
  t2=       2014.40926721447454    ; x2=       -1.33581043923550857    
  t3=       14263.6462470775950    ; x3=      -0.162491168089956339    
  b4=       36.2207419965584876    ; b4p=       56.0545175308357599    
  te=      -600.728725726244761    ; to=       -242.886254626955406    
  sigma=   0.270018011502707600    ; hbzero=    20.7355300000000007    

  ---------------------------------------
        Characteristics of the run       
  ---------------------------------------
  Output file ................:     7
  Nucleus ....................:   MG  24
  Number of HO shells ........:     8
  HO length b0 (fm) ..........:     1.55928400372611
  Basis deformation ..........:  beta0=   0.010 q=   1.010
  HO: b0,1/b0,bp,bz,q ........:   0.15592840E+01  0.64131999E+00  0.15568270E+01  0.15642096E+01  0.10095067E+01
  h**2/(2m), cmc, e**2 .......:   0.20735530E+02  0.20735530E+02  0.14399784E+01
  hom=f*41.0_pr*A^{-1/3}, f...:   0.17056687E+02  0.12000000E+01
  THO basis is ...............:  OFF
  Maximal number of iterations:   400
  Initial mixing parameter ...:  0.300
  Initial w.f. ...............:  from   spherical scratch
  Skyrme functional ..........:    UNE1                          
    with direct and exchange Coulomb
  Lipkin-Nogami procedure is .:  OFF
  PAV procedure is ...........:  OFF
  Constraint calculation is ..:   ON
    Constraint 1 .............: lambda=2 Ql=  -0.099
  Temperature T ..............:   0.05 MeV
  Restart indicator ..........:   1
  Broyden mixing (#iterations):   7

  ---------------------------------------
        Harmonic Oscillator Basis        
  ---------------------------------------
  NUV, NQP:                        2501     165
  Comparison with bookkeeping spherical basis:
  n00:                                8       8  Maximal number of shells
  nbx, 2*n00+1:                      17      17  Maximal number of K-blocks
  ntx, (n00+1)*(n00+2)*(n00+3)/6    165     165  Max.num. p/n levels
  nzx, n00:                           8       8  Maximal nz-quantum number
  nrx, n00/2  :                       4       4  Maximal nr-quantum number
  nlx, n00:                           8       8  Maximal ml-quantum number
  ndx, (n00+2)*(n00+2)/4:            25      25  Maximal dim. of one k-block

  Actual basis used
  Number of blocks: nb .......:   17
  Number of levels: nt .......:  165
  Maximal 2*omega : nom ......:   17
  Maximal nz:       nzm ......:    8
  Maximal nr:       nrm ......:    4
  Maximal ml:       nlm ......:    8
  Maximal N=nz+2*nr+nl .......:    8
  2 x biggest block dim. .....:   50
  Non-zero elements of h .....:     1333
  Number of Broyden elements .:     5332

  ---------------------------------------
            Integration Meshes           
  ---------------------------------------
  Number of Gauss-Hermite mesh points ngh ....:  40
  Number of Gauss-Laguerre mesh points ngl ...:  40
  Number of Gauss-Legendre mesh points nleg ..:  80
  Integration boundaries
    Hermite  - from xh(1)  =  0.12379686 to xh(ngh)   = 11.88786356
    Laguerre - From xl(1)  =  0.03570039 to xl(ngl)   =142.28004447
    Legendre - From xleg(1)=  0.00978669 to xleg(nleg)=  0.99988775
  Max.dev.in:     Orthogonality            Normalization
  Hermite     1.5248282503475657E-015   1.0991207943789050E-014
  Laguerre    4.2896485016951012E-015   8.9928064994637680E-015

  Scratch initialization for the nucleus: MG  12  12


  Initial potentials of Saxon-Woods shape 
  v0ws   =  -71.27999878
  kappa  =    0.46160001
  vs0    =   11.11750031   11.11750031
  r0     =    1.23339999    1.23339999
  a      =    0.61500001    0.61500001
  r0-so  =    1.14429998    1.14429998
  a-so   =    0.64760000    0.64760000
  beta00 =    0.01000000

  ### REGULAR STAGE (reflection symmetry imposed)
  |HFB+HO> iterations(b0=  1.559, Nsh=  8, inin=  1, N= 12, Z= 12)...
  ----------------------------------------------------------------------------------------------------------------------------------
  i          si     mix   beta      Etot       A       rn      rp         En      Dn      Ep      Dp        Ln      Lp     time
  ----------------------------------------------------------------------------------------------------------------------------------
   1L  73.90480883 0.30  0.010     0.000000    0.0   0.000   0.000 |   -2.000   1.000  -2.000   1.000 |   -7.000  -7.000   0.000
   2B  36.05255873 0.10  0.009   -68.762390   24.0   2.625   2.625 |    0.000  -0.000   0.000  -0.000 |  -17.169 -17.169  40.327
   3B   9.45929645 0.11 -0.070  -161.217313   24.0   2.991   3.031 |    0.000  -0.000   0.000  -0.000 |  -11.143  -7.689   1.089
   4B   9.78410431 0.10 -0.118  -176.130138   24.0   2.944   2.904 |    0.000  -0.000   0.000  -0.000 |  -11.802  -7.188   1.225
   5B  30.60506809 0.10 -0.168  -118.548676   24.0   2.873   2.971 |    0.000  -0.000   0.000  -0.000 |  -11.699  -8.099   1.256
   6B   8.59228461 0.11 -0.134  -178.884908   24.0   2.887   2.963 |    0.000  -0.000   0.000  -0.000 |  -11.930  -7.646   1.256
   7B   6.81812029 0.13 -0.136  -179.022427   24.0   2.919   2.931 |    0.000  -0.000   0.000  -0.000 |  -12.170  -7.432   1.243
   8B   9.62921853 0.10 -0.135  -176.101881   24.0   2.919   2.926 |    0.000  -0.000   0.000  -0.000 |  -12.138  -7.554   1.347
   9B   2.73333753 0.11 -0.139  -182.654716   24.0   2.916   2.926 |    0.000  -0.000   0.000  -0.000 |  -12.091  -7.559   1.515
  10B   2.26641324 0.13 -0.139  -182.776132   24.0   2.911   2.927 |    0.000   0.000   0.000   0.000 |  -12.124  -7.505   1.475
  11B   2.31275092 0.10 -0.138  -182.773418   24.0   2.907   2.929 |    0.000   0.000   0.000   0.000 |  -12.082  -7.509   1.756
  12L   2.21710351 0.11 -0.131  -182.704085   24.0   2.905   2.927 |    0.000   0.000   0.000   0.000 |  -12.080  -7.433   1.542
  13B  10.88561630 0.10 -0.126  -174.056275   24.0   2.906   2.922 |    0.000   0.000   0.000   0.000 |  -12.091  -7.438   1.531
  14B   2.64236445 0.11 -0.146  -182.556870   24.0   2.912   2.926 |    0.000   0.000   0.000   0.000 |  -12.120  -7.421   1.456
  15B   2.57861717 0.13 -0.141  -182.994235   24.0   2.915   2.924 |    0.000   0.000   0.000   0.000 |  -12.118  -7.429   1.337
  16B   2.45598311 0.14 -0.148  -182.866116   24.0   2.909   2.928 |    0.000   0.000   0.000   0.000 |  -12.100  -7.418   1.656
  17L   3.71841150 0.10 -0.126  -182.129474   24.0   2.905   2.928 |    0.000   0.000   0.000   0.000 |  -12.079  -7.439   1.014
  18B  15.59759110 0.10 -0.121  -166.424223   24.0   2.907   2.918 |    0.000   0.000   0.000   0.000 |  -12.145  -7.430   1.521
  19B   5.20069325 0.11 -0.145  -181.593977   24.0   2.909   2.929 |    0.000   0.000   0.000   0.000 |  -12.101  -7.433   1.337
  20B   2.88731251 0.13 -0.147  -182.307058   24.0   2.908   2.930 |    0.000   0.000   0.000   0.000 |  -12.043  -7.490   1.708
  21B   2.84003717 0.14 -0.151  -183.147823   24.0   2.912   2.930 |    0.000   0.000   0.000   0.000 |  -12.089  -7.437   1.698
  22L   3.68008209 0.10 -0.150  -182.686777   24.0   2.906   2.937 |    0.000   0.000   0.000   0.000 |  -12.040  -7.475   1.544
  23B  11.75631733 0.10 -0.148  -173.247096   24.0   2.916   2.920 |    0.000   0.000   0.000   0.000 |  -12.145  -7.370   1.571
  24B   3.14442456 0.11 -0.154  -183.140850   24.0   2.915   2.928 |    0.000   0.000   0.000   0.000 |  -12.127  -7.416   1.783
  25L   2.73958844 0.13 -0.158  -183.214431   24.0   2.912   2.931 |    0.000   0.000   0.000   0.000 |  -12.099  -7.453   1.711
  26B   3.26004731 0.10 -0.150  -182.754126   24.0   2.912   2.930 |    0.000   0.000   0.000   0.000 |  -12.082  -7.430   1.543
  27L   3.34802545 0.10 -0.147  -182.970226   24.0   2.911   2.930 |    0.000   0.000   0.000   0.000 |  -12.090  -7.442   1.096
  28B   9.88064053 0.10 -0.146  -176.538850   24.0   2.910   2.927 |    0.000   0.000   0.000   0.000 |  -12.089  -7.435   0.987
  29L   2.92144492 0.11 -0.162  -183.297270   24.0   2.915   2.932 |    0.000   0.000   0.000   0.000 |  -12.103  -7.456   1.383
  30L   3.16903489 0.10 -0.156  -183.183079   24.0   2.912   2.932 |    0.000   0.000   0.000   0.000 |  -12.084  -7.438   1.611
  31L   6.54687904 0.10 -0.155  -181.162355   24.0   2.913   2.929 |    0.000   0.000   0.000   0.000 |  -12.076  -7.429   1.277
  32B  26.86142153 0.10 -0.167  -147.178472   24.0   2.903   2.927 |    0.000   0.000   0.000   0.000 |  -12.237  -7.477   1.433
  33L   4.56895016 0.11 -0.174  -182.087831   24.0   2.916   2.936 |    0.000   0.000   0.000   0.000 |  -12.126  -7.482   1.623
  34B  22.79419212 0.10 -0.179  -156.079153   24.0   2.911   2.933 |    0.000   0.000   0.000   0.000 |  -12.164  -7.519   0.823
  35B   5.26547850 0.11 -0.184  -181.703544   24.0   2.921   2.937 |    0.000   0.000   0.000   0.000 |  -12.156  -7.515   1.449
  36L   4.72286217 0.13 -0.177  -181.860114   24.0   2.919   2.937 |    0.000   0.000   0.000   0.000 |  -12.136  -7.486   1.604
  37B  24.59758764 0.10 -0.183  -153.230337   24.0   2.911   2.935 |    0.000   0.000   0.000   0.000 |  -12.171  -7.559   1.544
  38B   4.05257556 0.11 -0.158  -181.945910   24.0   2.915   2.930 |    0.000   0.000   0.000   0.000 |  -12.110  -7.390   1.021
  39B   5.42247752 0.10 -0.152  -181.109781   24.0   2.908   2.936 |    0.000   0.000   0.000   0.000 |  -11.968  -7.534   1.563
  40B   2.65403360 0.11 -0.150  -183.028490   24.0   2.914   2.929 |    0.000   0.000   0.000   0.000 |  -12.120  -7.368   1.494
  41B   4.55327250 0.10 -0.146  -181.872609   24.0   2.907   2.933 |    0.000   0.000   0.000   0.000 |  -12.042  -7.452   1.522
  42L   2.85943392 0.11 -0.135  -182.511409   24.0   2.908   2.928 |    0.000   0.000   0.000   0.000 |  -12.063  -7.423   1.050
  43B  15.23519423 0.10 -0.136  -167.723385   24.0   2.906   2.922 |    0.000   0.000   0.000   0.000 |  -12.129  -7.413   1.418
  44L   3.24434252 0.11 -0.151  -182.372764   24.0   2.912   2.929 |    0.000   0.000   0.000   0.000 |  -12.083  -7.428   1.646
  45B  17.18440201 0.10 -0.151  -163.316688   24.0   2.906   2.927 |    0.000   0.000   0.000   0.000 |  -12.131  -7.443   1.110
  46B   2.99876134 0.11 -0.140  -182.509825   24.0   2.906   2.931 |    0.000   0.000   0.000   0.000 |  -12.047  -7.444   1.541
  47B   6.06382038 0.10 -0.104  -180.271725   24.0   2.903   2.922 |    0.000   0.000   0.000   0.000 |  -12.173  -7.414   1.619
  48B   5.13194896 0.11 -0.079  -179.934840   24.0   2.901   2.920 |    0.000   0.000   0.000   0.000 |  -12.189  -7.445   1.646
  49L   4.35316857 0.13 -0.052  -179.548797   24.0   2.900   2.919 |    0.000   0.000   0.000   0.000 |  -12.215  -7.483   1.173
  50B  18.84167374 0.10 -0.015  -146.772494   24.0   2.896   2.911 |    0.000   0.000   0.000   0.000 |  -11.988  -7.423   1.585
  51B   3.11600610 0.11 -0.085  -180.965546   24.0   2.903   2.918 |    0.000   0.000   0.000   0.000 |  -12.225  -7.430   1.781
  52B   6.28019829 0.10 -0.106  -180.022686   24.0   2.903   2.921 |    0.000   0.000   0.000   0.000 |  -12.126  -7.467   1.582
  53B   1.72271989 0.11 -0.107  -182.481516   24.0   2.905   2.921 |    0.000   0.000   0.000   0.000 |  -12.136  -7.445   1.244
  54B   1.62667227 0.13 -0.101  -182.392034   24.0   2.900   2.924 |    0.000   0.000   0.000   0.000 |  -12.101  -7.483   1.199
  55B   1.70164665 0.10 -0.100  -182.191985   24.0   2.902   2.922 |    0.000   0.000   0.000   0.000 |  -12.126  -7.473   1.474
  56B   1.62216052 0.11 -0.097  -182.315070   24.0   2.903   2.920 |    0.000   0.000   0.000   0.000 |  -12.148  -7.463   1.016
  57B   1.62487210 0.10 -0.096  -182.273452   24.0   2.902   2.921 |    0.000   0.000   0.000   0.000 |  -12.148  -7.468   1.525
  58B   1.61036164 0.11 -0.093  -182.208265   24.0   2.902   2.921 |    0.000   0.000   0.000   0.000 |  -12.154  -7.463   1.516
  59B   1.56366736 0.13 -0.093  -182.217383   24.0   2.902   2.921 |    0.000   0.000   0.000   0.000 |  -12.153  -7.467   1.555
  60L   5.78144001 0.10  0.079  -181.242648   24.0   2.896   2.920 |    0.000   0.000   0.000   0.000 |  -12.161  -7.553   1.610
  61L   6.59620127 0.10  0.114  -181.654379   24.0   2.904   2.919 |    0.000   0.000   0.000   0.000 |  -12.171  -7.473   1.838
  62B   9.36747681 0.10  0.085  -168.349673   24.0   2.895   2.923 |    0.000   0.000   0.000   0.000 |  -12.068  -7.434   1.584
  63B   3.43582680 0.11 -0.053  -180.556218   24.0   2.902   2.916 |    0.000   0.000   0.000   0.000 |  -12.214  -7.485   1.381
  64L   5.24868611 0.10  0.077  -181.122756   24.0   2.903   2.915 |    0.000   0.000   0.000   0.000 |  -12.187  -7.513   1.572
  65B   7.39211872 0.10  0.112  -178.404234   24.0   2.899   2.925 |    0.000   0.000   0.000   0.000 |  -12.116  -7.444   1.515
  66B   2.59549627 0.11 -0.022  -180.629527   24.0   2.902   2.915 |    0.000   0.000   0.000   0.000 |  -12.171  -7.509   1.443
  67B   3.28126365 0.10  0.036  -180.968719   24.0   2.902   2.915 |    0.000   0.000   0.000   0.000 |  -12.179  -7.505   1.294
  68B   3.56945658 0.10  0.039  -181.223626   24.0   2.900   2.917 |    0.000   0.000   0.000   0.000 |  -12.232  -7.539   1.505
  69B   3.31937449 0.11  0.030  -180.309513   24.0   2.894   2.921 |    0.000   0.000   0.000   0.000 |  -12.195  -7.612   1.641
  70B   1.90618211 0.13 -0.061  -181.537006   24.0   2.897   2.918 |    0.000   0.000   0.000   0.000 |  -12.277  -7.583   1.439
  71B   1.48568894 0.14 -0.038  -181.408253   24.0   2.900   2.915 |    0.000   0.000   0.000   0.000 |  -12.257  -7.584   1.029
  72B   0.47870249 0.16 -0.044  -181.614134   24.0   2.898   2.917 |    0.000   0.000   0.000   0.000 |  -12.236  -7.602   1.520
  73B   0.78023594 0.10 -0.041  -181.551988   24.0   2.898   2.917 |    0.000   0.000   0.000   0.000 |  -12.236  -7.581   0.882
  74B   0.63060118 0.11 -0.037  -181.502734   24.0   2.899   2.916 |    0.000   0.000   0.000   0.000 |  -12.240  -7.573   1.654
  75B   0.49654662 0.13 -0.037  -181.550111   24.0   2.898   2.917 |    0.000   0.000   0.000   0.000 |  -12.237  -7.580   1.581
  76B   0.07755089 0.14 -0.037  -181.560369   24.0   2.898   2.917 |    0.000   0.000   0.000   0.000 |  -12.237  -7.579   1.558
  77B   0.09604374 0.10 -0.036  -181.556057   24.0   2.898   2.917 |    0.000   0.000   0.000   0.000 |  -12.237  -7.581   1.474
  78B   0.09988019 0.10 -0.036  -181.555684   24.0   2.898   2.917 |    0.000   0.000   0.000   0.000 |  -12.238  -7.580   1.311
  79B   0.10875798 0.10 -0.036  -181.555677   24.0   2.898   2.917 |    0.000   0.000   0.000   0.000 |  -12.238  -7.580   1.679
  80B   0.29549179 0.10 -0.034  -181.536491   24.0   2.898   2.916 |    0.000   0.000   0.000   0.000 |  -12.240  -7.578   1.555
  81B   0.21928837 0.11 -0.033  -181.528109   24.0   2.898   2.917 |    0.000   0.000   0.000   0.000 |  -12.235  -7.583   1.578
  82B   0.24450416 0.10 -0.032  -181.524996   24.0   2.898   2.917 |    0.000   0.000   0.000   0.000 |  -12.237  -7.582   1.527
  83B   0.17007735 0.11 -0.034  -181.539457   24.0   2.898   2.917 |    0.000   0.000   0.000   0.000 |  -12.236  -7.582   1.350
  84B   0.17453271 0.10 -0.034  -181.537764   24.0   2.898   2.917 |    0.000   0.000   0.000   0.000 |  -12.236  -7.582   1.656
  85B   0.17919669 0.10 -0.034  -181.535017   24.0   2.898   2.917 |    0.000   0.000   0.000   0.000 |  -12.236  -7.583   1.404
  86B   0.20002700 0.10 -0.036  -181.552309   24.0   2.898   2.917 |    0.000   0.000   0.000   0.000 |  -12.234  -7.584   1.533
  87B   0.18033436 0.11 -0.036  -181.554271   24.0   2.898   2.916 |    0.000   0.000   0.000   0.000 |  -12.240  -7.578   1.558
  88B   0.15082178 0.13 -0.038  -181.571511   24.0   2.898   2.917 |    0.000   0.000   0.000   0.000 |  -12.237  -7.579   1.569
  89B   0.25921490 0.10 -0.038  -181.569632   24.0   2.898   2.916 |    0.000   0.000   0.000   0.000 |  -12.242  -7.576   1.204
  90B   0.12659505 0.11 -0.038  -181.570115   24.0   2.898   2.917 |    0.000   0.000   0.000   0.000 |  -12.235  -7.582   1.719
  91B   0.09924126 0.13 -0.037  -181.568954   24.0   2.898   2.917 |    0.000   0.000   0.000   0.000 |  -12.237  -7.580   1.371
  92B   0.05825274 0.14 -0.038  -181.570420   24.0   2.898   2.916 |    0.000   0.000   0.000   0.000 |  -12.238  -7.580   1.765
  93B   0.03601078 0.16 -0.038  -181.572477   24.0   2.898   2.917 |    0.000   0.000   0.000   0.000 |  -12.237  -7.580   1.758
  94B   0.03931173 0.10 -0.038  -181.570972   24.0   2.898   2.917 |    0.000   0.000   0.000   0.000 |  -12.237  -7.580   1.684
  95B   0.02196000 0.11 -0.038  -181.575914   24.0   2.898   2.917 |    0.000   0.000   0.000   0.000 |  -12.237  -7.580   1.666
  96B   0.01504967 0.13 -0.038  -181.577537   24.0   2.898   2.917 |    0.000   0.000   0.000   0.000 |  -12.237  -7.580   1.339
  97B   0.02738288 0.10 -0.039  -181.578984   24.0   2.898   2.917 |    0.000   0.000   0.000   0.000 |  -12.237  -7.580   1.739
  98B   0.04030243 0.10 -0.039  -181.580083   24.0   2.898   2.917 |    0.000   0.000   0.000   0.000 |  -12.237  -7.580   1.486
  99B   0.02499002 0.11 -0.039  -181.580217   24.0   2.898   2.917 |    0.000   0.000   0.000   0.000 |  -12.236  -7.580   1.428
 100B   0.01812572 0.13 -0.039  -181.579568   24.0   2.898   2.917 |    0.000   0.000   0.000   0.000 |  -12.237  -7.580   1.495
 101B   0.08500053 0.10 -0.039  -181.581394   24.0   2.898   2.917 |    0.000   0.000   0.000   0.000 |  -12.237  -7.580   1.674
 102B   0.05661609 0.11 -0.039  -181.583649   24.0   2.898   2.917 |    0.000   0.000   0.000   0.000 |  -12.237  -7.580   1.435
 103B   0.03823104 0.13 -0.039  -181.584022   24.0   2.898   2.917 |    0.000   0.000   0.000   0.000 |  -12.237  -7.580   1.590
 104B   0.03185297 0.14 -0.039  -181.580341   24.0   2.898   2.917 |    0.000   0.000   0.000   0.000 |  -12.237  -7.580   1.370
 105B   0.03270376 0.10 -0.039  -181.581839   24.0   2.898   2.917 |    0.000   0.000   0.000   0.000 |  -12.237  -7.580   1.016
 106B   0.02898203 0.11 -0.039  -181.582499   24.0   2.898   2.917 |    0.000   0.000   0.000   0.000 |  -12.237  -7.580   1.084
 107B   0.08429875 0.10 -0.039  -181.586389   24.0   2.898   2.917 |    0.000   0.000   0.000   0.000 |  -12.238  -7.579   1.414
 108B   0.05177190 0.11 -0.039  -181.586610   24.0   2.898   2.917 |    0.000   0.000   0.000   0.000 |  -12.236  -7.581   1.449
 109B   0.05756009 0.10 -0.040  -181.591918   24.0   2.898   2.917 |    0.000   0.000   0.000   0.000 |  -12.236  -7.581   1.310
 110B   0.14123579 0.10 -0.040  -181.593200   24.0   2.898   2.917 |    0.000   0.000   0.000   0.000 |  -12.236  -7.580   1.009
 111B   0.06609183 0.11 -0.041  -181.597241   24.0   2.898   2.917 |    0.000   0.000   0.000   0.000 |  -12.236  -7.580   1.120
 112B   0.06753678 0.10 -0.041  -181.597653   24.0   2.898   2.917 |    0.000   0.000   0.000   0.000 |  -12.236  -7.580   1.362
 113B   0.06682995 0.11 -0.041  -181.596434   24.0   2.898   2.917 |    0.000   0.000   0.000   0.000 |  -12.236  -7.580   0.946
 114B   0.06346385 0.13 -0.041  -181.596687   24.0   2.898   2.917 |    0.000   0.000   0.000   0.000 |  -12.237  -7.580   1.682
 115B   0.10434561 0.10 -0.041  -181.597918   24.0   2.898   2.917 |    0.000   0.000   0.000   0.000 |  -12.238  -7.579   1.500
 116B   0.09740607 0.11 -0.041  -181.603912   24.0   2.898   2.917 |    0.000   0.000   0.000   0.000 |  -12.239  -7.576   1.434
 117B   0.11289081 0.10 -0.042  -181.609804   24.0   2.898   2.917 |    0.000   0.000   0.000   0.000 |  -12.238  -7.577   1.562
 118B   0.17930166 0.10 -0.044  -181.627259   24.0   2.898   2.917 |    0.000   0.000   0.000   0.000 |  -12.237  -7.576   1.480
 119B   0.18354007 0.10 -0.044  -181.629648   24.0   2.898   2.917 |    0.000   0.000   0.000   0.000 |  -12.237  -7.576   1.813
 120B   0.17060899 0.11 -0.044  -181.630703   24.0   2.898   2.916 |    0.000   0.000   0.000   0.000 |  -12.238  -7.575   1.525
 121B   0.20143929 0.10 -0.045  -181.633792   24.0   2.898   2.916 |    0.000   0.000   0.000   0.000 |  -12.237  -7.577   1.638
 122B   0.18352581 0.11 -0.045  -181.634584   24.0   2.898   2.916 |    0.000   0.000   0.000   0.000 |  -12.236  -7.577   1.484
 123B   0.21980636 0.10 -0.045  -181.638924   24.0   2.898   2.917 |    0.000   0.000   0.000   0.000 |  -12.230  -7.581   1.607
 124B   0.30162482 0.10 -0.047  -181.651639   24.0   2.898   2.917 |    0.000   0.000   0.000   0.000 |  -12.230  -7.581   1.365
 125B   0.25628771 0.11 -0.047  -181.658005   24.0   2.898   2.917 |    0.000   0.000   0.000   0.000 |  -12.233  -7.576   1.515
 126B   0.35274307 0.10 -0.049  -181.670065   24.0   2.898   2.917 |    0.000   0.000   0.000   0.000 |  -12.230  -7.579   1.433
 127B   0.33199511 0.11 -0.049  -181.679638   24.0   2.898   2.917 |    0.000   0.000   0.000   0.000 |  -12.230  -7.577   0.980
 128B   0.34411492 0.10 -0.048  -181.663198   24.0   2.898   2.917 |    0.000   0.000   0.000   0.000 |  -12.230  -7.580   1.181
 129B   0.20539364 0.11 -0.045  -181.636593   24.0   2.898   2.917 |    0.000   0.000   0.000   0.000 |  -12.237  -7.579   1.535
 130B   0.28391067 0.10 -0.048  -181.662951   24.0   2.898   2.917 |    0.000   0.000   0.000   0.000 |  -12.235  -7.576   1.536
 131B   0.51138663 0.10 -0.054  -181.733200   24.0   2.899   2.917 |    0.000   0.000   0.000   0.000 |  -12.232  -7.570   0.950
 132B   0.51175845 0.10 -0.054  -181.733189   24.0   2.899   2.917 |    0.000   0.000   0.000   0.000 |  -12.234  -7.569   1.105
 133B   0.40540793 0.11 -0.052  -181.699263   24.0   2.899   2.916 |    0.000   0.000   0.000   0.000 |  -12.237  -7.568   1.336
 134B   0.45929634 0.10 -0.050  -181.688423   24.0   2.898   2.917 |    0.000   0.000   0.000   0.000 |  -12.235  -7.575   1.042
 135B   0.19735269 0.11 -0.045  -181.631961   24.0   2.898   2.917 |    0.000   0.000   0.000   0.000 |  -12.242  -7.576   1.522
 136B   0.58199313 0.10 -0.054  -181.705406   24.0   2.899   2.916 |    0.000   0.000   0.000   0.000 |  -12.229  -7.575   1.083
 137B   0.54808883 0.11 -0.053  -181.713076   24.0   2.899   2.917 |    0.000   0.000   0.000   0.000 |  -12.230  -7.577   1.557
 138B   0.54745809 0.13 -0.052  -181.708847   24.0   2.899   2.917 |    0.000   0.000   0.000   0.000 |  -12.233  -7.576   1.627
 139B   0.46916526 0.14 -0.053  -181.706788   24.0   2.899   2.917 |    0.000   0.000   0.000   0.000 |  -12.232  -7.573   1.095
 140B   0.53272033 0.10 -0.051  -181.692973   24.0   2.898   2.917 |    0.000   0.000   0.000   0.000 |  -12.224  -7.582   1.487
 141B   0.32741697 0.11 -0.049  -181.673069   24.0   2.899   2.917 |    0.000   0.000   0.000   0.000 |  -12.232  -7.571   1.323
 142B   0.24127923 0.13 -0.047  -181.652617   24.0   2.899   2.916 |    0.000   0.000   0.000   0.000 |  -12.231  -7.573   1.144
 143B   0.23249592 0.14 -0.046  -181.641888   24.0   2.898   2.917 |    0.000   0.000   0.000   0.000 |  -12.229  -7.576   1.138
 144B   0.34729076 0.10 -0.041  -181.578684   24.0   2.898   2.917 |    0.000   0.000   0.000   0.000 |  -12.229  -7.575   1.013
 145B   0.46554478 0.10 -0.042  -181.586116   24.0   2.898   2.917 |    0.000   0.000   0.000   0.000 |  -12.235  -7.572   1.059
 146B   0.37539903 0.11 -0.041  -181.592235   24.0   2.898   2.917 |    0.000   0.000   0.000   0.000 |  -12.235  -7.572   1.292
 147B   0.14026692 0.13 -0.040  -181.585591   24.0   2.898   2.917 |    0.000   0.000   0.000   0.000 |  -12.234  -7.575   0.976
 148B   0.20093059 0.10 -0.039  -181.573990   24.0   2.898   2.917 |    0.000   0.000   0.000   0.000 |  -12.233  -7.573   1.317
 149B   0.17116833 0.11 -0.037  -181.563740   24.0   2.898   2.917 |    0.000   0.000   0.000   0.000 |  -12.232  -7.575   1.044
 150B   0.16296014 0.13 -0.038  -181.567768   24.0   2.898   2.917 |    0.000   0.000   0.000   0.000 |  -12.232  -7.576   1.132
 151B   0.30891593 0.10 -0.035  -181.542705   24.0   2.898   2.917 |    0.000   0.000   0.000   0.000 |  -12.235  -7.575   1.225
 152B   0.24871709 0.11 -0.033  -181.526512   24.0   2.897   2.917 |    0.000   0.000   0.000   0.000 |  -12.228  -7.584   1.573
 153B   0.19269851 0.13 -0.038  -181.564957   24.0   2.898   2.917 |    0.000  -0.000   0.000  -0.000 |  -12.235  -7.575   1.272
 154B   0.91474982 0.10 -0.036  -181.500842   24.0   2.898   2.917 |    0.000  -0.000   0.000  -0.000 |  -12.239  -7.575   1.156
 155B   0.65945109 0.11 -0.037  -181.542134   24.0   2.898   2.916 |    0.000  -0.000   0.000  -0.000 |  -12.239  -7.575   1.475
 156B   0.23535588 0.13 -0.035  -181.548936   24.0   2.898   2.916 |    0.000  -0.000   0.000  -0.000 |  -12.236  -7.583   1.550
 157B   0.31543955 0.10 -0.034  -181.528514   24.0   2.898   2.917 |    0.000  -0.000   0.000  -0.000 |  -12.238  -7.580   1.045
 158B   0.28082546 0.11 -0.033  -181.524877   24.0   2.898   2.917 |    0.000  -0.000   0.000  -0.000 |  -12.231  -7.588   1.107
 159B   0.21398124 0.13 -0.033  -181.531085   24.0   2.898   2.917 |    0.000  -0.000   0.000  -0.000 |  -12.237  -7.581   1.300
 160B   0.23266087 0.10 -0.033  -181.533269   24.0   2.898   2.917 |    0.000  -0.000   0.000  -0.000 |  -12.234  -7.585   1.130
 161B   0.29298014 0.10 -0.031  -181.515990   24.0   2.898   2.916 |    0.000  -0.000   0.000  -0.000 |  -12.241  -7.578   1.574
 162B   0.34158198 0.10 -0.030  -181.513046   24.0   2.898   2.916 |    0.000  -0.000   0.000  -0.000 |  -12.242  -7.580   0.996
 163B   0.30195216 0.11 -0.031  -181.514695   24.0   2.898   2.916 |    0.000  -0.000   0.000  -0.000 |  -12.242  -7.579   1.041
 164B   0.43120738 0.10 -0.030  -181.502898   24.0   2.898   2.916 |    0.000  -0.000   0.000  -0.000 |  -12.243  -7.579   0.955
 165B   0.27083819 0.11 -0.031  -181.521642   24.0   2.898   2.916 |    0.000  -0.000   0.000  -0.000 |  -12.241  -7.582   1.139
 166B   0.25488060 0.13 -0.031  -181.523216   24.0   2.898   2.917 |    0.000  -0.000   0.000  -0.000 |  -12.241  -7.581   1.436
 167B   0.19206259 0.14 -0.033  -181.533413   24.0   2.898   2.917 |    0.000  -0.000   0.000  -0.000 |  -12.239  -7.583   1.467
 168B   0.19690858 0.10 -0.035  -181.549153   24.0   2.898   2.916 |    0.000  -0.000   0.000   0.000 |  -12.241  -7.579   1.056
 169B   0.08787934 0.11 -0.036  -181.561432   24.0   2.898   2.917 |    0.000   0.000   0.000   0.000 |  -12.237  -7.582   1.207
 170B   0.24350949 0.10 -0.037  -181.566582   24.0   2.898   2.916 |    0.000  -0.000   0.000  -0.000 |  -12.240  -7.580   1.270
 171B   0.06619835 0.11 -0.039  -181.584184   24.0   2.898   2.917 |    0.000  -0.000   0.000  -0.000 |  -12.238  -7.580   1.530
 172B   0.12129821 0.10 -0.040  -181.588968   24.0   2.898   2.916 |    0.000  -0.000   0.000  -0.000 |  -12.239  -7.579   1.127
 173B   0.14522893 0.10 -0.040  -181.587432   24.0   2.898   2.916 |    0.000  -0.000   0.000  -0.000 |  -12.239  -7.579   1.587
 174B   0.07691675 0.11 -0.040  -181.588214   24.0   2.898   2.916 |    0.000  -0.000   0.000  -0.000 |  -12.239  -7.580   1.515
 175B   0.07233101 0.13 -0.039  -181.584754   24.0   2.898   2.917 |    0.000  -0.000   0.000  -0.000 |  -12.238  -7.581   1.615
 176B   0.06509978 0.14 -0.039  -181.581982   24.0   2.898   2.916 |    0.000  -0.000   0.000  -0.000 |  -12.238  -7.581   1.419
 177B   0.05735848 0.16 -0.039  -181.580268   24.0   2.898   2.917 |    0.000  -0.000   0.000  -0.000 |  -12.238  -7.581   1.075
 178B   0.11003041 0.10 -0.039  -181.578765   24.0   2.898   2.917 |    0.000  -0.000   0.000  -0.000 |  -12.236  -7.583   1.113
 179B   0.08859765 0.11 -0.039  -181.580557   24.0   2.898   2.917 |    0.000  -0.000   0.000  -0.000 |  -12.239  -7.580   1.639
 180B   0.23681814 0.10 -0.042  -181.602859   24.0   2.898   2.917 |    0.000  -0.000   0.000   0.000 |  -12.238  -7.579   1.591
 181B   0.22576405 0.11 -0.041  -181.596882   24.0   2.898   2.916 |    0.000  -0.000   0.000  -0.000 |  -12.241  -7.577   1.184
 182B   0.36900214 0.10 -0.042  -181.598478   24.0   2.898   2.916 |    0.000  -0.000   0.000  -0.000 |  -12.239  -7.578   1.121
 183B   0.15889054 0.11 -0.043  -181.621939   24.0   2.898   2.917 |    0.000  -0.000   0.000  -0.000 |  -12.236  -7.580   1.057
 184B   0.15640639 0.13 -0.044  -181.622986   24.0   2.898   2.917 |    0.000  -0.000   0.000  -0.000 |  -12.237  -7.579   1.348
 185B   0.21797147 0.10 -0.043  -181.619895   24.0   2.898   2.917 |    0.000  -0.000   0.000   0.000 |  -12.237  -7.579   1.438
 186B   0.48174475 0.10 -0.044  -181.595090   24.0   2.898   2.917 |    0.000  -0.000   0.000  -0.000 |  -12.233  -7.581   0.943
 187B   0.07668604 0.11 -0.037  -181.566292   24.0   2.898   2.917 |    0.000   0.000   0.000   0.000 |  -12.237  -7.581   1.020
 188B   0.19521515 0.10 -0.037  -181.565406   24.0   2.898   2.916 |    0.000  -0.000   0.000  -0.000 |  -12.240  -7.578   1.187
 189B   0.13435975 0.11 -0.039  -181.580967   24.0   2.898   2.917 |    0.000   0.000   0.000  -0.000 |  -12.238  -7.579   1.030
 190B   0.14226546 0.10 -0.038  -181.575899   24.0   2.898   2.916 |    0.000  -0.000   0.000  -0.000 |  -12.239  -7.579   0.939
 191B   0.30465169 0.10 -0.038  -181.569988   24.0   2.898   2.916 |    0.000   0.000   0.000   0.000 |  -12.237  -7.580   1.105
 192B   0.03811463 0.11 -0.039  -181.584708   24.0   2.898   2.917 |    0.000  -0.000   0.000  -0.000 |  -12.236  -7.581   0.985
 193B   0.08162823 0.10 -0.040  -181.591406   24.0   2.898   2.917 |    0.000  -0.000   0.000  -0.000 |  -12.237  -7.580   0.951
 194B   0.05979144 0.11 -0.041  -181.596071   24.0   2.898   2.917 |    0.000  -0.000   0.000   0.000 |  -12.237  -7.580   1.117
 195B   0.07580241 0.10 -0.040  -181.593349   24.0   2.898   2.917 |    0.000  -0.000   0.000  -0.000 |  -12.237  -7.580   1.495
 196B   0.08617822 0.10 -0.039  -181.580907   24.0   2.898   2.917 |    0.000   0.000   0.000   0.000 |  -12.236  -7.581   1.522
 197B   0.04753472 0.11 -0.039  -181.580519   24.0   2.898   2.917 |    0.000   0.000   0.000  -0.000 |  -12.238  -7.580   0.990
 198B   0.10808623 0.10 -0.040  -181.592758   24.0   2.898   2.917 |    0.000   0.000   0.000  -0.000 |  -12.238  -7.579   1.043
 199B   0.13200828 0.10 -0.041  -181.597100   24.0   2.898   2.917 |    0.000  -0.000   0.000  -0.000 |  -12.239  -7.578   0.890
 200B   0.19081669 0.10 -0.041  -181.597853   24.0   2.898   2.917 |    0.000  -0.000   0.000   0.000 |  -12.237  -7.579   1.069
 201B   0.10598413 0.11 -0.042  -181.610254   24.0   2.898   2.917 |    0.000   0.000   0.000   0.000 |  -12.236  -7.579   1.280
 202B   0.10619154 0.10 -0.042  -181.607158   24.0   2.898   2.917 |    0.000  -0.000   0.000  -0.000 |  -12.236  -7.580   1.042
 203B   0.23225595 0.10 -0.040  -181.584778   24.0   2.898   2.917 |    0.000  -0.000   0.000   0.000 |  -12.236  -7.581   1.105
 204B   0.02882797 0.11 -0.038  -181.576176   24.0   2.898   2.916 |    0.000   0.000   0.000   0.000 |  -12.237  -7.581   0.873
 205B   0.04349032 0.10 -0.038  -181.570969   24.0   2.898   2.917 |    0.000  -0.000   0.000   0.000 |  -12.237  -7.581   0.819
 206B   0.04328848 0.11 -0.038  -181.569984   24.0   2.898   2.917 |    0.000  -0.000   0.000   0.000 |  -12.238  -7.580   1.624
 207B   0.11200565 0.10 -0.038  -181.569678   24.0   2.898   2.917 |    0.000   0.000   0.000   0.000 |  -12.239  -7.580   1.039
 208B   0.05103470 0.11 -0.038  -181.574653   24.0   2.898   2.917 |    0.000  -0.000   0.000   0.000 |  -12.239  -7.579   1.201
 209B   0.09506109 0.10 -0.038  -181.574866   24.0   2.898   2.917 |    0.000  -0.000   0.000   0.000 |  -12.238  -7.580   0.976
 210B   0.05131363 0.11 -0.040  -181.592940   24.0   2.898   2.917 |    0.000   0.000   0.000   0.000 |  -12.237  -7.579   0.986
 211B   0.05176053 0.10 -0.040  -181.592036   24.0   2.898   2.917 |    0.000   0.000   0.000   0.000 |  -12.237  -7.580   1.059
 212B   0.09215853 0.10 -0.040  -181.591232   24.0   2.898   2.917 |    0.000   0.000   0.000   0.000 |  -12.237  -7.580   1.663
 213B   0.05660304 0.11 -0.040  -181.591569   24.0   2.898   2.917 |    0.000   0.000   0.000   0.000 |  -12.237  -7.580   1.111
 214B   0.08116234 0.10 -0.040  -181.593158   24.0   2.898   2.917 |    0.000   0.000   0.000   0.000 |  -12.235  -7.582   0.983
 215B   0.05384335 0.11 -0.040  -181.588572   24.0   2.898   2.917 |    0.000   0.000   0.000   0.000 |  -12.237  -7.580   0.752
 216B   0.05460404 0.10 -0.040  -181.591401   24.0   2.898   2.917 |    0.000  -0.000   0.000   0.000 |  -12.237  -7.580   1.109
 217B   0.24383673 0.10 -0.042  -181.605020   24.0   2.898   2.916 |    0.000  -0.000   0.000   0.000 |  -12.238  -7.578   1.397
 218B   0.16998897 0.11 -0.044  -181.626297   24.0   2.898   2.917 |    0.000   0.000   0.000  -0.000 |  -12.236  -7.578   1.049
 219B   0.16640892 0.13 -0.044  -181.621321   24.0   2.898   2.917 |    0.000   0.000   0.000   0.000 |  -12.237  -7.577   0.936
 220B   0.15088850 0.14 -0.043  -181.620084   24.0   2.898   2.917 |    0.000  -0.000   0.000   0.000 |  -12.237  -7.578   0.847
 221B   0.13636015 0.16 -0.043  -181.616598   24.0   2.898   2.917 |    0.000  -0.000   0.000   0.000 |  -12.236  -7.579   1.059
 222B   0.14726459 0.10 -0.043  -181.618822   24.0   2.898   2.917 |    0.000  -0.000   0.000   0.000 |  -12.237  -7.578   0.880
 223B   0.13666251 0.11 -0.043  -181.616299   24.0   2.898   2.917 |    0.000   0.000   0.000   0.000 |  -12.235  -7.580   1.008
 224B   0.10317544 0.13 -0.041  -181.599260   24.0   2.898   2.916 |    0.000   0.000   0.000  -0.000 |  -12.238  -7.576   1.051
 225B   0.23663816 0.10 -0.044  -181.620570   24.0   2.898   2.917 |    0.000  -0.000   0.000  -0.000 |  -12.231  -7.580   1.065
 226B   0.39133388 0.10 -0.042  -181.603292   24.0   2.898   2.917 |    0.000  -0.000   0.000   0.000 |  -12.236  -7.575   1.060
 227B   0.11089961 0.11 -0.042  -181.608037   24.0   2.898   2.917 |    0.000  -0.000   0.000  -0.000 |  -12.235  -7.577   1.050
 228B   0.08788943 0.13 -0.042  -181.604493   24.0   2.898   2.917 |    0.000  -0.000   0.000  -0.000 |  -12.234  -7.578   0.971
 229B   0.08271994 0.14 -0.041  -181.602713   24.0   2.898   2.917 |    0.000   0.000   0.000   0.000 |  -12.234  -7.578   1.005
 230B   0.07669489 0.16 -0.041  -181.599332   24.0   2.898   2.917 |    0.000   0.000   0.000   0.000 |  -12.235  -7.577   0.898
 231B   0.06100415 0.18 -0.041  -181.595405   24.0   2.898   2.917 |    0.000  -0.000   0.000  -0.000 |  -12.236  -7.577   0.957
 232B   0.07523811 0.10 -0.040  -181.588388   24.0   2.898   2.917 |    0.000   0.000   0.000   0.000 |  -12.234  -7.579   0.886
 233B   0.06866000 0.11 -0.038  -181.577032   24.0   2.898   2.917 |    0.000  -0.000   0.000   0.000 |  -12.235  -7.578   1.091
 234B   0.09889824 0.10 -0.038  -181.572760   24.0   2.898   2.917 |    0.000  -0.000   0.000   0.000 |  -12.237  -7.577   1.512
 235B   0.13448386 0.10 -0.039  -181.583051   24.0   2.898   2.917 |    0.000   0.000   0.000  -0.000 |  -12.234  -7.579   0.974
 236B   0.06290325 0.11 -0.039  -181.583921   24.0   2.898   2.917 |    0.000   0.000   0.000  -0.000 |  -12.235  -7.578   0.955
 237B   0.04364945 0.13 -0.039  -181.585056   24.0   2.898   2.917 |    0.000  -0.000   0.000  -0.000 |  -12.235  -7.578   1.031
 238B   0.04400245 0.10 -0.039  -181.585010   24.0   2.898   2.917 |    0.000  -0.000   0.000  -0.000 |  -12.235  -7.578   0.883
 239B   0.03891420 0.11 -0.040  -181.586421   24.0   2.898   2.917 |    0.000  -0.000   0.000  -0.000 |  -12.234  -7.578   0.995
 240B   0.04518088 0.10 -0.040  -181.588513   24.0   2.898   2.917 |    0.000  -0.000   0.000  -0.000 |  -12.234  -7.579   0.936
 241B   0.06468810 0.10 -0.040  -181.587055   24.0   2.898   2.917 |    0.000  -0.000   0.000  -0.000 |  -12.235  -7.578   1.149
 242B   0.15502726 0.10 -0.039  -181.581941   24.0   2.898   2.916 |    0.000   0.000   0.000  -0.000 |  -12.239  -7.576   1.007
 243B   0.03306187 0.11 -0.040  -181.589485   24.0   2.898   2.917 |    0.000  -0.000   0.000  -0.000 |  -12.236  -7.579   0.830
 244B   0.02963675 0.13 -0.040  -181.588588   24.0   2.898   2.917 |    0.000  -0.000   0.000  -0.000 |  -12.235  -7.579   1.387
 245B   0.03011671 0.10 -0.040  -181.588731   24.0   2.898   2.917 |    0.000  -0.000   0.000  -0.000 |  -12.236  -7.579   0.953
 246B   0.05518546 0.10 -0.040  -181.588121   24.0   2.898   2.917 |    0.000  -0.000   0.000  -0.000 |  -12.236  -7.579   1.051
 247B   0.03137795 0.11 -0.040  -181.588361   24.0   2.898   2.917 |    0.000  -0.000   0.000  -0.000 |  -12.236  -7.579   0.976
 248B   0.02884875 0.13 -0.040  -181.587722   24.0   2.898   2.917 |    0.000  -0.000   0.000  -0.000 |  -12.236  -7.579   0.981
 249B   0.02397034 0.14 -0.040  -181.586547   24.0   2.898   2.917 |    0.000  -0.000   0.000  -0.000 |  -12.236  -7.579   0.938
 250B   0.01507681 0.16 -0.039  -181.584784   24.0   2.898   2.917 |    0.000  -0.000   0.000   0.000 |  -12.236  -7.579   1.103
 251B   0.02876825 0.10 -0.039  -181.583606   24.0   2.898   2.917 |    0.000   0.000   0.000  -0.000 |  -12.236  -7.579   0.844
 252B   0.04190446 0.10 -0.039  -181.581351   24.0   2.898   2.917 |    0.000  -0.000   0.000  -0.000 |  -12.237  -7.578   0.982
 253B   0.01677881 0.11 -0.038  -181.576913   24.0   2.898   2.917 |    0.000   0.000   0.000  -0.000 |  -12.237  -7.579   1.126
 254B   0.01562508 0.13 -0.038  -181.577083   24.0   2.898   2.917 |    0.000   0.000   0.000  -0.000 |  -12.237  -7.579   0.910
 255B   0.01626697 0.10 -0.038  -181.577582   24.0   2.898   2.917 |    0.000  -0.000   0.000   0.000 |  -12.237  -7.579   1.049
 256B   0.02080144 0.10 -0.039  -181.578206   24.0   2.898   2.917 |    0.000  -0.000   0.000  -0.000 |  -12.237  -7.579   0.919
 257B   0.01995417 0.11 -0.039  -181.578341   24.0   2.898   2.917 |    0.000   0.000   0.000   0.000 |  -12.237  -7.579   1.011
 258B   0.02078029 0.10 -0.039  -181.578854   24.0   2.898   2.917 |    0.000   0.000   0.000  -0.000 |  -12.236  -7.579   0.970
 259B   0.02141400 0.10 -0.039  -181.578258   24.0   2.898   2.917 |    0.000   0.000   0.000  -0.000 |  -12.236  -7.579   1.480
 260B   0.08361039 0.10 -0.038  -181.573664   24.0   2.898   2.917 |    0.000   0.000   0.000  -0.000 |  -12.236  -7.580   1.171
 261B   0.02058370 0.11 -0.038  -181.575796   24.0   2.898   2.917 |    0.000   0.000   0.000  -0.000 |  -12.237  -7.579   1.057
 262B   0.01639346 0.13 -0.038  -181.577070   24.0   2.898   2.917 |    0.000   0.000   0.000  -0.000 |  -12.237  -7.579   1.111
 263B   0.02934145 0.10 -0.038  -181.575764   24.0   2.898   2.917 |    0.000   0.000   0.000  -0.000 |  -12.237  -7.579   1.477
 264B   0.01483135 0.11 -0.038  -181.577093   24.0   2.898   2.917 |    0.000   0.000   0.000  -0.000 |  -12.237  -7.579   1.237
 265B   0.01523979 0.10 -0.038  -181.577415   24.0   2.898   2.917 |    0.000   0.000   0.000   0.000 |  -12.237  -7.579   1.030
 266B   0.00982642 0.11 -0.039  -181.579051   24.0   2.898   2.917 |    0.000  -0.000   0.000   0.000 |  -12.237  -7.579   1.104
 267B   0.01310900 0.10 -0.039  -181.579618   24.0   2.898   2.917 |    0.000  -0.000   0.000   0.000 |  -12.237  -7.579   1.213
 268B   0.00773562 0.11 -0.039  -181.580711   24.0   2.898   2.917 |    0.000  -0.000   0.000   0.000 |  -12.237  -7.580   0.889
 269B   0.01360226 0.10 -0.039  -181.580952   24.0   2.898   2.917 |    0.000   0.000   0.000  -0.000 |  -12.237  -7.579   0.986
 270B   0.00654327 0.11 -0.039  -181.581245   24.0   2.898   2.917 |    0.000   0.000   0.000  -0.000 |  -12.237  -7.579   1.164
 271B   0.00657940 0.10 -0.039  -181.581237   24.0   2.898   2.917 |    0.000   0.000   0.000  -0.000 |  -12.237  -7.579   0.772
 272B   0.01299249 0.10 -0.039  -181.581593   24.0   2.898   2.917 |    0.000   0.000   0.000   0.000 |  -12.237  -7.579   1.144
 273B   0.00558049 0.11 -0.039  -181.580158   24.0   2.898   2.917 |    0.000   0.000   0.000   0.000 |  -12.237  -7.579   0.981
 274B   0.01273528 0.10 -0.039  -181.580004   24.0   2.898   2.917 |    0.000   0.000   0.000   0.000 |  -12.237  -7.579   0.915
 275B   0.00598325 0.11 -0.039  -181.580038   24.0   2.898   2.917 |    0.000  -0.000   0.000   0.000 |  -12.237  -7.579   1.000
 276B   0.00660336 0.10 -0.039  -181.579879   24.0   2.898   2.917 |    0.000  -0.000   0.000   0.000 |  -12.237  -7.579   1.372
 277B   0.00488124 0.11 -0.039  -181.580218   24.0   2.898   2.917 |    0.000  -0.000   0.000   0.000 |  -12.237  -7.579   1.065
 278B   0.00656906 0.10 -0.039  -181.580135   24.0   2.898   2.917 |    0.000  -0.000   0.000   0.000 |  -12.237  -7.579   1.045
 279B   0.00348352 0.11 -0.039  -181.580073   24.0   2.898   2.917 |    0.000  -0.000   0.000   0.000 |  -12.237  -7.579   0.965
 280B   0.00311334 0.13 -0.039  -181.580179   24.0   2.898   2.917 |    0.000   0.000   0.000   0.000 |  -12.237  -7.579   0.942
 281B   0.00325321 0.10 -0.039  -181.580085   24.0   2.898   2.917 |    0.000   0.000   0.000   0.000 |  -12.237  -7.579   1.031
 282B   0.00269252 0.11 -0.039  -181.580264   24.0   2.898   2.917 |    0.000   0.000   0.000  -0.000 |  -12.237  -7.579   0.935
 283B   0.00270783 0.10 -0.039  -181.580201   24.0   2.898   2.917 |    0.000  -0.000   0.000  -0.000 |  -12.237  -7.579   0.994
 284B   0.00249765 0.11 -0.039  -181.580317   24.0   2.898   2.917 |    0.000  -0.000   0.000   0.000 |  -12.237  -7.579   1.245
 285B   0.00355042 0.10 -0.039  -181.580482   24.0   2.898   2.917 |    0.000  -0.000   0.000   0.000 |  -12.237  -7.579   1.084
 286B   0.00214354 0.11 -0.039  -181.580502   24.0   2.898   2.917 |    0.000  -0.000   0.000  -0.000 |  -12.237  -7.579   1.063
 287B   0.00229621 0.10 -0.039  -181.580618   24.0   2.898   2.917 |    0.000  -0.000   0.000   0.000 |  -12.237  -7.579   0.956
 288B   0.00532487 0.10 -0.039  -181.580890   24.0   2.898   2.917 |    0.000  -0.000   0.000   0.000 |  -12.237  -7.579   1.304
 289B   0.00147308 0.11 -0.039  -181.580786   24.0   2.898   2.917 |    0.000   0.000   0.000   0.000 |  -12.237  -7.579   1.005
 290B   0.00219919 0.10 -0.039  -181.581081   24.0   2.898   2.917 |    0.000  -0.000   0.000  -0.000 |  -12.237  -7.579   0.877
 291B   0.00100001 0.11 -0.039  -181.580955   24.0   2.898   2.917 |    0.000   0.000   0.000   0.000 |  -12.237  -7.579   0.867
 292B   0.00177652 0.10 -0.039  -181.580951   24.0   2.898   2.917 |    0.000   0.000   0.000  -0.000 |  -12.237  -7.579   1.010
 293B   0.00116172 0.11 -0.039  -181.580965   24.0   2.898   2.917 |    0.000  -0.000   0.000   0.000 |  -12.237  -7.579   1.079
 294B   0.00376979 0.10 -0.039  -181.581101   24.0   2.898   2.917 |    0.000  -0.000   0.000   0.000 |  -12.237  -7.579   0.679
 295B   0.00215572 0.11 -0.039  -181.581258   24.0   2.898   2.917 |    0.000   0.000   0.000  -0.000 |  -12.237  -7.579   1.078
 296B   0.00320361 0.10 -0.039  -181.581668   24.0   2.898   2.917 |    0.000  -0.000   0.000  -0.000 |  -12.237  -7.579   1.122
 297B   0.00387554 0.10 -0.039  -181.581508   24.0   2.898   2.917 |    0.000   0.000   0.000  -0.000 |  -12.237  -7.579   0.995
 298B   0.00307679 0.11 -0.039  -181.581563   24.0   2.898   2.917 |    0.000  -0.000   0.000  -0.000 |  -12.237  -7.579   1.136
 299B   0.00186079 0.13 -0.039  -181.581322   24.0   2.898   2.917 |    0.000  -0.000   0.000  -0.000 |  -12.237  -7.579   0.744
 300B   0.00366311 0.10 -0.039  -181.581491   24.0   2.898   2.917 |    0.000   0.000   0.000   0.000 |  -12.237  -7.579   1.191
 301B   0.00213766 0.11 -0.039  -181.581160   24.0   2.898   2.917 |    0.000   0.000   0.000  -0.000 |  -12.237  -7.579   0.728
 302B   0.01059474 0.10 -0.039  -181.581465   24.0   2.898   2.917 |    0.000   0.000   0.000   0.000 |  -12.237  -7.579   1.120
 303B   0.00541162 0.11 -0.039  -181.581626   24.0   2.898   2.917 |    0.000   0.000   0.000   0.000 |  -12.236  -7.579   0.953
 304B   0.00616094 0.10 -0.039  -181.581918   24.0   2.898   2.917 |    0.000  -0.000   0.000  -0.000 |  -12.236  -7.579   1.184
 305B   0.00409380 0.11 -0.039  -181.581861   24.0   2.898   2.917 |    0.000  -0.000   0.000   0.000 |  -12.236  -7.579   1.158
 306B   0.00343883 0.13 -0.039  -181.581686   24.0   2.898   2.917 |    0.000  -0.000   0.000  -0.000 |  -12.236  -7.579   1.144
 307B   0.00324521 0.14 -0.039  -181.581655   24.0   2.898   2.917 |    0.000  -0.000   0.000  -0.000 |  -12.236  -7.579   0.750
 308B   0.00241149 0.16 -0.039  -181.581453   24.0   2.898   2.917 |    0.000  -0.000   0.000   0.000 |  -12.236  -7.579   0.665
 309B   0.00121887 0.18 -0.039  -181.581096   24.0   2.898   2.917 |    0.000  -0.000   0.000   0.000 |  -12.237  -7.579   0.944
 310B   0.00233777 0.10 -0.039  -181.580622   24.0   2.898   2.917 |    0.000  -0.000   0.000   0.000 |  -12.237  -7.579   0.660
 311B   0.00379803 0.10 -0.039  -181.580909   24.0   2.898   2.917 |    0.000   0.000   0.000  -0.000 |  -12.237  -7.579   0.966
 312B   0.00138051 0.11 -0.039  -181.580865   24.0   2.898   2.917 |    0.000   0.000   0.000  -0.000 |  -12.237  -7.579   0.709
 313B   0.00135141 0.13 -0.039  -181.580899   24.0   2.898   2.917 |    0.000   0.000   0.000  -0.000 |  -12.237  -7.579   0.978
 314B   0.00078281 0.14 -0.039  -181.580745   24.0   2.898   2.917 |    0.000   0.000   0.000   0.000 |  -12.237  -7.579   1.015
 315B   0.00084292 0.10 -0.039  -181.580785   24.0   2.898   2.917 |    0.000   0.000   0.000   0.000 |  -12.237  -7.579   0.917
 316B   0.00069344 0.11 -0.039  -181.580856   24.0   2.898   2.917 |    0.000  -0.000   0.000   0.000 |  -12.237  -7.579   0.936
 317B   0.00031203 0.13 -0.039  -181.580945   24.0   2.898   2.917 |    0.000  -0.000   0.000   0.000 |  -12.237  -7.579   0.977
 318B   0.00049728 0.10 -0.039  -181.580932   24.0   2.898   2.917 |    0.000   0.000   0.000   0.000 |  -12.237  -7.579   0.962
 319B   0.00039407 0.11 -0.039  -181.580841   24.0   2.898   2.917 |    0.000   0.000   0.000   0.000 |  -12.237  -7.579   1.032
 320B   0.00046726 0.10 -0.039  -181.580922   24.0   2.898   2.917 |    0.000  -0.000   0.000  -0.000 |  -12.237  -7.579   0.868
 321B   0.00082164 0.10 -0.039  -181.580906   24.0   2.898   2.917 |    0.000  -0.000   0.000  -0.000 |  -12.237  -7.579   0.749
 322B   0.00060642 0.11 -0.039  -181.580905   24.0   2.898   2.917 |    0.000  -0.000   0.000  -0.000 |  -12.237  -7.579   1.199
 323B   0.00007802 0.13 -0.039  -181.580902   24.0   2.898   2.917 |    0.000  -0.000   0.000  -0.000 |  -12.237  -7.579   1.780
 324B   0.00024136 0.10 -0.039  -181.580889   24.0   2.898   2.917 |    0.000  -0.000   0.000  -0.000 |  -12.237  -7.579   1.296
 325B   0.00016198 0.11 -0.039  -181.580888   24.0   2.898   2.917 |    0.000  -0.000   0.000  -0.000 |  -12.237  -7.579   0.999
 326B   0.00013644 0.13 -0.039  -181.580893   24.0   2.898   2.917 |    0.000  -0.000   0.000  -0.000 |  -12.237  -7.579   0.777
 327B   0.00001208 0.14 -0.039  -181.580892   24.0   2.898   2.917 |    0.000  -0.000   0.000  -0.000 |  -12.237  -7.579   1.255
 328B   0.00001284 0.10 -0.039  -181.580893   24.0   2.898   2.917 |    0.000   0.000   0.000  -0.000 |  -12.237  -7.579   1.010
 329B   0.00000744 0.11 -0.039  -181.580893   24.0   2.898   2.917 |    0.000  -0.000   0.000  -0.000 |  -12.237  -7.579   0.719
 330B   0.00003229 0.10 -0.039  -181.580891   24.0   2.898   2.917 |    0.000  -0.000   0.000  -0.000 |  -12.237  -7.579   1.065
 331B   0.00001557 0.11 -0.039  -181.580891   24.0   2.898   2.917 |    0.000  -0.000   0.000   0.000 |  -12.237  -7.579   1.111
 332B   0.00000677 0.13 -0.039  -181.580890   24.0   2.898   2.917 |    0.000  -0.000   0.000  -0.000 |  -12.237  -7.579   0.662
 333B   0.00000739 0.10 -0.039  -181.580889   24.0   2.898   2.917 |    0.000  -0.000   0.000  -0.000 |  -12.237  -7.579   0.733
 334B   0.00001590 0.10 -0.039  -181.580888   24.0   2.898   2.917 |    0.000  -0.000   0.000  -0.000 |  -12.237  -7.579   0.815
 335B   0.00000873 0.11 -0.039  -181.580889   24.0   2.898   2.917 |    0.000  -0.000   0.000  -0.000 |  -12.237  -7.579   0.702
 336B   0.00000787 0.13 -0.039  -181.580890   24.0   2.898   2.917 |    0.000   0.000   0.000  -0.000 |  -12.237  -7.579   0.577
 337B   0.00001147 0.10 -0.039  -181.580889   24.0   2.898   2.917 |    0.000   0.000   0.000  -0.000 |  -12.237  -7.579   0.650
 338B   0.00001405 0.10 -0.039  -181.580889   24.0   2.898   2.917 |    0.000  -0.000   0.000   0.000 |  -12.237  -7.579   0.644
 339B   0.00000874 0.11 -0.039  -181.580890   24.0   2.898   2.917 |    0.000   0.000   0.000   0.000 |  -12.237  -7.579   0.852
 340B   0.00000906 0.10 -0.039  -181.580890   24.0   2.898   2.917 |    0.000   0.000   0.000   0.000 |  -12.237  -7.579   0.705
 341B   0.00000844 0.11 -0.039  -181.580890   24.0   2.898   2.917 |    0.000  -0.000   0.000   0.000 |  -12.237  -7.579   0.589
 342B   0.00004151 0.10 -0.039  -181.580886   24.0   2.898   2.917 |    0.000  -0.000   0.000  -0.000 |  -12.237  -7.579   0.657
 343B   0.00002172 0.11 -0.039  -181.580885   24.0   2.898   2.917 |    0.000  -0.000   0.000  -0.000 |  -12.237  -7.579   0.896
 344B   0.00002579 0.10 -0.039  -181.580885   24.0   2.898   2.917 |    0.000  -0.000   0.000  -0.000 |  -12.237  -7.579   0.640
 345B   0.00002612 0.10 -0.039  -181.580885   24.0   2.898   2.917 |    0.000  -0.000   0.000   0.000 |  -12.237  -7.579   0.633
 346B   0.00002790 0.10 -0.039  -181.580884   24.0   2.898   2.917 |    0.000  -0.000   0.000  -0.000 |  -12.237  -7.579   0.538
 347B   0.00002887 0.10 -0.039  -181.580884   24.0   2.898   2.917 |    0.000  -0.000   0.000   0.000 |  -12.237  -7.579   0.687
 348B   0.00002963 0.10 -0.039  -181.580883   24.0   2.898   2.917 |    0.000   0.000   0.000   0.000 |  -12.237  -7.579   0.560
 349B   0.00003413 0.10 -0.039  -181.580883   24.0   2.898   2.917 |    0.000  -0.000   0.000   0.000 |  -12.237  -7.579   0.878
 350B   0.00003862 0.10 -0.039  -181.580882   24.0   2.898   2.917 |    0.000  -0.000   0.000   0.000 |  -12.237  -7.579   0.566
 351B   0.00003685 0.11 -0.039  -181.580882   24.0   2.898   2.917 |    0.000  -0.000   0.000   0.000 |  -12.237  -7.579   1.092
 352B   0.00003524 0.13 -0.039  -181.580882   24.0   2.898   2.917 |    0.000  -0.000   0.000   0.000 |  -12.237  -7.579   0.583
 353B   0.00003378 0.14 -0.039  -181.580884   24.0   2.898   2.917 |    0.000   0.000   0.000   0.000 |  -12.237  -7.579   0.636
 354B   0.00003091 0.16 -0.039  -181.580884   24.0   2.898   2.917 |    0.000   0.000   0.000   0.000 |  -12.237  -7.579   0.671
 355B   0.00002728 0.18 -0.039  -181.580884   24.0   2.898   2.917 |    0.000   0.000   0.000  -0.000 |  -12.237  -7.579   0.681
 356B   0.00003163 0.10 -0.039  -181.580886   24.0   2.898   2.917 |    0.000   0.000   0.000  -0.000 |  -12.237  -7.579   0.562
 357B   0.00003727 0.10 -0.039  -181.580889   24.0   2.898   2.917 |    0.000   0.000   0.000   0.000 |  -12.237  -7.579   0.582
 358B   0.00004746 0.10 -0.039  -181.580889   24.0   2.898   2.917 |    0.000   0.000   0.000   0.000 |  -12.237  -7.579   0.659
 359B   0.00001620 0.11 -0.039  -181.580891   24.0   2.898   2.917 |    0.000   0.000   0.000   0.000 |  -12.237  -7.579   0.566
 360B   0.00001407 0.13 -0.039  -181.580891   24.0   2.898   2.917 |    0.000  -0.000   0.000  -0.000 |  -12.237  -7.579   0.670
 361B   0.00001454 0.10 -0.039  -181.580890   24.0   2.898   2.917 |    0.000  -0.000   0.000   0.000 |  -12.237  -7.579   0.677
 362B   0.00001490 0.10 -0.039  -181.580891   24.0   2.898   2.917 |    0.000  -0.000   0.000   0.000 |  -12.237  -7.579   0.469
 363B   0.00001574 0.10 -0.039  -181.580892   24.0   2.898   2.917 |    0.000  -0.000   0.000  -0.000 |  -12.237  -7.579   0.524
 364B   0.00002681 0.10 -0.039  -181.580893   24.0   2.898   2.917 |    0.000  -0.000   0.000  -0.000 |  -12.237  -7.579   0.653
 365B   0.00002919 0.10 -0.039  -181.580898   24.0   2.898   2.917 |    0.000  -0.000   0.000   0.000 |  -12.237  -7.579   0.567
 366B   0.00003759 0.10 -0.039  -181.580893   24.0   2.898   2.917 |    0.000  -0.000   0.000  -0.000 |  -12.237  -7.579   0.712
 367B   0.00006111 0.10 -0.039  -181.580891   24.0   2.898   2.917 |    0.000   0.000   0.000  -0.000 |  -12.237  -7.579   0.510
 368B   0.00001461 0.11 -0.039  -181.580890   24.0   2.898   2.917 |    0.000   0.000   0.000  -0.000 |  -12.237  -7.579   0.584
 369B   0.00002223 0.10 -0.039  -181.580889   24.0   2.898   2.917 |    0.000   0.000   0.000  -0.000 |  -12.237  -7.579   0.567
 370B   0.00002882 0.10 -0.039  -181.580889   24.0   2.898   2.917 |    0.000  -0.000   0.000  -0.000 |  -12.237  -7.579   0.680
 371B   0.00002911 0.10 -0.039  -181.580894   24.0   2.898   2.917 |    0.000  -0.000   0.000  -0.000 |  -12.237  -7.579   0.567
 372B   0.00006239 0.10 -0.039  -181.580897   24.0   2.898   2.917 |    0.000   0.000   0.000  -0.000 |  -12.237  -7.579   0.586
 373B   0.00005107 0.11 -0.039  -181.580901   24.0   2.898   2.917 |    0.000  -0.000   0.000   0.000 |  -12.237  -7.579   0.611
 374B   0.00005645 0.10 -0.039  -181.580904   24.0   2.898   2.917 |    0.000  -0.000   0.000   0.000 |  -12.237  -7.579   0.504
 375B   0.00005558 0.11 -0.039  -181.580904   24.0   2.898   2.917 |    0.000  -0.000   0.000   0.000 |  -12.237  -7.579   0.541
 376B   0.00005647 0.10 -0.039  -181.580904   24.0   2.898   2.917 |    0.000  -0.000   0.000  -0.000 |  -12.237  -7.579   0.597
 377B   0.00004847 0.11 -0.039  -181.580902   24.0   2.898   2.917 |    0.000   0.000   0.000   0.000 |  -12.237  -7.579   0.527
 378B   0.00005410 0.10 -0.039  -181.580904   24.0   2.898   2.917 |    0.000   0.000   0.000   0.000 |  -12.237  -7.579   0.517
 379B   0.00009616 0.10 -0.039  -181.580903   24.0   2.898   2.917 |    0.000   0.000   0.000   0.000 |  -12.237  -7.579   0.585
 380B   0.00006738 0.11 -0.039  -181.580907   24.0   2.898   2.917 |    0.000   0.000   0.000   0.000 |  -12.237  -7.579   0.618
 381B   0.00005282 0.13 -0.039  -181.580905   24.0   2.898   2.917 |    0.000   0.000   0.000   0.000 |  -12.237  -7.579   0.609
 382B   0.00004260 0.14 -0.039  -181.580902   24.0   2.898   2.917 |    0.000   0.000   0.000   0.000 |  -12.237  -7.579   0.487
 383B   0.00004092 0.16 -0.039  -181.580897   24.0   2.898   2.917 |    0.000   0.000   0.000  -0.000 |  -12.237  -7.579   0.493
 384B   0.00004105 0.10 -0.039  -181.580893   24.0   2.898   2.917 |    0.000  -0.000   0.000  -0.000 |  -12.237  -7.579   0.533
 385B   0.00004403 0.10 -0.039  -181.580893   24.0   2.898   2.917 |    0.000   0.000   0.000  -0.000 |  -12.237  -7.579   0.571
 386B   0.00026185 0.10 -0.039  -181.580890   24.0   2.898   2.917 |    0.000   0.000   0.000  -0.000 |  -12.237  -7.579   0.623
 387B   0.00003409 0.11 -0.039  -181.580890   24.0   2.898   2.917 |    0.000  -0.000   0.000  -0.000 |  -12.237  -7.579   0.623
 388B   0.00002963 0.13 -0.039  -181.580886   24.0   2.898   2.917 |    0.000   0.000   0.000   0.000 |  -12.237  -7.579   0.539
 389B   0.00002362 0.14 -0.039  -181.580889   24.0   2.898   2.917 |    0.000   0.000   0.000   0.000 |  -12.237  -7.579   0.563
 390B   0.00003383 0.10 -0.039  -181.580883   24.0   2.898   2.917 |    0.000  -0.000   0.000   0.000 |  -12.237  -7.579   0.492
 391B   0.00002741 0.11 -0.039  -181.580884   24.0   2.898   2.917 |    0.000   0.000   0.000  -0.000 |  -12.237  -7.579   0.495
 392B   0.00003527 0.10 -0.039  -181.580882   24.0   2.898   2.917 |    0.000  -0.000   0.000  -0.000 |  -12.237  -7.579   0.526
 393B   0.00006368 0.10 -0.039  -181.580884   24.0   2.898   2.917 |    0.000  -0.000   0.000  -0.000 |  -12.237  -7.579   0.515
 394B   0.00007879 0.10 -0.039  -181.580875   24.0   2.898   2.917 |    0.000  -0.000   0.000   0.000 |  -12.237  -7.579   0.632
 395B   0.00011794 0.10 -0.039  -181.580882   24.0   2.898   2.917 |    0.000  -0.000   0.000   0.000 |  -12.237  -7.579   0.544
 396B   0.00004057 0.11 -0.039  -181.580880   24.0   2.898   2.917 |    0.000   0.000   0.000   0.000 |  -12.237  -7.579   0.591
 397B   0.00004220 0.10 -0.039  -181.580885   24.0   2.898   2.917 |    0.000  -0.000   0.000   0.000 |  -12.237  -7.579   0.738
 398B   0.00010770 0.10 -0.039  -181.580877   24.0   2.898   2.917 |    0.000  -0.000   0.000   0.000 |  -12.237  -7.579   0.624
 399B   0.00004952 0.11 -0.039  -181.580879   24.0   2.898   2.917 |    0.000  -0.000   0.000  -0.000 |  -12.237  -7.579   0.492
 400B   0.00003875 0.13 -0.039  -181.580881   24.0   2.898   2.917 |    0.000  -0.000   0.000   0.000 |  -12.237  -7.579   0.500
 401B   0.00003380 0.14 -0.039  -181.580883   24.0   2.898   2.917 |    0.000  -0.000   0.000  -0.000 |  -12.237  -7.579   0.000
  ----------------------------------------------------------------------------------------------------------------------------------
  *   iterations limit interrupt after 401 steps   si=     0.0000337971 ho= -1 tho=  0
  ----------------------------------------------------------------------------------------------------------------------------------
  Total CPU time=   8.163 minutes

  Writing to wel_file: s012_012.hel
 __________________________________  
  The tape s012_012.hel recorded:     
  nucname,npr,ngh,ngl,n00,nb,nt      
  b0,beta0,si,etot,rms,bet,xmix      
  pairing:     CpV0,CpV1,pwi         
  delta:       del,ept               
  lambda:      ala,ala2,alast,tz     
  asymptotic:  varmas,ass,skass      
  ntx,nb,nhhdim,id,N_rz,n_r,n_z      
  Omega2,Sigma2,Parity,Lambda        
  matrices(inbro):    hh,de          
  *all blocking candidates           
 __________________________________  


  NB! From expect (UNPROJECTED RESULTS)

  pairing: CpV0,CpV1,...           0.100000       0.100000       1.000000       1.000000
  forces:   UNE1                          


                             neutrons         protons         total
  Requested part.numbs.      12.000000      12.000000      24.000000
  UnPj(av) part.numbs .      12.000000      12.000000      24.000000
  b0, bz, bp ..........       1.559284       1.564210       1.556827

  lambda (ala) ........     -12.236556      -7.579183
  Lambda (alast) ......     -12.236556      -7.579183
  delta(n,p), pwi .....      -0.000000       0.000000      60.000000
  pairing energy ......       0.000000       0.000000       0.000000

  rms-radius ..........       2.898048       2.916606       2.907342
  charge-radius, r0 ...                      3.024333       3.461399
  deformation beta2....      -0.038942      -0.038705      -0.038823
  dipole moment[fm] ...       0.000000       0.000000       0.000000
  quadrupole moment[b]       -0.049514      -0.049844      -0.099358
  octupole moment .....       0.000000       0.000000       0.000000
  hexadecapole moment .      -0.000036      -0.000041      -0.000076
  q5 ..................       0.000000       0.000000       0.000000
  q6 ..................       0.000000       0.000000       0.000000
  q7 ..................       0.000000       0.000000       0.000000
  q8 ..................      -0.000000      -0.000000      -0.000000

  <r^0> [fm^0] ........            1.000000            1.000000            1.000000
  <r^2> [fm^2] ........            8.398680            8.506592            8.452636
  <r^4> [fm^4] ........          101.177477          104.193439          102.685458
  <r^6> [fm^6] ........         1578.287826         1659.212884         1618.750355
  <r^8> [fm^8] ........        30373.268350        32691.556269        31532.412310

  kinetic energy ......     211.375989     208.700075     420.076065
  volume energy .......                                  -661.057973
        rho_tau .......                                    -1.852894
        rho_rho .......                                  -659.205079
  surface energy ......                                    50.693362
   rho_DELTA_rho ......                                    50.693362
   (NABLA_rho)^2 ......                                     0.000000
  spin-orbit energy ...                                   -20.584206
        rho_NABLA_J ...                                   -20.584206
        NABLA_rho_J ...                                     0.000000
  coulomb energy ......                                    29.291867
          direct ......                                    33.738661
          exchange ....                                    -4.446794
  tensor energy .......                                     0.000000
  direct Hartree E  ...                                     0.000000
  Extra E .............                                     0.000000
  External field E ....                                     0.000000
  Entropy .............       3.647187       3.645380       7.292567

  tEnergy: ehfb (qp)...                                  -181.580884

  Calculated but not added corrections 
====================================
  cmc-diagonal part ...       0.000000      -0.000000       0.000000
  cmc-hfb .............       0.000000       0.000000       0.000000
  cranking rot corr ...       0.000000       0.000000       0.000000

  SQUJ ................       0.000000       0.000000       0.000000
  CRAN x 4 ............       0.000000       0.000000       0.000000
  Rigit Body ..........       0.000000       0.000000       0.000000


   Blocking candidates are:
   neutron eqpmin=   9.0163572733137839E-003  pwiblo=   5.1031036307982882     
    num=   1 block=   1 state=   1     1 Eqp=   0.00901636  (1-2N)E=  -0.00901636  Ovlp=   0.62296094  1+[ 2, 1, 1]
    num=   2 block=   3 state=   1    32 Eqp=   0.02931393  (1-2N)E=  -0.02931393  Ovlp=   0.86247596  3+[ 2, 1, 1]
    num=   3 block=   5 state=   1    56 Eqp=   0.07332642  (1-2N)E=  -0.07332642  Ovlp=   0.97358461  5+[ 2, 0, 2]
    num=   4 block=   1 state=   2     2 Eqp=   1.99053685  (1-2N)E=   1.99053685  Ovlp=   0.74412576  1+[ 2, 0, 0]

   Blocking candidates are:
   proton  eqpmin=   8.8566588763116134E-003  pwiblo=   5.1031036307982882     
    num=   1 block=   1 state=   1     1 Eqp=   0.00885666  (1-2N)E=  -0.00885666  Ovlp=   0.62098604  1+[ 2, 1, 1]
    num=   2 block=   3 state=   1    31 Eqp=   0.02934312  (1-2N)E=  -0.02934312  Ovlp=   0.85975447  3+[ 2, 1, 1]
    num=   3 block=   5 state=   1    54 Eqp=   0.07354272  (1-2N)E=  -0.07354272  Ovlp=   0.97056028  5+[ 2, 0, 2]
    num=   4 block=   1 state=   2     2 Eqp=   1.95241633  (1-2N)E=   1.95241633  Ovlp=   0.73795271  1+[ 2, 0, 0]



 HFBTHO_SOLVER ended without errors

