
  =======================================
           FORTRAN 95 CODE (KIND= 8) 
               Version: 200d  
  =======================================
       AXIALLY DEFORMED CONFIGURATIONAL  
     HARTREE-FOCK-BOGOLIUBOV CALCULATIONS
                     WITH                
            UNEDF AND DELTA PAIRING      
                     USING               
             HARMONIC-OSCILLATOR         
                   AND/OR                
       TRANSFORMED HARMONIC-OSCILLATOR   
                    BASIS                
                     ---                 
               v1.66  (2005):,           
   Stoitsov,Dobaczewski,Nazarewicz,Ring, 
               v2.00d (2012):,           
         Stoitsov,Schunck,Kortelainen    
  =======================================
    Nucleus: MG (A=  24, N= 12, Z= 12)
       Reflection Symmetry Imposed       
            ( 9/13/2022, 20:11)                               
  =======================================


  ---------------------------------------
           UNEDF Module Version:17
         M.Kortelainen & M.Stoitsov 
  ---------------------------------------

  UNE1 functional
  ----------------------------------
  Crho(0)=   -779.373008720865300    ; Crho(1)=    287.722131583286796    
  CDrho(0)=   891.477890442349690    ; CDrho(1)=  -200.587774317884879    
  Ctau(0)=  -0.989915057807676746    ; Ctau(1)=   -33.6320970701835549    
  CrDr(0)=   -46.0050662718249015    ; CrDr(1)=   -115.736838468971726    
  CrdJ(0)=   -75.9246339593380526    ; CrdJ(1)=   -41.2106756391289295    
  CJ(0)=      0.00000000000000000    ; CJ(1)=      0.00000000000000000    
  CpV0(0)=   0.100000000000000006    ; CpV0(1)=   0.100000000000000006    
  CpV1(0)=    1.00000000000000000    ; CpV1(1)=    1.00000000000000000    
  sigma=     0.270018011502707600    ; hbzero=     20.7355300000000007    
  e^2 chrg=   1.43997840859651305    ; CExPar=     1.00000000000000000    
  c.m. correction: F, chr. density in direct Coul: F
  use tensor terms: F
  use TMR pairing:  0

  Coupling constants in natural units
  -----------------------------------
  Crho_nu(0)=  -0.877667471343921757    ; Crho_nu(1)=   0.324009624211695935    
  CDrho_nu(0)=  0.941450913381434273    ; CDrho_nu(1)= -0.211831998717341041    
  Ctau_nu(0)=  -0.140321584905665799E-01; Ctau_nu(1)=  -0.476738799694694126    
  CrDr_nu(0)=  -0.652127044844574177    ; CrDr_nu(1)=   -1.64058284373449403    
  CrdJ_nu(0)=   -1.07624031845232460    ; CrdJ_nu(1)=  -0.584166012538761770    
  CJ_nu(0)=      0.00000000000000000    ; CJ_nu(1)=      0.00000000000000000    
  CpV0_nu(0)=   0.112611992142809880E-03; CpV0_nu(1)=   0.112611992142809880E-03
  CpV1_nu(0)=   0.887702254206059068E-03; CpV1_nu(1)=   0.887702254206059068E-03
  fpi_nu=        93.0000000000000000    ; Lambda_nu=     700.000000000000000    

  Nuclear matter properties
  ----------------------------------
      E_NM=     -15.8000000000000149      K_NM=     220.0000000000000284
      P_NM=      -0.0000000000000032    RHO_NM=       0.1587067693325870
    ASS_NM=      28.9867890577721070   LASS_NM=      40.0047904804136323
  SMASS_NM=       0.9924233322833640  VMASS_NM=       1.2498385742322700

  Associated (t,x)-coupling constants
  -----------------------------------
  t0=      -2078.32802325564080    ; x0=       0.537569206858470316E-01
  t1=       244.040466705989218    ; x1=       -4.01839399916347695    
  t2=       1254.26303988286986    ; x2=       -1.39908356884867224    
  t3=       14263.6462470775950    ; x3=      -0.162491168089956339    
  b4=       34.7139583202091231    ; b4p=       82.4213512782578590    
  te=      -374.569213025559236    ; to=       -172.524698390183062    
  sigma=   0.270018011502707600    ; hbzero=    20.7355300000000007    

  ---------------------------------------
        Characteristics of the run       
  ---------------------------------------
  Output file ................:     7
  Nucleus ....................:   MG  24
  Number of HO shells ........:     8
  HO length b0 (fm) ..........:     1.55928400372611
  Basis deformation ..........:  beta0=   0.010 q=   1.010
  HO: b0,1/b0,bp,bz,q ........:   0.15592840E+01  0.64131999E+00  0.15568270E+01  0.15642096E+01  0.10095067E+01
  h**2/(2m), cmc, e**2 .......:   0.20735530E+02  0.20735530E+02  0.14399784E+01
  hom=f*41.0_pr*A^{-1/3}, f...:   0.17056687E+02  0.12000000E+01
  THO basis is ...............:  OFF
  Maximal number of iterations:   400
  Initial mixing parameter ...:  0.300
  Initial w.f. ...............:  from   spherical scratch
  Skyrme functional ..........:    UNE1                          
    with direct and exchange Coulomb
  Lipkin-Nogami procedure is .:  OFF
  PAV procedure is ...........:  OFF
  Constraint calculation is ..:   ON
    Constraint 1 .............: lambda=2 Ql=   1.490
  Temperature T ..............:   0.05 MeV
  Restart indicator ..........:   1
  Broyden mixing (#iterations):   7

  ---------------------------------------
        Harmonic Oscillator Basis        
  ---------------------------------------
  NUV, NQP:                        2501     165
  Comparison with bookkeeping spherical basis:
  n00:                                8       8  Maximal number of shells
  nbx, 2*n00+1:                      17      17  Maximal number of K-blocks
  ntx, (n00+1)*(n00+2)*(n00+3)/6    165     165  Max.num. p/n levels
  nzx, n00:                           8       8  Maximal nz-quantum number
  nrx, n00/2  :                       4       4  Maximal nr-quantum number
  nlx, n00:                           8       8  Maximal ml-quantum number
  ndx, (n00+2)*(n00+2)/4:            25      25  Maximal dim. of one k-block

  Actual basis used
  Number of blocks: nb .......:   17
  Number of levels: nt .......:  165
  Maximal 2*omega : nom ......:   17
  Maximal nz:       nzm ......:    8
  Maximal nr:       nrm ......:    4
  Maximal ml:       nlm ......:    8
  Maximal N=nz+2*nr+nl .......:    8
  2 x biggest block dim. .....:   50
  Non-zero elements of h .....:     1333
  Number of Broyden elements .:     5332

  ---------------------------------------
            Integration Meshes           
  ---------------------------------------
  Number of Gauss-Hermite mesh points ngh ....:  40
  Number of Gauss-Laguerre mesh points ngl ...:  40
  Number of Gauss-Legendre mesh points nleg ..:  80
  Integration boundaries
    Hermite  - from xh(1)  =  0.12379686 to xh(ngh)   = 11.88786356
    Laguerre - From xl(1)  =  0.03570039 to xl(ngl)   =142.28004447
    Legendre - From xleg(1)=  0.00978669 to xleg(nleg)=  0.99988775
  Max.dev.in:     Orthogonality            Normalization
  Hermite     1.5248282503475657E-015   1.0991207943789050E-014
  Laguerre    4.2896485016951012E-015   8.9928064994637680E-015

  Scratch initialization for the nucleus: MG  12  12


  Initial potentials of Saxon-Woods shape 
  v0ws   =  -71.27999878
  kappa  =    0.46160001
  vs0    =   11.11750031   11.11750031
  r0     =    1.23339999    1.23339999
  a      =    0.61500001    0.61500001
  r0-so  =    1.14429998    1.14429998
  a-so   =    0.64760000    0.64760000
  beta00 =    0.01000000

  ### REGULAR STAGE (reflection symmetry imposed)
  |HFB+HO> iterations(b0=  1.559, Nsh=  8, inin=  1, N= 12, Z= 12)...
  ----------------------------------------------------------------------------------------------------------------------------------
  i          si     mix   beta      Etot       A       rn      rp         En      Dn      Ep      Dp        Ln      Lp     time
  ----------------------------------------------------------------------------------------------------------------------------------
   1L  73.90480883 0.30  0.010     0.000000    0.0   0.000   0.000 |   -2.000   1.000  -2.000   1.000 |   -7.000  -7.000   0.000
   2B  61.49712223 0.10  0.009   -52.009610   24.0   2.625   2.625 |    0.000  -0.000   0.000  -0.000 |  -17.169 -17.169  38.945
   3B  11.58660835 0.11  0.464  -152.233311   24.0   3.142   3.201 |    0.000  -0.000   0.000  -0.000 |  -12.215  -8.969   1.021
   4B   9.73540899 0.13  0.727  -162.320571   24.0   3.387   3.352 |    0.000  -0.000   0.000  -0.000 |  -15.515 -11.129   1.093
   5B  16.99601516 0.10  0.887  -138.960871   24.0   3.501   3.658 |    0.000  -0.000   0.000  -0.000 |  -16.684 -12.899   1.099
   6B  32.49973846 0.10  0.917  -138.356853   24.0   3.701   3.576 |    0.000  -0.000   0.000  -0.000 |  -16.854 -12.594   1.017
   7B  31.97996748 0.11  0.889  -162.939140   24.0   3.594   3.614 |    0.000  -0.000   0.000  -0.000 |  -16.156 -11.823   1.191
   8B  29.30627011 0.13  0.843  -165.559831   24.0   3.531   3.538 |    0.000  -0.000   0.000  -0.000 |  -15.584 -11.242   1.223
   9B  16.93586812 0.14  0.710  -175.621857   24.0   3.348   3.356 |    0.000  -0.000   0.000  -0.000 |  -14.145  -9.973   1.478
  10B   8.76440273 0.16  0.620  -181.480304   24.0   3.237   3.235 |    0.000  -0.000   0.000  -0.000 |  -13.713  -9.177   1.360
  11B   3.40903321 0.18  0.540  -185.131989   24.0   3.130   3.148 |    0.000  -0.000   0.000  -0.000 |  -12.991  -8.879   1.315
  12B   2.15790639 0.21  0.512  -186.458677   24.0   3.098   3.122 |    0.000  -0.000   0.000  -0.000 |  -12.815  -8.462   1.322
  13B   2.26389671 0.10  0.483  -187.265165   24.0   3.079   3.082 |    0.000  -0.000   0.000  -0.000 |  -12.474  -8.137   1.380
  14B   1.63161528 0.11  0.502  -186.887583   24.0   3.079   3.104 |    0.000  -0.000   0.000  -0.000 |  -12.174  -7.998   1.242
  15B   1.78335204 0.10  0.499  -186.970275   24.0   3.067   3.099 |    0.000   0.000   0.000   0.000 |  -11.947  -7.428   1.270
  16B   0.48415063 0.11  0.507  -187.103627   24.0   3.081   3.105 |    0.000  -0.000   0.000  -0.000 |  -11.947  -7.428   1.312
  17B   0.26245055 0.13  0.510  -187.034707   24.0   3.086   3.106 |    0.000  -0.000   0.000  -0.000 |  -12.155  -7.674   1.363
  18B   0.26031207 0.14  0.511  -187.020819   24.0   3.086   3.106 |    0.000  -0.000   0.000  -0.000 |  -12.155  -7.674   1.237
  19B   0.10428848 0.16  0.513  -186.995763   24.0   3.086   3.108 |    0.000  -0.000   0.000  -0.000 |  -12.155  -7.674   1.254
  20B   0.06593158 0.18  0.513  -186.983921   24.0   3.087   3.108 |    0.000  -0.000   0.000  -0.000 |  -12.155  -7.674   1.358
  21B   0.03839004 0.21  0.513  -186.983281   24.0   3.087   3.108 |    0.000  -0.000   0.000  -0.000 |  -12.155  -7.674   1.326
  22B   0.02843972 0.24  0.513  -186.985788   24.0   3.087   3.108 |    0.000  -0.000   0.000  -0.000 |  -12.155  -7.674   1.354
  23B   0.00900845 0.27  0.513  -186.987118   24.0   3.087   3.108 |    0.000   0.000   0.000   0.000 |  -12.155  -7.674   1.315
  24B   0.00956861 0.10  0.513  -186.988570   24.0   3.086   3.108 |    0.000   0.000   0.000   0.000 |  -12.155  -7.674   1.172
  25B   0.00951740 0.11  0.513  -186.988955   24.0   3.086   3.108 |    0.000   0.000   0.000   0.000 |  -12.155  -7.674   1.419
  26B   0.00997514 0.10  0.513  -186.989098   24.0   3.086   3.108 |    0.000   0.000   0.000   0.000 |  -12.155  -7.674   1.311
  27B   0.00904033 0.11  0.513  -186.988842   24.0   3.086   3.108 |    0.000   0.000   0.000   0.000 |  -12.155  -7.674   1.271
  28B   0.00878989 0.13  0.513  -186.988726   24.0   3.086   3.108 |    0.000  -0.000   0.000  -0.000 |  -12.155  -7.674   1.409
  29B   0.00751832 0.14  0.513  -186.988380   24.0   3.086   3.108 |    0.000  -0.000   0.000  -0.000 |  -12.155  -7.674   1.202
  30B   0.00555600 0.16  0.513  -186.987835   24.0   3.087   3.108 |    0.000  -0.000   0.000  -0.000 |  -12.155  -7.674   1.284
  31B   0.00344393 0.18  0.513  -186.987223   24.0   3.087   3.108 |    0.000  -0.000   0.000  -0.000 |  -12.155  -7.674   1.315
  32B   0.00207638 0.21  0.513  -186.986741   24.0   3.087   3.108 |    0.000  -0.000   0.000  -0.000 |  -12.155  -7.674   1.217
  33B   0.00083486 0.24  0.513  -186.986466   24.0   3.087   3.108 |    0.000  -0.000   0.000  -0.000 |  -12.155  -7.674   1.110
  34B   0.00071923 0.27  0.513  -186.986411   24.0   3.087   3.108 |    0.000   0.000   0.000   0.000 |  -12.155  -7.674   1.032
  35B   0.00042933 0.30  0.513  -186.986289   24.0   3.087   3.108 |    0.000   0.000   0.000   0.000 |  -12.155  -7.674   1.370
  36B   0.00020817 0.34  0.513  -186.986264   24.0   3.087   3.108 |    0.000   0.000   0.000   0.000 |  -12.155  -7.674   1.364
  37B   0.00016501 0.38  0.513  -186.986269   24.0   3.087   3.108 |    0.000   0.000   0.000   0.000 |  -12.155  -7.674   1.012
  38B   0.00012317 0.43  0.513  -186.986252   24.0   3.087   3.108 |    0.000   0.000   0.000   0.000 |  -12.155  -7.674   1.386
  39B   0.00005753 0.49  0.513  -186.986249   24.0   3.087   3.108 |    0.000   0.000   0.000   0.000 |  -12.155  -7.674   0.894
  40B   0.00005301 0.55  0.513  -186.986249   24.0   3.087   3.108 |    0.000   0.000   0.000   0.000 |  -12.155  -7.674   1.103
  41B   0.00003887 0.63  0.513  -186.986250   24.0   3.087   3.108 |    0.000  -0.000   0.000  -0.000 |  -12.155  -7.674   1.357
  42B   0.00001769 0.71  0.513  -186.986251   24.0   3.087   3.108 |    0.000  -0.000   0.000  -0.000 |  -12.155  -7.674   1.420
  43B   0.00000964 0.80  0.513  -186.986253   24.0   3.087   3.108 |    0.000  -0.000   0.000  -0.000 |  -12.155  -7.674   1.048
  44B   0.00001356 0.10  0.513  -186.986254   24.0   3.087   3.108 |    0.000  -0.000   0.000  -0.000 |  -12.155  -7.674   1.310
  45B   0.00001374 0.10  0.513  -186.986254   24.0   3.087   3.108 |    0.000  -0.000   0.000  -0.000 |  -12.155  -7.674   1.464
  46B   0.00001232 0.11  0.513  -186.986254   24.0   3.087   3.108 |    0.000  -0.000   0.000  -0.000 |  -12.155  -7.674   1.324
  47B   0.00001112 0.13  0.513  -186.986253   24.0   3.087   3.108 |    0.000  -0.000   0.000  -0.000 |  -12.155  -7.674   1.312
  48B   0.00000879 0.14  0.513  -186.986253   24.0   3.087   3.108 |    0.000  -0.000   0.000  -0.000 |  -12.155  -7.674   1.423
  49B   0.00000702 0.16  0.513  -186.986252   24.0   3.087   3.108 |    0.000  -0.000   0.000  -0.000 |  -12.155  -7.674   1.371
  50B   0.00000496 0.18  0.513  -186.986252   24.0   3.087   3.108 |    0.000  -0.000   0.000  -0.000 |  -12.155  -7.674   0.773
  51B   0.00000377 0.21  0.513  -186.986251   24.0   3.087   3.108 |    0.000  -0.000   0.000  -0.000 |  -12.155  -7.674   1.573
  52B   0.00000247 0.24  0.513  -186.986251   24.0   3.087   3.108 |    0.000  -0.000   0.000  -0.000 |  -12.155  -7.674   1.492
  53B   0.00000130 0.27  0.513  -186.986250   24.0   3.087   3.108 |    0.000  -0.000   0.000  -0.000 |  -12.155  -7.674   1.437
  54B   0.00000100 0.30  0.513  -186.986250   24.0   3.087   3.108 |    0.000  -0.000   0.000  -0.000 |  -12.155  -7.674   1.365
  55B   0.00000068 0.34  0.513  -186.986250   24.0   3.087   3.108 |    0.000  -0.000   0.000  -0.000 |  -12.155  -7.674   1.307
  56B   0.00000017 0.38  0.513  -186.986250   24.0   3.087   3.108 |    0.000  -0.000   0.000  -0.000 |  -12.155  -7.674   1.339
  57B   0.00000012 0.43  0.513  -186.986250   24.0   3.087   3.108 |    0.000  -0.000   0.000  -0.000 |  -12.155  -7.674   1.323
  58B   0.00000014 0.10  0.513  -186.986250   24.0   3.087   3.108 |    0.000  -0.000   0.000  -0.000 |  -12.155  -7.674   1.382
  59B   0.00000007 0.11  0.513  -186.986250   24.0   3.087   3.108 |    0.000   0.000   0.000   0.000 |  -12.155  -7.674   1.278
  60B   0.00000009 0.10  0.513  -186.986250   24.0   3.087   3.108 |    0.000   0.000   0.000   0.000 |  -12.155  -7.674   1.386
  61B   0.00000006 0.11  0.513  -186.986250   24.0   3.087   3.108 |    0.000   0.000   0.000   0.000 |  -12.155  -7.674   0.878
  62B   0.00000006 0.10  0.513  -186.986250   24.0   3.087   3.108 |    0.000   0.000   0.000   0.000 |  -12.155  -7.674   1.304
  63B   0.00000007 0.10  0.513  -186.986250   24.0   3.087   3.108 |    0.000   0.000   0.000   0.000 |  -12.155  -7.674   0.779
  64B   0.00000006 0.11  0.513  -186.986250   24.0   3.087   3.108 |    0.000   0.000   0.000   0.000 |  -12.155  -7.674   1.159
  65B   0.00000006 0.13  0.513  -186.986250   24.0   3.087   3.108 |    0.000   0.000   0.000   0.000 |  -12.155  -7.674   1.344
  66B   0.00000005 0.14  0.513  -186.986250   24.0   3.087   3.108 |    0.000   0.000   0.000   0.000 |  -12.155  -7.674   0.956
  67B   0.00000004 0.16  0.513  -186.986250   24.0   3.087   3.108 |    0.000   0.000   0.000   0.000 |  -12.155  -7.674   1.282
  68B   0.00000003 0.18  0.513  -186.986250   24.0   3.087   3.108 |    0.000   0.000   0.000   0.000 |  -12.155  -7.674   1.302
  69B   0.00000002 0.21  0.513  -186.986250   24.0   3.087   3.108 |    0.000   0.000   0.000   0.000 |  -12.155  -7.674   1.319
  70B   0.00000001 0.24  0.513  -186.986250   24.0   3.087   3.108 |    0.000   0.000   0.000   0.000 |  -12.155  -7.674   1.219
  71B   0.00000001 0.27  0.513  -186.986250   24.0   3.087   3.108 |    0.000   0.000   0.000   0.000 |  -12.155  -7.674   1.328
  72B   0.00000000 0.30  0.513  -186.986250   24.0   3.087   3.108 |    0.000   0.000   0.000   0.000 |  -12.155  -7.674   0.904
  73B   0.00000000 0.34  0.513  -186.986250   24.0   3.087   3.108 |    0.000   0.000   0.000   0.000 |  -12.155  -7.674   1.390
  74B   0.00000000 0.38  0.513  -186.986250   24.0   3.087   3.108 |    0.000   0.000   0.000  -0.000 |  -12.155  -7.674   1.364
  ----------------------------------------------------------------------------------------------------------------------------------
  *   iteration converged   after  74 steps   si=     0.0000000007 ho=  0 tho=  0
  ----------------------------------------------------------------------------------------------------------------------------------
  Total CPU time=   2.174 minutes

  Writing to wel_file: s012_012.hel
 __________________________________  
  The tape s012_012.hel recorded:     
  nucname,npr,ngh,ngl,n00,nb,nt      
  b0,beta0,si,etot,rms,bet,xmix      
  pairing:     CpV0,CpV1,pwi         
  delta:       del,ept               
  lambda:      ala,ala2,alast,tz     
  asymptotic:  varmas,ass,skass      
  ntx,nb,nhhdim,id,N_rz,n_r,n_z      
  Omega2,Sigma2,Parity,Lambda        
  matrices(inbro):    hh,de          
  *all blocking candidates           
 __________________________________  



 #quasiparticle energies neutrons
 --------------------------------
  eqp(k) -> q.p. energy 
  e(k)   -> referent s.p. energy 
  p(k)   -> occ.probability 
  del(k) -> referent s.p. gap 
  fermi energy alast=  -12.155035622150477     
  #k  block#    eqp(k)     e(k)       (1-2N)E      decay        p(k)        del(k)    overl      labels
   1    1     3.260717   -8.894319    3.260717    1.724467    0.00000000   0.0000   0.8043  1+[ 2, 1, 1]
   2    1     5.297776  -17.452811   -5.297776    1.834869    1.00000000   0.0000   0.7899  1+[ 2, 2, 0]
   3    1     6.975035   -5.180001    6.975035    1.921015    0.00000000   0.0000   0.8959  1+[ 2, 0, 0]
   4    1    15.124500    2.969465   15.124500    2.293987    0.00000000   0.0000   0.6269  1+[ 4, 4, 0]
   5    1    21.489168    9.334132   21.489168    2.547578    0.00000000   0.0000   0.4878  1+[ 4, 3, 1]
   6    1    21.772609  -33.927645  -21.772609    2.558287    1.00000000   0.0000   0.9585  1+[ 0, 0, 0]
   7    1    24.769856   12.614821   24.769856    2.668898    0.00000000   0.0000   0.5522  1+[ 4, 2, 0]
   8    1    27.731990   15.576955   27.731990    2.773884    0.00000000   0.0000   0.6167  1+[ 4, 0, 0]
   9    1    29.094436   16.939400   29.094436    2.820861    0.00000000   0.0000   0.5826  1+[ 4, 1, 1]
  10    1    39.119856   26.964821   39.119856    3.145030    0.00000000   0.0000   0.5584  1+[ 6, 6, 0]
  11    1    44.226591   32.071556   44.226591    3.297928    0.00000000   0.0000   0.5826  1+[ 6, 4, 0]
  12    1    46.541014   34.385978   46.541014    3.364936    0.00000000   0.0000   0.6175  1+[ 6, 2, 0]
  13    1    49.039417   36.884381   49.039417    3.435805    0.00000000   0.0000   0.4164  1+[ 4, 3, 1]
  14    1    50.834661   38.679625   50.834661    3.485838    0.00000000   0.0000   0.5797  1+[ 6, 3, 1]
  15    1    51.822741   39.667705   51.822741    3.513072    0.00000000   0.0000   0.6527  1+[ 6, 1, 1]
  16    1    54.004130   41.849095   54.004130    3.572461    0.00000000   0.0000   0.6392  1+[ 6, 0, 0]
  17    2     4.218074   -7.936962    4.218074    1.777207    0.00000000   0.0000   0.7249  1-[ 3, 3, 0]
  18    2     4.852356  -17.007392   -4.852356    1.811304    1.00000000   0.0000   0.9362  1-[ 1, 0, 1]
  19    2    11.790873   -0.364163   11.790873    2.149256    0.00000000   0.0000   0.6214  1-[ 3, 2, 1]
  20    2    14.378335  -26.533370  -14.378335    2.262396    1.00000000   0.0000   0.9134  1-[ 1, 1, 0]
  21    2    15.983880    3.828844   15.983880    2.329840    0.00000000   0.0000   0.7414  1-[ 3, 1, 0]
  22    2    21.513952    9.358916   21.513952    2.548517    0.00000000   0.0000   0.8631  1-[ 3, 0, 1]
  23    2    27.997019   15.841983   27.997019    2.783084    0.00000000   0.0000   0.6029  1-[ 5, 5, 0]
  24    2    33.710816   21.555780   33.710816    2.974522    0.00000000   0.0000   0.6268  1-[ 5, 3, 0]
  25    2    37.815412   25.660376   37.815412    3.104767    0.00000000   0.0000   0.4448  1-[ 5, 4, 1]
  26    2    38.612984   26.457949   38.612984    3.129447    0.00000000   0.0000   0.6192  1-[ 5, 1, 0]
  27    2    41.495300   29.340264   41.495300    3.217056    0.00000000   0.0000   0.6302  1-[ 5, 2, 1]
  28    2    43.081256   30.926220   43.081256    3.264260    0.00000000   0.0000   0.7777  1-[ 5, 0, 1]
  29    2    61.479134   49.324099   61.479134    3.768878    0.00000000   0.0000   0.5538  1-[ 7, 7, 0]
  30    2    64.890175   52.735139   64.890175    3.855185    0.00000000   0.0000   0.6091  1-[ 7, 3, 0]
  31    2    68.028221   55.873186   68.028221    3.932912    0.00000000   0.0000   0.5367  1-[ 7, 5, 0]
  32    2    71.830803   59.675767   71.830803    4.025089    0.00000000   0.0000   0.6000  1-[ 7, 2, 1]
  33    3     1.539025  -13.694061   -1.539025    1.625319    1.00000000   0.0000   0.9128  3+[ 2, 1, 1]
  34    3    10.568833   -1.586203   10.568833    2.093696    0.00000000   0.0000   0.9131  3+[ 2, 0, 2]
  35    3    17.843945    5.688909   17.843945    2.405613    0.00000000   0.0000   0.7503  3+[ 4, 3, 1]
  36    3    25.868130   13.713095   25.868130    2.708299    0.00000000   0.0000   0.7099  3+[ 4, 1, 1]
  37    3    28.031578   15.876543   28.031578    2.784281    0.00000000   0.0000   0.6174  3+[ 4, 2, 2]
  38    3    31.296715   19.141679   31.296715    2.895183    0.00000000   0.0000   0.7267  3+[ 4, 0, 2]
  39    3    41.007960   28.852925   41.007960    3.202412    0.00000000   0.0000   0.6524  3+[ 6, 5, 1]
  40    3    46.346132   34.191096   46.346132    3.359346    0.00000000   0.0000   0.6681  3+[ 6, 3, 1]
  41    3    48.959651   36.804615   48.959651    3.433565    0.00000000   0.0000   0.6828  3+[ 6, 1, 1]
  42    3    51.216101   39.061065   51.216101    3.496376    0.00000000   0.0000   0.5864  3+[ 6, 4, 2]
  43    3    51.937361   39.782326   51.937361    3.516217    0.00000000   0.0000   0.6453  3+[ 6, 2, 2]
  44    3    56.676988   44.521952   56.676988    3.643910    0.00000000   0.0000   0.6209  3+[ 4, 0, 2]
  45    4     7.712746   -4.442289    7.712746    1.957704    0.00000000   0.0000   0.8280  3-[ 3, 2, 1]
  46    4     9.067620  -21.222656   -9.067620    2.023356    1.00000000   0.0000   0.9584  3-[ 1, 0, 1]
  47    4    18.658332    6.503296   18.658332    2.438047    0.00000000   0.0000   0.7869  3-[ 3, 1, 2]
  48    4    20.256498    8.101463   20.256498    2.500473    0.00000000   0.0000   0.8344  3-[ 3, 0, 1]
  49    4    30.020271   17.865236   30.020271    2.852342    0.00000000   0.0000   0.7211  3-[ 5, 4, 1]
  50    4    37.171347   25.016311   37.171347    3.084694    0.00000000   0.0000   0.7563  3-[ 5, 2, 1]
  51    4    40.506684   28.351649   40.506684    3.187278    0.00000000   0.0000   0.6800  3-[ 5, 3, 2]
  52    4    41.379634   29.224598   41.379634    3.213586    0.00000000   0.0000   0.7873  3-[ 5, 0, 1]
  53    4    43.260293   31.105257   43.260293    3.269545    0.00000000   0.0000   0.7848  3-[ 5, 1, 2]
  54    4    62.256448   50.101413   62.256448    3.788719    0.00000000   0.0000   0.7317  3-[ 7, 6, 1]
  55    4    65.110003   52.954968   65.110003    3.860681    0.00000000   0.0000   0.6413  3-[ 7, 2, 1]
  56    4    70.228563   58.073527   70.228563    3.986510    0.00000000   0.0000   0.5715  3-[ 7, 2, 1]
  57    5     3.773505   -8.381531    3.773505    1.752913    0.00000000   0.0000   0.9629  5+[ 2, 0, 2]
  58    5    21.503702    9.348666   21.503702    2.548129    0.00000000   0.0000   0.8458  5+[ 4, 2, 2]
  59    5    28.793233   16.638197   28.793233    2.810543    0.00000000   0.0000   0.8045  5+[ 4, 0, 2]
  60    5    31.618677   19.463641   31.618677    2.905890    0.00000000   0.0000   0.8015  5+[ 4, 1, 3]
  61    5    43.519393   31.364357   43.519393    3.277180    0.00000000   0.0000   0.7039  5+[ 6, 4, 2]
  62    5    47.314738   35.159703   47.314738    3.387042    0.00000000   0.0000   0.7567  5+[ 6, 2, 2]
  63    5    52.602034   40.446998   52.602034    3.534403    0.00000000   0.0000   0.6173  5+[ 6, 3, 3]
  64    5    52.781957   40.626922   52.781957    3.539309    0.00000000   0.0000   0.6201  5+[ 6, 0, 2]
  65    5    54.259930   42.104894   54.259930    3.579360    0.00000000   0.0000   0.5795  5+[ 6, 1, 3]
  66    6    12.021187   -0.133848   12.021187    2.159567    0.00000000   0.0000   0.9279  5-[ 3, 1, 2]
  67    6    24.557529   12.402493   24.557529    2.661214    0.00000000   0.0000   0.8863  5-[ 3, 0, 3]
  68    6    32.975251   20.820215   32.975251    2.950574    0.00000000   0.0000   0.8116  5-[ 5, 3, 2]
  69    6    38.952085   26.797049   38.952085    3.139881    0.00000000   0.0000   0.8693  5-[ 5, 1, 2]
  70    6    43.199103   31.044067   43.199103    3.267740    0.00000000   0.0000   0.7981  5-[ 5, 2, 3]
  71    6    45.873493   33.718458   45.873493    3.345748    0.00000000   0.0000   0.7703  5-[ 5, 0, 3]
  72    6    63.578034   51.422998   63.578034    3.822216    0.00000000   0.0000   0.8102  5-[ 7, 5, 2]
  73    6    65.513374   53.358339   65.513374    3.870746    0.00000000   0.0000   0.7511  5-[ 7, 3, 2]
  74    6    72.086117   59.931081   72.086117    4.031202    0.00000000   0.0000   0.7634  5-[ 7, 1, 2]
  75    7    25.990378   13.835342   25.990378    2.712649    0.00000000   0.0000   0.9172  7+[ 4, 1, 3]
  76    7    35.519465   23.364430   35.519465    3.032603    0.00000000   0.0000   0.8060  7+[ 4, 0, 4]
  77    7    46.608811   34.453776   46.608811    3.366879    0.00000000   0.0000   0.6672  7+[ 6, 3, 3]
  78    7    48.596729   36.441694   48.596729    3.423355    0.00000000   0.0000   0.7455  7+[ 6, 1, 3]
  79    7    54.351473   42.196437   54.351473    3.581826    0.00000000   0.0000   0.7698  7+[ 6, 2, 4]
  80    7    57.550820   45.395784   57.550820    3.666967    0.00000000   0.0000   0.6053  7+[ 6, 0, 4]
  81    8    17.918029    5.762994   17.918029    2.408581    0.00000000   0.0000   0.9626  7-[ 3, 0, 3]
  82    8    36.824564   24.669528   36.824564    3.073831    0.00000000   0.0000   0.8777  7-[ 5, 2, 3]
  83    8    40.851994   28.696958   40.851994    3.197711    0.00000000   0.0000   0.8858  7-[ 5, 0, 3]
  84    8    46.087143   33.932107   46.087143    3.351901    0.00000000   0.0000   0.8712  7-[ 5, 1, 4]
  85    8    65.325994   53.170959   65.325994    3.866074    0.00000000   0.0000   0.7063  7-[ 7, 4, 3]
  86    8    66.238792   54.083756   66.238792    3.888780    0.00000000   0.0000   0.7528  7-[ 7, 2, 3]
  87    9    31.358593   19.203558   31.358593    2.897244    0.00000000   0.0000   0.9195  9+[ 4, 0, 4]
  88    9    50.318572   38.163537   50.318572    3.471528    0.00000000   0.0000   0.7454  9+[ 6, 0, 4]
  89    9    50.723324   38.568289   50.723324    3.482756    0.00000000   0.0000   0.7995  9+[ 6, 2, 4]
  90    9    56.511658   44.356622   56.511658    3.639532    0.00000000   0.0000   0.8497  9+[ 6, 1, 5]
  91   10    41.295083   29.140047   41.295083    3.211048    0.00000000   0.0000   0.9357  9-[ 5, 1, 4]
  92   10    49.419226   37.264190   49.419226    3.446450    0.00000000   0.0000   0.8796  9-[ 5, 0, 5]
  93   10    67.008459   54.853423   67.008459    3.907823    0.00000000   0.0000   0.9797  9-[ 7, 1, 4]
  94   10    68.013825   55.858790   68.013825    3.932559    0.00000000   0.0000   0.9082  9-[ 7, 3, 4]
  95   11    53.958902   41.803867   53.958902    3.571239    0.00000000   0.0000   0.9005 11+[ 6, 1, 5]
  96   11    58.748619   46.593583   58.748619    3.698339    0.00000000   0.0000   0.8506 11+[ 6, 0, 6]
  97   12    46.428256   34.273220   46.428256    3.361703    0.00000000   0.0000   0.9353 11-[ 5, 0, 5]
  98   12    69.363516   57.208480   69.363516    3.965525    0.00000000   0.0000   0.8177 11-[ 7, 0, 5]
  99   12    70.880590   58.725554   70.880590    4.002254    0.00000000   0.0000   0.7760 11-[ 7, 2, 5]
 100   13    57.352173   45.197137   57.352173    3.661739    0.00000000   0.0000   0.8832 13+[ 6, 0, 6]
#all active are  100 q.p. states out of  165
#since the cut off is pwi=  60.0
#check: number of neutrons=  12.0


 #canonical s.p. energies neutrons
 ---------------------------------


  labels -> {2*omega}{parity}[nn=nz+2*nr+nl,nz,nl]
  cqpe   -> canonical q.p. energies
  ce     -> canonical s.p. energies
  fermi energy=  -12.155035622150477     
  average cdelt=  -4.6912708523261760E-021
  k0      ceqp        ce         v*v       u*v        cdel     overl      labels
   1    1.449505    1.449505   0.00000000   0.00000000   0.0000   0.7723  1+[ 2, 1, 1]
   2   18.728300   18.728300   0.00000000   0.00000000   0.0000   0.6808  1+[ 4, 2, 0]
   3   47.596225   47.596225   0.00000000   0.00000000   0.0000   0.6919  1+[ 8, 8, 0]
   4   38.050807   38.050807   0.00000000   0.00000000   0.0000   0.6393  1+[ 6, 4, 0]
   5   37.353276   37.353276   0.00000000   0.00000000   0.0000   0.7489  1+[ 4, 0, 0]
   6   55.675471   55.675471   0.00000000   0.00000000   0.0000   0.6483  1+[ 6, 2, 0]
   7   59.797612   59.797612   0.00000000   0.00000000   0.0000   0.5757  1+[ 8, 3, 1]
   8   50.774204   50.774204   0.00000000   0.00000000   0.0000   0.6984  1+[ 8, 1, 1]
   9   52.488154   52.488154   0.00000000   0.00000000   0.0000   0.4925  1+[ 6, 0, 0]
  10   48.099685   48.099685   0.00000000   0.00000000   0.0000   0.6896  1+[ 6, 3, 1]
  12   55.690703   55.690703   0.00000000   0.00000000   0.0000   0.8230  1+[ 6, 1, 1]
  13   50.565952   50.565952   0.00000000   0.00000000   0.0000   0.5956  1+[ 8, 7, 1]
  15   57.442459   57.442459   0.00000000   0.00000000   0.0000   0.4898  1+[ 8, 4, 0]
  16   47.176856   47.176856   0.00000000   0.00000000   0.0000   0.5403  1+[ 8, 6, 0]
  18   39.844350   39.844350   0.00000000   0.00000000   0.0000   0.6098  1+[ 6, 5, 1]
  19   34.566181   34.566181   0.00000000   0.00000000   0.0000   0.5724  1+[ 4, 1, 1]
  20   22.629388   22.629388   0.00000000   0.00000000   0.0000   0.7513  1+[ 4, 3, 1]
  21   28.334920   28.334920   0.00000000   0.00000000   0.0000   0.6682  1+[ 6, 6, 0]
  22    1.259237    1.259237   0.00000000   0.00000000   0.0000   0.7395  1+[ 2, 0, 0]
  23    3.520811    3.520811   0.00000000   0.00000001   0.0000   0.6943  1+[ 4, 4, 0]
  24   -5.899313  -18.410758   1.00000000   0.00000003   0.0000   0.8311  1+[ 2, 2, 0]
  25    8.659627  -32.969698   1.00000000   0.00000000   0.0000   0.9876  1+[ 0, 0, 0]
  26   -0.151084   -0.151084   0.00000000   0.00000000   0.0000   0.6266  1-[ 3, 2, 1]
  27   18.654298   18.654298   0.00000000   0.00000000   0.0000   0.6164  1-[ 3, 0, 1]
  28   21.893964   21.893964   0.00000000   0.00000000   0.0000   0.5755  1-[ 5, 4, 1]
  29   30.038726   30.038726   0.00000000   0.00000000   0.0000   0.8062  1-[ 5, 2, 1]
  30   34.456079   34.456079   0.00000000   0.00000000   0.0000   0.5491  1-[ 3, 1, 0]
  31   51.085036   51.085036   0.00000000   0.00000000   0.0000   0.7339  1-[ 7, 4, 1]
  32   32.689798   32.689798   0.00000000   0.00000000   0.0000   0.6180  1-[ 7, 5, 0]
  33   53.256231   53.256231   0.00000000   0.00000000   0.0000   0.8444  1-[ 7, 2, 1]
  34   54.993781   54.993781   0.00000000   0.00000000   0.0000   0.8450  1-[ 7, 3, 0]
  35   46.910306   46.910306   0.00000000   0.00000000   0.0000   0.5530  1-[ 7, 5, 0]
  36   57.994601   57.994601   0.00000000   0.00000000   0.0000   0.7451  1-[ 7, 1, 0]
  37   38.274368   38.274368   0.00000000   0.00000000   0.0000   0.6729  1-[ 5, 1, 0]
  38   48.535952   48.535952   0.00000000   0.00000000   0.0000   0.7420  1-[ 5, 0, 1]
  39   42.316300   42.316300   0.00000000   0.00000000   0.0000   0.4954  1-[ 5, 3, 0]
  40   39.654270   39.654270   0.00000000   0.00000000   0.0000   0.6671  1-[ 7, 0, 1]
  41   22.665515   22.665515   0.00000000   0.00000000   0.0000   0.4991  1-[ 3, 1, 0]
  42   21.631454   21.631454   0.00000000   0.00000000   0.0000   0.4918  1-[ 3, 1, 0]
  43   13.293307   13.293307   0.00000000   0.00000001   0.0000   0.6548  1-[ 3, 2, 1]
  44    1.194244  -25.504315   1.00000000   0.00000004   0.0000   0.9184  1-[ 1, 1, 0]
  45   -6.273625  -18.036447   1.00000000   0.00000000   0.0000   0.9365  1-[ 1, 0, 1]
  46   20.098702   20.098702   0.00000000   0.00000000   0.0000   0.7588  3+[ 4, 1, 1]
  47   38.420039   38.420039   0.00000000   0.00000000   0.0000   0.8558  3+[ 6, 5, 1]
  48   46.677127   46.677127   0.00000000   0.00000000   0.0000   0.6606  3+[ 4, 2, 2]
  50   55.251944   55.251944   0.00000000   0.00000000   0.0000   0.5164  3+[ 8, 1, 1]
  51   43.533038   43.533038   0.00000000   0.00000000   0.0000   0.4690  3+[ 8, 0, 2]
  52   42.560700   42.560700   0.00000000   0.00000000   0.0000   0.6038  3+[ 6, 2, 2]
  53   52.019356   52.019356   0.00000000   0.00000000   0.0000   0.4891  3+[ 6, 0, 2]
  57   48.927154   48.927154   0.00000000   0.00000000   0.0000   0.4801  3+[ 8, 2, 2]
  58   48.000947   48.000947   0.00000000   0.00000000   0.0000   0.5673  3+[ 4, 0, 2]
  59   57.867188   57.867188   0.00000000   0.00000000   0.0000   0.7600  3+[ 8, 5, 1]
  60   47.408094   47.408094   0.00000000   0.00000000   0.0000   0.5038  3+[ 6, 1, 1]
  61   42.934632   42.934632   0.00000000   0.00000000   0.0000   0.5747  3+[ 6, 3, 1]
  62   37.737469   37.737469   0.00000000   0.00000000   0.0000   0.5710  3+[ 8, 1, 1]
  63   10.627439   10.627439   0.00000000   0.00000000   0.0000   0.6849  3+[ 4, 3, 1]
  64    1.234951    1.234951   0.00000000   0.00000001   0.0000   0.9867  3+[ 2, 0, 2]
  65  -10.616010  -13.694061   1.00000000   0.00000021   0.0000   0.9128  3+[ 2, 1, 1]
  66    9.413321    9.413321   0.00000000   0.00000000   0.0000   0.7119  3-[ 3, 1, 2]
  67   14.909980   14.909980   0.00000000   0.00000000   0.0000   0.6952  3-[ 3, 0, 1]
  68   44.538772   44.538772   0.00000000   0.00000000   0.0000   0.6257  3-[ 5, 2, 1]
  69   51.888850   51.888850   0.00000000   0.00000000   0.0000   0.6880  3-[ 7, 4, 1]
  70   45.246600   45.246600   0.00000000   0.00000000   0.0000   0.6127  3-[ 7, 2, 1]
  71   44.721028   44.721028   0.00000000   0.00000000   0.0000   0.7161  3-[ 5, 1, 2]
  72   45.711212   45.711212   0.00000000   0.00000000   0.0000   0.6874  3-[ 7, 3, 2]
  73   56.350043   56.350043   0.00000000   0.00000000   0.0000   0.8746  3-[ 7, 1, 2]
  74   51.950908   51.950908   0.00000000   0.00000000   0.0000   0.8562  3-[ 7, 5, 2]
  75   44.181069   44.181069   0.00000000   0.00000000   0.0000   0.7150  3-[ 5, 0, 1]
  76   40.765471   40.765471   0.00000000   0.00000000   0.0000   0.7577  3-[ 5, 3, 2]
  77   32.253611   32.253611   0.00000000   0.00000000   0.0000   0.6714  3-[ 7, 4, 1]
  78   42.675416   42.675416   0.00000000   0.00000000   0.0000   0.7816  3-[ 7, 0, 1]
  79   31.519418   31.519418   0.00000000   0.00000000   0.0000   0.6897  3-[ 5, 4, 1]
  80    4.266369    4.266369   0.00000000   0.00000000   0.0000   0.7638  3-[ 3, 2, 1]
  81   -3.087415  -21.222656   1.00000000   0.00000002   0.0000   0.9584  3-[ 1, 0, 1]
  82   58.474293   58.474293   0.00000000   0.00000000   0.0000   0.5449  5+[ 8, 4, 2]
  84   51.656230   51.656230   0.00000000   0.00000000   0.0000   0.5106  5+[ 8, 0, 2]
  85   58.557111   58.557111   0.00000000   0.00000000   0.0000   0.5125  5+[ 4, 0, 2]
  88   48.100396   48.100396   0.00000000   0.00000000   0.0000   0.6124  5+[ 4, 2, 2]
  89   41.175363   41.175363   0.00000000   0.00000000   0.0000   0.5683  5+[ 4, 1, 3]
  90   42.322622   42.322622   0.00000000   0.00000000   0.0000   0.5269  5+[ 6, 3, 3]
  91   37.734751   37.734751   0.00000000   0.00000000   0.0000   0.5925  5+[ 6, 2, 2]
  92   39.040456   39.040456   0.00000000   0.00000000   0.0000   0.5048  5+[ 8, 1, 3]
  93   26.189483   26.189483   0.00000000   0.00000000   0.0000   0.5734  5+[ 6, 4, 2]
  94   28.991268   28.991268   0.00000000   0.00000000   0.0000   0.4545  5+[ 4, 0, 2]
  95   32.146317   32.146317   0.00000000   0.00000000   0.0000   0.5689  5+[ 4, 1, 3]
  97   -4.661266   -4.661266   0.00000000   0.00000000   0.0000   0.9165  5+[ 2, 0, 2]
  98   19.847918   19.847918   0.00000000   0.00000000   0.0000   0.7985  5-[ 3, 0, 3]
 101   41.451943   41.451943   0.00000000   0.00000000   0.0000   0.5659  5-[ 5, 1, 2]
 102   48.118903   48.118903   0.00000000   0.00000000   0.0000   0.4646  5-[ 7, 2, 3]
 103   38.525620   38.525620   0.00000000   0.00000000   0.0000   0.7148  5-[ 7, 3, 2]
 104   44.508014   44.508014   0.00000000   0.00000000   0.0000   0.6472  5-[ 7, 1, 2]
 105   34.159047   34.159047   0.00000000   0.00000000   0.0000   0.4756  5-[ 7, 0, 3]
 106    3.642546    3.642546   0.00000000   0.00000000   0.0000   0.7435  5-[ 3, 1, 2]
 107   52.731641   52.731641   0.00000000   0.00000000   0.0000   0.6625  5-[ 7, 5, 2]
 108   32.485544   32.485544   0.00000000   0.00000000   0.0000   0.5370  5-[ 7, 4, 3]
 109   41.232877   41.232877   0.00000000   0.00000000   0.0000   0.6752  5-[ 5, 3, 2]
 110   54.088889   54.088889   0.00000000   0.00000000   0.0000   0.6304  7+[ 4, 0, 4]
 115   38.514514   38.514514   0.00000000   0.00000000   0.0000   0.6623  7+[ 4, 1, 3]
 116   48.170765   48.170765   0.00000000   0.00000000   0.0000   0.4868  7+[ 8, 1, 3]
 117   39.036462   39.036462   0.00000000   0.00000000   0.0000   0.4851  7+[ 6, 3, 3]
 118   47.033188   47.033188   0.00000000   0.00000000   0.0000   0.5098  7+[ 8, 5, 3]
 119   43.442484   43.442484   0.00000000   0.00000000   0.0000   0.5790  7+[ 6, 1, 3]
 120   30.455168   30.455168   0.00000000   0.00000000   0.0000   0.4832  7+[ 6, 3, 3]
 121   56.917461   56.917461   0.00000000   0.00000000   0.0000   0.6637  7+[ 8, 3, 3]
 122   56.761899   56.761899   0.00000000   0.00000000   0.0000   0.6965  7-[ 7, 3, 4]
 123   58.322447   58.322447   0.00000000   0.00000000   0.0000   0.6475  7-[ 7, 0, 3]
 124   15.591650   15.591650   0.00000000   0.00000000   0.0000   0.8917  7-[ 3, 0, 3]
 125   53.992959   53.992959   0.00000000   0.00000000   0.0000   0.6792  7-[ 7, 2, 3]
 126   42.431736   42.431736   0.00000000   0.00000000   0.0000   0.6129  7-[ 7, 4, 3]
 127   45.490891   45.490891   0.00000000   0.00000000   0.0000   0.6456  7-[ 5, 1, 4]
 128   30.454148   30.454148   0.00000000   0.00000000   0.0000   0.6705  7-[ 5, 0, 3]
 129   29.784546   29.784546   0.00000000   0.00000000   0.0000   0.8393  7-[ 5, 2, 3]
 136   47.204266   47.204266   0.00000000   0.00000000   0.0000   0.6222  9+[ 6, 1, 5]
 137   44.859302   44.859302   0.00000000   0.00000000   0.0000   0.6742  9+[ 4, 0, 4]
 138   41.018012   41.018012   0.00000000   0.00000000   0.0000   0.6190  9+[ 6, 2, 4]
 139   33.638257   33.638257   0.00000000   0.00000000   0.0000   0.5481  9+[ 6, 0, 4]
 140   57.676561   57.676561   0.00000000   0.00000000   0.0000   0.6923  9-[ 7, 2, 5]
 141   56.848533   56.848533   0.00000000   0.00000000   0.0000   0.7458  9-[ 5, 0, 5]
 142   47.507618   47.507618   0.00000000   0.00000000   0.0000   0.7063  9-[ 7, 2, 5]
 143   55.450457   55.450457   0.00000000   0.00000000   0.0000   0.9521  9-[ 7, 1, 4]
 144   46.139143   46.139143   0.00000000   0.00000000   0.0000   0.9224  9-[ 7, 3, 4]
 145   48.647585   48.647585   0.00000000   0.00000000   0.0000   0.6927  9-[ 7, 0, 5]
 146   55.501197   55.501197   0.00000000   0.00000000   0.0000   0.7140 11+[ 8, 0, 6]
 151   48.778797   48.778797   0.00000000   0.00000000   0.0000   0.7204 11+[ 6, 1, 5]
 153   35.383243   35.383243   0.00000000   0.00000000   0.0000   0.9786 11-[ 5, 0, 5]
 154   57.700449   57.700449   0.00000000   0.00000000   0.0000   0.8982 11-[ 7, 2, 5]
 155   57.288892   57.288892   0.00000000   0.00000000   0.0000   0.8963 11-[ 7, 0, 5]
 158   49.550526   49.550526   0.00000000   0.00000000   0.0000   0.7292 13+[ 6, 0, 6]
  Sum canonical e_v*V^2_k=  -259.67586996731296     


 #quasiparticle energies protons 
 --------------------------------
  eqp(k) -> q.p. energy 
  e(k)   -> referent s.p. energy 
  p(k)   -> occ.probability 
  del(k) -> referent s.p. gap 
  fermi energy alast=  -7.6739552028379014     
  #k  block#    eqp(k)     e(k)       (1-2N)E      decay        p(k)        del(k)    overl      labels
   1    1     3.211009   -4.462946    3.211009    1.449059    0.00000000   0.0000   0.8013  1+[ 2, 1, 1]
   2    1     5.232011  -12.905966   -5.232011    1.577857    1.00000000   0.0000   0.7836  1+[ 2, 2, 0]
   3    1     6.895259   -0.778696    6.895259    1.676450    0.00000000   0.0000   0.8895  1+[ 2, 0, 0]
   4    1    14.935129    7.261174   14.935129    2.088401    0.00000000   0.0000   0.6139  1+[ 4, 4, 0]
   5    1    21.092027   13.418072   21.092027    2.355657    0.00000000   0.0000   0.4852  1+[ 4, 2, 0]
   6    1    21.530283  -29.204238  -21.530283    2.373534    1.00000000   0.0000   0.9564  1+[ 0, 0, 0]
   7    1    24.219451   16.545495   24.219451    2.480407    0.00000000   0.0000   0.5289  1+[ 4, 2, 0]
   8    1    26.872481   19.198526   26.872481    2.581511    0.00000000   0.0000   0.6241  1+[ 4, 0, 0]
   9    1    28.252717   20.578762   28.252717    2.632576    0.00000000   0.0000   0.5886  1+[ 4, 1, 1]
  10    1    38.735824   31.061868   38.735824    2.992107    0.00000000   0.0000   0.5417  1+[ 6, 6, 0]
  11    1    43.833972   36.160017   43.833972    3.152169    0.00000000   0.0000   0.5744  1+[ 6, 4, 0]
  12    1    45.723754   38.049799   45.723754    3.209473    0.00000000   0.0000   0.6176  1+[ 6, 2, 0]
  13    1    48.615844   40.941889   48.615844    3.295242    0.00000000   0.0000   0.4324  1+[ 4, 3, 1]
  14    1    50.017232   42.343277   50.017232    3.336009    0.00000000   0.0000   0.5697  1+[ 6, 3, 1]
  15    1    51.246402   43.572447   51.246402    3.371360    0.00000000   0.0000   0.6172  1+[ 6, 1, 1]
  16    1    53.527994   45.854038   53.527994    3.436015    0.00000000   0.0000   0.6170  1+[ 6, 0, 0]
  17    2     4.229708   -3.444247    4.229708    1.515349    0.00000000   0.0000   0.7164  1-[ 3, 3, 0]
  18    2     4.754627  -12.428583   -4.754627    1.548400    1.00000000   0.0000   0.9333  1-[ 1, 0, 1]
  19    2    11.645634    3.971679   11.645634    1.930507    0.00000000   0.0000   0.6137  1-[ 3, 2, 1]
  20    2    14.239683  -21.913638  -14.239683    2.056031    1.00000000   0.0000   0.9105  1-[ 1, 1, 0]
  21    2    15.708578    8.034623   15.708578    2.123822    0.00000000   0.0000   0.7316  1-[ 3, 1, 0]
  22    2    20.927356   13.253400   20.927356    2.348905    0.00000000   0.0000   0.8479  1-[ 3, 0, 1]
  23    2    27.801683   20.127728   27.801683    2.615999    0.00000000   0.0000   0.5938  1-[ 5, 5, 0]
  24    2    33.353501   25.679546   33.353501    2.813259    0.00000000   0.0000   0.6230  1-[ 5, 3, 0]
  25    2    37.287440   29.613485   37.287440    2.945048    0.00000000   0.0000   0.4883  1-[ 5, 1, 0]
  26    2    38.085583   30.411628   38.085583    2.971072    0.00000000   0.0000   0.5206  1-[ 5, 1, 0]
  27    2    40.818424   33.144469   40.818424    3.058505    0.00000000   0.0000   0.6345  1-[ 5, 2, 1]
  28    2    42.511078   34.837123   42.511078    3.111426    0.00000000   0.0000   0.7602  1-[ 5, 0, 1]
  29    2    61.416981   53.743026   61.416981    3.650757    0.00000000   0.0000   0.5478  1-[ 7, 6, 1]
  30    2    64.243814   56.569859   64.243814    3.724693    0.00000000   0.0000   0.6149  1-[ 7, 3, 0]
  31    3     1.494575   -9.168530   -1.494575    1.329910    1.00000000   0.0000   0.9087  3+[ 2, 1, 1]
  32    3    10.417382    2.743427   10.417382    1.868133    0.00000000   0.0000   0.9047  3+[ 2, 0, 2]
  33    3    17.626609    9.952654   17.626609    2.209213    0.00000000   0.0000   0.7380  3+[ 4, 3, 1]
  34    3    25.174711   17.500756   25.174711    2.517279    0.00000000   0.0000   0.7173  3+[ 4, 1, 1]
  35    3    27.412025   19.738069   27.412025    2.601592    0.00000000   0.0000   0.6184  3+[ 4, 2, 2]
  36    3    30.330774   22.656818   30.330774    2.707642    0.00000000   0.0000   0.7075  3+[ 4, 0, 2]
  37    3    40.560859   32.886904   40.560859    3.050371    0.00000000   0.0000   0.6362  3+[ 6, 5, 1]
  38    3    45.544947   37.870992   45.544947    3.204095    0.00000000   0.0000   0.6515  3+[ 6, 3, 1]
  39    3    48.439217   40.765262   48.439217    3.290068    0.00000000   0.0000   0.6498  3+[ 6, 1, 1]
  40    3    50.510997   42.837042   50.510997    3.350254    0.00000000   0.0000   0.5385  3+[ 6, 4, 2]
  41    3    51.221826   43.547870   51.221826    3.370657    0.00000000   0.0000   0.5438  3+[ 6, 2, 2]
  42    3    56.176875   48.502920   56.176875    3.509584    0.00000000   0.0000   0.6367  3+[ 4, 0, 2]
  43    4     7.676902    0.002946    7.676902    1.720833    0.00000000   0.0000   0.8210  3-[ 3, 2, 1]
  44    4     8.893725  -16.567680   -8.893725    1.787736    1.00000000   0.0000   0.9558  3-[ 1, 0, 1]
  45    4    18.322897   10.648942   18.322897    2.239406    0.00000000   0.0000   0.7673  3-[ 3, 1, 2]
  46    4    19.748035   12.074079   19.748035    2.299969    0.00000000   0.0000   0.8091  3-[ 3, 0, 1]
  47    4    29.787610   22.113655   29.787610    2.688224    0.00000000   0.0000   0.7116  3-[ 5, 4, 1]
  48    4    36.537107   28.863152   36.537107    2.920370    0.00000000   0.0000   0.7522  3-[ 5, 2, 1]
  49    4    40.059196   32.385241   40.059196    3.034467    0.00000000   0.0000   0.6757  3-[ 5, 3, 2]
  50    4    40.825858   33.151903   40.825858    3.058739    0.00000000   0.0000   0.7623  3-[ 5, 0, 1]
  51    4    42.495173   34.821218   42.495173    3.110933    0.00000000   0.0000   0.7751  3-[ 5, 1, 2]
  52    4    62.152645   54.478690   62.152645    3.670142    0.00000000   0.0000   0.7198  3-[ 7, 6, 1]
  53    4    64.453592   56.779637   64.453592    3.730122    0.00000000   0.0000   0.6492  3-[ 7, 2, 1]
  54    5     3.835404   -3.838552    3.835404    1.490040    0.00000000   0.0000   0.9588  5+[ 2, 0, 2]
  55    5    21.220785   13.546829   21.220785    2.360923    0.00000000   0.0000   0.8343  5+[ 4, 2, 2]
  56    5    27.845193   20.171238   27.845193    2.617602    0.00000000   0.0000   0.7900  5+[ 4, 0, 2]
  57    5    30.865975   23.192020   30.865975    2.726641    0.00000000   0.0000   0.7895  5+[ 4, 1, 3]
  58    5    42.991757   35.317802   42.991757    3.126292    0.00000000   0.0000   0.6826  5+[ 6, 4, 2]
  59    5    46.433024   38.759068   46.433024    3.230718    0.00000000   0.0000   0.7470  5+[ 6, 2, 2]
  60    5    51.704303   44.030348   51.704303    3.384435    0.00000000   0.0000   0.6282  5+[ 6, 3, 3]
  61    5    52.252950   44.578995   52.252950    3.400035    0.00000000   0.0000   0.6417  5+[ 6, 0, 2]
  62    5    53.670888   45.996933   53.670888    3.440024    0.00000000   0.0000   0.5399  5+[ 6, 1, 3]
  63    6    11.927365    4.253410   11.927365    1.944532    0.00000000   0.0000   0.9230  5-[ 3, 1, 2]
  64    6    24.072959   16.399004   24.072959    2.474704    0.00000000   0.0000   0.8748  5-[ 3, 0, 3]
  65    6    32.664410   24.990455   32.664410    2.789533    0.00000000   0.0000   0.8022  5-[ 5, 3, 2]
  66    6    38.162549   30.488594   38.162549    2.973570    0.00000000   0.0000   0.8637  5-[ 5, 1, 2]
  67    6    42.569856   34.895901   42.569856    3.113248    0.00000000   0.0000   0.7908  5-[ 5, 2, 3]
  68    6    45.195688   37.521732   45.195688    3.193564    0.00000000   0.0000   0.7482  5-[ 5, 0, 3]
  69    6    63.422690   55.748734   63.422690    3.703369    0.00000000   0.0000   0.8067  5-[ 7, 5, 2]
  70    6    64.840141   57.166186   64.840141    3.740104    0.00000000   0.0000   0.7540  5-[ 7, 3, 2]
  71    7    25.576470   17.902514   25.576470    2.532626    0.00000000   0.0000   0.9077  7+[ 4, 1, 3]
  72    7    34.566884   26.892928   34.566884    2.854557    0.00000000   0.0000   0.7909  7+[ 4, 0, 4]
  73    7    45.982421   38.308466   45.982421    3.217237    0.00000000   0.0000   0.6310  7+[ 6, 3, 3]
  74    7    47.701130   40.027174   47.701130    3.268358    0.00000000   0.0000   0.7209  7+[ 6, 1, 3]
  75    7    53.361267   45.687311   53.361267    3.431332    0.00000000   0.0000   0.7645  7+[ 6, 2, 4]
  76    7    56.978622   49.304667   56.978622    3.531550    0.00000000   0.0000   0.5926  7+[ 4, 0, 4]
  77    8    17.770610   10.096655   17.770610    2.215491    0.00000000   0.0000   0.9569  7-[ 3, 0, 3]
  78    8    36.402530   28.728575   36.402530    2.915922    0.00000000   0.0000   0.8703  7-[ 5, 2, 3]
  79    8    40.010300   32.336344   40.010300    3.032913    0.00000000   0.0000   0.8775  7-[ 5, 0, 3]
  80    8    45.295328   37.621373   45.295328    3.196572    0.00000000   0.0000   0.8657  7-[ 5, 1, 4]
  81    8    65.092918   57.418963   65.092918    3.746617    0.00000000   0.0000   0.6277  7-[ 7, 4, 3]
  82    8    65.560689   57.886734   65.560689    3.758640    0.00000000   0.0000   0.6799  7-[ 7, 2, 3]
  83    9    30.750911   23.076956   30.750911    2.722567    0.00000000   0.0000   0.9058  9+[ 4, 0, 4]
  84    9    49.625378   41.951422   49.625378    3.324660    0.00000000   0.0000   0.8118  9+[ 6, 0, 4]
  85    9    49.850654   42.176698   49.850654    3.331189    0.00000000   0.0000   0.8526  9+[ 6, 2, 4]
  86    9    55.422268   47.748312   55.422268    3.488784    0.00000000   0.0000   0.8443  9+[ 6, 1, 5]
  87   10    40.688585   33.014629   40.688585    3.054407    0.00000000   0.0000   0.9303  9-[ 5, 1, 4]
  88   10    48.474399   40.800444   48.474399    3.291099    0.00000000   0.0000   0.8738  9-[ 5, 0, 5]
  89   10    66.473341   58.799386   66.473341    3.781987    0.00000000   0.0000   0.9664  9-[ 7, 1, 4]
  90   10    67.558702   59.884746   67.558702    3.809567    0.00000000   0.0000   0.8843  9-[ 7, 3, 4]
  91   11    52.956105   45.282150   52.956105    3.419924    0.00000000   0.0000   0.8938 11+[ 6, 1, 5]
  92   11    57.549429   49.875474   57.549429    3.547105    0.00000000   0.0000   0.8459 11+[ 6, 0, 6]
  93   12    45.628617   37.954662   45.628617    3.206613    0.00000000   0.0000   0.9281 11-[ 5, 0, 5]
  94   13    56.195601   48.521646   56.195601    3.510099    0.00000000   0.0000   0.8765 13+[ 6, 0, 6]
#all active are   94 q.p. states out of  165
#since the cut off is pwi=  60.0
#check: number of protons =  12.0


 #canonical s.p. energies protons 
 ---------------------------------


  labels -> {2*omega}{parity}[nn=nz+2*nr+nl,nz,nl]
  cqpe   -> canonical q.p. energies
  ce     -> canonical s.p. energies
  fermi energy=  -7.6739552028379014     
  average cdelt=  -3.1322508148635115E-021
  k0      ceqp        ce         v*v       u*v        cdel     overl      labels
   1    2.134785    2.134785   0.00000000   0.00000000   0.0000   0.7061  1+[ 2, 1, 1]
   2   28.087816   28.087816   0.00000000   0.00000000   0.0000   0.5750  1+[ 2, 0, 0]
   3   35.534736   35.534736   0.00000000   0.00000000   0.0000   0.6855  1+[ 8, 8, 0]
   4   38.143549   38.143549   0.00000000   0.00000000   0.0000   0.5271  1+[ 8, 8, 0]
   5   36.262065   36.262065   0.00000000   0.00000000   0.0000   0.5151  1+[ 6, 5, 1]
   6   47.797908   47.797908   0.00000000   0.00000000   0.0000   0.5881  1+[ 8, 6, 0]
   7   58.625375   58.625375   0.00000000   0.00000000   0.0000   0.4457  1+[ 8, 6, 0]
   8   57.988021   57.988021   0.00000000   0.00000000   0.0000   0.6121  1+[ 8, 3, 1]
  12   47.108189   47.108189   0.00000000   0.00000000   0.0000   0.8695  1+[ 6, 1, 1]
  13   59.594432   59.594432   0.00000000   0.00000000   0.0000   0.5208  1+[ 6, 3, 1]
  14   50.178683   50.178683   0.00000000   0.00000000   0.0000   0.7356  1+[ 6, 0, 0]
  17   46.582648   46.582648   0.00000000   0.00000000   0.0000   0.6979  1+[ 6, 2, 0]
  18   58.503602   58.503602   0.00000000   0.00000000   0.0000   0.6488  1+[ 8, 0, 0]
  19   48.543755   48.543755   0.00000000   0.00000000   0.0000   0.6983  1+[ 6, 5, 1]
  20   47.635920   47.635920   0.00000000   0.00000000   0.0000   0.6759  1+[ 6, 4, 0]
  21   22.732087   22.732087   0.00000000   0.00000000   0.0000   0.6441  1+[ 2, 0, 0]
  22   19.770347   19.770347   0.00000000   0.00000000   0.0000   0.5123  1+[ 4, 3, 1]
  23   14.766620   14.766620   0.00000000   0.00000001   0.0000   0.8178  1+[ 4, 4, 0]
  24   13.651992  -28.999903   1.00000000   0.00000002   0.0000   0.9231  1+[ 0, 0, 0]
  25   -2.237609  -13.110302   1.00000000   0.00000000   0.0000   0.7481  1+[ 2, 2, 0]
  26   16.743888   16.743888   0.00000000   0.00000000   0.0000   0.6964  1-[ 3, 0, 1]
  27   19.940096   19.940096   0.00000000   0.00000000   0.0000   0.7047  1-[ 3, 3, 0]
  28   20.963566   20.963566   0.00000000   0.00000000   0.0000   0.6630  1-[ 5, 5, 0]
  29   40.814084   40.814084   0.00000000   0.00000000   0.0000   0.6081  1-[ 5, 2, 1]
  30   57.757699   57.757699   0.00000000   0.00000000   0.0000   0.5824  1-[ 7, 0, 1]
  31   48.562550   48.562550   0.00000000   0.00000000   0.0000   0.4834  1-[ 7, 2, 1]
  32   41.645825   41.645825   0.00000000   0.00000000   0.0000   0.6689  1-[ 5, 3, 0]
  33   56.281026   56.281026   0.00000000   0.00000000   0.0000   0.5603  1-[ 7, 7, 0]
  34   54.447079   54.447079   0.00000000   0.00000000   0.0000   0.8477  1-[ 7, 3, 0]
  35   58.890438   58.890438   0.00000000   0.00000000   0.0000   0.8451  1-[ 7, 1, 0]
  36   51.637818   51.637818   0.00000000   0.00000000   0.0000   0.7864  1-[ 7, 5, 0]
  37   54.295634   54.295634   0.00000000   0.00000000   0.0000   0.5621  1-[ 7, 2, 1]
  38   42.271189   42.271189   0.00000000   0.00000000   0.0000   0.4939  1-[ 5, 3, 0]
  39   52.104221   52.104221   0.00000000   0.00000000   0.0000   0.5588  1-[ 7, 4, 1]
  40   37.273098   37.273098   0.00000000   0.00000000   0.0000   0.6967  1-[ 5, 2, 1]
  41   20.096060   20.096060   0.00000000   0.00000000   0.0000   0.7011  1-[ 3, 1, 0]
  42   27.129202   27.129202   0.00000000   0.00000001   0.0000   0.6495  1-[ 3, 2, 1]
  43    2.869360    2.869360   0.00000000   0.00000001   0.0000   0.4777  1-[ 5, 5, 0]
  44    2.241131  -17.589042   1.00000000   0.00000005   0.0000   0.7458  1-[ 1, 0, 1]
  45    1.405269  -16.753179   1.00000000   0.00000000   0.0000   0.7386  1-[ 1, 1, 0]
  46   15.792214   15.792214   0.00000000   0.00000000   0.0000   0.5863  3+[ 2, 0, 2]
  47   54.434982   54.434982   0.00000000   0.00000000   0.0000   0.5200  3+[ 8, 1, 1]
  48   48.118572   48.118572   0.00000000   0.00000000   0.0000   0.5599  3+[ 4, 2, 2]
  51   44.663591   44.663591   0.00000000   0.00000000   0.0000   0.6578  3+[ 4, 0, 2]
  52   38.620532   38.620532   0.00000000   0.00000000   0.0000   0.6631  3+[ 6, 0, 2]
  54   50.036636   50.036636   0.00000000   0.00000000   0.0000   0.7277  3+[ 8, 4, 2]
  58   54.398430   54.398430   0.00000000   0.00000000   0.0000   0.8534  3+[ 6, 4, 2]
  59   51.083204   51.083204   0.00000000   0.00000000   0.0000   0.6132  3+[ 8, 5, 1]
  60   52.818120   52.818120   0.00000000   0.00000000   0.0000   0.4570  3+[ 8, 3, 1]
  61   49.302503   49.302503   0.00000000   0.00000000   0.0000   0.5779  3+[ 8, 7, 1]
  62   43.676469   43.676469   0.00000000   0.00000000   0.0000   0.6479  3+[ 6, 5, 1]
  63   29.396227   29.396227   0.00000000   0.00000000   0.0000   0.7297  3+[ 4, 1, 1]
  64    9.361122    9.361122   0.00000000   0.00000000   0.0000   0.6922  3+[ 2, 0, 2]
  65   -6.179380   -9.168530   1.00000000   0.00000032   0.0000   0.9087  3+[ 2, 1, 1]
  66   13.983574   13.983574   0.00000000   0.00000000   0.0000   0.7159  3-[ 3, 1, 2]
  67    7.908587    7.908587   0.00000000   0.00000000   0.0000   0.6804  3-[ 3, 1, 2]
  68   46.566529   46.566529   0.00000000   0.00000000   0.0000   0.6788  3-[ 5, 2, 1]
  69   47.146285   47.146285   0.00000000   0.00000000   0.0000   0.5944  3-[ 7, 6, 1]
  70   45.404184   45.404184   0.00000000   0.00000000   0.0000   0.5960  3-[ 5, 0, 1]
  71   56.209271   56.209271   0.00000000   0.00000000   0.0000   0.7403  3-[ 7, 3, 2]
  72   53.640863   53.640863   0.00000000   0.00000000   0.0000   0.8818  3-[ 7, 5, 2]
  74   52.280719   52.280719   0.00000000   0.00000000   0.0000   0.5212  3-[ 7, 3, 2]
  75   38.637500   38.637500   0.00000000   0.00000000   0.0000   0.8724  3-[ 5, 1, 2]
  76   46.671312   46.671312   0.00000000   0.00000000   0.0000   0.7194  3-[ 7, 4, 1]
  77   52.883564   52.883564   0.00000000   0.00000000   0.0000   0.7510  3-[ 7, 2, 1]
  78   51.635997   51.635997   0.00000000   0.00000000   0.0000   0.7785  3-[ 7, 0, 1]
  79   31.972153   31.972153   0.00000000   0.00000000   0.0000   0.8680  3-[ 5, 4, 1]
  80   16.074444   16.074444   0.00000000   0.00000000   0.0000   0.7207  3-[ 3, 0, 1]
  81    1.219770  -16.567680   1.00000000   0.00000000   0.0000   0.9558  3-[ 1, 0, 1]
  82   35.484697   35.484697   0.00000000   0.00000000   0.0000   0.8169  5+[ 4, 2, 2]
  83   58.594406   58.594406   0.00000000   0.00000000   0.0000   0.4719  5+[ 8, 5, 3]
  89   46.094653   46.094653   0.00000000   0.00000000   0.0000   0.7452  5+[ 4, 0, 2]
  90   38.996260   38.996260   0.00000000   0.00000000   0.0000   0.4019  5+[ 6, 1, 3]
  91   44.743060   44.743060   0.00000000   0.00000000   0.0000   0.6495  5+[ 6, 3, 3]
  92   42.924801   42.924801   0.00000000   0.00000000   0.0000   0.4847  5+[ 6, 2, 2]
  93   56.472782   56.472782   0.00000000   0.00000000   0.0000   0.7443  5+[ 8, 6, 2]
  94   33.810966   33.810966   0.00000000   0.00000000   0.0000   0.5555  5+[ 6, 4, 2]
  95   38.168923   38.168923   0.00000000   0.00000000   0.0000   0.6211  5+[ 6, 4, 2]
  96   33.773651   33.773651   0.00000000   0.00000000   0.0000   0.5866  5+[ 4, 1, 3]
  97    0.399203    0.399203   0.00000000   0.00000000   0.0000   0.9144  5+[ 2, 0, 2]
  98   43.369799   43.369799   0.00000000   0.00000000   0.0000   0.5929  5-[ 5, 2, 3]
 101   26.213224   26.213224   0.00000000   0.00000000   0.0000   0.6559  5-[ 3, 0, 3]
 102   37.094083   37.094083   0.00000000   0.00000000   0.0000   0.5543  5-[ 3, 0, 3]
 103   44.050744   44.050744   0.00000000   0.00000000   0.0000   0.6877  5-[ 7, 1, 2]
 104   53.453397   53.453397   0.00000000   0.00000000   0.0000   0.6910  5-[ 7, 3, 2]
 105   49.374516   49.374516   0.00000000   0.00000000   0.0000   0.5987  5-[ 7, 3, 2]
 106   30.694045   30.694045   0.00000000   0.00000000   0.0000   0.4507  5-[ 5, 1, 2]
 107   42.544354   42.544354   0.00000000   0.00000000   0.0000   0.6742  5-[ 7, 5, 2]
 108   46.916109   46.916109   0.00000000   0.00000000   0.0000   0.5817  5-[ 7, 4, 3]
 109   22.631525   22.631525   0.00000000   0.00000000   0.0000   0.5950  5-[ 3, 1, 2]
 110   51.818553   51.818553   0.00000000   0.00000000   0.0000   0.6836  7+[ 4, 1, 3]
 111   58.499382   58.499382   0.00000000   0.00000000   0.0000   0.4407  7+[ 8, 3, 3]
 115   54.403258   54.403258   0.00000000   0.00000000   0.0000   0.4945  7+[ 4, 1, 3]
 116   52.743715   52.743715   0.00000000   0.00000000   0.0000   0.6567  7+[ 4, 0, 4]
 117   46.093424   46.093424   0.00000000   0.00000000   0.0000   0.4753  7+[ 6, 1, 3]
 118   47.621240   47.621240   0.00000000   0.00000000   0.0000   0.6573  7+[ 8, 5, 3]
 119   49.691934   49.691934   0.00000000   0.00000000   0.0000   0.5408  7+[ 8, 1, 3]
 120   35.862162   35.862162   0.00000000   0.00000000   0.0000   0.5182  7+[ 6, 0, 4]
 124   25.611720   25.611720   0.00000000   0.00000000   0.0000   0.8631  7-[ 3, 0, 3]
 125   54.060041   54.060041   0.00000000   0.00000000   0.0000   0.6508  7-[ 5, 2, 3]
 126   57.290634   57.290634   0.00000000   0.00000000   0.0000   0.7921  7-[ 7, 2, 3]
 127   37.686198   37.686198   0.00000000   0.00000000   0.0000   0.8322  7-[ 5, 1, 4]
 128   35.623781   35.623781   0.00000000   0.00000000   0.0000   0.5170  7-[ 5, 0, 3]
 129   30.221171   30.221171   0.00000000   0.00000000   0.0000   0.5357  7-[ 5, 2, 3]
 136   50.088568   50.088568   0.00000000   0.00000000   0.0000   0.6497  9+[ 4, 0, 4]
 137   47.389730   47.389730   0.00000000   0.00000000   0.0000   0.6771  9+[ 6, 1, 5]
 138   45.754246   45.754246   0.00000000   0.00000000   0.0000   0.5929  9+[ 6, 2, 4]
 139   36.594393   36.594393   0.00000000   0.00000000   0.0000   0.5739  9+[ 6, 0, 4]
 140   57.809740   57.809740   0.00000000   0.00000000   0.0000   0.6302  9-[ 5, 1, 4]
 141   57.429322   57.429322   0.00000000   0.00000000   0.0000   0.9483  9-[ 5, 0, 5]
 142   55.764363   55.764363   0.00000000   0.00000000   0.0000   0.8098  9-[ 7, 2, 5]
 143   59.076428   59.076428   0.00000000   0.00000000   0.0000   0.9750  9-[ 7, 1, 4]
 144   55.519273   55.519273   0.00000000   0.00000000   0.0000   0.9497  9-[ 7, 3, 4]
 145   50.065560   50.065560   0.00000000   0.00000000   0.0000   0.7077  9-[ 7, 0, 5]
 151   51.775403   51.775403   0.00000000   0.00000000   0.0000   0.7125 11+[ 6, 1, 5]
 152   39.713114   39.713114   0.00000000   0.00000000   0.0000   0.9820 11-[ 5, 0, 5]
 158   59.473831   59.473831   0.00000000   0.00000000   0.0000   0.7875 13+[ 6, 0, 6]
  Sum canonical e_v*V^2_k=  -204.37727048981964     

  NB! From expect (UNPROJECTED RESULTS)

  pairing: CpV0,CpV1,...           0.100000       0.100000       1.000000       1.000000
  forces:   UNE1                          


                             neutrons         protons         total
  Requested part.numbs.      12.000000      12.000000      24.000000
  UnPj(av) part.numbs .      12.000000      12.000000      24.000000
  b0, bz, bp ..........       1.559284       1.564210       1.556827

  lambda (ala) ........     -12.155036      -7.673955
  Lambda (alast) ......     -12.155036      -7.673955
  delta(n,p), pwi .....      -0.000000      -0.000000      60.000000
  pairing energy ......       0.000000       0.000000       0.000000

  rms-radius ..........       3.086566       3.107807       3.097205
  charge-radius, r0 ...                      3.209122       3.461399
  deformation beta2....       0.512456       0.513826       0.513146
  dipole moment[fm] ...       0.000000       0.000000       0.000000
  quadrupole moment[b]        0.739093       0.751304       1.490397
  octupole moment .....       0.000000       0.000000       0.000000
  hexadecapole moment .       0.012108       0.012326       0.024434
  q5 ..................       0.000000       0.000000       0.000000
  q6 ..................       0.000509       0.000509       0.001018
  q7 ..................       0.000000       0.000000       0.000000
  q8 ..................       0.000010       0.000009       0.000020

  <r^0> [fm^0] ........            1.000000            1.000000            1.000000
  <r^2> [fm^2] ........            9.526887            9.658466            9.592677
  <r^4> [fm^4] ........          134.356789          138.263063          136.309926
  <r^6> [fm^6] ........         2454.076674         2564.984217         2509.530446
  <r^8> [fm^8] ........        54302.404080        57637.846110        55970.125095

  kinetic energy ......     198.008223     195.463989     393.472213
  volume energy .......                                  -646.100909
        rho_tau .......                                    -1.658668
        rho_rho .......                                  -644.442241
  surface energy ......                                    54.787043
   rho_DELTA_rho ......                                    54.787043
   (NABLA_rho)^2 ......                                     0.000000
  spin-orbit energy ...                                   -17.356908
        rho_NABLA_J ...                                   -17.356908
        NABLA_rho_J ...                                     0.000000
  coulomb energy ......                                    28.212311
          direct ......                                    32.598028
          exchange ....                                    -4.385717
  tensor energy .......                                     0.000000
  direct Hartree E  ...                                     0.000000
  Extra E .............                                     0.000000
  External field E ....                                     0.000000
  Entropy .............       0.000000       0.000000       0.000000

  tEnergy: ehfb (qp)...                                  -186.986250

  Calculated but not added corrections 
====================================
  cmc-diagonal part ...       0.000000       0.000000      -0.000000
  cmc-hfb .............       0.000000       0.000000       0.000000
  cranking rot corr ...       0.000000       0.000000       0.000000

  SQUJ ................       0.000000       0.000000       0.000000
  CRAN x 4 ............       0.000000       0.000000       0.000000
  Rigit Body ..........       0.000000       0.000000       0.000000


   Blocking candidates are:
   neutron eqpmin=   1.5390252289918607       pwiblo=   5.1031036307982882     
    num=   1 block=   3 state=   1    33 Eqp=   1.53902523  (1-2N)E=  -1.53902523  Ovlp=   0.91275365  3+[ 2, 1, 1]
    num=   2 block=   1 state=   1     1 Eqp=   3.26071687  (1-2N)E=   3.26071687  Ovlp=   0.80427281  1+[ 2, 1, 1]
    num=   3 block=   5 state=   1    57 Eqp=   3.77350511  (1-2N)E=   3.77350511  Ovlp=   0.96294487  5+[ 2, 0, 2]
    num=   4 block=   2 state=   1    17 Eqp=   4.21807379  (1-2N)E=   4.21807379  Ovlp=   0.72494753  1-[ 3, 3, 0]
    num=   5 block=   2 state=   2    18 Eqp=   4.85235611  (1-2N)E=  -4.85235611  Ovlp=   0.93617026  1-[ 1, 0, 1]
    num=   6 block=   1 state=   2     2 Eqp=   5.29777554  (1-2N)E=  -5.29777554  Ovlp=   0.78987743  1+[ 2, 2, 0]

   Blocking candidates are:
   proton  eqpmin=   1.4945748759788415       pwiblo=   5.1031036307982882     
    num=   1 block=   3 state=   1    31 Eqp=   1.49457488  (1-2N)E=  -1.49457488  Ovlp=   0.90865741  3+[ 2, 1, 1]
    num=   2 block=   1 state=   1     1 Eqp=   3.21100885  (1-2N)E=   3.21100885  Ovlp=   0.80133206  1+[ 2, 1, 1]
    num=   3 block=   5 state=   1    54 Eqp=   3.83540362  (1-2N)E=   3.83540362  Ovlp=   0.95883651  5+[ 2, 0, 2]
    num=   4 block=   2 state=   1    17 Eqp=   4.22970842  (1-2N)E=   4.22970842  Ovlp=   0.71639670  1-[ 3, 3, 0]
    num=   5 block=   2 state=   2    18 Eqp=   4.75462750  (1-2N)E=  -4.75462750  Ovlp=   0.93334129  1-[ 1, 0, 1]
    num=   6 block=   1 state=   2     2 Eqp=   5.23201085  (1-2N)E=  -5.23201085  Ovlp=   0.78358271  1+[ 2, 2, 0]


