No Skyrme interaction defined in routine skforce()
Multi-threading framework with OpenMP: 1 threads/task

  =======================================
           FORTRAN 95 CODE (KIND= 8) 
               Version: 200d  
  =======================================
       AXIALLY DEFORMED CONFIGURATIONAL  
     HARTREE-FOCK-BOGOLIUBOV CALCULATIONS
                     WITH                
            UNEDF AND DELTA PAIRING      
                     USING               
             HARMONIC-OSCILLATOR         
                   AND/OR                
       TRANSFORMED HARMONIC-OSCILLATOR   
                    BASIS                
                     ---                 
               v1.66  (2005):,           
   Stoitsov,Dobaczewski,Nazarewicz,Ring, 
               v2.00d (2012):,           
         Stoitsov,Schunck,Kortelainen    
  =======================================
    Nucleus: GD (A= 156, N= 92, Z= 64)
       Reflection Symmetry Imposed       
            ( 7/15/2023,  9:15)                               
  =======================================


  ---------------------------------------
           UNEDF Module Version:17
         M.Kortelainen & M.Stoitsov 
  ---------------------------------------

  UNE1 functional
  ----------------------------------
  Crho(0)=   -812.210347479240568    ; Crho(1)=    393.197266063974439    
  CDrho(0)=   883.125661833550112    ; CDrho(1)=  -400.017703386459914    
  Ctau(0)=    11.2080983191534003    ; Ctau(1)=   -21.4581759699450636    
  CrDr(0)=   -49.2119164376014737    ; CrDr(1)=   -113.237085053704959    
  CrdJ(0)=   -87.7313746157722960    ; CrdJ(1)=   -47.9638969446565824    
  CJ(0)=      0.00000000000000000    ; CJ(1)=      0.00000000000000000    
  CpV0(0)=   0.100000000000000006    ; CpV0(1)=   0.100000000000000006    
  CpV1(0)=    1.00000000000000000    ; CpV1(1)=    1.00000000000000000    
  sigma=     0.245323912949157397    ; hbzero=     20.7355300000000007    
  e^2 chrg=   1.43997840859651305    ; CExPar=     1.00000000000000000    
  c.m. correction: F, chr. density in direct Coul: F
  use tensor terms: F
  use TMR pairing:  0

  Coupling constants in natural units
  -----------------------------------
  Crho_nu(0)=  -0.914646252686411088    ; Crho_nu(1)=   0.442787274365706141    
  CDrho_nu(0)=  0.938125491519947952    ; CDrho_nu(1)= -0.424930245857619571    
  Ctau_nu(0)=   0.158876067953265726    ; Ctau_nu(1)=  -0.304172084012521216    
  CrDr_nu(0)=  -0.697584510539998592    ; CrDr_nu(1)=   -1.60514855486930430    
  CrdJ_nu(0)=   -1.24360220959782608    ; CrdJ_nu(1)=  -0.679893692336764777    
  CJ_nu(0)=      0.00000000000000000    ; CJ_nu(1)=      0.00000000000000000    
  CpV0_nu(0)=   0.112611992142809880E-03; CpV0_nu(1)=   0.112611992142809880E-03
  CpV1_nu(0)=   0.887702254206059068E-03; CpV1_nu(1)=   0.887702254206059068E-03
  fpi_nu=        93.0000000000000000    ; Lambda_nu=     700.000000000000000    

  Nuclear matter properties
  ----------------------------------
      E_NM=     -15.8000000000000078      K_NM=     219.9999999999998863
      P_NM=      -0.0000000000000001    RHO_NM=       0.1585897187203663
    ASS_NM=      29.2222768359617717   LASS_NM=      35.8092543087236237
  SMASS_NM=       1.0857219063040466  VMASS_NM=       1.2498385742322700

  Associated (t,x)-coupling constants
  -----------------------------------
  t0=      -2165.89425994464136    ; x0=       0.226161518289492602    
  t1=       277.407685426079070    ; x1=       -3.61087390085920390    
  t2=       1161.89648727515237    ; x2=       -1.39048013104483403    
  t3=       14130.0105893368018    ; x3=       0.179435080432281402    
  b4=       39.7674776711157136    ; b4p=       95.9277938893131648    
  te=      -350.176695293874843    ; to=       -173.278934924060195    
  sigma=   0.245323912949157397    ; hbzero=    20.7355300000000007    

  ---------------------------------------
        Characteristics of the run       
  ---------------------------------------
  Output file ................:     7
  Nucleus ....................:   GD 156
  Number of HO shells ........:    10
  HO length b0 (fm) ..........:     2.13015292605643
  Basis deformation ..........:  beta0=   0.010 q=   1.010
  HO: b0,1/b0,bp,bz,q ........:   0.21301529E+01  0.46944986E+00  0.21267964E+01  0.21368819E+01  0.10095067E+01
  h**2/(2m), cmc, e**2 .......:   0.20735530E+02  0.20735530E+02  0.14399784E+01
  hom=f*41.0_pr*A^{-1/3}, f...:   0.91395238E+01  0.12000000E+01
  THO basis is ...............:  OFF
  Maximal number of iterations:   400
  Initial mixing parameter ...:  0.300
  Initial w.f. ...............:  from   spherical scratch
  Skyrme functional ..........:    UNE1                          
    with direct and exchange Coulomb
  Lipkin-Nogami procedure is .:  OFF
  PAV procedure is ...........:  OFF
  Constraint calculation is ..:   ON
    Constraint 1 .............: lambda=2 Ql=  13.257
  Temperature T ..............:   0.05 MeV
  Restart indicator ..........:   1
  Broyden mixing (#iterations):   7

  ---------------------------------------
        Harmonic Oscillator Basis        
  ---------------------------------------
  NUV, NQP:                        6222     286
  Comparison with bookkeeping spherical basis:
  n00:                               10      10  Maximal number of shells
  nbx, 2*n00+1:                      21      21  Maximal number of K-blocks
  ntx, (n00+1)*(n00+2)*(n00+3)/6    286     286  Max.num. p/n levels
  nzx, n00:                          10      10  Maximal nz-quantum number
  nrx, n00/2  :                       5       5  Maximal nr-quantum number
  nlx, n00:                          10      10  Maximal ml-quantum number
  ndx, (n00+2)*(n00+2)/4:            36      36  Maximal dim. of one k-block

  Actual basis used
  Number of blocks: nb .......:   21
  Number of levels: nt .......:  286
  Maximal 2*omega : nom ......:   21
  Maximal nz:       nzm ......:   10
  Maximal nr:       nrm ......:    5
  Maximal ml:       nlm ......:   10
  Maximal N=nz+2*nr+nl .......:   10
  2 x biggest block dim. .....:   72
  Non-zero elements of h .....:     3254
  Number of Broyden elements .:    13016

  ---------------------------------------
            Integration Meshes           
  ---------------------------------------
  Number of Gauss-Hermite mesh points ngh ....:  40
  Number of Gauss-Laguerre mesh points ngl ...:  40
  Number of Gauss-Legendre mesh points nleg ..:  80
  Integration boundaries
    Hermite  - from xh(1)  =  0.12379686 to xh(ngh)   = 11.88786356
    Laguerre - From xl(1)  =  0.03570039 to xl(ngl)   =142.28004447
    Legendre - From xleg(1)=  0.00978669 to xleg(nleg)=  0.99988775
  Max.dev.in:     Orthogonality            Normalization
  Hermite     1.5248282503475657E-015   1.0991207943789050E-014
  Laguerre    4.8291451697098846E-015   9.3258734068513149E-015

  Scratch initialization for the nucleus: GD  92  64


  Initial potentials of Saxon-Woods shape 
  v0ws   =  -71.27999878
  kappa  =    0.46160001
  vs0    =   11.11750031   11.11750031
  r0     =    1.23339999    1.23339999
  a      =    0.61500001    0.61500001
  r0-so  =    1.14429998    1.14429998
  a-so   =    0.64760000    0.64760000
  beta00 =    0.01000000

  ### REGULAR STAGE (reflection symmetry imposed)
  |HFB+HO> iterations(b0=  2.130, Nsh= 10, inin=  1, N= 92, Z= 64)...
  ----------------------------------------------------------------------------------------------------------------------------------
  i          si     mix   beta      Etot       A       rn      rp         En      Dn      Ep      Dp        Ln      Lp     time
  ----------------------------------------------------------------------------------------------------------------------------------
   1L  69.94764065 0.30  0.010     0.000000    0.0   0.000   0.000 |   -2.000   1.000  -2.000   1.000 |   -7.000  -7.000   0.000
   2B  43.47851694 0.10  0.020 -1007.814183  156.0   4.803   4.551 |    0.001  -0.000   0.000  -0.000 |  -14.218 -26.849  24.027
   3B  15.02080627 0.11  0.171 -1126.803287  156.0   4.974   4.976 |    0.000  -0.000   0.000  -0.000 |   -5.740 -11.362   1.913
   4B  21.36529456 0.10  0.297  -756.902460  156.0   5.211   4.857 |    0.000  -0.000   0.000  -0.000 |   -7.742  -7.902   2.140
   5B   6.66658823 0.11  0.366 -1257.265479  156.0   5.243   5.097 |    0.000  -0.000   0.000  -0.000 |   -7.411  -7.859   1.728
   6B   4.07614505 0.13  0.412 -1262.758354  156.0   5.278   5.155 |    0.000  -0.000   0.000  -0.000 |   -7.721  -7.617   2.801
   7B   4.35478567 0.10  0.469 -1271.849500  156.0   5.322   5.237 |    0.000  -0.000   0.000  -0.000 |   -7.592  -8.295   2.165
   8B   3.05562967 0.11  0.481 -1269.747878  156.0   5.352   5.227 |    0.000  -0.000   0.000  -0.000 |   -7.473  -7.821   1.897
   9B   3.32945656 0.10  0.501 -1270.513250  156.0   5.372   5.249 |    0.000  -0.000   0.000  -0.000 |   -7.313  -7.882   1.586
  10B   4.76335474 0.10  0.486 -1275.516146  156.0   5.347   5.251 |    0.000  -0.000   0.000  -0.000 |   -7.122  -7.805   1.986
  11L   5.49252952 0.10  0.479 -1276.577457  156.0   5.337   5.244 |    0.000  -0.000   0.000  -0.000 |   -7.130  -7.771   2.111
  12L   1.99195899 0.11  0.444 -1277.644965  156.0   5.306   5.198 |    0.000  -0.000   0.000  -0.000 |   -7.065  -7.172   1.935
  13L   2.79157510 0.10  0.440 -1278.882996  156.0   5.298   5.195 |    0.000  -0.000   0.000  -0.000 |   -7.096  -6.963   2.030
  14L   5.22586556 0.10  0.409 -1278.422479  156.0   5.279   5.151 |    0.000  -0.000   0.000  -0.000 |   -7.059  -6.797   1.880
  15L   4.12456399 0.11  0.364 -1277.874682  156.0   5.232   5.125 |    0.000  -0.000   0.000  -0.000 |   -6.716  -6.467   1.523
  16L   4.38420265 0.10  0.331 -1279.440405  156.0   5.205   5.096 |    0.000  -0.000   0.000  -0.000 |   -6.817  -6.637   1.779
  17L   3.33835451 0.11  0.300 -1277.786132  156.0   5.187   5.067 |    0.000  -0.000   0.000  -0.000 |   -6.460  -6.541   2.377
  18L   3.27608660 0.13  0.271 -1276.792550  156.0   5.167   5.036 |    0.000  -0.000   0.000  -0.000 |   -6.103  -6.411   2.027
  19L   3.15676463 0.14  0.250 -1275.513738  156.0   5.154   5.040 |    0.000  -0.000   0.000  -0.000 |   -5.800  -6.480   2.542
  20L   3.10114038 0.16  0.233 -1275.227967  156.0   5.146   5.017 |    0.000  -0.000   0.000  -0.000 |   -5.723  -6.469   2.698
  21B   2.50351944 0.18  0.217 -1275.700733  156.0   5.138   5.017 |    0.000  -0.000   0.000  -0.000 |   -5.566  -6.542   1.631
  22B   1.14299029 0.21  0.221 -1278.419471  156.0   5.150   5.019 |    0.000  -0.000   0.000  -0.000 |   -5.834  -6.761   1.647
  23B   1.13398054 0.24  0.214 -1278.565480  156.0   5.143   5.021 |    0.000  -0.000   0.000  -0.000 |   -5.847  -6.817   1.617
  24B   0.86060797 0.27  0.232 -1279.983748  156.0   5.156   5.029 |    0.000  -0.000   0.000  -0.000 |   -6.119  -6.911   1.673
  25B   0.66315592 0.30  0.234 -1280.357145  156.0   5.153   5.035 |    0.000  -0.000   0.000  -0.000 |   -6.130  -6.962   2.407
  26B   0.31368970 0.34  0.250 -1281.428983  156.0   5.164   5.043 |    0.000  -0.000   0.000  -0.000 |   -6.394  -7.061   3.080
  27B   0.23681673 0.38  0.253 -1281.609119  156.0   5.165   5.045 |    0.000  -0.000   0.000  -0.000 |   -6.446  -7.087   2.223
  28B   0.20321692 0.43  0.255 -1281.736550  156.0   5.166   5.048 |    0.000  -0.000   0.000  -0.000 |   -6.472  -7.086   1.668
  29B   0.08727211 0.49  0.258 -1281.894368  156.0   5.168   5.050 |    0.000  -0.000   0.000  -0.000 |   -6.513  -7.101   1.473
  30B   0.07802834 0.55  0.257 -1281.880157  156.0   5.168   5.049 |    0.000  -0.000   0.000  -0.000 |   -6.501  -7.093   1.038
  31B   0.07815955 0.10  0.257 -1281.867269  156.0   5.167   5.049 |    0.000  -0.000   0.000  -0.000 |   -6.492  -7.087   1.485
  32B   0.05724019 0.11  0.256 -1281.867016  156.0   5.167   5.049 |    0.000   0.000   0.000   0.000 |   -6.481  -7.075   1.772
  33B   0.03383605 0.13  0.257 -1281.884894  156.0   5.168   5.049 |    0.000   0.000   0.000   0.000 |   -6.481  -7.068   1.726
  34B   0.02609296 0.14  0.257 -1281.901996  156.0   5.168   5.050 |    0.000   0.000   0.000   0.000 |   -6.482  -7.066   1.694
  35B   0.01352763 0.16  0.257 -1281.893268  156.0   5.168   5.050 |    0.000   0.000   0.000   0.000 |   -6.478  -7.062   3.429
  36B   0.01324431 0.18  0.257 -1281.902514  156.0   5.168   5.050 |    0.000   0.000   0.000   0.000 |   -6.481  -7.061   2.181
  37B   0.00715305 0.21  0.257 -1281.912203  156.0   5.168   5.050 |    0.000   0.000   0.000   0.000 |   -6.483  -7.060   2.420
  38B   0.00733715 0.10  0.257 -1281.911218  156.0   5.168   5.050 |    0.000   0.000   0.000   0.000 |   -6.482  -7.058   2.032
  39B   0.00565169 0.11  0.257 -1281.915172  156.0   5.168   5.050 |    0.000  -0.000   0.000  -0.000 |   -6.483  -7.058   2.844
  40B   0.00332447 0.13  0.257 -1281.914776  156.0   5.168   5.050 |    0.000  -0.000   0.000  -0.000 |   -6.483  -7.058   2.025
  41B   0.00321812 0.14  0.257 -1281.913960  156.0   5.168   5.050 |    0.000  -0.000   0.000  -0.000 |   -6.482  -7.058   1.450
  42B   0.00241651 0.16  0.257 -1281.911840  156.0   5.168   5.050 |    0.000  -0.000   0.000  -0.000 |   -6.482  -7.058   1.804
  43B   0.00137503 0.18  0.257 -1281.909241  156.0   5.168   5.050 |    0.000   0.000   0.000   0.000 |   -6.481  -7.058   1.982
  44B   0.00138120 0.10  0.257 -1281.908035  156.0   5.168   5.050 |    0.000   0.000   0.000   0.000 |   -6.481  -7.057   1.653
  45B   0.00128376 0.11  0.257 -1281.907918  156.0   5.168   5.050 |    0.000   0.000   0.000   0.000 |   -6.481  -7.057   1.820
  46B   0.00075750 0.13  0.257 -1281.908704  156.0   5.168   5.050 |    0.000  -0.000   0.000  -0.000 |   -6.481  -7.058   3.002
  47B   0.00048485 0.14  0.257 -1281.909161  156.0   5.168   5.050 |    0.000  -0.000   0.000  -0.000 |   -6.481  -7.058   1.796
  48B   0.00033730 0.16  0.257 -1281.909604  156.0   5.168   5.050 |    0.000  -0.000   0.000  -0.000 |   -6.481  -7.058   1.761
  49B   0.00046059 0.10  0.257 -1281.910042  156.0   5.168   5.050 |    0.000  -0.000   0.000  -0.000 |   -6.481  -7.058   2.261
  50B   0.00037906 0.11  0.257 -1281.910106  156.0   5.168   5.050 |    0.000  -0.000   0.000  -0.000 |   -6.481  -7.058   3.433
  51B   0.00035012 0.13  0.257 -1281.909980  156.0   5.168   5.050 |    0.000  -0.000   0.000  -0.000 |   -6.481  -7.057   1.675
  52B   0.00016951 0.14  0.257 -1281.909802  156.0   5.168   5.050 |    0.000   0.000   0.000   0.000 |   -6.481  -7.057   1.874
  53B   0.00013248 0.16  0.257 -1281.909678  156.0   5.168   5.050 |    0.000   0.000   0.000   0.000 |   -6.481  -7.057   1.515
  54B   0.00010329 0.18  0.257 -1281.909617  156.0   5.168   5.050 |    0.000   0.000   0.000   0.000 |   -6.481  -7.057   1.818
  55B   0.00008713 0.21  0.257 -1281.909559  156.0   5.168   5.050 |    0.000   0.000   0.000   0.000 |   -6.481  -7.057   2.206
  56B   0.00009145 0.10  0.257 -1281.909556  156.0   5.168   5.050 |    0.000   0.000   0.000   0.000 |   -6.481  -7.057   1.877
  57B   0.00006856 0.11  0.257 -1281.909619  156.0   5.168   5.050 |    0.000  -0.000   0.000  -0.000 |   -6.481  -7.057   2.502
  58B   0.00005494 0.13  0.257 -1281.909661  156.0   5.168   5.050 |    0.000  -0.000   0.000  -0.000 |   -6.481  -7.057   2.685
  59B   0.00004016 0.14  0.257 -1281.909699  156.0   5.168   5.050 |    0.000  -0.000   0.000  -0.000 |   -6.481  -7.057   3.573
  60B   0.00003314 0.16  0.257 -1281.909725  156.0   5.168   5.050 |    0.000  -0.000   0.000  -0.000 |   -6.481  -7.057   1.972
  61B   0.00003336 0.10  0.257 -1281.909726  156.0   5.168   5.050 |    0.000  -0.000   0.000  -0.000 |   -6.481  -7.057   2.025
  62B   0.00001727 0.11  0.257 -1281.909704  156.0   5.168   5.050 |    0.000   0.000   0.000   0.000 |   -6.481  -7.057   1.891
  63B   0.00001143 0.13  0.257 -1281.909685  156.0   5.168   5.050 |    0.000   0.000   0.000   0.000 |   -6.481  -7.057   2.589
  64B   0.00001010 0.14  0.257 -1281.909678  156.0   5.168   5.050 |    0.000   0.000   0.000   0.000 |   -6.481  -7.057   2.059
  65B   0.00000957 0.16  0.257 -1281.909672  156.0   5.168   5.050 |    0.000   0.000   0.000   0.000 |   -6.481  -7.057   1.562
  66B   0.00001075 0.10  0.257 -1281.909670  156.0   5.168   5.050 |    0.000   0.000   0.000   0.000 |   -6.481  -7.057   2.741
  67B   0.00000865 0.11  0.257 -1281.909680  156.0   5.168   5.050 |    0.000  -0.000   0.000  -0.000 |   -6.481  -7.057   2.019
  68B   0.00000358 0.13  0.257 -1281.909685  156.0   5.168   5.050 |    0.000  -0.000   0.000  -0.000 |   -6.481  -7.057   3.672
  69B   0.00000304 0.14  0.257 -1281.909686  156.0   5.168   5.050 |    0.000  -0.000   0.000  -0.000 |   -6.481  -7.057   2.005
  70B   0.00000196 0.16  0.257 -1281.909684  156.0   5.168   5.050 |    0.000  -0.000   0.000  -0.000 |   -6.481  -7.057   2.111
  71B   0.00000132 0.18  0.257 -1281.909683  156.0   5.168   5.050 |    0.000  -0.000   0.000  -0.000 |   -6.481  -7.057   2.260
  72B   0.00000093 0.21  0.257 -1281.909682  156.0   5.168   5.050 |    0.000   0.000   0.000  -0.000 |   -6.481  -7.057   1.752
  73B   0.00000060 0.24  0.257 -1281.909681  156.0   5.168   5.050 |    0.000   0.000   0.000   0.000 |   -6.481  -7.057   2.395
  74B   0.00000052 0.27  0.257 -1281.909681  156.0   5.168   5.050 |    0.000   0.000   0.000   0.000 |   -6.481  -7.057   1.674
  75B   0.00000055 0.10  0.257 -1281.909681  156.0   5.168   5.050 |    0.000   0.000   0.000  -0.000 |   -6.481  -7.057   2.556
  76B   0.00000041 0.11  0.257 -1281.909681  156.0   5.168   5.050 |    0.000   0.000   0.000   0.000 |   -6.481  -7.057   1.849
  77B   0.00000045 0.10  0.257 -1281.909682  156.0   5.168   5.050 |    0.000  -0.000   0.000  -0.000 |   -6.481  -7.057   1.808
  78B   0.00000017 0.11  0.257 -1281.909682  156.0   5.168   5.050 |    0.000  -0.000   0.000  -0.000 |   -6.481  -7.057   2.027
  79B   0.00000016 0.13  0.257 -1281.909682  156.0   5.168   5.050 |    0.000   0.000   0.000   0.000 |   -6.481  -7.057   1.813
  80B   0.00000020 0.10  0.257 -1281.909682  156.0   5.168   5.050 |    0.000  -0.000   0.000  -0.000 |   -6.481  -7.057   1.495
  81B   0.00000014 0.11  0.257 -1281.909682  156.0   5.168   5.050 |    0.000  -0.000   0.000  -0.000 |   -6.481  -7.057   1.854
  82B   0.00000009 0.13  0.257 -1281.909682  156.0   5.168   5.050 |    0.000   0.000   0.000  -0.000 |   -6.481  -7.057   1.715
  83B   0.00000005 0.14  0.257 -1281.909682  156.0   5.168   5.050 |    0.000   0.000   0.000   0.000 |   -6.481  -7.057   1.959
  84B   0.00000006 0.10  0.257 -1281.909682  156.0   5.168   5.050 |    0.000   0.000   0.000  -0.000 |   -6.481  -7.057   2.205
  85B   0.00000004 0.11  0.257 -1281.909682  156.0   5.168   5.050 |    0.000  -0.000   0.000  -0.000 |   -6.481  -7.057   1.838
  86B   0.00000004 0.10  0.257 -1281.909682  156.0   5.168   5.050 |    0.000   0.000   0.000  -0.000 |   -6.481  -7.057   2.237
  87B   0.00000002 0.11  0.257 -1281.909682  156.0   5.168   5.050 |    0.000  -0.000   0.000   0.000 |   -6.481  -7.057   1.495
  88B   0.00000002 0.13  0.257 -1281.909682  156.0   5.168   5.050 |    0.000  -0.000   0.000   0.000 |   -6.481  -7.057   2.210
  89B   0.00000001 0.14  0.257 -1281.909682  156.0   5.168   5.050 |    0.000   0.000   0.000   0.000 |   -6.481  -7.057   2.475
  90B   0.00000001 0.16  0.257 -1281.909682  156.0   5.168   5.050 |    0.000  -0.000   0.000   0.000 |   -6.481  -7.057   1.677
  91B   0.00000001 0.10  0.257 -1281.909682  156.0   5.168   5.050 |    0.000   0.000   0.000   0.000 |   -6.481  -7.057   1.595
  92B   0.00000001 0.11  0.257 -1281.909682  156.0   5.168   5.050 |    0.000   0.000   0.000   0.000 |   -6.481  -7.057   1.560
  93B   0.00000000 0.13  0.257 -1281.909682  156.0   5.168   5.050 |    0.000  -0.000   0.000   0.000 |   -6.481  -7.057   2.785
  94B   0.00000000 0.14  0.257 -1281.909682  156.0   5.168   5.050 |    0.000  -0.000   0.000   0.000 |   -6.481  -7.057   2.508
  95B   0.00000000 0.16  0.257 -1281.909682  156.0   5.168   5.050 |    0.000  -0.000   0.000  -0.000 |   -6.481  -7.057   2.316
  96B   0.00000000 0.10  0.257 -1281.909682  156.0   5.168   5.050 |    0.000   0.000   0.000   0.000 |   -6.481  -7.057   2.930
  97B   0.00000000 0.11  0.257 -1281.909682  156.0   5.168   5.050 |    0.000   0.000   0.000  -0.000 |   -6.481  -7.057   5.413
  98B   0.00000000 0.13  0.257 -1281.909682  156.0   5.168   5.050 |    0.000   0.000   0.000   0.000 |   -6.481  -7.057   4.550
  99B   0.00000000 0.14  0.257 -1281.909682  156.0   5.168   5.050 |    0.000  -0.000   0.000  -0.000 |   -6.481  -7.057   3.059
  ----------------------------------------------------------------------------------------------------------------------------------
  *   iteration converged   after  99 steps   si=     0.0000000009 ho=  0 tho=  0
  ----------------------------------------------------------------------------------------------------------------------------------
  Total CPU time=   3.917 minutes

  Writing to wel_file: s092_064.hel
 __________________________________  
  The tape s092_064.hel recorded:     
  nucname,npr,ngh,ngl,n00,nb,nt      
  b0,beta0,si,etot,rms,bet,xmix      
  pairing:     CpV0,CpV1,pwi         
  delta:       del,ept               
  lambda:      ala,ala2,alast,tz     
  asymptotic:  varmas,ass,skass      
  ntx,nb,nhhdim,id,N_rz,n_r,n_z      
  Omega2,Sigma2,Parity,Lambda        
  matrices(inbro):    hh,de          
  *all blocking candidates           
 __________________________________  


  NB! From expect (UNPROJECTED RESULTS)

  pairing: CpV0,CpV1,...           0.100000       0.100000       1.000000       1.000000
  forces:   UNE1                          


                             neutrons         protons         total
  Requested part.numbs.      92.000000      64.000000     156.000000
  UnPj(av) part.numbs .      92.000000      64.000000     156.000000
  b0, bz, bp ..........       2.130153       2.136882       2.126796

  lambda (ala) ........      -6.481196      -7.057383
  Lambda (alast) ......      -6.481196      -7.057383
  delta(n,p), pwi .....      -0.000000      -0.000000      60.000000
  pairing energy ......       0.000000       0.000000       0.000000

  rms-radius ..........       5.168131       5.049883       5.119949
  charge-radius, r0 ...                      5.112858       6.459855
  deformation beta2....       0.246973       0.272039       0.256977
  dipole moment[fm] ...       0.000000       0.000000       0.000000
  quadrupole moment[b]        7.656227       5.601243      13.257471
  octupole moment .....       0.000000       0.000000       0.000000
  hexadecapole moment .       0.545726       0.351830       0.897557
  q5 ..................       0.000000       0.000000       0.000000
  q6 ..................       0.118753       0.085807       0.204560
  q7 ..................       0.000000       0.000000       0.000000
  q8 ..................       0.022072       0.017825       0.039897

  <r^0> [fm^0] ........            1.000000            1.000000            1.000000
  <r^2> [fm^2] ........           26.709582           25.501314           26.213882
  <r^4> [fm^4] ........          939.202107          842.040516          899.340941
  <r^6> [fm^6] ........        39527.011121        32924.558978        36818.312806
  <r^8> [fm^8] ........      1911601.621528      1468305.002900      1729736.342091

  kinetic energy ......    1841.187833    1076.936847    2918.124680
  volume energy .......                                 -4835.455366
        rho_tau .......                                   173.952816
        rho_rho .......                                 -5009.408182
  surface energy ......                                   192.036795
   rho_DELTA_rho ......                                   192.036795
   (NABLA_rho)^2 ......                                     0.000000
  spin-orbit energy ...                                   -81.979651
        rho_NABLA_J ...                                   -81.979651
        NABLA_rho_J ...                                     0.000000
  coulomb energy ......                                   525.363860
          direct ......                                   549.959464
          exchange ....                                   -24.595603
  tensor energy .......                                     0.000000
  direct Hartree E  ...                                     0.000000
  Extra E .............                                     0.000000
  External field E ....                                     0.000000
  Entropy .............       0.186977       1.069411       1.256388

  tEnergy: ehfb (qp)...                                 -1281.909682

  Calculated but not added corrections 
====================================
  cmc-diagonal part ...       0.000000       0.000000       0.000000
  cmc-hfb .............       0.000000       0.000000       0.000000
  cranking rot corr ...       0.000000       0.000000       0.000000

  SQUJ ................       0.000000       0.000000       0.000000
  CRAN x 4 ............       0.000000       0.000000       0.000000
  Rigit Body ..........       0.000000       0.000000       0.000000


   Blocking candidates are:
   neutron eqpmin=  0.24087291884431750       pwiblo=   2.0016019225635890     
    num=   1 block=   3 state=   1    67 Eqp=   0.24087292  (1-2N)E=  -0.24087292  Ovlp=   0.60562797  3+[ 6, 5, 1]
    num=   2 block=   4 state=   1    97 Eqp=   0.24094152  (1-2N)E=   0.24094152  Ovlp=   0.68674625  3-[ 5, 3, 2]
    num=   3 block=   5 state=   1   122 Eqp=   0.57127321  (1-2N)E=   0.57127321  Ovlp=   0.74519417  5+[ 6, 4, 2]
    num=   4 block=   6 state=   1   147 Eqp=   0.91580346  (1-2N)E=   0.91580346  Ovlp=   0.69119181  5-[ 5, 1, 2]
    num=   5 block=   4 state=   2    98 Eqp=   0.93658819  (1-2N)E=  -0.93658819  Ovlp=   0.54482671  3-[ 5, 4, 1]
    num=   6 block=   1 state=   1     1 Eqp=   0.94040038  (1-2N)E=  -0.94040038  Ovlp=   0.49752313  1+[ 6, 4, 0]
    num=   7 block=   2 state=   1    37 Eqp=   1.30676003  (1-2N)E=  -1.30676003  Ovlp=   0.64384787  1-[ 5, 4, 1]
    num=   8 block=   2 state=   2    38 Eqp=   1.41772058  (1-2N)E=   1.41772058  Ovlp=   0.66795880  1-[ 5, 2, 1]
    num=   9 block=   7 state=   1   167 Eqp=   1.87291690  (1-2N)E=   1.87291690  Ovlp=   0.84600334  7+[ 6, 3, 3]
    num=  10 block=   6 state=   2   148 Eqp=   2.09655801  (1-2N)E=   2.09655801  Ovlp=   0.78462718  5-[ 5, 2, 3]

   Blocking candidates are:
   proton  eqpmin=  0.14179902953964074       pwiblo=   2.0016019225635890     
    num=   1 block=   3 state=   1    67 Eqp=   0.14179903  (1-2N)E=  -0.14179903  Ovlp=   0.84130889  3+[ 4, 1, 1]
    num=   2 block=   6 state=   1   147 Eqp=   0.13037865  (1-2N)E=   0.13037865  Ovlp=   0.80012118  5-[ 5, 3, 2]
    num=   3 block=   5 state=   1   122 Eqp=   0.21555123  (1-2N)E=  -0.21555123  Ovlp=   0.90560626  5+[ 4, 1, 3]
    num=   4 block=   4 state=   1    97 Eqp=   0.99647316  (1-2N)E=  -0.99647316  Ovlp=   0.65333080  3-[ 5, 4, 1]
    num=   5 block=   1 state=   1     1 Eqp=   1.06739222  (1-2N)E=   1.06739222  Ovlp=   0.84021611  1+[ 4, 1, 1]
    num=   6 block=   5 state=   2   123 Eqp=   1.18805512  (1-2N)E=   1.18805512  Ovlp=   0.90238398  5+[ 4, 0, 2]
    num=   7 block=   7 state=   1   167 Eqp=   1.25489860  (1-2N)E=   1.25489860  Ovlp=   0.96248405  7+[ 4, 0, 4]
    num=   8 block=   8 state=   1   187 Eqp=   1.59825452  (1-2N)E=   1.59825452  Ovlp=   0.89766054  7-[ 5, 2, 3]
    num=   9 block=   2 state=   1    37 Eqp=   1.90276837  (1-2N)E=  -1.90276837  Ovlp=   0.48311351  1-[ 5, 3, 0]



 HFBTHO_SOLVER ended without errors

