No Skyrme interaction defined in routine skforce()
Multi-threading framework with OpenMP: 1 threads/task

  =======================================
           FORTRAN 95 CODE (KIND= 8) 
               Version: 200d  
  =======================================
       AXIALLY DEFORMED CONFIGURATIONAL  
     HARTREE-FOCK-BOGOLIUBOV CALCULATIONS
                     WITH                
            UNEDF AND DELTA PAIRING      
                     USING               
             HARMONIC-OSCILLATOR         
                   AND/OR                
       TRANSFORMED HARMONIC-OSCILLATOR   
                    BASIS                
                     ---                 
               v1.66  (2005):,           
   Stoitsov,Dobaczewski,Nazarewicz,Ring, 
               v2.00d (2012):,           
         Stoitsov,Schunck,Kortelainen    
  =======================================
    Nucleus: GD (A= 156, N= 92, Z= 64)
       Reflection Symmetry Imposed       
            ( 9/15/2022,  3: 4)                               
  =======================================


  ---------------------------------------
           UNEDF Module Version:17
         M.Kortelainen & M.Stoitsov 
  ---------------------------------------

  UNE1 functional
  ----------------------------------
  Crho(0)=   -772.968128865482413    ; Crho(1)=    343.323449903506514    
  CDrho(0)=   894.741747242654355    ; CDrho(1)=  -288.577440950770495    
  Ctau(0)=   -3.84935418813024777    ; Ctau(1)=   -36.4840022489450320    
  CrDr(0)=   -44.2897740998562597    ; CrDr(1)=   -120.428545490825456    
  CrdJ(0)=   -71.5905884434618258    ; CrdJ(1)=   -39.7750512678206576    
  CJ(0)=      0.00000000000000000    ; CJ(1)=      0.00000000000000000    
  CpV0(0)=   0.100000000000000006    ; CpV0(1)=   0.100000000000000006    
  CpV1(0)=    1.00000000000000000    ; CpV1(1)=    1.00000000000000000    
  sigma=     0.275392543303833615    ; hbzero=     20.7355300000000007    
  e^2 chrg=   1.43997840859651305    ; CExPar=     1.00000000000000000    
  c.m. correction: F, chr. density in direct Coul: F
  use tensor terms: F
  use TMR pairing:  0

  Coupling constants in natural units
  -----------------------------------
  Crho_nu(0)=  -0.870454808544421477    ; Crho_nu(1)=   0.386623376429760468    
  CDrho_nu(0)=  0.943690370558407321    ; CDrho_nu(1)= -0.304364642674680164    
  Ctau_nu(0)=  -0.545650332603224292E-01; Ctau_nu(1)=  -0.517164879844515979    
  CrDr_nu(0)=  -0.627812583290673354    ; CrDr_nu(1)=   -1.70708832418223788    
  CrdJ_nu(0)=   -1.01480473051532383    ; CrdJ_nu(1)=  -0.563815873855416760    
  CJ_nu(0)=      0.00000000000000000    ; CJ_nu(1)=      0.00000000000000000    
  CpV0_nu(0)=   0.112611992142809880E-03; CpV0_nu(1)=   0.112611992142809880E-03
  CpV1_nu(0)=   0.887702254206059068E-03; CpV1_nu(1)=   0.887702254206059068E-03
  fpi_nu=        93.0000000000000000    ; Lambda_nu=     700.000000000000000    

  Nuclear matter properties
  ----------------------------------
      E_NM=     -15.8000000000000078      K_NM=     220.0000000000001990
      P_NM=       0.0000000000000000    RHO_NM=       0.1587434079723035
    ASS_NM=      28.5251433837807333   LASS_NM=      29.3643410445868298
  SMASS_NM=       0.9705307941337282  VMASS_NM=       1.2498385742322700

  Associated (t,x)-coupling constants
  -----------------------------------
  t0=      -2061.24834364128628    ; x0=       0.166243737126813951    
  t1=       231.079656281726386    ; x1=       -4.35347794676952038    
  t2=       1324.83362460861053    ; x2=       -1.39243838279660559    
  t3=       14315.8679558824697    ; x3=      -0.162110600515411041E-01
  b4=       31.8155371756411682    ; b4p=       79.5501025356413152    
  te=      -394.450334562103990    ; to=       -175.699540896727171    
  sigma=   0.275392543303833615    ; hbzero=    20.7355300000000007    

  ---------------------------------------
        Characteristics of the run       
  ---------------------------------------
  Output file ................:     7
  Nucleus ....................:   GD 156
  Number of HO shells ........:    10
  HO length b0 (fm) ..........:     2.13015292605643
  Basis deformation ..........:  beta0=   0.010 q=   1.010
  HO: b0,1/b0,bp,bz,q ........:   0.21301529E+01  0.46944986E+00  0.21267964E+01  0.21368819E+01  0.10095067E+01
  h**2/(2m), cmc, e**2 .......:   0.20735530E+02  0.20735530E+02  0.14399784E+01
  hom=f*41.0_pr*A^{-1/3}, f...:   0.91395238E+01  0.12000000E+01
  THO basis is ...............:  OFF
  Maximal number of iterations:   400
  Initial mixing parameter ...:  0.300
  Initial w.f. ...............:  from   spherical scratch
  Skyrme functional ..........:    UNE1                          
    with direct and exchange Coulomb
  Lipkin-Nogami procedure is .:  OFF
  PAV procedure is ...........:  OFF
  Constraint calculation is ..:   ON
    Constraint 1 .............: lambda=2 Ql=  28.925
  Temperature T ..............:   0.05 MeV
  Restart indicator ..........:   1
  Broyden mixing (#iterations):   7

  ---------------------------------------
        Harmonic Oscillator Basis        
  ---------------------------------------
  NUV, NQP:                        6222     286
  Comparison with bookkeeping spherical basis:
  n00:                               10      10  Maximal number of shells
  nbx, 2*n00+1:                      21      21  Maximal number of K-blocks
  ntx, (n00+1)*(n00+2)*(n00+3)/6    286     286  Max.num. p/n levels
  nzx, n00:                          10      10  Maximal nz-quantum number
  nrx, n00/2  :                       5       5  Maximal nr-quantum number
  nlx, n00:                          10      10  Maximal ml-quantum number
  ndx, (n00+2)*(n00+2)/4:            36      36  Maximal dim. of one k-block

  Actual basis used
  Number of blocks: nb .......:   21
  Number of levels: nt .......:  286
  Maximal 2*omega : nom ......:   21
  Maximal nz:       nzm ......:   10
  Maximal nr:       nrm ......:    5
  Maximal ml:       nlm ......:   10
  Maximal N=nz+2*nr+nl .......:   10
  2 x biggest block dim. .....:   72
  Non-zero elements of h .....:     3254
  Number of Broyden elements .:    13016

  ---------------------------------------
            Integration Meshes           
  ---------------------------------------
  Number of Gauss-Hermite mesh points ngh ....:  40
  Number of Gauss-Laguerre mesh points ngl ...:  40
  Number of Gauss-Legendre mesh points nleg ..:  80
  Integration boundaries
    Hermite  - from xh(1)  =  0.12379686 to xh(ngh)   = 11.88786356
    Laguerre - From xl(1)  =  0.03570039 to xl(ngl)   =142.28004447
    Legendre - From xleg(1)=  0.00978669 to xleg(nleg)=  0.99988775
  Max.dev.in:     Orthogonality            Normalization
  Hermite     1.5248282503475657E-015   1.0991207943789050E-014
  Laguerre    4.8291451697098846E-015   9.3258734068513149E-015

  Scratch initialization for the nucleus: GD  92  64


  Initial potentials of Saxon-Woods shape 
  v0ws   =  -71.27999878
  kappa  =    0.46160001
  vs0    =   11.11750031   11.11750031
  r0     =    1.23339999    1.23339999
  a      =    0.61500001    0.61500001
  r0-so  =    1.14429998    1.14429998
  a-so   =    0.64760000    0.64760000
  beta00 =    0.01000000

  ### REGULAR STAGE (reflection symmetry imposed)
  |HFB+HO> iterations(b0=  2.130, Nsh= 10, inin=  1, N= 92, Z= 64)...
  ----------------------------------------------------------------------------------------------------------------------------------
  i          si     mix   beta      Etot       A       rn      rp         En      Dn      Ep      Dp        Ln      Lp     time
  ----------------------------------------------------------------------------------------------------------------------------------
   1L  69.94764065 0.30  0.010     0.000000    0.0   0.000   0.000 |   -2.000   1.000  -2.000   1.000 |   -7.000  -7.000   0.000
   2B  47.89021211 0.10  0.020 -1021.041250  156.0   4.803   4.551 |    0.001  -0.000   0.000  -0.000 |  -14.218 -26.849  41.067
   3B  18.79710924 0.11  0.344 -1015.268963  156.0   5.131   5.045 |    0.000  -0.000   0.000  -0.000 |   -7.449 -12.324   3.854
   4B  28.69755375 0.10  0.640  -369.160764  156.0   5.573   5.336 |    0.000  -0.000   0.000  -0.000 |   -9.380 -11.976   3.656
   5B  10.37153369 0.11  0.759 -1157.801519  156.0   5.750   5.694 |    0.000  -0.000   0.000  -0.000 |   -9.353 -10.882   3.644
   6B   8.44511803 0.13  0.813 -1155.520153  156.0   5.831   5.872 |    0.000  -0.000   0.000  -0.000 |   -9.742 -10.686   3.521
   7B   9.42793417 0.10  0.844 -1178.505752  156.0   5.930   5.936 |    0.000   0.000   0.000   0.000 |   -9.247 -10.560   3.846
   8B   7.34421797 0.11  0.824 -1191.710054  156.0   5.883   5.856 |    0.000   0.000   0.000   0.000 |   -8.300  -9.427   4.596
   9B   6.93457541 0.13  0.802 -1211.609330  156.0   5.850   5.809 |    0.000  -0.000   0.000  -0.000 |   -7.402  -8.797   4.437
  10B   4.59484521 0.14  0.754 -1226.182998  156.0   5.733   5.675 |    0.000  -0.000   0.000  -0.000 |   -6.434  -8.065   4.465
  11B   3.94712484 0.16  0.713 -1242.177306  156.0   5.664   5.582 |    0.000  -0.000   0.000  -0.000 |   -5.847  -7.450   4.655
  12B   3.56914387 0.18  0.696 -1246.707772  156.0   5.637   5.553 |    0.000  -0.000   0.000  -0.000 |   -5.979  -7.522   4.573
  13B   2.54711413 0.21  0.645 -1253.126612  156.0   5.553   5.472 |    0.000  -0.000   0.000  -0.000 |   -6.240  -7.185   4.431
  14B   3.30360399 0.10  0.655 -1249.734016  156.0   5.577   5.468 |    0.000  -0.000   0.000  -0.000 |   -5.935  -6.969   4.717
  15B   3.42527419 0.10  0.659 -1252.051795  156.0   5.580   5.472 |    0.000  -0.000   0.000  -0.000 |   -5.741  -6.680   4.910
  16B   3.12351068 0.11  0.630 -1255.297413  156.0   5.536   5.431 |    0.000  -0.000   0.000  -0.000 |   -5.866  -6.558   4.748
  17L   3.54608319 0.10  0.616 -1256.298515  156.0   5.516   5.402 |    0.000  -0.000   0.000  -0.000 |   -5.828  -6.482   4.864
  18L   3.24540583 0.11  0.593 -1255.747514  156.0   5.478   5.369 |    0.000  -0.000   0.000  -0.000 |   -5.805  -6.302   4.874
  19L   2.61362551 0.13  0.572 -1255.467135  156.0   5.447   5.339 |    0.000  -0.000   0.000  -0.000 |   -5.878  -6.387   4.242
  20B   3.55094867 0.10  0.554 -1251.446133  156.0   5.425   5.311 |    0.000  -0.000   0.000  -0.000 |   -5.766  -6.225   4.527
  21B   3.15880046 0.11  0.561 -1253.926619  156.0   5.433   5.320 |    0.000  -0.000   0.000  -0.000 |   -5.689  -6.562   4.744
  22B   4.19709321 0.10  0.541 -1255.685031  156.0   5.406   5.293 |    0.000  -0.000   0.000  -0.000 |   -5.699  -6.561   4.671
  23B   2.67937649 0.11  0.512 -1257.298982  156.0   5.372   5.277 |    0.000  -0.000   0.000  -0.000 |   -5.698  -6.531   4.349
  24B   3.31712025 0.10  0.464 -1256.732378  156.0   5.329   5.218 |    0.000   0.000   0.000   0.000 |   -6.211  -6.522   4.501
  25B   2.38992578 0.11  0.439 -1261.063442  156.0   5.307   5.192 |    0.000   0.000   0.000   0.000 |   -6.691  -6.686   4.850
  26B   3.16069369 0.10  0.478 -1257.594454  156.0   5.322   5.244 |    0.000  -0.000   0.000  -0.000 |   -6.632  -6.735   4.736
  27B   1.90147907 0.11  0.470 -1261.651971  156.0   5.322   5.230 |    0.000  -0.000   0.000  -0.000 |   -6.726  -6.878   4.499
  28B   1.87785870 0.13  0.445 -1263.633018  156.0   5.311   5.198 |    0.000   0.000   0.000   0.000 |   -7.000  -7.062   4.516
  29B   1.76173879 0.14  0.455 -1263.598964  156.0   5.309   5.218 |    0.000   0.000   0.000   0.000 |   -7.252  -7.272   4.678
  30B   1.36524095 0.16  0.451 -1265.380410  156.0   5.316   5.208 |    0.000   0.000   0.000   0.000 |   -7.215  -7.374   4.804
  31B   1.50085987 0.10  0.472 -1265.146319  156.0   5.339   5.230 |    0.000  -0.000   0.000  -0.000 |   -7.178  -7.450   4.530
  32L   1.46175442 0.11  0.475 -1265.714542  156.0   5.340   5.235 |    0.000   0.000   0.000   0.000 |   -7.219  -7.477   4.630
  33L   1.31133422 0.13  0.485 -1265.103997  156.0   5.350   5.247 |    0.000   0.000   0.000   0.000 |   -7.182  -7.516   4.742
  34B   2.19752471 0.10  0.502 -1262.123286  156.0   5.376   5.257 |    0.000   0.000   0.000   0.000 |   -7.154  -7.422   4.555
  35B   1.34809696 0.11  0.485 -1264.257671  156.0   5.347   5.250 |    0.000   0.000   0.000   0.000 |   -7.098  -7.305   4.698
  36B   1.59281462 0.10  0.486 -1264.532410  156.0   5.346   5.252 |    0.000   0.000   0.000   0.000 |   -7.123  -7.249   4.771
  37B   1.12207537 0.11  0.493 -1264.347551  156.0   5.357   5.261 |    0.000   0.000   0.000   0.000 |   -7.009  -7.226   4.986
  38B   0.86921893 0.13  0.512 -1263.592058  156.0   5.380   5.275 |    0.000   0.000   0.000   0.000 |   -6.993  -7.133   4.455
  39B   1.02405714 0.10  0.536 -1262.006505  156.0   5.410   5.292 |    0.000   0.000   0.000   0.000 |   -6.916  -7.068   4.417
  40B   0.80301950 0.11  0.536 -1262.467088  156.0   5.408   5.291 |    0.000   0.000   0.000   0.000 |   -6.873  -7.000   4.394
  41B   1.21907186 0.10  0.522 -1262.654535  156.0   5.391   5.285 |    0.000   0.000   0.000   0.000 |   -6.836  -6.930   4.801
  42B   0.38932550 0.11  0.527 -1263.083833  156.0   5.396   5.286 |    0.000   0.000   0.000   0.000 |   -6.856  -6.941   4.744
  43B   0.67495082 0.10  0.527 -1262.916750  156.0   5.394   5.286 |    0.000   0.000   0.000   0.000 |   -6.869  -6.959   4.951
  44B   0.43354098 0.11  0.529 -1263.007019  156.0   5.398   5.286 |    0.000   0.000   0.000   0.000 |   -6.830  -6.904   4.926
  45B   0.30564888 0.13  0.527 -1263.168863  156.0   5.395   5.286 |    0.000   0.000   0.000   0.000 |   -6.812  -6.879   4.804
  46B   0.17098792 0.14  0.526 -1263.252796  156.0   5.392   5.286 |    0.000  -0.000   0.000  -0.000 |   -6.792  -6.855   4.839
  47B   0.16689333 0.16  0.525 -1263.289250  156.0   5.392   5.284 |    0.000   0.000   0.000   0.000 |   -6.808  -6.884   4.540
  48B   0.23285073 0.10  0.525 -1263.304318  156.0   5.392   5.283 |    0.000   0.000   0.000   0.000 |   -6.813  -6.881   4.492
  49B   0.15377740 0.11  0.524 -1263.337620  156.0   5.391   5.284 |    0.000   0.000   0.000   0.000 |   -6.817  -6.888   4.428
  50B   0.23284486 0.10  0.523 -1263.356861  156.0   5.390   5.283 |    0.000   0.000   0.000   0.000 |   -6.818  -6.885   4.950
  51B   0.25238264 0.10  0.523 -1263.334725  156.0   5.389   5.284 |    0.000   0.000   0.000   0.000 |   -6.810  -6.874   4.610
  52B   0.28506038 0.10  0.522 -1263.359164  156.0   5.388   5.283 |    0.000   0.000   0.000   0.000 |   -6.805  -6.875   4.767
  53B   0.32906816 0.10  0.524 -1263.317047  156.0   5.390   5.282 |    0.000   0.000   0.000   0.000 |   -6.816  -6.887   4.694
  54B   0.22970591 0.11  0.521 -1263.472067  156.0   5.386   5.281 |    0.000   0.000   0.000   0.000 |   -6.822  -6.892   4.673
  55L   0.30176776 0.10  0.519 -1263.547167  156.0   5.384   5.281 |    0.000   0.000   0.000   0.000 |   -6.821  -6.899   4.504
  56B   0.73315979 0.10  0.523 -1263.089493  156.0   5.392   5.277 |    0.000   0.000   0.000   0.000 |   -6.841  -6.937   4.500
  57B   0.40402377 0.11  0.522 -1263.336999  156.0   5.387   5.284 |    0.000   0.000   0.000   0.000 |   -6.795  -6.864   4.534
  58B   0.30301302 0.13  0.524 -1263.290326  156.0   5.390   5.285 |    0.000   0.000   0.000   0.000 |   -6.782  -6.860   4.857
  59B   0.46868854 0.10  0.516 -1263.588757  156.0   5.381   5.279 |    0.000   0.000   0.000   0.000 |   -6.805  -6.893   4.733
  60B   0.51828018 0.10  0.514 -1263.696723  156.0   5.379   5.278 |    0.000   0.000   0.000   0.000 |   -6.821  -6.914   4.692
  61B   0.50178018 0.11  0.514 -1263.707511  156.0   5.379   5.277 |    0.000   0.000   0.000   0.000 |   -6.822  -6.916   4.537
  62B   0.49536791 0.13  0.515 -1263.677006  156.0   5.379   5.278 |    0.000   0.000   0.000   0.000 |   -6.823  -6.918   4.686
  63L   0.51445395 0.10  0.515 -1263.672790  156.0   5.380   5.278 |    0.000   0.000   0.000   0.000 |   -6.818  -6.912   4.614
  64B   1.24125861 0.10  0.523 -1262.696969  156.0   5.391   5.274 |    0.000   0.000   0.000   0.000 |   -6.867  -6.977   4.572
  65B   0.51631599 0.11  0.513 -1263.715254  156.0   5.378   5.277 |    0.000   0.000   0.000   0.000 |   -6.812  -6.913   4.666
  66B   0.75231429 0.10  0.511 -1263.749813  156.0   5.374   5.276 |    0.000   0.000   0.000   0.000 |   -6.823  -6.926   4.600
  67B   0.72952760 0.11  0.510 -1263.831975  156.0   5.373   5.275 |    0.000   0.000   0.000   0.000 |   -6.825  -6.941   4.829
  68B   0.61909384 0.13  0.510 -1263.958194  156.0   5.374   5.273 |    0.000   0.000   0.000   0.000 |   -6.858  -6.978   4.780
  69B   0.72601714 0.10  0.508 -1264.023788  156.0   5.371   5.273 |    0.000   0.000   0.000   0.000 |   -6.863  -6.983   4.674
  70B   0.34301940 0.11  0.505 -1264.469977  156.0   5.371   5.268 |    0.000   0.000   0.000   0.000 |   -7.017  -7.133   4.988
  71B   0.14452076 0.13  0.506 -1264.453600  156.0   5.373   5.268 |    0.000   0.000   0.000   0.000 |   -7.025  -7.137   4.685
  72B   0.22993671 0.10  0.507 -1264.368713  156.0   5.375   5.268 |    0.000   0.000   0.000   0.000 |   -7.042  -7.148   4.823
  73B   0.27228441 0.10  0.509 -1264.219478  156.0   5.377   5.270 |    0.000   0.000   0.000   0.000 |   -7.054  -7.140   4.724
  74B   0.18990078 0.11  0.509 -1264.262199  156.0   5.377   5.271 |    0.000   0.000   0.000   0.000 |   -7.049  -7.132   4.599
  75B   0.13486027 0.13  0.511 -1264.133660  156.0   5.378   5.273 |    0.000  -0.000   0.000  -0.000 |   -7.016  -7.086   5.075
  76B   0.20127186 0.10  0.511 -1264.139906  156.0   5.379   5.272 |    0.000   0.000   0.000   0.000 |   -7.050  -7.117   5.134
  77B   0.14694346 0.11  0.514 -1263.978712  156.0   5.382   5.274 |    0.000  -0.000   0.000  -0.000 |   -7.034  -7.083   5.180
  78B   0.05827919 0.13  0.516 -1263.820121  156.0   5.384   5.277 |    0.000  -0.000   0.000  -0.000 |   -7.023  -7.042   4.800
  79B   0.08459306 0.10  0.518 -1263.722692  156.0   5.385   5.279 |    0.000  -0.000   0.000  -0.000 |   -7.020  -7.024   4.611
  80B   0.13052460 0.10  0.516 -1263.835502  156.0   5.384   5.276 |    0.000  -0.000   0.000  -0.000 |   -7.027  -7.048   4.563
  81B   0.05417040 0.11  0.517 -1263.791876  156.0   5.384   5.278 |    0.000  -0.000   0.000  -0.000 |   -7.017  -7.025   4.800
  82B   0.05973880 0.10  0.517 -1263.799550  156.0   5.384   5.278 |    0.000  -0.000   0.000  -0.000 |   -7.017  -7.026   4.862
  83B   0.05430623 0.11  0.517 -1263.796856  156.0   5.384   5.278 |    0.000  -0.000   0.000  -0.000 |   -7.017  -7.026   4.812
  84B   0.06107535 0.10  0.517 -1263.788743  156.0   5.384   5.278 |    0.000  -0.000   0.000  -0.000 |   -7.018  -7.026   4.609
  85B   0.06759454 0.10  0.516 -1263.840492  156.0   5.383   5.277 |    0.000  -0.000   0.000  -0.000 |   -7.019  -7.032   4.574
  86B   0.05746016 0.11  0.516 -1263.846850  156.0   5.383   5.277 |    0.000  -0.000   0.000  -0.000 |   -7.021  -7.035   4.660
  87B   0.08197195 0.10  0.516 -1263.850735  156.0   5.383   5.277 |    0.000  -0.000   0.000  -0.000 |   -7.019  -7.035   4.292
  88B   0.10647506 0.10  0.516 -1263.842087  156.0   5.383   5.277 |    0.000  -0.000   0.000  -0.000 |   -7.015  -7.029   4.654
  89B   0.07793764 0.11  0.517 -1263.766504  156.0   5.384   5.278 |    0.000  -0.000   0.000  -0.000 |   -7.011  -7.021   4.601
  90B   0.09764664 0.10  0.515 -1263.876913  156.0   5.382   5.277 |    0.000  -0.000   0.000  -0.000 |   -7.019  -7.034   4.756
  91B   0.09539402 0.11  0.516 -1263.839600  156.0   5.383   5.277 |    0.000  -0.000   0.000  -0.000 |   -7.017  -7.028   4.598
  92B   0.11560948 0.10  0.516 -1263.840856  156.0   5.383   5.277 |    0.000  -0.000   0.000  -0.000 |   -7.017  -7.028   4.741
  93B   0.17010897 0.10  0.516 -1263.821189  156.0   5.384   5.277 |    0.000  -0.000   0.000  -0.000 |   -7.021  -7.037   4.465
  94B   0.08401769 0.11  0.516 -1263.850128  156.0   5.383   5.277 |    0.000  -0.000   0.000  -0.000 |   -7.018  -7.032   4.616
  95B   0.12493436 0.10  0.516 -1263.858111  156.0   5.382   5.277 |    0.000  -0.000   0.000  -0.000 |   -7.015  -7.028   4.708
  96B   0.14036856 0.10  0.515 -1263.886373  156.0   5.382   5.277 |    0.000  -0.000   0.000  -0.000 |   -7.011  -7.028   4.467
  97B   0.13733717 0.11  0.516 -1263.856532  156.0   5.382   5.277 |    0.000  -0.000   0.000  -0.000 |   -7.006  -7.016   4.690
  98B   0.15416210 0.10  0.516 -1263.828581  156.0   5.383   5.277 |    0.000  -0.000   0.000  -0.000 |   -7.006  -7.029   4.861
  99B   0.14555599 0.11  0.515 -1263.878930  156.0   5.382   5.276 |    0.000  -0.000   0.000  -0.000 |   -7.021  -7.039   4.622
 100B   0.13602049 0.13  0.514 -1263.941962  156.0   5.381   5.276 |    0.000  -0.000   0.000  -0.000 |   -7.019  -7.039   4.403
 101B   0.13657420 0.10  0.514 -1263.966084  156.0   5.381   5.276 |    0.000  -0.000   0.000  -0.000 |   -7.022  -7.044   4.728
 102B   0.21248760 0.10  0.515 -1263.922666  156.0   5.382   5.276 |    0.000  -0.000   0.000  -0.000 |   -7.026  -7.051   4.944
 103B   0.13999560 0.11  0.513 -1264.017960  156.0   5.379   5.275 |    0.000  -0.000   0.000  -0.000 |   -7.034  -7.066   4.994
 104L   0.13469362 0.13  0.512 -1264.094372  156.0   5.379   5.274 |    0.000  -0.000   0.000  -0.000 |   -7.036  -7.070   4.975
 105B   0.30067829 0.10  0.515 -1263.904947  156.0   5.383   5.273 |    0.000  -0.000   0.000  -0.000 |   -7.048  -7.084   4.742
 106B   0.16942860 0.11  0.513 -1263.996519  156.0   5.380   5.276 |    0.000  -0.000   0.000  -0.000 |   -7.024  -7.053   4.860
 107B   0.15857048 0.13  0.513 -1264.033223  156.0   5.379   5.275 |    0.000  -0.000   0.000  -0.000 |   -7.025  -7.054   4.890
 108B   0.11260802 0.14  0.513 -1264.029514  156.0   5.380   5.275 |    0.000  -0.000   0.000  -0.000 |   -7.034  -7.064   4.970
 109B   0.12580145 0.10  0.513 -1264.048749  156.0   5.380   5.275 |    0.000  -0.000   0.000  -0.000 |   -7.045  -7.076   4.863
 110B   0.19100371 0.10  0.512 -1264.134948  156.0   5.379   5.274 |    0.000  -0.000   0.000  -0.000 |   -7.053  -7.090   5.057
 111B   0.10159554 0.11  0.512 -1264.127730  156.0   5.379   5.274 |    0.000  -0.000   0.000  -0.000 |   -7.057  -7.092   4.758
 112B   0.08685178 0.13  0.512 -1264.087679  156.0   5.380   5.274 |    0.000  -0.000   0.000  -0.000 |   -7.063  -7.095   5.357
 113B   0.05459506 0.14  0.513 -1264.088486  156.0   5.380   5.274 |    0.000  -0.000   0.000  -0.000 |   -7.070  -7.101   5.201
 114B   0.04464341 0.16  0.513 -1264.073613  156.0   5.380   5.274 |    0.000  -0.000   0.000  -0.000 |   -7.071  -7.099   5.589
 115B   0.03490373 0.18  0.514 -1264.029747  156.0   5.381   5.275 |    0.000   0.000   0.000   0.000 |   -7.073  -7.091   4.931
 116B   0.08192337 0.10  0.513 -1264.042034  156.0   5.381   5.275 |    0.000  -0.000   0.000  -0.000 |   -7.076  -7.099   4.806
 117B   0.02668200 0.11  0.515 -1263.961660  156.0   5.382   5.277 |    0.000   0.000   0.000   0.000 |   -7.083  -7.088   4.670
 118B   0.04203232 0.10  0.516 -1263.895684  156.0   5.384   5.277 |    0.000   0.000   0.000   0.000 |   -7.086  -7.081   5.013
 119B   0.02400214 0.11  0.516 -1263.886137  156.0   5.384   5.278 |    0.000   0.000   0.000   0.000 |   -7.086  -7.078   5.032
 120B   0.01387634 0.13  0.516 -1263.894810  156.0   5.384   5.278 |    0.000   0.000   0.000   0.000 |   -7.085  -7.078   4.854
 121B   0.01800385 0.10  0.516 -1263.887357  156.0   5.384   5.278 |    0.000   0.000   0.000   0.000 |   -7.085  -7.075   4.553
 122B   0.02199102 0.10  0.515 -1263.915442  156.0   5.383   5.277 |    0.000   0.000   0.000   0.000 |   -7.083  -7.078   4.735
 123B   0.00314032 0.11  0.516 -1263.897223  156.0   5.383   5.278 |    0.000   0.000   0.000   0.000 |   -7.084  -7.076   4.793
 124B   0.00428303 0.10  0.516 -1263.901894  156.0   5.383   5.278 |    0.000   0.000   0.000   0.000 |   -7.084  -7.076   4.793
 125B   0.00478669 0.10  0.516 -1263.904163  156.0   5.383   5.278 |    0.000   0.000   0.000   0.000 |   -7.084  -7.077   4.648
 126B   0.00528587 0.10  0.516 -1263.903163  156.0   5.383   5.278 |    0.000   0.000   0.000   0.000 |   -7.084  -7.076   4.457
 127B   0.00638974 0.10  0.516 -1263.905233  156.0   5.383   5.278 |    0.000   0.000   0.000   0.000 |   -7.084  -7.076   4.583
 128B   0.00731449 0.10  0.516 -1263.902337  156.0   5.383   5.278 |    0.000   0.000   0.000   0.000 |   -7.084  -7.076   4.677
 129B   0.00756855 0.10  0.516 -1263.902523  156.0   5.383   5.278 |    0.000   0.000   0.000   0.000 |   -7.084  -7.076   4.605
 130B   0.00766439 0.10  0.516 -1263.903403  156.0   5.383   5.278 |    0.000   0.000   0.000   0.000 |   -7.084  -7.076   4.604
 131B   0.01010762 0.10  0.516 -1263.904460  156.0   5.383   5.278 |    0.000   0.000   0.000   0.000 |   -7.084  -7.076   4.535
 132B   0.00769554 0.11  0.516 -1263.908506  156.0   5.383   5.277 |    0.000   0.000   0.000   0.000 |   -7.084  -7.077   4.792
 133B   0.00502693 0.13  0.516 -1263.911752  156.0   5.383   5.277 |    0.000   0.000   0.000   0.000 |   -7.084  -7.078   4.917
 134B   0.00792713 0.10  0.515 -1263.914616  156.0   5.383   5.277 |    0.000   0.000   0.000   0.000 |   -7.084  -7.078   4.788
 135B   0.01369998 0.10  0.515 -1263.919034  156.0   5.383   5.277 |    0.000   0.000   0.000   0.000 |   -7.085  -7.081   4.612
 136B   0.00629206 0.11  0.515 -1263.918840  156.0   5.383   5.277 |    0.000   0.000   0.000   0.000 |   -7.084  -7.079   4.583
 137B   0.00766412 0.10  0.515 -1263.920678  156.0   5.383   5.277 |    0.000   0.000   0.000   0.000 |   -7.085  -7.079   4.570
 138B   0.00540009 0.11  0.515 -1263.924318  156.0   5.383   5.277 |    0.000   0.000   0.000   0.000 |   -7.085  -7.080   4.630
 139B   0.00465857 0.13  0.515 -1263.924014  156.0   5.383   5.277 |    0.000   0.000   0.000   0.000 |   -7.085  -7.080   4.538
 140B   0.01329557 0.10  0.515 -1263.920855  156.0   5.383   5.277 |    0.000   0.000   0.000   0.000 |   -7.085  -7.079   4.656
 141B   0.00619418 0.11  0.515 -1263.923920  156.0   5.383   5.277 |    0.000   0.000   0.000   0.000 |   -7.085  -7.080   4.443
 142B   0.00566137 0.13  0.515 -1263.926475  156.0   5.383   5.277 |    0.000   0.000   0.000   0.000 |   -7.085  -7.081   4.806
 143B   0.00683993 0.10  0.515 -1263.927460  156.0   5.383   5.277 |    0.000   0.000   0.000   0.000 |   -7.086  -7.081   4.618
 144B   0.00407458 0.11  0.515 -1263.927050  156.0   5.383   5.277 |    0.000   0.000   0.000   0.000 |   -7.086  -7.081   4.835
 145B   0.00771409 0.10  0.515 -1263.923582  156.0   5.383   5.277 |    0.000  -0.000   0.000  -0.000 |   -7.086  -7.082   4.567
 146B   0.00965925 0.10  0.515 -1263.926422  156.0   5.383   5.277 |    0.000  -0.000   0.000   0.000 |   -7.086  -7.081   4.503
 147B   0.00478068 0.11  0.515 -1263.925715  156.0   5.383   5.277 |    0.000  -0.000   0.000  -0.000 |   -7.087  -7.082   4.746
 148B   0.00457456 0.13  0.515 -1263.925180  156.0   5.383   5.277 |    0.000   0.000   0.000   0.000 |   -7.086  -7.081   4.640
 149B   0.00883249 0.10  0.515 -1263.921800  156.0   5.383   5.277 |    0.000  -0.000   0.000  -0.000 |   -7.087  -7.081   4.621
 150B   0.00539214 0.11  0.515 -1263.921550  156.0   5.383   5.277 |    0.000   0.000   0.000   0.000 |   -7.087  -7.081   4.351
 151B   0.00514327 0.13  0.515 -1263.921898  156.0   5.383   5.277 |    0.000  -0.000   0.000  -0.000 |   -7.087  -7.081   4.399
 152B   0.00534058 0.10  0.515 -1263.918779  156.0   5.383   5.277 |    0.000  -0.000   0.000  -0.000 |   -7.087  -7.081   4.523
 153B   0.00445914 0.11  0.515 -1263.920200  156.0   5.383   5.277 |    0.000   0.000   0.000  -0.000 |   -7.087  -7.081   4.642
 154B   0.00395154 0.13  0.515 -1263.924155  156.0   5.383   5.277 |    0.000  -0.000   0.000   0.000 |   -7.087  -7.081   4.674
 155B   0.00608726 0.10  0.516 -1263.912889  156.0   5.383   5.277 |    0.000   0.000   0.000   0.000 |   -7.087  -7.080   4.651
 156B   0.00503847 0.11  0.515 -1263.916628  156.0   5.383   5.277 |    0.000   0.000   0.000   0.000 |   -7.087  -7.081   4.923
 157B   0.00633768 0.10  0.515 -1263.915359  156.0   5.383   5.277 |    0.000  -0.000   0.000   0.000 |   -7.087  -7.080   4.986
 158B   0.00354453 0.11  0.515 -1263.913745  156.0   5.383   5.277 |    0.000  -0.000   0.000   0.000 |   -7.087  -7.080   5.005
 159B   0.01024590 0.10  0.515 -1263.914180  156.0   5.383   5.277 |    0.000   0.000   0.000  -0.000 |   -7.087  -7.080   5.029
 160B   0.00230372 0.11  0.516 -1263.913125  156.0   5.383   5.277 |    0.000   0.000   0.000  -0.000 |   -7.087  -7.080   4.733
 161B   0.00545483 0.10  0.515 -1263.914199  156.0   5.383   5.277 |    0.000   0.000   0.000  -0.000 |   -7.087  -7.080   4.594
 162B   0.00104743 0.11  0.515 -1263.913905  156.0   5.383   5.277 |    0.000   0.000   0.000  -0.000 |   -7.087  -7.080   4.766
 163B   0.00103872 0.13  0.515 -1263.914236  156.0   5.383   5.277 |    0.000   0.000   0.000  -0.000 |   -7.087  -7.080   4.766
 164B   0.00223378 0.10  0.515 -1263.915089  156.0   5.383   5.277 |    0.000   0.000   0.000  -0.000 |   -7.087  -7.080   4.715
 165B   0.00175714 0.11  0.515 -1263.914984  156.0   5.383   5.277 |    0.000  -0.000   0.000  -0.000 |   -7.087  -7.080   4.644
 166B   0.00219092 0.10  0.515 -1263.915972  156.0   5.383   5.277 |    0.000   0.000   0.000  -0.000 |   -7.086  -7.080   4.495
 167B   0.00256203 0.10  0.515 -1263.915832  156.0   5.383   5.277 |    0.000   0.000   0.000  -0.000 |   -7.086  -7.080   4.479
 168B   0.00189784 0.11  0.515 -1263.916389  156.0   5.383   5.277 |    0.000  -0.000   0.000   0.000 |   -7.087  -7.080   4.723
 169B   0.00196424 0.10  0.515 -1263.915805  156.0   5.383   5.277 |    0.000  -0.000   0.000  -0.000 |   -7.086  -7.080   4.563
 170B   0.00346859 0.10  0.515 -1263.916125  156.0   5.383   5.277 |    0.000  -0.000   0.000  -0.000 |   -7.087  -7.080   4.460
 171B   0.00268046 0.11  0.515 -1263.915900  156.0   5.383   5.277 |    0.000  -0.000   0.000  -0.000 |   -7.086  -7.080   4.515
 172B   0.00203810 0.13  0.515 -1263.915705  156.0   5.383   5.277 |    0.000  -0.000   0.000   0.000 |   -7.087  -7.080   4.656
 173B   0.00210870 0.10  0.515 -1263.915680  156.0   5.383   5.277 |    0.000  -0.000   0.000   0.000 |   -7.087  -7.080   4.552
 174B   0.00212252 0.10  0.515 -1263.916463  156.0   5.383   5.277 |    0.000  -0.000   0.000   0.000 |   -7.087  -7.080   4.669
 175B   0.00217239 0.10  0.515 -1263.917522  156.0   5.383   5.277 |    0.000  -0.000   0.000   0.000 |   -7.087  -7.080   5.091
 176B   0.00192515 0.11  0.515 -1263.917299  156.0   5.383   5.277 |    0.000  -0.000   0.000   0.000 |   -7.087  -7.080   4.651
 177B   0.00594308 0.10  0.515 -1263.918394  156.0   5.383   5.277 |    0.000  -0.000   0.000   0.000 |   -7.087  -7.080   4.763
 178B   0.00223332 0.11  0.515 -1263.918729  156.0   5.383   5.277 |    0.000  -0.000   0.000   0.000 |   -7.087  -7.080   4.704
 179B   0.00289047 0.10  0.515 -1263.918096  156.0   5.383   5.277 |    0.000  -0.000   0.000   0.000 |   -7.087  -7.080   4.429
 180B   0.00221361 0.11  0.515 -1263.916517  156.0   5.383   5.277 |    0.000  -0.000   0.000   0.000 |   -7.086  -7.080   4.477
 181B   0.00209361 0.13  0.515 -1263.918443  156.0   5.383   5.277 |    0.000  -0.000   0.000   0.000 |   -7.087  -7.080   4.599
 182B   0.00443489 0.10  0.515 -1263.919381  156.0   5.383   5.277 |    0.000  -0.000   0.000   0.000 |   -7.087  -7.081   4.666
 183B   0.00200595 0.11  0.515 -1263.920135  156.0   5.383   5.277 |    0.000  -0.000   0.000   0.000 |   -7.087  -7.081   4.246
 184B   0.00248101 0.10  0.515 -1263.920442  156.0   5.383   5.277 |    0.000  -0.000   0.000   0.000 |   -7.087  -7.080   4.300
 185B   0.00169039 0.11  0.515 -1263.920323  156.0   5.383   5.277 |    0.000   0.000   0.000   0.000 |   -7.087  -7.081   4.399
 186B   0.00615372 0.10  0.515 -1263.920151  156.0   5.383   5.277 |    0.000  -0.000   0.000   0.000 |   -7.087  -7.081   4.524
 187B   0.00377601 0.11  0.515 -1263.921082  156.0   5.383   5.277 |    0.000  -0.000   0.000   0.000 |   -7.087  -7.081   4.428
 188B   0.00303668 0.13  0.515 -1263.921007  156.0   5.383   5.277 |    0.000   0.000   0.000   0.000 |   -7.087  -7.081   4.402
 189B   0.00232329 0.14  0.515 -1263.921531  156.0   5.383   5.277 |    0.000  -0.000   0.000   0.000 |   -7.087  -7.081   4.731
 190B   0.00203407 0.16  0.515 -1263.922084  156.0   5.383   5.277 |    0.000  -0.000   0.000  -0.000 |   -7.087  -7.081   4.320
 191B   0.00233971 0.10  0.515 -1263.922858  156.0   5.383   5.277 |    0.000  -0.000   0.000  -0.000 |   -7.087  -7.081   4.147
 192B   0.00189293 0.11  0.515 -1263.921813  156.0   5.383   5.277 |    0.000  -0.000   0.000   0.000 |   -7.087  -7.081   4.630
 193B   0.00168780 0.13  0.515 -1263.921870  156.0   5.383   5.277 |    0.000  -0.000   0.000   0.000 |   -7.087  -7.081   4.594
 194B   0.00237351 0.10  0.515 -1263.921262  156.0   5.383   5.277 |    0.000   0.000   0.000   0.000 |   -7.087  -7.081   4.776
 195B   0.00349293 0.10  0.515 -1263.921855  156.0   5.383   5.277 |    0.000   0.000   0.000   0.000 |   -7.087  -7.081   4.643
 196B   0.00139747 0.11  0.515 -1263.921763  156.0   5.383   5.277 |    0.000   0.000   0.000   0.000 |   -7.087  -7.081   4.123
 197B   0.00179163 0.10  0.515 -1263.920834  156.0   5.383   5.277 |    0.000  -0.000   0.000   0.000 |   -7.088  -7.081   4.518
 198B   0.00205072 0.10  0.515 -1263.919529  156.0   5.383   5.277 |    0.000   0.000   0.000   0.000 |   -7.088  -7.081   4.324
 199B   0.00239305 0.10  0.515 -1263.921513  156.0   5.383   5.277 |    0.000  -0.000   0.000   0.000 |   -7.087  -7.081   4.855
 200B   0.00118575 0.11  0.515 -1263.920819  156.0   5.383   5.277 |    0.000   0.000   0.000  -0.000 |   -7.087  -7.081   4.330
 201B   0.00131529 0.10  0.515 -1263.918392  156.0   5.383   5.277 |    0.000   0.000   0.000  -0.000 |   -7.087  -7.081   4.355
 202B   0.00103014 0.11  0.515 -1263.918314  156.0   5.383   5.277 |    0.000  -0.000   0.000  -0.000 |   -7.087  -7.081   4.486
 203B   0.00087530 0.13  0.515 -1263.918219  156.0   5.383   5.277 |    0.000  -0.000   0.000  -0.000 |   -7.087  -7.080   4.330
 204B   0.00088649 0.10  0.515 -1263.917697  156.0   5.383   5.277 |    0.000  -0.000   0.000  -0.000 |   -7.087  -7.080   4.215
 205B   0.00221688 0.10  0.515 -1263.917396  156.0   5.383   5.277 |    0.000  -0.000   0.000  -0.000 |   -7.087  -7.080   4.345
 206B   0.00077617 0.11  0.515 -1263.917936  156.0   5.383   5.277 |    0.000   0.000   0.000  -0.000 |   -7.087  -7.080   4.233
 207B   0.00100666 0.10  0.515 -1263.917373  156.0   5.383   5.277 |    0.000  -0.000   0.000   0.000 |   -7.087  -7.080   4.208
 208B   0.00139565 0.10  0.515 -1263.918402  156.0   5.383   5.277 |    0.000  -0.000   0.000   0.000 |   -7.087  -7.080   4.311
 209B   0.00113670 0.11  0.515 -1263.919521  156.0   5.383   5.277 |    0.000   0.000   0.000   0.000 |   -7.087  -7.081   4.343
 210B   0.00084217 0.13  0.515 -1263.918318  156.0   5.383   5.277 |    0.000  -0.000   0.000   0.000 |   -7.087  -7.081   4.323
 211B   0.00143710 0.10  0.515 -1263.918969  156.0   5.383   5.277 |    0.000   0.000   0.000   0.000 |   -7.087  -7.081   4.188
 212B   0.00121287 0.11  0.515 -1263.919080  156.0   5.383   5.277 |    0.000  -0.000   0.000   0.000 |   -7.087  -7.081   4.224
 213B   0.00116549 0.13  0.515 -1263.920147  156.0   5.383   5.277 |    0.000   0.000   0.000   0.000 |   -7.087  -7.081   4.303
 214B   0.00102276 0.14  0.515 -1263.920157  156.0   5.383   5.277 |    0.000   0.000   0.000   0.000 |   -7.087  -7.081   4.371
 215B   0.00097203 0.16  0.515 -1263.920283  156.0   5.383   5.277 |    0.000   0.000   0.000   0.000 |   -7.087  -7.081   4.568
 216B   0.00262539 0.10  0.515 -1263.920744  156.0   5.383   5.277 |    0.000   0.000   0.000  -0.000 |   -7.088  -7.081   3.375
 217B   0.00088436 0.11  0.515 -1263.920879  156.0   5.383   5.277 |    0.000   0.000   0.000   0.000 |   -7.088  -7.081   4.256
 218B   0.00078809 0.13  0.515 -1263.921126  156.0   5.383   5.277 |    0.000  -0.000   0.000  -0.000 |   -7.088  -7.081   4.404
 219B   0.00067660 0.14  0.515 -1263.920394  156.0   5.383   5.277 |    0.000   0.000   0.000  -0.000 |   -7.088  -7.081   4.855
 220B   0.00041474 0.16  0.515 -1263.919801  156.0   5.383   5.277 |    0.000   0.000   0.000  -0.000 |   -7.088  -7.081   4.607
 221B   0.00079395 0.10  0.515 -1263.920079  156.0   5.383   5.277 |    0.000  -0.000   0.000  -0.000 |   -7.088  -7.081   4.462
 222B   0.00032080 0.11  0.515 -1263.918793  156.0   5.383   5.277 |    0.000   0.000   0.000   0.000 |   -7.088  -7.081   4.525
 223B   0.00025920 0.13  0.515 -1263.918996  156.0   5.383   5.277 |    0.000  -0.000   0.000  -0.000 |   -7.088  -7.081   3.523
 224B   0.00035706 0.10  0.515 -1263.918857  156.0   5.383   5.277 |    0.000   0.000   0.000   0.000 |   -7.088  -7.081   4.523
 225B   0.00025759 0.11  0.515 -1263.918819  156.0   5.383   5.277 |    0.000  -0.000   0.000   0.000 |   -7.088  -7.081   3.441
 226B   0.00022669 0.13  0.515 -1263.919137  156.0   5.383   5.277 |    0.000   0.000   0.000  -0.000 |   -7.088  -7.081   3.589
 227B   0.00040228 0.10  0.515 -1263.919432  156.0   5.383   5.277 |    0.000  -0.000   0.000  -0.000 |   -7.088  -7.081   4.623
 228B   0.00043330 0.10  0.515 -1263.919126  156.0   5.383   5.277 |    0.000  -0.000   0.000  -0.000 |   -7.088  -7.081   4.620
 229B   0.00045066 0.10  0.515 -1263.919697  156.0   5.383   5.277 |    0.000  -0.000   0.000  -0.000 |   -7.088  -7.081   4.585
 230B   0.00033743 0.11  0.515 -1263.919496  156.0   5.383   5.277 |    0.000  -0.000   0.000  -0.000 |   -7.088  -7.081   4.149
 231B   0.00043740 0.10  0.515 -1263.919923  156.0   5.383   5.277 |    0.000   0.000   0.000  -0.000 |   -7.088  -7.081   2.953
 232B   0.00057755 0.10  0.515 -1263.919712  156.0   5.383   5.277 |    0.000  -0.000   0.000  -0.000 |   -7.088  -7.081   2.245
 233B   0.00034046 0.11  0.515 -1263.919159  156.0   5.383   5.277 |    0.000   0.000   0.000   0.000 |   -7.088  -7.081   3.782
 234B   0.00038302 0.10  0.515 -1263.919559  156.0   5.383   5.277 |    0.000   0.000   0.000   0.000 |   -7.088  -7.081   2.511
 235B   0.00049174 0.10  0.515 -1263.918947  156.0   5.383   5.277 |    0.000   0.000   0.000  -0.000 |   -7.088  -7.081   1.724
 236B   0.00028716 0.11  0.515 -1263.919377  156.0   5.383   5.277 |    0.000  -0.000   0.000  -0.000 |   -7.088  -7.081   4.294
 237B   0.00068330 0.10  0.515 -1263.919321  156.0   5.383   5.277 |    0.000  -0.000   0.000  -0.000 |   -7.088  -7.081   3.696
 238B   0.00043462 0.11  0.515 -1263.919843  156.0   5.383   5.277 |    0.000  -0.000   0.000  -0.000 |   -7.088  -7.081   4.561
 239B   0.00036654 0.13  0.515 -1263.919894  156.0   5.383   5.277 |    0.000   0.000   0.000  -0.000 |   -7.088  -7.081   3.494
 240B   0.00042055 0.10  0.515 -1263.919976  156.0   5.383   5.277 |    0.000   0.000   0.000  -0.000 |   -7.088  -7.081   2.828
 241B   0.00104913 0.10  0.515 -1263.919931  156.0   5.383   5.277 |    0.000  -0.000   0.000  -0.000 |   -7.088  -7.081   4.079
 242B   0.00028721 0.11  0.515 -1263.920170  156.0   5.383   5.277 |    0.000  -0.000   0.000   0.000 |   -7.088  -7.081   2.775
 243B   0.00071295 0.10  0.515 -1263.919691  156.0   5.383   5.277 |    0.000  -0.000   0.000  -0.000 |   -7.088  -7.081   1.607
 244B   0.00033922 0.11  0.515 -1263.920125  156.0   5.383   5.277 |    0.000   0.000   0.000  -0.000 |   -7.088  -7.081   2.940
 245B   0.00022531 0.13  0.515 -1263.920194  156.0   5.383   5.277 |    0.000   0.000   0.000   0.000 |   -7.088  -7.081   2.277
 246B   0.00016713 0.14  0.515 -1263.920283  156.0   5.383   5.277 |    0.000   0.000   0.000   0.000 |   -7.088  -7.081   2.532
 247B   0.00023146 0.10  0.515 -1263.920106  156.0   5.383   5.277 |    0.000  -0.000   0.000  -0.000 |   -7.088  -7.081   2.449
 248B   0.00016030 0.11  0.515 -1263.920111  156.0   5.383   5.277 |    0.000   0.000   0.000  -0.000 |   -7.088  -7.081   4.861
 249B   0.00006798 0.13  0.515 -1263.920122  156.0   5.383   5.277 |    0.000  -0.000   0.000  -0.000 |   -7.088  -7.081   3.079
 250B   0.00009023 0.10  0.515 -1263.920094  156.0   5.383   5.277 |    0.000   0.000   0.000   0.000 |   -7.088  -7.081   0.937
 251B   0.00012034 0.10  0.515 -1263.920038  156.0   5.383   5.277 |    0.000  -0.000   0.000   0.000 |   -7.088  -7.081   2.572
 252B   0.00013058 0.10  0.515 -1263.919998  156.0   5.383   5.277 |    0.000   0.000   0.000  -0.000 |   -7.088  -7.081   4.629
 253B   0.00010558 0.11  0.515 -1263.920068  156.0   5.383   5.277 |    0.000   0.000   0.000   0.000 |   -7.088  -7.081   3.121
 254B   0.00013074 0.10  0.515 -1263.920058  156.0   5.383   5.277 |    0.000  -0.000   0.000   0.000 |   -7.088  -7.081   2.571
 255B   0.00020724 0.10  0.515 -1263.920026  156.0   5.383   5.277 |    0.000  -0.000   0.000   0.000 |   -7.088  -7.081   4.502
 256B   0.00008605 0.11  0.515 -1263.920052  156.0   5.383   5.277 |    0.000  -0.000   0.000   0.000 |   -7.088  -7.081   0.959
 257B   0.00010733 0.10  0.515 -1263.919985  156.0   5.383   5.277 |    0.000  -0.000   0.000   0.000 |   -7.088  -7.081   0.799
 258B   0.00006898 0.11  0.515 -1263.919940  156.0   5.383   5.277 |    0.000   0.000   0.000   0.000 |   -7.088  -7.081   0.813
 259B   0.00012373 0.10  0.515 -1263.919857  156.0   5.383   5.277 |    0.000   0.000   0.000   0.000 |   -7.088  -7.081   0.795
 260B   0.00009657 0.11  0.515 -1263.919851  156.0   5.383   5.277 |    0.000  -0.000   0.000  -0.000 |   -7.088  -7.081   0.829
 261B   0.00010829 0.10  0.515 -1263.919828  156.0   5.383   5.277 |    0.000   0.000   0.000  -0.000 |   -7.088  -7.081   0.787
 262B   0.00016107 0.10  0.515 -1263.919853  156.0   5.383   5.277 |    0.000   0.000   0.000   0.000 |   -7.088  -7.081   0.790
 263B   0.00012367 0.11  0.515 -1263.919863  156.0   5.383   5.277 |    0.000   0.000   0.000   0.000 |   -7.088  -7.081   0.947
 264B   0.00011521 0.13  0.515 -1263.919832  156.0   5.383   5.277 |    0.000  -0.000   0.000   0.000 |   -7.088  -7.081   0.822
 265B   0.00011255 0.14  0.515 -1263.919717  156.0   5.383   5.277 |    0.000   0.000   0.000   0.000 |   -7.088  -7.081   0.768
 266B   0.00009827 0.16  0.515 -1263.919818  156.0   5.383   5.277 |    0.000   0.000   0.000  -0.000 |   -7.088  -7.081   0.833
 267B   0.00011177 0.10  0.515 -1263.919821  156.0   5.383   5.277 |    0.000  -0.000   0.000  -0.000 |   -7.088  -7.081   0.877
 268B   0.00016985 0.10  0.515 -1263.919773  156.0   5.383   5.277 |    0.000  -0.000   0.000  -0.000 |   -7.088  -7.081   0.903
 269B   0.00011944 0.11  0.515 -1263.919733  156.0   5.383   5.277 |    0.000  -0.000   0.000   0.000 |   -7.088  -7.081   0.765
 270B   0.00010504 0.13  0.515 -1263.919750  156.0   5.383   5.277 |    0.000  -0.000   0.000  -0.000 |   -7.088  -7.081   0.730
 271B   0.00019550 0.10  0.515 -1263.919854  156.0   5.383   5.277 |    0.000  -0.000   0.000  -0.000 |   -7.088  -7.081   0.796
 272B   0.00013978 0.11  0.515 -1263.919745  156.0   5.383   5.277 |    0.000   0.000   0.000  -0.000 |   -7.088  -7.081   0.742
 273B   0.00014665 0.10  0.515 -1263.919733  156.0   5.383   5.277 |    0.000   0.000   0.000   0.000 |   -7.088  -7.081   0.737
 274B   0.00013439 0.11  0.515 -1263.919731  156.0   5.383   5.277 |    0.000   0.000   0.000  -0.000 |   -7.088  -7.081   0.749
 275B   0.00013414 0.13  0.515 -1263.919714  156.0   5.383   5.277 |    0.000  -0.000   0.000   0.000 |   -7.088  -7.081   0.725
 276B   0.00015707 0.10  0.515 -1263.919748  156.0   5.383   5.277 |    0.000  -0.000   0.000  -0.000 |   -7.088  -7.081   0.750
 277B   0.00019258 0.10  0.515 -1263.919699  156.0   5.383   5.277 |    0.000  -0.000   0.000  -0.000 |   -7.088  -7.081   0.942
 278B   0.00012099 0.11  0.515 -1263.919668  156.0   5.383   5.277 |    0.000   0.000   0.000   0.000 |   -7.088  -7.081   0.777
 279B   0.00010777 0.13  0.515 -1263.919535  156.0   5.383   5.277 |    0.000  -0.000   0.000  -0.000 |   -7.088  -7.081   0.781
 280B   0.00009804 0.14  0.515 -1263.919523  156.0   5.383   5.277 |    0.000   0.000   0.000  -0.000 |   -7.088  -7.081   0.681
 281B   0.00006193 0.16  0.515 -1263.919535  156.0   5.383   5.277 |    0.000  -0.000   0.000  -0.000 |   -7.088  -7.081   0.663
 282B   0.00004046 0.18  0.515 -1263.919592  156.0   5.383   5.277 |    0.000   0.000   0.000   0.000 |   -7.088  -7.081   0.755
 283B   0.00001829 0.21  0.515 -1263.919576  156.0   5.383   5.277 |    0.000  -0.000   0.000  -0.000 |   -7.088  -7.081   0.768
 284B   0.00003292 0.10  0.515 -1263.919600  156.0   5.383   5.277 |    0.000  -0.000   0.000  -0.000 |   -7.088  -7.081   0.688
 285B   0.00002466 0.11  0.515 -1263.919673  156.0   5.383   5.277 |    0.000   0.000   0.000   0.000 |   -7.088  -7.081   0.644
 286B   0.00002117 0.13  0.515 -1263.919687  156.0   5.383   5.277 |    0.000  -0.000   0.000   0.000 |   -7.088  -7.081   0.647
 287B   0.00003256 0.10  0.515 -1263.919642  156.0   5.383   5.277 |    0.000   0.000   0.000  -0.000 |   -7.088  -7.081   0.646
 288B   0.00002356 0.11  0.515 -1263.919678  156.0   5.383   5.277 |    0.000  -0.000   0.000  -0.000 |   -7.088  -7.081   0.648
 289B   0.00002365 0.10  0.515 -1263.919697  156.0   5.383   5.277 |    0.000  -0.000   0.000  -0.000 |   -7.088  -7.081   0.676
 290B   0.00002620 0.10  0.515 -1263.919676  156.0   5.383   5.277 |    0.000  -0.000   0.000  -0.000 |   -7.088  -7.081   0.732
 291B   0.00004356 0.10  0.515 -1263.919708  156.0   5.383   5.277 |    0.000  -0.000   0.000  -0.000 |   -7.088  -7.081   0.690
 292B   0.00004015 0.11  0.515 -1263.919738  156.0   5.383   5.277 |    0.000   0.000   0.000  -0.000 |   -7.088  -7.081   0.684
 293B   0.00002629 0.13  0.515 -1263.919714  156.0   5.383   5.277 |    0.000   0.000   0.000  -0.000 |   -7.088  -7.081   0.733
 294B   0.00002483 0.14  0.515 -1263.919700  156.0   5.383   5.277 |    0.000   0.000   0.000  -0.000 |   -7.088  -7.081   0.716
 295B   0.00003023 0.10  0.515 -1263.919761  156.0   5.383   5.277 |    0.000   0.000   0.000   0.000 |   -7.088  -7.081   0.732
 296B   0.00003378 0.10  0.515 -1263.919744  156.0   5.383   5.277 |    0.000   0.000   0.000   0.000 |   -7.088  -7.081   0.802
 297B   0.00002476 0.11  0.515 -1263.919741  156.0   5.383   5.277 |    0.000   0.000   0.000   0.000 |   -7.088  -7.081   0.685
 298B   0.00003298 0.10  0.515 -1263.919748  156.0   5.383   5.277 |    0.000   0.000   0.000   0.000 |   -7.088  -7.081   0.680
 299B   0.00003031 0.11  0.515 -1263.919748  156.0   5.383   5.277 |    0.000   0.000   0.000   0.000 |   -7.088  -7.081   0.727
 300B   0.00004970 0.10  0.515 -1263.919752  156.0   5.383   5.277 |    0.000   0.000   0.000   0.000 |   -7.088  -7.081   0.797
 301B   0.00008307 0.10  0.515 -1263.919662  156.0   5.383   5.277 |    0.000  -0.000   0.000  -0.000 |   -7.088  -7.081   0.685
 302B   0.00003759 0.11  0.515 -1263.919734  156.0   5.383   5.277 |    0.000  -0.000   0.000  -0.000 |   -7.088  -7.081   0.762
 303B   0.00003030 0.13  0.515 -1263.919756  156.0   5.383   5.277 |    0.000   0.000   0.000   0.000 |   -7.088  -7.081   0.721
 304B   0.00002571 0.14  0.515 -1263.919768  156.0   5.383   5.277 |    0.000   0.000   0.000  -0.000 |   -7.088  -7.081   0.704
 305B   0.00003011 0.10  0.515 -1263.919774  156.0   5.383   5.277 |    0.000   0.000   0.000  -0.000 |   -7.088  -7.081   0.658
 306B   0.00002667 0.11  0.515 -1263.919783  156.0   5.383   5.277 |    0.000   0.000   0.000  -0.000 |   -7.088  -7.081   0.659
 307B   0.00001629 0.13  0.515 -1263.919777  156.0   5.383   5.277 |    0.000   0.000   0.000  -0.000 |   -7.088  -7.081   0.658
 308B   0.00000872 0.14  0.515 -1263.919773  156.0   5.383   5.277 |    0.000  -0.000   0.000  -0.000 |   -7.088  -7.081   0.662
 309B   0.00001215 0.10  0.515 -1263.919769  156.0   5.383   5.277 |    0.000  -0.000   0.000  -0.000 |   -7.088  -7.081   0.656
 310B   0.00002655 0.10  0.515 -1263.919765  156.0   5.383   5.277 |    0.000   0.000   0.000   0.000 |   -7.088  -7.081   0.663
 311B   0.00001266 0.11  0.515 -1263.919762  156.0   5.383   5.277 |    0.000  -0.000   0.000   0.000 |   -7.088  -7.081   0.669
 312B   0.00001031 0.13  0.515 -1263.919762  156.0   5.383   5.277 |    0.000  -0.000   0.000   0.000 |   -7.088  -7.081   0.657
 313B   0.00001174 0.10  0.515 -1263.919752  156.0   5.383   5.277 |    0.000   0.000   0.000   0.000 |   -7.088  -7.081   0.652
 314B   0.00001047 0.11  0.515 -1263.919742  156.0   5.383   5.277 |    0.000  -0.000   0.000   0.000 |   -7.088  -7.081   0.666
 315B   0.00001482 0.10  0.515 -1263.919744  156.0   5.383   5.277 |    0.000  -0.000   0.000   0.000 |   -7.088  -7.081   0.688
 316B   0.00000792 0.11  0.515 -1263.919723  156.0   5.383   5.277 |    0.000   0.000   0.000  -0.000 |   -7.088  -7.081   0.657
 317B   0.00000468 0.13  0.515 -1263.919717  156.0   5.383   5.277 |    0.000  -0.000   0.000  -0.000 |   -7.088  -7.081   0.703
 318B   0.00001071 0.10  0.515 -1263.919713  156.0   5.383   5.277 |    0.000  -0.000   0.000  -0.000 |   -7.088  -7.081   0.687
 319B   0.00000327 0.11  0.515 -1263.919717  156.0   5.383   5.277 |    0.000  -0.000   0.000  -0.000 |   -7.088  -7.081   0.696
 320B   0.00000163 0.13  0.515 -1263.919718  156.0   5.383   5.277 |    0.000  -0.000   0.000  -0.000 |   -7.088  -7.081   0.733
 321B   0.00000364 0.10  0.515 -1263.919721  156.0   5.383   5.277 |    0.000  -0.000   0.000  -0.000 |   -7.088  -7.081   0.702
 322B   0.00000460 0.10  0.515 -1263.919721  156.0   5.383   5.277 |    0.000   0.000   0.000  -0.000 |   -7.088  -7.081   0.687
 323B   0.00000341 0.11  0.515 -1263.919723  156.0   5.383   5.277 |    0.000  -0.000   0.000  -0.000 |   -7.088  -7.081   0.701
 324B   0.00000321 0.13  0.515 -1263.919724  156.0   5.383   5.277 |    0.000   0.000   0.000   0.000 |   -7.088  -7.081   0.711
 325B   0.00000559 0.10  0.515 -1263.919724  156.0   5.383   5.277 |    0.000  -0.000   0.000  -0.000 |   -7.088  -7.081   0.699
 326B   0.00000824 0.10  0.515 -1263.919726  156.0   5.383   5.277 |    0.000   0.000   0.000  -0.000 |   -7.088  -7.081   0.729
 327B   0.00000831 0.10  0.515 -1263.919725  156.0   5.383   5.277 |    0.000  -0.000   0.000  -0.000 |   -7.088  -7.081   0.649
 328B   0.00000816 0.11  0.515 -1263.919726  156.0   5.383   5.277 |    0.000   0.000   0.000   0.000 |   -7.088  -7.081   0.656
 329B   0.00000774 0.13  0.515 -1263.919736  156.0   5.383   5.277 |    0.000  -0.000   0.000  -0.000 |   -7.088  -7.081   0.711
 330B   0.00000855 0.10  0.515 -1263.919732  156.0   5.383   5.277 |    0.000   0.000   0.000   0.000 |   -7.088  -7.081   0.811
 331B   0.00000632 0.11  0.515 -1263.919733  156.0   5.383   5.277 |    0.000   0.000   0.000   0.000 |   -7.088  -7.081   0.675
 332B   0.00000586 0.13  0.515 -1263.919732  156.0   5.383   5.277 |    0.000  -0.000   0.000  -0.000 |   -7.088  -7.081   0.670
 333B   0.00000972 0.10  0.515 -1263.919735  156.0   5.383   5.277 |    0.000   0.000   0.000   0.000 |   -7.088  -7.081   0.669
 334B   0.00000442 0.11  0.515 -1263.919737  156.0   5.383   5.277 |    0.000  -0.000   0.000  -0.000 |   -7.088  -7.081   0.672
 335B   0.00000408 0.13  0.515 -1263.919738  156.0   5.383   5.277 |    0.000  -0.000   0.000  -0.000 |   -7.088  -7.081   0.668
 336B   0.00000467 0.10  0.515 -1263.919737  156.0   5.383   5.277 |    0.000  -0.000   0.000  -0.000 |   -7.088  -7.081   0.668
 337B   0.00000450 0.11  0.515 -1263.919738  156.0   5.383   5.277 |    0.000   0.000   0.000  -0.000 |   -7.088  -7.081   0.672
 338B   0.00000266 0.13  0.515 -1263.919738  156.0   5.383   5.277 |    0.000   0.000   0.000  -0.000 |   -7.088  -7.081   0.673
 339B   0.00000712 0.10  0.515 -1263.919737  156.0   5.383   5.277 |    0.000   0.000   0.000  -0.000 |   -7.088  -7.081   0.712
 340B   0.00000314 0.11  0.515 -1263.919737  156.0   5.383   5.277 |    0.000   0.000   0.000  -0.000 |   -7.088  -7.081   0.741
 341B   0.00000358 0.10  0.515 -1263.919737  156.0   5.383   5.277 |    0.000   0.000   0.000  -0.000 |   -7.088  -7.081   0.765
 342B   0.00000489 0.10  0.515 -1263.919737  156.0   5.383   5.277 |    0.000  -0.000   0.000  -0.000 |   -7.088  -7.081   0.746
 343B   0.00000374 0.11  0.515 -1263.919735  156.0   5.383   5.277 |    0.000  -0.000   0.000  -0.000 |   -7.088  -7.081   0.744
 344B   0.00000202 0.13  0.515 -1263.919733  156.0   5.383   5.277 |    0.000   0.000   0.000   0.000 |   -7.088  -7.081   0.695
 345B   0.00000395 0.10  0.515 -1263.919730  156.0   5.383   5.277 |    0.000  -0.000   0.000   0.000 |   -7.088  -7.081   0.694
 346B   0.00000185 0.11  0.515 -1263.919734  156.0   5.383   5.277 |    0.000   0.000   0.000  -0.000 |   -7.088  -7.081   0.700
 347B   0.00000241 0.10  0.515 -1263.919732  156.0   5.383   5.277 |    0.000  -0.000   0.000  -0.000 |   -7.088  -7.081   0.691
 348B   0.00000230 0.11  0.515 -1263.919731  156.0   5.383   5.277 |    0.000   0.000   0.000  -0.000 |   -7.088  -7.081   0.731
 349B   0.00000176 0.13  0.515 -1263.919729  156.0   5.383   5.277 |    0.000  -0.000   0.000  -0.000 |   -7.088  -7.081   0.742
 350B   0.00000143 0.14  0.515 -1263.919727  156.0   5.383   5.277 |    0.000   0.000   0.000  -0.000 |   -7.088  -7.081   0.763
 351B   0.00000051 0.16  0.515 -1263.919729  156.0   5.383   5.277 |    0.000  -0.000   0.000  -0.000 |   -7.088  -7.081   0.691
 352B   0.00000099 0.10  0.515 -1263.919730  156.0   5.383   5.277 |    0.000  -0.000   0.000   0.000 |   -7.088  -7.081   0.740
 353B   0.00000088 0.11  0.515 -1263.919729  156.0   5.383   5.277 |    0.000   0.000   0.000   0.000 |   -7.088  -7.081   0.666
 354B   0.00000113 0.10  0.515 -1263.919730  156.0   5.383   5.277 |    0.000   0.000   0.000  -0.000 |   -7.088  -7.081   0.675
 355B   0.00000107 0.11  0.515 -1263.919730  156.0   5.383   5.277 |    0.000  -0.000   0.000   0.000 |   -7.088  -7.081   0.643
 356B   0.00000107 0.13  0.515 -1263.919730  156.0   5.383   5.277 |    0.000   0.000   0.000   0.000 |   -7.088  -7.081   0.659
 357B   0.00000136 0.10  0.515 -1263.919730  156.0   5.383   5.277 |    0.000  -0.000   0.000   0.000 |   -7.088  -7.081   0.672
 358B   0.00000117 0.11  0.515 -1263.919730  156.0   5.383   5.277 |    0.000  -0.000   0.000   0.000 |   -7.088  -7.081   0.666
 359B   0.00000128 0.10  0.515 -1263.919730  156.0   5.383   5.277 |    0.000   0.000   0.000   0.000 |   -7.088  -7.081   0.679
 360B   0.00000083 0.11  0.515 -1263.919730  156.0   5.383   5.277 |    0.000   0.000   0.000   0.000 |   -7.088  -7.081   0.678
 361B   0.00000194 0.10  0.515 -1263.919729  156.0   5.383   5.277 |    0.000   0.000   0.000   0.000 |   -7.088  -7.081   0.677
 362B   0.00000188 0.11  0.515 -1263.919730  156.0   5.383   5.277 |    0.000  -0.000   0.000   0.000 |   -7.088  -7.081   0.677
 363B   0.00000178 0.13  0.515 -1263.919732  156.0   5.383   5.277 |    0.000  -0.000   0.000  -0.000 |   -7.088  -7.081   0.673
 364B   0.00000168 0.14  0.515 -1263.919732  156.0   5.383   5.277 |    0.000   0.000   0.000  -0.000 |   -7.088  -7.081   0.651
 365B   0.00000175 0.10  0.515 -1263.919732  156.0   5.383   5.277 |    0.000   0.000   0.000  -0.000 |   -7.088  -7.081   0.670
 366B   0.00000289 0.10  0.515 -1263.919733  156.0   5.383   5.277 |    0.000  -0.000   0.000  -0.000 |   -7.088  -7.081   0.669
 367B   0.00000262 0.11  0.515 -1263.919733  156.0   5.383   5.277 |    0.000  -0.000   0.000  -0.000 |   -7.088  -7.081   0.666
 368B   0.00000263 0.10  0.515 -1263.919732  156.0   5.383   5.277 |    0.000  -0.000   0.000  -0.000 |   -7.088  -7.081   0.681
 369B   0.00000273 0.10  0.515 -1263.919733  156.0   5.383   5.277 |    0.000   0.000   0.000  -0.000 |   -7.088  -7.081   0.675
 370B   0.00000427 0.10  0.515 -1263.919732  156.0   5.383   5.277 |    0.000  -0.000   0.000   0.000 |   -7.088  -7.081   0.683
 371B   0.00000274 0.11  0.515 -1263.919732  156.0   5.383   5.277 |    0.000   0.000   0.000  -0.000 |   -7.088  -7.081   0.675
 372B   0.00000345 0.10  0.515 -1263.919733  156.0   5.383   5.277 |    0.000  -0.000   0.000  -0.000 |   -7.088  -7.081   0.668
 373B   0.00000331 0.11  0.515 -1263.919733  156.0   5.383   5.277 |    0.000   0.000   0.000  -0.000 |   -7.088  -7.081   0.672
 374B   0.00000376 0.10  0.515 -1263.919733  156.0   5.383   5.277 |    0.000   0.000   0.000   0.000 |   -7.088  -7.081   0.670
 375B   0.00000394 0.10  0.515 -1263.919733  156.0   5.383   5.277 |    0.000   0.000   0.000   0.000 |   -7.088  -7.081   0.671
 376B   0.00000164 0.11  0.515 -1263.919734  156.0   5.383   5.277 |    0.000   0.000   0.000   0.000 |   -7.088  -7.081   0.664
 377B   0.00000505 0.10  0.515 -1263.919735  156.0   5.383   5.277 |    0.000   0.000   0.000   0.000 |   -7.088  -7.081   0.663
 378B   0.00000188 0.11  0.515 -1263.919734  156.0   5.383   5.277 |    0.000  -0.000   0.000   0.000 |   -7.088  -7.081   0.670
 379B   0.00000482 0.10  0.515 -1263.919736  156.0   5.383   5.277 |    0.000  -0.000   0.000   0.000 |   -7.088  -7.081   0.683
 380B   0.00000358 0.11  0.515 -1263.919737  156.0   5.383   5.277 |    0.000  -0.000   0.000   0.000 |   -7.088  -7.081   0.664
 381B   0.00000268 0.13  0.515 -1263.919735  156.0   5.383   5.277 |    0.000   0.000   0.000   0.000 |   -7.088  -7.081   0.635
 382B   0.00000345 0.10  0.515 -1263.919737  156.0   5.383   5.277 |    0.000  -0.000   0.000   0.000 |   -7.088  -7.081   0.661
 383B   0.00000305 0.11  0.515 -1263.919737  156.0   5.383   5.277 |    0.000  -0.000   0.000  -0.000 |   -7.088  -7.081   0.663
 384B   0.00000240 0.13  0.515 -1263.919738  156.0   5.383   5.277 |    0.000  -0.000   0.000  -0.000 |   -7.088  -7.081   0.686
 385B   0.00000292 0.10  0.515 -1263.919738  156.0   5.383   5.277 |    0.000  -0.000   0.000  -0.000 |   -7.088  -7.081   0.696
 386B   0.00000211 0.11  0.515 -1263.919738  156.0   5.383   5.277 |    0.000  -0.000   0.000  -0.000 |   -7.088  -7.081   0.747
 387B   0.00000144 0.13  0.515 -1263.919738  156.0   5.383   5.277 |    0.000   0.000   0.000  -0.000 |   -7.088  -7.081   0.708
 388B   0.00000423 0.10  0.515 -1263.919735  156.0   5.383   5.277 |    0.000  -0.000   0.000   0.000 |   -7.088  -7.081   0.661
 389B   0.00000084 0.11  0.515 -1263.919735  156.0   5.383   5.277 |    0.000   0.000   0.000   0.000 |   -7.088  -7.081   0.660
 390B   0.00000133 0.10  0.515 -1263.919734  156.0   5.383   5.277 |    0.000   0.000   0.000  -0.000 |   -7.088  -7.081   0.647
 391B   0.00000118 0.11  0.515 -1263.919735  156.0   5.383   5.277 |    0.000  -0.000   0.000  -0.000 |   -7.088  -7.081   0.645
 392B   0.00000072 0.13  0.515 -1263.919733  156.0   5.383   5.277 |    0.000   0.000   0.000  -0.000 |   -7.088  -7.081   0.646
 393B   0.00000048 0.14  0.515 -1263.919733  156.0   5.383   5.277 |    0.000  -0.000   0.000  -0.000 |   -7.088  -7.081   0.643
 394B   0.00000035 0.16  0.515 -1263.919733  156.0   5.383   5.277 |    0.000  -0.000   0.000  -0.000 |   -7.088  -7.081   0.647
 395B   0.00000044 0.10  0.515 -1263.919733  156.0   5.383   5.277 |    0.000  -0.000   0.000  -0.000 |   -7.088  -7.081   0.639
 396B   0.00000074 0.10  0.515 -1263.919733  156.0   5.383   5.277 |    0.000   0.000   0.000  -0.000 |   -7.088  -7.081   0.655
 397B   0.00000049 0.11  0.515 -1263.919732  156.0   5.383   5.277 |    0.000   0.000   0.000  -0.000 |   -7.088  -7.081   0.646
 398B   0.00000041 0.13  0.515 -1263.919733  156.0   5.383   5.277 |    0.000  -0.000   0.000   0.000 |   -7.088  -7.081   0.644
 399B   0.00000043 0.10  0.515 -1263.919733  156.0   5.383   5.277 |    0.000  -0.000   0.000   0.000 |   -7.088  -7.081   0.645
 400B   0.00000028 0.11  0.515 -1263.919734  156.0   5.383   5.277 |    0.000  -0.000   0.000   0.000 |   -7.088  -7.081   0.650
 401B   0.00000034 0.10  0.515 -1263.919734  156.0   5.383   5.277 |    0.000   0.000   0.000   0.000 |   -7.088  -7.081   0.000
  ----------------------------------------------------------------------------------------------------------------------------------
  *   iterations limit interrupt after 401 steps   si=     0.0000003365 ho= -1 tho=  0
  ----------------------------------------------------------------------------------------------------------------------------------
  Total CPU time=  21.180 minutes

  Writing to wel_file: s092_064.hel
 __________________________________  
  The tape s092_064.hel recorded:     
  nucname,npr,ngh,ngl,n00,nb,nt      
  b0,beta0,si,etot,rms,bet,xmix      
  pairing:     CpV0,CpV1,pwi         
  delta:       del,ept               
  lambda:      ala,ala2,alast,tz     
  asymptotic:  varmas,ass,skass      
  ntx,nb,nhhdim,id,N_rz,n_r,n_z      
  Omega2,Sigma2,Parity,Lambda        
  matrices(inbro):    hh,de          
  *all blocking candidates           
 __________________________________  


  NB! From expect (UNPROJECTED RESULTS)

  pairing: CpV0,CpV1,...           0.100000       0.100000       1.000000       1.000000
  forces:   UNE1                          


                             neutrons         protons         total
  Requested part.numbs.      92.000000      64.000000     156.000000
  UnPj(av) part.numbs .      92.000000      64.000000     156.000000
  b0, bz, bp ..........       2.130153       2.136882       2.126796

  lambda (ala) ........      -7.087859      -7.081037
  Lambda (alast) ......      -7.087859      -7.081037
  delta(n,p), pwi .....      -0.000000       0.000000      60.000000
  pairing energy ......       0.000000       0.000000       0.000000

  rms-radius ..........       5.383193       5.277378       5.340035
  charge-radius, r0 ...                      5.337670       6.459855
  deformation beta2....       0.500589       0.537588       0.515414
  dipole moment[fm] ...       0.000000       0.000000       0.000000
  quadrupole moment[b]       16.836791      12.088600      28.925390
  octupole moment .....       0.000000       0.000000       0.000000
  hexadecapole moment .       1.205255       0.897993       2.103247
  q5 ..................       0.000000       0.000000       0.000000
  q6 ..................       0.163237       0.128150       0.291387
  q7 ..................       0.000000       0.000000       0.000000
  q8 ..................      -0.026547      -0.020209      -0.046756

  <r^0> [fm^0] ........            1.000000            1.000000            1.000000
  <r^2> [fm^2] ........           28.978762           27.850716           28.515974
  <r^4> [fm^4] ........         1155.339296         1059.587942         1116.056689
  <r^6> [fm^6] ........        56591.018529        49458.778791        53664.971457
  <r^8> [fm^8] ........      3222342.956251      2685474.954532      3002089.417084

  kinetic energy ......    1812.945281    1062.981703    2875.926983
  volume energy .......                                 -4767.786298
        rho_tau .......                                   -88.206507
        rho_rho .......                                 -4679.579791
  surface energy ......                                   173.467230
   rho_DELTA_rho ......                                   173.467230
   (NABLA_rho)^2 ......                                     0.000000
  spin-orbit energy ...                                   -60.334358
        rho_NABLA_J ...                                   -60.334358
        NABLA_rho_J ...                                     0.000000
  coulomb energy ......                                   514.806709
          direct ......                                   539.234554
          exchange ....                                   -24.427846
  tensor energy .......                                     0.000000
  direct Hartree E  ...                                     0.000000
  Extra E .............                                     0.000000
  External field E ....                                     0.000000
  Entropy .............       4.451008       0.985992       5.437000

  tEnergy: ehfb (qp)...                                 -1263.919734

  Calculated but not added corrections 
====================================
  cmc-diagonal part ...       0.000000       0.000000       0.000000
  cmc-hfb .............       0.000000       0.000000       0.000000
  cranking rot corr ...       0.000000       0.000000       0.000000

  SQUJ ................       0.000000       0.000000       0.000000
  CRAN x 4 ............       0.000000       0.000000       0.000000
  Rigit Body ..........       0.000000       0.000000       0.000000


   Blocking candidates are:
   neutron eqpmin=   7.6528221658518948E-003  pwiblo=   2.0016019225635890     
    num=   1 block=   1 state=   1     1 Eqp=   0.00765282  (1-2N)E=  -0.00765282  Ovlp=   0.38883014  1+[ 6, 5, 1]
    num=   2 block=   4 state=   1    97 Eqp=   0.04448861  (1-2N)E=  -0.04448861  Ovlp=   0.80764626  3-[ 5, 2, 1]
    num=   3 block=   7 state=   1   167 Eqp=   0.09149759  (1-2N)E=  -0.09149759  Ovlp=   0.97733636  7+[ 4, 0, 4]
    num=   4 block=   1 state=   2     2 Eqp=   0.09184304  (1-2N)E=  -0.09184304  Ovlp=   0.87300961  1+[ 4, 0, 0]
    num=   5 block=   3 state=   1    67 Eqp=   0.17619302  (1-2N)E=   0.17619302  Ovlp=   0.95947028  3+[ 4, 0, 2]
    num=   6 block=  10 state=   1   219 Eqp=   0.59601198  (1-2N)E=  -0.59601198  Ovlp=   0.94538752  9-[ 5, 1, 4]
    num=   7 block=   5 state=   1   122 Eqp=   1.06504860  (1-2N)E=  -1.06504860  Ovlp=   0.59284820  5+[ 6, 4, 2]
    num=   8 block=   2 state=   1    37 Eqp=   1.21306639  (1-2N)E=   1.21306639  Ovlp=   0.81618927  1-[ 5, 2, 1]
    num=   9 block=   6 state=   1   147 Eqp=   1.25837258  (1-2N)E=   1.25837258  Ovlp=   0.83719464  5-[ 5, 2, 3]
    num=  10 block=   7 state=   2   168 Eqp=   1.32319681  (1-2N)E=   1.32319681  Ovlp=   0.78848624  7+[ 6, 3, 3]
    num=  11 block=   5 state=   2   123 Eqp=   1.70421316  (1-2N)E=  -1.70421316  Ovlp=   0.88250170  5+[ 4, 0, 2]

   Blocking candidates are:
   proton  eqpmin=  0.13156710718072162       pwiblo=   2.0016019225635890     
    num=   1 block=   9 state=   1   203 Eqp=   0.13156711  (1-2N)E=  -0.13156711  Ovlp=   0.97505843  9+[ 4, 0, 4]
    num=   2 block=   3 state=   1    67 Eqp=   0.13162786  (1-2N)E=   0.13162786  Ovlp=   0.89176845  3+[ 4, 1, 1]
    num=   3 block=   5 state=   1   122 Eqp=   0.47419131  (1-2N)E=   0.47419131  Ovlp=   0.92208457  5+[ 4, 1, 3]
    num=   4 block=   1 state=   1     1 Eqp=   1.00061408  (1-2N)E=   1.00061408  Ovlp=   0.62687872  1+[ 4, 1, 1]
    num=   5 block=   1 state=   2     2 Eqp=   1.21645074  (1-2N)E=   1.21645074  Ovlp=   0.64247279  1+[ 4, 1, 1]
    num=   6 block=   8 state=   1   187 Eqp=   1.39904832  (1-2N)E=   1.39904832  Ovlp=   0.85009500  7-[ 5, 2, 3]
    num=   7 block=   2 state=   1    37 Eqp=   1.39956593  (1-2N)E=  -1.39956593  Ovlp=   0.51624496  1-[ 5, 4, 1]
    num=   8 block=   6 state=   1   147 Eqp=   1.62457148  (1-2N)E=  -1.62457148  Ovlp=   0.72060171  5-[ 5, 3, 2]
    num=   9 block=   2 state=   2    38 Eqp=   1.72652382  (1-2N)E=   1.72652382  Ovlp=   0.65724234  1-[ 5, 3, 0]
    num=  10 block=   4 state=   1    97 Eqp=   2.00364589  (1-2N)E=   2.00364589  Ovlp=   0.70856962  3-[ 5, 3, 2]



 HFBTHO_SOLVER ended without errors

