No Skyrme interaction defined in routine skforce()
Multi-threading framework with OpenMP: 1 threads/task

  =======================================
           FORTRAN 95 CODE (KIND= 8) 
               Version: 200d  
  =======================================
       AXIALLY DEFORMED CONFIGURATIONAL  
     HARTREE-FOCK-BOGOLIUBOV CALCULATIONS
                     WITH                
            UNEDF AND DELTA PAIRING      
                     USING               
             HARMONIC-OSCILLATOR         
                   AND/OR                
       TRANSFORMED HARMONIC-OSCILLATOR   
                    BASIS                
                     ---                 
               v1.66  (2005):,           
   Stoitsov,Dobaczewski,Nazarewicz,Ring, 
               v2.00d (2012):,           
         Stoitsov,Schunck,Kortelainen    
  =======================================
    Nucleus: GD (A= 156, N= 92, Z= 64)
       Reflection Symmetry Imposed       
            ( 7/15/2023,  6:59)                               
  =======================================


  ---------------------------------------
           UNEDF Module Version:17
         M.Kortelainen & M.Stoitsov 
  ---------------------------------------

  UNE1 functional
  ----------------------------------
  Crho(0)=   -776.287876935966665    ; Crho(1)=    244.191477277370780    
  CDrho(0)=   891.579554621494594    ; CDrho(1)=  -127.862257220529301    
  Ctau(0)=   -2.11959410692055705    ; Ctau(1)=   -34.7085026082601473    
  CrDr(0)=   -44.4010993180381064    ; CrDr(1)=   -173.892613181284304    
  CrdJ(0)=   -71.0541210396648921    ; CrdJ(1)=   -38.0190954114260933    
  CJ(0)=      0.00000000000000000    ; CJ(1)=      0.00000000000000000    
  CpV0(0)=   0.100000000000000006    ; CpV0(1)=   0.100000000000000006    
  CpV1(0)=    1.00000000000000000    ; CpV1(1)=    1.00000000000000000    
  sigma=     0.271973566233536690    ; hbzero=     20.7355300000000007    
  e^2 chrg=   1.43997840859651305    ; CExPar=     1.00000000000000000    
  c.m. correction: F, chr. density in direct Coul: F
  use tensor terms: F
  use TMR pairing:  0

  Coupling constants in natural units
  -----------------------------------
  Crho_nu(0)=  -0.874193242980716323    ; Crho_nu(1)=   0.274988887205004140    
  CDrho_nu(0)=  0.941120346202913183    ; CDrho_nu(1)= -0.134966948443267287    
  Ctau_nu(0)=  -0.300454874480337794E-01; Ctau_nu(1)=  -0.491996970576411174    
  CrDr_nu(0)=  -0.629390630915268812    ; CrDr_nu(1)=   -2.46494756217016286    
  CrdJ_nu(0)=   -1.00720024407405995    ; CrdJ_nu(1)=  -0.538924999951613470    
  CJ_nu(0)=      0.00000000000000000    ; CJ_nu(1)=      0.00000000000000000    
  CpV0_nu(0)=   0.112611992142809880E-03; CpV0_nu(1)=   0.112611992142809880E-03
  CpV1_nu(0)=   0.887702254206059068E-03; CpV1_nu(1)=   0.887702254206059068E-03
  fpi_nu=        93.0000000000000000    ; Lambda_nu=     700.000000000000000    

  Nuclear matter properties
  ----------------------------------
      E_NM=     -15.7999999999999527      K_NM=     219.9999999999990337
      P_NM=       0.0000000000000016    RHO_NM=       0.1589662093450443
    ASS_NM=      28.7604719825127511   LASS_NM=      44.0739563388301150
  SMASS_NM=       0.9837504109840811  VMASS_NM=       1.2498385742322691

  Associated (t,x)-coupling constants
  -----------------------------------
  t0=      -2070.10100516257762    ; x0=      -0.281554346026841595E-01
  t1=       233.979737553642508    ; x1=       -6.14888188205072250    
  t2=       1887.23832200922811    ; x2=       -1.34747745022317056    
  t3=       14265.2728739439135    ; x3=      -0.284883598062971866    
  b4=       33.0350256282387988    ; b4p=       76.0381908228521866    
  te=      -563.498343557061048    ; to=       -232.846626665943887    
  sigma=   0.271973566233536690    ; hbzero=    20.7355300000000007    

  ---------------------------------------
        Characteristics of the run       
  ---------------------------------------
  Output file ................:     7
  Nucleus ....................:   GD 156
  Number of HO shells ........:    10
  HO length b0 (fm) ..........:     2.13015292605643
  Basis deformation ..........:  beta0=   0.010 q=   1.010
  HO: b0,1/b0,bp,bz,q ........:   0.21301529E+01  0.46944986E+00  0.21267964E+01  0.21368819E+01  0.10095067E+01
  h**2/(2m), cmc, e**2 .......:   0.20735530E+02  0.20735530E+02  0.14399784E+01
  hom=f*41.0_pr*A^{-1/3}, f...:   0.91395238E+01  0.12000000E+01
  THO basis is ...............:  OFF
  Maximal number of iterations:   400
  Initial mixing parameter ...:  0.300
  Initial w.f. ...............:  from   spherical scratch
  Skyrme functional ..........:    UNE1                          
    with direct and exchange Coulomb
  Lipkin-Nogami procedure is .:  OFF
  PAV procedure is ...........:  OFF
  Constraint calculation is ..:   ON
    Constraint 1 .............: lambda=2 Ql=   0.000
  Temperature T ..............:   0.05 MeV
  Restart indicator ..........:   1
  Broyden mixing (#iterations):   7

  ---------------------------------------
        Harmonic Oscillator Basis        
  ---------------------------------------
  NUV, NQP:                        6222     286
  Comparison with bookkeeping spherical basis:
  n00:                               10      10  Maximal number of shells
  nbx, 2*n00+1:                      21      21  Maximal number of K-blocks
  ntx, (n00+1)*(n00+2)*(n00+3)/6    286     286  Max.num. p/n levels
  nzx, n00:                          10      10  Maximal nz-quantum number
  nrx, n00/2  :                       5       5  Maximal nr-quantum number
  nlx, n00:                          10      10  Maximal ml-quantum number
  ndx, (n00+2)*(n00+2)/4:            36      36  Maximal dim. of one k-block

  Actual basis used
  Number of blocks: nb .......:   21
  Number of levels: nt .......:  286
  Maximal 2*omega : nom ......:   21
  Maximal nz:       nzm ......:   10
  Maximal nr:       nrm ......:    5
  Maximal ml:       nlm ......:   10
  Maximal N=nz+2*nr+nl .......:   10
  2 x biggest block dim. .....:   72
  Non-zero elements of h .....:     3254
  Number of Broyden elements .:    13016

  ---------------------------------------
            Integration Meshes           
  ---------------------------------------
  Number of Gauss-Hermite mesh points ngh ....:  40
  Number of Gauss-Laguerre mesh points ngl ...:  40
  Number of Gauss-Legendre mesh points nleg ..:  80
  Integration boundaries
    Hermite  - from xh(1)  =  0.12379686 to xh(ngh)   = 11.88786356
    Laguerre - From xl(1)  =  0.03570039 to xl(ngl)   =142.28004447
    Legendre - From xleg(1)=  0.00978669 to xleg(nleg)=  0.99988775
  Max.dev.in:     Orthogonality            Normalization
  Hermite     1.5248282503475657E-015   1.0991207943789050E-014
  Laguerre    4.8291451697098846E-015   9.3258734068513149E-015

  Scratch initialization for the nucleus: GD  92  64


  Initial potentials of Saxon-Woods shape 
  v0ws   =  -71.27999878
  kappa  =    0.46160001
  vs0    =   11.11750031   11.11750031
  r0     =    1.23339999    1.23339999
  a      =    0.61500001    0.61500001
  r0-so  =    1.14429998    1.14429998
  a-so   =    0.64760000    0.64760000
  beta00 =    0.01000000

  ### REGULAR STAGE (reflection symmetry imposed)
  |HFB+HO> iterations(b0=  2.130, Nsh= 10, inin=  1, N= 92, Z= 64)...
  ----------------------------------------------------------------------------------------------------------------------------------
  i          si     mix   beta      Etot       A       rn      rp         En      Dn      Ep      Dp        Ln      Lp     time
  ----------------------------------------------------------------------------------------------------------------------------------
   1L  69.94764065 0.30  0.010     0.000000    0.0   0.000   0.000 |   -2.000   1.000  -2.000   1.000 |   -7.000  -7.000   0.000
   2B  37.86743756 0.10  0.020 -1014.157759  156.0   4.803   4.551 |    0.001  -0.000   0.000  -0.000 |  -14.218 -26.849  26.015
   3B  30.19053741 0.11  0.007  -823.066811  156.0   4.939   4.956 |    0.000  -0.000   0.000  -0.000 |   -5.532 -12.689   2.510
   4B  50.21133377 0.10  0.009   167.161747  156.0   5.074   4.587 |    0.000  -0.000   0.000  -0.000 |   -6.074  -6.167   2.109
   5B  19.12431318 0.11 -0.010 -1062.013909  156.0   5.088   4.897 |    0.000  -0.000   0.000  -0.000 |   -4.768  -6.833   1.960
   6B   6.78134911 0.13 -0.011 -1236.114981  156.0   5.103   4.937 |    0.000  -0.000   0.000  -0.000 |   -4.290  -6.314   1.449
   7B   5.24791740 0.14 -0.008 -1251.073967  156.0   5.108   4.949 |    0.000  -0.000   0.000  -0.000 |   -4.464  -6.348   2.006
   8B   4.96262993 0.16 -0.014 -1252.086354  156.0   5.118   4.958 |    0.000  -0.000   0.000  -0.000 |   -4.759  -6.479   1.525
   9B   3.94517714 0.18 -0.015 -1256.672867  156.0   5.127   4.964 |    0.000  -0.000   0.000  -0.000 |   -5.130  -6.827   1.928
  10B   8.24640612 0.10 -0.023 -1248.056800  156.0   5.131   4.970 |    0.000  -0.000   0.000  -0.000 |   -5.412  -7.658   1.646
  11B   1.68753498 0.11 -0.017 -1261.422074  156.0   5.128   4.977 |    0.000  -0.000   0.000  -0.000 |   -5.176  -6.947   1.407
  12B   1.93792215 0.10 -0.015 -1261.078383  156.0   5.131   4.990 |    0.000  -0.000   0.000  -0.000 |   -5.346  -7.091   2.239
  13B   1.22876908 0.11 -0.015 -1261.943409  156.0   5.133   4.993 |    0.000  -0.000   0.000  -0.000 |   -5.400  -7.094   1.966
  14B   0.54943120 0.13 -0.012 -1262.095124  156.0   5.136   4.990 |    0.000  -0.000   0.000  -0.000 |   -5.435  -7.137   2.086
  15B   0.47060681 0.14 -0.011 -1262.157468  156.0   5.137   4.990 |    0.000  -0.000   0.000  -0.000 |   -5.429  -7.131   2.100
  16B   0.50760292 0.10 -0.006 -1262.068368  156.0   5.137   4.991 |    0.000  -0.000   0.000  -0.000 |   -5.453  -7.174   1.987
  17B   0.53792391 0.10 -0.005 -1262.047351  156.0   5.137   4.991 |    0.000  -0.000   0.000  -0.000 |   -5.452  -7.173   1.722
  18B   0.48945933 0.11 -0.003 -1262.038952  156.0   5.137   4.992 |    0.000  -0.000   0.000  -0.000 |   -5.463  -7.184   1.839
  19B   1.14596627 0.10  0.007 -1261.751242  156.0   5.138   4.994 |    0.000   0.000   0.000  -0.000 |   -5.537  -7.364   2.239
  20B   0.72277582 0.11  0.011 -1262.019339  156.0   5.140   4.992 |    0.000  -0.000   0.000  -0.000 |   -5.532  -7.263   2.062
  21B   0.72877401 0.10  0.015 -1262.046586  156.0   5.139   4.994 |    0.000  -0.000   0.000  -0.000 |   -5.532  -7.264   2.495
  22B   0.57363628 0.11  0.016 -1262.149539  156.0   5.138   4.996 |    0.000  -0.000   0.000  -0.000 |   -5.536  -7.261   1.828
  23B   0.36203734 0.13  0.016 -1262.225017  156.0   5.140   4.993 |    0.000  -0.000   0.000  -0.000 |   -5.550  -7.246   2.181
  24B   0.85509483 0.10  0.014 -1261.950156  156.0   5.141   4.992 |    0.000  -0.000   0.000  -0.000 |   -5.533  -7.254   1.523
  25B   0.29850356 0.11  0.014 -1262.233767  156.0   5.140   4.993 |    0.000  -0.000   0.000  -0.000 |   -5.539  -7.247   2.717
  26B   0.26122243 0.13  0.013 -1262.214531  156.0   5.140   4.994 |    0.000  -0.000   0.000  -0.000 |   -5.539  -7.261   1.940
  27B   0.29198789 0.10  0.014 -1262.255507  156.0   5.140   4.994 |    0.000  -0.000   0.000  -0.000 |   -5.544  -7.244   2.226
  28B   0.27830316 0.11  0.014 -1262.247263  156.0   5.140   4.994 |    0.000  -0.000   0.000  -0.000 |   -5.543  -7.255   3.395
  29B   0.28058661 0.10  0.014 -1262.254340  156.0   5.140   4.994 |    0.000  -0.000   0.000  -0.000 |   -5.544  -7.249   1.599
  30B   0.30609532 0.10  0.015 -1262.278888  156.0   5.140   4.994 |    0.000  -0.000   0.000  -0.000 |   -5.546  -7.248   2.275
  31B   0.28626401 0.11  0.014 -1262.244955  156.0   5.140   4.995 |    0.000  -0.000   0.000  -0.000 |   -5.546  -7.257   1.518
  32B   0.27420539 0.13  0.013 -1262.238145  156.0   5.140   4.994 |    0.000  -0.000   0.000  -0.000 |   -5.546  -7.250   1.604
  33B   0.29913181 0.10  0.011 -1262.190199  156.0   5.140   4.994 |    0.000  -0.000   0.000  -0.000 |   -5.542  -7.262   1.511
  34B   0.24843708 0.11  0.011 -1262.198884  156.0   5.140   4.994 |    0.000  -0.000   0.000  -0.000 |   -5.545  -7.258   1.327
  35B   0.26048282 0.10  0.012 -1262.222310  156.0   5.140   4.994 |    0.000  -0.000   0.000  -0.000 |   -5.550  -7.262   1.362
  36B   0.39850548 0.10  0.013 -1262.229849  156.0   5.140   4.994 |    0.000  -0.000   0.000  -0.000 |   -5.553  -7.265   1.736
  37B   0.26934735 0.11  0.013 -1262.229748  156.0   5.140   4.994 |    0.000  -0.000   0.000  -0.000 |   -5.552  -7.266   2.528
  38B   0.32860868 0.10  0.012 -1262.180734  156.0   5.140   4.994 |    0.000  -0.000   0.000  -0.000 |   -5.548  -7.256   2.098
  39B   0.60468079 0.10  0.012 -1262.146613  156.0   5.141   4.994 |    0.000  -0.000   0.000  -0.000 |   -5.551  -7.236   2.890
  40B   0.54085629 0.11  0.011 -1262.119533  156.0   5.140   4.994 |    0.000  -0.000   0.000  -0.000 |   -5.547  -7.263   2.703
  41B   0.46045561 0.13  0.009 -1262.075792  156.0   5.140   4.994 |    0.000  -0.000   0.000  -0.000 |   -5.542  -7.253   1.641
  42B   0.53219768 0.10  0.006 -1262.020287  156.0   5.140   4.994 |    0.000  -0.000   0.000  -0.000 |   -5.539  -7.283   2.011
  43B   0.47181810 0.11  0.005 -1262.037099  156.0   5.140   4.994 |    0.000  -0.000   0.000  -0.000 |   -5.539  -7.281   2.132
  44B   0.40470724 0.13  0.004 -1262.088464  156.0   5.140   4.994 |    0.000  -0.000   0.000  -0.000 |   -5.541  -7.293   2.429
  45B   0.37141849 0.14  0.003 -1262.075709  156.0   5.140   4.994 |    0.000  -0.000   0.000  -0.000 |   -5.541  -7.289   1.666
  46B   0.69958555 0.10  0.001 -1261.996509  156.0   5.140   4.994 |    0.000  -0.000   0.000  -0.000 |   -5.541  -7.302   2.720
  47B   0.37832982 0.11 -0.001 -1262.069943  156.0   5.140   4.994 |    0.000  -0.000   0.000  -0.000 |   -5.543  -7.296   2.275
  48B   0.79181486 0.10 -0.007 -1261.935028  156.0   5.141   4.994 |    0.000  -0.000   0.000  -0.000 |   -5.553  -7.266   2.766
  49B   0.68737040 0.11 -0.011 -1261.975050  156.0   5.141   4.995 |    0.000  -0.000   0.000  -0.000 |   -5.557  -7.269   3.155
  50B   0.72996714 0.10 -0.009 -1261.968977  156.0   5.141   4.994 |    0.000  -0.000   0.000  -0.000 |   -5.547  -7.261   2.145
  51B   0.36856519 0.11 -0.010 -1262.101306  156.0   5.140   4.994 |    0.000  -0.000   0.000  -0.000 |   -5.554  -7.300   2.146
  52B   0.38143754 0.10 -0.015 -1262.190670  156.0   5.140   4.995 |    0.000  -0.000   0.000  -0.000 |   -5.562  -7.281   1.712
  53B   0.43416810 0.10 -0.019 -1262.331820  156.0   5.140   4.995 |    0.000   0.000   0.000   0.000 |   -5.569  -7.277   2.181
  54B   0.39396809 0.11 -0.017 -1262.311921  156.0   5.141   4.994 |    0.000  -0.000   0.000  -0.000 |   -5.561  -7.262   3.031
  55B   0.31041764 0.13 -0.009 -1262.160045  156.0   5.140   4.994 |    0.000  -0.000   0.000  -0.000 |   -5.547  -7.277   3.571
  56B   0.34411602 0.10 -0.015 -1262.289926  156.0   5.140   4.995 |    0.000  -0.000   0.000  -0.000 |   -5.560  -7.269   2.556
  57B   0.28003348 0.11 -0.010 -1262.163584  156.0   5.140   4.995 |    0.000  -0.000   0.000  -0.000 |   -5.552  -7.279   3.082
  58B   0.37318851 0.10 -0.007 -1262.138215  156.0   5.140   4.994 |    0.000  -0.000   0.000  -0.000 |   -5.550  -7.277   1.877
  59B   0.15994744 0.11  0.001 -1262.148561  156.0   5.140   4.994 |    0.000  -0.000   0.000  -0.000 |   -5.549  -7.292   1.844
  60B   0.37795249 0.10 -0.004 -1262.114336  156.0   5.140   4.995 |    0.000  -0.000   0.000  -0.000 |   -5.550  -7.271   1.302
  61B   0.12735786 0.11 -0.003 -1262.162737  156.0   5.140   4.995 |    0.000  -0.000   0.000  -0.000 |   -5.549  -7.287   1.232
  62B   0.12742324 0.10  0.002 -1262.165575  156.0   5.140   4.995 |    0.000  -0.000   0.000  -0.000 |   -5.551  -7.284   1.238
  63B   0.11812981 0.11  0.002 -1262.168021  156.0   5.140   4.994 |    0.000  -0.000   0.000  -0.000 |   -5.551  -7.286   1.193
  64B   0.10423690 0.13  0.004 -1262.174477  156.0   5.140   4.994 |    0.000  -0.000   0.000  -0.000 |   -5.552  -7.286   1.747
  65B   0.08608344 0.14  0.004 -1262.178903  156.0   5.140   4.994 |    0.000  -0.000   0.000  -0.000 |   -5.552  -7.285   1.721
  66B   0.08839371 0.10  0.004 -1262.183045  156.0   5.140   4.994 |    0.000  -0.000   0.000  -0.000 |   -5.552  -7.281   2.242
  67B   0.06572063 0.11  0.003 -1262.176351  156.0   5.140   4.995 |    0.000  -0.000   0.000  -0.000 |   -5.551  -7.283   1.726
  68B   0.06583001 0.10  0.003 -1262.182727  156.0   5.140   4.994 |    0.000  -0.000   0.000  -0.000 |   -5.552  -7.283   2.253
  69B   0.06805476 0.10  0.002 -1262.180469  156.0   5.140   4.994 |    0.000  -0.000   0.000  -0.000 |   -5.552  -7.282   2.264
  70B   0.15654774 0.10  0.002 -1262.171792  156.0   5.140   4.995 |    0.000  -0.000   0.000  -0.000 |   -5.553  -7.287   2.409
  71B   0.05355214 0.11  0.002 -1262.183083  156.0   5.140   4.995 |    0.000  -0.000   0.000  -0.000 |   -5.553  -7.282   1.355
  72B   0.05112829 0.13  0.002 -1262.184210  156.0   5.140   4.995 |    0.000  -0.000   0.000  -0.000 |   -5.553  -7.283   1.540
  73B   0.05303116 0.10  0.003 -1262.185129  156.0   5.140   4.995 |    0.000  -0.000   0.000  -0.000 |   -5.553  -7.282   2.087
  74B   0.07998612 0.10  0.002 -1262.183460  156.0   5.140   4.995 |    0.000  -0.000   0.000  -0.000 |   -5.553  -7.282   2.609
  75B   0.05653309 0.11  0.002 -1262.184022  156.0   5.140   4.995 |    0.000  -0.000   0.000  -0.000 |   -5.553  -7.283   1.317
  76B   0.10554701 0.10  0.002 -1262.181965  156.0   5.140   4.995 |    0.000  -0.000   0.000  -0.000 |   -5.554  -7.282   2.301
  77B   0.06448001 0.11  0.002 -1262.187028  156.0   5.140   4.995 |    0.000  -0.000   0.000  -0.000 |   -5.554  -7.282   1.770
  78B   0.10089830 0.10  0.002 -1262.179429  156.0   5.140   4.994 |    0.000  -0.000   0.000  -0.000 |   -5.553  -7.282   1.828
  79B   0.08249401 0.11  0.002 -1262.184072  156.0   5.140   4.995 |    0.000  -0.000   0.000  -0.000 |   -5.554  -7.283   1.614
  80B   0.06138163 0.13  0.002 -1262.184951  156.0   5.140   4.995 |    0.000  -0.000   0.000  -0.000 |   -5.553  -7.283   1.907
  81B   0.06161502 0.10  0.003 -1262.184402  156.0   5.140   4.995 |    0.000  -0.000   0.000  -0.000 |   -5.553  -7.284   2.161
  82B   0.12739468 0.10  0.003 -1262.178543  156.0   5.140   4.994 |    0.000  -0.000   0.000  -0.000 |   -5.553  -7.282   2.059
  83B   0.16064012 0.10  0.001 -1262.176809  156.0   5.140   4.994 |    0.000  -0.000   0.000  -0.000 |   -5.553  -7.282   1.675
  84B   0.11930110 0.11  0.000 -1262.185953  156.0   5.140   4.995 |    0.000  -0.000   0.000  -0.000 |   -5.555  -7.281   1.693
  85B   0.07250185 0.13 -0.001 -1262.197686  156.0   5.140   4.995 |    0.000  -0.000   0.000  -0.000 |   -5.556  -7.279   1.837
  86B   0.08763069 0.10 -0.001 -1262.193826  156.0   5.140   4.995 |    0.000  -0.000   0.000  -0.000 |   -5.555  -7.277   1.599
  87B   0.07889819 0.11 -0.001 -1262.198157  156.0   5.140   4.995 |    0.000  -0.000   0.000  -0.000 |   -5.556  -7.279   2.123
  88B   0.08211340 0.10 -0.000 -1262.193511  156.0   5.140   4.995 |    0.000  -0.000   0.000  -0.000 |   -5.555  -7.279   1.750
  89B   0.09453674 0.10 -0.001 -1262.198871  156.0   5.140   4.995 |    0.000  -0.000   0.000  -0.000 |   -5.557  -7.279   1.580
  90B   0.08331921 0.11 -0.001 -1262.198051  156.0   5.140   4.995 |    0.000  -0.000   0.000  -0.000 |   -5.556  -7.279   1.803
  91B   0.10649633 0.10 -0.001 -1262.199993  156.0   5.140   4.995 |    0.000  -0.000   0.000  -0.000 |   -5.556  -7.277   1.723
  92B   0.19974990 0.10 -0.002 -1262.192889  156.0   5.140   4.995 |    0.000  -0.000   0.000  -0.000 |   -5.557  -7.277   2.225
  93B   0.16174432 0.11 -0.002 -1262.193801  156.0   5.140   4.995 |    0.000  -0.000   0.000  -0.000 |   -5.558  -7.279   2.655
  94B   0.09377209 0.13 -0.004 -1262.219660  156.0   5.141   4.995 |    0.000  -0.000   0.000  -0.000 |   -5.558  -7.273   1.423
  95B   0.06988039 0.14 -0.003 -1262.219637  156.0   5.141   4.995 |    0.000  -0.000   0.000  -0.000 |   -5.559  -7.274   2.110
  96B   0.07064203 0.10 -0.003 -1262.222462  156.0   5.141   4.995 |    0.000  -0.000   0.000  -0.000 |   -5.559  -7.272   1.774
  97B   0.09502289 0.10 -0.002 -1262.224169  156.0   5.141   4.995 |    0.000  -0.000   0.000  -0.000 |   -5.561  -7.270   2.058
  98B   0.07470160 0.11 -0.002 -1262.225906  156.0   5.141   4.995 |    0.000  -0.000   0.000  -0.000 |   -5.561  -7.271   2.026
  99B   0.07620779 0.10 -0.003 -1262.228606  156.0   5.141   4.995 |    0.000  -0.000   0.000  -0.000 |   -5.561  -7.270   1.734
 100B   0.08739923 0.10 -0.002 -1262.230527  156.0   5.141   4.995 |    0.000  -0.000   0.000  -0.000 |   -5.562  -7.270   1.446
 101B   0.13276339 0.10 -0.002 -1262.221506  156.0   5.141   4.995 |    0.000  -0.000   0.000  -0.000 |   -5.561  -7.273   1.738
 102B   0.08989529 0.11 -0.002 -1262.226908  156.0   5.141   4.995 |    0.000  -0.000   0.000  -0.000 |   -5.561  -7.272   1.980
 103B   0.12406885 0.10 -0.002 -1262.225825  156.0   5.141   4.995 |    0.000  -0.000   0.000  -0.000 |   -5.561  -7.270   1.438
 104B   0.11077349 0.11 -0.002 -1262.226860  156.0   5.141   4.995 |    0.000  -0.000   0.000  -0.000 |   -5.562  -7.272   1.707
 105B   0.11205702 0.10 -0.002 -1262.227982  156.0   5.141   4.995 |    0.000  -0.000   0.000  -0.000 |   -5.561  -7.270   2.359
 106B   0.11465256 0.10 -0.001 -1262.229616  156.0   5.141   4.995 |    0.000  -0.000   0.000  -0.000 |   -5.562  -7.267   1.956
 107B   0.15927441 0.10 -0.001 -1262.230209  156.0   5.141   4.995 |    0.000  -0.000   0.000  -0.000 |   -5.564  -7.266   1.800
 108B   0.12515085 0.11 -0.001 -1262.239085  156.0   5.141   4.995 |    0.000  -0.000   0.000  -0.000 |   -5.564  -7.266   1.565
 109B   0.13482583 0.10 -0.001 -1262.240519  156.0   5.141   4.995 |    0.000  -0.000   0.000  -0.000 |   -5.565  -7.265   2.211
 110B   0.19296818 0.10 -0.003 -1262.214881  156.0   5.141   4.995 |    0.000  -0.000   0.000  -0.000 |   -5.560  -7.272   1.556
 111B   0.11027742 0.11 -0.003 -1262.224163  156.0   5.141   4.995 |    0.000  -0.000   0.000  -0.000 |   -5.562  -7.271   1.811
 112B   0.14309722 0.10 -0.002 -1262.229688  156.0   5.141   4.995 |    0.000  -0.000   0.000  -0.000 |   -5.562  -7.270   1.457
 113B   0.14623933 0.10 -0.001 -1262.244810  156.0   5.141   4.995 |    0.000  -0.000   0.000  -0.000 |   -5.568  -7.268   2.013
 114B   0.14596141 0.11 -0.000 -1262.249712  156.0   5.141   4.995 |    0.000  -0.000   0.000  -0.000 |   -5.568  -7.264   2.113
 115B   0.14479291 0.13  0.000 -1262.257271  156.0   5.141   4.995 |    0.000  -0.000   0.000  -0.000 |   -5.570  -7.260   2.396
 116B   0.14059302 0.14  0.001 -1262.266284  156.0   5.141   4.995 |    0.000  -0.000   0.000  -0.000 |   -5.573  -7.258   3.251
 117B   0.11516195 0.16  0.001 -1262.271114  156.0   5.141   4.995 |    0.000  -0.000   0.000  -0.000 |   -5.574  -7.257   1.444
 118B   0.10476719 0.18  0.001 -1262.275338  156.0   5.141   4.995 |    0.000  -0.000   0.000  -0.000 |   -5.576  -7.253   2.004
 119B   0.29038827 0.10 -0.002 -1262.228319  156.0   5.141   4.995 |    0.000  -0.000   0.000  -0.000 |   -5.567  -7.267   1.342
 120B   0.11321833 0.11 -0.001 -1262.268432  156.0   5.141   4.995 |    0.000  -0.000   0.000  -0.000 |   -5.573  -7.258   1.743
 121B   0.07502274 0.13  0.001 -1262.300980  156.0   5.141   4.995 |    0.000  -0.000   0.000  -0.000 |   -5.584  -7.246   1.969
 122B   0.06840848 0.14  0.000 -1262.306303  156.0   5.141   4.995 |    0.000  -0.000   0.000  -0.000 |   -5.585  -7.242   2.462
 123B   0.08066368 0.10 -0.000 -1262.312610  156.0   5.141   4.995 |    0.000  -0.000   0.000  -0.000 |   -5.589  -7.242   1.431
 124B   0.10322482 0.10  0.000 -1262.307329  156.0   5.141   4.995 |    0.000  -0.000   0.000  -0.000 |   -5.586  -7.240   1.486
 125B   0.10081790 0.11 -0.001 -1262.318461  156.0   5.141   4.995 |    0.000  -0.000   0.000  -0.000 |   -5.590  -7.239   1.442
 126B   0.09750136 0.13 -0.000 -1262.310243  156.0   5.141   4.995 |    0.000  -0.000   0.000  -0.000 |   -5.587  -7.241   1.967
 127B   0.11723881 0.10 -0.000 -1262.315736  156.0   5.141   4.995 |    0.000  -0.000   0.000  -0.000 |   -5.589  -7.239   1.730
 128B   0.26917568 0.10 -0.001 -1262.312895  156.0   5.141   4.995 |    0.000  -0.000   0.000  -0.000 |   -5.595  -7.237   1.494
 129B   0.10565616 0.11 -0.000 -1262.330258  156.0   5.141   4.995 |    0.000  -0.000   0.000  -0.000 |   -5.594  -7.232   2.534
 130B   0.10191201 0.13  0.000 -1262.326846  156.0   5.141   4.995 |    0.000  -0.000   0.000  -0.000 |   -5.593  -7.233   1.982
 131B   0.09890152 0.14 -0.000 -1262.333333  156.0   5.141   4.995 |    0.000  -0.000   0.000  -0.000 |   -5.596  -7.231   3.500
 132B   0.09817320 0.16  0.000 -1262.345426  156.0   5.141   4.995 |    0.000   0.000   0.000   0.000 |   -5.603  -7.228   1.939
 133B   0.09270511 0.18  0.000 -1262.344558  156.0   5.141   4.995 |    0.000  -0.000   0.000  -0.000 |   -5.601  -7.226   2.495
 134B   0.08681973 0.21  0.001 -1262.350473  156.0   5.141   4.995 |    0.000   0.000   0.000   0.000 |   -5.604  -7.221   2.325
 135B   0.08143657 0.24  0.001 -1262.375949  156.0   5.142   4.996 |    0.000   0.000   0.000   0.000 |   -5.620  -7.208   1.794
 136B   0.09194912 0.10  0.000 -1262.369752  156.0   5.142   4.996 |    0.000   0.000   0.000   0.000 |   -5.619  -7.205   1.650
 137B   0.15993106 0.10  0.001 -1262.385588  156.0   5.142   4.996 |    0.000   0.000   0.000   0.000 |   -5.629  -7.199   1.914
 138B   0.06356398 0.11  0.000 -1262.385248  156.0   5.142   4.996 |    0.000   0.000   0.000   0.000 |   -5.626  -7.200   1.780
 139B   0.06436644 0.10  0.001 -1262.400538  156.0   5.142   4.996 |    0.000   0.000   0.000   0.000 |   -5.636  -7.188   1.847
 140B   0.13970641 0.10  0.000 -1262.379037  156.0   5.142   4.996 |    0.000   0.000   0.000   0.000 |   -5.625  -7.200   1.802
 141B   0.07590049 0.11 -0.000 -1262.392408  156.0   5.142   4.996 |    0.000   0.000   0.000   0.000 |   -5.630  -7.198   1.961
 142B   0.06259971 0.13 -0.000 -1262.393919  156.0   5.142   4.996 |    0.000   0.000   0.000   0.000 |   -5.631  -7.195   1.552
 143B   0.08053331 0.10 -0.001 -1262.404089  156.0   5.142   4.996 |    0.000   0.000   0.000   0.000 |   -5.637  -7.185   1.775
 144B   0.06181203 0.11 -0.002 -1262.412278  156.0   5.142   4.996 |    0.000   0.000   0.000   0.000 |   -5.642  -7.182   2.274
 145B   0.08645498 0.10 -0.000 -1262.397359  156.0   5.142   4.996 |    0.000   0.000   0.000   0.000 |   -5.635  -7.194   1.425
 146B   0.07600333 0.11 -0.001 -1262.404960  156.0   5.142   4.996 |    0.000   0.000   0.000   0.000 |   -5.638  -7.188   1.917
 147B   0.06149634 0.13 -0.000 -1262.399103  156.0   5.142   4.996 |    0.000   0.000   0.000   0.000 |   -5.634  -7.192   2.085
 148B   0.11411757 0.10 -0.001 -1262.399265  156.0   5.142   4.996 |    0.000   0.000   0.000   0.000 |   -5.635  -7.188   2.207
 149B   0.12230722 0.10 -0.002 -1262.403505  156.0   5.142   4.996 |    0.000   0.000   0.000  -0.000 |   -5.639  -7.185   2.081
 150B   0.06216357 0.11 -0.002 -1262.406861  156.0   5.142   4.996 |    0.000   0.000   0.000  -0.000 |   -5.637  -7.186   1.839
 151B   0.05204810 0.13 -0.002 -1262.408181  156.0   5.142   4.996 |    0.000   0.000   0.000   0.000 |   -5.638  -7.187   2.308
 152B   0.04421834 0.14 -0.002 -1262.407895  156.0   5.142   4.996 |    0.000   0.000   0.000  -0.000 |   -5.637  -7.188   1.388
 153B   0.07775303 0.10 -0.001 -1262.407521  156.0   5.142   4.996 |    0.000   0.000   0.000  -0.000 |   -5.639  -7.183   1.500
 154B   0.06454733 0.11 -0.002 -1262.412921  156.0   5.142   4.996 |    0.000   0.000   0.000   0.000 |   -5.640  -7.185   1.377
 155B   0.06422531 0.13 -0.002 -1262.413713  156.0   5.142   4.996 |    0.000   0.000   0.000  -0.000 |   -5.641  -7.183   1.571
 156B   0.06572573 0.10 -0.002 -1262.414838  156.0   5.142   4.996 |    0.000   0.000   0.000  -0.000 |   -5.642  -7.181   1.572
 157B   0.12487143 0.10 -0.001 -1262.415371  156.0   5.142   4.996 |    0.000  -0.000   0.000  -0.000 |   -5.648  -7.174   1.358
 158B   0.09591820 0.11 -0.002 -1262.411933  156.0   5.142   4.996 |    0.000   0.000   0.000   0.000 |   -5.643  -7.181   1.808
 159B   0.07593071 0.13 -0.001 -1262.416493  156.0   5.142   4.996 |    0.000   0.000   0.000   0.000 |   -5.645  -7.179   1.835
 160B   0.06940674 0.14 -0.001 -1262.417575  156.0   5.142   4.996 |    0.000   0.000   0.000  -0.000 |   -5.646  -7.179   1.511
 161B   0.07329708 0.10 -0.001 -1262.417474  156.0   5.142   4.996 |    0.000  -0.000   0.000   0.000 |   -5.645  -7.178   2.391
 162B   0.07428457 0.10 -0.001 -1262.417619  156.0   5.142   4.996 |    0.000   0.000   0.000   0.000 |   -5.645  -7.179   2.362
 163B   0.07724102 0.10 -0.001 -1262.418533  156.0   5.142   4.996 |    0.000  -0.000   0.000   0.000 |   -5.647  -7.177   1.910
 164B   0.07264777 0.11 -0.001 -1262.419808  156.0   5.142   4.996 |    0.000   0.000   0.000   0.000 |   -5.648  -7.175   1.571
 165B   0.08536107 0.10 -0.000 -1262.419229  156.0   5.142   4.996 |    0.000  -0.000   0.000   0.000 |   -5.649  -7.174   1.722
 166B   0.09292896 0.10  0.000 -1262.418948  156.0   5.142   4.996 |    0.000   0.000   0.000   0.000 |   -5.651  -7.171   1.880
 167B   0.09586469 0.10 -0.000 -1262.415727  156.0   5.142   4.996 |    0.000   0.000   0.000   0.000 |   -5.650  -7.172   2.102
 168B   0.08975127 0.11  0.000 -1262.419471  156.0   5.142   4.996 |    0.000  -0.000   0.000   0.000 |   -5.651  -7.173   2.399
 169B   0.09281428 0.10  0.000 -1262.418559  156.0   5.142   4.996 |    0.000   0.000   0.000   0.000 |   -5.650  -7.173   1.759
 170B   0.09348158 0.10  0.000 -1262.418748  156.0   5.142   4.996 |    0.000   0.000   0.000   0.000 |   -5.651  -7.174   1.446
 171B   0.09247624 0.11  0.000 -1262.419447  156.0   5.142   4.997 |    0.000   0.000   0.000   0.000 |   -5.652  -7.171   1.650
 172B   0.09286916 0.10  0.000 -1262.420228  156.0   5.143   4.997 |    0.000   0.000   0.000  -0.000 |   -5.653  -7.170   2.012
 173B   0.10027156 0.10  0.000 -1262.420369  156.0   5.143   4.997 |    0.000   0.000   0.000  -0.000 |   -5.656  -7.166   1.624
 174B   0.07158642 0.11  0.001 -1262.420444  156.0   5.143   4.997 |    0.000   0.000   0.000   0.000 |   -5.655  -7.167   1.894
 175B   0.10010128 0.10  0.002 -1262.422211  156.0   5.143   4.997 |    0.000   0.000   0.000   0.000 |   -5.658  -7.165   1.804
 176B   0.10815998 0.10  0.003 -1262.425574  156.0   5.143   4.997 |    0.000   0.000   0.000   0.000 |   -5.665  -7.155   1.624
 177B   0.13320435 0.10  0.002 -1262.415926  156.0   5.143   4.997 |    0.000  -0.000   0.000   0.000 |   -5.661  -7.165   1.972
 178B   0.06028899 0.11  0.003 -1262.430167  156.0   5.143   4.997 |    0.000  -0.000   0.000  -0.000 |   -5.665  -7.158   2.751
 179B   0.04461056 0.13  0.003 -1262.431200  156.0   5.143   4.997 |    0.000  -0.000   0.000  -0.000 |   -5.666  -7.155   2.556
 180B   0.06059745 0.10  0.002 -1262.427389  156.0   5.143   4.997 |    0.000  -0.000   0.000  -0.000 |   -5.664  -7.159   1.971
 181B   0.03433300 0.11  0.002 -1262.429847  156.0   5.143   4.997 |    0.000   0.000   0.000   0.000 |   -5.664  -7.158   1.982
 182B   0.03868397 0.10  0.002 -1262.430863  156.0   5.143   4.997 |    0.000  -0.000   0.000  -0.000 |   -5.666  -7.154   1.660
 183B   0.03769072 0.11  0.002 -1262.430471  156.0   5.143   4.997 |    0.000  -0.000   0.000  -0.000 |   -5.666  -7.154   1.449
 184B   0.03745682 0.13  0.002 -1262.430939  156.0   5.143   4.997 |    0.000  -0.000   0.000  -0.000 |   -5.666  -7.154   2.225
 185B   0.03717801 0.14  0.002 -1262.431006  156.0   5.143   4.997 |    0.000  -0.000   0.000  -0.000 |   -5.666  -7.155   1.464
 186B   0.05662965 0.10  0.002 -1262.430240  156.0   5.143   4.997 |    0.000   0.000   0.000  -0.000 |   -5.666  -7.156   2.339
 187B   0.04121753 0.11  0.002 -1262.430078  156.0   5.143   4.997 |    0.000  -0.000   0.000  -0.000 |   -5.666  -7.154   1.788
 188B   0.05257345 0.10  0.002 -1262.429672  156.0   5.143   4.997 |    0.000   0.000   0.000  -0.000 |   -5.666  -7.154   1.638
 189B   0.07286287 0.10  0.002 -1262.428197  156.0   5.143   4.997 |    0.000   0.000   0.000   0.000 |   -5.666  -7.155   1.647
 190B   0.05142214 0.11  0.002 -1262.429601  156.0   5.143   4.997 |    0.000  -0.000   0.000   0.000 |   -5.666  -7.156   2.712
 191B   0.06178932 0.10  0.002 -1262.430292  156.0   5.143   4.997 |    0.000   0.000   0.000   0.000 |   -5.667  -7.154   2.657
 192B   0.04955461 0.11  0.002 -1262.430341  156.0   5.143   4.997 |    0.000  -0.000   0.000   0.000 |   -5.667  -7.155   1.944
 193B   0.05527773 0.10  0.002 -1262.430138  156.0   5.143   4.997 |    0.000   0.000   0.000  -0.000 |   -5.668  -7.154   1.735
 194B   0.05835465 0.10  0.002 -1262.430453  156.0   5.143   4.997 |    0.000  -0.000   0.000  -0.000 |   -5.668  -7.153   1.874
 195B   0.07258095 0.10  0.002 -1262.431544  156.0   5.143   4.997 |    0.000  -0.000   0.000  -0.000 |   -5.668  -7.153   2.465
 196B   0.08816453 0.10  0.001 -1262.425681  156.0   5.143   4.997 |    0.000  -0.000   0.000  -0.000 |   -5.668  -7.149   1.433
 197B   0.10445823 0.10  0.001 -1262.429279  156.0   5.143   4.997 |    0.000  -0.000   0.000  -0.000 |   -5.670  -7.148   2.197
 198B   0.10791968 0.10  0.001 -1262.428221  156.0   5.143   4.997 |    0.000  -0.000   0.000   0.000 |   -5.671  -7.150   1.925
 199B   0.06033441 0.11  0.001 -1262.431626  156.0   5.143   4.997 |    0.000  -0.000   0.000  -0.000 |   -5.671  -7.152   2.726
 200B   0.06336642 0.10  0.001 -1262.434383  156.0   5.143   4.997 |    0.000  -0.000   0.000  -0.000 |   -5.673  -7.146   3.005
 201B   0.05684896 0.11  0.001 -1262.434944  156.0   5.143   4.997 |    0.000  -0.000   0.000  -0.000 |   -5.672  -7.148   3.093
 202B   0.03840044 0.13  0.000 -1262.436342  156.0   5.143   4.997 |    0.000   0.000   0.000  -0.000 |   -5.672  -7.147   1.696
 203B   0.03904316 0.10  0.001 -1262.435086  156.0   5.143   4.997 |    0.000   0.000   0.000   0.000 |   -5.671  -7.149   1.789
 204B   0.05520816 0.10 -0.001 -1262.441707  156.0   5.143   4.997 |    0.000  -0.000   0.000   0.000 |   -5.677  -7.144   2.267
 205B   0.03725553 0.11 -0.002 -1262.445336  156.0   5.143   4.997 |    0.000  -0.000   0.000  -0.000 |   -5.679  -7.140   1.918
 206B   0.08838909 0.10 -0.002 -1262.442450  156.0   5.143   4.997 |    0.000  -0.000   0.000   0.000 |   -5.679  -7.138   1.256
 207B   0.06171431 0.11 -0.002 -1262.444665  156.0   5.143   4.997 |    0.000   0.000   0.000  -0.000 |   -5.679  -7.139   1.771
 208B   0.06769590 0.10 -0.001 -1262.439431  156.0   5.143   4.997 |    0.000   0.000   0.000  -0.000 |   -5.677  -7.143   1.615
 209B   0.03677352 0.11 -0.001 -1262.443611  156.0   5.143   4.997 |    0.000  -0.000   0.000  -0.000 |   -5.679  -7.138   1.328
 210B   0.03145850 0.13 -0.001 -1262.443688  156.0   5.143   4.997 |    0.000  -0.000   0.000  -0.000 |   -5.679  -7.140   1.718
 211B   0.01774510 0.14 -0.001 -1262.443543  156.0   5.143   4.997 |    0.000  -0.000   0.000  -0.000 |   -5.679  -7.140   1.423
 212B   0.03179706 0.10 -0.001 -1262.443539  156.0   5.143   4.997 |    0.000  -0.000   0.000  -0.000 |   -5.680  -7.138   1.917
 213B   0.03035779 0.11 -0.001 -1262.443182  156.0   5.143   4.997 |    0.000  -0.000   0.000  -0.000 |   -5.680  -7.138   1.704
 214B   0.03013186 0.13 -0.001 -1262.443400  156.0   5.143   4.997 |    0.000  -0.000   0.000  -0.000 |   -5.680  -7.138   1.884
 215B   0.02841985 0.14 -0.001 -1262.443704  156.0   5.143   4.997 |    0.000   0.000   0.000  -0.000 |   -5.680  -7.138   1.777
 216B   0.02679108 0.16 -0.001 -1262.443249  156.0   5.143   4.997 |    0.000   0.000   0.000   0.000 |   -5.680  -7.138   2.112
 217B   0.03168815 0.10 -0.000 -1262.441872  156.0   5.143   4.997 |    0.000  -0.000   0.000   0.000 |   -5.680  -7.139   2.408
 218B   0.02330605 0.11 -0.000 -1262.441843  156.0   5.143   4.997 |    0.000   0.000   0.000   0.000 |   -5.680  -7.137   1.647
 219B   0.02535006 0.10  0.000 -1262.441295  156.0   5.143   4.997 |    0.000   0.000   0.000   0.000 |   -5.681  -7.137   1.397
 220B   0.03718294 0.10  0.000 -1262.440943  156.0   5.143   4.997 |    0.000   0.000   0.000   0.000 |   -5.681  -7.137   2.291
 221B   0.02285466 0.11  0.000 -1262.440894  156.0   5.143   4.997 |    0.000   0.000   0.000   0.000 |   -5.682  -7.138   1.633
 222B   0.00807530 0.13  0.000 -1262.441187  156.0   5.143   4.997 |    0.000   0.000   0.000  -0.000 |   -5.682  -7.136   2.503
 223B   0.00854867 0.10  0.000 -1262.441475  156.0   5.143   4.997 |    0.000  -0.000   0.000   0.000 |   -5.682  -7.136   1.699
 224B   0.00732930 0.11  0.000 -1262.441913  156.0   5.143   4.997 |    0.000  -0.000   0.000   0.000 |   -5.682  -7.135   2.347
 225B   0.01142274 0.10  0.000 -1262.442036  156.0   5.143   4.997 |    0.000  -0.000   0.000   0.000 |   -5.683  -7.135   1.571
 226B   0.00966975 0.11  0.000 -1262.442534  156.0   5.143   4.997 |    0.000   0.000   0.000   0.000 |   -5.683  -7.134   2.160
 227B   0.00687259 0.13 -0.000 -1262.443566  156.0   5.143   4.997 |    0.000   0.000   0.000  -0.000 |   -5.684  -7.133   2.441
 228B   0.00692597 0.10 -0.000 -1262.443676  156.0   5.143   4.997 |    0.000  -0.000   0.000  -0.000 |   -5.684  -7.133   1.849
 229B   0.01340168 0.10 -0.000 -1262.443320  156.0   5.143   4.997 |    0.000  -0.000   0.000   0.000 |   -5.684  -7.133   2.518
 230B   0.00947109 0.11 -0.000 -1262.443468  156.0   5.143   4.997 |    0.000  -0.000   0.000   0.000 |   -5.685  -7.133   2.028
 231B   0.00915237 0.13 -0.000 -1262.443335  156.0   5.143   4.997 |    0.000   0.000   0.000  -0.000 |   -5.685  -7.133   2.311
 232B   0.00915314 0.10 -0.000 -1262.443395  156.0   5.143   4.997 |    0.000  -0.000   0.000   0.000 |   -5.685  -7.133   2.914
 233B   0.00904309 0.11  0.000 -1262.442899  156.0   5.143   4.997 |    0.000  -0.000   0.000   0.000 |   -5.685  -7.132   1.836
 234B   0.00791917 0.13  0.000 -1262.442969  156.0   5.144   4.997 |    0.000   0.000   0.000   0.000 |   -5.685  -7.132   1.691
 235B   0.00577202 0.14  0.000 -1262.442893  156.0   5.144   4.998 |    0.000   0.000   0.000  -0.000 |   -5.686  -7.131   1.396
 236B   0.00442586 0.16  0.000 -1262.442907  156.0   5.144   4.998 |    0.000   0.000   0.000   0.000 |   -5.686  -7.131   1.863
 237B   0.00514705 0.10  0.000 -1262.443106  156.0   5.144   4.998 |    0.000   0.000   0.000   0.000 |   -5.686  -7.131   1.703
 238B   0.00821284 0.10  0.000 -1262.443331  156.0   5.144   4.998 |    0.000   0.000   0.000   0.000 |   -5.686  -7.131   1.999
 239B   0.00489738 0.11  0.000 -1262.443342  156.0   5.144   4.998 |    0.000   0.000   0.000   0.000 |   -5.686  -7.131   1.892
 240B   0.00432589 0.13  0.000 -1262.443446  156.0   5.144   4.998 |    0.000  -0.000   0.000   0.000 |   -5.686  -7.131   1.742
 241B   0.00424870 0.14 -0.000 -1262.443791  156.0   5.144   4.998 |    0.000  -0.000   0.000  -0.000 |   -5.686  -7.130   1.666
 242B   0.00850006 0.10 -0.000 -1262.443785  156.0   5.144   4.998 |    0.000   0.000   0.000  -0.000 |   -5.687  -7.130   1.541
 243B   0.00452249 0.11 -0.000 -1262.444465  156.0   5.144   4.998 |    0.000   0.000   0.000  -0.000 |   -5.688  -7.129   1.554
 244B   0.00477542 0.10 -0.000 -1262.444370  156.0   5.144   4.998 |    0.000  -0.000   0.000  -0.000 |   -5.688  -7.129   1.359
 245B   0.00934632 0.10 -0.000 -1262.444249  156.0   5.144   4.998 |    0.000  -0.000   0.000  -0.000 |   -5.688  -7.129   2.149
 246B   0.00592770 0.11 -0.000 -1262.444688  156.0   5.144   4.998 |    0.000   0.000   0.000  -0.000 |   -5.688  -7.128   2.177
 247B   0.00588463 0.13 -0.000 -1262.444682  156.0   5.144   4.998 |    0.000   0.000   0.000  -0.000 |   -5.688  -7.128   2.137
 248B   0.00591223 0.10 -0.000 -1262.444524  156.0   5.144   4.998 |    0.000  -0.000   0.000   0.000 |   -5.688  -7.128   1.750
 249B   0.00740702 0.10 -0.000 -1262.444205  156.0   5.144   4.998 |    0.000  -0.000   0.000  -0.000 |   -5.688  -7.128   1.841
 250B   0.00433472 0.11  0.000 -1262.443973  156.0   5.144   4.998 |    0.000  -0.000   0.000  -0.000 |   -5.689  -7.128   1.749
 251B   0.00900637 0.10 -0.000 -1262.444131  156.0   5.144   4.998 |    0.000   0.000   0.000  -0.000 |   -5.689  -7.128   2.194
 252B   0.00247214 0.11  0.000 -1262.443963  156.0   5.144   4.998 |    0.000   0.000   0.000  -0.000 |   -5.689  -7.127   1.867
 253B   0.00204117 0.13  0.000 -1262.444032  156.0   5.144   4.998 |    0.000   0.000   0.000  -0.000 |   -5.689  -7.127   2.112
 254B   0.00205325 0.10  0.000 -1262.444228  156.0   5.144   4.998 |    0.000  -0.000   0.000  -0.000 |   -5.689  -7.127   2.504
 255B   0.00169830 0.11  0.000 -1262.444261  156.0   5.144   4.998 |    0.000  -0.000   0.000   0.000 |   -5.689  -7.127   1.757
 256B   0.00307244 0.10 -0.000 -1262.444519  156.0   5.144   4.998 |    0.000   0.000   0.000  -0.000 |   -5.690  -7.127   1.561
 257B   0.00220400 0.11 -0.000 -1262.444471  156.0   5.144   4.998 |    0.000   0.000   0.000   0.000 |   -5.690  -7.127   1.254
 258B   0.00227108 0.10 -0.000 -1262.444636  156.0   5.144   4.998 |    0.000   0.000   0.000   0.000 |   -5.690  -7.127   1.777
 259B   0.00194420 0.11 -0.000 -1262.444610  156.0   5.144   4.998 |    0.000  -0.000   0.000  -0.000 |   -5.690  -7.127   2.359
 260B   0.00230648 0.10 -0.000 -1262.444536  156.0   5.144   4.998 |    0.000   0.000   0.000  -0.000 |   -5.690  -7.126   2.034
 261B   0.00220642 0.11 -0.000 -1262.444546  156.0   5.144   4.998 |    0.000   0.000   0.000   0.000 |   -5.690  -7.126   1.754
 262B   0.00212544 0.13 -0.000 -1262.444535  156.0   5.144   4.998 |    0.000   0.000   0.000   0.000 |   -5.690  -7.126   3.069
 263B   0.00193516 0.14  0.000 -1262.444425  156.0   5.144   4.998 |    0.000  -0.000   0.000   0.000 |   -5.690  -7.126   2.510
 264B   0.00261844 0.10  0.000 -1262.444460  156.0   5.144   4.998 |    0.000   0.000   0.000  -0.000 |   -5.690  -7.126   2.180
 265B   0.00256235 0.11  0.000 -1262.444511  156.0   5.144   4.998 |    0.000   0.000   0.000  -0.000 |   -5.690  -7.126   2.718
 266B   0.00096447 0.13  0.000 -1262.444439  156.0   5.144   4.998 |    0.000   0.000   0.000  -0.000 |   -5.690  -7.126   1.653
 267B   0.00158853 0.10  0.000 -1262.444435  156.0   5.144   4.998 |    0.000  -0.000   0.000  -0.000 |   -5.691  -7.126   1.771
 268B   0.00091655 0.11  0.000 -1262.444445  156.0   5.144   4.998 |    0.000  -0.000   0.000  -0.000 |   -5.691  -7.126   1.838
 269B   0.00107014 0.10  0.000 -1262.444488  156.0   5.144   4.998 |    0.000  -0.000   0.000  -0.000 |   -5.690  -7.126   1.702
 270B   0.00075408 0.11  0.000 -1262.444493  156.0   5.144   4.998 |    0.000   0.000   0.000  -0.000 |   -5.690  -7.126   2.377
 271B   0.00121236 0.10  0.000 -1262.444492  156.0   5.144   4.998 |    0.000   0.000   0.000  -0.000 |   -5.690  -7.126   1.617
 272B   0.00107870 0.11  0.000 -1262.444513  156.0   5.144   4.998 |    0.000  -0.000   0.000   0.000 |   -5.691  -7.126   1.948
 273B   0.00105105 0.13  0.000 -1262.444514  156.0   5.144   4.998 |    0.000  -0.000   0.000   0.000 |   -5.691  -7.126   2.233
 274B   0.00077315 0.14  0.000 -1262.444461  156.0   5.144   4.998 |    0.000  -0.000   0.000   0.000 |   -5.690  -7.126   1.901
 275B   0.00097771 0.10  0.000 -1262.444465  156.0   5.144   4.998 |    0.000  -0.000   0.000   0.000 |   -5.691  -7.126   2.451
 276B   0.00135246 0.10  0.000 -1262.444516  156.0   5.144   4.998 |    0.000  -0.000   0.000  -0.000 |   -5.691  -7.126   3.208
 277B   0.00110583 0.11  0.000 -1262.444499  156.0   5.144   4.998 |    0.000   0.000   0.000  -0.000 |   -5.690  -7.126   1.672
 278B   0.00098465 0.13  0.000 -1262.444477  156.0   5.144   4.998 |    0.000   0.000   0.000   0.000 |   -5.690  -7.126   1.377
 279B   0.00116610 0.10  0.000 -1262.444431  156.0   5.144   4.998 |    0.000  -0.000   0.000  -0.000 |   -5.690  -7.126   1.940
 280B   0.00143542 0.10  0.000 -1262.444504  156.0   5.144   4.998 |    0.000   0.000   0.000   0.000 |   -5.691  -7.126   2.186
 281B   0.00139991 0.11  0.000 -1262.444523  156.0   5.144   4.998 |    0.000  -0.000   0.000   0.000 |   -5.691  -7.126   1.647
 282B   0.00138321 0.13  0.000 -1262.444528  156.0   5.144   4.998 |    0.000   0.000   0.000  -0.000 |   -5.691  -7.126   2.675
 283B   0.00155690 0.10  0.000 -1262.444496  156.0   5.144   4.998 |    0.000   0.000   0.000  -0.000 |   -5.691  -7.126   2.851
 284B   0.00196039 0.10  0.000 -1262.444522  156.0   5.144   4.998 |    0.000  -0.000   0.000  -0.000 |   -5.690  -7.126   2.267
 285B   0.00150564 0.11  0.000 -1262.444522  156.0   5.144   4.998 |    0.000  -0.000   0.000   0.000 |   -5.690  -7.126   2.040
 286B   0.00193016 0.10  0.000 -1262.444541  156.0   5.144   4.998 |    0.000   0.000   0.000  -0.000 |   -5.691  -7.126   2.610
 287B   0.00367746 0.10 -0.000 -1262.444652  156.0   5.144   4.998 |    0.000   0.000   0.000  -0.000 |   -5.691  -7.126   1.517
 288B   0.00165853 0.11 -0.000 -1262.444718  156.0   5.144   4.998 |    0.000   0.000   0.000  -0.000 |   -5.691  -7.126   1.760
 289B   0.00395940 0.10  0.000 -1262.444620  156.0   5.144   4.998 |    0.000   0.000   0.000  -0.000 |   -5.691  -7.126   1.991
 290B   0.00207204 0.11 -0.000 -1262.444637  156.0   5.144   4.998 |    0.000   0.000   0.000  -0.000 |   -5.691  -7.125   2.061
 291B   0.00247323 0.10 -0.000 -1262.444776  156.0   5.144   4.998 |    0.000   0.000   0.000  -0.000 |   -5.691  -7.125   2.053
 292B   0.00143949 0.11 -0.000 -1262.444804  156.0   5.144   4.998 |    0.000   0.000   0.000  -0.000 |   -5.691  -7.125   2.440
 293B   0.00185082 0.10 -0.000 -1262.444810  156.0   5.144   4.998 |    0.000   0.000   0.000  -0.000 |   -5.691  -7.125   2.088
 294B   0.00118768 0.11 -0.000 -1262.444786  156.0   5.144   4.998 |    0.000   0.000   0.000  -0.000 |   -5.691  -7.125   1.759
 295B   0.00121742 0.10 -0.000 -1262.444815  156.0   5.144   4.998 |    0.000  -0.000   0.000  -0.000 |   -5.691  -7.125   2.165
 296B   0.00151790 0.10 -0.000 -1262.444779  156.0   5.144   4.998 |    0.000   0.000   0.000   0.000 |   -5.691  -7.125   2.319
 297B   0.00088110 0.11 -0.000 -1262.444766  156.0   5.144   4.998 |    0.000   0.000   0.000   0.000 |   -5.691  -7.125   2.259
 298B   0.00162608 0.10 -0.000 -1262.444724  156.0   5.144   4.998 |    0.000  -0.000   0.000  -0.000 |   -5.691  -7.125   1.963
 299B   0.00149398 0.11 -0.000 -1262.444727  156.0   5.144   4.998 |    0.000   0.000   0.000   0.000 |   -5.691  -7.125   1.899
 300B   0.00137226 0.13 -0.000 -1262.444752  156.0   5.144   4.998 |    0.000  -0.000   0.000   0.000 |   -5.691  -7.125   1.750
 301B   0.00149221 0.10 -0.000 -1262.444737  156.0   5.144   4.998 |    0.000  -0.000   0.000   0.000 |   -5.691  -7.125   2.036
 302B   0.00131293 0.11 -0.000 -1262.444749  156.0   5.144   4.998 |    0.000   0.000   0.000   0.000 |   -5.691  -7.125   1.328
 303B   0.00126411 0.13 -0.000 -1262.444764  156.0   5.144   4.998 |    0.000  -0.000   0.000  -0.000 |   -5.691  -7.125   2.016
 304B   0.00110677 0.14 -0.000 -1262.444746  156.0   5.144   4.998 |    0.000  -0.000   0.000  -0.000 |   -5.691  -7.125   1.759
 305B   0.00128949 0.10 -0.000 -1262.444749  156.0   5.144   4.998 |    0.000  -0.000   0.000  -0.000 |   -5.691  -7.125   2.003
 306B   0.00154022 0.10 -0.000 -1262.444793  156.0   5.144   4.998 |    0.000  -0.000   0.000  -0.000 |   -5.691  -7.125   2.276
 307B   0.00190287 0.10 -0.000 -1262.444748  156.0   5.144   4.998 |    0.000  -0.000   0.000  -0.000 |   -5.691  -7.125   2.027
 308B   0.00195111 0.10 -0.000 -1262.444741  156.0   5.144   4.998 |    0.000  -0.000   0.000  -0.000 |   -5.691  -7.125   1.495
 309B   0.00164699 0.11 -0.000 -1262.444726  156.0   5.144   4.998 |    0.000   0.000   0.000   0.000 |   -5.691  -7.125   1.460
 310B   0.00189567 0.10 -0.000 -1262.444737  156.0   5.144   4.998 |    0.000  -0.000   0.000  -0.000 |   -5.691  -7.125   1.647
 311B   0.00169277 0.11 -0.000 -1262.444736  156.0   5.144   4.998 |    0.000   0.000   0.000  -0.000 |   -5.691  -7.125   2.246
 312B   0.00187929 0.10 -0.000 -1262.444720  156.0   5.144   4.998 |    0.000   0.000   0.000   0.000 |   -5.691  -7.125   1.931
 313B   0.00179557 0.11 -0.000 -1262.444714  156.0   5.144   4.998 |    0.000   0.000   0.000  -0.000 |   -5.691  -7.125   1.584
 314B   0.00362974 0.10 -0.000 -1262.444721  156.0   5.144   4.998 |    0.000   0.000   0.000   0.000 |   -5.691  -7.125   2.248
 315B   0.00153013 0.11 -0.000 -1262.444717  156.0   5.144   4.998 |    0.000   0.000   0.000   0.000 |   -5.691  -7.125   2.763
 316B   0.00170437 0.10 -0.000 -1262.444702  156.0   5.144   4.998 |    0.000   0.000   0.000   0.000 |   -5.691  -7.125   1.369
 317B   0.00228587 0.10 -0.000 -1262.444680  156.0   5.144   4.998 |    0.000  -0.000   0.000   0.000 |   -5.691  -7.125   1.815
 318B   0.00156699 0.11 -0.000 -1262.444661  156.0   5.144   4.998 |    0.000   0.000   0.000  -0.000 |   -5.691  -7.125   1.834
 319B   0.00162411 0.10 -0.000 -1262.444651  156.0   5.144   4.998 |    0.000   0.000   0.000  -0.000 |   -5.691  -7.125   2.231
 320B   0.00132426 0.11 -0.000 -1262.444662  156.0   5.144   4.998 |    0.000   0.000   0.000  -0.000 |   -5.691  -7.125   2.131
 321B   0.00123700 0.13 -0.000 -1262.444661  156.0   5.144   4.998 |    0.000   0.000   0.000  -0.000 |   -5.691  -7.125   2.418
 322B   0.00146637 0.10  0.000 -1262.444631  156.0   5.144   4.998 |    0.000   0.000   0.000  -0.000 |   -5.691  -7.125   1.243
 323B   0.00129976 0.11  0.000 -1262.444628  156.0   5.144   4.998 |    0.000   0.000   0.000  -0.000 |   -5.691  -7.125   1.887
 324B   0.00141697 0.10  0.000 -1262.444608  156.0   5.144   4.998 |    0.000  -0.000   0.000   0.000 |   -5.691  -7.125   1.530
 325B   0.00120208 0.11  0.000 -1262.444566  156.0   5.144   4.998 |    0.000  -0.000   0.000   0.000 |   -5.691  -7.125   1.593
 326B   0.00084414 0.13  0.000 -1262.444541  156.0   5.144   4.998 |    0.000  -0.000   0.000   0.000 |   -5.691  -7.125   2.155
 327B   0.00273484 0.10  0.000 -1262.444589  156.0   5.144   4.998 |    0.000   0.000   0.000   0.000 |   -5.691  -7.125   1.627
 328B   0.00113133 0.11  0.000 -1262.444578  156.0   5.144   4.998 |    0.000   0.000   0.000  -0.000 |   -5.691  -7.125   2.081
 329B   0.00062671 0.13  0.000 -1262.444590  156.0   5.144   4.998 |    0.000   0.000   0.000  -0.000 |   -5.691  -7.125   2.282
 330B   0.00116350 0.10  0.000 -1262.444570  156.0   5.144   4.998 |    0.000   0.000   0.000   0.000 |   -5.691  -7.125   1.384
 331B   0.00055571 0.11  0.000 -1262.444597  156.0   5.144   4.998 |    0.000   0.000   0.000  -0.000 |   -5.691  -7.125   1.849
 332B   0.00058571 0.10  0.000 -1262.444580  156.0   5.144   4.998 |    0.000  -0.000   0.000   0.000 |   -5.691  -7.125   1.701
 333B   0.00053945 0.11  0.000 -1262.444584  156.0   5.144   4.998 |    0.000   0.000   0.000  -0.000 |   -5.691  -7.125   1.571
 334B   0.00056717 0.10  0.000 -1262.444581  156.0   5.144   4.998 |    0.000   0.000   0.000  -0.000 |   -5.691  -7.125   1.932
 335B   0.00054387 0.11  0.000 -1262.444579  156.0   5.144   4.998 |    0.000  -0.000   0.000  -0.000 |   -5.691  -7.125   1.519
 336B   0.00065832 0.10  0.000 -1262.444604  156.0   5.144   4.998 |    0.000   0.000   0.000  -0.000 |   -5.691  -7.125   1.980
 337B   0.00056732 0.11  0.000 -1262.444597  156.0   5.144   4.998 |    0.000  -0.000   0.000  -0.000 |   -5.691  -7.125   1.777
 338B   0.00077197 0.10  0.000 -1262.444602  156.0   5.144   4.998 |    0.000   0.000   0.000  -0.000 |   -5.691  -7.125   1.959
 339B   0.00069441 0.11  0.000 -1262.444612  156.0   5.144   4.998 |    0.000   0.000   0.000  -0.000 |   -5.691  -7.125   1.813
 340B   0.00100810 0.10  0.000 -1262.444601  156.0   5.144   4.998 |    0.000   0.000   0.000   0.000 |   -5.691  -7.125   2.327
 341B   0.00062824 0.11  0.000 -1262.444603  156.0   5.144   4.998 |    0.000  -0.000   0.000  -0.000 |   -5.691  -7.125   2.990
 342B   0.00059711 0.13  0.000 -1262.444601  156.0   5.144   4.998 |    0.000   0.000   0.000   0.000 |   -5.691  -7.125   1.822
 343B   0.00071132 0.10  0.000 -1262.444622  156.0   5.144   4.998 |    0.000   0.000   0.000   0.000 |   -5.691  -7.125   2.622
 344B   0.00124963 0.10  0.000 -1262.444616  156.0   5.144   4.998 |    0.000  -0.000   0.000   0.000 |   -5.691  -7.125   3.233
 345B   0.00068886 0.11  0.000 -1262.444644  156.0   5.144   4.998 |    0.000   0.000   0.000   0.000 |   -5.691  -7.125   1.566
 346B   0.00133160 0.10  0.000 -1262.444649  156.0   5.144   4.998 |    0.000   0.000   0.000   0.000 |   -5.691  -7.125   1.612
 347B   0.00131070 0.11  0.000 -1262.444664  156.0   5.144   4.998 |    0.000   0.000   0.000  -0.000 |   -5.691  -7.125   1.993
 348B   0.00112848 0.13 -0.000 -1262.444677  156.0   5.144   4.998 |    0.000   0.000   0.000  -0.000 |   -5.691  -7.125   2.046
 349B   0.00110549 0.14 -0.000 -1262.444679  156.0   5.144   4.998 |    0.000   0.000   0.000   0.000 |   -5.691  -7.125   1.777
 350B   0.00167633 0.10 -0.000 -1262.444676  156.0   5.144   4.998 |    0.000   0.000   0.000   0.000 |   -5.691  -7.125   1.512
 351B   0.00097464 0.11 -0.000 -1262.444679  156.0   5.144   4.998 |    0.000  -0.000   0.000   0.000 |   -5.691  -7.125   1.455
 352B   0.00128857 0.10 -0.000 -1262.444698  156.0   5.144   4.998 |    0.000  -0.000   0.000   0.000 |   -5.691  -7.125   1.969
 353B   0.00166559 0.10 -0.000 -1262.444667  156.0   5.144   4.998 |    0.000  -0.000   0.000  -0.000 |   -5.691  -7.125   1.859
 354B   0.00192794 0.10 -0.000 -1262.444731  156.0   5.144   4.998 |    0.000  -0.000   0.000  -0.000 |   -5.691  -7.125   1.950
 355B   0.00147728 0.11 -0.000 -1262.444731  156.0   5.144   4.998 |    0.000  -0.000   0.000  -0.000 |   -5.691  -7.125   2.033
 356B   0.00123237 0.13 -0.000 -1262.444755  156.0   5.144   4.998 |    0.000  -0.000   0.000   0.000 |   -5.691  -7.125   2.286
 357B   0.00142663 0.10 -0.000 -1262.444747  156.0   5.144   4.998 |    0.000   0.000   0.000   0.000 |   -5.691  -7.125   2.237
 358B   0.00223929 0.10 -0.000 -1262.444744  156.0   5.144   4.998 |    0.000   0.000   0.000   0.000 |   -5.691  -7.125   1.862
 359B   0.00168128 0.11 -0.000 -1262.444777  156.0   5.144   4.998 |    0.000  -0.000   0.000   0.000 |   -5.691  -7.125   1.594
 360B   0.00097721 0.13 -0.000 -1262.444770  156.0   5.144   4.998 |    0.000  -0.000   0.000   0.000 |   -5.691  -7.125   1.887
 361B   0.00081826 0.14 -0.000 -1262.444778  156.0   5.144   4.998 |    0.000  -0.000   0.000  -0.000 |   -5.691  -7.125   2.031
 362B   0.00093214 0.10 -0.000 -1262.444773  156.0   5.144   4.998 |    0.000  -0.000   0.000  -0.000 |   -5.691  -7.125   2.099
 363B   0.00064842 0.11 -0.000 -1262.444782  156.0   5.144   4.998 |    0.000  -0.000   0.000  -0.000 |   -5.691  -7.125   1.460
 364B   0.00059663 0.13 -0.000 -1262.444777  156.0   5.144   4.998 |    0.000  -0.000   0.000  -0.000 |   -5.691  -7.125   1.672
 365B   0.00062787 0.10 -0.000 -1262.444769  156.0   5.144   4.998 |    0.000  -0.000   0.000  -0.000 |   -5.691  -7.125   1.495
 366B   0.00074958 0.10 -0.000 -1262.444759  156.0   5.144   4.998 |    0.000  -0.000   0.000   0.000 |   -5.691  -7.125   1.609
 367B   0.00099642 0.10 -0.000 -1262.444753  156.0   5.144   4.998 |    0.000   0.000   0.000   0.000 |   -5.691  -7.125   1.233
 368B   0.00079191 0.11 -0.000 -1262.444749  156.0   5.144   4.998 |    0.000   0.000   0.000   0.000 |   -5.691  -7.125   1.470
 369B   0.00132591 0.10 -0.000 -1262.444754  156.0   5.144   4.998 |    0.000  -0.000   0.000   0.000 |   -5.691  -7.125   1.715
 370B   0.00072411 0.11 -0.000 -1262.444763  156.0   5.144   4.998 |    0.000  -0.000   0.000   0.000 |   -5.691  -7.125   1.810
 371B   0.00085516 0.10 -0.000 -1262.444748  156.0   5.144   4.998 |    0.000   0.000   0.000   0.000 |   -5.691  -7.125   1.686
 372B   0.00070764 0.11 -0.000 -1262.444745  156.0   5.144   4.998 |    0.000   0.000   0.000   0.000 |   -5.691  -7.125   2.418
 373B   0.00121782 0.10 -0.000 -1262.444755  156.0   5.144   4.998 |    0.000   0.000   0.000   0.000 |   -5.691  -7.125   1.616
 374B   0.00109715 0.11 -0.000 -1262.444751  156.0   5.144   4.998 |    0.000   0.000   0.000   0.000 |   -5.691  -7.125   1.697
 375B   0.00093395 0.13 -0.000 -1262.444738  156.0   5.144   4.998 |    0.000  -0.000   0.000   0.000 |   -5.691  -7.125   2.159
 376B   0.00133506 0.10 -0.000 -1262.444735  156.0   5.144   4.998 |    0.000  -0.000   0.000  -0.000 |   -5.691  -7.125   1.850
 377B   0.00183868 0.10 -0.000 -1262.444736  156.0   5.144   4.998 |    0.000  -0.000   0.000  -0.000 |   -5.691  -7.125   1.714
 378B   0.00158129 0.11 -0.000 -1262.444732  156.0   5.144   4.998 |    0.000   0.000   0.000  -0.000 |   -5.691  -7.125   1.962
 379B   0.00157068 0.13 -0.000 -1262.444729  156.0   5.144   4.998 |    0.000  -0.000   0.000  -0.000 |   -5.691  -7.125   1.826
 380B   0.00079438 0.14 -0.000 -1262.444720  156.0   5.144   4.998 |    0.000  -0.000   0.000  -0.000 |   -5.691  -7.125   1.712
 381B   0.00093713 0.10 -0.000 -1262.444696  156.0   5.144   4.998 |    0.000  -0.000   0.000  -0.000 |   -5.691  -7.125   1.804
 382B   0.00099829 0.10  0.000 -1262.444693  156.0   5.144   4.998 |    0.000  -0.000   0.000  -0.000 |   -5.691  -7.125   1.405
 383B   0.00157494 0.10  0.000 -1262.444683  156.0   5.144   4.998 |    0.000  -0.000   0.000  -0.000 |   -5.691  -7.125   3.221
 384B   0.00118124 0.11  0.000 -1262.444669  156.0   5.144   4.998 |    0.000  -0.000   0.000  -0.000 |   -5.691  -7.125   2.165
 385B   0.00105150 0.13  0.000 -1262.444675  156.0   5.144   4.998 |    0.000  -0.000   0.000  -0.000 |   -5.691  -7.125   4.551
 386B   0.00107210 0.10  0.000 -1262.444673  156.0   5.144   4.998 |    0.000  -0.000   0.000  -0.000 |   -5.691  -7.125   1.894
 387B   0.00112639 0.10  0.000 -1262.444668  156.0   5.144   4.998 |    0.000  -0.000   0.000   0.000 |   -5.691  -7.125   2.277
 388B   0.00200624 0.10 -0.000 -1262.444709  156.0   5.144   4.998 |    0.000  -0.000   0.000   0.000 |   -5.691  -7.125   1.658
 389B   0.00092656 0.11 -0.000 -1262.444707  156.0   5.144   4.998 |    0.000  -0.000   0.000   0.000 |   -5.691  -7.125   1.995
 390B   0.00110230 0.10 -0.000 -1262.444699  156.0   5.144   4.998 |    0.000   0.000   0.000   0.000 |   -5.691  -7.125   1.786
 391B   0.00160458 0.10  0.000 -1262.444658  156.0   5.144   4.998 |    0.000   0.000   0.000   0.000 |   -5.691  -7.125   1.917
 392B   0.00106465 0.11  0.000 -1262.444627  156.0   5.144   4.998 |    0.000  -0.000   0.000   0.000 |   -5.691  -7.125   1.627
 393B   0.00108914 0.10  0.000 -1262.444603  156.0   5.144   4.998 |    0.000  -0.000   0.000  -0.000 |   -5.691  -7.125   1.924
 394B   0.00158387 0.10  0.000 -1262.444572  156.0   5.144   4.998 |    0.000  -0.000   0.000  -0.000 |   -5.691  -7.125   2.318
 395B   0.00103976 0.11  0.000 -1262.444584  156.0   5.144   4.998 |    0.000  -0.000   0.000   0.000 |   -5.691  -7.125   2.078
 396B   0.00099306 0.13  0.000 -1262.444586  156.0   5.144   4.998 |    0.000  -0.000   0.000   0.000 |   -5.691  -7.125   1.438
 397B   0.00133276 0.10  0.000 -1262.444581  156.0   5.144   4.998 |    0.000  -0.000   0.000   0.000 |   -5.691  -7.125   1.461
 398B   0.00069848 0.11  0.000 -1262.444618  156.0   5.144   4.998 |    0.000  -0.000   0.000  -0.000 |   -5.691  -7.125   2.394
 399B   0.00060889 0.13  0.000 -1262.444600  156.0   5.144   4.998 |    0.000  -0.000   0.000   0.000 |   -5.691  -7.125   1.899
 400B   0.00058217 0.14  0.000 -1262.444605  156.0   5.144   4.998 |    0.000  -0.000   0.000   0.000 |   -5.691  -7.125   2.548
 401B   0.00059337 0.10  0.000 -1262.444599  156.0   5.144   4.998 |    0.000  -0.000   0.000  -0.000 |   -5.691  -7.125   0.000
  ----------------------------------------------------------------------------------------------------------------------------------
  *   iterations limit interrupt after 401 steps   si=     0.0005933675 ho= -1 tho=  0
  ----------------------------------------------------------------------------------------------------------------------------------
  Total CPU time=  13.471 minutes

  Writing to wel_file: s092_064.hel
 __________________________________  
  The tape s092_064.hel recorded:     
  nucname,npr,ngh,ngl,n00,nb,nt      
  b0,beta0,si,etot,rms,bet,xmix      
  pairing:     CpV0,CpV1,pwi         
  delta:       del,ept               
  lambda:      ala,ala2,alast,tz     
  asymptotic:  varmas,ass,skass      
  ntx,nb,nhhdim,id,N_rz,n_r,n_z      
  Omega2,Sigma2,Parity,Lambda        
  matrices(inbro):    hh,de          
  *all blocking candidates           
 __________________________________  


  NB! From expect (UNPROJECTED RESULTS)

  pairing: CpV0,CpV1,...           0.100000       0.100000       1.000000       1.000000
  forces:   UNE1                          


                             neutrons         protons         total
  Requested part.numbs.      92.000000      64.000000     156.000000
  UnPj(av) part.numbs .      92.000000      64.000000     156.000000
  b0, bz, bp ..........       2.130153       2.136882       2.126796

  lambda (ala) ........      -5.691117      -7.124905
  Lambda (alast) ......      -5.691117      -7.124905
  delta(n,p), pwi .....      -0.000000      -0.000000      60.000000
  pairing energy ......       0.000000       0.000000       0.000000

  rms-radius ..........       5.143687       4.997675       5.084292
  charge-radius, r0 ...                      5.061299       6.459855
  deformation beta2....       0.000458      -0.000601       0.000038
  dipole moment[fm] ...       0.000000       0.000000       0.000000
  quadrupole moment[b]        0.014063      -0.012123       0.001940
  octupole moment .....       0.000000       0.000000       0.000000
  hexadecapole moment .       0.234491       0.146280       0.380772
  q5 ..................       0.000000       0.000000       0.000000
  q6 ..................       0.006372       0.003124       0.009496
  q7 ..................       0.000000       0.000000       0.000000
  q8 ..................       0.003694       0.002119       0.005813

  <r^0> [fm^0] ........            1.000000            1.000000            1.000000
  <r^2> [fm^2] ........           26.457519           24.976750           25.850024
  <r^4> [fm^4] ........          913.594819          796.231637          865.445821
  <r^6> [fm^6] ........        37313.402425        29507.389158        34110.935443
  <r^8> [fm^8] ........      1730524.240184      1222586.940071      1522139.706804

  kinetic energy ......    1807.268948    1054.100285    2861.369233
  volume energy .......                                 -4768.073174
        rho_tau .......                                   -58.382132
        rho_rho .......                                 -4709.691041
  surface energy ......                                   160.316065
   rho_DELTA_rho ......                                   160.316065
   (NABLA_rho)^2 ......                                     0.000000
  spin-orbit energy ...                                   -42.916081
        rho_NABLA_J ...                                   -42.916081
        NABLA_rho_J ...                                     0.000000
  coulomb energy ......                                   526.859362
          direct ......                                   551.316070
          exchange ....                                   -24.456708
  tensor energy .......                                     0.000000
  direct Hartree E  ...                                     0.000000
  Extra E .............                                     0.000000
  External field E ....                                     0.000000
  Entropy .............       3.072619       0.002053       3.074672

  tEnergy: ehfb (qp)...                                 -1262.444595

  Calculated but not added corrections 
====================================
  cmc-diagonal part ...       0.000000       0.000000       0.000000
  cmc-hfb .............       0.000000       0.000000       0.000000
  cranking rot corr ...       0.000000       0.000000       0.000000

  SQUJ ................       0.000000       0.000000       0.000000
  CRAN x 4 ............       0.000000       0.000000       0.000000
  Rigit Body ..........       0.000000       0.000000       0.000000


   Blocking candidates are:
   neutron eqpmin=   6.6173387062181781E-003  pwiblo=   2.0016019225635890     
    num=   1 block=   2 state=   1    37 Eqp=   0.00661734  (1-2N)E=  -0.00661734  Ovlp=   0.58808831  1-[ 5, 4, 1]
    num=   2 block=  10 state=   1   219 Eqp=   0.01302359  (1-2N)E=   0.01302359  Ovlp=   0.92917392  9-[ 5, 0, 5]
    num=   3 block=   4 state=   1    97 Eqp=   0.16858379  (1-2N)E=   0.16858379  Ovlp=   0.63453073  3-[ 5, 3, 2]
    num=   4 block=   6 state=   1   147 Eqp=   0.31891263  (1-2N)E=  -0.31891263  Ovlp=   0.60411524  5-[ 5, 1, 2]
    num=   5 block=   6 state=   2   148 Eqp=   0.42848266  (1-2N)E=   0.42848266  Ovlp=   0.75963334  5-[ 5, 2, 3]
    num=   6 block=   8 state=   1   187 Eqp=   0.53508246  (1-2N)E=   0.53508246  Ovlp=   0.88889870  7-[ 5, 1, 4]
    num=   7 block=   2 state=   2    38 Eqp=   0.56331861  (1-2N)E=   0.56331861  Ovlp=   0.57486648  1-[ 5, 0, 1]
    num=   8 block=   4 state=   2    98 Eqp=   0.57694557  (1-2N)E=  -0.57694557  Ovlp=   0.58849295  3-[ 5, 4, 1]
    num=   9 block=   4 state=   3    99 Eqp=   0.63304114  (1-2N)E=   0.63304114  Ovlp=   0.62735835  3-[ 5, 2, 1]
    num=  10 block=   8 state=   2   188 Eqp=   0.65866821  (1-2N)E=  -0.65866821  Ovlp=   0.84842957  7-[ 5, 0, 3]
    num=  11 block=   2 state=   3    39 Eqp=   0.82799273  (1-2N)E=  -0.82799273  Ovlp=   0.59521035  1-[ 5, 5, 0]
    num=  12 block=   2 state=   4    40 Eqp=   1.14893076  (1-2N)E=   1.14893076  Ovlp=   0.49102578  1-[ 5, 0, 1]
    num=  13 block=  13 state=   1   252 Eqp=   1.30051247  (1-2N)E=   1.30051247  Ovlp=   0.99436638 13+[ 6, 0, 6]
    num=  14 block=   1 state=   1     1 Eqp=   1.43940769  (1-2N)E=   1.43940769  Ovlp=   0.52907037  1+[ 6, 4, 0]
    num=  15 block=   3 state=   1    67 Eqp=   1.51719075  (1-2N)E=   1.51719075  Ovlp=   0.59763703  3+[ 6, 3, 1]
    num=  16 block=   5 state=   1   122 Eqp=   1.64872374  (1-2N)E=   1.64872374  Ovlp=   0.58863993  5+[ 6, 4, 2]
    num=  17 block=  11 state=   1   231 Eqp=   1.75699810  (1-2N)E=   1.75699810  Ovlp=   0.94239772 11+[ 6, 1, 5]
    num=  18 block=   2 state=   5    41 Eqp=   1.78494847  (1-2N)E=   1.78494847  Ovlp=   0.51834458  1-[ 5, 4, 1]
    num=  19 block=   7 state=   1   167 Eqp=   1.79824094  (1-2N)E=   1.79824094  Ovlp=   0.72674773  7+[ 6, 3, 3]
    num=  20 block=   6 state=   3   149 Eqp=   1.88562704  (1-2N)E=   1.88562704  Ovlp=   0.71187453  5-[ 5, 0, 3]
    num=  21 block=   9 state=   1   203 Eqp=   1.88733290  (1-2N)E=   1.88733290  Ovlp=   0.84168119  9+[ 6, 2, 4]

   Blocking candidates are:
   proton  eqpmin=  0.50195005422424543       pwiblo=   2.0016019225635890     
    num=   1 block=   3 state=   1    67 Eqp=   0.50195005  (1-2N)E=  -0.50195005  Ovlp=   0.66192534  3+[ 4, 1, 1]
    num=   2 block=   1 state=   1     1 Eqp=   0.49924596  (1-2N)E=   0.49924596  Ovlp=   0.59675124  1+[ 4, 0, 0]
    num=   3 block=   5 state=   1   122 Eqp=   0.64383207  (1-2N)E=  -0.64383207  Ovlp=   0.61505811  5+[ 4, 1, 3]
    num=   4 block=   3 state=   2    68 Eqp=   0.80931659  (1-2N)E=   0.80931659  Ovlp=   0.65521005  3+[ 4, 0, 2]
    num=   5 block=   1 state=   2     2 Eqp=   0.83929973  (1-2N)E=   0.83929973  Ovlp=   0.64696256  1+[ 4, 1, 1]
    num=   6 block=   5 state=   2   123 Eqp=   0.92772977  (1-2N)E=  -0.92772977  Ovlp=   0.67871073  5+[ 4, 0, 2]
    num=   7 block=   1 state=   3     3 Eqp=   0.95676490  (1-2N)E=  -0.95676490  Ovlp=   0.55277441  1+[ 4, 0, 0]
    num=   8 block=   3 state=   3    69 Eqp=   1.12775412  (1-2N)E=  -1.12775412  Ovlp=   0.61707583  3+[ 4, 2, 2]
    num=   9 block=   7 state=   1   167 Eqp=   1.31505117  (1-2N)E=  -1.31505117  Ovlp=   0.89450360  7+[ 4, 0, 4]
    num=  10 block=   1 state=   4     4 Eqp=   1.47534139  (1-2N)E=  -1.47534139  Ovlp=   0.52834308  1+[ 4, 1, 1]
    num=  11 block=  12 state=   1   243 Eqp=   1.49328112  (1-2N)E=   1.49328112  Ovlp=   0.97870517 11-[ 5, 0, 5]
    num=  12 block=   2 state=   1    37 Eqp=   1.52175549  (1-2N)E=   1.52175549  Ovlp=   0.56984397  1-[ 5, 3, 0]
    num=  13 block=   4 state=   1    97 Eqp=   1.68770013  (1-2N)E=   1.68770013  Ovlp=   0.58480770  3-[ 5, 2, 1]
    num=  14 block=   6 state=   1   147 Eqp=   1.93628775  (1-2N)E=   1.93628775  Ovlp=   0.68516124  5-[ 5, 3, 2]
    num=  15 block=  10 state=   1   219 Eqp=   2.04141023  (1-2N)E=   2.04141023  Ovlp=   0.91466210  9-[ 5, 1, 4]
    num=  16 block=   8 state=   1   187 Eqp=   2.11122468  (1-2N)E=   2.11122468  Ovlp=   0.81079061  7-[ 5, 2, 3]



 HFBTHO_SOLVER ended without errors

