No Skyrme interaction defined in routine skforce()
Multi-threading framework with OpenMP: 1 threads/task

  =======================================
           FORTRAN 95 CODE (KIND= 8) 
               Version: 200d  
  =======================================
       AXIALLY DEFORMED CONFIGURATIONAL  
     HARTREE-FOCK-BOGOLIUBOV CALCULATIONS
                     WITH                
            UNEDF AND DELTA PAIRING      
                     USING               
             HARMONIC-OSCILLATOR         
                   AND/OR                
       TRANSFORMED HARMONIC-OSCILLATOR   
                    BASIS                
                     ---                 
               v1.66  (2005):,           
   Stoitsov,Dobaczewski,Nazarewicz,Ring, 
               v2.00d (2012):,           
         Stoitsov,Schunck,Kortelainen    
  =======================================
    Nucleus: MG (A=  24, N= 12, Z= 12)
       Reflection Symmetry Imposed       
            ( 9/13/2022, 22: 6)                               
  =======================================


  ---------------------------------------
           UNEDF Module Version:17
         M.Kortelainen & M.Stoitsov 
  ---------------------------------------

  UNE1 functional
  ----------------------------------
  Crho(0)=   -779.373008720865300    ; Crho(1)=    287.722131583286796    
  CDrho(0)=   891.477890442349690    ; CDrho(1)=  -200.587774317884879    
  Ctau(0)=  -0.989915057807676746    ; Ctau(1)=   -33.6320970701835549    
  CrDr(0)=   -45.7843204356290840    ; CrDr(1)=   -137.855915626829074    
  CrdJ(0)=   -73.8728681651295318    ; CrdJ(1)=   -39.0126442087963596    
  CJ(0)=      0.00000000000000000    ; CJ(1)=      0.00000000000000000    
  CpV0(0)=   0.100000000000000006    ; CpV0(1)=   0.100000000000000006    
  CpV1(0)=    1.00000000000000000    ; CpV1(1)=    1.00000000000000000    
  sigma=     0.270018011502707600    ; hbzero=     20.7355300000000007    
  e^2 chrg=   1.43997840859651305    ; CExPar=     1.00000000000000000    
  c.m. correction: F, chr. density in direct Coul: F
  use tensor terms: F
  use TMR pairing:  0

  Coupling constants in natural units
  -----------------------------------
  Crho_nu(0)=  -0.877667471343921757    ; Crho_nu(1)=   0.324009624211695935    
  CDrho_nu(0)=  0.941450913381434273    ; CDrho_nu(1)= -0.211831998717341041    
  Ctau_nu(0)=  -0.140321584905665799E-01; Ctau_nu(1)=  -0.476738799694694126    
  CrDr_nu(0)=  -0.648997947519302287    ; CrDr_nu(1)=   -1.95412327722533030    
  CrdJ_nu(0)=   -1.04715630504856971    ; CrdJ_nu(1)=  -0.553008667113609409    
  CJ_nu(0)=      0.00000000000000000    ; CJ_nu(1)=      0.00000000000000000    
  CpV0_nu(0)=   0.112611992142809880E-03; CpV0_nu(1)=   0.112611992142809880E-03
  CpV1_nu(0)=   0.887702254206059068E-03; CpV1_nu(1)=   0.887702254206059068E-03
  fpi_nu=        93.0000000000000000    ; Lambda_nu=     700.000000000000000    

  Nuclear matter properties
  ----------------------------------
      E_NM=     -15.8000000000000149      K_NM=     220.0000000000000284
      P_NM=      -0.0000000000000032    RHO_NM=       0.1587067693325870
    ASS_NM=      28.9867890577721070   LASS_NM=      40.0047904804136323
  SMASS_NM=       0.9924233322833640  VMASS_NM=       1.2498385742322700

  Associated (t,x)-coupling constants
  -----------------------------------
  t0=      -2078.32802325564080    ; x0=       0.537569206858470316E-01
  t1=       242.863155579611544    ; x1=       -4.76406026226072399    
  t2=       1491.37717402639282    ; x2=       -1.37478870547112564    
  t3=       14263.6462470775950    ; x3=      -0.162491168089956339    
  b4=       34.8602239563331722    ; b4p=       78.0252884175927193    
  te=      -445.585722155978260    ; to=       -195.882918466622016    
  sigma=   0.270018011502707600    ; hbzero=    20.7355300000000007    

  ---------------------------------------
        Characteristics of the run       
  ---------------------------------------
  Output file ................:     7
  Nucleus ....................:   MG  24
  Number of HO shells ........:     8
  HO length b0 (fm) ..........:     1.55928400372611
  Basis deformation ..........:  beta0=   0.010 q=   1.010
  HO: b0,1/b0,bp,bz,q ........:   0.15592840E+01  0.64131999E+00  0.15568270E+01  0.15642096E+01  0.10095067E+01
  h**2/(2m), cmc, e**2 .......:   0.20735530E+02  0.20735530E+02  0.14399784E+01
  hom=f*41.0_pr*A^{-1/3}, f...:   0.17056687E+02  0.12000000E+01
  THO basis is ...............:  OFF
  Maximal number of iterations:   400
  Initial mixing parameter ...:  0.300
  Initial w.f. ...............:  from   spherical scratch
  Skyrme functional ..........:    UNE1                          
    with direct and exchange Coulomb
  Lipkin-Nogami procedure is .:  OFF
  PAV procedure is ...........:  OFF
  Constraint calculation is ..:   ON
    Constraint 1 .............: lambda=2 Ql=   1.590
  Temperature T ..............:   0.05 MeV
  Restart indicator ..........:   1
  Broyden mixing (#iterations):   7

  ---------------------------------------
        Harmonic Oscillator Basis        
  ---------------------------------------
  NUV, NQP:                        2501     165
  Comparison with bookkeeping spherical basis:
  n00:                                8       8  Maximal number of shells
  nbx, 2*n00+1:                      17      17  Maximal number of K-blocks
  ntx, (n00+1)*(n00+2)*(n00+3)/6    165     165  Max.num. p/n levels
  nzx, n00:                           8       8  Maximal nz-quantum number
  nrx, n00/2  :                       4       4  Maximal nr-quantum number
  nlx, n00:                           8       8  Maximal ml-quantum number
  ndx, (n00+2)*(n00+2)/4:            25      25  Maximal dim. of one k-block

  Actual basis used
  Number of blocks: nb .......:   17
  Number of levels: nt .......:  165
  Maximal 2*omega : nom ......:   17
  Maximal nz:       nzm ......:    8
  Maximal nr:       nrm ......:    4
  Maximal ml:       nlm ......:    8
  Maximal N=nz+2*nr+nl .......:    8
  2 x biggest block dim. .....:   50
  Non-zero elements of h .....:     1333
  Number of Broyden elements .:     5332

  ---------------------------------------
            Integration Meshes           
  ---------------------------------------
  Number of Gauss-Hermite mesh points ngh ....:  40
  Number of Gauss-Laguerre mesh points ngl ...:  40
  Number of Gauss-Legendre mesh points nleg ..:  80
  Integration boundaries
    Hermite  - from xh(1)  =  0.12379686 to xh(ngh)   = 11.88786356
    Laguerre - From xl(1)  =  0.03570039 to xl(ngl)   =142.28004447
    Legendre - From xleg(1)=  0.00978669 to xleg(nleg)=  0.99988775
  Max.dev.in:     Orthogonality            Normalization
  Hermite     1.5248282503475657E-015   1.0991207943789050E-014
  Laguerre    4.2896485016951012E-015   8.9928064994637680E-015

  Scratch initialization for the nucleus: MG  12  12


  Initial potentials of Saxon-Woods shape 
  v0ws   =  -71.27999878
  kappa  =    0.46160001
  vs0    =   11.11750031   11.11750031
  r0     =    1.23339999    1.23339999
  a      =    0.61500001    0.61500001
  r0-so  =    1.14429998    1.14429998
  a-so   =    0.64760000    0.64760000
  beta00 =    0.01000000

  ### REGULAR STAGE (reflection symmetry imposed)
  |HFB+HO> iterations(b0=  1.559, Nsh=  8, inin=  1, N= 12, Z= 12)...
  ----------------------------------------------------------------------------------------------------------------------------------
  i          si     mix   beta      Etot       A       rn      rp         En      Dn      Ep      Dp        Ln      Lp     time
  ----------------------------------------------------------------------------------------------------------------------------------
   1L  73.90480883 0.30  0.010     0.000000    0.0   0.000   0.000 |   -2.000   1.000  -2.000   1.000 |   -7.000  -7.000   0.000
   2B  65.64755918 0.10  0.009   -54.090609   24.0   2.625   2.625 |    0.000  -0.000   0.000  -0.000 |  -17.169 -17.169  39.992
   3B  11.64442464 0.11  0.493  -151.985530   24.0   3.164   3.226 |    0.000  -0.000   0.000  -0.000 |  -12.378  -9.071   1.014
   4B  14.12704575 0.10  0.831  -139.659072   24.0   3.463   3.424 |    0.000  -0.000   0.000  -0.000 |  -16.309 -11.841   1.146
   5B  17.32695183 0.10  0.903  -105.238460   24.0   3.518   3.700 |    0.000  -0.000   0.000  -0.000 |  -16.371 -12.650   0.935
   6B  31.40604432 0.10  0.925  -143.103341   24.0   3.734   3.625 |    0.000  -0.000   0.000  -0.000 |  -16.828 -12.183   1.162
   7B  31.37507900 0.11  0.906  -158.910682   24.0   3.619   3.672 |    0.000  -0.000   0.000  -0.000 |  -15.929 -11.708   1.374
   8B  26.44105085 0.13  0.876  -162.961845   24.0   3.599   3.595 |    0.000  -0.000   0.000  -0.000 |  -15.909 -11.395   0.996
   9B  17.24098628 0.14  0.747  -170.587069   24.0   3.398   3.415 |    0.000  -0.000   0.000  -0.000 |  -13.952  -9.841   1.706
  10B  11.50526617 0.16  0.679  -178.476206   24.0   3.319   3.309 |    0.000  -0.000   0.000  -0.000 |  -13.451  -9.257   1.237
  11B   7.18051508 0.18  0.617  -181.719256   24.0   3.211   3.248 |    0.000  -0.000   0.000  -0.000 |  -13.170  -8.882   1.448
  12B   2.48868112 0.21  0.564  -184.772531   24.0   3.148   3.172 |    0.000  -0.000   0.000  -0.000 |  -12.860  -8.881   0.840
  13B   1.59192272 0.24  0.536  -185.906043   24.0   3.123   3.131 |    0.000  -0.000   0.000  -0.000 |  -12.604  -8.344   1.322
  14B   1.61125004 0.10  0.530  -186.096127   24.0   3.107   3.130 |    0.000  -0.000   0.000  -0.000 |  -12.418  -8.213   0.834
  15B   2.07131976 0.10  0.530  -186.015907   24.0   3.099   3.130 |    0.000  -0.000   0.000  -0.000 |  -12.418  -8.123   1.033
  16B   0.61180648 0.11  0.532  -186.277380   24.0   3.106   3.126 |    0.000  -0.000   0.000  -0.000 |  -12.418  -8.091   1.340
  17B   0.42126800 0.13  0.534  -186.252047   24.0   3.109   3.127 |    0.000  -0.000   0.000  -0.000 |  -12.418  -8.091   1.418
  18B   0.29415522 0.14  0.535  -186.218871   24.0   3.109   3.131 |    0.000  -0.000   0.000  -0.000 |  -12.418  -8.091   1.036
  19B   0.20669232 0.16  0.536  -186.194686   24.0   3.111   3.130 |    0.000  -0.000   0.000  -0.000 |  -12.418  -8.091   1.600
  20B   0.19349440 0.18  0.537  -186.181142   24.0   3.110   3.131 |    0.000  -0.000   0.000  -0.000 |  -12.418  -8.091   1.604
  21B   0.12948457 0.21  0.537  -186.161832   24.0   3.111   3.131 |    0.000  -0.000   0.000  -0.000 |  -12.418  -8.091   1.485
  22B   0.06670106 0.24  0.539  -186.135110   24.0   3.112   3.132 |    0.000  -0.000   0.000  -0.000 |  -12.418  -8.091   1.423
  23B   0.04539462 0.27  0.539  -186.117320   24.0   3.112   3.133 |    0.000  -0.000   0.000  -0.000 |  -12.418  -8.091   1.516
  24B   0.02663126 0.30  0.539  -186.122863   24.0   3.112   3.133 |    0.000  -0.000   0.000  -0.000 |  -12.418  -8.091   1.506
  25B   0.02781436 0.10  0.539  -186.122912   24.0   3.112   3.133 |    0.000  -0.000   0.000  -0.000 |  -12.418  -8.091   1.467
  26B   0.01691914 0.11  0.539  -186.126442   24.0   3.112   3.132 |    0.000  -0.000   0.000  -0.000 |  -12.418  -8.091   1.549
  27B   0.01177746 0.13  0.539  -186.129599   24.0   3.112   3.132 |    0.000  -0.000   0.000  -0.000 |  -12.418  -8.091   1.472
  28B   0.00639373 0.14  0.539  -186.129701   24.0   3.112   3.132 |    0.000  -0.000   0.000  -0.000 |  -12.418  -8.091   1.055
  29B   0.00560377 0.16  0.539  -186.130112   24.0   3.112   3.132 |    0.000  -0.000   0.000  -0.000 |  -12.418  -8.091   1.635
  30B   0.00576082 0.10  0.539  -186.131040   24.0   3.112   3.132 |    0.000  -0.000   0.000  -0.000 |  -12.418  -8.091   1.626
  31B   0.00292719 0.11  0.539  -186.132148   24.0   3.112   3.132 |    0.000  -0.000   0.000  -0.000 |  -12.418  -8.091   1.450
  32B   0.00210384 0.13  0.539  -186.132376   24.0   3.112   3.132 |    0.000  -0.000   0.000  -0.000 |  -12.418  -8.091   0.875
  33B   0.00142394 0.14  0.539  -186.132163   24.0   3.112   3.132 |    0.000  -0.000   0.000  -0.000 |  -12.418  -8.091   1.505
  34B   0.00120036 0.16  0.539  -186.132089   24.0   3.112   3.132 |    0.000  -0.000   0.000  -0.000 |  -12.418  -8.091   0.967
  35B   0.00075965 0.18  0.539  -186.131959   24.0   3.112   3.132 |    0.000  -0.000   0.000  -0.000 |  -12.418  -8.091   1.097
  36B   0.00037695 0.21  0.539  -186.131789   24.0   3.112   3.132 |    0.000  -0.000   0.000  -0.000 |  -12.418  -8.091   1.446
  37B   0.00045512 0.10  0.539  -186.131757   24.0   3.112   3.132 |    0.000  -0.000   0.000  -0.000 |  -12.418  -8.091   1.449
  38B   0.00020173 0.11  0.539  -186.131696   24.0   3.112   3.132 |    0.000  -0.000   0.000  -0.000 |  -12.418  -8.091   0.773
  39B   0.00023369 0.10  0.539  -186.131690   24.0   3.112   3.132 |    0.000  -0.000   0.000  -0.000 |  -12.418  -8.091   0.892
  40B   0.00011216 0.11  0.539  -186.131693   24.0   3.112   3.132 |    0.000  -0.000   0.000  -0.000 |  -12.418  -8.091   1.449
  41B   0.00009610 0.13  0.539  -186.131690   24.0   3.112   3.132 |    0.000  -0.000   0.000  -0.000 |  -12.418  -8.091   1.205
  42B   0.00005483 0.14  0.539  -186.131703   24.0   3.112   3.132 |    0.000  -0.000   0.000  -0.000 |  -12.418  -8.091   1.455
  43B   0.00005675 0.10  0.539  -186.131702   24.0   3.112   3.132 |    0.000  -0.000   0.000  -0.000 |  -12.418  -8.091   1.492
  44B   0.00004612 0.11  0.539  -186.131706   24.0   3.112   3.132 |    0.000  -0.000   0.000  -0.000 |  -12.418  -8.091   0.904
  45B   0.00002655 0.13  0.539  -186.131712   24.0   3.112   3.132 |    0.000  -0.000   0.000  -0.000 |  -12.418  -8.091   1.516
  46B   0.00003354 0.10  0.539  -186.131716   24.0   3.112   3.132 |    0.000  -0.000   0.000  -0.000 |  -12.418  -8.091   1.653
  47B   0.00001344 0.11  0.539  -186.131721   24.0   3.112   3.132 |    0.000  -0.000   0.000  -0.000 |  -12.418  -8.091   1.336
  48B   0.00001885 0.10  0.539  -186.131722   24.0   3.112   3.132 |    0.000  -0.000   0.000  -0.000 |  -12.418  -8.091   1.454
  49B   0.00001583 0.11  0.539  -186.131724   24.0   3.112   3.132 |    0.000   0.000   0.000   0.000 |  -12.418  -8.091   1.399
  50B   0.00001271 0.13  0.539  -186.131724   24.0   3.112   3.132 |    0.000  -0.000   0.000  -0.000 |  -12.418  -8.091   1.622
  51B   0.00001029 0.14  0.539  -186.131723   24.0   3.112   3.132 |    0.000  -0.000   0.000  -0.000 |  -12.418  -8.091   1.433
  52B   0.00000672 0.16  0.539  -186.131722   24.0   3.112   3.132 |    0.000  -0.000   0.000  -0.000 |  -12.418  -8.091   1.298
  53B   0.00000678 0.10  0.539  -186.131722   24.0   3.112   3.132 |    0.000  -0.000   0.000  -0.000 |  -12.418  -8.091   0.958
  54B   0.00000707 0.10  0.539  -186.131722   24.0   3.112   3.132 |    0.000  -0.000   0.000  -0.000 |  -12.418  -8.091   1.546
  55B   0.00000516 0.11  0.539  -186.131722   24.0   3.112   3.132 |    0.000  -0.000   0.000  -0.000 |  -12.418  -8.091   1.164
  56B   0.00000200 0.13  0.539  -186.131721   24.0   3.112   3.132 |    0.000  -0.000   0.000  -0.000 |  -12.418  -8.091   0.884
  57B   0.00000116 0.14  0.539  -186.131720   24.0   3.112   3.132 |    0.000  -0.000   0.000  -0.000 |  -12.418  -8.091   1.444
  58B   0.00000192 0.10  0.539  -186.131720   24.0   3.112   3.132 |    0.000  -0.000   0.000  -0.000 |  -12.418  -8.091   1.486
  59B   0.00000150 0.11  0.539  -186.131720   24.0   3.112   3.132 |    0.000  -0.000   0.000  -0.000 |  -12.418  -8.091   1.627
  60B   0.00000100 0.13  0.539  -186.131720   24.0   3.112   3.132 |    0.000  -0.000   0.000  -0.000 |  -12.418  -8.091   1.500
  61B   0.00000043 0.14  0.539  -186.131720   24.0   3.112   3.132 |    0.000  -0.000   0.000  -0.000 |  -12.418  -8.091   1.511
  62B   0.00000057 0.10  0.539  -186.131720   24.0   3.112   3.132 |    0.000  -0.000   0.000  -0.000 |  -12.418  -8.091   0.876
  63B   0.00000028 0.11  0.539  -186.131720   24.0   3.112   3.132 |    0.000  -0.000   0.000  -0.000 |  -12.418  -8.091   1.606
  64B   0.00000042 0.10  0.539  -186.131720   24.0   3.112   3.132 |    0.000  -0.000   0.000  -0.000 |  -12.418  -8.091   1.074
  65B   0.00000015 0.11  0.539  -186.131720   24.0   3.112   3.132 |    0.000  -0.000   0.000  -0.000 |  -12.418  -8.091   1.275
  66B   0.00000017 0.10  0.539  -186.131720   24.0   3.112   3.132 |    0.000  -0.000   0.000  -0.000 |  -12.418  -8.091   1.313
  67B   0.00000012 0.11  0.539  -186.131720   24.0   3.112   3.132 |    0.000  -0.000   0.000  -0.000 |  -12.418  -8.091   1.436
  68B   0.00000008 0.13  0.539  -186.131720   24.0   3.112   3.132 |    0.000  -0.000   0.000  -0.000 |  -12.418  -8.091   1.468
  69B   0.00000006 0.14  0.539  -186.131720   24.0   3.112   3.132 |    0.000  -0.000   0.000  -0.000 |  -12.418  -8.091   1.435
  70B   0.00000003 0.16  0.539  -186.131720   24.0   3.112   3.132 |    0.000  -0.000   0.000  -0.000 |  -12.418  -8.091   1.590
  71B   0.00000006 0.10  0.539  -186.131720   24.0   3.112   3.132 |    0.000  -0.000   0.000  -0.000 |  -12.418  -8.091   0.977
  72B   0.00000005 0.11  0.539  -186.131720   24.0   3.112   3.132 |    0.000  -0.000   0.000  -0.000 |  -12.418  -8.091   1.398
  73B   0.00000003 0.13  0.539  -186.131720   24.0   3.112   3.132 |    0.000  -0.000   0.000  -0.000 |  -12.418  -8.091   1.562
  74B   0.00000002 0.14  0.539  -186.131720   24.0   3.112   3.132 |    0.000  -0.000   0.000  -0.000 |  -12.418  -8.091   1.595
  75B   0.00000001 0.16  0.539  -186.131720   24.0   3.112   3.132 |    0.000  -0.000   0.000  -0.000 |  -12.418  -8.091   1.510
  76B   0.00000001 0.10  0.539  -186.131720   24.0   3.112   3.132 |    0.000  -0.000   0.000   0.000 |  -12.418  -8.091   3.071
  77B   0.00000001 0.11  0.539  -186.131720   24.0   3.112   3.132 |    0.000   0.000   0.000   0.000 |  -12.418  -8.091   1.394
  78B   0.00000000 0.13  0.539  -186.131720   24.0   3.112   3.132 |    0.000   0.000   0.000   0.000 |  -12.418  -8.091   2.941
  79B   0.00000000 0.14  0.539  -186.131720   24.0   3.112   3.132 |    0.000   0.000   0.000   0.000 |  -12.418  -8.091   2.583
  80B   0.00000000 0.10  0.539  -186.131720   24.0   3.112   3.132 |    0.000  -0.000   0.000  -0.000 |  -12.418  -8.091   2.704
  81B   0.00000000 0.10  0.539  -186.131720   24.0   3.112   3.132 |    0.000  -0.000   0.000  -0.000 |  -12.418  -8.091   2.802
  82B   0.00000000 0.11  0.539  -186.131720   24.0   3.112   3.132 |    0.000  -0.000   0.000  -0.000 |  -12.418  -8.091   2.325
  ----------------------------------------------------------------------------------------------------------------------------------
  *   iteration converged   after  82 steps   si=     0.0000000007 ho=  0 tho=  0
  ----------------------------------------------------------------------------------------------------------------------------------
  Total CPU time=   2.624 minutes

  Writing to wel_file: s012_012.hel
 __________________________________  
  The tape s012_012.hel recorded:     
  nucname,npr,ngh,ngl,n00,nb,nt      
  b0,beta0,si,etot,rms,bet,xmix      
  pairing:     CpV0,CpV1,pwi         
  delta:       del,ept               
  lambda:      ala,ala2,alast,tz     
  asymptotic:  varmas,ass,skass      
  ntx,nb,nhhdim,id,N_rz,n_r,n_z      
  Omega2,Sigma2,Parity,Lambda        
  matrices(inbro):    hh,de          
  *all blocking candidates           
 __________________________________  


  NB! From expect (UNPROJECTED RESULTS)

  pairing: CpV0,CpV1,...           0.100000       0.100000       1.000000       1.000000
  forces:   UNE1                          


                             neutrons         protons         total
  Requested part.numbs.      12.000000      12.000000      24.000000
  UnPj(av) part.numbs .      12.000000      12.000000      24.000000
  b0, bz, bp ..........       1.559284       1.564210       1.556827

  lambda (ala) ........     -12.418405      -8.090814
  Lambda (alast) ......     -12.418405      -8.090814
  delta(n,p), pwi .....       0.000000       0.000000      60.000000
  pairing energy ......       0.000000       0.000000       0.000000

  rms-radius ..........       3.111951       3.132270       3.122127
  charge-radius, r0 ...                      3.232819       3.461399
  deformation beta2....       0.537999       0.539296       0.538652
  dipole moment[fm] ...       0.000000       0.000000       0.000000
  quadrupole moment[b]        0.788749       0.801008       1.589756
  octupole moment .....       0.000000       0.000000       0.000000
  hexadecapole moment .       0.014145       0.014379       0.028524
  q5 ..................       0.000000       0.000000       0.000000
  q6 ..................       0.000660       0.000660       0.001320
  q7 ..................       0.000000       0.000000       0.000000
  q8 ..................       0.000016       0.000015       0.000032

  <r^0> [fm^0] ........            1.000000            1.000000            1.000000
  <r^2> [fm^2] ........            9.684240            9.811116            9.747678
  <r^4> [fm^4] ........          139.170472          142.990655          141.080563
  <r^6> [fm^6] ........         2589.437632         2699.246617         2644.342125
  <r^8> [fm^8] ........        58269.785465        61607.268318        59938.526891

  kinetic energy ......     196.751769     194.375677     391.127447
  volume energy .......                                  -643.156579
        rho_tau .......                                    -1.630921
        rho_rho .......                                  -641.525658
  surface energy ......                                    54.135748
   rho_DELTA_rho ......                                    54.135748
   (NABLA_rho)^2 ......                                     0.000000
  spin-orbit energy ...                                   -16.303239
        rho_NABLA_J ...                                   -16.303239
        NABLA_rho_J ...                                     0.000000
  coulomb energy ......                                    28.064903
          direct ......                                    32.438822
          exchange ....                                    -4.373919
  tensor energy .......                                     0.000000
  direct Hartree E  ...                                     0.000000
  Extra E .............                                     0.000000
  External field E ....                                     0.000000
  Entropy .............       0.000000       0.000000       0.000000

  tEnergy: ehfb (qp)...                                  -186.131720

  Calculated but not added corrections 
====================================
  cmc-diagonal part ...       0.000000      -0.000000       0.000000
  cmc-hfb .............       0.000000       0.000000       0.000000
  cranking rot corr ...       0.000000       0.000000       0.000000

  SQUJ ................       0.000000       0.000000       0.000000
  CRAN x 4 ............       0.000000       0.000000       0.000000
  Rigit Body ..........       0.000000       0.000000       0.000000


   Blocking candidates are:
   neutron eqpmin=   1.3685448221451821       pwiblo=   5.1031036307982882     
    num=   1 block=   3 state=   1    33 Eqp=   1.36854482  (1-2N)E=  -1.36854482  Ovlp=   0.90693708  3+[ 2, 1, 1]
    num=   2 block=   1 state=   1     1 Eqp=   3.26732268  (1-2N)E=   3.26732268  Ovlp=   0.81807243  1+[ 2, 1, 1]
    num=   3 block=   2 state=   1    17 Eqp=   3.89772466  (1-2N)E=   3.89772466  Ovlp=   0.71197538  1-[ 3, 3, 0]
    num=   4 block=   5 state=   1    57 Eqp=   4.40661333  (1-2N)E=   4.40661333  Ovlp=   0.95899093  5+[ 2, 0, 2]
    num=   5 block=   2 state=   2    18 Eqp=   4.51481480  (1-2N)E=  -4.51481480  Ovlp=   0.93388972  1-[ 1, 0, 1]
    num=   6 block=   1 state=   2     2 Eqp=   5.44651418  (1-2N)E=  -5.44651418  Ovlp=   0.77992248  1+[ 2, 2, 0]

   Blocking candidates are:
   proton  eqpmin=   1.1977456923350047       pwiblo=   5.1031036307982882     
    num=   1 block=   3 state=   1    31 Eqp=   1.19774569  (1-2N)E=  -1.19774569  Ovlp=   0.90284864  3+[ 2, 1, 1]
    num=   2 block=   1 state=   1     1 Eqp=   3.35130243  (1-2N)E=   3.35130243  Ovlp=   0.81424840  1+[ 2, 1, 1]
    num=   3 block=   2 state=   1    17 Eqp=   4.04963860  (1-2N)E=   4.04963860  Ovlp=   0.70363445  1-[ 3, 3, 0]
    num=   4 block=   2 state=   2    18 Eqp=   4.28792605  (1-2N)E=  -4.28792605  Ovlp=   0.93099321  1-[ 1, 0, 1]
    num=   5 block=   5 state=   1    54 Eqp=   4.59247099  (1-2N)E=   4.59247099  Ovlp=   0.95483362  5+[ 2, 0, 2]
    num=   6 block=   1 state=   2     2 Eqp=   5.25320706  (1-2N)E=  -5.25320706  Ovlp=   0.77365324  1+[ 2, 2, 0]



 HFBTHO_SOLVER ended without errors

