
  =======================================
           FORTRAN 95 CODE (KIND= 8) 
               Version: 200d  
  =======================================
       AXIALLY DEFORMED CONFIGURATIONAL  
     HARTREE-FOCK-BOGOLIUBOV CALCULATIONS
                     WITH                
            UNEDF AND DELTA PAIRING      
                     USING               
             HARMONIC-OSCILLATOR         
                   AND/OR                
       TRANSFORMED HARMONIC-OSCILLATOR   
                    BASIS                
                     ---                 
               v1.66  (2005):,           
   Stoitsov,Dobaczewski,Nazarewicz,Ring, 
               v2.00d (2012):,           
         Stoitsov,Schunck,Kortelainen    
  =======================================
    Nucleus: MG (A=  24, N= 12, Z= 12)
       Reflection Symmetry Imposed       
            ( 9/13/2022, 19:16)                               
  =======================================


  ---------------------------------------
           UNEDF Module Version:17
         M.Kortelainen & M.Stoitsov 
  ---------------------------------------

  UNE1 functional
  ----------------------------------
  Crho(0)=   -779.373008720865300    ; Crho(1)=    287.722131583286796    
  CDrho(0)=   891.477890442349690    ; CDrho(1)=  -200.587774317884879    
  Ctau(0)=  -0.989915057807676746    ; Ctau(1)=   -33.6320970701835549    
  CrDr(0)=   -44.7565068949578659    ; CrDr(1)=   -109.134357415588283    
  CrdJ(0)=   -68.2705460746224162    ; CrdJ(1)=   -29.6803972783198908    
  CJ(0)=      0.00000000000000000    ; CJ(1)=      0.00000000000000000    
  CpV0(0)=   0.100000000000000006    ; CpV0(1)=   0.100000000000000006    
  CpV1(0)=    1.00000000000000000    ; CpV1(1)=    1.00000000000000000    
  sigma=     0.270018011502707600    ; hbzero=     20.7355300000000007    
  e^2 chrg=   1.43997840859651305    ; CExPar=     1.00000000000000000    
  c.m. correction: F, chr. density in direct Coul: F
  use tensor terms: F
  use TMR pairing:  0

  Coupling constants in natural units
  -----------------------------------
  Crho_nu(0)=  -0.877667471343921757    ; Crho_nu(1)=   0.324009624211695935    
  CDrho_nu(0)=  0.941450913381434273    ; CDrho_nu(1)= -0.211831998717341041    
  Ctau_nu(0)=  -0.140321584905665799E-01; Ctau_nu(1)=  -0.476738799694694126    
  CrDr_nu(0)=  -0.634428573725363099    ; CrDr_nu(1)=   -1.54699192414870557    
  CrdJ_nu(0)=  -0.967742752472353418    ; CrdJ_nu(1)=  -0.420723005865499711    
  CJ_nu(0)=      0.00000000000000000    ; CJ_nu(1)=      0.00000000000000000    
  CpV0_nu(0)=   0.112611992142809880E-03; CpV0_nu(1)=   0.112611992142809880E-03
  CpV1_nu(0)=   0.887702254206059068E-03; CpV1_nu(1)=   0.887702254206059068E-03
  fpi_nu=        93.0000000000000000    ; Lambda_nu=     700.000000000000000    

  Nuclear matter properties
  ----------------------------------
      E_NM=     -15.8000000000000149      K_NM=     220.0000000000000284
      P_NM=      -0.0000000000000032    RHO_NM=       0.1587067693325870
    ASS_NM=      28.9867890577721070   LASS_NM=      40.0047904804136323
  SMASS_NM=       0.9924233322833640  VMASS_NM=       1.2498385742322700

  Associated (t,x)-coupling constants
  -----------------------------------
  t0=      -2078.32802325564080    ; x0=       0.537569206858470316E-01
  t1=       237.381483362698361    ; x1=       -3.89458096633902207    
  t2=       1190.49555865673733    ; x2=       -1.40287396196471703    
  t3=       14263.6462470775950    ; x3=      -0.162491168089956339    
  b4=       38.5901487963025289    ; b4p=       59.3607945566397817    
  te=      -354.773070323390357    ; to=       -164.150255264582540    
  sigma=   0.270018011502707600    ; hbzero=    20.7355300000000007    

  ---------------------------------------
        Characteristics of the run       
  ---------------------------------------
  Output file ................:     7
  Nucleus ....................:   MG  24
  Number of HO shells ........:     8
  HO length b0 (fm) ..........:     1.55928400372611
  Basis deformation ..........:  beta0=   0.010 q=   1.010
  HO: b0,1/b0,bp,bz,q ........:   0.15592840E+01  0.64131999E+00  0.15568270E+01  0.15642096E+01  0.10095067E+01
  h**2/(2m), cmc, e**2 .......:   0.20735530E+02  0.20735530E+02  0.14399784E+01
  hom=f*41.0_pr*A^{-1/3}, f...:   0.17056687E+02  0.12000000E+01
  THO basis is ...............:  OFF
  Maximal number of iterations:   400
  Initial mixing parameter ...:  0.300
  Initial w.f. ...............:  from   spherical scratch
  Skyrme functional ..........:    UNE1                          
    with direct and exchange Coulomb
  Lipkin-Nogami procedure is .:  OFF
  PAV procedure is ...........:  OFF
  Constraint calculation is ..:   ON
    Constraint 1 .............: lambda=2 Ql=   0.099
  Temperature T ..............:   0.05 MeV
  Restart indicator ..........:   1
  Broyden mixing (#iterations):   7

  ---------------------------------------
        Harmonic Oscillator Basis        
  ---------------------------------------
  NUV, NQP:                        2501     165
  Comparison with bookkeeping spherical basis:
  n00:                                8       8  Maximal number of shells
  nbx, 2*n00+1:                      17      17  Maximal number of K-blocks
  ntx, (n00+1)*(n00+2)*(n00+3)/6    165     165  Max.num. p/n levels
  nzx, n00:                           8       8  Maximal nz-quantum number
  nrx, n00/2  :                       4       4  Maximal nr-quantum number
  nlx, n00:                           8       8  Maximal ml-quantum number
  ndx, (n00+2)*(n00+2)/4:            25      25  Maximal dim. of one k-block

  Actual basis used
  Number of blocks: nb .......:   17
  Number of levels: nt .......:  165
  Maximal 2*omega : nom ......:   17
  Maximal nz:       nzm ......:    8
  Maximal nr:       nrm ......:    4
  Maximal ml:       nlm ......:    8
  Maximal N=nz+2*nr+nl .......:    8
  2 x biggest block dim. .....:   50
  Non-zero elements of h .....:     1333
  Number of Broyden elements .:     5332

  ---------------------------------------
            Integration Meshes           
  ---------------------------------------
  Number of Gauss-Hermite mesh points ngh ....:  40
  Number of Gauss-Laguerre mesh points ngl ...:  40
  Number of Gauss-Legendre mesh points nleg ..:  80
  Integration boundaries
    Hermite  - from xh(1)  =  0.12379686 to xh(ngh)   = 11.88786356
    Laguerre - From xl(1)  =  0.03570039 to xl(ngl)   =142.28004447
    Legendre - From xleg(1)=  0.00978669 to xleg(nleg)=  0.99988775
  Max.dev.in:     Orthogonality            Normalization
  Hermite     1.5248282503475657E-015   1.0991207943789050E-014
  Laguerre    4.2896485016951012E-015   8.9928064994637680E-015

  Scratch initialization for the nucleus: MG  12  12


  Initial potentials of Saxon-Woods shape 
  v0ws   =  -71.27999878
  kappa  =    0.46160001
  vs0    =   11.11750031   11.11750031
  r0     =    1.23339999    1.23339999
  a      =    0.61500001    0.61500001
  r0-so  =    1.14429998    1.14429998
  a-so   =    0.64760000    0.64760000
  beta00 =    0.01000000

  ### REGULAR STAGE (reflection symmetry imposed)
  |HFB+HO> iterations(b0=  1.559, Nsh=  8, inin=  1, N= 12, Z= 12)...
  ----------------------------------------------------------------------------------------------------------------------------------
  i          si     mix   beta      Etot       A       rn      rp         En      Dn      Ep      Dp        Ln      Lp     time
  ----------------------------------------------------------------------------------------------------------------------------------
   1L  73.90480883 0.30  0.010     0.000000    0.0   0.000   0.000 |   -2.000   1.000  -2.000   1.000 |   -7.000  -7.000   0.000
   2B  38.05320029 0.10  0.009   -60.689351   24.0   2.625   2.625 |    0.000  -0.000   0.000  -0.000 |  -17.169 -17.169  39.164
   3B   9.08622996 0.11  0.113  -157.066523   24.0   3.005   3.046 |    0.000  -0.000   0.000  -0.000 |  -11.218  -7.774   1.206
   4B   7.12918867 0.13  0.154  -177.013886   24.0   2.941   2.925 |    0.000  -0.000   0.000  -0.000 |  -11.703  -7.099   1.144
   5B  11.94729051 0.10  0.119  -153.585786   24.0   2.902   2.956 |    0.000  -0.000   0.000  -0.000 |  -11.546  -7.711   1.153
   6B   5.63033376 0.11  0.140  -174.103900   24.0   2.910   2.953 |    0.000  -0.000   0.000  -0.000 |  -11.951  -7.505   1.196
   7B   5.44983619 0.13  0.160  -179.731223   24.0   2.923   2.937 |    0.000  -0.000   0.000  -0.000 |  -12.160  -7.342   1.388
   8B   5.85564618 0.10  0.150  -181.537410   24.0   2.927   2.923 |    0.000  -0.000   0.000  -0.000 |  -12.210  -7.459   1.214
   9B   3.36204219 0.11  0.126  -181.181528   24.0   2.918   2.928 |    0.000  -0.000   0.000  -0.000 |  -12.175  -7.494   1.493
  10B   3.45069437 0.10 -0.004  -178.982325   24.0   2.912   2.925 |    0.000  -0.000   0.000  -0.000 |  -12.225  -7.476   1.495
  11B   3.72370906 0.10 -0.022  -178.752561   24.0   2.912   2.925 |    0.000  -0.000   0.000  -0.000 |  -12.221  -7.492   1.497
  12B   4.94580778 0.10 -0.024  -179.455181   24.0   2.912   2.925 |    0.000   0.000   0.000   0.000 |  -12.219  -7.511   1.685
  13B   3.22140653 0.11  0.081  -179.649075   24.0   2.909   2.932 |    0.000  -0.000   0.000  -0.000 |  -12.174  -7.487   1.615
  14B   2.02931004 0.13  0.078  -180.046705   24.0   2.910   2.927 |    0.000  -0.000   0.000  -0.000 |  -12.179  -7.518   1.661
  15B   1.42313592 0.14  0.010  -179.823749   24.0   2.905   2.926 |    0.000   0.000   0.000   0.000 |  -12.224  -7.557   1.641
  16B   0.99156272 0.16  0.020  -179.889673   24.0   2.905   2.924 |    0.000   0.000   0.000   0.000 |  -12.276  -7.564   1.662
  17B   0.91296545 0.18  0.020  -179.953191   24.0   2.905   2.924 |    0.000   0.000   0.000   0.000 |  -12.268  -7.583   1.276
  18B   0.15796540 0.21  0.041  -180.180091   24.0   2.903   2.925 |    0.000   0.000   0.000   0.000 |  -12.276  -7.607   1.438
  19B   0.12260149 0.24  0.036  -180.142472   24.0   2.903   2.924 |    0.000   0.000   0.000   0.000 |  -12.289  -7.611   1.530
  20B   0.18850033 0.10  0.035  -180.133699   24.0   2.903   2.924 |    0.000   0.000   0.000   0.000 |  -12.287  -7.615   0.986
  21B   0.12348834 0.11  0.037  -180.147160   24.0   2.903   2.924 |    0.000   0.000   0.000   0.000 |  -12.289  -7.616   1.316
  22B   0.07999505 0.13  0.040  -180.176714   24.0   2.903   2.924 |    0.000  -0.000   0.000  -0.000 |  -12.291  -7.619   1.549
  23B   0.06757515 0.14  0.038  -180.162029   24.0   2.903   2.924 |    0.000   0.000   0.000   0.000 |  -12.290  -7.616   1.075
  24B   0.03116536 0.16  0.038  -180.159969   24.0   2.903   2.924 |    0.000   0.000   0.000   0.000 |  -12.289  -7.617   1.626
  25B   0.04417832 0.10  0.040  -180.171280   24.0   2.903   2.924 |    0.000  -0.000   0.000  -0.000 |  -12.290  -7.617   1.587
  26B   0.02077700 0.11  0.039  -180.167240   24.0   2.903   2.924 |    0.000  -0.000   0.000  -0.000 |  -12.289  -7.617   0.971
  27B   0.00733870 0.13  0.039  -180.165074   24.0   2.903   2.924 |    0.000   0.000   0.000   0.000 |  -12.289  -7.617   1.063
  28B   0.00424954 0.14  0.039  -180.164213   24.0   2.903   2.924 |    0.000   0.000   0.000   0.000 |  -12.289  -7.617   0.971
  29B   0.00939396 0.10  0.038  -180.162277   24.0   2.903   2.924 |    0.000  -0.000   0.000  -0.000 |  -12.289  -7.617   1.684
  30B   0.01486176 0.10  0.039  -180.162979   24.0   2.903   2.924 |    0.000  -0.000   0.000  -0.000 |  -12.289  -7.617   1.532
  31B   0.00224455 0.11  0.039  -180.163534   24.0   2.903   2.924 |    0.000  -0.000   0.000  -0.000 |  -12.289  -7.617   1.649
  32B   0.00188210 0.13  0.039  -180.163743   24.0   2.903   2.924 |    0.000  -0.000   0.000  -0.000 |  -12.289  -7.617   1.628
  33B   0.00285751 0.10  0.039  -180.163775   24.0   2.903   2.924 |    0.000  -0.000   0.000  -0.000 |  -12.289  -7.617   1.577
  34B   0.00134512 0.11  0.039  -180.164030   24.0   2.903   2.924 |    0.000  -0.000   0.000  -0.000 |  -12.289  -7.617   1.604
  35B   0.00043330 0.13  0.039  -180.163843   24.0   2.903   2.924 |    0.000  -0.000   0.000  -0.000 |  -12.289  -7.617   0.967
  36B   0.00045994 0.10  0.039  -180.163907   24.0   2.903   2.924 |    0.000  -0.000   0.000  -0.000 |  -12.289  -7.617   1.588
  37B   0.00022256 0.11  0.039  -180.163901   24.0   2.903   2.924 |    0.000  -0.000   0.000  -0.000 |  -12.289  -7.617   1.494
  38B   0.00063741 0.10  0.039  -180.163988   24.0   2.903   2.924 |    0.000  -0.000   0.000  -0.000 |  -12.289  -7.617   1.591
  39B   0.00109694 0.10  0.039  -180.163980   24.0   2.903   2.924 |    0.000  -0.000   0.000  -0.000 |  -12.289  -7.617   1.079
  40B   0.00068694 0.11  0.039  -180.163993   24.0   2.903   2.924 |    0.000   0.000   0.000   0.000 |  -12.289  -7.617   1.193
  41B   0.00050996 0.13  0.039  -180.163967   24.0   2.903   2.924 |    0.000  -0.000   0.000  -0.000 |  -12.289  -7.617   1.538
  42B   0.00034512 0.14  0.039  -180.163939   24.0   2.903   2.924 |    0.000  -0.000   0.000  -0.000 |  -12.289  -7.617   1.678
  43B   0.00021445 0.16  0.039  -180.163917   24.0   2.903   2.924 |    0.000  -0.000   0.000  -0.000 |  -12.289  -7.617   1.258
  44B   0.00013292 0.18  0.039  -180.163888   24.0   2.903   2.924 |    0.000  -0.000   0.000  -0.000 |  -12.289  -7.617   1.533
  45B   0.00027695 0.10  0.039  -180.163867   24.0   2.903   2.924 |    0.000  -0.000   0.000  -0.000 |  -12.289  -7.617   1.351
  46B   0.00018587 0.11  0.039  -180.163869   24.0   2.903   2.924 |    0.000  -0.000   0.000  -0.000 |  -12.289  -7.617   1.056
  47B   0.00018024 0.13  0.039  -180.163880   24.0   2.903   2.924 |    0.000  -0.000   0.000  -0.000 |  -12.289  -7.617   1.024
  48B   0.00039904 0.10  0.039  -180.163876   24.0   2.903   2.924 |    0.000   0.000   0.000   0.000 |  -12.289  -7.617   1.471
  49B   0.00011783 0.11  0.039  -180.163865   24.0   2.903   2.924 |    0.000  -0.000   0.000  -0.000 |  -12.289  -7.617   1.374
  50B   0.00024150 0.10  0.039  -180.163844   24.0   2.903   2.924 |    0.000  -0.000   0.000  -0.000 |  -12.289  -7.617   1.098
  51B   0.00022659 0.11  0.039  -180.163846   24.0   2.903   2.924 |    0.000  -0.000   0.000  -0.000 |  -12.289  -7.617   1.467
  52B   0.00017994 0.13  0.039  -180.163854   24.0   2.903   2.924 |    0.000  -0.000   0.000  -0.000 |  -12.289  -7.617   1.446
  53B   0.00016074 0.14  0.039  -180.163857   24.0   2.903   2.924 |    0.000  -0.000   0.000  -0.000 |  -12.289  -7.617   1.445
  54B   0.00022497 0.10  0.039  -180.163857   24.0   2.903   2.924 |    0.000  -0.000   0.000  -0.000 |  -12.289  -7.617   1.648
  55B   0.00015641 0.11  0.039  -180.163866   24.0   2.903   2.924 |    0.000  -0.000   0.000  -0.000 |  -12.289  -7.617   1.476
  56B   0.00019905 0.10  0.039  -180.163850   24.0   2.903   2.924 |    0.000   0.000   0.000   0.000 |  -12.289  -7.617   1.726
  57B   0.00020368 0.10  0.039  -180.163850   24.0   2.903   2.924 |    0.000   0.000   0.000   0.000 |  -12.289  -7.617   1.617
  58B   0.00026660 0.10  0.039  -180.163838   24.0   2.903   2.924 |    0.000   0.000   0.000   0.000 |  -12.289  -7.617   0.971
  59B   0.00026997 0.10  0.039  -180.163839   24.0   2.903   2.924 |    0.000   0.000   0.000   0.000 |  -12.289  -7.617   1.566
  60B   0.00014363 0.11  0.039  -180.163860   24.0   2.903   2.924 |    0.000  -0.000   0.000  -0.000 |  -12.289  -7.617   1.549
  61B   0.00017115 0.10  0.039  -180.163862   24.0   2.903   2.924 |    0.000  -0.000   0.000  -0.000 |  -12.289  -7.617   1.431
  62B   0.00039742 0.10  0.039  -180.163867   24.0   2.903   2.924 |    0.000  -0.000   0.000  -0.000 |  -12.289  -7.617   1.475
  63B   0.00004301 0.11  0.039  -180.163882   24.0   2.903   2.924 |    0.000  -0.000   0.000  -0.000 |  -12.289  -7.617   1.504
  64B   0.00008889 0.10  0.039  -180.163871   24.0   2.903   2.924 |    0.000  -0.000   0.000  -0.000 |  -12.289  -7.617   1.510
  65B   0.00002492 0.11  0.039  -180.163882   24.0   2.903   2.924 |    0.000  -0.000   0.000  -0.000 |  -12.289  -7.617   1.002
  66B   0.00003202 0.10  0.039  -180.163883   24.0   2.903   2.924 |    0.000  -0.000   0.000  -0.000 |  -12.289  -7.617   1.384
  67B   0.00003299 0.10  0.039  -180.163887   24.0   2.903   2.924 |    0.000   0.000   0.000   0.000 |  -12.289  -7.617   1.549
  68B   0.00001250 0.11  0.039  -180.163885   24.0   2.903   2.924 |    0.000  -0.000   0.000  -0.000 |  -12.289  -7.617   0.897
  69B   0.00001163 0.13  0.039  -180.163885   24.0   2.903   2.924 |    0.000   0.000   0.000   0.000 |  -12.289  -7.617   1.400
  70B   0.00001417 0.10  0.039  -180.163886   24.0   2.903   2.924 |    0.000  -0.000   0.000  -0.000 |  -12.289  -7.617   1.472
  71B   0.00001271 0.11  0.039  -180.163886   24.0   2.903   2.924 |    0.000  -0.000   0.000  -0.000 |  -12.289  -7.617   1.547
  72B   0.00001063 0.13  0.039  -180.163885   24.0   2.903   2.924 |    0.000  -0.000   0.000  -0.000 |  -12.289  -7.617   1.490
  73B   0.00002587 0.10  0.039  -180.163888   24.0   2.903   2.924 |    0.000  -0.000   0.000  -0.000 |  -12.289  -7.617   1.406
  74B   0.00001763 0.11  0.039  -180.163886   24.0   2.903   2.924 |    0.000  -0.000   0.000  -0.000 |  -12.289  -7.617   1.044
  75B   0.00001235 0.13  0.039  -180.163885   24.0   2.903   2.924 |    0.000  -0.000   0.000  -0.000 |  -12.289  -7.617   1.215
  76B   0.00000889 0.14  0.039  -180.163884   24.0   2.903   2.924 |    0.000   0.000   0.000   0.000 |  -12.289  -7.617   0.987
  77B   0.00001572 0.10  0.039  -180.163885   24.0   2.903   2.924 |    0.000   0.000   0.000   0.000 |  -12.289  -7.617   0.988
  78B   0.00000794 0.11  0.039  -180.163883   24.0   2.903   2.924 |    0.000  -0.000   0.000  -0.000 |  -12.289  -7.617   1.001
  79B   0.00000482 0.13  0.039  -180.163883   24.0   2.903   2.924 |    0.000  -0.000   0.000  -0.000 |  -12.289  -7.617   1.121
  80B   0.00001052 0.10  0.039  -180.163883   24.0   2.903   2.924 |    0.000  -0.000   0.000  -0.000 |  -12.289  -7.617   0.916
  81B   0.00001370 0.10  0.039  -180.163881   24.0   2.903   2.924 |    0.000   0.000   0.000   0.000 |  -12.289  -7.617   0.965
  82B   0.00001465 0.10  0.039  -180.163881   24.0   2.903   2.924 |    0.000   0.000   0.000   0.000 |  -12.289  -7.617   1.431
  83B   0.00001441 0.11  0.039  -180.163881   24.0   2.903   2.924 |    0.000   0.000   0.000   0.000 |  -12.289  -7.617   1.359
  84B   0.00001259 0.13  0.039  -180.163881   24.0   2.903   2.924 |    0.000   0.000   0.000   0.000 |  -12.289  -7.617   1.117
  85B   0.00000710 0.14  0.039  -180.163882   24.0   2.903   2.924 |    0.000  -0.000   0.000  -0.000 |  -12.289  -7.617   1.443
  86B   0.00000462 0.16  0.039  -180.163883   24.0   2.903   2.924 |    0.000  -0.000   0.000  -0.000 |  -12.289  -7.617   1.324
  87B   0.00000609 0.10  0.039  -180.163883   24.0   2.903   2.924 |    0.000  -0.000   0.000  -0.000 |  -12.289  -7.617   1.379
  88B   0.00000359 0.11  0.039  -180.163883   24.0   2.903   2.924 |    0.000  -0.000   0.000  -0.000 |  -12.289  -7.617   1.126
  89B   0.00000404 0.10  0.039  -180.163883   24.0   2.903   2.924 |    0.000   0.000   0.000   0.000 |  -12.289  -7.617   0.915
  90B   0.00000372 0.11  0.039  -180.163883   24.0   2.903   2.924 |    0.000   0.000   0.000   0.000 |  -12.289  -7.617   1.037
  91B   0.00000352 0.13  0.039  -180.163883   24.0   2.903   2.924 |    0.000   0.000   0.000   0.000 |  -12.289  -7.617   1.018
  92B   0.00000171 0.14  0.039  -180.163883   24.0   2.903   2.924 |    0.000   0.000   0.000   0.000 |  -12.289  -7.617   1.081
  93B   0.00000063 0.16  0.039  -180.163883   24.0   2.903   2.924 |    0.000   0.000   0.000   0.000 |  -12.289  -7.617   1.704
  94B   0.00000040 0.18  0.039  -180.163883   24.0   2.903   2.924 |    0.000   0.000   0.000   0.000 |  -12.289  -7.617   1.229
  95B   0.00000102 0.10  0.039  -180.163884   24.0   2.903   2.924 |    0.000   0.000   0.000   0.000 |  -12.289  -7.617   0.941
  96B   0.00000134 0.10  0.039  -180.163884   24.0   2.903   2.924 |    0.000   0.000   0.000   0.000 |  -12.289  -7.617   1.435
  97B   0.00000157 0.10  0.039  -180.163884   24.0   2.903   2.924 |    0.000   0.000   0.000   0.000 |  -12.289  -7.617   1.437
  98B   0.00000160 0.10  0.039  -180.163884   24.0   2.903   2.924 |    0.000  -0.000   0.000  -0.000 |  -12.289  -7.617   1.486
  99B   0.00000156 0.11  0.039  -180.163884   24.0   2.903   2.924 |    0.000   0.000   0.000   0.000 |  -12.289  -7.617   1.016
 100B   0.00000153 0.13  0.039  -180.163884   24.0   2.903   2.924 |    0.000  -0.000   0.000  -0.000 |  -12.289  -7.617   0.976
 101B   0.00000123 0.14  0.039  -180.163884   24.0   2.903   2.924 |    0.000   0.000   0.000   0.000 |  -12.289  -7.617   1.404
 102B   0.00000140 0.10  0.039  -180.163884   24.0   2.903   2.924 |    0.000   0.000   0.000   0.000 |  -12.289  -7.617   1.324
 103B   0.00000171 0.10  0.039  -180.163884   24.0   2.903   2.924 |    0.000   0.000   0.000   0.000 |  -12.289  -7.617   1.353
 104B   0.00000232 0.10  0.039  -180.163884   24.0   2.903   2.924 |    0.000  -0.000   0.000  -0.000 |  -12.289  -7.617   1.249
 105B   0.00000226 0.11  0.039  -180.163884   24.0   2.903   2.924 |    0.000  -0.000   0.000  -0.000 |  -12.289  -7.617   0.923
 106B   0.00000217 0.13  0.039  -180.163884   24.0   2.903   2.924 |    0.000  -0.000   0.000  -0.000 |  -12.289  -7.617   1.363
 107B   0.00000165 0.14  0.039  -180.163884   24.0   2.903   2.924 |    0.000  -0.000   0.000  -0.000 |  -12.289  -7.617   1.565
 108B   0.00000064 0.16  0.039  -180.163884   24.0   2.903   2.924 |    0.000   0.000   0.000   0.000 |  -12.289  -7.617   1.062
 109B   0.00000017 0.18  0.039  -180.163883   24.0   2.903   2.924 |    0.000   0.000   0.000   0.000 |  -12.289  -7.617   1.197
 110B   0.00000021 0.10  0.039  -180.163883   24.0   2.903   2.924 |    0.000   0.000   0.000   0.000 |  -12.289  -7.617   1.098
 111B   0.00000028 0.10  0.039  -180.163883   24.0   2.903   2.924 |    0.000   0.000   0.000   0.000 |  -12.289  -7.617   1.134
 112B   0.00000024 0.11  0.039  -180.163883   24.0   2.903   2.924 |    0.000   0.000   0.000   0.000 |  -12.289  -7.617   1.383
 113B   0.00000004 0.13  0.039  -180.163883   24.0   2.903   2.924 |    0.000   0.000   0.000   0.000 |  -12.289  -7.617   1.079
 114B   0.00000009 0.10  0.039  -180.163883   24.0   2.903   2.924 |    0.000  -0.000   0.000  -0.000 |  -12.289  -7.617   1.539
 115B   0.00000004 0.11  0.039  -180.163883   24.0   2.903   2.924 |    0.000  -0.000   0.000  -0.000 |  -12.289  -7.617   1.429
 116B   0.00000003 0.13  0.039  -180.163883   24.0   2.903   2.924 |    0.000  -0.000   0.000  -0.000 |  -12.289  -7.617   1.542
 117B   0.00000007 0.10  0.039  -180.163883   24.0   2.903   2.924 |    0.000   0.000   0.000   0.000 |  -12.289  -7.617   0.840
 118B   0.00000004 0.11  0.039  -180.163883   24.0   2.903   2.924 |    0.000  -0.000   0.000  -0.000 |  -12.289  -7.617   1.002
 119B   0.00000002 0.13  0.039  -180.163883   24.0   2.903   2.924 |    0.000   0.000   0.000   0.000 |  -12.289  -7.617   1.072
 120B   0.00000001 0.14  0.039  -180.163883   24.0   2.903   2.924 |    0.000   0.000   0.000   0.000 |  -12.289  -7.617   1.005
 121B   0.00000001 0.10  0.039  -180.163883   24.0   2.903   2.924 |    0.000   0.000   0.000   0.000 |  -12.289  -7.617   0.943
 122B   0.00000001 0.11  0.039  -180.163883   24.0   2.903   2.924 |    0.000   0.000   0.000  -0.000 |  -12.289  -7.617   1.040
 123B   0.00000001 0.13  0.039  -180.163883   24.0   2.903   2.924 |    0.000  -0.000   0.000  -0.000 |  -12.289  -7.617   1.071
 124B   0.00000000 0.14  0.039  -180.163883   24.0   2.903   2.924 |    0.000  -0.000   0.000  -0.000 |  -12.289  -7.617   0.952
 125B   0.00000001 0.10  0.039  -180.163883   24.0   2.903   2.924 |    0.000  -0.000   0.000   0.000 |  -12.289  -7.617   0.528
 126B   0.00000000 0.11  0.039  -180.163883   24.0   2.903   2.924 |    0.000  -0.000   0.000   0.000 |  -12.289  -7.617   0.907
 127B   0.00000000 0.13  0.039  -180.163883   24.0   2.903   2.924 |    0.000  -0.000   0.000   0.000 |  -12.289  -7.617   0.807
 128B   0.00000000 0.10  0.039  -180.163883   24.0   2.903   2.924 |    0.000   0.000   0.000   0.000 |  -12.289  -7.617   0.774
  ----------------------------------------------------------------------------------------------------------------------------------
  *   iteration converged   after 128 steps   si=     0.0000000005 ho=  0 tho=  0
  ----------------------------------------------------------------------------------------------------------------------------------
  Total CPU time=   3.373 minutes

  Writing to wel_file: s012_012.hel
 __________________________________  
  The tape s012_012.hel recorded:     
  nucname,npr,ngh,ngl,n00,nb,nt      
  b0,beta0,si,etot,rms,bet,xmix      
  pairing:     CpV0,CpV1,pwi         
  delta:       del,ept               
  lambda:      ala,ala2,alast,tz     
  asymptotic:  varmas,ass,skass      
  ntx,nb,nhhdim,id,N_rz,n_r,n_z      
  Omega2,Sigma2,Parity,Lambda        
  matrices(inbro):    hh,de          
  *all blocking candidates           
 __________________________________  



 #quasiparticle energies neutrons
 --------------------------------
  eqp(k) -> q.p. energy 
  e(k)   -> referent s.p. energy 
  p(k)   -> occ.probability 
  del(k) -> referent s.p. gap 
  fermi energy alast=  -12.289250350388048     
  #k  block#    eqp(k)     e(k)       (1-2N)E      decay        p(k)        del(k)    overl      labels
   1    1     0.061927  -12.351178   -0.061927    1.543571    1.00000000   0.0000   0.6486  1+[ 2, 2, 0]
   2    1     2.034807  -10.254443    2.034807    1.662285    0.00000000   0.0000   0.7982  1+[ 2, 0, 0]
   3    1     6.359928   -5.929323    6.359928    1.896716    0.00000000   0.0000   0.7413  1+[ 2, 1, 1]
   4    1    23.232057  -35.521308  -23.232057    2.617682    1.00000000   0.0000   0.9877  1+[ 0, 0, 0]
   5    1    24.524340   12.235089   24.524340    2.664873    0.00000000   0.0000   0.6327  1+[ 4, 0, 0]
   6    1    24.995707   12.706457   24.995707    2.681879    0.00000000   0.0000   0.5848  1+[ 4, 2, 0]
   7    1    25.744190   13.454940   25.744190    2.708665    0.00000000   0.0000   0.5154  1+[ 4, 4, 0]
   8    1    27.682556   15.393306   27.682556    2.776830    0.00000000   0.0000   0.4581  1+[ 4, 1, 1]
   9    1    31.134069   18.844819   31.134069    2.894236    0.00000000   0.0000   0.5128  1+[ 4, 3, 1]
  10    1    46.293971   34.004720   46.293971    3.361701    0.00000000   0.0000   0.4084  1+[ 6, 2, 0]
  11    1    48.152035   35.862785   48.152035    3.414596    0.00000000   0.0000   0.3888  1+[ 6, 6, 0]
  12    1    49.214913   36.925662   49.214913    3.444488    0.00000000   0.0000   0.4440  1+[ 6, 0, 0]
  13    1    51.140987   38.851737   51.140987    3.498006    0.00000000   0.0000   0.3654  1+[ 4, 1, 1]
  14    1    51.310522   39.021272   51.310522    3.502678    0.00000000   0.0000   0.5104  1+[ 6, 4, 0]
  15    1    53.008323   40.719073   53.008323    3.549122    0.00000000   0.0000   0.3548  1+[ 6, 1, 1]
  16    1    54.821452   42.532201   54.821452    3.598059    0.00000000   0.0000   0.4874  1+[ 6, 3, 1]
  17    2     7.658191  -19.947441   -7.658191    1.961625    1.00000000   0.0000   0.8133  1-[ 1, 0, 1]
  18    2    11.418853  -23.708103  -11.418853    2.138557    1.00000000   0.0000   0.8116  1-[ 1, 1, 0]
  19    2    12.267128   -0.022123   12.267128    2.176479    0.00000000   0.0000   0.5837  1-[ 3, 2, 1]
  20    2    15.314864    3.025614   15.314864    2.307594    0.00000000   0.0000   0.5812  1-[ 3, 3, 0]
  21    2    16.332377    4.043127   16.332377    2.349739    0.00000000   0.0000   0.7014  1-[ 3, 0, 1]
  22    2    19.527867    7.238617   19.527867    2.477438    0.00000000   0.0000   0.6321  1-[ 3, 2, 1]
  23    2    37.270921   24.981671   37.270921    3.091995    0.00000000   0.0000   0.5349  1-[ 5, 1, 0]
  24    2    37.548276   25.259025   37.548276    3.100635    0.00000000   0.0000   0.5980  1-[ 5, 5, 0]
  25    2    38.546239   26.256988   38.546239    3.131525    0.00000000   0.0000   0.5466  1-[ 5, 0, 1]
  26    2    38.812095   26.522845   38.812095    3.139703    0.00000000   0.0000   0.5747  1-[ 5, 3, 0]
  27    2    42.401544   30.112294   42.401544    3.248101    0.00000000   0.0000   0.4102  1-[ 5, 4, 1]
  28    2    44.436219   32.146969   44.436219    3.307969    0.00000000   0.0000   0.4905  1-[ 5, 3, 0]
  29    2    65.077557   52.788307   65.077557    3.863223    0.00000000   0.0000   0.4435  1-[ 7, 6, 1]
  30    2    67.819244   55.529994   67.819244    3.931078    0.00000000   0.0000   0.5114  1-[ 7, 4, 1]
  31    2    70.828717   58.539467   70.828717    4.004238    0.00000000   0.0000   0.4615  1-[ 7, 7, 0]
  32    3     0.042241  -12.331491   -0.042241    1.542340    1.00000000   0.0000   0.8796  3+[ 2, 1, 1]
  33    3     6.403321   -5.885929    6.403321    1.898921    0.00000000   0.0000   0.8580  3+[ 2, 0, 2]
  34    3    25.012994   12.723743   25.012994    2.682501    0.00000000   0.0000   0.6221  3+[ 4, 3, 1]
  35    3    25.603943   13.314692   25.603943    2.703666    0.00000000   0.0000   0.5683  3+[ 4, 1, 1]
  36    3    27.456053   15.166803   27.456053    2.768951    0.00000000   0.0000   0.6195  3+[ 4, 0, 2]
  37    3    31.095530   18.806280   31.095530    2.892951    0.00000000   0.0000   0.6657  3+[ 4, 2, 2]
  38    3    46.253961   33.964711   46.253961    3.360553    0.00000000   0.0000   0.4825  3+[ 6, 5, 1]
  39    3    48.132031   35.842781   48.132031    3.414030    0.00000000   0.0000   0.3863  3+[ 6, 3, 1]
  40    3    51.236720   38.947470   51.236720    3.500645    0.00000000   0.0000   0.5266  3+[ 6, 0, 2]
  41    3    51.309653   39.020403   51.309653    3.502654    0.00000000   0.0000   0.5685  3+[ 6, 3, 1]
  42    3    52.959979   40.670729   52.959979    3.547808    0.00000000   0.0000   0.3901  3+[ 6, 2, 2]
  43    3    54.791029   42.501779   54.791029    3.597244    0.00000000   0.0000   0.5252  3+[ 6, 4, 2]
  44    4    11.413902  -23.703152  -11.413902    2.138334    1.00000000   0.0000   0.9746  3-[ 1, 0, 1]
  45    4    12.298447    0.009197   12.298447    2.177867    0.00000000   0.0000   0.7644  3-[ 3, 2, 1]
  46    4    15.410535    3.121285   15.410535    2.311589    0.00000000   0.0000   0.8197  3-[ 3, 0, 1]
  47    4    19.528237    7.238987   19.528237    2.477453    0.00000000   0.0000   0.7863  3-[ 3, 1, 2]
  48    4    37.210865   24.921615   37.210865    3.090121    0.00000000   0.0000   0.7605  3-[ 5, 0, 1]
  49    4    37.441560   25.152310   37.441560    3.097314    0.00000000   0.0000   0.5774  3-[ 5, 4, 1]
  50    4    38.829410   26.540160   38.829410    3.140235    0.00000000   0.0000   0.5819  3-[ 5, 2, 1]
  51    4    42.305173   30.015923   42.305173    3.245238    0.00000000   0.0000   0.5670  3-[ 5, 1, 2]
  52    4    44.416666   32.127415   44.416666    3.307399    0.00000000   0.0000   0.6177  3-[ 5, 3, 2]
  53    4    65.071056   52.781806   65.071056    3.863061    0.00000000   0.0000   0.5287  3-[ 7, 6, 1]
  54    4    67.830708   55.541457   67.830708    3.931360    0.00000000   0.0000   0.5826  3-[ 7, 4, 1]
  55    4    70.856683   58.567433   70.856683    4.004912    0.00000000   0.0000   0.4475  3-[ 7, 6, 1]
  56    5     0.005046  -12.294297   -0.005046    1.540013    1.00000000   0.0000   0.9743  5+[ 2, 0, 2]
  57    5    25.049965   12.760715   25.049965    2.683830    0.00000000   0.0000   0.8094  5+[ 4, 2, 2]
  58    5    25.402392   13.113141   25.402392    2.696466    0.00000000   0.0000   0.7655  5+[ 4, 0, 2]
  59    5    31.027370   18.738119   31.027370    2.890678    0.00000000   0.0000   0.7628  5+[ 4, 1, 3]
  60    5    46.175400   33.886150   46.175400    3.358297    0.00000000   0.0000   0.4879  5+[ 6, 4, 2]
  61    5    48.114607   35.825356   48.114607    3.413538    0.00000000   0.0000   0.5950  5+[ 6, 0, 2]
  62    5    51.308765   39.019514   51.308765    3.502630    0.00000000   0.0000   0.5670  5+[ 6, 4, 2]
  63    5    52.871362   40.582112   52.871362    3.545398    0.00000000   0.0000   0.5525  5+[ 6, 1, 3]
  64    5    54.732812   42.443562   54.732812    3.595682    0.00000000   0.0000   0.6515  5+[ 6, 3, 3]
  65    6    12.365237    0.075987   12.365237    2.180823    0.00000000   0.0000   0.9124  5-[ 3, 1, 2]
  66    6    19.547597    7.258347   19.547597    2.478206    0.00000000   0.0000   0.8589  5-[ 3, 0, 3]
  67    6    37.282330   24.993080   37.282330    3.092351    0.00000000   0.0000   0.6657  5-[ 5, 1, 2]
  68    6    38.865730   26.576480   38.865730    3.141350    0.00000000   0.0000   0.6867  5-[ 5, 3, 2]
  69    6    42.134522   29.845272   42.134522    3.240162    0.00000000   0.0000   0.6910  5-[ 5, 0, 3]
  70    6    44.382227   32.092976   44.382227    3.306395    0.00000000   0.0000   0.7417  5-[ 5, 2, 3]
  71    6    65.058479   52.769229   65.058479    3.862747    0.00000000   0.0000   0.5950  5-[ 7, 5, 2]
  72    6    67.854244   55.564994   67.854244    3.931937    0.00000000   0.0000   0.6053  5-[ 7, 3, 2]
  73    6    70.910204   58.620954   70.910204    4.006200    0.00000000   0.0000   0.6047  5-[ 7, 1, 2]
  74    7    25.112175   12.822925   25.112175    2.686065    0.00000000   0.0000   0.9114  7+[ 4, 1, 3]
  75    7    30.943329   18.654079   30.943329    2.887872    0.00000000   0.0000   0.8102  7+[ 4, 0, 4]
  76    7    46.062560   33.773309   46.062560    3.355055    0.00000000   0.0000   0.6897  7+[ 6, 1, 3]
  77    7    51.309605   39.020355   51.309605    3.502653    0.00000000   0.0000   0.7169  7+[ 6, 3, 3]
  78    7    52.755504   40.466254   52.755504    3.542245    0.00000000   0.0000   0.6293  7+[ 6, 0, 4]
  79    7    54.651591   42.362340   54.651591    3.593503    0.00000000   0.0000   0.7444  7+[ 6, 2, 4]
  80    8    12.473296    0.184045   12.473296    2.185597    0.00000000   0.0000   0.9782  7-[ 3, 0, 3]
  81    8    37.112333   24.823083   37.112333    3.087044    0.00000000   0.0000   0.8203  7-[ 5, 0, 3]
  82    8    38.924475   26.635224   38.924475    3.143154    0.00000000   0.0000   0.8344  7-[ 5, 2, 3]
  83    8    44.340797   32.051547   44.340797    3.305186    0.00000000   0.0000   0.8230  7-[ 5, 1, 4]
  84    8    65.040715   52.751464   65.040715    3.862303    0.00000000   0.0000   0.5971  7-[ 7, 2, 3]
  85    8    67.891087   55.601837   67.891087    3.932841    0.00000000   0.0000   0.6569  7-[ 7, 4, 3]
  86    8    70.987713   58.698462   70.987713    4.008066    0.00000000   0.0000   0.8100  7-[ 7, 0, 3]
  87    9    25.205292   12.916041   25.205292    2.689407    0.00000000   0.0000   0.9596  9+[ 4, 0, 4]
  88    9    45.923605   33.634355   45.923605    3.351057    0.00000000   0.0000   0.8010  9+[ 6, 0, 4]
  89    9    51.314665   39.025415   51.314665    3.502792    0.00000000   0.0000   0.8282  9+[ 6, 2, 4]
  90    9    54.553797   42.264547   54.553797    3.590877    0.00000000   0.0000   0.8060  9+[ 6, 1, 5]
  91   10    39.011047   26.721796   39.011047    3.145809    0.00000000   0.0000   0.9279  9-[ 5, 1, 4]
  92   10    44.302539   32.013288   44.302539    3.304069    0.00000000   0.0000   0.8647  9-[ 5, 0, 5]
  93   10    65.019199   52.729949   65.019199    3.861766    0.00000000   0.0000   0.8237  9-[ 7, 1, 4]
  94   10    67.943138   55.653888   67.943138    3.934117    0.00000000   0.0000   0.7964  9-[ 7, 3, 4]
  95   11    51.327174   39.037924   51.327174    3.503136    0.00000000   0.0000   0.8990 11+[ 6, 1, 5]
  96   11    54.447397   42.158147   54.447397    3.588018    0.00000000   0.0000   0.8399 11+[ 6, 0, 6]
  97   12    39.133484   26.844234   39.133484    3.149561    0.00000000   0.0000   0.9677 11-[ 5, 0, 5]
  98   12    64.996078   52.706828   64.996078    3.861188    0.00000000   0.0000   0.9334 11-[ 7, 0, 5]
  99   12    68.013038   55.723788   68.013038    3.935830    0.00000000   0.0000   0.9016 11-[ 7, 2, 5]
 100   13    51.351211   39.061960   51.351211    3.503798    0.00000000   0.0000   0.9312 13+[ 6, 0, 6]
 101   14    68.104302   55.815051   68.104302    3.938066    0.00000000   0.0000   0.9690 13-[ 7, 1, 6]
 102   16    68.221520   55.932270   68.221520    3.940936    0.00000000   0.0000   1.0000 15-[ 7, 0, 7]
#all active are  102 q.p. states out of  165
#since the cut off is pwi=  60.0
#check: number of neutrons=  14.0


 #canonical s.p. energies neutrons
 ---------------------------------


  labels -> {2*omega}{parity}[nn=nz+2*nr+nl,nz,nl]
  cqpe   -> canonical q.p. energies
  ce     -> canonical s.p. energies
  fermi energy=  -12.289250350388048     
  average cdelt=  -1.1454064288501334E-020
  k0      ceqp        ce         v*v       u*v        cdel     overl      labels
   1   14.785412   14.785412   0.00000000   0.00000000   0.0000   0.6119  1+[ 4, 0, 0]
   2   21.970872   21.970872   0.00000000   0.00000000   0.0000   0.7276  1+[ 4, 3, 1]
   3   47.258456   47.258456   0.00000000   0.00000000   0.0000   0.5053  1+[ 8, 0, 0]
   4   39.081136   39.081136   0.00000000   0.00000000   0.0000   0.5753  1+[ 6, 0, 0]
   5   44.415362   44.415362   0.00000000   0.00000000   0.0000   0.5224  1+[ 6, 0, 0]
   6   59.716543   59.716543   0.00000000   0.00000000   0.0000   0.4828  1+[ 8, 1, 1]
   8   58.436026   58.436026   0.00000000   0.00000000   0.0000   0.4703  1+[ 8, 5, 1]
   9   58.995492   58.995492   0.00000000   0.00000000   0.0000   0.4049  1+[ 6, 6, 0]
  11   45.414034   45.414034   0.00000000   0.00000000   0.0000   0.7127  1+[ 6, 5, 1]
  12   45.318577   45.318577   0.00000000   0.00000000   0.0000   0.6200  1+[ 6, 4, 0]
  13   49.802651   49.802651   0.00000000   0.00000000   0.0000   0.5991  1+[ 6, 2, 0]
  17   48.223440   48.223440   0.00000000   0.00000000   0.0000   0.5365  1+[ 8, 3, 1]
  18   47.723633   47.723633   0.00000000   0.00000000   0.0000   0.4244  1+[ 8, 7, 1]
  19   48.444913   48.444913   0.00000000   0.00000000   0.0000   0.4746  1+[ 8, 6, 0]
  20   28.521468   28.521468   0.00000000   0.00000000   0.0000   0.6826  1+[ 4, 2, 0]
  21   11.959601   11.959601   0.00000000   0.00000000   0.0000   0.6118  1+[ 4, 4, 0]
  22   10.593589   10.593589   0.00000000   0.00000000   0.0000   0.4782  1+[ 4, 4, 0]
  23   -9.257755   -9.257755   0.00000000   0.00000002   0.0000   0.7482  1+[ 2, 0, 0]
  24  -12.227323  -12.351178   0.77531115   0.41737725   0.0000   0.6486  1+[ 2, 2, 0]
  25   10.942807  -35.521308   1.00000000   0.00000000   0.0000   0.9877  1+[ 0, 0, 0]
  26    5.987828    5.987828   0.00000000   0.00000000   0.0000   0.8669  1-[ 3, 2, 1]
  27   12.702997   12.702997   0.00000000   0.00000000   0.0000   0.8292  1-[ 3, 3, 0]
  28   10.234058   10.234058   0.00000000   0.00000000   0.0000   0.8417  1-[ 3, 1, 0]
  29   31.828597   31.828597   0.00000000   0.00000000   0.0000   0.7109  1-[ 5, 4, 1]
  30   36.081970   36.081970   0.00000000   0.00000000   0.0000   0.7357  1-[ 5, 3, 0]
  31   51.565841   51.565841   0.00000000   0.00000000   0.0000   0.6317  1-[ 7, 5, 0]
  32   51.263428   51.263428   0.00000000   0.00000000   0.0000   0.7756  1-[ 7, 3, 0]
  33   54.400677   54.400677   0.00000000   0.00000000   0.0000   0.7074  1-[ 7, 2, 1]
  34   53.490814   53.490814   0.00000000   0.00000000   0.0000   0.7891  1-[ 7, 6, 1]
  35   59.565213   59.565213   0.00000000   0.00000000   0.0000   0.6681  1-[ 7, 4, 1]
  36   55.043190   55.043190   0.00000000   0.00000000   0.0000   0.7274  1-[ 7, 1, 0]
  37   52.651042   52.651042   0.00000000   0.00000000   0.0000   0.5324  1-[ 7, 4, 1]
  38   52.210145   52.210145   0.00000000   0.00000000   0.0000   0.9781  1-[ 7, 0, 1]
  39   38.843421   38.843421   0.00000000   0.00000000   0.0000   0.6775  1-[ 5, 1, 0]
  40   31.412933   31.412933   0.00000000   0.00000000   0.0000   0.8574  1-[ 5, 5, 0]
  41   30.590258   30.590258   0.00000000   0.00000000   0.0000   0.7187  1-[ 5, 2, 1]
  42   27.626907   27.626907   0.00000000   0.00000000   0.0000   0.7934  1-[ 5, 0, 1]
  43    5.452418    5.452418   0.00000000   0.00000001   0.0000   0.8549  1-[ 3, 0, 1]
  44   -2.019019  -22.559482   1.00000000   0.00000002   0.0000   0.9759  1-[ 1, 1, 0]
  45   -3.482438  -21.096063   1.00000000   0.00000000   0.0000   0.9758  1-[ 1, 0, 1]
  46   -1.131842   -1.131842   0.00000000   0.00000000   0.0000   0.8980  3+[ 2, 0, 2]
  47   21.198316   21.198316   0.00000000   0.00000000   0.0000   0.9435  3+[ 4, 1, 1]
  48   36.467401   36.467401   0.00000000   0.00000000   0.0000   0.5041  3+[ 6, 3, 1]
  49   43.559534   43.559534   0.00000000   0.00000000   0.0000   0.5136  3+[ 8, 1, 1]
  52   42.727030   42.727030   0.00000000   0.00000000   0.0000   0.5240  3+[ 6, 1, 1]
  56   46.404414   46.404414   0.00000000   0.00000000   0.0000   0.6953  3+[ 6, 4, 2]
  58   44.996061   44.996061   0.00000000   0.00000000   0.0000   0.5197  3+[ 6, 2, 2]
  60   54.800539   54.800539   0.00000000   0.00000000   0.0000   0.6062  3+[ 8, 5, 1]
  61   54.505152   54.505152   0.00000000   0.00000000   0.0000   0.6638  3+[ 8, 0, 2]
  62   39.849436   39.849436   0.00000000   0.00000000   0.0000   0.6141  3+[ 4, 2, 2]
  63   19.271374   19.271374   0.00000000   0.00000000   0.0000   0.7371  3+[ 4, 3, 1]
  64   17.858943   17.858943   0.00000000   0.00000000   0.0000   0.6630  3+[ 4, 0, 2]
  65  -12.247010  -12.331491   0.69947868   0.45848474   0.0000   0.8796  3+[ 2, 1, 1]
  66    8.844043    8.844043   0.00000000   0.00000000   0.0000   0.9666  3-[ 3, 1, 2]
  67    3.536482    3.536482   0.00000000   0.00000000   0.0000   0.9345  3-[ 3, 2, 1]
  68   29.967560   29.967560   0.00000000   0.00000000   0.0000   0.9362  3-[ 5, 0, 1]
  69   32.784184   32.784184   0.00000000   0.00000000   0.0000   0.5928  3-[ 7, 2, 1]
  70   45.292752   45.292752   0.00000000   0.00000000   0.0000   0.5977  3-[ 7, 2, 1]
  71   46.785377   46.785377   0.00000000   0.00000000   0.0000   0.9105  3-[ 5, 1, 2]
  72   59.108455   59.108455   0.00000000   0.00000000   0.0000   0.9464  3-[ 7, 3, 2]
  73   56.350817   56.350817   0.00000000   0.00000000   0.0000   0.9573  3-[ 7, 5, 2]
  74   42.879517   42.879517   0.00000000   0.00000000   0.0000   0.9118  3-[ 7, 1, 2]
  75   34.162648   34.162648   0.00000000   0.00000000   0.0000   0.9827  3-[ 5, 3, 2]
  76   57.055889   57.055889   0.00000000   0.00000000   0.0000   0.7201  3-[ 7, 6, 1]
  77   50.900614   50.900614   0.00000000   0.00000000   0.0000   0.5831  3-[ 7, 0, 1]
  78   49.995513   49.995513   0.00000000   0.00000000   0.0000   0.6856  3-[ 7, 0, 1]
  79   46.304291   46.304291   0.00000000   0.00000000   0.0000   0.8458  3-[ 5, 2, 1]
  80    5.289758    5.289758   0.00000000   0.00000001   0.0000   0.8816  3-[ 3, 0, 1]
  81   -0.875349  -23.703152   1.00000000   0.00000000   0.0000   0.9746  3-[ 1, 0, 1]
  82   23.798505   23.798505   0.00000000   0.00000000   0.0000   0.8203  5+[ 4, 1, 3]
  83   55.613807   55.613807   0.00000000   0.00000000   0.0000   0.9336  5+[ 8, 0, 2]
  85   54.814154   54.814154   0.00000000   0.00000000   0.0000   0.8149  5+[ 6, 2, 2]
  86   52.927197   52.927197   0.00000000   0.00000000   0.0000   0.6065  5+[ 8, 4, 2]
  87   57.106757   57.106757   0.00000000   0.00000000   0.0000   0.7506  5+[ 8, 3, 3]
  90   51.512419   51.512419   0.00000000   0.00000000   0.0000   0.9449  5+[ 6, 3, 3]
  92   55.514592   55.514592   0.00000000   0.00000000   0.0000   0.8358  5+[ 6, 4, 2]
  93   58.115939   58.115939   0.00000000   0.00000000   0.0000   0.6920  5+[ 8, 4, 2]
  94   46.132051   46.132051   0.00000000   0.00000000   0.0000   0.9007  5+[ 6, 0, 2]
  95   17.076903   17.076903   0.00000000   0.00000000   0.0000   0.8840  5+[ 4, 2, 2]
  96   20.958442   20.958442   0.00000000   0.00000000   0.0000   0.6882  5+[ 4, 0, 2]
  97  -12.284204  -12.294297   0.52521017   0.49936404   0.0000   0.9743  5+[ 2, 0, 2]
  98   55.925444   55.925444   0.00000000   0.00000000   0.0000   0.5814  5-[ 7, 0, 3]
  99   31.571342   31.571342   0.00000000   0.00000000   0.0000   0.6701  5-[ 3, 1, 2]
 100   38.200837   38.200837   0.00000000   0.00000000   0.0000   0.5960  5-[ 3, 1, 2]
 101   52.985846   52.985846   0.00000000   0.00000000   0.0000   0.5231  5-[ 7, 3, 2]
 102   45.959454   45.959454   0.00000000   0.00000000   0.0000   0.5582  5-[ 7, 0, 3]
 103   26.715705   26.715705   0.00000000   0.00000000   0.0000   0.6736  5-[ 5, 1, 2]
 104   28.916486   28.916486   0.00000000   0.00000000   0.0000   0.7144  5-[ 5, 2, 3]
 105   45.617896   45.617896   0.00000000   0.00000000   0.0000   0.6949  5-[ 7, 4, 3]
 106   49.563057   49.563057   0.00000000   0.00000000   0.0000   0.5170  5-[ 7, 1, 2]
 107   52.357112   52.357112   0.00000000   0.00000000   0.0000   0.5511  5-[ 7, 3, 2]
 108   32.869466   32.869466   0.00000000   0.00000000   0.0000   0.6643  5-[ 3, 0, 3]
 109   19.929425   19.929425   0.00000000   0.00000000   0.0000   0.7093  5-[ 3, 0, 3]
 110   27.339108   27.339108   0.00000000   0.00000000   0.0000   0.9245  7+[ 4, 0, 4]
 112   55.158895   55.158895   0.00000000   0.00000000   0.0000   0.7758  7+[ 6, 1, 3]
 115   52.265870   52.265870   0.00000000   0.00000000   0.0000   0.5519  7+[ 6, 2, 4]
 116   46.351490   46.351490   0.00000000   0.00000000   0.0000   0.5908  7+[ 8, 0, 4]
 117   49.960635   49.960635   0.00000000   0.00000000   0.0000   0.5921  7+[ 6, 3, 3]
 119   32.996263   32.996263   0.00000000   0.00000000   0.0000   0.5798  7+[ 4, 1, 3]
 121   40.878596   40.878596   0.00000000   0.00000000   0.0000   0.7153  7+[ 4, 1, 3]
 123    4.903950    4.903950   0.00000000   0.00000000   0.0000   0.9673  7-[ 3, 0, 3]
 124   53.827378   53.827378   0.00000000   0.00000000   0.0000   0.6703  7-[ 7, 4, 3]
 125   27.589711   27.589711   0.00000000   0.00000000   0.0000   0.6530  7-[ 5, 0, 3]
 126   47.599829   47.599829   0.00000000   0.00000000   0.0000   0.5664  7-[ 7, 2, 3]
 127   53.945251   53.945251   0.00000000   0.00000000   0.0000   0.6446  7-[ 7, 1, 4]
 128   53.129141   53.129141   0.00000000   0.00000000   0.0000   0.6861  7-[ 5, 0, 3]
 129   36.935086   36.935086   0.00000000   0.00000000   0.0000   0.7089  7-[ 5, 1, 4]
 130   37.127814   37.127814   0.00000000   0.00000000   0.0000   0.6903  7-[ 5, 2, 3]
 131   18.173173   18.173173   0.00000000   0.00000000   0.0000   0.9593  9+[ 4, 0, 4]
 132   42.121208   42.121208   0.00000000   0.00000000   0.0000   0.5778  9+[ 6, 1, 5]
 135   49.257403   49.257403   0.00000000   0.00000000   0.0000   0.6953  9+[ 6, 1, 5]
 136   46.683680   46.683680   0.00000000   0.00000000   0.0000   0.6022  9+[ 6, 2, 4]
 140   37.247146   37.247146   0.00000000   0.00000000   0.0000   0.6058  9-[ 7, 0, 5]
 141   56.026136   56.026136   0.00000000   0.00000000   0.0000   0.9419  9-[ 7, 3, 4]
 142   36.472855   36.472855   0.00000000   0.00000000   0.0000   0.6759  9-[ 5, 1, 4]
 143   46.715584   46.715584   0.00000000   0.00000000   0.0000   0.8653  9-[ 7, 1, 4]
 145   56.978741   56.978741   0.00000000   0.00000000   0.0000   0.6849  9-[ 7, 0, 5]
 147   56.406481   56.406481   0.00000000   0.00000000   0.0000   0.7512 11+[ 6, 0, 6]
 149   59.427482   59.427482   0.00000000   0.00000000   0.0000   0.7359 11+[ 8, 3, 5]
 150   44.607943   44.607943   0.00000000   0.00000000   0.0000   0.9103 11+[ 6, 1, 5]
 152   57.470717   57.470717   0.00000000   0.00000000   0.0000   0.7773 11-[ 7, 1, 6]
 153   29.852582   29.852582   0.00000000   0.00000000   0.0000   0.8269 11-[ 5, 0, 5]
 154   50.200112   50.200112   0.00000000   0.00000000   0.0000   0.8279 11-[ 7, 0, 5]
 159   39.252547   39.252547   0.00000000   0.00000000   0.0000   0.8990 13+[ 6, 0, 6]
 160   56.234043   56.234043   0.00000000   0.00000000   0.0000   1.0000 13-[ 7, 1, 6]
 162   55.932270   55.932270   0.00000000   0.00000000   0.0000   1.0000 15-[ 7, 0, 7]
  Sum canonical e_v*V^2_k=  -255.07742974339564     


 #quasiparticle energies protons 
 --------------------------------
  eqp(k) -> q.p. energy 
  e(k)   -> referent s.p. energy 
  p(k)   -> occ.probability 
  del(k) -> referent s.p. gap 
  fermi energy alast=  -7.6171725873014369     
  #k  block#    eqp(k)     e(k)       (1-2N)E      decay        p(k)        del(k)    overl      labels
   1    1     0.062061   -7.679234   -0.062061    1.217114    1.00000000   0.0000   0.6457  1+[ 2, 2, 0]
   2    1     2.000830   -5.616342    2.000830    1.362118    0.00000000   0.0000   0.7906  1+[ 2, 0, 0]
   3    1     6.216690   -1.400482    6.216690    1.633594    0.00000000   0.0000   0.7363  1+[ 2, 1, 1]
   4    1    23.021965  -30.639138  -23.021965    2.431144    1.00000000   0.0000   0.9865  1+[ 0, 0, 0]
   5    1    23.616696   15.999523   23.616696    2.454626    0.00000000   0.0000   0.6180  1+[ 4, 0, 0]
   6    1    24.554426   16.937254   24.554426    2.491201    0.00000000   0.0000   0.5956  1+[ 4, 2, 0]
   7    1    24.855107   17.237934   24.855107    2.502815    0.00000000   0.0000   0.5233  1+[ 4, 4, 0]
   8    1    26.754554   19.137381   26.754554    2.574975    0.00000000   0.0000   0.4440  1+[ 4, 1, 1]
   9    1    30.317980   22.700808   30.317980    2.705162    0.00000000   0.0000   0.5046  1+[ 4, 3, 1]
  10    1    45.346212   37.729040   45.346212    3.196394    0.00000000   0.0000   0.4021  1+[ 6, 2, 0]
  11    1    47.591926   39.974754   47.591926    3.263456    0.00000000   0.0000   0.3739  1+[ 6, 6, 0]
  12    1    48.773223   41.156051   48.773223    3.298185    0.00000000   0.0000   0.4599  1+[ 4, 0, 0]
  13    1    50.314402   42.697229   50.314402    3.342952    0.00000000   0.0000   0.5071  1+[ 6, 4, 0]
  14    1    50.628441   43.011269   50.628441    3.352000    0.00000000   0.0000   0.3797  1+[ 4, 1, 1]
  15    1    52.263388   44.646215   52.263388    3.398720    0.00000000   0.0000   0.3504  1+[ 6, 1, 1]
  16    1    53.686913   46.069740   53.686913    3.438881    0.00000000   0.0000   0.4789  1+[ 6, 3, 1]
  17    2     7.600190  -15.217363   -7.600190    1.713334    1.00000000   0.0000   0.8116  1-[ 1, 0, 1]
  18    2    11.310581  -18.927754  -11.310581    1.910830    1.00000000   0.0000   0.8102  1-[ 1, 1, 0]
  19    2    12.120362    4.503189   12.120362    1.951277    0.00000000   0.0000   0.5809  1-[ 3, 2, 1]
  20    2    14.921360    7.304187   14.921360    2.085140    0.00000000   0.0000   0.5664  1-[ 3, 3, 0]
  21    2    15.864732    8.247560   15.864732    2.128331    0.00000000   0.0000   0.6834  1-[ 3, 0, 1]
  22    2    19.122777   11.505605   19.122777    2.271186    0.00000000   0.0000   0.6268  1-[ 3, 2, 1]
  23    2    36.524463   28.907291   36.524463    2.918076    0.00000000   0.0000   0.5723  1-[ 5, 1, 0]
  24    2    36.801067   29.183895   36.801067    2.927205    0.00000000   0.0000   0.5769  1-[ 5, 5, 0]
  25    2    37.931877   30.314705   37.931877    2.964231    0.00000000   0.0000   0.5355  1-[ 5, 0, 1]
  26    2    38.193830   30.576657   38.193830    2.972743    0.00000000   0.0000   0.5717  1-[ 5, 3, 0]
  27    2    41.650698   34.033526   41.650698    3.082864    0.00000000   0.0000   0.3982  1-[ 5, 4, 1]
  28    2    43.594927   35.977755   43.594927    3.143104    0.00000000   0.0000   0.4872  1-[ 5, 3, 0]
  29    2    64.621466   57.004293   64.621466    3.732993    0.00000000   0.0000   0.4392  1-[ 7, 6, 1]
  30    2    67.042874   59.425702   67.042874    3.795042    0.00000000   0.0000   0.5121  1-[ 7, 4, 1]
  31    3     0.042346   -7.659518   -0.042346    1.215551    1.00000000   0.0000   0.8765  3+[ 2, 1, 1]
  32    3     6.252987   -1.364186    6.252987    1.635736    0.00000000   0.0000   0.8517  3+[ 2, 0, 2]
  33    3    24.568456   16.951284   24.568456    2.491744    0.00000000   0.0000   0.5785  3+[ 4, 3, 1]
  34    3    24.697679   17.080506   24.697679    2.496741    0.00000000   0.0000   0.5107  3+[ 4, 1, 1]
  35    3    26.507883   18.890710   26.507883    2.565719    0.00000000   0.0000   0.5984  3+[ 4, 0, 2]
  36    3    30.272459   22.655287   30.272459    2.703539    0.00000000   0.0000   0.6538  3+[ 4, 2, 2]
  37    3    45.308108   37.690936   45.308108    3.195244    0.00000000   0.0000   0.4756  3+[ 6, 5, 1]
  38    3    47.576949   39.959777   47.576949    3.263013    0.00000000   0.0000   0.3912  3+[ 4, 1, 1]
  39    3    50.311340   42.694168   50.311340    3.342863    0.00000000   0.0000   0.5656  3+[ 6, 3, 1]
  40    3    50.732647   43.115475   50.732647    3.354997    0.00000000   0.0000   0.5267  3+[ 4, 0, 2]
  41    3    52.219971   44.602799   52.219971    3.397487    0.00000000   0.0000   0.4012  3+[ 4, 2, 2]
  42    3    53.653671   46.036498   53.653671    3.437948    0.00000000   0.0000   0.5303  3+[ 6, 4, 2]
  43    4    11.302426  -18.919599  -11.302426    1.910418    1.00000000   0.0000   0.9725  3-[ 1, 0, 1]
  44    4    12.149902    4.532730   12.149902    1.952736    0.00000000   0.0000   0.7605  3-[ 3, 2, 1]
  45    4    14.982324    7.365151   14.982324    2.087958    0.00000000   0.0000   0.8058  3-[ 3, 0, 1]
  46    4    19.116633   11.499460   19.116633    2.270925    0.00000000   0.0000   0.7778  3-[ 3, 1, 2]
  47    4    36.489358   28.872185   36.489358    2.916916    0.00000000   0.0000   0.6579  3-[ 5, 0, 1]
  48    4    36.678841   29.061668   36.678841    2.923175    0.00000000   0.0000   0.4909  3-[ 5, 2, 1]
  49    4    38.208749   30.591577   38.208749    2.973227    0.00000000   0.0000   0.5749  3-[ 5, 2, 1]
  50    4    41.556353   33.939180   41.556353    3.079911    0.00000000   0.0000   0.5581  3-[ 5, 1, 2]
  51    4    43.572490   35.955317   43.572490    3.142415    0.00000000   0.0000   0.6150  3-[ 5, 3, 2]
  52    4    64.616354   56.999182   64.616354    3.732861    0.00000000   0.0000   0.5236  3-[ 7, 6, 1]
  53    4    67.053736   59.436564   67.053736    3.795318    0.00000000   0.0000   0.5834  3-[ 7, 4, 1]
  54    5     0.004865   -7.622037   -0.004865    1.212573    1.00000000   0.0000   0.9707  5+[ 2, 0, 2]
  55    5    24.474068   16.856896   24.474068    2.488088    0.00000000   0.0000   0.7328  5+[ 4, 0, 2]
  56    5    24.598619   16.981446   24.598619    2.492911    0.00000000   0.0000   0.7893  5+[ 4, 2, 2]
  57    5    30.190697   22.573525   30.190697    2.700620    0.00000000   0.0000   0.7483  5+[ 4, 1, 3]
  58    5    45.233704   37.616531   45.233704    3.192997    0.00000000   0.0000   0.4785  5+[ 6, 4, 2]
  59    5    47.567850   39.950677   47.567850    3.262744    0.00000000   0.0000   0.5755  5+[ 6, 0, 2]
  60    5    50.306087   42.688914   50.306087    3.342712    0.00000000   0.0000   0.5625  5+[ 6, 4, 2]
  61    5    52.140656   44.523484   52.140656    3.395235    0.00000000   0.0000   0.5452  5+[ 6, 1, 3]
  62    5    53.590155   45.972982   53.590155    3.436166    0.00000000   0.0000   0.6521  5+[ 6, 3, 3]
  63    6    12.213181    4.596008   12.213181    1.955860    0.00000000   0.0000   0.9081  5-[ 3, 1, 2]
  64    6    19.122307   11.505134   19.122307    2.271166    0.00000000   0.0000   0.8492  5-[ 3, 0, 3]
  65    6    36.422761   28.805589   36.422761    2.914713    0.00000000   0.0000   0.6602  5-[ 5, 1, 2]
  66    6    38.240270   30.623097   38.240270    2.974249    0.00000000   0.0000   0.6856  5-[ 5, 3, 2]
  67    6    41.389067   33.771894   41.389067    3.074667    0.00000000   0.0000   0.6775  5-[ 5, 0, 3]
  68    6    43.532394   35.915222   43.532394    3.141184    0.00000000   0.0000   0.7369  5-[ 5, 2, 3]
  69    6    64.606531   56.989358   64.606531    3.732607    0.00000000   0.0000   0.5891  5-[ 7, 5, 2]
  70    6    67.076051   59.458879   67.076051    3.795885    0.00000000   0.0000   0.6045  5-[ 7, 3, 2]
  71    7    24.648420   17.031247   24.648420    2.494837    0.00000000   0.0000   0.9020  7+[ 4, 1, 3]
  72    7    30.086648   22.469476   30.086648    2.696902    0.00000000   0.0000   0.7947  7+[ 4, 0, 4]
  73    7    45.127646   37.510473   45.127646    3.189792    0.00000000   0.0000   0.6780  7+[ 6, 1, 3]
  74    7    50.300322   42.683150   50.300322    3.342545    0.00000000   0.0000   0.7108  7+[ 6, 3, 3]
  75    7    52.037637   44.420464   52.037637    3.392307    0.00000000   0.0000   0.6139  7+[ 6, 0, 4]
  76    7    53.501707   45.884535   53.501707    3.433682    0.00000000   0.0000   0.7408  7+[ 6, 2, 4]
  77    8    12.316143    4.698970   12.316143    1.960930    0.00000000   0.0000   0.9735  7-[ 3, 0, 3]
  78    8    36.249199   28.632026   36.249199    2.908964    0.00000000   0.0000   0.8103  7-[ 5, 0, 3]
  79    8    38.291724   30.674551   38.291724    2.975917    0.00000000   0.0000   0.8303  7-[ 5, 2, 3]
  80    8    43.482605   35.865432   43.482605    3.139655    0.00000000   0.0000   0.8168  7-[ 5, 1, 4]
  81    8    64.592844   56.975672   64.592844    3.732254    0.00000000   0.0000   0.5952  7-[ 7, 2, 3]
  82    8    67.111016   59.493843   67.111016    3.796773    0.00000000   0.0000   0.6585  7-[ 7, 4, 3]
  83    9    24.724986   17.107814   24.724986    2.497796    0.00000000   0.0000   0.9495  9+[ 4, 0, 4]
  84    9    44.998242   37.381070   44.998242    3.185876    0.00000000   0.0000   0.7862  9+[ 6, 0, 4]
  85    9    50.296489   42.679317   50.296489    3.342435    0.00000000   0.0000   0.8208  9+[ 6, 2, 4]
  86    9    53.395430   45.778258   53.395430    3.430696    0.00000000   0.0000   0.7998  9+[ 6, 1, 5]
  87   10    38.368251   30.751078   38.368251    2.978397    0.00000000   0.0000   0.9219  9-[ 5, 1, 4]
  88   10    43.433162   35.815989   43.433162    3.138136    0.00000000   0.0000   0.8583  9-[ 5, 0, 5]
  89   10    64.576706   56.959533   64.576706    3.731837    0.00000000   0.0000   0.8198  9-[ 7, 1, 4]
  90   10    67.160467   59.543295   67.160467    3.798029    0.00000000   0.0000   0.7974  9-[ 7, 3, 4]
  91   11    50.297721   42.680549   50.297721    3.342470    0.00000000   0.0000   0.8908 11+[ 6, 1, 5]
  92   11    53.280166   45.662993   53.280166    3.427454    0.00000000   0.0000   0.8338 11+[ 6, 0, 6]
  93   12    38.477347   30.860174   38.477347    2.981927    0.00000000   0.0000   0.9614 11-[ 5, 0, 5]
  94   12    64.560301   56.943128   64.560301    3.731413    0.00000000   0.0000   0.9278 11-[ 7, 0, 5]
  95   12    67.226956   59.609784   67.226956    3.799717    0.00000000   0.0000   0.9019 11-[ 7, 2, 5]
  96   13    50.307952   42.690780   50.307952    3.342766    0.00000000   0.0000   0.9229 13+[ 6, 0, 6]
  97   14    67.313872   59.696700   67.313872    3.801923    0.00000000   0.0000   0.9690 13-[ 7, 1, 6]
  98   16    67.425650   59.808477   67.425650    3.804758    0.00000000   0.0000   1.0000 15-[ 7, 0, 7]
#all active are   98 q.p. states out of  165
#since the cut off is pwi=  60.0
#check: number of protons =  14.0


 #canonical s.p. energies protons 
 ---------------------------------


  labels -> {2*omega}{parity}[nn=nz+2*nr+nl,nz,nl]
  cqpe   -> canonical q.p. energies
  ce     -> canonical s.p. energies
  fermi energy=  -7.6171725873014369     
  average cdelt=   2.2918887289152713E-022
  k0      ceqp        ce         v*v       u*v        cdel     overl      labels
   1    4.586188    4.586188   0.00000000   0.00000000   0.0000   0.6919  1+[ 2, 0, 0]
   2    9.808393    9.808393   0.00000000   0.00000000   0.0000   0.4917  1+[ 2, 1, 1]
   3   28.055622   28.055622   0.00000000   0.00000000   0.0000   0.6377  1+[ 4, 3, 1]
   4   42.107672   42.107672   0.00000000   0.00000000   0.0000   0.5463  1+[ 4, 2, 0]
   6   56.899227   56.899227   0.00000000   0.00000000   0.0000   0.5028  1+[ 8, 0, 0]
   7   49.474483   49.474483   0.00000000   0.00000000   0.0000   0.5491  1+[ 6, 1, 1]
   8   49.720037   49.720037   0.00000000   0.00000000   0.0000   0.4860  1+[ 6, 5, 1]
  14   51.586569   51.586569   0.00000000   0.00000000   0.0000   0.6324  1+[ 6, 2, 0]
  17   47.507626   47.507626   0.00000000   0.00000000   0.0000   0.4718  1+[ 8, 6, 0]
  18   46.836205   46.836205   0.00000000   0.00000000   0.0000   0.5466  1+[ 8, 1, 1]
  19   50.734685   50.734685   0.00000000   0.00000000   0.0000   0.4207  1+[ 8, 6, 0]
  20   48.880812   48.880812   0.00000000   0.00000000   0.0000   0.4875  1+[ 4, 2, 0]
  21   32.142982   32.142982   0.00000000   0.00000000   0.0000   0.7280  1+[ 4, 0, 0]
  22   24.219668   24.219668   0.00000000   0.00000000   0.0000   0.6237  1+[ 4, 4, 0]
  23    9.889225    9.889225   0.00000000   0.00000001   0.0000   0.5062  1+[ 2, 0, 0]
  24   -7.555111   -7.679234   0.77577681   0.41706972   0.0000   0.6457  1+[ 2, 2, 0]
  25   15.404793  -30.639138   1.00000000   0.00000001   0.0000   0.9865  1+[ 0, 0, 0]
  26    9.467294    9.467294   0.00000000   0.00000000   0.0000   0.8225  1-[ 3, 0, 1]
  27   10.797309   10.797309   0.00000000   0.00000000   0.0000   0.6837  1-[ 3, 3, 0]
  28   18.560307   18.560307   0.00000000   0.00000000   0.0000   0.5896  1-[ 3, 3, 0]
  29   50.024742   50.024742   0.00000000   0.00000000   0.0000   0.6133  1-[ 5, 0, 1]
  30   41.786274   41.786274   0.00000000   0.00000000   0.0000   0.5356  1-[ 5, 5, 0]
  31   47.361965   47.361965   0.00000000   0.00000000   0.0000   0.6107  1-[ 7, 0, 1]
  32   53.495932   53.495932   0.00000000   0.00000000   0.0000   0.5498  1-[ 7, 4, 1]
  33   51.426330   51.426330   0.00000000   0.00000000   0.0000   0.4743  1-[ 7, 4, 1]
  34   53.701297   53.701297   0.00000000   0.00000000   0.0000   0.7993  1-[ 7, 7, 0]
  35   55.785639   55.785639   0.00000000   0.00000000   0.0000   0.6366  1-[ 7, 3, 0]
  37   59.245507   59.245507   0.00000000   0.00000000   0.0000   0.7745  1-[ 7, 1, 0]
  38   54.056751   54.056751   0.00000000   0.00000000   0.0000   0.5721  1-[ 7, 5, 0]
  39   43.960091   43.960091   0.00000000   0.00000000   0.0000   0.7758  1-[ 5, 1, 0]
  40   41.581121   41.581121   0.00000000   0.00000000   0.0000   0.5180  1-[ 5, 4, 1]
  41   38.826853   38.826853   0.00000000   0.00000000   0.0000   0.5709  1-[ 5, 0, 1]
  42   34.658340   34.658340   0.00000000   0.00000000   0.0000   0.5637  1-[ 5, 2, 1]
  43   12.116467   12.116467   0.00000000   0.00000001   0.0000   0.8405  1-[ 3, 2, 1]
  44    1.239403  -16.473749   1.00000000   0.00000003   0.0000   0.9109  1-[ 1, 1, 0]
  45    2.437023  -17.671368   1.00000000   0.00000000   0.0000   0.9097  1-[ 1, 0, 1]
  46   25.316014   25.316014   0.00000000   0.00000000   0.0000   0.6567  3+[ 4, 1, 1]
  47   37.700725   37.700725   0.00000000   0.00000000   0.0000   0.6224  3+[ 4, 0, 2]
  48   33.140091   33.140091   0.00000000   0.00000000   0.0000   0.6214  3+[ 4, 2, 2]
  50   54.763362   54.763362   0.00000000   0.00000000   0.0000   0.6115  3+[ 6, 3, 1]
  51   56.234374   56.234374   0.00000000   0.00000000   0.0000   0.5312  3+[ 6, 5, 1]
  53   58.494833   58.494833   0.00000000   0.00000000   0.0000   0.6458  3+[ 6, 2, 2]
  54   55.447633   55.447633   0.00000000   0.00000000   0.0000   0.5872  3+[ 8, 2, 2]
  56   46.068479   46.068479   0.00000000   0.00000000   0.0000   0.5291  3+[ 6, 4, 2]
  59   55.978572   55.978572   0.00000000   0.00000000   0.0000   0.4336  3+[ 8, 0, 2]
  61   44.534753   44.534753   0.00000000   0.00000000   0.0000   0.4406  3+[ 8, 0, 2]
  62   39.504884   39.504884   0.00000000   0.00000000   0.0000   0.5766  3+[ 6, 5, 1]
  63   27.324849   27.324849   0.00000000   0.00000000   0.0000   0.6958  3+[ 4, 1, 1]
  64    1.295092    1.295092   0.00000000   0.00000001   0.0000   0.8595  3+[ 2, 0, 2]
  65   -7.574827   -7.659518   0.69991937   0.45829275   0.0000   0.8765  3+[ 2, 1, 1]
  66   10.900793   10.900793   0.00000000   0.00000000   0.0000   0.6540  3-[ 3, 2, 1]
  67   12.230158   12.230158   0.00000000   0.00000000   0.0000   0.8945  3-[ 3, 1, 2]
  68   31.874771   31.874771   0.00000000   0.00000000   0.0000   0.6867  3-[ 5, 0, 1]
  69   56.846741   56.846741   0.00000000   0.00000000   0.0000   0.7847  3-[ 7, 0, 1]
  70   57.537392   57.537392   0.00000000   0.00000000   0.0000   0.9773  3-[ 7, 6, 1]
  71   39.520569   39.520569   0.00000000   0.00000000   0.0000   0.9808  3-[ 5, 3, 2]
  72   54.683049   54.683049   0.00000000   0.00000000   0.0000   0.8100  3-[ 5, 1, 2]
  73   56.118195   56.118195   0.00000000   0.00000000   0.0000   0.6929  3-[ 7, 1, 2]
  74   59.751479   59.751479   0.00000000   0.00000000   0.0000   0.7649  3-[ 7, 5, 2]
  75   51.027252   51.027252   0.00000000   0.00000000   0.0000   0.5432  3-[ 5, 1, 2]
  76   58.801449   58.801449   0.00000000   0.00000000   0.0000   0.7760  3-[ 7, 2, 1]
  78   37.397319   37.397319   0.00000000   0.00000000   0.0000   0.8929  3-[ 5, 4, 1]
  79   36.791803   36.791803   0.00000000   0.00000000   0.0000   0.6915  3-[ 5, 2, 1]
  80    8.635492    8.635492   0.00000000   0.00000000   0.0000   0.7047  3-[ 3, 2, 1]
  81    3.685254  -18.919599   1.00000000   0.00000000   0.0000   0.9725  3-[ 1, 0, 1]
  82   23.621130   23.621130   0.00000000   0.00000000   0.0000   0.8817  5+[ 4, 1, 3]
  83   26.107956   26.107956   0.00000000   0.00000000   0.0000   0.7038  5+[ 4, 0, 2]
  84   53.479739   53.479739   0.00000000   0.00000000   0.0000   0.8212  5+[ 6, 0, 2]
  86   52.455905   52.455905   0.00000000   0.00000000   0.0000   0.8723  5+[ 6, 3, 3]
  91   50.117376   50.117376   0.00000000   0.00000000   0.0000   0.6416  5+[ 8, 6, 2]
  93   54.261485   54.261485   0.00000000   0.00000000   0.0000   0.6231  5+[ 8, 4, 2]
  95   52.524337   52.524337   0.00000000   0.00000000   0.0000   0.7003  5+[ 8, 2, 2]
  96   23.502143   23.502143   0.00000000   0.00000000   0.0000   0.7329  5+[ 4, 2, 2]
  97   -7.612308   -7.622037   0.52430381   0.49940898   0.0000   0.9707  5+[ 2, 0, 2]
  98   16.401204   16.401204   0.00000000   0.00000000   0.0000   0.9093  5-[ 3, 1, 2]
  99   58.562827   58.562827   0.00000000   0.00000000   0.0000   0.6926  5-[ 7, 1, 2]
 102   33.081696   33.081696   0.00000000   0.00000000   0.0000   0.5656  5-[ 5, 2, 3]
 103   42.968025   42.968025   0.00000000   0.00000000   0.0000   0.5468  5-[ 7, 0, 3]
 104   26.286533   26.286533   0.00000000   0.00000000   0.0000   0.7034  5-[ 5, 1, 2]
 105   55.316090   55.316090   0.00000000   0.00000000   0.0000   0.5630  5-[ 5, 2, 3]
 106   49.320981   49.320981   0.00000000   0.00000000   0.0000   0.7292  5-[ 7, 5, 2]
 107   57.181988   57.181988   0.00000000   0.00000000   0.0000   0.5183  5-[ 7, 2, 3]
 108   41.471738   41.471738   0.00000000   0.00000000   0.0000   0.6205  5-[ 3, 0, 3]
 109   24.552204   24.552204   0.00000000   0.00000000   0.0000   0.7667  5-[ 3, 0, 3]
 110   52.004265   52.004265   0.00000000   0.00000000   0.0000   0.5282  7+[ 8, 1, 3]
 112   57.218584   57.218584   0.00000000   0.00000000   0.0000   0.8607  7+[ 6, 0, 4]
 114   50.500437   50.500437   0.00000000   0.00000000   0.0000   0.7934  7+[ 6, 2, 4]
 115   28.674626   28.674626   0.00000000   0.00000000   0.0000   0.9282  7+[ 4, 0, 4]
 116   47.213661   47.213661   0.00000000   0.00000000   0.0000   0.6493  7+[ 8, 3, 3]
 119   46.228004   46.228004   0.00000000   0.00000000   0.0000   0.6220  7+[ 6, 3, 3]
 121   41.653027   41.653027   0.00000000   0.00000000   0.0000   0.7312  7+[ 4, 1, 3]
 122   38.350436   38.350436   0.00000000   0.00000000   0.0000   0.6515  7-[ 7, 0, 3]
 123   52.767594   52.767594   0.00000000   0.00000000   0.0000   0.8582  7-[ 7, 4, 3]
 124    8.827263    8.827263   0.00000000   0.00000000   0.0000   0.9797  7-[ 3, 0, 3]
 127   54.187744   54.187744   0.00000000   0.00000000   0.0000   0.7538  7-[ 5, 0, 3]
 128   41.247253   41.247253   0.00000000   0.00000000   0.0000   0.6281  7-[ 5, 1, 4]
 130   35.779221   35.779221   0.00000000   0.00000000   0.0000   0.8197  7-[ 5, 2, 3]
 131   25.274731   25.274731   0.00000000   0.00000000   0.0000   0.9329  9+[ 4, 0, 4]
 132   53.462768   53.462768   0.00000000   0.00000000   0.0000   0.5751  9+[ 6, 0, 4]
 136   45.379198   45.379198   0.00000000   0.00000000   0.0000   0.7912  9+[ 6, 2, 4]
 137   49.943317   49.943317   0.00000000   0.00000000   0.0000   0.8599  9+[ 6, 1, 5]
 140   42.220534   42.220534   0.00000000   0.00000000   0.0000   0.5961  9-[ 7, 0, 5]
 141   59.710185   59.710185   0.00000000   0.00000000   0.0000   0.9208  9-[ 7, 3, 4]
 142   41.488740   41.488740   0.00000000   0.00000000   0.0000   0.6737  9-[ 5, 1, 4]
 143   47.351811   47.351811   0.00000000   0.00000000   0.0000   0.7852  9-[ 7, 1, 4]
 149   47.082951   47.082951   0.00000000   0.00000000   0.0000   0.9242 11+[ 6, 0, 6]
 150   51.592013   51.592013   0.00000000   0.00000000   0.0000   0.8456 11+[ 6, 1, 5]
 153   34.449838   34.449838   0.00000000   0.00000000   0.0000   0.7929 11-[ 5, 0, 5]
 155   53.477000   53.477000   0.00000000   0.00000000   0.0000   0.7937 11-[ 7, 0, 5]
 159   42.972597   42.972597   0.00000000   0.00000000   0.0000   0.8827 13+[ 6, 0, 6]
 162   59.808477   59.808477   0.00000000   0.00000000   0.0000   1.0000 15-[ 7, 0, 7]
  Sum canonical e_v*V^2_k=  -198.03706648318200     

  NB! From expect (UNPROJECTED RESULTS)

  pairing: CpV0,CpV1,...           0.100000       0.100000       1.000000       1.000000
  forces:   UNE1                          


                             neutrons         protons         total
  Requested part.numbs.      12.000000      12.000000      24.000000
  UnPj(av) part.numbs .      12.000000      12.000000      24.000000
  b0, bz, bp ..........       1.559284       1.564210       1.556827

  lambda (ala) ........     -12.289250      -7.617173
  Lambda (alast) ......     -12.289250      -7.617173
  delta(n,p), pwi .....      -0.000000       0.000000      60.000000
  pairing energy ......       0.000000       0.000000       0.000000

  rms-radius ..........       2.902831       2.924098       2.913484
  charge-radius, r0 ...                      3.031559       3.461399
  deformation beta2....       0.038773       0.038549       0.038660
  dipole moment[fm] ...       0.000000       0.000000       0.000000
  quadrupole moment[b]        0.049461       0.049898       0.099360
  octupole moment .....       0.000000       0.000000       0.000000
  hexadecapole moment .      -0.000042      -0.000047      -0.000089
  q5 ..................       0.000000       0.000000       0.000000
  q6 ..................      -0.000000      -0.000000      -0.000000
  q7 ..................       0.000000       0.000000       0.000000
  q8 ..................       0.000000       0.000000       0.000000

  <r^0> [fm^0] ........            1.000000            1.000000            1.000000
  <r^2> [fm^2] ........            8.426426            8.550348            8.488387
  <r^4> [fm^4] ........          101.900014          105.285029          103.592522
  <r^6> [fm^6] ........         1594.665950         1683.725559         1639.195755
  <r^8> [fm^8] ........        30750.070516        33259.523385        32004.796951

  kinetic energy ......     210.668350     207.614111     418.282461
  volume energy .......                                  -658.606511
        rho_tau .......                                    -1.836981
        rho_rho .......                                  -656.769530
  surface energy ......                                    52.608257
   rho_DELTA_rho ......                                    52.608257
   (NABLA_rho)^2 ......                                     0.000000
  spin-orbit energy ...                                   -21.667195
        rho_NABLA_J ...                                   -21.667195
        NABLA_rho_J ...                                     0.000000
  coulomb energy ......                                    29.219104
          direct ......                                    33.653596
          exchange ....                                    -4.434491
  tensor energy .......                                     0.000000
  direct Hartree E  ...                                     0.000000
  Extra E .............                                     0.000000
  External field E ....                                     0.000000
  Entropy .............       3.671919       3.670199       7.342118

  tEnergy: ehfb (qp)...                                  -180.163883

  Calculated but not added corrections 
====================================
  cmc-diagonal part ...       0.000000      -0.000000       0.000000
  cmc-hfb .............       0.000000       0.000000       0.000000
  cranking rot corr ...       0.000000       0.000000       0.000000

  SQUJ ................       0.000000       0.000000       0.000000
  CRAN x 4 ............       0.000000       0.000000       0.000000
  Rigit Body ..........       0.000000       0.000000       0.000000


   Blocking candidates are:
   neutron eqpmin=   5.0463133223293336E-003  pwiblo=   5.1031036307982882     
    num=   1 block=   5 state=   1    56 Eqp=   0.00504631  (1-2N)E=  -0.00504631  Ovlp=   0.97428508  5+[ 2, 0, 2]
    num=   2 block=   3 state=   1    32 Eqp=   0.04224083  (1-2N)E=  -0.04224083  Ovlp=   0.87964238  3+[ 2, 1, 1]
    num=   3 block=   1 state=   1     1 Eqp=   0.06192739  (1-2N)E=  -0.06192739  Ovlp=   0.64859309  1+[ 2, 2, 0]
    num=   4 block=   1 state=   2     2 Eqp=   2.03480719  (1-2N)E=   2.03480719  Ovlp=   0.79815513  1+[ 2, 0, 0]

   Blocking candidates are:
   proton  eqpmin=   4.8645961528578051E-003  pwiblo=   5.1031036307982882     
    num=   1 block=   5 state=   1    54 Eqp=   0.00486460  (1-2N)E=  -0.00486460  Ovlp=   0.97069717  5+[ 2, 0, 2]
    num=   2 block=   3 state=   1    31 Eqp=   0.04234570  (1-2N)E=  -0.04234570  Ovlp=   0.87648401  3+[ 2, 1, 1]
    num=   3 block=   1 state=   1     1 Eqp=   0.06206115  (1-2N)E=  -0.06206115  Ovlp=   0.64568136  1+[ 2, 2, 0]
    num=   4 block=   1 state=   2     2 Eqp=   2.00083032  (1-2N)E=   2.00083032  Ovlp=   0.79059943  1+[ 2, 0, 0]


