No Skyrme interaction defined in routine skforce()
Multi-threading framework with OpenMP: 1 threads/task

  =======================================
           FORTRAN 95 CODE (KIND= 8) 
               Version: 200d  
  =======================================
       AXIALLY DEFORMED CONFIGURATIONAL  
     HARTREE-FOCK-BOGOLIUBOV CALCULATIONS
                     WITH                
            UNEDF AND DELTA PAIRING      
                     USING               
             HARMONIC-OSCILLATOR         
                   AND/OR                
       TRANSFORMED HARMONIC-OSCILLATOR   
                    BASIS                
                     ---                 
               v1.66  (2005):,           
   Stoitsov,Dobaczewski,Nazarewicz,Ring, 
               v2.00d (2012):,           
         Stoitsov,Schunck,Kortelainen    
  =======================================
    Nucleus: MG (A=  24, N= 12, Z= 12)
       Reflection Symmetry Imposed       
            ( 9/13/2022, 19:16)                               
  =======================================


  ---------------------------------------
           UNEDF Module Version:17
         M.Kortelainen & M.Stoitsov 
  ---------------------------------------

  UNE1 functional
  ----------------------------------
  Crho(0)=   -779.373008720865300    ; Crho(1)=    287.722131583286796    
  CDrho(0)=   891.477890442349690    ; CDrho(1)=  -200.587774317884879    
  Ctau(0)=  -0.989915057807676746    ; Ctau(1)=   -33.6320970701835549    
  CrDr(0)=   -44.7565068949578659    ; CrDr(1)=   -109.134357415588283    
  CrdJ(0)=   -68.2705460746224162    ; CrdJ(1)=   -29.6803972783198908    
  CJ(0)=      0.00000000000000000    ; CJ(1)=      0.00000000000000000    
  CpV0(0)=   0.100000000000000006    ; CpV0(1)=   0.100000000000000006    
  CpV1(0)=    1.00000000000000000    ; CpV1(1)=    1.00000000000000000    
  sigma=     0.270018011502707600    ; hbzero=     20.7355300000000007    
  e^2 chrg=   1.43997840859651305    ; CExPar=     1.00000000000000000    
  c.m. correction: F, chr. density in direct Coul: F
  use tensor terms: F
  use TMR pairing:  0

  Coupling constants in natural units
  -----------------------------------
  Crho_nu(0)=  -0.877667471343921757    ; Crho_nu(1)=   0.324009624211695935    
  CDrho_nu(0)=  0.941450913381434273    ; CDrho_nu(1)= -0.211831998717341041    
  Ctau_nu(0)=  -0.140321584905665799E-01; Ctau_nu(1)=  -0.476738799694694126    
  CrDr_nu(0)=  -0.634428573725363099    ; CrDr_nu(1)=   -1.54699192414870557    
  CrdJ_nu(0)=  -0.967742752472353418    ; CrdJ_nu(1)=  -0.420723005865499711    
  CJ_nu(0)=      0.00000000000000000    ; CJ_nu(1)=      0.00000000000000000    
  CpV0_nu(0)=   0.112611992142809880E-03; CpV0_nu(1)=   0.112611992142809880E-03
  CpV1_nu(0)=   0.887702254206059068E-03; CpV1_nu(1)=   0.887702254206059068E-03
  fpi_nu=        93.0000000000000000    ; Lambda_nu=     700.000000000000000    

  Nuclear matter properties
  ----------------------------------
      E_NM=     -15.8000000000000149      K_NM=     220.0000000000000284
      P_NM=      -0.0000000000000032    RHO_NM=       0.1587067693325870
    ASS_NM=      28.9867890577721070   LASS_NM=      40.0047904804136323
  SMASS_NM=       0.9924233322833640  VMASS_NM=       1.2498385742322700

  Associated (t,x)-coupling constants
  -----------------------------------
  t0=      -2078.32802325564080    ; x0=       0.537569206858470316E-01
  t1=       237.381483362698361    ; x1=       -3.89458096633902207    
  t2=       1190.49555865673733    ; x2=       -1.40287396196471703    
  t3=       14263.6462470775950    ; x3=      -0.162491168089956339    
  b4=       38.5901487963025289    ; b4p=       59.3607945566397817    
  te=      -354.773070323390357    ; to=       -164.150255264582540    
  sigma=   0.270018011502707600    ; hbzero=    20.7355300000000007    

  ---------------------------------------
        Characteristics of the run       
  ---------------------------------------
  Output file ................:     7
  Nucleus ....................:   MG  24
  Number of HO shells ........:     8
  HO length b0 (fm) ..........:     1.55928400372611
  Basis deformation ..........:  beta0=   0.010 q=   1.010
  HO: b0,1/b0,bp,bz,q ........:   0.15592840E+01  0.64131999E+00  0.15568270E+01  0.15642096E+01  0.10095067E+01
  h**2/(2m), cmc, e**2 .......:   0.20735530E+02  0.20735530E+02  0.14399784E+01
  hom=f*41.0_pr*A^{-1/3}, f...:   0.17056687E+02  0.12000000E+01
  THO basis is ...............:  OFF
  Maximal number of iterations:   400
  Initial mixing parameter ...:  0.300
  Initial w.f. ...............:  from   spherical scratch
  Skyrme functional ..........:    UNE1                          
    with direct and exchange Coulomb
  Lipkin-Nogami procedure is .:  OFF
  PAV procedure is ...........:  OFF
  Constraint calculation is ..:   ON
    Constraint 1 .............: lambda=2 Ql=   1.093
  Temperature T ..............:   0.05 MeV
  Restart indicator ..........:   1
  Broyden mixing (#iterations):   7

  ---------------------------------------
        Harmonic Oscillator Basis        
  ---------------------------------------
  NUV, NQP:                        2501     165
  Comparison with bookkeeping spherical basis:
  n00:                                8       8  Maximal number of shells
  nbx, 2*n00+1:                      17      17  Maximal number of K-blocks
  ntx, (n00+1)*(n00+2)*(n00+3)/6    165     165  Max.num. p/n levels
  nzx, n00:                           8       8  Maximal nz-quantum number
  nrx, n00/2  :                       4       4  Maximal nr-quantum number
  nlx, n00:                           8       8  Maximal ml-quantum number
  ndx, (n00+2)*(n00+2)/4:            25      25  Maximal dim. of one k-block

  Actual basis used
  Number of blocks: nb .......:   17
  Number of levels: nt .......:  165
  Maximal 2*omega : nom ......:   17
  Maximal nz:       nzm ......:    8
  Maximal nr:       nrm ......:    4
  Maximal ml:       nlm ......:    8
  Maximal N=nz+2*nr+nl .......:    8
  2 x biggest block dim. .....:   50
  Non-zero elements of h .....:     1333
  Number of Broyden elements .:     5332

  ---------------------------------------
            Integration Meshes           
  ---------------------------------------
  Number of Gauss-Hermite mesh points ngh ....:  40
  Number of Gauss-Laguerre mesh points ngl ...:  40
  Number of Gauss-Legendre mesh points nleg ..:  80
  Integration boundaries
    Hermite  - from xh(1)  =  0.12379686 to xh(ngh)   = 11.88786356
    Laguerre - From xl(1)  =  0.03570039 to xl(ngl)   =142.28004447
    Legendre - From xleg(1)=  0.00978669 to xleg(nleg)=  0.99988775
  Max.dev.in:     Orthogonality            Normalization
  Hermite     1.5248282503475657E-015   1.0991207943789050E-014
  Laguerre    4.2896485016951012E-015   8.9928064994637680E-015

  Scratch initialization for the nucleus: MG  12  12


  Initial potentials of Saxon-Woods shape 
  v0ws   =  -71.27999878
  kappa  =    0.46160001
  vs0    =   11.11750031   11.11750031
  r0     =    1.23339999    1.23339999
  a      =    0.61500001    0.61500001
  r0-so  =    1.14429998    1.14429998
  a-so   =    0.64760000    0.64760000
  beta00 =    0.01000000

  ### REGULAR STAGE (reflection symmetry imposed)
  |HFB+HO> iterations(b0=  1.559, Nsh=  8, inin=  1, N= 12, Z= 12)...
  ----------------------------------------------------------------------------------------------------------------------------------
  i          si     mix   beta      Etot       A       rn      rp         En      Dn      Ep      Dp        Ln      Lp     time
  ----------------------------------------------------------------------------------------------------------------------------------
   1L  73.90480883 0.30  0.010     0.000000    0.0   0.000   0.000 |   -2.000   1.000  -2.000   1.000 |   -7.000  -7.000   0.000
   2B  46.09120275 0.10  0.009   -60.689351   24.0   2.625   2.625 |    0.000  -0.000   0.000  -0.000 |  -17.169 -17.169  39.191
   3B  11.00888643 0.11  0.371  -155.946991   24.0   3.063   3.113 |    0.000  -0.000   0.000  -0.000 |  -11.413  -7.988   1.238
   4B   9.95919310 0.13  0.555  -175.530798   24.0   3.167   3.154 |    0.000  -0.000   0.000  -0.000 |  -12.839  -8.229   0.964
   5B  14.38560888 0.10  0.619  -180.469804   24.0   3.193   3.253 |    0.000  -0.000   0.000  -0.000 |  -13.274  -9.003   0.969
   6B  15.47884579 0.10  0.624  -180.730066   24.0   3.226   3.217 |    0.000  -0.000   0.000  -0.000 |  -13.363  -8.985   1.041
   7B  16.11830274 0.10  0.612  -183.121809   24.0   3.199   3.214 |    0.000  -0.000   0.000  -0.000 |  -13.285  -8.938   1.243
   8B  15.42054804 0.11  0.599  -183.765647   24.0   3.182   3.203 |    0.000  -0.000   0.000  -0.000 |  -13.161  -8.590   1.331
   9B  11.86998998 0.13  0.558  -185.080978   24.0   3.145   3.155 |    0.000  -0.000   0.000  -0.000 |  -12.495  -8.282   1.422
  10B   4.75252197 0.14  0.449  -185.804563   24.0   3.052   3.052 |    0.000  -0.000   0.000  -0.000 |  -11.732  -7.496   1.628
  11B   2.31911668 0.16  0.407  -187.301916   24.0   2.998   3.039 |    0.000  -0.000   0.000  -0.000 |  -11.700  -7.157   1.503
  12B   0.45526994 0.18  0.400  -187.712815   24.0   3.003   3.022 |    0.000  -0.000   0.000  -0.000 |  -11.662  -7.053   0.896
  13B   0.78919050 0.10  0.394  -187.663271   24.0   2.997   3.019 |    0.000  -0.000   0.000  -0.000 |  -11.520  -7.026   1.485
  14B   0.28658113 0.11  0.396  -187.716440   24.0   2.998   3.018 |    0.000  -0.000   0.000  -0.000 |  -11.520  -7.026   1.272
  15B   0.21052857 0.13  0.397  -187.725415   24.0   2.998   3.020 |    0.000   0.000   0.000   0.000 |  -11.520  -7.026   0.829
  16B   0.10854986 0.14  0.397  -187.731003   24.0   2.999   3.020 |    0.000   0.000   0.000   0.000 |  -11.520  -7.026   1.534
  17B   0.10890150 0.10  0.398  -187.732045   24.0   2.999   3.020 |    0.000   0.000   0.000   0.000 |  -11.520  -7.026   1.645
  18B   0.05333859 0.11  0.398  -187.732948   24.0   2.999   3.020 |    0.000  -0.000   0.000  -0.000 |  -11.520  -7.026   1.479
  19B   0.02929630 0.13  0.398  -187.734445   24.0   2.999   3.021 |    0.000  -0.000   0.000  -0.000 |  -11.520  -7.026   1.403
  20B   0.03154372 0.10  0.398  -187.735222   24.0   2.999   3.021 |    0.000  -0.000   0.000  -0.000 |  -11.520  -7.026   1.474
  21B   0.01032768 0.11  0.398  -187.735634   24.0   3.000   3.021 |    0.000   0.000   0.000   0.000 |  -11.520  -7.026   1.337
  22B   0.01190756 0.10  0.399  -187.735785   24.0   3.000   3.021 |    0.000  -0.000   0.000  -0.000 |  -11.520  -7.026   1.560
  23B   0.01017059 0.11  0.399  -187.735714   24.0   3.000   3.021 |    0.000  -0.000   0.000  -0.000 |  -11.520  -7.026   1.563
  24B   0.00734938 0.13  0.398  -187.735598   24.0   3.000   3.021 |    0.000  -0.000   0.000  -0.000 |  -11.520  -7.026   1.389
  25B   0.00280515 0.14  0.398  -187.735428   24.0   3.000   3.021 |    0.000  -0.000   0.000  -0.000 |  -11.520  -7.026   1.358
  26B   0.00147822 0.16  0.398  -187.735261   24.0   3.000   3.021 |    0.000   0.000   0.000   0.000 |  -11.520  -7.026   1.301
  27B   0.00159105 0.10  0.398  -187.735260   24.0   3.000   3.021 |    0.000   0.000   0.000   0.000 |  -11.520  -7.026   1.362
  28B   0.00082484 0.11  0.398  -187.735301   24.0   3.000   3.021 |    0.000  -0.000   0.000  -0.000 |  -11.520  -7.026   1.384
  29B   0.00082157 0.13  0.398  -187.735318   24.0   3.000   3.021 |    0.000  -0.000   0.000  -0.000 |  -11.520  -7.026   1.383
  30B   0.00039902 0.14  0.398  -187.735333   24.0   3.000   3.021 |    0.000  -0.000   0.000  -0.000 |  -11.520  -7.026   1.520
  31B   0.00034871 0.16  0.398  -187.735332   24.0   3.000   3.021 |    0.000  -0.000   0.000  -0.000 |  -11.520  -7.026   1.166
  32B   0.00032175 0.18  0.398  -187.735331   24.0   3.000   3.021 |    0.000  -0.000   0.000  -0.000 |  -11.520  -7.026   0.793
  33B   0.00022626 0.21  0.398  -187.735327   24.0   3.000   3.021 |    0.000   0.000   0.000   0.000 |  -11.520  -7.026   0.850
  34B   0.00005602 0.24  0.398  -187.735321   24.0   3.000   3.021 |    0.000   0.000   0.000   0.000 |  -11.520  -7.026   1.153
  35B   0.00003274 0.27  0.398  -187.735319   24.0   3.000   3.021 |    0.000   0.000   0.000   0.000 |  -11.520  -7.026   0.942
  36B   0.00003068 0.30  0.398  -187.735318   24.0   3.000   3.021 |    0.000   0.000   0.000   0.000 |  -11.520  -7.026   1.404
  37B   0.00002606 0.34  0.398  -187.735318   24.0   3.000   3.021 |    0.000   0.000   0.000   0.000 |  -11.520  -7.026   1.296
  38B   0.00001524 0.38  0.398  -187.735318   24.0   3.000   3.021 |    0.000  -0.000   0.000  -0.000 |  -11.520  -7.026   1.331
  39B   0.00000646 0.43  0.398  -187.735319   24.0   3.000   3.021 |    0.000  -0.000   0.000  -0.000 |  -11.520  -7.026   1.275
  40B   0.00000291 0.49  0.398  -187.735319   24.0   3.000   3.021 |    0.000  -0.000   0.000  -0.000 |  -11.520  -7.026   1.231
  41B   0.00000387 0.10  0.398  -187.735319   24.0   3.000   3.021 |    0.000  -0.000   0.000  -0.000 |  -11.520  -7.026   1.331
  42B   0.00000308 0.11  0.398  -187.735319   24.0   3.000   3.021 |    0.000  -0.000   0.000  -0.000 |  -11.520  -7.026   1.343
  43B   0.00000391 0.10  0.398  -187.735319   24.0   3.000   3.021 |    0.000  -0.000   0.000  -0.000 |  -11.520  -7.026   0.813
  44B   0.00000196 0.11  0.398  -187.735319   24.0   3.000   3.021 |    0.000  -0.000   0.000  -0.000 |  -11.520  -7.026   1.325
  45B   0.00000062 0.13  0.398  -187.735319   24.0   3.000   3.021 |    0.000  -0.000   0.000  -0.000 |  -11.520  -7.026   1.321
  46B   0.00000097 0.10  0.398  -187.735319   24.0   3.000   3.021 |    0.000  -0.000   0.000  -0.000 |  -11.520  -7.026   1.349
  47B   0.00000086 0.11  0.398  -187.735319   24.0   3.000   3.021 |    0.000   0.000   0.000   0.000 |  -11.520  -7.026   1.373
  48B   0.00000041 0.13  0.398  -187.735319   24.0   3.000   3.021 |    0.000   0.000   0.000   0.000 |  -11.520  -7.026   1.337
  49B   0.00000029 0.14  0.398  -187.735319   24.0   3.000   3.021 |    0.000   0.000   0.000   0.000 |  -11.520  -7.026   1.308
  50B   0.00000009 0.16  0.398  -187.735319   24.0   3.000   3.021 |    0.000   0.000   0.000   0.000 |  -11.520  -7.026   0.757
  51B   0.00000005 0.18  0.398  -187.735319   24.0   3.000   3.021 |    0.000   0.000   0.000   0.000 |  -11.520  -7.026   1.345
  52B   0.00000008 0.10  0.398  -187.735319   24.0   3.000   3.021 |    0.000   0.000   0.000   0.000 |  -11.520  -7.026   1.273
  53B   0.00000003 0.11  0.398  -187.735319   24.0   3.000   3.021 |    0.000   0.000   0.000   0.000 |  -11.520  -7.026   1.331
  54B   0.00000001 0.13  0.398  -187.735319   24.0   3.000   3.021 |    0.000   0.000   0.000   0.000 |  -11.520  -7.026   1.250
  55B   0.00000000 0.14  0.398  -187.735319   24.0   3.000   3.021 |    0.000   0.000   0.000   0.000 |  -11.520  -7.026   1.256
  56B   0.00000000 0.16  0.398  -187.735319   24.0   3.000   3.021 |    0.000   0.000   0.000   0.000 |  -11.520  -7.026   2.820
  57B   0.00000000 0.18  0.398  -187.735319   24.0   3.000   3.021 |    0.000   0.000   0.000   0.000 |  -11.520  -7.026   3.006
  58B   0.00000000 0.10  0.398  -187.735319   24.0   3.000   3.021 |    0.000   0.000   0.000   0.000 |  -11.520  -7.026   2.592
  59B   0.00000000 0.11  0.398  -187.735319   24.0   3.000   3.021 |    0.000   0.000   0.000   0.000 |  -11.520  -7.026   2.808
  60B   0.00000000 0.13  0.398  -187.735319   24.0   3.000   3.021 |    0.000   0.000   0.000   0.000 |  -11.520  -7.026   3.180
  ----------------------------------------------------------------------------------------------------------------------------------
  *   iteration converged   after  60 steps   si=     0.0000000005 ho=  0 tho=  0
  ----------------------------------------------------------------------------------------------------------------------------------
  Total CPU time=   2.057 minutes

  Writing to wel_file: s012_012.hel
 __________________________________  
  The tape s012_012.hel recorded:     
  nucname,npr,ngh,ngl,n00,nb,nt      
  b0,beta0,si,etot,rms,bet,xmix      
  pairing:     CpV0,CpV1,pwi         
  delta:       del,ept               
  lambda:      ala,ala2,alast,tz     
  asymptotic:  varmas,ass,skass      
  ntx,nb,nhhdim,id,N_rz,n_r,n_z      
  Omega2,Sigma2,Parity,Lambda        
  matrices(inbro):    hh,de          
  *all blocking candidates           
 __________________________________  


  NB! From expect (UNPROJECTED RESULTS)

  pairing: CpV0,CpV1,...           0.100000       0.100000       1.000000       1.000000
  forces:   UNE1                          


                             neutrons         protons         total
  Requested part.numbs.      12.000000      12.000000      24.000000
  UnPj(av) part.numbs .      12.000000      12.000000      24.000000
  b0, bz, bp ..........       1.559284       1.564210       1.556827

  lambda (ala) ........     -11.520416      -7.025601
  Lambda (alast) ......     -11.520416      -7.025601
  delta(n,p), pwi .....       0.000000       0.000000      60.000000
  pairing energy ......       0.000000       0.000000       0.000000

  rms-radius ..........       2.999590       3.020673       3.010150
  charge-radius, r0 ...                      3.124814       3.461399
  deformation beta2....       0.397966       0.398803       0.398388
  dipole moment[fm] ...       0.000000       0.000000       0.000000
  quadrupole moment[b]        0.542077       0.550881       1.092958
  octupole moment .....       0.000000       0.000000       0.000000
  hexadecapole moment .       0.004854       0.004898       0.009752
  q5 ..................       0.000000       0.000000       0.000000
  q6 ..................       0.000062       0.000058       0.000120
  q7 ..................       0.000000       0.000000       0.000000
  q8 ..................      -0.000004      -0.000004      -0.000008

  <r^0> [fm^0] ........            1.000000            1.000000            1.000000
  <r^2> [fm^2] ........            8.997541            9.124464            9.061003
  <r^4> [fm^4] ........          118.400193          122.018807          120.209500
  <r^6> [fm^6] ........         2014.590253         2113.557554         2064.073904
  <r^8> [fm^8] ........        41710.160829        44589.137256        43149.649043

  kinetic energy ......     202.277115     199.521236     401.798351
  volume energy .......                                  -655.409616
        rho_tau .......                                    -1.745936
        rho_rho .......                                  -653.663680
  surface energy ......                                    54.226659
   rho_DELTA_rho ......                                    54.226659
   (NABLA_rho)^2 ......                                     0.000000
  spin-orbit energy ...                                   -17.081221
        rho_NABLA_J ...                                   -17.081221
        NABLA_rho_J ...                                     0.000000
  coulomb energy ......                                    28.730508
          direct ......                                    33.154913
          exchange ....                                    -4.424405
  tensor energy .......                                     0.000000
  direct Hartree E  ...                                     0.000000
  Extra E .............                                     0.000000
  External field E ....                                     0.000000
  Entropy .............       0.000000       0.000000       0.000000

  tEnergy: ehfb (qp)...                                  -187.735319

  Calculated but not added corrections 
====================================
  cmc-diagonal part ...       0.000000      -0.000000       0.000000
  cmc-hfb .............       0.000000       0.000000       0.000000
  cranking rot corr ...       0.000000       0.000000       0.000000

  SQUJ ................       0.000000       0.000000       0.000000
  CRAN x 4 ............       0.000000       0.000000       0.000000
  Rigit Body ..........       0.000000       0.000000       0.000000


   Blocking candidates are:
   neutron eqpmin=   1.2981626801380202       pwiblo=   5.1031036307982882     
    num=   1 block=   3 state=   1    32 Eqp=   1.29816268  (1-2N)E=  -1.29816268  Ovlp=   0.93018278  3+[ 2, 1, 1]
    num=   2 block=   5 state=   1    56 Eqp=   2.13095516  (1-2N)E=   2.13095516  Ovlp=   0.97279739  5+[ 2, 0, 2]
    num=   3 block=   1 state=   1     1 Eqp=   2.92588519  (1-2N)E=   2.92588519  Ovlp=   0.71496713  1+[ 2, 1, 1]
    num=   4 block=   1 state=   2     2 Eqp=   3.66683424  (1-2N)E=  -3.66683424  Ovlp=   0.82207466  1+[ 2, 2, 0]
    num=   5 block=   1 state=   3     3 Eqp=   5.40738601  (1-2N)E=   5.40738601  Ovlp=   0.81285003  1+[ 2, 0, 0]

   Blocking candidates are:
   proton  eqpmin=   1.2009660470009891       pwiblo=   5.1031036307982882     
    num=   1 block=   3 state=   1    31 Eqp=   1.20096605  (1-2N)E=  -1.20096605  Ovlp=   0.92662233  3+[ 2, 1, 1]
    num=   2 block=   5 state=   1    54 Eqp=   2.24432990  (1-2N)E=   2.24432990  Ovlp=   0.96882462  5+[ 2, 0, 2]
    num=   3 block=   1 state=   1     1 Eqp=   2.95273149  (1-2N)E=   2.95273149  Ovlp=   0.71483874  1+[ 2, 1, 1]
    num=   4 block=   1 state=   2     2 Eqp=   3.55213476  (1-2N)E=  -3.55213476  Ovlp=   0.81692012  1+[ 2, 2, 0]
    num=   5 block=   1 state=   3     3 Eqp=   5.38411190  (1-2N)E=   5.38411190  Ovlp=   0.80934758  1+[ 2, 0, 0]



 HFBTHO_SOLVER ended without errors

