
  =======================================
           FORTRAN 95 CODE (KIND= 8) 
               Version: 200d  
  =======================================
       AXIALLY DEFORMED CONFIGURATIONAL  
     HARTREE-FOCK-BOGOLIUBOV CALCULATIONS
                     WITH                
            UNEDF AND DELTA PAIRING      
                     USING               
             HARMONIC-OSCILLATOR         
                   AND/OR                
       TRANSFORMED HARMONIC-OSCILLATOR   
                    BASIS                
                     ---                 
               v1.66  (2005):,           
   Stoitsov,Dobaczewski,Nazarewicz,Ring, 
               v2.00d (2012):,           
         Stoitsov,Schunck,Kortelainen    
  =======================================
    Nucleus: MG (A=  24, N= 12, Z= 12)
       Reflection Symmetry Imposed       
            ( 9/13/2022, 16:54)                               
  =======================================


  ---------------------------------------
           UNEDF Module Version:17
         M.Kortelainen & M.Stoitsov 
  ---------------------------------------

  UNE1 functional
  ----------------------------------
  Crho(0)=   -779.373008720865300    ; Crho(1)=    287.722131583286796    
  CDrho(0)=   891.477890442349690    ; CDrho(1)=  -200.587774317884879    
  Ctau(0)=  -0.989915057807676746    ; Ctau(1)=   -33.6320970701835549    
  CrDr(0)=   -45.1351310222373030    ; CrDr(1)=   -145.382167908056999    
  CrdJ(0)=   -74.0263331764599002    ; CrdJ(1)=   -35.6582611147916992    
  CJ(0)=      0.00000000000000000    ; CJ(1)=      0.00000000000000000    
  CpV0(0)=   0.100000000000000006    ; CpV0(1)=   0.100000000000000006    
  CpV1(0)=    1.00000000000000000    ; CpV1(1)=    1.00000000000000000    
  sigma=     0.270018011502707600    ; hbzero=     20.7355300000000007    
  e^2 chrg=   1.43997840859651305    ; CExPar=     1.00000000000000000    
  c.m. correction: F, chr. density in direct Coul: F
  use tensor terms: F
  use TMR pairing:  0

  Coupling constants in natural units
  -----------------------------------
  Crho_nu(0)=  -0.877667471343921757    ; Crho_nu(1)=   0.324009624211695935    
  CDrho_nu(0)=  0.941450913381434273    ; CDrho_nu(1)= -0.211831998717341041    
  Ctau_nu(0)=  -0.140321584905665799E-01; Ctau_nu(1)=  -0.476738799694694126    
  CrDr_nu(0)=  -0.639795613776358740    ; CrDr_nu(1)=   -2.06080875899188509    
  CrdJ_nu(0)=   -1.04933168903203322    ; CrdJ_nu(1)=  -0.505459905387130815    
  CJ_nu(0)=      0.00000000000000000    ; CJ_nu(1)=      0.00000000000000000    
  CpV0_nu(0)=   0.112611992142809880E-03; CpV0_nu(1)=   0.112611992142809880E-03
  CpV1_nu(0)=   0.887702254206059068E-03; CpV1_nu(1)=   0.887702254206059068E-03
  fpi_nu=        93.0000000000000000    ; Lambda_nu=     700.000000000000000    

  Nuclear matter properties
  ----------------------------------
      E_NM=     -15.8000000000000149      K_NM=     220.0000000000000284
      P_NM=      -0.0000000000000032    RHO_NM=       0.1587067693325870
    ASS_NM=      28.9867890577721070   LASS_NM=      40.0047904804136323
  SMASS_NM=       0.9924233322833640  VMASS_NM=       1.2498385742322700

  Associated (t,x)-coupling constants
  -----------------------------------
  t0=      -2078.32802325564080    ; x0=       0.537569206858470316E-01
  t1=       239.400812041522045    ; x1=       -5.07723238187693671    
  t2=       1575.11954189757989    ; x2=       -1.36650561394298609    
  t3=       14263.6462470775950    ; x3=      -0.162491168089956339    
  b4=       38.3680720616682009    ; b4p=       71.3165222295833985    
  te=      -470.362198163525477    ; to=       -203.218452192313947    
  sigma=   0.270018011502707600    ; hbzero=    20.7355300000000007    

  ---------------------------------------
        Characteristics of the run       
  ---------------------------------------
  Output file ................:     7
  Nucleus ....................:   MG  24
  Number of HO shells ........:     8
  HO length b0 (fm) ..........:     1.55928400372611
  Basis deformation ..........:  beta0=   0.010 q=   1.010
  HO: b0,1/b0,bp,bz,q ........:   0.15592840E+01  0.64131999E+00  0.15568270E+01  0.15642096E+01  0.10095067E+01
  h**2/(2m), cmc, e**2 .......:   0.20735530E+02  0.20735530E+02  0.14399784E+01
  hom=f*41.0_pr*A^{-1/3}, f...:   0.17056687E+02  0.12000000E+01
  THO basis is ...............:  OFF
  Maximal number of iterations:   400
  Initial mixing parameter ...:  0.300
  Initial w.f. ...............:  from   spherical scratch
  Skyrme functional ..........:    UNE1                          
    with direct and exchange Coulomb
  Lipkin-Nogami procedure is .:  OFF
  PAV procedure is ...........:  OFF
  Constraint calculation is ..:   ON
    Constraint 1 .............: lambda=2 Ql=   0.795
  Temperature T ..............:   0.05 MeV
  Restart indicator ..........:   1
  Broyden mixing (#iterations):   7

  ---------------------------------------
        Harmonic Oscillator Basis        
  ---------------------------------------
  NUV, NQP:                        2501     165
  Comparison with bookkeeping spherical basis:
  n00:                                8       8  Maximal number of shells
  nbx, 2*n00+1:                      17      17  Maximal number of K-blocks
  ntx, (n00+1)*(n00+2)*(n00+3)/6    165     165  Max.num. p/n levels
  nzx, n00:                           8       8  Maximal nz-quantum number
  nrx, n00/2  :                       4       4  Maximal nr-quantum number
  nlx, n00:                           8       8  Maximal ml-quantum number
  ndx, (n00+2)*(n00+2)/4:            25      25  Maximal dim. of one k-block

  Actual basis used
  Number of blocks: nb .......:   17
  Number of levels: nt .......:  165
  Maximal 2*omega : nom ......:   17
  Maximal nz:       nzm ......:    8
  Maximal nr:       nrm ......:    4
  Maximal ml:       nlm ......:    8
  Maximal N=nz+2*nr+nl .......:    8
  2 x biggest block dim. .....:   50
  Non-zero elements of h .....:     1333
  Number of Broyden elements .:     5332

  ---------------------------------------
            Integration Meshes           
  ---------------------------------------
  Number of Gauss-Hermite mesh points ngh ....:  40
  Number of Gauss-Laguerre mesh points ngl ...:  40
  Number of Gauss-Legendre mesh points nleg ..:  80
  Integration boundaries
    Hermite  - from xh(1)  =  0.12379686 to xh(ngh)   = 11.88786356
    Laguerre - From xl(1)  =  0.03570039 to xl(ngl)   =142.28004447
    Legendre - From xleg(1)=  0.00978669 to xleg(nleg)=  0.99988775
  Max.dev.in:     Orthogonality            Normalization
  Hermite     1.5248282503475657E-015   1.0991207943789050E-014
  Laguerre    4.2896485016951012E-015   8.9928064994637680E-015

  Scratch initialization for the nucleus: MG  12  12


  Initial potentials of Saxon-Woods shape 
  v0ws   =  -71.27999878
  kappa  =    0.46160001
  vs0    =   11.11750031   11.11750031
  r0     =    1.23339999    1.23339999
  a      =    0.61500001    0.61500001
  r0-so  =    1.14429998    1.14429998
  a-so   =    0.64760000    0.64760000
  beta00 =    0.01000000

  ### REGULAR STAGE (reflection symmetry imposed)
  |HFB+HO> iterations(b0=  1.559, Nsh=  8, inin=  1, N= 12, Z= 12)...
  ----------------------------------------------------------------------------------------------------------------------------------
  i          si     mix   beta      Etot       A       rn      rp         En      Dn      Ep      Dp        Ln      Lp     time
  ----------------------------------------------------------------------------------------------------------------------------------
   1L  73.90480883 0.30  0.010     0.000000    0.0   0.000   0.000 |   -2.000   1.000  -2.000   1.000 |   -7.000  -7.000   0.000
   2B  44.04936705 0.10  0.009   -55.370437   24.0   2.625   2.625 |    0.000  -0.000   0.000  -0.000 |  -17.169 -17.169  37.439
   3B  10.22689276 0.11  0.297  -155.937580   24.0   3.038   3.083 |    0.000  -0.000   0.000  -0.000 |  -11.315  -7.852   1.096
   4B   9.79567133 0.13  0.435  -178.823225   24.0   3.060   3.041 |    0.000  -0.000   0.000  -0.000 |  -11.822  -7.532   0.976
   5B  14.28025468 0.10  0.478  -179.184830   24.0   3.042   3.112 |    0.000  -0.000   0.000  -0.000 |  -12.093  -7.986   1.098
   6B  13.55882459 0.11  0.478  -186.447048   24.0   3.065   3.085 |    0.000  -0.000   0.000  -0.000 |  -12.252  -7.728   1.130
   7B  13.12072532 0.13  0.468  -187.979650   24.0   3.063   3.066 |    0.000  -0.000   0.000  -0.000 |  -12.095  -7.582   1.086
   8B  12.32591006 0.14  0.456  -188.198180   24.0   3.038   3.071 |    0.000  -0.000   0.000  -0.000 |  -11.916  -7.503   1.206
   9B   9.92770144 0.16  0.419  -188.340353   24.0   3.019   3.035 |    0.000  -0.000   0.000  -0.000 |  -11.734  -7.111   1.317
  10B   5.36094953 0.18  0.359  -187.303843   24.0   2.979   3.003 |    0.000  -0.000   0.000  -0.000 |  -11.467  -7.068   1.481
  11B   3.90138255 0.21  0.259  -186.202229   24.0   2.936   2.958 |    0.000  -0.000   0.000  -0.000 |  -11.727  -7.148   1.404
  12B   1.67669953 0.24  0.289  -187.070819   24.0   2.942   2.963 |    0.000  -0.000   0.000  -0.000 |  -11.726  -7.038   1.368
  13B   0.96974173 0.27  0.291  -187.421440   24.0   2.944   2.962 |    0.000  -0.000   0.000  -0.000 |  -11.660  -7.086   1.318
  14B   0.68837878 0.30  0.299  -187.627547   24.0   2.946   2.965 |    0.000  -0.000   0.000  -0.000 |  -11.664  -7.027   1.539
  15B   0.49666268 0.34  0.299  -187.627142   24.0   2.945   2.964 |    0.000  -0.000   0.000  -0.000 |  -11.678  -7.012   1.360
  16B   0.60567492 0.10  0.299  -187.628502   24.0   2.945   2.964 |    0.000  -0.000   0.000  -0.000 |  -11.655  -7.035   1.462
  17B   0.26149756 0.11  0.299  -187.646712   24.0   2.943   2.966 |    0.000  -0.000   0.000  -0.000 |  -11.655  -7.038   0.806
  18B   0.05520891 0.13  0.301  -187.684935   24.0   2.945   2.964 |    0.000   0.000   0.000   0.000 |  -11.667  -7.018   1.502
  19B   0.03339269 0.14  0.301  -187.685172   24.0   2.945   2.964 |    0.000   0.000   0.000   0.000 |  -11.664  -7.018   1.557
  20B   0.02861924 0.16  0.301  -187.686940   24.0   2.945   2.964 |    0.000   0.000   0.000   0.000 |  -11.664  -7.018   1.582
  21B   0.02831296 0.18  0.301  -187.686853   24.0   2.945   2.964 |    0.000   0.000   0.000   0.000 |  -11.664  -7.018   1.406
  22B   0.02278718 0.21  0.301  -187.685799   24.0   2.945   2.964 |    0.000   0.000   0.000   0.000 |  -11.664  -7.018   1.451
  23B   0.00864090 0.24  0.301  -187.683011   24.0   2.945   2.964 |    0.000  -0.000   0.000  -0.000 |  -11.664  -7.018   1.085
  24B   0.01064898 0.10  0.301  -187.680588   24.0   2.945   2.964 |    0.000  -0.000   0.000  -0.000 |  -11.664  -7.018   1.040
  25B   0.00947426 0.11  0.301  -187.680238   24.0   2.945   2.964 |    0.000   0.000   0.000   0.000 |  -11.664  -7.018   1.268
  26B   0.00625528 0.13  0.301  -187.680456   24.0   2.945   2.964 |    0.000   0.000   0.000   0.000 |  -11.664  -7.018   1.315
  27B   0.00460794 0.14  0.301  -187.680510   24.0   2.945   2.964 |    0.000   0.000   0.000   0.000 |  -11.664  -7.018   0.815
  28B   0.00355885 0.16  0.301  -187.680750   24.0   2.945   2.964 |    0.000   0.000   0.000   0.000 |  -11.664  -7.018   1.395
  29B   0.00060639 0.18  0.301  -187.681348   24.0   2.945   2.964 |    0.000   0.000   0.000   0.000 |  -11.664  -7.018   1.483
  30B   0.00068204 0.10  0.301  -187.681547   24.0   2.945   2.964 |    0.000   0.000   0.000   0.000 |  -11.664  -7.018   1.336
  31B   0.00075296 0.10  0.301  -187.681565   24.0   2.945   2.964 |    0.000   0.000   0.000   0.000 |  -11.664  -7.018   1.295
  32B   0.00047174 0.11  0.301  -187.681465   24.0   2.945   2.964 |    0.000   0.000   0.000   0.000 |  -11.664  -7.018   1.346
  33B   0.00025095 0.13  0.301  -187.681445   24.0   2.945   2.964 |    0.000  -0.000   0.000  -0.000 |  -11.664  -7.018   1.411
  34B   0.00022286 0.14  0.301  -187.681413   24.0   2.945   2.964 |    0.000  -0.000   0.000  -0.000 |  -11.664  -7.018   1.381
  35B   0.00016914 0.16  0.301  -187.681396   24.0   2.945   2.964 |    0.000  -0.000   0.000  -0.000 |  -11.664  -7.018   1.710
  36B   0.00011752 0.18  0.301  -187.681396   24.0   2.945   2.964 |    0.000  -0.000   0.000  -0.000 |  -11.664  -7.018   1.573
  37B   0.00009088 0.21  0.301  -187.681401   24.0   2.945   2.964 |    0.000  -0.000   0.000  -0.000 |  -11.664  -7.018   1.298
  38B   0.00006343 0.24  0.301  -187.681406   24.0   2.945   2.964 |    0.000  -0.000   0.000  -0.000 |  -11.664  -7.018   1.601
  39B   0.00002961 0.27  0.301  -187.681414   24.0   2.945   2.964 |    0.000   0.000   0.000   0.000 |  -11.664  -7.018   1.706
  40B   0.00005171 0.10  0.301  -187.681409   24.0   2.945   2.964 |    0.000  -0.000   0.000  -0.000 |  -11.664  -7.018   1.085
  41B   0.00001752 0.11  0.301  -187.681415   24.0   2.945   2.964 |    0.000  -0.000   0.000  -0.000 |  -11.664  -7.018   1.419
  42B   0.00002708 0.10  0.301  -187.681419   24.0   2.945   2.964 |    0.000  -0.000   0.000  -0.000 |  -11.664  -7.018   1.283
  43B   0.00001907 0.11  0.301  -187.681421   24.0   2.945   2.964 |    0.000  -0.000   0.000  -0.000 |  -11.664  -7.018   1.380
  44B   0.00001377 0.13  0.301  -187.681421   24.0   2.945   2.964 |    0.000  -0.000   0.000  -0.000 |  -11.664  -7.018   1.340
  45B   0.00001165 0.14  0.301  -187.681421   24.0   2.945   2.964 |    0.000  -0.000   0.000  -0.000 |  -11.664  -7.018   1.529
  46B   0.00001358 0.10  0.301  -187.681421   24.0   2.945   2.964 |    0.000  -0.000   0.000  -0.000 |  -11.664  -7.018   1.477
  47B   0.00000725 0.11  0.301  -187.681420   24.0   2.945   2.964 |    0.000  -0.000   0.000  -0.000 |  -11.664  -7.018   1.131
  48B   0.00000342 0.13  0.301  -187.681419   24.0   2.945   2.964 |    0.000  -0.000   0.000  -0.000 |  -11.664  -7.018   0.797
  49B   0.00000291 0.14  0.301  -187.681419   24.0   2.945   2.964 |    0.000  -0.000   0.000  -0.000 |  -11.664  -7.018   1.374
  50B   0.00000121 0.16  0.301  -187.681419   24.0   2.945   2.964 |    0.000  -0.000   0.000  -0.000 |  -11.664  -7.018   1.303
  51B   0.00000077 0.18  0.301  -187.681419   24.0   2.945   2.964 |    0.000  -0.000   0.000  -0.000 |  -11.664  -7.018   1.453
  52B   0.00000103 0.10  0.301  -187.681419   24.0   2.945   2.964 |    0.000  -0.000   0.000  -0.000 |  -11.664  -7.018   1.471
  53B   0.00000082 0.11  0.301  -187.681419   24.0   2.945   2.964 |    0.000  -0.000   0.000  -0.000 |  -11.664  -7.018   1.381
  54B   0.00000082 0.13  0.301  -187.681419   24.0   2.945   2.964 |    0.000   0.000   0.000   0.000 |  -11.664  -7.018   1.421
  55B   0.00000046 0.14  0.301  -187.681419   24.0   2.945   2.964 |    0.000  -0.000   0.000  -0.000 |  -11.664  -7.018   1.486
  56B   0.00000021 0.16  0.301  -187.681419   24.0   2.945   2.964 |    0.000   0.000   0.000   0.000 |  -11.664  -7.018   1.203
  57B   0.00000021 0.18  0.301  -187.681419   24.0   2.945   2.964 |    0.000   0.000   0.000   0.000 |  -11.664  -7.018   1.280
  58B   0.00000021 0.10  0.301  -187.681419   24.0   2.945   2.964 |    0.000   0.000   0.000   0.000 |  -11.664  -7.018   1.399
  59B   0.00000021 0.11  0.301  -187.681419   24.0   2.945   2.964 |    0.000   0.000   0.000   0.000 |  -11.664  -7.018   1.500
  60B   0.00000017 0.13  0.301  -187.681419   24.0   2.945   2.964 |    0.000   0.000   0.000   0.000 |  -11.664  -7.018   1.462
  61B   0.00000015 0.14  0.301  -187.681419   24.0   2.945   2.964 |    0.000   0.000   0.000   0.000 |  -11.664  -7.018   1.417
  62B   0.00000007 0.16  0.301  -187.681419   24.0   2.945   2.964 |    0.000   0.000   0.000   0.000 |  -11.664  -7.018   1.062
  63B   0.00000005 0.18  0.301  -187.681419   24.0   2.945   2.964 |    0.000  -0.000   0.000  -0.000 |  -11.664  -7.018   1.554
  64B   0.00000002 0.21  0.301  -187.681419   24.0   2.945   2.964 |    0.000   0.000   0.000   0.000 |  -11.664  -7.018   1.408
  65B   0.00000002 0.10  0.301  -187.681419   24.0   2.945   2.964 |    0.000   0.000   0.000   0.000 |  -11.664  -7.018   4.137
  66B   0.00000001 0.11  0.301  -187.681419   24.0   2.945   2.964 |    0.000   0.000   0.000   0.000 |  -11.664  -7.018   2.906
  67B   0.00000001 0.13  0.301  -187.681419   24.0   2.945   2.964 |    0.000   0.000   0.000   0.000 |  -11.664  -7.018   4.029
  68B   0.00000002 0.10  0.301  -187.681419   24.0   2.945   2.964 |    0.000   0.000   0.000   0.000 |  -11.664  -7.018   4.301
  69B   0.00000001 0.11  0.301  -187.681419   24.0   2.945   2.964 |    0.000   0.000   0.000   0.000 |  -11.664  -7.018   3.291
  70B   0.00000001 0.10  0.301  -187.681419   24.0   2.945   2.964 |    0.000   0.000   0.000   0.000 |  -11.664  -7.018   4.466
  71B   0.00000001 0.10  0.301  -187.681419   24.0   2.945   2.964 |    0.000   0.000   0.000   0.000 |  -11.664  -7.018   4.372
  72B   0.00000001 0.11  0.301  -187.681419   24.0   2.945   2.964 |    0.000   0.000   0.000   0.000 |  -11.664  -7.018   4.760
  73B   0.00000001 0.13  0.301  -187.681419   24.0   2.945   2.964 |    0.000   0.000   0.000   0.000 |  -11.664  -7.018   4.074
  74B   0.00000001 0.14  0.301  -187.681419   24.0   2.945   2.964 |    0.000   0.000   0.000   0.000 |  -11.664  -7.018   4.750
  75B   0.00000000 0.16  0.301  -187.681419   24.0   2.945   2.964 |    0.000   0.000   0.000   0.000 |  -11.664  -7.018   4.721
  ----------------------------------------------------------------------------------------------------------------------------------
  *   iteration converged   after  75 steps   si=     0.0000000007 ho=  0 tho=  0
  ----------------------------------------------------------------------------------------------------------------------------------
  Total CPU time=   2.840 minutes

  Writing to wel_file: s012_012.hel
 __________________________________  
  The tape s012_012.hel recorded:     
  nucname,npr,ngh,ngl,n00,nb,nt      
  b0,beta0,si,etot,rms,bet,xmix      
  pairing:     CpV0,CpV1,pwi         
  delta:       del,ept               
  lambda:      ala,ala2,alast,tz     
  asymptotic:  varmas,ass,skass      
  ntx,nb,nhhdim,id,N_rz,n_r,n_z      
  Omega2,Sigma2,Parity,Lambda        
  matrices(inbro):    hh,de          
  *all blocking candidates           
 __________________________________  



 #quasiparticle energies neutrons
 --------------------------------
  eqp(k) -> q.p. energy 
  e(k)   -> referent s.p. energy 
  p(k)   -> occ.probability 
  del(k) -> referent s.p. gap 
  fermi energy alast=  -11.664398342970118     
  #k  block#    eqp(k)     e(k)       (1-2N)E      decay        p(k)        del(k)    overl      labels
   1    1     2.218423  -13.882821   -2.218423    1.636482    1.00000000   0.0000   0.8057  1+[ 2, 2, 0]
   2    1     2.908885   -8.755513    2.908885    1.676684    0.00000000   0.0000   0.7883  1+[ 2, 0, 0]
   3    1     5.711998   -5.952401    5.711998    1.830848    0.00000000   0.0000   0.7120  1+[ 2, 1, 1]
   4    1    21.523631    9.859233   21.523631    2.530248    0.00000000   0.0000   0.6248  1+[ 4, 4, 0]
   5    1    22.962402  -34.626800  -22.962402    2.584512    1.00000000   0.0000   0.9816  1+[ 0, 0, 0]
   6    1    24.090914   12.426516   24.090914    2.626290    0.00000000   0.0000   0.5808  1+[ 4, 2, 0]
   7    1    25.088050   13.423652   25.088050    2.662659    0.00000000   0.0000   0.6525  1+[ 4, 0, 0]
   8    1    26.718621   15.054223   26.718621    2.721084    0.00000000   0.0000   0.5284  1+[ 4, 1, 1]
   9    1    29.770236   18.105838   29.770236    2.827185    0.00000000   0.0000   0.4820  1+[ 4, 3, 1]
  10    1    45.027212   33.362814   45.027212    3.306982    0.00000000   0.0000   0.5359  1+[ 6, 6, 0]
  11    1    46.527049   34.862650   46.527049    3.350441    0.00000000   0.0000   0.4159  1+[ 6, 2, 0]
  12    1    48.566384   36.901986   48.566384    3.408644    0.00000000   0.0000   0.5904  1+[ 6, 4, 0]
  13    1    49.818427   38.154028   49.818427    3.443890    0.00000000   0.0000   0.3838  1+[ 4, 1, 1]
  14    1    50.639957   38.975559   50.639957    3.466823    0.00000000   0.0000   0.5061  1+[ 6, 0, 0]
  15    1    52.141335   40.476937   52.141335    3.508345    0.00000000   0.0000   0.4257  1+[ 6, 2, 0]
  16    1    53.992062   42.327663   53.992062    3.558862    0.00000000   0.0000   0.4726  1+[ 6, 5, 1]
  17    2     6.809389  -18.473788   -6.809389    1.887776    1.00000000   0.0000   0.9252  1-[ 1, 0, 1]
  18    2     9.153824   -2.510575    9.153824    2.003984    0.00000000   0.0000   0.7337  1-[ 3, 3, 0]
  19    2    12.846008  -24.510406  -12.846008    2.174441    1.00000000   0.0000   0.9217  1-[ 1, 1, 0]
  20    2    13.340253    1.675854   13.340253    2.196255    0.00000000   0.0000   0.7434  1-[ 3, 1, 0]
  21    2    17.100622    5.436223   17.100622    2.355617    0.00000000   0.0000   0.5472  1-[ 3, 2, 1]
  22    2    18.867404    7.203006   18.867404    2.426882    0.00000000   0.0000   0.6976  1-[ 3, 0, 1]
  23    2    34.678543   23.014145   34.678543    2.989952    0.00000000   0.0000   0.6301  1-[ 5, 5, 0]
  24    2    36.264489   24.600091   36.264489    3.040683    0.00000000   0.0000   0.6495  1-[ 5, 3, 0]
  25    2    37.310437   25.646039   37.310437    3.073682    0.00000000   0.0000   0.6840  1-[ 5, 1, 0]
  26    2    39.277118   27.612719   39.277118    3.134789    0.00000000   0.0000   0.6805  1-[ 5, 0, 1]
  27    2    41.624108   29.959709   41.624108    3.206190    0.00000000   0.0000   0.4270  1-[ 5, 4, 1]
  28    2    42.992605   31.328206   42.992605    3.247098    0.00000000   0.0000   0.5020  1-[ 5, 2, 1]
  29    2    63.903678   52.239280   63.903678    3.818050    0.00000000   0.0000   0.4996  1-[ 7, 6, 1]
  30    2    65.228712   53.564314   65.228712    3.851378    0.00000000   0.0000   0.4886  1-[ 7, 3, 0]
  31    2    69.276941   57.612542   69.276941    3.951460    0.00000000   0.0000   0.5089  1-[ 7, 7, 0]
  32    3     0.924528  -12.588927   -0.924528    1.558356    1.00000000   0.0000   0.9290  3+[ 2, 1, 1]
  33    3     7.839633   -3.824765    7.839633    1.939700    0.00000000   0.0000   0.9088  3+[ 2, 0, 2]
  34    3    22.091854   10.427456   22.091854    2.551817    0.00000000   0.0000   0.8012  3+[ 4, 3, 1]
  35    3    25.290217   13.625818   25.290217    2.669972    0.00000000   0.0000   0.7861  3+[ 4, 1, 1]
  36    3    27.711309   16.046911   27.711309    2.756047    0.00000000   0.0000   0.6361  3+[ 4, 0, 2]
  37    3    30.111526   18.447127   30.111526    2.838804    0.00000000   0.0000   0.6735  3+[ 4, 2, 2]
  38    3    45.158120   33.493721   45.158120    3.310798    0.00000000   0.0000   0.5870  3+[ 6, 5, 1]
  39    3    47.471015   35.806616   47.471015    3.377507    0.00000000   0.0000   0.6420  3+[ 6, 1, 1]
  40    3    48.875845   37.211447   48.875845    3.417390    0.00000000   0.0000   0.6562  3+[ 6, 3, 1]
  41    3    52.303019   40.638621   52.303019    3.512787    0.00000000   0.0000   0.5813  3+[ 6, 2, 2]
  42    3    52.863076   41.198677   52.863076    3.528131    0.00000000   0.0000   0.5933  3+[ 4, 0, 2]
  43    3    54.074944   42.410546   54.074944    3.561108    0.00000000   0.0000   0.6083  3+[ 6, 4, 2]
  44    4    10.166781   -1.497617   10.166781    2.052159    0.00000000   0.0000   0.8629  3-[ 3, 2, 1]
  45    4    10.960312  -22.624711  -10.960312    2.089123    1.00000000   0.0000   0.9746  3-[ 1, 0, 1]
  46    4    16.755845    5.091447   16.755845    2.341458    0.00000000   0.0000   0.8502  3-[ 3, 0, 1]
  47    4    19.204541    7.540143   19.204541    2.440244    0.00000000   0.0000   0.8056  3-[ 3, 1, 2]
  48    4    35.069727   23.405329   35.069727    3.002545    0.00000000   0.0000   0.7767  3-[ 5, 4, 1]
  49    4    37.350639   25.686241   37.350639    3.074943    0.00000000   0.0000   0.7718  3-[ 5, 2, 1]
  50    4    37.877440   26.213042   37.877440    3.091423    0.00000000   0.0000   0.7785  3-[ 5, 0, 1]
  51    4    42.064249   30.399851   42.064249    3.219403    0.00000000   0.0000   0.5951  3-[ 5, 1, 2]
  52    4    43.211954   31.547555   43.211954    3.253607    0.00000000   0.0000   0.6276  3-[ 5, 3, 2]
  53    4    63.994788   52.330389   63.994788    3.820351    0.00000000   0.0000   0.6088  3-[ 7, 6, 1]
  54    4    65.405283   53.740885   65.405283    3.855797    0.00000000   0.0000   0.5290  3-[ 7, 4, 1]
  55    4    69.892994   58.228596   69.892994    3.966469    0.00000000   0.0000   0.5614  3-[ 7, 4, 1]
  56    5     0.925792  -10.738607    0.925792    1.558435    0.00000000   0.0000   0.9772  5+[ 2, 0, 2]
  57    5    23.181939   11.517541   23.181939    2.592692    0.00000000   0.0000   0.8791  5+[ 4, 2, 2]
  58    5    25.715318   14.050919   25.715318    2.685285    0.00000000   0.0000   0.7990  5+[ 4, 0, 2]
  59    5    30.831283   19.166884   30.831283    2.863155    0.00000000   0.0000   0.7916  5+[ 4, 1, 3]
  60    5    45.335819   33.671421   45.335819    3.315971    0.00000000   0.0000   0.5445  5+[ 6, 2, 2]
  61    5    48.779856   37.115458   48.779856    3.414679    0.00000000   0.0000   0.5588  5+[ 6, 0, 2]
  62    5    49.428946   37.764548   49.428946    3.432965    0.00000000   0.0000   0.4881  5+[ 6, 2, 2]
  63    5    52.620397   40.955998   52.620397    3.521491    0.00000000   0.0000   0.6585  5+[ 6, 1, 3]
  64    5    54.154467   42.490068   54.154467    3.563261    0.00000000   0.0000   0.7189  5+[ 6, 3, 3]
  65    6    11.812087    0.147688   11.812087    2.128085    0.00000000   0.0000   0.9479  5-[ 3, 1, 2]
  66    6    21.241388    9.576990   21.241388    2.519466    0.00000000   0.0000   0.8872  5-[ 3, 0, 3]
  67    6    35.791943   24.127544   35.791943    3.025656    0.00000000   0.0000   0.8152  5-[ 5, 3, 2]
  68    6    37.669108   26.004710   37.669108    3.084917    0.00000000   0.0000   0.8220  5-[ 5, 1, 2]
  69    6    42.574274   30.909875   42.574274    3.234647    0.00000000   0.0000   0.7150  5-[ 5, 0, 3]
  70    6    43.672643   32.008244   43.672643    3.267235    0.00000000   0.0000   0.7801  5-[ 5, 2, 3]
  71    6    64.141304   52.476906   64.141304    3.824048    0.00000000   0.0000   0.6059  5-[ 7, 5, 2]
  72    6    65.762521   54.098123   65.762521    3.864723    0.00000000   0.0000   0.5582  5-[ 7, 5, 2]
  73    6    70.595228   58.930830   70.595228    3.983509    0.00000000   0.0000   0.7246  5-[ 7, 1, 2]
  74    7    24.976605   13.312206   24.976605    2.658619    0.00000000   0.0000   0.9372  7+[ 4, 1, 3]
  75    7    31.990452   20.326053   31.990452    2.901942    0.00000000   0.0000   0.8073  7+[ 4, 0, 4]
  76    7    45.608540   33.944141   45.608540    3.323894    0.00000000   0.0000   0.7416  7+[ 6, 1, 3]
  77    7    49.735876   38.071477   49.735876    3.441578    0.00000000   0.0000   0.7676  7+[ 6, 3, 3]
  78    7    53.337872   41.673473   53.337872    3.541088    0.00000000   0.0000   0.6330  7+[ 6, 0, 4]
  79    7    54.404308   42.739909   54.404308    3.570017    0.00000000   0.0000   0.7276  7+[ 6, 2, 4]
  80    8    14.244045    2.579647   14.244045    2.235595    0.00000000   0.0000   0.9784  7-[ 3, 0, 3]
  81    8    36.760937   25.096539   36.760937    3.056390    0.00000000   0.0000   0.6207  7-[ 5, 2, 3]
  82    8    38.136587   26.472189   38.136587    3.099498    0.00000000   0.0000   0.6649  7-[ 5, 2, 3]
  83    8    44.435431   32.771033   44.435431    3.289677    0.00000000   0.0000   0.8563  7-[ 5, 1, 4]
  84    8    64.334098   52.669699   64.334098    3.828908    0.00000000   0.0000   0.7435  7-[ 7, 2, 3]
  85    8    66.319509   54.655110   66.319509    3.878599    0.00000000   0.0000   0.7365  7-[ 7, 4, 3]
  86    8    71.422375   59.757976   71.422375    4.003487    0.00000000   0.0000   0.8490  7-[ 7, 0, 3]
  87    9    27.256379   15.591981   27.256379    2.740080    0.00000000   0.0000   0.9405  9+[ 4, 0, 4]
  88    9    46.201641   34.537243   46.201641    3.341060    0.00000000   0.0000   0.8160  9+[ 6, 0, 4]
  89    9    50.598008   38.933609   50.598008    3.465655    0.00000000   0.0000   0.8709  9+[ 6, 2, 4]
  90    9    54.436454   42.772056   54.436454    3.570886    0.00000000   0.0000   0.8338  9+[ 6, 1, 5]
  91   10    39.447358   27.782959   39.447358    3.140023    0.00000000   0.0000   0.9494  9-[ 5, 1, 4]
  92   10    45.627493   33.963095   45.627493    3.324444    0.00000000   0.0000   0.8782  9-[ 5, 0, 5]
  93   10    64.658867   52.994469   64.658867    3.837080    0.00000000   0.0000   0.9161  9-[ 7, 1, 4]
  94   10    67.101523   55.437125   67.101523    3.897998    0.00000000   0.0000   0.8734  9-[ 7, 3, 4]
  95   11    51.713317   40.048919   51.713317    3.496558    0.00000000   0.0000   0.9096 11+[ 6, 1, 5]
  96   11    54.954259   43.289861   54.954259    3.584845    0.00000000   0.0000   0.8473 11+[ 6, 0, 6]
  97   12    41.917481   30.253083   41.917481    3.215003    0.00000000   0.0000   0.9520 11-[ 5, 0, 5]
  98   12    65.470585   53.806186   65.470585    3.857431    0.00000000   0.0000   0.9577 11-[ 7, 0, 5]
  99   12    68.123691   56.459293   68.123691    3.923209    0.00000000   0.0000   0.9527 11-[ 7, 2, 5]
 100   13    53.117344   41.452946   53.117344    3.535076    0.00000000   0.0000   0.8975 13+[ 6, 0, 6]
 101   14    69.410146   57.745748   69.410146    3.954710    0.00000000   0.0000   0.9901 13-[ 7, 1, 6]
 102   16    71.338685   59.674287   71.338685    4.001470    0.00000000   0.0000   1.0000 15-[ 7, 0, 7]
#all active are  102 q.p. states out of  165
#since the cut off is pwi=  60.0
#check: number of neutrons=  12.0


 #canonical s.p. energies neutrons
 ---------------------------------


  labels -> {2*omega}{parity}[nn=nz+2*nr+nl,nz,nl]
  cqpe   -> canonical q.p. energies
  ce     -> canonical s.p. energies
  fermi energy=  -11.664398342970118     
  average cdelt=  -3.8818033422991192E-021
  k0      ceqp        ce         v*v       u*v        cdel     overl      labels
   1    4.245728    4.245728   0.00000000   0.00000000  -0.0000   0.7105  1+[ 4, 3, 1]
   2   16.142261   16.142261   0.00000000   0.00000000  -0.0000   0.6367  1+[ 4, 2, 0]
   3   40.777112   40.777112   0.00000000   0.00000000  -0.0000   0.6543  1+[ 4, 1, 1]
   4   43.235308   43.235308   0.00000000   0.00000000  -0.0000   0.5740  1+[ 6, 4, 0]
   5   54.199313   54.199313   0.00000000   0.00000000  -0.0000   0.6657  1+[ 8, 1, 1]
   7   51.229193   51.229193   0.00000000   0.00000000  -0.0000   0.6844  1+[ 8, 0, 0]
   8   56.224361   56.224361   0.00000000   0.00000000  -0.0000   0.7263  1+[ 6, 2, 0]
   9   50.354536   50.354536   0.00000000   0.00000000  -0.0000   0.5346  1+[ 6, 3, 1]
  11   59.853416   59.853416   0.00000000   0.00000000  -0.0000   0.7607  1+[ 8, 7, 1]
  13   49.536465   49.536465   0.00000000   0.00000000  -0.0000   0.5620  1+[ 8, 3, 1]
  14   50.270355   50.270355   0.00000000   0.00000000  -0.0000   0.4627  1+[ 8, 2, 0]
  15   56.137404   56.137404   0.00000000   0.00000000  -0.0000   0.5260  1+[ 8, 4, 0]
  16   45.030714   45.030714   0.00000000   0.00000000  -0.0000   0.4939  1+[ 6, 5, 1]
  17   50.142121   50.142121   0.00000000   0.00000000  -0.0000   0.6204  1+[ 6, 0, 0]
  18   52.660526   52.660526   0.00000000   0.00000000  -0.0000   0.5314  1+[ 8, 6, 0]
  19   35.922848   35.922848   0.00000000   0.00000000  -0.0000   0.6869  1+[ 4, 0, 0]
  20   26.768192   26.768192   0.00000000   0.00000000  -0.0000   0.5510  1+[ 6, 6, 0]
  21   23.517649   23.517649   0.00000000   0.00000000  -0.0000   0.7081  1+[ 4, 4, 0]
  22   14.074543   14.074543   0.00000000   0.00000000  -0.0000   0.5858  1+[ 4, 3, 1]
  23   -0.279592   -0.279592   0.00000000   0.00000001  -0.0000   0.8814  1+[ 2, 0, 0]
  24   -9.184781  -14.144015   1.00000000   0.00000002  -0.0000   0.8183  1+[ 2, 2, 0]
  25   11.036809  -34.365606   1.00000000   0.00000000  -0.0000   0.9878  1+[ 0, 0, 0]
  26   17.978312   17.978312   0.00000000   0.00000000  -0.0000   0.6820  1-[ 3, 0, 1]
  27    7.058847    7.058847   0.00000000   0.00000000  -0.0000   0.7671  1-[ 3, 3, 0]
  28   11.249146   11.249146   0.00000000   0.00000000  -0.0000   0.7991  1-[ 3, 1, 0]
  29   50.027999   50.027999   0.00000000   0.00000000  -0.0000   0.7804  1-[ 7, 0, 1]
  30   45.151062   45.151062   0.00000000   0.00000000  -0.0000   0.7789  1-[ 7, 2, 1]
  31   50.736992   50.736992   0.00000000   0.00000000  -0.0000   0.7740  1-[ 7, 4, 1]
  32   37.774047   37.774047   0.00000000   0.00000000  -0.0000   0.6808  1-[ 5, 3, 0]
  33   54.754455   54.754455   0.00000000   0.00000000  -0.0000   0.8146  1-[ 7, 6, 1]
  34   48.893270   48.893270   0.00000000   0.00000000  -0.0000   0.8600  1-[ 7, 1, 0]
  35   55.798449   55.798449   0.00000000   0.00000000  -0.0000   0.9518  1-[ 7, 3, 0]
  36   56.308694   56.308694   0.00000000   0.00000000  -0.0000   0.9159  1-[ 7, 5, 0]
  37   52.172716   52.172716   0.00000000   0.00000000  -0.0000   0.8879  1-[ 7, 7, 0]
  38   40.144916   40.144916   0.00000000   0.00000000  -0.0000   0.7461  1-[ 5, 1, 0]
  39   29.546613   29.546613   0.00000000   0.00000000  -0.0000   0.9156  1-[ 5, 5, 0]
  40   39.034895   39.034895   0.00000000   0.00000000  -0.0000   0.7596  1-[ 5, 2, 1]
  41   32.609301   32.609301   0.00000000   0.00000000  -0.0000   0.7807  1-[ 5, 4, 1]
  42   21.879795   21.879795   0.00000000   0.00000000  -0.0000   0.7841  1-[ 5, 0, 1]
  43    2.502491    2.502491   0.00000000   0.00000001  -0.0000   0.6072  1-[ 3, 2, 1]
  44    1.026110  -24.354907   1.00000000   0.00000003  -0.0000   0.8623  1-[ 1, 1, 0]
  45   -4.699510  -18.629287   1.00000000   0.00000000  -0.0000   0.8662  1-[ 1, 0, 1]
  46    8.310705    8.310705   0.00000000   0.00000000  -0.0000   0.7073  3+[ 2, 0, 2]
  47   35.846166   35.846166   0.00000000   0.00000000  -0.0000   0.6199  3+[ 4, 3, 1]
  48   36.193835   36.193835   0.00000000   0.00000000  -0.0000   0.8418  3+[ 4, 0, 2]
  49   55.057840   55.057840   0.00000000   0.00000000  -0.0000   0.5612  3+[ 6, 5, 1]
  50   57.500318   57.500318   0.00000000   0.00000000  -0.0000   0.6737  3+[ 8, 3, 1]
  51   45.750328   45.750328   0.00000000   0.00000000  -0.0000   0.5747  3+[ 4, 2, 2]
  52   55.526705   55.526705   0.00000000   0.00000000  -0.0000   0.5276  3+[ 6, 0, 2]
  53   55.912788   55.912788   0.00000000   0.00000000  -0.0000   0.6946  3+[ 8, 7, 1]
  57   48.804671   48.804671   0.00000000   0.00000000  -0.0000   0.7956  3+[ 6, 4, 2]
  58   45.641554   45.641554   0.00000000   0.00000000  -0.0000   0.7255  3+[ 6, 2, 2]
  59   50.268848   50.268848   0.00000000   0.00000000  -0.0000   0.5146  3+[ 8, 5, 1]
  60   49.480233   49.480233   0.00000000   0.00000000  -0.0000   0.5104  3+[ 8, 0, 2]
  61   49.295254   49.295254   0.00000000   0.00000000  -0.0000   0.6373  3+[ 6, 3, 1]
  62   35.935706   35.935706   0.00000000   0.00000000  -0.0000   0.6246  3+[ 6, 3, 1]
  63   25.091465   25.091465   0.00000000   0.00000000  -0.0000   0.5684  3+[ 4, 1, 1]
  64   11.629510   11.629510   0.00000000   0.00000000  -0.0000   0.6435  3+[ 2, 0, 2]
  65  -10.739870  -12.588927   0.99999999   0.00009657  -0.0000   0.9290  3+[ 2, 1, 1]
  66    8.410116    8.410116   0.00000000   0.00000000  -0.0000   0.7151  3-[ 3, 0, 1]
  67   13.566683   13.566683   0.00000000   0.00000000  -0.0000   0.7504  3-[ 3, 2, 1]
  68   41.863638   41.863638   0.00000000   0.00000000  -0.0000   0.7316  3-[ 7, 0, 1]
  69   49.154164   49.154164   0.00000000   0.00000000  -0.0000   0.7116  3-[ 7, 4, 1]
  70   36.184977   36.184977   0.00000000   0.00000000  -0.0000   0.8563  3-[ 5, 1, 2]
  71   50.812559   50.812559   0.00000000   0.00000000  -0.0000   0.5817  3-[ 7, 6, 1]
  72   40.535115   40.535115   0.00000000   0.00000000  -0.0000   0.7970  3-[ 5, 3, 2]
  73   54.795418   54.795418   0.00000000   0.00000000  -0.0000   0.6944  3-[ 7, 5, 2]
  74   57.836729   57.836729   0.00000000   0.00000000  -0.0000   0.7774  3-[ 7, 3, 2]
  75   53.010108   53.010108   0.00000000   0.00000000  -0.0000   0.7305  3-[ 7, 1, 2]
  76   38.057441   38.057441   0.00000000   0.00000000  -0.0000   0.8560  3-[ 5, 0, 1]
  77   53.270355   53.270355   0.00000000   0.00000000  -0.0000   0.6663  3-[ 7, 2, 1]
  78   29.650447   29.650447   0.00000000   0.00000000  -0.0000   0.9577  3-[ 5, 4, 1]
  79   32.133172   32.133172   0.00000000   0.00000000  -0.0000   0.6195  3-[ 5, 2, 1]
  80    9.665758    9.665758   0.00000000   0.00000000  -0.0000   0.8873  3-[ 3, 1, 2]
  81   -0.704086  -22.624711   1.00000000   0.00000000  -0.0000   0.9746  3-[ 1, 0, 1]
  82   35.097935   35.097935   0.00000000   0.00000000  -0.0000   0.5302  5+[ 4, 0, 2]
  83   50.073958   50.073958   0.00000000   0.00000000  -0.0000   0.5289  5+[ 6, 2, 2]
  84   55.086740   55.086740   0.00000000   0.00000000  -0.0000   0.5962  5+[ 8, 0, 2]
  85   49.657121   49.657121   0.00000000   0.00000000  -0.0000   0.6563  5+[ 8, 6, 2]
  86   55.570336   55.570336   0.00000000   0.00000000  -0.0000   0.6646  5+[ 8, 6, 2]
  90   53.345306   53.345306   0.00000000   0.00000000  -0.0000   0.9442  5+[ 6, 3, 3]
  92   54.952752   54.952752   0.00000000   0.00000000  -0.0000   0.6762  5+[ 8, 2, 2]
  93   53.095014   53.095014   0.00000000   0.00000000  -0.0000   0.6122  5+[ 8, 2, 2]
  94   25.937589   25.937589   0.00000000   0.00000000  -0.0000   0.6630  5+[ 4, 2, 2]
  95   25.264781   25.264781   0.00000000   0.00000000  -0.0000   0.5965  5+[ 6, 0, 2]
  96   22.489409   22.489409   0.00000000   0.00000000  -0.0000   0.9435  5+[ 4, 1, 3]
  97  -10.738607  -10.738607   0.00000001   0.00009535  -0.0000   0.9772  5+[ 2, 0, 2]
  98   54.474077   54.474077   0.00000000   0.00000000  -0.0000   0.6201  5-[ 7, 1, 2]
 100   57.863686   57.863686   0.00000000   0.00000000  -0.0000   0.6208  5-[ 7, 3, 2]
 101   59.849866   59.849866   0.00000000   0.00000000  -0.0000   0.5356  5-[ 7, 4, 3]
 102   52.310015   52.310015   0.00000000   0.00000000  -0.0000   0.6301  5-[ 7, 4, 3]
 103   27.384244   27.384244   0.00000000   0.00000000  -0.0000   0.7889  5-[ 3, 0, 3]
 104   46.107269   46.107269   0.00000000   0.00000000  -0.0000   0.5835  5-[ 7, 3, 2]
 105   28.327033   28.327033   0.00000000   0.00000000  -0.0000   0.5557  5-[ 5, 0, 3]
 106   30.046511   30.046511   0.00000000   0.00000000  -0.0000   0.6468  5-[ 5, 2, 3]
 107   22.249248   22.249248   0.00000000   0.00000000  -0.0000   0.5035  5-[ 5, 1, 2]
 108   34.423677   34.423677   0.00000000   0.00000000  -0.0000   0.8564  5-[ 5, 3, 2]
 109   10.565326   10.565326   0.00000000   0.00000000  -0.0000   0.9045  5-[ 3, 1, 2]
 110   35.005740   35.005740   0.00000000   0.00000000  -0.0000   0.7968  7+[ 4, 1, 3]
 113   58.546381   58.546381   0.00000000   0.00000000  -0.0000   0.8794  7+[ 8, 5, 3]
 114   53.225732   53.225732   0.00000000   0.00000000  -0.0000   0.5987  7+[ 8, 1, 3]
 115   28.406709   28.406709   0.00000000   0.00000000  -0.0000   0.9509  7+[ 4, 0, 4]
 117   42.728268   42.728268   0.00000000   0.00000000  -0.0000   0.5981  7+[ 8, 0, 4]
 118   50.659404   50.659404   0.00000000   0.00000000  -0.0000   0.6809  7+[ 8, 3, 3]
 119   51.173082   51.173082   0.00000000   0.00000000  -0.0000   0.6419  7+[ 6, 3, 3]
 120   48.807319   48.807319   0.00000000   0.00000000  -0.0000   0.6006  7+[ 6, 3, 3]
 121   43.329549   43.329549   0.00000000   0.00000000  -0.0000   0.7250  7+[ 6, 1, 3]
 122   52.690521   52.690521   0.00000000   0.00000000  -0.0000   0.7796  7-[ 7, 1, 4]
 123   43.542211   43.542211   0.00000000   0.00000000  -0.0000   0.6392  7-[ 5, 1, 4]
 124   57.199017   57.199017   0.00000000   0.00000000  -0.0000   0.6513  7-[ 7, 4, 3]
 125   55.360686   55.360686   0.00000000   0.00000000  -0.0000   0.6794  7-[ 7, 0, 3]
 126   35.538733   35.538733   0.00000000   0.00000000  -0.0000   0.6072  7-[ 7, 2, 3]
 127   39.215095   39.215095   0.00000000   0.00000000  -0.0000   0.4828  7-[ 7, 2, 3]
 128   35.966214   35.966214   0.00000000   0.00000000  -0.0000   0.5397  7-[ 5, 2, 3]
 129   49.293582   49.293582   0.00000000   0.00000000  -0.0000   0.5734  7-[ 5, 1, 4]
 130   15.103346   15.103346   0.00000000   0.00000000  -0.0000   0.6058  7-[ 3, 0, 3]
 131   37.213598   37.213598   0.00000000   0.00000000  -0.0000   0.6354  9+[ 4, 0, 4]
 134   58.161441   58.161441   0.00000000   0.00000000  -0.0000   0.7327  9+[ 8, 2, 4]
 135   52.089066   52.089066   0.00000000   0.00000000  -0.0000   0.5303  9+[ 8, 0, 4]
 138   49.006191   49.006191   0.00000000   0.00000000  -0.0000   0.8629  9+[ 6, 2, 4]
 139   35.914220   35.914220   0.00000000   0.00000000  -0.0000   0.6247  9+[ 4, 0, 4]
 140   36.091172   36.091172   0.00000000   0.00000000  -0.0000   0.9658  9-[ 5, 0, 5]
 142   57.803399   57.803399   0.00000000   0.00000000  -0.0000   0.7680  9-[ 7, 0, 5]
 143   54.615136   54.615136   0.00000000   0.00000000  -0.0000   0.7628  9-[ 7, 3, 4]
 144   54.425903   54.425903   0.00000000   0.00000000  -0.0000   0.8773  9-[ 7, 1, 4]
 145   35.664235   35.664235   0.00000000   0.00000000  -0.0000   0.8810  9-[ 5, 1, 4]
 150   46.268351   46.268351   0.00000000   0.00000000  -0.0000   0.6634 11+[ 6, 1, 5]
 151   56.951172   56.951172   0.00000000   0.00000000  -0.0000   0.5155 11+[ 8, 3, 5]
 152   58.881843   58.881843   0.00000000   0.00000000  -0.0000   0.7725 11-[ 7, 1, 6]
 153   54.836968   54.836968   0.00000000   0.00000000  -0.0000   0.7936 11-[ 7, 0, 5]
 154   59.541611   59.541611   0.00000000   0.00000000  -0.0000   0.8379 11-[ 7, 2, 5]
 155   31.243503   31.243503   0.00000000   0.00000000  -0.0000   0.8774 11-[ 5, 0, 5]
 158   59.554696   59.554696   0.00000000   0.00000000  -0.0000   0.7985 13+[ 6, 0, 6]
 159   54.911041   54.911041   0.00000000   0.00000000  -0.0000   0.6932 13+[ 8, 0, 6]
 160   57.885375   57.885375   0.00000000   0.00000000  -0.0000   1.0000 13-[ 7, 1, 6]
 162   59.674287   59.674287   0.00000000   0.00000000  -0.0000   1.0000 15-[ 7, 0, 7]
  Sum canonical e_v*V^2_k=  -253.41490562043731     


 #quasiparticle energies protons 
 --------------------------------
  eqp(k) -> q.p. energy 
  e(k)   -> referent s.p. energy 
  p(k)   -> occ.probability 
  del(k) -> referent s.p. gap 
  fermi energy alast=  -7.0181422353077476     
  #k  block#    eqp(k)     e(k)       (1-2N)E      decay        p(k)        del(k)    overl      labels
   1    1     2.213010   -9.231152   -2.213010    1.334444    1.00000000   0.0000   0.8019  1+[ 2, 2, 0]
   2    1     2.833755   -4.184387    2.833755    1.378581    0.00000000   0.0000   0.7816  1+[ 2, 0, 0]
   3    1     5.560072   -1.458070    5.560072    1.557693    0.00000000   0.0000   0.7074  1+[ 2, 1, 1]
   4    1    21.201624   14.183482   21.201624    2.333185    0.00000000   0.0000   0.6252  1+[ 4, 4, 0]
   5    1    22.777299  -29.795442  -22.777299    2.397438    1.00000000   0.0000   0.9803  1+[ 0, 0, 0]
   6    1    23.306275   16.288132   23.306275    2.418626    0.00000000   0.0000   0.5223  1+[ 4, 2, 0]
   7    1    24.176688   17.158546   24.176688    2.453091    0.00000000   0.0000   0.5818  1+[ 4, 0, 0]
   8    1    25.864022   18.845880   25.864022    2.518562    0.00000000   0.0000   0.5248  1+[ 4, 1, 1]
   9    1    29.026073   22.007931   29.026073    2.636879    0.00000000   0.0000   0.4914  1+[ 4, 3, 1]
  10    1    44.150785   37.132643   44.150785    3.141779    0.00000000   0.0000   0.4962  1+[ 6, 6, 0]
  11    1    45.926229   38.908087   45.926229    3.195820    0.00000000   0.0000   0.3946  1+[ 6, 2, 0]
  12    1    47.756380   40.738238   47.756380    3.250586    0.00000000   0.0000   0.5985  1+[ 6, 4, 0]
  13    1    49.316867   42.298724   49.316867    3.296565    0.00000000   0.0000   0.4007  1+[ 4, 1, 1]
  14    1    50.124834   43.106691   50.124834    3.320121    0.00000000   0.0000   0.5235  1+[ 4, 0, 0]
  15    1    51.271881   44.253739   51.271881    3.353278    0.00000000   0.0000   0.4315  1+[ 6, 2, 0]
  16    1    53.100935   46.082793   53.100935    3.405482    0.00000000   0.0000   0.4786  1+[ 6, 5, 1]
  17    2     6.761343  -13.779485   -6.761343    1.630380    1.00000000   0.0000   0.9237  1-[ 1, 0, 1]
  18    2     9.060884    2.042741    9.060884    1.761174    0.00000000   0.0000   0.7293  1-[ 3, 3, 0]
  19    2    12.762018  -19.780160  -12.762018    1.953383    1.00000000   0.0000   0.9206  1-[ 1, 1, 0]
  20    2    13.059703    6.041561   13.059703    1.968027    0.00000000   0.0000   0.7405  1-[ 3, 1, 0]
  21    2    16.629503    9.611361   16.629503    2.135829    0.00000000   0.0000   0.5610  1-[ 3, 0, 1]
  22    2    18.355041   11.336898   18.355041    2.212381    0.00000000   0.0000   0.6440  1-[ 3, 0, 1]
  23    2    34.183719   27.165577   34.183719    2.819232    0.00000000   0.0000   0.6330  1-[ 5, 5, 0]
  24    2    35.668832   28.650690   35.668832    2.869592    0.00000000   0.0000   0.6398  1-[ 5, 3, 0]
  25    2    36.494242   29.476100   36.494242    2.897203    0.00000000   0.0000   0.6674  1-[ 5, 1, 0]
  26    2    38.700482   31.682339   38.700482    2.969744    0.00000000   0.0000   0.6628  1-[ 5, 0, 1]
  27    2    40.919013   33.900870   40.919013    3.040945    0.00000000   0.0000   0.3856  1-[ 5, 2, 1]
  28    2    42.259564   35.241422   42.259564    3.083171    0.00000000   0.0000   0.4729  1-[ 5, 3, 0]
  29    2    63.468255   56.450113   63.468255    3.687441    0.00000000   0.0000   0.4599  1-[ 7, 6, 1]
  30    2    64.557193   57.539051   64.557193    3.715815    0.00000000   0.0000   0.4689  1-[ 7, 5, 0]
  31    3     0.932457   -7.950600   -0.932457    1.238433    1.00000000   0.0000   0.9261  3+[ 2, 1, 1]
  32    3     7.647284    0.629141    7.647284    1.681976    0.00000000   0.0000   0.9009  3+[ 2, 0, 2]
  33    3    21.739189   14.721046   21.739189    2.355303    0.00000000   0.0000   0.7946  3+[ 4, 3, 1]
  34    3    24.422907   17.404765   24.422907    2.462753    0.00000000   0.0000   0.7747  3+[ 4, 1, 1]
  35    3    26.702645   19.684502   26.702645    2.550476    0.00000000   0.0000   0.6235  3+[ 4, 0, 2]
  36    3    29.333028   22.314886   29.333028    2.648083    0.00000000   0.0000   0.6731  3+[ 4, 2, 2]
  37    3    44.257804   37.239661   44.257804    3.145062    0.00000000   0.0000   0.5557  3+[ 6, 5, 1]
  38    3    46.859743   39.841601   46.859743    3.223871    0.00000000   0.0000   0.6161  3+[ 6, 1, 1]
  39    3    48.061381   41.043239   48.061381    3.259624    0.00000000   0.0000   0.6502  3+[ 6, 3, 1]
  40    3    51.443380   44.425238   51.443380    3.358207    0.00000000   0.0000   0.5813  3+[ 6, 2, 2]
  41    3    52.328195   45.310053   52.328195    3.383525    0.00000000   0.0000   0.5879  3+[ 4, 0, 2]
  42    3    53.187361   46.169219   53.187361    3.407929    0.00000000   0.0000   0.5909  3+[ 6, 4, 2]
  43    4    10.052424    3.034282   10.052424    1.814665    0.00000000   0.0000   0.8581  3-[ 3, 2, 1]
  44    4    10.844634  -17.862776  -10.844634    1.856295    1.00000000   0.0000   0.9726  3-[ 1, 0, 1]
  45    4    16.208109    9.189967   16.208109    2.116713    0.00000000   0.0000   0.8415  3-[ 3, 0, 1]
  46    4    18.781606   11.763464   18.781606    2.230900    0.00000000   0.0000   0.8012  3-[ 3, 1, 2]
  47    4    34.552663   27.534521   34.552663    2.831827    0.00000000   0.0000   0.7677  3-[ 5, 4, 1]
  48    4    36.584975   29.566833   36.584975    2.900222    0.00000000   0.0000   0.7450  3-[ 5, 2, 1]
  49    4    37.246234   30.228092   37.246234    2.922130    0.00000000   0.0000   0.7319  3-[ 5, 0, 1]
  50    4    41.331292   34.313150   41.331292    3.053994    0.00000000   0.0000   0.6154  3-[ 5, 1, 2]
  51    4    42.459798   35.441656   42.459798    3.089429    0.00000000   0.0000   0.6505  3-[ 5, 3, 2]
  52    4    63.550728   56.532586   63.550728    3.689598    0.00000000   0.0000   0.5611  3-[ 7, 6, 1]
  53    4    64.732886   57.714744   64.732886    3.720373    0.00000000   0.0000   0.5309  3-[ 7, 4, 1]
  54    5     0.933209   -6.084933    0.933209    1.238491    0.00000000   0.0000   0.9735  5+[ 2, 0, 2]
  55    5    22.760973   15.742831   22.760973    2.396781    0.00000000   0.0000   0.8590  5+[ 4, 2, 2]
  56    5    24.705594   17.687451   24.705594    2.473800    0.00000000   0.0000   0.7761  5+[ 4, 0, 2]
  57    5    29.972630   22.954488   29.972630    2.671278    0.00000000   0.0000   0.7763  5+[ 4, 1, 3]
  58    5    44.416983   37.398841   44.416983    3.149940    0.00000000   0.0000   0.5506  5+[ 6, 2, 2]
  59    5    48.032823   41.014680   48.032823    3.258779    0.00000000   0.0000   0.5277  5+[ 6, 4, 2]
  60    5    48.735025   41.716883   48.735025    3.279497    0.00000000   0.0000   0.5057  5+[ 4, 0, 2]
  61    5    51.770003   44.751861   51.770003    3.367575    0.00000000   0.0000   0.6477  5+[ 6, 1, 3]
  62    5    53.231563   46.213421   53.231563    3.409180    0.00000000   0.0000   0.6946  5+[ 6, 3, 3]
  63    6    11.663021    4.644878   11.663021    1.898342    0.00000000   0.0000   0.9436  5-[ 3, 1, 2]
  64    6    20.719398   13.701256   20.719398    2.313164    0.00000000   0.0000   0.8751  5-[ 3, 0, 3]
  65    6    35.194717   28.176575   35.194717    2.853611    0.00000000   0.0000   0.7782  5-[ 5, 3, 2]
  66    6    36.876104   29.857961   36.876104    2.909888    0.00000000   0.0000   0.7899  5-[ 5, 1, 2]
  67    6    41.830823   34.812681   41.830823    3.069730    0.00000000   0.0000   0.7121  5-[ 5, 0, 3]
  68    6    42.880730   35.862588   42.880730    3.102543    0.00000000   0.0000   0.7837  5-[ 5, 2, 3]
  69    6    63.684311   56.666168   63.684311    3.693088    0.00000000   0.0000   0.5484  5-[ 7, 5, 2]
  70    6    65.085669   58.067527   65.085669    3.729508    0.00000000   0.0000   0.6062  5-[ 7, 5, 2]
  71    7    24.499326   17.481184   24.499326    2.465745    0.00000000   0.0000   0.9272  7+[ 4, 1, 3]
  72    7    30.975567   23.957424   30.975567    2.707249    0.00000000   0.0000   0.7902  7+[ 4, 0, 4]
  73    7    44.689833   37.671690   44.689833    3.158284    0.00000000   0.0000   0.7380  7+[ 6, 1, 3]
  74    7    48.816719   41.798577   48.816719    3.281899    0.00000000   0.0000   0.7661  7+[ 6, 3, 3]
  75    7    52.452192   45.434050   52.452192    3.387058    0.00000000   0.0000   0.5663  7+[ 6, 0, 4]
  76    7    53.514355   46.496213   53.514355    3.417171    0.00000000   0.0000   0.6318  7+[ 6, 2, 4]
  77    8    14.061728    7.043585   14.061728    2.016538    0.00000000   0.0000   0.9732  7-[ 3, 0, 3]
  78    8    35.982218   28.964076   35.982218    2.880106    0.00000000   0.0000   0.6854  7-[ 5, 0, 3]
  79    8    37.424876   30.406734   37.424876    2.928021    0.00000000   0.0000   0.7355  7-[ 5, 2, 3]
  80    8    43.555131   36.536988   43.555131    3.123438    0.00000000   0.0000   0.8496  7-[ 5, 1, 4]
  81    8    63.865057   56.846915   63.865057    3.697806    0.00000000   0.0000   0.7712  7-[ 7, 2, 3]
  82    8    65.630792   58.612649   65.630792    3.743579    0.00000000   0.0000   0.7656  7-[ 7, 4, 3]
  83    9    26.636662   19.618520   26.636662    2.547980    0.00000000   0.0000   0.9269  9+[ 4, 0, 4]
  84    9    45.347968   38.329826   45.347968    3.178320    0.00000000   0.0000   0.8019  9+[ 6, 0, 4]
  85    9    49.611948   42.593806   49.611948    3.305187    0.00000000   0.0000   0.8641  9+[ 6, 2, 4]
  86    9    53.244251   46.226109   53.244251    3.409539    0.00000000   0.0000   0.8269  9+[ 6, 1, 5]
  87   10    38.776723   31.758581   38.776723    2.972219    0.00000000   0.0000   0.9430  9-[ 5, 1, 4]
  88   10    44.632579   37.614437   44.632579    3.156535    0.00000000   0.0000   0.8715  9-[ 5, 0, 5]
  89   10    64.187262   57.169120   64.187262    3.706200    0.00000000   0.0000   0.9263  9-[ 7, 1, 4]
  90   10    66.388731   59.370588   66.388731    3.763057    0.00000000   0.0000   0.8846  9-[ 7, 3, 4]
  91   11    50.623759   43.605617   50.623759    3.334583    0.00000000   0.0000   0.9012 11+[ 6, 1, 5]
  92   11    53.675334   46.657192   53.675334    3.421712    0.00000000   0.0000   0.8416 11+[ 6, 0, 6]
  93   12    41.107864   34.089721   41.107864    3.046929    0.00000000   0.0000   0.9442 11-[ 5, 0, 5]
  94   12    65.042841   58.024698   65.042841    3.728400    0.00000000   0.0000   0.9540 11-[ 7, 0, 5]
  95   13    51.903558   44.885416   51.903558    3.371398    0.00000000   0.0000   0.8894 13+[ 6, 0, 6]
#all active are   95 q.p. states out of  165
#since the cut off is pwi=  60.0
#check: number of protons =  12.0


 #canonical s.p. energies protons 
 ---------------------------------


  labels -> {2*omega}{parity}[nn=nz+2*nr+nl,nz,nl]
  cqpe   -> canonical q.p. energies
  ce     -> canonical s.p. energies
  fermi energy=  -7.0181422353077476     
  average cdelt=  -8.7072332593884651E-021
  k0      ceqp        ce         v*v       u*v        cdel     overl      labels
   1   -1.596959   -1.596959   0.00000000   0.00000000  -0.0000   0.6255  1+[ 2, 1, 1]
   2   30.400394   30.400394   0.00000000   0.00000000  -0.0000   0.5283  1+[ 6, 6, 0]
   3   36.124896   36.124896   0.00000000   0.00000000  -0.0000   0.7050  1+[ 4, 3, 1]
   4   48.481554   48.481554   0.00000000   0.00000000  -0.0000   0.4757  1+[ 8, 0, 0]
   5   44.237887   44.237887   0.00000000   0.00000000  -0.0000   0.5697  1+[ 4, 0, 0]
   6   57.487501   57.487501   0.00000000   0.00000000  -0.0000   0.4636  1+[ 6, 4, 0]
   7   43.519233   43.519233   0.00000000   0.00000000  -0.0000   0.4793  1+[ 6, 5, 1]
   8   58.069517   58.069517   0.00000000   0.00000000  -0.0000   0.4782  1+[ 8, 8, 0]
  11   59.462688   59.462688   0.00000000   0.00000000  -0.0000   0.6105  1+[ 6, 1, 1]
  13   55.778927   55.778927   0.00000000   0.00000000  -0.0000   0.5869  1+[ 6, 1, 1]
  16   50.422590   50.422590   0.00000000   0.00000000  -0.0000   0.4930  1+[ 8, 1, 1]
  17   49.056034   49.056034   0.00000000   0.00000000  -0.0000   0.5784  1+[ 6, 5, 1]
  18   58.314098   58.314098   0.00000000   0.00000000  -0.0000   0.4985  1+[ 6, 2, 0]
  19   47.458684   47.458684   0.00000000   0.00000000  -0.0000   0.4562  1+[ 4, 0, 0]
  20   42.387275   42.387275   0.00000000   0.00000000  -0.0000   0.4511  1+[ 4, 2, 0]
  21   26.777279   26.777279   0.00000000   0.00000000  -0.0000   0.7267  1+[ 4, 1, 1]
  22   11.624474   11.624474   0.00000000   0.00000000  -0.0000   0.5890  1+[ 2, 0, 0]
  23   15.514757   15.514757   0.00000000   0.00000000  -0.0000   0.6724  1+[ 4, 4, 0]
  24   -3.837188  -10.199097   1.00000000   0.00000002  -0.0000   0.7477  1+[ 2, 2, 0]
  25   14.791212  -28.827497   1.00000000   0.00000000  -0.0000   0.9322  1+[ 0, 0, 0]
  26   10.919760   10.919760   0.00000000   0.00000000  -0.0000   0.8083  1-[ 3, 3, 0]
  27   18.891183   18.891183   0.00000000   0.00000000  -0.0000   0.6664  1-[ 3, 2, 1]
  28   32.383873   32.383873   0.00000000   0.00000000  -0.0000   0.4741  1-[ 5, 0, 1]
  29   45.755607   45.755607   0.00000000   0.00000000  -0.0000   0.6964  1-[ 5, 4, 1]
  30   53.366279   53.366279   0.00000000   0.00000000  -0.0000   0.4948  1-[ 7, 4, 1]
  31   50.541832   50.541832   0.00000000   0.00000000  -0.0000   0.5499  1-[ 7, 2, 1]
  32   56.018721   56.018721   0.00000000   0.00000000  -0.0000   0.4893  1-[ 7, 4, 1]
  33   55.573815   55.573815   0.00000000   0.00000000  -0.0000   0.6337  1-[ 7, 1, 0]
  35   57.710943   57.710943   0.00000000   0.00000000  -0.0000   0.8453  1-[ 7, 7, 0]
  36   57.195090   57.195090   0.00000000   0.00000000  -0.0000   0.5845  1-[ 7, 5, 0]
  37   48.315588   48.315588   0.00000000   0.00000000  -0.0000   0.5806  1-[ 7, 6, 1]
  38   45.783769   45.783769   0.00000000   0.00000000  -0.0000   0.6152  1-[ 7, 6, 1]
  39   50.266110   50.266110   0.00000000   0.00000000  -0.0000   0.4600  1-[ 5, 0, 1]
  40   33.102699   33.102699   0.00000000   0.00000000  -0.0000   0.6524  1-[ 5, 2, 1]
  41   33.269928   33.269928   0.00000000   0.00000000  -0.0000   0.5807  1-[ 5, 5, 0]
  42    9.861729    9.861729   0.00000000   0.00000000  -0.0000   0.7292  1-[ 3, 1, 0]
  43    9.993891    9.993891   0.00000000   0.00000001  -0.0000   0.6853  1-[ 3, 0, 1]
  44    0.279405  -14.315690   1.00000000   0.00000000  -0.0000   0.9679  1-[ 1, 0, 1]
  45    5.207671  -19.243956   1.00000000   0.00000000  -0.0000   0.9659  1-[ 1, 1, 0]
  46    6.336018    6.336018   0.00000000   0.00000000  -0.0000   0.8964  3+[ 2, 0, 2]
  47   19.596545   19.596545   0.00000000   0.00000000  -0.0000   0.6393  3+[ 4, 1, 1]
  48   44.639064   44.639064   0.00000000   0.00000000  -0.0000   0.5544  3+[ 8, 3, 1]
  49   42.836808   42.836808   0.00000000   0.00000000  -0.0000   0.7435  3+[ 4, 0, 2]
  51   58.950220   58.950220   0.00000000   0.00000000  -0.0000   0.6899  3+[ 8, 0, 2]
  53   48.131329   48.131329   0.00000000   0.00000000  -0.0000   0.5662  3+[ 8, 2, 2]
  54   55.885923   55.885923   0.00000000   0.00000000  -0.0000   0.7245  3+[ 6, 4, 2]
  57   54.549014   54.549014   0.00000000   0.00000000  -0.0000   0.6553  3+[ 6, 0, 2]
  60   50.618436   50.618436   0.00000000   0.00000000  -0.0000   0.4956  3+[ 4, 2, 2]
  61   38.480181   38.480181   0.00000000   0.00000000  -0.0000   0.6068  3+[ 4, 2, 2]
  62   39.868302   39.868302   0.00000000   0.00000000  -0.0000   0.6241  3+[ 6, 5, 1]
  63   57.397587   57.397587   0.00000000   0.00000000  -0.0000   0.6022  3+[ 6, 5, 1]
  64   21.379728   21.379728   0.00000000   0.00000000  -0.0000   0.6719  3+[ 4, 3, 1]
  65   -6.085685   -7.950600   0.99999999   0.00008920  -0.0000   0.9261  3+[ 2, 1, 1]
  66   10.655178   10.655178   0.00000000   0.00000000  -0.0000   0.7779  3-[ 3, 1, 2]
  67   10.797461   10.797461   0.00000000   0.00000000  -0.0000   0.7548  3-[ 3, 0, 1]
  68   44.567327   44.567327   0.00000000   0.00000000  -0.0000   0.7146  3-[ 5, 2, 1]
  69   30.972717   30.972717   0.00000000   0.00000000  -0.0000   0.7073  3-[ 5, 0, 1]
  70   43.150248   43.150248   0.00000000   0.00000000  -0.0000   0.6618  3-[ 5, 1, 2]
  72   58.325684   58.325684   0.00000000   0.00000000  -0.0000   0.7872  3-[ 7, 1, 2]
  74   50.976486   50.976486   0.00000000   0.00000000  -0.0000   0.7791  3-[ 7, 5, 2]
  75   45.836403   45.836403   0.00000000   0.00000000  -0.0000   0.7063  3-[ 5, 1, 2]
  76   55.082470   55.082470   0.00000000   0.00000000  -0.0000   0.8426  3-[ 7, 4, 1]
  77   52.119647   52.119647   0.00000000   0.00000000  -0.0000   0.6109  3-[ 7, 2, 1]
  78   52.300295   52.300295   0.00000000   0.00000000  -0.0000   0.5277  3-[ 5, 0, 1]
  79   40.732590   40.732590   0.00000000   0.00000000  -0.0000   0.7880  3-[ 5, 4, 1]
  80   14.437932   14.437932   0.00000000   0.00000000  -0.0000   0.6200  3-[ 3, 1, 2]
  81    3.826492  -17.862776   1.00000000   0.00000003  -0.0000   0.9726  3-[ 1, 0, 1]
  82   31.484513   31.484513   0.00000000   0.00000000  -0.0000   0.6691  5+[ 4, 2, 2]
  84   58.242353   58.242353   0.00000000   0.00000000  -0.0000   0.8064  5+[ 6, 2, 2]
  85   54.619579   54.619579   0.00000000   0.00000000  -0.0000   0.7762  5+[ 6, 1, 3]
  89   55.096122   55.096122   0.00000000   0.00000000  -0.0000   0.7786  5+[ 6, 3, 3]
  92   51.483921   51.483921   0.00000000   0.00000000  -0.0000   0.7421  5+[ 8, 2, 2]
  93   54.515659   54.515659   0.00000000   0.00000000  -0.0000   0.7384  5+[ 6, 4, 2]
  94   36.584470   36.584470   0.00000000   0.00000000  -0.0000   0.7212  5+[ 6, 0, 2]
  95   28.867826   28.867826   0.00000000   0.00000000  -0.0000   0.6262  5+[ 4, 1, 3]
  96   23.258247   23.258247   0.00000000   0.00000000  -0.0000   0.8208  5+[ 4, 0, 2]
  97   -6.084933   -6.084933   0.00000001   0.00008854  -0.0000   0.9735  5+[ 2, 0, 2]
 102   47.823539   47.823539   0.00000000   0.00000000  -0.0000   0.4273  5-[ 7, 2, 3]
 103   54.741880   54.741880   0.00000000   0.00000000  -0.0000   0.6997  5-[ 7, 5, 2]
 104   34.150448   34.150448   0.00000000   0.00000000  -0.0000   0.7078  5-[ 3, 0, 3]
 105   41.110379   41.110379   0.00000000   0.00000000  -0.0000   0.6209  5-[ 7, 3, 2]
 106   31.710632   31.710632   0.00000000   0.00000000  -0.0000   0.5001  5-[ 5, 0, 3]
 107   31.777064   31.777064   0.00000000   0.00000000  -0.0000   0.5654  5-[ 5, 2, 3]
 108   24.376281   24.376281   0.00000000   0.00000000  -0.0000   0.5353  5-[ 5, 1, 2]
 109   13.232846   13.232846   0.00000000   0.00000000  -0.0000   0.9194  5-[ 3, 1, 2]
 110   55.149102   55.149102   0.00000000   0.00000000  -0.0000   0.5438  7+[ 4, 1, 3]
 111   41.425451   41.425451   0.00000000   0.00000000  -0.0000   0.5342  7+[ 4, 0, 4]
 117   40.979257   40.979257   0.00000000   0.00000000  -0.0000   0.5846  7+[ 4, 0, 4]
 118   26.763064   26.763064   0.00000000   0.00000000  -0.0000   0.5319  7+[ 6, 0, 4]
 119   45.515467   45.515467   0.00000000   0.00000000  -0.0000   0.6298  7+[ 6, 3, 3]
 120   53.244931   53.244931   0.00000000   0.00000000  -0.0000   0.5186  7+[ 8, 3, 3]
 121   52.912229   52.912229   0.00000000   0.00000000  -0.0000   0.5118  7+[ 6, 3, 3]
 122   45.026120   45.026120   0.00000000   0.00000000  -0.0000   0.6559  7-[ 5, 1, 4]
 124   58.883530   58.883530   0.00000000   0.00000000  -0.0000   0.7257  7-[ 7, 1, 4]
 126   52.400974   52.400974   0.00000000   0.00000000  -0.0000   0.8119  7-[ 7, 2, 3]
 127   31.161023   31.161023   0.00000000   0.00000000  -0.0000   0.5716  7-[ 3, 0, 3]
 128   38.327177   38.327177   0.00000000   0.00000000  -0.0000   0.5909  7-[ 5, 2, 3]
 129   53.208408   53.208408   0.00000000   0.00000000  -0.0000   0.5647  7-[ 7, 3, 4]
 130   18.111309   18.111309   0.00000000   0.00000000  -0.0000   0.6134  7-[ 3, 0, 3]
 131   54.617162   54.617162   0.00000000   0.00000000  -0.0000   0.8483  9+[ 6, 1, 5]
 135   37.169747   37.169747   0.00000000   0.00000000  -0.0000   0.7768  9+[ 4, 0, 4]
 138   52.391708   52.391708   0.00000000   0.00000000  -0.0000   0.8339  9+[ 6, 2, 4]
 139   42.904309   42.904309   0.00000000   0.00000000  -0.0000   0.6149  9+[ 6, 0, 4]
 141   46.353886   46.353886   0.00000000   0.00000000  -0.0000   0.8925  9-[ 5, 0, 5]
 143   58.569588   58.569588   0.00000000   0.00000000  -0.0000   0.7928  9-[ 7, 3, 4]
 144   59.545723   59.545723   0.00000000   0.00000000  -0.0000   0.7388  9-[ 7, 1, 4]
 145   39.270701   39.270701   0.00000000   0.00000000  -0.0000   0.8234  9-[ 5, 1, 4]
 150   50.463777   50.463777   0.00000000   0.00000000  -0.0000   0.6106 11+[ 6, 1, 5]
 151   59.895942   59.895942   0.00000000   0.00000000  -0.0000   0.5617 11+[ 8, 3, 5]
 153   59.518761   59.518761   0.00000000   0.00000000  -0.0000   0.8132 11-[ 7, 2, 5]
 155   34.859407   34.859407   0.00000000   0.00000000  -0.0000   0.8779 11-[ 5, 0, 5]
 159   44.926134   44.926134   0.00000000   0.00000000  -0.0000   0.8967 13+[ 6, 0, 6]
  Sum canonical e_v*V^2_k=  -196.79922943020827     

  NB! From expect (UNPROJECTED RESULTS)

  pairing: CpV0,CpV1,...           0.100000       0.100000       1.000000       1.000000
  forces:   UNE1                          


                             neutrons         protons         total
  Requested part.numbs.      12.000000      12.000000      24.000000
  UnPj(av) part.numbs .      12.000000      12.000000      24.000000
  b0, bz, bp ..........       1.559284       1.564210       1.556827

  lambda (ala) ........     -11.664398      -7.018142
  Lambda (alast) ......     -11.664398      -7.018142
  delta(n,p), pwi .....      -0.000000      -0.000000      60.000000
  pairing energy ......       0.000000       0.000000       0.000000

  rms-radius ..........       2.944875       2.964333       2.954620
  charge-radius, r0 ...                      3.070386       3.461399
  deformation beta2....       0.300650       0.300808       0.300729
  dipole moment[fm] ...       0.000000       0.000000       0.000000
  quadrupole moment[b]        0.394718       0.400161       0.794878
  octupole moment .....       0.000000       0.000000       0.000000
  hexadecapole moment .       0.000797       0.000725       0.001522
  q5 ..................       0.000000       0.000000       0.000000
  q6 ..................      -0.000060      -0.000062      -0.000122
  q7 ..................       0.000000       0.000000       0.000000
  q8 ..................      -0.000002      -0.000002      -0.000005

  <r^0> [fm^0] ........            1.000000            1.000000            1.000000
  <r^2> [fm^2] ........            8.672290            8.787269            8.729780
  <r^4> [fm^4] ........          108.961591          112.182174          110.571882
  <r^6> [fm^6] ........         1767.244200         1853.782955         1810.513577
  <r^8> [fm^8] ........        34986.501764        37463.326521        36224.914143

  kinetic energy ......     206.550546     203.860001     410.410547
  volume energy .......                                  -661.790787
        rho_tau .......                                    -1.820029
        rho_rho .......                                  -659.970758
  surface energy ......                                    55.517660
   rho_DELTA_rho ......                                    55.517660
   (NABLA_rho)^2 ......                                     0.000000
  spin-orbit energy ...                                   -20.901214
        rho_NABLA_J ...                                   -20.901214
        NABLA_rho_J ...                                     0.000000
  coulomb energy ......                                    29.082375
          direct ......                                    33.534802
          exchange ....                                    -4.452427
  tensor energy .......                                     0.000000
  direct Hartree E  ...                                     0.000000
  Extra E .............                                     0.000000
  External field E ....                                     0.000000
  Entropy .............       0.000001       0.000001       0.000001

  tEnergy: ehfb (qp)...                                  -187.681419

  Calculated but not added corrections 
====================================
  cmc-diagonal part ...       0.000000       0.000000       0.000000
  cmc-hfb .............       0.000000       0.000000       0.000000
  cranking rot corr ...       0.000000       0.000000       0.000000

  SQUJ ................       0.000000       0.000000       0.000000
  CRAN x 4 ............       0.000000       0.000000       0.000000
  Rigit Body ..........       0.000000       0.000000       0.000000


   Blocking candidates are:
   neutron eqpmin=  0.92452837345302896       pwiblo=   5.1031036307982882     
    num=   1 block=   3 state=   1    32 Eqp=   0.92452837  (1-2N)E=  -0.92452837  Ovlp=   0.92902363  3+[ 2, 1, 1]
    num=   2 block=   5 state=   1    56 Eqp=   0.92579182  (1-2N)E=   0.92579182  Ovlp=   0.97720507  5+[ 2, 0, 2]
    num=   3 block=   1 state=   1     1 Eqp=   2.21842308  (1-2N)E=  -2.21842308  Ovlp=   0.80570715  1+[ 2, 2, 0]
    num=   4 block=   1 state=   2     2 Eqp=   2.90888496  (1-2N)E=   2.90888496  Ovlp=   0.78831495  1+[ 2, 0, 0]
    num=   5 block=   1 state=   3     3 Eqp=   5.71199766  (1-2N)E=   5.71199766  Ovlp=   0.71200290  1+[ 2, 1, 1]

   Blocking candidates are:
   proton  eqpmin=  0.93245746843200550       pwiblo=   5.1031036307982882     
    num=   1 block=   3 state=   1    31 Eqp=   0.93245747  (1-2N)E=  -0.93245747  Ovlp=   0.92608455  3+[ 2, 1, 1]
    num=   2 block=   5 state=   1    54 Eqp=   0.93320927  (1-2N)E=   0.93320927  Ovlp=   0.97351487  5+[ 2, 0, 2]
    num=   3 block=   1 state=   1     1 Eqp=   2.21300968  (1-2N)E=  -2.21300968  Ovlp=   0.80191797  1+[ 2, 2, 0]
    num=   4 block=   1 state=   2     2 Eqp=   2.83375541  (1-2N)E=   2.83375541  Ovlp=   0.78162316  1+[ 2, 0, 0]
    num=   5 block=   1 state=   3     3 Eqp=   5.56007226  (1-2N)E=   5.56007226  Ovlp=   0.70738173  1+[ 2, 1, 1]


