
  =======================================
           FORTRAN 95 CODE (KIND= 8) 
               Version: 200d  
  =======================================
       AXIALLY DEFORMED CONFIGURATIONAL  
     HARTREE-FOCK-BOGOLIUBOV CALCULATIONS
                     WITH                
            UNEDF AND DELTA PAIRING      
                     USING               
             HARMONIC-OSCILLATOR         
                   AND/OR                
       TRANSFORMED HARMONIC-OSCILLATOR   
                    BASIS                
                     ---                 
               v1.66  (2005):,           
   Stoitsov,Dobaczewski,Nazarewicz,Ring, 
               v2.00d (2012):,           
         Stoitsov,Schunck,Kortelainen    
  =======================================
    Nucleus: MG (A=  24, N= 12, Z= 12)
       Reflection Symmetry Imposed       
            ( 7/14/2023, 22:18)                               
  =======================================


  ---------------------------------------
           UNEDF Module Version:17
         M.Kortelainen & M.Stoitsov 
  ---------------------------------------

  UNE1 functional
  ----------------------------------
  Crho(0)=   -780.294173025200848    ; Crho(1)=    217.378081678367835    
  CDrho(0)=   888.995185502616209    ; CDrho(1)=  -88.3905688996658085    
  Ctau(0)=  -0.270964455104051982    ; Ctau(1)=   -32.8374186841465132    
  CrDr(0)=   -46.1434272277716389    ; CrDr(1)=   -186.535739449990160    
  CrdJ(0)=   -72.1899149517433045    ; CrdJ(1)=   -35.7406460166940789    
  CJ(0)=      0.00000000000000000    ; CJ(1)=      0.00000000000000000    
  CpV0(0)=   0.100000000000000006    ; CpV0(1)=   0.100000000000000006    
  CpV1(0)=    1.00000000000000000    ; CpV1(1)=    1.00000000000000000    
  sigma=     0.268343474935969939    ; hbzero=     20.7355300000000007    
  e^2 chrg=   1.43997840859651305    ; CExPar=     1.00000000000000000    
  c.m. correction: F, chr. density in direct Coul: F
  use tensor terms: F
  use TMR pairing:  0

  Coupling constants in natural units
  -----------------------------------
  Crho_nu(0)=  -0.878704812817942327    ; Crho_nu(1)=   0.244793788259834416    
  CDrho_nu(0)=  0.939203110085147008    ; CDrho_nu(1)= -0.933826173263536813E-01
  Ctau_nu(0)=  -0.384095195778785120E-02; Ctau_nu(1)=  -0.465474143223466030    
  CrDr_nu(0)=  -0.654088327125753599    ; CrDr_nu(1)=   -2.64416531446057590    
  CrdJ_nu(0)=   -1.02330025190927909    ; CrdJ_nu(1)=  -0.506627720738161313    
  CJ_nu(0)=      0.00000000000000000    ; CJ_nu(1)=      0.00000000000000000    
  CpV0_nu(0)=   0.112611992142809880E-03; CpV0_nu(1)=   0.112611992142809880E-03
  CpV1_nu(0)=   0.887702254206059068E-03; CpV1_nu(1)=   0.887702254206059068E-03
  fpi_nu=        93.0000000000000000    ; Lambda_nu=     700.000000000000000    

  Nuclear matter properties
  ----------------------------------
      E_NM=     -15.8000000000000060      K_NM=     220.0000000000000000
      P_NM=      -0.0000000000000028    RHO_NM=       0.1590758150922831
    ASS_NM=      28.9569424830256139   LASS_NM=      49.1810620750356122
  SMASS_NM=       0.9979212544093778  VMASS_NM=       1.2498385742322700

  Associated (t,x)-coupling constants
  -----------------------------------
  t0=      -2080.78446140053529    ; x0=      -0.821228277876414614E-01
  t1=       245.736992607976646    ; x1=       -6.30543882746825890    
  t2=       2005.23176723786878    ; x2=       -1.34245145888136519    
  t3=       14223.9229680418593    ; x3=      -0.350858749842905049    
  b4=       36.4492689350492256    ; b4p=       71.4812920333881578    
  te=      -600.090066048924314    ; to=       -248.191111122945927    
  sigma=   0.268343474935969939    ; hbzero=    20.7355300000000007    

  ---------------------------------------
        Characteristics of the run       
  ---------------------------------------
  Output file ................:     7
  Nucleus ....................:   MG  24
  Number of HO shells ........:     4
  HO length b0 (fm) ..........:     1.55928400372611
  Basis deformation ..........:  beta0=   0.010 q=   1.010
  HO: b0,1/b0,bp,bz,q ........:   0.15592840E+01  0.64131999E+00  0.15568270E+01  0.15642096E+01  0.10095067E+01
  h**2/(2m), cmc, e**2 .......:   0.20735530E+02  0.20735530E+02  0.14399784E+01
  hom=f*41.0_pr*A^{-1/3}, f...:   0.17056687E+02  0.12000000E+01
  THO basis is ...............:  OFF
  Maximal number of iterations:   400
  Initial mixing parameter ...:  0.300
  Initial w.f. ...............:  from   spherical scratch
  Skyrme functional ..........:    UNE1                          
    with direct and exchange Coulomb
  Lipkin-Nogami procedure is .:  OFF
  PAV procedure is ...........:  OFF
  Constraint calculation is ..:   ON
    Constraint 1 .............: lambda=2 Ql=   2.186
  Temperature T ..............:   0.05 MeV
  Restart indicator ..........:   1
  Broyden mixing (#iterations):   7

  ---------------------------------------
        Harmonic Oscillator Basis        
  ---------------------------------------
  NUV, NQP:                         195      35
  Comparison with bookkeeping spherical basis:
  n00:                                4       4  Maximal number of shells
  nbx, 2*n00+1:                       9       9  Maximal number of K-blocks
  ntx, (n00+1)*(n00+2)*(n00+3)/6     35      35  Max.num. p/n levels
  nzx, n00:                           4       4  Maximal nz-quantum number
  nrx, n00/2  :                       2       2  Maximal nr-quantum number
  nlx, n00:                           4       4  Maximal ml-quantum number
  ndx, (n00+2)*(n00+2)/4:             9       9  Maximal dim. of one k-block

  Actual basis used
  Number of blocks: nb .......:    9
  Number of levels: nt .......:   35
  Maximal 2*omega : nom ......:    9
  Maximal nz:       nzm ......:    4
  Maximal nr:       nrm ......:    2
  Maximal ml:       nlm ......:    4
  Maximal N=nz+2*nr+nl .......:    4
  2 x biggest block dim. .....:   18
  Non-zero elements of h .....:      115
  Number of Broyden elements .:      460

  ---------------------------------------
            Integration Meshes           
  ---------------------------------------
  Number of Gauss-Hermite mesh points ngh ....:  40
  Number of Gauss-Laguerre mesh points ngl ...:  40
  Number of Gauss-Legendre mesh points nleg ..:  80
  Integration boundaries
    Hermite  - from xh(1)  =  0.12379686 to xh(ngh)   = 11.88786356
    Laguerre - From xl(1)  =  0.03570039 to xl(ngl)   =142.28004447
    Legendre - From xleg(1)=  0.00978669 to xleg(nleg)=  0.99988775
  Max.dev.in:     Orthogonality            Normalization
  Hermite     5.2235050987142219E-016   1.9984014443252818E-015
  Laguerre    1.9977540701027837E-015   4.5519144009631418E-015

  Scratch initialization for the nucleus: MG  12  12


  Initial potentials of Saxon-Woods shape 
  v0ws   =  -71.27999878
  kappa  =    0.46160001
  vs0    =   11.11750031   11.11750031
  r0     =    1.23339999    1.23339999
  a      =    0.61500001    0.61500001
  r0-so  =    1.14429998    1.14429998
  a-so   =    0.64760000    0.64760000
  beta00 =    0.01000000

  ### REGULAR STAGE (reflection symmetry imposed)
  |HFB+HO> iterations(b0=  1.559, Nsh=  4, inin=  1, N= 12, Z= 12)...
  ----------------------------------------------------------------------------------------------------------------------------------
  i          si     mix   beta      Etot       A       rn      rp         En      Dn      Ep      Dp        Ln      Lp     time
  ----------------------------------------------------------------------------------------------------------------------------------
   1L  52.26905082 0.30  0.010     0.000000    0.0   0.000   0.000 |   -2.000   1.000  -2.000   1.000 |   -7.000  -7.000   0.000
   2B  99.95148529 0.10  0.009   -55.430367   24.0   2.616   2.616 |    0.000  -0.000   0.000  -0.000 |  -16.532 -16.532  29.227
   3B  27.42346662 0.11  0.476  -155.804155   24.0   3.095   3.125 |    0.000  -0.000   0.000  -0.000 |  -13.128  -9.747   0.134
   4B  15.29132978 0.13  0.631  -149.924783   24.0   3.128   3.087 |    0.000  -0.000   0.000  -0.000 |  -15.714 -11.110   0.130
   5B  23.57173671 0.10  0.709  -113.337863   24.0   3.104   3.207 |    0.000   0.000   0.000   0.000 |  -15.970 -11.657   0.123
   6B   5.88792535 0.11  0.734  -119.870034   24.0   3.180   3.182 |    0.000   0.000   0.000   0.000 |  -16.403 -10.934   0.114
   7B   4.49240098 0.13  0.734  -119.580927   24.0   3.195   3.188 |    0.000   0.000   0.000   0.000 |  -15.184 -10.593   0.129
   8B   4.69430541 0.10  0.730  -120.120629   24.0   3.188   3.199 |    0.000   0.000   0.000   0.000 |  -14.737 -10.006   0.131
   9B   3.46069047 0.11  0.727  -121.777068   24.0   3.191   3.198 |    0.000  -0.000   0.000  -0.000 |  -14.379  -9.548   0.120
  10B   2.41426708 0.13  0.722  -123.521356   24.0   3.194   3.193 |    0.000  -0.000   0.000  -0.000 |  -13.920  -9.130   0.117
  11B   2.00665028 0.14  0.721  -124.253875   24.0   3.186   3.194 |    0.000  -0.000   0.000  -0.000 |  -13.909  -9.210   0.113
  12B   0.62346467 0.16  0.716  -126.502676   24.0   3.182   3.185 |    0.000  -0.000   0.000  -0.000 |  -13.926  -9.098   0.120
  13B   0.18413679 0.18  0.714  -127.253923   24.0   3.178   3.184 |    0.000   0.000   0.000   0.000 |  -13.847  -9.092   0.124
  14B   0.03745551 0.21  0.714  -127.580933   24.0   3.177   3.183 |    0.000   0.000   0.000   0.000 |  -13.835  -9.066   0.119
  15B   0.03121545 0.24  0.714  -127.551622   24.0   3.177   3.183 |    0.000   0.000   0.000   0.000 |  -13.844  -9.072   0.126
  16B   0.01463937 0.27  0.714  -127.536646   24.0   3.177   3.183 |    0.000   0.000   0.000   0.000 |  -13.842  -9.072   0.110
  17B   0.00814338 0.30  0.714  -127.524183   24.0   3.177   3.183 |    0.000  -0.000   0.000  -0.000 |  -13.842  -9.072   0.117
  18B   0.00575985 0.34  0.714  -127.521245   24.0   3.177   3.183 |    0.000  -0.000   0.000  -0.000 |  -13.842  -9.072   0.114
  19B   0.00184012 0.38  0.714  -127.520317   24.0   3.177   3.183 |    0.000  -0.000   0.000  -0.000 |  -13.842  -9.072   0.117
  20B   0.00077382 0.43  0.714  -127.520138   24.0   3.177   3.183 |    0.000  -0.000   0.000  -0.000 |  -13.842  -9.072   0.125
  21B   0.00062729 0.49  0.714  -127.519786   24.0   3.177   3.183 |    0.000  -0.000   0.000  -0.000 |  -13.842  -9.072   0.112
  22B   0.00040980 0.55  0.714  -127.520136   24.0   3.177   3.183 |    0.000  -0.000   0.000  -0.000 |  -13.842  -9.072   0.111
  23B   0.00021623 0.63  0.714  -127.520447   24.0   3.177   3.183 |    0.000  -0.000   0.000  -0.000 |  -13.842  -9.072   0.114
  24B   0.00011162 0.71  0.714  -127.520616   24.0   3.177   3.183 |    0.000   0.000   0.000   0.000 |  -13.842  -9.072   0.130
  25B   0.00004114 0.80  0.714  -127.520809   24.0   3.177   3.183 |    0.000  -0.000   0.000  -0.000 |  -13.842  -9.072   0.126
  26B   0.00003558 0.90  0.714  -127.520831   24.0   3.177   3.183 |    0.000  -0.000   0.000  -0.000 |  -13.842  -9.072   0.107
  27B   0.00002603 1.00  0.714  -127.520815   24.0   3.177   3.183 |    0.000  -0.000   0.000  -0.000 |  -13.842  -9.072   0.122
  28B   0.00001237 1.00  0.714  -127.520807   24.0   3.177   3.183 |    0.000  -0.000   0.000  -0.000 |  -13.842  -9.072   0.121
  29B   0.00000518 1.00  0.714  -127.520804   24.0   3.177   3.183 |    0.000  -0.000   0.000  -0.000 |  -13.842  -9.072   0.124
  30B   0.00000387 1.00  0.714  -127.520797   24.0   3.177   3.183 |    0.000  -0.000   0.000  -0.000 |  -13.842  -9.072   0.113
  31B   0.00000043 1.00  0.714  -127.520795   24.0   3.177   3.183 |    0.000   0.000   0.000   0.000 |  -13.842  -9.072   0.115
  32B   0.00000027 1.00  0.714  -127.520795   24.0   3.177   3.183 |    0.000   0.000   0.000   0.000 |  -13.842  -9.072   0.111
  33B   0.00000014 1.00  0.714  -127.520795   24.0   3.177   3.183 |    0.000   0.000   0.000   0.000 |  -13.842  -9.072   0.116
  34B   0.00000010 1.00  0.714  -127.520795   24.0   3.177   3.183 |    0.000   0.000   0.000   0.000 |  -13.842  -9.072   0.121
  35B   0.00000008 1.00  0.714  -127.520795   24.0   3.177   3.183 |    0.000   0.000   0.000   0.000 |  -13.842  -9.072   0.118
  36B   0.00000005 1.00  0.714  -127.520795   24.0   3.177   3.183 |    0.000   0.000   0.000   0.000 |  -13.842  -9.072   0.123
  37B   0.00000003 1.00  0.714  -127.520795   24.0   3.177   3.183 |    0.000   0.000   0.000   0.000 |  -13.842  -9.072   0.117
  38B   0.00000001 1.00  0.714  -127.520795   24.0   3.177   3.183 |    0.000   0.000   0.000   0.000 |  -13.842  -9.072   0.135
  39B   0.00000001 1.00  0.714  -127.520795   24.0   3.177   3.183 |    0.000   0.000   0.000   0.000 |  -13.842  -9.072   0.112
  40B   0.00000000 1.00  0.714  -127.520795   24.0   3.177   3.183 |    0.000   0.000   0.000   0.000 |  -13.842  -9.072   0.123
  41B   0.00000000 1.00  0.714  -127.520795   24.0   3.177   3.183 |    0.000   0.000   0.000   0.000 |  -13.842  -9.072   0.121
  ----------------------------------------------------------------------------------------------------------------------------------
  *   iteration converged   after  41 steps   si=     0.0000000005 ho=  0 tho=  0
  ----------------------------------------------------------------------------------------------------------------------------------
  Total CPU time=   0.567 minutes

  Writing to wel_file: s012_012.hel
 __________________________________  
  The tape s012_012.hel recorded:     
  nucname,npr,ngh,ngl,n00,nb,nt      
  b0,beta0,si,etot,rms,bet,xmix      
  pairing:     CpV0,CpV1,pwi         
  delta:       del,ept               
  lambda:      ala,ala2,alast,tz     
  asymptotic:  varmas,ass,skass      
  ntx,nb,nhhdim,id,N_rz,n_r,n_z      
  Omega2,Sigma2,Parity,Lambda        
  matrices(inbro):    hh,de          
  *all blocking candidates           
 __________________________________  



 #quasiparticle energies neutrons
 --------------------------------
  eqp(k) -> q.p. energy 
  e(k)   -> referent s.p. energy 
  p(k)   -> occ.probability 
  del(k) -> referent s.p. gap 
  fermi energy alast=  -13.842480359660337     
  #k  block#    eqp(k)     e(k)       (1-2N)E      decay        p(k)        del(k)    overl      labels
   1    1     0.903034  -12.939446    0.903034    1.686562    0.00000000   0.0000   0.7278  1+[ 2, 1, 1]
   2    1    11.513199   -2.329281   11.513199    2.211618    0.00000000   0.0000   0.7638  1+[ 2, 0, 0]
   3    1    11.731046  -25.573526  -11.731046    2.221098    1.00000000   0.0000   0.7161  1+[ 0, 0, 0]
   4    1    19.219357    5.376876   19.219357    2.525433    0.00000000   0.0000   0.7079  1+[ 4, 4, 0]
   5    1    23.300903  -37.143383  -23.300903    2.676783    1.00000000   0.0000   0.6660  1+[ 2, 2, 0]
   6    1    32.329233   18.486752   32.329233    2.984423    0.00000000   0.0000   0.6993  1+[ 4, 3, 1]
   7    1    36.882840   23.040359   36.882840    3.128130    0.00000000   0.0000   0.7192  1+[ 4, 2, 0]
   8    1    43.540425   29.697944   43.540425    3.327083    0.00000000   0.0000   0.9355  1+[ 4, 1, 1]
   9    1    51.595702   37.753222   51.595702    3.552941    0.00000000   0.0000   0.9862  1+[ 4, 0, 0]
  10    2     0.903757  -14.746237   -0.903757    1.686604    1.00000000   0.0000   0.7991  1-[ 1, 0, 1]
  11    2    11.687474   -2.155006   11.687474    2.219205    0.00000000   0.0000   0.7637  1-[ 3, 3, 0]
  12    2    18.880205  -32.722685  -18.880205    2.512447    1.00000000   0.0000   0.8472  1-[ 1, 1, 0]
  13    2    19.232867    5.390386   19.232867    2.525949    0.00000000   0.0000   0.7456  1-[ 3, 1, 0]
  14    2    24.349848   10.507367   24.349848    2.714317    0.00000000   0.0000   0.6606  1-[ 3, 1, 0]
  15    2    40.139799   26.297319   40.139799    3.226993    0.00000000   0.0000   0.9946  1-[ 3, 0, 1]
  16    3     5.935125  -19.777606   -5.935125    1.953257    1.00000000   0.0000   0.8129  3+[ 2, 1, 1]
  17    3    15.578113    1.735633   15.578113    2.382309    0.00000000   0.0000   0.7056  3+[ 2, 0, 2]
  18    3    26.814715   12.972235   26.814715    2.800536    0.00000000   0.0000   0.7206  3+[ 4, 3, 1]
  19    3    39.211582   25.369101   39.211582    3.199129    0.00000000   0.0000   0.6874  3+[ 4, 1, 1]
  20    3    41.695032   27.852552   41.695032    3.273148    0.00000000   0.0000   0.7207  3+[ 4, 1, 1]
  21    3    55.260363   41.417882   55.260363    3.651072    0.00000000   0.0000   0.9948  3+[ 4, 0, 2]
  22    4     5.042154  -18.884634   -5.042154    1.908652    1.00000000   0.0000   0.8481  3-[ 1, 0, 1]
  23    4    14.527503    0.685023   14.527503    2.339386    0.00000000   0.0000   0.8030  3-[ 3, 2, 1]
  24    4    28.759760   14.917280   28.759760    2.866742    0.00000000   0.0000   0.9397  3-[ 3, 1, 2]
  25    4    38.105527   24.263047   38.105527    3.165606    0.00000000   0.0000   0.9887  3-[ 3, 0, 1]
  26    5     9.050078   -4.792402    9.050078    2.101453    0.00000000   0.0000   0.7971  5+[ 2, 0, 2]
  27    5    31.527244   17.684764   31.527244    2.958390    0.00000000   0.0000   0.7627  5+[ 4, 2, 2]
  28    5    45.287065   31.444584   45.287065    3.377339    0.00000000   0.0000   0.9360  5+[ 4, 1, 3]
  29    5    51.332674   37.490194   51.332674    3.545794    0.00000000   0.0000   0.9741  5+[ 4, 0, 2]
  30    6    18.634537    4.792057   18.634537    2.502998    0.00000000   0.0000   1.0000  5-[ 3, 1, 2]
  31    6    42.348321   28.505840   42.348321    3.292343    0.00000000   0.0000   1.0000  5-[ 3, 0, 3]
  32    7    35.259567   21.417087   35.259567    3.077671    0.00000000   0.0000   1.0000  7+[ 4, 1, 3]
  33    7    58.583935   44.741455   58.583935    3.737842    0.00000000   0.0000   1.0000  7+[ 4, 0, 4]
  34    8    35.809567   21.967087   35.809567    3.094860    0.00000000   0.0000   1.0000  7-[ 3, 0, 3]
  35    9    53.127509   39.285029   53.127509    3.594285    0.00000000   0.0000   1.0000  9+[ 4, 0, 4]
#all active are   35 q.p. states out of   35
#since the cut off is pwi=  60.0
#check: number of neutrons=  12.0


 #canonical s.p. energies neutrons
 ---------------------------------


  labels -> {2*omega}{parity}[nn=nz+2*nr+nl,nz,nl]
  cqpe   -> canonical q.p. energies
  ce     -> canonical s.p. energies
  fermi energy=  -13.842480359660337     
  average cdelt=  -4.2722920247684960E-018
  k0      ceqp        ce         v*v       u*v        cdel     overl      labels
   1    8.371473    8.371473   0.00000000   0.00000000   0.0000   0.7339  1+[ 4, 4, 0]
   2   17.593352   17.593352   0.00000000   0.00000000   0.0000   0.7751  1+[ 4, 2, 0]
   3   28.444164   28.444164   0.00000000   0.00000000   0.0000   0.7358  1+[ 4, 1, 1]
   4   37.249785   37.249785   0.00000000   0.00000000   0.0000   0.9767  1+[ 4, 0, 0]
   5    3.966868    3.966868   0.00000000   0.00000000   0.0000   0.9118  1+[ 2, 0, 0]
   6   16.400231   16.400231   0.00000000   0.00000001   0.0000   0.7698  1+[ 4, 3, 1]
   7  -12.939446  -12.939446   0.00000001   0.00011972   0.0000   0.7278  1+[ 2, 1, 1]
   8    8.277034  -35.961995   1.00000000   0.00000001   0.0000   0.7425  1+[ 2, 2, 0]
   9   -0.930046  -26.754915   1.00000000   0.00000000   0.0000   0.8786  1+[ 0, 0, 0]
  10    1.661636    1.661636   0.00000000   0.00000000   0.0000   0.7864  1-[ 3, 3, 0]
  11   25.530590   25.530590   0.00000000   0.00000000   0.0000   0.9897  1-[ 3, 0, 1]
  12    8.073841    8.073841   0.00000000   0.00000000   0.0000   0.9875  1-[ 3, 1, 0]
  13    4.773998    4.773998   0.00000000   0.00000001   0.0000   0.7591  1-[ 3, 2, 1]
  14  -12.938724  -14.746237   0.99999999   0.00011886   0.0000   0.7991  1-[ 1, 0, 1]
  15    5.037724  -32.722685   1.00000000   0.00000002   0.0000   0.8472  1-[ 1, 1, 0]
  16   11.095589   11.095589   0.00000000   0.00000000   0.0000   0.9973  3+[ 2, 0, 2]
  17   40.430443   40.430443   0.00000000   0.00000000   0.0000   0.9852  3+[ 4, 0, 2]
  18   22.733061   22.733061   0.00000000   0.00000000   0.0000   0.7072  3+[ 4, 1, 1]
  19   24.252218   24.252218   0.00000000   0.00000000   0.0000   0.6978  3+[ 4, 1, 1]
  20   10.836091   10.836091   0.00000000   0.00000001   0.0000   0.8082  3+[ 4, 3, 1]
  21   -7.907355  -19.777606   1.00000000   0.00000000   0.0000   0.8129  3+[ 2, 1, 1]
  22    7.195580    7.195580   0.00000000   0.00000000   0.0000   0.8673  3-[ 3, 1, 2]
  23   23.737973   23.737973   0.00000000   0.00000000   0.0000   0.9998  3-[ 3, 0, 1]
  24    8.931797    8.931797   0.00000000   0.00000001   0.0000   0.7258  3-[ 3, 2, 1]
  25   -8.800327  -18.884634   1.00000000   0.00000000   0.0000   0.8481  3-[ 1, 0, 1]
  26   30.215733   30.215733   0.00000000   0.00000000   0.0000   0.7480  5+[ 4, 0, 2]
  27   32.564608   32.564608   0.00000000   0.00000000   0.0000   0.7623  5+[ 4, 1, 3]
  28   23.191699   23.191699   0.00000000   0.00000000   0.0000   0.5694  5+[ 4, 2, 2]
  29   -4.144900   -4.144900   0.00000000   0.00000000   0.0000   0.7172  5+[ 2, 0, 2]
  30   28.505840   28.505840   0.00000000   0.00000000   0.0000   1.0000  5-[ 3, 0, 3]
  31    4.792057    4.792057   0.00000000   0.00000000   0.0000   1.0000  5-[ 3, 1, 2]
  32   44.741455   44.741455   0.00000000   0.00000000   0.0000   1.0000  7+[ 4, 0, 4]
  33   21.417087   21.417087   0.00000000   0.00000000   0.0000   1.0000  7+[ 4, 1, 3]
  34   21.967087   21.967087   0.00000000   0.00000000   0.0000   1.0000  7-[ 3, 0, 3]
  35   39.285029   39.285029   0.00000000   0.00000000   0.0000   1.0000  9+[ 4, 0, 4]
  Sum canonical e_v*V^2_k=  -297.69614261069330     


 #quasiparticle energies protons 
 --------------------------------
  eqp(k) -> q.p. energy 
  e(k)   -> referent s.p. energy 
  p(k)   -> occ.probability 
  del(k) -> referent s.p. gap 
  fermi energy alast=  -9.0722941056779725     
  #k  block#    eqp(k)     e(k)       (1-2N)E      decay        p(k)        del(k)    overl      labels
   1    1     0.850994   -8.221300    0.850994    1.383567    0.00000000   0.0000   0.7255  1+[ 2, 1, 1]
   2    1    11.383487    2.311193   11.383487    1.986463    0.00000000   0.0000   0.7616  1+[ 2, 0, 0]
   3    1    11.660497  -20.732791  -11.660497    1.999868    1.00000000   0.0000   0.7205  1+[ 0, 0, 0]
   4    1    19.395190   10.322896   19.395190    2.343403    0.00000000   0.0000   0.7043  1+[ 4, 4, 0]
   5    1    23.250627  -32.322921  -23.250627    2.497053    1.00000000   0.0000   0.6680  1+[ 2, 2, 0]
   6    1    32.270067   23.197773   32.270067    2.824035    0.00000000   0.0000   0.6943  1+[ 4, 3, 1]
   7    1    36.722077   27.649783   36.722077    2.972203    0.00000000   0.0000   0.7112  1+[ 4, 2, 0]
   8    1    42.984153   33.911859   42.984153    3.168908    0.00000000   0.0000   0.9290  1+[ 4, 1, 1]
   9    1    51.030078   41.957784   51.030078    3.405009    0.00000000   0.0000   0.9847  1+[ 4, 0, 0]
  10    2     0.850722   -9.923016   -0.850722    1.383548    1.00000000   0.0000   0.7992  1-[ 1, 0, 1]
  11    2    11.803726    2.731432   11.803726    2.006764    0.00000000   0.0000   0.7632  1-[ 3, 3, 0]
  12    2    18.768044  -27.840339  -18.768044    2.317446    1.00000000   0.0000   0.8463  1-[ 1, 1, 0]
  13    2    19.244424   10.172130   19.244424    2.337189    0.00000000   0.0000   0.7565  1-[ 3, 1, 0]
  14    2    24.328783   15.256489   24.328783    2.538357    0.00000000   0.0000   0.6474  1-[ 3, 1, 0]
  15    2    39.612059   30.539765   39.612059    3.064553    0.00000000   0.0000   0.9946  1-[ 3, 0, 1]
  16    3     5.959309  -15.031604   -5.959309    1.702845    1.00000000   0.0000   0.8109  3+[ 2, 1, 1]
  17    3    15.464485    6.392191   15.464485    2.175611    0.00000000   0.0000   0.7064  3+[ 2, 0, 2]
  18    3    26.768814   17.696520   26.768814    2.629439    0.00000000   0.0000   0.7208  3+[ 4, 3, 1]
  19    3    38.885268   29.812974   38.885268    3.041592    0.00000000   0.0000   0.7526  3+[ 4, 1, 1]
  20    3    41.356107   32.283813   41.356107    3.118962    0.00000000   0.0000   0.6518  3+[ 4, 1, 1]
  21    3    54.568957   45.496663   54.568957    3.503820    0.00000000   0.0000   0.9946  3+[ 4, 0, 2]
  22    4     4.962893  -14.035187   -4.962893    1.645438    1.00000000   0.0000   0.8472  3-[ 1, 0, 1]
  23    4    14.644260    5.571966   14.644260    2.138938    0.00000000   0.0000   0.8008  3-[ 3, 2, 1]
  24    4    28.676629   19.604335   28.676629    2.698514    0.00000000   0.0000   0.9377  3-[ 3, 1, 2]
  25    4    37.580826   28.508532   37.580826    2.999941    0.00000000   0.0000   0.9884  3-[ 3, 0, 1]
  26    5     8.985704   -0.086590    8.985704    1.866411    0.00000000   0.0000   0.7947  5+[ 2, 0, 2]
  27    5    31.494769   22.422474   31.494769    2.797430    0.00000000   0.0000   0.7587  5+[ 4, 2, 2]
  28    5    44.913474   35.841180   44.913474    3.227097    0.00000000   0.0000   0.9295  5+[ 4, 1, 3]
  29    5    50.596151   41.523857   50.596151    3.392695    0.00000000   0.0000   0.9715  5+[ 4, 0, 2]
  30    6    18.577510    9.505216   18.577510    2.309503    0.00000000   0.0000   1.0000  5-[ 3, 1, 2]
  31    6    42.043191   32.970896   42.043191    3.140138    0.00000000   0.0000   1.0000  5-[ 3, 0, 3]
  32    7    34.922388   25.850094   34.922388    2.913215    0.00000000   0.0000   1.0000  7+[ 4, 1, 3]
  33    7    57.985627   48.913333   57.985627    3.596644    0.00000000   0.0000   1.0000  7+[ 4, 0, 4]
  34    8    35.528551   26.456257   35.528551    2.933216    0.00000000   0.0000   1.0000  7-[ 3, 0, 3]
  35    9    52.539002   43.466708   52.539002    3.447487    0.00000000   0.0000   1.0000  9+[ 4, 0, 4]
#all active are   35 q.p. states out of   35
#since the cut off is pwi=  60.0
#check: number of protons =  12.0


 #canonical s.p. energies protons 
 ---------------------------------


  labels -> {2*omega}{parity}[nn=nz+2*nr+nl,nz,nl]
  cqpe   -> canonical q.p. energies
  ce     -> canonical s.p. energies
  fermi energy=  -9.0722941056779725     
  average cdelt=  -4.4806686076604287E-018
  k0      ceqp        ce         v*v       u*v        cdel     overl      labels
   1   19.760707   19.760707   0.00000000   0.00000000   0.0000   0.8364  1+[ 2, 0, 0]
   2   38.457003   38.457003   0.00000000   0.00000000   0.0000   0.7299  1+[ 4, 0, 0]
   3   33.939611   33.939611   0.00000000   0.00000000   0.0000   0.6760  1+[ 4, 1, 1]
   4   15.066680   15.066680   0.00000000   0.00000000   0.0000   0.9477  1+[ 4, 2, 0]
   5   21.432731   21.432731   0.00000000   0.00000002   0.0000   0.7057  1+[ 4, 3, 1]
   6   10.694556   10.694556   0.00000000   0.00000002   0.0000   0.6578  1+[ 4, 4, 0]
   7   -8.221300   -8.221300   0.00000004   0.00020146   0.0000   0.7255  1+[ 2, 1, 1]
   8   10.393322  -28.537910   1.00000000   0.00000003   0.0000   0.9205  1+[ 0, 0, 0]
   9    6.373214  -24.517802   1.00000000   0.00000000   0.0000   0.6613  1+[ 2, 2, 0]
  10    9.736802    9.736802   0.00000000   0.00000000   0.0000   0.6673  1-[ 3, 3, 0]
  11   30.390211   30.390211   0.00000000   0.00000000   0.0000   0.9989  1-[ 3, 0, 1]
  12   12.160191   12.160191   0.00000000   0.00000000   0.0000   0.9944  1-[ 3, 1, 0]
  13    6.412612    6.412612   0.00000000   0.00000002   0.0000   0.5948  1-[ 3, 2, 1]
  14   -8.221572   -9.923016   0.99999996   0.00020201   0.0000   0.7992  1-[ 1, 0, 1]
  15    9.695750  -27.840339   1.00000000   0.00000000   0.0000   0.8463  1-[ 1, 1, 0]
  16   38.655487   38.655487   0.00000000   0.00000000   0.0000   0.7882  3+[ 4, 0, 2]
  17   30.762827   30.762827   0.00000000   0.00000000   0.0000   0.7867  3+[ 4, 2, 2]
  18   30.872633   30.872633   0.00000000   0.00000000   0.0000   0.9958  3+[ 4, 1, 1]
  19   15.669670   15.669670   0.00000000   0.00000001   0.0000   0.8046  3+[ 4, 3, 1]
  20   15.721544   15.721544   0.00000000   0.00000002   0.0000   0.9978  3+[ 2, 0, 2]
  21   -3.112985  -15.031604   1.00000000   0.00000002   0.0000   0.8109  3+[ 2, 1, 1]
  22   17.715504   17.715504   0.00000000   0.00000000   0.0000   0.7520  3-[ 3, 1, 2]
  23    8.007582    8.007582   0.00000000   0.00000000   0.0000   0.6579  3-[ 3, 1, 2]
  24   27.961746   27.961746   0.00000000   0.00000000   0.0000   0.9998  3-[ 3, 0, 1]
  25   -4.109401  -14.035187   1.00000000   0.00000002   0.0000   0.8472  3-[ 1, 0, 1]
  26   34.437506   34.437506   0.00000000   0.00000000   0.0000   0.7388  5+[ 4, 0, 2]
  27   36.682602   36.682602   0.00000000   0.00000000   0.0000   0.7774  5+[ 4, 1, 3]
  28   28.040074   28.040074   0.00000000   0.00000000   0.0000   0.5700  5+[ 4, 2, 2]
  29    0.540739    0.540739   0.00000000   0.00000000   0.0000   0.7161  5+[ 2, 0, 2]
  30   32.970896   32.970896   0.00000000   0.00000000   0.0000   1.0000  5-[ 3, 0, 3]
  31    9.505216    9.505216   0.00000000   0.00000000   0.0000   1.0000  5-[ 3, 1, 2]
  32   48.913333   48.913333   0.00000000   0.00000000   0.0000   1.0000  7+[ 4, 0, 4]
  33   25.850094   25.850094   0.00000000   0.00000000   0.0000   1.0000  7+[ 4, 1, 3]
  34   26.456257   26.456257   0.00000000   0.00000000   0.0000   1.0000  7-[ 3, 0, 3]
  35   43.466708   43.466708   0.00000000   0.00000000   0.0000   1.0000  9+[ 4, 0, 4]
  Sum canonical e_v*V^2_k=  -239.77171537433000     

  NB! From expect (UNPROJECTED RESULTS)

  pairing: CpV0,CpV1,...           0.100000       0.100000       1.000000       1.000000
  forces:   UNE1                          


                             neutrons         protons         total
  Requested part.numbs.      12.000000      12.000000      24.000000
  UnPj(av) part.numbs .      12.000000      12.000000      24.000000
  b0, bz, bp ..........       1.559284       1.564210       1.556827

  lambda (ala) ........     -13.842480      -9.072294
  Lambda (alast) ......     -13.842480      -9.072294
  delta(n,p), pwi .....      -0.000000      -0.000000      60.000000
  pairing energy ......       0.000000       0.000000       0.000000

  rms-radius ..........       3.177467       3.182704       3.180086
  charge-radius, r0 ...                      3.281707       3.461399
  deformation beta2....       0.714843       0.712949       0.713895
  dipole moment[fm] ...       0.000000       0.000000       0.000000
  quadrupole moment[b]        1.092607       1.093308       2.185915
  octupole moment .....       0.000000       0.000000       0.000000
  hexadecapole moment .       0.010176       0.010071       0.020246
  q5 ..................       0.000000       0.000000       0.000000
  q6 ..................      -0.000400      -0.000406      -0.000806
  q7 ..................       0.000000       0.000000       0.000000
  q8 ..................      -0.000031      -0.000031      -0.000062

  <r^0> [fm^0] ........            1.000000            1.000000            1.000000
  <r^2> [fm^2] ........           10.096294           10.129603           10.112949
  <r^4> [fm^4] ........          139.704756          140.442842          140.073799
  <r^6> [fm^6] ........         2366.512927         2382.206939         2374.359933
  <r^8> [fm^8] ........        46753.273437        47109.707902        46931.490669

  kinetic energy ......     241.422055     240.831450     482.253506
  volume energy .......                                  -704.175175
        rho_tau .......                                    -0.667493
        rho_rho .......                                  -703.507682
  surface energy ......                                    99.307019
   rho_DELTA_rho ......                                    99.307019
   (NABLA_rho)^2 ......                                     0.000000
  spin-orbit energy ...                                   -33.291638
        rho_NABLA_J ...                                   -33.291638
        NABLA_rho_J ...                                     0.000000
  coulomb energy ......                                    28.385493
          direct ......                                    33.068212
          exchange ....                                    -4.682719
  tensor energy .......                                     0.000000
  direct Hartree E  ...                                     0.000000
  Extra E .............                                     0.000000
  External field E ....                                     0.000000
  Entropy .............       0.000001       0.000003       0.000004

  tEnergy: ehfb (qp)...                                  -127.520795

  Calculated but not added corrections 
====================================
  cmc-diagonal part ...       0.000000       0.000000       0.000000
  cmc-hfb .............       0.000000       0.000000       0.000000
  cranking rot corr ...       0.000000       0.000000       0.000000

  SQUJ ................       0.000000       0.000000       0.000000
  CRAN x 4 ............       0.000000       0.000000       0.000000
  Rigit Body ..........       0.000000       0.000000       0.000000


   Blocking candidates are:
   neutron eqpmin=  0.90375682293473858       pwiblo=   5.1031036307982882     
    num=   1 block=   2 state=   1    10 Eqp=   0.90375682  (1-2N)E=  -0.90375682  Ovlp=   0.79907623  1-[ 1, 0, 1]
    num=   2 block=   1 state=   1     1 Eqp=   0.90303407  (1-2N)E=   0.90303407  Ovlp=   0.72781278  1+[ 2, 1, 1]
    num=   3 block=   4 state=   1    22 Eqp=   5.04215353  (1-2N)E=  -5.04215353  Ovlp=   0.84814110  3-[ 1, 0, 1]
    num=   4 block=   3 state=   1    16 Eqp=   5.93512521  (1-2N)E=  -5.93512521  Ovlp=   0.81293521  3+[ 2, 1, 1]

   Blocking candidates are:
   proton  eqpmin=  0.85072173900100978       pwiblo=   5.1031036307982882     
    num=   1 block=   2 state=   1    10 Eqp=   0.85072174  (1-2N)E=  -0.85072174  Ovlp=   0.79917345  1-[ 1, 0, 1]
    num=   2 block=   1 state=   1     1 Eqp=   0.85099419  (1-2N)E=   0.85099419  Ovlp=   0.72550530  1+[ 2, 1, 1]
    num=   3 block=   4 state=   1    22 Eqp=   4.96289318  (1-2N)E=  -4.96289318  Ovlp=   0.84717010  3-[ 1, 0, 1]


