No Skyrme interaction defined in routine skforce()
Multi-threading framework with OpenMP: 1 threads/task

  =======================================
           FORTRAN 95 CODE (KIND= 8) 
               Version: 200d  
  =======================================
       AXIALLY DEFORMED CONFIGURATIONAL  
     HARTREE-FOCK-BOGOLIUBOV CALCULATIONS
                     WITH                
            UNEDF AND DELTA PAIRING      
                     USING               
             HARMONIC-OSCILLATOR         
                   AND/OR                
       TRANSFORMED HARMONIC-OSCILLATOR   
                    BASIS                
                     ---                 
               v1.66  (2005):,           
   Stoitsov,Dobaczewski,Nazarewicz,Ring, 
               v2.00d (2012):,           
         Stoitsov,Schunck,Kortelainen    
  =======================================
    Nucleus: MG (A=  24, N= 12, Z= 12)
       Reflection Symmetry Imposed       
            ( 9/13/2022, 20:59)                               
  =======================================


  ---------------------------------------
           UNEDF Module Version:17
         M.Kortelainen & M.Stoitsov 
  ---------------------------------------

  UNE1 functional
  ----------------------------------
  Crho(0)=   -779.373008720865300    ; Crho(1)=    287.722131583286796    
  CDrho(0)=   891.477890442349690    ; CDrho(1)=  -200.587774317884879    
  Ctau(0)=  -0.989915057807676746    ; Ctau(1)=   -33.6320970701835549    
  CrDr(0)=   -49.4243043413612071    ; CrDr(1)=   -191.599007080111448    
  CrdJ(0)=   -91.5870745252048266    ; CrdJ(1)=   -47.2062131556577427    
  CJ(0)=      0.00000000000000000    ; CJ(1)=      0.00000000000000000    
  CpV0(0)=   0.100000000000000006    ; CpV0(1)=   0.100000000000000006    
  CpV1(0)=    1.00000000000000000    ; CpV1(1)=    1.00000000000000000    
  sigma=     0.270018011502707600    ; hbzero=     20.7355300000000007    
  e^2 chrg=   1.43997840859651305    ; CExPar=     1.00000000000000000    
  c.m. correction: F, chr. density in direct Coul: F
  use tensor terms: F
  use TMR pairing:  0

  Coupling constants in natural units
  -----------------------------------
  Crho_nu(0)=  -0.877667471343921757    ; Crho_nu(1)=   0.324009624211695935    
  CDrho_nu(0)=  0.941450913381434273    ; CDrho_nu(1)= -0.211831998717341041    
  Ctau_nu(0)=  -0.140321584905665799E-01; Ctau_nu(1)=  -0.476738799694694126    
  CrDr_nu(0)=  -0.700595133222752797    ; CrDr_nu(1)=   -2.71593770877425156    
  CrdJ_nu(0)=   -1.29825719417907082    ; CrdJ_nu(1)=  -0.669153438484569874    
  CJ_nu(0)=      0.00000000000000000    ; CJ_nu(1)=      0.00000000000000000    
  CpV0_nu(0)=   0.112611992142809880E-03; CpV0_nu(1)=   0.112611992142809880E-03
  CpV1_nu(0)=   0.887702254206059068E-03; CpV1_nu(1)=   0.887702254206059068E-03
  fpi_nu=        93.0000000000000000    ; Lambda_nu=     700.000000000000000    

  Nuclear matter properties
  ----------------------------------
      E_NM=     -15.8000000000000149      K_NM=     220.0000000000000284
      P_NM=      -0.0000000000000032    RHO_NM=       0.1587067693325870
    ASS_NM=      28.9867890577721070   LASS_NM=      40.0047904804136323
  SMASS_NM=       0.9924233322833640  VMASS_NM=       1.2498385742322700

  Associated (t,x)-coupling constants
  -----------------------------------
  t0=      -2078.32802325564080    ; x0=       0.537569206858470316E-01
  t1=       262.276403076849533    ; x1=       -6.08772289579978132    
  t2=       2045.22356869750001    ; x2=       -1.34811492768326668    
  t3=       14263.6462470775950    ; x3=      -0.162491168089956339    
  b4=       44.3808613695470839    ; b4p=       94.4124263113154853    
  te=      -613.680965307034285    ; to=       -257.091532182904189    
  sigma=   0.270018011502707600    ; hbzero=    20.7355300000000007    

  ---------------------------------------
        Characteristics of the run       
  ---------------------------------------
  Output file ................:     7
  Nucleus ....................:   MG  24
  Number of HO shells ........:     8
  HO length b0 (fm) ..........:     1.55928400372611
  Basis deformation ..........:  beta0=   0.010 q=   1.010
  HO: b0,1/b0,bp,bz,q ........:   0.15592840E+01  0.64131999E+00  0.15568270E+01  0.15642096E+01  0.10095067E+01
  h**2/(2m), cmc, e**2 .......:   0.20735530E+02  0.20735530E+02  0.14399784E+01
  hom=f*41.0_pr*A^{-1/3}, f...:   0.17056687E+02  0.12000000E+01
  THO basis is ...............:  OFF
  Maximal number of iterations:   400
  Initial mixing parameter ...:  0.300
  Initial w.f. ...............:  from   spherical scratch
  Skyrme functional ..........:    UNE1                          
    with direct and exchange Coulomb
  Lipkin-Nogami procedure is .:  OFF
  PAV procedure is ...........:  OFF
  Constraint calculation is ..:   ON
    Constraint 1 .............: lambda=2 Ql=   0.795
  Temperature T ..............:   0.05 MeV
  Restart indicator ..........:   1
  Broyden mixing (#iterations):   7

  ---------------------------------------
        Harmonic Oscillator Basis        
  ---------------------------------------
  NUV, NQP:                        2501     165
  Comparison with bookkeeping spherical basis:
  n00:                                8       8  Maximal number of shells
  nbx, 2*n00+1:                      17      17  Maximal number of K-blocks
  ntx, (n00+1)*(n00+2)*(n00+3)/6    165     165  Max.num. p/n levels
  nzx, n00:                           8       8  Maximal nz-quantum number
  nrx, n00/2  :                       4       4  Maximal nr-quantum number
  nlx, n00:                           8       8  Maximal ml-quantum number
  ndx, (n00+2)*(n00+2)/4:            25      25  Maximal dim. of one k-block

  Actual basis used
  Number of blocks: nb .......:   17
  Number of levels: nt .......:  165
  Maximal 2*omega : nom ......:   17
  Maximal nz:       nzm ......:    8
  Maximal nr:       nrm ......:    4
  Maximal ml:       nlm ......:    8
  Maximal N=nz+2*nr+nl .......:    8
  2 x biggest block dim. .....:   50
  Non-zero elements of h .....:     1333
  Number of Broyden elements .:     5332

  ---------------------------------------
            Integration Meshes           
  ---------------------------------------
  Number of Gauss-Hermite mesh points ngh ....:  40
  Number of Gauss-Laguerre mesh points ngl ...:  40
  Number of Gauss-Legendre mesh points nleg ..:  80
  Integration boundaries
    Hermite  - from xh(1)  =  0.12379686 to xh(ngh)   = 11.88786356
    Laguerre - From xl(1)  =  0.03570039 to xl(ngl)   =142.28004447
    Legendre - From xleg(1)=  0.00978669 to xleg(nleg)=  0.99988775
  Max.dev.in:     Orthogonality            Normalization
  Hermite     1.5248282503475657E-015   1.0991207943789050E-014
  Laguerre    4.2896485016951012E-015   8.9928064994637680E-015

  Scratch initialization for the nucleus: MG  12  12


  Initial potentials of Saxon-Woods shape 
  v0ws   =  -71.27999878
  kappa  =    0.46160001
  vs0    =   11.11750031   11.11750031
  r0     =    1.23339999    1.23339999
  a      =    0.61500001    0.61500001
  r0-so  =    1.14429998    1.14429998
  a-so   =    0.64760000    0.64760000
  beta00 =    0.01000000

  ### REGULAR STAGE (reflection symmetry imposed)
  |HFB+HO> iterations(b0=  1.559, Nsh=  8, inin=  1, N= 12, Z= 12)...
  ----------------------------------------------------------------------------------------------------------------------------------
  i          si     mix   beta      Etot       A       rn      rp         En      Dn      Ep      Dp        Ln      Lp     time
  ----------------------------------------------------------------------------------------------------------------------------------
   1L  73.90480883 0.30  0.010     0.000000    0.0   0.000   0.000 |   -2.000   1.000  -2.000   1.000 |   -7.000  -7.000   0.000
   2B  45.38598288 0.10  0.009   -32.384596   24.0   2.625   2.625 |    0.000  -0.000   0.000  -0.000 |  -17.169 -17.169  40.886
   3B  11.95118163 0.11  0.284  -145.826271   24.0   3.071   3.115 |    0.000  -0.000   0.000  -0.000 |  -11.848  -8.382   1.263
   4B  11.48051618 0.13  0.426  -176.103477   24.0   3.077   3.050 |    0.000  -0.000   0.000  -0.000 |  -11.953  -7.641   1.097
   5B  19.63928545 0.10  0.467  -168.089082   24.0   3.035   3.123 |    0.000  -0.000   0.000  -0.000 |  -12.172  -8.326   1.057
   6B  17.04751451 0.11  0.469  -184.864175   24.0   3.064   3.092 |    0.000  -0.000   0.000  -0.000 |  -12.505  -7.976   1.157
   7B  13.39537183 0.13  0.455  -187.025957   24.0   3.067   3.064 |    0.000  -0.000   0.000  -0.000 |  -12.361  -7.858   1.190
   8B  11.95199632 0.14  0.442  -186.294437   24.0   3.028   3.077 |    0.000  -0.000   0.000  -0.000 |  -12.241  -7.792   1.367
   9B   9.76509329 0.16  0.403  -185.499427   24.0   3.007   3.035 |    0.000  -0.000   0.000  -0.000 |  -12.089  -7.384   1.363
  10B   6.51587921 0.18  0.372  -187.519555   24.0   2.988   3.014 |    0.000  -0.000   0.000  -0.000 |  -11.962  -7.324   1.512
  11B   2.75378639 0.21  0.312  -186.607716   24.0   2.961   2.978 |    0.000  -0.000   0.000  -0.000 |  -11.894  -7.435   1.483
  12B   2.20331552 0.24  0.278  -186.632945   24.0   2.944   2.963 |    0.000  -0.000   0.000  -0.000 |  -12.151  -7.459   1.407
  13B   2.77970257 0.10  0.274  -186.648219   24.0   2.940   2.957 |    0.000  -0.000   0.000  -0.000 |  -12.162  -7.588   1.455
  14B   1.32871568 0.11  0.287  -187.160250   24.0   2.942   2.964 |    0.000  -0.000   0.000  -0.000 |  -12.112  -7.534   1.373
  15B   1.16276966 0.13  0.291  -187.240077   24.0   2.946   2.962 |    0.000  -0.000   0.000  -0.000 |  -12.182  -7.485   1.386
  16B   1.29086804 0.10  0.288  -187.222175   24.0   2.946   2.960 |    0.000  -0.000   0.000  -0.000 |  -12.179  -7.548   1.479
  17B   0.97054533 0.11  0.291  -187.297626   24.0   2.943   2.964 |    0.000  -0.000   0.000  -0.000 |  -12.155  -7.554   1.354
  18B   0.73938232 0.13  0.295  -187.334441   24.0   2.946   2.964 |    0.000  -0.000   0.000  -0.000 |  -12.179  -7.529   1.474
  19B   0.45899907 0.14  0.299  -187.412499   24.0   2.946   2.965 |    0.000   0.000   0.000   0.000 |  -12.191  -7.543   0.978
  20B   0.17467632 0.16  0.301  -187.459487   24.0   2.947   2.965 |    0.000   0.000   0.000   0.000 |  -12.178  -7.544   1.443
  21B   0.10583270 0.18  0.301  -187.467347   24.0   2.948   2.966 |    0.000   0.000   0.000   0.000 |  -12.178  -7.534   1.624
  22B   0.05398061 0.21  0.301  -187.460111   24.0   2.947   2.966 |    0.000  -0.000   0.000  -0.000 |  -12.173  -7.533   1.515
  23B   0.05930547 0.10  0.301  -187.461101   24.0   2.947   2.966 |    0.000  -0.000   0.000  -0.000 |  -12.173  -7.532   1.530
  24B   0.09199842 0.10  0.301  -187.455429   24.0   2.947   2.965 |    0.000  -0.000   0.000  -0.000 |  -12.176  -7.530   1.347
  25B   0.03926800 0.11  0.301  -187.455594   24.0   2.947   2.965 |    0.000  -0.000   0.000  -0.000 |  -12.173  -7.532   0.964
  26B   0.04309709 0.10  0.301  -187.455533   24.0   2.947   2.966 |    0.000  -0.000   0.000  -0.000 |  -12.172  -7.533   1.272
  27B   0.02552276 0.11  0.301  -187.455187   24.0   2.947   2.965 |    0.000  -0.000   0.000  -0.000 |  -12.173  -7.531   1.478
  28B   0.01820080 0.13  0.301  -187.455625   24.0   2.947   2.965 |    0.000  -0.000   0.000  -0.000 |  -12.173  -7.531   1.012
  29B   0.01291888 0.14  0.300  -187.453521   24.0   2.947   2.965 |    0.000  -0.000   0.000  -0.000 |  -12.173  -7.532   1.482
  30B   0.00881803 0.16  0.300  -187.452920   24.0   2.947   2.965 |    0.000  -0.000   0.000  -0.000 |  -12.173  -7.532   1.447
  31B   0.00578703 0.18  0.300  -187.452483   24.0   2.947   2.965 |    0.000  -0.000   0.000  -0.000 |  -12.173  -7.532   1.096
  32B   0.00757927 0.10  0.300  -187.452152   24.0   2.947   2.965 |    0.000  -0.000   0.000  -0.000 |  -12.173  -7.532   1.607
  33B   0.00644029 0.11  0.300  -187.452323   24.0   2.947   2.965 |    0.000  -0.000   0.000  -0.000 |  -12.173  -7.532   1.642
  34B   0.00532432 0.13  0.300  -187.452445   24.0   2.947   2.965 |    0.000  -0.000   0.000  -0.000 |  -12.173  -7.532   1.523
  35B   0.00431245 0.14  0.300  -187.452602   24.0   2.947   2.965 |    0.000  -0.000   0.000  -0.000 |  -12.173  -7.532   1.557
  36B   0.00382947 0.16  0.300  -187.452666   24.0   2.947   2.965 |    0.000  -0.000   0.000  -0.000 |  -12.173  -7.532   1.548
  37B   0.00458657 0.10  0.300  -187.452561   24.0   2.947   2.965 |    0.000  -0.000   0.000  -0.000 |  -12.173  -7.532   1.027
  38B   0.00263505 0.11  0.300  -187.452838   24.0   2.947   2.965 |    0.000  -0.000   0.000  -0.000 |  -12.173  -7.532   1.458
  39B   0.00090365 0.13  0.300  -187.453096   24.0   2.947   2.965 |    0.000  -0.000   0.000  -0.000 |  -12.173  -7.532   0.877
  40B   0.00057535 0.14  0.300  -187.453262   24.0   2.947   2.965 |    0.000  -0.000   0.000  -0.000 |  -12.173  -7.532   1.327
  41B   0.00081061 0.10  0.300  -187.453305   24.0   2.947   2.965 |    0.000  -0.000   0.000  -0.000 |  -12.173  -7.532   0.883
  42B   0.00069429 0.11  0.300  -187.453290   24.0   2.947   2.965 |    0.000  -0.000   0.000  -0.000 |  -12.173  -7.532   1.447
  43B   0.00111977 0.10  0.300  -187.453261   24.0   2.947   2.965 |    0.000  -0.000   0.000  -0.000 |  -12.173  -7.532   1.019
  44B   0.00075859 0.11  0.300  -187.453263   24.0   2.947   2.965 |    0.000  -0.000   0.000  -0.000 |  -12.173  -7.532   0.993
  45B   0.00052998 0.13  0.300  -187.453270   24.0   2.947   2.965 |    0.000  -0.000   0.000  -0.000 |  -12.173  -7.532   1.482
  46B   0.00050004 0.14  0.300  -187.453266   24.0   2.947   2.965 |    0.000  -0.000   0.000  -0.000 |  -12.173  -7.532   1.578
  47B   0.00057023 0.10  0.300  -187.453274   24.0   2.947   2.965 |    0.000  -0.000   0.000  -0.000 |  -12.173  -7.532   1.382
  48B   0.00054028 0.11  0.300  -187.453270   24.0   2.947   2.965 |    0.000  -0.000   0.000  -0.000 |  -12.173  -7.532   1.368
  49B   0.00051710 0.13  0.300  -187.453266   24.0   2.947   2.965 |    0.000  -0.000   0.000  -0.000 |  -12.173  -7.532   1.202
  50B   0.00044864 0.14  0.300  -187.453257   24.0   2.947   2.965 |    0.000  -0.000   0.000  -0.000 |  -12.173  -7.532   1.376
  51B   0.00035609 0.16  0.300  -187.453213   24.0   2.947   2.965 |    0.000  -0.000   0.000  -0.000 |  -12.173  -7.532   1.093
  52B   0.00048825 0.10  0.300  -187.453182   24.0   2.947   2.965 |    0.000  -0.000   0.000  -0.000 |  -12.173  -7.532   1.397
  53B   0.00018623 0.11  0.300  -187.453180   24.0   2.947   2.965 |    0.000  -0.000   0.000  -0.000 |  -12.173  -7.532   1.381
  54B   0.00015380 0.13  0.300  -187.453186   24.0   2.947   2.965 |    0.000  -0.000   0.000  -0.000 |  -12.173  -7.532   1.425
  55B   0.00023450 0.10  0.300  -187.453202   24.0   2.947   2.965 |    0.000  -0.000   0.000  -0.000 |  -12.173  -7.532   1.524
  56B   0.00011252 0.11  0.300  -187.453185   24.0   2.947   2.965 |    0.000  -0.000   0.000  -0.000 |  -12.173  -7.532   1.373
  57B   0.00005408 0.13  0.300  -187.453188   24.0   2.947   2.965 |    0.000  -0.000   0.000  -0.000 |  -12.173  -7.532   1.260
  58B   0.00004820 0.14  0.300  -187.453189   24.0   2.947   2.965 |    0.000  -0.000   0.000  -0.000 |  -12.173  -7.532   1.368
  59B   0.00004611 0.16  0.300  -187.453189   24.0   2.947   2.965 |    0.000  -0.000   0.000  -0.000 |  -12.173  -7.532   1.386
  60B   0.00003472 0.18  0.300  -187.453191   24.0   2.947   2.965 |    0.000  -0.000   0.000  -0.000 |  -12.173  -7.532   1.421
  61B   0.00001772 0.21  0.300  -187.453194   24.0   2.947   2.965 |    0.000  -0.000   0.000  -0.000 |  -12.173  -7.532   1.120
  62B   0.00003101 0.10  0.300  -187.453196   24.0   2.947   2.965 |    0.000  -0.000   0.000  -0.000 |  -12.173  -7.532   0.813
  63B   0.00001178 0.11  0.300  -187.453196   24.0   2.947   2.965 |    0.000  -0.000   0.000  -0.000 |  -12.173  -7.532   1.361
  64B   0.00000448 0.13  0.300  -187.453195   24.0   2.947   2.965 |    0.000  -0.000   0.000  -0.000 |  -12.173  -7.532   1.453
  65B   0.00000572 0.10  0.300  -187.453196   24.0   2.947   2.965 |    0.000  -0.000   0.000  -0.000 |  -12.173  -7.532   1.032
  66B   0.00000646 0.10  0.300  -187.453196   24.0   2.947   2.965 |    0.000  -0.000   0.000  -0.000 |  -12.173  -7.532   1.350
  67B   0.00000186 0.11  0.300  -187.453196   24.0   2.947   2.965 |    0.000  -0.000   0.000  -0.000 |  -12.173  -7.532   1.373
  68B   0.00000094 0.13  0.300  -187.453196   24.0   2.947   2.965 |    0.000  -0.000   0.000  -0.000 |  -12.173  -7.532   1.370
  69B   0.00000099 0.10  0.300  -187.453196   24.0   2.947   2.965 |    0.000  -0.000   0.000  -0.000 |  -12.173  -7.532   1.416
  70B   0.00000046 0.11  0.300  -187.453196   24.0   2.947   2.965 |    0.000   0.000   0.000   0.000 |  -12.173  -7.532   1.495
  71B   0.00000036 0.13  0.300  -187.453196   24.0   2.947   2.965 |    0.000   0.000   0.000   0.000 |  -12.173  -7.532   1.571
  72B   0.00000036 0.14  0.300  -187.453196   24.0   2.947   2.965 |    0.000   0.000   0.000   0.000 |  -12.173  -7.532   0.918
  73B   0.00000026 0.16  0.300  -187.453196   24.0   2.947   2.965 |    0.000   0.000   0.000   0.000 |  -12.173  -7.532   1.195
  74B   0.00000018 0.18  0.300  -187.453196   24.0   2.947   2.965 |    0.000  -0.000   0.000  -0.000 |  -12.173  -7.532   1.260
  75B   0.00000016 0.21  0.300  -187.453196   24.0   2.947   2.965 |    0.000  -0.000   0.000  -0.000 |  -12.173  -7.532   1.062
  76B   0.00000013 0.24  0.300  -187.453196   24.0   2.947   2.965 |    0.000  -0.000   0.000  -0.000 |  -12.173  -7.532   0.913
  77B   0.00000006 0.27  0.300  -187.453196   24.0   2.947   2.965 |    0.000  -0.000   0.000  -0.000 |  -12.173  -7.532   1.105
  78B   0.00000003 0.30  0.300  -187.453196   24.0   2.947   2.965 |    0.000  -0.000   0.000  -0.000 |  -12.173  -7.532   2.517
  79B   0.00000002 0.34  0.300  -187.453196   24.0   2.947   2.965 |    0.000  -0.000   0.000  -0.000 |  -12.173  -7.532   2.885
  80B   0.00000003 0.10  0.300  -187.453196   24.0   2.947   2.965 |    0.000   0.000   0.000   0.000 |  -12.173  -7.532   2.290
  81B   0.00000003 0.11  0.300  -187.453196   24.0   2.947   2.965 |    0.000   0.000   0.000   0.000 |  -12.173  -7.532   3.020
  82B   0.00000002 0.13  0.300  -187.453196   24.0   2.947   2.965 |    0.000   0.000   0.000   0.000 |  -12.173  -7.532   2.558
  83B   0.00000001 0.14  0.300  -187.453196   24.0   2.947   2.965 |    0.000  -0.000   0.000   0.000 |  -12.173  -7.532   2.683
  84B   0.00000002 0.10  0.300  -187.453196   24.0   2.947   2.965 |    0.000  -0.000   0.000   0.000 |  -12.173  -7.532   2.706
  85B   0.00000001 0.11  0.300  -187.453196   24.0   2.947   2.965 |    0.000  -0.000   0.000  -0.000 |  -12.173  -7.532   2.612
  86B   0.00000000 0.13  0.300  -187.453196   24.0   2.947   2.965 |    0.000  -0.000   0.000  -0.000 |  -12.173  -7.532   2.699
  87B   0.00000000 0.14  0.300  -187.453196   24.0   2.947   2.965 |    0.000   0.000   0.000   0.000 |  -12.173  -7.532   2.531
  88B   0.00000000 0.16  0.300  -187.453196   24.0   2.947   2.965 |    0.000  -0.000   0.000  -0.000 |  -12.173  -7.532   2.995
  89B   0.00000000 0.18  0.300  -187.453196   24.0   2.947   2.965 |    0.000   0.000   0.000  -0.000 |  -12.173  -7.532   2.802
  90B   0.00000000 0.21  0.300  -187.453196   24.0   2.947   2.965 |    0.000  -0.000   0.000   0.000 |  -12.173  -7.532   2.371
  91B   0.00000000 0.24  0.300  -187.453196   24.0   2.947   2.965 |    0.000  -0.000   0.000  -0.000 |  -12.173  -7.532   3.045
  92B   0.00000000 0.27  0.300  -187.453196   24.0   2.947   2.965 |    0.000   0.000   0.000  -0.000 |  -12.173  -7.532   2.974
  93B   0.00000000 0.30  0.300  -187.453196   24.0   2.947   2.965 |    0.000  -0.000   0.000  -0.000 |  -12.173  -7.532   4.867
  94B   0.00000000 0.10  0.300  -187.453196   24.0   2.947   2.965 |    0.000   0.000   0.000  -0.000 |  -12.173  -7.532   4.224
  95B   0.00000000 0.11  0.300  -187.453196   24.0   2.947   2.965 |    0.000  -0.000   0.000   0.000 |  -12.173  -7.532   4.326
  ----------------------------------------------------------------------------------------------------------------------------------
  *   iteration converged   after  95 steps   si=     0.0000000006 ho=  0 tho=  0
  ----------------------------------------------------------------------------------------------------------------------------------
  Total CPU time=   3.300 minutes

  Writing to wel_file: s012_012.hel
 __________________________________  
  The tape s012_012.hel recorded:     
  nucname,npr,ngh,ngl,n00,nb,nt      
  b0,beta0,si,etot,rms,bet,xmix      
  pairing:     CpV0,CpV1,pwi         
  delta:       del,ept               
  lambda:      ala,ala2,alast,tz     
  asymptotic:  varmas,ass,skass      
  ntx,nb,nhhdim,id,N_rz,n_r,n_z      
  Omega2,Sigma2,Parity,Lambda        
  matrices(inbro):    hh,de          
  *all blocking candidates           
 __________________________________  


  NB! From expect (UNPROJECTED RESULTS)

  pairing: CpV0,CpV1,...           0.100000       0.100000       1.000000       1.000000
  forces:   UNE1                          


                             neutrons         protons         total
  Requested part.numbs.      12.000000      12.000000      24.000000
  UnPj(av) part.numbs .      12.000000      12.000000      24.000000
  b0, bz, bp ..........       1.559284       1.564210       1.556827

  lambda (ala) ........     -12.173322      -7.531970
  Lambda (alast) ......     -12.173322      -7.531970
  delta(n,p), pwi .....      -0.000000       0.000000      60.000000
  pairing energy ......       0.000000       0.000000       0.000000

  rms-radius ..........       2.947115       2.965325       2.956234
  charge-radius, r0 ...                      3.071344       3.461399
  deformation beta2....       0.300243       0.300557       0.300401
  dipole moment[fm] ...       0.000000       0.000000       0.000000
  quadrupole moment[b]        0.394783       0.400095       0.794878
  octupole moment .....       0.000000       0.000000       0.000000
  hexadecapole moment .       0.001068       0.001013       0.002082
  q5 ..................       0.000000       0.000000       0.000000
  q6 ..................      -0.000048      -0.000051      -0.000099
  q7 ..................       0.000000       0.000000       0.000000
  q8 ..................      -0.000002      -0.000002      -0.000004

  <r^0> [fm^0] ........            1.000000            1.000000            1.000000
  <r^2> [fm^2] ........            8.685489            8.793152            8.739321
  <r^4> [fm^4] ........          109.374148          112.425263          110.899706
  <r^6> [fm^6] ........         1778.125181         1860.882582         1819.503882
  <r^8> [fm^8] ........        35272.766360        37658.885675        36465.826017

  kinetic energy ......     206.493583     203.982561     410.476144
  volume energy .......                                  -660.785808
        rho_tau .......                                    -1.822733
        rho_rho .......                                  -658.963075
  surface energy ......                                    60.391929
   rho_DELTA_rho ......                                    60.391929
   (NABLA_rho)^2 ......                                     0.000000
  spin-orbit energy ...                                   -26.613450
        rho_NABLA_J ...                                   -26.613450
        NABLA_rho_J ...                                     0.000000
  coulomb energy ......                                    29.077990
          direct ......                                    33.527855
          exchange ....                                    -4.449865
  tensor energy .......                                     0.000000
  direct Hartree E  ...                                     0.000000
  Extra E .............                                     0.000000
  External field E ....                                     0.000000
  Entropy .............       0.000002       0.000002       0.000004

  tEnergy: ehfb (qp)...                                  -187.453196

  Calculated but not added corrections 
====================================
  cmc-diagonal part ...      -0.000000       0.000000       0.000000
  cmc-hfb .............       0.000000       0.000000       0.000000
  cranking rot corr ...       0.000000       0.000000       0.000000

  SQUJ ................       0.000000       0.000000       0.000000
  CRAN x 4 ............       0.000000       0.000000       0.000000
  Rigit Body ..........       0.000000       0.000000       0.000000


   Blocking candidates are:
   neutron eqpmin=  0.86189861607499552       pwiblo=   5.1031036307982882     
    num=   1 block=   3 state=   1    32 Eqp=   0.86189862  (1-2N)E=  -0.86189862  Ovlp=   0.92510478  3+[ 2, 1, 1]
    num=   2 block=   5 state=   1    56 Eqp=   0.86138653  (1-2N)E=   0.86138653  Ovlp=   0.97848126  5+[ 2, 0, 2]
    num=   3 block=   1 state=   1     1 Eqp=   2.19707525  (1-2N)E=  -2.19707525  Ovlp=   0.79525016  1+[ 2, 2, 0]
    num=   4 block=   1 state=   2     2 Eqp=   3.49027622  (1-2N)E=   3.49027622  Ovlp=   0.82882412  1+[ 2, 0, 0]
    num=   5 block=   2 state=   1    17 Eqp=   5.46848386  (1-2N)E=  -5.46848386  Ovlp=   0.91499215  1-[ 1, 0, 1]

   Blocking candidates are:
   proton  eqpmin=  0.87105871638694055       pwiblo=   5.1031036307982882     
    num=   1 block=   3 state=   1    31 Eqp=   0.87105872  (1-2N)E=  -0.87105872  Ovlp=   0.92239161  3+[ 2, 1, 1]
    num=   2 block=   5 state=   1    54 Eqp=   0.87103743  (1-2N)E=   0.87103743  Ovlp=   0.97521317  5+[ 2, 0, 2]
    num=   3 block=   1 state=   1     1 Eqp=   2.19682066  (1-2N)E=  -2.19682066  Ovlp=   0.79197444  1+[ 2, 2, 0]
    num=   4 block=   1 state=   2     2 Eqp=   3.39978628  (1-2N)E=   3.39978628  Ovlp=   0.82235845  1+[ 2, 0, 0]
    num=   5 block=   2 state=   1    17 Eqp=   5.45041344  (1-2N)E=  -5.45041344  Ovlp=   0.91355269  1-[ 1, 0, 1]



 HFBTHO_SOLVER ended without errors

