No Skyrme interaction defined in routine skforce()
Multi-threading framework with OpenMP: 1 threads/task

  =======================================
           FORTRAN 95 CODE (KIND= 8) 
               Version: 200d  
  =======================================
       AXIALLY DEFORMED CONFIGURATIONAL  
     HARTREE-FOCK-BOGOLIUBOV CALCULATIONS
                     WITH                
            UNEDF AND DELTA PAIRING      
                     USING               
             HARMONIC-OSCILLATOR         
                   AND/OR                
       TRANSFORMED HARMONIC-OSCILLATOR   
                    BASIS                
                     ---                 
               v1.66  (2005):,           
   Stoitsov,Dobaczewski,Nazarewicz,Ring, 
               v2.00d (2012):,           
         Stoitsov,Schunck,Kortelainen    
  =======================================
    Nucleus: GD (A= 156, N= 92, Z= 64)
       Reflection Symmetry Imposed       
            ( 7/15/2023,  4:18)                               
  =======================================


  ---------------------------------------
           UNEDF Module Version:17
         M.Kortelainen & M.Stoitsov 
  ---------------------------------------

  UNE1 functional
  ----------------------------------
  Crho(0)=   -773.474390199624850    ; Crho(1)=    250.071448806507675    
  CDrho(0)=   894.355692874354190    ; CDrho(1)=  -124.163282166127431    
  Ctau(0)=   -3.59922342689709174    ; Ctau(1)=   -36.2308653643134946    
  CrDr(0)=   -44.0799030421986302    ; CrDr(1)=   -139.025624602473329    
  CrdJ(0)=   -68.7473412910714927    ; CrdJ(1)=   -36.4060042008189413    
  CJ(0)=      0.00000000000000000    ; CJ(1)=      0.00000000000000000    
  CpV0(0)=   0.100000000000000006    ; CpV0(1)=   0.100000000000000006    
  CpV1(0)=    1.00000000000000000    ; CpV1(1)=    1.00000000000000000    
  sigma=     0.274915184623617914    ; hbzero=     20.7355300000000007    
  e^2 chrg=   1.43997840859651305    ; CExPar=     1.00000000000000000    
  c.m. correction: F, chr. density in direct Coul: F
  use tensor terms: F
  use TMR pairing:  0

  Coupling constants in natural units
  -----------------------------------
  Crho_nu(0)=  -0.871024919518248009    ; Crho_nu(1)=   0.281610440281395202    
  CDrho_nu(0)=  0.943390323678291787    ; CDrho_nu(1)= -0.130970753454037636    
  Ctau_nu(0)=  -0.510194012817940037E-01; Ctau_nu(1)=  -0.513576635725041086    
  CrDr_nu(0)=  -0.624837637187563577    ; CrDr_nu(1)=   -1.97070403494249136    
  CrdJ_nu(0)=  -0.974501378873667501    ; CrdJ_nu(1)=  -0.516059248644517798    
  CJ_nu(0)=      0.00000000000000000    ; CJ_nu(1)=      0.00000000000000000    
  CpV0_nu(0)=   0.112611992142809880E-03; CpV0_nu(1)=   0.112611992142809880E-03
  CpV1_nu(0)=   0.887702254206059068E-03; CpV1_nu(1)=   0.887702254206059068E-03
  fpi_nu=        93.0000000000000000    ; Lambda_nu=     700.000000000000000    

  Nuclear matter properties
  ----------------------------------
      E_NM=     -15.7999999999999794      K_NM=     219.9999999999997442
      P_NM=       0.0000000000000024    RHO_NM=       0.1587580318846996
    ASS_NM=      29.5295609474794638   LASS_NM=      45.5590190687007990
  SMASS_NM=       0.9724431626504128  VMASS_NM=       1.2498385742322697

  Associated (t,x)-coupling constants
  -----------------------------------
  t0=      -2062.59837386566596    ; x0=      -0.150360788119298094E-01
  t1=       230.293851655863250    ; x1=       -5.01485464598892960    
  t2=       1523.29720874157579    ; x2=       -1.37283701524278823    
  t3=       14309.6910859896670    ; x3=      -0.291755199040974578    
  b4=       32.3413370902525514    ; b4p=       72.8120084016378826    
  te=      -453.913234238125881    ; to=       -195.312562820983402    
  sigma=   0.274915184623617914    ; hbzero=    20.7355300000000007    

  ---------------------------------------
        Characteristics of the run       
  ---------------------------------------
  Output file ................:     7
  Nucleus ....................:   GD 156
  Number of HO shells ........:    10
  HO length b0 (fm) ..........:     2.13015292605643
  Basis deformation ..........:  beta0=   0.010 q=   1.010
  HO: b0,1/b0,bp,bz,q ........:   0.21301529E+01  0.46944986E+00  0.21267964E+01  0.21368819E+01  0.10095067E+01
  h**2/(2m), cmc, e**2 .......:   0.20735530E+02  0.20735530E+02  0.14399784E+01
  hom=f*41.0_pr*A^{-1/3}, f...:   0.91395238E+01  0.12000000E+01
  THO basis is ...............:  OFF
  Maximal number of iterations:   400
  Initial mixing parameter ...:  0.300
  Initial w.f. ...............:  from   spherical scratch
  Skyrme functional ..........:    UNE1                          
    with direct and exchange Coulomb
  Lipkin-Nogami procedure is .:  OFF
  PAV procedure is ...........:  OFF
  Constraint calculation is ..:   ON
    Constraint 1 .............: lambda=2 Ql=  -8.437
  Temperature T ..............:   0.05 MeV
  Restart indicator ..........:   1
  Broyden mixing (#iterations):   7

  ---------------------------------------
        Harmonic Oscillator Basis        
  ---------------------------------------
  NUV, NQP:                        6222     286
  Comparison with bookkeeping spherical basis:
  n00:                               10      10  Maximal number of shells
  nbx, 2*n00+1:                      21      21  Maximal number of K-blocks
  ntx, (n00+1)*(n00+2)*(n00+3)/6    286     286  Max.num. p/n levels
  nzx, n00:                          10      10  Maximal nz-quantum number
  nrx, n00/2  :                       5       5  Maximal nr-quantum number
  nlx, n00:                          10      10  Maximal ml-quantum number
  ndx, (n00+2)*(n00+2)/4:            36      36  Maximal dim. of one k-block

  Actual basis used
  Number of blocks: nb .......:   21
  Number of levels: nt .......:  286
  Maximal 2*omega : nom ......:   21
  Maximal nz:       nzm ......:   10
  Maximal nr:       nrm ......:    5
  Maximal ml:       nlm ......:   10
  Maximal N=nz+2*nr+nl .......:   10
  2 x biggest block dim. .....:   72
  Non-zero elements of h .....:     3254
  Number of Broyden elements .:    13016

  ---------------------------------------
            Integration Meshes           
  ---------------------------------------
  Number of Gauss-Hermite mesh points ngh ....:  40
  Number of Gauss-Laguerre mesh points ngl ...:  40
  Number of Gauss-Legendre mesh points nleg ..:  80
  Integration boundaries
    Hermite  - from xh(1)  =  0.12379686 to xh(ngh)   = 11.88786356
    Laguerre - From xl(1)  =  0.03570039 to xl(ngl)   =142.28004447
    Legendre - From xleg(1)=  0.00978669 to xleg(nleg)=  0.99988775
  Max.dev.in:     Orthogonality            Normalization
  Hermite     1.5248282503475657E-015   1.0991207943789050E-014
  Laguerre    4.8291451697098846E-015   9.3258734068513149E-015

  Scratch initialization for the nucleus: GD  92  64


  Initial potentials of Saxon-Woods shape 
  v0ws   =  -71.27999878
  kappa  =    0.46160001
  vs0    =   11.11750031   11.11750031
  r0     =    1.23339999    1.23339999
  a      =    0.61500001    0.61500001
  r0-so  =    1.14429998    1.14429998
  a-so   =    0.64760000    0.64760000
  beta00 =    0.01000000

  ### REGULAR STAGE (reflection symmetry imposed)
  |HFB+HO> iterations(b0=  2.130, Nsh= 10, inin=  1, N= 92, Z= 64)...
  ----------------------------------------------------------------------------------------------------------------------------------
  i          si     mix   beta      Etot       A       rn      rp         En      Dn      Ep      Dp        Ln      Lp     time
  ----------------------------------------------------------------------------------------------------------------------------------
   1L  69.94764065 0.30  0.010     0.000000    0.0   0.000   0.000 |   -2.000   1.000  -2.000   1.000 |   -7.000  -7.000   0.000
   2B  37.25143821 0.10  0.020 -1020.995344  156.0   4.803   4.551 |    0.001  -0.000   0.000  -0.000 |  -14.218 -26.849  24.808
   3B  24.36400163 0.11 -0.104  -966.304007  156.0   4.951   4.944 |    0.000  -0.000   0.000  -0.000 |   -6.001 -12.255   4.142
   4B  46.91534390 0.10 -0.148  -180.229970  156.0   5.153   4.679 |    0.000  -0.000   0.000  -0.000 |   -6.708  -7.256   3.431
   5B  14.61844359 0.11 -0.200 -1200.275970  156.0   5.158   5.009 |    0.000  -0.000   0.000  -0.000 |   -5.728  -7.056   1.460
   6B   6.61267483 0.13 -0.217 -1246.490425  156.0   5.177   5.029 |    0.000  -0.000   0.000  -0.000 |   -6.039  -7.015   2.341
   7B   3.78072380 0.14 -0.248 -1257.056346  156.0   5.216   5.051 |    0.000  -0.000   0.000  -0.000 |   -6.446  -6.994   2.560
   8B   3.36446463 0.16 -0.270 -1260.999369  156.0   5.232   5.085 |    0.000  -0.000   0.000  -0.000 |   -6.799  -7.240   1.672
   9B   4.53002247 0.10 -0.284 -1264.033814  156.0   5.243   5.110 |    0.000  -0.000   0.000  -0.000 |   -6.798  -7.186   1.783
  10B   4.01781402 0.11 -0.278 -1266.286435  156.0   5.238   5.097 |    0.000  -0.000   0.000  -0.000 |   -6.670  -7.167   1.947
  11B   3.11238545 0.13 -0.259 -1264.951983  156.0   5.220   5.089 |    0.000  -0.000   0.000  -0.000 |   -6.654  -7.101   1.937
  12L   6.31518952 0.10 -0.277 -1263.181765  156.0   5.239   5.094 |    0.000  -0.000   0.000  -0.000 |   -6.625  -7.044   2.148
  13L   5.76536158 0.11 -0.240 -1256.577858  156.0   5.209   5.062 |    0.000  -0.000   0.000  -0.000 |   -6.352  -6.992   3.322
  14L   5.43968162 0.13 -0.231 -1251.375362  156.0   5.199   5.077 |    0.000  -0.000   0.000  -0.000 |   -6.651  -6.730   2.768
  15B   7.77705490 0.10 -0.216 -1239.648483  156.0   5.197   5.036 |    0.000  -0.000   0.000  -0.000 |   -5.841  -7.252   1.489
  16B   3.52698393 0.11 -0.231 -1264.919300  156.0   5.209   5.049 |    0.000  -0.000   0.000  -0.000 |   -6.630  -6.962   1.620
  17B   2.92386913 0.13 -0.234 -1264.152104  156.0   5.209   5.056 |    0.000  -0.000   0.000  -0.000 |   -6.725  -7.064   1.854
  18B   3.19332743 0.10 -0.232 -1266.656197  156.0   5.209   5.054 |    0.000  -0.000   0.000  -0.000 |   -6.765  -6.934   1.559
  19B   2.14376777 0.11 -0.225 -1264.495399  156.0   5.206   5.053 |    0.000  -0.000   0.000  -0.000 |   -6.811  -7.021   1.619
  20B   2.80178410 0.10 -0.186 -1263.279702  156.0   5.175   5.045 |    0.000  -0.000   0.000  -0.000 |   -6.128  -7.007   2.247
  21B   3.02544085 0.10 -0.197 -1262.709509  156.0   5.189   5.038 |    0.000  -0.000   0.000  -0.000 |   -6.294  -6.969   1.800
  22B   2.14478093 0.11 -0.180 -1264.431155  156.0   5.179   5.038 |    0.000  -0.000   0.000  -0.000 |   -6.186  -7.179   1.820
  23B   1.06910656 0.13 -0.168 -1264.521936  156.0   5.176   5.018 |    0.000   0.000   0.000   0.000 |   -6.085  -7.238   2.038
  24B   1.54560862 0.10 -0.162 -1263.090408  156.0   5.165   5.034 |    0.000   0.000   0.000   0.000 |   -5.930  -7.255   2.095
  25B   0.57241531 0.11 -0.157 -1264.849961  156.0   5.168   5.020 |    0.000   0.000   0.000   0.000 |   -5.954  -7.251   2.453
  26B   0.46214328 0.13 -0.153 -1264.655120  156.0   5.165   5.020 |    0.000   0.000   0.000   0.000 |   -5.945  -7.237   1.674
  27B   0.36599693 0.14 -0.150 -1264.560041  156.0   5.167   5.018 |    0.000   0.000   0.000   0.000 |   -5.920  -7.181   2.845
  28B   0.45131092 0.10 -0.145 -1264.551588  156.0   5.164   5.014 |    0.000   0.000   0.000   0.000 |   -5.917  -7.209   2.502
  29B   0.41470998 0.11 -0.146 -1264.617878  156.0   5.165   5.017 |    0.000   0.000   0.000   0.000 |   -5.919  -7.215   1.709
  30B   0.39961217 0.13 -0.147 -1264.628124  156.0   5.165   5.017 |    0.000   0.000   0.000   0.000 |   -5.940  -7.218   3.892
  31B   0.34198039 0.14 -0.149 -1264.687447  156.0   5.166   5.018 |    0.000   0.000   0.000   0.000 |   -5.953  -7.233   2.730
  32B   0.33030155 0.16 -0.149 -1264.710737  156.0   5.167   5.017 |    0.000   0.000   0.000   0.000 |   -5.958  -7.230   2.374
  33B   0.22232889 0.18 -0.155 -1264.927340  156.0   5.169   5.021 |    0.000   0.000   0.000   0.000 |   -6.007  -7.264   1.716
  34B   0.48484441 0.10 -0.160 -1264.927392  156.0   5.169   5.029 |    0.000   0.000   0.000   0.000 |   -6.015  -7.290   1.552
  35B   0.45313726 0.11 -0.158 -1265.001645  156.0   5.169   5.026 |    0.000   0.000   0.000   0.000 |   -6.033  -7.283   2.709
  36B   0.20081762 0.13 -0.164 -1265.314399  156.0   5.172   5.028 |    0.000   0.000   0.000   0.000 |   -6.074  -7.301   1.774
  37B   0.17161006 0.14 -0.163 -1265.302424  156.0   5.172   5.029 |    0.000   0.000   0.000   0.000 |   -6.073  -7.306   2.119
  38B   0.13952178 0.16 -0.165 -1265.380169  156.0   5.172   5.029 |    0.000   0.000   0.000   0.000 |   -6.085  -7.302   2.091
  39B   0.14334178 0.10 -0.165 -1265.408060  156.0   5.172   5.029 |    0.000   0.000   0.000   0.000 |   -6.083  -7.306   2.289
  40B   0.15146797 0.10 -0.165 -1265.389752  156.0   5.172   5.028 |    0.000   0.000   0.000   0.000 |   -6.077  -7.298   2.380
  41B   0.17220406 0.10 -0.166 -1265.443925  156.0   5.173   5.028 |    0.000   0.000   0.000   0.000 |   -6.089  -7.301   2.140
  42B   0.08197782 0.11 -0.167 -1265.506346  156.0   5.173   5.029 |    0.000  -0.000   0.000  -0.000 |   -6.099  -7.302   1.657
  43B   0.03831929 0.13 -0.165 -1265.428476  156.0   5.173   5.029 |    0.000   0.000   0.000   0.000 |   -6.080  -7.295   2.182
  44B   0.10732459 0.10 -0.166 -1265.440003  156.0   5.173   5.028 |    0.000   0.000   0.000   0.000 |   -6.090  -7.297   1.789
  45B   0.04426799 0.11 -0.166 -1265.434698  156.0   5.173   5.028 |    0.000   0.000   0.000   0.000 |   -6.082  -7.296   3.471
  46B   0.04036148 0.13 -0.165 -1265.428925  156.0   5.173   5.028 |    0.000   0.000   0.000   0.000 |   -6.082  -7.296   2.168
  47B   0.06136060 0.10 -0.165 -1265.385828  156.0   5.172   5.027 |    0.000   0.000   0.000   0.000 |   -6.073  -7.292   2.742
  48B   0.03093880 0.11 -0.164 -1265.360976  156.0   5.172   5.027 |    0.000   0.000   0.000   0.000 |   -6.068  -7.289   1.778
  49B   0.02045621 0.13 -0.164 -1265.353933  156.0   5.172   5.027 |    0.000   0.000   0.000   0.000 |   -6.067  -7.290   2.340
  50B   0.01613681 0.14 -0.164 -1265.337124  156.0   5.172   5.027 |    0.000   0.000   0.000   0.000 |   -6.064  -7.289   1.825
  51B   0.04759769 0.10 -0.164 -1265.349914  156.0   5.172   5.027 |    0.000   0.000   0.000   0.000 |   -6.066  -7.289   1.866
  52B   0.01807854 0.11 -0.164 -1265.336925  156.0   5.172   5.027 |    0.000   0.000   0.000   0.000 |   -6.064  -7.288   1.770
  53B   0.00703262 0.13 -0.164 -1265.342525  156.0   5.172   5.027 |    0.000   0.000   0.000   0.000 |   -6.066  -7.289   2.810
  54B   0.01482451 0.10 -0.164 -1265.346529  156.0   5.172   5.027 |    0.000   0.000   0.000   0.000 |   -6.065  -7.289   2.799
  55B   0.00640801 0.11 -0.164 -1265.344419  156.0   5.172   5.027 |    0.000   0.000   0.000   0.000 |   -6.066  -7.289   1.739
  56B   0.00550882 0.13 -0.164 -1265.345690  156.0   5.172   5.027 |    0.000   0.000   0.000   0.000 |   -6.066  -7.289   2.566
  57B   0.00499375 0.14 -0.164 -1265.346732  156.0   5.172   5.027 |    0.000   0.000   0.000   0.000 |   -6.067  -7.289   2.137
  58B   0.00589347 0.10 -0.164 -1265.345948  156.0   5.172   5.027 |    0.000   0.000   0.000   0.000 |   -6.066  -7.290   2.320
  59B   0.00625088 0.10 -0.164 -1265.346743  156.0   5.172   5.027 |    0.000   0.000   0.000   0.000 |   -6.067  -7.290   2.651
  60B   0.00578434 0.11 -0.164 -1265.346529  156.0   5.172   5.027 |    0.000   0.000   0.000   0.000 |   -6.066  -7.290   1.634
  61B   0.00590502 0.10 -0.164 -1265.346247  156.0   5.172   5.027 |    0.000   0.000   0.000   0.000 |   -6.066  -7.290   2.974
  62B   0.00602793 0.10 -0.164 -1265.344600  156.0   5.172   5.027 |    0.000   0.000   0.000   0.000 |   -6.066  -7.290   2.283
  63B   0.00460582 0.11 -0.164 -1265.347655  156.0   5.172   5.027 |    0.000   0.000   0.000   0.000 |   -6.067  -7.290   2.251
  64B   0.00577245 0.10 -0.164 -1265.350455  156.0   5.172   5.027 |    0.000   0.000   0.000   0.000 |   -6.067  -7.290   2.321
  65B   0.00646909 0.10 -0.164 -1265.352160  156.0   5.172   5.027 |    0.000   0.000   0.000   0.000 |   -6.067  -7.290   2.430
  66B   0.00337004 0.11 -0.164 -1265.353979  156.0   5.172   5.027 |    0.000   0.000   0.000   0.000 |   -6.068  -7.290   2.283
  67B   0.00405110 0.10 -0.164 -1265.354630  156.0   5.172   5.027 |    0.000   0.000   0.000   0.000 |   -6.068  -7.290   1.498
  68B   0.00414821 0.10 -0.164 -1265.356028  156.0   5.172   5.027 |    0.000   0.000   0.000   0.000 |   -6.068  -7.290   2.559
  69B   0.00325386 0.11 -0.164 -1265.356232  156.0   5.172   5.027 |    0.000   0.000   0.000   0.000 |   -6.068  -7.290   1.799
  70B   0.00383997 0.10 -0.164 -1265.355760  156.0   5.172   5.027 |    0.000   0.000   0.000   0.000 |   -6.069  -7.290   2.363
  71B   0.00316509 0.11 -0.164 -1265.357865  156.0   5.172   5.027 |    0.000   0.000   0.000   0.000 |   -6.069  -7.290   1.646
  72B   0.00325192 0.10 -0.164 -1265.357123  156.0   5.172   5.027 |    0.000   0.000   0.000   0.000 |   -6.069  -7.290   2.075
  73B   0.00422526 0.10 -0.164 -1265.360508  156.0   5.172   5.027 |    0.000  -0.000   0.000  -0.000 |   -6.070  -7.290   4.309
  74B   0.00359016 0.11 -0.164 -1265.360321  156.0   5.172   5.027 |    0.000  -0.000   0.000  -0.000 |   -6.070  -7.290   3.335
  75B   0.00359153 0.10 -0.164 -1265.360523  156.0   5.172   5.027 |    0.000  -0.000   0.000  -0.000 |   -6.070  -7.290   3.185
  76B   0.00321759 0.11 -0.164 -1265.359682  156.0   5.172   5.027 |    0.000  -0.000   0.000  -0.000 |   -6.070  -7.290   1.881
  77B   0.00337815 0.10 -0.164 -1265.358846  156.0   5.172   5.027 |    0.000   0.000   0.000   0.000 |   -6.070  -7.290   1.853
  78B   0.00373044 0.10 -0.164 -1265.359040  156.0   5.172   5.027 |    0.000   0.000   0.000   0.000 |   -6.070  -7.290   1.641
  79B   0.00401394 0.10 -0.164 -1265.357076  156.0   5.172   5.027 |    0.000   0.000   0.000   0.000 |   -6.070  -7.290   1.749
  80B   0.00254704 0.11 -0.164 -1265.353777  156.0   5.172   5.027 |    0.000   0.000   0.000   0.000 |   -6.069  -7.289   1.550
  81B   0.00194032 0.13 -0.164 -1265.353065  156.0   5.172   5.027 |    0.000   0.000   0.000   0.000 |   -6.069  -7.289   2.194
  82B   0.00181651 0.14 -0.164 -1265.353818  156.0   5.172   5.027 |    0.000   0.000   0.000   0.000 |   -6.069  -7.289   1.951
  83B   0.00246813 0.10 -0.164 -1265.355572  156.0   5.172   5.027 |    0.000   0.000   0.000   0.000 |   -6.070  -7.289   2.382
  84B   0.00236734 0.11 -0.164 -1265.355661  156.0   5.172   5.027 |    0.000   0.000   0.000   0.000 |   -6.070  -7.289   3.052
  85B   0.00351677 0.10 -0.164 -1265.353183  156.0   5.172   5.027 |    0.000   0.000   0.000   0.000 |   -6.070  -7.289   2.740
  86B   0.00190941 0.11 -0.164 -1265.354633  156.0   5.172   5.027 |    0.000   0.000   0.000   0.000 |   -6.070  -7.289   1.873
  87B   0.00175781 0.13 -0.164 -1265.355243  156.0   5.172   5.027 |    0.000   0.000   0.000   0.000 |   -6.070  -7.289   2.191
  88B   0.00186788 0.10 -0.164 -1265.355015  156.0   5.172   5.027 |    0.000   0.000   0.000   0.000 |   -6.070  -7.289   1.770
  89B   0.00176071 0.11 -0.164 -1265.355003  156.0   5.172   5.027 |    0.000   0.000   0.000   0.000 |   -6.070  -7.289   2.149
  90B   0.00208229 0.10 -0.164 -1265.354999  156.0   5.172   5.027 |    0.000   0.000   0.000   0.000 |   -6.070  -7.289   2.569
  91B   0.00171457 0.11 -0.164 -1265.355052  156.0   5.172   5.027 |    0.000   0.000   0.000   0.000 |   -6.070  -7.289   1.747
  92B   0.00344294 0.10 -0.164 -1265.355353  156.0   5.172   5.028 |    0.000   0.000   0.000   0.000 |   -6.071  -7.289   1.690
  93B   0.00261516 0.11 -0.164 -1265.356742  156.0   5.172   5.028 |    0.000   0.000   0.000   0.000 |   -6.071  -7.289   1.832
  94B   0.00297269 0.10 -0.164 -1265.357907  156.0   5.172   5.028 |    0.000  -0.000   0.000  -0.000 |   -6.071  -7.289   2.742
  95B   0.00264365 0.11 -0.164 -1265.358170  156.0   5.172   5.028 |    0.000  -0.000   0.000  -0.000 |   -6.072  -7.289   2.166
  96B   0.00478424 0.10 -0.164 -1265.358907  156.0   5.172   5.028 |    0.000  -0.000   0.000  -0.000 |   -6.071  -7.289   2.032
  97B   0.00210017 0.11 -0.164 -1265.359796  156.0   5.172   5.028 |    0.000  -0.000   0.000  -0.000 |   -6.072  -7.289   2.740
  98B   0.00191471 0.13 -0.164 -1265.360687  156.0   5.172   5.028 |    0.000  -0.000   0.000  -0.000 |   -6.072  -7.289   2.072
  99B   0.00194446 0.10 -0.164 -1265.360506  156.0   5.172   5.028 |    0.000  -0.000   0.000  -0.000 |   -6.072  -7.289   1.887
 100B   0.00186323 0.11 -0.164 -1265.360789  156.0   5.172   5.028 |    0.000  -0.000   0.000  -0.000 |   -6.072  -7.289   2.238
 101B   0.00198956 0.10 -0.164 -1265.361043  156.0   5.172   5.028 |    0.000  -0.000   0.000  -0.000 |   -6.072  -7.289   3.021
 102B   0.00153296 0.11 -0.164 -1265.359842  156.0   5.172   5.028 |    0.000  -0.000   0.000  -0.000 |   -6.072  -7.289   2.758
 103B   0.00191725 0.10 -0.164 -1265.360699  156.0   5.172   5.028 |    0.000  -0.000   0.000  -0.000 |   -6.072  -7.289   1.621
 104B   0.00238796 0.10 -0.164 -1265.359360  156.0   5.172   5.028 |    0.000   0.000   0.000   0.000 |   -6.072  -7.289   3.058
 105B   0.00164787 0.11 -0.164 -1265.359551  156.0   5.172   5.028 |    0.000  -0.000   0.000  -0.000 |   -6.072  -7.289   1.989
 106B   0.00202415 0.10 -0.164 -1265.359327  156.0   5.172   5.028 |    0.000   0.000   0.000   0.000 |   -6.072  -7.289   2.091
 107B   0.00157659 0.11 -0.164 -1265.358992  156.0   5.172   5.028 |    0.000   0.000   0.000   0.000 |   -6.071  -7.289   2.404
 108B   0.00168307 0.10 -0.164 -1265.358533  156.0   5.172   5.028 |    0.000   0.000   0.000   0.000 |   -6.071  -7.289   2.639
 109B   0.00156098 0.11 -0.164 -1265.358711  156.0   5.172   5.028 |    0.000  -0.000   0.000  -0.000 |   -6.071  -7.289   3.427
 110B   0.00173187 0.10 -0.164 -1265.358132  156.0   5.172   5.028 |    0.000   0.000   0.000   0.000 |   -6.071  -7.289   3.246
 111B   0.00187383 0.10 -0.164 -1265.356366  156.0   5.172   5.028 |    0.000   0.000   0.000   0.000 |   -6.071  -7.289   2.307
 112B   0.00192309 0.10 -0.164 -1265.355996  156.0   5.172   5.028 |    0.000  -0.000   0.000  -0.000 |   -6.071  -7.289   2.295
 113B   0.00116598 0.11 -0.164 -1265.355589  156.0   5.172   5.028 |    0.000  -0.000   0.000  -0.000 |   -6.071  -7.289   2.079
 114B   0.00174744 0.10 -0.164 -1265.355986  156.0   5.172   5.028 |    0.000  -0.000   0.000  -0.000 |   -6.071  -7.289   2.419
 115B   0.00067759 0.11 -0.164 -1265.355717  156.0   5.172   5.028 |    0.000  -0.000   0.000  -0.000 |   -6.071  -7.289   1.836
 116B   0.00082204 0.10 -0.164 -1265.355885  156.0   5.172   5.028 |    0.000  -0.000   0.000  -0.000 |   -6.071  -7.289   2.566
 117B   0.00061202 0.11 -0.164 -1265.356152  156.0   5.172   5.028 |    0.000  -0.000   0.000  -0.000 |   -6.071  -7.289   3.248
 118B   0.00062524 0.10 -0.164 -1265.356050  156.0   5.172   5.028 |    0.000  -0.000   0.000  -0.000 |   -6.071  -7.289   2.585
 119B   0.00050189 0.11 -0.164 -1265.356148  156.0   5.172   5.028 |    0.000  -0.000   0.000  -0.000 |   -6.071  -7.289   2.220
 120B   0.00051818 0.10 -0.164 -1265.356333  156.0   5.172   5.028 |    0.000   0.000   0.000   0.000 |   -6.071  -7.289   1.861
 121B   0.00056084 0.10 -0.164 -1265.356273  156.0   5.172   5.028 |    0.000   0.000   0.000   0.000 |   -6.071  -7.289   1.844
 122B   0.00059818 0.10 -0.164 -1265.356142  156.0   5.172   5.028 |    0.000  -0.000   0.000  -0.000 |   -6.071  -7.289   1.742
 123B   0.00056827 0.11 -0.164 -1265.356212  156.0   5.172   5.028 |    0.000  -0.000   0.000  -0.000 |   -6.071  -7.289   1.602
 124B   0.00060015 0.10 -0.164 -1265.356459  156.0   5.172   5.028 |    0.000  -0.000   0.000   0.000 |   -6.071  -7.289   1.423
 125B   0.00071520 0.10 -0.164 -1265.356465  156.0   5.172   5.028 |    0.000  -0.000   0.000  -0.000 |   -6.071  -7.289   1.547
 126B   0.00094362 0.10 -0.164 -1265.356678  156.0   5.172   5.028 |    0.000   0.000   0.000   0.000 |   -6.071  -7.289   1.670
 127B   0.00071324 0.11 -0.164 -1265.357028  156.0   5.172   5.028 |    0.000   0.000   0.000   0.000 |   -6.071  -7.289   2.053
 128B   0.00055101 0.13 -0.164 -1265.357307  156.0   5.172   5.028 |    0.000   0.000   0.000   0.000 |   -6.072  -7.289   2.598
 129B   0.00078794 0.10 -0.164 -1265.357553  156.0   5.172   5.028 |    0.000   0.000   0.000   0.000 |   -6.072  -7.289   2.560
 130B   0.00109410 0.10 -0.164 -1265.357468  156.0   5.172   5.028 |    0.000   0.000   0.000   0.000 |   -6.072  -7.289   1.845
 131B   0.00061988 0.11 -0.164 -1265.357656  156.0   5.172   5.028 |    0.000   0.000   0.000   0.000 |   -6.072  -7.289   2.308
 132B   0.00045999 0.13 -0.164 -1265.357721  156.0   5.172   5.028 |    0.000   0.000   0.000   0.000 |   -6.072  -7.289   2.197
 133B   0.00044277 0.14 -0.164 -1265.357840  156.0   5.172   5.028 |    0.000   0.000   0.000  -0.000 |   -6.072  -7.289   1.565
 134B   0.00055132 0.10 -0.164 -1265.357701  156.0   5.172   5.028 |    0.000   0.000   0.000  -0.000 |   -6.072  -7.289   1.664
 135B   0.00068535 0.10 -0.164 -1265.357782  156.0   5.172   5.028 |    0.000   0.000   0.000  -0.000 |   -6.072  -7.289   1.514
 136B   0.00060361 0.11 -0.164 -1265.357842  156.0   5.172   5.028 |    0.000  -0.000   0.000   0.000 |   -6.072  -7.289   2.075
 137B   0.00054098 0.13 -0.164 -1265.357846  156.0   5.172   5.028 |    0.000   0.000   0.000   0.000 |   -6.072  -7.289   3.909
 138B   0.00054136 0.10 -0.164 -1265.357738  156.0   5.172   5.028 |    0.000  -0.000   0.000  -0.000 |   -6.072  -7.289   3.123
 139B   0.00114369 0.10 -0.164 -1265.357576  156.0   5.172   5.028 |    0.000   0.000   0.000  -0.000 |   -6.072  -7.289   1.833
 140B   0.00095683 0.11 -0.164 -1265.357760  156.0   5.172   5.028 |    0.000   0.000   0.000  -0.000 |   -6.072  -7.289   1.815
 141B   0.00051742 0.13 -0.164 -1265.357695  156.0   5.172   5.028 |    0.000   0.000   0.000  -0.000 |   -6.072  -7.289   1.592
 142B   0.00057199 0.10 -0.164 -1265.357424  156.0   5.172   5.028 |    0.000  -0.000   0.000  -0.000 |   -6.072  -7.289   2.109
 143B   0.00057313 0.10 -0.164 -1265.357065  156.0   5.172   5.028 |    0.000  -0.000   0.000   0.000 |   -6.072  -7.289   2.355
 144B   0.00044729 0.11 -0.164 -1265.356695  156.0   5.172   5.028 |    0.000   0.000   0.000   0.000 |   -6.072  -7.289   2.167
 145B   0.00052081 0.10 -0.164 -1265.356728  156.0   5.172   5.028 |    0.000   0.000   0.000  -0.000 |   -6.072  -7.289   2.941
 146B   0.00036329 0.11 -0.164 -1265.356504  156.0   5.172   5.028 |    0.000   0.000   0.000  -0.000 |   -6.072  -7.289   2.138
 147B   0.00037541 0.10 -0.164 -1265.356574  156.0   5.172   5.028 |    0.000  -0.000   0.000   0.000 |   -6.072  -7.289   1.556
 148B   0.00028466 0.11 -0.164 -1265.356483  156.0   5.172   5.028 |    0.000  -0.000   0.000   0.000 |   -6.072  -7.289   2.243
 149B   0.00056623 0.10 -0.164 -1265.356591  156.0   5.172   5.028 |    0.000  -0.000   0.000   0.000 |   -6.072  -7.289   1.785
 150B   0.00030951 0.11 -0.164 -1265.356610  156.0   5.172   5.028 |    0.000   0.000   0.000  -0.000 |   -6.072  -7.289   2.017
 151B   0.00022752 0.13 -0.164 -1265.356680  156.0   5.172   5.028 |    0.000  -0.000   0.000   0.000 |   -6.072  -7.289   2.109
 152B   0.00023407 0.10 -0.164 -1265.356767  156.0   5.172   5.028 |    0.000  -0.000   0.000   0.000 |   -6.072  -7.289   1.962
 153B   0.00025958 0.10 -0.164 -1265.356535  156.0   5.172   5.028 |    0.000  -0.000   0.000   0.000 |   -6.072  -7.289   2.213
 154B   0.00027562 0.10 -0.164 -1265.356814  156.0   5.172   5.028 |    0.000  -0.000   0.000   0.000 |   -6.072  -7.289   2.294
 155B   0.00026856 0.11 -0.164 -1265.356894  156.0   5.172   5.028 |    0.000  -0.000   0.000   0.000 |   -6.072  -7.289   4.739
 156B   0.00029336 0.10 -0.164 -1265.356891  156.0   5.172   5.028 |    0.000   0.000   0.000  -0.000 |   -6.072  -7.289   2.208
 157B   0.00023294 0.11 -0.164 -1265.356973  156.0   5.172   5.028 |    0.000  -0.000   0.000   0.000 |   -6.072  -7.289   1.943
 158B   0.00033980 0.10 -0.164 -1265.356823  156.0   5.172   5.028 |    0.000   0.000   0.000   0.000 |   -6.072  -7.289   2.898
 159B   0.00036048 0.10 -0.164 -1265.356734  156.0   5.172   5.028 |    0.000   0.000   0.000   0.000 |   -6.072  -7.289   2.462
 160B   0.00025163 0.11 -0.164 -1265.356700  156.0   5.172   5.028 |    0.000   0.000   0.000   0.000 |   -6.072  -7.289   2.914
 161B   0.00028084 0.10 -0.164 -1265.356863  156.0   5.172   5.028 |    0.000   0.000   0.000   0.000 |   -6.072  -7.289   1.938
 162B   0.00036721 0.10 -0.164 -1265.356964  156.0   5.172   5.028 |    0.000   0.000   0.000   0.000 |   -6.072  -7.289   1.705
 163B   0.00032417 0.11 -0.164 -1265.357051  156.0   5.172   5.028 |    0.000   0.000   0.000   0.000 |   -6.072  -7.289   3.607
 164B   0.00027169 0.13 -0.164 -1265.356935  156.0   5.172   5.028 |    0.000   0.000   0.000   0.000 |   -6.072  -7.289   3.011
 165B   0.00026292 0.14 -0.164 -1265.356937  156.0   5.172   5.028 |    0.000  -0.000   0.000   0.000 |   -6.072  -7.289   2.100
 166B   0.00031614 0.10 -0.164 -1265.357182  156.0   5.172   5.028 |    0.000  -0.000   0.000  -0.000 |   -6.072  -7.289   1.658
 167B   0.00027040 0.11 -0.164 -1265.356985  156.0   5.172   5.028 |    0.000  -0.000   0.000   0.000 |   -6.072  -7.289   2.119
 168B   0.00061385 0.10 -0.164 -1265.356962  156.0   5.172   5.028 |    0.000  -0.000   0.000   0.000 |   -6.072  -7.289   1.639
 169B   0.00026217 0.11 -0.164 -1265.357278  156.0   5.172   5.028 |    0.000   0.000   0.000  -0.000 |   -6.072  -7.289   1.999
 170B   0.00031425 0.10 -0.164 -1265.357382  156.0   5.172   5.028 |    0.000  -0.000   0.000   0.000 |   -6.072  -7.289   1.911
 171B   0.00065912 0.10 -0.164 -1265.357344  156.0   5.172   5.028 |    0.000   0.000   0.000   0.000 |   -6.072  -7.289   1.590
 172B   0.00027782 0.11 -0.164 -1265.357378  156.0   5.172   5.028 |    0.000   0.000   0.000   0.000 |   -6.072  -7.289   2.004
 173B   0.00032910 0.10 -0.164 -1265.357532  156.0   5.172   5.028 |    0.000   0.000   0.000  -0.000 |   -6.072  -7.289   2.519
 174B   0.00030769 0.11 -0.164 -1265.357634  156.0   5.172   5.028 |    0.000  -0.000   0.000   0.000 |   -6.072  -7.289   1.741
 175B   0.00031252 0.10 -0.164 -1265.357612  156.0   5.172   5.028 |    0.000   0.000   0.000  -0.000 |   -6.072  -7.289   2.257
 176B   0.00033016 0.10 -0.164 -1265.357575  156.0   5.172   5.028 |    0.000   0.000   0.000   0.000 |   -6.072  -7.289   1.792
 177B   0.00088355 0.10 -0.164 -1265.357572  156.0   5.172   5.028 |    0.000   0.000   0.000   0.000 |   -6.072  -7.289   1.878
 178B   0.00031956 0.11 -0.164 -1265.357626  156.0   5.172   5.028 |    0.000   0.000   0.000   0.000 |   -6.072  -7.289   1.729
 179B   0.00032011 0.10 -0.164 -1265.357613  156.0   5.172   5.028 |    0.000   0.000   0.000   0.000 |   -6.072  -7.289   1.840
 180B   0.00030907 0.11 -0.164 -1265.357616  156.0   5.172   5.028 |    0.000   0.000   0.000  -0.000 |   -6.072  -7.289   1.736
 181B   0.00037232 0.10 -0.164 -1265.357649  156.0   5.172   5.028 |    0.000   0.000   0.000  -0.000 |   -6.072  -7.289   1.954
 182B   0.00032702 0.11 -0.164 -1265.357664  156.0   5.172   5.028 |    0.000  -0.000   0.000   0.000 |   -6.072  -7.289   1.567
 183B   0.00034022 0.10 -0.164 -1265.357572  156.0   5.172   5.028 |    0.000   0.000   0.000   0.000 |   -6.072  -7.289   2.622
 184B   0.00035200 0.10 -0.164 -1265.357523  156.0   5.172   5.028 |    0.000   0.000   0.000  -0.000 |   -6.072  -7.289   2.778
 185B   0.00044943 0.10 -0.164 -1265.357477  156.0   5.172   5.028 |    0.000   0.000   0.000   0.000 |   -6.072  -7.289   2.255
 186B   0.00037963 0.11 -0.164 -1265.357265  156.0   5.172   5.028 |    0.000   0.000   0.000  -0.000 |   -6.072  -7.289   1.608
 187B   0.00037053 0.13 -0.164 -1265.357335  156.0   5.172   5.028 |    0.000  -0.000   0.000   0.000 |   -6.072  -7.289   1.738
 188B   0.00084800 0.10 -0.164 -1265.357256  156.0   5.172   5.028 |    0.000  -0.000   0.000   0.000 |   -6.072  -7.289   2.783
 189B   0.00039595 0.11 -0.164 -1265.356857  156.0   5.172   5.028 |    0.000   0.000   0.000  -0.000 |   -6.072  -7.289   2.197
 190B   0.00022359 0.13 -0.164 -1265.356719  156.0   5.172   5.028 |    0.000   0.000   0.000   0.000 |   -6.072  -7.289   1.899
 191B   0.00056525 0.10 -0.164 -1265.356987  156.0   5.172   5.028 |    0.000  -0.000   0.000  -0.000 |   -6.072  -7.289   1.309
 192B   0.00013864 0.11 -0.164 -1265.356788  156.0   5.172   5.028 |    0.000  -0.000   0.000  -0.000 |   -6.072  -7.289   1.546
 193B   0.00012300 0.13 -0.164 -1265.356814  156.0   5.172   5.028 |    0.000  -0.000   0.000  -0.000 |   -6.072  -7.289   1.438
 194B   0.00013634 0.10 -0.164 -1265.356935  156.0   5.172   5.028 |    0.000  -0.000   0.000  -0.000 |   -6.072  -7.289   1.634
 195B   0.00013281 0.11 -0.164 -1265.356870  156.0   5.172   5.028 |    0.000  -0.000   0.000  -0.000 |   -6.072  -7.289   1.978
 196B   0.00011139 0.13 -0.164 -1265.356864  156.0   5.172   5.028 |    0.000  -0.000   0.000  -0.000 |   -6.072  -7.289   1.544
 197B   0.00012489 0.10 -0.164 -1265.356851  156.0   5.172   5.028 |    0.000   0.000   0.000  -0.000 |   -6.072  -7.289   1.923
 198B   0.00022857 0.10 -0.164 -1265.356882  156.0   5.172   5.028 |    0.000  -0.000   0.000  -0.000 |   -6.072  -7.289   2.747
 199B   0.00010899 0.11 -0.164 -1265.356897  156.0   5.172   5.028 |    0.000  -0.000   0.000  -0.000 |   -6.072  -7.289   2.136
 200B   0.00013808 0.10 -0.164 -1265.356944  156.0   5.172   5.028 |    0.000  -0.000   0.000   0.000 |   -6.072  -7.289   3.118
 201B   0.00012504 0.11 -0.164 -1265.356962  156.0   5.172   5.028 |    0.000   0.000   0.000   0.000 |   -6.072  -7.289   2.348
 202B   0.00012694 0.10 -0.164 -1265.357011  156.0   5.172   5.028 |    0.000   0.000   0.000   0.000 |   -6.072  -7.289   1.747
 203B   0.00017055 0.10 -0.164 -1265.357084  156.0   5.172   5.028 |    0.000   0.000   0.000  -0.000 |   -6.072  -7.289   1.915
 204B   0.00020412 0.10 -0.164 -1265.357024  156.0   5.172   5.028 |    0.000   0.000   0.000  -0.000 |   -6.072  -7.289   2.151
 205B   0.00012328 0.11 -0.164 -1265.357025  156.0   5.172   5.028 |    0.000   0.000   0.000  -0.000 |   -6.072  -7.289   2.585
 206B   0.00027264 0.10 -0.164 -1265.356957  156.0   5.172   5.028 |    0.000  -0.000   0.000   0.000 |   -6.072  -7.289   1.726
 207B   0.00013460 0.11 -0.164 -1265.357026  156.0   5.172   5.028 |    0.000  -0.000   0.000   0.000 |   -6.072  -7.289   1.821
 208B   0.00012030 0.13 -0.164 -1265.357114  156.0   5.172   5.028 |    0.000   0.000   0.000  -0.000 |   -6.072  -7.289   2.891
 209B   0.00013944 0.10 -0.164 -1265.357146  156.0   5.172   5.028 |    0.000   0.000   0.000   0.000 |   -6.072  -7.289   4.052
 210B   0.00013875 0.11 -0.164 -1265.357188  156.0   5.172   5.028 |    0.000   0.000   0.000   0.000 |   -6.072  -7.289   1.606
 211B   0.00014114 0.10 -0.164 -1265.357231  156.0   5.172   5.028 |    0.000  -0.000   0.000   0.000 |   -6.072  -7.289   1.887
 212B   0.00011837 0.11 -0.164 -1265.357253  156.0   5.172   5.028 |    0.000   0.000   0.000   0.000 |   -6.072  -7.289   2.115
 213B   0.00023482 0.10 -0.164 -1265.357225  156.0   5.172   5.028 |    0.000   0.000   0.000   0.000 |   -6.072  -7.289   1.957
 214B   0.00018822 0.11 -0.164 -1265.357266  156.0   5.172   5.028 |    0.000   0.000   0.000   0.000 |   -6.072  -7.289   1.678
 215B   0.00037219 0.10 -0.164 -1265.357170  156.0   5.172   5.028 |    0.000   0.000   0.000   0.000 |   -6.072  -7.289   1.925
 216B   0.00018933 0.11 -0.164 -1265.357272  156.0   5.172   5.028 |    0.000   0.000   0.000  -0.000 |   -6.072  -7.289   2.247
 217B   0.00014339 0.13 -0.164 -1265.357283  156.0   5.172   5.028 |    0.000  -0.000   0.000  -0.000 |   -6.072  -7.289   1.867
 218B   0.00014184 0.14 -0.164 -1265.357255  156.0   5.172   5.028 |    0.000  -0.000   0.000  -0.000 |   -6.072  -7.289   2.218
 219B   0.00016410 0.10 -0.164 -1265.357258  156.0   5.172   5.028 |    0.000  -0.000   0.000   0.000 |   -6.072  -7.289   1.722
 220B   0.00015414 0.11 -0.164 -1265.357257  156.0   5.172   5.028 |    0.000  -0.000   0.000  -0.000 |   -6.072  -7.289   1.545
 221B   0.00015480 0.10 -0.164 -1265.357262  156.0   5.172   5.028 |    0.000  -0.000   0.000   0.000 |   -6.072  -7.289   1.540
 222B   0.00015186 0.11 -0.164 -1265.357236  156.0   5.172   5.028 |    0.000  -0.000   0.000  -0.000 |   -6.072  -7.289   2.148
 223B   0.00016675 0.10 -0.164 -1265.357238  156.0   5.172   5.028 |    0.000  -0.000   0.000  -0.000 |   -6.072  -7.289   2.579
 224B   0.00023386 0.10 -0.164 -1265.357255  156.0   5.172   5.028 |    0.000  -0.000   0.000  -0.000 |   -6.072  -7.289   1.955
 225B   0.00016181 0.11 -0.164 -1265.357259  156.0   5.172   5.028 |    0.000  -0.000   0.000  -0.000 |   -6.072  -7.289   2.261
 226B   0.00016153 0.13 -0.164 -1265.357239  156.0   5.172   5.028 |    0.000  -0.000   0.000  -0.000 |   -6.072  -7.289   2.103
 227B   0.00017489 0.10 -0.164 -1265.357213  156.0   5.172   5.028 |    0.000   0.000   0.000  -0.000 |   -6.072  -7.289   2.046
 228B   0.00016183 0.11 -0.164 -1265.357228  156.0   5.172   5.028 |    0.000   0.000   0.000   0.000 |   -6.072  -7.289   2.302
 229B   0.00015889 0.13 -0.164 -1265.357181  156.0   5.172   5.028 |    0.000   0.000   0.000   0.000 |   -6.072  -7.289   1.861
 230B   0.00015902 0.10 -0.164 -1265.357149  156.0   5.172   5.028 |    0.000  -0.000   0.000  -0.000 |   -6.072  -7.289   1.610
 231B   0.00019390 0.10 -0.164 -1265.357051  156.0   5.172   5.028 |    0.000  -0.000   0.000  -0.000 |   -6.072  -7.289   1.762
 232B   0.00021632 0.10 -0.164 -1265.357013  156.0   5.172   5.028 |    0.000   0.000   0.000  -0.000 |   -6.072  -7.289   1.970
 233B   0.00021299 0.11 -0.164 -1265.356893  156.0   5.172   5.028 |    0.000  -0.000   0.000  -0.000 |   -6.072  -7.289   1.882
 234B   0.00010963 0.13 -0.164 -1265.356925  156.0   5.172   5.028 |    0.000  -0.000   0.000  -0.000 |   -6.072  -7.289   1.571
 235B   0.00009961 0.14 -0.164 -1265.356864  156.0   5.172   5.028 |    0.000  -0.000   0.000  -0.000 |   -6.072  -7.289   1.479
 236B   0.00007345 0.16 -0.164 -1265.356917  156.0   5.172   5.028 |    0.000  -0.000   0.000  -0.000 |   -6.072  -7.289   1.648
 237B   0.00010676 0.10 -0.164 -1265.356990  156.0   5.172   5.028 |    0.000  -0.000   0.000  -0.000 |   -6.072  -7.289   2.171
 238B   0.00006226 0.11 -0.164 -1265.356985  156.0   5.172   5.028 |    0.000   0.000   0.000  -0.000 |   -6.072  -7.289   1.884
 239B   0.00006711 0.10 -0.164 -1265.356969  156.0   5.172   5.028 |    0.000   0.000   0.000  -0.000 |   -6.072  -7.289   1.848
 240B   0.00012625 0.10 -0.164 -1265.356972  156.0   5.172   5.028 |    0.000  -0.000   0.000   0.000 |   -6.072  -7.289   2.515
 241B   0.00008083 0.11 -0.164 -1265.357024  156.0   5.172   5.028 |    0.000  -0.000   0.000   0.000 |   -6.072  -7.289   1.649
 242B   0.00013714 0.10 -0.164 -1265.356938  156.0   5.172   5.028 |    0.000  -0.000   0.000   0.000 |   -6.072  -7.289   1.413
 243B   0.00008652 0.11 -0.164 -1265.357003  156.0   5.172   5.028 |    0.000  -0.000   0.000   0.000 |   -6.072  -7.289   1.865
 244B   0.00005935 0.13 -0.164 -1265.357033  156.0   5.172   5.028 |    0.000  -0.000   0.000  -0.000 |   -6.072  -7.289   2.577
 245B   0.00006516 0.10 -0.164 -1265.357062  156.0   5.172   5.028 |    0.000   0.000   0.000  -0.000 |   -6.072  -7.289   1.997
 246B   0.00005710 0.11 -0.164 -1265.357059  156.0   5.172   5.028 |    0.000  -0.000   0.000  -0.000 |   -6.072  -7.289   1.301
 247B   0.00006751 0.10 -0.164 -1265.357043  156.0   5.172   5.028 |    0.000   0.000   0.000  -0.000 |   -6.072  -7.289   1.525
 248B   0.00007888 0.10 -0.164 -1265.357073  156.0   5.172   5.028 |    0.000  -0.000   0.000  -0.000 |   -6.072  -7.289   1.607
 249B   0.00007590 0.11 -0.164 -1265.357098  156.0   5.172   5.028 |    0.000  -0.000   0.000   0.000 |   -6.072  -7.289   2.136
 250B   0.00007663 0.10 -0.164 -1265.357110  156.0   5.172   5.028 |    0.000   0.000   0.000  -0.000 |   -6.072  -7.289   1.627
 251B   0.00007520 0.11 -0.164 -1265.357106  156.0   5.172   5.028 |    0.000   0.000   0.000   0.000 |   -6.072  -7.289   2.734
 252B   0.00011383 0.10 -0.164 -1265.357141  156.0   5.172   5.028 |    0.000   0.000   0.000  -0.000 |   -6.072  -7.289   1.845
 253B   0.00011334 0.11 -0.164 -1265.357123  156.0   5.172   5.028 |    0.000   0.000   0.000   0.000 |   -6.072  -7.289   2.262
 254B   0.00007003 0.13 -0.164 -1265.357124  156.0   5.172   5.028 |    0.000  -0.000   0.000  -0.000 |   -6.072  -7.289   2.409
 255B   0.00006913 0.14 -0.164 -1265.357131  156.0   5.172   5.028 |    0.000   0.000   0.000  -0.000 |   -6.072  -7.289   1.591
 256B   0.00006334 0.16 -0.164 -1265.357165  156.0   5.172   5.028 |    0.000   0.000   0.000   0.000 |   -6.072  -7.289   2.035
 257B   0.00006478 0.10 -0.164 -1265.357178  156.0   5.172   5.028 |    0.000   0.000   0.000  -0.000 |   -6.072  -7.289   2.273
 258B   0.00008548 0.10 -0.164 -1265.357190  156.0   5.172   5.028 |    0.000   0.000   0.000  -0.000 |   -6.072  -7.289   2.058
 259B   0.00006897 0.11 -0.164 -1265.357169  156.0   5.172   5.028 |    0.000  -0.000   0.000   0.000 |   -6.072  -7.289   2.090
 260B   0.00006994 0.10 -0.164 -1265.357174  156.0   5.172   5.028 |    0.000  -0.000   0.000  -0.000 |   -6.072  -7.289   2.770
 261B   0.00014984 0.10 -0.164 -1265.357164  156.0   5.172   5.028 |    0.000  -0.000   0.000  -0.000 |   -6.072  -7.289   2.435
 262B   0.00007295 0.11 -0.164 -1265.357154  156.0   5.172   5.028 |    0.000   0.000   0.000   0.000 |   -6.072  -7.289   1.865
 263B   0.00009049 0.10 -0.164 -1265.357150  156.0   5.172   5.028 |    0.000   0.000   0.000   0.000 |   -6.072  -7.289   3.162
 264B   0.00007950 0.11 -0.164 -1265.357156  156.0   5.172   5.028 |    0.000  -0.000   0.000  -0.000 |   -6.072  -7.289   2.367
 265B   0.00008219 0.10 -0.164 -1265.357147  156.0   5.172   5.028 |    0.000  -0.000   0.000   0.000 |   -6.072  -7.289   2.381
 266B   0.00008066 0.11 -0.164 -1265.357144  156.0   5.172   5.028 |    0.000  -0.000   0.000   0.000 |   -6.072  -7.289   2.599
 267B   0.00008239 0.10 -0.164 -1265.357135  156.0   5.172   5.028 |    0.000  -0.000   0.000   0.000 |   -6.072  -7.289   1.666
 268B   0.00009332 0.10 -0.164 -1265.357088  156.0   5.172   5.028 |    0.000  -0.000   0.000  -0.000 |   -6.072  -7.289   1.738
 269B   0.00007691 0.11 -0.164 -1265.357082  156.0   5.172   5.028 |    0.000  -0.000   0.000  -0.000 |   -6.072  -7.289   1.732
 270B   0.00010302 0.10 -0.164 -1265.357028  156.0   5.172   5.028 |    0.000   0.000   0.000  -0.000 |   -6.072  -7.289   2.355
 271B   0.00008643 0.11 -0.164 -1265.357007  156.0   5.172   5.028 |    0.000   0.000   0.000  -0.000 |   -6.072  -7.289   2.071
 272B   0.00008315 0.13 -0.164 -1265.356972  156.0   5.172   5.028 |    0.000  -0.000   0.000  -0.000 |   -6.072  -7.289   2.963
 273B   0.00005405 0.14 -0.164 -1265.357005  156.0   5.172   5.028 |    0.000  -0.000   0.000  -0.000 |   -6.072  -7.289   2.461
 274B   0.00003750 0.16 -0.164 -1265.356991  156.0   5.172   5.028 |    0.000   0.000   0.000  -0.000 |   -6.072  -7.289   2.740
 275B   0.00003644 0.18 -0.164 -1265.356993  156.0   5.172   5.028 |    0.000   0.000   0.000  -0.000 |   -6.072  -7.289   1.578
 276B   0.00003283 0.21 -0.164 -1265.357000  156.0   5.172   5.028 |    0.000   0.000   0.000  -0.000 |   -6.072  -7.289   2.267
 277B   0.00002652 0.24 -0.164 -1265.357013  156.0   5.172   5.028 |    0.000   0.000   0.000  -0.000 |   -6.072  -7.289   1.744
 278B   0.00004005 0.10 -0.164 -1265.357012  156.0   5.172   5.028 |    0.000   0.000   0.000  -0.000 |   -6.072  -7.289   1.671
 279B   0.00003909 0.11 -0.164 -1265.357021  156.0   5.172   5.028 |    0.000  -0.000   0.000  -0.000 |   -6.072  -7.289   2.484
 280B   0.00003342 0.13 -0.164 -1265.357019  156.0   5.172   5.028 |    0.000  -0.000   0.000   0.000 |   -6.072  -7.289   1.980
 281B   0.00003413 0.10 -0.164 -1265.357023  156.0   5.172   5.028 |    0.000   0.000   0.000   0.000 |   -6.072  -7.289   3.675
 282B   0.00002968 0.11 -0.164 -1265.357025  156.0   5.172   5.028 |    0.000   0.000   0.000   0.000 |   -6.072  -7.289   2.230
 283B   0.00003850 0.10 -0.164 -1265.357027  156.0   5.172   5.028 |    0.000  -0.000   0.000  -0.000 |   -6.072  -7.289   2.347
 284B   0.00004585 0.10 -0.164 -1265.357051  156.0   5.172   5.028 |    0.000  -0.000   0.000   0.000 |   -6.072  -7.289   2.280
 285B   0.00003355 0.11 -0.164 -1265.357064  156.0   5.172   5.028 |    0.000   0.000   0.000  -0.000 |   -6.072  -7.289   1.887
 286B   0.00007165 0.10 -0.164 -1265.357087  156.0   5.172   5.028 |    0.000   0.000   0.000   0.000 |   -6.072  -7.289   1.444
 287B   0.00003201 0.11 -0.164 -1265.357091  156.0   5.172   5.028 |    0.000   0.000   0.000   0.000 |   -6.072  -7.289   2.259
 288B   0.00003762 0.10 -0.164 -1265.357092  156.0   5.172   5.028 |    0.000  -0.000   0.000  -0.000 |   -6.072  -7.289   1.879
 289B   0.00002757 0.11 -0.164 -1265.357093  156.0   5.172   5.028 |    0.000   0.000   0.000   0.000 |   -6.072  -7.289   2.114
 290B   0.00002656 0.13 -0.164 -1265.357092  156.0   5.172   5.028 |    0.000  -0.000   0.000   0.000 |   -6.072  -7.289   1.918
 291B   0.00005841 0.10 -0.164 -1265.357100  156.0   5.172   5.028 |    0.000   0.000   0.000   0.000 |   -6.072  -7.289   1.655
 292B   0.00003586 0.11 -0.164 -1265.357106  156.0   5.172   5.028 |    0.000   0.000   0.000   0.000 |   -6.072  -7.289   2.314
 293B   0.00003175 0.13 -0.164 -1265.357107  156.0   5.172   5.028 |    0.000   0.000   0.000   0.000 |   -6.072  -7.289   2.356
 294B   0.00003162 0.14 -0.164 -1265.357103  156.0   5.172   5.028 |    0.000   0.000   0.000  -0.000 |   -6.072  -7.289   1.480
 295B   0.00003119 0.16 -0.164 -1265.357090  156.0   5.172   5.028 |    0.000  -0.000   0.000   0.000 |   -6.072  -7.289   1.577
 296B   0.00003013 0.18 -0.164 -1265.357067  156.0   5.172   5.028 |    0.000   0.000   0.000  -0.000 |   -6.072  -7.289   1.952
 297B   0.00009087 0.10 -0.164 -1265.357060  156.0   5.172   5.028 |    0.000  -0.000   0.000   0.000 |   -6.072  -7.289   3.428
 298B   0.00002016 0.11 -0.164 -1265.357039  156.0   5.172   5.028 |    0.000   0.000   0.000   0.000 |   -6.072  -7.289   1.510
 299B   0.00002462 0.10 -0.164 -1265.357053  156.0   5.172   5.028 |    0.000  -0.000   0.000   0.000 |   -6.072  -7.289   1.569
 300B   0.00001806 0.11 -0.164 -1265.357031  156.0   5.172   5.028 |    0.000   0.000   0.000   0.000 |   -6.072  -7.289   2.938
 301B   0.00001983 0.10 -0.164 -1265.357051  156.0   5.172   5.028 |    0.000  -0.000   0.000  -0.000 |   -6.072  -7.289   1.877
 302B   0.00001831 0.11 -0.164 -1265.357056  156.0   5.172   5.028 |    0.000   0.000   0.000   0.000 |   -6.072  -7.289   2.608
 303B   0.00001753 0.13 -0.164 -1265.357053  156.0   5.172   5.028 |    0.000   0.000   0.000   0.000 |   -6.072  -7.289   1.926
 304B   0.00001835 0.10 -0.164 -1265.357056  156.0   5.172   5.028 |    0.000  -0.000   0.000  -0.000 |   -6.072  -7.289   2.656
 305B   0.00001999 0.10 -0.164 -1265.357057  156.0   5.172   5.028 |    0.000  -0.000   0.000   0.000 |   -6.072  -7.289   1.768
 306B   0.00002420 0.10 -0.164 -1265.357058  156.0   5.172   5.028 |    0.000  -0.000   0.000  -0.000 |   -6.072  -7.289   1.674
 307B   0.00001500 0.11 -0.164 -1265.357052  156.0   5.172   5.028 |    0.000  -0.000   0.000   0.000 |   -6.072  -7.289   1.441
 308B   0.00001355 0.13 -0.164 -1265.357047  156.0   5.172   5.028 |    0.000  -0.000   0.000  -0.000 |   -6.072  -7.289   1.605
 309B   0.00002119 0.10 -0.164 -1265.357062  156.0   5.172   5.028 |    0.000  -0.000   0.000  -0.000 |   -6.072  -7.289   1.354
 310B   0.00002080 0.11 -0.164 -1265.357067  156.0   5.172   5.028 |    0.000   0.000   0.000   0.000 |   -6.072  -7.289   2.496
 311B   0.00002293 0.10 -0.164 -1265.357071  156.0   5.172   5.028 |    0.000   0.000   0.000   0.000 |   -6.072  -7.289   1.587
 312B   0.00001304 0.11 -0.164 -1265.357076  156.0   5.172   5.028 |    0.000   0.000   0.000  -0.000 |   -6.072  -7.289   2.105
 313B   0.00001178 0.13 -0.164 -1265.357074  156.0   5.172   5.028 |    0.000   0.000   0.000  -0.000 |   -6.072  -7.289   2.184
 314B   0.00001176 0.14 -0.164 -1265.357074  156.0   5.172   5.028 |    0.000   0.000   0.000  -0.000 |   -6.072  -7.289   2.033
 315B   0.00001073 0.16 -0.164 -1265.357073  156.0   5.172   5.028 |    0.000   0.000   0.000  -0.000 |   -6.072  -7.289   1.980
 316B   0.00001447 0.10 -0.164 -1265.357072  156.0   5.172   5.028 |    0.000   0.000   0.000  -0.000 |   -6.072  -7.289   1.684
 317B   0.00001356 0.11 -0.164 -1265.357067  156.0   5.172   5.028 |    0.000   0.000   0.000   0.000 |   -6.072  -7.289   2.387
 318B   0.00001309 0.13 -0.164 -1265.357056  156.0   5.172   5.028 |    0.000  -0.000   0.000  -0.000 |   -6.072  -7.289   2.046
 319B   0.00000566 0.14 -0.164 -1265.357056  156.0   5.172   5.028 |    0.000  -0.000   0.000   0.000 |   -6.072  -7.289   2.081
 320B   0.00000524 0.16 -0.164 -1265.357057  156.0   5.172   5.028 |    0.000   0.000   0.000   0.000 |   -6.072  -7.289   2.133
 321B   0.00000445 0.18 -0.164 -1265.357059  156.0   5.172   5.028 |    0.000  -0.000   0.000   0.000 |   -6.072  -7.289   2.004
 322B   0.00000467 0.10 -0.164 -1265.357058  156.0   5.172   5.028 |    0.000   0.000   0.000   0.000 |   -6.072  -7.289   2.150
 323B   0.00000436 0.11 -0.164 -1265.357059  156.0   5.172   5.028 |    0.000   0.000   0.000   0.000 |   -6.072  -7.289   2.249
 324B   0.00000395 0.13 -0.164 -1265.357061  156.0   5.172   5.028 |    0.000  -0.000   0.000  -0.000 |   -6.072  -7.289   2.478
 325B   0.00000959 0.10 -0.164 -1265.357066  156.0   5.172   5.028 |    0.000   0.000   0.000   0.000 |   -6.072  -7.289   1.695
 326B   0.00000350 0.11 -0.164 -1265.357067  156.0   5.172   5.028 |    0.000   0.000   0.000  -0.000 |   -6.072  -7.289   1.896
 327B   0.00000686 0.10 -0.164 -1265.357064  156.0   5.172   5.028 |    0.000   0.000   0.000   0.000 |   -6.072  -7.289   2.301
 328B   0.00000456 0.11 -0.164 -1265.357065  156.0   5.172   5.028 |    0.000  -0.000   0.000   0.000 |   -6.072  -7.289   2.118
 329B   0.00000157 0.13 -0.164 -1265.357068  156.0   5.172   5.028 |    0.000   0.000   0.000   0.000 |   -6.072  -7.289   2.413
 330B   0.00000154 0.14 -0.164 -1265.357068  156.0   5.172   5.028 |    0.000   0.000   0.000  -0.000 |   -6.072  -7.289   1.651
 331B   0.00000217 0.10 -0.164 -1265.357068  156.0   5.172   5.028 |    0.000  -0.000   0.000   0.000 |   -6.072  -7.289   1.809
 332B   0.00000151 0.11 -0.164 -1265.357068  156.0   5.172   5.028 |    0.000  -0.000   0.000  -0.000 |   -6.072  -7.289   2.842
 333B   0.00000138 0.13 -0.164 -1265.357068  156.0   5.172   5.028 |    0.000  -0.000   0.000  -0.000 |   -6.072  -7.289   1.926
 334B   0.00000137 0.14 -0.164 -1265.357067  156.0   5.172   5.028 |    0.000   0.000   0.000  -0.000 |   -6.072  -7.289   1.953
 335B   0.00000111 0.16 -0.164 -1265.357066  156.0   5.172   5.028 |    0.000   0.000   0.000  -0.000 |   -6.072  -7.289   2.027
 336B   0.00000110 0.18 -0.164 -1265.357065  156.0   5.172   5.028 |    0.000  -0.000   0.000  -0.000 |   -6.072  -7.289   1.384
 337B   0.00000077 0.21 -0.164 -1265.357066  156.0   5.172   5.028 |    0.000   0.000   0.000  -0.000 |   -6.072  -7.289   2.153
 338B   0.00000080 0.10 -0.164 -1265.357066  156.0   5.172   5.028 |    0.000   0.000   0.000  -0.000 |   -6.072  -7.289   2.065
 339B   0.00000065 0.11 -0.164 -1265.357066  156.0   5.172   5.028 |    0.000   0.000   0.000   0.000 |   -6.072  -7.289   2.478
 340B   0.00000078 0.10 -0.164 -1265.357066  156.0   5.172   5.028 |    0.000   0.000   0.000  -0.000 |   -6.072  -7.289   2.106
 341B   0.00000068 0.11 -0.164 -1265.357066  156.0   5.172   5.028 |    0.000   0.000   0.000  -0.000 |   -6.072  -7.289   1.683
 342B   0.00000064 0.13 -0.164 -1265.357067  156.0   5.172   5.028 |    0.000   0.000   0.000  -0.000 |   -6.072  -7.289   1.768
 343B   0.00000127 0.10 -0.164 -1265.357067  156.0   5.172   5.028 |    0.000  -0.000   0.000  -0.000 |   -6.072  -7.289   1.521
 344B   0.00000062 0.11 -0.164 -1265.357067  156.0   5.172   5.028 |    0.000  -0.000   0.000  -0.000 |   -6.072  -7.289   1.644
 345B   0.00000058 0.13 -0.164 -1265.357067  156.0   5.172   5.028 |    0.000  -0.000   0.000  -0.000 |   -6.072  -7.289   1.907
 346B   0.00000059 0.10 -0.164 -1265.357067  156.0   5.172   5.028 |    0.000   0.000   0.000  -0.000 |   -6.072  -7.289   1.707
 347B   0.00000062 0.10 -0.164 -1265.357067  156.0   5.172   5.028 |    0.000  -0.000   0.000  -0.000 |   -6.072  -7.289   1.569
 348B   0.00000066 0.10 -0.164 -1265.357067  156.0   5.172   5.028 |    0.000  -0.000   0.000  -0.000 |   -6.072  -7.289   1.649
 349B   0.00000086 0.10 -0.164 -1265.357067  156.0   5.172   5.028 |    0.000  -0.000   0.000   0.000 |   -6.072  -7.289   1.562
 350B   0.00000085 0.11 -0.164 -1265.357067  156.0   5.172   5.028 |    0.000  -0.000   0.000   0.000 |   -6.072  -7.289   1.590
 351B   0.00000138 0.10 -0.164 -1265.357068  156.0   5.172   5.028 |    0.000  -0.000   0.000   0.000 |   -6.072  -7.289   1.827
 352B   0.00000090 0.11 -0.164 -1265.357068  156.0   5.172   5.028 |    0.000  -0.000   0.000   0.000 |   -6.072  -7.289   2.972
 353B   0.00000059 0.13 -0.164 -1265.357069  156.0   5.172   5.028 |    0.000  -0.000   0.000   0.000 |   -6.072  -7.289   1.806
 354B   0.00000152 0.10 -0.164 -1265.357068  156.0   5.172   5.028 |    0.000  -0.000   0.000   0.000 |   -6.072  -7.289   1.541
 355B   0.00000084 0.11 -0.164 -1265.357069  156.0   5.172   5.028 |    0.000  -0.000   0.000   0.000 |   -6.072  -7.289   2.105
 356B   0.00000066 0.13 -0.164 -1265.357069  156.0   5.172   5.028 |    0.000   0.000   0.000   0.000 |   -6.072  -7.289   1.565
 357B   0.00000050 0.14 -0.164 -1265.357069  156.0   5.172   5.028 |    0.000  -0.000   0.000   0.000 |   -6.072  -7.289   1.724
 358B   0.00000072 0.10 -0.164 -1265.357069  156.0   5.172   5.028 |    0.000  -0.000   0.000   0.000 |   -6.072  -7.289   2.425
 359B   0.00000057 0.11 -0.164 -1265.357069  156.0   5.172   5.028 |    0.000   0.000   0.000   0.000 |   -6.072  -7.289   2.184
 360B   0.00000051 0.13 -0.164 -1265.357069  156.0   5.172   5.028 |    0.000  -0.000   0.000   0.000 |   -6.072  -7.289   3.260
 361B   0.00000056 0.10 -0.164 -1265.357069  156.0   5.172   5.028 |    0.000   0.000   0.000   0.000 |   -6.072  -7.289   1.790
 362B   0.00000056 0.10 -0.164 -1265.357069  156.0   5.172   5.028 |    0.000   0.000   0.000   0.000 |   -6.072  -7.289   1.802
 363B   0.00000065 0.10 -0.164 -1265.357068  156.0   5.172   5.028 |    0.000   0.000   0.000   0.000 |   -6.072  -7.289   2.219
 364B   0.00000062 0.11 -0.164 -1265.357068  156.0   5.172   5.028 |    0.000   0.000   0.000   0.000 |   -6.072  -7.289   2.293
 365B   0.00000040 0.13 -0.164 -1265.357067  156.0   5.172   5.028 |    0.000   0.000   0.000  -0.000 |   -6.072  -7.289   1.390
 366B   0.00000076 0.10 -0.164 -1265.357068  156.0   5.172   5.028 |    0.000   0.000   0.000  -0.000 |   -6.072  -7.289   1.930
 367B   0.00000056 0.11 -0.164 -1265.357067  156.0   5.172   5.028 |    0.000  -0.000   0.000  -0.000 |   -6.072  -7.289   1.940
 368B   0.00000043 0.13 -0.164 -1265.357067  156.0   5.172   5.028 |    0.000  -0.000   0.000  -0.000 |   -6.072  -7.289   1.472
 369B   0.00000025 0.14 -0.164 -1265.357067  156.0   5.172   5.028 |    0.000   0.000   0.000  -0.000 |   -6.072  -7.289   2.062
 370B   0.00000023 0.16 -0.164 -1265.357067  156.0   5.172   5.028 |    0.000   0.000   0.000  -0.000 |   -6.072  -7.289   1.755
 371B   0.00000019 0.18 -0.164 -1265.357067  156.0   5.172   5.028 |    0.000   0.000   0.000  -0.000 |   -6.072  -7.289   1.509
 372B   0.00000016 0.21 -0.164 -1265.357067  156.0   5.172   5.028 |    0.000  -0.000   0.000  -0.000 |   -6.072  -7.289   2.043
 373B   0.00000017 0.10 -0.164 -1265.357068  156.0   5.172   5.028 |    0.000   0.000   0.000  -0.000 |   -6.072  -7.289   1.580
 374B   0.00000017 0.11 -0.164 -1265.357068  156.0   5.172   5.028 |    0.000   0.000   0.000  -0.000 |   -6.072  -7.289   2.214
 375B   0.00000016 0.13 -0.164 -1265.357068  156.0   5.172   5.028 |    0.000   0.000   0.000  -0.000 |   -6.072  -7.289   1.371
 376B   0.00000029 0.10 -0.164 -1265.357067  156.0   5.172   5.028 |    0.000  -0.000   0.000  -0.000 |   -6.072  -7.289   1.656
 377B   0.00000023 0.11 -0.164 -1265.357068  156.0   5.172   5.028 |    0.000  -0.000   0.000  -0.000 |   -6.072  -7.289   1.622
 378B   0.00000014 0.13 -0.164 -1265.357068  156.0   5.172   5.028 |    0.000  -0.000   0.000  -0.000 |   -6.072  -7.289   2.055
 379B   0.00000020 0.10 -0.164 -1265.357068  156.0   5.172   5.028 |    0.000   0.000   0.000  -0.000 |   -6.072  -7.289   2.046
 380B   0.00000015 0.11 -0.164 -1265.357068  156.0   5.172   5.028 |    0.000  -0.000   0.000  -0.000 |   -6.072  -7.289   1.848
 381B   0.00000015 0.13 -0.164 -1265.357068  156.0   5.172   5.028 |    0.000  -0.000   0.000  -0.000 |   -6.072  -7.289   1.975
 382B   0.00000017 0.10 -0.164 -1265.357068  156.0   5.172   5.028 |    0.000  -0.000   0.000  -0.000 |   -6.072  -7.289   1.655
 383B   0.00000016 0.11 -0.164 -1265.357068  156.0   5.172   5.028 |    0.000  -0.000   0.000  -0.000 |   -6.072  -7.289   1.912
 384B   0.00000017 0.10 -0.164 -1265.357068  156.0   5.172   5.028 |    0.000  -0.000   0.000   0.000 |   -6.072  -7.289   1.835
 385B   0.00000016 0.11 -0.164 -1265.357068  156.0   5.172   5.028 |    0.000   0.000   0.000   0.000 |   -6.072  -7.289   1.905
 386B   0.00000022 0.10 -0.164 -1265.357068  156.0   5.172   5.028 |    0.000  -0.000   0.000  -0.000 |   -6.072  -7.289   2.029
 387B   0.00000013 0.11 -0.164 -1265.357068  156.0   5.172   5.028 |    0.000   0.000   0.000  -0.000 |   -6.072  -7.289   2.079
 388B   0.00000009 0.13 -0.164 -1265.357068  156.0   5.172   5.028 |    0.000   0.000   0.000   0.000 |   -6.072  -7.289   1.960
 389B   0.00000009 0.14 -0.164 -1265.357068  156.0   5.172   5.028 |    0.000   0.000   0.000   0.000 |   -6.072  -7.289   1.989
 390B   0.00000009 0.10 -0.164 -1265.357068  156.0   5.172   5.028 |    0.000  -0.000   0.000   0.000 |   -6.072  -7.289   1.785
 391B   0.00000010 0.10 -0.164 -1265.357067  156.0   5.172   5.028 |    0.000   0.000   0.000   0.000 |   -6.072  -7.289   1.740
 392B   0.00000011 0.10 -0.164 -1265.357068  156.0   5.172   5.028 |    0.000   0.000   0.000  -0.000 |   -6.072  -7.289   1.798
 393B   0.00000010 0.11 -0.164 -1265.357068  156.0   5.172   5.028 |    0.000  -0.000   0.000  -0.000 |   -6.072  -7.289   1.749
 394B   0.00000014 0.10 -0.164 -1265.357068  156.0   5.172   5.028 |    0.000  -0.000   0.000   0.000 |   -6.072  -7.289   2.070
 395B   0.00000029 0.10 -0.164 -1265.357068  156.0   5.172   5.028 |    0.000  -0.000   0.000   0.000 |   -6.072  -7.289   1.370
 396B   0.00000010 0.11 -0.164 -1265.357068  156.0   5.172   5.028 |    0.000   0.000   0.000   0.000 |   -6.072  -7.289   1.533
 397B   0.00000014 0.10 -0.164 -1265.357068  156.0   5.172   5.028 |    0.000   0.000   0.000   0.000 |   -6.072  -7.289   1.601
 398B   0.00000014 0.11 -0.164 -1265.357068  156.0   5.172   5.028 |    0.000  -0.000   0.000   0.000 |   -6.072  -7.289   1.744
 399B   0.00000011 0.13 -0.164 -1265.357068  156.0   5.172   5.028 |    0.000  -0.000   0.000   0.000 |   -6.072  -7.289   1.951
 400B   0.00000027 0.10 -0.164 -1265.357068  156.0   5.172   5.028 |    0.000  -0.000   0.000   0.000 |   -6.072  -7.289   1.921
 401B   0.00000007 0.11 -0.164 -1265.357068  156.0   5.172   5.028 |    0.000   0.000   0.000   0.000 |   -6.072  -7.289   0.000
  ----------------------------------------------------------------------------------------------------------------------------------
  *   iterations limit interrupt after 401 steps   si=     0.0000000693 ho= -1 tho=  0
  ----------------------------------------------------------------------------------------------------------------------------------
  Total CPU time=  14.412 minutes

  Writing to wel_file: s092_064.hel
 __________________________________  
  The tape s092_064.hel recorded:     
  nucname,npr,ngh,ngl,n00,nb,nt      
  b0,beta0,si,etot,rms,bet,xmix      
  pairing:     CpV0,CpV1,pwi         
  delta:       del,ept               
  lambda:      ala,ala2,alast,tz     
  asymptotic:  varmas,ass,skass      
  ntx,nb,nhhdim,id,N_rz,n_r,n_z      
  Omega2,Sigma2,Parity,Lambda        
  matrices(inbro):    hh,de          
  *all blocking candidates           
 __________________________________  


  NB! From expect (UNPROJECTED RESULTS)

  pairing: CpV0,CpV1,...           0.100000       0.100000       1.000000       1.000000
  forces:   UNE1                          


                             neutrons         protons         total
  Requested part.numbs.      92.000000      64.000000     156.000000
  UnPj(av) part.numbs .      92.000000      64.000000     156.000000
  b0, bz, bp ..........       2.130153       2.136882       2.126796

  lambda (ala) ........      -6.071910      -7.288828
  Lambda (alast) ......      -6.071910      -7.288828
  delta(n,p), pwi .....       0.000000      -0.000000      60.000000
  pairing energy ......       0.000000       0.000000       0.000000

  rms-radius ..........       5.172176       5.027587       5.113352
  charge-radius, r0 ...                      5.090838       6.459855
  deformation beta2....      -0.158653      -0.172017      -0.163953
  dipole moment[fm] ...       0.000000       0.000000       0.000000
  quadrupole moment[b]       -4.925986      -3.510586      -8.436572
  octupole moment .....       0.000000       0.000000       0.000000
  hexadecapole moment .       0.288721       0.176130       0.464851
  q5 ..................       0.000000       0.000000       0.000000
  q6 ..................      -0.043388      -0.022219      -0.065607
  q7 ..................       0.000000       0.000000       0.000000
  q8 ..................       0.005511       0.003124       0.008635

  <r^0> [fm^0] ........            1.000000            1.000000            1.000000
  <r^2> [fm^2] ........           26.751400           25.276632           26.146367
  <r^4> [fm^4] ........          936.838213          819.607245          888.743457
  <r^6> [fm^6] ........        38940.771728        31050.502649        35703.738260
  <r^8> [fm^8] ........      1844397.099728      1321502.342840      1629876.173825

  kinetic energy ......    1804.729602    1058.888619    2863.618221
  volume energy .......                                 -4773.747569
        rho_tau .......                                   -83.327815
        rho_rho .......                                 -4690.419754
  surface energy ......                                   162.359058
   rho_DELTA_rho ......                                   162.359058
   (NABLA_rho)^2 ......                                     0.000000
  spin-orbit energy ...                                   -43.071752
        rho_NABLA_J ...                                   -43.071752
        NABLA_rho_J ...                                     0.000000
  coulomb energy ......                                   525.484974
          direct ......                                   549.971124
          exchange ....                                   -24.486151
  tensor energy .......                                     0.000000
  direct Hartree E  ...                                     0.000000
  Extra E .............                                     0.000000
  External field E ....                                     0.000000
  Entropy .............       2.859397       3.770373       6.629770

  tEnergy: ehfb (qp)...                                 -1265.357068

  Calculated but not added corrections 
====================================
  cmc-diagonal part ...       0.000000       0.000000       0.000000
  cmc-hfb .............       0.000000       0.000000       0.000000
  cranking rot corr ...       0.000000       0.000000       0.000000

  SQUJ ................       0.000000       0.000000       0.000000
  CRAN x 4 ............       0.000000       0.000000       0.000000
  Rigit Body ..........       0.000000       0.000000       0.000000


   Blocking candidates are:
   neutron eqpmin=   2.4723605382206415E-002  pwiblo=   2.0016019225635890     
    num=   1 block=  13 state=   1   252 Eqp=   0.02472361  (1-2N)E=  -0.02472361  Ovlp=   0.98362397 13+[ 6, 0, 6]
    num=   2 block=   2 state=   1    37 Eqp=   0.02332340  (1-2N)E=   0.02332340  Ovlp=   0.69419608  1-[ 5, 0, 1]
    num=   3 block=   6 state=   1   147 Eqp=   0.25384639  (1-2N)E=  -0.25384639  Ovlp=   0.74778368  5-[ 5, 0, 3]
    num=   4 block=   4 state=   1    97 Eqp=   0.26409998  (1-2N)E=  -0.26409998  Ovlp=   0.74755304  3-[ 5, 0, 1]
    num=   5 block=   6 state=   2   148 Eqp=   0.26939996  (1-2N)E=   0.26939996  Ovlp=   0.66913084  5-[ 5, 1, 2]
    num=   6 block=   8 state=   1   187 Eqp=   0.46402016  (1-2N)E=   0.46402016  Ovlp=   0.76861274  7-[ 5, 1, 4]
    num=   7 block=   2 state=   2    38 Eqp=   0.67654333  (1-2N)E=   0.67654333  Ovlp=   0.73022423  1-[ 5, 1, 0]
    num=   8 block=   4 state=   2    98 Eqp=   0.79113317  (1-2N)E=   0.79113317  Ovlp=   0.78583421  3-[ 5, 1, 2]
    num=   9 block=  11 state=   1   231 Eqp=   1.01986256  (1-2N)E=   1.01986256  Ovlp=   0.89955074 11+[ 6, 1, 5]
    num=  10 block=  10 state=   1   219 Eqp=   1.15278406  (1-2N)E=  -1.15278406  Ovlp=   0.87716854  9-[ 5, 0, 5]
    num=  11 block=   8 state=   2   188 Eqp=   1.43642078  (1-2N)E=  -1.43642078  Ovlp=   0.73296103  7-[ 5, 0, 3]
    num=  12 block=   9 state=   1   203 Eqp=   1.78259726  (1-2N)E=   1.78259726  Ovlp=   0.70293689  9+[ 6, 2, 4]
    num=  13 block=   4 state=   3    99 Eqp=   1.99059462  (1-2N)E=   1.99059462  Ovlp=   0.59168148  3-[ 5, 2, 1]

   Blocking candidates are:
   proton  eqpmin=   2.0824250949465668E-002  pwiblo=   2.0016019225635890     
    num=   1 block=   1 state=   1     1 Eqp=   0.02082425  (1-2N)E=  -0.02082425  Ovlp=   0.60689822  1+[ 4, 2, 0]
    num=   2 block=   3 state=   1    67 Eqp=   0.03050120  (1-2N)E=  -0.03050120  Ovlp=   0.71453384  3+[ 4, 2, 2]
    num=   3 block=  12 state=   1   243 Eqp=   0.05482314  (1-2N)E=  -0.05482314  Ovlp=   0.96296398 11-[ 5, 0, 5]
    num=   4 block=   5 state=   1   122 Eqp=   0.42978416  (1-2N)E=  -0.42978416  Ovlp=   0.74666000  5+[ 4, 2, 2]
    num=   5 block=   1 state=   2     2 Eqp=   1.04982384  (1-2N)E=  -1.04982384  Ovlp=   0.63231594  1+[ 4, 0, 0]
    num=   6 block=  10 state=   1   219 Eqp=   1.22692456  (1-2N)E=   1.22692456  Ovlp=   0.83783727  9-[ 5, 1, 4]
    num=   7 block=   3 state=   2    68 Eqp=   1.30464550  (1-2N)E=  -1.30464550  Ovlp=   0.70389444  3+[ 4, 0, 2]
    num=   8 block=   3 state=   3    69 Eqp=   1.70770765  (1-2N)E=   1.70770765  Ovlp=   0.74774596  3+[ 4, 3, 1]
    num=   9 block=   5 state=   2   123 Eqp=   1.78536461  (1-2N)E=  -1.78536461  Ovlp=   0.64258726  5+[ 4, 1, 3]
    num=  10 block=   1 state=   3     3 Eqp=   1.83133664  (1-2N)E=   1.83133664  Ovlp=   0.75487230  1+[ 4, 3, 1]
    num=  11 block=   8 state=   1   187 Eqp=   1.90707601  (1-2N)E=   1.90707601  Ovlp=   0.64683305  7-[ 5, 2, 3]



 HFBTHO_SOLVER ended without errors

