
  =======================================
           FORTRAN 95 CODE (KIND= 8) 
               Version: 200d  
  =======================================
       AXIALLY DEFORMED CONFIGURATIONAL  
     HARTREE-FOCK-BOGOLIUBOV CALCULATIONS
                     WITH                
            UNEDF AND DELTA PAIRING      
                     USING               
             HARMONIC-OSCILLATOR         
                   AND/OR                
       TRANSFORMED HARMONIC-OSCILLATOR   
                    BASIS                
                     ---                 
               v1.66  (2005):,           
   Stoitsov,Dobaczewski,Nazarewicz,Ring, 
               v2.00d (2012):,           
         Stoitsov,Schunck,Kortelainen    
  =======================================
    Nucleus: GD (A= 156, N= 92, Z= 64)
       Reflection Symmetry Imposed       
            (10/14/2022,  7:25)                               
  =======================================


  ---------------------------------------
           UNEDF Module Version:17
         M.Kortelainen & M.Stoitsov 
  ---------------------------------------

  UNE1 functional
  ----------------------------------
  Crho(0)=   -783.021388898956161    ; Crho(1)=    258.815698695494689    
  CDrho(0)=   887.719711837183809    ; CDrho(1)=  -159.899245140228402    
  Ctau(0)=   0.890963597917198147    ; Ctau(1)=   -31.6722952398051838    
  CrDr(0)=   -44.6512031142939563    ; CrDr(1)=   -156.347688001779346    
  CrdJ(0)=   -75.9489030827146081    ; CrdJ(1)=   -38.8121640138773429    
  CJ(0)=      0.00000000000000000    ; CJ(1)=      0.00000000000000000    
  CpV0(0)=   0.100000000000000006    ; CpV0(1)=   0.100000000000000006    
  CpV1(0)=    1.00000000000000000    ; CpV1(1)=    1.00000000000000000    
  sigma=     0.266068213774377893    ; hbzero=     20.7355300000000007    
  e^2 chrg=   1.43997840859651305    ; CExPar=     1.00000000000000000    
  c.m. correction: F, chr. density in direct Coul: F
  use tensor terms: F
  use TMR pairing:  0

  Coupling constants in natural units
  -----------------------------------
  Crho_nu(0)=  -0.881775984943413138    ; Crho_nu(1)=   0.291457514279328922    
  CDrho_nu(0)=  0.938363378944899185    ; CDrho_nu(1)= -0.169021363342265057    
  Ctau_nu(0)=   0.126295102965576968E-01; Ctau_nu(1)=  -0.448958385933865611    
  CrDr_nu(0)=  -0.632935880662178207    ; CrDr_nu(1)=   -2.21624625302028555    
  CrdJ_nu(0)=   -1.07658433603540993    ; CrdJ_nu(1)=  -0.550166837557492294    
  CJ_nu(0)=      0.00000000000000000    ; CJ_nu(1)=      0.00000000000000000    
  CpV0_nu(0)=   0.112611992142809880E-03; CpV0_nu(1)=   0.112611992142809880E-03
  CpV1_nu(0)=   0.887702254206059068E-03; CpV1_nu(1)=   0.887702254206059068E-03
  fpi_nu=        93.0000000000000000    ; Lambda_nu=     700.000000000000000    

  Nuclear matter properties
  ----------------------------------
      E_NM=     -15.7999999999999527      K_NM=     219.9999999999990905
      P_NM=      -0.0000000000000004    RHO_NM=       0.1590914250004099
    ASS_NM=      28.9764153778673865   LASS_NM=      44.5710272810409265
  SMASS_NM=       1.0068358353230489  VMASS_NM=       1.2498385742322693

  Associated (t,x)-coupling constants
  -----------------------------------
  t0=      -2088.05703706388294    ; x0=      -0.419802888252934769E-02
  t1=       239.327701406790680    ; x1=       -5.46155232576404170    
  t2=       1686.51113838618880    ; x2=       -1.35431708256120520    
  t3=       14203.5153893949409    ; x3=      -0.229814642491195265    
  b4=       37.1367390688372652    ; b4p=       77.6243280277546859    
  te=      -503.835504586357786    ; to=       -214.398817190478184    
  sigma=   0.266068213774377893    ; hbzero=    20.7355300000000007    

  ---------------------------------------
        Characteristics of the run       
  ---------------------------------------
  Output file ................:     7
  Nucleus ....................:   GD 156
  Number of HO shells ........:     8
  HO length b0 (fm) ..........:     2.13015292605643
  Basis deformation ..........:  beta0=   0.010 q=   1.010
  HO: b0,1/b0,bp,bz,q ........:   0.21301529E+01  0.46944986E+00  0.21267964E+01  0.21368819E+01  0.10095067E+01
  h**2/(2m), cmc, e**2 .......:   0.20735530E+02  0.20735530E+02  0.14399784E+01
  hom=f*41.0_pr*A^{-1/3}, f...:   0.91395238E+01  0.12000000E+01
  THO basis is ...............:  OFF
  Maximal number of iterations:   400
  Initial mixing parameter ...:  0.300
  Initial w.f. ...............:  from   spherical scratch
  Skyrme functional ..........:    UNE1                          
    with direct and exchange Coulomb
  Lipkin-Nogami procedure is .:  OFF
  PAV procedure is ...........:  OFF
  Constraint calculation is ..:   ON
    Constraint 1 .............: lambda=2 Ql=  16.873
  Temperature T ..............:   0.05 MeV
  Restart indicator ..........:   1
  Broyden mixing (#iterations):   7

  ---------------------------------------
        Harmonic Oscillator Basis        
  ---------------------------------------
  NUV, NQP:                        2501     165
  Comparison with bookkeeping spherical basis:
  n00:                                8       8  Maximal number of shells
  nbx, 2*n00+1:                      17      17  Maximal number of K-blocks
  ntx, (n00+1)*(n00+2)*(n00+3)/6    165     165  Max.num. p/n levels
  nzx, n00:                           8       8  Maximal nz-quantum number
  nrx, n00/2  :                       4       4  Maximal nr-quantum number
  nlx, n00:                           8       8  Maximal ml-quantum number
  ndx, (n00+2)*(n00+2)/4:            25      25  Maximal dim. of one k-block

  Actual basis used
  Number of blocks: nb .......:   17
  Number of levels: nt .......:  165
  Maximal 2*omega : nom ......:   17
  Maximal nz:       nzm ......:    8
  Maximal nr:       nrm ......:    4
  Maximal ml:       nlm ......:    8
  Maximal N=nz+2*nr+nl .......:    8
  2 x biggest block dim. .....:   50
  Non-zero elements of h .....:     1333
  Number of Broyden elements .:     5332

  ---------------------------------------
            Integration Meshes           
  ---------------------------------------
  Number of Gauss-Hermite mesh points ngh ....:  40
  Number of Gauss-Laguerre mesh points ngl ...:  40
  Number of Gauss-Legendre mesh points nleg ..:  80
  Integration boundaries
    Hermite  - from xh(1)  =  0.12379686 to xh(ngh)   = 11.88786356
    Laguerre - From xl(1)  =  0.03570039 to xl(ngl)   =142.28004447
    Legendre - From xleg(1)=  0.00978669 to xleg(nleg)=  0.99988775
  Max.dev.in:     Orthogonality            Normalization
  Hermite     1.5248282503475657E-015   1.0991207943789050E-014
  Laguerre    4.2896485016951012E-015   8.9928064994637680E-015

  Scratch initialization for the nucleus: GD  92  64


  Initial potentials of Saxon-Woods shape 
  v0ws   =  -71.27999878
  kappa  =    0.46160001
  vs0    =   11.11750031   11.11750031
  r0     =    1.23339999    1.23339999
  a      =    0.61500001    0.61500001
  r0-so  =    1.14429998    1.14429998
  a-so   =    0.64760000    0.64760000
  beta00 =    0.01000000

  ### REGULAR STAGE (reflection symmetry imposed)
  |HFB+HO> iterations(b0=  2.130, Nsh=  8, inin=  1, N= 92, Z= 64)...
  ----------------------------------------------------------------------------------------------------------------------------------
  i          si     mix   beta      Etot       A       rn      rp         En      Dn      Ep      Dp        Ln      Lp     time
  ----------------------------------------------------------------------------------------------------------------------------------
   1L  69.94764065 0.30  0.010     0.000000    0.0   0.000   0.000 |   -2.000   1.000  -2.000   1.000 |   -7.000  -7.000   0.000
   2B  41.08897144 0.10  0.017 -1050.349208  156.0   4.802   4.555 |    0.000  -0.000   0.000   0.000 |  -14.068 -26.543  22.125
   3B  19.81489557 0.11  0.196 -1084.344173  156.0   5.006   4.941 |    0.000  -0.000   0.000  -0.000 |   -6.398 -10.892   1.055
   4B  24.52160478 0.10  0.389  -832.703379  156.0   5.269   4.980 |    0.000  -0.000   0.000  -0.000 |   -7.534  -8.529   0.942
   5B   6.39177498 0.11  0.460 -1215.749125  156.0   5.304   5.202 |    0.000  -0.000   0.000  -0.000 |   -7.484  -8.037   1.346
   6B  10.01137846 0.10  0.499 -1208.871988  156.0   5.334   5.245 |    0.000  -0.000   0.000  -0.000 |   -7.109  -7.915   0.869
   7B   8.11800593 0.11  0.523 -1223.358087  156.0   5.358   5.279 |    0.000  -0.000   0.000  -0.000 |   -7.188  -8.020   0.768
   8B   7.08675734 0.13  0.520 -1234.042420  156.0   5.366   5.254 |    0.000  -0.000   0.000  -0.000 |   -6.630  -7.616   0.615
   9B   3.30524366 0.14  0.475 -1244.214178  156.0   5.324   5.235 |    0.000  -0.000   0.000  -0.000 |   -6.473  -7.394   0.576
  10B   2.87007696 0.16  0.485 -1244.685175  156.0   5.326   5.232 |    0.000  -0.000   0.000  -0.000 |   -6.558  -7.395   0.621
  11B   4.41514714 0.10  0.473 -1242.850370  156.0   5.321   5.224 |    0.000  -0.000   0.000  -0.000 |   -6.424  -7.205   0.705
  12B   3.57394141 0.11  0.465 -1250.297010  156.0   5.318   5.222 |    0.000  -0.000   0.000  -0.000 |   -6.449  -7.142   0.593
  13L   4.78397044 0.10  0.449 -1254.569011  156.0   5.304   5.206 |    0.000  -0.000   0.000  -0.000 |   -6.561  -7.170   0.649
  14L   3.58139368 0.11  0.426 -1255.373587  156.0   5.287   5.177 |    0.000  -0.000   0.000  -0.000 |   -6.721  -7.176   0.632
  15L   4.05225344 0.10  0.392 -1253.911614  156.0   5.252   5.152 |    0.000  -0.000   0.000  -0.000 |   -6.803  -7.294   0.649
  16L   5.28667757 0.10  0.372 -1251.685666  156.0   5.244   5.126 |    0.000  -0.000   0.000  -0.000 |   -6.693  -7.134   0.721
  17L   6.97531689 0.10  0.348 -1245.492351  156.0   5.227   5.101 |    0.000  -0.000   0.000  -0.000 |   -6.539  -7.119   0.690
  18B   8.52753444 0.10  0.329 -1237.938776  156.0   5.211   5.101 |    0.000  -0.000   0.000  -0.000 |   -6.364  -6.949   0.815
  19B   2.31010510 0.11  0.336 -1262.758042  156.0   5.210   5.114 |    0.000  -0.000   0.000  -0.000 |   -6.598  -7.206   0.742
  20B   2.01634905 0.13  0.302 -1265.705024  156.0   5.194   5.089 |    0.000   0.000   0.000   0.000 |   -6.651  -7.020   0.615
  21B   2.05569111 0.10  0.283 -1266.684196  156.0   5.188   5.079 |    0.000  -0.000   0.000  -0.000 |   -6.643  -7.055   0.904
  22B   1.83322667 0.11  0.270 -1268.699776  156.0   5.188   5.068 |    0.000   0.000   0.000   0.000 |   -6.603  -7.096   1.155
  23B   1.89121124 0.10  0.272 -1269.615220  156.0   5.186   5.070 |    0.000   0.000   0.000   0.000 |   -6.726  -7.154   0.659
  24B   1.33550341 0.11  0.293 -1268.788356  156.0   5.203   5.079 |    0.000  -0.000   0.000  -0.000 |   -6.953  -7.230   0.804
  25B   1.17316866 0.13  0.290 -1269.428301  156.0   5.200   5.078 |    0.000  -0.000   0.000  -0.000 |   -6.938  -7.198   0.977
  26B   1.12001360 0.14  0.293 -1269.426971  156.0   5.203   5.080 |    0.000  -0.000   0.000  -0.000 |   -7.043  -7.269   0.698
  27B   0.80711211 0.16  0.325 -1267.340682  156.0   5.217   5.098 |    0.000  -0.000   0.000  -0.000 |   -7.081  -7.361   0.720
  28B   0.88980696 0.10  0.302 -1268.566932  156.0   5.206   5.089 |    0.000  -0.000   0.000  -0.000 |   -7.045  -7.317   0.804
  29B   0.74520798 0.11  0.314 -1268.320198  156.0   5.210   5.099 |    0.000  -0.000   0.000  -0.000 |   -7.059  -7.332   0.621
  30B   0.19992953 0.13  0.325 -1268.178651  156.0   5.216   5.105 |    0.000  -0.000   0.000  -0.000 |   -7.026  -7.376   0.772
  31B   0.13248101 0.14  0.325 -1268.217582  156.0   5.217   5.102 |    0.000  -0.000   0.000  -0.000 |   -7.026  -7.370   0.610
  32B   0.26554040 0.10  0.321 -1268.424471  156.0   5.215   5.100 |    0.000  -0.000   0.000  -0.000 |   -7.021  -7.349   0.797
  33B   0.14037118 0.11  0.322 -1268.386342  156.0   5.215   5.101 |    0.000  -0.000   0.000  -0.000 |   -7.020  -7.350   0.929
  34B   0.13731021 0.13  0.321 -1268.405157  156.0   5.215   5.101 |    0.000  -0.000   0.000  -0.000 |   -7.025  -7.348   0.695
  35B   0.16158230 0.10  0.320 -1268.472373  156.0   5.214   5.100 |    0.000  -0.000   0.000  -0.000 |   -7.031  -7.333   0.732
  36B   0.09217833 0.11  0.321 -1268.485856  156.0   5.213   5.099 |    0.000   0.000   0.000   0.000 |   -7.028  -7.315   0.597
  37B   0.10361550 0.10  0.319 -1268.608705  156.0   5.212   5.097 |    0.000   0.000   0.000   0.000 |   -7.039  -7.302   0.645
  38B   0.08639096 0.11  0.319 -1268.618239  156.0   5.211   5.097 |    0.000   0.000   0.000   0.000 |   -7.044  -7.296   0.694
  39B   0.07817195 0.13  0.319 -1268.602258  156.0   5.211   5.098 |    0.000   0.000   0.000   0.000 |   -7.045  -7.295   0.934
  40B   0.07520320 0.14  0.319 -1268.598392  156.0   5.211   5.097 |    0.000   0.000   0.000   0.000 |   -7.046  -7.296   0.563
  41B   0.06536597 0.16  0.320 -1268.513846  156.0   5.212   5.099 |    0.000   0.000   0.000   0.000 |   -7.044  -7.308   0.641
  42B   0.03428144 0.18  0.320 -1268.519795  156.0   5.212   5.099 |    0.000   0.000   0.000   0.000 |   -7.039  -7.309   0.679
  43B   0.02445324 0.21  0.321 -1268.496368  156.0   5.213   5.099 |    0.000   0.000   0.000   0.000 |   -7.036  -7.310   0.552
  44B   0.02122112 0.24  0.321 -1268.486189  156.0   5.213   5.099 |    0.000   0.000   0.000   0.000 |   -7.035  -7.312   0.643
  45B   0.01685261 0.27  0.321 -1268.448863  156.0   5.213   5.099 |    0.000  -0.000   0.000  -0.000 |   -7.032  -7.312   0.606
  46B   0.01579043 0.30  0.321 -1268.460667  156.0   5.213   5.099 |    0.000   0.000   0.000   0.000 |   -7.032  -7.309   0.668
  47B   0.01440934 0.34  0.321 -1268.463202  156.0   5.213   5.099 |    0.000   0.000   0.000   0.000 |   -7.031  -7.309   0.727
  48B   0.00972038 0.38  0.321 -1268.458078  156.0   5.213   5.099 |    0.000   0.000   0.000   0.000 |   -7.030  -7.307   0.633
  49B   0.02955299 0.10  0.321 -1268.455910  156.0   5.213   5.099 |    0.000   0.000   0.000   0.000 |   -7.029  -7.305   0.763
  50B   0.00568267 0.11  0.321 -1268.455153  156.0   5.213   5.099 |    0.000   0.000   0.000   0.000 |   -7.029  -7.306   0.952
  51B   0.00571001 0.10  0.321 -1268.459495  156.0   5.213   5.099 |    0.000   0.000   0.000   0.000 |   -7.029  -7.306   0.776
  52B   0.00491815 0.11  0.321 -1268.460635  156.0   5.213   5.099 |    0.000   0.000   0.000   0.000 |   -7.029  -7.305   0.564
  53B   0.00399690 0.13  0.321 -1268.461579  156.0   5.213   5.099 |    0.000   0.000   0.000   0.000 |   -7.029  -7.305   0.735
  54B   0.00314258 0.14  0.321 -1268.462981  156.0   5.213   5.099 |    0.000  -0.000   0.000  -0.000 |   -7.029  -7.304   0.817
  55B   0.00251966 0.16  0.321 -1268.462976  156.0   5.213   5.099 |    0.000  -0.000   0.000  -0.000 |   -7.029  -7.303   0.852
  56B   0.00202980 0.18  0.321 -1268.462399  156.0   5.213   5.099 |    0.000   0.000   0.000   0.000 |   -7.030  -7.304   0.765
  57B   0.00181259 0.21  0.321 -1268.461396  156.0   5.213   5.099 |    0.000  -0.000   0.000  -0.000 |   -7.030  -7.304   0.912
  58B   0.00176014 0.24  0.321 -1268.461869  156.0   5.213   5.099 |    0.000  -0.000   0.000  -0.000 |   -7.030  -7.304   0.809
  59B   0.00269769 0.10  0.321 -1268.459857  156.0   5.213   5.099 |    0.000   0.000   0.000   0.000 |   -7.030  -7.304   0.740
  60B   0.00114727 0.11  0.321 -1268.460482  156.0   5.213   5.099 |    0.000  -0.000   0.000  -0.000 |   -7.029  -7.304   0.744
  61B   0.00089251 0.13  0.321 -1268.459664  156.0   5.213   5.099 |    0.000  -0.000   0.000  -0.000 |   -7.029  -7.304   0.764
  62B   0.00123613 0.10  0.321 -1268.459243  156.0   5.213   5.099 |    0.000  -0.000   0.000  -0.000 |   -7.029  -7.304   0.698
  63B   0.00079476 0.11  0.321 -1268.458540  156.0   5.213   5.099 |    0.000  -0.000   0.000  -0.000 |   -7.029  -7.304   0.716
  64B   0.00045912 0.13  0.321 -1268.457741  156.0   5.213   5.099 |    0.000  -0.000   0.000  -0.000 |   -7.029  -7.304   0.872
  65B   0.00053169 0.10  0.321 -1268.458279  156.0   5.213   5.099 |    0.000  -0.000   0.000  -0.000 |   -7.029  -7.304   0.759
  66B   0.00037473 0.11  0.321 -1268.458295  156.0   5.213   5.099 |    0.000  -0.000   0.000  -0.000 |   -7.029  -7.304   0.703
  67B   0.00033949 0.13  0.321 -1268.458078  156.0   5.213   5.099 |    0.000  -0.000   0.000  -0.000 |   -7.029  -7.304   0.591
  68B   0.00038095 0.10  0.321 -1268.458365  156.0   5.213   5.099 |    0.000  -0.000   0.000  -0.000 |   -7.029  -7.304   0.650
  69B   0.00021256 0.11  0.321 -1268.458234  156.0   5.213   5.099 |    0.000  -0.000   0.000  -0.000 |   -7.029  -7.304   0.827
  70B   0.00018352 0.13  0.321 -1268.458381  156.0   5.213   5.099 |    0.000  -0.000   0.000  -0.000 |   -7.029  -7.304   0.668
  71B   0.00023126 0.10  0.321 -1268.458448  156.0   5.213   5.099 |    0.000  -0.000   0.000  -0.000 |   -7.029  -7.304   0.631
  72B   0.00022617 0.11  0.321 -1268.458463  156.0   5.213   5.099 |    0.000  -0.000   0.000  -0.000 |   -7.029  -7.304   0.715
  73B   0.00017542 0.13  0.321 -1268.458470  156.0   5.213   5.099 |    0.000  -0.000   0.000  -0.000 |   -7.029  -7.304   0.603
  74B   0.00028705 0.10  0.321 -1268.458660  156.0   5.213   5.099 |    0.000   0.000   0.000   0.000 |   -7.029  -7.304   0.649
  75B   0.00023318 0.11  0.321 -1268.458759  156.0   5.213   5.099 |    0.000   0.000   0.000   0.000 |   -7.029  -7.304   0.699
  76B   0.00029361 0.10  0.321 -1268.458825  156.0   5.213   5.099 |    0.000   0.000   0.000   0.000 |   -7.029  -7.304   0.760
  77B   0.00017621 0.11  0.321 -1268.458883  156.0   5.213   5.099 |    0.000   0.000   0.000   0.000 |   -7.029  -7.304   0.707
  78B   0.00015444 0.13  0.321 -1268.458838  156.0   5.213   5.099 |    0.000   0.000   0.000   0.000 |   -7.029  -7.304   0.856
  79B   0.00013058 0.14  0.321 -1268.458754  156.0   5.213   5.099 |    0.000   0.000   0.000   0.000 |   -7.029  -7.304   1.130
  80B   0.00011091 0.16  0.321 -1268.458729  156.0   5.213   5.099 |    0.000   0.000   0.000   0.000 |   -7.029  -7.304   1.017
  81B   0.00007015 0.18  0.321 -1268.458608  156.0   5.213   5.099 |    0.000  -0.000   0.000  -0.000 |   -7.029  -7.304   0.941
  82B   0.00004854 0.21  0.321 -1268.458517  156.0   5.213   5.099 |    0.000  -0.000   0.000  -0.000 |   -7.029  -7.304   0.881
  83B   0.00005638 0.10  0.321 -1268.458526  156.0   5.213   5.099 |    0.000  -0.000   0.000  -0.000 |   -7.029  -7.304   0.680
  84B   0.00006582 0.10  0.321 -1268.458560  156.0   5.213   5.099 |    0.000  -0.000   0.000  -0.000 |   -7.029  -7.304   0.738
  85B   0.00004228 0.11  0.321 -1268.458526  156.0   5.213   5.099 |    0.000  -0.000   0.000  -0.000 |   -7.029  -7.304   0.979
  86B   0.00002969 0.13  0.321 -1268.458514  156.0   5.213   5.099 |    0.000   0.000   0.000   0.000 |   -7.029  -7.304   1.017
  87B   0.00003922 0.10  0.321 -1268.458516  156.0   5.213   5.099 |    0.000  -0.000   0.000  -0.000 |   -7.029  -7.304   0.965
  88B   0.00004772 0.10  0.321 -1268.458547  156.0   5.213   5.099 |    0.000  -0.000   0.000  -0.000 |   -7.029  -7.304   1.079
  89B   0.00004321 0.11  0.321 -1268.458578  156.0   5.213   5.099 |    0.000   0.000   0.000   0.000 |   -7.029  -7.304   0.807
  90B   0.00003592 0.13  0.321 -1268.458550  156.0   5.213   5.099 |    0.000   0.000   0.000   0.000 |   -7.029  -7.304   0.994
  91B   0.00003612 0.10  0.321 -1268.458587  156.0   5.213   5.099 |    0.000   0.000   0.000   0.000 |   -7.029  -7.304   0.842
  92B   0.00003249 0.11  0.321 -1268.458599  156.0   5.213   5.099 |    0.000   0.000   0.000   0.000 |   -7.029  -7.304   0.599
  93B   0.00003353 0.10  0.321 -1268.458587  156.0   5.213   5.099 |    0.000   0.000   0.000   0.000 |   -7.029  -7.304   0.746
  94B   0.00002236 0.11  0.321 -1268.458589  156.0   5.213   5.099 |    0.000   0.000   0.000   0.000 |   -7.029  -7.304   0.714
  95B   0.00002797 0.10  0.321 -1268.458544  156.0   5.213   5.099 |    0.000  -0.000   0.000  -0.000 |   -7.029  -7.304   0.770
  96B   0.00002379 0.11  0.321 -1268.458567  156.0   5.213   5.099 |    0.000  -0.000   0.000  -0.000 |   -7.029  -7.304   0.787
  97B   0.00001080 0.13  0.321 -1268.458568  156.0   5.213   5.099 |    0.000  -0.000   0.000  -0.000 |   -7.029  -7.304   0.790
  98B   0.00000728 0.14  0.321 -1268.458556  156.0   5.213   5.099 |    0.000  -0.000   0.000  -0.000 |   -7.029  -7.304   0.848
  99B   0.00000307 0.16  0.321 -1268.458544  156.0   5.213   5.099 |    0.000  -0.000   0.000  -0.000 |   -7.029  -7.304   0.842
 100B   0.00000342 0.10  0.321 -1268.458542  156.0   5.213   5.099 |    0.000  -0.000   0.000  -0.000 |   -7.029  -7.304   0.603
 101B   0.00000335 0.11  0.321 -1268.458545  156.0   5.213   5.099 |    0.000  -0.000   0.000  -0.000 |   -7.029  -7.304   0.787
 102B   0.00000374 0.10  0.321 -1268.458550  156.0   5.213   5.099 |    0.000  -0.000   0.000  -0.000 |   -7.029  -7.304   0.633
 103B   0.00000449 0.10  0.321 -1268.458549  156.0   5.213   5.099 |    0.000  -0.000   0.000  -0.000 |   -7.029  -7.304   0.582
 104B   0.00000321 0.11  0.321 -1268.458546  156.0   5.213   5.099 |    0.000  -0.000   0.000  -0.000 |   -7.029  -7.304   0.527
 105B   0.00000290 0.13  0.321 -1268.458550  156.0   5.213   5.099 |    0.000  -0.000   0.000  -0.000 |   -7.029  -7.304   0.652
 106B   0.00000149 0.14  0.321 -1268.458551  156.0   5.213   5.099 |    0.000  -0.000   0.000  -0.000 |   -7.029  -7.304   0.603
 107B   0.00000130 0.16  0.321 -1268.458551  156.0   5.213   5.099 |    0.000  -0.000   0.000  -0.000 |   -7.029  -7.304   0.889
 108B   0.00000138 0.10  0.321 -1268.458551  156.0   5.213   5.099 |    0.000  -0.000   0.000  -0.000 |   -7.029  -7.304   1.194
 109B   0.00000081 0.11  0.321 -1268.458550  156.0   5.213   5.099 |    0.000   0.000   0.000  -0.000 |   -7.029  -7.304   0.983
 110B   0.00000080 0.13  0.321 -1268.458549  156.0   5.213   5.099 |    0.000   0.000   0.000  -0.000 |   -7.029  -7.304   0.847
 111B   0.00000043 0.14  0.321 -1268.458549  156.0   5.213   5.099 |    0.000   0.000   0.000  -0.000 |   -7.029  -7.304   0.689
 112B   0.00000030 0.16  0.321 -1268.458549  156.0   5.213   5.099 |    0.000   0.000   0.000  -0.000 |   -7.029  -7.304   0.836
 113B   0.00000108 0.10  0.321 -1268.458548  156.0   5.213   5.099 |    0.000   0.000   0.000  -0.000 |   -7.029  -7.304   0.895
 114B   0.00000027 0.11  0.321 -1268.458548  156.0   5.213   5.099 |    0.000   0.000   0.000  -0.000 |   -7.029  -7.304   0.797
 115B   0.00000018 0.13  0.321 -1268.458548  156.0   5.213   5.099 |    0.000   0.000   0.000   0.000 |   -7.029  -7.304   0.665
 116B   0.00000010 0.14  0.321 -1268.458548  156.0   5.213   5.099 |    0.000   0.000   0.000  -0.000 |   -7.029  -7.304   0.667
 117B   0.00000013 0.10  0.321 -1268.458548  156.0   5.213   5.099 |    0.000  -0.000   0.000   0.000 |   -7.029  -7.304   0.951
 118B   0.00000012 0.11  0.321 -1268.458548  156.0   5.213   5.099 |    0.000   0.000   0.000  -0.000 |   -7.029  -7.304   0.963
 119B   0.00000006 0.13  0.321 -1268.458548  156.0   5.213   5.099 |    0.000   0.000   0.000  -0.000 |   -7.029  -7.304   0.776
 120B   0.00000011 0.10  0.321 -1268.458548  156.0   5.213   5.099 |    0.000   0.000   0.000  -0.000 |   -7.029  -7.304   0.555
 121B   0.00000005 0.11  0.321 -1268.458548  156.0   5.213   5.099 |    0.000   0.000   0.000  -0.000 |   -7.029  -7.304   0.897
 122B   0.00000008 0.10  0.321 -1268.458548  156.0   5.213   5.099 |    0.000   0.000   0.000   0.000 |   -7.029  -7.304   0.847
 123B   0.00000005 0.11  0.321 -1268.458548  156.0   5.213   5.099 |    0.000   0.000   0.000   0.000 |   -7.029  -7.304   0.700
 124B   0.00000006 0.10  0.321 -1268.458548  156.0   5.213   5.099 |    0.000  -0.000   0.000  -0.000 |   -7.029  -7.304   0.873
 125B   0.00000004 0.11  0.321 -1268.458548  156.0   5.213   5.099 |    0.000  -0.000   0.000   0.000 |   -7.029  -7.304   0.556
 126B   0.00000003 0.13  0.321 -1268.458548  156.0   5.213   5.099 |    0.000   0.000   0.000  -0.000 |   -7.029  -7.304   0.826
 127B   0.00000002 0.14  0.321 -1268.458548  156.0   5.213   5.099 |    0.000  -0.000   0.000  -0.000 |   -7.029  -7.304   0.639
 128B   0.00000002 0.16  0.321 -1268.458548  156.0   5.213   5.099 |    0.000   0.000   0.000  -0.000 |   -7.029  -7.304   0.670
 129B   0.00000002 0.18  0.321 -1268.458548  156.0   5.213   5.099 |    0.000   0.000   0.000  -0.000 |   -7.029  -7.304   1.165
 130B   0.00000001 0.21  0.321 -1268.458548  156.0   5.213   5.099 |    0.000  -0.000   0.000   0.000 |   -7.029  -7.304   0.855
 131B   0.00000001 0.10  0.321 -1268.458548  156.0   5.213   5.099 |    0.000   0.000   0.000   0.000 |   -7.029  -7.304   1.018
 132B   0.00000002 0.10  0.321 -1268.458548  156.0   5.213   5.099 |    0.000  -0.000   0.000  -0.000 |   -7.029  -7.304   1.415
 133B   0.00000001 0.11  0.321 -1268.458548  156.0   5.213   5.099 |    0.000   0.000   0.000  -0.000 |   -7.029  -7.304   0.776
 134B   0.00000001 0.13  0.321 -1268.458548  156.0   5.213   5.099 |    0.000  -0.000   0.000  -0.000 |   -7.029  -7.304   1.034
 135B   0.00000001 0.10  0.321 -1268.458548  156.0   5.213   5.099 |    0.000   0.000   0.000  -0.000 |   -7.029  -7.304   0.701
 136B   0.00000001 0.10  0.321 -1268.458548  156.0   5.213   5.099 |    0.000   0.000   0.000  -0.000 |   -7.029  -7.304   0.676
 137B   0.00000001 0.10  0.321 -1268.458548  156.0   5.213   5.099 |    0.000  -0.000   0.000  -0.000 |   -7.029  -7.304   1.340
 138B   0.00000001 0.10  0.321 -1268.458548  156.0   5.213   5.099 |    0.000  -0.000   0.000  -0.000 |   -7.029  -7.304   0.880
 139B   0.00000001 0.11  0.321 -1268.458548  156.0   5.213   5.099 |    0.000  -0.000   0.000  -0.000 |   -7.029  -7.304   1.078
 140B   0.00000001 0.10  0.321 -1268.458548  156.0   5.213   5.099 |    0.000   0.000   0.000  -0.000 |   -7.029  -7.304   0.755
 141B   0.00000000 0.11  0.321 -1268.458548  156.0   5.213   5.099 |    0.000   0.000   0.000   0.000 |   -7.029  -7.304   0.660
 142B   0.00000000 0.13  0.321 -1268.458548  156.0   5.213   5.099 |    0.000   0.000   0.000  -0.000 |   -7.029  -7.304   0.620
 143B   0.00000000 0.10  0.321 -1268.458548  156.0   5.213   5.099 |    0.000   0.000   0.000  -0.000 |   -7.029  -7.304   0.685
 144B   0.00000000 0.10  0.321 -1268.458548  156.0   5.213   5.099 |    0.000   0.000   0.000  -0.000 |   -7.029  -7.304   1.055
 145B   0.00000000 0.11  0.321 -1268.458548  156.0   5.213   5.099 |    0.000   0.000   0.000  -0.000 |   -7.029  -7.304   1.762
 146B   0.00000000 0.13  0.321 -1268.458548  156.0   5.213   5.099 |    0.000   0.000   0.000  -0.000 |   -7.029  -7.304   0.885
 147B   0.00000000 0.14  0.321 -1268.458548  156.0   5.213   5.099 |    0.000   0.000   0.000  -0.000 |   -7.029  -7.304   1.130
 148B   0.00000000 0.16  0.321 -1268.458548  156.0   5.213   5.099 |    0.000   0.000   0.000  -0.000 |   -7.029  -7.304   0.952
  ----------------------------------------------------------------------------------------------------------------------------------
  *   iteration converged   after 148 steps   si=     0.0000000010 ho=  0 tho=  0
  ----------------------------------------------------------------------------------------------------------------------------------
  Total CPU time=   2.317 minutes

  Writing to wel_file: s092_064.hel
 __________________________________  
  The tape s092_064.hel recorded:     
  nucname,npr,ngh,ngl,n00,nb,nt      
  b0,beta0,si,etot,rms,bet,xmix      
  pairing:     CpV0,CpV1,pwi         
  delta:       del,ept               
  lambda:      ala,ala2,alast,tz     
  asymptotic:  varmas,ass,skass      
  ntx,nb,nhhdim,id,N_rz,n_r,n_z      
  Omega2,Sigma2,Parity,Lambda        
  matrices(inbro):    hh,de          
  *all blocking candidates           
 __________________________________  



 #quasiparticle energies neutrons
 --------------------------------
  eqp(k) -> q.p. energy 
  e(k)   -> referent s.p. energy 
  p(k)   -> occ.probability 
  del(k) -> referent s.p. gap 
  fermi energy alast=  -7.0291109454329419     
  #k  block#    eqp(k)     e(k)       (1-2N)E      decay        p(k)        del(k)    overl      labels
   1    1     1.162226   -8.191337   -1.162226    1.257042    1.00000000   0.0000   0.4544  1+[ 6, 4, 0]
   2    1     1.524070   -8.553181   -1.524070    1.284506    1.00000000   0.0000   0.9276  1+[ 4, 0, 0]
   3    1     2.954735   -4.074376    2.954735    1.387782    0.00000000   0.0000   0.5511  1+[ 6, 6, 0]
   4    1     4.886804  -11.915915   -4.886804    1.516129    1.00000000   0.0000   0.8873  1+[ 4, 1, 1]
   5    1     5.115861   -1.913250    5.115861    1.530632    0.00000000   0.0000   0.6715  1+[ 6, 5, 1]
   6    1     7.375464    0.346353    7.375464    1.666950    0.00000000   0.0000   0.6555  1+[ 6, 3, 1]
   7    1     8.595049  -15.624160   -8.595049    1.736084    1.00000000   0.0000   0.7721  1+[ 4, 2, 0]
   8    1     9.787209    2.758098    9.787209    1.801100    0.00000000   0.0000   0.7573  1+[ 6, 2, 0]
   9    1    10.706783  -17.735894  -10.706783    1.849690    1.00000000   0.0000   0.6334  1+[ 4, 3, 1]
  10    1    12.278505    5.249394   12.278505    1.929909    0.00000000   0.0000   0.8997  1+[ 6, 1, 1]
  11    1    14.331125    7.302014   14.331125    2.029904    0.00000000   0.0000   0.9007  1+[ 6, 0, 0]
  12    1    14.468916  -21.498027  -14.468916    2.036440    1.00000000   0.0000   0.5407  1+[ 4, 4, 0]
  13    1    16.078132    9.049021   16.078132    2.111283    0.00000000   0.0000   0.5393  1+[ 8, 6, 0]
  14    1    19.499902  -26.529012  -19.499902    2.262210    1.00000000   0.0000   0.9031  1+[ 2, 0, 0]
  15    1    21.671473   14.642362   21.671473    2.352978    0.00000000   0.0000   0.5104  1+[ 8, 4, 0]
  16    1    22.967301  -29.996412  -22.967301    2.405510    1.00000000   0.0000   0.8820  1+[ 2, 1, 1]
  17    1    23.245197   16.216086   23.245197    2.416627    0.00000000   0.0000   0.7042  1+[ 8, 7, 1]
  18    1    25.368398   18.339287   25.368398    2.499932    0.00000000   0.0000   0.5226  1+[ 8, 2, 0]
  19    1    25.675383  -32.704494  -25.675383    2.511748    1.00000000   0.0000   0.7475  1+[ 2, 2, 0]
  20    1    26.281530   19.252419   26.281530    2.534918    0.00000000   0.0000   0.7219  1+[ 8, 5, 1]
  21    1    27.335915   20.306804   27.335915    2.574724    0.00000000   0.0000   0.6254  1+[ 8, 4, 0]
  22    1    27.988755   20.959644   27.988755    2.599066    0.00000000   0.0000   0.7385  1+[ 8, 3, 1]
  23    1    28.732773   21.703662   28.732773    2.626532    0.00000000   0.0000   0.8975  1+[ 8, 1, 1]
  24    1    30.800451   23.771340   30.800451    2.701395    0.00000000   0.0000   0.8780  1+[ 8, 0, 0]
  25    1    33.287939  -40.317050  -33.287939    2.788796    1.00000000   0.0000   0.9004  1+[ 0, 0, 0]
  26    2     1.245357   -5.783754    1.245357    1.263405    0.00000000   0.0000   0.7733  1-[ 5, 2, 1]
  27    2     1.778836   -8.807947   -1.778836    1.303496    1.00000000   0.0000   0.6412  1-[ 5, 3, 0]
  28    2     3.149666  -10.178776   -3.149666    1.401265    1.00000000   0.0000   0.5818  1-[ 5, 5, 0]
  29    2     3.568002   -3.461109    3.568002    1.429770    0.00000000   0.0000   0.8841  1-[ 5, 1, 0]
  30    2     6.542418   -0.486693    6.542418    1.618031    0.00000000   0.0000   0.9526  1-[ 5, 0, 1]
  31    2     7.822860  -14.851971   -7.822860    1.692640    1.00000000   0.0000   0.4715  1-[ 5, 4, 1]
  32    2     8.694340    1.665229    8.694340    1.741592    0.00000000   0.0000   0.5540  1-[ 7, 5, 0]
  33    2    10.450337  -17.479447  -10.450337    1.836269    1.00000000   0.0000   0.9351  1-[ 3, 0, 1]
  34    2    14.323786    7.294675   14.323786    2.029555    0.00000000   0.0000   0.7153  1-[ 7, 7, 0]
  35    2    14.505439  -21.534550  -14.505439    2.038170    1.00000000   0.0000   0.8707  1-[ 3, 1, 0]
  36    2    15.691524    8.662413   15.691524    2.093547    0.00000000   0.0000   0.7664  1-[ 7, 6, 1]
  37    2    17.108501   10.079390   17.108501    2.157842    0.00000000   0.0000   0.6636  1-[ 7, 5, 0]
  38    2    17.299722  -24.328833  -17.299722    2.166372    1.00000000   0.0000   0.7630  1-[ 3, 2, 1]
  39    2    18.726157   11.697046   18.726157    2.228976    0.00000000   0.0000   0.6773  1-[ 7, 4, 1]
  40    2    20.376289  -27.405399  -20.376289    2.299273    1.00000000   0.0000   0.6348  1-[ 3, 3, 0]
  41    2    20.513845   13.484734   20.513845    2.305036    0.00000000   0.0000   0.8052  1-[ 7, 2, 1]
  42    2    22.089116   15.060005   22.089116    2.370036    0.00000000   0.0000   0.8514  1-[ 7, 1, 0]
  43    2    23.247494   16.218383   23.247494    2.416718    0.00000000   0.0000   0.9429  1-[ 7, 0, 1]
  44    2    27.364701  -34.393812  -27.364701    2.575803    1.00000000   0.0000   0.9363  1-[ 1, 0, 1]
  45    2    30.208139  -37.237250  -30.208139    2.680163    1.00000000   0.0000   0.8691  1-[ 1, 1, 0]
  46    3     0.546062   -7.575173   -0.546062    1.208840    1.00000000   0.0000   0.6053  3+[ 6, 5, 1]
  47    3     1.323615   -8.352725   -1.323615    1.269365    1.00000000   0.0000   0.9496  3+[ 4, 0, 2]
  48    3     5.103491   -1.925620    5.103491    1.529852    0.00000000   0.0000   0.5155  3+[ 6, 3, 1]
  49    3     6.029079  -13.058190   -6.029079    1.587135    1.00000000   0.0000   0.8780  3+[ 4, 1, 1]
  50    3     6.867155   -0.161956    6.867155    1.637274    0.00000000   0.0000   0.6928  3+[ 6, 4, 2]
  51    3     8.423107  -15.452218   -8.423107    1.726505    1.00000000   0.0000   0.8230  3+[ 4, 2, 2]
  52    3    10.180665    3.151554   10.180665    1.822049    0.00000000   0.0000   0.7714  3+[ 6, 2, 2]
  53    3    11.696797    4.667686   11.696797    1.900614    0.00000000   0.0000   0.8564  3+[ 6, 1, 1]
  54    3    13.718909  -20.748020  -13.718909    2.000602    1.00000000   0.0000   0.7319  3+[ 4, 3, 1]
  55    3    14.483101    7.453990   14.483101    2.037112    0.00000000   0.0000   0.9382  3+[ 6, 0, 2]
  56    3    16.348157    9.319046   16.348157    2.123583    0.00000000   0.0000   0.5280  3+[ 8, 5, 1]
  57    3    20.089383  -27.118494  -20.089383    2.287206    1.00000000   0.0000   0.9573  3+[ 2, 0, 2]
  58    3    22.057135   15.028024   22.057135    2.368734    0.00000000   0.0000   0.5657  3+[ 8, 7, 1]
  59    3    24.128366   17.099255   24.128366    2.451622    0.00000000   0.0000   0.7587  3+[ 8, 6, 2]
  60    3    24.298199  -31.327310  -24.298199    2.458295    1.00000000   0.0000   0.8986  3+[ 2, 1, 1]
  61    3    25.642333   18.613222   25.642333    2.510479    0.00000000   0.0000   0.5688  3+[ 8, 5, 1]
  62    3    27.377616   20.348505   27.377616    2.576286    0.00000000   0.0000   0.7646  3+[ 8, 4, 2]
  63    3    28.062165   21.033054   28.062165    2.601789    0.00000000   0.0000   0.6399  3+[ 8, 1, 1]
  64    3    28.580645   21.551534   28.580645    2.620939    0.00000000   0.0000   0.7746  3+[ 8, 2, 2]
  65    3    29.823192   22.794081   29.823192    2.666274    0.00000000   0.0000   0.9469  3+[ 8, 0, 2]
  66    4     0.035257   -6.993854    0.035257    1.167371    0.00000000   0.0000   0.7589  3-[ 5, 2, 1]
  67    4     1.440092   -8.469203   -1.440092    1.278185    1.00000000   0.0000   0.6622  3-[ 5, 3, 2]
  68    4     4.171242   -2.857869    4.171242    1.469902    0.00000000   0.0000   0.8963  3-[ 5, 1, 2]
  69    4     6.050817   -0.978294    6.050817    1.588456    0.00000000   0.0000   0.9388  3-[ 5, 0, 1]
  70    4     7.351549  -14.380660   -7.351549    1.665566    1.00000000   0.0000   0.6679  3-[ 5, 4, 1]
  71    4     9.009492    1.980381    9.009492    1.758959    0.00000000   0.0000   0.5377  3-[ 7, 6, 1]
  72    4    11.299065  -18.328176  -11.299065    1.880321    1.00000000   0.0000   0.9222  3-[ 3, 0, 1]
  73    4    14.684700  -21.713811  -14.684700    2.046635    1.00000000   0.0000   0.9131  3-[ 3, 1, 2]
  74    4    15.053662    8.024551   15.053662    2.063950    0.00000000   0.0000   0.6396  3-[ 7, 6, 1]
  75    4    16.730573    9.701462   16.730573    2.140882    0.00000000   0.0000   0.8087  3-[ 7, 5, 2]
  76    4    18.739317   11.710206   18.739317    2.229546    0.00000000   0.0000   0.5867  3-[ 7, 4, 1]
  77    4    19.405622  -26.434733  -19.405622    2.258187    1.00000000   0.0000   0.8166  3-[ 3, 2, 1]
  78    4    20.017819   12.988708   20.017819    2.284186    0.00000000   0.0000   0.7216  3-[ 7, 3, 2]
  79    4    21.922747   14.893636   21.922747    2.363255    0.00000000   0.0000   0.9248  3-[ 7, 1, 2]
  80    4    22.852544   15.823433   22.852544    2.400904    0.00000000   0.0000   0.9481  3-[ 7, 0, 1]
  81    4    28.115757  -35.144868  -28.115757    2.603775    1.00000000   0.0000   0.9283  3-[ 1, 0, 1]
  82    5     0.306337   -6.722774    0.306337    1.189558    0.00000000   0.0000   0.7517  5+[ 6, 4, 2]
  83    5     3.065893  -10.095004   -3.065893    1.395487    1.00000000   0.0000   0.9386  5+[ 4, 0, 2]
  84    5     5.560795  -12.589906   -5.560795    1.558417    1.00000000   0.0000   0.9266  5+[ 4, 1, 3]
  85    5     7.470712    0.441601    7.470712    1.672452    0.00000000   0.0000   0.6755  5+[ 6, 2, 2]
  86    5     8.944151    1.915040    8.944151    1.755372    0.00000000   0.0000   0.7513  5+[ 6, 3, 3]
  87    5    12.365347  -19.394458  -12.365347    1.934244    1.00000000   0.0000   0.8682  5+[ 4, 2, 2]
  88    5    12.643508    5.614397   12.643508    1.948065    0.00000000   0.0000   0.8875  5+[ 6, 1, 3]
  89    5    13.624551    6.595440   13.624551    1.996048    0.00000000   0.0000   0.9085  5+[ 6, 0, 2]
  90    5    16.890508    9.861397   16.890508    2.148076    0.00000000   0.0000   0.6771  5+[ 8, 6, 2]
  91    5    22.176007  -29.205117  -22.176007    2.373569    1.00000000   0.0000   0.9550  5+[ 2, 0, 2]
  92    5    22.769041   15.739930   22.769041    2.397547    0.00000000   0.0000   0.6013  5+[ 8, 4, 2]
  93    5    25.461090   18.431979   25.461090    2.503506    0.00000000   0.0000   0.7808  5+[ 8, 5, 3]
  94    5    26.592180   19.563069   26.592180    2.546711    0.00000000   0.0000   0.7594  5+[ 8, 2, 2]
  95    5    28.341854   21.312744   28.341854    2.612137    0.00000000   0.0000   0.8083  5+[ 8, 3, 3]
  96    5    29.061846   22.032735   29.061846    2.638588    0.00000000   0.0000   0.8469  5+[ 8, 0, 2]
  97    5    29.551627   22.522516   29.551627    2.656432    0.00000000   0.0000   0.8766  5+[ 8, 1, 3]
  98    6     1.018527   -6.010584    1.018527    1.245967    0.00000000   0.0000   0.7899  5-[ 5, 2, 3]
  99    6     2.363825   -4.665286    2.363825    1.346087    0.00000000   0.0000   0.8487  5-[ 5, 1, 2]
 100    6     6.125336  -13.154447   -6.125336    1.592974    1.00000000   0.0000   0.8040  5-[ 5, 3, 2]
 101    6     7.093762    0.064651    7.093762    1.650570    0.00000000   0.0000   0.9606  5-[ 5, 0, 3]
 102    6     9.397617    2.368506    9.397617    1.780115    0.00000000   0.0000   0.7107  5-[ 7, 5, 2]
 103    6    11.687611  -18.716722  -11.687611    1.900148    1.00000000   0.0000   0.9702  5-[ 3, 0, 3]
 104    6    16.110314    9.081203   16.110314    2.112753    0.00000000   0.0000   0.6624  5-[ 7, 3, 2]
 105    6    17.661769  -24.690880  -17.661769    2.182432    1.00000000   0.0000   0.9278  5-[ 3, 1, 2]
 106    6    17.982215   10.953104   17.982215    2.196548    0.00000000   0.0000   0.8432  5-[ 7, 4, 3]
 107    6    20.527565   13.498454   20.527565    2.305610    0.00000000   0.0000   0.5809  5-[ 7, 2, 3]
 108    6    21.099113   14.070002   21.099113    2.329397    0.00000000   0.0000   0.7287  5-[ 7, 1, 2]
 109    6    23.789310   16.760199   23.789310    2.438247    0.00000000   0.0000   0.9630  5-[ 7, 0, 3]
 110    7     1.933179   -5.095932    1.933179    1.314867    0.00000000   0.0000   0.8491  7+[ 6, 3, 3]
 111    7     2.506904   -9.536015   -2.506904    1.356300    1.00000000   0.0000   0.9761  7+[ 4, 0, 4]
 112    7     9.836244    2.807133    9.836244    1.803724    0.00000000   0.0000   0.8369  7+[ 6, 1, 3]
 113    7    10.379910  -17.409021  -10.379910    1.832566    1.00000000   0.0000   0.9480  7+[ 4, 1, 3]
 114    7    11.218689    4.189578   11.218689    1.876194    0.00000000   0.0000   0.8378  7+[ 6, 2, 4]
 115    7    14.960253    7.931142   14.960253    2.059580    0.00000000   0.0000   0.9593  7+[ 6, 0, 4]
 116    7    17.602513   10.573402   17.602513    2.179812    0.00000000   0.0000   0.8005  7+[ 8, 5, 3]
 117    7    23.868388   16.839278   23.868388    2.441373    0.00000000   0.0000   0.7877  7+[ 8, 3, 3]
 118    7    26.990911   19.961800   26.990911    2.561768    0.00000000   0.0000   0.7591  7+[ 8, 4, 4]
 119    7    27.563483   20.534373   27.563483    2.583235    0.00000000   0.0000   0.8803  7+[ 8, 1, 3]
 120    7    29.256464   22.227353   29.256464    2.645693    0.00000000   0.0000   0.8147  7+[ 8, 2, 4]
 121    7    30.864776   23.835665   30.864776    2.703691    0.00000000   0.0000   0.9539  7+[ 8, 0, 4]
 122    8     3.994555   -3.034556    3.994555    1.458262    0.00000000   0.0000   0.8724  7-[ 5, 1, 4]
 123    8     4.547643  -11.576754   -4.547643    1.494396    1.00000000   0.0000   0.9066  7-[ 5, 2, 3]
 124    8     4.910580   -2.118531    4.910580    1.517641    0.00000000   0.0000   0.9006  7-[ 5, 0, 3]
 125    8    10.283948    3.254837   10.283948    1.827508    0.00000000   0.0000   0.8369  7-[ 7, 4, 3]
 126    8    15.477523  -22.506634  -15.477523    2.083664    1.00000000   0.0000   0.9751  7-[ 3, 0, 3]
 127    8    17.297451   10.268340   17.297451    2.166271    0.00000000   0.0000   0.8439  7-[ 7, 2, 3]
 128    8    19.809155   12.780045   19.809155    2.275358    0.00000000   0.0000   0.8767  7-[ 7, 3, 4]
 129    8    22.052695   15.023584   22.052695    2.368553    0.00000000   0.0000   0.8693  7-[ 7, 1, 4]
 130    8    22.393902   15.364791   22.393902    2.382407    0.00000000   0.0000   0.9185  7-[ 7, 0, 3]
 131    9     3.648010   -3.381101    3.648010    1.435157    0.00000000   0.0000   0.9277  9+[ 6, 2, 4]
 132    9     8.080460  -15.109571   -8.080460    1.707255    1.00000000   0.0000   0.9866  9+[ 4, 0, 4]
 133    9    12.278119    5.249008   12.278119    1.929889    0.00000000   0.0000   0.9486  9+[ 6, 0, 4]
 134    9    13.907056    6.877945   13.907056    2.009653    0.00000000   0.0000   0.9303  9+[ 6, 1, 5]
 135    9    18.872988   11.843877   18.872988    2.235321    0.00000000   0.0000   0.8850  9+[ 8, 4, 4]
 136    9    24.905740   17.876629   24.905740    2.482018    0.00000000   0.0000   0.9078  9+[ 8, 2, 4]
 137    9    28.600207   21.571096   28.600207    2.621659    0.00000000   0.0000   0.9422  9+[ 8, 0, 4]
 138    9    29.004728   21.975617   29.004728    2.636499    0.00000000   0.0000   0.7710  9+[ 8, 3, 5]
 139    9    30.296391   23.267280   30.296391    2.683337    0.00000000   0.0000   0.8173  9+[ 8, 1, 5]
 140   10     2.393970   -9.423081   -2.393970    1.348245    1.00000000   0.0000   0.9629  9-[ 5, 1, 4]
 141   10     7.095345    0.066234    7.095345    1.650662    0.00000000   0.0000   0.9789  9-[ 5, 0, 5]
 142   10    11.609579    4.580468   11.609579    1.896182    0.00000000   0.0000   0.9067  9-[ 7, 3, 4]
 143   10    18.750076   11.720965   18.750076    2.230011    0.00000000   0.0000   0.9541  9-[ 7, 1, 4]
 144   10    21.664060   14.634949   21.664060    2.352674    0.00000000   0.0000   0.9175  9-[ 7, 2, 5]
 145   10    23.601182   16.572072   23.601182    2.430793    0.00000000   0.0000   0.9677  9-[ 7, 0, 5]
 146   11     5.941077   -1.088034    5.941077    1.581778    0.00000000   0.0000   0.9695 11+[ 6, 1, 5]
 147   11    16.642224    9.613113   16.642224    2.136898    0.00000000   0.0000   0.9777 11+[ 6, 0, 6]
 148   11    20.443143   13.414032   20.443143    2.302076    0.00000000   0.0000   0.9304 11+[ 8, 3, 5]
 149   11    26.150722   19.121612   26.150722    2.529936    0.00000000   0.0000   0.9744 11+[ 8, 1, 5]
 150   11    30.764784   23.735673   30.764784    2.700121    0.00000000   0.0000   0.7565 11+[ 8, 2, 6]
 151   11    31.549069   24.519958   31.549069    2.727993    0.00000000   0.0000   0.7852 11+[ 8, 0, 6]
 152   12     0.034769   -7.063880   -0.034769    1.167331    1.00000000   0.0000   0.9929 11-[ 5, 0, 5]
 153   12    13.084536    6.055425   13.084536    1.969781    0.00000000   0.0000   0.9603 11-[ 7, 2, 5]
 154   12    20.290152   13.261041   20.290152    2.295657    0.00000000   0.0000   0.9926 11-[ 7, 0, 5]
 155   12    24.002188   16.973077   24.002188    2.446653    0.00000000   0.0000   0.9665 11-[ 7, 1, 6]
 156   13     8.371049    1.341938    8.371049    1.723594    0.00000000   0.0000   0.9930 13+[ 6, 0, 6]
 157   13    22.145791   15.116680   22.145791    2.372341    0.00000000   0.0000   0.9679 13+[ 8, 2, 6]
 158   13    27.324656   20.295545   27.324656    2.574303    0.00000000   0.0000   0.9960 13+[ 8, 0, 6]
 159   13    33.041190   26.012079   33.041190    2.780249    0.00000000   0.0000   0.9718 13+[ 8, 1, 7]
 160   14    15.226681    8.197571   15.226681    2.072020    0.00000000   0.0000   0.9864 13-[ 7, 1, 6]
 161   14    26.197753   19.168642   26.197753    2.531728    0.00000000   0.0000   0.9864 13-[ 7, 0, 7]
 162   15    24.322860   17.293749   24.322860    2.459262    0.00000000   0.0000   0.9878 15+[ 8, 1, 7]
 163   15    34.961117   27.932006   34.961117    2.846076    0.00000000   0.0000   0.9878 15+[ 8, 0, 8]
 164   16    17.471663   10.442552   17.471663    2.174014    0.00000000   0.0000   1.0000 15-[ 7, 0, 7]
 165   17    26.535437   19.506326   26.535437    2.544561    0.00000000   0.0000   1.0000 17+[ 8, 0, 8]
#all active are  165 q.p. states out of  165
#since the cut off is pwi=  60.0
#check: number of neutrons=  92.0


 #canonical s.p. energies neutrons
 ---------------------------------


  labels -> {2*omega}{parity}[nn=nz+2*nr+nl,nz,nl]
  cqpe   -> canonical q.p. energies
  ce     -> canonical s.p. energies
  fermi energy=  -7.0291109454329419     
  average cdelt=   4.3324727547396042E-022
  k0      ceqp        ce         v*v       u*v        cdel     overl      labels
   1    6.280970    6.280970   0.00000000   0.00000000  -0.0000   0.4735  1+[ 6, 6, 0]
   2    8.450522    8.450522   0.00000000   0.00000000  -0.0000   0.6929  1+[ 8, 8, 0]
   3    9.503695    9.503695   0.00000000   0.00000000  -0.0000   0.4680  1+[ 8, 5, 1]
   4   10.018200   10.018200   0.00000000   0.00000000  -0.0000   0.7477  1+[ 8, 5, 1]
   5   16.517477   16.517477   0.00000000   0.00000000   0.0000   0.5390  1+[ 8, 6, 0]
   6    0.522753    0.522753   0.00000000   0.00000000   0.0000   0.5420  1+[ 6, 4, 0]
   7   18.641726   18.641726   0.00000000   0.00000000  -0.0000   0.7692  1+[ 8, 0, 0]
   8   19.913883   19.913883   0.00000000   0.00000000  -0.0000   0.9194  1+[ 8, 1, 1]
   9   18.610893   18.610893   0.00000000   0.00000000  -0.0000   0.6602  1+[ 8, 4, 0]
  10   14.627532   14.627532   0.00000000   0.00000000  -0.0000   0.7313  1+[ 8, 3, 1]
  11   19.977858   19.977858   0.00000000   0.00000000  -0.0000   0.9391  1+[ 8, 2, 0]
  12    4.426832    4.426832   0.00000000   0.00000001  -0.0000   0.7498  1+[ 6, 1, 1]
  13    4.044151    4.044151   0.00000000   0.00000001  -0.0000   0.5966  1+[ 6, 2, 0]
  14   10.489863   10.489863   0.00000000   0.00000001  -0.0000   0.5436  1+[ 6, 0, 0]
  15   11.882507   11.882507   0.00000000   0.00000002  -0.0000   0.6756  1+[ 8, 7, 1]
  16   -5.866885   -8.191337   1.00000000   0.00000896  -0.0000   0.4544  1+[ 6, 4, 0]
  17   -5.504776   -8.553446   1.00000000   0.00000024  -0.0000   0.9272  1+[ 4, 0, 0]
  18   13.339779  -27.398001   1.00000000   0.00000004  -0.0000   0.7721  1+[ 2, 0, 0]
  19   10.551601  -24.609823   1.00000000   0.00000003   0.0000   0.5854  1+[ 2, 2, 0]
  20    5.372011  -19.430233   1.00000000   0.00000003  -0.0000   0.5556  1+[ 4, 1, 1]
  21    9.832120  -23.890342   1.00000000   0.00000002   0.0000   0.7827  1+[ 2, 1, 1]
  22   18.324599  -32.382821   1.00000000   0.00000001   0.0000   0.8158  1+[ 0, 0, 0]
  23   13.385203  -27.443425   1.00000000   0.00000000   0.0000   0.6864  1+[ 4, 4, 0]
  24    7.508326  -21.566548   1.00000000   0.00000000  -0.0000   0.6744  1+[ 4, 2, 0]
  25    5.541283  -19.599505   1.00000000   0.00000000  -0.0000   0.5876  1+[ 4, 1, 1]
  26    9.028084    9.028084   0.00000000   0.00000000   0.0000   0.7670  1-[ 7, 6, 1]
  27    1.189230    1.189230   0.00000000   0.00000000  -0.0000   0.6250  1-[ 5, 1, 0]
  28    5.789599    5.789599   0.00000000   0.00000000  -0.0000   0.5206  1-[ 5, 0, 1]
  29   10.848920   10.848920   0.00000000   0.00000000  -0.0000   0.6969  1-[ 7, 0, 1]
  30    8.148024    8.148024   0.00000000   0.00000000  -0.0000   0.6977  1-[ 7, 3, 0]
  31   13.909413   13.909413   0.00000000   0.00000000  -0.0000   0.9493  1-[ 7, 1, 0]
  32    8.832599    8.832599   0.00000000   0.00000001  -0.0000   0.5934  1-[ 7, 0, 1]
  33    8.475851    8.475851   0.00000000   0.00000001  -0.0000   0.5544  1-[ 5, 0, 1]
  34    9.781327    9.781327   0.00000000   0.00000001  -0.0000   0.5604  1-[ 7, 3, 0]
  35    4.211029    4.211029   0.00000000   0.00000002  -0.0000   0.6804  1-[ 7, 2, 1]
  36   -5.783754   -5.783754   0.00000000   0.00000390  -0.0000   0.7733  1-[ 5, 2, 1]
  37   -3.166443  -10.891779   1.00000000   0.00000007   0.0000   0.5493  1-[ 3, 3, 0]
  38    8.984646  -23.042868   1.00000000   0.00000005   0.0000   0.5915  1-[ 3, 2, 1]
  39   10.722853  -24.781075   1.00000000   0.00000002  -0.0000   0.5207  1-[ 3, 3, 0]
  40   16.221991  -30.280213   1.00000000   0.00000000  -0.0000   0.7192  1-[ 1, 0, 1]
  41    9.633858  -23.692080   1.00000000   0.00000000   0.0000   0.5677  1-[ 1, 0, 1]
  42    3.722222  -17.780444   1.00000000   0.00000000  -0.0000   0.5741  1-[ 3, 0, 1]
  43   17.290011  -31.348233   1.00000000   0.00000000   0.0000   0.6445  1-[ 3, 1, 0]
  44    9.925789  -23.984010   1.00000000   0.00000000  -0.0000   0.6690  1-[ 1, 1, 0]
  45   -3.640937  -10.417285   1.00000000   0.00000000   0.0000   0.7702  1-[ 5, 4, 1]
  46    6.464768    6.464768   0.00000000   0.00000000  -0.0000   0.6400  3+[ 6, 3, 1]
  47    8.292488    8.292488   0.00000000   0.00000000  -0.0000   0.7678  3+[ 6, 0, 2]
  48   10.997286   10.997286   0.00000000   0.00000000  -0.0000   0.6631  3+[ 8, 6, 2]
  49   15.674678   15.674678   0.00000000   0.00000000  -0.0000   0.8573  3+[ 8, 5, 1]
  50   13.249570   13.249570   0.00000000   0.00000000  -0.0000   0.5736  3+[ 8, 4, 2]
  51   16.213587   16.213587   0.00000000   0.00000000  -0.0000   0.7754  3+[ 8, 2, 2]
  52   20.991632   20.991632   0.00000000   0.00000000  -0.0000   0.9160  3+[ 8, 1, 1]
  53   16.815366   16.815366   0.00000000   0.00000000  -0.0000   0.6180  3+[ 6, 1, 1]
  54   16.079658   16.079658   0.00000000   0.00000000  -0.0000   0.6045  3+[ 8, 0, 2]
  55   10.983031   10.983031   0.00000000   0.00000001  -0.0000   0.4546  3+[ 6, 4, 2]
  56   10.176441   10.176441   0.00000000   0.00000001  -0.0000   0.4443  3+[ 8, 5, 1]
  57    7.464609    7.464609   0.00000000   0.00000002  -0.0000   0.7570  3+[ 8, 7, 1]
  58    5.569262    5.569262   0.00000000   0.00000002  -0.0000   0.8001  3+[ 6, 2, 2]
  59   -6.483049   -7.575173   0.99998193   0.00425085  -0.0000   0.6053  3+[ 6, 5, 1]
  60   -5.705496   -8.352726   1.00000000   0.00000178  -0.0000   0.9497  3+[ 4, 0, 2]
  61    8.039622  -22.097844   1.00000000   0.00000002  -0.0000   0.8161  3+[ 4, 3, 1]
  62    4.417399  -18.475621   1.00000000   0.00000000  -0.0000   0.7248  3+[ 4, 2, 2]
  63    1.964468  -16.022690   1.00000000   0.00000000  -0.0000   0.7329  3+[ 4, 1, 1]
  64    9.406117  -23.464339   1.00000000   0.00000000  -0.0000   0.7367  3+[ 2, 0, 2]
  65   13.585516  -27.643738   1.00000000   0.00000000   0.0000   0.8437  3+[ 2, 1, 1]
  66    8.267114    8.267114   0.00000000   0.00000000   0.0000   0.9001  3-[ 7, 5, 2]
  67    8.916307    8.916307   0.00000000   0.00000000  -0.0000   0.7153  3-[ 7, 3, 2]
  68   -1.067861   -1.067861   0.00000000   0.00000000  -0.0000   0.8278  3-[ 5, 0, 1]
  69    8.848341    8.848341   0.00000000   0.00000000   0.0000   0.7709  3-[ 7, 4, 1]
  70   13.194674   13.194674   0.00000000   0.00000000  -0.0000   0.7537  3-[ 7, 0, 1]
  71   14.011250   14.011250   0.00000000   0.00000000  -0.0000   0.5911  3-[ 7, 1, 2]
  72   10.216602   10.216602   0.00000000   0.00000000  -0.0000   0.7845  3-[ 7, 2, 1]
  73    5.544875    5.544875   0.00000000   0.00000001  -0.0000   0.5517  3-[ 7, 6, 1]
  74    3.354913    3.354913   0.00000000   0.00000002  -0.0000   0.6648  3-[ 5, 1, 2]
  75   -6.993854   -6.993854   0.33067455   0.47045605  -0.0000   0.7589  3-[ 5, 2, 1]
  76   -5.588962   -8.469260   1.00000000   0.00000056  -0.0000   0.6632  3-[ 5, 3, 2]
  77    4.914629  -18.972851   1.00000000   0.00000003  -0.0000   0.6724  3-[ 3, 2, 1]
  78    8.531745  -22.589967   1.00000000   0.00000002  -0.0000   0.7480  3-[ 3, 1, 2]
  79   10.296314  -24.354535   1.00000000   0.00000000  -0.0000   0.7097  3-[ 1, 0, 1]
  80   10.302938  -24.361160   1.00000000   0.00000000  -0.0000   0.5601  3-[ 5, 4, 1]
  81   11.665455  -25.723677   1.00000000   0.00000000  -0.0000   0.5304  3-[ 3, 1, 2]
  82    6.153020    6.153020   0.00000000   0.00000000  -0.0000   0.6767  5+[ 6, 3, 3]
  83   13.058869   13.058869   0.00000000   0.00000000  -0.0000   0.5460  5+[ 6, 0, 2]
  84   10.137281   10.137281   0.00000000   0.00000000  -0.0000   0.7066  5+[ 6, 1, 3]
  85   16.460342   16.460342   0.00000000   0.00000000  -0.0000   0.7088  5+[ 8, 4, 2]
  86   18.886998   18.886998   0.00000000   0.00000000  -0.0000   0.8312  5+[ 8, 3, 3]
  87   19.569684   19.569684   0.00000000   0.00000000  -0.0000   0.8793  5+[ 8, 2, 2]
  88   16.685522   16.685522   0.00000000   0.00000000  -0.0000   0.5947  5+[ 8, 1, 3]
  89   17.373990   17.373990   0.00000000   0.00000000  -0.0000   0.7005  5+[ 8, 0, 2]
  90   10.991733   10.991733   0.00000000   0.00000001  -0.0000   0.5483  5+[ 6, 0, 2]
  91    9.305426    9.305426   0.00000000   0.00000001  -0.0000   0.7403  5+[ 8, 5, 3]
  92    5.407980    5.407980   0.00000000   0.00000001  -0.0000   0.7251  5+[ 6, 2, 2]
  93   -6.722774   -6.722774   0.00217893   0.04662814  -0.0000   0.7517  5+[ 6, 4, 2]
  94    3.624632  -17.682854   1.00000000   0.00000002  -0.0000   0.7406  5+[ 2, 0, 2]
  95    7.415830  -21.474052   1.00000000   0.00000001  -0.0000   0.5563  5+[ 4, 0, 2]
  96   -1.483665  -12.574557   1.00000000   0.00000000  -0.0000   0.7763  5+[ 4, 1, 3]
  97    5.494802  -19.553023   1.00000000   0.00000000  -0.0000   0.7293  5+[ 4, 2, 2]
  98    1.796260    1.796260   0.00000000   0.00000000  -0.0000   0.5963  5-[ 5, 1, 2]
  99    5.298478    5.298478   0.00000000   0.00000000   0.0000   0.7516  5-[ 7, 5, 2]
 100    7.608924    7.608924   0.00000000   0.00000000  -0.0000   0.6481  5-[ 7, 0, 3]
 101   11.389099   11.389099   0.00000000   0.00000000  -0.0000   0.9408  5-[ 7, 2, 3]
 102   12.745600   12.745600   0.00000000   0.00000000  -0.0000   0.9433  5-[ 7, 1, 2]
 103    8.293178    8.293178   0.00000000   0.00000000  -0.0000   0.8391  5-[ 7, 3, 2]
 104   11.668477   11.668477   0.00000000   0.00000001  -0.0000   0.7053  5-[ 7, 4, 3]
 105    3.330817    3.330817   0.00000000   0.00000001  -0.0000   0.6466  5-[ 5, 1, 2]
 106   -6.010584   -6.010584   0.00000000   0.00003772  -0.0000   0.7899  5-[ 5, 2, 3]
 107    9.430929  -23.489151   1.00000000   0.00000003  -0.0000   0.7632  5-[ 3, 1, 2]
 108    1.398520  -15.456742   1.00000000   0.00000000   0.0000   0.5990  5-[ 3, 1, 2]
 109    3.557934  -17.616156   1.00000000   0.00000000  -0.0000   0.8864  5-[ 3, 0, 3]
 110    6.141933    6.141933   0.00000000   0.00000000  -0.0000   0.6977  7+[ 6, 3, 3]
 111    3.248430    3.248430   0.00000000   0.00000000   0.0000   0.5928  7+[ 6, 3, 3]
 112   16.718475   16.718475   0.00000000   0.00000000  -0.0000   0.7001  7+[ 8, 1, 3]
 113   18.261161   18.261161   0.00000000   0.00000000  -0.0000   0.6698  7+[ 8, 0, 4]
 114   14.963357   14.963357   0.00000000   0.00000000  -0.0000   0.5935  7+[ 6, 0, 4]
 115   13.386871   13.386871   0.00000000   0.00000000  -0.0000   0.6884  7+[ 8, 5, 3]
 116   17.607275   17.607275   0.00000000   0.00000000  -0.0000   0.7752  7+[ 8, 2, 4]
 117   17.088176   17.088176   0.00000000   0.00000000  -0.0000   0.6875  7+[ 8, 4, 4]
 118    9.386629    9.386629   0.00000000   0.00000000  -0.0000   0.6193  7+[ 6, 1, 3]
 119    7.001485    7.001485   0.00000000   0.00000000  -0.0000   0.7173  7+[ 6, 1, 3]
 120    2.456897  -16.515119   1.00000000   0.00000000  -0.0000   0.9516  7+[ 4, 1, 3]
 121   -3.628305  -10.429917   1.00000000   0.00000000  -0.0000   0.9779  7+[ 4, 0, 4]
 122    2.418131    2.418131   0.00000000   0.00000000  -0.0000   0.8221  7-[ 7, 4, 3]
 123    5.660587    5.660587   0.00000000   0.00000000  -0.0000   0.6976  7-[ 5, 1, 4]
 124    4.658479    4.658479   0.00000000   0.00000000  -0.0000   0.6838  7-[ 5, 0, 3]
 125    8.815548    8.815548   0.00000000   0.00000000  -0.0000   0.8796  7-[ 7, 2, 3]
 126   14.645502   14.645502   0.00000000   0.00000000  -0.0000   0.9114  7-[ 7, 1, 4]
 127    9.001552    9.001552   0.00000000   0.00000000  -0.0000   0.8142  7-[ 7, 3, 4]
 128    6.338712    6.338712   0.00000000   0.00000000  -0.0000   0.6816  7-[ 7, 0, 3]
 129   -2.471171  -11.587051   1.00000000   0.00000004  -0.0000   0.9008  7-[ 5, 2, 3]
 130    8.438115  -22.496337   1.00000000   0.00000000  -0.0000   0.9700  7-[ 3, 0, 3]
 131   11.122462   11.122462   0.00000000   0.00000000  -0.0000   0.5981  9+[ 8, 0, 4]
 132   13.448066   13.448066   0.00000000   0.00000000  -0.0000   0.7067  9+[ 8, 0, 4]
 133   16.423207   16.423207   0.00000000   0.00000000  -0.0000   0.9490  9+[ 8, 2, 4]
 134   19.996178   19.996178   0.00000000   0.00000000  -0.0000   0.9955  9+[ 8, 3, 5]
 135   22.411009   22.411009   0.00000000   0.00000000  -0.0000   0.9982  9+[ 8, 1, 5]
 136   11.925320   11.925320   0.00000000   0.00000000  -0.0000   0.9231  9+[ 8, 4, 4]
 137    3.255242    3.255242   0.00000000   0.00000000  -0.0000   0.8021  9+[ 6, 2, 4]
 138    6.698867    6.698867   0.00000000   0.00000000  -0.0000   0.9349  9+[ 6, 1, 5]
 139    1.051349  -15.109571   1.00000000   0.00000000  -0.0000   0.9866  9+[ 4, 0, 4]
 140    0.250578    0.250578   0.00000000   0.00000000  -0.0000   0.9851  9-[ 5, 0, 5]
 141    5.501173    5.501173   0.00000000   0.00000000  -0.0000   0.9758  9-[ 7, 3, 4]
 142   13.166749   13.166749   0.00000000   0.00000000  -0.0000   0.9082  9-[ 7, 1, 4]
 143   14.896056   14.896056   0.00000000   0.00000000  -0.0000   0.9078  9-[ 7, 0, 5]
 144   13.760130   13.760130   0.00000000   0.00000000  -0.0000   0.9971  9-[ 7, 2, 5]
 145   -4.635140   -9.423081   1.00000000   0.00000001  -0.0000   0.9629  9-[ 5, 1, 4]
 146   13.049764   13.049764   0.00000000   0.00000000  -0.0000   0.7542 11+[ 8, 1, 5]
 147   23.408155   23.408155   0.00000000   0.00000000  -0.0000   0.6978 11+[ 8, 0, 6]
 148   10.880694   10.880694   0.00000000   0.00000000  -0.0000   0.7087 11+[ 8, 3, 5]
 149    7.672367    7.672367   0.00000000   0.00000000  -0.0000   0.6287 11+[ 8, 1, 5]
 150   11.035470   11.035470   0.00000000   0.00000000  -0.0000   0.9214 11+[ 6, 0, 6]
 151   23.269905   23.269905   0.00000000   0.00000000  -0.0000   0.6890 11+[ 8, 0, 6]
 152    8.194893    8.194893   0.00000000   0.00000000  -0.0000   0.7585 11-[ 7, 2, 5]
 153   13.273515   13.273515   0.00000000   0.00000000  -0.0000   0.9839 11-[ 7, 0, 5]
 154   14.821136   14.821136   0.00000000   0.00000000  -0.0000   0.7517 11-[ 7, 1, 6]
 155   -6.994342   -7.063880   0.66716459   0.47122818  -0.0000   0.9929 11-[ 5, 0, 5]
 156   17.832936   17.832936   0.00000000   0.00000000  -0.0000   0.8244 13+[ 8, 2, 6]
 157   22.640883   22.640883   0.00000000   0.00000000  -0.0000   0.9451 13+[ 8, 1, 7]
 158    5.883300    5.883300   0.00000000   0.00000000  -0.0000   0.8453 13+[ 6, 0, 6]
 159   16.409124   16.409124   0.00000000   0.00000000  -0.0000   0.7195 13+[ 8, 0, 6]
 160    8.493161    8.493161   0.00000000   0.00000000  -0.0000   1.0000 13-[ 7, 1, 6]
 161   18.873051   18.873051   0.00000000   0.00000000  -0.0000   1.0000 13-[ 7, 0, 7]
 162   17.551661   17.551661   0.00000000   0.00000000  -0.0000   1.0000 15+[ 8, 1, 7]
 163   27.674093   27.674093   0.00000000   0.00000000  -0.0000   1.0000 15+[ 8, 0, 8]
 164   10.442552   10.442552   0.00000000   0.00000000  -0.0000   1.0000 15-[ 7, 0, 7]
 165   19.506326   19.506326   0.00000000   0.00000000  -0.0000   1.0000 17+[ 8, 0, 8]
  Sum canonical e_v*V^2_k=  -1755.6692648782657     


 #quasiparticle energies protons 
 --------------------------------
  eqp(k) -> q.p. energy 
  e(k)   -> referent s.p. energy 
  p(k)   -> occ.probability 
  del(k) -> referent s.p. gap 
  fermi energy alast=  -7.3041947306362145     
  #k  block#    eqp(k)     e(k)       (1-2N)E      decay        p(k)        del(k)    overl      labels
   1    1     0.895199   -6.408996    0.895199    1.257660    0.00000000   0.0000   0.8890  1+[ 4, 1, 1]
   2    1     2.860690  -10.164884   -2.860690    1.400308    1.00000000   0.0000   0.7654  1+[ 4, 2, 0]
   3    1     3.941867   -3.362328    3.941867    1.472898    0.00000000   0.0000   0.9431  1+[ 4, 0, 0]
   4    1     4.940003   -2.364191    4.940003    1.536872    0.00000000   0.0000   0.4637  1+[ 6, 4, 0]
   5    1     5.274348  -12.578543   -5.274348    1.557714    1.00000000   0.0000   0.6629  1+[ 4, 3, 1]
   6    1     8.933631  -16.237825   -8.933631    1.769850    1.00000000   0.0000   0.5176  1+[ 4, 4, 0]
   7    1    10.018666    2.714471   10.018666    1.828025    0.00000000   0.0000   0.5483  1+[ 6, 6, 0]
   8    1    11.812911    4.508716   11.812911    1.920364    0.00000000   0.0000   0.5482  1+[ 6, 4, 0]
   9    1    14.090688  -21.394883  -14.090688    2.031549    1.00000000   0.0000   0.8935  1+[ 2, 0, 0]
  10    1    15.141907    7.837712   15.141907    2.080860    0.00000000   0.0000   0.7440  1+[ 6, 3, 1]
  11    1    17.715129  -25.019324  -17.715129    2.196900    1.00000000   0.0000   0.8899  1+[ 2, 1, 1]
  12    1    18.451757   11.147562   18.451757    2.229006    0.00000000   0.0000   0.8457  1+[ 6, 2, 0]
  13    1    20.484680  -27.788875  -20.484680    2.315303    1.00000000   0.0000   0.7502  1+[ 2, 2, 0]
  14    1    22.064095   14.759901   22.064095    2.380191    0.00000000   0.0000   0.9151  1+[ 6, 1, 1]
  15    1    23.511806   16.207611   23.511806    2.438151    0.00000000   0.0000   0.5241  1+[ 8, 6, 0]
  16    1    23.975201   16.671006   23.975201    2.456414    0.00000000   0.0000   0.9306  1+[ 6, 0, 0]
  17    1    28.618045  -35.922240  -28.618045    2.632414    1.00000000   0.0000   0.9038  1+[ 0, 0, 0]
  18    1    31.151794   23.847599   31.151794    2.723670    0.00000000   0.0000   0.5110  1+[ 8, 8, 0]
  19    1    31.666270   24.362075   31.666270    2.741828    0.00000000   0.0000   0.5511  1+[ 8, 7, 1]
  20    1    33.922461   26.618266   33.922461    2.820080    0.00000000   0.0000   0.5770  1+[ 8, 6, 0]
  21    1    34.821185   27.516991   34.821185    2.850653    0.00000000   0.0000   0.6796  1+[ 8, 4, 0]
  22    1    36.647730   29.343535   36.647730    2.911799    0.00000000   0.0000   0.6067  1+[ 8, 3, 1]
  23    1    37.921071   30.616876   37.921071    2.953677    0.00000000   0.0000   0.6620  1+[ 8, 2, 0]
  24    1    38.655148   31.350953   38.655148    2.977552    0.00000000   0.0000   0.9137  1+[ 8, 1, 1]
  25    1    39.806668   32.502473   39.806668    3.014623    0.00000000   0.0000   0.9153  1+[ 8, 0, 0]
  26    2     2.094153   -5.210041    2.094153    1.346475    0.00000000   0.0000   0.5266  1-[ 5, 4, 1]
  27    2     2.117485   -9.421680   -2.117485    1.348145    1.00000000   0.0000   0.4670  1-[ 5, 5, 0]
  28    2     3.894845   -3.409349    3.894845    1.469816    0.00000000   0.0000   0.6872  1-[ 5, 3, 0]
  29    2     4.919578  -12.223773   -4.919578    1.535589    1.00000000   0.0000   0.9177  1-[ 3, 0, 1]
  30    2     7.673587    0.369392    7.673587    1.699794    0.00000000   0.0000   0.8333  1-[ 5, 2, 1]
  31    2     8.809804  -16.113998   -8.809804    1.763088    1.00000000   0.0000   0.8602  1-[ 3, 1, 0]
  32    2    11.080864    3.776669   11.080864    1.883237    0.00000000   0.0000   0.9302  1-[ 5, 1, 0]
  33    2    11.937853  -19.242048  -11.937853    1.926629    1.00000000   0.0000   0.7872  1-[ 3, 2, 1]
  34    2    15.012544  -22.316739  -15.012544    2.074855    1.00000000   0.0000   0.6334  1-[ 3, 3, 0]
  35    2    15.648784    8.344589   15.648784    2.104224    0.00000000   0.0000   0.5274  1-[ 7, 5, 0]
  36    2    15.919981    8.615786   15.919981    2.116618    0.00000000   0.0000   0.9150  1-[ 5, 0, 1]
  37    2    22.315408   15.011214   22.315408    2.390353    0.00000000   0.0000   0.5469  1-[ 7, 7, 0]
  38    2    22.509249  -29.813444  -22.509249    2.398162    1.00000000   0.0000   0.9378  1-[ 1, 0, 1]
  39    2    23.186319   15.882124   23.186319    2.425240    0.00000000   0.0000   0.5401  1-[ 7, 3, 0]
  40    2    25.129883  -32.434078  -25.129883    2.501343    1.00000000   0.0000   0.8634  1-[ 1, 1, 0]
  41    2    25.942766   18.638571   25.942766    2.532494    0.00000000   0.0000   0.6173  1-[ 7, 4, 1]
  42    2    28.177095   20.872901   28.177095    2.616207    0.00000000   0.0000   0.6610  1-[ 7, 3, 0]
  43    2    30.314443   23.010248   30.314443    2.693853    0.00000000   0.0000   0.7576  1-[ 7, 2, 1]
  44    2    31.257149   23.952954   31.257149    2.727398    0.00000000   0.0000   0.8851  1-[ 7, 1, 0]
  45    2    32.914789   25.610594   32.914789    2.785403    0.00000000   0.0000   0.9750  1-[ 7, 0, 1]
  46    3     0.134516   -7.438711   -0.134516    1.197902    1.00000000   0.0000   0.8802  3+[ 4, 1, 1]
  47    3     2.866514  -10.170709   -2.866514    1.400709    1.00000000   0.0000   0.8334  3+[ 4, 2, 2]
  48    3     4.070717   -3.233478    4.070717    1.481312    0.00000000   0.0000   0.9539  3+[ 4, 0, 2]
  49    3     5.627088   -1.677106    5.627088    1.579404    0.00000000   0.0000   0.5882  3+[ 6, 5, 1]
  50    3     7.949959  -15.254154   -7.949959    1.715404    1.00000000   0.0000   0.7222  3+[ 4, 3, 1]
  51    3    11.958605    4.654410   11.958605    1.927668    0.00000000   0.0000   0.6492  3+[ 6, 4, 2]
  52    3    13.815576    6.511381   13.815576    2.018445    0.00000000   0.0000   0.7127  3+[ 6, 3, 1]
  53    3    14.986616  -22.290811  -14.986616    2.073650    1.00000000   0.0000   0.9568  3+[ 2, 0, 2]
  54    3    17.929281   10.625086   17.929281    2.206282    0.00000000   0.0000   0.8851  3+[ 6, 2, 2]
  55    3    18.842041  -26.146236  -18.842041    2.245831    1.00000000   0.0000   0.8936  3+[ 2, 1, 1]
  56    3    21.656324   14.352129   21.656324    2.363609    0.00000000   0.0000   0.9091  3+[ 6, 1, 1]
  57    3    23.810841   16.506646   23.810841    2.449952    0.00000000   0.0000   0.5325  3+[ 8, 5, 1]
  58    3    24.853195   17.549001   24.853195    2.490651    0.00000000   0.0000   0.9419  3+[ 6, 0, 2]
  59    3    31.560814   24.256620   31.560814    2.738116    0.00000000   0.0000   0.6854  3+[ 8, 7, 1]
  60    3    32.287004   24.982809   32.287004    2.763578    0.00000000   0.0000   0.6433  3+[ 8, 6, 2]
  61    3    35.213510   27.909316   35.213510    2.863897    0.00000000   0.0000   0.7415  3+[ 8, 4, 2]
  62    3    36.372772   29.068577   36.372772    2.902677    0.00000000   0.0000   0.6631  3+[ 8, 3, 1]
  63    3    38.154140   30.849945   38.154140    2.961278    0.00000000   0.0000   0.6029  3+[ 8, 2, 2]
  64    3    38.613427   31.309232   38.613427    2.976200    0.00000000   0.0000   0.7564  3+[ 8, 1, 1]
  65    3    40.380470   33.076275   40.380470    3.032926    0.00000000   0.0000   0.9304  3+[ 8, 0, 2]
  66    4     1.271219   -8.575414   -1.271219    1.286175    1.00000000   0.0000   0.6592  3-[ 5, 4, 1]
  67    4     4.265837   -3.038358    4.265837    1.493963    0.00000000   0.0000   0.7426  3-[ 5, 3, 2]
  68    4     5.724201  -13.028396   -5.724201    1.585324    1.00000000   0.0000   0.9044  3-[ 3, 0, 1]
  69    4     6.612299   -0.691896    6.612299    1.638466    0.00000000   0.0000   0.8164  3-[ 5, 2, 1]
  70    4     9.268212  -16.572407   -9.268212    1.787991    1.00000000   0.0000   0.9145  3-[ 3, 1, 2]
  71    4    10.981867    3.677672   10.981867    1.878160    0.00000000   0.0000   0.9377  3-[ 5, 1, 2]
  72    4    13.744357  -21.048552  -13.744357    2.015039    1.00000000   0.0000   0.8153  3-[ 3, 2, 1]
  73    4    15.640611    8.336416   15.640611    2.103849    0.00000000   0.0000   0.9075  3-[ 5, 0, 1]
  74    4    15.939624    8.635430   15.939624    2.117513    0.00000000   0.0000   0.5114  3-[ 7, 6, 1]
  75    4    23.003981   15.699786   23.003981    2.417978    0.00000000   0.0000   0.6242  3-[ 7, 6, 1]
  76    4    23.108804  -30.412999  -23.108804    2.422156    1.00000000   0.0000   0.9286  3-[ 1, 0, 1]
  77    4    24.055233   16.751039   24.055233    2.459555    0.00000000   0.0000   0.5531  3-[ 7, 4, 1]
  78    4    27.140615   19.836420   27.140615    2.577712    0.00000000   0.0000   0.8098  3-[ 7, 3, 2]
  79    4    30.045016   22.740821   30.045016    2.684189    0.00000000   0.0000   0.8184  3-[ 7, 2, 1]
  80    4    32.171629   24.867434   32.171629    2.759548    0.00000000   0.0000   0.9185  3-[ 7, 1, 2]
  81    4    32.802170   25.497975   32.802170    2.781500    0.00000000   0.0000   0.9480  3-[ 7, 0, 1]
  82    5     0.035367   -7.339562   -0.035367    1.189892    1.00000000   0.0000   0.9277  5+[ 4, 1, 3]
  83    5     2.566563   -4.737632    2.566563    1.379900    0.00000000   0.0000   0.9401  5+[ 4, 0, 2]
  84    5     6.404047  -13.708241   -6.404047    1.626160    1.00000000   0.0000   0.8604  5+[ 4, 2, 2]
  85    5     6.908344   -0.395851    6.908344    1.655801    0.00000000   0.0000   0.7360  5+[ 6, 4, 2]
  86    5    14.221542    6.917347   14.221542    2.037753    0.00000000   0.0000   0.7804  5+[ 6, 3, 3]
  87    5    16.263127    8.958932   16.263127    2.132198    0.00000000   0.0000   0.8537  5+[ 6, 2, 2]
  88    5    16.799211  -24.103406  -16.799211    2.156312    1.00000000   0.0000   0.9512  5+[ 2, 0, 2]
  89    5    20.908932   13.604738   20.908932    2.332910    0.00000000   0.0000   0.9549  5+[ 6, 1, 3]
  90    5    24.093263   16.789068   24.093263    2.461046    0.00000000   0.0000   0.8843  5+[ 6, 0, 2]
  91    5    24.454717   17.150522   24.454717    2.475171    0.00000000   0.0000   0.6108  5+[ 8, 6, 2]
  92    5    32.526041   25.221847   32.526041    2.771908    0.00000000   0.0000   0.6503  5+[ 8, 6, 2]
  93    5    33.371606   26.067411   33.371606    2.801177    0.00000000   0.0000   0.7076  5+[ 8, 5, 3]
  94    5    36.379662   29.075467   36.379662    2.902906    0.00000000   0.0000   0.7550  5+[ 8, 3, 3]
  95    5    37.059563   29.755369   37.059563    2.925409    0.00000000   0.0000   0.7661  5+[ 8, 2, 2]
  96    5    39.072982   31.768787   39.072982    2.991056    0.00000000   0.0000   0.9452  5+[ 8, 1, 3]
  97    5    40.118044   32.813849   40.118044    3.024569    0.00000000   0.0000   0.9175  5+[ 8, 0, 2]
  98    6     0.021583   -7.282612    0.021583    1.188774    0.00000000   0.0000   0.8028  5-[ 5, 3, 2]
  99    6     6.375470  -13.679665   -6.375470    1.624464    1.00000000   0.0000   0.9681  5-[ 3, 0, 3]
 100    6     6.971434   -0.332761    6.971434    1.659472    0.00000000   0.0000   0.8714  5-[ 5, 2, 3]
 101    6     9.468639    2.164445    9.468639    1.798770    0.00000000   0.0000   0.9212  5-[ 5, 1, 2]
 102    6    11.896658  -19.200852  -11.896658    1.924565    1.00000000   0.0000   0.9228  5-[ 3, 1, 2]
 103    6    13.882131    6.577936   13.882131    2.021623    0.00000000   0.0000   0.9774  5-[ 5, 0, 3]
 104    6    16.582235    9.278040   16.582235    2.146585    0.00000000   0.0000   0.6967  5-[ 7, 5, 2]
 105    6    24.174681   16.870486   24.174681    2.464234    0.00000000   0.0000   0.6807  5-[ 7, 4, 3]
 106    6    25.335276   18.031081   25.335276    2.509250    0.00000000   0.0000   0.7513  5-[ 7, 3, 2]
 107    6    28.976293   21.672098   28.976293    2.645507    0.00000000   0.0000   0.9250  5-[ 7, 2, 3]
 108    6    31.314155   24.009960   31.314155    2.729413    0.00000000   0.0000   0.9383  5-[ 7, 1, 2]
 109    6    33.403142   26.098947   33.403142    2.802262    0.00000000   0.0000   0.9822  5-[ 7, 0, 3]
 110    7     2.916021   -4.388174    2.916021    1.404114    0.00000000   0.0000   0.9747  7+[ 4, 0, 4]
 111    7     4.418891  -11.723085   -4.418891    1.503811    1.00000000   0.0000   0.9447  7+[ 4, 1, 3]
 112    7     8.463283    1.159088    8.463283    1.744028    0.00000000   0.0000   0.8495  7+[ 6, 3, 3]
 113    7    17.059007    9.754812   17.059007    2.167902    0.00000000   0.0000   0.8882  7+[ 6, 2, 4]
 114    7    19.069562   11.765367   19.069562    2.255581    0.00000000   0.0000   0.9367  7+[ 6, 1, 3]
 115    7    23.738607   16.434412   23.738607    2.447107    0.00000000   0.0000   0.9828  7+[ 6, 0, 4]
 116    7    25.424882   18.120687   25.424882    2.512692    0.00000000   0.0000   0.7762  7+[ 8, 5, 3]
 117    7    33.848096   26.543902   33.848096    2.817536    0.00000000   0.0000   0.6094  7+[ 8, 3, 3]
 118    7    34.692667   27.388472   34.692667    2.846301    0.00000000   0.0000   0.7464  7+[ 8, 4, 4]
 119    7    37.414311   30.110117   37.414311    2.937082    0.00000000   0.0000   0.9202  7+[ 8, 1, 3]
 120    7    38.303274   30.999079   38.303274    2.966132    0.00000000   0.0000   0.8784  7+[ 8, 2, 4]
 121    7    39.668312   32.364117   39.668312    3.010193    0.00000000   0.0000   0.9445  7+[ 8, 0, 4]
 122    8     1.918720   -5.385474    1.918720    1.333849    0.00000000   0.0000   0.9014  7-[ 5, 2, 3]
 123    8     9.774260  -17.078454   -9.774260    1.815084    1.00000000   0.0000   0.9697  7-[ 3, 0, 3]
 124    8     9.852573    2.548378    9.852573    1.819241    0.00000000   0.0000   0.9449  7-[ 5, 1, 4]
 125    8    12.195452    4.891257   12.195452    1.939482    0.00000000   0.0000   0.9688  7-[ 5, 0, 3]
 126    8    17.442516   10.138322   17.442516    2.184898    0.00000000   0.0000   0.8224  7-[ 7, 4, 3]
 127    8    25.902545   18.598350   25.902545    2.530962    0.00000000   0.0000   0.7937  7-[ 7, 3, 4]
 128    8    27.054939   19.750744   27.054939    2.574504    0.00000000   0.0000   0.8701  7-[ 7, 2, 3]
 129    8    31.186470   23.882275   31.186470    2.724897    0.00000000   0.0000   0.9611  7-[ 7, 1, 4]
 130    8    32.258495   24.954300   32.258495    2.762583    0.00000000   0.0000   0.9807  7-[ 7, 0, 3]
 131    9     2.216018   -9.520212   -2.216018    1.355176    1.00000000   0.0000   0.9821  9+[ 4, 0, 4]
 132    9    10.588656    3.284461   10.588656    1.857857    0.00000000   0.0000   0.9247  9+[ 6, 2, 4]
 133    9    19.920161   12.615966   19.920161    2.291666    0.00000000   0.0000   0.9524  9+[ 6, 1, 5]
 134    9    21.760268   14.456073   21.760268    2.367847    0.00000000   0.0000   0.9787  9+[ 6, 0, 4]
 135    9    26.649477   19.345282   26.649477    2.559268    0.00000000   0.0000   0.8716  9+[ 8, 4, 4]
 136    9    35.534401   28.230206   35.534401    2.874684    0.00000000   0.0000   0.8004  9+[ 8, 2, 4]
 137    9    36.343071   29.038876   36.343071    2.901690    0.00000000   0.0000   0.8325  9+[ 8, 3, 5]
 138    9    38.010547   30.706352   38.010547    2.956597    0.00000000   0.0000   0.9872  9+[ 8, 0, 4]
 139    9    40.149852   32.845658   40.149852    3.025583    0.00000000   0.0000   0.9696  9+[ 8, 1, 5]
 140   10     4.119160   -3.185035    4.119160    1.484463    0.00000000   0.0000   0.9659  9-[ 5, 1, 4]
 141   10    12.727096    5.422901   12.727096    1.965744    0.00000000   0.0000   0.9807  9-[ 5, 0, 5]
 142   10    18.781263   11.477069   18.781263    2.243219    0.00000000   0.0000   0.9097  9-[ 7, 3, 4]
 143   10    28.169720   20.865526   28.169720    2.615935    0.00000000   0.0000   0.8804  9-[ 7, 2, 5]
 144   10    29.075662   21.771467   29.075662    2.649128    0.00000000   0.0000   0.9305  9-[ 7, 1, 4]
 145   10    33.416190   26.111995   33.416190    2.802711    0.00000000   0.0000   0.9894  9-[ 7, 0, 5]
 146   11    12.849869    5.545674   12.849869    1.971759    0.00000000   0.0000   0.9731 11+[ 6, 1, 5]
 147   11    22.697220   15.393025   22.697220    2.405710    0.00000000   0.0000   0.9831 11+[ 6, 0, 6]
 148   11    28.403701   21.099507   28.403701    2.624548    0.00000000   0.0000   0.9358 11+[ 8, 3, 5]
 149   11    37.270284   29.966089   37.270284    2.932348    0.00000000   0.0000   0.9445 11+[ 8, 1, 5]
 150   11    38.378341   31.074147   38.378341    2.968572    0.00000000   0.0000   0.9335 11+[ 8, 2, 6]
 151   11    41.783381   34.479186   41.783381    3.077218    0.00000000   0.0000   0.9896 11+[ 8, 0, 6]
 152   12     6.414004   -0.890191    6.414004    1.626751    0.00000000   0.0000   0.9937 11-[ 5, 0, 5]
 153   12    20.702986   13.398792   20.702986    2.324380    0.00000000   0.0000   0.9591 11-[ 7, 2, 5]
 154   12    30.479370   23.175176   30.479370    2.699752    0.00000000   0.0000   0.9404 11-[ 7, 1, 6]
 155   12    31.039384   23.735189   31.039384    2.719686    0.00000000   0.0000   0.9686 11-[ 7, 0, 5]
 156   13    15.176664    7.872469   15.176664    2.082471    0.00000000   0.0000   0.9919 13+[ 6, 0, 6]
 157   13    30.627213   23.323018   30.627213    2.705029    0.00000000   0.0000   0.9695 13+[ 8, 2, 6]
 158   13    38.775915   31.471720   38.775915    2.981461    0.00000000   0.0000   0.9887 13+[ 8, 0, 6]
 159   13    40.474115   33.169920   40.474115    3.035902    0.00000000   0.0000   0.9729 13+[ 8, 1, 7]
 160   14    22.840957   15.536762   22.840957    2.411466    0.00000000   0.0000   0.9878 13-[ 7, 1, 6]
 161   14    32.839928   25.535733   32.839928    2.782809    0.00000000   0.0000   0.9878 13-[ 7, 0, 7]
 162   15    32.952438   25.648243   32.952438    2.786706    0.00000000   0.0000   0.9893 15+[ 8, 1, 7]
 163   15    42.591072   35.286877   42.591072    3.102431    0.00000000   0.0000   0.9893 15+[ 8, 0, 8]
 164   16    25.223553   17.919359   25.223553    2.504952    0.00000000   0.0000   1.0000 15-[ 7, 0, 7]
 165   17    35.366617   28.062422   35.366617    2.869048    0.00000000   0.0000   1.0000 17+[ 8, 0, 8]
#all active are  165 q.p. states out of  165
#since the cut off is pwi=  60.0
#check: number of protons =  64.0


 #canonical s.p. energies protons 
 ---------------------------------


  labels -> {2*omega}{parity}[nn=nz+2*nr+nl,nz,nl]
  cqpe   -> canonical q.p. energies
  ce     -> canonical s.p. energies
  fermi energy=  -7.3041947306362145     
  average cdelt=  -1.0845895285363319E-023
  k0      ceqp        ce         v*v       u*v        cdel     overl      labels
   1    7.412118    7.412118   0.00000000   0.00000000   0.0000   0.5988  1+[ 6, 6, 0]
   2   19.879228   19.879228   0.00000000   0.00000000   0.0000   0.6350  1+[ 8, 7, 1]
   3   25.281763   25.281763   0.00000000   0.00000000   0.0000   0.7342  1+[ 8, 2, 0]
   4    6.578725    6.578725   0.00000000   0.00000000  -0.0000   0.6663  1+[ 6, 3, 1]
   5   17.804966   17.804966   0.00000000   0.00000000   0.0000   0.7142  1+[ 6, 1, 1]
   6   18.955528   18.955528   0.00000000   0.00000000   0.0000   0.6162  1+[ 6, 2, 0]
   7   24.887249   24.887249   0.00000000   0.00000000   0.0000   0.5134  1+[ 8, 6, 0]
   8   26.524738   26.524738   0.00000000   0.00000000   0.0000   0.6417  1+[ 8, 3, 1]
   9   22.337407   22.337407   0.00000000   0.00000000   0.0000   0.5816  1+[ 8, 4, 0]
  10   22.924674   22.924674   0.00000000   0.00000000   0.0000   0.8023  1+[ 8, 5, 1]
  11   17.232291   17.232291   0.00000000   0.00000000  -0.0000   0.5562  1+[ 6, 0, 0]
  12   18.948668   18.948668   0.00000000   0.00000001   0.0000   0.4348  1+[ 8, 7, 1]
  13   18.500258   18.500258   0.00000000   0.00000001   0.0000   0.5368  1+[ 8, 0, 0]
  14   22.633931   22.633931   0.00000000   0.00000001   0.0000   0.8561  1+[ 8, 8, 0]
  15   10.910451   10.910451   0.00000000   0.00000002  -0.0000   0.5462  1+[ 6, 4, 0]
  16    8.095591    8.095591   0.00000000   0.00000002   0.0000   0.6375  1+[ 4, 0, 0]
  17    5.371640    5.371640   0.00000000   0.00000003   0.0000   0.8610  1+[ 6, 5, 1]
  18   -6.408996   -6.408996   0.00000002   0.00012948   0.0000   0.8890  1+[ 4, 1, 1]
  19    7.145445  -21.753834   1.00000000   0.00000004   0.0000   0.6487  1+[ 2, 1, 1]
  20    2.429491  -17.037880   1.00000000   0.00000003   0.0000   0.5291  1+[ 4, 3, 1]
  21   19.721219  -34.329609   1.00000000   0.00000002   0.0000   0.9890  1+[ 0, 0, 0]
  22    9.190949  -23.799339   1.00000000   0.00000002   0.0000   0.7058  1+[ 2, 2, 0]
  23    1.722080  -16.330469   1.00000000   0.00000000   0.0000   0.6581  1+[ 4, 4, 0]
  24   -0.849271  -13.759118   1.00000000   0.00000000   0.0000   0.4851  1+[ 2, 0, 0]
  25    7.487936  -22.096325   1.00000000   0.00000000   0.0000   0.6037  1+[ 2, 1, 1]
  26    3.630541    3.630541   0.00000000   0.00000000   0.0000   0.7813  1-[ 7, 6, 1]
  27    7.565102    7.565102   0.00000000   0.00000000   0.0000   0.7337  1-[ 5, 0, 1]
  28   14.376364   14.376364   0.00000000   0.00000000   0.0000   0.6846  1-[ 7, 7, 0]
  29   10.884969   10.884969   0.00000000   0.00000000  -0.0000   0.6464  1-[ 7, 4, 1]
  30    5.567203    5.567203   0.00000000   0.00000000   0.0000   0.5367  1-[ 5, 2, 1]
  31   21.089563   21.089563   0.00000000   0.00000000   0.0000   0.7819  1-[ 7, 2, 1]
  32   22.276654   22.276654   0.00000000   0.00000000   0.0000   0.6853  1-[ 7, 1, 0]
  33   18.141718   18.141718   0.00000000   0.00000000  -0.0000   0.7939  1-[ 7, 3, 0]
  34   22.232465   22.232465   0.00000000   0.00000000  -0.0000   0.8356  1-[ 7, 0, 1]
  35    7.166389    7.166389   0.00000000   0.00000000   0.0000   0.6697  1-[ 5, 4, 1]
  36   13.070176   13.070176   0.00000000   0.00000000  -0.0000   0.6241  1-[ 7, 4, 1]
  37    8.606791    8.606791   0.00000000   0.00000001   0.0000   0.4538  1-[ 5, 3, 0]
  38    0.857715    0.857715   0.00000000   0.00000001   0.0000   0.5794  1-[ 5, 3, 0]
  39   10.943861  -25.552250   1.00000000   0.00000004   0.0000   0.6212  1-[ 3, 3, 0]
  40    7.429731  -22.038120   1.00000000   0.00000003   0.0000   0.7340  1-[ 3, 1, 0]
  41   13.618492  -28.226882   1.00000000   0.00000001   0.0000   0.9384  1-[ 1, 0, 1]
  42    4.322013  -18.930403   1.00000000   0.00000001   0.0000   0.6051  1-[ 3, 3, 0]
  43   -3.118471  -11.489918   1.00000000   0.00000000   0.0000   0.5126  1-[ 5, 5, 0]
  44    2.782810  -17.391199   1.00000000   0.00000000   0.0000   0.6973  1-[ 3, 0, 1]
  45    3.328598  -17.936987   1.00000000   0.00000000   0.0000   0.7800  1-[ 3, 2, 1]
  46   11.194076   11.194076   0.00000000   0.00000000   0.0000   0.5801  3+[ 6, 4, 2]
  47   19.075938   19.075938   0.00000000   0.00000000   0.0000   0.9804  3+[ 8, 7, 1]
  48   12.022830   12.022830   0.00000000   0.00000000   0.0000   0.6712  3+[ 6, 3, 1]
  49   27.834984   27.834984   0.00000000   0.00000000   0.0000   0.5787  3+[ 8, 3, 1]
  50   17.326714   17.326714   0.00000000   0.00000000   0.0000   0.6386  3+[ 8, 3, 1]
  51   16.886870   16.886870   0.00000000   0.00000000   0.0000   0.6230  3+[ 8, 4, 2]
  52   23.648003   23.648003   0.00000000   0.00000000   0.0000   0.6289  3+[ 8, 4, 2]
  53   19.640091   19.640091   0.00000000   0.00000000   0.0000   0.6418  3+[ 8, 5, 1]
  54   27.810628   27.810628   0.00000000   0.00000000   0.0000   0.6046  3+[ 8, 0, 2]
  55   27.678645   27.678645   0.00000000   0.00000000  -0.0000   0.5886  3+[ 8, 0, 2]
  56   18.352732   18.352732   0.00000000   0.00000001   0.0000   0.8325  3+[ 6, 0, 2]
  57   17.795436   17.795436   0.00000000   0.00000001   0.0000   0.7222  3+[ 8, 6, 2]
  58    0.759757    0.759757   0.00000000   0.00000001   0.0000   0.8752  3+[ 4, 0, 2]
  59   14.425068   14.425068   0.00000000   0.00000001   0.0000   0.5726  3+[ 8, 6, 2]
  60   12.289070   12.289070   0.00000000   0.00000002  -0.0000   0.5300  3+[ 6, 4, 2]
  61   -7.169679   -7.438711   0.93645319   0.24394387   0.0000   0.8802  3+[ 4, 1, 1]
  62    4.776984  -19.385374   1.00000000   0.00000004   0.0000   0.7363  3+[ 2, 0, 2]
  63    3.598916  -18.207306   1.00000000   0.00000002   0.0000   0.6572  3+[ 2, 1, 1]
  64    0.941878  -15.550268   1.00000000   0.00000001   0.0000   0.5551  3+[ 4, 2, 2]
  65    6.110573  -20.718963   1.00000000   0.00000000   0.0000   0.5939  3+[ 2, 1, 1]
  66   12.169361   12.169361   0.00000000   0.00000000   0.0000   0.8152  3-[ 7, 6, 1]
  67    4.205220    4.205220   0.00000000   0.00000000   0.0000   0.5923  3-[ 5, 3, 2]
  68   12.253069   12.253069   0.00000000   0.00000000   0.0000   0.7468  3-[ 7, 5, 2]
  69    8.573340    8.573340   0.00000000   0.00000000   0.0000   0.7301  3-[ 5, 0, 1]
  70   17.589212   17.589212   0.00000000   0.00000000   0.0000   0.8026  3-[ 7, 4, 1]
  71   21.463549   21.463549   0.00000000   0.00000000   0.0000   0.8510  3-[ 7, 2, 1]
  72   17.151930   17.151930   0.00000000   0.00000000  -0.0000   0.9476  3-[ 7, 3, 2]
  73   20.865032   20.865032   0.00000000   0.00000000   0.0000   0.7049  3-[ 7, 1, 2]
  74    2.788640    2.788640   0.00000000   0.00000001   0.0000   0.7725  3-[ 5, 2, 1]
  75   18.135961   18.135961   0.00000000   0.00000001   0.0000   0.7757  3-[ 7, 0, 1]
  76    7.117426    7.117426   0.00000000   0.00000001  -0.0000   0.7039  3-[ 5, 1, 2]
  77   -6.032976   -8.575414   1.00000000   0.00000301   0.0000   0.6592  3-[ 5, 4, 1]
  78    1.970328  -16.578718   1.00000000   0.00000003   0.0000   0.5797  3-[ 3, 0, 1]
  79    4.316140  -18.924530   1.00000000   0.00000001   0.0000   0.6319  3-[ 3, 1, 2]
  80   12.486582  -27.094971   1.00000000   0.00000001  -0.0000   0.8680  3-[ 1, 0, 1]
  81    3.855746  -18.464135   1.00000000   0.00000000   0.0000   0.6907  3-[ 3, 2, 1]
  82    8.489929    8.489929   0.00000000   0.00000000  -0.0000   0.7535  5+[ 6, 4, 2]
  83   15.944597   15.944597   0.00000000   0.00000000   0.0000   0.5813  5+[ 6, 0, 2]
  84   18.977604   18.977604   0.00000000   0.00000000   0.0000   0.5743  5+[ 8, 6, 2]
  85   20.414612   20.414612   0.00000000   0.00000000   0.0000   0.7171  5+[ 8, 6, 2]
  86   28.076178   28.076178   0.00000000   0.00000000   0.0000   0.7509  5+[ 8, 0, 2]
  87   19.280282   19.280282   0.00000000   0.00000000   0.0000   0.4723  5+[ 6, 2, 2]
  88   26.016209   26.016209   0.00000000   0.00000000   0.0000   0.5431  5+[ 8, 3, 3]
  89   23.290312   23.290312   0.00000000   0.00000000  -0.0000   0.4822  5+[ 8, 4, 2]
  90   27.869969   27.869969   0.00000000   0.00000000   0.0000   0.6753  5+[ 8, 2, 2]
  91   22.171203   22.171203   0.00000000   0.00000000   0.0000   0.6697  5+[ 8, 4, 2]
  92   16.391036   16.391036   0.00000000   0.00000000   0.0000   0.7190  5+[ 6, 1, 3]
  93   -0.378120   -0.378120   0.00000000   0.00000001   0.0000   0.8931  5+[ 4, 0, 2]
  94    6.446042    6.446042   0.00000000   0.00000002  -0.0000   0.9264  5+[ 6, 3, 3]
  95   -7.268827   -7.339562   0.66981514   0.47027951   0.0000   0.9277  5+[ 4, 1, 3]
  96    8.083773  -22.692163   1.00000000   0.00000002   0.0000   0.8203  5+[ 2, 0, 2]
  97    0.511095  -15.119485   1.00000000   0.00000000   0.0000   0.7202  5+[ 4, 2, 2]
  98    3.810569    3.810569   0.00000000   0.00000000   0.0000   0.8309  5-[ 5, 1, 2]
  99   14.266494   14.266494   0.00000000   0.00000000   0.0000   0.6200  5-[ 7, 5, 2]
 100   21.111062   21.111062   0.00000000   0.00000000   0.0000   0.8954  5-[ 7, 1, 2]
 101   15.828841   15.828841   0.00000000   0.00000000  -0.0000   0.9930  5-[ 7, 3, 2]
 102   20.654108   20.654108   0.00000000   0.00000000   0.0000   0.8962  5-[ 7, 2, 3]
 103   17.329584   17.329584   0.00000000   0.00000000   0.0000   0.6185  5-[ 7, 4, 3]
 104   18.516631   18.516631   0.00000000   0.00000000  -0.0000   0.6349  5-[ 7, 0, 3]
 105   10.501168   10.501168   0.00000000   0.00000001   0.0000   0.8561  5-[ 5, 0, 3]
 106    2.351777    2.351777   0.00000000   0.00000001   0.0000   0.8493  5-[ 5, 2, 3]
 107   -7.282612   -7.282612   0.39373165   0.48857654   0.0000   0.8028  5-[ 5, 3, 2]
 108    4.364577  -18.972966   1.00000000   0.00000002   0.0000   0.8694  5-[ 3, 1, 2]
 109   -0.700838  -13.907551   1.00000000   0.00000000   0.0000   0.9146  5-[ 3, 0, 3]
 110   -3.992585   -3.992585   0.00000000   0.00000000   0.0000   0.9825  7+[ 4, 0, 4]
 111   16.222621   16.222621   0.00000000   0.00000000  -0.0000   0.5643  7+[ 6, 1, 3]
 112   19.761477   19.761477   0.00000000   0.00000000  -0.0000   0.9419  7+[ 8, 5, 3]
 113   16.542584   16.542584   0.00000000   0.00000000   0.0000   0.7950  7+[ 6, 2, 4]
 114   16.920103   16.920103   0.00000000   0.00000000   0.0000   0.9455  7+[ 6, 0, 4]
 115   24.485750   24.485750   0.00000000   0.00000000  -0.0000   0.9895  7+[ 8, 4, 4]
 116   29.530601   29.530601   0.00000000   0.00000000   0.0000   0.8890  7+[ 8, 2, 4]
 117   28.089171   28.089171   0.00000000   0.00000000  -0.0000   0.7987  7+[ 8, 0, 4]
 118   25.732721   25.732721   0.00000000   0.00000000   0.0000   0.6164  7+[ 8, 3, 3]
 119   19.030415   19.030415   0.00000000   0.00000000   0.0000   0.6072  7+[ 6, 1, 3]
 120    7.929022    7.929022   0.00000000   0.00000000  -0.0000   0.7988  7+[ 6, 3, 3]
 121   -2.885304  -11.723085   1.00000000   0.00000000   0.0000   0.9447  7+[ 4, 1, 3]
 122    5.559416    5.559416   0.00000000   0.00000000   0.0000   0.7063  7-[ 5, 0, 3]
 123    2.774407    2.774407   0.00000000   0.00000000   0.0000   0.8654  7-[ 5, 1, 4]
 124   15.101052   15.101052   0.00000000   0.00000000  -0.0000   0.7000  7-[ 7, 4, 3]
 125   17.206758   17.206758   0.00000000   0.00000000  -0.0000   0.9297  7-[ 7, 3, 4]
 126   23.341563   23.341563   0.00000000   0.00000000   0.0000   0.9430  7-[ 7, 1, 4]
 127   18.410082   18.410082   0.00000000   0.00000000   0.0000   0.9773  7-[ 7, 2, 3]
 128   15.444869   15.444869   0.00000000   0.00000000   0.0000   0.6897  7-[ 7, 4, 3]
 129    1.540003    1.540003   0.00000000   0.00000000   0.0000   0.7874  7-[ 5, 2, 3]
 130    2.470065  -17.078454   1.00000000   0.00000001   0.0000   0.9697  7-[ 3, 0, 3]
 131   13.296571   13.296571   0.00000000   0.00000000   0.0000   0.7468  9+[ 6, 2, 4]
 132   18.022999   18.022999   0.00000000   0.00000000   0.0000   0.6206  9+[ 6, 0, 4]
 133   28.006797   28.006797   0.00000000   0.00000000  -0.0000   0.7669  9+[ 8, 2, 4]
 134   28.513392   28.513392   0.00000000   0.00000000   0.0000   0.6834  9+[ 8, 1, 5]
 135   28.722835   28.722835   0.00000000   0.00000000  -0.0000   0.8883  9+[ 8, 3, 5]
 136   22.706881   22.706881   0.00000000   0.00000000   0.0000   0.7681  9+[ 8, 4, 4]
 137   21.894200   21.894200   0.00000000   0.00000000   0.0000   0.6148  9+[ 8, 2, 4]
 138    9.359198    9.359198   0.00000000   0.00000000   0.0000   0.8598  9+[ 6, 1, 5]
 139   -5.088177   -9.520212   1.00000000   0.00000000   0.0000   0.9821  9+[ 4, 0, 4]
 140   11.054591   11.054591   0.00000000   0.00000000  -0.0000   0.8481  9-[ 7, 3, 4]
 141   12.976790   12.976790   0.00000000   0.00000000   0.0000   0.5869  9-[ 5, 1, 4]
 142    7.473312    7.473312   0.00000000   0.00000000   0.0000   0.6527  9-[ 5, 1, 4]
 143   15.769708   15.769708   0.00000000   0.00000000   0.0000   0.6009  9-[ 7, 2, 5]
 144    9.388444    9.388444   0.00000000   0.00000000   0.0000   0.8024  9-[ 5, 0, 5]
 145   25.801078   25.801078   0.00000000   0.00000000   0.0000   0.9653  9-[ 7, 0, 5]
 146   21.482246   21.482246   0.00000000   0.00000000  -0.0000   0.7752 11+[ 8, 3, 5]
 147   17.938036   17.938036   0.00000000   0.00000000   0.0000   0.5394 11+[ 8, 3, 5]
 148   24.029142   24.029142   0.00000000   0.00000000   0.0000   0.7962 11+[ 8, 1, 5]
 149   24.220090   24.220090   0.00000000   0.00000000   0.0000   0.6784 11+[ 8, 2, 6]
 150   17.649771   17.649771   0.00000000   0.00000000   0.0000   0.9088 11+[ 6, 0, 6]
 151   32.238341   32.238341   0.00000000   0.00000000   0.0000   0.8186 11+[ 8, 0, 6]
 152   20.236938   20.236938   0.00000000   0.00000000   0.0000   0.9466 11-[ 7, 1, 6]
 153   15.260712   15.260712   0.00000000   0.00000000   0.0000   0.8427 11-[ 7, 2, 5]
 154    0.978959    0.978959   0.00000000   0.00000000   0.0000   0.9102 11-[ 5, 0, 5]
 155   22.942357   22.942357   0.00000000   0.00000000   0.0000   0.9487 11-[ 7, 0, 5]
 156   24.802319   24.802319   0.00000000   0.00000000   0.0000   0.6871 13+[ 8, 2, 6]
 157   31.520690   31.520690   0.00000000   0.00000000   0.0000   0.7873 13+[ 8, 1, 7]
 158   12.066386   12.066386   0.00000000   0.00000000  -0.0000   0.8523 13+[ 6, 0, 6]
 159   27.447732   27.447732   0.00000000   0.00000000   0.0000   0.7812 13+[ 8, 0, 6]
 160   15.778525   15.778525   0.00000000   0.00000000   0.0000   1.0000 13-[ 7, 1, 6]
 161   25.293970   25.293970   0.00000000   0.00000000   0.0000   1.0000 13-[ 7, 0, 7]
 162   25.852849   25.852849   0.00000000   0.00000000   0.0000   1.0000 15+[ 8, 1, 7]
 163   35.082271   35.082271   0.00000000   0.00000000   0.0000   1.0000 15+[ 8, 0, 8]
 164   17.919359   17.919359   0.00000000   0.00000000   0.0000   1.0000 15-[ 7, 0, 7]
 165   28.062422   28.062422   0.00000000   0.00000000   0.0000   1.0000 17+[ 8, 0, 8]
  Sum canonical e_v*V^2_k=  -1155.8709557807447     

  NB! From expect (UNPROJECTED RESULTS)

  pairing: CpV0,CpV1,...           0.100000       0.100000       1.000000       1.000000
  forces:   UNE1                          


                             neutrons         protons         total
  Requested part.numbs.      92.000000      64.000000     156.000000
  UnPj(av) part.numbs .      92.000000      64.000000     156.000000
  b0, bz, bp ..........       2.130153       2.136882       2.126796

  lambda (ala) ........      -7.029111      -7.304195
  Lambda (alast) ......      -7.029111      -7.304195
  delta(n,p), pwi .....       0.000000      -0.000000      60.000000
  pairing energy ......       0.000000       0.000000       0.000000

  rms-radius ..........       5.212759       5.098867       5.166338
  charge-radius, r0 ...                      5.161245       6.459855
  deformation beta2....       0.306303       0.343619       0.321215
  dipole moment[fm] ...       0.000000       0.000000       0.000000
  quadrupole moment[b]        9.660170       7.212975      16.873145
  octupole moment .....       0.000000       0.000000       0.000000
  hexadecapole moment .       0.385493       0.289537       0.675031
  q5 ..................       0.000000       0.000000       0.000000
  q6 ..................       0.029561       0.020060       0.049621
  q7 ..................       0.000000       0.000000       0.000000
  q8 ..................       0.000600      -0.003308      -0.002708

  <r^0> [fm^0] ........            1.000000            1.000000            1.000000
  <r^2> [fm^2] ........           27.172854           25.998445           26.691045
  <r^4> [fm^4] ........          979.234358          887.930555          941.776388
  <r^6> [fm^6] ........        42312.727409        36309.716244        39849.953598
  <r^8> [fm^8] ........      2097092.162386      1706887.195565      1937008.073434

  kinetic energy ......    1823.605571    1069.091919    2892.697490
  volume energy .......                                 -4793.216673
        rho_tau .......                                    -6.950095
        rho_rho .......                                 -4786.266578
  surface energy ......                                   171.310658
   rho_DELTA_rho ......                                   171.310658
   (NABLA_rho)^2 ......                                     0.000000
  spin-orbit energy ...                                   -62.436423
        rho_NABLA_J ...                                   -62.436423
        NABLA_rho_J ...                                     0.000000
  coulomb energy ......                                   523.186399
          direct ......                                   547.686500
          exchange ....                                   -24.500101
  tensor energy .......                                     0.000000
  direct Hartree E  ...                                     0.000000
  Extra E .............                                     0.000000
  External field E ....                                     0.000000
  Entropy .............       2.573141       3.082630       5.655771

  tEnergy: ehfb (qp)...                                 -1268.458548

  Calculated but not added corrections 
====================================
  cmc-diagonal part ...       0.000000       0.000000       0.000000
  cmc-hfb .............       0.000000       0.000000       0.000000
  cranking rot corr ...       0.000000       0.000000       0.000000

  SQUJ ................       0.000000       0.000000       0.000000
  CRAN x 4 ............       0.000000       0.000000       0.000000
  Rigit Body ..........       0.000000       0.000000       0.000000


   Blocking candidates are:
   neutron eqpmin=   3.4769433232149538E-002  pwiblo=   2.0016019225635890     
    num=   1 block=  12 state=   1   152 Eqp=   0.03476943  (1-2N)E=  -0.03476943  Ovlp=   0.99294004 11-[ 5, 0, 5]
    num=   2 block=   4 state=   1    66 Eqp=   0.03525679  (1-2N)E=   0.03525679  Ovlp=   0.75888863  3-[ 5, 2, 1]
    num=   3 block=   5 state=   1    82 Eqp=   0.30633698  (1-2N)E=   0.30633698  Ovlp=   0.75168915  5+[ 6, 4, 2]
    num=   4 block=   3 state=   1    46 Eqp=   0.54606187  (1-2N)E=  -0.54606187  Ovlp=   0.60527847  3+[ 6, 5, 1]
    num=   5 block=   6 state=   1    98 Eqp=   1.01852741  (1-2N)E=   1.01852741  Ovlp=   0.78990814  5-[ 5, 2, 3]
    num=   6 block=   1 state=   1     1 Eqp=   1.16222616  (1-2N)E=  -1.16222616  Ovlp=   0.45439971  1+[ 6, 4, 0]
    num=   7 block=   2 state=   1    26 Eqp=   1.24535719  (1-2N)E=   1.24535719  Ovlp=   0.77328998  1-[ 5, 2, 1]
    num=   8 block=   3 state=   2    47 Eqp=   1.32361451  (1-2N)E=  -1.32361451  Ovlp=   0.94963164  3+[ 4, 0, 2]
    num=   9 block=   4 state=   2    67 Eqp=   1.44009248  (1-2N)E=  -1.44009248  Ovlp=   0.66218827  3-[ 5, 3, 2]
    num=  10 block=   1 state=   2     2 Eqp=   1.52407028  (1-2N)E=  -1.52407028  Ovlp=   0.92759203  1+[ 4, 0, 0]
    num=  11 block=   2 state=   2    27 Eqp=   1.77883638  (1-2N)E=  -1.77883638  Ovlp=   0.64122360  1-[ 5, 3, 0]
    num=  12 block=   7 state=   1   110 Eqp=   1.93317909  (1-2N)E=   1.93317909  Ovlp=   0.84911371  7+[ 6, 3, 3]

   Blocking candidates are:
   proton  eqpmin=   3.5367454225045947E-002  pwiblo=   2.0016019225635890     
    num=   1 block=   5 state=   1    82 Eqp=   0.03536745  (1-2N)E=  -0.03536745  Ovlp=   0.92773025  5+[ 4, 1, 3]
    num=   2 block=   6 state=   1    98 Eqp=   0.02158266  (1-2N)E=   0.02158266  Ovlp=   0.80281840  5-[ 5, 3, 2]
    num=   3 block=   3 state=   1    46 Eqp=   0.13451614  (1-2N)E=  -0.13451614  Ovlp=   0.88022606  3+[ 4, 1, 1]
    num=   4 block=   1 state=   1     1 Eqp=   0.89519913  (1-2N)E=   0.89519913  Ovlp=   0.88895929  1+[ 4, 1, 1]
    num=   5 block=   4 state=   1    66 Eqp=   1.27121904  (1-2N)E=  -1.27121904  Ovlp=   0.65918167  3-[ 5, 4, 1]
    num=   6 block=   8 state=   1   122 Eqp=   1.91872029  (1-2N)E=   1.91872029  Ovlp=   0.90137447  7-[ 5, 2, 3]


