
  =======================================
           FORTRAN 95 CODE (KIND= 8) 
               Version: 200d  
  =======================================
       AXIALLY DEFORMED CONFIGURATIONAL  
     HARTREE-FOCK-BOGOLIUBOV CALCULATIONS
                     WITH                
            UNEDF AND DELTA PAIRING      
                     USING               
             HARMONIC-OSCILLATOR         
                   AND/OR                
       TRANSFORMED HARMONIC-OSCILLATOR   
                    BASIS                
                     ---                 
               v1.66  (2005):,           
   Stoitsov,Dobaczewski,Nazarewicz,Ring, 
               v2.00d (2012):,           
         Stoitsov,Schunck,Kortelainen    
  =======================================
    Nucleus: MG (A=  24, N= 12, Z= 12)
       Reflection Symmetry Imposed       
            ( 7/14/2023, 22: 9)                               
  =======================================


  ---------------------------------------
           UNEDF Module Version:17
         M.Kortelainen & M.Stoitsov 
  ---------------------------------------

  UNE1 functional
  ----------------------------------
  Crho(0)=   -805.222447996204210    ; Crho(1)=    291.222978060137905    
  CDrho(0)=   882.434361955215650    ; CDrho(1)=  -234.165888623245678    
  Ctau(0)=    9.09002255551703442    ; Ctau(1)=   -23.5057482499434975    
  CrDr(0)=   -48.6347939888582275    ; CrDr(1)=   -162.612935904521152    
  CrdJ(0)=   -81.0084355015645059    ; CrdJ(1)=   -42.0798358508167283    
  CJ(0)=      0.00000000000000000    ; CJ(1)=      0.00000000000000000    
  CpV0(0)=   0.100000000000000006    ; CpV0(1)=   0.100000000000000006    
  CpV1(0)=    1.00000000000000000    ; CpV1(1)=    1.00000000000000000    
  sigma=     0.249499822134354038    ; hbzero=     20.7355300000000007    
  e^2 chrg=   1.43997840859651305    ; CExPar=     1.00000000000000000    
  c.m. correction: F, chr. density in direct Coul: F
  use tensor terms: F
  use TMR pairing:  0

  Coupling constants in natural units
  -----------------------------------
  Crho_nu(0)=  -0.906777039869626766    ; Crho_nu(1)=   0.327951997171139376    
  CDrho_nu(0)=  0.936460362830965343    ; CDrho_nu(1)= -0.248502418397311992    
  Ctau_nu(0)=   0.128852103193909912    ; Ctau_nu(1)=  -0.333196653875575899    
  CrDr_nu(0)=  -0.689403734214437902    ; CrDr_nu(1)=   -2.30505685435477226    
  CrdJ_nu(0)=   -1.14830378330464722    ; CrdJ_nu(1)=  -0.596486457356631306    
  CJ_nu(0)=      0.00000000000000000    ; CJ_nu(1)=      0.00000000000000000    
  CpV0_nu(0)=   0.112611992142809880E-03; CpV0_nu(1)=   0.112611992142809880E-03
  CpV1_nu(0)=   0.887702254206059068E-03; CpV1_nu(1)=   0.887702254206059068E-03
  fpi_nu=        93.0000000000000000    ; Lambda_nu=     700.000000000000000    

  Nuclear matter properties
  ----------------------------------
      E_NM=     -15.7999999999999812      K_NM=     219.9999999999993179
      P_NM=      -0.0000000000000053    RHO_NM=       0.1589327425962447
    ASS_NM=      29.2351077967786210   LASS_NM=      46.3594086713882660
  SMASS_NM=       1.0696727894107383  VMASS_NM=       1.2498385742322693

  Associated (t,x)-coupling constants
  -----------------------------------
  t0=      -2147.25986132321123    ; x0=       0.425016008647912669E-01
  t1=       271.505598014599911    ; x1=       -5.11829148240566134    
  t2=       1699.55849126259773    ; x2=       -1.34841915365008602    
  t3=       14118.9497912834504    ; x3=      -0.101954719718071518    
  b4=       38.9285996507477776    ; b4p=       84.1596717016334566    
  te=      -510.941490535870969    ; to=       -225.330911886271338    
  sigma=   0.249499822134354038    ; hbzero=    20.7355300000000007    

  ---------------------------------------
        Characteristics of the run       
  ---------------------------------------
  Output file ................:     7
  Nucleus ....................:   MG  24
  Number of HO shells ........:     4
  HO length b0 (fm) ..........:     1.55928400372611
  Basis deformation ..........:  beta0=   0.010 q=   1.010
  HO: b0,1/b0,bp,bz,q ........:   0.15592840E+01  0.64131999E+00  0.15568270E+01  0.15642096E+01  0.10095067E+01
  h**2/(2m), cmc, e**2 .......:   0.20735530E+02  0.20735530E+02  0.14399784E+01
  hom=f*41.0_pr*A^{-1/3}, f...:   0.17056687E+02  0.12000000E+01
  THO basis is ...............:  OFF
  Maximal number of iterations:   400
  Initial mixing parameter ...:  0.300
  Initial w.f. ...............:  from   spherical scratch
  Skyrme functional ..........:    UNE1                          
    with direct and exchange Coulomb
  Lipkin-Nogami procedure is .:  OFF
  PAV procedure is ...........:  OFF
  Constraint calculation is ..:   ON
    Constraint 1 .............: lambda=2 Ql=  -1.192
  Temperature T ..............:   0.05 MeV
  Restart indicator ..........:   1
  Broyden mixing (#iterations):   7

  ---------------------------------------
        Harmonic Oscillator Basis        
  ---------------------------------------
  NUV, NQP:                         195      35
  Comparison with bookkeeping spherical basis:
  n00:                                4       4  Maximal number of shells
  nbx, 2*n00+1:                       9       9  Maximal number of K-blocks
  ntx, (n00+1)*(n00+2)*(n00+3)/6     35      35  Max.num. p/n levels
  nzx, n00:                           4       4  Maximal nz-quantum number
  nrx, n00/2  :                       2       2  Maximal nr-quantum number
  nlx, n00:                           4       4  Maximal ml-quantum number
  ndx, (n00+2)*(n00+2)/4:             9       9  Maximal dim. of one k-block

  Actual basis used
  Number of blocks: nb .......:    9
  Number of levels: nt .......:   35
  Maximal 2*omega : nom ......:    9
  Maximal nz:       nzm ......:    4
  Maximal nr:       nrm ......:    2
  Maximal ml:       nlm ......:    4
  Maximal N=nz+2*nr+nl .......:    4
  2 x biggest block dim. .....:   18
  Non-zero elements of h .....:      115
  Number of Broyden elements .:      460

  ---------------------------------------
            Integration Meshes           
  ---------------------------------------
  Number of Gauss-Hermite mesh points ngh ....:  40
  Number of Gauss-Laguerre mesh points ngl ...:  40
  Number of Gauss-Legendre mesh points nleg ..:  80
  Integration boundaries
    Hermite  - from xh(1)  =  0.12379686 to xh(ngh)   = 11.88786356
    Laguerre - From xl(1)  =  0.03570039 to xl(ngl)   =142.28004447
    Legendre - From xleg(1)=  0.00978669 to xleg(nleg)=  0.99988775
  Max.dev.in:     Orthogonality            Normalization
  Hermite     5.2235050987142219E-016   1.9984014443252818E-015
  Laguerre    1.9977540701027837E-015   4.5519144009631418E-015

  Scratch initialization for the nucleus: MG  12  12


  Initial potentials of Saxon-Woods shape 
  v0ws   =  -71.27999878
  kappa  =    0.46160001
  vs0    =   11.11750031   11.11750031
  r0     =    1.23339999    1.23339999
  a      =    0.61500001    0.61500001
  r0-so  =    1.14429998    1.14429998
  a-so   =    0.64760000    0.64760000
  beta00 =    0.01000000

  ### REGULAR STAGE (reflection symmetry imposed)
  |HFB+HO> iterations(b0=  1.559, Nsh=  4, inin=  1, N= 12, Z= 12)...
  ----------------------------------------------------------------------------------------------------------------------------------
  i          si     mix   beta      Etot       A       rn      rp         En      Dn      Ep      Dp        Ln      Lp     time
  ----------------------------------------------------------------------------------------------------------------------------------
   1L  52.26905082 0.30  0.010     0.000000    0.0   0.000   0.000 |   -2.000   1.000  -2.000   1.000 |   -7.000  -7.000   0.000
   2B  55.81807113 0.10  0.009   -48.176855   24.0   2.616   2.616 |    0.000  -0.000   0.000  -0.000 |  -16.532 -16.532  28.862
   3B  37.30871319 0.11 -0.232  -165.029690   24.0   3.060   3.092 |    0.000  -0.000   0.000  -0.000 |  -11.700  -8.155   0.106
   4B  15.44618616 0.13 -0.354  -167.274661   24.0   3.023   2.992 |    0.000  -0.000   0.000  -0.000 |  -14.985 -10.693   0.107
   5B  18.53643835 0.10 -0.449  -134.171627   24.0   3.097   3.089 |    0.000  -0.000   0.000  -0.000 |  -16.496 -11.100   0.112
   6B  18.55746546 0.10 -0.458  -120.122372   24.0   3.005   3.174 |    0.000   0.000   0.000   0.000 |  -16.942 -10.492   0.108
   7B  47.05706078 0.10 -0.503  -152.661897   24.0   3.156   3.151 |    0.000   0.000   0.000   0.000 |  -16.023 -11.085   0.105
   8L  44.68173021 0.11 -0.500  -153.682069   24.0   3.149   3.149 |    0.000   0.000   0.000   0.000 |  -15.930 -11.059   0.113
   9L  39.78597290 0.13 -0.494  -155.835424   24.0   3.125   3.142 |    0.000   0.000   0.000   0.000 |  -15.233 -10.485   0.106
  10L  33.57276566 0.14 -0.485  -157.633722   24.0   3.115   3.117 |    0.000   0.000   0.000   0.000 |  -14.810 -10.000   0.110
  11L  25.05423361 0.16 -0.475  -159.073579   24.0   3.091   3.105 |    0.000   0.000   0.000   0.000 |  -14.355  -9.622   0.112
  12B   4.01452771 0.18 -0.443  -161.132025   24.0   3.059   3.051 |    0.000   0.000   0.000   0.000 |  -14.119  -9.327   0.114
  13B   5.78285176 0.10 -0.421  -162.933451   24.0   3.030   3.028 |    0.000  -0.000   0.000  -0.000 |  -14.574  -9.746   0.132
  14B   9.25016948 0.10 -0.411  -160.469545   24.0   2.981   3.060 |    0.000  -0.000   0.000  -0.000 |  -14.667  -9.823   0.129
  15B  10.03855344 0.10 -0.466  -159.780238   24.0   3.081   3.086 |    0.000  -0.000   0.000  -0.000 |  -14.926 -10.135   0.124
  16B   4.51479142 0.11 -0.455  -160.905342   24.0   3.065   3.070 |    0.000  -0.000   0.000  -0.000 |  -14.785  -9.983   0.129
  17B   1.19399938 0.13 -0.440  -162.600361   24.0   3.039   3.050 |    0.000   0.000   0.000   0.000 |  -14.596  -9.801   0.110
  18B   1.16971710 0.14 -0.429  -163.765165   24.0   3.029   3.036 |    0.000   0.000   0.000   0.000 |  -14.643  -9.854   0.113
  19B   0.75732747 0.16 -0.437  -162.966917   24.0   3.036   3.043 |    0.000   0.000   0.000   0.000 |  -14.647  -9.870   0.131
  20L   1.36140924 0.10 -0.442  -162.447388   24.0   3.042   3.051 |    0.000   0.000   0.000   0.000 |  -14.679  -9.879   0.115
  21B   1.32597034 0.11 -0.427  -163.915034   24.0   3.030   3.031 |    0.000   0.000   0.000   0.000 |  -14.652  -9.879   0.110
  22B   0.95290394 0.13 -0.438  -162.800574   24.0   3.037   3.050 |    0.000   0.000   0.000   0.000 |  -14.748  -9.947   0.122
  23L   0.92306145 0.14 -0.438  -162.881538   24.0   3.038   3.046 |    0.000   0.000   0.000   0.000 |  -14.742  -9.952   0.111
  24B   1.92662941 0.10 -0.425  -164.063466   24.0   3.018   3.041 |    0.000   0.000   0.000   0.000 |  -14.742  -9.939   0.124
  25B   0.37338672 0.11 -0.427  -163.944270   24.0   3.031   3.036 |    0.000  -0.000   0.000  -0.000 |  -14.914 -10.122   0.116
  26B   0.09809361 0.13 -0.428  -163.836521   24.0   3.031   3.041 |    0.000  -0.000   0.000  -0.000 |  -14.953 -10.160   0.138
  27B   0.18886544 0.10 -0.428  -163.822028   24.0   3.032   3.040 |    0.000  -0.000   0.000  -0.000 |  -14.961 -10.169   0.114
  28B   0.19117432 0.10 -0.428  -163.890901   24.0   3.031   3.041 |    0.000  -0.000   0.000  -0.000 |  -14.968 -10.177   0.140
  29B   0.03392507 0.11 -0.428  -163.871696   24.0   3.032   3.040 |    0.000  -0.000   0.000  -0.000 |  -14.970 -10.178   0.111
  30B   0.02202336 0.13 -0.427  -163.899410   24.0   3.031   3.041 |    0.000   0.000   0.000   0.000 |  -14.974 -10.184   0.126
  31B   0.02836801 0.10 -0.427  -163.909016   24.0   3.031   3.040 |    0.000   0.000   0.000   0.000 |  -14.975 -10.184   0.112
  32B   0.01641031 0.11 -0.427  -163.903819   24.0   3.031   3.041 |    0.000   0.000   0.000   0.000 |  -14.972 -10.181   0.119
  33B   0.01207328 0.13 -0.427  -163.913433   24.0   3.031   3.040 |    0.000   0.000   0.000   0.000 |  -14.974 -10.183   0.116
  34B   0.03568543 0.10 -0.427  -163.939866   24.0   3.031   3.040 |    0.000   0.000   0.000   0.000 |  -14.972 -10.181   0.123
  35B   0.02214099 0.11 -0.427  -163.918171   24.0   3.031   3.041 |    0.000   0.000   0.000   0.000 |  -14.976 -10.185   0.118
  36B   0.00842693 0.13 -0.427  -163.915209   24.0   3.031   3.040 |    0.000  -0.000   0.000  -0.000 |  -14.977 -10.186   0.120
  37B   0.00514213 0.14 -0.427  -163.915550   24.0   3.031   3.041 |    0.000  -0.000   0.000  -0.000 |  -14.978 -10.186   0.121
  38B   0.00140691 0.16 -0.427  -163.914980   24.0   3.031   3.040 |    0.000  -0.000   0.000  -0.000 |  -14.978 -10.187   0.113
  39B   0.00187839 0.10 -0.427  -163.915207   24.0   3.031   3.040 |    0.000  -0.000   0.000  -0.000 |  -14.978 -10.187   0.124
  40B   0.00041124 0.11 -0.427  -163.915332   24.0   3.031   3.040 |    0.000  -0.000   0.000  -0.000 |  -14.978 -10.187   0.121
  41B   0.00011454 0.13 -0.427  -163.915312   24.0   3.031   3.040 |    0.000  -0.000   0.000  -0.000 |  -14.978 -10.187   0.116
  42B   0.00019686 0.10 -0.427  -163.915307   24.0   3.031   3.040 |    0.000  -0.000   0.000  -0.000 |  -14.978 -10.187   0.123
  43B   0.00005725 0.11 -0.427  -163.915340   24.0   3.031   3.040 |    0.000   0.000   0.000   0.000 |  -14.978 -10.187   0.122
  44B   0.00001087 0.13 -0.427  -163.915341   24.0   3.031   3.040 |    0.000   0.000   0.000   0.000 |  -14.978 -10.187   0.114
  45B   0.00000810 0.14 -0.427  -163.915352   24.0   3.031   3.040 |    0.000   0.000   0.000   0.000 |  -14.978 -10.187   0.118
  46B   0.00001976 0.10 -0.427  -163.915378   24.0   3.031   3.040 |    0.000  -0.000   0.000  -0.000 |  -14.978 -10.187   0.116
  47B   0.00001541 0.11 -0.427  -163.915350   24.0   3.031   3.040 |    0.000   0.000   0.000   0.000 |  -14.978 -10.187   0.092
  48B   0.00002040 0.10 -0.427  -163.915350   24.0   3.031   3.040 |    0.000  -0.000   0.000  -0.000 |  -14.978 -10.187   0.083
  49B   0.00000750 0.11 -0.427  -163.915348   24.0   3.031   3.040 |    0.000   0.000   0.000   0.000 |  -14.978 -10.187   0.088
  50B   0.00000436 0.13 -0.427  -163.915347   24.0   3.031   3.040 |    0.000   0.000   0.000   0.000 |  -14.978 -10.187   0.093
  51B   0.00000339 0.14 -0.427  -163.915345   24.0   3.031   3.040 |    0.000   0.000   0.000   0.000 |  -14.978 -10.187   0.077
  52B   0.00000352 0.10 -0.427  -163.915346   24.0   3.031   3.040 |    0.000   0.000   0.000   0.000 |  -14.978 -10.187   0.096
  53B   0.00000376 0.10 -0.427  -163.915347   24.0   3.031   3.040 |    0.000   0.000   0.000   0.000 |  -14.978 -10.187   0.113
  54B   0.00000345 0.11 -0.427  -163.915346   24.0   3.031   3.040 |    0.000   0.000   0.000   0.000 |  -14.978 -10.187   0.116
  55B   0.00000764 0.10 -0.427  -163.915358   24.0   3.031   3.040 |    0.000   0.000   0.000   0.000 |  -14.978 -10.187   0.111
  56B   0.00000770 0.10 -0.427  -163.915358   24.0   3.031   3.040 |    0.000   0.000   0.000   0.000 |  -14.978 -10.187   0.117
  57B   0.00000671 0.11 -0.427  -163.915356   24.0   3.031   3.040 |    0.000  -0.000   0.000  -0.000 |  -14.978 -10.187   0.099
  58B   0.00000081 0.13 -0.427  -163.915344   24.0   3.031   3.040 |    0.000   0.000   0.000   0.000 |  -14.978 -10.187   0.107
  59B   0.00000034 0.14 -0.427  -163.915344   24.0   3.031   3.040 |    0.000   0.000   0.000   0.000 |  -14.978 -10.187   0.098
  60B   0.00000040 0.10 -0.427  -163.915344   24.0   3.031   3.040 |    0.000   0.000   0.000   0.000 |  -14.978 -10.187   0.094
  61B   0.00000031 0.11 -0.427  -163.915344   24.0   3.031   3.040 |    0.000   0.000   0.000   0.000 |  -14.978 -10.187   0.098
  62B   0.00000012 0.13 -0.427  -163.915344   24.0   3.031   3.040 |    0.000   0.000   0.000   0.000 |  -14.978 -10.187   0.098
  63B   0.00000012 0.14 -0.427  -163.915344   24.0   3.031   3.040 |    0.000  -0.000   0.000  -0.000 |  -14.978 -10.187   0.088
  64B   0.00000003 0.16 -0.427  -163.915344   24.0   3.031   3.040 |    0.000  -0.000   0.000  -0.000 |  -14.978 -10.187   0.082
  65B   0.00000001 0.18 -0.427  -163.915344   24.0   3.031   3.040 |    0.000  -0.000   0.000  -0.000 |  -14.978 -10.187   0.087
  66B   0.00000000 0.21 -0.427  -163.915344   24.0   3.031   3.040 |    0.000  -0.000   0.000  -0.000 |  -14.978 -10.187   0.088
  67B   0.00000001 0.10 -0.427  -163.915344   24.0   3.031   3.040 |    0.000  -0.000   0.000  -0.000 |  -14.978 -10.187   0.063
  68B   0.00000000 0.11 -0.427  -163.915344   24.0   3.031   3.040 |    0.000   0.000   0.000   0.000 |  -14.978 -10.187   0.060
  ----------------------------------------------------------------------------------------------------------------------------------
  *   iteration converged   after  68 steps   si=     0.0000000008 ho=  0 tho=  0
  ----------------------------------------------------------------------------------------------------------------------------------
  Total CPU time=   0.603 minutes

  Writing to wel_file: s012_012.hel
 __________________________________  
  The tape s012_012.hel recorded:     
  nucname,npr,ngh,ngl,n00,nb,nt      
  b0,beta0,si,etot,rms,bet,xmix      
  pairing:     CpV0,CpV1,pwi         
  delta:       del,ept               
  lambda:      ala,ala2,alast,tz     
  asymptotic:  varmas,ass,skass      
  ntx,nb,nhhdim,id,N_rz,n_r,n_z      
  Omega2,Sigma2,Parity,Lambda        
  matrices(inbro):    hh,de          
  *all blocking candidates           
 __________________________________  



 #quasiparticle energies neutrons
 --------------------------------
  eqp(k) -> q.p. energy 
  e(k)   -> referent s.p. energy 
  p(k)   -> occ.probability 
  del(k) -> referent s.p. gap 
  fermi energy alast=  -14.977737010436515     
  #k  block#    eqp(k)     e(k)       (1-2N)E      decay        p(k)        del(k)    overl      labels
   1    1     0.113098  -15.090835   -0.113098    1.706197    1.00000000   0.0000   0.7966  1+[ 2, 0, 0]
   2    1     9.642984   -5.334753    9.642984    2.179329    0.00000000   0.0000   0.8469  1+[ 2, 1, 1]
   3    1    20.056828    5.079091   20.056828    2.599685    0.00000000   0.0000   0.9211  1+[ 2, 2, 0]
   4    1    20.836688  -35.814425  -20.836688    2.628460    1.00000000   0.0000   0.9524  1+[ 0, 0, 0]
   5    1    31.227661   16.249924   31.227661    2.985512    0.00000000   0.0000   0.7131  1+[ 4, 0, 0]
   6    1    41.219261   26.241524   41.219261    3.292524    0.00000000   0.0000   0.6113  1+[ 4, 1, 1]
   7    1    45.951098   30.973361   45.951098    3.428340    0.00000000   0.0000   0.6540  1+[ 4, 2, 0]
   8    1    49.666722   34.688985   49.666722    3.531328    0.00000000   0.0000   0.7295  1+[ 4, 3, 1]
   9    1    52.709065   37.731328   52.709065    3.613470    0.00000000   0.0000   0.9108  1+[ 4, 4, 0]
  10    2     0.007812  -14.969925    0.007812    1.700234    0.00000000   0.0000   0.9092  1-[ 1, 1, 0]
  11    2    10.743855  -25.721592  -10.743855    2.227519    1.00000000   0.0000   0.9247  1-[ 1, 0, 1]
  12    2    17.033594    2.055857   17.033594    2.484988    0.00000000   0.0000   0.8501  1-[ 3, 0, 1]
  13    2    27.116797   12.139060   27.116797    2.849609    0.00000000   0.0000   0.7144  1-[ 3, 1, 0]
  14    2    33.685790   18.708053   33.685790    3.063897    0.00000000   0.0000   0.8297  1-[ 3, 2, 1]
  15    2    39.909845   24.932108   39.909845    3.253939    0.00000000   0.0000   0.9735  1-[ 3, 3, 0]
  16    3     0.027321  -15.005058   -0.027321    1.701341    1.00000000   0.0000   0.8310  3+[ 2, 0, 2]
  17    3     9.782394   -5.195343    9.782394    2.185490    0.00000000   0.0000   0.8175  3+[ 2, 1, 1]
  18    3    29.088973   14.111236   29.088973    2.915599    0.00000000   0.0000   0.8146  3+[ 4, 0, 2]
  19    3    39.033575   24.055838   39.033575    3.227861    0.00000000   0.0000   0.6286  3+[ 4, 2, 2]
  20    3    44.305352   29.327615   44.305352    3.381722    0.00000000   0.0000   0.6693  3+[ 4, 2, 2]
  21    3    49.443420   34.465683   49.443420    3.525224    0.00000000   0.0000   0.8808  3+[ 4, 3, 1]
  22    4    11.568416  -26.546153  -11.568416    2.262941    1.00000000   0.0000   0.9478  3-[ 1, 0, 1]
  23    4    15.796316    0.818579   15.796316    2.436491    0.00000000   0.0000   0.8236  3-[ 3, 0, 1]
  24    4    24.959505    9.981768   24.959505    2.775629    0.00000000   0.0000   0.7734  3-[ 3, 1, 2]
  25    4    33.162026   18.184289   33.162026    3.047364    0.00000000   0.0000   0.9059  3-[ 3, 2, 1]
  26    5     2.249415  -17.227152   -2.249415    1.822969    1.00000000   0.0000   0.9277  5+[ 2, 0, 2]
  27    5    27.585308   12.607571   27.585308    2.865423    0.00000000   0.0000   0.7790  5+[ 4, 0, 2]
  28    5    36.700737   21.723000   36.700737    3.157383    0.00000000   0.0000   0.6722  5+[ 4, 1, 3]
  29    5    43.882294   28.904557   43.882294    3.369634    0.00000000   0.0000   0.8360  5+[ 4, 2, 2]
  30    6    14.821172   -0.156565   14.821172    2.397577    0.00000000   0.0000   0.7791  5-[ 3, 0, 3]
  31    6    25.911593   10.933856   25.911593    2.808519    0.00000000   0.0000   0.7791  5-[ 3, 1, 2]
  32    7    26.262307   11.284570   26.262307    2.820538    0.00000000   0.0000   0.7248  7+[ 4, 1, 3]
  33    7    38.041193   23.063456   38.041193    3.198070    0.00000000   0.0000   0.7248  7+[ 4, 0, 4]
  34    8    12.719978   -2.257759   12.719978    2.311503    0.00000000   0.0000   1.0000  7-[ 3, 0, 3]
  35    9    22.774961    7.797224   22.774961    2.698649    0.00000000   0.0000   1.0000  9+[ 4, 0, 4]
#all active are   35 q.p. states out of   35
#since the cut off is pwi=  60.0
#check: number of neutrons=  12.0


 #canonical s.p. energies neutrons
 ---------------------------------


  labels -> {2*omega}{parity}[nn=nz+2*nr+nl,nz,nl]
  cqpe   -> canonical q.p. energies
  ce     -> canonical s.p. energies
  fermi energy=  -14.977737010436515     
  average cdelt=  -7.8720540211528206E-018
  k0      ceqp        ce         v*v       u*v        cdel     overl      labels
   1    6.498709    6.498709   0.00000000   0.00000000   0.0000   0.6810  1+[ 2, 1, 1]
   2   10.688767   10.688767   0.00000000   0.00000000   0.0000   0.8613  1+[ 2, 2, 0]
   3   32.099544   32.099544   0.00000000   0.00000000   0.0000   0.7796  1+[ 4, 2, 0]
   4   32.493603   32.493603   0.00000000   0.00000000   0.0000   0.7741  1+[ 4, 4, 0]
   5   27.220874   27.220874   0.00000000   0.00000000   0.0000   0.7216  1+[ 4, 3, 1]
   6   29.390249   29.390249   0.00000000   0.00000000   0.0000   0.6801  1+[ 4, 1, 1]
   7    7.237716    7.237716   0.00000000   0.00000001   0.0000   0.6713  1+[ 4, 0, 0]
   8  -14.864639  -15.090835   0.90567658   0.29227814   0.0000   0.7966  1+[ 2, 0, 0]
   9    5.858951  -35.814425   1.00000000   0.00000003   0.0000   0.9524  1+[ 0, 0, 0]
  10   12.691805   12.691805   0.00000000   0.00000000   0.0000   0.7743  1-[ 3, 0, 1]
  11   13.366710   13.366710   0.00000000   0.00000000   0.0000   0.6582  1-[ 3, 2, 1]
  12   22.563845   22.563845   0.00000000   0.00000000   0.0000   0.9146  1-[ 3, 3, 0]
  13    9.212718    9.212718   0.00000000   0.00000000   0.0000   0.5646  1-[ 3, 1, 0]
  14  -14.969925  -14.969925   0.46101992   0.49847824   0.0000   0.9092  1-[ 1, 1, 0]
  15   -4.233882  -25.721592   1.00000000   0.00000000   0.0000   0.9247  1-[ 1, 0, 1]
  16   -0.494608   -0.494608   0.00000000   0.00000000   0.0000   0.7751  3+[ 2, 1, 1]
  17   20.695013   20.695013   0.00000000   0.00000000   0.0000   0.7509  3+[ 4, 0, 2]
  18   28.064253   28.064253   0.00000000   0.00000000   0.0000   0.9998  3+[ 4, 2, 2]
  19   29.397708   29.397708   0.00000000   0.00000000   0.0000   0.8553  3+[ 4, 3, 1]
  20   19.102665   19.102665   0.00000000   0.00000000   0.0000   0.8356  3+[ 4, 1, 1]
  21  -14.950416  -15.005058   0.63330350   0.48190266   0.0000   0.8310  3+[ 2, 0, 2]
  22    8.121461    8.121461   0.00000000   0.00000000   0.0000   0.9895  3-[ 3, 1, 2]
  23   16.038388   16.038388   0.00000000   0.00000000   0.0000   0.9944  3-[ 3, 2, 1]
  24    4.824787    4.824787   0.00000000   0.00000001   0.0000   0.9379  3-[ 3, 0, 1]
  25   -3.409321  -26.546153   1.00000000   0.00000001   0.0000   0.9478  3-[ 1, 0, 1]
  26   21.461179   21.461179   0.00000000   0.00000000   0.0000   0.7898  5+[ 4, 0, 2]
  27   14.919449   14.919449   0.00000000   0.00000000   0.0000   0.8553  5+[ 4, 1, 3]
  28   26.854500   26.854500   0.00000000   0.00000000   0.0000   0.9959  5+[ 4, 2, 2]
  29  -12.728322  -17.227152   1.00000000   0.00000000   0.0000   0.9277  5+[ 2, 0, 2]
  30   10.932269   10.932269   0.00000000   0.00000000   0.0000   0.7866  5-[ 3, 1, 2]
  31   -0.154978   -0.154978   0.00000000   0.00000000   0.0000   0.7866  5-[ 3, 0, 3]
  32   23.062448   23.062448   0.00000000   0.00000000   0.0000   0.7184  7+[ 4, 0, 4]
  33   11.285579   11.285579   0.00000000   0.00000000   0.0000   0.7184  7+[ 4, 1, 3]
  34   -2.257759   -2.257759   0.00000000   0.00000000   0.0000   1.0000  7-[ 3, 0, 3]
  35    7.797224    7.797224   0.00000000   0.00000000   0.0000   1.0000  9+[ 4, 0, 4]
  Sum canonical e_v*V^2_k=  -270.76185333891209     


 #quasiparticle energies protons 
 --------------------------------
  eqp(k) -> q.p. energy 
  e(k)   -> referent s.p. energy 
  p(k)   -> occ.probability 
  del(k) -> referent s.p. gap 
  fermi energy alast=  -10.186548667870017     
  #k  block#    eqp(k)     e(k)       (1-2N)E      decay        p(k)        del(k)    overl      labels
   1    1     0.115037  -10.301586   -0.115037    1.409693    1.00000000   0.0000   0.7926  1+[ 2, 0, 0]
   2    1     9.554106   -0.632442    9.554106    1.951431    0.00000000   0.0000   0.8451  1+[ 2, 1, 1]
   3    1    19.834050    9.647501   19.834050    2.406479    0.00000000   0.0000   0.9184  1+[ 2, 2, 0]
   4    1    20.700629  -30.887177  -20.700629    2.440965    1.00000000   0.0000   0.9513  1+[ 0, 0, 0]
   5    1    31.027632   20.841084   31.027632    2.819654    0.00000000   0.0000   0.7141  1+[ 4, 0, 0]
   6    1    40.964111   30.777562   40.964111    3.141218    0.00000000   0.0000   0.6122  1+[ 4, 1, 1]
   7    1    45.546259   35.359711   45.546259    3.278898    0.00000000   0.0000   0.6404  1+[ 4, 3, 1]
   8    1    49.199321   39.012772   49.199321    3.384652    0.00000000   0.0000   0.6936  1+[ 4, 3, 1]
   9    1    52.002038   41.815489   52.002038    3.463600    0.00000000   0.0000   0.9080  1+[ 4, 4, 0]
  10    2     0.010391  -10.176158    0.010391    1.402514    0.00000000   0.0000   0.9087  1-[ 1, 1, 0]
  11    2    10.663335  -20.849884  -10.663335    2.005507    1.00000000   0.0000   0.9241  1-[ 1, 0, 1]
  12    2    17.178197    6.991649   17.178197    2.297567    0.00000000   0.0000   0.8458  1-[ 3, 0, 1]
  13    2    27.046247   16.859698   27.046247    2.680003    0.00000000   0.0000   0.7039  1-[ 3, 1, 0]
  14    2    33.430229   23.243680   33.430229    2.900676    0.00000000   0.0000   0.8208  1-[ 3, 2, 1]
  15    2    39.420731   29.234182   39.420731    3.093464    0.00000000   0.0000   0.9713  1-[ 3, 3, 0]
  16    3     0.029383  -10.215932   -0.029383    1.403820    1.00000000   0.0000   0.8296  3+[ 2, 0, 2]
  17    3     9.683783   -0.502765    9.683783    1.957830    0.00000000   0.0000   0.8156  3+[ 2, 1, 1]
  18    3    28.968221   18.781672   28.968221    2.748304    0.00000000   0.0000   0.8139  3+[ 4, 0, 2]
  19    3    38.720294   28.533746   38.720294    3.071548    0.00000000   0.0000   0.6466  3+[ 4, 2, 2]
  20    3    43.923767   33.737218   43.923767    3.230818    0.00000000   0.0000   0.6452  3+[ 4, 2, 2]
  21    3    48.868612   38.682063   48.868612    3.375214    0.00000000   0.0000   0.8707  3+[ 4, 3, 1]
  22    4    11.474454  -21.661003  -11.474454    2.044145    1.00000000   0.0000   0.9467  3-[ 1, 0, 1]
  23    4    15.935527    5.748978   15.935527    2.244793    0.00000000   0.0000   0.8161  3-[ 3, 0, 1]
  24    4    24.926188   14.739640   24.926188    2.602584    0.00000000   0.0000   0.7633  3-[ 3, 1, 2]
  25    4    32.902635   22.716087   32.902635    2.883079    0.00000000   0.0000   0.9031  3-[ 3, 2, 1]
  26    5     2.241655  -12.428204   -2.241655    1.548377    1.00000000   0.0000   0.9257  5+[ 2, 0, 2]
  27    5    27.471326   17.284778   27.471326    2.695258    0.00000000   0.0000   0.7744  5+[ 4, 0, 2]
  28    5    36.440616   26.254068   36.440616    2.999107    0.00000000   0.0000   0.6610  5+[ 4, 1, 3]
  29    5    43.511144   33.324595   43.511144    3.218476    0.00000000   0.0000   0.8278  5+[ 4, 2, 2]
  30    6    14.829334    4.642786   14.829334    2.196749    0.00000000   0.0000   0.7777  5-[ 3, 0, 3]
  31    6    25.848966   15.662417   25.848966    2.636561    0.00000000   0.0000   0.7777  5-[ 3, 1, 2]
  32    7    26.140145   15.953597   26.140145    2.647192    0.00000000   0.0000   0.7277  7+[ 4, 1, 3]
  33    7    37.884680   27.698131   37.884680    3.045195    0.00000000   0.0000   0.7277  7+[ 4, 0, 4]
  34    8    12.797671    2.611122   12.797671    2.105655    0.00000000   0.0000   1.0000  7-[ 3, 0, 3]
  35    9    22.745651   12.559103   22.745651    2.520477    0.00000000   0.0000   1.0000  9+[ 4, 0, 4]
#all active are   35 q.p. states out of   35
#since the cut off is pwi=  60.0
#check: number of protons =  12.0


 #canonical s.p. energies protons 
 ---------------------------------


  labels -> {2*omega}{parity}[nn=nz+2*nr+nl,nz,nl]
  cqpe   -> canonical q.p. energies
  ce     -> canonical s.p. energies
  fermi energy=  -10.186548667870017     
  average cdelt=  -7.8875908179023632E-018
  k0      ceqp        ce         v*v       u*v        cdel     overl      labels
   1   14.388373   14.388373   0.00000000   0.00000000   0.0000   0.8835  1+[ 2, 2, 0]
   2   25.397717   25.397717   0.00000000   0.00000000   0.0000   0.6303  1+[ 4, 1, 1]
   3   37.915824   37.915824   0.00000000   0.00000000   0.0000   0.6850  1+[ 4, 3, 1]
   4   33.073256   33.073256   0.00000000   0.00000000   0.0000   0.9351  1+[ 4, 2, 0]
   5   36.920205   36.920205   0.00000000   0.00000000   0.0000   0.7366  1+[ 4, 4, 0]
   6   21.696118   21.696118   0.00000000   0.00000000   0.0000   0.5863  1+[ 4, 1, 1]
   7    7.430184    7.430184   0.00000000   0.00000002   0.0000   0.7557  1+[ 2, 1, 1]
   8  -10.071512  -10.301586   0.90893845   0.28769662   0.0000   0.7926  1+[ 2, 0, 0]
   9   10.514080  -30.887177   1.00000000   0.00000001   0.0000   0.9513  1+[ 0, 0, 0]
  10   14.143486   14.143486   0.00000000   0.00000000   0.0000   0.8446  1-[ 3, 0, 1]
  11   17.976678   17.976678   0.00000000   0.00000000   0.0000   0.8693  1-[ 3, 2, 1]
  12   28.986513   28.986513   0.00000000   0.00000000   0.0000   0.9942  1-[ 3, 3, 0]
  13   15.222532   15.222532   0.00000000   0.00000000   0.0000   0.9275  1-[ 3, 1, 0]
  14  -10.176158  -10.176158   0.44823239   0.49731289   0.0000   0.9087  1-[ 1, 1, 0]
  15    0.476787  -20.849884   1.00000000   0.00000003   0.0000   0.9241  1-[ 1, 0, 1]
  16   30.933988   30.933988   0.00000000   0.00000000   0.0000   0.7765  3+[ 4, 1, 1]
  17   32.238255   32.238255   0.00000000   0.00000000   0.0000   0.9994  3+[ 4, 2, 2]
  18   35.061347   35.061347   0.00000000   0.00000000   0.0000   0.9158  3+[ 4, 3, 1]
  19   18.551805   18.551805   0.00000000   0.00000000   0.0000   0.7977  3+[ 4, 0, 2]
  20    2.446539    2.446539   0.00000000   0.00000001   0.0000   0.8057  3+[ 2, 1, 1]
  21  -10.157165  -10.215932   0.64282916   0.47916577   0.0000   0.8296  3+[ 2, 0, 2]
  22    8.852811    8.852811   0.00000000   0.00000000   0.0000   0.8763  3-[ 3, 1, 2]
  23   20.723234   20.723234   0.00000000   0.00000000   0.0000   0.9969  3-[ 3, 2, 1]
  24   13.628660   13.628660   0.00000000   0.00000001   0.0000   0.8267  3-[ 3, 0, 1]
  25    1.287905  -21.661003   1.00000000   0.00000000   0.0000   0.9467  3-[ 1, 0, 1]
  26   19.415963   19.415963   0.00000000   0.00000000   0.0000   0.8448  5+[ 4, 1, 3]
  27   31.094096   31.094096   0.00000000   0.00000000   0.0000   0.9971  5+[ 4, 2, 2]
  28   26.353382   26.353382   0.00000000   0.00000001   0.0000   0.7770  5+[ 4, 0, 2]
  29   -7.944893  -12.428204   1.00000000   0.00000002   0.0000   0.9257  5+[ 2, 0, 2]
  30   15.660865   15.660865   0.00000000   0.00000000   0.0000   0.7851  5-[ 3, 1, 2]
  31    4.644338    4.644338   0.00000000   0.00000000   0.0000   0.7851  5-[ 3, 0, 3]
  32   27.697186   27.697186   0.00000000   0.00000000   0.0000   0.7215  7+[ 4, 0, 4]
  33   15.954542   15.954542   0.00000000   0.00000000   0.0000   0.7215  7+[ 4, 1, 3]
  34    2.611122    2.611122   0.00000000   0.00000000   0.0000   1.0000  7-[ 3, 0, 3]
  35   12.559103   12.559103   0.00000000   0.00000000   0.0000   1.0000  9+[ 4, 0, 4]
  Sum canonical e_v*V^2_k=  -212.63631511007645     

  NB! From expect (UNPROJECTED RESULTS)

  pairing: CpV0,CpV1,...           0.100000       0.100000       1.000000       1.000000
  forces:   UNE1                          


                             neutrons         protons         total
  Requested part.numbs.      12.000000      12.000000      24.000000
  UnPj(av) part.numbs .      12.000000      12.000000      24.000000
  b0, bz, bp ..........       1.559284       1.564210       1.556827

  lambda (ala) ........     -14.977737     -10.186549
  Lambda (alast) ......     -14.977737     -10.186549
  delta(n,p), pwi .....      -0.000000      -0.000000      60.000000
  pairing energy ......       0.000000       0.000000       0.000000

  rms-radius ..........       3.031201       3.040479       3.035843
  charge-radius, r0 ...                      3.143964       3.461399
  deformation beta2....      -0.427123      -0.427435      -0.427279
  dipole moment[fm] ...       0.000000       0.000000       0.000000
  quadrupole moment[b]       -0.594119      -0.598199      -1.192317
  octupole moment .....       0.000000       0.000000       0.000000
  hexadecapole moment .       0.008781       0.008822       0.017603
  q5 ..................       0.000000       0.000000       0.000000
  q6 ..................      -0.000289      -0.000286      -0.000575
  q7 ..................       0.000000       0.000000       0.000000
  q8 ..................       0.000004       0.000003       0.000007

  <r^0> [fm^0] ........            1.000000            1.000000            1.000000
  <r^2> [fm^2] ........            9.188177            9.244512            9.216344
  <r^4> [fm^4] ........          118.765200          120.026536          119.395868
  <r^6> [fm^6] ........         1907.816726         1934.646428         1921.231577
  <r^8> [fm^8] ........        36105.426273        36711.540529        36408.483401

  kinetic energy ......     220.294200     219.397168     439.691368
  volume energy .......                                  -676.111465
        rho_tau .......                                    17.365565
        rho_rho .......                                  -693.477030
  surface energy ......                                    71.752974
   rho_DELTA_rho ......                                    71.752974
   (NABLA_rho)^2 ......                                     0.000000
  spin-orbit energy ...                                   -27.849458
        rho_NABLA_J ...                                   -27.849458
        NABLA_rho_J ...                                     0.000000
  coulomb energy ......                                    28.601237
          direct ......                                    33.112516
          exchange ....                                    -4.511279
  tensor energy .......                                     0.000000
  direct Hartree E  ...                                     0.000000
  Extra E .............                                     0.000000
  External field E ....                                     0.000000
  Entropy .............       3.319415       3.289076       6.608490

  tEnergy: ehfb (qp)...                                  -163.915344

  Calculated but not added corrections 
====================================
  cmc-diagonal part ...       0.000000       0.000000       0.000000
  cmc-hfb .............       0.000000       0.000000       0.000000
  cranking rot corr ...       0.000000       0.000000       0.000000

  SQUJ ................       0.000000       0.000000       0.000000
  CRAN x 4 ............       0.000000       0.000000       0.000000
  Rigit Body ..........       0.000000       0.000000       0.000000


   Blocking candidates are:
   neutron eqpmin=   2.7320762814305510E-002  pwiblo=   5.1031036307982882     
    num=   1 block=   3 state=   1    16 Eqp=   0.02732076  (1-2N)E=  -0.02732076  Ovlp=   0.83099507  3+[ 2, 0, 2]
    num=   2 block=   2 state=   1    10 Eqp=   0.00781187  (1-2N)E=   0.00781187  Ovlp=   0.90919469  1-[ 1, 1, 0]
    num=   3 block=   1 state=   1     1 Eqp=   0.11309764  (1-2N)E=  -0.11309764  Ovlp=   0.79662719  1+[ 2, 0, 0]
    num=   4 block=   5 state=   1    26 Eqp=   2.24941527  (1-2N)E=  -2.24941527  Ovlp=   0.92770366  5+[ 2, 0, 2]

   Blocking candidates are:
   proton  eqpmin=   2.9383239613864021E-002  pwiblo=   5.1031036307982882     
    num=   1 block=   3 state=   1    16 Eqp=   0.02938324  (1-2N)E=  -0.02938324  Ovlp=   0.82955238  3+[ 2, 0, 2]
    num=   2 block=   2 state=   1    10 Eqp=   0.01039076  (1-2N)E=   0.01039076  Ovlp=   0.90872303  1-[ 1, 1, 0]
    num=   3 block=   1 state=   1     1 Eqp=   0.11503709  (1-2N)E=  -0.11503709  Ovlp=   0.79255715  1+[ 2, 0, 0]
    num=   4 block=   5 state=   1    26 Eqp=   2.24165525  (1-2N)E=  -2.24165525  Ovlp=   0.92574660  5+[ 2, 0, 2]


