
  =======================================
           FORTRAN 95 CODE (KIND= 8) 
               Version: 200d  
  =======================================
       AXIALLY DEFORMED CONFIGURATIONAL  
     HARTREE-FOCK-BOGOLIUBOV CALCULATIONS
                     WITH                
            UNEDF AND DELTA PAIRING      
                     USING               
             HARMONIC-OSCILLATOR         
                   AND/OR                
       TRANSFORMED HARMONIC-OSCILLATOR   
                    BASIS                
                     ---                 
               v1.66  (2005):,           
   Stoitsov,Dobaczewski,Nazarewicz,Ring, 
               v2.00d (2012):,           
         Stoitsov,Schunck,Kortelainen    
  =======================================
    Nucleus: MG (A=  24, N= 12, Z= 12)
       Reflection Symmetry Imposed       
            ( 7/14/2023, 21:52)                               
  =======================================


  ---------------------------------------
           UNEDF Module Version:17
         M.Kortelainen & M.Stoitsov 
  ---------------------------------------

  UNE1 functional
  ----------------------------------
  Crho(0)=   -757.031510668050828    ; Crho(1)=    249.886688251562049    
  CDrho(0)=   909.680758505943004    ; CDrho(1)=  -94.0962061719551457    
  Ctau(0)=   -12.5476960402381916    ; Ctau(1)=   -45.2700402743452699    
  CrDr(0)=   -42.1929322517028709    ; CrDr(1)=   -134.764371714205765    
  CrdJ(0)=   -58.5596018469495760    ; CrdJ(1)=   -25.8984208817520027    
  CJ(0)=      0.00000000000000000    ; CJ(1)=      0.00000000000000000    
  CpV0(0)=   0.100000000000000006    ; CpV0(1)=   0.100000000000000006    
  CpV1(0)=    1.00000000000000000    ; CpV1(1)=    1.00000000000000000    
  sigma=     0.291197019916118349    ; hbzero=     20.7355300000000007    
  e^2 chrg=   1.43997840859651305    ; CExPar=     1.00000000000000000    
  c.m. correction: F, chr. density in direct Coul: F
  use tensor terms: F
  use TMR pairing:  0

  Coupling constants in natural units
  -----------------------------------
  Crho_nu(0)=  -0.852508265312100222    ; Crho_nu(1)=   0.281402377739776832    
  CDrho_nu(0)=  0.955846060824440791    ; CDrho_nu(1)= -0.988714855920525271E-01
  Ctau_nu(0)=  -0.177865017952161086    ; Ctau_nu(1)=  -0.641707967763190057    
  CrDr_nu(0)=  -0.598089611697430579    ; CrDr_nu(1)=   -1.91030029077783570    
  CrdJ_nu(0)=  -0.830089013981356483    ; CrdJ_nu(1)=  -0.367113060460938612    
  CJ_nu(0)=      0.00000000000000000    ; CJ_nu(1)=      0.00000000000000000    
  CpV0_nu(0)=   0.112611992142809880E-03; CpV0_nu(1)=   0.112611992142809880E-03
  CpV1_nu(0)=   0.887702254206059068E-03; CpV1_nu(1)=   0.887702254206059068E-03
  fpi_nu=        93.0000000000000000    ; Lambda_nu=     700.000000000000000    

  Nuclear matter properties
  ----------------------------------
      E_NM=     -15.7999999999999705      K_NM=     219.9999999999997158
      P_NM=       0.0000000000000044    RHO_NM=       0.1583179742284690
    ASS_NM=      29.2330474736162031   LASS_NM=      40.2657096112100987
  SMASS_NM=       0.9041970078254526  VMASS_NM=       1.2498385742322697

  Associated (t,x)-coupling constants
  -----------------------------------
  t0=      -2018.75069511480206    ; x0=      -0.486865197121033599E-02
  t1=       208.298710622097730    ; x1=       -5.24114741380538884    
  t2=       1524.42719764292224    ; x2=       -1.38540483759846667    
  t3=       14554.8921360950881    ; x3=      -0.344841931701679927    
  b4=       32.6611809651975733    ; b4p=       51.7968417635040055    
  te=      -451.980154967800786    ; to=       -188.754457563635867    
  sigma=   0.291197019916118349    ; hbzero=    20.7355300000000007    

  ---------------------------------------
        Characteristics of the run       
  ---------------------------------------
  Output file ................:     7
  Nucleus ....................:   MG  24
  Number of HO shells ........:     4
  HO length b0 (fm) ..........:     1.55928400372611
  Basis deformation ..........:  beta0=   0.010 q=   1.010
  HO: b0,1/b0,bp,bz,q ........:   0.15592840E+01  0.64131999E+00  0.15568270E+01  0.15642096E+01  0.10095067E+01
  h**2/(2m), cmc, e**2 .......:   0.20735530E+02  0.20735530E+02  0.14399784E+01
  hom=f*41.0_pr*A^{-1/3}, f...:   0.17056687E+02  0.12000000E+01
  THO basis is ...............:  OFF
  Maximal number of iterations:   400
  Initial mixing parameter ...:  0.300
  Initial w.f. ...............:  from   spherical scratch
  Skyrme functional ..........:    UNE1                          
    with direct and exchange Coulomb
  Lipkin-Nogami procedure is .:  OFF
  PAV procedure is ...........:  OFF
  Constraint calculation is ..:   ON
    Constraint 1 .............: lambda=2 Ql=  -0.596
  Temperature T ..............:   0.05 MeV
  Restart indicator ..........:   1
  Broyden mixing (#iterations):   7

  ---------------------------------------
        Harmonic Oscillator Basis        
  ---------------------------------------
  NUV, NQP:                         195      35
  Comparison with bookkeeping spherical basis:
  n00:                                4       4  Maximal number of shells
  nbx, 2*n00+1:                       9       9  Maximal number of K-blocks
  ntx, (n00+1)*(n00+2)*(n00+3)/6     35      35  Max.num. p/n levels
  nzx, n00:                           4       4  Maximal nz-quantum number
  nrx, n00/2  :                       2       2  Maximal nr-quantum number
  nlx, n00:                           4       4  Maximal ml-quantum number
  ndx, (n00+2)*(n00+2)/4:             9       9  Maximal dim. of one k-block

  Actual basis used
  Number of blocks: nb .......:    9
  Number of levels: nt .......:   35
  Maximal 2*omega : nom ......:    9
  Maximal nz:       nzm ......:    4
  Maximal nr:       nrm ......:    2
  Maximal ml:       nlm ......:    4
  Maximal N=nz+2*nr+nl .......:    4
  2 x biggest block dim. .....:   18
  Non-zero elements of h .....:      115
  Number of Broyden elements .:      460

  ---------------------------------------
            Integration Meshes           
  ---------------------------------------
  Number of Gauss-Hermite mesh points ngh ....:  40
  Number of Gauss-Laguerre mesh points ngl ...:  40
  Number of Gauss-Legendre mesh points nleg ..:  80
  Integration boundaries
    Hermite  - from xh(1)  =  0.12379686 to xh(ngh)   = 11.88786356
    Laguerre - From xl(1)  =  0.03570039 to xl(ngl)   =142.28004447
    Legendre - From xleg(1)=  0.00978669 to xleg(nleg)=  0.99988775
  Max.dev.in:     Orthogonality            Normalization
  Hermite     5.2235050987142219E-016   1.9984014443252818E-015
  Laguerre    1.9977540701027837E-015   4.5519144009631418E-015

  Scratch initialization for the nucleus: MG  12  12


  Initial potentials of Saxon-Woods shape 
  v0ws   =  -71.27999878
  kappa  =    0.46160001
  vs0    =   11.11750031   11.11750031
  r0     =    1.23339999    1.23339999
  a      =    0.61500001    0.61500001
  r0-so  =    1.14429998    1.14429998
  a-so   =    0.64760000    0.64760000
  beta00 =    0.01000000

  ### REGULAR STAGE (reflection symmetry imposed)
  |HFB+HO> iterations(b0=  1.559, Nsh=  4, inin=  1, N= 12, Z= 12)...
  ----------------------------------------------------------------------------------------------------------------------------------
  i          si     mix   beta      Etot       A       rn      rp         En      Dn      Ep      Dp        Ln      Lp     time
  ----------------------------------------------------------------------------------------------------------------------------------
   1L  52.26905082 0.30  0.010     0.000000    0.0   0.000   0.000 |   -2.000   1.000  -2.000   1.000 |   -7.000  -7.000   0.000
   2B  28.32932588 0.10  0.009   -67.845908   24.0   2.616   2.616 |    0.000  -0.000   0.000  -0.000 |  -16.532 -16.532  28.245
   3B  15.42458207 0.11 -0.175  -158.805396   24.0   3.039   3.093 |    0.000  -0.000   0.000  -0.000 |  -10.717  -7.131   0.067
   4B  37.00301814 0.10 -0.251  -113.193006   24.0   3.005   2.910 |    0.000  -0.000   0.000  -0.000 |  -11.719  -7.990   0.069
   5B  11.53776613 0.11 -0.260  -168.936481   24.0   2.965   2.957 |    0.000  -0.000   0.000  -0.000 |  -12.114  -7.668   0.068
   6B  16.31279257 0.10 -0.275  -163.012701   24.0   2.899   2.982 |    0.000  -0.000   0.000  -0.000 |  -12.341  -7.984   0.072
   7B   6.36444292 0.11 -0.281  -172.436606   24.0   2.947   2.939 |    0.000  -0.000   0.000  -0.000 |  -12.674  -7.911   0.072
   8B   5.60211215 0.13 -0.286  -173.285041   24.0   2.945   2.942 |    0.000  -0.000   0.000  -0.000 |  -12.666  -7.956   0.068
   9B  11.92968385 0.10 -0.284  -167.096302   24.0   2.941   2.958 |    0.000  -0.000   0.000  -0.000 |  -12.623  -7.804   0.071
  10B   6.11023280 0.11 -0.282  -172.853765   24.0   2.942   2.954 |    0.000  -0.000   0.000  -0.000 |  -12.574  -7.751   0.072
  11B   1.69617644 0.13 -0.283  -175.116501   24.0   2.939   2.951 |    0.000   0.000   0.000   0.000 |  -12.551  -7.785   0.073
  12B   1.88887882 0.10 -0.284  -175.133074   24.0   2.938   2.950 |    0.000   0.000   0.000   0.000 |  -12.546  -7.769   0.070
  13B   2.14306934 0.10 -0.284  -174.909100   24.0   2.938   2.950 |    0.000  -0.000   0.000  -0.000 |  -12.540  -7.767   0.073
  14B   3.30003914 0.10 -0.282  -174.612000   24.0   2.940   2.949 |    0.000  -0.000   0.000  -0.000 |  -12.544  -7.751   0.073
  15B   2.21443111 0.11 -0.282  -174.902969   24.0   2.937   2.950 |    0.000   0.000   0.000   0.000 |  -12.533  -7.743   0.073
  16B   2.41560677 0.10 -0.283  -174.815533   24.0   2.939   2.949 |    0.000   0.000   0.000   0.000 |  -12.543  -7.749   0.074
  17B   1.99903448 0.11 -0.283  -174.920503   24.0   2.939   2.949 |    0.000  -0.000   0.000  -0.000 |  -12.537  -7.743   0.068
  18B   1.59132670 0.13 -0.278  -175.338054   24.0   2.936   2.947 |    0.000   0.000   0.000   0.000 |  -12.484  -7.663   0.069
  19L   1.68331104 0.10 -0.280  -175.296018   24.0   2.937   2.948 |    0.000   0.000   0.000   0.000 |  -12.498  -7.684   0.070
  20B   1.50525838 0.11 -0.277  -175.380760   24.0   2.936   2.946 |    0.000   0.000   0.000   0.000 |  -12.459  -7.649   0.071
  21B   1.44391977 0.13 -0.275  -175.383635   24.0   2.936   2.946 |    0.000  -0.000   0.000  -0.000 |  -12.439  -7.640   0.071
  22B   1.41855739 0.14 -0.274  -175.481353   24.0   2.934   2.946 |    0.000  -0.000   0.000  -0.000 |  -12.420  -7.606   0.077
  23B   0.65999244 0.16 -0.248  -176.095211   24.0   2.924   2.935 |    0.000  -0.000   0.000  -0.000 |  -12.152  -7.363   0.079
  24B   1.29049041 0.10 -0.227  -176.336917   24.0   2.918   2.925 |    0.000  -0.000   0.000  -0.000 |  -12.045  -7.194   0.076
  25B   0.78369064 0.11 -0.217  -176.453247   24.0   2.911   2.925 |    0.000  -0.000   0.000  -0.000 |  -11.973  -7.168   0.077
  26B   0.72983539 0.13 -0.222  -176.474662   24.0   2.914   2.923 |    0.000  -0.000   0.000  -0.000 |  -12.002  -7.193   0.079
  27B   0.43306401 0.14 -0.232  -176.388381   24.0   2.915   2.926 |    0.000   0.000   0.000   0.000 |  -12.070  -7.243   0.079
  28B   0.37513314 0.16 -0.234  -176.371556   24.0   2.916   2.927 |    0.000   0.000   0.000   0.000 |  -12.076  -7.250   0.075
  29B   0.09728482 0.18 -0.231  -176.412905   24.0   2.916   2.926 |    0.000  -0.000   0.000  -0.000 |  -12.062  -7.237   0.072
  30B   0.14598750 0.10 -0.231  -176.416836   24.0   2.916   2.926 |    0.000  -0.000   0.000  -0.000 |  -12.061  -7.235   0.074
  31B   0.01831249 0.11 -0.230  -176.421054   24.0   2.915   2.926 |    0.000  -0.000   0.000  -0.000 |  -12.060  -7.234   0.071
  32B   0.00842936 0.13 -0.231  -176.418255   24.0   2.915   2.926 |    0.000   0.000   0.000   0.000 |  -12.062  -7.237   0.073
  33B   0.00692442 0.14 -0.231  -176.418091   24.0   2.915   2.926 |    0.000   0.000   0.000   0.000 |  -12.063  -7.237   0.072
  34B   0.00629658 0.16 -0.231  -176.417869   24.0   2.915   2.926 |    0.000  -0.000   0.000  -0.000 |  -12.063  -7.237   0.073
  35B   0.00540769 0.18 -0.231  -176.417570   24.0   2.915   2.926 |    0.000  -0.000   0.000  -0.000 |  -12.063  -7.237   0.072
  36B   0.00501814 0.21 -0.231  -176.417411   24.0   2.915   2.926 |    0.000  -0.000   0.000  -0.000 |  -12.063  -7.237   0.070
  37B   0.00433869 0.24 -0.231  -176.416208   24.0   2.915   2.926 |    0.000  -0.000   0.000  -0.000 |  -12.064  -7.238   0.075
  38B   0.00454990 0.10 -0.231  -176.416397   24.0   2.915   2.926 |    0.000  -0.000   0.000  -0.000 |  -12.064  -7.238   0.077
  39B   0.00132904 0.11 -0.231  -176.415829   24.0   2.915   2.926 |    0.000  -0.000   0.000  -0.000 |  -12.064  -7.238   0.073
  40B   0.00097724 0.13 -0.231  -176.415705   24.0   2.915   2.926 |    0.000  -0.000   0.000  -0.000 |  -12.064  -7.238   0.083
  41B   0.00039485 0.14 -0.231  -176.415675   24.0   2.915   2.926 |    0.000  -0.000   0.000  -0.000 |  -12.064  -7.238   0.074
  42B   0.00010532 0.16 -0.231  -176.415727   24.0   2.915   2.926 |    0.000  -0.000   0.000  -0.000 |  -12.064  -7.238   0.075
  43B   0.00011340 0.10 -0.231  -176.415743   24.0   2.915   2.926 |    0.000  -0.000   0.000  -0.000 |  -12.064  -7.238   0.074
  44B   0.00005916 0.11 -0.231  -176.415739   24.0   2.915   2.926 |    0.000  -0.000   0.000  -0.000 |  -12.064  -7.238   0.071
  45B   0.00003150 0.13 -0.231  -176.415753   24.0   2.915   2.926 |    0.000   0.000   0.000   0.000 |  -12.064  -7.238   0.073
  46B   0.00001680 0.14 -0.231  -176.415749   24.0   2.915   2.926 |    0.000  -0.000   0.000  -0.000 |  -12.064  -7.238   0.070
  47B   0.00001764 0.10 -0.231  -176.415749   24.0   2.915   2.926 |    0.000  -0.000   0.000  -0.000 |  -12.064  -7.238   0.071
  48B   0.00001322 0.11 -0.231  -176.415750   24.0   2.915   2.926 |    0.000  -0.000   0.000  -0.000 |  -12.064  -7.238   0.070
  49B   0.00000440 0.13 -0.231  -176.415752   24.0   2.915   2.926 |    0.000   0.000   0.000   0.000 |  -12.064  -7.238   0.074
  50B   0.00000209 0.14 -0.231  -176.415752   24.0   2.915   2.926 |    0.000   0.000   0.000   0.000 |  -12.064  -7.238   0.072
  51B   0.00000094 0.16 -0.231  -176.415752   24.0   2.915   2.926 |    0.000   0.000   0.000   0.000 |  -12.064  -7.238   0.075
  52B   0.00000050 0.18 -0.231  -176.415752   24.0   2.915   2.926 |    0.000  -0.000   0.000  -0.000 |  -12.064  -7.238   0.077
  53B   0.00000028 0.21 -0.231  -176.415752   24.0   2.915   2.926 |    0.000  -0.000   0.000  -0.000 |  -12.064  -7.238   0.080
  54B   0.00000009 0.24 -0.231  -176.415752   24.0   2.915   2.926 |    0.000  -0.000   0.000  -0.000 |  -12.064  -7.238   0.071
  55B   0.00000005 0.27 -0.231  -176.415752   24.0   2.915   2.926 |    0.000  -0.000   0.000  -0.000 |  -12.064  -7.238   0.073
  56B   0.00000003 0.30 -0.231  -176.415752   24.0   2.915   2.926 |    0.000  -0.000   0.000  -0.000 |  -12.064  -7.238   0.080
  57B   0.00000002 0.34 -0.231  -176.415752   24.0   2.915   2.926 |    0.000  -0.000   0.000  -0.000 |  -12.064  -7.238   0.075
  58B   0.00000001 0.38 -0.231  -176.415752   24.0   2.915   2.926 |    0.000  -0.000   0.000  -0.000 |  -12.064  -7.238   0.078
  59B   0.00000001 0.10 -0.231  -176.415752   24.0   2.915   2.926 |    0.000  -0.000   0.000  -0.000 |  -12.064  -7.238   0.080
  60B   0.00000000 0.11 -0.231  -176.415752   24.0   2.915   2.926 |    0.000  -0.000   0.000  -0.000 |  -12.064  -7.238   0.076
  61B   0.00000000 0.13 -0.231  -176.415752   24.0   2.915   2.926 |    0.000   0.000   0.000   0.000 |  -12.064  -7.238   0.076
  ----------------------------------------------------------------------------------------------------------------------------------
  *   iteration converged   after  61 steps   si=     0.0000000010 ho=  0 tho=  0
  ----------------------------------------------------------------------------------------------------------------------------------
  Total CPU time=   0.544 minutes

  Writing to wel_file: s012_012.hel
 __________________________________  
  The tape s012_012.hel recorded:     
  nucname,npr,ngh,ngl,n00,nb,nt      
  b0,beta0,si,etot,rms,bet,xmix      
  pairing:     CpV0,CpV1,pwi         
  delta:       del,ept               
  lambda:      ala,ala2,alast,tz     
  asymptotic:  varmas,ass,skass      
  ntx,nb,nhhdim,id,N_rz,n_r,n_z      
  Omega2,Sigma2,Parity,Lambda        
  matrices(inbro):    hh,de          
  *all blocking candidates           
 __________________________________  



 #quasiparticle energies neutrons
 --------------------------------
  eqp(k) -> q.p. energy 
  e(k)   -> referent s.p. energy 
  p(k)   -> occ.probability 
  del(k) -> referent s.p. gap 
  fermi energy alast=  -12.063994956578950     
  #k  block#    eqp(k)     e(k)       (1-2N)E      decay        p(k)        del(k)    overl      labels
   1    1     0.011452  -12.075447   -0.011452    1.526244    1.00000000   0.0000   0.8150  1+[ 2, 0, 0]
   2    1     3.700501   -8.363494    3.700501    1.743863    0.00000000   0.0000   0.6740  1+[ 2, 1, 1]
   3    1     7.941904   -4.122091    7.941904    1.964497    0.00000000   0.0000   0.8032  1+[ 2, 2, 0]
   4    1    20.719279  -32.783274  -20.719279    2.514772    1.00000000   0.0000   0.9774  1+[ 0, 0, 0]
   5    1    27.408821   15.344826   27.408821    2.759443    0.00000000   0.0000   0.6343  1+[ 4, 1, 1]
   6    1    32.048367   19.984372   32.048367    2.917108    0.00000000   0.0000   0.7239  1+[ 4, 0, 0]
   7    1    34.369334   22.305340   34.369334    2.992866    0.00000000   0.0000   0.6684  1+[ 4, 3, 1]
   8    1    35.983655   23.919660   35.983655    3.044448    0.00000000   0.0000   0.5549  1+[ 4, 2, 0]
   9    1    38.091077   26.027082   38.091077    3.110497    0.00000000   0.0000   0.6826  1+[ 4, 4, 0]
  10    2     6.199161  -18.263156   -6.199161    1.876983    1.00000000   0.0000   0.8514  1-[ 1, 1, 0]
  11    2    10.334651  -22.398646  -10.334651    2.078659    1.00000000   0.0000   0.8501  1-[ 1, 0, 1]
  12    2    13.951890    1.887895   13.951890    2.240225    0.00000000   0.0000   0.7213  1-[ 3, 0, 1]
  13    2    17.652792    5.588797   17.652792    2.394271    0.00000000   0.0000   0.6487  1-[ 3, 2, 1]
  14    2    22.408240   10.344245   22.408240    2.578738    0.00000000   0.0000   0.6654  1-[ 3, 1, 0]
  15    2    24.359344   12.295349   24.359344    2.650711    0.00000000   0.0000   0.9082  1-[ 3, 3, 0]
  16    3     0.011452  -12.052543    0.011452    1.526244    0.00000000   0.0000   0.6987  3+[ 2, 1, 1]
  17    3     5.235445   -6.828550    5.235445    1.826789    0.00000000   0.0000   0.6870  3+[ 2, 0, 2]
  18    3    26.713935   14.649940   26.713935    2.735047    0.00000000   0.0000   0.6684  3+[ 4, 1, 1]
  19    3    31.230555   19.166560   31.230555    2.889941    0.00000000   0.0000   0.6533  3+[ 4, 0, 2]
  20    3    34.061833   21.997838   34.061833    2.982940    0.00000000   0.0000   0.6363  3+[ 4, 1, 1]
  21    3    36.767526   24.703531   36.767526    3.069181    0.00000000   0.0000   0.6947  3+[ 4, 3, 1]
  22    4    11.089631  -23.153626  -11.089631    2.113401    1.00000000   0.0000   0.9676  3-[ 1, 0, 1]
  23    4    13.229257    1.165262   13.229257    2.208893    0.00000000   0.0000   0.7710  3-[ 3, 0, 1]
  24    4    17.001382    4.937387   17.001382    2.367884    0.00000000   0.0000   0.6705  3-[ 3, 2, 1]
  25    4    22.068717   10.004722   22.068717    2.566007    0.00000000   0.0000   0.7017  3-[ 3, 1, 2]
  26    5     1.216579  -13.280574   -1.216579    1.600593    1.00000000   0.0000   0.9615  5+[ 2, 0, 2]
  27    5    25.736496   13.672501   25.736496    2.700357    0.00000000   0.0000   0.6931  5+[ 4, 0, 2]
  28    5    30.049258   17.985263   30.049258    2.850243    0.00000000   0.0000   0.6427  5+[ 4, 0, 2]
  29    5    34.818689   22.754694   34.818689    3.007313    0.00000000   0.0000   0.7605  5+[ 4, 1, 3]
  30    6    12.702812    0.638817   12.702812    2.185785    0.00000000   0.0000   0.8261  5-[ 3, 1, 2]
  31    6    20.013400    7.949405   20.013400    2.487551    0.00000000   0.0000   0.8261  5-[ 3, 0, 3]
  32    7    24.707556   12.643561   24.707556    2.663351    0.00000000   0.0000   0.8627  7+[ 4, 1, 3]
  33    7    32.820903   20.756908   32.820903    2.942541    0.00000000   0.0000   0.8627  7+[ 4, 0, 4]
  34    8    11.535426   -0.528569   11.535426    2.133650    0.00000000   0.0000   1.0000  7-[ 3, 0, 3]
  35    9    22.907766   10.843771   22.907766    2.597354    0.00000000   0.0000   1.0000  9+[ 4, 0, 4]
#all active are   35 q.p. states out of   35
#since the cut off is pwi=  60.0
#check: number of neutrons=  12.0


 #canonical s.p. energies neutrons
 ---------------------------------


  labels -> {2*omega}{parity}[nn=nz+2*nr+nl,nz,nl]
  cqpe   -> canonical q.p. energies
  ce     -> canonical s.p. energies
  fermi energy=  -12.063994956578950     
  average cdelt=   2.6549942377211695E-017
  k0      ceqp        ce         v*v       u*v        cdel     overl      labels
   1   -6.741238   -6.741238   0.00000000   0.00000000  -0.0000   0.8532  1+[ 2, 2, 0]
   2   -1.358530   -1.358530   0.00000000   0.00000000  -0.0000   0.7981  1+[ 2, 1, 1]
   3   16.745002   16.745002   0.00000000   0.00000000  -0.0000   0.7189  1+[ 4, 1, 1]
   4   19.784284   19.784284   0.00000000   0.00000000  -0.0000   0.6681  1+[ 4, 2, 0]
   5   22.324038   22.324038   0.00000000   0.00000000  -0.0000   0.7478  1+[ 4, 4, 0]
   6   23.679223   23.679223   0.00000000   0.00000000  -0.0000   0.8941  1+[ 4, 3, 1]
   7   20.662916   20.662916   0.00000000   0.00000000  -0.0000   0.7944  1+[ 4, 0, 0]
   8  -12.052543  -12.075447   0.55701214   0.49673898  -0.0000   0.8150  1+[ 2, 0, 0]
   9    8.655284  -32.783274   1.00000000   0.00000000  -0.0000   0.9774  1+[ 0, 0, 0]
  10    8.402562    8.402562   0.00000000   0.00000000  -0.0000   0.7352  1-[ 3, 0, 1]
  11    5.463398    5.463398   0.00000000   0.00000000  -0.0000   0.8558  1-[ 3, 2, 1]
  12   11.648934   11.648934   0.00000000   0.00000000  -0.0000   0.9494  1-[ 3, 3, 0]
  13    4.601393    4.601393   0.00000000   0.00000001  -0.0000   0.6685  1-[ 3, 1, 0]
  14   -2.710357  -21.417633   1.00000000   0.00000000  -0.0000   0.9733  1-[ 1, 0, 1]
  15   -4.883821  -19.244169   1.00000000   0.00000000  -0.0000   0.9736  1-[ 1, 1, 0]
  16   16.396257   16.396257   0.00000000   0.00000000  -0.0000   0.9544  3+[ 4, 0, 2]
  17   17.285236   17.285236   0.00000000   0.00000000  -0.0000   0.9795  3+[ 4, 1, 1]
  18   19.442089   19.442089   0.00000000   0.00000000  -0.0000   0.7130  3+[ 4, 2, 2]
  19   24.157633   24.157633   0.00000000   0.00000000  -0.0000   0.7302  3+[ 4, 3, 1]
  20   -3.591894   -3.591894   0.00000000   0.00000001  -0.0000   0.7184  3+[ 2, 0, 2]
  21  -12.052543  -12.052543   0.44298786   0.49673898  -0.0000   0.6987  3+[ 2, 1, 1]
  22    6.539245    6.539245   0.00000000   0.00000000  -0.0000   0.9934  3-[ 3, 2, 1]
  23    3.321378    3.321378   0.00000000   0.00000000  -0.0000   0.7983  3-[ 3, 1, 2]
  24    6.246748    6.246748   0.00000000   0.00000000  -0.0000   0.7713  3-[ 3, 0, 1]
  25   -0.974363  -23.153626   1.00000000   0.00000001  -0.0000   0.9676  3-[ 1, 0, 1]
  26   20.513086   20.513086   0.00000000   0.00000000  -0.0000   0.9706  5+[ 4, 2, 2]
  27   15.709653   15.709653   0.00000000   0.00000000  -0.0000   0.8785  5+[ 4, 1, 3]
  28   18.189719   18.189719   0.00000000   0.00000001  -0.0000   0.8655  5+[ 4, 0, 2]
  29  -10.847416  -13.280574   1.00000000   0.00000521  -0.0000   0.9615  5+[ 2, 0, 2]
  30    7.949385    7.949385   0.00000000   0.00000000  -0.0000   0.8252  5-[ 3, 0, 3]
  31    0.638837    0.638837   0.00000000   0.00000000  -0.0000   0.8252  5-[ 3, 1, 2]
  32   20.756904   20.756904   0.00000000   0.00000000  -0.0000   0.8624  7+[ 4, 0, 4]
  33   12.643565   12.643565   0.00000000   0.00000000  -0.0000   0.8624  7+[ 4, 1, 3]
  34   -0.528569   -0.528569   0.00000000   0.00000000  -0.0000   1.0000  7-[ 3, 0, 3]
  35   10.843771   10.843771   0.00000000   0.00000000  -0.0000   1.0000  9+[ 4, 0, 4]
  Sum canonical e_v*V^2_k=  -243.88915302322977     


 #quasiparticle energies protons 
 --------------------------------
  eqp(k) -> q.p. energy 
  e(k)   -> referent s.p. energy 
  p(k)   -> occ.probability 
  del(k) -> referent s.p. gap 
  fermi energy alast=  -7.2381775869506768     
  #k  block#    eqp(k)     e(k)       (1-2N)E      decay        p(k)        del(k)    overl      labels
   1    1     0.011373   -7.249551   -0.011373    1.182573    1.00000000   0.0000   0.8117  1+[ 2, 0, 0]
   2    1     3.705590   -3.532588    3.705590    1.452967    0.00000000   0.0000   0.6769  1+[ 2, 1, 1]
   3    1     7.885725    0.647547    7.885725    1.708065    0.00000000   0.0000   0.8049  1+[ 2, 2, 0]
   4    1    20.606031  -27.844208  -20.606031    2.317607    1.00000000   0.0000   0.9763  1+[ 0, 0, 0]
   5    1    27.244504   20.006327   27.244504    2.579128    0.00000000   0.0000   0.6316  1+[ 4, 1, 1]
   6    1    31.771180   24.533002   31.771180    2.743196    0.00000000   0.0000   0.7154  1+[ 4, 0, 0]
   7    1    33.950101   26.711923   33.950101    2.818767    0.00000000   0.0000   0.6679  1+[ 4, 3, 1]
   8    1    35.741240   28.503062   35.741240    2.879405    0.00000000   0.0000   0.5507  1+[ 4, 2, 0]
   9    1    37.620165   30.381988   37.620165    2.941671    0.00000000   0.0000   0.6641  1+[ 4, 4, 0]
  10    2     6.141165  -13.379342   -6.141165    1.606534    1.00000000   0.0000   0.8527  1-[ 1, 1, 0]
  11    2    10.259700  -17.497878  -10.259700    1.837237    1.00000000   0.0000   0.8514  1-[ 1, 0, 1]
  12    2    14.037029    6.798852   14.037029    2.025860    0.00000000   0.0000   0.7110  1-[ 3, 0, 1]
  13    2    17.645515   10.407337   17.645515    2.190937    0.00000000   0.0000   0.6530  1-[ 3, 2, 1]
  14    2    22.282436   15.044259   22.282436    2.386355    0.00000000   0.0000   0.6641  1-[ 3, 1, 0]
  15    2    24.098409   16.860231   24.098409    2.458659    0.00000000   0.0000   0.8871  1-[ 3, 3, 0]
  16    3     0.011373   -7.226805    0.011373    1.182573    0.00000000   0.0000   0.6954  3+[ 2, 1, 1]
  17    3     5.177281   -2.060897    5.177281    1.547582    0.00000000   0.0000   0.6838  3+[ 2, 0, 2]
  18    3    26.562795   19.324618   26.562795    2.553507    0.00000000   0.0000   0.6662  3+[ 4, 1, 1]
  19    3    30.880954   23.642776   30.880954    2.711714    0.00000000   0.0000   0.6420  3+[ 4, 0, 2]
  20    3    33.736281   26.498103   33.736281    2.811441    0.00000000   0.0000   0.6291  3+[ 4, 1, 1]
  21    3    36.410089   29.171911   36.410089    2.901723    0.00000000   0.0000   0.6784  3+[ 4, 2, 2]
  22    4    11.017094  -18.255271  -11.017094    1.876578    1.00000000   0.0000   0.9664  3-[ 1, 0, 1]
  23    4    13.323451    6.085274   13.323451    1.991596    0.00000000   0.0000   0.7588  3-[ 3, 0, 1]
  24    4    17.005419    9.767241   17.005419    2.162574    0.00000000   0.0000   0.6710  3-[ 3, 2, 1]
  25    4    22.006012   14.767835   22.006012    2.375156    0.00000000   0.0000   0.7053  3-[ 3, 1, 2]
  26    5     1.226387   -8.464565   -1.226387    1.277835    1.00000000   0.0000   0.9592  5+[ 2, 0, 2]
  27    5    25.583266   18.345089   25.583266    2.516235    0.00000000   0.0000   0.6884  5+[ 4, 0, 2]
  28    5    29.740534   22.502356   29.740534    2.670843    0.00000000   0.0000   0.6480  5+[ 4, 2, 2]
  29    5    34.577123   27.338945   34.577123    2.840142    0.00000000   0.0000   0.7652  5+[ 4, 1, 3]
  30    6    12.727441    5.489263   12.727441    1.962519    0.00000000   0.0000   0.8264  5-[ 3, 1, 2]
  31    6    19.995726   12.757549   19.995726    2.292067    0.00000000   0.0000   0.8264  5-[ 3, 0, 3]
  32    7    24.551604   17.313427   24.551604    2.476374    0.00000000   0.0000   0.8641  7+[ 4, 1, 3]
  33    7    32.657973   25.419795   32.657973    2.774201    0.00000000   0.0000   0.8641  7+[ 4, 0, 4]
  34    8    11.583873    4.345695   11.583873    1.905487    0.00000000   0.0000   1.0000  7-[ 3, 0, 3]
  35    9    22.805468   15.567291   22.805468    2.407403    0.00000000   0.0000   1.0000  9+[ 4, 0, 4]
#all active are   35 q.p. states out of   35
#since the cut off is pwi=  60.0
#check: number of protons =  12.0


 #canonical s.p. energies protons 
 ---------------------------------


  labels -> {2*omega}{parity}[nn=nz+2*nr+nl,nz,nl]
  cqpe   -> canonical q.p. energies
  ce     -> canonical s.p. energies
  fermi energy=  -7.2381775869506768     
  average cdelt=   2.6954361538565199E-017
  k0      ceqp        ce         v*v       u*v        cdel     overl      labels
   1    2.123845    2.123845   0.00000000   0.00000000  -0.0000   0.9205  1+[ 2, 2, 0]
   2   24.778096   24.778096   0.00000000   0.00000000  -0.0000   0.7772  1+[ 4, 0, 0]
   3   26.075562   26.075562   0.00000000   0.00000000  -0.0000   0.9143  1+[ 4, 3, 1]
   4   29.211160   29.211160   0.00000000   0.00000000  -0.0000   0.8266  1+[ 4, 4, 0]
   5   26.301173   26.301173   0.00000000   0.00000000  -0.0000   0.7177  1+[ 4, 1, 1]
   6   21.193882   21.193882   0.00000000   0.00000000  -0.0000   0.5558  1+[ 4, 0, 0]
   7   -2.432456   -2.432456   0.00000000   0.00000001  -0.0000   0.7729  1+[ 2, 1, 1]
   8   -7.226805   -7.249551   0.55662127   0.49678369  -0.0000   0.8117  1+[ 2, 0, 0]
   9   13.367853  -27.844208   1.00000000   0.00000003  -0.0000   0.9763  1+[ 0, 0, 0]
  10   13.371183   13.371183   0.00000000   0.00000000  -0.0000   0.9595  1-[ 3, 2, 1]
  11    7.815855    7.815855   0.00000000   0.00000000  -0.0000   0.8518  1-[ 3, 0, 1]
  12   15.469389   15.469389   0.00000000   0.00000000  -0.0000   0.7813  1-[ 3, 3, 0]
  13   12.454251   12.454251   0.00000000   0.00000000  -0.0000   0.6933  1-[ 3, 1, 0]
  14    2.505997  -16.982352   1.00000000   0.00000002  -0.0000   0.9624  1-[ 1, 0, 1]
  15   -0.581487  -13.894868   1.00000000   0.00000000  -0.0000   0.9630  1-[ 1, 1, 0]
  16    0.421772    0.421772   0.00000000   0.00000000  -0.0000   0.7198  3+[ 2, 0, 2]
  17   22.978341   22.978341   0.00000000   0.00000000  -0.0000   0.5682  3+[ 4, 3, 1]
  18   27.720838   27.720838   0.00000000   0.00000000  -0.0000   0.7034  3+[ 4, 3, 1]
  19   25.051808   25.051808   0.00000000   0.00000000  -0.0000   0.5793  3+[ 4, 2, 2]
  20   20.403753   20.403753   0.00000000   0.00000000  -0.0000   0.6813  3+[ 4, 0, 2]
  21   -7.226805   -7.226805   0.44337873   0.49678369  -0.0000   0.6954  3+[ 2, 1, 1]
  22   10.587100   10.587100   0.00000000   0.00000000  -0.0000   0.7257  3-[ 3, 1, 2]
  23    6.874392    6.874392   0.00000000   0.00000000  -0.0000   0.7513  3-[ 3, 0, 1]
  24   13.158858   13.158858   0.00000000   0.00000000  -0.0000   0.9336  3-[ 3, 2, 1]
  25    3.778916  -18.255271   1.00000000   0.00000002  -0.0000   0.9664  3-[ 1, 0, 1]
  26   24.248646   24.248646   0.00000000   0.00000000  -0.0000   0.7325  5+[ 4, 1, 3]
  27   18.700645   18.700645   0.00000000   0.00000000  -0.0000   0.6372  5+[ 4, 2, 2]
  28   25.237099   25.237099   0.00000000   0.00000000  -0.0000   0.7560  5+[ 4, 2, 2]
  29   -6.011791   -8.464565   1.00000000   0.00000472  -0.0000   0.9592  5+[ 2, 0, 2]
  30   12.757527   12.757527   0.00000000   0.00000000  -0.0000   0.8254  5-[ 3, 0, 3]
  31    5.489285    5.489285   0.00000000   0.00000000  -0.0000   0.8254  5-[ 3, 1, 2]
  32   25.419787   25.419787   0.00000000   0.00000000  -0.0000   0.8636  7+[ 4, 0, 4]
  33   17.313435   17.313435   0.00000000   0.00000000  -0.0000   0.8636  7+[ 4, 1, 3]
  34    4.345695    4.345695   0.00000000   0.00000000  -0.0000   1.0000  7-[ 3, 0, 3]
  35   15.567291   15.567291   0.00000000   0.00000000  -0.0000   1.0000  9+[ 4, 0, 4]
  Sum canonical e_v*V^2_k=  -185.36145982532037     

  NB! From expect (UNPROJECTED RESULTS)

  pairing: CpV0,CpV1,...           0.100000       0.100000       1.000000       1.000000
  forces:   UNE1                          


                             neutrons         protons         total
  Requested part.numbs.      12.000000      12.000000      24.000000
  UnPj(av) part.numbs .      12.000000      12.000000      24.000000
  b0, bz, bp ..........       1.559284       1.564210       1.556827

  lambda (ala) ........     -12.063995      -7.238178
  Lambda (alast) ......     -12.063995      -7.238178
  delta(n,p), pwi .....       0.000000       0.000000      60.000000
  pairing energy ......       0.000000       0.000000       0.000000

  rms-radius ..........       2.915484       2.925991       2.920742
  charge-radius, r0 ...                      3.033385       3.461399
  deformation beta2....      -0.230722      -0.230897      -0.230810
  dipole moment[fm] ...       0.000000       0.000000       0.000000
  quadrupole moment[b]       -0.296894      -0.299265      -0.596159
  octupole moment .....       0.000000       0.000000       0.000000
  hexadecapole moment .       0.002474       0.002487       0.004962
  q5 ..................       0.000000       0.000000       0.000000
  q6 ..................      -0.000045      -0.000045      -0.000090
  q7 ..................       0.000000       0.000000       0.000000
  q8 ..................       0.000000       0.000000       0.000000

  <r^0> [fm^0] ........            1.000000            1.000000            1.000000
  <r^2> [fm^2] ........            8.500047            8.561424            8.530735
  <r^4> [fm^4] ........          101.715531          103.040324          102.377927
  <r^6> [fm^6] ........         1527.952108         1555.246970         1541.599539
  <r^8> [fm^8] ........        27320.158000        27920.414774        27620.286387

  kinetic energy ......     211.537156     210.161099     421.698256
  volume energy .......                                  -663.908172
        rho_tau .......                                   -23.211792
        rho_rho .......                                  -640.696379
  surface energy ......                                    52.134814
   rho_DELTA_rho ......                                    52.134814
   (NABLA_rho)^2 ......                                     0.000000
  spin-orbit energy ...                                   -15.579108
        rho_NABLA_J ...                                   -15.579108
        NABLA_rho_J ...                                     0.000000
  coulomb energy ......                                    29.238458
          direct ......                                    33.721530
          exchange ....                                    -4.483072
  tensor energy .......                                     0.000000
  direct Hartree E  ...                                     0.000000
  Extra E .............                                     0.000000
  External field E ....                                     0.000000
  Entropy .............       2.746529       2.746886       5.493415

  tEnergy: ehfb (qp)...                                  -176.415752

  Calculated but not added corrections 
====================================
  cmc-diagonal part ...       0.000000       0.000000       0.000000
  cmc-hfb .............       0.000000       0.000000       0.000000
  cranking rot corr ...       0.000000       0.000000       0.000000

  SQUJ ................       0.000000       0.000000       0.000000
  CRAN x 4 ............       0.000000       0.000000       0.000000
  Rigit Body ..........       0.000000       0.000000       0.000000


   Blocking candidates are:
   neutron eqpmin=   1.1452234387822061E-002  pwiblo=   5.1031036307982882     
    num=   1 block=   1 state=   1     1 Eqp=   0.01145223  (1-2N)E=  -0.01145223  Ovlp=   0.81498697  1+[ 2, 0, 0]
    num=   2 block=   3 state=   1    16 Eqp=   0.01145223  (1-2N)E=   0.01145223  Ovlp=   0.69867392  3+[ 2, 1, 1]
    num=   3 block=   5 state=   1    26 Eqp=   1.21657865  (1-2N)E=  -1.21657865  Ovlp=   0.96147910  5+[ 2, 0, 2]
    num=   4 block=   1 state=   2     2 Eqp=   3.70050132  (1-2N)E=   3.70050132  Ovlp=   0.67400547  1+[ 2, 1, 1]

   Blocking candidates are:
   proton  eqpmin=   1.1373036456231649E-002  pwiblo=   5.1031036307982882     
    num=   1 block=   1 state=   1     1 Eqp=   0.01137304  (1-2N)E=  -0.01137304  Ovlp=   0.81166215  1+[ 2, 0, 0]
    num=   2 block=   3 state=   1    16 Eqp=   0.01137304  (1-2N)E=   0.01137304  Ovlp=   0.69542130  3+[ 2, 1, 1]
    num=   3 block=   5 state=   1    26 Eqp=   1.22638703  (1-2N)E=  -1.22638703  Ovlp=   0.95921123  5+[ 2, 0, 2]
    num=   4 block=   1 state=   2     2 Eqp=   3.70558962  (1-2N)E=   3.70558962  Ovlp=   0.67692234  1+[ 2, 1, 1]


