No Skyrme interaction defined in routine skforce()
Multi-threading framework with OpenMP: 1 threads/task

  =======================================
           FORTRAN 95 CODE (KIND= 8) 
               Version: 200d  
  =======================================
       AXIALLY DEFORMED CONFIGURATIONAL  
     HARTREE-FOCK-BOGOLIUBOV CALCULATIONS
                     WITH                
            UNEDF AND DELTA PAIRING      
                     USING               
             HARMONIC-OSCILLATOR         
                   AND/OR                
       TRANSFORMED HARMONIC-OSCILLATOR   
                    BASIS                
                     ---                 
               v1.66  (2005):,           
   Stoitsov,Dobaczewski,Nazarewicz,Ring, 
               v2.00d (2012):,           
         Stoitsov,Schunck,Kortelainen    
  =======================================
    Nucleus: GD (A= 156, N= 92, Z= 64)
       Reflection Symmetry Imposed       
            ( 9/15/2022,  3: 4)                               
  =======================================


  ---------------------------------------
           UNEDF Module Version:17
         M.Kortelainen & M.Stoitsov 
  ---------------------------------------

  UNE1 functional
  ----------------------------------
  Crho(0)=   -772.968128865482413    ; Crho(1)=    343.323449903506514    
  CDrho(0)=   894.741747242654355    ; CDrho(1)=  -288.577440950770495    
  Ctau(0)=   -3.84935418813024777    ; Ctau(1)=   -36.4840022489450320    
  CrDr(0)=   -44.2897740998562597    ; CrDr(1)=   -120.428545490825456    
  CrdJ(0)=   -71.5905884434618258    ; CrdJ(1)=   -39.7750512678206576    
  CJ(0)=      0.00000000000000000    ; CJ(1)=      0.00000000000000000    
  CpV0(0)=   0.100000000000000006    ; CpV0(1)=   0.100000000000000006    
  CpV1(0)=    1.00000000000000000    ; CpV1(1)=    1.00000000000000000    
  sigma=     0.275392543303833615    ; hbzero=     20.7355300000000007    
  e^2 chrg=   1.43997840859651305    ; CExPar=     1.00000000000000000    
  c.m. correction: F, chr. density in direct Coul: F
  use tensor terms: F
  use TMR pairing:  0

  Coupling constants in natural units
  -----------------------------------
  Crho_nu(0)=  -0.870454808544421477    ; Crho_nu(1)=   0.386623376429760468    
  CDrho_nu(0)=  0.943690370558407321    ; CDrho_nu(1)= -0.304364642674680164    
  Ctau_nu(0)=  -0.545650332603224292E-01; Ctau_nu(1)=  -0.517164879844515979    
  CrDr_nu(0)=  -0.627812583290673354    ; CrDr_nu(1)=   -1.70708832418223788    
  CrdJ_nu(0)=   -1.01480473051532383    ; CrdJ_nu(1)=  -0.563815873855416760    
  CJ_nu(0)=      0.00000000000000000    ; CJ_nu(1)=      0.00000000000000000    
  CpV0_nu(0)=   0.112611992142809880E-03; CpV0_nu(1)=   0.112611992142809880E-03
  CpV1_nu(0)=   0.887702254206059068E-03; CpV1_nu(1)=   0.887702254206059068E-03
  fpi_nu=        93.0000000000000000    ; Lambda_nu=     700.000000000000000    

  Nuclear matter properties
  ----------------------------------
      E_NM=     -15.8000000000000078      K_NM=     220.0000000000001990
      P_NM=       0.0000000000000000    RHO_NM=       0.1587434079723035
    ASS_NM=      28.5251433837807333   LASS_NM=      29.3643410445868298
  SMASS_NM=       0.9705307941337282  VMASS_NM=       1.2498385742322700

  Associated (t,x)-coupling constants
  -----------------------------------
  t0=      -2061.24834364128628    ; x0=       0.166243737126813951    
  t1=       231.079656281726386    ; x1=       -4.35347794676952038    
  t2=       1324.83362460861053    ; x2=       -1.39243838279660559    
  t3=       14315.8679558824697    ; x3=      -0.162110600515411041E-01
  b4=       31.8155371756411682    ; b4p=       79.5501025356413152    
  te=      -394.450334562103990    ; to=       -175.699540896727171    
  sigma=   0.275392543303833615    ; hbzero=    20.7355300000000007    

  ---------------------------------------
        Characteristics of the run       
  ---------------------------------------
  Output file ................:     7
  Nucleus ....................:   GD 156
  Number of HO shells ........:    10
  HO length b0 (fm) ..........:     2.13015292605643
  Basis deformation ..........:  beta0=   0.010 q=   1.010
  HO: b0,1/b0,bp,bz,q ........:   0.21301529E+01  0.46944986E+00  0.21267964E+01  0.21368819E+01  0.10095067E+01
  h**2/(2m), cmc, e**2 .......:   0.20735530E+02  0.20735530E+02  0.14399784E+01
  hom=f*41.0_pr*A^{-1/3}, f...:   0.91395238E+01  0.12000000E+01
  THO basis is ...............:  OFF
  Maximal number of iterations:   400
  Initial mixing parameter ...:  0.300
  Initial w.f. ...............:  from   spherical scratch
  Skyrme functional ..........:    UNE1                          
    with direct and exchange Coulomb
  Lipkin-Nogami procedure is .:  OFF
  PAV procedure is ...........:  OFF
  Constraint calculation is ..:   ON
    Constraint 1 .............: lambda=2 Ql=  20.489
  Temperature T ..............:   0.05 MeV
  Restart indicator ..........:   1
  Broyden mixing (#iterations):   7

  ---------------------------------------
        Harmonic Oscillator Basis        
  ---------------------------------------
  NUV, NQP:                        6222     286
  Comparison with bookkeeping spherical basis:
  n00:                               10      10  Maximal number of shells
  nbx, 2*n00+1:                      21      21  Maximal number of K-blocks
  ntx, (n00+1)*(n00+2)*(n00+3)/6    286     286  Max.num. p/n levels
  nzx, n00:                          10      10  Maximal nz-quantum number
  nrx, n00/2  :                       5       5  Maximal nr-quantum number
  nlx, n00:                          10      10  Maximal ml-quantum number
  ndx, (n00+2)*(n00+2)/4:            36      36  Maximal dim. of one k-block

  Actual basis used
  Number of blocks: nb .......:   21
  Number of levels: nt .......:  286
  Maximal 2*omega : nom ......:   21
  Maximal nz:       nzm ......:   10
  Maximal nr:       nrm ......:    5
  Maximal ml:       nlm ......:   10
  Maximal N=nz+2*nr+nl .......:   10
  2 x biggest block dim. .....:   72
  Non-zero elements of h .....:     3254
  Number of Broyden elements .:    13016

  ---------------------------------------
            Integration Meshes           
  ---------------------------------------
  Number of Gauss-Hermite mesh points ngh ....:  40
  Number of Gauss-Laguerre mesh points ngl ...:  40
  Number of Gauss-Legendre mesh points nleg ..:  80
  Integration boundaries
    Hermite  - from xh(1)  =  0.12379686 to xh(ngh)   = 11.88786356
    Laguerre - From xl(1)  =  0.03570039 to xl(ngl)   =142.28004447
    Legendre - From xleg(1)=  0.00978669 to xleg(nleg)=  0.99988775
  Max.dev.in:     Orthogonality            Normalization
  Hermite     1.5248282503475657E-015   1.0991207943789050E-014
  Laguerre    4.8291451697098846E-015   9.3258734068513149E-015

  Scratch initialization for the nucleus: GD  92  64


  Initial potentials of Saxon-Woods shape 
  v0ws   =  -71.27999878
  kappa  =    0.46160001
  vs0    =   11.11750031   11.11750031
  r0     =    1.23339999    1.23339999
  a      =    0.61500001    0.61500001
  r0-so  =    1.14429998    1.14429998
  a-so   =    0.64760000    0.64760000
  beta00 =    0.01000000

  ### REGULAR STAGE (reflection symmetry imposed)
  |HFB+HO> iterations(b0=  2.130, Nsh= 10, inin=  1, N= 92, Z= 64)...
  ----------------------------------------------------------------------------------------------------------------------------------
  i          si     mix   beta      Etot       A       rn      rp         En      Dn      Ep      Dp        Ln      Lp     time
  ----------------------------------------------------------------------------------------------------------------------------------
   1L  69.94764065 0.30  0.010     0.000000    0.0   0.000   0.000 |   -2.000   1.000  -2.000   1.000 |   -7.000  -7.000   0.000
   2B  44.78774609 0.10  0.020 -1021.041250  156.0   4.803   4.551 |    0.001  -0.000   0.000  -0.000 |  -14.218 -26.849  41.281
   3B  17.26171555 0.11  0.232 -1046.229135  156.0   5.001   5.014 |    0.000  -0.000   0.000  -0.000 |   -6.456 -11.634   3.714
   4B  28.57807379 0.10  0.463  -417.517112  156.0   5.391   4.979 |    0.000  -0.000   0.000  -0.000 |   -8.315  -9.496   3.481
   5B   7.82175734 0.11  0.601 -1207.400919  156.0   5.518   5.375 |    0.000  -0.000   0.000  -0.000 |   -7.964  -8.849   3.798
   6B   6.81883683 0.13  0.685 -1210.676837  156.0   5.616   5.537 |    0.000  -0.000   0.000  -0.000 |   -8.289  -9.922   3.927
   7B   5.32695166 0.14  0.741 -1215.544365  156.0   5.702   5.681 |    0.000   0.000   0.000   0.000 |   -8.201  -9.947   4.276
   8B   5.85755818 0.10  0.752 -1220.183665  156.0   5.737   5.650 |    0.000   0.000   0.000   0.000 |   -7.973  -9.470   4.407
   9B   6.64383082 0.10  0.737 -1227.767075  156.0   5.710   5.635 |    0.000   0.000   0.000   0.000 |   -6.985  -8.729   4.780
  10B   5.91483564 0.11  0.694 -1244.120214  156.0   5.640   5.533 |    0.000  -0.000   0.000  -0.000 |   -6.382  -7.992   4.907
  11B   5.28150537 0.13  0.655 -1250.455524  156.0   5.556   5.481 |    0.000  -0.000   0.000  -0.000 |   -6.010  -7.252   5.211
  12B   5.28623645 0.10  0.633 -1253.923113  156.0   5.528   5.440 |    0.000  -0.000   0.000  -0.000 |   -6.319  -7.200   5.159
  13L   4.38225523 0.11  0.563 -1258.345846  156.0   5.436   5.330 |    0.000  -0.000   0.000  -0.000 |   -6.537  -7.036   4.676
  14L   4.05092718 0.13  0.546 -1256.621391  156.0   5.412   5.300 |    0.000  -0.000   0.000  -0.000 |   -6.365  -6.639   4.825
  15B   5.63458932 0.10  0.507 -1254.568351  156.0   5.360   5.278 |    0.000  -0.000   0.000  -0.000 |   -6.395  -6.899   4.793
  16B   3.03726895 0.11  0.481 -1258.947974  156.0   5.351   5.242 |    0.000   0.000   0.000   0.000 |   -6.694  -6.994   4.344
  17B   2.74983662 0.13  0.399 -1264.965394  156.0   5.271   5.167 |    0.000  -0.000   0.000  -0.000 |   -6.744  -7.037   4.834
  18B   2.47376997 0.14  0.382 -1267.951882  156.0   5.254   5.150 |    0.000  -0.000   0.000  -0.000 |   -6.757  -6.971   4.448
  19B   2.53407888 0.10  0.320 -1266.621996  156.0   5.218   5.093 |    0.000   0.000   0.000   0.000 |   -6.945  -7.038   5.051
  20B   2.50166913 0.11  0.353 -1263.793641  156.0   5.233   5.129 |    0.000  -0.000   0.000  -0.000 |   -6.709  -7.009   4.711
  21B   0.96055387 0.13  0.354 -1269.255059  156.0   5.235   5.115 |    0.000  -0.000   0.000  -0.000 |   -6.717  -7.084   4.859
  22B   2.15076488 0.10  0.358 -1267.397916  156.0   5.237   5.130 |    0.000  -0.000   0.000  -0.000 |   -6.700  -7.178   4.858
  23B   0.88746268 0.11  0.349 -1270.110740  156.0   5.235   5.116 |    0.000  -0.000   0.000  -0.000 |   -6.841  -7.183   4.832
  24B   0.59561420 0.13  0.369 -1270.035302  156.0   5.248   5.135 |    0.000  -0.000   0.000  -0.000 |   -6.844  -7.203   4.612
  25B   0.51322799 0.14  0.364 -1270.004605  156.0   5.248   5.127 |    0.000  -0.000   0.000  -0.000 |   -6.846  -7.214   4.795
  26B   0.38945172 0.16  0.373 -1270.107948  156.0   5.253   5.139 |    0.000  -0.000   0.000  -0.000 |   -6.871  -7.258   4.625
  27B   0.40193958 0.10  0.374 -1270.158246  156.0   5.253   5.142 |    0.000  -0.000   0.000  -0.000 |   -6.938  -7.273   4.732
  28B   0.32160468 0.11  0.378 -1270.122015  156.0   5.259   5.143 |    0.000  -0.000   0.000  -0.000 |   -6.982  -7.294   4.688
  29B   0.26388802 0.13  0.380 -1270.121995  156.0   5.259   5.147 |    0.000  -0.000   0.000  -0.000 |   -6.986  -7.271   4.573
  30B   0.35530782 0.10  0.388 -1269.894938  156.0   5.267   5.152 |    0.000   0.000   0.000   0.000 |   -7.060  -7.277   4.550
  31B   0.17903502 0.11  0.386 -1270.028534  156.0   5.265   5.152 |    0.000  -0.000   0.000  -0.000 |   -7.037  -7.249   4.610
  32B   0.22154789 0.10  0.387 -1270.041087  156.0   5.265   5.152 |    0.000  -0.000   0.000  -0.000 |   -7.033  -7.235   4.904
  33B   0.16814609 0.11  0.386 -1270.059047  156.0   5.265   5.150 |    0.000  -0.000   0.000  -0.000 |   -7.015  -7.213   5.112
  34B   0.10373836 0.13  0.386 -1270.067960  156.0   5.265   5.151 |    0.000  -0.000   0.000  -0.000 |   -7.010  -7.214   4.758
  35B   0.07042870 0.14  0.385 -1270.098141  156.0   5.264   5.150 |    0.000  -0.000   0.000  -0.000 |   -6.993  -7.209   4.704
  36B   0.13024276 0.10  0.385 -1270.111820  156.0   5.263   5.150 |    0.000  -0.000   0.000  -0.000 |   -6.991  -7.204   4.608
  37B   0.09768673 0.11  0.385 -1270.106272  156.0   5.263   5.149 |    0.000  -0.000   0.000  -0.000 |   -6.986  -7.202   4.625
  38B   0.06347978 0.13  0.383 -1270.156673  156.0   5.261   5.147 |    0.000  -0.000   0.000  -0.000 |   -6.950  -7.179   4.922
  39B   0.03262427 0.14  0.382 -1270.174173  156.0   5.260   5.146 |    0.000   0.000   0.000   0.000 |   -6.937  -7.172   4.444
  40B   0.04175510 0.10  0.382 -1270.175075  156.0   5.260   5.146 |    0.000   0.000   0.000   0.000 |   -6.937  -7.174   5.244
  41B   0.03895970 0.11  0.381 -1270.183176  156.0   5.260   5.146 |    0.000   0.000   0.000   0.000 |   -6.933  -7.172   5.703
  42B   0.03021325 0.13  0.382 -1270.178713  156.0   5.260   5.146 |    0.000   0.000   0.000   0.000 |   -6.937  -7.173   5.147
  43B   0.02704603 0.14  0.382 -1270.173813  156.0   5.260   5.147 |    0.000  -0.000   0.000  -0.000 |   -6.941  -7.174   5.389
  44B   0.02224676 0.16  0.382 -1270.169317  156.0   5.261   5.147 |    0.000  -0.000   0.000  -0.000 |   -6.944  -7.174   4.791
  45B   0.02300468 0.10  0.383 -1270.162946  156.0   5.261   5.147 |    0.000   0.000   0.000   0.000 |   -6.948  -7.172   4.485
  46B   0.01980317 0.11  0.383 -1270.163881  156.0   5.261   5.147 |    0.000  -0.000   0.000  -0.000 |   -6.948  -7.171   4.501
  47B   0.03094029 0.10  0.383 -1270.161025  156.0   5.261   5.147 |    0.000   0.000   0.000   0.000 |   -6.947  -7.169   4.666
  48B   0.01450964 0.11  0.383 -1270.157455  156.0   5.261   5.147 |    0.000   0.000   0.000   0.000 |   -6.949  -7.168   5.169
  49B   0.00607818 0.13  0.383 -1270.161823  156.0   5.261   5.147 |    0.000   0.000   0.000   0.000 |   -6.945  -7.165   5.020
  50B   0.02182034 0.10  0.383 -1270.162817  156.0   5.261   5.147 |    0.000   0.000   0.000   0.000 |   -6.943  -7.163   4.850
  51B   0.00984709 0.11  0.383 -1270.161801  156.0   5.261   5.147 |    0.000   0.000   0.000   0.000 |   -6.943  -7.163   4.436
  52B   0.00518298 0.13  0.383 -1270.161103  156.0   5.261   5.147 |    0.000   0.000   0.000   0.000 |   -6.943  -7.162   4.464
  53B   0.00249875 0.14  0.383 -1270.162284  156.0   5.261   5.147 |    0.000   0.000   0.000   0.000 |   -6.942  -7.161   4.676
  54B   0.00294066 0.10  0.383 -1270.162424  156.0   5.261   5.147 |    0.000   0.000   0.000   0.000 |   -6.942  -7.161   5.126
  55B   0.00247706 0.11  0.383 -1270.162156  156.0   5.261   5.147 |    0.000   0.000   0.000   0.000 |   -6.942  -7.161   4.674
  56B   0.00228669 0.13  0.383 -1270.162012  156.0   5.261   5.147 |    0.000   0.000   0.000   0.000 |   -6.942  -7.161   4.734
  57B   0.00218888 0.14  0.383 -1270.161788  156.0   5.261   5.147 |    0.000   0.000   0.000   0.000 |   -6.942  -7.161   5.193
  58B   0.00230572 0.10  0.383 -1270.161172  156.0   5.261   5.147 |    0.000   0.000   0.000   0.000 |   -6.943  -7.161   4.973
  59B   0.00136808 0.11  0.383 -1270.160920  156.0   5.261   5.147 |    0.000   0.000   0.000   0.000 |   -6.943  -7.161   4.683
  60B   0.00136330 0.13  0.383 -1270.160754  156.0   5.261   5.147 |    0.000   0.000   0.000   0.000 |   -6.943  -7.161   4.586
  61B   0.00103139 0.14  0.383 -1270.160683  156.0   5.261   5.147 |    0.000   0.000   0.000   0.000 |   -6.943  -7.161   4.601
  62B   0.00069296 0.16  0.383 -1270.160701  156.0   5.261   5.147 |    0.000   0.000   0.000   0.000 |   -6.943  -7.161   4.630
  63B   0.00063620 0.18  0.383 -1270.160719  156.0   5.261   5.147 |    0.000   0.000   0.000   0.000 |   -6.943  -7.161   4.857
  64B   0.00025232 0.21  0.383 -1270.160710  156.0   5.261   5.147 |    0.000   0.000   0.000   0.000 |   -6.943  -7.160   5.063
  65B   0.00020168 0.24  0.383 -1270.160666  156.0   5.261   5.147 |    0.000  -0.000   0.000  -0.000 |   -6.943  -7.160   4.694
  66B   0.00019613 0.27  0.383 -1270.160664  156.0   5.261   5.147 |    0.000  -0.000   0.000  -0.000 |   -6.943  -7.160   4.653
  67B   0.00019393 0.30  0.383 -1270.160664  156.0   5.261   5.147 |    0.000  -0.000   0.000  -0.000 |   -6.943  -7.160   4.656
  68B   0.00018480 0.34  0.383 -1270.160650  156.0   5.261   5.147 |    0.000  -0.000   0.000  -0.000 |   -6.943  -7.160   4.507
  69B   0.00017392 0.38  0.383 -1270.160643  156.0   5.261   5.147 |    0.000  -0.000   0.000  -0.000 |   -6.943  -7.160   4.810
  70B   0.00016924 0.43  0.383 -1270.160635  156.0   5.261   5.147 |    0.000  -0.000   0.000  -0.000 |   -6.943  -7.160   4.352
  71B   0.00018187 0.10  0.383 -1270.160636  156.0   5.261   5.147 |    0.000  -0.000   0.000  -0.000 |   -6.943  -7.160   4.832
  72B   0.00017044 0.11  0.383 -1270.160614  156.0   5.261   5.147 |    0.000  -0.000   0.000  -0.000 |   -6.943  -7.160   4.732
  73B   0.00013661 0.13  0.383 -1270.160592  156.0   5.261   5.147 |    0.000  -0.000   0.000  -0.000 |   -6.943  -7.160   4.505
  74B   0.00013641 0.14  0.383 -1270.160528  156.0   5.261   5.147 |    0.000   0.000   0.000   0.000 |   -6.943  -7.160   4.463
  75B   0.00009521 0.16  0.383 -1270.160560  156.0   5.261   5.147 |    0.000  -0.000   0.000  -0.000 |   -6.943  -7.160   4.488
  76B   0.00009731 0.10  0.383 -1270.160540  156.0   5.261   5.147 |    0.000  -0.000   0.000  -0.000 |   -6.943  -7.160   4.876
  77B   0.00002826 0.11  0.383 -1270.160542  156.0   5.261   5.147 |    0.000  -0.000   0.000  -0.000 |   -6.943  -7.160   4.530
  78B   0.00004306 0.10  0.383 -1270.160542  156.0   5.261   5.147 |    0.000  -0.000   0.000  -0.000 |   -6.943  -7.160   4.676
  79B   0.00005274 0.10  0.383 -1270.160536  156.0   5.261   5.147 |    0.000  -0.000   0.000  -0.000 |   -6.943  -7.160   4.547
  80B   0.00001673 0.11  0.383 -1270.160539  156.0   5.261   5.147 |    0.000  -0.000   0.000  -0.000 |   -6.943  -7.160   4.589
  81B   0.00000803 0.13  0.383 -1270.160539  156.0   5.261   5.147 |    0.000  -0.000   0.000  -0.000 |   -6.943  -7.160   4.888
  82B   0.00000441 0.14  0.383 -1270.160539  156.0   5.261   5.147 |    0.000  -0.000   0.000  -0.000 |   -6.943  -7.160   4.682
  83B   0.00000346 0.16  0.383 -1270.160538  156.0   5.261   5.147 |    0.000   0.000   0.000   0.000 |   -6.943  -7.160   4.559
  84B   0.00000319 0.18  0.383 -1270.160538  156.0   5.261   5.147 |    0.000   0.000   0.000   0.000 |   -6.943  -7.160   4.629
  85B   0.00000217 0.21  0.383 -1270.160538  156.0   5.261   5.147 |    0.000   0.000   0.000   0.000 |   -6.943  -7.160   4.691
  86B   0.00000222 0.10  0.383 -1270.160538  156.0   5.261   5.147 |    0.000   0.000   0.000   0.000 |   -6.943  -7.160   4.510
  87B   0.00000200 0.11  0.383 -1270.160538  156.0   5.261   5.147 |    0.000   0.000   0.000   0.000 |   -6.943  -7.160   4.761
  88B   0.00000201 0.10  0.383 -1270.160538  156.0   5.261   5.147 |    0.000   0.000   0.000   0.000 |   -6.943  -7.160   4.795
  89B   0.00000201 0.11  0.383 -1270.160538  156.0   5.261   5.147 |    0.000   0.000   0.000   0.000 |   -6.943  -7.160   4.677
  90B   0.00000200 0.13  0.383 -1270.160538  156.0   5.261   5.147 |    0.000   0.000   0.000   0.000 |   -6.943  -7.160   4.437
  91B   0.00000209 0.10  0.383 -1270.160538  156.0   5.261   5.147 |    0.000   0.000   0.000   0.000 |   -6.943  -7.160   4.763
  92B   0.00000195 0.11  0.383 -1270.160537  156.0   5.261   5.147 |    0.000   0.000   0.000   0.000 |   -6.943  -7.160   4.700
  93B   0.00000171 0.13  0.383 -1270.160537  156.0   5.261   5.147 |    0.000   0.000   0.000   0.000 |   -6.943  -7.160   4.555
  94B   0.00000194 0.10  0.383 -1270.160537  156.0   5.261   5.147 |    0.000  -0.000   0.000  -0.000 |   -6.943  -7.160   4.558
  95B   0.00000130 0.11  0.383 -1270.160537  156.0   5.261   5.147 |    0.000  -0.000   0.000  -0.000 |   -6.943  -7.160   4.723
  96B   0.00000104 0.13  0.383 -1270.160537  156.0   5.261   5.147 |    0.000   0.000   0.000   0.000 |   -6.943  -7.160   4.737
  97B   0.00000162 0.10  0.383 -1270.160537  156.0   5.261   5.147 |    0.000   0.000   0.000   0.000 |   -6.943  -7.160   4.813
  98B   0.00000111 0.11  0.383 -1270.160537  156.0   5.261   5.147 |    0.000   0.000   0.000   0.000 |   -6.943  -7.160   4.920
  99B   0.00000064 0.13  0.383 -1270.160537  156.0   5.261   5.147 |    0.000   0.000   0.000   0.000 |   -6.943  -7.160   5.031
 100B   0.00000134 0.10  0.383 -1270.160537  156.0   5.261   5.147 |    0.000   0.000   0.000   0.000 |   -6.943  -7.160   5.144
 101B   0.00000027 0.11  0.383 -1270.160537  156.0   5.261   5.147 |    0.000   0.000   0.000   0.000 |   -6.943  -7.160   5.132
 102B   0.00000013 0.13  0.383 -1270.160537  156.0   5.261   5.147 |    0.000   0.000   0.000   0.000 |   -6.943  -7.160   4.611
 103B   0.00000018 0.10  0.383 -1270.160537  156.0   5.261   5.147 |    0.000   0.000   0.000   0.000 |   -6.943  -7.160   4.795
 104B   0.00000011 0.11  0.383 -1270.160537  156.0   5.261   5.147 |    0.000   0.000   0.000  -0.000 |   -6.943  -7.160   4.599
 105B   0.00000010 0.13  0.383 -1270.160537  156.0   5.261   5.147 |    0.000   0.000   0.000  -0.000 |   -6.943  -7.160   4.825
 106B   0.00000010 0.14  0.383 -1270.160537  156.0   5.261   5.147 |    0.000   0.000   0.000  -0.000 |   -6.943  -7.160   4.967
 107B   0.00000010 0.16  0.383 -1270.160537  156.0   5.261   5.147 |    0.000   0.000   0.000  -0.000 |   -6.943  -7.160   5.264
 108B   0.00000009 0.18  0.383 -1270.160537  156.0   5.261   5.147 |    0.000   0.000   0.000  -0.000 |   -6.943  -7.160   4.696
 109B   0.00000007 0.21  0.383 -1270.160537  156.0   5.261   5.147 |    0.000   0.000   0.000  -0.000 |   -6.943  -7.160   4.425
 110B   0.00000007 0.10  0.383 -1270.160537  156.0   5.261   5.147 |    0.000   0.000   0.000  -0.000 |   -6.943  -7.160   4.678
 111B   0.00000006 0.11  0.383 -1270.160537  156.0   5.261   5.147 |    0.000   0.000   0.000   0.000 |   -6.943  -7.160   5.150
 112B   0.00000004 0.13  0.383 -1270.160537  156.0   5.261   5.147 |    0.000   0.000   0.000  -0.000 |   -6.943  -7.160   5.176
 113B   0.00000006 0.10  0.383 -1270.160537  156.0   5.261   5.147 |    0.000   0.000   0.000   0.000 |   -6.943  -7.160   4.413
 114B   0.00000002 0.11  0.383 -1270.160537  156.0   5.261   5.147 |    0.000  -0.000   0.000   0.000 |   -6.943  -7.160   5.309
 115B   0.00000001 0.13  0.383 -1270.160537  156.0   5.261   5.147 |    0.000   0.000   0.000   0.000 |   -6.943  -7.160   4.443
 116B   0.00000001 0.10  0.383 -1270.160537  156.0   5.261   5.147 |    0.000  -0.000   0.000   0.000 |   -6.943  -7.160   4.747
 117B   0.00000001 0.11  0.383 -1270.160537  156.0   5.261   5.147 |    0.000  -0.000   0.000   0.000 |   -6.943  -7.160   4.656
 118B   0.00000000 0.13  0.383 -1270.160537  156.0   5.261   5.147 |    0.000  -0.000   0.000   0.000 |   -6.943  -7.160   5.111
 119B   0.00000000 0.14  0.383 -1270.160537  156.0   5.261   5.147 |    0.000   0.000   0.000  -0.000 |   -6.943  -7.160   5.113
 120B   0.00000000 0.10  0.383 -1270.160537  156.0   5.261   5.147 |    0.000  -0.000   0.000  -0.000 |   -6.943  -7.160   5.310
 121B   0.00000000 0.11  0.383 -1270.160537  156.0   5.261   5.147 |    0.000  -0.000   0.000  -0.000 |   -6.943  -7.160   5.098
 122B   0.00000000 0.13  0.383 -1270.160537  156.0   5.261   5.147 |    0.000  -0.000   0.000  -0.000 |   -6.943  -7.160   5.250
 123B   0.00000000 0.10  0.383 -1270.160537  156.0   5.261   5.147 |    0.000   0.000   0.000   0.000 |   -6.943  -7.160   5.974
 124B   0.00000000 0.11  0.383 -1270.160537  156.0   5.261   5.147 |    0.000   0.000   0.000   0.000 |   -6.943  -7.160   5.832
 125B   0.00000000 0.10  0.383 -1270.160537  156.0   5.261   5.147 |    0.000  -0.000   0.000  -0.000 |   -6.943  -7.160   5.492
 126B   0.00000000 0.10  0.383 -1270.160537  156.0   5.261   5.147 |    0.000   0.000   0.000  -0.000 |   -6.943  -7.160   5.666
 127B   0.00000000 0.11  0.383 -1270.160537  156.0   5.261   5.147 |    0.000  -0.000   0.000  -0.000 |   -6.943  -7.160   5.230
  ----------------------------------------------------------------------------------------------------------------------------------
  *   iteration converged   after 127 steps   si=     0.0000000008 ho=  0 tho=  0
  ----------------------------------------------------------------------------------------------------------------------------------
  Total CPU time=  10.731 minutes

  Writing to wel_file: s092_064.hel
 __________________________________  
  The tape s092_064.hel recorded:     
  nucname,npr,ngh,ngl,n00,nb,nt      
  b0,beta0,si,etot,rms,bet,xmix      
  pairing:     CpV0,CpV1,pwi         
  delta:       del,ept               
  lambda:      ala,ala2,alast,tz     
  asymptotic:  varmas,ass,skass      
  ntx,nb,nhhdim,id,N_rz,n_r,n_z      
  Omega2,Sigma2,Parity,Lambda        
  matrices(inbro):    hh,de          
  *all blocking candidates           
 __________________________________  


  NB! From expect (UNPROJECTED RESULTS)

  pairing: CpV0,CpV1,...           0.100000       0.100000       1.000000       1.000000
  forces:   UNE1                          


                             neutrons         protons         total
  Requested part.numbs.      92.000000      64.000000     156.000000
  UnPj(av) part.numbs .      92.000000      64.000000     156.000000
  b0, bz, bp ..........       2.130153       2.136882       2.126796

  lambda (ala) ........      -6.942862      -7.160345
  Lambda (alast) ......      -6.942862      -7.160345
  delta(n,p), pwi .....       0.000000      -0.000000      60.000000
  pairing energy ......       0.000000       0.000000       0.000000

  rms-radius ..........       5.260918       5.147343       5.214623
  charge-radius, r0 ...                      5.209140       6.459855
  deformation beta2....       0.369735       0.402562       0.382857
  dipole moment[fm] ...       0.000000       0.000000       0.000000
  quadrupole moment[b]       11.877122       8.611697      20.488819
  octupole moment .....       0.000000       0.000000       0.000000
  hexadecapole moment .       0.738453       0.522087       1.260540
  q5 ..................       0.000000       0.000000       0.000000
  q6 ..................       0.117474       0.085168       0.202642
  q7 ..................       0.000000       0.000000       0.000000
  q8 ..................       0.011227       0.007792       0.019019

  <r^0> [fm^0] ........            1.000000            1.000000            1.000000
  <r^2> [fm^2] ........           27.677261           26.495142           27.192289
  <r^4> [fm^4] ........         1028.849076          929.974086          988.284978
  <r^6> [fm^6] ........        46353.148843        39307.855176        43462.771954
  <r^8> [fm^8] ........      2416130.739730      1917003.746632      2211360.691279

  kinetic energy ......    1812.063389    1069.962306    2882.025695
  volume energy .......                                 -4783.357993
        rho_tau .......                                   -88.894567
        rho_rho .......                                 -4694.463427
  surface energy ......                                   170.069968
   rho_DELTA_rho ......                                   170.069968
   (NABLA_rho)^2 ......                                     0.000000
  spin-orbit energy ...                                   -59.332456
        rho_NABLA_J ...                                   -59.332456
        NABLA_rho_J ...                                     0.000000
  coulomb energy ......                                   520.434249
          direct ......                                   544.916704
          exchange ....                                   -24.482455
  tensor energy .......                                     0.000000
  direct Hartree E  ...                                     0.000000
  Extra E .............                                     0.000000
  External field E ....                                     0.000000
  Entropy .............       2.639321       2.598039       5.237360

  tEnergy: ehfb (qp)...                                 -1270.160537

  Calculated but not added corrections 
====================================
  cmc-diagonal part ...       0.000000       0.000000       0.000000
  cmc-hfb .............       0.000000       0.000000       0.000000
  cranking rot corr ...       0.000000       0.000000       0.000000

  SQUJ ................       0.000000       0.000000       0.000000
  CRAN x 4 ............       0.000000       0.000000       0.000000
  Rigit Body ..........       0.000000       0.000000       0.000000


   Blocking candidates are:
   neutron eqpmin=   2.7687174093607325E-002  pwiblo=   2.0016019225635890     
    num=   1 block=   4 state=   1    97 Eqp=   0.02768717  (1-2N)E=  -0.02768717  Ovlp=   0.78964152  3-[ 5, 2, 1]
    num=   2 block=   5 state=   1   122 Eqp=   0.02789731  (1-2N)E=   0.02789731  Ovlp=   0.73988652  5+[ 6, 4, 2]
    num=   3 block=  12 state=   1   243 Eqp=   0.34668175  (1-2N)E=   0.34668175  Ovlp=   0.99277338 11-[ 5, 0, 5]
    num=   4 block=   6 state=   1   147 Eqp=   1.07021456  (1-2N)E=   1.07021456  Ovlp=   0.82717649  5-[ 5, 2, 3]
    num=   5 block=   2 state=   1    37 Eqp=   1.11504094  (1-2N)E=   1.11504094  Ovlp=   0.81057140  1-[ 5, 2, 1]
    num=   6 block=   3 state=   1    67 Eqp=   1.12288165  (1-2N)E=  -1.12288165  Ovlp=   0.84119429  3+[ 4, 0, 2]
    num=   7 block=   3 state=   2    68 Eqp=   1.29694847  (1-2N)E=  -1.29694847  Ovlp=   0.52662703  3+[ 6, 5, 1]
    num=   8 block=   1 state=   1     1 Eqp=   1.45036734  (1-2N)E=  -1.45036734  Ovlp=   0.92760924  1+[ 4, 0, 0]
    num=   9 block=   4 state=   2    98 Eqp=   1.81494201  (1-2N)E=  -1.81494201  Ovlp=   0.70577229  3-[ 5, 3, 2]
    num=  10 block=   7 state=   1   167 Eqp=   1.82819005  (1-2N)E=   1.82819005  Ovlp=   0.84479890  7+[ 6, 3, 3]
    num=  11 block=  10 state=   1   219 Eqp=   1.89786335  (1-2N)E=  -1.89786335  Ovlp=   0.96048144  9-[ 5, 1, 4]
    num=  12 block=   1 state=   2     2 Eqp=   2.01699043  (1-2N)E=   2.01699043  Ovlp=   0.47534688  1+[ 6, 6, 0]

   Blocking candidates are:
   proton  eqpmin=   3.8136190244152601E-002  pwiblo=   2.0016019225635890     
    num=   1 block=   3 state=   1    67 Eqp=   0.03813619  (1-2N)E=  -0.03813619  Ovlp=   0.89079523  3+[ 4, 1, 1]
    num=   2 block=   5 state=   1   122 Eqp=   0.03648168  (1-2N)E=   0.03648168  Ovlp=   0.93317934  5+[ 4, 1, 3]
    num=   3 block=   6 state=   1   147 Eqp=   0.24616516  (1-2N)E=  -0.24616516  Ovlp=   0.78810609  5-[ 5, 3, 2]
    num=   4 block=   2 state=   1    37 Eqp=   0.64400115  (1-2N)E=   0.64400115  Ovlp=   0.56763269  1-[ 5, 4, 1]
    num=   5 block=   1 state=   1     1 Eqp=   0.91581342  (1-2N)E=   0.91581342  Ovlp=   0.89857581  1+[ 4, 1, 1]
    num=   6 block=   9 state=   1   203 Eqp=   1.67636688  (1-2N)E=  -1.67636688  Ovlp=   0.98280743  9+[ 4, 0, 4]
    num=   7 block=   8 state=   1   187 Eqp=   1.80485197  (1-2N)E=   1.80485197  Ovlp=   0.89552771  7-[ 5, 2, 3]



 HFBTHO_SOLVER ended without errors

