No Skyrme interaction defined in routine skforce()
Multi-threading framework with OpenMP: 1 threads/task

  =======================================
           FORTRAN 95 CODE (KIND= 8) 
               Version: 200d  
  =======================================
       AXIALLY DEFORMED CONFIGURATIONAL  
     HARTREE-FOCK-BOGOLIUBOV CALCULATIONS
                     WITH                
            UNEDF AND DELTA PAIRING      
                     USING               
             HARMONIC-OSCILLATOR         
                   AND/OR                
       TRANSFORMED HARMONIC-OSCILLATOR   
                    BASIS                
                     ---                 
               v1.66  (2005):,           
   Stoitsov,Dobaczewski,Nazarewicz,Ring, 
               v2.00d (2012):,           
         Stoitsov,Schunck,Kortelainen    
  =======================================
    Nucleus: MG (A=  24, N= 12, Z= 12)
       Reflection Symmetry Imposed       
            ( 9/17/2022,  5:29)                               
  =======================================


  ---------------------------------------
           UNEDF Module Version:17
         M.Kortelainen & M.Stoitsov 
  ---------------------------------------

  UNE1 functional
  ----------------------------------
  Crho(0)=   -776.315207293171284    ; Crho(1)=    282.089692838042083    
  CDrho(0)=   893.009019420429581    ; CDrho(1)=  -187.511233041431581    
  Ctau(0)=   -2.34040952296804594    ; Ctau(1)=   -34.9809526404345164    
  CrDr(0)=   -44.8037360999326779    ; CrDr(1)=   -143.431899371572570    
  CrdJ(0)=   -73.5764144670987861    ; CrdJ(1)=   -34.7106002713102484    
  CJ(0)=      0.00000000000000000    ; CJ(1)=      0.00000000000000000    
  CpV0(0)=   0.100000000000000006    ; CpV0(1)=   0.100000000000000006    
  CpV1(0)=    1.00000000000000000    ; CpV1(1)=    1.00000000000000000    
  sigma=     0.272581304926873769    ; hbzero=     20.7355300000000007    
  e^2 chrg=   1.43997840859651305    ; CExPar=     1.00000000000000000    
  c.m. correction: F, chr. density in direct Coul: F
  use tensor terms: F
  use TMR pairing:  0

  Coupling constants in natural units
  -----------------------------------
  Crho_nu(0)=  -0.874224020240424116    ; Crho_nu(1)=   0.317666822734452403    
  CDrho_nu(0)=  0.942492964797800092    ; CDrho_nu(1)= -0.197901716689052098    
  Ctau_nu(0)=  -0.331755710756138286E-01; Ctau_nu(1)=  -0.495858980758070167    
  CrDr_nu(0)=  -0.635098053075498270    ; CrDr_nu(1)=   -2.03316348075586895    
  CrdJ_nu(0)=   -1.04295404017435445    ; CrdJ_nu(1)=  -0.492026705188635449    
  CJ_nu(0)=      0.00000000000000000    ; CJ_nu(1)=      0.00000000000000000    
  CpV0_nu(0)=   0.112611992142809880E-03; CpV0_nu(1)=   0.112611992142809880E-03
  CpV1_nu(0)=   0.887702254206059068E-03; CpV1_nu(1)=   0.887702254206059068E-03
  fpi_nu=        93.0000000000000000    ; Lambda_nu=     700.000000000000000    

  Nuclear matter properties
  ----------------------------------
      E_NM=     -15.7999999999999776      K_NM=     220.0000000000000000
      P_NM=       0.0000000000000045    RHO_NM=       0.1587147380638490
    ASS_NM=      28.9366654964571666   LASS_NM=      39.7953413603402879
  SMASS_NM=       0.9820859421292819  VMASS_NM=       1.2498385742322700

  Associated (t,x)-coupling constants
  -----------------------------------
  t0=      -2070.17388611512342    ; x0=       0.450550694896649784E-01
  t1=       235.832713169016870    ; x1=       -5.06888815471283838    
  t2=       1561.47298379540371    ; x2=       -1.36926954542367985    
  t3=       14288.1443107268733    ; x3=      -0.185034704638602665    
  b4=       38.8658141957885377    ; b4p=       69.4212005426204968    
  te=      -465.912731961549696    ; to=       -200.784677836272266    
  sigma=   0.272581304926873769    ; hbzero=    20.7355300000000007    

  ---------------------------------------
        Characteristics of the run       
  ---------------------------------------
  Output file ................:     7
  Nucleus ....................:   MG  24
  Number of HO shells ........:    10
  HO length b0 (fm) ..........:     1.55928400372611
  Basis deformation ..........:  beta0=   0.010 q=   1.010
  HO: b0,1/b0,bp,bz,q ........:   0.15592840E+01  0.64131999E+00  0.15568270E+01  0.15642096E+01  0.10095067E+01
  h**2/(2m), cmc, e**2 .......:   0.20735530E+02  0.20735530E+02  0.14399784E+01
  hom=f*41.0_pr*A^{-1/3}, f...:   0.17056687E+02  0.12000000E+01
  THO basis is ...............:  OFF
  Maximal number of iterations:   400
  Initial mixing parameter ...:  0.300
  Initial w.f. ...............:  from   spherical scratch
  Skyrme functional ..........:    UNE1                          
    with direct and exchange Coulomb
  Lipkin-Nogami procedure is .:  OFF
  PAV procedure is ...........:  OFF
  Constraint calculation is ..:   ON
    Constraint 1 .............: lambda=2 Ql=   1.307
  Temperature T ..............:   0.05 MeV
  Restart indicator ..........:   1
  Broyden mixing (#iterations):   7

  ---------------------------------------
        Harmonic Oscillator Basis        
  ---------------------------------------
  NUV, NQP:                        6222     286
  Comparison with bookkeeping spherical basis:
  n00:                               10      10  Maximal number of shells
  nbx, 2*n00+1:                      21      21  Maximal number of K-blocks
  ntx, (n00+1)*(n00+2)*(n00+3)/6    286     286  Max.num. p/n levels
  nzx, n00:                          10      10  Maximal nz-quantum number
  nrx, n00/2  :                       5       5  Maximal nr-quantum number
  nlx, n00:                          10      10  Maximal ml-quantum number
  ndx, (n00+2)*(n00+2)/4:            36      36  Maximal dim. of one k-block

  Actual basis used
  Number of blocks: nb .......:   21
  Number of levels: nt .......:  286
  Maximal 2*omega : nom ......:   21
  Maximal nz:       nzm ......:   10
  Maximal nr:       nrm ......:    5
  Maximal ml:       nlm ......:   10
  Maximal N=nz+2*nr+nl .......:   10
  2 x biggest block dim. .....:   72
  Non-zero elements of h .....:     3254
  Number of Broyden elements .:    13016

  ---------------------------------------
            Integration Meshes           
  ---------------------------------------
  Number of Gauss-Hermite mesh points ngh ....:  40
  Number of Gauss-Laguerre mesh points ngl ...:  40
  Number of Gauss-Legendre mesh points nleg ..:  80
  Integration boundaries
    Hermite  - from xh(1)  =  0.12379686 to xh(ngh)   = 11.88786356
    Laguerre - From xl(1)  =  0.03570039 to xl(ngl)   =142.28004447
    Legendre - From xleg(1)=  0.00978669 to xleg(nleg)=  0.99988775
  Max.dev.in:     Orthogonality            Normalization
  Hermite     1.5248282503475657E-015   1.0991207943789050E-014
  Laguerre    4.8291451697098846E-015   9.3258734068513149E-015

  Scratch initialization for the nucleus: MG  12  12


  Initial potentials of Saxon-Woods shape 
  v0ws   =  -71.27999878
  kappa  =    0.46160001
  vs0    =   11.11750031   11.11750031
  r0     =    1.23339999    1.23339999
  a      =    0.61500001    0.61500001
  r0-so  =    1.14429998    1.14429998
  a-so   =    0.64760000    0.64760000
  beta00 =    0.01000000

  ### REGULAR STAGE (reflection symmetry imposed)
  |HFB+HO> iterations(b0=  1.559, Nsh= 10, inin=  1, N= 12, Z= 12)...
  ----------------------------------------------------------------------------------------------------------------------------------
  i          si     mix   beta      Etot       A       rn      rp         En      Dn      Ep      Dp        Ln      Lp     time
  ----------------------------------------------------------------------------------------------------------------------------------
   1L  95.09929679 0.30  0.010     0.000000    0.0   0.000   0.000 |   -2.000   1.000  -2.000   1.000 |   -7.000  -7.000   0.000
   2B  52.69657936 0.10  0.009   -54.150415   24.0   2.635   2.635 |    0.000  -0.000   0.000  -0.000 |  -17.603 -17.603  27.245
   3B  12.49012747 0.11  0.433  -143.935491   24.0   3.157   3.233 |    0.000  -0.000   0.000  -0.000 |  -11.861  -8.516   0.751
   4B  10.45280082 0.13  0.618  -162.510296   24.0   3.269   3.249 |    0.000  -0.000   0.000  -0.000 |  -13.856  -9.642   0.963
   5B  12.71041373 0.10  0.681  -174.636109   24.0   3.303   3.384 |    0.000  -0.000   0.000  -0.000 |  -14.100 -10.081   1.059
   6B  14.43016205 0.10  0.688  -175.337787   24.0   3.353   3.323 |    0.000  -0.000   0.000  -0.000 |  -14.226  -9.972   0.809
   7B  14.10966884 0.11  0.678  -179.546774   24.0   3.305   3.328 |    0.000  -0.000   0.000  -0.000 |  -13.935  -9.668   0.703
   8B  13.62861780 0.13  0.664  -180.697144   24.0   3.284   3.307 |    0.000  -0.000   0.000  -0.000 |  -13.669  -9.474   0.725
   9B  11.99419238 0.14  0.628  -182.514958   24.0   3.245   3.255 |    0.000  -0.000   0.000  -0.000 |  -13.267  -8.925   0.713
  10B   5.58851502 0.16  0.555  -184.834589   24.0   3.164   3.166 |    0.000  -0.000   0.000  -0.000 |  -12.530  -8.352   1.020
  11B   4.53632476 0.18  0.488  -186.448795   24.0   3.065   3.114 |    0.000  -0.000   0.000  -0.000 |  -12.454  -7.821   0.665
  12B   2.17582769 0.21  0.474  -188.244419   24.0   3.058   3.088 |    0.000  -0.000   0.000  -0.000 |  -12.284  -7.983   0.797
  13B   1.31536728 0.24  0.465  -188.700873   24.0   3.059   3.075 |    0.000  -0.000   0.000  -0.000 |  -12.361  -7.776   0.964
  14B   1.04051530 0.27  0.460  -188.879024   24.0   3.049   3.073 |    0.000  -0.000   0.000  -0.000 |  -12.285  -7.740   0.904
  15B   0.41562227 0.30  0.459  -188.953216   24.0   3.048   3.071 |    0.000  -0.000   0.000  -0.000 |  -12.228  -7.740   0.682
  16B   0.26005849 0.34  0.459  -188.958653   24.0   3.048   3.071 |    0.000  -0.000   0.000  -0.000 |  -12.228  -7.740   0.949
  17B   0.25144811 0.38  0.460  -188.952993   24.0   3.048   3.071 |    0.000  -0.000   0.000  -0.000 |  -12.228  -7.740   2.602
  18B   0.29979721 0.10  0.459  -188.955786   24.0   3.049   3.071 |    0.000  -0.000   0.000  -0.000 |  -12.228  -7.740   2.577
  19B   0.11878296 0.11  0.459  -188.960937   24.0   3.048   3.071 |    0.000  -0.000   0.000  -0.000 |  -12.228  -7.740   2.486
  20B   0.07841629 0.13  0.460  -188.954051   24.0   3.049   3.072 |    0.000  -0.000   0.000  -0.000 |  -12.228  -7.740   2.211
  21B   0.05938725 0.14  0.460  -188.953511   24.0   3.049   3.071 |    0.000   0.000   0.000   0.000 |  -12.228  -7.740   2.260
  22B   0.05240733 0.16  0.461  -188.948962   24.0   3.049   3.072 |    0.000   0.000   0.000   0.000 |  -12.228  -7.740   2.395
  23B   0.02914679 0.18  0.461  -188.943931   24.0   3.049   3.072 |    0.000   0.000   0.000   0.000 |  -12.228  -7.740   2.037
  24B   0.02529498 0.21  0.461  -188.942866   24.0   3.050   3.072 |    0.000   0.000   0.000   0.000 |  -12.228  -7.740   2.248
  25B   0.02562874 0.10  0.461  -188.942865   24.0   3.050   3.072 |    0.000   0.000   0.000   0.000 |  -12.228  -7.740   3.723
  26B   0.01749066 0.11  0.461  -188.943933   24.0   3.050   3.072 |    0.000   0.000   0.000   0.000 |  -12.228  -7.740   2.376
  27B   0.01358255 0.13  0.461  -188.944717   24.0   3.050   3.072 |    0.000  -0.000   0.000  -0.000 |  -12.228  -7.740   2.176
  28B   0.00965988 0.14  0.461  -188.944982   24.0   3.050   3.072 |    0.000   0.000   0.000   0.000 |  -12.228  -7.740   2.272
  29B   0.00738250 0.16  0.461  -188.946132   24.0   3.049   3.072 |    0.000  -0.000   0.000  -0.000 |  -12.228  -7.740   0.794
  30B   0.00790318 0.10  0.461  -188.945717   24.0   3.049   3.072 |    0.000   0.000   0.000   0.000 |  -12.228  -7.740   2.134
  31B   0.00331905 0.11  0.461  -188.946358   24.0   3.049   3.072 |    0.000  -0.000   0.000  -0.000 |  -12.228  -7.740   1.635
  32B   0.00147254 0.13  0.461  -188.946438   24.0   3.049   3.072 |    0.000  -0.000   0.000  -0.000 |  -12.228  -7.740   2.194
  33B   0.00114765 0.14  0.461  -188.946393   24.0   3.049   3.072 |    0.000  -0.000   0.000  -0.000 |  -12.228  -7.740   1.943
  34B   0.00068769 0.16  0.461  -188.946334   24.0   3.049   3.072 |    0.000  -0.000   0.000  -0.000 |  -12.228  -7.740   2.416
  35B   0.00081280 0.10  0.461  -188.946270   24.0   3.049   3.072 |    0.000   0.000   0.000   0.000 |  -12.228  -7.740   2.199
  36B   0.00054046 0.11  0.461  -188.946230   24.0   3.049   3.072 |    0.000   0.000   0.000   0.000 |  -12.228  -7.740   2.257
  37B   0.00050502 0.13  0.461  -188.946209   24.0   3.049   3.072 |    0.000   0.000   0.000   0.000 |  -12.228  -7.740   2.832
  38B   0.00030741 0.14  0.461  -188.946202   24.0   3.049   3.072 |    0.000   0.000   0.000   0.000 |  -12.228  -7.740   2.484
  39B   0.00022430 0.16  0.461  -188.946213   24.0   3.049   3.072 |    0.000   0.000   0.000   0.000 |  -12.228  -7.740   2.665
  40B   0.00015548 0.18  0.461  -188.946222   24.0   3.049   3.072 |    0.000  -0.000   0.000  -0.000 |  -12.228  -7.740   2.442
  41B   0.00007578 0.21  0.461  -188.946242   24.0   3.049   3.072 |    0.000  -0.000   0.000  -0.000 |  -12.228  -7.740   2.028
  42B   0.00011710 0.10  0.461  -188.946247   24.0   3.049   3.072 |    0.000  -0.000   0.000  -0.000 |  -12.228  -7.740   3.142
  43B   0.00005917 0.11  0.461  -188.946251   24.0   3.049   3.072 |    0.000  -0.000   0.000  -0.000 |  -12.228  -7.740   1.684
  44B   0.00004490 0.13  0.461  -188.946249   24.0   3.049   3.072 |    0.000   0.000   0.000   0.000 |  -12.228  -7.740   2.299
  45B   0.00002700 0.14  0.461  -188.946246   24.0   3.049   3.072 |    0.000   0.000   0.000   0.000 |  -12.228  -7.740   2.388
  46B   0.00001937 0.16  0.461  -188.946243   24.0   3.049   3.072 |    0.000   0.000   0.000   0.000 |  -12.228  -7.740   0.779
  47B   0.00001588 0.18  0.461  -188.946241   24.0   3.049   3.072 |    0.000   0.000   0.000   0.000 |  -12.228  -7.740   1.745
  48B   0.00001843 0.10  0.461  -188.946240   24.0   3.049   3.072 |    0.000   0.000   0.000   0.000 |  -12.228  -7.740   1.921
  49B   0.00001677 0.11  0.461  -188.946241   24.0   3.049   3.072 |    0.000   0.000   0.000   0.000 |  -12.228  -7.740   2.127
  50B   0.00000815 0.13  0.461  -188.946242   24.0   3.049   3.072 |    0.000   0.000   0.000   0.000 |  -12.228  -7.740   1.839
  51B   0.00000867 0.10  0.461  -188.946242   24.0   3.049   3.072 |    0.000  -0.000   0.000  -0.000 |  -12.228  -7.740   2.259
  52B   0.00000711 0.11  0.461  -188.946243   24.0   3.049   3.072 |    0.000   0.000   0.000   0.000 |  -12.228  -7.740   3.495
  53B   0.00000595 0.13  0.461  -188.946243   24.0   3.049   3.072 |    0.000  -0.000   0.000  -0.000 |  -12.228  -7.740   2.732
  54B   0.00000335 0.14  0.461  -188.946243   24.0   3.049   3.072 |    0.000  -0.000   0.000  -0.000 |  -12.228  -7.740   2.849
  55B   0.00000185 0.16  0.461  -188.946243   24.0   3.049   3.072 |    0.000   0.000   0.000   0.000 |  -12.228  -7.740   2.377
  56B   0.00000128 0.18  0.461  -188.946243   24.0   3.049   3.072 |    0.000   0.000   0.000   0.000 |  -12.228  -7.740   1.481
  57B   0.00000147 0.10  0.461  -188.946243   24.0   3.049   3.072 |    0.000   0.000   0.000   0.000 |  -12.228  -7.740   2.407
  58B   0.00000093 0.11  0.461  -188.946243   24.0   3.049   3.072 |    0.000   0.000   0.000   0.000 |  -12.228  -7.740   1.450
  59B   0.00000067 0.13  0.461  -188.946243   24.0   3.049   3.072 |    0.000   0.000   0.000   0.000 |  -12.228  -7.740   1.501
  60B   0.00000059 0.14  0.461  -188.946243   24.0   3.049   3.072 |    0.000   0.000   0.000   0.000 |  -12.228  -7.740   0.926
  61B   0.00000051 0.16  0.461  -188.946243   24.0   3.049   3.072 |    0.000   0.000   0.000   0.000 |  -12.228  -7.740   0.770
  62B   0.00000054 0.10  0.461  -188.946243   24.0   3.049   3.072 |    0.000   0.000   0.000   0.000 |  -12.228  -7.740   0.854
  63B   0.00000045 0.11  0.461  -188.946243   24.0   3.049   3.072 |    0.000   0.000   0.000   0.000 |  -12.228  -7.740   0.833
  64B   0.00000030 0.13  0.461  -188.946243   24.0   3.049   3.072 |    0.000   0.000   0.000   0.000 |  -12.228  -7.740   2.219
  65B   0.00000013 0.14  0.461  -188.946243   24.0   3.049   3.072 |    0.000   0.000   0.000   0.000 |  -12.228  -7.740   3.839
  66B   0.00000009 0.16  0.461  -188.946243   24.0   3.049   3.072 |    0.000   0.000   0.000   0.000 |  -12.228  -7.740   2.704
  67B   0.00000006 0.18  0.461  -188.946243   24.0   3.049   3.072 |    0.000   0.000   0.000   0.000 |  -12.228  -7.740   0.858
  68B   0.00000002 0.21  0.461  -188.946243   24.0   3.049   3.072 |    0.000   0.000   0.000   0.000 |  -12.228  -7.740   0.808
  69B   0.00000003 0.10  0.461  -188.946243   24.0   3.049   3.072 |    0.000   0.000   0.000   0.000 |  -12.228  -7.740   3.416
  70B   0.00000003 0.11  0.461  -188.946243   24.0   3.049   3.072 |    0.000   0.000   0.000   0.000 |  -12.228  -7.740   1.361
  71B   0.00000002 0.13  0.461  -188.946243   24.0   3.049   3.072 |    0.000  -0.000   0.000   0.000 |  -12.228  -7.740   3.271
  72B   0.00000002 0.14  0.461  -188.946243   24.0   3.049   3.072 |    0.000   0.000   0.000  -0.000 |  -12.228  -7.740   6.773
  73B   0.00000002 0.16  0.461  -188.946243   24.0   3.049   3.072 |    0.000   0.000   0.000   0.000 |  -12.228  -7.740  13.095
  74B   0.00000000 0.18  0.461  -188.946243   24.0   3.049   3.072 |    0.000  -0.000   0.000   0.000 |  -12.228  -7.740  15.390
  75B   0.00000001 0.10  0.461  -188.946243   24.0   3.049   3.072 |    0.000   0.000   0.000   0.000 |  -12.228  -7.740  10.124
  76B   0.00000000 0.11  0.461  -188.946243   24.0   3.049   3.072 |    0.000  -0.000   0.000   0.000 |  -12.228  -7.740   6.683
  77B   0.00000000 0.13  0.461  -188.946243   24.0   3.049   3.072 |    0.000   0.000   0.000   0.000 |  -12.228  -7.740  11.003
  78B   0.00000000 0.14  0.461  -188.946243   24.0   3.049   3.072 |    0.000  -0.000   0.000   0.000 |  -12.228  -7.740  11.884
  79B   0.00000000 0.16  0.461  -188.946243   24.0   3.049   3.072 |    0.000  -0.000   0.000   0.000 |  -12.228  -7.740  10.436
  80B   0.00000000 0.10  0.461  -188.946243   24.0   3.049   3.072 |    0.000  -0.000   0.000   0.000 |  -12.228  -7.740   3.261
  81B   0.00000000 0.11  0.461  -188.946243   24.0   3.049   3.072 |    0.000  -0.000   0.000   0.000 |  -12.228  -7.740  14.585
  82B   0.00000000 0.13  0.461  -188.946243   24.0   3.049   3.072 |    0.000  -0.000   0.000   0.000 |  -12.228  -7.740  15.135
  ----------------------------------------------------------------------------------------------------------------------------------
  *   iteration converged   after  82 steps   si=     0.0000000007 ho=  0 tho=  0
  ----------------------------------------------------------------------------------------------------------------------------------
  Total CPU time=   4.801 minutes

  Writing to wel_file: s012_012.hel
 __________________________________  
  The tape s012_012.hel recorded:     
  nucname,npr,ngh,ngl,n00,nb,nt      
  b0,beta0,si,etot,rms,bet,xmix      
  pairing:     CpV0,CpV1,pwi         
  delta:       del,ept               
  lambda:      ala,ala2,alast,tz     
  asymptotic:  varmas,ass,skass      
  ntx,nb,nhhdim,id,N_rz,n_r,n_z      
  Omega2,Sigma2,Parity,Lambda        
  matrices(inbro):    hh,de          
  *all blocking candidates           
 __________________________________  


  NB! From expect (UNPROJECTED RESULTS)

  pairing: CpV0,CpV1,...           0.100000       0.100000       1.000000       1.000000
  forces:   UNE1                          


                             neutrons         protons         total
  Requested part.numbs.      12.000000      12.000000      24.000000
  UnPj(av) part.numbs .      12.000000      12.000000      24.000000
  b0, bz, bp ..........       1.559284       1.564210       1.556827

  lambda (ala) ........     -12.227994      -7.739957
  Lambda (alast) ......     -12.227994      -7.739957
  delta(n,p), pwi .....       0.000000       0.000000      60.000000
  pairing energy ......       0.000000       0.000000       0.000000

  rms-radius ..........       3.049456       3.072048       3.060773
  charge-radius, r0 ...                      3.174505       3.461399
  deformation beta2....       0.459916       0.461603       0.460765
  dipole moment[fm] ...       0.000000       0.000000       0.000000
  quadrupole moment[b]        0.647462       0.659501       1.306963
  octupole moment .....       0.000000       0.000000       0.000000
  hexadecapole moment .       0.008456       0.008639       0.017096
  q5 ..................       0.000000       0.000000       0.000000
  q6 ..................       0.000251       0.000250       0.000502
  q7 ..................       0.000000       0.000000       0.000000
  q8 ..................       0.000004       0.000003       0.000007

  <r^0> [fm^0] ........            1.000000            1.000000            1.000000
  <r^2> [fm^2] ........            9.299182            9.437481            9.368332
  <r^4> [fm^4] ........          128.729617          133.123164          130.926391
  <r^6> [fm^6] ........         2353.492297         2489.513185         2421.502741
  <r^8> [fm^8] ........        53652.701353        58178.727875        55915.714614

  kinetic energy ......     199.443026     196.711273     396.154300
  volume energy .......                                  -649.817117
        rho_tau .......                                    -4.016250
        rho_rho .......                                  -645.800867
  surface energy ......                                    53.805155
   rho_DELTA_rho ......                                    53.805155
   (NABLA_rho)^2 ......                                     0.000000
  spin-orbit energy ...                                   -17.535431
        rho_NABLA_J ...                                   -17.535431
        NABLA_rho_J ...                                     0.000000
  coulomb energy ......                                    28.446850
          direct ......                                    32.846807
          exchange ....                                    -4.399957
  tensor energy .......                                     0.000000
  direct Hartree E  ...                                     0.000000
  Extra E .............                                     0.000000
  External field E ....                                     0.000000
  Entropy .............       0.000000       0.000000       0.000000

  tEnergy: ehfb (qp)...                                  -188.946243

  Calculated but not added corrections 
====================================
  cmc-diagonal part ...       0.000000       0.000000       0.000000
  cmc-hfb .............       0.000000       0.000000       0.000000
  cranking rot corr ...       0.000000       0.000000       0.000000

  SQUJ ................       0.000000       0.000000       0.000000
  CRAN x 4 ............       0.000000       0.000000       0.000000
  Rigit Body ..........       0.000000       0.000000       0.000000


   Blocking candidates are:
   neutron eqpmin=   1.1477203172106840       pwiblo=   5.1031036307982882     
    num=   1 block=   3 state=   1    42 Eqp=   1.14772032  (1-2N)E=  -1.14772032  Ovlp=   0.92194285  3+[ 2, 1, 1]
    num=   2 block=   5 state=   1    74 Eqp=   3.31535768  (1-2N)E=   3.31535768  Ovlp=   0.96797161  5+[ 2, 0, 2]
    num=   3 block=   1 state=   1     1 Eqp=   3.49685988  (1-2N)E=   3.49685988  Ovlp=   0.77899631  1+[ 2, 1, 1]
    num=   4 block=   1 state=   2     2 Eqp=   4.24099108  (1-2N)E=  -4.24099108  Ovlp=   0.80579355  1+[ 2, 2, 0]
    num=   5 block=   2 state=   1    22 Eqp=   5.19799478  (1-2N)E=  -5.19799478  Ovlp=   0.93972260  1-[ 1, 0, 1]
    num=   6 block=   2 state=   2    23 Eqp=   5.52806557  (1-2N)E=   5.52806557  Ovlp=   0.74299344  1-[ 3, 3, 0]

   Blocking candidates are:
   proton  eqpmin=   1.1077391879399983       pwiblo=   5.1031036307982882     
    num=   1 block=   3 state=   1    40 Eqp=   1.10773919  (1-2N)E=  -1.10773919  Ovlp=   0.91781801  3+[ 2, 1, 1]
    num=   2 block=   5 state=   1    70 Eqp=   3.37889122  (1-2N)E=   3.37889122  Ovlp=   0.96365268  5+[ 2, 0, 2]
    num=   3 block=   1 state=   1     1 Eqp=   3.44409410  (1-2N)E=   3.44409410  Ovlp=   0.77611584  1+[ 2, 1, 1]
    num=   4 block=   1 state=   2     2 Eqp=   4.18566705  (1-2N)E=  -4.18566705  Ovlp=   0.79955983  1+[ 2, 2, 0]
    num=   5 block=   2 state=   1    20 Eqp=   5.09683468  (1-2N)E=  -5.09683468  Ovlp=   0.93714055  1-[ 1, 0, 1]
    num=   6 block=   2 state=   2    21 Eqp=   5.46095819  (1-2N)E=   5.46095819  Ovlp=   0.73368626  1-[ 3, 3, 0]



 HFBTHO_SOLVER ended without errors

