No Skyrme interaction defined in routine skforce()
Multi-threading framework with OpenMP: 1 threads/task

  =======================================
           FORTRAN 95 CODE (KIND= 8) 
               Version: 200d  
  =======================================
       AXIALLY DEFORMED CONFIGURATIONAL  
     HARTREE-FOCK-BOGOLIUBOV CALCULATIONS
                     WITH                
            UNEDF AND DELTA PAIRING      
                     USING               
             HARMONIC-OSCILLATOR         
                   AND/OR                
       TRANSFORMED HARMONIC-OSCILLATOR   
                    BASIS                
                     ---                 
               v1.66  (2005):,           
   Stoitsov,Dobaczewski,Nazarewicz,Ring, 
               v2.00d (2012):,           
         Stoitsov,Schunck,Kortelainen    
  =======================================
    Nucleus: GD (A= 156, N= 92, Z= 64)
       Reflection Symmetry Imposed       
            (10/14/2022,  6:12)                               
  =======================================


  ---------------------------------------
           UNEDF Module Version:17
         M.Kortelainen & M.Stoitsov 
  ---------------------------------------

  UNE1 functional
  ----------------------------------
  Crho(0)=   -787.706753795602822    ; Crho(1)=    236.431195168197604    
  CDrho(0)=   888.730356145539758    ; CDrho(1)=  -121.782561961903610    
  Ctau(0)=    2.37969199112244123    ; Ctau(1)=   -30.2948041717462786    
  CrDr(0)=   -47.0414268840668868    ; CrDr(1)=   -163.272561239711962    
  CrdJ(0)=   -81.4856986423523040    ; CrdJ(1)=   -36.9207641782568956    
  CJ(0)=      0.00000000000000000    ; CJ(1)=      0.00000000000000000    
  CpV0(0)=   0.100000000000000006    ; CpV0(1)=   0.100000000000000006    
  CpV1(0)=    1.00000000000000000    ; CpV1(1)=    1.00000000000000000    
  sigma=     0.263592882955371977    ; hbzero=     20.7355300000000007    
  e^2 chrg=   1.43997840859651305    ; CExPar=     1.00000000000000000    
  c.m. correction: F, chr. density in direct Coul: F
  use tensor terms: F
  use TMR pairing:  0

  Coupling constants in natural units
  -----------------------------------
  Crho_nu(0)=  -0.887052267692686969    ; Crho_nu(1)=   0.266249878925962136    
  CDrho_nu(0)=  0.939985049071163647    ; CDrho_nu(1)= -0.128805983378636413    
  Ctau_nu(0)=   0.337324045278333193E-01; Ctau_nu(1)=  -0.429432293433414214    
  CrDr_nu(0)=  -0.666817574349768849    ; CrDr_nu(1)=   -2.31440711847570535    
  CrdJ_nu(0)=   -1.15506904258666232    ; CrdJ_nu(1)=  -0.523356029849166626    
  CJ_nu(0)=      0.00000000000000000    ; CJ_nu(1)=      0.00000000000000000    
  CpV0_nu(0)=   0.112611992142809880E-03; CpV0_nu(1)=   0.112611992142809880E-03
  CpV1_nu(0)=   0.887702254206059068E-03; CpV1_nu(1)=   0.887702254206059068E-03
  fpi_nu=        93.0000000000000000    ; Lambda_nu=     700.000000000000000    

  Nuclear matter properties
  ----------------------------------
      E_NM=     -15.7999999999999936      K_NM=     219.9999999999998010
      P_NM=      -0.0000000000000019    RHO_NM=       0.1585498128365209
    ASS_NM=      29.5496159056696968   LASS_NM=      50.5218991055433833
  SMASS_NM=       1.0181958078622071  VMASS_NM=       1.2498385742322697

  Associated (t,x)-coupling constants
  -----------------------------------
  t0=      -2100.55134345494071    ; x0=      -0.497730709513232172E-01
  t1=       254.060532703186624    ; x1=       -5.40273270043639453    
  t2=       1742.56357784703073    ; x2=       -1.35388523774068670    
  t3=       14219.6856983286361    ; x3=      -0.294455267922748343    
  b4=       44.5649344640954084    ; b4p=       73.8415283565137912    
  te=      -522.035529694132947    ; to=       -224.334920665364081    
  sigma=   0.263592882955371977    ; hbzero=    20.7355300000000007    

  ---------------------------------------
        Characteristics of the run       
  ---------------------------------------
  Output file ................:     7
  Nucleus ....................:   GD 156
  Number of HO shells ........:     8
  HO length b0 (fm) ..........:     2.13015292605643
  Basis deformation ..........:  beta0=   0.010 q=   1.010
  HO: b0,1/b0,bp,bz,q ........:   0.21301529E+01  0.46944986E+00  0.21267964E+01  0.21368819E+01  0.10095067E+01
  h**2/(2m), cmc, e**2 .......:   0.20735530E+02  0.20735530E+02  0.14399784E+01
  hom=f*41.0_pr*A^{-1/3}, f...:   0.91395238E+01  0.12000000E+01
  THO basis is ...............:  OFF
  Maximal number of iterations:   400
  Initial mixing parameter ...:  0.300
  Initial w.f. ...............:  from   spherical scratch
  Skyrme functional ..........:    UNE1                          
    with direct and exchange Coulomb
  Lipkin-Nogami procedure is .:  OFF
  PAV procedure is ...........:  OFF
  Constraint calculation is ..:   ON
    Constraint 1 .............: lambda=2 Ql=  21.694
  Temperature T ..............:   0.05 MeV
  Restart indicator ..........:   1
  Broyden mixing (#iterations):   7

  ---------------------------------------
        Harmonic Oscillator Basis        
  ---------------------------------------
  NUV, NQP:                        2501     165
  Comparison with bookkeeping spherical basis:
  n00:                                8       8  Maximal number of shells
  nbx, 2*n00+1:                      17      17  Maximal number of K-blocks
  ntx, (n00+1)*(n00+2)*(n00+3)/6    165     165  Max.num. p/n levels
  nzx, n00:                           8       8  Maximal nz-quantum number
  nrx, n00/2  :                       4       4  Maximal nr-quantum number
  nlx, n00:                           8       8  Maximal ml-quantum number
  ndx, (n00+2)*(n00+2)/4:            25      25  Maximal dim. of one k-block

  Actual basis used
  Number of blocks: nb .......:   17
  Number of levels: nt .......:  165
  Maximal 2*omega : nom ......:   17
  Maximal nz:       nzm ......:    8
  Maximal nr:       nrm ......:    4
  Maximal ml:       nlm ......:    8
  Maximal N=nz+2*nr+nl .......:    8
  2 x biggest block dim. .....:   50
  Non-zero elements of h .....:     1333
  Number of Broyden elements .:     5332

  ---------------------------------------
            Integration Meshes           
  ---------------------------------------
  Number of Gauss-Hermite mesh points ngh ....:  40
  Number of Gauss-Laguerre mesh points ngl ...:  40
  Number of Gauss-Legendre mesh points nleg ..:  80
  Integration boundaries
    Hermite  - from xh(1)  =  0.12379686 to xh(ngh)   = 11.88786356
    Laguerre - From xl(1)  =  0.03570039 to xl(ngl)   =142.28004447
    Legendre - From xleg(1)=  0.00978669 to xleg(nleg)=  0.99988775
  Max.dev.in:     Orthogonality            Normalization
  Hermite     1.5248282503475657E-015   1.0991207943789050E-014
  Laguerre    4.2896485016951012E-015   8.9928064994637680E-015

  Scratch initialization for the nucleus: GD  92  64


  Initial potentials of Saxon-Woods shape 
  v0ws   =  -71.27999878
  kappa  =    0.46160001
  vs0    =   11.11750031   11.11750031
  r0     =    1.23339999    1.23339999
  a      =    0.61500001    0.61500001
  r0-so  =    1.14429998    1.14429998
  a-so   =    0.64760000    0.64760000
  beta00 =    0.01000000

  ### REGULAR STAGE (reflection symmetry imposed)
  |HFB+HO> iterations(b0=  2.130, Nsh=  8, inin=  1, N= 92, Z= 64)...
  ----------------------------------------------------------------------------------------------------------------------------------
  i          si     mix   beta      Etot       A       rn      rp         En      Dn      Ep      Dp        Ln      Lp     time
  ----------------------------------------------------------------------------------------------------------------------------------
   1L  69.94764065 0.30  0.010     0.000000    0.0   0.000   0.000 |   -2.000   1.000  -2.000   1.000 |   -7.000  -7.000   0.000
   2B  43.05044923 0.10  0.017 -1034.334918  156.0   4.802   4.555 |    0.000  -0.000   0.000   0.000 |  -14.068 -26.543  22.092
   3B  20.94617440 0.11  0.267 -1059.936548  156.0   5.064   4.965 |    0.000  -0.000   0.000  -0.000 |   -6.403 -11.462   0.725
   4B  24.62524004 0.10  0.472  -749.225931  156.0   5.332   5.094 |    0.000  -0.000   0.000  -0.000 |   -7.760  -8.669   0.591
   5B   5.64840808 0.11  0.541 -1189.644118  156.0   5.398   5.305 |    0.000  -0.000   0.000  -0.000 |   -7.243  -8.803   0.728
   6B   7.73758700 0.10  0.568 -1180.696536  156.0   5.410   5.353 |    0.000  -0.000   0.000  -0.000 |   -7.185  -8.451   0.755
   7B   7.39115810 0.11  0.584 -1205.266107  156.0   5.432   5.379 |    0.000  -0.000   0.000  -0.000 |   -7.035  -8.696   0.656
   8B   7.69220187 0.10  0.575 -1215.440538  156.0   5.433   5.345 |    0.000   0.000   0.000   0.000 |   -6.798  -8.167   0.652
   9B   6.14602343 0.11  0.560 -1225.920538  156.0   5.415   5.321 |    0.000  -0.000   0.000  -0.000 |   -6.557  -7.873   0.788
  10B   2.85680143 0.13  0.539 -1231.697976  156.0   5.385   5.295 |    0.000  -0.000   0.000  -0.000 |   -6.262  -7.561   0.772
  11B   3.69436551 0.10  0.499 -1235.883334  156.0   5.358   5.266 |    0.000  -0.000   0.000  -0.000 |   -6.044  -7.125   0.832
  12B   3.32951205 0.11  0.524 -1235.525869  156.0   5.374   5.269 |    0.000  -0.000   0.000  -0.000 |   -6.135  -7.334   0.645
  13B   3.32824332 0.13  0.491 -1242.240497  156.0   5.352   5.259 |    0.000  -0.000   0.000  -0.000 |   -6.189  -7.111   0.913
  14B   3.27234769 0.14  0.485 -1244.022994  156.0   5.348   5.250 |    0.000  -0.000   0.000  -0.000 |   -6.164  -7.010   1.033
  15L   3.25229831 0.16  0.478 -1245.687255  156.0   5.342   5.243 |    0.000  -0.000   0.000  -0.000 |   -6.186  -6.966   1.021
  16B   4.32221811 0.10  0.474 -1241.313265  156.0   5.332   5.224 |    0.000  -0.000   0.000  -0.000 |   -5.996  -6.976   0.754
  17B   3.95291433 0.11  0.524 -1233.952156  156.0   5.378   5.286 |    0.000  -0.000   0.000  -0.000 |   -6.216  -7.334   0.807
  18B   1.62436829 0.13  0.535 -1235.665690  156.0   5.386   5.295 |    0.000  -0.000   0.000  -0.000 |   -6.171  -7.408   0.766
  19L   1.99798498 0.10  0.542 -1233.939855  156.0   5.394   5.304 |    0.000  -0.000   0.000  -0.000 |   -6.134  -7.513   1.078
  20L   3.86327470 0.10  0.533 -1233.319683  156.0   5.390   5.301 |    0.000  -0.000   0.000  -0.000 |   -6.209  -7.371   0.834
  21B   4.93287252 0.10  0.516 -1230.533519  156.0   5.374   5.270 |    0.000  -0.000   0.000  -0.000 |   -6.119  -7.171   1.084
  22B   3.14639615 0.11  0.514 -1238.686853  156.0   5.374   5.273 |    0.000  -0.000   0.000  -0.000 |   -6.327  -7.346   0.892
  23L   2.01281868 0.13  0.491 -1244.180532  156.0   5.354   5.258 |    0.000  -0.000   0.000  -0.000 |   -6.298  -7.269   0.783
  24B   5.47474047 0.10  0.498 -1229.686755  156.0   5.356   5.251 |    0.000  -0.000   0.000  -0.000 |   -6.414  -7.301   0.632
  25B   2.12838455 0.11  0.501 -1242.906449  156.0   5.365   5.263 |    0.000  -0.000   0.000  -0.000 |   -6.283  -7.337   0.634
  26B   1.39412862 0.13  0.488 -1245.715178  156.0   5.354   5.255 |    0.000  -0.000   0.000  -0.000 |   -6.353  -7.332   0.711
  27B   1.33716408 0.14  0.479 -1248.018410  156.0   5.345   5.248 |    0.000  -0.000   0.000  -0.000 |   -6.393  -7.349   0.854
  28L   1.61152670 0.10  0.472 -1249.647778  156.0   5.340   5.245 |    0.000  -0.000   0.000  -0.000 |   -6.444  -7.325   0.592
  29L   1.67510797 0.10  0.465 -1250.229471  156.0   5.336   5.234 |    0.000  -0.000   0.000  -0.000 |   -6.404  -7.215   0.712
  30L   3.60112365 0.10  0.457 -1247.264279  156.0   5.329   5.226 |    0.000  -0.000   0.000  -0.000 |   -6.450  -7.111   0.641
  31B   6.24670864 0.10  0.447 -1238.588575  156.0   5.321   5.207 |    0.000  -0.000   0.000  -0.000 |   -6.509  -7.122   0.858
  32B   4.54630690 0.11  0.502 -1239.506693  156.0   5.368   5.259 |    0.000  -0.000   0.000  -0.000 |   -6.496  -7.419   0.637
  33B   2.59650468 0.13  0.501 -1241.116965  156.0   5.368   5.263 |    0.000  -0.000   0.000  -0.000 |   -6.480  -7.449   0.656
  34B   2.80058763 0.10  0.490 -1244.281380  156.0   5.355   5.263 |    0.000  -0.000   0.000  -0.000 |   -6.411  -7.393   0.757
  35B   3.24406692 0.10  0.489 -1244.333732  156.0   5.358   5.266 |    0.000  -0.000   0.000  -0.000 |   -6.349  -7.382   0.771
  36B   2.59871271 0.11  0.473 -1245.958290  156.0   5.347   5.239 |    0.000  -0.000   0.000  -0.000 |   -6.487  -7.323   0.945
  37L   2.28971165 0.13  0.463 -1249.414500  156.0   5.334   5.237 |    0.000  -0.000   0.000  -0.000 |   -6.480  -7.147   0.800
  38L   2.93934609 0.10  0.453 -1249.542810  156.0   5.326   5.220 |    0.000  -0.000   0.000  -0.000 |   -6.392  -7.080   1.014
  39B   4.73744694 0.10  0.442 -1245.335345  156.0   5.316   5.210 |    0.000  -0.000   0.000  -0.000 |   -6.478  -7.128   1.244
  40L   2.36336906 0.11  0.465 -1250.023278  156.0   5.336   5.240 |    0.000  -0.000   0.000  -0.000 |   -6.467  -7.200   0.831
  41L   2.56041967 0.10  0.456 -1250.267120  156.0   5.328   5.223 |    0.000  -0.000   0.000  -0.000 |   -6.405  -7.096   0.600
  42B   4.60326637 0.10  0.445 -1246.851592  156.0   5.318   5.214 |    0.000  -0.000   0.000  -0.000 |   -6.457  -7.123   0.659
  43L   3.42518238 0.11  0.452 -1249.372172  156.0   5.327   5.223 |    0.000  -0.000   0.000  -0.000 |   -6.533  -7.097   0.774
  44B   4.42902030 0.10  0.442 -1245.313669  156.0   5.317   5.210 |    0.000  -0.000   0.000  -0.000 |   -6.512  -7.175   0.912
  45B   1.80556931 0.11  0.441 -1253.576964  156.0   5.316   5.213 |    0.000   0.000   0.000   0.000 |   -6.482  -7.203   0.650
  46B   1.57495212 0.13  0.435 -1254.293953  156.0   5.311   5.204 |    0.000  -0.000   0.000  -0.000 |   -6.538  -7.205   0.605
  47B   1.68018351 0.10  0.426 -1255.227627  156.0   5.301   5.193 |    0.000  -0.000   0.000  -0.000 |   -6.592  -7.226   0.740
  48B   1.76287418 0.10  0.413 -1256.765563  156.0   5.287   5.179 |    0.000  -0.000   0.000  -0.000 |   -6.780  -7.358   0.890
  49B   2.07830144 0.10  0.379 -1259.009793  156.0   5.253   5.152 |    0.000  -0.000   0.000  -0.000 |   -6.907  -7.561   1.149
  50B   1.12593953 0.11  0.384 -1260.557690  156.0   5.264   5.147 |    0.000  -0.000   0.000  -0.000 |   -6.995  -7.555   0.875
  51B   1.18769091 0.10  0.393 -1259.610473  156.0   5.276   5.149 |    0.000  -0.000   0.000  -0.000 |   -7.134  -7.536   0.833
  52B   2.27558417 0.10  0.383 -1259.610286  156.0   5.263   5.150 |    0.000  -0.000   0.000  -0.000 |   -7.081  -7.537   0.717
  53B   1.08203142 0.11  0.388 -1260.903652  156.0   5.265   5.154 |    0.000  -0.000   0.000  -0.000 |   -7.173  -7.556   0.781
  54B   0.51444365 0.13  0.392 -1260.779604  156.0   5.269   5.157 |    0.000  -0.000   0.000  -0.000 |   -7.181  -7.563   0.594
  55B   0.58433423 0.10  0.396 -1260.450064  156.0   5.274   5.157 |    0.000  -0.000   0.000  -0.000 |   -7.218  -7.542   0.664
  56B   0.40811187 0.11  0.398 -1260.372821  156.0   5.275   5.158 |    0.000  -0.000   0.000  -0.000 |   -7.227  -7.540   0.840
  57B   0.27810473 0.13  0.401 -1260.102766  156.0   5.276   5.161 |    0.000   0.000   0.000   0.000 |   -7.250  -7.531   0.666
  58B   0.22035734 0.14  0.401 -1260.042856  156.0   5.276   5.161 |    0.000   0.000   0.000   0.000 |   -7.262  -7.512   0.566
  59B   0.15907634 0.16  0.404 -1259.774510  156.0   5.278   5.163 |    0.000   0.000   0.000   0.000 |   -7.248  -7.501   0.565
  60B   0.15189928 0.18  0.404 -1259.808504  156.0   5.277   5.162 |    0.000   0.000   0.000   0.000 |   -7.238  -7.486   0.703
  61B   0.08100326 0.21  0.405 -1259.666255  156.0   5.277   5.163 |    0.000   0.000   0.000   0.000 |   -7.232  -7.467   0.582
  62B   0.07224980 0.24  0.405 -1259.666211  156.0   5.277   5.163 |    0.000   0.000   0.000   0.000 |   -7.231  -7.456   0.569
  63B   0.10319629 0.10  0.405 -1259.722752  156.0   5.276   5.163 |    0.000   0.000   0.000   0.000 |   -7.228  -7.450   0.606
  64B   0.04827482 0.11  0.404 -1259.769079  156.0   5.276   5.162 |    0.000   0.000   0.000   0.000 |   -7.229  -7.451   0.694
  65B   0.03883582 0.13  0.404 -1259.835098  156.0   5.276   5.162 |    0.000   0.000   0.000   0.000 |   -7.229  -7.449   0.701
  66B   0.04750393 0.10  0.403 -1259.923798  156.0   5.275   5.161 |    0.000   0.000   0.000   0.000 |   -7.229  -7.440   1.045
  67B   0.03530675 0.11  0.403 -1259.962552  156.0   5.275   5.161 |    0.000   0.000   0.000   0.000 |   -7.229  -7.436   0.920
  68B   0.02919211 0.13  0.403 -1259.920003  156.0   5.275   5.161 |    0.000   0.000   0.000   0.000 |   -7.231  -7.429   0.604
  69B   0.02530591 0.14  0.403 -1259.926838  156.0   5.275   5.161 |    0.000   0.000   0.000   0.000 |   -7.231  -7.428   0.917
  70B   0.01587686 0.16  0.403 -1259.904787  156.0   5.275   5.161 |    0.000   0.000   0.000   0.000 |   -7.229  -7.421   0.918
  71B   0.02691436 0.10  0.403 -1259.898226  156.0   5.275   5.161 |    0.000  -0.000   0.000  -0.000 |   -7.231  -7.418   0.667
  72B   0.02269316 0.11  0.403 -1259.906554  156.0   5.275   5.161 |    0.000  -0.000   0.000  -0.000 |   -7.229  -7.418   0.782
  73B   0.01130863 0.13  0.403 -1259.907929  156.0   5.275   5.161 |    0.000  -0.000   0.000  -0.000 |   -7.230  -7.417   0.777
  74B   0.00491935 0.14  0.403 -1259.901805  156.0   5.275   5.161 |    0.000  -0.000   0.000  -0.000 |   -7.229  -7.416   0.744
  75B   0.00369471 0.16  0.403 -1259.899254  156.0   5.275   5.161 |    0.000  -0.000   0.000  -0.000 |   -7.229  -7.415   1.075
  76B   0.00322949 0.18  0.403 -1259.900760  156.0   5.275   5.161 |    0.000  -0.000   0.000  -0.000 |   -7.229  -7.414   1.114
  77B   0.00427053 0.10  0.403 -1259.906033  156.0   5.275   5.161 |    0.000  -0.000   0.000  -0.000 |   -7.229  -7.415   0.725
  78B   0.00242875 0.11  0.403 -1259.905660  156.0   5.275   5.161 |    0.000  -0.000   0.000  -0.000 |   -7.229  -7.414   0.709
  79B   0.00289046 0.10  0.403 -1259.909012  156.0   5.275   5.161 |    0.000  -0.000   0.000  -0.000 |   -7.229  -7.414   0.848
  80B   0.00324833 0.10  0.403 -1259.909378  156.0   5.275   5.161 |    0.000  -0.000   0.000  -0.000 |   -7.229  -7.414   0.619
  81B   0.00186125 0.11  0.403 -1259.913284  156.0   5.275   5.161 |    0.000  -0.000   0.000  -0.000 |   -7.229  -7.414   0.640
  82B   0.00086024 0.13  0.403 -1259.911838  156.0   5.275   5.161 |    0.000  -0.000   0.000  -0.000 |   -7.229  -7.414   0.559
  83B   0.00036285 0.14  0.403 -1259.912095  156.0   5.275   5.161 |    0.000  -0.000   0.000  -0.000 |   -7.229  -7.414   0.719
  84B   0.00066973 0.10  0.403 -1259.911694  156.0   5.275   5.161 |    0.000  -0.000   0.000  -0.000 |   -7.229  -7.414   0.739
  85B   0.00056961 0.11  0.403 -1259.911833  156.0   5.275   5.161 |    0.000  -0.000   0.000  -0.000 |   -7.229  -7.413   0.607
  86B   0.00011960 0.13  0.403 -1259.911626  156.0   5.275   5.161 |    0.000  -0.000   0.000  -0.000 |   -7.229  -7.413   1.006
  87B   0.00009043 0.14  0.403 -1259.911690  156.0   5.275   5.161 |    0.000  -0.000   0.000  -0.000 |   -7.229  -7.413   0.944
  88B   0.00006276 0.16  0.403 -1259.911607  156.0   5.275   5.161 |    0.000  -0.000   0.000  -0.000 |   -7.229  -7.413   0.715
  89B   0.00005588 0.18  0.403 -1259.911569  156.0   5.275   5.161 |    0.000   0.000   0.000   0.000 |   -7.229  -7.413   1.040
  90B   0.00003853 0.21  0.403 -1259.911557  156.0   5.275   5.161 |    0.000   0.000   0.000   0.000 |   -7.229  -7.413   0.811
  91B   0.00004229 0.10  0.403 -1259.911622  156.0   5.275   5.161 |    0.000   0.000   0.000   0.000 |   -7.229  -7.413   0.770
  92B   0.00004093 0.11  0.403 -1259.911651  156.0   5.275   5.161 |    0.000   0.000   0.000   0.000 |   -7.229  -7.413   0.799
  93B   0.00003657 0.13  0.403 -1259.911682  156.0   5.275   5.161 |    0.000   0.000   0.000   0.000 |   -7.229  -7.413   0.624
  94B   0.00003962 0.10  0.403 -1259.911668  156.0   5.275   5.161 |    0.000   0.000   0.000   0.000 |   -7.229  -7.413   0.806
  95B   0.00002858 0.11  0.403 -1259.911737  156.0   5.275   5.161 |    0.000   0.000   0.000   0.000 |   -7.229  -7.413   0.724
  96B   0.00001821 0.13  0.403 -1259.911712  156.0   5.275   5.161 |    0.000   0.000   0.000   0.000 |   -7.229  -7.413   0.821
  97B   0.00000887 0.14  0.403 -1259.911705  156.0   5.275   5.161 |    0.000   0.000   0.000   0.000 |   -7.229  -7.413   0.632
  98B   0.00000539 0.16  0.403 -1259.911702  156.0   5.275   5.161 |    0.000   0.000   0.000   0.000 |   -7.229  -7.413   0.629
  99B   0.00001195 0.10  0.403 -1259.911682  156.0   5.275   5.161 |    0.000   0.000   0.000   0.000 |   -7.229  -7.413   0.694
 100B   0.00000267 0.11  0.403 -1259.911688  156.0   5.275   5.161 |    0.000   0.000   0.000   0.000 |   -7.229  -7.413   0.682
 101B   0.00000156 0.13  0.403 -1259.911690  156.0   5.275   5.161 |    0.000   0.000   0.000   0.000 |   -7.229  -7.413   1.005
 102B   0.00000136 0.14  0.403 -1259.911690  156.0   5.275   5.161 |    0.000   0.000   0.000   0.000 |   -7.229  -7.413   0.711
 103B   0.00000144 0.10  0.403 -1259.911687  156.0   5.275   5.161 |    0.000   0.000   0.000   0.000 |   -7.229  -7.413   0.709
 104B   0.00000079 0.11  0.403 -1259.911687  156.0   5.275   5.161 |    0.000   0.000   0.000   0.000 |   -7.229  -7.413   0.969
 105B   0.00000087 0.10  0.403 -1259.911685  156.0   5.275   5.161 |    0.000  -0.000   0.000  -0.000 |   -7.229  -7.413   0.821
 106B   0.00000048 0.11  0.403 -1259.911685  156.0   5.275   5.161 |    0.000  -0.000   0.000  -0.000 |   -7.229  -7.413   1.181
 107B   0.00000032 0.13  0.403 -1259.911685  156.0   5.275   5.161 |    0.000  -0.000   0.000  -0.000 |   -7.229  -7.413   0.581
 108B   0.00000013 0.14  0.403 -1259.911686  156.0   5.275   5.161 |    0.000   0.000   0.000   0.000 |   -7.229  -7.413   0.844
 109B   0.00000013 0.16  0.403 -1259.911686  156.0   5.275   5.161 |    0.000   0.000   0.000   0.000 |   -7.229  -7.413   0.667
 110B   0.00000021 0.10  0.403 -1259.911686  156.0   5.275   5.161 |    0.000   0.000   0.000   0.000 |   -7.229  -7.413   0.954
 111B   0.00000010 0.11  0.403 -1259.911686  156.0   5.275   5.161 |    0.000   0.000   0.000   0.000 |   -7.229  -7.413   0.617
 112B   0.00000008 0.13  0.403 -1259.911686  156.0   5.275   5.161 |    0.000   0.000   0.000   0.000 |   -7.229  -7.413   0.682
 113B   0.00000012 0.10  0.403 -1259.911686  156.0   5.275   5.161 |    0.000   0.000   0.000  -0.000 |   -7.229  -7.413   1.146
 114B   0.00000013 0.10  0.403 -1259.911686  156.0   5.275   5.161 |    0.000  -0.000   0.000  -0.000 |   -7.229  -7.413   0.931
 115B   0.00000007 0.11  0.403 -1259.911686  156.0   5.275   5.161 |    0.000  -0.000   0.000  -0.000 |   -7.229  -7.413   0.865
 116B   0.00000007 0.10  0.403 -1259.911686  156.0   5.275   5.161 |    0.000  -0.000   0.000  -0.000 |   -7.229  -7.413   0.653
 117B   0.00000005 0.11  0.403 -1259.911686  156.0   5.275   5.161 |    0.000  -0.000   0.000  -0.000 |   -7.229  -7.413   0.794
 118B   0.00000006 0.10  0.403 -1259.911686  156.0   5.275   5.161 |    0.000  -0.000   0.000  -0.000 |   -7.229  -7.413   1.154
 119B   0.00000005 0.11  0.403 -1259.911686  156.0   5.275   5.161 |    0.000   0.000   0.000  -0.000 |   -7.229  -7.413   0.980
 120B   0.00000002 0.13  0.403 -1259.911686  156.0   5.275   5.161 |    0.000   0.000   0.000  -0.000 |   -7.229  -7.413   0.827
 121B   0.00000002 0.14  0.403 -1259.911686  156.0   5.275   5.161 |    0.000  -0.000   0.000   0.000 |   -7.229  -7.413   1.182
 122B   0.00000002 0.16  0.403 -1259.911686  156.0   5.275   5.161 |    0.000  -0.000   0.000   0.000 |   -7.229  -7.413   0.916
 123B   0.00000002 0.10  0.403 -1259.911686  156.0   5.275   5.161 |    0.000  -0.000   0.000   0.000 |   -7.229  -7.413   0.969
 124B   0.00000001 0.11  0.403 -1259.911686  156.0   5.275   5.161 |    0.000   0.000   0.000  -0.000 |   -7.229  -7.413   0.922
 125B   0.00000001 0.10  0.403 -1259.911686  156.0   5.275   5.161 |    0.000   0.000   0.000  -0.000 |   -7.229  -7.413   1.062
 126B   0.00000001 0.11  0.403 -1259.911686  156.0   5.275   5.161 |    0.000   0.000   0.000   0.000 |   -7.229  -7.413   0.744
 127B   0.00000000 0.13  0.403 -1259.911686  156.0   5.275   5.161 |    0.000   0.000   0.000   0.000 |   -7.229  -7.413   0.842
 128B   0.00000000 0.10  0.403 -1259.911686  156.0   5.275   5.161 |    0.000   0.000   0.000   0.000 |   -7.229  -7.413   0.966
 129B   0.00000000 0.11  0.403 -1259.911686  156.0   5.275   5.161 |    0.000  -0.000   0.000   0.000 |   -7.229  -7.413   1.056
 130B   0.00000001 0.10  0.403 -1259.911686  156.0   5.275   5.161 |    0.000   0.000   0.000   0.000 |   -7.229  -7.413   1.123
 131B   0.00000000 0.11  0.403 -1259.911686  156.0   5.275   5.161 |    0.000   0.000   0.000   0.000 |   -7.229  -7.413   0.794
 132B   0.00000001 0.10  0.403 -1259.911686  156.0   5.275   5.161 |    0.000   0.000   0.000   0.000 |   -7.229  -7.413   0.761
 133B   0.00000000 0.11  0.403 -1259.911686  156.0   5.275   5.161 |    0.000   0.000   0.000   0.000 |   -7.229  -7.413   1.189
 134B   0.00000000 0.13  0.403 -1259.911686  156.0   5.275   5.161 |    0.000   0.000   0.000   0.000 |   -7.229  -7.413   1.328
 135B   0.00000000 0.10  0.403 -1259.911686  156.0   5.275   5.161 |    0.000   0.000   0.000  -0.000 |   -7.229  -7.413   1.402
  ----------------------------------------------------------------------------------------------------------------------------------
  *   iteration converged   after 135 steps   si=     0.0000000009 ho=  0 tho=  0
  ----------------------------------------------------------------------------------------------------------------------------------
  Total CPU time=   2.198 minutes

  Writing to wel_file: s092_064.hel
 __________________________________  
  The tape s092_064.hel recorded:     
  nucname,npr,ngh,ngl,n00,nb,nt      
  b0,beta0,si,etot,rms,bet,xmix      
  pairing:     CpV0,CpV1,pwi         
  delta:       del,ept               
  lambda:      ala,ala2,alast,tz     
  asymptotic:  varmas,ass,skass      
  ntx,nb,nhhdim,id,N_rz,n_r,n_z      
  Omega2,Sigma2,Parity,Lambda        
  matrices(inbro):    hh,de          
  *all blocking candidates           
 __________________________________  


  NB! From expect (UNPROJECTED RESULTS)

  pairing: CpV0,CpV1,...           0.100000       0.100000       1.000000       1.000000
  forces:   UNE1                          


                             neutrons         protons         total
  Requested part.numbs.      92.000000      64.000000     156.000000
  UnPj(av) part.numbs .      92.000000      64.000000     156.000000
  b0, bz, bp ..........       2.130153       2.136882       2.126796

  lambda (ala) ........      -7.228821      -7.413429
  Lambda (alast) ......      -7.228821      -7.413429
  delta(n,p), pwi .....       0.000000       0.000000      60.000000
  pairing energy ......       0.000000       0.000000       0.000000

  rms-radius ..........       5.274749       5.160712       5.228265
  charge-radius, r0 ...                      5.222351       6.459855
  deformation beta2....       0.387617       0.426764       0.403265
  dipole moment[fm] ...       0.000000       0.000000       0.000000
  quadrupole moment[b]       12.517127       9.176916      21.694043
  octupole moment .....       0.000000       0.000000       0.000000
  hexadecapole moment .       0.357490       0.294593       0.652083
  q5 ..................       0.000000       0.000000       0.000000
  q6 ..................      -0.031096      -0.024920      -0.056016
  q7 ..................       0.000000       0.000000       0.000000
  q8 ..................      -0.015826      -0.015774      -0.031600

  <r^0> [fm^0] ........            1.000000            1.000000            1.000000
  <r^2> [fm^2] ........           27.822973           26.632953           27.334760
  <r^4> [fm^4] ........         1035.274885          943.083740          997.452877
  <r^6> [fm^6] ........        46348.054936        40209.591685        43829.711038
  <r^8> [fm^8] ........      2380333.883521      1973063.825800      2213248.731636

  kinetic energy ......    1827.623102    1075.113565    2902.736667
  volume energy .......                                 -4789.927155
        rho_tau .......                                    19.344181
        rho_rho .......                                 -4809.271335
  surface energy ......                                   181.853740
   rho_DELTA_rho ......                                   181.853740
   (NABLA_rho)^2 ......                                     0.000000
  spin-orbit energy ...                                   -75.399377
        rho_NABLA_J ...                                   -75.399377
        NABLA_rho_J ...                                     0.000000
  coulomb energy ......                                   520.824438
          direct ......                                   545.318654
          exchange ....                                   -24.494216
  tensor energy .......                                     0.000000
  direct Hartree E  ...                                     0.000000
  Extra E .............                                     0.000000
  External field E ....                                     0.000000
  Entropy .............       3.093795       0.607769       3.701563

  tEnergy: ehfb (qp)...                                 -1259.911686

  Calculated but not added corrections 
====================================
  cmc-diagonal part ...       0.000000       0.000000       0.000000
  cmc-hfb .............       0.000000       0.000000       0.000000
  cranking rot corr ...       0.000000       0.000000       0.000000

  SQUJ ................       0.000000       0.000000       0.000000
  CRAN x 4 ............       0.000000       0.000000       0.000000
  Rigit Body ..........       0.000000       0.000000       0.000000


   Blocking candidates are:
   neutron eqpmin=   2.8233665747951164E-002  pwiblo=   2.0016019225635890     
    num=   1 block=   4 state=   1    66 Eqp=   0.02823367  (1-2N)E=  -0.02823367  Ovlp=   0.74399118  3-[ 5, 2, 1]
    num=   2 block=   3 state=   1    46 Eqp=   0.01826000  (1-2N)E=   0.01826000  Ovlp=   0.95233032  3+[ 4, 0, 2]
    num=   3 block=   5 state=   1    82 Eqp=   0.16248260  (1-2N)E=  -0.16248260  Ovlp=   0.71442245  5+[ 6, 4, 2]
    num=   4 block=   1 state=   1     1 Eqp=   0.23063945  (1-2N)E=  -0.23063945  Ovlp=   0.93311781  1+[ 4, 0, 0]
    num=   5 block=   7 state=   1   110 Eqp=   0.47939871  (1-2N)E=  -0.47939871  Ovlp=   0.96776624  7+[ 4, 0, 4]
    num=   6 block=   6 state=   1    98 Eqp=   1.25366768  (1-2N)E=   1.25366768  Ovlp=   0.78001012  5-[ 5, 2, 3]
    num=   7 block=   2 state=   1    26 Eqp=   1.31474924  (1-2N)E=   1.31474924  Ovlp=   0.77531578  1-[ 5, 2, 1]
    num=   8 block=   7 state=   2   111 Eqp=   1.35492259  (1-2N)E=   1.35492259  Ovlp=   0.82125794  7+[ 6, 3, 3]
    num=   9 block=   3 state=   2    47 Eqp=   1.47822689  (1-2N)E=  -1.47822689  Ovlp=   0.59700758  3+[ 6, 5, 1]
    num=  10 block=  10 state=   1   140 Eqp=   1.63096292  (1-2N)E=  -1.63096292  Ovlp=   0.95315431  9-[ 5, 1, 4]
    num=  11 block=  12 state=   1   152 Eqp=   1.63292480  (1-2N)E=   1.63292480  Ovlp=   0.98557520 11-[ 5, 0, 5]
    num=  12 block=   1 state=   2     2 Eqp=   1.70537476  (1-2N)E=   1.70537476  Ovlp=   0.48642565  1+[ 6, 6, 0]
    num=  13 block=   4 state=   2    67 Eqp=   1.82428265  (1-2N)E=  -1.82428265  Ovlp=   0.63145016  3-[ 5, 3, 2]
    num=  14 block=   5 state=   2    83 Eqp=   1.91561801  (1-2N)E=  -1.91561801  Ovlp=   0.94435572  5+[ 4, 0, 2]

   Blocking candidates are:
   proton  eqpmin=  0.16574500001965475       pwiblo=   2.0016019225635890     
    num=   1 block=   3 state=   1    46 Eqp=   0.16574500  (1-2N)E=  -0.16574500  Ovlp=   0.87030825  3+[ 4, 1, 1]
    num=   2 block=   5 state=   1    82 Eqp=   0.16574309  (1-2N)E=   0.16574309  Ovlp=   0.90799868  5+[ 4, 1, 3]
    num=   3 block=   9 state=   1   131 Eqp=   0.66610457  (1-2N)E=  -0.66610457  Ovlp=   0.96669238  9+[ 4, 0, 4]
    num=   4 block=   2 state=   1    26 Eqp=   0.74099988  (1-2N)E=   0.74099988  Ovlp=   0.47281697  1-[ 5, 4, 1]
    num=   5 block=   6 state=   1    98 Eqp=   0.88312477  (1-2N)E=  -0.88312477  Ovlp=   0.76277980  5-[ 5, 3, 2]
    num=   6 block=   1 state=   1     1 Eqp=   0.98566336  (1-2N)E=   0.98566336  Ovlp=   0.87592912  1+[ 4, 1, 1]
    num=   7 block=   8 state=   1   122 Eqp=   1.23941734  (1-2N)E=   1.23941734  Ovlp=   0.86755898  7-[ 5, 2, 3]



 HFBTHO_SOLVER ended without errors

