
  =======================================
           FORTRAN 95 CODE (KIND= 8) 
               Version: 200d  
  =======================================
       AXIALLY DEFORMED CONFIGURATIONAL  
     HARTREE-FOCK-BOGOLIUBOV CALCULATIONS
                     WITH                
            UNEDF AND DELTA PAIRING      
                     USING               
             HARMONIC-OSCILLATOR         
                   AND/OR                
       TRANSFORMED HARMONIC-OSCILLATOR   
                    BASIS                
                     ---                 
               v1.66  (2005):,           
   Stoitsov,Dobaczewski,Nazarewicz,Ring, 
               v2.00d (2012):,           
         Stoitsov,Schunck,Kortelainen    
  =======================================
    Nucleus: GD (A= 156, N= 92, Z= 64)
       Reflection Symmetry Imposed       
            (10/14/2022,  6: 0)                               
  =======================================


  ---------------------------------------
           UNEDF Module Version:17
         M.Kortelainen & M.Stoitsov 
  ---------------------------------------

  UNE1 functional
  ----------------------------------
  Crho(0)=   -768.311980332479493    ; Crho(1)=    309.238800214558353    
  CDrho(0)=   898.838964988581097    ; CDrho(1)=  -220.274186358445434    
  Ctau(0)=   -6.27369609333734957    ; Ctau(1)=   -38.9454444056013642    
  CrDr(0)=   -43.4049407748834142    ; CrDr(1)=   -124.311420280246480    
  CrdJ(0)=   -70.4094241932080536    ; CrdJ(1)=   -29.5664283288176293    
  CJ(0)=      0.00000000000000000    ; CJ(1)=      0.00000000000000000    
  CpV0(0)=   0.100000000000000006    ; CpV0(1)=   0.100000000000000006    
  CpV1(0)=    1.00000000000000000    ; CpV1(1)=    1.00000000000000000    
  sigma=     0.279980715947111547    ; hbzero=     20.7355300000000007    
  e^2 chrg=   1.43997840859651305    ; CExPar=     1.00000000000000000    
  c.m. correction: F, chr. density in direct Coul: F
  use tensor terms: F
  use TMR pairing:  0

  Coupling constants in natural units
  -----------------------------------
  Crho_nu(0)=  -0.865211426924278659    ; Crho_nu(1)=   0.348239973400137959    
  CDrho_nu(0)=  0.946977532950814882    ; CDrho_nu(1)= -0.232071276052344594    
  Ctau_nu(0)=  -0.889303553966763194E-01; Ctau_nu(1)=  -0.552056102263191462    
  CrDr_nu(0)=  -0.615269970310069358    ; CrDr_nu(1)=   -1.76212851577690577    
  CrdJ_nu(0)=  -0.998061592978191525    ; CrdJ_nu(1)=  -0.419107483048864471    
  CJ_nu(0)=      0.00000000000000000    ; CJ_nu(1)=      0.00000000000000000    
  CpV0_nu(0)=   0.112611992142809880E-03; CpV0_nu(1)=   0.112611992142809880E-03
  CpV1_nu(0)=   0.887702254206059068E-03; CpV1_nu(1)=   0.887702254206059068E-03
  fpi_nu=        93.0000000000000000    ; Lambda_nu=     700.000000000000000    

  Nuclear matter properties
  ----------------------------------
      E_NM=     -15.8000000000000291      K_NM=     220.0000000000005116
      P_NM=       0.0000000000000005    RHO_NM=       0.1585631476355934
    ASS_NM=      28.8927856283197571   LASS_NM=      33.9657509236970441
  SMASS_NM=       0.9520254847660660  VMASS_NM=       1.2498385742322704

  Associated (t,x)-coupling constants
  -----------------------------------
  t0=      -2048.83194755327850    ; x0=       0.103736779063509421    
  t1=       223.128089341595057    ; x1=       -4.60795644840355134    
  t2=       1380.96423639471232    ; x2=       -1.38935252362650030    
  t3=       14381.4234398172975    ; x3=      -0.132402140530405554    
  b4=       40.8429958643904243    ; b4p=       59.1328566576352586    
  te=      -410.464681202762051    ; to=       -178.897451792138526    
  sigma=   0.279980715947111547    ; hbzero=    20.7355300000000007    

  ---------------------------------------
        Characteristics of the run       
  ---------------------------------------
  Output file ................:     7
  Nucleus ....................:   GD 156
  Number of HO shells ........:     8
  HO length b0 (fm) ..........:     2.13015292605643
  Basis deformation ..........:  beta0=   0.010 q=   1.010
  HO: b0,1/b0,bp,bz,q ........:   0.21301529E+01  0.46944986E+00  0.21267964E+01  0.21368819E+01  0.10095067E+01
  h**2/(2m), cmc, e**2 .......:   0.20735530E+02  0.20735530E+02  0.14399784E+01
  hom=f*41.0_pr*A^{-1/3}, f...:   0.91395238E+01  0.12000000E+01
  THO basis is ...............:  OFF
  Maximal number of iterations:   400
  Initial mixing parameter ...:  0.300
  Initial w.f. ...............:  from   spherical scratch
  Skyrme functional ..........:    UNE1                          
    with direct and exchange Coulomb
  Lipkin-Nogami procedure is .:  OFF
  PAV procedure is ...........:  OFF
  Constraint calculation is ..:   ON
    Constraint 1 .............: lambda=2 Ql= -15.668
  Temperature T ..............:   0.05 MeV
  Restart indicator ..........:   1
  Broyden mixing (#iterations):   7

  ---------------------------------------
        Harmonic Oscillator Basis        
  ---------------------------------------
  NUV, NQP:                        2501     165
  Comparison with bookkeeping spherical basis:
  n00:                                8       8  Maximal number of shells
  nbx, 2*n00+1:                      17      17  Maximal number of K-blocks
  ntx, (n00+1)*(n00+2)*(n00+3)/6    165     165  Max.num. p/n levels
  nzx, n00:                           8       8  Maximal nz-quantum number
  nrx, n00/2  :                       4       4  Maximal nr-quantum number
  nlx, n00:                           8       8  Maximal ml-quantum number
  ndx, (n00+2)*(n00+2)/4:            25      25  Maximal dim. of one k-block

  Actual basis used
  Number of blocks: nb .......:   17
  Number of levels: nt .......:  165
  Maximal 2*omega : nom ......:   17
  Maximal nz:       nzm ......:    8
  Maximal nr:       nrm ......:    4
  Maximal ml:       nlm ......:    8
  Maximal N=nz+2*nr+nl .......:    8
  2 x biggest block dim. .....:   50
  Non-zero elements of h .....:     1333
  Number of Broyden elements .:     5332

  ---------------------------------------
            Integration Meshes           
  ---------------------------------------
  Number of Gauss-Hermite mesh points ngh ....:  40
  Number of Gauss-Laguerre mesh points ngl ...:  40
  Number of Gauss-Legendre mesh points nleg ..:  80
  Integration boundaries
    Hermite  - from xh(1)  =  0.12379686 to xh(ngh)   = 11.88786356
    Laguerre - From xl(1)  =  0.03570039 to xl(ngl)   =142.28004447
    Legendre - From xleg(1)=  0.00978669 to xleg(nleg)=  0.99988775
  Max.dev.in:     Orthogonality            Normalization
  Hermite     1.5248282503475657E-015   1.0991207943789050E-014
  Laguerre    4.2896485016951012E-015   8.9928064994637680E-015

  Scratch initialization for the nucleus: GD  92  64


  Initial potentials of Saxon-Woods shape 
  v0ws   =  -71.27999878
  kappa  =    0.46160001
  vs0    =   11.11750031   11.11750031
  r0     =    1.23339999    1.23339999
  a      =    0.61500001    0.61500001
  r0-so  =    1.14429998    1.14429998
  a-so   =    0.64760000    0.64760000
  beta00 =    0.01000000

  ### REGULAR STAGE (reflection symmetry imposed)
  |HFB+HO> iterations(b0=  2.130, Nsh=  8, inin=  1, N= 92, Z= 64)...
  ----------------------------------------------------------------------------------------------------------------------------------
  i          si     mix   beta      Etot       A       rn      rp         En      Dn      Ep      Dp        Ln      Lp     time
  ----------------------------------------------------------------------------------------------------------------------------------
   1L  69.94764065 0.30  0.010     0.000000    0.0   0.000   0.000 |   -2.000   1.000  -2.000   1.000 |   -7.000  -7.000   0.000
   2B  39.05698583 0.10  0.017 -1051.424152  156.0   4.802   4.555 |    0.000  -0.000   0.000   0.000 |  -14.068 -26.543  22.287
   3B  19.01091209 0.11 -0.163 -1104.086584  156.0   4.986   4.940 |    0.000  -0.000   0.000  -0.000 |   -6.550 -11.178   0.779
   4B  29.98496055 0.10 -0.286  -906.225643  156.0   5.247   4.971 |    0.000  -0.000   0.000  -0.000 |   -6.505  -7.975   0.949
   5B   6.50150261 0.11 -0.357 -1228.658848  156.0   5.307   5.224 |    0.000  -0.000   0.000  -0.000 |   -7.771  -8.130   0.873
   6B  10.10320117 0.10 -0.397 -1216.958298  156.0   5.379   5.257 |    0.000  -0.000   0.000  -0.000 |   -7.665  -7.563   0.855
   7B  12.08701313 0.10 -0.414 -1243.872059  156.0   5.389   5.322 |    0.000  -0.000   0.000  -0.000 |   -7.441  -7.647   0.632
   8B   8.46839675 0.11 -0.400 -1249.329668  156.0   5.366   5.278 |    0.000  -0.000   0.000  -0.000 |   -6.908  -7.059   0.669
   9B   5.44804517 0.13 -0.367 -1249.262592  156.0   5.316   5.206 |    0.000  -0.000   0.000  -0.000 |   -6.633  -6.693   0.647
  10B   2.87876148 0.14 -0.348 -1252.520511  156.0   5.285   5.201 |    0.000  -0.000   0.000  -0.000 |   -6.712  -6.760   0.700
  11B   3.17938785 0.10 -0.348 -1252.535521  156.0   5.296   5.174 |    0.000  -0.000   0.000  -0.000 |   -6.781  -7.005   0.624
  12B   1.74742502 0.11 -0.328 -1256.826147  156.0   5.277   5.166 |    0.000  -0.000   0.000  -0.000 |   -6.887  -7.073   0.672
  13B   1.13884759 0.13 -0.324 -1258.259265  156.0   5.271   5.170 |    0.000  -0.000   0.000  -0.000 |   -6.960  -7.134   0.589
  14B   1.04989720 0.14 -0.313 -1258.677824  156.0   5.271   5.153 |    0.000  -0.000   0.000  -0.000 |   -6.849  -7.162   0.619
  15B   0.63829623 0.16 -0.307 -1260.228423  156.0   5.262   5.151 |    0.000  -0.000   0.000  -0.000 |   -6.795  -7.143   0.653
  16B   0.67029146 0.10 -0.304 -1260.264411  156.0   5.263   5.147 |    0.000   0.000   0.000   0.000 |   -6.758  -7.165   0.777
  17B   0.55047774 0.11 -0.297 -1260.875502  156.0   5.254   5.144 |    0.000   0.000   0.000   0.000 |   -6.728  -7.272   0.684
  18B   0.28712930 0.13 -0.296 -1260.986107  156.0   5.253   5.141 |    0.000   0.000   0.000   0.000 |   -6.662  -7.241   0.746
  19B   0.23110576 0.14 -0.296 -1261.024861  156.0   5.253   5.141 |    0.000   0.000   0.000   0.000 |   -6.652  -7.252   0.717
  20B   0.18777160 0.16 -0.298 -1260.985986  156.0   5.252   5.141 |    0.000  -0.000   0.000  -0.000 |   -6.615  -7.181   0.733
  21B   0.18486011 0.18 -0.296 -1261.048686  156.0   5.250   5.139 |    0.000  -0.000   0.000  -0.000 |   -6.592  -7.188   0.719
  22B   0.06166104 0.21 -0.295 -1261.098589  156.0   5.249   5.138 |    0.000   0.000   0.000   0.000 |   -6.575  -7.185   0.725
  23B   0.06369301 0.10 -0.295 -1261.114566  156.0   5.249   5.137 |    0.000  -0.000   0.000  -0.000 |   -6.558  -7.176   0.649
  24B   0.03470444 0.11 -0.294 -1261.144861  156.0   5.248   5.136 |    0.000  -0.000   0.000  -0.000 |   -6.541  -7.165   0.606
  25B   0.02197964 0.13 -0.294 -1261.152765  156.0   5.247   5.136 |    0.000  -0.000   0.000  -0.000 |   -6.536  -7.165   0.585
  26B   0.01045690 0.14 -0.294 -1261.151386  156.0   5.247   5.136 |    0.000  -0.000   0.000  -0.000 |   -6.536  -7.165   0.586
  27B   0.00840890 0.16 -0.294 -1261.152424  156.0   5.247   5.136 |    0.000  -0.000   0.000  -0.000 |   -6.536  -7.164   0.958
  28B   0.00492932 0.18 -0.294 -1261.150166  156.0   5.247   5.136 |    0.000  -0.000   0.000  -0.000 |   -6.538  -7.164   0.930
  29B   0.00468593 0.21 -0.294 -1261.150109  156.0   5.247   5.136 |    0.000  -0.000   0.000  -0.000 |   -6.538  -7.163   1.002
  30B   0.00408749 0.24 -0.294 -1261.148024  156.0   5.247   5.136 |    0.000   0.000   0.000   0.000 |   -6.539  -7.162   0.638
  31B   0.00299168 0.27 -0.294 -1261.146600  156.0   5.247   5.136 |    0.000   0.000   0.000   0.000 |   -6.541  -7.162   0.724
  32B   0.00307081 0.10 -0.294 -1261.145397  156.0   5.247   5.136 |    0.000   0.000   0.000   0.000 |   -6.541  -7.161   0.838
  33B   0.00259442 0.11 -0.294 -1261.145361  156.0   5.247   5.136 |    0.000   0.000   0.000   0.000 |   -6.541  -7.161   0.680
  34B   0.00201774 0.13 -0.294 -1261.145729  156.0   5.247   5.136 |    0.000   0.000   0.000   0.000 |   -6.541  -7.161   0.747
  35B   0.00167852 0.14 -0.294 -1261.145890  156.0   5.247   5.136 |    0.000   0.000   0.000   0.000 |   -6.541  -7.161   0.660
  36B   0.00171710 0.10 -0.294 -1261.146058  156.0   5.247   5.136 |    0.000   0.000   0.000   0.000 |   -6.541  -7.161   0.648
  37B   0.00124346 0.11 -0.294 -1261.146860  156.0   5.247   5.136 |    0.000   0.000   0.000   0.000 |   -6.540  -7.161   0.830
  38B   0.00121057 0.13 -0.294 -1261.147272  156.0   5.247   5.136 |    0.000   0.000   0.000   0.000 |   -6.540  -7.161   0.996
  39B   0.00083684 0.14 -0.294 -1261.147636  156.0   5.247   5.136 |    0.000  -0.000   0.000  -0.000 |   -6.540  -7.161   0.648
  40B   0.00070767 0.16 -0.294 -1261.147380  156.0   5.247   5.136 |    0.000   0.000   0.000   0.000 |   -6.540  -7.161   0.671
  41B   0.00058103 0.18 -0.294 -1261.147037  156.0   5.247   5.136 |    0.000   0.000   0.000   0.000 |   -6.540  -7.161   1.303
  42B   0.00035199 0.21 -0.294 -1261.147109  156.0   5.247   5.136 |    0.000   0.000   0.000   0.000 |   -6.540  -7.160   0.835
  43B   0.00029454 0.24 -0.294 -1261.147030  156.0   5.247   5.136 |    0.000   0.000   0.000   0.000 |   -6.540  -7.160   0.765
  44B   0.00026384 0.27 -0.294 -1261.146999  156.0   5.247   5.136 |    0.000   0.000   0.000   0.000 |   -6.540  -7.160   0.535
  45B   0.00022307 0.30 -0.294 -1261.147033  156.0   5.247   5.136 |    0.000   0.000   0.000   0.000 |   -6.540  -7.160   0.667
  46B   0.00014281 0.34 -0.294 -1261.147084  156.0   5.247   5.136 |    0.000  -0.000   0.000  -0.000 |   -6.540  -7.160   0.987
  47B   0.00010046 0.38 -0.294 -1261.147120  156.0   5.247   5.136 |    0.000  -0.000   0.000  -0.000 |   -6.540  -7.160   0.996
  48B   0.00011458 0.10 -0.294 -1261.147143  156.0   5.247   5.136 |    0.000  -0.000   0.000  -0.000 |   -6.540  -7.160   0.706
  49B   0.00008558 0.11 -0.294 -1261.147151  156.0   5.247   5.136 |    0.000   0.000   0.000   0.000 |   -6.540  -7.160   0.812
  50B   0.00008259 0.13 -0.294 -1261.147185  156.0   5.247   5.136 |    0.000   0.000   0.000   0.000 |   -6.540  -7.160   0.821
  51B   0.00003770 0.14 -0.294 -1261.147186  156.0   5.247   5.136 |    0.000   0.000   0.000   0.000 |   -6.540  -7.160   0.779
  52B   0.00002989 0.16 -0.294 -1261.147187  156.0   5.247   5.136 |    0.000   0.000   0.000   0.000 |   -6.540  -7.160   0.799
  53B   0.00002860 0.18 -0.294 -1261.147185  156.0   5.247   5.136 |    0.000   0.000   0.000   0.000 |   -6.540  -7.160   0.629
  54B   0.00001810 0.21 -0.294 -1261.147180  156.0   5.247   5.136 |    0.000   0.000   0.000   0.000 |   -6.540  -7.160   0.635
  55B   0.00001736 0.24 -0.294 -1261.147178  156.0   5.247   5.136 |    0.000  -0.000   0.000  -0.000 |   -6.540  -7.160   0.823
  56B   0.00001559 0.27 -0.294 -1261.147176  156.0   5.247   5.136 |    0.000  -0.000   0.000  -0.000 |   -6.540  -7.160   0.835
  57B   0.00001609 0.10 -0.294 -1261.147176  156.0   5.247   5.136 |    0.000  -0.000   0.000  -0.000 |   -6.540  -7.160   0.663
  58B   0.00001318 0.11 -0.294 -1261.147178  156.0   5.247   5.136 |    0.000  -0.000   0.000  -0.000 |   -6.540  -7.160   0.704
  59B   0.00001095 0.13 -0.294 -1261.147180  156.0   5.247   5.136 |    0.000   0.000   0.000   0.000 |   -6.540  -7.160   1.022
  60B   0.00001039 0.14 -0.294 -1261.147180  156.0   5.247   5.136 |    0.000  -0.000   0.000  -0.000 |   -6.540  -7.160   0.819
  61B   0.00001001 0.16 -0.294 -1261.147182  156.0   5.247   5.136 |    0.000  -0.000   0.000  -0.000 |   -6.540  -7.160   0.656
  62B   0.00000805 0.18 -0.294 -1261.147185  156.0   5.247   5.136 |    0.000  -0.000   0.000  -0.000 |   -6.540  -7.160   0.837
  63B   0.00000556 0.21 -0.294 -1261.147188  156.0   5.247   5.136 |    0.000  -0.000   0.000  -0.000 |   -6.540  -7.160   1.226
  64B   0.00000136 0.24 -0.294 -1261.147187  156.0   5.247   5.136 |    0.000  -0.000   0.000  -0.000 |   -6.540  -7.160   0.955
  65B   0.00000197 0.10 -0.294 -1261.147187  156.0   5.247   5.136 |    0.000  -0.000   0.000  -0.000 |   -6.540  -7.160   0.801
  66B   0.00000280 0.10 -0.294 -1261.147187  156.0   5.247   5.136 |    0.000  -0.000   0.000  -0.000 |   -6.540  -7.160   0.626
  67B   0.00000077 0.11 -0.294 -1261.147187  156.0   5.247   5.136 |    0.000  -0.000   0.000  -0.000 |   -6.540  -7.160   0.775
  68B   0.00000081 0.10 -0.294 -1261.147187  156.0   5.247   5.136 |    0.000  -0.000   0.000  -0.000 |   -6.540  -7.160   0.831
  69B   0.00000040 0.11 -0.294 -1261.147187  156.0   5.247   5.136 |    0.000   0.000   0.000   0.000 |   -6.540  -7.160   0.586
  70B   0.00000040 0.10 -0.294 -1261.147187  156.0   5.247   5.136 |    0.000   0.000   0.000   0.000 |   -6.540  -7.160   0.714
  71B   0.00000036 0.11 -0.294 -1261.147187  156.0   5.247   5.136 |    0.000   0.000   0.000   0.000 |   -6.540  -7.160   0.909
  72B   0.00000033 0.13 -0.294 -1261.147187  156.0   5.247   5.136 |    0.000   0.000   0.000   0.000 |   -6.540  -7.160   0.786
  73B   0.00000031 0.14 -0.294 -1261.147187  156.0   5.247   5.136 |    0.000   0.000   0.000   0.000 |   -6.540  -7.160   0.684
  74B   0.00000030 0.16 -0.294 -1261.147187  156.0   5.247   5.136 |    0.000   0.000   0.000   0.000 |   -6.540  -7.160   0.633
  75B   0.00000032 0.10 -0.294 -1261.147187  156.0   5.247   5.136 |    0.000   0.000   0.000   0.000 |   -6.540  -7.160   0.591
  76B   0.00000030 0.11 -0.294 -1261.147187  156.0   5.247   5.136 |    0.000   0.000   0.000   0.000 |   -6.540  -7.160   0.677
  77B   0.00000026 0.13 -0.294 -1261.147187  156.0   5.247   5.136 |    0.000   0.000   0.000   0.000 |   -6.540  -7.160   0.776
  78B   0.00000022 0.14 -0.294 -1261.147187  156.0   5.247   5.136 |    0.000  -0.000   0.000  -0.000 |   -6.540  -7.160   0.840
  79B   0.00000023 0.10 -0.294 -1261.147187  156.0   5.247   5.136 |    0.000  -0.000   0.000  -0.000 |   -6.540  -7.160   0.779
  80B   0.00000013 0.11 -0.294 -1261.147187  156.0   5.247   5.136 |    0.000  -0.000   0.000  -0.000 |   -6.540  -7.160   0.676
  81B   0.00000017 0.10 -0.294 -1261.147187  156.0   5.247   5.136 |    0.000  -0.000   0.000  -0.000 |   -6.540  -7.160   0.990
  82B   0.00000014 0.11 -0.294 -1261.147187  156.0   5.247   5.136 |    0.000  -0.000   0.000  -0.000 |   -6.540  -7.160   0.983
  83B   0.00000009 0.13 -0.294 -1261.147187  156.0   5.247   5.136 |    0.000  -0.000   0.000  -0.000 |   -6.540  -7.160   1.108
  84B   0.00000005 0.14 -0.294 -1261.147187  156.0   5.247   5.136 |    0.000   0.000   0.000   0.000 |   -6.540  -7.160   1.086
  85B   0.00000007 0.10 -0.294 -1261.147187  156.0   5.247   5.136 |    0.000   0.000   0.000   0.000 |   -6.540  -7.160   0.944
  86B   0.00000004 0.11 -0.294 -1261.147187  156.0   5.247   5.136 |    0.000   0.000   0.000   0.000 |   -6.540  -7.160   1.062
  87B   0.00000003 0.13 -0.294 -1261.147187  156.0   5.247   5.136 |    0.000   0.000   0.000   0.000 |   -6.540  -7.160   0.971
  88B   0.00000002 0.14 -0.294 -1261.147187  156.0   5.247   5.136 |    0.000   0.000   0.000   0.000 |   -6.540  -7.160   1.022
  89B   0.00000001 0.16 -0.294 -1261.147187  156.0   5.247   5.136 |    0.000   0.000   0.000   0.000 |   -6.540  -7.160   0.930
  90B   0.00000001 0.18 -0.294 -1261.147187  156.0   5.247   5.136 |    0.000   0.000   0.000   0.000 |   -6.540  -7.160   0.627
  91B   0.00000000 0.21 -0.294 -1261.147187  156.0   5.247   5.136 |    0.000   0.000   0.000   0.000 |   -6.540  -7.160   0.586
  92B   0.00000000 0.24 -0.294 -1261.147187  156.0   5.247   5.136 |    0.000   0.000   0.000   0.000 |   -6.540  -7.160   0.664
  93B   0.00000000 0.10 -0.294 -1261.147187  156.0   5.247   5.136 |    0.000   0.000   0.000   0.000 |   -6.540  -7.160   0.853
  94B   0.00000000 0.10 -0.294 -1261.147187  156.0   5.247   5.136 |    0.000   0.000   0.000   0.000 |   -6.540  -7.160   0.572
  95B   0.00000000 0.11 -0.294 -1261.147187  156.0   5.247   5.136 |    0.000   0.000   0.000   0.000 |   -6.540  -7.160   0.721
  96B   0.00000000 0.10 -0.294 -1261.147187  156.0   5.247   5.136 |    0.000   0.000   0.000   0.000 |   -6.540  -7.160   0.890
  97B   0.00000000 0.11 -0.294 -1261.147187  156.0   5.247   5.136 |    0.000  -0.000   0.000  -0.000 |   -6.540  -7.160   0.857
  98B   0.00000000 0.13 -0.294 -1261.147187  156.0   5.247   5.136 |    0.000  -0.000   0.000  -0.000 |   -6.540  -7.160   0.672
  99B   0.00000000 0.10 -0.294 -1261.147187  156.0   5.247   5.136 |    0.000  -0.000   0.000  -0.000 |   -6.540  -7.160   0.756
 100B   0.00000000 0.11 -0.294 -1261.147187  156.0   5.247   5.136 |    0.000  -0.000   0.000  -0.000 |   -6.540  -7.160   0.805
  ----------------------------------------------------------------------------------------------------------------------------------
  *   iteration converged   after 100 steps   si=     0.0000000008 ho=  0 tho=  0
  ----------------------------------------------------------------------------------------------------------------------------------
  Total CPU time=   1.657 minutes

  Writing to wel_file: s092_064.hel
 __________________________________  
  The tape s092_064.hel recorded:     
  nucname,npr,ngh,ngl,n00,nb,nt      
  b0,beta0,si,etot,rms,bet,xmix      
  pairing:     CpV0,CpV1,pwi         
  delta:       del,ept               
  lambda:      ala,ala2,alast,tz     
  asymptotic:  varmas,ass,skass      
  ntx,nb,nhhdim,id,N_rz,n_r,n_z      
  Omega2,Sigma2,Parity,Lambda        
  matrices(inbro):    hh,de          
  *all blocking candidates           
 __________________________________  



 #quasiparticle energies neutrons
 --------------------------------
  eqp(k) -> q.p. energy 
  e(k)   -> referent s.p. energy 
  p(k)   -> occ.probability 
  del(k) -> referent s.p. gap 
  fermi energy alast=  -6.5399150682850555     
  #k  block#    eqp(k)     e(k)       (1-2N)E      decay        p(k)        del(k)    overl      labels
   1    1     0.771496   -5.768419    0.771496    1.187608    0.00000000   0.0000   0.9305  1+[ 4, 4, 0]
   2    1     1.895576   -8.435491   -1.895576    1.275638    1.00000000   0.0000   0.8669  1+[ 4, 3, 1]
   3    1     3.289531   -3.250384    3.289531    1.377010    0.00000000   0.0000   0.5223  1+[ 6, 0, 0]
   4    1     5.160447  -11.700362   -5.160447    1.502353    1.00000000   0.0000   0.7441  1+[ 4, 2, 0]
   5    1     5.957091   -0.582824    5.957091    1.552657    0.00000000   0.0000   0.6011  1+[ 6, 0, 0]
   6    1     7.640912  -14.180827   -7.640912    1.653953    1.00000000   0.0000   0.5924  1+[ 4, 0, 0]
   7    1     8.737831    2.197916    8.737831    1.716730    0.00000000   0.0000   0.6189  1+[ 6, 1, 1]
   8    1    10.770659  -17.310574  -10.770659    1.827377    1.00000000   0.0000   0.5181  1+[ 4, 1, 1]
   9    1    11.134325    4.594410   11.134325    1.846472    0.00000000   0.0000   0.5736  1+[ 6, 2, 0]
  10    1    13.606478    7.066563   13.606478    1.971383    0.00000000   0.0000   0.7124  1+[ 6, 4, 0]
  11    1    15.482139    8.942224   15.482139    2.061111    0.00000000   0.0000   0.8089  1+[ 6, 5, 1]
  12    1    16.920244   10.380329   16.920244    2.127345    0.00000000   0.0000   0.8529  1+[ 6, 6, 0]
  13    1    17.153738  -23.693653  -17.153738    2.137905    1.00000000   0.0000   0.9300  1+[ 2, 2, 0]
  14    1    20.688022  -27.227937  -20.688022    2.291816    1.00000000   0.0000   0.8456  1+[ 2, 1, 1]
  15    1    20.762287   14.222372   20.762287    2.294940    0.00000000   0.0000   0.5882  1+[ 8, 1, 1]
  16    1    22.772432  -29.312347  -22.772432    2.377923    1.00000000   0.0000   0.7179  1+[ 2, 0, 0]
  17    1    24.806374   18.266459   24.806374    2.459039    0.00000000   0.0000   0.5643  1+[ 8, 0, 0]
  18    1    25.292849   18.752934   25.292849    2.478047    0.00000000   0.0000   0.6111  1+[ 8, 1, 1]
  19    1    26.548683   20.008768   26.548683    2.526455    0.00000000   0.0000   0.6181  1+[ 8, 4, 0]
  20    1    28.671366   22.131451   28.671366    2.606234    0.00000000   0.0000   0.7572  1+[ 8, 5, 1]
  21    1    29.232320   22.692405   29.232320    2.626912    0.00000000   0.0000   0.7060  1+[ 8, 7, 1]
  22    1    29.896802   23.356887   29.896802    2.651197    0.00000000   0.0000   0.5335  1+[ 8, 7, 1]
  23    1    30.582473   24.042558   30.582473    2.676026    0.00000000   0.0000   0.8882  1+[ 8, 8, 0]
  24    1    31.393700  -37.933615  -31.393700    2.705108    1.00000000   0.0000   0.9050  1+[ 0, 0, 0]
  25    1    32.709710   26.169795   32.709710    2.751631    0.00000000   0.0000   0.5216  1+[ 8, 5, 1]
  26    2     0.064161   -6.604076   -0.064161    1.128700    1.00000000   0.0000   0.6708  1-[ 5, 0, 1]
  27    2     1.434323   -5.105592    1.434323    1.240272    0.00000000   0.0000   0.6001  1-[ 5, 2, 1]
  28    2     3.786506  -10.326421   -3.786506    1.411391    1.00000000   0.0000   0.5557  1-[ 5, 1, 0]
  29    2     4.299826   -2.240089    4.299826    1.446045    0.00000000   0.0000   0.7329  1-[ 5, 3, 0]
  30    2     7.117442    0.577527    7.117442    1.623139    0.00000000   0.0000   0.8839  1-[ 5, 4, 1]
  31    2     7.949813  -14.489728   -7.949813    1.671870    1.00000000   0.0000   0.9428  1-[ 3, 3, 0]
  32    2    10.000667    3.460752   10.000667    1.786273    0.00000000   0.0000   0.9531  1-[ 5, 5, 0]
  33    2    11.540738  -18.080653  -11.540738    1.867581    1.00000000   0.0000   0.8824  1-[ 3, 2, 1]
  34    2    13.076889    6.536974   13.076889    1.945300    0.00000000   0.0000   0.5733  1-[ 7, 1, 0]
  35    2    14.526210  -21.066125  -14.526210    2.015880    1.00000000   0.0000   0.6625  1-[ 3, 1, 0]
  36    2    16.775282   10.235367   16.775282    2.120762    0.00000000   0.0000   0.7473  1-[ 7, 0, 1]
  37    2    17.053368  -23.593283  -17.053368    2.133372    1.00000000   0.0000   0.5847  1-[ 3, 0, 1]
  38    2    17.872039   11.332124   17.872039    2.170070    0.00000000   0.0000   0.7071  1-[ 7, 1, 0]
  39    2    20.261041   13.721126   20.261041    2.273775    0.00000000   0.0000   0.6641  1-[ 7, 2, 1]
  40    2    21.982213   15.442298   21.982213    2.345651    0.00000000   0.0000   0.6498  1-[ 7, 5, 0]
  41    2    22.951502   16.411587   22.951502    2.385175    0.00000000   0.0000   0.7758  1-[ 7, 6, 1]
  42    2    23.834959   17.295044   23.834959    2.420637    0.00000000   0.0000   0.8365  1-[ 7, 7, 0]
  43    2    25.154736   18.614821   25.154736    2.472666    0.00000000   0.0000   0.5755  1-[ 7, 6, 1]
  44    2    25.631883  -32.171798  -25.631883    2.491209    1.00000000   0.0000   0.9221  1-[ 1, 1, 0]
  45    2    27.647032  -34.186947  -27.647032    2.568045    1.00000000   0.0000   0.8709  1-[ 1, 0, 1]
  46    3     1.988909   -8.528824   -1.988909    1.282676    1.00000000   0.0000   0.8873  3+[ 4, 3, 1]
  47    3     3.187587   -3.352329    3.187587    1.369850    0.00000000   0.0000   0.5516  3+[ 6, 1, 1]
  48    3     5.403403  -11.943318   -5.403403    1.517871    1.00000000   0.0000   0.8149  3+[ 4, 2, 2]
  49    3     6.229777   -0.310138    6.229777    1.569505    0.00000000   0.0000   0.6675  3+[ 6, 0, 2]
  50    3     7.757789  -14.297704   -7.757789    1.660755    1.00000000   0.0000   0.6513  3+[ 4, 0, 2]
  51    3     8.459012    1.919097    8.459012    1.700993    0.00000000   0.0000   0.5928  3+[ 6, 1, 1]
  52    3    10.967382  -17.507297  -10.967382    1.837731    1.00000000   0.0000   0.5705  3+[ 4, 1, 1]
  53    3    11.039660    4.499745   11.039660    1.841521    0.00000000   0.0000   0.5910  3+[ 6, 2, 2]
  54    3    13.490978    6.951063   13.490978    1.965724    0.00000000   0.0000   0.7399  3+[ 6, 4, 2]
  55    3    15.673929    9.134014   15.673929    2.070066    0.00000000   0.0000   0.8665  3+[ 6, 5, 1]
  56    3    20.547669   14.007754   20.547669    2.285902    0.00000000   0.0000   0.6043  3+[ 8, 1, 1]
  57    3    20.984736  -27.524651  -20.984736    2.304270    1.00000000   0.0000   0.8406  3+[ 2, 1, 1]
  58    3    23.178274  -29.718189  -23.178274    2.394328    1.00000000   0.0000   0.8164  3+[ 2, 0, 2]
  59    3    24.764336   18.224421   24.764336    2.457390    0.00000000   0.0000   0.5703  3+[ 8, 3, 1]
  60    3    25.286412   18.746497   25.286412    2.477797    0.00000000   0.0000   0.6887  3+[ 8, 0, 2]
  61    3    26.533433   19.993518   26.533433    2.525873    0.00000000   0.0000   0.6356  3+[ 8, 4, 2]
  62    3    28.504861   21.964946   28.504861    2.600064    0.00000000   0.0000   0.7092  3+[ 8, 5, 1]
  63    3    28.943626   22.403711   28.943626    2.616290    0.00000000   0.0000   0.5758  3+[ 8, 7, 1]
  64    3    29.798379   23.258464   29.798379    2.647614    0.00000000   0.0000   0.7282  3+[ 8, 7, 1]
  65    3    32.401445   25.861530   32.401445    2.740804    0.00000000   0.0000   0.5193  3+[ 8, 5, 1]
  66    4     0.449287   -6.989202   -0.449287    1.161144    1.00000000   0.0000   0.6316  3-[ 5, 0, 1]
  67    4     1.582109   -4.957806    1.582109    1.251712    0.00000000   0.0000   0.6159  3-[ 5, 2, 1]
  68    4     4.011720  -10.551635   -4.011720    1.426699    1.00000000   0.0000   0.5243  3-[ 5, 1, 2]
  69    4     4.240525   -2.299390    4.240525    1.442084    0.00000000   0.0000   0.7772  3-[ 5, 3, 2]
  70    4     7.071327    0.531412    7.071327    1.620397    0.00000000   0.0000   0.8662  3-[ 5, 4, 1]
  71    4    11.744445  -18.284360  -11.744445    1.878072    1.00000000   0.0000   0.8852  3-[ 3, 2, 1]
  72    4    12.850481    6.310566   12.850481    1.934041    0.00000000   0.0000   0.5525  3-[ 7, 1, 2]
  73    4    14.890242  -21.430157  -14.890242    2.033223    1.00000000   0.0000   0.7486  3-[ 3, 1, 2]
  74    4    16.638188   10.098273   16.638188    2.114518    0.00000000   0.0000   0.7513  3-[ 7, 0, 1]
  75    4    17.344149  -23.884064  -17.344149    2.146478    1.00000000   0.0000   0.6148  3-[ 3, 0, 1]
  76    4    18.122740   11.582825   18.122740    2.181184    0.00000000   0.0000   0.7183  3-[ 7, 1, 2]
  77    4    20.066087   13.526172   20.066087    2.265490    0.00000000   0.0000   0.6730  3-[ 7, 2, 1]
  78    4    21.954430   15.414515   21.954430    2.344508    0.00000000   0.0000   0.7152  3-[ 7, 5, 2]
  79    4    22.749189   16.209274   22.749189    2.376980    0.00000000   0.0000   0.6977  3-[ 7, 6, 1]
  80    4    24.631029   18.091114   24.631029    2.452152    0.00000000   0.0000   0.6568  3-[ 7, 6, 1]
  81    4    27.888385  -34.428300  -27.888385    2.577094    1.00000000   0.0000   0.8834  3-[ 1, 0, 1]
  82    5     2.783500   -3.756415    2.783500    1.341096    0.00000000   0.0000   0.5254  5+[ 6, 0, 2]
  83    5     5.659444   -0.880471    5.659444    1.534055    0.00000000   0.0000   0.5930  5+[ 6, 0, 2]
  84    5     5.762051  -12.301966   -5.762051    1.540493    1.00000000   0.0000   0.8225  5+[ 4, 2, 2]
  85    5     8.465815    1.925900    8.465815    1.701379    0.00000000   0.0000   0.6857  5+[ 6, 1, 3]
  86    5     8.592127  -15.132042   -8.592127    1.708524    1.00000000   0.0000   0.6543  5+[ 4, 1, 3]
  87    5    10.640602    4.100687   10.640602    1.820499    0.00000000   0.0000   0.6221  5+[ 6, 3, 3]
  88    5    11.611508  -18.151423  -11.611508    1.871233    1.00000000   0.0000   0.5770  5+[ 4, 0, 2]
  89    5    13.575142    7.035227   13.575142    1.969850    0.00000000   0.0000   0.7741  5+[ 6, 4, 2]
  90    5    20.179636   13.639721   20.179636    2.270320    0.00000000   0.0000   0.5840  5+[ 8, 2, 2]
  91    5    23.816685  -30.356600  -23.816685    2.419909    1.00000000   0.0000   0.8917  5+[ 2, 0, 2]
  92    5    24.567144   18.027229   24.567144    2.449638    0.00000000   0.0000   0.5506  5+[ 8, 3, 3]
  93    5    24.993331   18.453416   24.993331    2.466362    0.00000000   0.0000   0.6458  5+[ 8, 1, 3]
  94    5    26.242080   19.702164   26.242080    2.514723    0.00000000   0.0000   0.6173  5+[ 8, 4, 2]
  95    5    27.824442   21.284527   27.824442    2.574699    0.00000000   0.0000   0.7745  5+[ 8, 5, 3]
  96    5    29.027968   22.488053   29.027968    2.619398    0.00000000   0.0000   0.6742  5+[ 8, 6, 2]
  97    5    31.751171   25.211256   31.751171    2.717824    0.00000000   0.0000   0.5563  5+[ 8, 5, 3]
  98    6     0.620430   -7.160345   -0.620430    1.175275    1.00000000   0.0000   0.7385  5-[ 5, 0, 3]
  99    6     1.015387   -5.524528    1.015387    1.207253    0.00000000   0.0000   0.7079  5-[ 5, 2, 3]
 100    6     4.319566   -2.220349    4.319566    1.447361    0.00000000   0.0000   0.8193  5-[ 5, 3, 2]
 101    6     4.456660  -10.996576   -4.456660    1.456469    1.00000000   0.0000   0.6159  5-[ 5, 1, 2]
 102    6    12.449339    5.909424   12.449339    1.913931    0.00000000   0.0000   0.6047  5-[ 7, 1, 2]
 103    6    15.505465  -22.045380  -15.505465    2.062202    1.00000000   0.0000   0.7325  5-[ 3, 1, 2]
 104    6    15.838793    9.298878   15.838793    2.077734    0.00000000   0.0000   0.8093  5-[ 7, 0, 3]
 105    6    17.711378   11.171463   17.711378    2.162917    0.00000000   0.0000   0.6896  5-[ 7, 1, 2]
 106    6    18.102403  -24.642318  -18.102403    2.180285    1.00000000   0.0000   0.7223  5-[ 3, 0, 3]
 107    6    19.403149   12.863234   19.403149    2.237088    0.00000000   0.0000   0.6480  5-[ 7, 4, 3]
 108    6    21.481609   14.941694   21.481609    2.324975    0.00000000   0.0000   0.6321  5-[ 7, 5, 2]
 109    6    23.549020   17.009105   23.549020    2.409217    0.00000000   0.0000   0.7115  5-[ 7, 5, 2]
 110    7     2.249721   -4.290194    2.249721    1.302141    0.00000000   0.0000   0.6539  7+[ 6, 1, 3]
 111    7     6.240629   -0.299286    6.240629    1.570172    0.00000000   0.0000   0.7513  7+[ 6, 0, 4]
 112    7     7.516939    0.977024    7.516939    1.646708    0.00000000   0.0000   0.5651  7+[ 6, 1, 3]
 113    7     9.220896  -15.760811   -9.220896    1.743660    1.00000000   0.0000   0.7276  7+[ 4, 0, 4]
 114    7    11.037390    4.497475   11.037390    1.841402    0.00000000   0.0000   0.7286  7+[ 6, 3, 3]
 115    7    12.560649  -19.100564  -12.560649    1.919533    1.00000000   0.0000   0.7149  7+[ 4, 1, 3]
 116    7    19.577094   13.037179   19.577094    2.244575    0.00000000   0.0000   0.6480  7+[ 8, 1, 3]
 117    7    22.780111   16.240196   22.780111    2.378234    0.00000000   0.0000   0.7647  7+[ 8, 0, 4]
 118    7    24.289821   17.749906   24.289821    2.438694    0.00000000   0.0000   0.6434  7+[ 8, 1, 3]
 119    7    26.070384   19.530469   26.070384    2.508129    0.00000000   0.0000   0.7366  7+[ 8, 4, 4]
 120    7    27.610285   21.070370   27.610285    2.566664    0.00000000   0.0000   0.7330  7+[ 8, 5, 3]
 121    7    30.742793   24.202878   30.742793    2.681799    0.00000000   0.0000   0.6402  7+[ 8, 4, 4]
 122    8     0.897799   -5.642116    0.897799    1.197822    0.00000000   0.0000   0.7427  7-[ 5, 2, 3]
 123    8     1.965820   -8.505735   -1.965820    1.280939    1.00000000   0.0000   0.6096  7-[ 5, 0, 3]
 124    8     5.384654  -11.924569   -5.384654    1.516679    1.00000000   0.0000   0.5661  7-[ 5, 0, 3]
 125    8    11.795987    5.256072   11.795987    1.880717    0.00000000   0.0000   0.5675  7-[ 7, 1, 4]
 126    8    15.315259    8.775344   15.315259    2.053287    0.00000000   0.0000   0.7722  7-[ 7, 0, 3]
 127    8    16.921842   10.381927   16.921842    2.127417    0.00000000   0.0000   0.7002  7-[ 7, 1, 4]
 128    8    18.713446   12.173531   18.713446    2.207151    0.00000000   0.0000   0.6298  7-[ 7, 4, 3]
 129    8    19.096039  -25.635954  -19.096039    2.223807    1.00000000   0.0000   0.9119  7-[ 3, 0, 3]
 130    8    21.929824   15.389909   21.929824    2.343496    0.00000000   0.0000   0.6794  7-[ 7, 4, 3]
 131    9     1.146279   -5.393636    1.146279    1.217666    0.00000000   0.0000   0.5838  9+[ 6, 0, 4]
 132    9     4.425315   -2.114600    4.425315    1.454391    0.00000000   0.0000   0.6309  9+[ 6, 0, 4]
 133    9     8.095821    1.555906    8.095821    1.680272    0.00000000   0.0000   0.7316  9+[ 6, 1, 5]
 134    9    13.836036  -20.375951  -13.836036    1.982583    1.00000000   0.0000   0.9347  9+[ 4, 0, 4]
 135    9    18.814757   12.274842   18.814757    2.211574    0.00000000   0.0000   0.5630  9+[ 8, 2, 4]
 136    9    22.113004   15.573089   22.113004    2.351023    0.00000000   0.0000   0.7328  9+[ 8, 0, 4]
 137    9    23.676246   17.136331   23.676246    2.414305    0.00000000   0.0000   0.6218  9+[ 8, 1, 5]
 138    9    25.291626   18.751711   25.291626    2.478000    0.00000000   0.0000   0.6819  9+[ 8, 4, 4]
 139    9    29.222234   22.682319   29.222234    2.626541    0.00000000   0.0000   0.7057  9+[ 8, 3, 5]
 140   10     2.221530   -8.761445   -2.221530    1.300051    1.00000000   0.0000   0.8046  9-[ 5, 0, 5]
 141   10     6.432869  -12.972784   -6.432869    1.581936    1.00000000   0.0000   0.7936  9-[ 5, 1, 4]
 142   10    10.769395    4.229480   10.769395    1.827310    0.00000000   0.0000   0.7052  9-[ 7, 1, 4]
 143   10    14.837523    8.297608   14.837523    2.030721    0.00000000   0.0000   0.6623  9-[ 7, 0, 5]
 144   10    15.932973    9.393058   15.932973    2.082101    0.00000000   0.0000   0.6372  9-[ 7, 1, 4]
 145   10    19.545245   13.005330   19.545245    2.243206    0.00000000   0.0000   0.7145  9-[ 7, 2, 5]
 146   11     0.064123   -6.475792    0.064123    1.128697    0.00000000   0.0000   0.8461 11+[ 6, 1, 5]
 147   11     5.272224   -1.267691    5.272224    1.509512    0.00000000   0.0000   0.8536 11+[ 6, 0, 6]
 148   11    17.765961   11.226046   17.765961    2.165350    0.00000000   0.0000   0.7590 11+[ 8, 1, 5]
 149   11    21.391144   14.851229   21.391144    2.321219    0.00000000   0.0000   0.6142 11+[ 8, 0, 6]
 150   11    22.602499   16.062583   22.602499    2.371020    0.00000000   0.0000   0.6210 11+[ 8, 0, 6]
 151   11    26.991830   20.451915   26.991830    2.543317    0.00000000   0.0000   0.7556 11+[ 8, 2, 6]
 152   12     7.948619  -14.488534   -7.948619    1.671801    1.00000000   0.0000   0.9537 11-[ 5, 0, 5]
 153   12     9.336848    2.796933    9.336848    1.750062    0.00000000   0.0000   0.6425 11-[ 7, 2, 5]
 154   12    13.058716    6.518801   13.058716    1.944399    0.00000000   0.0000   0.8077 11-[ 7, 0, 5]
 155   12    16.671103   10.131188   16.671103    2.116019    0.00000000   0.0000   0.7827 11-[ 7, 1, 6]
 156   13     1.592028   -8.131943   -1.592028    1.252476    1.00000000   0.0000   0.9695 13+[ 6, 0, 6]
 157   13    16.445892    9.905977   16.445892    2.105728    0.00000000   0.0000   0.6109 13+[ 8, 0, 6]
 158   13    19.238649   12.698734   19.238649    2.229984    0.00000000   0.0000   0.7476 13+[ 8, 0, 6]
 159   13    24.464100   17.924185   24.464100    2.445577    0.00000000   0.0000   0.8245 13+[ 8, 1, 7]
 160   14     7.657776    1.117861    7.657776    1.654936    0.00000000   0.0000   0.8860 13-[ 7, 1, 6]
 161   14    13.771869    7.231953   13.771869    1.979459    0.00000000   0.0000   0.8860 13-[ 7, 0, 7]
 162   15    14.810270    8.270355   14.810270    2.029426    0.00000000   0.0000   0.9077 15+[ 8, 1, 7]
 163   15    21.787921   15.248006   21.787921    2.337648    0.00000000   0.0000   0.9077 15+[ 8, 0, 8]
 164   16     5.941359   -0.598557    5.941359    1.551679    0.00000000   0.0000   1.0000 15-[ 7, 0, 7]
 165   17    12.845692    6.305777   12.845692    1.933803    0.00000000   0.0000   1.0000 17+[ 8, 0, 8]
#all active are  165 q.p. states out of  165
#since the cut off is pwi=  60.0
#check: number of neutrons=  92.0


 #canonical s.p. energies neutrons
 ---------------------------------


  labels -> {2*omega}{parity}[nn=nz+2*nr+nl,nz,nl]
  cqpe   -> canonical q.p. energies
  ce     -> canonical s.p. energies
  fermi energy=  -6.5399150682850555     
  average cdelt=   1.5000815064615133E-022
  k0      ceqp        ce         v*v       u*v        cdel     overl      labels
   1    8.776107    8.776107   0.00000000   0.00000000  -0.0000   0.6944  1+[ 6, 5, 1]
   2   12.180469   12.180469   0.00000000   0.00000000  -0.0000   0.5935  1+[ 6, 5, 1]
   3    5.772532    5.772532   0.00000000   0.00000000  -0.0000   0.5843  1+[ 6, 2, 0]
   4    5.709004    5.709004   0.00000000   0.00000000  -0.0000   0.5953  1+[ 8, 0, 0]
   5   16.340417   16.340417   0.00000000   0.00000000  -0.0000   0.6684  1+[ 8, 7, 1]
   6   11.656377   11.656377   0.00000000   0.00000000  -0.0000   0.4979  1+[ 8, 2, 0]
   7   20.640842   20.640842   0.00000000   0.00000000  -0.0000   0.6226  1+[ 8, 5, 1]
   8   21.107317   21.107317   0.00000000   0.00000000  -0.0000   0.6027  1+[ 8, 5, 1]
   9   16.866902   16.866902   0.00000000   0.00000000  -0.0000   0.7975  1+[ 8, 1, 1]
  10   19.373057   19.373057   0.00000000   0.00000000  -0.0000   0.7978  1+[ 8, 4, 0]
  11   21.872822   21.872822   0.00000000   0.00000000  -0.0000   0.8715  1+[ 8, 6, 0]
  12   13.400912   13.400912   0.00000000   0.00000001  -0.0000   0.4669  1+[ 8, 7, 1]
  13   15.935731   15.935731   0.00000000   0.00000001  -0.0000   0.4938  1+[ 6, 6, 0]
  14    5.179498    5.179498   0.00000000   0.00000001  -0.0000   0.5387  1+[ 6, 1, 1]
  15   13.372554   13.372554   0.00000000   0.00000001  -0.0000   0.6399  1+[ 8, 8, 0]
  16   10.807318   10.807318   0.00000000   0.00000001  -0.0000   0.4814  1+[ 8, 8, 0]
  17   -5.768419   -5.768419   0.00000020   0.00044610  -0.0000   0.9305  1+[ 4, 4, 0]
  18   -0.988212  -12.091618   1.00000000   0.00000006  -0.0000   0.5605  1+[ 4, 2, 0]
  19    3.007600  -16.087430   1.00000000   0.00000004  -0.0000   0.6154  1+[ 4, 0, 0]
  20   22.533243  -35.613073   1.00000000   0.00000003  -0.0000   0.9868  1+[ 0, 0, 0]
  21    8.275473  -21.355303   1.00000000   0.00000003  -0.0000   0.8265  1+[ 2, 2, 0]
  22   16.752137  -29.831967   1.00000000   0.00000002  -0.0000   0.6611  1+[ 2, 0, 0]
  23   12.782225  -25.862055   1.00000000   0.00000000  -0.0000   0.6841  1+[ 2, 1, 1]
  24    3.712724  -16.792554   1.00000000   0.00000000  -0.0000   0.8296  1+[ 4, 1, 1]
  25   -0.919023  -12.160807   1.00000000   0.00000000  -0.0000   0.6342  1+[ 4, 3, 1]
  26    4.803330    4.803330   0.00000000   0.00000000  -0.0000   0.6431  1-[ 5, 3, 0]
  27   11.489338   11.489338   0.00000000   0.00000000  -0.0000   0.7471  1-[ 7, 6, 1]
  28   10.762176   10.762176   0.00000000   0.00000000  -0.0000   0.5572  1-[ 7, 0, 1]
  29    7.077076    7.077076   0.00000000   0.00000000  -0.0000   0.6209  1-[ 5, 5, 0]
  30    6.997087    6.997087   0.00000000   0.00000000  -0.0000   0.6131  1-[ 7, 0, 1]
  31   15.670909   15.670909   0.00000000   0.00000000  -0.0000   0.6726  1-[ 7, 5, 0]
  32   14.010933   14.010933   0.00000000   0.00000000  -0.0000   0.5983  1-[ 7, 4, 1]
  33   11.091055   11.091055   0.00000000   0.00000000  -0.0000   0.8340  1-[ 7, 2, 1]
  34   12.767317   12.767317   0.00000000   0.00000001  -0.0000   0.6253  1-[ 7, 7, 0]
  35   12.107463   12.107463   0.00000000   0.00000001  -0.0000   0.6442  1-[ 7, 5, 0]
  36    4.610847    4.610847   0.00000000   0.00000001  -0.0000   0.5412  1-[ 5, 4, 1]
  37   -5.105591   -5.105591   0.00000000   0.00000059  -0.0000   0.6000  1-[ 5, 2, 1]
  38   -6.475754   -6.604076   0.78299861   0.41220357  -0.0000   0.6708  1-[ 5, 0, 1]
  39   15.625147  -28.704977   1.00000000   0.00000005  -0.0000   0.8275  1-[ 1, 1, 0]
  40   11.339154  -24.418984   1.00000000   0.00000004  -0.0000   0.7875  1-[ 3, 1, 0]
  41    6.828030  -19.907860   1.00000000   0.00000003  -0.0000   0.5624  1-[ 3, 2, 1]
  42    1.873098  -14.952928   1.00000000   0.00000000  -0.0000   0.6765  1-[ 3, 3, 0]
  43   -1.107589  -11.972241   1.00000000   0.00000000  -0.0000   0.5799  1-[ 3, 3, 0]
  44   18.307804  -31.387634   1.00000000   0.00000000  -0.0000   0.9737  1-[ 1, 0, 1]
  45    9.490500  -22.570330   1.00000000   0.00000000  -0.0000   0.7828  1-[ 3, 0, 1]
  46   18.092244   18.092244   0.00000000   0.00000000  -0.0000   0.7627  3+[ 8, 6, 2]
  47    8.637984    8.637984   0.00000000   0.00000000  -0.0000   0.6505  3+[ 6, 2, 2]
  48   18.849460   18.849460   0.00000000   0.00000000  -0.0000   0.8294  3+[ 8, 7, 1]
  49    8.682607    8.682607   0.00000000   0.00000000  -0.0000   0.6162  3+[ 6, 3, 1]
  50    8.775608    8.775608   0.00000000   0.00000000  -0.0000   0.6024  3+[ 8, 0, 2]
  51   17.361649   17.361649   0.00000000   0.00000000  -0.0000   0.7997  3+[ 8, 5, 1]
  52   19.274529   19.274529   0.00000000   0.00000000  -0.0000   0.5081  3+[ 8, 2, 2]
  53   16.360309   16.360309   0.00000000   0.00000000  -0.0000   0.6833  3+[ 8, 2, 2]
  54   21.034299   21.034299   0.00000000   0.00000000  -0.0000   0.9004  3+[ 8, 4, 2]
  55   18.314248   18.314248   0.00000000   0.00000000  -0.0000   0.6443  3+[ 8, 3, 1]
  56    8.729181    8.729181   0.00000000   0.00000000  -0.0000   0.6741  3+[ 8, 1, 1]
  57    9.952264    9.952264   0.00000000   0.00000002  -0.0000   0.5939  3+[ 6, 5, 1]
  58    8.380742    8.380742   0.00000000   0.00000002  -0.0000   0.7379  3+[ 6, 4, 2]
  59    0.857167    0.857167   0.00000000   0.00000003  -0.0000   0.8070  3+[ 6, 0, 2]
  60    2.008080  -15.087910   1.00000000   0.00000005  -0.0000   0.8177  3+[ 4, 1, 1]
  61    1.034093  -14.113923   1.00000000   0.00000003  -0.0000   0.6749  3+[ 4, 2, 2]
  62   11.380726  -24.460556   1.00000000   0.00000002  -0.0000   0.6239  3+[ 2, 1, 1]
  63    3.884049  -16.963879   1.00000000   0.00000000  -0.0000   0.6544  3+[ 4, 3, 1]
  64   11.668711  -24.748541   1.00000000   0.00000000  -0.0000   0.6309  3+[ 2, 1, 1]
  65    1.065343  -14.145173   1.00000000   0.00000000  -0.0000   0.6271  3+[ 4, 0, 2]
  66    7.474645    7.474645   0.00000000   0.00000000  -0.0000   0.7432  3-[ 7, 0, 1]
  67    9.163351    9.163351   0.00000000   0.00000000  -0.0000   0.4569  3-[ 7, 5, 2]
  68    9.771942    9.771942   0.00000000   0.00000000  -0.0000   0.6236  3-[ 7, 5, 2]
  69    6.598237    6.598237   0.00000000   0.00000000  -0.0000   0.5447  3-[ 7, 1, 2]
  70   12.825222   12.825222   0.00000000   0.00000000  -0.0000   0.7743  3-[ 7, 4, 1]
  71   14.210862   14.210862   0.00000000   0.00000000  -0.0000   0.6006  3-[ 7, 1, 2]
  72   12.725792   12.725792   0.00000000   0.00000001  -0.0000   0.8043  3-[ 7, 3, 2]
  73    0.193258    0.193258   0.00000000   0.00000001  -0.0000   0.6035  3-[ 5, 4, 1]
  74   16.501288   16.501288   0.00000000   0.00000002  -0.0000   0.8837  3-[ 7, 6, 1]
  75   -4.957641   -4.957641   0.00000000   0.00000013  -0.0000   0.6163  3-[ 5, 2, 1]
  76   -6.090628   -6.989202   0.99987483   0.01118709  -0.0000   0.6316  3-[ 5, 0, 1]
  77    9.582920  -22.662750   1.00000000   0.00000003  -0.0000   0.7619  3-[ 3, 2, 1]
  78   14.702651  -27.782481   1.00000000   0.00000000  -0.0000   0.6266  3-[ 1, 0, 1]
  79   10.755659  -23.835489   1.00000000   0.00000000  -0.0000   0.7405  3-[ 1, 0, 1]
  80    4.146179  -17.226009   1.00000000   0.00000000  -0.0000   0.5671  3-[ 5, 0, 1]
  81    3.991956  -17.071786   1.00000000   0.00000000  -0.0000   0.7278  3-[ 3, 1, 2]
  82    2.230369    2.230369   0.00000000   0.00000000  -0.0000   0.8181  5+[ 6, 1, 3]
  83   11.264964   11.264964   0.00000000   0.00000000  -0.0000   0.7675  5+[ 6, 4, 2]
  84   10.125256   10.125256   0.00000000   0.00000000  -0.0000   0.6587  5+[ 6, 3, 3]
  85   15.092941   15.092941   0.00000000   0.00000000  -0.0000   0.4452  5+[ 8, 5, 3]
  86   15.359909   15.359909   0.00000000   0.00000000  -0.0000   0.7224  5+[ 8, 1, 3]
  87   18.060174   18.060174   0.00000000   0.00000000  -0.0000   0.6180  5+[ 8, 1, 3]
  88   18.068178   18.068178   0.00000000   0.00000000  -0.0000   0.7321  5+[ 8, 4, 2]
  89   13.814952   13.814952   0.00000000   0.00000000  -0.0000   0.5386  5+[ 8, 2, 2]
  90    8.635962    8.635962   0.00000000   0.00000001  -0.0000   0.5673  5+[ 6, 2, 2]
  91   12.818455   12.818455   0.00000000   0.00000001  -0.0000   0.5979  5+[ 8, 0, 2]
  92   22.147191   22.147191   0.00000000   0.00000001  -0.0000   0.9561  5+[ 8, 6, 2]
  93   -0.387058   -0.387058   0.00000000   0.00000002  -0.0000   0.7461  5+[ 6, 0, 2]
  94    2.421905  -15.501735   1.00000000   0.00000002  -0.0000   0.7645  5+[ 4, 2, 2]
  95    0.951383  -14.031213   1.00000000   0.00000000  -0.0000   0.6450  5+[ 4, 1, 3]
  96   14.585489  -27.665319   1.00000000   0.00000000  -0.0000   0.9906  5+[ 2, 0, 2]
  97    5.663934  -18.743764   1.00000000   0.00000000  -0.0000   0.7492  5+[ 4, 0, 2]
  98    9.096695    9.096695   0.00000000   0.00000000  -0.0000   0.8103  5-[ 7, 0, 3]
  99   11.918503   11.918503   0.00000000   0.00000000  -0.0000   0.8290  5-[ 7, 4, 3]
 100   10.338252   10.338252   0.00000000   0.00000000  -0.0000   0.6556  5-[ 7, 3, 2]
 101    9.820503    9.820503   0.00000000   0.00000000  -0.0000   0.7147  5-[ 7, 1, 2]
 102    9.684649    9.684649   0.00000000   0.00000000  -0.0000   0.6448  5-[ 7, 3, 2]
 103   13.209895   13.209895   0.00000000   0.00000001  -0.0000   0.7417  5-[ 7, 5, 2]
 104    4.904952    4.904952   0.00000000   0.00000002  -0.0000   0.6565  5-[ 5, 3, 2]
 105   -5.524528   -5.524528   0.00000000   0.00003893  -0.0000   0.7079  5-[ 5, 2, 3]
 106   -5.919485   -7.160345   0.99999592   0.00202071  -0.0000   0.7385  5-[ 5, 0, 3]
 107    8.355530  -21.435360   1.00000000   0.00000004  -0.0000   0.7534  5-[ 3, 1, 2]
 108   -0.067554  -13.012276   1.00000000   0.00000002  -0.0000   0.5932  5-[ 3, 1, 2]
 109   10.156807  -23.236638   1.00000000   0.00000000  -0.0000   0.9316  5-[ 3, 0, 3]
 110    3.638614    3.638614   0.00000000   0.00000000  -0.0000   0.8220  7+[ 6, 3, 3]
 111    3.661631    3.661631   0.00000000   0.00000000  -0.0000   0.7939  7+[ 6, 2, 4]
 112   17.531331   17.531331   0.00000000   0.00000000  -0.0000   0.8278  7+[ 8, 2, 4]
 113   19.445194   19.445194   0.00000000   0.00000000  -0.0000   0.8367  7+[ 8, 4, 4]
 114   13.642713   13.642713   0.00000000   0.00000000  -0.0000   0.8984  7+[ 8, 1, 3]
 115   13.911695   13.911695   0.00000000   0.00000000  -0.0000   0.9353  7+[ 8, 0, 4]
 116   20.752764   20.752764   0.00000000   0.00000000  -0.0000   0.8699  7+[ 8, 5, 3]
 117   18.053601   18.053601   0.00000000   0.00000000  -0.0000   0.7987  7+[ 8, 3, 3]
 118    0.380501    0.380501   0.00000000   0.00000001  -0.0000   0.5855  7+[ 6, 1, 3]
 119    1.697975    1.697975   0.00000000   0.00000001  -0.0000   0.9294  7+[ 6, 0, 4]
 120    4.605559  -17.685389   1.00000000   0.00000000  -0.0000   0.9501  7+[ 4, 1, 3]
 121    4.096155  -17.175986   1.00000000   0.00000000  -0.0000   0.9584  7+[ 4, 0, 4]
 122   12.518339   12.518339   0.00000000   0.00000000  -0.0000   0.9571  7-[ 7, 3, 4]
 123    7.145053    7.145053   0.00000000   0.00000000  -0.0000   0.8930  7-[ 7, 1, 4]
 124   11.461793   11.461793   0.00000000   0.00000001  -0.0000   0.6191  7-[ 7, 2, 3]
 125    9.255170    9.255170   0.00000000   0.00000001  -0.0000   0.8316  7-[ 7, 0, 3]
 126   11.596429   11.596429   0.00000000   0.00000002  -0.0000   0.7256  7-[ 7, 4, 3]
 127   -5.642116   -5.642116   0.00000002   0.00012616  -0.0000   0.7427  7-[ 5, 2, 3]
 128   -2.167002  -10.912829   1.00000000   0.00000003  -0.0000   0.7271  7-[ 5, 1, 4]
 129   11.663003  -24.742834   1.00000000   0.00000001  -0.0000   0.8859  7-[ 3, 0, 3]
 130   -2.669234  -10.410596   1.00000000   0.00000000  -0.0000   0.8472  7-[ 5, 0, 3]
 131    2.889505    2.889505   0.00000000   0.00000000  -0.0000   0.7190  9+[ 6, 0, 4]
 132   15.733904   15.733904   0.00000000   0.00000000  -0.0000   0.9747  9+[ 8, 2, 4]
 133   15.828696   15.828696   0.00000000   0.00000000  -0.0000   0.6447  9+[ 8, 0, 4]
 134   18.535818   18.535818   0.00000000   0.00000000  -0.0000   0.8973  9+[ 8, 3, 5]
 135   11.070018   11.070018   0.00000000   0.00000000  -0.0000   0.6069  9+[ 8, 1, 5]
 136   18.764585   18.764585   0.00000000   0.00000000  -0.0000   0.9143  9+[ 8, 4, 4]
 137    3.037071    3.037071   0.00000000   0.00000000  -0.0000   0.8150  9+[ 6, 1, 5]
 138   -5.393636   -5.393636   0.00000000   0.00001051  -0.0000   0.5838  9+[ 6, 0, 4]
 139    7.296121  -20.375951   1.00000000   0.00000002  -0.0000   0.9347  9+[ 4, 0, 4]
 140    9.184921    9.184921   0.00000000   0.00000000  -0.0000   0.8578  9-[ 7, 0, 5]
 141    5.706524    5.706524   0.00000000   0.00000000  -0.0000   0.6971  9-[ 7, 1, 4]
 142    9.742325    9.742325   0.00000000   0.00000000  -0.0000   0.8223  9-[ 7, 3, 4]
 143   10.291706   10.291706   0.00000000   0.00000001  -0.0000   0.9898  9-[ 7, 2, 5]
 144   -2.682392  -10.397438   1.00000000   0.00000001  -0.0000   0.9697  9-[ 5, 0, 5]
 145   -1.743039  -11.336791   1.00000000   0.00000000  -0.0000   0.9603  9-[ 5, 1, 4]
 146    0.580703    0.580703   0.00000000   0.00000000  -0.0000   0.8548 11+[ 6, 0, 6]
 147   15.201502   15.201502   0.00000000   0.00000000  -0.0000   0.8726 11+[ 8, 0, 6]
 148   16.967198   16.967198   0.00000000   0.00000000  -0.0000   0.9905 11+[ 8, 3, 5]
 149   17.657164   17.657164   0.00000000   0.00000000  -0.0000   0.9998 11+[ 8, 2, 6]
 150   10.917514   10.917514   0.00000000   0.00000000  -0.0000   0.8039 11+[ 8, 1, 5]
 151   -6.475792   -6.475792   0.21713042   0.41229213  -0.0000   0.8461 11+[ 6, 1, 5]
 152    5.829642    5.829642   0.00000000   0.00000000  -0.0000   0.9409 11-[ 7, 0, 5]
 153    6.502401    6.502401   0.00000000   0.00000000  -0.0000   0.9979 11-[ 7, 2, 5]
 154    7.114879    7.114879   0.00000000   0.00000000  -0.0000   0.9892 11-[ 7, 1, 6]
 155    1.408704  -14.488534   1.00000000   0.00000000  -0.0000   0.9537 11-[ 5, 0, 5]
 156   15.964817   15.964817   0.00000000   0.00000000  -0.0000   0.7334 13+[ 8, 1, 7]
 157   11.455530   11.455530   0.00000000   0.00000000  -0.0000   0.9423 13+[ 8, 2, 6]
 158   13.108549   13.108549   0.00000000   0.00000000  -0.0000   0.7495 13+[ 8, 0, 6]
 159   -4.947888   -8.131943   1.00000000   0.00000012  -0.0000   0.9695 13+[ 6, 0, 6]
 160    2.432737    2.432737   0.00000000   0.00000000  -0.0000   1.0000 13-[ 7, 1, 6]
 161    5.917078    5.917078   0.00000000   0.00000000  -0.0000   1.0000 13-[ 7, 0, 7]
 162    9.498565    9.498565   0.00000000   0.00000000  -0.0000   1.0000 15+[ 8, 1, 7]
 163   14.019796   14.019796   0.00000000   0.00000000  -0.0000   1.0000 15+[ 8, 0, 8]
 164   -0.598557   -0.598557   0.00000000   0.00000000  -0.0000   1.0000 15-[ 7, 0, 7]
 165    6.305777    6.305777   0.00000000   0.00000000  -0.0000   1.0000 17+[ 8, 0, 8]
  Sum canonical e_v*V^2_k=  -1683.6371487398180     


 #quasiparticle energies protons 
 --------------------------------
  eqp(k) -> q.p. energy 
  e(k)   -> referent s.p. energy 
  p(k)   -> occ.probability 
  del(k) -> referent s.p. gap 
  fermi energy alast=  -7.1603390101962816     
  #k  block#    eqp(k)     e(k)       (1-2N)E      decay        p(k)        del(k)    overl      labels
   1    1     0.507672   -6.652667    0.507672    1.216225    0.00000000   0.0000   0.7688  1+[ 4, 2, 0]
   2    1     2.080694   -9.241033   -2.080694    1.335158    1.00000000   0.0000   0.5843  1+[ 4, 1, 1]
   3    1     4.051663   -3.108676    4.051663    1.470666    0.00000000   0.0000   0.9104  1+[ 4, 3, 1]
   4    1     5.049040  -12.209379   -5.049040    1.534685    1.00000000   0.0000   0.5140  1+[ 4, 0, 0]
   5    1     8.894768    1.734429    8.894768    1.759864    0.00000000   0.0000   0.9482  1+[ 4, 4, 0]
   6    1    10.329258    3.168919   10.329258    1.836802    0.00000000   0.0000   0.5122  1+[ 6, 1, 1]
   7    1    11.899134  -19.059473  -11.899134    1.917467    1.00000000   0.0000   0.9223  1+[ 2, 2, 0]
   8    1    14.858702    7.698363   14.858702    2.060970    0.00000000   0.0000   0.6019  1+[ 6, 0, 0]
   9    1    15.635971  -22.796310  -15.635971    2.097030    1.00000000   0.0000   0.8642  1+[ 2, 1, 1]
  10    1    16.593239    9.432900   16.593239    2.140607    0.00000000   0.0000   0.5576  1+[ 6, 2, 0]
  11    1    17.740632  -24.900971  -17.740632    2.191697    1.00000000   0.0000   0.7026  1+[ 2, 0, 0]
  12    1    19.635192   12.474853   19.635192    2.273545    0.00000000   0.0000   0.7357  1+[ 6, 3, 1]
  13    1    22.857297   15.696958   22.857297    2.406360    0.00000000   0.0000   0.8416  1+[ 6, 4, 0]
  14    1    25.705820   18.545481   25.705820    2.517949    0.00000000   0.0000   0.8966  1+[ 6, 5, 1]
  15    1    27.275288  -34.435627  -27.275288    2.577368    1.00000000   0.0000   0.8939  1+[ 0, 0, 0]
  16    1    27.679028   20.518689   27.679028    2.592433    0.00000000   0.0000   0.9151  1+[ 6, 6, 0]
  17    1    29.852134   22.691795   29.852134    2.672062    0.00000000   0.0000   0.5532  1+[ 8, 2, 0]
  18    1    34.534376   27.374037   34.534376    2.836044    0.00000000   0.0000   0.8141  1+[ 8, 0, 0]
  19    1    35.416002   28.255663   35.416002    2.865871    0.00000000   0.0000   0.7722  1+[ 8, 1, 1]
  20    1    36.995544   29.835205   36.995544    2.918547    0.00000000   0.0000   0.6340  1+[ 8, 2, 0]
  21    1    38.710591   31.550252   38.710591    2.974686    0.00000000   0.0000   0.6281  1+[ 8, 4, 0]
  22    1    39.869517   32.709178   39.869517    3.012030    0.00000000   0.0000   0.6152  1+[ 8, 7, 1]
  23    1    40.372921   33.212582   40.372921    3.028107    0.00000000   0.0000   0.6264  1+[ 8, 7, 1]
  24    1    41.274095   34.113756   41.274095    3.056677    0.00000000   0.0000   0.9157  1+[ 8, 8, 0]
  25    1    42.965984   35.805645   42.965984    3.109606    0.00000000   0.0000   0.5910  1+[ 8, 6, 0]
  26    2     2.004246   -9.164585   -2.004246    1.329624    1.00000000   0.0000   0.9343  1-[ 3, 3, 0]
  27    2     2.223132   -4.937207    2.223132    1.345409    0.00000000   0.0000   0.4910  1-[ 5, 0, 1]
  28    2     5.384749   -1.775590    5.384749    1.555641    0.00000000   0.0000   0.5962  1-[ 5, 0, 1]
  29    2     6.043640  -13.203979   -6.043640    1.595970    1.00000000   0.0000   0.8822  1-[ 3, 2, 1]
  30    2     8.371839    1.211500    8.371839    1.730966    0.00000000   0.0000   0.7128  1-[ 5, 2, 1]
  31    2     9.114475  -16.274814   -9.114475    1.771864    1.00000000   0.0000   0.7052  1-[ 3, 1, 0]
  32    2    11.662560  -18.822899  -11.662560    1.905530    1.00000000   0.0000   0.6177  1-[ 3, 0, 1]
  33    2    12.009448    4.849109   12.009448    1.923008    0.00000000   0.0000   0.8178  1-[ 5, 3, 0]
  34    2    15.836478    8.676139   15.836478    2.106232    0.00000000   0.0000   0.9235  1-[ 5, 4, 1]
  35    2    20.030798   12.870459   20.030798    2.290267    0.00000000   0.0000   0.9357  1-[ 5, 5, 0]
  36    2    20.785834  -27.946173  -20.785834    2.321847    1.00000000   0.0000   0.9287  1-[ 1, 1, 0]
  37    2    21.171833   14.011494   21.171833    2.337827    0.00000000   0.0000   0.5538  1-[ 7, 2, 1]
  38    2    23.358546  -30.518885  -23.358546    2.426368    1.00000000   0.0000   0.8803  1-[ 1, 0, 1]
  39    2    26.733666   19.573327   26.733666    2.557018    0.00000000   0.0000   0.6060  1-[ 7, 0, 1]
  40    2    27.672023   20.511684   27.672023    2.592172    0.00000000   0.0000   0.5486  1-[ 7, 0, 1]
  41    2    29.422465   22.262126   29.422465    2.656507    0.00000000   0.0000   0.5930  1-[ 7, 3, 0]
  42    2    31.783337   24.622998   31.783337    2.740886    0.00000000   0.0000   0.7602  1-[ 7, 4, 1]
  43    2    33.613593   26.453254   33.613593    2.804553    0.00000000   0.0000   0.7575  1-[ 7, 5, 0]
  44    2    34.596496   27.436157   34.596496    2.838156    0.00000000   0.0000   0.7290  1-[ 7, 7, 0]
  45    2    35.706556   28.546217   35.706556    2.875633    0.00000000   0.0000   0.6646  1-[ 7, 7, 0]
  46    3     0.216840   -6.943499    0.216840    1.192937    0.00000000   0.0000   0.8320  3+[ 4, 2, 2]
  47    3     2.332075   -9.492414   -2.332075    1.353196    1.00000000   0.0000   0.5820  3+[ 4, 1, 1]
  48    3     3.858031   -3.302308    3.858031    1.457911    0.00000000   0.0000   0.9028  3+[ 4, 3, 1]
  49    3     5.308682  -12.469021   -5.308682    1.550917    1.00000000   0.0000   0.5512  3+[ 4, 0, 2]
  50    3    10.066132    2.905793   10.066132    1.822932    0.00000000   0.0000   0.5318  3+[ 6, 1, 1]
  51    3    14.007533    6.847194   14.007533    2.020743    0.00000000   0.0000   0.6925  3+[ 6, 0, 2]
  52    3    16.000211  -23.160550  -16.000211    2.113717    1.00000000   0.0000   0.8807  3+[ 2, 1, 1]
  53    3    16.207375    9.047036   16.207375    2.123149    0.00000000   0.0000   0.6204  3+[ 6, 2, 2]
  54    3    18.480513  -25.640852  -18.480513    2.224020    1.00000000   0.0000   0.8550  3+[ 2, 0, 2]
  55    3    19.500413   12.340074   19.500413    2.267820    0.00000000   0.0000   0.7483  3+[ 6, 3, 1]
  56    3    22.744854   15.584515   22.744854    2.401849    0.00000000   0.0000   0.8760  3+[ 6, 4, 2]
  57    3    25.660741   18.500402   25.660741    2.516221    0.00000000   0.0000   0.9081  3+[ 6, 5, 1]
  58    3    29.649732   22.489393   29.649732    2.664746    0.00000000   0.0000   0.5305  3+[ 8, 2, 2]
  59    3    33.671219   26.510880   33.671219    2.806535    0.00000000   0.0000   0.8564  3+[ 8, 0, 2]
  60    3    35.235222   28.074882   35.235222    2.859780    0.00000000   0.0000   0.7614  3+[ 8, 1, 1]
  61    3    36.407530   29.247191   36.407530    2.899049    0.00000000   0.0000   0.6006  3+[ 8, 2, 2]
  62    3    38.358111   31.197772   38.358111    2.963235    0.00000000   0.0000   0.6247  3+[ 8, 4, 2]
  63    3    39.597383   32.437044   39.597383    3.003303    0.00000000   0.0000   0.6719  3+[ 8, 6, 2]
  64    3    39.998086   32.837747   39.998086    3.016144    0.00000000   0.0000   0.8440  3+[ 8, 7, 1]
  65    3    42.459835   35.299496   42.459835    3.093866    0.00000000   0.0000   0.5750  3+[ 8, 5, 1]
  66    4     1.990202   -5.170137    1.990202    1.328605    0.00000000   0.0000   0.5140  3-[ 5, 0, 1]
  67    4     5.164126   -1.996213    5.164126    1.541901    0.00000000   0.0000   0.5554  3-[ 5, 0, 1]
  68    4     6.326345  -13.486684   -6.326345    1.612965    1.00000000   0.0000   0.8809  3-[ 3, 2, 1]
  69    4     8.022123    0.861784    8.022123    1.711368    0.00000000   0.0000   0.6772  3-[ 5, 2, 1]
  70    4     9.586629  -16.746968   -9.586629    1.797383    1.00000000   0.0000   0.7885  3-[ 3, 1, 2]
  71    4    11.309190    4.148851   11.309190    1.887558    0.00000000   0.0000   0.8831  3-[ 5, 3, 2]
  72    4    12.035577  -19.195916  -12.035577    1.924318    1.00000000   0.0000   0.6196  3-[ 3, 0, 1]
  73    4    15.643659    8.483320   15.643659    2.097384    0.00000000   0.0000   0.9272  3-[ 5, 4, 1]
  74    4    20.871219   13.710880   20.871219    2.325391    0.00000000   0.0000   0.5745  3-[ 7, 2, 1]
  75    4    23.576108  -30.736447  -23.576108    2.435002    1.00000000   0.0000   0.8789  3-[ 1, 0, 1]
  76    4    26.343468   19.183129   26.343468    2.542257    0.00000000   0.0000   0.6967  3-[ 7, 1, 2]
  77    4    27.259768   20.099429   27.259768    2.576787    0.00000000   0.0000   0.6484  3-[ 7, 0, 1]
  78    4    28.958137   21.797798   28.958137    2.639594    0.00000000   0.0000   0.6272  3-[ 7, 3, 2]
  79    4    31.469329   24.308990   31.469329    2.729813    0.00000000   0.0000   0.7884  3-[ 7, 4, 1]
  80    4    33.077771   25.917432   33.077771    2.786065    0.00000000   0.0000   0.8089  3-[ 7, 5, 2]
  81    4    34.953458   27.793119   34.953458    2.850261    0.00000000   0.0000   0.8396  3-[ 7, 6, 1]
  82    5     0.217409   -7.377748   -0.217409    1.192983    1.00000000   0.0000   0.8281  5+[ 4, 2, 2]
  83    5     3.114447  -10.274786   -3.114447    1.407858    1.00000000   0.0000   0.6962  5+[ 4, 1, 3]
  84    5     6.034855  -13.195194   -6.034855    1.595439    1.00000000   0.0000   0.5857  5+[ 4, 0, 2]
  85    5     9.539308    2.378969    9.539308    1.794841    0.00000000   0.0000   0.5223  5+[ 6, 1, 3]
  86    5    13.616451    6.456112   13.616451    2.001989    0.00000000   0.0000   0.6434  5+[ 6, 0, 2]
  87    5    15.617800    8.457461   15.617800    2.096194    0.00000000   0.0000   0.5856  5+[ 6, 2, 2]
  88    5    18.857913   11.697574   18.857913    2.240327    0.00000000   0.0000   0.8338  5+[ 6, 3, 3]
  89    5    19.131612  -26.291951  -19.131612    2.252080    1.00000000   0.0000   0.8850  5+[ 2, 0, 2]
  90    5    22.453444   15.293105   22.453444    2.390118    0.00000000   0.0000   0.8899  5+[ 6, 4, 2]
  91    5    29.175666   22.015327   29.175666    2.647531    0.00000000   0.0000   0.5682  5+[ 8, 2, 2]
  92    5    33.354324   26.193985   33.354324    2.795623    0.00000000   0.0000   0.8459  5+[ 8, 0, 2]
  93    5    34.523551   27.363212   34.523551    2.835676    0.00000000   0.0000   0.7810  5+[ 8, 1, 3]
  94    5    36.077815   28.917476   36.077815    2.888059    0.00000000   0.0000   0.6197  5+[ 8, 2, 2]
  95    5    38.016562   30.856223   38.016562    2.952097    0.00000000   0.0000   0.6906  5+[ 8, 4, 2]
  96    5    38.988346   31.828007   38.988346    2.983679    0.00000000   0.0000   0.7304  5+[ 8, 6, 2]
  97    5    41.513905   34.353566   41.513905    3.064235    0.00000000   0.0000   0.6285  5+[ 8, 6, 2]
  98    6     1.430006   -5.730333    1.430006    1.287294    0.00000000   0.0000   0.5501  5-[ 5, 1, 2]
  99    6     4.742402   -2.417937    4.742402    1.515291    0.00000000   0.0000   0.6521  5-[ 5, 0, 3]
 100    6     7.367922    0.207583    7.367922    1.674092    0.00000000   0.0000   0.7965  5-[ 5, 2, 3]
 101    6    10.331485  -17.491824  -10.331485    1.836919    1.00000000   0.0000   0.8046  5-[ 3, 1, 2]
 102    6    10.820770    3.660431   10.820770    1.862433    0.00000000   0.0000   0.8772  5-[ 5, 3, 2]
 103    6    12.930535  -20.090874  -12.930535    1.968665    1.00000000   0.0000   0.7921  5-[ 3, 0, 3]
 104    6    20.283121   13.122782   20.283121    2.300869    0.00000000   0.0000   0.5593  5-[ 7, 1, 2]
 105    6    25.338937   18.178598   25.338937    2.503856    0.00000000   0.0000   0.7719  5-[ 7, 0, 3]
 106    6    26.364687   19.204348   26.364687    2.543062    0.00000000   0.0000   0.5968  5-[ 7, 1, 2]
 107    6    28.976317   21.815978   28.976317    2.640258    0.00000000   0.0000   0.6986  5-[ 7, 3, 2]
 108    6    30.933123   23.772784   30.933123    2.710801    0.00000000   0.0000   0.8196  5-[ 7, 4, 3]
 109    6    33.315773   26.155434   33.315773    2.794292    0.00000000   0.0000   0.8948  5-[ 7, 5, 2]
 110    7     3.911162  -11.071501   -3.911162    1.461422    1.00000000   0.0000   0.6975  7+[ 4, 1, 3]
 111    7     6.950316  -14.110655   -6.950316    1.649856    1.00000000   0.0000   0.6925  7+[ 4, 0, 4]
 112    7     8.591694    1.431355    8.591694    1.743174    0.00000000   0.0000   0.6043  7+[ 6, 1, 3]
 113    7    12.213046    5.052707   12.213046    1.933193    0.00000000   0.0000   0.7454  7+[ 6, 0, 4]
 114    7    14.779808    7.619469   14.779808    2.057274    0.00000000   0.0000   0.7387  7+[ 6, 2, 4]
 115    7    18.109574   10.949235   18.109574    2.207874    0.00000000   0.0000   0.8362  7+[ 6, 3, 3]
 116    7    28.310077   21.149738   28.310077    2.615806    0.00000000   0.0000   0.5638  7+[ 8, 1, 3]
 117    7    33.461718   26.301379   33.461718    2.799325    0.00000000   0.0000   0.8063  7+[ 8, 0, 4]
 118    7    33.888012   26.727673   33.888012    2.813975    0.00000000   0.0000   0.7518  7+[ 8, 1, 3]
 119    7    35.980530   28.820191   35.980530    2.884808    0.00000000   0.0000   0.6625  7+[ 8, 2, 4]
 120    7    37.319024   30.158685   37.319024    2.929218    0.00000000   0.0000   0.6970  7+[ 8, 4, 4]
 121    7    40.056113   32.895774   40.056113    3.017999    0.00000000   0.0000   0.7563  7+[ 8, 5, 3]
 122    8     0.484338   -6.676001    0.484338    1.214373    0.00000000   0.0000   0.6127  7-[ 5, 0, 3]
 123    8     3.789500   -3.370839    3.789500    1.453370    0.00000000   0.0000   0.6331  7-[ 5, 1, 4]
 124    8     6.866091   -0.294248    6.866091    1.644925    0.00000000   0.0000   0.7787  7-[ 5, 2, 3]
 125    8    14.065756  -21.226095  -14.065756    2.023520    1.00000000   0.0000   0.9012  7-[ 3, 0, 3]
 126    8    19.240071   12.079732   19.240071    2.256720    0.00000000   0.0000   0.5875  7-[ 7, 2, 3]
 127    8    24.626438   17.466099   24.626438    2.476257    0.00000000   0.0000   0.6980  7-[ 7, 1, 4]
 128    8    25.410961   18.250622   25.410961    2.506628    0.00000000   0.0000   0.5309  7-[ 7, 0, 3]
 129    8    28.100401   20.940062   28.100401    2.608063    0.00000000   0.0000   0.7217  7-[ 7, 3, 4]
 130    8    30.789447   23.629108   30.789447    2.705684    0.00000000   0.0000   0.8982  7-[ 7, 4, 3]
 131    9     7.535061    0.374722    7.535061    1.683694    0.00000000   0.0000   0.6044  9+[ 6, 0, 4]
 132    9     8.487965  -15.648304   -8.487965    1.737425    1.00000000   0.0000   0.9192  9+[ 4, 0, 4]
 133    9    11.036271    3.875932   11.036271    1.873560    0.00000000   0.0000   0.5975  9+[ 6, 0, 4]
 134    9    14.314748    7.154409   14.314748    2.035354    0.00000000   0.0000   0.7120  9+[ 6, 2, 4]
 135    9    27.070725   19.910386   27.070725    2.569701    0.00000000   0.0000   0.6313  9+[ 8, 2, 4]
 136    9    32.690969   25.530630   32.690969    2.772641    0.00000000   0.0000   0.7291  9+[ 8, 1, 5]
 137    9    33.007947   25.847608   33.007947    2.783646    0.00000000   0.0000   0.6323  9+[ 8, 0, 4]
 138    9    35.089841   27.929502   35.089841    2.854872    0.00000000   0.0000   0.6289  9+[ 8, 3, 5]
 139    9    37.854729   30.694390   37.854729    2.946805    0.00000000   0.0000   0.8142  9+[ 8, 4, 4]
 140   10     0.415643   -7.575982   -0.415643    1.208904    1.00000000   0.0000   0.7257  9-[ 5, 1, 4]
 141   10     3.236095   -3.924244    3.236095    1.416168    0.00000000   0.0000   0.7334  9-[ 5, 0, 5]
 142   10    17.902074   10.741734   17.902074    2.198791    0.00000000   0.0000   0.6608  9-[ 7, 1, 4]
 143   10    21.849541   14.689202   21.849541    2.365622    0.00000000   0.0000   0.8385  9-[ 7, 0, 5]
 144   10    23.898316   16.737977   23.898316    2.447731    0.00000000   0.0000   0.6477  9-[ 7, 2, 5]
 145   10    26.944774   19.784435   26.944774    2.564969    0.00000000   0.0000   0.8281  9-[ 7, 3, 4]
 146   11     6.402393   -0.757946    6.402393    1.617506    0.00000000   0.0000   0.7975 11+[ 6, 1, 5]
 147   11    10.785233    3.624894   10.785233    1.860592    0.00000000   0.0000   0.8008 11+[ 6, 0, 6]
 148   11    25.670593   18.510254   25.670593    2.516599    0.00000000   0.0000   0.6932 11+[ 8, 1, 5]
 149   11    29.863698   22.703359   29.863698    2.672479    0.00000000   0.0000   0.8467 11+[ 8, 0, 6]
 150   11    31.655330   24.494991   31.655330    2.736377    0.00000000   0.0000   0.6458 11+[ 8, 1, 5]
 151   11    34.721367   27.561028   34.721367    2.842396    0.00000000   0.0000   0.7719 11+[ 8, 3, 5]
 152   12     2.365154   -9.525493   -2.365154    1.355552    1.00000000   0.0000   0.9389 11-[ 5, 0, 5]
 153   12    16.467123    9.306784   16.467123    2.134917    0.00000000   0.0000   0.6073 11-[ 7, 2, 5]
 154   12    20.351333   13.190994   20.351333    2.303727    0.00000000   0.0000   0.7797 11-[ 7, 0, 5]
 155   12    23.274083   16.113744   23.274083    2.423009    0.00000000   0.0000   0.7254 11-[ 7, 1, 6]
 156   13     4.238301   -2.922038    4.238301    1.482856    0.00000000   0.0000   0.9570 13+[ 6, 0, 6]
 157   13    24.124770   16.964431   24.124770    2.456639    0.00000000   0.0000   0.6210 13+[ 8, 2, 6]
 158   13    28.012757   20.852418   28.012757    2.604820    0.00000000   0.0000   0.7903 13+[ 8, 0, 6]
 159   13    31.284329   24.123990   31.284329    2.723269    0.00000000   0.0000   0.7651 13+[ 8, 1, 7]
 160   14    14.625788    7.465449   14.625788    2.050040    0.00000000   0.0000   0.8572 13-[ 7, 1, 6]
 161   14    19.797717   12.637378   19.797717    2.280430    0.00000000   0.0000   0.8572 13-[ 7, 0, 7]
 162   15    22.022620   14.862281   22.022620    2.372669    0.00000000   0.0000   0.8831 15+[ 8, 1, 7]
 163   15    27.851134   20.690795   27.851134    2.598828    0.00000000   0.0000   0.8831 15+[ 8, 0, 8]
 164   16    12.516601    5.356262   12.516601    1.948279    0.00000000   0.0000   1.0000 15-[ 7, 0, 7]
 165   17    19.551710   12.391371   19.551710    2.270001    0.00000000   0.0000   1.0000 17+[ 8, 0, 8]
#all active are  165 q.p. states out of  165
#since the cut off is pwi=  60.0
#check: number of protons =  64.0


 #canonical s.p. energies protons 
 ---------------------------------


  labels -> {2*omega}{parity}[nn=nz+2*nr+nl,nz,nl]
  cqpe   -> canonical q.p. energies
  ce     -> canonical s.p. energies
  fermi energy=  -7.1603390101962816     
  average cdelt=   3.2482217191695976E-022
  k0      ceqp        ce         v*v       u*v        cdel     overl      labels
   1   23.653365   23.653365   0.00000000   0.00000000  -0.0000   0.7956  1+[ 8, 7, 1]
   2    4.191479    4.191479   0.00000000   0.00000000  -0.0000   0.8058  1+[ 4, 4, 0]
   3   11.219122   11.219122   0.00000000   0.00000000  -0.0000   0.6169  1+[ 4, 3, 1]
   4   18.939021   18.939021   0.00000000   0.00000000  -0.0000   0.6620  1+[ 6, 4, 0]
   5   17.241046   17.241046   0.00000000   0.00000000  -0.0000   0.5837  1+[ 6, 2, 0]
   6   22.434826   22.434826   0.00000000   0.00000000  -0.0000   0.5786  1+[ 6, 6, 0]
   7   24.155773   24.155773   0.00000000   0.00000000  -0.0000   0.8391  1+[ 8, 3, 1]
   8   24.276309   24.276309   0.00000000   0.00000000  -0.0000   0.8197  1+[ 8, 0, 0]
   9   25.908149   25.908149   0.00000000   0.00000000  -0.0000   0.8322  1+[ 8, 1, 1]
  10   30.270547   30.270547   0.00000000   0.00000000  -0.0000   0.8193  1+[ 8, 5, 1]
  11   23.922573   23.922573   0.00000000   0.00000000  -0.0000   0.8351  1+[ 8, 2, 0]
  12   24.470381   24.470381   0.00000000   0.00000000  -0.0000   0.5300  1+[ 6, 3, 1]
  13   25.124557   25.124557   0.00000000   0.00000000  -0.0000   0.7187  1+[ 8, 6, 0]
  14   23.645394   23.645394   0.00000000   0.00000000  -0.0000   0.6133  1+[ 8, 4, 0]
  15   12.789425   12.789425   0.00000000   0.00000001  -0.0000   0.5076  1+[ 6, 1, 1]
  16   25.069322   25.069322   0.00000000   0.00000001  -0.0000   0.7767  1+[ 8, 8, 0]
  17   15.947134   15.947134   0.00000000   0.00000002  -0.0000   0.8036  1+[ 6, 5, 1]
  18    8.451604    8.451604   0.00000000   0.00000002  -0.0000   0.5179  1+[ 6, 0, 0]
  19   -6.652667   -6.652667   0.00003894   0.00624012  -0.0000   0.7688  1+[ 4, 2, 0]
  20   -0.868625  -13.452053   1.00000000   0.00000004  -0.0000   0.7646  1+[ 4, 1, 1]
  21   16.038638  -30.359316   1.00000000   0.00000003  -0.0000   0.9172  1+[ 0, 0, 0]
  22    6.758787  -21.079465   1.00000000   0.00000003  -0.0000   0.7967  1+[ 2, 1, 1]
  23    5.099225  -19.419903   1.00000000   0.00000001  -0.0000   0.7774  1+[ 2, 2, 0]
  24   -0.051121  -14.269557   1.00000000   0.00000000  -0.0000   0.5941  1+[ 2, 0, 0]
  25    9.741819  -24.062497   1.00000000   0.00000000  -0.0000   0.6954  1+[ 2, 0, 0]
  26   12.294336   12.294336   0.00000000   0.00000000  -0.0000   0.4849  1-[ 5, 0, 1]
  27    6.863207    6.863207   0.00000000   0.00000000  -0.0000   0.7269  1-[ 5, 3, 0]
  28   14.865648   14.865648   0.00000000   0.00000000  -0.0000   0.5232  1-[ 5, 2, 1]
  29   17.670708   17.670708   0.00000000   0.00000000  -0.0000   0.4802  1-[ 7, 5, 0]
  30   23.050495   23.050495   0.00000000   0.00000000  -0.0000   0.7918  1-[ 7, 5, 0]
  31   15.846947   15.846947   0.00000000   0.00000000  -0.0000   0.7289  1-[ 7, 1, 0]
  32   20.561260   20.561260   0.00000000   0.00000000  -0.0000   0.7105  1-[ 7, 3, 0]
  33   22.336305   22.336305   0.00000000   0.00000000  -0.0000   0.8948  1-[ 7, 4, 1]
  34   12.799337   12.799337   0.00000000   0.00000000  -0.0000   0.4832  1-[ 7, 2, 1]
  35   16.694113   16.694113   0.00000000   0.00000001  -0.0000   0.4665  1-[ 7, 2, 1]
  36   18.313467   18.313467   0.00000000   0.00000001  -0.0000   0.6443  1-[ 7, 6, 1]
  37    0.261912    0.261912   0.00000000   0.00000001  -0.0000   0.6328  1-[ 5, 0, 1]
  38    6.342691    6.342691   0.00000000   0.00000002  -0.0000   0.6970  1-[ 5, 1, 0]
  39   16.411239   16.411239   0.00000000   0.00000002  -0.0000   0.6075  1-[ 7, 7, 0]
  40    2.890808  -17.211486   1.00000000   0.00000005  -0.0000   0.7111  1-[ 3, 2, 1]
  41    2.091872  -16.412550   1.00000000   0.00000002  -0.0000   0.8320  1-[ 3, 1, 0]
  42   15.674982  -29.995660   1.00000000   0.00000000  -0.0000   0.8837  1-[ 1, 0, 1]
  43    4.352793  -18.673471   1.00000000   0.00000000  -0.0000   0.6592  1-[ 3, 0, 1]
  44   -0.843747  -13.476931   1.00000000   0.00000000  -0.0000   0.7835  1-[ 3, 3, 0]
  45    5.840559  -20.161237   1.00000000   0.00000000  -0.0000   0.5979  1-[ 1, 1, 0]
  46   20.843908   20.843908   0.00000000   0.00000000  -0.0000   0.8539  3+[ 6, 5, 1]
  47    5.204067    5.204067   0.00000000   0.00000000  -0.0000   0.6987  3+[ 4, 3, 1]
  48   24.717272   24.717272   0.00000000   0.00000000  -0.0000   0.7928  3+[ 8, 7, 1]
  49   11.519342   11.519342   0.00000000   0.00000000  -0.0000   0.4822  3+[ 6, 0, 2]
  50   17.054943   17.054943   0.00000000   0.00000000  -0.0000   0.6932  3+[ 6, 1, 1]
  51   16.101553   16.101553   0.00000000   0.00000000  -0.0000   0.5546  3+[ 6, 2, 2]
  52   26.909762   26.909762   0.00000000   0.00000000  -0.0000   0.6063  3+[ 8, 2, 2]
  53   25.631359   25.631359   0.00000000   0.00000000  -0.0000   0.7327  3+[ 8, 1, 1]
  54   29.002003   29.002003   0.00000000   0.00000000  -0.0000   0.9395  3+[ 8, 5, 1]
  55   25.002444   25.002444   0.00000000   0.00000000  -0.0000   0.6329  3+[ 8, 1, 1]
  56   14.125152   14.125152   0.00000000   0.00000000  -0.0000   0.7331  3+[ 6, 3, 1]
  57   24.395839   24.395839   0.00000000   0.00000000  -0.0000   0.6535  3+[ 8, 3, 1]
  58   18.369915   18.369915   0.00000000   0.00000000  -0.0000   0.6904  3+[ 6, 4, 2]
  59   26.310876   26.310876   0.00000000   0.00000001  -0.0000   0.7963  3+[ 8, 6, 2]
  60   14.828676   14.828676   0.00000000   0.00000002  -0.0000   0.5447  3+[ 6, 2, 2]
  61   -6.943499   -6.943499   0.01290940   0.11288379  -0.0000   0.8320  3+[ 4, 2, 2]
  62    8.642328  -22.963006   1.00000000   0.00000004  -0.0000   0.9387  3+[ 2, 0, 2]
  63    1.762734  -16.083412   1.00000000   0.00000003  -0.0000   0.6282  3+[ 4, 0, 2]
  64    5.399222  -19.719900   1.00000000   0.00000001  -0.0000   0.7686  3+[ 2, 1, 1]
  65   -2.324159  -11.996519   1.00000000   0.00000000  -0.0000   0.5719  3+[ 2, 1, 1]
  66    8.545141    8.545141   0.00000000   0.00000000  -0.0000   0.8552  3-[ 5, 4, 1]
  67   -2.748672   -2.748672   0.00000000   0.00000000  -0.0000   0.6706  3-[ 5, 0, 1]
  68   25.752570   25.752570   0.00000000   0.00000000  -0.0000   0.9712  3-[ 7, 6, 1]
  69    7.737198    7.737198   0.00000000   0.00000000  -0.0000   0.6484  3-[ 5, 2, 1]
  70    9.668707    9.668707   0.00000000   0.00000000  -0.0000   0.6183  3-[ 7, 0, 1]
  71   21.732178   21.732178   0.00000000   0.00000000  -0.0000   0.7010  3-[ 7, 5, 2]
  72   19.231982   19.231982   0.00000000   0.00000000  -0.0000   0.6409  3-[ 7, 3, 2]
  73   22.006104   22.006104   0.00000000   0.00000000  -0.0000   0.6533  3-[ 7, 4, 1]
  74   20.526265   20.526265   0.00000000   0.00000000  -0.0000   0.6086  3-[ 7, 4, 1]
  75   16.675345   16.675345   0.00000000   0.00000000  -0.0000   0.8558  3-[ 7, 2, 1]
  76    8.922551    8.922551   0.00000000   0.00000001  -0.0000   0.6535  3-[ 5, 3, 2]
  77    1.089011    1.089011   0.00000000   0.00000001  -0.0000   0.7058  3-[ 5, 1, 2]
  78    4.798313  -19.118991   1.00000000   0.00000004  -0.0000   0.8578  3-[ 3, 1, 2]
  79    2.745941  -17.066619   1.00000000   0.00000002  -0.0000   0.6025  3-[ 1, 0, 1]
  80   14.241903  -28.562581   1.00000000   0.00000000  -0.0000   0.6883  3-[ 1, 0, 1]
  81    1.097146  -15.417824   1.00000000   0.00000000  -0.0000   0.8376  3-[ 3, 2, 1]
  82   13.622650   13.622650   0.00000000   0.00000000  -0.0000   0.6942  5+[ 6, 4, 2]
  83   23.012285   23.012285   0.00000000   0.00000000  -0.0000   0.8046  5+[ 8, 5, 3]
  84   23.164011   23.164011   0.00000000   0.00000000  -0.0000   0.5180  5+[ 8, 0, 2]
  85   20.953344   20.953344   0.00000000   0.00000000  -0.0000   0.6559  5+[ 8, 4, 2]
  86   23.768203   23.768203   0.00000000   0.00000000  -0.0000   0.7549  5+[ 8, 3, 3]
  87   24.953163   24.953163   0.00000000   0.00000000  -0.0000   0.8152  5+[ 8, 1, 3]
  88   27.118711   27.118711   0.00000000   0.00000000  -0.0000   0.5255  5+[ 8, 2, 2]
  89   28.383114   28.383114   0.00000000   0.00000000  -0.0000   0.7558  5+[ 8, 6, 2]
  90   18.013200   18.013200   0.00000000   0.00000000  -0.0000   0.7052  5+[ 8, 0, 2]
  91   20.353326   20.353326   0.00000000   0.00000001  -0.0000   0.6354  5+[ 6, 3, 3]
  92   14.395737   14.395737   0.00000000   0.00000001  -0.0000   0.5883  5+[ 6, 4, 2]
  93    8.073272    8.073272   0.00000000   0.00000002  -0.0000   0.8052  5+[ 6, 0, 2]
  94   -6.942930   -7.377748   0.98723484   0.11225955  -0.0000   0.8281  5+[ 4, 2, 2]
  95    0.796529  -15.117207   1.00000000   0.00000003  -0.0000   0.8046  5+[ 4, 0, 2]
  96   -1.662970  -12.657708   1.00000000   0.00000000  -0.0000   0.7342  5+[ 4, 1, 3]
  97    7.666338  -21.987016   1.00000000   0.00000000  -0.0000   0.9684  5+[ 2, 0, 2]
  98    4.523558    4.523558   0.00000000   0.00000000  -0.0000   0.7854  5-[ 5, 2, 3]
  99    9.814023    9.814023   0.00000000   0.00000000  -0.0000   0.6673  5-[ 7, 0, 3]
 100   15.303862   15.303862   0.00000000   0.00000000  -0.0000   0.8093  5-[ 7, 1, 2]
 101   20.193094   20.193094   0.00000000   0.00000000  -0.0000   0.6009  5-[ 7, 5, 2]
 102   19.238601   19.238601   0.00000000   0.00000000  -0.0000   0.6140  5-[ 7, 3, 2]
 103   21.815483   21.815483   0.00000000   0.00000000  -0.0000   0.6745  5-[ 7, 2, 3]
 104   21.779422   21.779422   0.00000000   0.00000000  -0.0000   0.6434  5-[ 7, 3, 2]
 105    9.510651    9.510651   0.00000000   0.00000000  -0.0000   0.6773  5-[ 5, 3, 2]
 106    1.521306    1.521306   0.00000000   0.00000001  -0.0000   0.7554  5-[ 5, 0, 3]
 107   -5.730332   -5.730332   0.00000000   0.00000062  -0.0000   0.5501  5-[ 5, 1, 2]
 108    5.062840  -19.383518   1.00000000   0.00000000  -0.0000   0.9284  5-[ 3, 0, 3]
 109    3.878501  -18.199179   1.00000000   0.00000000  -0.0000   0.9327  5-[ 3, 1, 2]
 110    5.276223    5.276223   0.00000000   0.00000000  -0.0000   0.7311  7+[ 6, 2, 4]
 111    7.932377    7.932377   0.00000000   0.00000000  -0.0000   0.7499  7+[ 6, 0, 4]
 112   22.842151   22.842151   0.00000000   0.00000000  -0.0000   0.5821  7+[ 8, 2, 4]
 113   30.429147   30.429147   0.00000000   0.00000000  -0.0000   0.8481  7+[ 8, 5, 3]
 114   25.904323   25.904323   0.00000000   0.00000000  -0.0000   0.6273  7+[ 8, 2, 4]
 115   20.543373   20.543373   0.00000000   0.00000000  -0.0000   0.8908  7+[ 8, 1, 3]
 116   24.775604   24.775604   0.00000000   0.00000000  -0.0000   0.7472  7+[ 8, 4, 4]
 117   19.895415   19.895415   0.00000000   0.00000000  -0.0000   0.7039  7+[ 6, 3, 3]
 118   23.338099   23.338099   0.00000000   0.00000000  -0.0000   0.8464  7+[ 8, 3, 3]
 119   10.169494   10.169494   0.00000000   0.00000001  -0.0000   0.7016  7+[ 6, 1, 3]
 120   -1.465882  -12.854796   1.00000000   0.00000005  -0.0000   0.9315  7+[ 4, 1, 3]
 121   -1.993318  -12.327360   1.00000000   0.00000000  -0.0000   0.9369  7+[ 4, 0, 4]
 122    0.732815    0.732815   0.00000000   0.00000000  -0.0000   0.6289  7-[ 5, 0, 3]
 123   20.431386   20.431386   0.00000000   0.00000000  -0.0000   0.7830  7-[ 7, 4, 3]
 124   13.231576   13.231576   0.00000000   0.00000000  -0.0000   0.8869  7-[ 7, 1, 4]
 125   20.270780   20.270780   0.00000000   0.00000000  -0.0000   0.9464  7-[ 7, 3, 4]
 126   16.986263   16.986263   0.00000000   0.00000000  -0.0000   0.8493  7-[ 7, 2, 3]
 127   10.588376   10.588376   0.00000000   0.00000000  -0.0000   0.7320  7-[ 7, 0, 3]
 128    6.459338    6.459338   0.00000000   0.00000000  -0.0000   0.6278  7-[ 5, 1, 4]
 129   -6.676001   -6.676001   0.00006210   0.00787989  -0.0000   0.6127  7-[ 5, 0, 3]
 130    6.905417  -21.226095   1.00000000   0.00000000  -0.0000   0.9012  7-[ 3, 0, 3]
 131    5.244258    5.244258   0.00000000   0.00000000  -0.0000   0.9821  9+[ 6, 1, 5]
 132   27.242877   27.242877   0.00000000   0.00000000  -0.0000   0.7927  9+[ 8, 2, 4]
 133   24.488933   24.488933   0.00000000   0.00000000  -0.0000   0.7854  9+[ 8, 3, 5]
 134   25.350401   25.350401   0.00000000   0.00000000  -0.0000   0.7792  9+[ 8, 1, 5]
 135    7.420262    7.420262   0.00000000   0.00000000  -0.0000   0.9878  9+[ 6, 2, 4]
 136   25.067670   25.067670   0.00000000   0.00000000  -0.0000   0.6882  9+[ 8, 4, 4]
 137   22.157435   22.157435   0.00000000   0.00000000  -0.0000   0.8347  9+[ 8, 0, 4]
 138    4.345740    4.345740   0.00000000   0.00000001  -0.0000   0.8972  9+[ 6, 0, 4]
 139    1.327626  -15.648304   1.00000000   0.00000002  -0.0000   0.9192  9+[ 4, 0, 4]
 140   -0.915860   -0.915860   0.00000000   0.00000000  -0.0000   0.7346  9-[ 5, 0, 5]
 141   12.319087   12.319087   0.00000000   0.00000000  -0.0000   0.6883  9-[ 7, 1, 4]
 142   16.641157   16.641157   0.00000000   0.00000000  -0.0000   0.9985  9-[ 7, 2, 5]
 143   17.098424   17.098424   0.00000000   0.00000000  -0.0000   0.7503  9-[ 7, 3, 4]
 144   12.886296   12.886296   0.00000000   0.00000000  -0.0000   0.9289  9-[ 7, 0, 5]
 145   -6.744696   -7.575982   0.99975472   0.01565958  -0.0000   0.7257  9-[ 5, 1, 4]
 146   23.121838   23.121838   0.00000000   0.00000000  -0.0000   0.6764 11+[ 8, 3, 5]
 147   18.813747   18.813747   0.00000000   0.00000000  -0.0000   0.9518 11+[ 8, 1, 5]
 148    9.694373    9.694373   0.00000000   0.00000000  -0.0000   0.8401 11+[ 6, 0, 6]
 149    8.072323    8.072323   0.00000000   0.00000000  -0.0000   0.8840 11+[ 6, 1, 5]
 150   17.490392   17.490392   0.00000000   0.00000000  -0.0000   0.5080 11+[ 8, 3, 5]
 151   18.943907   18.943907   0.00000000   0.00000000  -0.0000   0.8578 11+[ 8, 0, 6]
 152   11.924102   11.924102   0.00000000   0.00000000  -0.0000   0.9368 11-[ 7, 0, 5]
 153   13.719798   13.719798   0.00000000   0.00000000  -0.0000   0.9977 11-[ 7, 1, 6]
 154   12.967622   12.967622   0.00000000   0.00000000  -0.0000   0.9968 11-[ 7, 2, 5]
 155   -4.795185   -9.525493   1.00000000   0.00000002  -0.0000   0.9389 11-[ 5, 0, 5]
 156   19.701120   19.701120   0.00000000   0.00000000  -0.0000   0.9559 13+[ 8, 1, 7]
 157   21.250684   21.250684   0.00000000   0.00000000  -0.0000   0.8379 13+[ 8, 2, 6]
 158    7.755692    7.755692   0.00000000   0.00000000  -0.0000   0.8658 13+[ 6, 0, 6]
 159   10.311304   10.311304   0.00000000   0.00000000  -0.0000   0.8320 13+[ 8, 0, 6]
 160    8.837131    8.837131   0.00000000   0.00000000  -0.0000   1.0000 13-[ 7, 1, 6]
 161   11.265695   11.265695   0.00000000   0.00000000  -0.0000   1.0000 13-[ 7, 0, 7]
 162   16.145814   16.145814   0.00000000   0.00000000  -0.0000   1.0000 15+[ 8, 1, 7]
 163   19.407262   19.407262   0.00000000   0.00000000  -0.0000   1.0000 15+[ 8, 0, 8]
 164    5.356262    5.356262   0.00000000   0.00000000  -0.0000   1.0000 15-[ 7, 0, 7]
 165   12.391371   12.391371   0.00000000   0.00000000  -0.0000   1.0000 17+[ 8, 0, 8]
  Sum canonical e_v*V^2_k=  -1126.7553174677616     

  NB! From expect (UNPROJECTED RESULTS)

  pairing: CpV0,CpV1,...           0.100000       0.100000       1.000000       1.000000
  forces:   UNE1                          


                             neutrons         protons         total
  Requested part.numbs.      92.000000      64.000000     156.000000
  UnPj(av) part.numbs .      92.000000      64.000000     156.000000
  b0, bz, bp ..........       2.130153       2.136882       2.126796

  lambda (ala) ........      -6.539915      -7.160339
  Lambda (alast) ......      -6.539915      -7.160339
  delta(n,p), pwi .....       0.000000       0.000000      60.000000
  pairing energy ......       0.000000       0.000000       0.000000

  rms-radius ..........       5.247335       5.135989       5.201943
  charge-radius, r0 ...                      5.197921       6.459855
  deformation beta2....      -0.287219      -0.304680      -0.294202
  dipole moment[fm] ...       0.000000       0.000000       0.000000
  quadrupole moment[b]       -9.178851      -6.489069     -15.667920
  octupole moment .....       0.000000       0.000000       0.000000
  hexadecapole moment .       0.337887       0.255837       0.593724
  q5 ..................       0.000000       0.000000       0.000000
  q6 ..................      -0.022804      -0.020718      -0.043522
  q7 ..................       0.000000       0.000000       0.000000
  q8 ..................      -0.008432      -0.004017      -0.012450

  <r^0> [fm^0] ........            1.000000            1.000000            1.000000
  <r^2> [fm^2] ........           27.534527           26.378380           27.060210
  <r^4> [fm^4] ........         1003.554256          910.786975          965.495885
  <r^6> [fm^6] ........        43619.677137        37364.234372        41053.341644
  <r^8> [fm^8] ........      2161277.017730      1747465.640283      1991508.247495

  kinetic energy ......    1799.547401    1047.896901    2847.444301
  volume energy .......                                 -4742.633463
        rho_tau .......                                  -128.815746
        rho_rho .......                                 -4613.817717
  surface energy ......                                   159.731533
   rho_DELTA_rho ......                                   159.731533
   (NABLA_rho)^2 ......                                     0.000000
  spin-orbit energy ...                                   -44.971836
        rho_NABLA_J ...                                   -44.971836
        NABLA_rho_J ...                                     0.000000
  coulomb energy ......                                   519.282278
          direct ......                                   543.600146
          exchange ....                                   -24.317868
  tensor energy .......                                     0.000000
  direct Hartree E  ...                                     0.000000
  Extra E .............                                     0.000000
  External field E ....                                     0.000000
  Entropy .............       2.095293       0.281428       2.376721

  tEnergy: ehfb (qp)...                                 -1261.147187

  Calculated but not added corrections 
====================================
  cmc-diagonal part ...       0.000000       0.000000      -0.000000
  cmc-hfb .............       0.000000       0.000000       0.000000
  cranking rot corr ...       0.000000       0.000000       0.000000

  SQUJ ................       0.000000       0.000000       0.000000
  CRAN x 4 ............       0.000000       0.000000       0.000000
  Rigit Body ..........       0.000000       0.000000       0.000000


   Blocking candidates are:
   neutron eqpmin=   6.4161358429949189E-002  pwiblo=   2.0016019225635890     
    num=   1 block=   2 state=   1    26 Eqp=   0.06416136  (1-2N)E=  -0.06416136  Ovlp=   0.67083453  1-[ 5, 0, 1]
    num=   2 block=  11 state=   1   146 Eqp=   0.06412340  (1-2N)E=   0.06412340  Ovlp=   0.84613082 11+[ 6, 1, 5]
    num=   3 block=   4 state=   1    66 Eqp=   0.44928693  (1-2N)E=  -0.44928693  Ovlp=   0.63161286  3-[ 5, 0, 1]
    num=   4 block=   6 state=   1    98 Eqp=   0.62043003  (1-2N)E=  -0.62043003  Ovlp=   0.73849327  5-[ 5, 0, 3]
    num=   5 block=   1 state=   1     1 Eqp=   0.77149641  (1-2N)E=   0.77149641  Ovlp=   0.93054850  1+[ 4, 4, 0]
    num=   6 block=   8 state=   1   122 Eqp=   0.89779892  (1-2N)E=   0.89779892  Ovlp=   0.74270065  7-[ 5, 2, 3]
    num=   7 block=   6 state=   2    99 Eqp=   1.01538674  (1-2N)E=   1.01538674  Ovlp=   0.70785549  5-[ 5, 2, 3]
    num=   8 block=   9 state=   1   131 Eqp=   1.14627858  (1-2N)E=   1.14627858  Ovlp=   0.58376930  9+[ 6, 0, 4]
    num=   9 block=   2 state=   2    27 Eqp=   1.43432308  (1-2N)E=   1.43432308  Ovlp=   0.60007379  1-[ 5, 2, 1]
    num=  10 block=   4 state=   2    67 Eqp=   1.58210949  (1-2N)E=   1.58210949  Ovlp=   0.61592029  3-[ 5, 2, 1]
    num=  11 block=  13 state=   1   156 Eqp=   1.59202755  (1-2N)E=  -1.59202755  Ovlp=   0.96947404 13+[ 6, 0, 6]
    num=  12 block=   1 state=   2     2 Eqp=   1.89557608  (1-2N)E=  -1.89557608  Ovlp=   0.86688584  1+[ 4, 3, 1]
    num=  13 block=   8 state=   2   123 Eqp=   1.96581975  (1-2N)E=  -1.96581975  Ovlp=   0.60962526  7-[ 5, 0, 3]
    num=  14 block=   3 state=   1    46 Eqp=   1.98890878  (1-2N)E=  -1.98890878  Ovlp=   0.88727688  3+[ 4, 3, 1]

   Blocking candidates are:
   proton  eqpmin=  0.21740943025729820       pwiblo=   2.0016019225635890     
    num=   1 block=   5 state=   1    82 Eqp=   0.21740943  (1-2N)E=  -0.21740943  Ovlp=   0.82811865  5+[ 4, 2, 2]
    num=   2 block=   3 state=   1    46 Eqp=   0.21684030  (1-2N)E=   0.21684030  Ovlp=   0.83195126  3+[ 4, 2, 2]
    num=   3 block=  10 state=   1   140 Eqp=   0.41564268  (1-2N)E=  -0.41564268  Ovlp=   0.72566374  9-[ 5, 1, 4]
    num=   4 block=   8 state=   1   122 Eqp=   0.48433796  (1-2N)E=   0.48433796  Ovlp=   0.61270409  7-[ 5, 0, 3]
    num=   5 block=   1 state=   1     1 Eqp=   0.50767165  (1-2N)E=   0.50767165  Ovlp=   0.76877811  1+[ 4, 2, 0]
    num=   6 block=   6 state=   1    98 Eqp=   1.43000639  (1-2N)E=   1.43000639  Ovlp=   0.55013582  5-[ 5, 1, 2]
    num=   7 block=   4 state=   1    66 Eqp=   1.99020164  (1-2N)E=   1.99020164  Ovlp=   0.51396983  3-[ 5, 0, 1]
    num=   8 block=   2 state=   1    26 Eqp=   2.00424637  (1-2N)E=  -2.00424637  Ovlp=   0.93426757  1-[ 3, 3, 0]
    num=   9 block=   1 state=   2     2 Eqp=   2.08069373  (1-2N)E=  -2.08069373  Ovlp=   0.58427078  1+[ 4, 1, 1]


