
  =======================================
           FORTRAN 95 CODE (KIND= 8) 
               Version: 200d  
  =======================================
       AXIALLY DEFORMED CONFIGURATIONAL  
     HARTREE-FOCK-BOGOLIUBOV CALCULATIONS
                     WITH                
            UNEDF AND DELTA PAIRING      
                     USING               
             HARMONIC-OSCILLATOR         
                   AND/OR                
       TRANSFORMED HARMONIC-OSCILLATOR   
                    BASIS                
                     ---                 
               v1.66  (2005):,           
   Stoitsov,Dobaczewski,Nazarewicz,Ring, 
               v2.00d (2012):,           
         Stoitsov,Schunck,Kortelainen    
  =======================================
    Nucleus: GD (A= 156, N= 92, Z= 64)
       Reflection Symmetry Imposed       
            (10/14/2022,  6: 0)                               
  =======================================


  ---------------------------------------
           UNEDF Module Version:17
         M.Kortelainen & M.Stoitsov 
  ---------------------------------------

  UNE1 functional
  ----------------------------------
  Crho(0)=   -768.311980332479493    ; Crho(1)=    309.238800214558353    
  CDrho(0)=   898.838964988581097    ; CDrho(1)=  -220.274186358445434    
  Ctau(0)=   -6.27369609333734957    ; Ctau(1)=   -38.9454444056013642    
  CrDr(0)=   -43.4049407748834142    ; CrDr(1)=   -124.311420280246480    
  CrdJ(0)=   -70.4094241932080536    ; CrdJ(1)=   -29.5664283288176293    
  CJ(0)=      0.00000000000000000    ; CJ(1)=      0.00000000000000000    
  CpV0(0)=   0.100000000000000006    ; CpV0(1)=   0.100000000000000006    
  CpV1(0)=    1.00000000000000000    ; CpV1(1)=    1.00000000000000000    
  sigma=     0.279980715947111547    ; hbzero=     20.7355300000000007    
  e^2 chrg=   1.43997840859651305    ; CExPar=     1.00000000000000000    
  c.m. correction: F, chr. density in direct Coul: F
  use tensor terms: F
  use TMR pairing:  0

  Coupling constants in natural units
  -----------------------------------
  Crho_nu(0)=  -0.865211426924278659    ; Crho_nu(1)=   0.348239973400137959    
  CDrho_nu(0)=  0.946977532950814882    ; CDrho_nu(1)= -0.232071276052344594    
  Ctau_nu(0)=  -0.889303553966763194E-01; Ctau_nu(1)=  -0.552056102263191462    
  CrDr_nu(0)=  -0.615269970310069358    ; CrDr_nu(1)=   -1.76212851577690577    
  CrdJ_nu(0)=  -0.998061592978191525    ; CrdJ_nu(1)=  -0.419107483048864471    
  CJ_nu(0)=      0.00000000000000000    ; CJ_nu(1)=      0.00000000000000000    
  CpV0_nu(0)=   0.112611992142809880E-03; CpV0_nu(1)=   0.112611992142809880E-03
  CpV1_nu(0)=   0.887702254206059068E-03; CpV1_nu(1)=   0.887702254206059068E-03
  fpi_nu=        93.0000000000000000    ; Lambda_nu=     700.000000000000000    

  Nuclear matter properties
  ----------------------------------
      E_NM=     -15.8000000000000291      K_NM=     220.0000000000005116
      P_NM=       0.0000000000000005    RHO_NM=       0.1585631476355934
    ASS_NM=      28.8927856283197571   LASS_NM=      33.9657509236970441
  SMASS_NM=       0.9520254847660660  VMASS_NM=       1.2498385742322704

  Associated (t,x)-coupling constants
  -----------------------------------
  t0=      -2048.83194755327850    ; x0=       0.103736779063509421    
  t1=       223.128089341595057    ; x1=       -4.60795644840355134    
  t2=       1380.96423639471232    ; x2=       -1.38935252362650030    
  t3=       14381.4234398172975    ; x3=      -0.132402140530405554    
  b4=       40.8429958643904243    ; b4p=       59.1328566576352586    
  te=      -410.464681202762051    ; to=       -178.897451792138526    
  sigma=   0.279980715947111547    ; hbzero=    20.7355300000000007    

  ---------------------------------------
        Characteristics of the run       
  ---------------------------------------
  Output file ................:     7
  Nucleus ....................:   GD 156
  Number of HO shells ........:     8
  HO length b0 (fm) ..........:     2.13015292605643
  Basis deformation ..........:  beta0=   0.010 q=   1.010
  HO: b0,1/b0,bp,bz,q ........:   0.21301529E+01  0.46944986E+00  0.21267964E+01  0.21368819E+01  0.10095067E+01
  h**2/(2m), cmc, e**2 .......:   0.20735530E+02  0.20735530E+02  0.14399784E+01
  hom=f*41.0_pr*A^{-1/3}, f...:   0.91395238E+01  0.12000000E+01
  THO basis is ...............:  OFF
  Maximal number of iterations:   400
  Initial mixing parameter ...:  0.300
  Initial w.f. ...............:  from   spherical scratch
  Skyrme functional ..........:    UNE1                          
    with direct and exchange Coulomb
  Lipkin-Nogami procedure is .:  OFF
  PAV procedure is ...........:  OFF
  Constraint calculation is ..:   ON
    Constraint 1 .............: lambda=2 Ql=  21.694
  Temperature T ..............:   0.05 MeV
  Restart indicator ..........:   1
  Broyden mixing (#iterations):   7

  ---------------------------------------
        Harmonic Oscillator Basis        
  ---------------------------------------
  NUV, NQP:                        2501     165
  Comparison with bookkeeping spherical basis:
  n00:                                8       8  Maximal number of shells
  nbx, 2*n00+1:                      17      17  Maximal number of K-blocks
  ntx, (n00+1)*(n00+2)*(n00+3)/6    165     165  Max.num. p/n levels
  nzx, n00:                           8       8  Maximal nz-quantum number
  nrx, n00/2  :                       4       4  Maximal nr-quantum number
  nlx, n00:                           8       8  Maximal ml-quantum number
  ndx, (n00+2)*(n00+2)/4:            25      25  Maximal dim. of one k-block

  Actual basis used
  Number of blocks: nb .......:   17
  Number of levels: nt .......:  165
  Maximal 2*omega : nom ......:   17
  Maximal nz:       nzm ......:    8
  Maximal nr:       nrm ......:    4
  Maximal ml:       nlm ......:    8
  Maximal N=nz+2*nr+nl .......:    8
  2 x biggest block dim. .....:   50
  Non-zero elements of h .....:     1333
  Number of Broyden elements .:     5332

  ---------------------------------------
            Integration Meshes           
  ---------------------------------------
  Number of Gauss-Hermite mesh points ngh ....:  40
  Number of Gauss-Laguerre mesh points ngl ...:  40
  Number of Gauss-Legendre mesh points nleg ..:  80
  Integration boundaries
    Hermite  - from xh(1)  =  0.12379686 to xh(ngh)   = 11.88786356
    Laguerre - From xl(1)  =  0.03570039 to xl(ngl)   =142.28004447
    Legendre - From xleg(1)=  0.00978669 to xleg(nleg)=  0.99988775
  Max.dev.in:     Orthogonality            Normalization
  Hermite     1.5248282503475657E-015   1.0991207943789050E-014
  Laguerre    4.2896485016951012E-015   8.9928064994637680E-015

  Scratch initialization for the nucleus: GD  92  64


  Initial potentials of Saxon-Woods shape 
  v0ws   =  -71.27999878
  kappa  =    0.46160001
  vs0    =   11.11750031   11.11750031
  r0     =    1.23339999    1.23339999
  a      =    0.61500001    0.61500001
  r0-so  =    1.14429998    1.14429998
  a-so   =    0.64760000    0.64760000
  beta00 =    0.01000000

  ### REGULAR STAGE (reflection symmetry imposed)
  |HFB+HO> iterations(b0=  2.130, Nsh=  8, inin=  1, N= 92, Z= 64)...
  ----------------------------------------------------------------------------------------------------------------------------------
  i          si     mix   beta      Etot       A       rn      rp         En      Dn      Ep      Dp        Ln      Lp     time
  ----------------------------------------------------------------------------------------------------------------------------------
   1L  69.94764065 0.30  0.010     0.000000    0.0   0.000   0.000 |   -2.000   1.000  -2.000   1.000 |   -7.000  -7.000   0.000
   2B  41.55501945 0.10  0.017 -1051.424152  156.0   4.802   4.555 |    0.000  -0.000   0.000   0.000 |  -14.068 -26.543  21.963
   3B  17.96389250 0.11  0.263 -1111.285430  156.0   5.035   4.990 |    0.000  -0.000   0.000  -0.000 |   -6.409 -11.091   0.876
   4B  21.24405835 0.10  0.482  -853.260208  156.0   5.356   5.111 |    0.000  -0.000   0.000  -0.000 |   -7.740  -8.365   0.870
   5B   5.83926710 0.11  0.548 -1195.376970  156.0   5.399   5.318 |    0.000  -0.000   0.000  -0.000 |   -7.440  -8.820   0.790
   6B   7.07779521 0.10  0.580 -1185.019445  156.0   5.425   5.392 |    0.000  -0.000   0.000  -0.000 |   -7.443  -8.757   0.671
   7B   7.22860866 0.10  0.601 -1198.951182  156.0   5.455   5.396 |    0.000   0.000   0.000   0.000 |   -7.096  -8.769   0.684
   8B   6.04769364 0.11  0.581 -1210.094014  156.0   5.441   5.369 |    0.000   0.000   0.000   0.000 |   -6.904  -8.364   0.835
   9B   5.74977400 0.13  0.571 -1220.600478  156.0   5.423   5.346 |    0.000  -0.000   0.000  -0.000 |   -6.684  -8.185   0.925
  10B   2.12752975 0.14  0.544 -1228.893273  156.0   5.390   5.315 |    0.000  -0.000   0.000  -0.000 |   -6.388  -7.786   0.730
  11B   2.05044203 0.16  0.529 -1232.540673  156.0   5.379   5.288 |    0.000  -0.000   0.000  -0.000 |   -6.245  -7.608   0.604
  12B   3.14918197 0.10  0.524 -1233.687822  156.0   5.375   5.295 |    0.000  -0.000   0.000  -0.000 |   -6.329  -7.538   0.861
  13B   2.08968036 0.11  0.505 -1239.536740  156.0   5.363   5.280 |    0.000  -0.000   0.000  -0.000 |   -6.338  -7.495   0.951
  14B   2.53406957 0.10  0.504 -1239.491009  156.0   5.361   5.280 |    0.000  -0.000   0.000  -0.000 |   -6.285  -7.411   0.868
  15B   2.32890481 0.11  0.501 -1238.981699  156.0   5.359   5.278 |    0.000  -0.000   0.000  -0.000 |   -6.336  -7.452   0.857
  16B   1.67047564 0.13  0.511 -1238.176645  156.0   5.372   5.284 |    0.000  -0.000   0.000  -0.000 |   -6.451  -7.615   0.763
  17B   1.36407759 0.14  0.509 -1239.741084  156.0   5.370   5.285 |    0.000  -0.000   0.000  -0.000 |   -6.463  -7.651   0.802
  18L   1.65447011 0.10  0.503 -1240.305354  156.0   5.366   5.285 |    0.000  -0.000   0.000  -0.000 |   -6.500  -7.697   0.674
  19B   3.37050226 0.10  0.503 -1234.695652  156.0   5.365   5.276 |    0.000  -0.000   0.000  -0.000 |   -6.485  -7.613   0.770
  20B   1.39941004 0.11  0.506 -1240.240684  156.0   5.371   5.285 |    0.000  -0.000   0.000  -0.000 |   -6.535  -7.720   1.057
  21B   1.17552784 0.13  0.506 -1239.792003  156.0   5.370   5.285 |    0.000  -0.000   0.000  -0.000 |   -6.607  -7.754   0.851
  22B   2.15533702 0.10  0.498 -1241.055483  156.0   5.366   5.283 |    0.000   0.000   0.000   0.000 |   -6.568  -7.728   0.572
  23B   1.97102333 0.11  0.491 -1240.477337  156.0   5.358   5.278 |    0.000  -0.000   0.000  -0.000 |   -6.537  -7.686   0.613
  24B   3.15601740 0.10  0.489 -1240.048244  156.0   5.355   5.276 |    0.000   0.000   0.000   0.000 |   -6.615  -7.627   0.750
  25L   2.54895951 0.11  0.489 -1241.985840  156.0   5.357   5.277 |    0.000  -0.000   0.000  -0.000 |   -6.592  -7.631   0.700
  26L   2.45039290 0.13  0.481 -1243.123157  156.0   5.351   5.258 |    0.000  -0.000   0.000  -0.000 |   -6.454  -7.456   0.816
  27L   4.53137513 0.10  0.464 -1241.501490  156.0   5.330   5.246 |    0.000  -0.000   0.000  -0.000 |   -6.456  -7.345   0.657
  28L   5.69079914 0.10  0.453 -1239.110062  156.0   5.323   5.221 |    0.000  -0.000   0.000  -0.000 |   -6.503  -7.125   0.735
  29B   7.01145370 0.10  0.437 -1235.300986  156.0   5.303   5.215 |    0.000  -0.000   0.000  -0.000 |   -6.457  -7.211   0.686
  30B   4.34822907 0.11  0.454 -1244.215943  156.0   5.319   5.231 |    0.000   0.000   0.000   0.000 |   -6.423  -7.212   0.635
  31B   2.30630827 0.13  0.456 -1246.337108  156.0   5.322   5.233 |    0.000   0.000   0.000   0.000 |   -6.490  -7.299   0.595
  32B   2.82363226 0.10  0.450 -1246.989957  156.0   5.317   5.230 |    0.000   0.000   0.000   0.000 |   -6.402  -7.293   0.834
  33B   3.13815067 0.10  0.438 -1247.033069  156.0   5.308   5.214 |    0.000   0.000   0.000   0.000 |   -6.499  -7.320   0.542
  34B   2.65215158 0.11  0.422 -1250.643525  156.0   5.289   5.200 |    0.000   0.000   0.000   0.000 |   -6.506  -7.203   0.854
  35B   2.22207874 0.13  0.347 -1257.368524  156.0   5.237   5.128 |    0.000   0.000   0.000   0.000 |   -6.580  -7.279   0.717
  36B   1.44542499 0.14  0.363 -1258.440390  156.0   5.247   5.146 |    0.000   0.000   0.000   0.000 |   -6.731  -7.490   0.624
  37B   1.90759876 0.10  0.355 -1259.265138  156.0   5.247   5.132 |    0.000   0.000   0.000   0.000 |   -6.959  -7.532   0.623
  38B   1.06181179 0.11  0.379 -1257.104286  156.0   5.258   5.163 |    0.000   0.000   0.000   0.000 |   -7.025  -7.660   0.575
  39B   1.06549303 0.10  0.403 -1254.769834  156.0   5.278   5.176 |    0.000   0.000   0.000   0.000 |   -7.048  -7.640   0.616
  40B   1.53923555 0.10  0.387 -1256.122840  156.0   5.260   5.170 |    0.000   0.000   0.000   0.000 |   -7.106  -7.759   0.582
  41B   0.48206252 0.11  0.400 -1255.793688  156.0   5.272   5.175 |    0.000   0.000   0.000   0.000 |   -7.115  -7.710   0.709
  42B   0.19692444 0.13  0.407 -1255.219323  156.0   5.278   5.179 |    0.000   0.000   0.000   0.000 |   -7.146  -7.703   0.958
  43B   0.28745903 0.10  0.405 -1255.505472  156.0   5.275   5.176 |    0.000   0.000   0.000   0.000 |   -7.166  -7.712   0.692
  44B   0.21414153 0.11  0.405 -1255.580511  156.0   5.274   5.176 |    0.000   0.000   0.000   0.000 |   -7.175  -7.709   0.763
  45B   0.27089115 0.10  0.400 -1256.178263  156.0   5.269   5.172 |    0.000   0.000   0.000   0.000 |   -7.181  -7.705   0.952
  46B   0.23880239 0.11  0.402 -1256.029503  156.0   5.269   5.171 |    0.000  -0.000   0.000  -0.000 |   -7.196  -7.690   0.707
  47B   0.19929398 0.13  0.400 -1256.366785  156.0   5.267   5.168 |    0.000  -0.000   0.000  -0.000 |   -7.203  -7.685   0.710
  48B   0.19178881 0.14  0.401 -1256.277930  156.0   5.267   5.167 |    0.000  -0.000   0.000  -0.000 |   -7.208  -7.657   0.741
  49B   0.20356174 0.10  0.400 -1256.369087  156.0   5.267   5.168 |    0.000   0.000   0.000   0.000 |   -7.204  -7.659   0.662
  50B   0.20335432 0.11  0.399 -1256.596587  156.0   5.263   5.165 |    0.000  -0.000   0.000  -0.000 |   -7.224  -7.618   0.958
  51B   0.14025437 0.13  0.400 -1256.456223  156.0   5.265   5.165 |    0.000  -0.000   0.000  -0.000 |   -7.228  -7.613   0.885
  52B   0.10935331 0.14  0.400 -1256.474661  156.0   5.265   5.165 |    0.000  -0.000   0.000  -0.000 |   -7.229  -7.621   0.915
  53B   0.07567099 0.16  0.401 -1256.343830  156.0   5.266   5.166 |    0.000  -0.000   0.000  -0.000 |   -7.232  -7.621   0.915
  54B   0.08202359 0.10  0.402 -1256.202449  156.0   5.267   5.167 |    0.000  -0.000   0.000  -0.000 |   -7.234  -7.627   0.933
  55B   0.05781937 0.11  0.402 -1256.272343  156.0   5.266   5.167 |    0.000  -0.000   0.000  -0.000 |   -7.233  -7.630   0.620
  56B   0.05188311 0.13  0.403 -1256.134642  156.0   5.268   5.168 |    0.000  -0.000   0.000  -0.000 |   -7.235  -7.630   0.629
  57B   0.03027054 0.14  0.404 -1256.009907  156.0   5.268   5.169 |    0.000   0.000   0.000   0.000 |   -7.236  -7.633   0.825
  58B   0.02462118 0.16  0.404 -1255.972596  156.0   5.268   5.169 |    0.000   0.000   0.000   0.000 |   -7.234  -7.630   0.755
  59B   0.01585953 0.18  0.404 -1256.010139  156.0   5.268   5.169 |    0.000   0.000   0.000   0.000 |   -7.233  -7.625   0.780
  60B   0.01452820 0.21  0.403 -1256.055601  156.0   5.267   5.168 |    0.000  -0.000   0.000  -0.000 |   -7.231  -7.621   0.648
  61B   0.01904075 0.10  0.403 -1256.078829  156.0   5.267   5.168 |    0.000  -0.000   0.000  -0.000 |   -7.231  -7.617   0.597
  62B   0.01471563 0.11  0.403 -1256.074639  156.0   5.267   5.168 |    0.000  -0.000   0.000  -0.000 |   -7.231  -7.615   0.746
  63B   0.02120721 0.10  0.403 -1256.053487  156.0   5.267   5.168 |    0.000   0.000   0.000   0.000 |   -7.231  -7.616   0.664
  64B   0.00949726 0.11  0.403 -1256.065799  156.0   5.267   5.168 |    0.000  -0.000   0.000  -0.000 |   -7.232  -7.614   0.654
  65B   0.00818940 0.13  0.403 -1256.070139  156.0   5.267   5.168 |    0.000   0.000   0.000   0.000 |   -7.232  -7.612   0.866
  66B   0.00518586 0.14  0.403 -1256.070065  156.0   5.267   5.168 |    0.000   0.000   0.000   0.000 |   -7.232  -7.611   0.608
  67B   0.00594718 0.10  0.403 -1256.059471  156.0   5.267   5.168 |    0.000   0.000   0.000   0.000 |   -7.232  -7.611   0.891
  68B   0.00365118 0.11  0.403 -1256.059056  156.0   5.267   5.168 |    0.000   0.000   0.000   0.000 |   -7.232  -7.611   0.874
  69B   0.00327593 0.13  0.403 -1256.052708  156.0   5.267   5.168 |    0.000  -0.000   0.000  -0.000 |   -7.232  -7.611   0.685
  70B   0.00296843 0.14  0.404 -1256.046813  156.0   5.267   5.168 |    0.000   0.000   0.000   0.000 |   -7.232  -7.610   0.583
  71B   0.00130858 0.16  0.404 -1256.044848  156.0   5.267   5.168 |    0.000  -0.000   0.000  -0.000 |   -7.232  -7.610   0.614
  72B   0.00117081 0.18  0.404 -1256.047231  156.0   5.267   5.168 |    0.000  -0.000   0.000  -0.000 |   -7.232  -7.610   0.633
  73B   0.00034744 0.21  0.403 -1256.049020  156.0   5.267   5.168 |    0.000  -0.000   0.000  -0.000 |   -7.232  -7.610   1.026
  74B   0.00031243 0.24  0.403 -1256.049256  156.0   5.267   5.168 |    0.000   0.000   0.000   0.000 |   -7.232  -7.610   1.334
  75B   0.00072927 0.10  0.403 -1256.049738  156.0   5.267   5.168 |    0.000   0.000   0.000   0.000 |   -7.232  -7.610   1.130
  76B   0.00026145 0.11  0.403 -1256.049536  156.0   5.267   5.168 |    0.000   0.000   0.000   0.000 |   -7.232  -7.610   1.162
  77B   0.00033137 0.10  0.403 -1256.049531  156.0   5.267   5.168 |    0.000   0.000   0.000   0.000 |   -7.232  -7.610   0.737
  78B   0.00029254 0.11  0.403 -1256.049613  156.0   5.267   5.168 |    0.000   0.000   0.000   0.000 |   -7.232  -7.610   0.899
  79B   0.00032843 0.10  0.403 -1256.049763  156.0   5.267   5.168 |    0.000   0.000   0.000   0.000 |   -7.232  -7.610   1.009
  80B   0.00035244 0.10  0.403 -1256.050346  156.0   5.267   5.168 |    0.000   0.000   0.000   0.000 |   -7.232  -7.610   0.680
  81B   0.00033620 0.11  0.403 -1256.050140  156.0   5.267   5.168 |    0.000   0.000   0.000   0.000 |   -7.232  -7.610   0.896
  82B   0.00021432 0.13  0.403 -1256.050310  156.0   5.267   5.168 |    0.000   0.000   0.000   0.000 |   -7.232  -7.610   0.874
  83B   0.00011269 0.14  0.403 -1256.050400  156.0   5.267   5.168 |    0.000   0.000   0.000   0.000 |   -7.232  -7.610   0.743
  84B   0.00007454 0.16  0.403 -1256.050195  156.0   5.267   5.168 |    0.000   0.000   0.000   0.000 |   -7.232  -7.610   0.795
  85B   0.00006246 0.18  0.403 -1256.050152  156.0   5.267   5.168 |    0.000   0.000   0.000   0.000 |   -7.232  -7.610   0.706
  86B   0.00004204 0.21  0.403 -1256.050119  156.0   5.267   5.168 |    0.000   0.000   0.000   0.000 |   -7.232  -7.610   0.809
  87B   0.00006657 0.10  0.403 -1256.050028  156.0   5.267   5.168 |    0.000   0.000   0.000   0.000 |   -7.232  -7.610   0.680
  88B   0.00004054 0.11  0.403 -1256.049907  156.0   5.267   5.168 |    0.000   0.000   0.000   0.000 |   -7.232  -7.610   0.618
  89B   0.00001004 0.13  0.403 -1256.049914  156.0   5.267   5.168 |    0.000   0.000   0.000   0.000 |   -7.232  -7.610   0.949
  90B   0.00001619 0.10  0.403 -1256.049923  156.0   5.267   5.168 |    0.000   0.000   0.000   0.000 |   -7.232  -7.610   0.637
  91B   0.00000970 0.11  0.403 -1256.049924  156.0   5.267   5.168 |    0.000   0.000   0.000   0.000 |   -7.232  -7.610   0.963
  92B   0.00001285 0.10  0.403 -1256.049951  156.0   5.267   5.168 |    0.000  -0.000   0.000   0.000 |   -7.232  -7.610   0.757
  93B   0.00001566 0.10  0.403 -1256.049964  156.0   5.267   5.168 |    0.000   0.000   0.000   0.000 |   -7.232  -7.610   0.718
  94B   0.00001827 0.10  0.403 -1256.049975  156.0   5.267   5.168 |    0.000  -0.000   0.000  -0.000 |   -7.232  -7.610   0.637
  95B   0.00000714 0.11  0.403 -1256.049982  156.0   5.267   5.168 |    0.000  -0.000   0.000  -0.000 |   -7.232  -7.610   0.588
  96B   0.00000727 0.10  0.403 -1256.049980  156.0   5.267   5.168 |    0.000  -0.000   0.000  -0.000 |   -7.232  -7.610   0.891
  97B   0.00000726 0.11  0.403 -1256.049979  156.0   5.267   5.168 |    0.000  -0.000   0.000  -0.000 |   -7.232  -7.610   0.876
  98B   0.00000452 0.13  0.403 -1256.049968  156.0   5.267   5.168 |    0.000  -0.000   0.000   0.000 |   -7.232  -7.610   0.932
  99B   0.00000459 0.10  0.403 -1256.049966  156.0   5.267   5.168 |    0.000  -0.000   0.000  -0.000 |   -7.232  -7.610   0.849
 100B   0.00000301 0.11  0.403 -1256.049948  156.0   5.267   5.168 |    0.000  -0.000   0.000   0.000 |   -7.232  -7.610   0.656
 101B   0.00000216 0.13  0.403 -1256.049950  156.0   5.267   5.168 |    0.000  -0.000   0.000   0.000 |   -7.232  -7.610   0.804
 102B   0.00000241 0.10  0.403 -1256.049951  156.0   5.267   5.168 |    0.000  -0.000   0.000   0.000 |   -7.232  -7.610   0.684
 103B   0.00000165 0.11  0.403 -1256.049951  156.0   5.267   5.168 |    0.000  -0.000   0.000   0.000 |   -7.232  -7.610   0.571
 104B   0.00000189 0.10  0.403 -1256.049951  156.0   5.267   5.168 |    0.000   0.000   0.000   0.000 |   -7.232  -7.610   0.582
 105B   0.00000187 0.11  0.403 -1256.049956  156.0   5.267   5.168 |    0.000   0.000   0.000  -0.000 |   -7.232  -7.610   0.643
 106B   0.00000224 0.10  0.403 -1256.049956  156.0   5.267   5.168 |    0.000  -0.000   0.000  -0.000 |   -7.232  -7.610   0.752
 107B   0.00000149 0.11  0.403 -1256.049956  156.0   5.267   5.168 |    0.000  -0.000   0.000   0.000 |   -7.232  -7.610   0.640
 108B   0.00000066 0.13  0.403 -1256.049957  156.0   5.267   5.168 |    0.000  -0.000   0.000  -0.000 |   -7.232  -7.610   0.649
 109B   0.00000080 0.10  0.403 -1256.049956  156.0   5.267   5.168 |    0.000  -0.000   0.000  -0.000 |   -7.232  -7.610   0.933
 110B   0.00000046 0.11  0.403 -1256.049955  156.0   5.267   5.168 |    0.000  -0.000   0.000   0.000 |   -7.232  -7.610   1.815
 111B   0.00000067 0.10  0.403 -1256.049955  156.0   5.267   5.168 |    0.000  -0.000   0.000   0.000 |   -7.232  -7.610   0.831
 112B   0.00000020 0.11  0.403 -1256.049954  156.0   5.267   5.168 |    0.000  -0.000   0.000  -0.000 |   -7.232  -7.610   0.720
 113B   0.00000009 0.13  0.403 -1256.049954  156.0   5.267   5.168 |    0.000  -0.000   0.000  -0.000 |   -7.232  -7.610   0.566
 114B   0.00000008 0.14  0.403 -1256.049954  156.0   5.267   5.168 |    0.000   0.000   0.000  -0.000 |   -7.232  -7.610   0.624
 115B   0.00000012 0.10  0.403 -1256.049954  156.0   5.267   5.168 |    0.000   0.000   0.000   0.000 |   -7.232  -7.610   0.790
 116B   0.00000005 0.11  0.403 -1256.049955  156.0   5.267   5.168 |    0.000   0.000   0.000   0.000 |   -7.232  -7.610   0.789
 117B   0.00000003 0.13  0.403 -1256.049955  156.0   5.267   5.168 |    0.000  -0.000   0.000   0.000 |   -7.232  -7.610   0.931
 118B   0.00000006 0.10  0.403 -1256.049954  156.0   5.267   5.168 |    0.000   0.000   0.000   0.000 |   -7.232  -7.610   0.780
 119B   0.00000001 0.11  0.403 -1256.049955  156.0   5.267   5.168 |    0.000  -0.000   0.000   0.000 |   -7.232  -7.610   0.883
 120B   0.00000001 0.10  0.403 -1256.049955  156.0   5.267   5.168 |    0.000  -0.000   0.000   0.000 |   -7.232  -7.610   1.048
 121B   0.00000001 0.11  0.403 -1256.049955  156.0   5.267   5.168 |    0.000  -0.000   0.000   0.000 |   -7.232  -7.610   0.822
 122B   0.00000001 0.13  0.403 -1256.049955  156.0   5.267   5.168 |    0.000   0.000   0.000   0.000 |   -7.232  -7.610   1.031
 123B   0.00000001 0.14  0.403 -1256.049954  156.0   5.267   5.168 |    0.000   0.000   0.000   0.000 |   -7.232  -7.610   0.974
 124B   0.00000001 0.10  0.403 -1256.049954  156.0   5.267   5.168 |    0.000  -0.000   0.000   0.000 |   -7.232  -7.610   1.024
 125B   0.00000001 0.11  0.403 -1256.049954  156.0   5.267   5.168 |    0.000  -0.000   0.000   0.000 |   -7.232  -7.610   1.054
 126B   0.00000001 0.10  0.403 -1256.049954  156.0   5.267   5.168 |    0.000  -0.000   0.000   0.000 |   -7.232  -7.610   0.655
 127B   0.00000001 0.11  0.403 -1256.049954  156.0   5.267   5.168 |    0.000   0.000   0.000   0.000 |   -7.232  -7.610   0.798
 128B   0.00000001 0.13  0.403 -1256.049954  156.0   5.267   5.168 |    0.000   0.000   0.000   0.000 |   -7.232  -7.610   0.649
 129B   0.00000001 0.14  0.403 -1256.049954  156.0   5.267   5.168 |    0.000   0.000   0.000   0.000 |   -7.232  -7.610   0.923
 130B   0.00000001 0.10  0.403 -1256.049954  156.0   5.267   5.168 |    0.000   0.000   0.000   0.000 |   -7.232  -7.610   1.004
 131B   0.00000001 0.11  0.403 -1256.049954  156.0   5.267   5.168 |    0.000   0.000   0.000   0.000 |   -7.232  -7.610   1.273
 132B   0.00000001 0.10  0.403 -1256.049954  156.0   5.267   5.168 |    0.000   0.000   0.000   0.000 |   -7.232  -7.610   1.118
 133B   0.00000001 0.10  0.403 -1256.049954  156.0   5.267   5.168 |    0.000   0.000   0.000   0.000 |   -7.232  -7.610   0.843
 134B   0.00000001 0.11  0.403 -1256.049954  156.0   5.267   5.168 |    0.000   0.000   0.000   0.000 |   -7.232  -7.610   1.288
 135B   0.00000001 0.10  0.403 -1256.049954  156.0   5.267   5.168 |    0.000   0.000   0.000   0.000 |   -7.232  -7.610   1.121
 136B   0.00000001 0.11  0.403 -1256.049954  156.0   5.267   5.168 |    0.000   0.000   0.000   0.000 |   -7.232  -7.610   1.103
 137B   0.00000001 0.13  0.403 -1256.049954  156.0   5.267   5.168 |    0.000  -0.000   0.000   0.000 |   -7.232  -7.610   0.918
 138B   0.00000000 0.14  0.403 -1256.049954  156.0   5.267   5.168 |    0.000  -0.000   0.000   0.000 |   -7.232  -7.610   0.702
 139B   0.00000000 0.16  0.403 -1256.049954  156.0   5.267   5.168 |    0.000  -0.000   0.000   0.000 |   -7.232  -7.610   0.803
 140B   0.00000000 0.10  0.403 -1256.049954  156.0   5.267   5.168 |    0.000   0.000   0.000   0.000 |   -7.232  -7.610   0.689
 141B   0.00000000 0.11  0.403 -1256.049954  156.0   5.267   5.168 |    0.000   0.000   0.000   0.000 |   -7.232  -7.610   0.803
 142B   0.00000000 0.13  0.403 -1256.049954  156.0   5.267   5.168 |    0.000   0.000   0.000   0.000 |   -7.232  -7.610   1.131
  ----------------------------------------------------------------------------------------------------------------------------------
  *   iteration converged   after 142 steps   si=     0.0000000010 ho=  0 tho=  0
  ----------------------------------------------------------------------------------------------------------------------------------
  Total CPU time=   2.259 minutes

  Writing to wel_file: s092_064.hel
 __________________________________  
  The tape s092_064.hel recorded:     
  nucname,npr,ngh,ngl,n00,nb,nt      
  b0,beta0,si,etot,rms,bet,xmix      
  pairing:     CpV0,CpV1,pwi         
  delta:       del,ept               
  lambda:      ala,ala2,alast,tz     
  asymptotic:  varmas,ass,skass      
  ntx,nb,nhhdim,id,N_rz,n_r,n_z      
  Omega2,Sigma2,Parity,Lambda        
  matrices(inbro):    hh,de          
  *all blocking candidates           
 __________________________________  



 #quasiparticle energies neutrons
 --------------------------------
  eqp(k) -> q.p. energy 
  e(k)   -> referent s.p. energy 
  p(k)   -> occ.probability 
  del(k) -> referent s.p. gap 
  fermi energy alast=  -7.2317576610199641     
  #k  block#    eqp(k)     e(k)       (1-2N)E      decay        p(k)        del(k)    overl      labels
   1    1     0.199256   -7.431013   -0.199256    1.197282    1.00000000   0.0000   0.9362  1+[ 4, 0, 0]
   2    1     1.590816   -5.640942    1.590816    1.304578    0.00000000   0.0000   0.4836  1+[ 6, 6, 0]
   3    1     1.863146   -9.094903   -1.863146    1.324559    1.00000000   0.0000   0.4287  1+[ 6, 6, 0]
   4    1     3.878660   -3.353098    3.878660    1.463988    0.00000000   0.0000   0.5853  1+[ 6, 5, 1]
   5    1     4.333955  -11.565713   -4.333955    1.493684    1.00000000   0.0000   0.8892  1+[ 4, 1, 1]
   6    1     6.561062   -0.670696    6.561062    1.631169    0.00000000   0.0000   0.6809  1+[ 6, 3, 1]
   7    1     8.589913  -15.821671   -8.589913    1.747023    1.00000000   0.0000   0.7548  1+[ 4, 2, 0]
   8    1     9.415066    2.183308    9.415066    1.792000    0.00000000   0.0000   0.7986  1+[ 6, 2, 0]
   9    1    10.920543  -18.152301  -10.920543    1.871278    1.00000000   0.0000   0.6175  1+[ 4, 3, 1]
  10    1    12.807263    5.575506   12.807263    1.966123    0.00000000   0.0000   0.9228  1+[ 6, 1, 1]
  11    1    14.391627  -21.623385  -14.391627    2.042369    1.00000000   0.0000   0.5110  1+[ 4, 4, 0]
  12    1    15.494099    8.262341   15.494099    2.093787    0.00000000   0.0000   0.4621  1+[ 8, 6, 0]
  13    1    15.605465    8.373707   15.605465    2.098911    0.00000000   0.0000   0.8050  1+[ 6, 0, 0]
  14    1    17.609079  -24.840836  -17.609079    2.189049    1.00000000   0.0000   0.9128  1+[ 2, 0, 0]
  15    1    20.618888   13.387130   20.618888    2.317875    0.00000000   0.0000   0.5715  1+[ 8, 8, 0]
  16    1    21.483744  -28.715502  -21.483744    2.353589    1.00000000   0.0000   0.8667  1+[ 2, 1, 1]
  17    1    21.650736   14.418978   21.650736    2.360423    0.00000000   0.0000   0.7248  1+[ 8, 7, 1]
  18    1    24.517176   17.285418   24.517176    2.474782    0.00000000   0.0000   0.6059  1+[ 8, 6, 0]
  19    1    24.534758  -31.766516  -24.534758    2.475467    1.00000000   0.0000   0.7060  1+[ 2, 2, 0]
  20    1    25.252514   18.020757   25.252514    2.503277    0.00000000   0.0000   0.6637  1+[ 8, 5, 1]
  21    1    26.772434   19.540676   26.772434    2.561171    0.00000000   0.0000   0.5757  1+[ 8, 2, 0]
  22    1    27.680955   20.449197   27.680955    2.595161    0.00000000   0.0000   0.6156  1+[ 8, 3, 1]
  23    1    28.608591   21.376833   28.608591    2.629411    0.00000000   0.0000   0.8716  1+[ 8, 1, 1]
  24    1    30.585718   23.353960   30.585718    2.700963    0.00000000   0.0000   0.9248  1+[ 8, 0, 0]
  25    1    30.923128  -38.154886  -30.923128    2.712986    1.00000000   0.0000   0.8904  1+[ 0, 0, 0]
  26    2     1.139577   -6.092180    1.139577    1.270778    0.00000000   0.0000   0.7966  1-[ 5, 2, 1]
  27    2     2.337508   -9.569266   -2.337508    1.358663    1.00000000   0.0000   0.6359  1-[ 5, 3, 0]
  28    2     3.877231  -11.108988   -3.877231    1.463894    1.00000000   0.0000   0.5072  1-[ 5, 5, 0]
  29    2     4.026541   -3.205217    4.026541    1.473699    0.00000000   0.0000   0.9023  1-[ 5, 1, 0]
  30    2     8.026530    0.794772    8.026530    1.715637    0.00000000   0.0000   0.9494  1-[ 5, 0, 1]
  31    2     8.054645  -15.286402   -8.054645    1.717217    1.00000000   0.0000   0.4451  1-[ 5, 5, 0]
  32    2     8.613288    1.381531    8.613288    1.748313    0.00000000   0.0000   0.5215  1-[ 7, 5, 0]
  33    2     8.913588  -16.145346   -8.913588    1.764802    1.00000000   0.0000   0.9427  1-[ 3, 0, 1]
  34    2    13.003859    5.772101   13.003859    1.975744    0.00000000   0.0000   0.7299  1-[ 7, 7, 0]
  35    2    13.525780  -20.757537  -13.525780    2.001061    1.00000000   0.0000   0.8628  1-[ 3, 1, 0]
  36    2    14.553914    7.322156   14.553914    2.050019    0.00000000   0.0000   0.7549  1-[ 7, 6, 1]
  37    2    16.368905    9.137147   16.368905    2.133706    0.00000000   0.0000   0.5865  1-[ 7, 5, 0]
  38    2    16.747991  -23.979749  -16.747991    2.150774    1.00000000   0.0000   0.7436  1-[ 3, 2, 1]
  39    2    18.283744   11.051986   18.283744    2.218577    0.00000000   0.0000   0.6332  1-[ 7, 3, 0]
  40    2    19.819710  -27.051467  -19.819710    2.284377    1.00000000   0.0000   0.5983  1-[ 3, 3, 0]
  41    2    20.496186   13.264428   20.496186    2.312764    0.00000000   0.0000   0.8451  1-[ 7, 2, 1]
  42    2    22.182765   14.951007   22.182765    2.382063    0.00000000   0.0000   0.9396  1-[ 7, 1, 0]
  43    2    23.525998   16.294240   23.525998    2.435846    0.00000000   0.0000   0.9795  1-[ 7, 0, 1]
  44    2    25.044274  -32.276031  -25.044274    2.495241    1.00000000   0.0000   0.9289  1-[ 1, 0, 1]
  45    2    28.387674  -35.619432  -28.387674    2.621295    1.00000000   0.0000   0.8395  1-[ 1, 1, 0]
  46    3     0.012564   -7.244322   -0.012564    1.182146    1.00000000   0.0000   0.9538  3+[ 4, 0, 2]
  47    3     1.242445   -8.474202   -1.242445    1.278562    1.00000000   0.0000   0.5991  3+[ 6, 5, 1]
  48    3     4.150385   -3.081373    4.150385    1.481782    0.00000000   0.0000   0.4907  3+[ 6, 3, 1]
  49    3     5.425347  -12.657105   -5.425347    1.562570    1.00000000   0.0000   0.8809  3+[ 4, 1, 1]
  50    3     5.964935   -1.266823    5.964935    1.595530    0.00000000   0.0000   0.6018  3+[ 6, 4, 2]
  51    3     8.315798  -15.547556   -8.315798    1.731823    1.00000000   0.0000   0.7980  3+[ 4, 2, 2]
  52    3     9.927797    2.696040    9.927797    1.819388    0.00000000   0.0000   0.8187  3+[ 6, 2, 2]
  53    3    12.216595    4.984837   12.216595    1.936930    0.00000000   0.0000   0.9092  3+[ 6, 1, 1]
  54    3    13.409529  -20.641287  -13.409529    1.995450    1.00000000   0.0000   0.6950  3+[ 4, 3, 1]
  55    3    15.792328    8.560571   15.792328    2.107481    0.00000000   0.0000   0.5540  3+[ 8, 7, 1]
  56    3    15.928075    8.696317   15.928075    2.113684    0.00000000   0.0000   0.9289  3+[ 6, 0, 2]
  57    3    17.896200  -25.127958  -17.896200    2.201664    1.00000000   0.0000   0.9531  3+[ 2, 0, 2]
  58    3    21.167668   13.935910   21.167668    2.340600    0.00000000   0.0000   0.5817  3+[ 8, 7, 1]
  59    3    22.723549  -29.955306  -22.723549    2.403861    1.00000000   0.0000   0.8762  3+[ 2, 1, 1]
  60    3    22.817658   15.585900   22.817658    2.407634    0.00000000   0.0000   0.7403  3+[ 8, 6, 2]
  61    3    25.101153   17.869396   25.101153    2.497439    0.00000000   0.0000   0.6887  3+[ 8, 3, 1]
  62    3    26.703588   19.471830   26.703588    2.558577    0.00000000   0.0000   0.7012  3+[ 8, 4, 2]
  63    3    27.729209   20.497451   27.729209    2.596953    0.00000000   0.0000   0.8426  3+[ 8, 1, 1]
  64    3    28.625044   21.393287   28.625044    2.630015    0.00000000   0.0000   0.7960  3+[ 8, 2, 2]
  65    3    29.978701   22.746943   29.978701    2.679199    0.00000000   0.0000   0.9700  3+[ 8, 0, 2]
  66    4     0.056948   -7.288706   -0.056948    1.185762    1.00000000   0.0000   0.7849  3-[ 5, 2, 1]
  67    4     1.972091   -9.203849   -1.972091    1.332469    1.00000000   0.0000   0.6818  3-[ 5, 3, 2]
  68    4     4.639110   -2.592648    4.639110    1.513260    0.00000000   0.0000   0.9171  3-[ 5, 1, 2]
  69    4     7.355545  -14.587302   -7.355545    1.677490    1.00000000   0.0000   0.6415  3-[ 5, 4, 1]
  70    4     7.524635    0.292877    7.524635    1.687184    0.00000000   0.0000   0.9595  3-[ 5, 0, 1]
  71    4     8.863329    1.631571    8.863329    1.762053    0.00000000   0.0000   0.5890  3-[ 7, 6, 1]
  72    4     9.802637  -17.034394   -9.802637    1.812741    1.00000000   0.0000   0.9331  3-[ 3, 0, 1]
  73    4    13.508995  -20.740753  -13.508995    2.000252    1.00000000   0.0000   0.8978  3-[ 3, 1, 2]
  74    4    14.257258    7.025501   14.257258    2.036014    0.00000000   0.0000   0.6188  3-[ 7, 6, 1]
  75    4    15.868119    8.636362   15.868119    2.110947    0.00000000   0.0000   0.7640  3-[ 7, 5, 2]
  76    4    18.430624   11.198866   18.430624    2.224953    0.00000000   0.0000   0.6068  3-[ 7, 3, 2]
  77    4    18.542723  -25.774481  -18.542723    2.229808    1.00000000   0.0000   0.7823  3-[ 3, 2, 1]
  78    4    19.876546   12.644789   19.876546    2.286776    0.00000000   0.0000   0.7378  3-[ 7, 2, 1]
  79    4    22.332965   15.101207   22.332965    2.388138    0.00000000   0.0000   0.9484  3-[ 7, 1, 2]
  80    4    23.114912   15.883154   23.114912    2.419513    0.00000000   0.0000   0.9717  3-[ 7, 0, 1]
  81    4    25.844903  -33.076660  -25.844903    2.525999    1.00000000   0.0000   0.9207  3-[ 1, 0, 1]
  82    5     0.041954   -7.273711   -0.041954    1.184542    1.00000000   0.0000   0.7218  5+[ 6, 4, 2]
  83    5     1.695797   -8.927555   -1.695797    1.312317    1.00000000   0.0000   0.9465  5+[ 4, 0, 2]
  84    5     4.688691  -11.920448   -4.688691    1.516417    1.00000000   0.0000   0.9143  5+[ 4, 1, 3]
  85    5     6.914222   -0.317536    6.914222    1.651920    0.00000000   0.0000   0.5767  5+[ 6, 3, 3]
  86    5     8.361663    1.129905    8.361663    1.734375    0.00000000   0.0000   0.6647  5+[ 6, 2, 2]
  87    5    11.815161  -19.046918  -11.815161    1.916835    1.00000000   0.0000   0.8378  5+[ 4, 2, 2]
  88    5    13.139702    5.907944   13.139702    1.982364    0.00000000   0.0000   0.9243  5+[ 6, 1, 3]
  89    5    15.007849    7.776091   15.007849    2.071266    0.00000000   0.0000   0.9503  5+[ 6, 0, 2]
  90    5    16.369072    9.137315   16.369072    2.133713    0.00000000   0.0000   0.7261  5+[ 8, 6, 2]
  91    5    20.010809  -27.242567  -20.010809    2.292432    1.00000000   0.0000   0.9482  5+[ 2, 0, 2]
  92    5    22.269865   15.038107   22.269865    2.385588    0.00000000   0.0000   0.7089  5+[ 8, 4, 2]
  93    5    24.488890   17.257133   24.488890    2.473680    0.00000000   0.0000   0.7567  5+[ 8, 5, 3]
  94    5    26.475840   19.244082   26.475840    2.549977    0.00000000   0.0000   0.8456  5+[ 8, 2, 2]
  95    5    27.997694   20.765937   27.997694    2.606906    0.00000000   0.0000   0.7813  5+[ 8, 3, 3]
  96    5    29.142840   21.911082   29.142840    2.648936    0.00000000   0.0000   0.9483  5+[ 8, 0, 2]
  97    5    29.554022   22.322264   29.554022    2.663866    0.00000000   0.0000   0.9433  5+[ 8, 1, 3]
  98    6     0.915973   -6.315785    0.915973    1.253692    0.00000000   0.0000   0.8249  5-[ 5, 2, 3]
  99    6     2.830918   -4.400839    2.830918    1.393250    0.00000000   0.0000   0.8945  5-[ 5, 1, 2]
 100    6     6.121042  -13.352800   -6.121042    1.604939    1.00000000   0.0000   0.7796  5-[ 5, 3, 2]
 101    6     8.485464    1.253707    8.485464    1.741247    0.00000000   0.0000   0.9660  5-[ 5, 0, 3]
 102    6     9.433316    2.201558    9.433316    1.792982    0.00000000   0.0000   0.7479  5-[ 7, 5, 2]
 103    6     9.696375  -16.928132   -9.696375    1.807078    1.00000000   0.0000   0.9670  5-[ 3, 0, 3]
 104    6    15.749861    8.518103   15.749861    2.105536    0.00000000   0.0000   0.7067  5-[ 7, 3, 2]
 105    6    16.299190  -23.530947  -16.299190    2.130552    1.00000000   0.0000   0.9086  5-[ 3, 1, 2]
 106    6    17.501213   10.269455   17.501213    2.184291    0.00000000   0.0000   0.7790  5-[ 7, 4, 3]
 107    6    20.600311   13.368553   20.600311    2.317102    0.00000000   0.0000   0.7217  5-[ 7, 2, 3]
 108    6    21.416588   14.184831   21.416588    2.350835    0.00000000   0.0000   0.8128  5-[ 7, 1, 2]
 109    6    24.466027   17.234269   24.466027    2.472788    0.00000000   0.0000   0.9889  5-[ 7, 0, 3]
 110    7     0.753222   -7.984980   -0.753222    1.241107    1.00000000   0.0000   0.9713  7+[ 4, 0, 4]
 111    7     1.581690   -5.650068    1.581690    1.303903    0.00000000   0.0000   0.8251  7+[ 6, 3, 3]
 112    7     9.185159  -16.416917   -9.185159    1.779583    1.00000000   0.0000   0.9316  7+[ 4, 1, 3]
 113    7    10.149553    2.917795   10.149553    1.831107    0.00000000   0.0000   0.6573  7+[ 6, 2, 4]
 114    7    11.150641    3.918884   11.150641    1.883101    0.00000000   0.0000   0.7180  7+[ 6, 1, 3]
 115    7    16.539123    9.307365   16.539123    2.141387    0.00000000   0.0000   0.9658  7+[ 6, 0, 4]
 116    7    17.336003   10.104245   17.336003    2.176984    0.00000000   0.0000   0.8278  7+[ 8, 5, 3]
 117    7    23.830136   16.598379   23.830136    2.447859    0.00000000   0.0000   0.8494  7+[ 8, 3, 3]
 118    7    26.507277   19.275519   26.507277    2.551166    0.00000000   0.0000   0.7969  7+[ 8, 4, 4]
 119    7    27.602066   20.370308   27.602066    2.592227    0.00000000   0.0000   0.9609  7+[ 8, 1, 3]
 120    7    29.315154   22.083396   29.315154    2.655203    0.00000000   0.0000   0.8620  7+[ 8, 2, 4]
 121    7    31.060880   23.829123   31.060880    2.717879    0.00000000   0.0000   0.9840  7+[ 8, 0, 4]
 122    8     4.167331  -11.399088   -4.167331    1.482885    1.00000000   0.0000   0.8865  7-[ 5, 2, 3]
 123    8     4.732630   -2.499128    4.732630    1.519209    0.00000000   0.0000   0.9253  7-[ 5, 1, 4]
 124    8     6.366846   -0.864912    6.366846    1.619644    0.00000000   0.0000   0.9585  7-[ 5, 0, 3]
 125    8    10.404496    3.172739   10.404496    1.844487    0.00000000   0.0000   0.8499  7-[ 7, 4, 3]
 126    8    13.418861  -20.650618  -13.418861    1.995901    1.00000000   0.0000   0.9687  7-[ 3, 0, 3]
 127    8    17.618227   10.386469   17.618227    2.189452    0.00000000   0.0000   0.8529  7-[ 7, 2, 3]
 128    8    19.437270   12.205513   19.437270    2.268172    0.00000000   0.0000   0.8353  7-[ 7, 3, 4]
 129    8    22.757137   15.525379   22.757137    2.405208    0.00000000   0.0000   0.8588  7-[ 7, 1, 4]
 130    8    23.037961   15.806203   23.037961    2.416443    0.00000000   0.0000   0.8931  7-[ 7, 0, 3]
 131    9     3.914039   -3.317719    3.914039    1.466317    0.00000000   0.0000   0.9083  9+[ 6, 2, 4]
 132    9     6.098922  -13.330679   -6.098922    1.603609    1.00000000   0.0000   0.9792  9+[ 4, 0, 4]
 133    9    13.941029    6.709272   13.941029    2.020977    0.00000000   0.0000   0.7998  9+[ 6, 0, 4]
 134    9    14.476692    7.244935   14.476692    2.046383    0.00000000   0.0000   0.7781  9+[ 6, 1, 5]
 135    9    18.761226   11.529468   18.761226    2.239239    0.00000000   0.0000   0.8930  9+[ 8, 4, 4]
 136    9    25.578830   18.347072   25.578830    2.515819    0.00000000   0.0000   0.9364  9+[ 8, 2, 4]
 137    9    28.682922   21.451164   28.682922    2.632137    0.00000000   0.0000   0.8568  9+[ 8, 3, 5]
 138    9    28.948019   21.716261   28.948019    2.641833    0.00000000   0.0000   0.9906  9+[ 8, 0, 4]
 139    9    30.862597   23.630839   30.862597    2.710833    0.00000000   0.0000   0.9309  9+[ 8, 1, 5]
 140   10     1.283668   -8.515426   -1.283668    1.281668    1.00000000   0.0000   0.9542  9-[ 5, 1, 4]
 141   10     8.665363    1.433606    8.665363    1.751184    0.00000000   0.0000   0.9767  9-[ 5, 0, 5]
 142   10    11.867785    4.636027   11.867785    1.919481    0.00000000   0.0000   0.9200  9-[ 7, 3, 4]
 143   10    19.788240   12.556482   19.788240    2.283048    0.00000000   0.0000   0.9630  9-[ 7, 1, 4]
 144   10    21.854110   14.622353   21.854110    2.368718    0.00000000   0.0000   0.9171  9-[ 7, 2, 5]
 145   10    25.100272   17.868515   25.100272    2.497405    0.00000000   0.0000   0.9853  9-[ 7, 0, 5]
 146   11     7.006697   -0.225061    7.006697    1.657310    0.00000000   0.0000   0.9600 11+[ 6, 1, 5]
 147   11    18.119758   10.888001   18.119758    2.211436    0.00000000   0.0000   0.9763 11+[ 6, 0, 6]
 148   11    20.689712   13.457954   20.689712    2.320821    0.00000000   0.0000   0.9391 11+[ 8, 3, 5]
 149   11    27.350939   20.119181   27.350939    2.582866    0.00000000   0.0000   0.9846 11+[ 8, 1, 5]
 150   11    31.103358   23.871600   31.103358    2.719386    0.00000000   0.0000   0.9144 11+[ 8, 2, 6]
 151   11    32.695432   25.463674   32.695432    2.775280    0.00000000   0.0000   0.9581 11+[ 8, 0, 6]
 152   12     1.926567   -5.305190    1.926567    1.329170    0.00000000   0.0000   0.9848 11-[ 5, 0, 5]
 153   12    14.066458    6.834701   14.066458    2.026955    0.00000000   0.0000   0.9668 11-[ 7, 2, 5]
 154   12    22.116137   14.884379   22.116137    2.379364    0.00000000   0.0000   0.9933 11-[ 7, 0, 5]
 155   12    24.708765   17.477007   24.708765    2.482238    0.00000000   0.0000   0.9743 11-[ 7, 1, 6]
 156   13    10.455122    3.223365   10.455122    1.847132    0.00000000   0.0000   0.9820 13+[ 6, 0, 6]
 157   13    23.208730   15.976973   23.208730    2.423250    0.00000000   0.0000   0.9714 13+[ 8, 2, 6]
 158   13    29.086914   21.855156   29.086914    2.646899    0.00000000   0.0000   0.9898 13+[ 8, 0, 6]
 159   13    33.760807   26.529049   33.760807    2.812062    0.00000000   0.0000   0.9805 13+[ 8, 1, 7]
 160   14    16.904140    9.672382   16.904140    2.157765    0.00000000   0.0000   0.9921 13-[ 7, 1, 6]
 161   14    27.710848   20.479090   27.710848    2.596271    0.00000000   0.0000   0.9921 13-[ 7, 0, 7]
 162   15    26.197733   18.965976   26.197733    2.539436    0.00000000   0.0000   0.9931 15+[ 8, 1, 7]
 163   15    36.480385   29.248627   36.480385    2.903845    0.00000000   0.0000   0.9931 15+[ 8, 0, 8]
 164   16    20.183622   12.951864   20.183622    2.299691    0.00000000   0.0000   1.0000 15-[ 7, 0, 7]
 165   17    29.471629   22.239872   29.471629    2.660881    0.00000000   0.0000   1.0000 17+[ 8, 0, 8]
#all active are  165 q.p. states out of  165
#since the cut off is pwi=  60.0
#check: number of neutrons=  94.0


 #canonical s.p. energies neutrons
 ---------------------------------


  labels -> {2*omega}{parity}[nn=nz+2*nr+nl,nz,nl]
  cqpe   -> canonical q.p. energies
  ce     -> canonical s.p. energies
  fermi energy=  -7.2317576610199641     
  average cdelt=   1.9034281924315382E-022
  k0      ceqp        ce         v*v       u*v        cdel     overl      labels
   1   11.711697   11.711697   0.00000000   0.00000000  -0.0000   0.4047  1+[ 8, 7, 1]
   2   13.597795   13.597795   0.00000000   0.00000000  -0.0000   0.4506  1+[ 6, 3, 1]
   3   11.474314   11.474314   0.00000000   0.00000000  -0.0000   0.4138  1+[ 8, 6, 0]
   4    9.816466    9.816466   0.00000000   0.00000000  -0.0000   0.4960  1+[ 6, 1, 1]
   5   17.913372   17.913372   0.00000000   0.00000000  -0.0000   0.5355  1+[ 8, 3, 1]
   6   18.980156   18.980156   0.00000000   0.00000000  -0.0000   0.5747  1+[ 8, 1, 1]
   7   18.380344   18.380344   0.00000000   0.00000000  -0.0000   0.6726  1+[ 8, 3, 1]
   8   15.478146   15.478146   0.00000000   0.00000000  -0.0000   0.5718  1+[ 8, 2, 0]
   9   15.166688   15.166688   0.00000000   0.00000001  -0.0000   0.7375  1+[ 8, 4, 0]
  10   11.154530   11.154530   0.00000000   0.00000001  -0.0000   0.5103  1+[ 8, 7, 1]
  11    7.883710    7.883710   0.00000000   0.00000001  -0.0000   0.4580  1+[ 6, 1, 1]
  12    5.893081    5.893081   0.00000000   0.00000001  -0.0000   0.5525  1+[ 8, 8, 0]
  13    8.097748    8.097748   0.00000000   0.00000002  -0.0000   0.6365  1+[ 6, 0, 0]
  14    2.655105    2.655105   0.00000000   0.00000003   0.0000   0.5838  1+[ 6, 2, 0]
  15   -5.640076   -5.640076   0.00000000   0.00000012  -0.0000   0.4813  1+[ 6, 6, 0]
  16   -7.032502   -7.431013   0.98174896   0.13385792  -0.0000   0.9362  1+[ 4, 0, 0]
  17   -4.043399  -10.420116   1.00000000   0.00000008  -0.0000   0.6853  1+[ 4, 1, 1]
  18   10.440024  -24.903539   1.00000000   0.00000004  -0.0000   0.8070  1+[ 2, 0, 0]
  19    3.322114  -17.785629   1.00000000   0.00000004  -0.0000   0.5060  1+[ 4, 2, 0]
  20   10.519290  -24.982805   1.00000000   0.00000003  -0.0000   0.6346  1+[ 2, 1, 1]
  21   17.602566  -32.066081   1.00000000   0.00000002  -0.0000   0.8401  1+[ 0, 0, 0]
  22    9.020600  -23.484115   1.00000000   0.00000000  -0.0000   0.7419  1+[ 4, 3, 1]
  23   19.698806  -34.162322   1.00000000   0.00000000  -0.0000   0.5847  1+[ 4, 4, 0]
  24    6.643110  -21.106625   1.00000000   0.00000000  -0.0000   0.5887  1+[ 2, 1, 1]
  25   -3.639035  -10.824480   1.00000000   0.00000000  -0.0000   0.4855  1+[ 4, 1, 1]
  26    1.567009    1.567009   0.00000000   0.00000000  -0.0000   0.9296  1-[ 5, 0, 1]
  27    7.900682    7.900682   0.00000000   0.00000000  -0.0000   0.7220  1-[ 7, 3, 0]
  28    4.347031    4.347031   0.00000000   0.00000000  -0.0000   0.5739  1-[ 5, 1, 0]
  29   10.785874   10.785874   0.00000000   0.00000000  -0.0000   0.9158  1-[ 7, 2, 1]
  30   14.181136   14.181136   0.00000000   0.00000000  -0.0000   0.9552  1-[ 7, 1, 0]
  31   15.642073   15.642073   0.00000000   0.00000000  -0.0000   0.9522  1-[ 7, 0, 1]
  32    4.329298    4.329298   0.00000000   0.00000001  -0.0000   0.5764  1-[ 7, 6, 1]
  33    7.737804    7.737804   0.00000000   0.00000001  -0.0000   0.5890  1-[ 7, 6, 1]
  34    5.492875    5.492875   0.00000000   0.00000001  -0.0000   0.5209  1-[ 7, 7, 0]
  35    4.780370    4.780370   0.00000000   0.00000003  -0.0000   0.5551  1-[ 7, 4, 1]
  36   -6.092180   -6.092180   0.00000000   0.00001124  -0.0000   0.7966  1-[ 5, 2, 1]
  37   -1.463928  -12.999587   1.00000000   0.00000004  -0.0000   0.6571  1-[ 5, 4, 1]
  38    3.497167  -17.960683   1.00000000   0.00000004  -0.0000   0.5925  1-[ 5, 5, 0]
  39   11.965268  -26.428783   1.00000000   0.00000003  -0.0000   0.6748  1-[ 3, 3, 0]
  40   11.558952  -26.022468   1.00000000   0.00000002  -0.0000   0.6582  1-[ 1, 0, 1]
  41    8.874447  -23.337962   1.00000000   0.00000000  -0.0000   0.4705  1-[ 3, 3, 0]
  42   10.672930  -25.136445   1.00000000   0.00000000  -0.0000   0.6380  1-[ 1, 1, 0]
  43    8.967041  -23.430556   1.00000000   0.00000000  -0.0000   0.7939  1-[ 3, 2, 1]
  44    5.746126  -20.209642   1.00000000   0.00000000  -0.0000   0.6218  1-[ 1, 1, 0]
  45    1.804578  -16.268093   1.00000000   0.00000000  -0.0000   0.6363  1-[ 3, 0, 1]
  46   10.992070   10.992070   0.00000000   0.00000000  -0.0000   0.7155  3+[ 8, 6, 2]
  47    6.253021    6.253021   0.00000000   0.00000000  -0.0000   0.6883  3+[ 6, 3, 1]
  48    6.276745    6.276745   0.00000000   0.00000000  -0.0000   0.5960  3+[ 6, 5, 1]
  49    6.649120    6.649120   0.00000000   0.00000000  -0.0000   0.5338  3+[ 6, 4, 2]
  50   17.688286   17.688286   0.00000000   0.00000000  -0.0000   0.5914  3+[ 8, 0, 2]
  51   18.063155   18.063155   0.00000000   0.00000000  -0.0000   0.5161  3+[ 8, 1, 1]
  52   17.218370   17.218370   0.00000000   0.00000000  -0.0000   0.5417  3+[ 8, 1, 1]
  53   20.299837   20.299837   0.00000000   0.00000000  -0.0000   0.6393  3+[ 8, 3, 1]
  54   16.645049   16.645049   0.00000000   0.00000000  -0.0000   0.6763  3+[ 8, 4, 2]
  55   10.983054   10.983054   0.00000000   0.00000000  -0.0000   0.5653  3+[ 6, 1, 1]
  56    6.173337    6.173337   0.00000000   0.00000000  -0.0000   0.5877  3+[ 6, 0, 2]
  57    8.811980    8.811980   0.00000000   0.00000001  -0.0000   0.6790  3+[ 8, 5, 1]
  58    6.036263    6.036263   0.00000000   0.00000002  -0.0000   0.6824  3+[ 6, 2, 2]
  59   -7.219194   -7.244322   0.56249173   0.49607941  -0.0000   0.9538  3+[ 4, 0, 2]
  60   -5.989313   -8.474202   1.00000000   0.00000402  -0.0000   0.5992  3+[ 6, 5, 1]
  61    2.953248  -17.416763   1.00000000   0.00000003  -0.0000   0.6875  3+[ 2, 1, 1]
  62    8.455798  -22.919313   1.00000000   0.00000002  -0.0000   0.7006  3+[ 2, 1, 1]
  63    5.162173  -19.625688   1.00000000   0.00000000   0.0000   0.7826  3+[ 2, 0, 2]
  64    6.501813  -20.965328   1.00000000   0.00000000  -0.0000   0.6656  3+[ 4, 2, 2]
  65    8.538605  -23.002120   1.00000000   0.00000000  -0.0000   0.8160  3+[ 4, 3, 1]
  66    1.002549    1.002549   0.00000000   0.00000000  -0.0000   0.9370  3-[ 5, 0, 1]
  67    5.674188    5.674188   0.00000000   0.00000000  -0.0000   0.5303  3-[ 7, 1, 2]
  68    9.170563    9.170563   0.00000000   0.00000000  -0.0000   0.7181  3-[ 7, 4, 1]
  69   13.677508   13.677508   0.00000000   0.00000000  -0.0000   0.8701  3-[ 7, 0, 1]
  70    8.855556    8.855556   0.00000000   0.00000000  -0.0000   0.5108  3-[ 7, 5, 2]
  71   10.568438   10.568438   0.00000000   0.00000000  -0.0000   0.5523  3-[ 7, 1, 2]
  72    9.142067    9.142067   0.00000000   0.00000000  -0.0000   0.7385  3-[ 7, 2, 1]
  73    3.191406    3.191406   0.00000000   0.00000001  -0.0000   0.8229  3-[ 7, 3, 2]
  74    8.539404    8.539404   0.00000000   0.00000002  -0.0000   0.5740  3-[ 7, 5, 2]
  75   -7.174809   -7.288706   0.75748977   0.42860124  -0.0000   0.7849  3-[ 5, 2, 1]
  76    2.861977  -17.325493   1.00000000   0.00000003  -0.0000   0.5281  3-[ 5, 3, 2]
  77   16.541204  -31.004720   1.00000000   0.00000000  -0.0000   0.8788  3-[ 1, 0, 1]
  78    4.973950  -19.437465   1.00000000   0.00000000  -0.0000   0.7434  3-[ 3, 0, 1]
  79    8.069776  -22.533291   1.00000000   0.00000000  -0.0000   0.6156  3-[ 5, 4, 1]
  80   -3.368983  -11.094533   1.00000000   0.00000000  -0.0000   0.5840  3-[ 5, 3, 2]
  81    4.558424  -19.021939   1.00000000   0.00000000  -0.0000   0.8713  3-[ 3, 1, 2]
  82    7.095803    7.095803   0.00000000   0.00000000  -0.0000   0.6049  5+[ 6, 0, 2]
  83   14.490045   14.490045   0.00000000   0.00000000  -0.0000   0.9403  5+[ 8, 5, 3]
  84   14.073384   14.073384   0.00000000   0.00000000  -0.0000   0.6702  5+[ 8, 0, 2]
  85   16.701096   16.701096   0.00000000   0.00000000  -0.0000   0.5937  5+[ 8, 1, 3]
  86   20.031029   20.031029   0.00000000   0.00000000  -0.0000   0.7979  5+[ 8, 3, 3]
  87    9.898636    9.898636   0.00000000   0.00000000  -0.0000   0.8574  5+[ 6, 1, 3]
  88   13.537174   13.537174   0.00000000   0.00000000  -0.0000   0.4272  5+[ 8, 2, 2]
  89   18.786761   18.786761   0.00000000   0.00000000  -0.0000   0.8492  5+[ 8, 2, 2]
  90   10.797029   10.797029   0.00000000   0.00000000  -0.0000   0.8570  5+[ 8, 4, 2]
  91   10.018587   10.018587   0.00000000   0.00000001  -0.0000   0.5131  5+[ 8, 0, 2]
  92    4.742782    4.742782   0.00000000   0.00000001  -0.0000   0.5659  5+[ 8, 6, 2]
  93   -7.189804   -7.273711   0.69826982   0.45900880  -0.0000   0.7218  5+[ 6, 4, 2]
  94   -5.042147   -9.421368   1.00000000   0.00000005  -0.0000   0.8811  5+[ 4, 0, 2]
  95    4.646559  -19.110074   1.00000000   0.00000002  -0.0000   0.8767  5+[ 4, 2, 2]
  96    8.607118  -23.070634   1.00000000   0.00000001  -0.0000   0.8856  5+[ 2, 0, 2]
  97    1.071898  -15.535413   1.00000000   0.00000001  -0.0000   0.7798  5+[ 4, 1, 3]
  98    0.223730    0.223730   0.00000000   0.00000000  -0.0000   0.5904  5-[ 5, 1, 2]
  99   10.333886   10.333886   0.00000000   0.00000000  -0.0000   0.6927  5-[ 7, 0, 3]
 100    4.961492    4.961492   0.00000000   0.00000000  -0.0000   0.6722  5-[ 5, 0, 3]
 101   11.630728   11.630728   0.00000000   0.00000000  -0.0000   0.7148  5-[ 7, 1, 2]
 102   11.785659   11.785659   0.00000000   0.00000000  -0.0000   0.9279  5-[ 7, 2, 3]
 103   10.933135   10.933135   0.00000000   0.00000000  -0.0000   0.7235  5-[ 7, 3, 2]
 104    5.949332    5.949332   0.00000000   0.00000001  -0.0000   0.5038  5-[ 7, 0, 3]
 105    6.811675    6.811675   0.00000000   0.00000001  -0.0000   0.5751  5-[ 7, 4, 3]
 106   -6.315785   -6.315785   0.00000001   0.00010519  -0.0000   0.8249  5-[ 5, 2, 3]
 107    8.615417  -23.078932   1.00000000   0.00000004  -0.0000   0.9257  5-[ 3, 1, 2]
 108    0.994019  -15.457534   1.00000000   0.00000001  -0.0000   0.6938  5-[ 3, 0, 3]
 109    0.811897  -15.275413   1.00000000   0.00000000  -0.0000   0.6375  5-[ 3, 0, 3]
 110   14.530173   14.530173   0.00000000   0.00000000  -0.0000   0.6166  7+[ 8, 4, 4]
 111   15.724752   15.724752   0.00000000   0.00000000  -0.0000   0.7400  7+[ 8, 1, 3]
 112   17.130690   17.130690   0.00000000   0.00000000  -0.0000   0.5327  7+[ 8, 3, 3]
 113   12.984842   12.984842   0.00000000   0.00000000  -0.0000   0.7117  7+[ 8, 3, 3]
 114   21.268859   21.268859   0.00000000   0.00000000  -0.0000   0.7263  7+[ 8, 0, 4]
 115   20.128737   20.128737   0.00000000   0.00000000  -0.0000   0.7636  7+[ 8, 2, 4]
 116   11.028789   11.028789   0.00000000   0.00000000  -0.0000   0.6207  7+[ 6, 0, 4]
 117    9.740998    9.740998   0.00000000   0.00000000  -0.0000   0.6148  7+[ 8, 5, 3]
 118    5.866989    5.866989   0.00000000   0.00000001  -0.0000   0.7426  7+[ 6, 2, 4]
 119   -5.649883   -5.649883   0.00000000   0.00000014  -0.0000   0.8252  7+[ 6, 3, 3]
 120   -6.478535   -7.984980   0.99999971   0.00053555  -0.0000   0.9713  7+[ 4, 0, 4]
 121    1.953402  -16.416917   1.00000000   0.00000001  -0.0000   0.9316  7+[ 4, 1, 3]
 122    3.691201    3.691201   0.00000000   0.00000000  -0.0000   0.8592  7-[ 7, 4, 3]
 123   -1.245899   -1.245899   0.00000000   0.00000000  -0.0000   0.7251  7-[ 5, 1, 4]
 124   12.903818   12.903818   0.00000000   0.00000000  -0.0000   0.8953  7-[ 7, 1, 4]
 125    5.094653    5.094653   0.00000000   0.00000000  -0.0000   0.6059  7-[ 7, 2, 3]
 126    9.871561    9.871561   0.00000000   0.00000000  -0.0000   0.6379  7-[ 7, 3, 4]
 127   12.236604   12.236604   0.00000000   0.00000000  -0.0000   0.7245  7-[ 7, 0, 3]
 128   11.180326   11.180326   0.00000000   0.00000000  -0.0000   0.6287  7-[ 7, 0, 3]
 129   -1.897640  -12.565875   1.00000000   0.00000003  -0.0000   0.9075  7-[ 5, 2, 3]
 130    5.020316  -19.483831   1.00000000   0.00000000  -0.0000   0.9793  7-[ 3, 0, 3]
 131    8.749521    8.749521   0.00000000   0.00000000  -0.0000   0.9520  9+[ 6, 1, 5]
 132   13.143462   13.143462   0.00000000   0.00000000  -0.0000   0.9207  9+[ 8, 4, 4]
 133   12.029897   12.029897   0.00000000   0.00000000  -0.0000   0.7712  9+[ 6, 0, 4]
 134   14.869342   14.869342   0.00000000   0.00000000  -0.0000   0.7561  9+[ 8, 3, 5]
 135   23.377473   23.377473   0.00000000   0.00000000  -0.0000   0.9798  9+[ 8, 1, 5]
 136   18.034364   18.034364   0.00000000   0.00000000  -0.0000   0.9627  9+[ 8, 2, 4]
 137   18.922369   18.922369   0.00000000   0.00000000  -0.0000   0.8723  9+[ 8, 0, 4]
 138   -1.815136   -1.815136   0.00000000   0.00000000  -0.0000   0.9333  9+[ 6, 2, 4]
 139   -1.132836  -13.330679   1.00000000   0.00000001  -0.0000   0.9792  9+[ 4, 0, 4]
 140    1.731990    1.731990   0.00000000   0.00000000  -0.0000   0.9907  9-[ 5, 0, 5]
 141   12.517460   12.517460   0.00000000   0.00000000  -0.0000   0.9750  9-[ 7, 1, 4]
 142   17.714598   17.714598   0.00000000   0.00000000  -0.0000   0.9532  9-[ 7, 0, 5]
 143   13.669994   13.669994   0.00000000   0.00000000  -0.0000   0.9674  9-[ 7, 2, 5]
 144    5.482941    5.482941   0.00000000   0.00000001  -0.0000   0.9600  9-[ 7, 3, 4]
 145   -5.948089   -8.515426   1.00000000   0.00000266  -0.0000   0.9542  9-[ 5, 1, 4]
 146   17.780362   17.780362   0.00000000   0.00000000  -0.0000   0.7832 11+[ 8, 1, 5]
 147   23.045132   23.045132   0.00000000   0.00000000  -0.0000   0.8761 11+[ 8, 2, 6]
 148   12.716689   12.716689   0.00000000   0.00000000  -0.0000   0.7550 11+[ 8, 3, 5]
 149    3.744587    3.744587   0.00000000   0.00000000  -0.0000   0.7827 11+[ 6, 1, 5]
 150   12.964917   12.964917   0.00000000   0.00000000  -0.0000   0.9016 11+[ 6, 0, 6]
 151   23.323661   23.323661   0.00000000   0.00000000  -0.0000   0.8716 11+[ 8, 0, 6]
 152   14.366843   14.366843   0.00000000   0.00000000  -0.0000   0.9347 11-[ 7, 1, 6]
 153    9.864177    9.864177   0.00000000   0.00000000  -0.0000   0.9166 11-[ 7, 2, 5]
 154   -4.619877   -4.619877   0.00000000   0.00000000  -0.0000   0.9521 11-[ 5, 0, 5]
 155   14.279753   14.279753   0.00000000   0.00000000  -0.0000   0.9693 11-[ 7, 0, 5]
 156   23.478672   23.478672   0.00000000   0.00000000  -0.0000   0.9311 13+[ 8, 1, 7]
 157   18.895387   18.895387   0.00000000   0.00000000  -0.0000   0.9119 13+[ 8, 2, 6]
 158    7.270536    7.270536   0.00000000   0.00000000  -0.0000   0.8092 13+[ 6, 0, 6]
 159   17.939948   17.939948   0.00000000   0.00000000  -0.0000   0.8018 13+[ 8, 0, 6]
 160    9.842104    9.842104   0.00000000   0.00000000  -0.0000   1.0000 13-[ 7, 1, 6]
 161   20.309368   20.309368   0.00000000   0.00000000  -0.0000   1.0000 13-[ 7, 0, 7]
 162   19.107378   19.107378   0.00000000   0.00000000  -0.0000   1.0000 15+[ 8, 1, 7]
 163   29.107225   29.107225   0.00000000   0.00000000  -0.0000   1.0000 15+[ 8, 0, 8]
 164   12.951864   12.951864   0.00000000   0.00000000  -0.0000   1.0000 15-[ 7, 0, 7]
 165   22.239872   22.239872   0.00000000   0.00000000  -0.0000   1.0000 17+[ 8, 0, 8]
  Sum canonical e_v*V^2_k=  -1691.1365102186985     


 #quasiparticle energies protons 
 --------------------------------
  eqp(k) -> q.p. energy 
  e(k)   -> referent s.p. energy 
  p(k)   -> occ.probability 
  del(k) -> referent s.p. gap 
  fermi energy alast=  -7.6100692615644236     
  #k  block#    eqp(k)     e(k)       (1-2N)E      decay        p(k)        del(k)    overl      labels
   1    1     0.896369   -6.713700    0.896369    1.280992    0.00000000   0.0000   0.8795  1+[ 4, 1, 1]
   2    1     3.428603  -11.038672   -3.428603    1.459254    1.00000000   0.0000   0.7407  1+[ 4, 2, 0]
   3    1     3.863302   -3.746767    3.863302    1.487709    0.00000000   0.0000   0.4009  1+[ 6, 4, 0]
   4    1     5.634760   -1.975310    5.634760    1.598437    0.00000000   0.0000   0.9551  1+[ 4, 0, 0]
   5    1     6.037544  -13.647613   -6.037544    1.622560    1.00000000   0.0000   0.6282  1+[ 4, 3, 1]
   6    1     8.244618    0.634549    8.244618    1.748845    0.00000000   0.0000   0.4950  1+[ 6, 6, 0]
   7    1     9.494388  -17.104457   -9.494388    1.816465    1.00000000   0.0000   0.4923  1+[ 4, 4, 0]
   8    1    10.183650    2.573581   10.183650    1.852703    0.00000000   0.0000   0.5565  1+[ 6, 4, 0]
   9    1    12.745871  -20.355940  -12.745871    1.981609    1.00000000   0.0000   0.8932  1+[ 2, 0, 0]
  10    1    13.747844    6.137775   13.747844    2.029793    0.00000000   0.0000   0.7304  1+[ 6, 3, 1]
  11    1    17.349357  -24.959426  -17.349357    2.194268    1.00000000   0.0000   0.8652  1+[ 2, 1, 1]
  12    1    17.508722    9.898653   17.508722    2.201262    0.00000000   0.0000   0.8511  1+[ 6, 2, 0]
  13    1    20.214265  -27.824334  -20.214265    2.316780    1.00000000   0.0000   0.6930  1+[ 2, 2, 0]
  14    1    22.169785   14.559716   22.169785    2.396811    0.00000000   0.0000   0.9152  1+[ 6, 1, 1]
  15    1    22.996363   15.386294   22.996363    2.429846    0.00000000   0.0000   0.5292  1+[ 8, 6, 0]
  16    1    25.123730   17.513661   25.123730    2.512874    0.00000000   0.0000   0.9482  1+[ 6, 0, 0]
  17    1    27.278356  -34.888425  -27.278356    2.594258    1.00000000   0.0000   0.8819  1+[ 0, 0, 0]
  18    1    29.683679   22.073610   29.683679    2.682196    0.00000000   0.0000   0.5625  1+[ 8, 7, 1]
  19    1    30.494870   22.884801   30.494870    2.711209    0.00000000   0.0000   0.4584  1+[ 8, 7, 1]
  20    1    32.429968   24.819899   32.429968    2.779199    0.00000000   0.0000   0.5790  1+[ 8, 6, 0]
  21    1    33.879349   26.269280   33.879349    2.829053    0.00000000   0.0000   0.7072  1+[ 8, 4, 0]
  22    1    36.281682   28.671613   36.281682    2.909805    0.00000000   0.0000   0.7462  1+[ 8, 3, 1]
  23    1    37.699033   30.088964   37.699033    2.956413    0.00000000   0.0000   0.7473  1+[ 8, 2, 0]
  24    1    38.705241   31.095171   38.705241    2.989061    0.00000000   0.0000   0.9333  1+[ 8, 1, 1]
  25    1    39.955591   32.345521   39.955591    3.029139    0.00000000   0.0000   0.9544  1+[ 8, 0, 0]
  26    2     0.799417   -6.810652    0.799417    1.273671    0.00000000   0.0000   0.5053  1-[ 5, 4, 1]
  27    2     2.764890  -10.374959   -2.764890    1.414704    1.00000000   0.0000   0.4470  1-[ 5, 5, 0]
  28    2     2.875084   -4.734985    2.875084    1.422197    0.00000000   0.0000   0.6767  1-[ 5, 3, 0]
  29    2     3.479965  -11.090035   -3.479965    1.462645    1.00000000   0.0000   0.9078  1-[ 3, 0, 1]
  30    2     6.864447   -0.745622    6.864447    1.670992    0.00000000   0.0000   0.8169  1-[ 5, 2, 1]
  31    2     8.791763  -16.401833   -8.791763    1.778765    1.00000000   0.0000   0.8518  1-[ 3, 1, 0]
  32    2    11.035690    3.425621   11.035690    1.896542    0.00000000   0.0000   0.9325  1-[ 5, 1, 0]
  33    2    12.113034  -19.723103  -12.113034    1.950563    1.00000000   0.0000   0.7484  1-[ 3, 2, 1]
  34    2    15.169407  -22.779476  -15.169407    2.096256    1.00000000   0.0000   0.5925  1-[ 3, 3, 0]
  35    2    15.428429    7.818360   15.428429    2.108140    0.00000000   0.0000   0.5385  1-[ 7, 5, 0]
  36    2    17.474054    9.863984   17.474054    2.199743    0.00000000   0.0000   0.9590  1-[ 5, 0, 1]
  37    2    20.942938  -28.553007  -20.942938    2.346920    1.00000000   0.0000   0.9198  1-[ 1, 0, 1]
  38    2    21.190480   13.580410   21.190480    2.357072    0.00000000   0.0000   0.5628  1-[ 7, 7, 0]
  39    2    22.236734   14.626664   22.236734    2.399503    0.00000000   0.0000   0.4892  1-[ 7, 6, 1]
  40    2    24.608366  -32.218435  -24.608366    2.493014    1.00000000   0.0000   0.8377  1-[ 1, 1, 0]
  41    2    25.034034   17.423965   25.034034    2.509428    0.00000000   0.0000   0.6610  1-[ 7, 4, 1]
  42    2    27.100957   19.490888   27.100957    2.587654    0.00000000   0.0000   0.7758  1-[ 7, 3, 0]
  43    2    30.038794   22.428725   30.038794    2.694935    0.00000000   0.0000   0.8679  1-[ 7, 2, 1]
  44    2    31.436557   23.826488   31.436557    2.744506    0.00000000   0.0000   0.9411  1-[ 7, 1, 0]
  45    2    33.763109   26.153040   33.763109    2.825087    0.00000000   0.0000   0.9898  1-[ 7, 0, 1]
  46    3     0.097260   -7.707330   -0.097260    1.219339    1.00000000   0.0000   0.8738  3+[ 4, 1, 1]
  47    3     3.356195  -10.966265   -3.356195    1.454460    1.00000000   0.0000   0.7984  3+[ 4, 2, 2]
  48    3     4.508368   -3.101702    4.508368    1.528959    0.00000000   0.0000   0.5690  3+[ 6, 5, 1]
  49    3     5.803023   -1.807046    5.803023    1.608559    0.00000000   0.0000   0.9593  3+[ 4, 0, 2]
  50    3     8.277943  -15.888012   -8.277943    1.750682    1.00000000   0.0000   0.6737  3+[ 4, 3, 1]
  51    3    10.283360    2.673291   10.283360    1.857887    0.00000000   0.0000   0.6294  3+[ 6, 4, 2]
  52    3    12.522925    4.912856   12.522925    1.970728    0.00000000   0.0000   0.7121  3+[ 6, 3, 1]
  53    3    13.317692  -20.927762  -13.317692    2.009249    1.00000000   0.0000   0.9432  3+[ 2, 0, 2]
  54    3    17.106357    9.496288   17.106357    2.183561    0.00000000   0.0000   0.8690  3+[ 6, 2, 2]
  55    3    18.442017  -26.052087  -18.442017    2.241784    1.00000000   0.0000   0.8719  3+[ 2, 1, 1]
  56    3    21.728823   14.118753   21.728823    2.378999    0.00000000   0.0000   0.9154  3+[ 6, 1, 1]
  57    3    23.287964   15.677894   23.287964    2.441394    0.00000000   0.0000   0.5131  3+[ 8, 7, 1]
  58    3    26.131523   18.521454   26.131523    2.551263    0.00000000   0.0000   0.9509  3+[ 6, 0, 2]
  59    3    30.158344   22.548275   30.158344    2.699211    0.00000000   0.0000   0.6496  3+[ 8, 7, 1]
  60    3    31.173483   23.563414   31.173483    2.735245    0.00000000   0.0000   0.5679  3+[ 8, 5, 1]
  61    3    34.332867   26.722797   34.332867    2.844473    0.00000000   0.0000   0.7841  3+[ 8, 4, 2]
  62    3    36.020632   28.410563   36.020632    2.901139    0.00000000   0.0000   0.8047  3+[ 8, 3, 1]
  63    3    38.026913   30.416844   38.026913    2.967091    0.00000000   0.0000   0.6523  3+[ 8, 2, 2]
  64    3    38.619121   31.009052   38.619121    2.986280    0.00000000   0.0000   0.7489  3+[ 8, 1, 1]
  65    3    40.801634   33.191564   40.801634    3.055960    0.00000000   0.0000   0.9608  3+[ 8, 0, 2]
  66    4     2.001371   -9.611440   -2.001371    1.361654    1.00000000   0.0000   0.6410  3-[ 5, 4, 1]
  67    4     3.324872   -4.285197    3.324872    1.452381    0.00000000   0.0000   0.7194  3-[ 5, 3, 2]
  68    4     4.303619  -11.913688   -4.303619    1.515987    1.00000000   0.0000   0.9092  3-[ 3, 0, 1]
  69    4     5.858329   -1.751740    5.858329    1.611871    0.00000000   0.0000   0.8033  3-[ 5, 2, 1]
  70    4     9.043377  -16.653446   -9.043377    1.792357    1.00000000   0.0000   0.8942  3-[ 3, 1, 2]
  71    4    11.068477    3.458407   11.068477    1.898209    0.00000000   0.0000   0.9322  3-[ 5, 1, 2]
  72    4    13.684056  -21.294125  -13.684056    2.026760    1.00000000   0.0000   0.7670  3-[ 3, 2, 1]
  73    4    15.716592    8.106523   15.716592    2.121284    0.00000000   0.0000   0.5638  3-[ 7, 6, 1]
  74    4    17.147129    9.537060   17.147129    2.185361    0.00000000   0.0000   0.9535  3-[ 5, 0, 1]
  75    4    21.623180  -29.233250  -21.623180    2.374712    1.00000000   0.0000   0.9095  3-[ 1, 0, 1]
  76    4    21.899695   14.289626   21.899695    2.385917    0.00000000   0.0000   0.6232  3-[ 7, 5, 2]
  77    4    23.241349   15.631280   23.241349    2.439552    0.00000000   0.0000   0.6417  3-[ 7, 4, 1]
  78    4    26.610061   18.999992   26.610061    2.569291    0.00000000   0.0000   0.8451  3-[ 7, 3, 2]
  79    4    29.692483   22.082413   29.692483    2.682512    0.00000000   0.0000   0.8980  3-[ 7, 2, 1]
  80    4    32.473022   24.862953   32.473022    2.780693    0.00000000   0.0000   0.9734  3-[ 7, 1, 2]
  81    4    33.560484   25.950415   33.560484    2.818161    0.00000000   0.0000   0.9843  3-[ 7, 0, 1]
  82    5     0.093926   -7.516143    0.093926    1.219075    0.00000000   0.0000   0.9115  5+[ 4, 1, 3]
  83    5     4.293847   -3.316223    4.293847    1.515365    0.00000000   0.0000   0.9440  5+[ 4, 0, 2]
  84    5     5.852706   -1.757363    5.852706    1.611535    0.00000000   0.0000   0.7140  5+[ 6, 4, 2]
  85    5     6.534584  -14.144653   -6.534584    1.651842    1.00000000   0.0000   0.8178  5+[ 4, 2, 2]
  86    5    13.004764    5.394695   13.004764    1.994171    0.00000000   0.0000   0.7605  5+[ 6, 3, 3]
  87    5    15.203983  -22.814052  -15.203983    2.097846    1.00000000   0.0000   0.9338  5+[ 2, 0, 2]
  88    5    15.432911    7.822842   15.432911    2.108345    0.00000000   0.0000   0.8481  5+[ 6, 2, 2]
  89    5    21.155585   13.545516   21.155585    2.355643    0.00000000   0.0000   0.9480  5+[ 6, 1, 3]
  90    5    23.861080   16.251011   23.861080    2.463932    0.00000000   0.0000   0.6817  5+[ 8, 6, 2]
  91    5    25.390789   17.780720   25.390789    2.523103    0.00000000   0.0000   0.9461  5+[ 6, 0, 2]
  92    5    31.287839   23.677769   31.287839    2.739274    0.00000000   0.0000   0.6036  5+[ 8, 5, 3]
  93    5    32.459003   24.848934   32.459003    2.780207    0.00000000   0.0000   0.7167  5+[ 8, 4, 2]
  94    5    36.024853   28.414784   36.024853    2.901279    0.00000000   0.0000   0.8347  5+[ 8, 3, 3]
  95    5    37.080450   29.470381   37.080450    2.936163    0.00000000   0.0000   0.8487  5+[ 8, 2, 2]
  96    5    39.331286   31.721217   39.331286    3.009194    0.00000000   0.0000   0.9519  5+[ 8, 1, 3]
  97    5    40.269479   32.659410   40.269479    3.039117    0.00000000   0.0000   0.9578  5+[ 8, 0, 2]
  98    6     0.397609   -8.007678   -0.397609    1.242870    1.00000000   0.0000   0.7677  5-[ 5, 3, 2]
  99    6     4.651318  -12.261387   -4.651318    1.537950    1.00000000   0.0000   0.9569  5-[ 3, 0, 3]
 100    6     6.272070   -1.337999    6.272070    1.636442    0.00000000   0.0000   0.8474  5-[ 5, 2, 3]
 101    6     9.527569    1.917500    9.527569    1.818226    0.00000000   0.0000   0.9224  5-[ 5, 1, 2]
 102    6    11.571184  -19.181254  -11.571184    1.923583    1.00000000   0.0000   0.9035  5-[ 3, 1, 2]
 103    6    15.739749    8.129680   15.739749    2.122336    0.00000000   0.0000   0.9749  5-[ 5, 0, 3]
 104    6    16.297718    8.687649   16.297718    2.147544    0.00000000   0.0000   0.7352  5-[ 7, 5, 2]
 105    6    23.318421   15.708352   23.318421    2.442597    0.00000000   0.0000   0.7191  5-[ 7, 4, 3]
 106    6    24.818847   17.208778   24.818847    2.501144    0.00000000   0.0000   0.8020  5-[ 7, 3, 2]
 107    6    28.959504   21.349435   28.959504    2.656026    0.00000000   0.0000   0.9407  5-[ 7, 2, 3]
 108    6    31.552347   23.942278   31.552347    2.748572    0.00000000   0.0000   0.9781  5-[ 7, 1, 2]
 109    6    34.298453   26.688384   34.298453    2.843306    0.00000000   0.0000   0.9926  5-[ 7, 0, 3]
 110    7     4.060152  -11.670222   -4.060152    1.500417    1.00000000   0.0000   0.9255  7+[ 4, 1, 3]
 111    7     4.708601   -2.901469    4.708601    1.541538    0.00000000   0.0000   0.9636  7+[ 4, 0, 4]
 112    7     7.814533    0.204464    7.814533    1.724962    0.00000000   0.0000   0.8144  7+[ 6, 3, 3]
 113    7    16.210219    8.600150   16.210219    2.143611    0.00000000   0.0000   0.8700  7+[ 6, 2, 4]
 114    7    19.231472   11.621403   19.231472    2.275496    0.00000000   0.0000   0.9392  7+[ 6, 1, 3]
 115    7    24.853189   17.243120   24.853189    2.502468    0.00000000   0.0000   0.8084  7+[ 8, 5, 3]
 116    7    25.658787   18.048717   25.658787    2.533328    0.00000000   0.0000   0.9777  7+[ 6, 0, 4]
 117    7    33.100082   25.490013   33.100082    2.802359    0.00000000   0.0000   0.6684  7+[ 8, 4, 4]
 118    7    34.190931   26.580862   34.190931    2.839656    0.00000000   0.0000   0.7609  7+[ 8, 3, 3]
 119    7    37.712425   30.102355   37.712425    2.956850    0.00000000   0.0000   0.8986  7+[ 8, 1, 3]
 120    7    38.579664   30.969595   38.579664    2.985006    0.00000000   0.0000   0.8496  7+[ 8, 2, 4]
 121    7    40.442862   32.832793   40.442862    3.044615    0.00000000   0.0000   0.9772  7+[ 8, 0, 4]
 122    8     1.636737   -5.973332    1.636737    1.335575    0.00000000   0.0000   0.8711  7-[ 5, 2, 3]
 123    8     8.042899  -15.652969   -8.042899    1.737684    1.00000000   0.0000   0.9548  7-[ 3, 0, 3]
 124    8     9.995285    2.385215    9.995285    1.842870    0.00000000   0.0000   0.9342  7-[ 5, 1, 4]
 125    8    13.981425    6.371356   13.981425    2.040863    0.00000000   0.0000   0.9715  7-[ 5, 0, 3]
 126    8    17.405363    9.795294   17.405363    2.196729    0.00000000   0.0000   0.8447  7-[ 7, 4, 3]
 127    8    25.421128   17.811059   25.421128    2.524263    0.00000000   0.0000   0.8238  7-[ 7, 3, 4]
 128    8    27.023762   19.413693   27.023762    2.584775    0.00000000   0.0000   0.9045  7-[ 7, 2, 3]
 129    8    32.051959   24.441889   32.051959    2.766049    0.00000000   0.0000   0.9778  7-[ 7, 1, 4]
 130    8    33.140000   25.529931   33.140000    2.803733    0.00000000   0.0000   0.9869  7-[ 7, 0, 3]
 131    9     0.246810   -7.856880   -0.246810    1.231112    1.00000000   0.0000   0.9677  9+[ 4, 0, 4]
 132    9    10.214211    2.604141   10.214211    1.854293    0.00000000   0.0000   0.8965  9+[ 6, 2, 4]
 133    9    20.147954   12.537885   20.147954    2.314018    0.00000000   0.0000   0.9423  9+[ 6, 1, 5]
 134    9    23.604684   15.994615   23.604684    2.453875    0.00000000   0.0000   0.9763  9+[ 6, 0, 4]
 135    9    26.429321   18.819251   26.429321    2.562497    0.00000000   0.0000   0.8856  9+[ 8, 4, 4]
 136    9    35.390481   27.780412   35.390481    2.880112    0.00000000   0.0000   0.7147  9+[ 8, 3, 5]
 137    9    36.255288   28.645218   36.255288    2.908930    0.00000000   0.0000   0.7713  9+[ 8, 2, 4]
 138    9    38.929105   31.319036   38.929105    2.996276    0.00000000   0.0000   0.9884  9+[ 8, 0, 4]
 139    9    40.866382   33.256312   40.866382    3.058002    0.00000000   0.0000   0.9796  9+[ 8, 1, 5]
 140   10     4.551384   -3.058685    4.551384    1.531670    0.00000000   0.0000   0.9496  9-[ 5, 1, 4]
 141   10    14.635486    7.025417   14.635486    2.071543    0.00000000   0.0000   0.9742  9-[ 5, 0, 5]
 142   10    18.976404   11.366335   18.976404    2.264659    0.00000000   0.0000   0.9137  9-[ 7, 3, 4]
 143   10    28.165432   20.555362   28.165432    2.627032    0.00000000   0.0000   0.9249  9-[ 7, 2, 5]
 144   10    29.919402   22.309333   29.919402    2.690659    0.00000000   0.0000   0.9747  9-[ 7, 1, 4]
 145   10    35.248665   27.638596   35.248665    2.875359    0.00000000   0.0000   0.9953  9-[ 7, 0, 5]
 146   11    13.473377    5.863308   13.473377    2.016709    0.00000000   0.0000   0.9558 11+[ 6, 1, 5]
 147   11    24.763960   17.153890   24.763960    2.499026    0.00000000   0.0000   0.9770 11+[ 6, 0, 6]
 148   11    28.536334   20.926264   28.536334    2.640614    0.00000000   0.0000   0.9393 11+[ 8, 3, 5]
 149   11    38.047985   30.437915   38.047985    2.967776    0.00000000   0.0000   0.8124 11+[ 8, 1, 5]
 150   11    38.624686   31.014616   38.624686    2.986460    0.00000000   0.0000   0.7893 11+[ 8, 2, 6]
 151   11    43.162237   35.552168   43.162237    3.129579    0.00000000   0.0000   0.9929 11+[ 8, 0, 6]
 152   12     8.542277    0.932207    8.542277    1.765185    0.00000000   0.0000   0.9795 11-[ 5, 0, 5]
 153   12    21.326228   13.716159   21.326228    2.362620    0.00000000   0.0000   0.9638 11-[ 7, 2, 5]
 154   12    31.546089   23.936020   31.546089    2.748353    0.00000000   0.0000   0.9773 11-[ 7, 1, 6]
 155   12    32.912275   25.302205   32.912275    2.795888    0.00000000   0.0000   0.9924 11-[ 7, 0, 5]
 156   13    17.627541   10.017472   17.627541    2.206462    0.00000000   0.0000   0.9756 13+[ 6, 0, 6]
 157   13    31.430586   23.820517   31.430586    2.744296    0.00000000   0.0000   0.9743 13+[ 8, 2, 6]
 158   13    40.375649   32.765580   40.375649    3.042485    0.00000000   0.0000   0.9836 13+[ 8, 0, 6]
 159   13    41.668914   34.058845   41.668914    3.083211    0.00000000   0.0000   0.9814 13+[ 8, 1, 7]
 160   14    24.639538   17.029469   24.639538    2.494219    0.00000000   0.0000   0.9936 13-[ 7, 1, 6]
 161   14    35.323922   27.713853   35.323922    2.877882    0.00000000   0.0000   0.9936 13-[ 7, 0, 7]
 162   15    35.029167   27.419098   35.029167    2.867987    0.00000000   0.0000   0.9945 15+[ 8, 1, 7]
 163   15    45.080815   37.470746   45.080815    3.188160    0.00000000   0.0000   0.9945 15+[ 8, 0, 8]
 164   16    28.641567   21.031498   28.641567    2.644455    0.00000000   0.0000   1.0000 15-[ 7, 0, 7]
 165   17    38.947089   31.337020   38.947089    2.996855    0.00000000   0.0000   1.0000 17+[ 8, 0, 8]
#all active are  165 q.p. states out of  165
#since the cut off is pwi=  60.0
#check: number of protons =  64.0


 #canonical s.p. energies protons 
 ---------------------------------


  labels -> {2*omega}{parity}[nn=nz+2*nr+nl,nz,nl]
  cqpe   -> canonical q.p. energies
  ce     -> canonical s.p. energies
  fermi energy=  -7.6100692615644236     
  average cdelt=   5.1268200509421027E-023
  k0      ceqp        ce         v*v       u*v        cdel     overl      labels
   1    4.132321    4.132321   0.00000000   0.00000000   0.0000   0.5546  1+[ 4, 0, 0]
   2    6.877520    6.877520   0.00000000   0.00000000   0.0000   0.6380  1+[ 6, 5, 1]
   3   15.327200   15.327200   0.00000000   0.00000000   0.0000   0.4187  1+[ 8, 0, 0]
   4   16.398737   16.398737   0.00000000   0.00000000   0.0000   0.6224  1+[ 8, 8, 0]
   5   19.892593   19.892593   0.00000000   0.00000000   0.0000   0.4589  1+[ 6, 1, 1]
   6   27.323132   27.323132   0.00000000   0.00000000   0.0000   0.6984  1+[ 8, 1, 1]
   7   21.701860   21.701860   0.00000000   0.00000000   0.0000   0.4311  1+[ 6, 2, 0]
   8   17.855462   17.855462   0.00000000   0.00000000   0.0000   0.7484  1+[ 6, 0, 0]
   9   23.004110   23.004110   0.00000000   0.00000000   0.0000   0.6095  1+[ 8, 3, 1]
  10   21.111709   21.111709   0.00000000   0.00000000   0.0000   0.6592  1+[ 8, 5, 1]
  11   14.635546   14.635546   0.00000000   0.00000000   0.0000   0.6188  1+[ 8, 4, 0]
  12   21.543596   21.543596   0.00000000   0.00000000   0.0000   0.5045  1+[ 8, 6, 0]
  13   14.861774   14.861774   0.00000000   0.00000001   0.0000   0.4678  1+[ 8, 6, 0]
  14    9.904967    9.904967   0.00000000   0.00000001   0.0000   0.5713  1+[ 8, 7, 1]
  15    9.398185    9.398185   0.00000000   0.00000001   0.0000   0.4397  1+[ 8, 7, 1]
  16   24.923327   24.923327   0.00000000   0.00000002   0.0000   0.5608  1+[ 8, 0, 0]
  17   10.338972   10.338972   0.00000000   0.00000002   0.0000   0.4987  1+[ 4, 0, 0]
  18   -6.713700   -6.713700   0.00000002   0.00012797   0.0000   0.8795  1+[ 4, 1, 1]
  19   -1.216547  -14.003592   1.00000000   0.00000004   0.0000   0.5385  1+[ 4, 3, 1]
  20    9.981514  -25.201653   1.00000000   0.00000003   0.0000   0.6022  1+[ 2, 2, 0]
  21    7.262340  -22.482479   1.00000000   0.00000002   0.0000   0.5070  1+[ 4, 2, 0]
  22   14.476877  -29.697015   1.00000000   0.00000000   0.0000   0.8050  1+[ 0, 0, 0]
  23    0.870026  -16.090164   1.00000000   0.00000000   0.0000   0.6313  1+[ 2, 0, 0]
  24    4.409479  -19.629618   1.00000000   0.00000000   0.0000   0.6654  1+[ 2, 1, 1]
  25    7.494209  -22.714348   1.00000000   0.00000000   0.0000   0.5535  1+[ 2, 2, 0]
  26   11.047744   11.047744   0.00000000   0.00000000   0.0000   0.7376  1-[ 7, 6, 1]
  27   -0.211241   -0.211241   0.00000000   0.00000000   0.0000   0.5961  1-[ 5, 2, 1]
  28   11.641945   11.641945   0.00000000   0.00000000   0.0000   0.5913  1-[ 5, 0, 1]
  29    8.567833    8.567833   0.00000000   0.00000000   0.0000   0.7494  1-[ 7, 5, 0]
  30   15.964889   15.964889   0.00000000   0.00000000   0.0000   0.5326  1-[ 7, 4, 1]
  31   20.086891   20.086891   0.00000000   0.00000000   0.0000   0.6912  1-[ 7, 0, 1]
  32   20.804599   20.804599   0.00000000   0.00000000   0.0000   0.8571  1-[ 7, 1, 0]
  33   17.232813   17.232813   0.00000000   0.00000000   0.0000   0.9662  1-[ 7, 3, 0]
  34    9.363038    9.363038   0.00000000   0.00000001   0.0000   0.5331  1-[ 5, 2, 1]
  35   11.758159   11.758159   0.00000000   0.00000001   0.0000   0.5868  1-[ 5, 1, 0]
  36   14.064335   14.064335   0.00000000   0.00000001   0.0000   0.6509  1-[ 7, 4, 1]
  37   12.836534   12.836534   0.00000000   0.00000002   0.0000   0.5010  1-[ 5, 3, 0]
  38   -6.810652   -6.810652   0.00000011   0.00033742   0.0000   0.5053  1-[ 5, 4, 1]
  39   -4.500530  -10.719608   1.00000000   0.00000014   0.0000   0.7608  1-[ 3, 0, 1]
  40    5.915999  -21.136137   1.00000000   0.00000002   0.0000   0.7753  1-[ 3, 2, 1]
  41   16.151475  -31.371614   1.00000000   0.00000001   0.0000   0.7206  1-[ 1, 1, 0]
  42   12.532303  -27.752441   1.00000000   0.00000000   0.0000   0.8231  1-[ 1, 0, 1]
  43    6.215215  -21.435353   1.00000000   0.00000000   0.0000   0.5572  1-[ 3, 3, 0]
  44    2.750557  -17.970695   1.00000000   0.00000000   0.0000   0.7866  1-[ 3, 1, 0]
  45   -4.465140  -10.754999   1.00000000   0.00000000   0.0000   0.5324  1-[ 3, 0, 1]
  46   16.847636   16.847636   0.00000000   0.00000000   0.0000   0.9508  3+[ 8, 7, 1]
  47   10.464502   10.464502   0.00000000   0.00000000   0.0000   0.6034  3+[ 6, 4, 2]
  48   11.719235   11.719235   0.00000000   0.00000000   0.0000   0.4560  3+[ 6, 0, 2]
  49   22.401710   22.401710   0.00000000   0.00000000   0.0000   0.8934  3+[ 8, 5, 1]
  50   27.824397   27.824397   0.00000000   0.00000000  -0.0000   0.8841  3+[ 8, 1, 1]
  51   24.628105   24.628105   0.00000000   0.00000000   0.0000   0.7214  3+[ 8, 2, 2]
  52   21.993631   21.993631   0.00000000   0.00000000   0.0000   0.6077  3+[ 6, 2, 2]
  53   26.492957   26.492957   0.00000000   0.00000000   0.0000   0.7747  3+[ 8, 0, 2]
  54   25.978291   25.978291   0.00000000   0.00000000   0.0000   0.8145  3+[ 8, 4, 2]
  55   21.506990   21.506990   0.00000000   0.00000000   0.0000   0.6480  3+[ 8, 3, 1]
  56   19.651928   19.651928   0.00000000   0.00000000   0.0000   0.8655  3+[ 8, 6, 2]
  57    7.602515    7.602515   0.00000000   0.00000001   0.0000   0.7395  3+[ 6, 3, 1]
  58    8.478431    8.478431   0.00000000   0.00000001   0.0000   0.6716  3+[ 6, 5, 1]
  59   -0.961301   -0.961301   0.00000000   0.00000001   0.0000   0.9635  3+[ 4, 0, 2]
  60   11.725272   11.725272   0.00000000   0.00000002   0.0000   0.7010  3+[ 6, 0, 2]
  61   -7.512809   -7.707330   0.87492328   0.33080588   0.0000   0.8738  3+[ 4, 1, 1]
  62    5.317331  -20.537470   1.00000000   0.00000003   0.0000   0.9052  3+[ 2, 1, 1]
  63    4.923432  -20.143570   1.00000000   0.00000003   0.0000   0.7264  3+[ 2, 0, 2]
  64   -1.410232  -13.809906   1.00000000   0.00000001   0.0000   0.6947  3+[ 4, 2, 2]
  65    4.123040  -19.343179   1.00000000   0.00000000   0.0000   0.7348  3+[ 4, 3, 1]
  66    2.163398    2.163398   0.00000000   0.00000000   0.0000   0.6148  3-[ 5, 3, 2]
  67    4.831973    4.831973   0.00000000   0.00000000   0.0000   0.8514  3-[ 5, 1, 2]
  68   13.288260   13.288260   0.00000000   0.00000000   0.0000   0.7625  3-[ 7, 4, 1]
  69   23.877115   23.877115   0.00000000   0.00000000   0.0000   0.6867  3-[ 7, 1, 2]
  70   17.010241   17.010241   0.00000000   0.00000000   0.0000   0.9800  3-[ 7, 3, 2]
  71   20.630104   20.630104   0.00000000   0.00000000   0.0000   0.9978  3-[ 7, 2, 1]
  72   22.382632   22.382632   0.00000000   0.00000000   0.0000   0.6282  3-[ 7, 1, 2]
  73    8.414995    8.414995   0.00000000   0.00000001   0.0000   0.6473  3-[ 7, 5, 2]
  74   11.249259   11.249259   0.00000000   0.00000001   0.0000   0.4255  3-[ 7, 5, 2]
  75    2.470658    2.470658   0.00000000   0.00000002   0.0000   0.7535  3-[ 5, 2, 1]
  76   10.563096   10.563096   0.00000000   0.00000002   0.0000   0.8167  3-[ 7, 6, 1]
  77   -1.600359  -13.619780   1.00000000   0.00000004   0.0000   0.6847  3-[ 3, 1, 2]
  78    4.760162  -19.980301   1.00000000   0.00000003   0.0000   0.6000  3-[ 3, 2, 1]
  79    8.283725  -23.503863   1.00000000   0.00000002   0.0000   0.6590  3-[ 1, 0, 1]
  80    3.519030  -18.739168   1.00000000   0.00000000   0.0000   0.6251  3-[ 5, 4, 1]
  81   -2.357302  -12.862837   1.00000000   0.00000000   0.0000   0.8338  3-[ 3, 0, 1]
  82   15.640591   15.640591   0.00000000   0.00000000   0.0000   0.7965  5+[ 8, 6, 2]
  83   20.793258   20.793258   0.00000000   0.00000000   0.0000   0.4801  5+[ 6, 0, 2]
  84   22.278122   22.278122   0.00000000   0.00000000   0.0000   0.6845  5+[ 8, 1, 3]
  85   26.990164   26.990164   0.00000000   0.00000000   0.0000   0.9557  5+[ 8, 3, 3]
  86   18.090183   18.090183   0.00000000   0.00000000   0.0000   0.8712  5+[ 6, 1, 3]
  87   21.758762   21.758762   0.00000000   0.00000000   0.0000   0.8036  5+[ 8, 4, 2]
  88   23.144837   23.144837   0.00000000   0.00000000   0.0000   0.6343  5+[ 8, 0, 2]
  89   27.051751   27.051751   0.00000000   0.00000000   0.0000   0.5634  5+[ 8, 5, 3]
  90   25.738782   25.738782   0.00000000   0.00000000   0.0000   0.6420  5+[ 8, 2, 2]
  91   15.971673   15.971673   0.00000000   0.00000000   0.0000   0.6157  5+[ 6, 0, 2]
  92    2.260275    2.260275   0.00000000   0.00000001   0.0000   0.7200  5+[ 6, 4, 2]
  93    4.761464    4.761464   0.00000000   0.00000002   0.0000   0.7459  5+[ 6, 3, 3]
  94    2.033832    2.033832   0.00000000   0.00000002   0.0000   0.5462  5+[ 6, 3, 3]
  95   -7.516143   -7.516143   0.13255892   0.33909741   0.0000   0.9115  5+[ 4, 1, 3]
  96    7.390268  -22.610407   1.00000000   0.00000000   0.0000   0.9659  5+[ 2, 0, 2]
  97   -0.871840  -14.348299   1.00000000   0.00000000   0.0000   0.8550  5+[ 4, 2, 2]
  98    5.637914    5.637914   0.00000000   0.00000000   0.0000   0.6257  5-[ 5, 1, 2]
  99   19.644333   19.644333   0.00000000   0.00000000   0.0000   0.9657  5-[ 7, 2, 3]
 100   15.860359   15.860359   0.00000000   0.00000000   0.0000   0.9797  5-[ 7, 3, 2]
 101   23.231355   23.231355   0.00000000   0.00000000   0.0000   0.8189  5-[ 7, 1, 2]
 102   19.737057   19.737057   0.00000000   0.00000000   0.0000   0.7175  5-[ 7, 0, 3]
 103   11.791283   11.791283   0.00000000   0.00000001   0.0000   0.6406  5-[ 5, 0, 3]
 104   11.364483   11.364483   0.00000000   0.00000001   0.0000   0.5438  5-[ 7, 5, 2]
 105   14.445358   14.445358   0.00000000   0.00000002   0.0000   0.9481  5-[ 7, 4, 3]
 106    0.581914    0.581914   0.00000000   0.00000002   0.0000   0.8447  5-[ 5, 2, 3]
 107   -7.212460   -8.007678   0.99964823   0.01875228   0.0000   0.7677  5-[ 5, 3, 2]
 108   -2.832302  -12.387837   1.00000000   0.00000002   0.0000   0.9629  5-[ 3, 0, 3]
 109    3.834665  -19.054804   1.00000000   0.00000000   0.0000   0.9123  5-[ 3, 1, 2]
 110   -2.249294   -2.249294   0.00000000   0.00000000   0.0000   0.9928  7+[ 4, 0, 4]
 111    4.186152    4.186152   0.00000000   0.00000000   0.0000   0.9188  7+[ 6, 3, 3]
 112   22.056826   22.056826   0.00000000   0.00000000   0.0000   0.7052  7+[ 8, 5, 3]
 113   21.104072   21.104072   0.00000000   0.00000000   0.0000   0.5085  7+[ 8, 0, 4]
 114   15.477439   15.477439   0.00000000   0.00000000   0.0000   0.6883  7+[ 8, 3, 3]
 115   25.385146   25.385146   0.00000000   0.00000000   0.0000   0.7041  7+[ 8, 2, 4]
 116   24.421389   24.421389   0.00000000   0.00000000   0.0000   0.7754  7+[ 8, 4, 4]
 117   21.961278   21.961278   0.00000000   0.00000000   0.0000   0.8756  7+[ 6, 0, 4]
 118   21.305433   21.305433   0.00000000   0.00000000   0.0000   0.6410  7+[ 8, 3, 3]
 119   26.938696   26.938696   0.00000000   0.00000000   0.0000   0.7351  7+[ 8, 0, 4]
 120   18.204865   18.204865   0.00000000   0.00000000   0.0000   0.6906  7+[ 6, 1, 3]
 121   -3.549917  -11.670222   1.00000000   0.00000001   0.0000   0.9255  7+[ 4, 1, 3]
 122    9.198583    9.198583   0.00000000   0.00000000   0.0000   0.7785  7-[ 5, 1, 4]
 123    9.562733    9.562733   0.00000000   0.00000000   0.0000   0.6998  7-[ 5, 0, 3]
 124   18.739368   18.739368   0.00000000   0.00000000   0.0000   0.9826  7-[ 7, 2, 3]
 125   24.338497   24.338497   0.00000000   0.00000000   0.0000   0.9930  7-[ 7, 1, 4]
 126   15.427695   15.427695   0.00000000   0.00000000   0.0000   0.9869  7-[ 7, 3, 4]
 127   20.622583   20.622583   0.00000000   0.00000000   0.0000   0.8737  7-[ 7, 0, 3]
 128    7.858869    7.858869   0.00000000   0.00000000   0.0000   0.6755  7-[ 5, 0, 3]
 129   -5.973223   -5.973223   0.00000000   0.00000008   0.0000   0.8720  7-[ 5, 2, 3]
 130    0.432830  -15.652969   1.00000000   0.00000000   0.0000   0.9548  7-[ 3, 0, 3]
 131    6.472149    6.472149   0.00000000   0.00000000   0.0000   0.8488  9+[ 6, 2, 4]
 132   26.372605   26.372605   0.00000000   0.00000000   0.0000   0.8643  9+[ 8, 2, 4]
 133   16.687770   16.687770   0.00000000   0.00000000   0.0000   0.9834  9+[ 6, 0, 4]
 134   33.005456   33.005456   0.00000000   0.00000000   0.0000   0.9974  9+[ 8, 1, 5]
 135   25.711917   25.711917   0.00000000   0.00000000   0.0000   0.9830  9+[ 8, 3, 5]
 136   21.005235   21.005235   0.00000000   0.00000000   0.0000   0.9368  9+[ 8, 4, 4]
 137   30.700719   30.700719   0.00000000   0.00000000   0.0000   0.9330  9+[ 8, 0, 4]
 138   11.001021   11.001021   0.00000000   0.00000000   0.0000   0.9217  9+[ 6, 1, 5]
 139   -7.363259   -7.856880   0.99286943   0.08414109   0.0000   0.9677  9+[ 4, 0, 4]
 140   15.912684   15.912684   0.00000000   0.00000000   0.0000   0.7439  9-[ 7, 1, 4]
 141   16.619055   16.619055   0.00000000   0.00000000   0.0000   0.6315  9-[ 7, 1, 4]
 142    0.851710    0.851710   0.00000000   0.00000000   0.0000   0.7138  9-[ 5, 1, 4]
 143   18.115166   18.115166   0.00000000   0.00000000   0.0000   0.8110  9-[ 7, 2, 5]
 144   10.977878   10.977878   0.00000000   0.00000000   0.0000   0.8426  9-[ 5, 0, 5]
 145   23.359864   23.359864   0.00000000   0.00000000   0.0000   0.8132  9-[ 7, 0, 5]
 146   30.065710   30.065710   0.00000000   0.00000000  -0.0000   0.9570 11+[ 8, 1, 5]
 147   25.382721   25.382721   0.00000000   0.00000000   0.0000   0.8435 11+[ 8, 3, 5]
 148   26.820998   26.820998   0.00000000   0.00000000   0.0000   0.8379 11+[ 8, 2, 6]
 149    7.379073    7.379073   0.00000000   0.00000000   0.0000   0.9367 11+[ 6, 1, 5]
 150   30.889277   30.889277   0.00000000   0.00000000   0.0000   0.8800 11+[ 8, 0, 6]
 151   20.410384   20.410384   0.00000000   0.00000000   0.0000   0.8845 11+[ 6, 0, 6]
 152   23.053291   23.053291   0.00000000   0.00000000   0.0000   0.9944 11-[ 7, 1, 6]
 153   15.916918   15.916918   0.00000000   0.00000000   0.0000   0.8604 11-[ 7, 2, 5]
 154   12.341991   12.341991   0.00000000   0.00000000   0.0000   0.7191 11-[ 7, 0, 5]
 155   12.574391   12.574391   0.00000000   0.00000000   0.0000   0.6531 11-[ 5, 0, 5]
 156   33.527914   33.527914   0.00000000   0.00000000   0.0000   0.9984 13+[ 8, 1, 7]
 157   25.390385   25.390385   0.00000000   0.00000000   0.0000   0.9163 13+[ 8, 2, 6]
 158   27.616612   27.616612   0.00000000   0.00000000   0.0000   0.9103 13+[ 8, 0, 6]
 159   14.127503   14.127503   0.00000000   0.00000000   0.0000   0.9153 13+[ 6, 0, 6]
 160   17.165222   17.165222   0.00000000   0.00000000   0.0000   1.0000 13-[ 7, 1, 6]
 161   27.578100   27.578100   0.00000000   0.00000000   0.0000   1.0000 13-[ 7, 0, 7]
 162   27.529982   27.529982   0.00000000   0.00000000   0.0000   1.0000 15+[ 8, 1, 7]
 163   37.359862   37.359862   0.00000000   0.00000000   0.0000   1.0000 15+[ 8, 0, 8]
 164   21.031498   21.031498   0.00000000   0.00000000   0.0000   1.0000 15-[ 7, 0, 7]
 165   31.337020   31.337020   0.00000000   0.00000000   0.0000   1.0000 17+[ 8, 0, 8]
  Sum canonical e_v*V^2_k=  -1145.5393963639287     

  NB! From expect (UNPROJECTED RESULTS)

  pairing: CpV0,CpV1,...           0.100000       0.100000       1.000000       1.000000
  forces:   UNE1                          


                             neutrons         protons         total
  Requested part.numbs.      92.000000      64.000000     156.000000
  UnPj(av) part.numbs .      92.000000      64.000000     156.000000
  b0, bz, bp ..........       2.130153       2.136882       2.126796

  lambda (ala) ........      -7.231758      -7.610069
  Lambda (alast) ......      -7.231758      -7.610069
  delta(n,p), pwi .....       0.000000       0.000000      60.000000
  pairing energy ......       0.000000       0.000000       0.000000

  rms-radius ..........       5.267355       5.167949       5.226802
  charge-radius, r0 ...                      5.229503       6.459855
  deformation beta2....       0.388844       0.425364       0.403491
  dipole moment[fm] ...       0.000000       0.000000       0.000000
  quadrupole moment[b]       12.521548       9.172496      21.694043
  octupole moment .....       0.000000       0.000000       0.000000
  hexadecapole moment .       0.367192       0.297574       0.664767
  q5 ..................       0.000000       0.000000       0.000000
  q6 ..................      -0.023683      -0.022024      -0.045707
  q7 ..................       0.000000       0.000000       0.000000
  q8 ..................      -0.011159      -0.013947      -0.025106

  <r^0> [fm^0] ........            1.000000            1.000000            1.000000
  <r^2> [fm^2] ........           27.745031           26.707701           27.319460
  <r^4> [fm^4] ........         1030.260687          948.066800          996.540118
  <r^6> [fm^6] ........        46042.244283        40503.744625        43770.039295
  <r^8> [fm^8] ........      2360973.319835      1990806.535413      2209110.023662

  kinetic energy ......    1828.869129    1070.772540    2899.641669
  volume energy .......                                 -4780.980144
        rho_tau .......                                  -132.926704
        rho_rho .......                                 -4648.053440
  surface energy ......                                   165.939443
   rho_DELTA_rho ......                                   165.939443
   (NABLA_rho)^2 ......                                     0.000000
  spin-orbit energy ...                                   -60.636434
        rho_NABLA_J ...                                   -60.636434
        NABLA_rho_J ...                                     0.000000
  coulomb energy ......                                   519.985510
          direct ......                                   544.441894
          exchange ....                                   -24.456384
  tensor energy .......                                     0.000000
  direct Hartree E  ...                                     0.000000
  Extra E .............                                     0.000000
  External field E ....                                     0.000000
  Entropy .............       3.885505       1.627295       5.512800

  tEnergy: ehfb (qp)...                                 -1256.049954

  Calculated but not added corrections 
====================================
  cmc-diagonal part ...       0.000000       0.000000       0.000000
  cmc-hfb .............       0.000000       0.000000       0.000000
  cranking rot corr ...       0.000000       0.000000       0.000000

  SQUJ ................       0.000000       0.000000       0.000000
  CRAN x 4 ............       0.000000       0.000000       0.000000
  Rigit Body ..........       0.000000       0.000000       0.000000


   Blocking candidates are:
   neutron eqpmin=   1.2564040639979214E-002  pwiblo=   2.0016019225635890     
    num=   1 block=   3 state=   1    46 Eqp=   0.01256404  (1-2N)E=  -0.01256404  Ovlp=   0.95375521  3+[ 4, 0, 2]
    num=   2 block=   5 state=   1    82 Eqp=   0.04195362  (1-2N)E=  -0.04195362  Ovlp=   0.72180405  5+[ 6, 4, 2]
    num=   3 block=   4 state=   1    66 Eqp=   0.05694831  (1-2N)E=  -0.05694831  Ovlp=   0.78489565  3-[ 5, 2, 1]
    num=   4 block=   1 state=   1     1 Eqp=   0.19925567  (1-2N)E=  -0.19925567  Ovlp=   0.93615506  1+[ 4, 0, 0]
    num=   5 block=   7 state=   1   110 Eqp=   0.75322234  (1-2N)E=  -0.75322234  Ovlp=   0.97130006  7+[ 4, 0, 4]
    num=   6 block=   6 state=   1    98 Eqp=   0.91597304  (1-2N)E=   0.91597304  Ovlp=   0.82486307  5-[ 5, 2, 3]
    num=   7 block=   2 state=   1    26 Eqp=   1.13957723  (1-2N)E=   1.13957723  Ovlp=   0.79657163  1-[ 5, 2, 1]
    num=   8 block=   3 state=   2    47 Eqp=   1.24244464  (1-2N)E=  -1.24244464  Ovlp=   0.59914019  3+[ 6, 5, 1]
    num=   9 block=  10 state=   1   140 Eqp=   1.28366834  (1-2N)E=  -1.28366834  Ovlp=   0.95422520  9-[ 5, 1, 4]
    num=  10 block=   7 state=   2   111 Eqp=   1.58169002  (1-2N)E=   1.58169002  Ovlp=   0.82510519  7+[ 6, 3, 3]
    num=  11 block=   1 state=   2     2 Eqp=   1.59081561  (1-2N)E=   1.59081561  Ovlp=   0.48361050  1+[ 6, 6, 0]
    num=  12 block=   5 state=   2    83 Eqp=   1.69579743  (1-2N)E=  -1.69579743  Ovlp=   0.94651369  5+[ 4, 0, 2]
    num=  13 block=   1 state=   3     3 Eqp=   1.86314576  (1-2N)E=  -1.86314576  Ovlp=   0.42874932  1+[ 6, 6, 0]
    num=  14 block=  12 state=   1   152 Eqp=   1.92656727  (1-2N)E=   1.92656727  Ovlp=   0.98484472 11-[ 5, 0, 5]
    num=  15 block=   4 state=   2    67 Eqp=   1.97209116  (1-2N)E=  -1.97209116  Ovlp=   0.68184406  3-[ 5, 3, 2]

   Blocking candidates are:
   proton  eqpmin=   9.7260446727460703E-002  pwiblo=   2.0016019225635890     
    num=   1 block=   3 state=   1    46 Eqp=   0.09726045  (1-2N)E=  -0.09726045  Ovlp=   0.87384630  3+[ 4, 1, 1]
    num=   2 block=   5 state=   1    82 Eqp=   0.09392602  (1-2N)E=   0.09392602  Ovlp=   0.91145933  5+[ 4, 1, 3]
    num=   3 block=   9 state=   1   131 Eqp=   0.24681041  (1-2N)E=  -0.24681041  Ovlp=   0.96769815  9+[ 4, 0, 4]
    num=   4 block=   6 state=   1    98 Eqp=   0.39760882  (1-2N)E=  -0.39760882  Ovlp=   0.76774587  5-[ 5, 3, 2]
    num=   5 block=   2 state=   1    26 Eqp=   0.79941685  (1-2N)E=   0.79941685  Ovlp=   0.50525952  1-[ 5, 4, 1]
    num=   6 block=   1 state=   1     1 Eqp=   0.89636904  (1-2N)E=   0.89636904  Ovlp=   0.87947878  1+[ 4, 1, 1]
    num=   7 block=   8 state=   1   122 Eqp=   1.63673709  (1-2N)E=   1.63673709  Ovlp=   0.87108932  7-[ 5, 2, 3]
    num=   8 block=   4 state=   1    66 Eqp=   2.00137065  (1-2N)E=  -2.00137065  Ovlp=   0.64101663  3-[ 5, 4, 1]


