No Skyrme interaction defined in routine skforce()
Multi-threading framework with OpenMP: 1 threads/task

  =======================================
           FORTRAN 95 CODE (KIND= 8) 
               Version: 200d  
  =======================================
       AXIALLY DEFORMED CONFIGURATIONAL  
     HARTREE-FOCK-BOGOLIUBOV CALCULATIONS
                     WITH                
            UNEDF AND DELTA PAIRING      
                     USING               
             HARMONIC-OSCILLATOR         
                   AND/OR                
       TRANSFORMED HARMONIC-OSCILLATOR   
                    BASIS                
                     ---                 
               v1.66  (2005):,           
   Stoitsov,Dobaczewski,Nazarewicz,Ring, 
               v2.00d (2012):,           
         Stoitsov,Schunck,Kortelainen    
  =======================================
    Nucleus: GD (A= 156, N= 92, Z= 64)
       Reflection Symmetry Imposed       
            (10/14/2022,  6: 0)                               
  =======================================


  ---------------------------------------
           UNEDF Module Version:17
         M.Kortelainen & M.Stoitsov 
  ---------------------------------------

  UNE1 functional
  ----------------------------------
  Crho(0)=   -768.311980332479493    ; Crho(1)=    309.238800214558353    
  CDrho(0)=   898.838964988581097    ; CDrho(1)=  -220.274186358445434    
  Ctau(0)=   -6.27369609333734957    ; Ctau(1)=   -38.9454444056013642    
  CrDr(0)=   -43.4049407748834142    ; CrDr(1)=   -124.311420280246480    
  CrdJ(0)=   -70.4094241932080536    ; CrdJ(1)=   -29.5664283288176293    
  CJ(0)=      0.00000000000000000    ; CJ(1)=      0.00000000000000000    
  CpV0(0)=   0.100000000000000006    ; CpV0(1)=   0.100000000000000006    
  CpV1(0)=    1.00000000000000000    ; CpV1(1)=    1.00000000000000000    
  sigma=     0.279980715947111547    ; hbzero=     20.7355300000000007    
  e^2 chrg=   1.43997840859651305    ; CExPar=     1.00000000000000000    
  c.m. correction: F, chr. density in direct Coul: F
  use tensor terms: F
  use TMR pairing:  0

  Coupling constants in natural units
  -----------------------------------
  Crho_nu(0)=  -0.865211426924278659    ; Crho_nu(1)=   0.348239973400137959    
  CDrho_nu(0)=  0.946977532950814882    ; CDrho_nu(1)= -0.232071276052344594    
  Ctau_nu(0)=  -0.889303553966763194E-01; Ctau_nu(1)=  -0.552056102263191462    
  CrDr_nu(0)=  -0.615269970310069358    ; CrDr_nu(1)=   -1.76212851577690577    
  CrdJ_nu(0)=  -0.998061592978191525    ; CrdJ_nu(1)=  -0.419107483048864471    
  CJ_nu(0)=      0.00000000000000000    ; CJ_nu(1)=      0.00000000000000000    
  CpV0_nu(0)=   0.112611992142809880E-03; CpV0_nu(1)=   0.112611992142809880E-03
  CpV1_nu(0)=   0.887702254206059068E-03; CpV1_nu(1)=   0.887702254206059068E-03
  fpi_nu=        93.0000000000000000    ; Lambda_nu=     700.000000000000000    

  Nuclear matter properties
  ----------------------------------
      E_NM=     -15.8000000000000291      K_NM=     220.0000000000005116
      P_NM=       0.0000000000000005    RHO_NM=       0.1585631476355934
    ASS_NM=      28.8927856283197571   LASS_NM=      33.9657509236970441
  SMASS_NM=       0.9520254847660660  VMASS_NM=       1.2498385742322704

  Associated (t,x)-coupling constants
  -----------------------------------
  t0=      -2048.83194755327850    ; x0=       0.103736779063509421    
  t1=       223.128089341595057    ; x1=       -4.60795644840355134    
  t2=       1380.96423639471232    ; x2=       -1.38935252362650030    
  t3=       14381.4234398172975    ; x3=      -0.132402140530405554    
  b4=       40.8429958643904243    ; b4p=       59.1328566576352586    
  te=      -410.464681202762051    ; to=       -178.897451792138526    
  sigma=   0.279980715947111547    ; hbzero=    20.7355300000000007    

  ---------------------------------------
        Characteristics of the run       
  ---------------------------------------
  Output file ................:     7
  Nucleus ....................:   GD 156
  Number of HO shells ........:     8
  HO length b0 (fm) ..........:     2.13015292605643
  Basis deformation ..........:  beta0=   0.010 q=   1.010
  HO: b0,1/b0,bp,bz,q ........:   0.21301529E+01  0.46944986E+00  0.21267964E+01  0.21368819E+01  0.10095067E+01
  h**2/(2m), cmc, e**2 .......:   0.20735530E+02  0.20735530E+02  0.14399784E+01
  hom=f*41.0_pr*A^{-1/3}, f...:   0.91395238E+01  0.12000000E+01
  THO basis is ...............:  OFF
  Maximal number of iterations:   400
  Initial mixing parameter ...:  0.300
  Initial w.f. ...............:  from   spherical scratch
  Skyrme functional ..........:    UNE1                          
    with direct and exchange Coulomb
  Lipkin-Nogami procedure is .:  OFF
  PAV procedure is ...........:  OFF
  Constraint calculation is ..:   ON
    Constraint 1 .............: lambda=2 Ql=  -4.821
  Temperature T ..............:   0.05 MeV
  Restart indicator ..........:   1
  Broyden mixing (#iterations):   7

  ---------------------------------------
        Harmonic Oscillator Basis        
  ---------------------------------------
  NUV, NQP:                        2501     165
  Comparison with bookkeeping spherical basis:
  n00:                                8       8  Maximal number of shells
  nbx, 2*n00+1:                      17      17  Maximal number of K-blocks
  ntx, (n00+1)*(n00+2)*(n00+3)/6    165     165  Max.num. p/n levels
  nzx, n00:                           8       8  Maximal nz-quantum number
  nrx, n00/2  :                       4       4  Maximal nr-quantum number
  nlx, n00:                           8       8  Maximal ml-quantum number
  ndx, (n00+2)*(n00+2)/4:            25      25  Maximal dim. of one k-block

  Actual basis used
  Number of blocks: nb .......:   17
  Number of levels: nt .......:  165
  Maximal 2*omega : nom ......:   17
  Maximal nz:       nzm ......:    8
  Maximal nr:       nrm ......:    4
  Maximal ml:       nlm ......:    8
  Maximal N=nz+2*nr+nl .......:    8
  2 x biggest block dim. .....:   50
  Non-zero elements of h .....:     1333
  Number of Broyden elements .:     5332

  ---------------------------------------
            Integration Meshes           
  ---------------------------------------
  Number of Gauss-Hermite mesh points ngh ....:  40
  Number of Gauss-Laguerre mesh points ngl ...:  40
  Number of Gauss-Legendre mesh points nleg ..:  80
  Integration boundaries
    Hermite  - from xh(1)  =  0.12379686 to xh(ngh)   = 11.88786356
    Laguerre - From xl(1)  =  0.03570039 to xl(ngl)   =142.28004447
    Legendre - From xleg(1)=  0.00978669 to xleg(nleg)=  0.99988775
  Max.dev.in:     Orthogonality            Normalization
  Hermite     1.5248282503475657E-015   1.0991207943789050E-014
  Laguerre    4.2896485016951012E-015   8.9928064994637680E-015

  Scratch initialization for the nucleus: GD  92  64


  Initial potentials of Saxon-Woods shape 
  v0ws   =  -71.27999878
  kappa  =    0.46160001
  vs0    =   11.11750031   11.11750031
  r0     =    1.23339999    1.23339999
  a      =    0.61500001    0.61500001
  r0-so  =    1.14429998    1.14429998
  a-so   =    0.64760000    0.64760000
  beta00 =    0.01000000

  ### REGULAR STAGE (reflection symmetry imposed)
  |HFB+HO> iterations(b0=  2.130, Nsh=  8, inin=  1, N= 92, Z= 64)...
  ----------------------------------------------------------------------------------------------------------------------------------
  i          si     mix   beta      Etot       A       rn      rp         En      Dn      Ep      Dp        Ln      Lp     time
  ----------------------------------------------------------------------------------------------------------------------------------
   1L  69.94764065 0.30  0.010     0.000000    0.0   0.000   0.000 |   -2.000   1.000  -2.000   1.000 |   -7.000  -7.000   0.000
   2B  33.00427345 0.10  0.017 -1051.424152  156.0   4.802   4.555 |    0.000  -0.000   0.000   0.000 |  -14.068 -26.543  21.986
   3B  18.52718999 0.11 -0.069 -1087.673515  156.0   4.950   4.937 |    0.000  -0.000   0.000  -0.000 |   -5.863 -10.784   0.583
   4B  28.22129663 0.10 -0.105  -897.873668  156.0   5.148   4.758 |    0.000  -0.000   0.000  -0.000 |   -5.612  -7.482   0.711
   5B   6.84704755 0.11 -0.132 -1234.412625  156.0   5.101   4.990 |    0.000  -0.000   0.000  -0.000 |   -5.321  -6.859   0.938
   6B   6.04831066 0.13 -0.149 -1245.677664  156.0   5.135   4.984 |    0.000  -0.000   0.000  -0.000 |   -5.346  -7.008   1.123
   7B   2.78239379 0.14 -0.162 -1256.696040  156.0   5.150   5.012 |    0.000  -0.000   0.000  -0.000 |   -5.512  -7.069   0.826
   8B   2.72044593 0.16 -0.162 -1255.494748  156.0   5.159   4.995 |    0.000  -0.000   0.000  -0.000 |   -5.837  -7.328   0.671
   9B   2.02600862 0.18 -0.163 -1258.914863  156.0   5.147   5.031 |    0.000  -0.000   0.000  -0.000 |   -5.778  -7.263   0.652
  10B   1.79467250 0.21 -0.157 -1260.632922  156.0   5.155   5.013 |    0.000  -0.000   0.000  -0.000 |   -5.749  -7.218   0.902
  11B   1.40951930 0.24 -0.150 -1260.944771  156.0   5.151   5.013 |    0.000  -0.000   0.000  -0.000 |   -5.693  -7.178   0.757
  12B   1.34645251 0.27 -0.146 -1261.031273  156.0   5.153   5.013 |    0.000  -0.000   0.000  -0.000 |   -5.676  -7.132   0.630
  13L   1.33423197 0.30 -0.138 -1260.970205  156.0   5.150   5.011 |    0.000  -0.000   0.000  -0.000 |   -5.633  -7.065   0.536
  14L   1.36395156 0.10 -0.128 -1260.888981  156.0   5.149   5.010 |    0.000  -0.000   0.000  -0.000 |   -5.584  -6.977   0.661
  15L   1.37082569 0.10 -0.117 -1260.475503  156.0   5.147   5.009 |    0.000  -0.000   0.000  -0.000 |   -5.545  -6.903   0.676
  16L   1.26125087 0.11 -0.108 -1260.071589  156.0   5.147   5.007 |    0.000  -0.000   0.000  -0.000 |   -5.529  -6.823   0.783
  17B   1.95370808 0.10 -0.095 -1258.075564  156.0   5.145   5.007 |    0.000  -0.000   0.000  -0.000 |   -5.542  -6.830   0.626
  18B   1.13294945 0.11 -0.108 -1260.135076  156.0   5.142   5.005 |    0.000  -0.000   0.000  -0.000 |   -5.631  -6.920   0.623
  19B   0.46063696 0.13 -0.087 -1259.771711  156.0   5.143   5.003 |    0.000  -0.000   0.000  -0.000 |   -5.583  -7.003   0.525
  20B   0.79310941 0.10 -0.090 -1259.915039  156.0   5.144   5.005 |    0.000  -0.000   0.000  -0.000 |   -5.620  -6.977   0.607
  21B   0.64968864 0.11 -0.087 -1259.876300  156.0   5.145   5.006 |    0.000  -0.000   0.000  -0.000 |   -5.600  -7.017   0.690
  22B   0.40914865 0.13 -0.084 -1259.852679  156.0   5.146   5.007 |    0.000  -0.000   0.000  -0.000 |   -5.614  -7.045   0.903
  23B   0.16695619 0.14 -0.090 -1260.090611  156.0   5.147   5.008 |    0.000  -0.000   0.000  -0.000 |   -5.633  -7.002   0.736
  24B   0.25230086 0.10 -0.088 -1260.020963  156.0   5.147   5.008 |    0.000  -0.000   0.000  -0.000 |   -5.628  -7.031   0.814
  25B   0.17780836 0.11 -0.090 -1260.089233  156.0   5.148   5.009 |    0.000  -0.000   0.000  -0.000 |   -5.640  -7.018   0.733
  26B   0.16337516 0.13 -0.090 -1260.100104  156.0   5.148   5.009 |    0.000  -0.000   0.000  -0.000 |   -5.644  -7.019   0.776
  27B   0.13960976 0.14 -0.092 -1260.143021  156.0   5.148   5.010 |    0.000  -0.000   0.000  -0.000 |   -5.653  -7.015   0.785
  28B   0.13165233 0.16 -0.096 -1260.267370  156.0   5.150   5.011 |    0.000   0.000   0.000   0.000 |   -5.676  -7.002   0.668
  29B   0.10941404 0.18 -0.097 -1260.327182  156.0   5.150   5.012 |    0.000   0.000   0.000   0.000 |   -5.686  -6.994   0.837
  30B   0.06606049 0.21 -0.096 -1260.291766  156.0   5.150   5.011 |    0.000  -0.000   0.000  -0.000 |   -5.679  -6.996   0.664
  31B   0.04486550 0.24 -0.095 -1260.271047  156.0   5.150   5.011 |    0.000  -0.000   0.000  -0.000 |   -5.677  -6.998   0.619
  32B   0.02802291 0.27 -0.095 -1260.262310  156.0   5.150   5.011 |    0.000  -0.000   0.000  -0.000 |   -5.676  -7.002   0.830
  33B   0.02390517 0.30 -0.095 -1260.258740  156.0   5.150   5.011 |    0.000  -0.000   0.000  -0.000 |   -5.676  -7.002   0.628
  34B   0.01146617 0.34 -0.095 -1260.248892  156.0   5.149   5.011 |    0.000  -0.000   0.000  -0.000 |   -5.676  -7.005   0.590
  35B   0.00612019 0.38 -0.094 -1260.238674  156.0   5.149   5.011 |    0.000  -0.000   0.000  -0.000 |   -5.676  -7.009   0.826
  36B   0.00337127 0.43 -0.094 -1260.240072  156.0   5.150   5.011 |    0.000  -0.000   0.000  -0.000 |   -5.677  -7.009   1.010
  37B   0.00490842 0.10 -0.095 -1260.241547  156.0   5.150   5.011 |    0.000   0.000   0.000   0.000 |   -5.678  -7.009   0.712
  38B   0.00443251 0.11 -0.094 -1260.238973  156.0   5.150   5.011 |    0.000  -0.000   0.000  -0.000 |   -5.677  -7.010   0.622
  39B   0.00288385 0.13 -0.094 -1260.238905  156.0   5.150   5.011 |    0.000   0.000   0.000   0.000 |   -5.678  -7.010   0.681
  40B   0.00220582 0.14 -0.094 -1260.239083  156.0   5.150   5.011 |    0.000   0.000   0.000   0.000 |   -5.678  -7.010   0.671
  41B   0.00183575 0.16 -0.094 -1260.239473  156.0   5.150   5.011 |    0.000   0.000   0.000   0.000 |   -5.678  -7.010   0.681
  42B   0.00174660 0.18 -0.094 -1260.239434  156.0   5.150   5.011 |    0.000   0.000   0.000   0.000 |   -5.678  -7.010   0.607
  43B   0.00133150 0.21 -0.094 -1260.239448  156.0   5.150   5.011 |    0.000   0.000   0.000   0.000 |   -5.678  -7.010   0.724
  44B   0.00120317 0.24 -0.094 -1260.239287  156.0   5.150   5.011 |    0.000   0.000   0.000   0.000 |   -5.678  -7.010   0.811
  45B   0.00139707 0.10 -0.094 -1260.239046  156.0   5.150   5.011 |    0.000   0.000   0.000   0.000 |   -5.678  -7.010   0.686
  46B   0.00096262 0.11 -0.094 -1260.238926  156.0   5.150   5.011 |    0.000   0.000   0.000   0.000 |   -5.678  -7.010   0.843
  47B   0.00153019 0.10 -0.094 -1260.238813  156.0   5.150   5.011 |    0.000   0.000   0.000   0.000 |   -5.678  -7.010   0.802
  48B   0.00130037 0.11 -0.094 -1260.237866  156.0   5.150   5.011 |    0.000   0.000   0.000   0.000 |   -5.678  -7.011   0.611
  49B   0.00134484 0.10 -0.094 -1260.237303  156.0   5.150   5.011 |    0.000  -0.000   0.000  -0.000 |   -5.678  -7.011   0.759
  50B   0.00129768 0.11 -0.094 -1260.237295  156.0   5.150   5.011 |    0.000  -0.000   0.000  -0.000 |   -5.679  -7.011   0.842
  51B   0.00099541 0.13 -0.094 -1260.237974  156.0   5.150   5.011 |    0.000   0.000   0.000   0.000 |   -5.678  -7.011   0.859
  52B   0.00094445 0.14 -0.094 -1260.237861  156.0   5.150   5.011 |    0.000  -0.000   0.000  -0.000 |   -5.678  -7.011   0.978
  53B   0.00081740 0.16 -0.094 -1260.238142  156.0   5.150   5.011 |    0.000   0.000   0.000   0.000 |   -5.678  -7.011   0.750
  54B   0.00081650 0.18 -0.094 -1260.238227  156.0   5.150   5.011 |    0.000   0.000   0.000   0.000 |   -5.679  -7.011   0.722
  55B   0.00065835 0.21 -0.094 -1260.238794  156.0   5.150   5.011 |    0.000  -0.000   0.000  -0.000 |   -5.679  -7.011   0.862
  56B   0.00057973 0.24 -0.094 -1260.238392  156.0   5.150   5.011 |    0.000  -0.000   0.000  -0.000 |   -5.679  -7.011   0.716
  57B   0.00047551 0.27 -0.094 -1260.238265  156.0   5.150   5.011 |    0.000  -0.000   0.000  -0.000 |   -5.679  -7.011   0.597
  58B   0.00061156 0.10 -0.094 -1260.238456  156.0   5.150   5.011 |    0.000  -0.000   0.000  -0.000 |   -5.679  -7.011   0.622
  59B   0.00060526 0.11 -0.094 -1260.238507  156.0   5.150   5.011 |    0.000  -0.000   0.000  -0.000 |   -5.679  -7.011   0.746
  60B   0.00022169 0.13 -0.094 -1260.238357  156.0   5.150   5.011 |    0.000  -0.000   0.000  -0.000 |   -5.679  -7.011   0.881
  61B   0.00030477 0.10 -0.094 -1260.238414  156.0   5.150   5.011 |    0.000  -0.000   0.000  -0.000 |   -5.679  -7.011   0.738
  62B   0.00029491 0.11 -0.094 -1260.238384  156.0   5.150   5.011 |    0.000  -0.000   0.000  -0.000 |   -5.679  -7.011   0.814
  63B   0.00029409 0.13 -0.094 -1260.238291  156.0   5.150   5.011 |    0.000  -0.000   0.000  -0.000 |   -5.679  -7.011   0.522
  64B   0.00032731 0.10 -0.094 -1260.237944  156.0   5.150   5.011 |    0.000   0.000   0.000   0.000 |   -5.679  -7.011   0.532
  65B   0.00027322 0.11 -0.094 -1260.238139  156.0   5.150   5.011 |    0.000  -0.000   0.000  -0.000 |   -5.679  -7.011   0.576
  66B   0.00015816 0.13 -0.094 -1260.238130  156.0   5.150   5.011 |    0.000  -0.000   0.000  -0.000 |   -5.679  -7.011   0.591
  67B   0.00013769 0.14 -0.094 -1260.238177  156.0   5.150   5.011 |    0.000  -0.000   0.000  -0.000 |   -5.679  -7.011   0.654
  68B   0.00010127 0.16 -0.094 -1260.238169  156.0   5.150   5.011 |    0.000  -0.000   0.000  -0.000 |   -5.679  -7.011   0.781
  69B   0.00004646 0.18 -0.094 -1260.238157  156.0   5.150   5.011 |    0.000  -0.000   0.000  -0.000 |   -5.679  -7.011   0.775
  70B   0.00003636 0.21 -0.094 -1260.238139  156.0   5.150   5.011 |    0.000  -0.000   0.000  -0.000 |   -5.679  -7.011   0.936
  71B   0.00002179 0.24 -0.094 -1260.238145  156.0   5.150   5.011 |    0.000  -0.000   0.000  -0.000 |   -5.679  -7.011   0.666
  72B   0.00001489 0.27 -0.094 -1260.238146  156.0   5.150   5.011 |    0.000  -0.000   0.000  -0.000 |   -5.679  -7.011   0.666
  73B   0.00001664 0.10 -0.094 -1260.238146  156.0   5.150   5.011 |    0.000  -0.000   0.000  -0.000 |   -5.679  -7.011   0.711
  74B   0.00001663 0.11 -0.094 -1260.238145  156.0   5.150   5.011 |    0.000  -0.000   0.000  -0.000 |   -5.679  -7.011   0.758
  75B   0.00002057 0.10 -0.094 -1260.238150  156.0   5.150   5.011 |    0.000  -0.000   0.000  -0.000 |   -5.679  -7.011   0.582
  76B   0.00001765 0.11 -0.094 -1260.238145  156.0   5.150   5.011 |    0.000  -0.000   0.000  -0.000 |   -5.679  -7.011   0.625
  77B   0.00003349 0.10 -0.094 -1260.238144  156.0   5.150   5.011 |    0.000  -0.000   0.000  -0.000 |   -5.679  -7.011   0.812
  78B   0.00001518 0.11 -0.094 -1260.238144  156.0   5.150   5.011 |    0.000  -0.000   0.000  -0.000 |   -5.679  -7.011   0.969
  79B   0.00001313 0.13 -0.094 -1260.238143  156.0   5.150   5.011 |    0.000  -0.000   0.000  -0.000 |   -5.679  -7.011   1.074
  80B   0.00001585 0.10 -0.094 -1260.238141  156.0   5.150   5.011 |    0.000  -0.000   0.000  -0.000 |   -5.679  -7.011   0.679
  81B   0.00001374 0.11 -0.094 -1260.238141  156.0   5.150   5.011 |    0.000  -0.000   0.000  -0.000 |   -5.679  -7.011   0.693
  82B   0.00001399 0.10 -0.094 -1260.238139  156.0   5.150   5.011 |    0.000  -0.000   0.000  -0.000 |   -5.679  -7.011   0.747
  83B   0.00001141 0.11 -0.094 -1260.238140  156.0   5.150   5.011 |    0.000  -0.000   0.000  -0.000 |   -5.679  -7.011   0.824
  84B   0.00001316 0.10 -0.094 -1260.238136  156.0   5.150   5.011 |    0.000  -0.000   0.000  -0.000 |   -5.679  -7.011   0.746
  85B   0.00001353 0.10 -0.094 -1260.238132  156.0   5.150   5.011 |    0.000  -0.000   0.000  -0.000 |   -5.679  -7.011   0.553
  86B   0.00001387 0.10 -0.094 -1260.238123  156.0   5.150   5.011 |    0.000   0.000   0.000   0.000 |   -5.679  -7.011   0.561
  87B   0.00001218 0.11 -0.094 -1260.238122  156.0   5.150   5.011 |    0.000   0.000   0.000   0.000 |   -5.679  -7.011   0.604
  88B   0.00001477 0.10 -0.094 -1260.238120  156.0   5.150   5.011 |    0.000   0.000   0.000   0.000 |   -5.679  -7.011   0.619
  89B   0.00000815 0.11 -0.094 -1260.238125  156.0   5.150   5.011 |    0.000  -0.000   0.000  -0.000 |   -5.679  -7.011   0.565
  90B   0.00000721 0.13 -0.094 -1260.238125  156.0   5.150   5.011 |    0.000  -0.000   0.000  -0.000 |   -5.679  -7.011   0.592
  91B   0.00000591 0.14 -0.094 -1260.238128  156.0   5.150   5.011 |    0.000  -0.000   0.000  -0.000 |   -5.679  -7.011   0.636
  92B   0.00000646 0.10 -0.094 -1260.238127  156.0   5.150   5.011 |    0.000   0.000   0.000   0.000 |   -5.679  -7.011   0.887
  93B   0.00000683 0.10 -0.094 -1260.238127  156.0   5.150   5.011 |    0.000  -0.000   0.000  -0.000 |   -5.679  -7.011   0.833
  94B   0.00000731 0.10 -0.094 -1260.238128  156.0   5.150   5.011 |    0.000  -0.000   0.000  -0.000 |   -5.679  -7.011   0.865
  95B   0.00000513 0.11 -0.094 -1260.238132  156.0   5.150   5.011 |    0.000  -0.000   0.000  -0.000 |   -5.679  -7.011   0.626
  96B   0.00000399 0.13 -0.094 -1260.238133  156.0   5.150   5.011 |    0.000  -0.000   0.000  -0.000 |   -5.679  -7.011   0.534
  97B   0.00000336 0.14 -0.094 -1260.238133  156.0   5.150   5.011 |    0.000  -0.000   0.000  -0.000 |   -5.679  -7.011   0.524
  98B   0.00000349 0.10 -0.094 -1260.238132  156.0   5.150   5.011 |    0.000   0.000   0.000   0.000 |   -5.679  -7.011   0.883
  99B   0.00000330 0.11 -0.094 -1260.238131  156.0   5.150   5.011 |    0.000   0.000   0.000   0.000 |   -5.679  -7.011   0.603
 100B   0.00000367 0.10 -0.094 -1260.238131  156.0   5.150   5.011 |    0.000   0.000   0.000   0.000 |   -5.679  -7.011   0.707
 101B   0.00000481 0.10 -0.094 -1260.238130  156.0   5.150   5.011 |    0.000   0.000   0.000   0.000 |   -5.679  -7.011   0.665
 102B   0.00000299 0.11 -0.094 -1260.238128  156.0   5.150   5.011 |    0.000   0.000   0.000   0.000 |   -5.679  -7.011   0.818
 103B   0.00000309 0.10 -0.094 -1260.238127  156.0   5.150   5.011 |    0.000   0.000   0.000   0.000 |   -5.679  -7.011   0.752
 104B   0.00000246 0.11 -0.094 -1260.238130  156.0   5.150   5.011 |    0.000   0.000   0.000   0.000 |   -5.679  -7.011   0.558
 105B   0.00000220 0.13 -0.094 -1260.238130  156.0   5.150   5.011 |    0.000   0.000   0.000   0.000 |   -5.679  -7.011   0.663
 106B   0.00000193 0.14 -0.094 -1260.238130  156.0   5.150   5.011 |    0.000   0.000   0.000   0.000 |   -5.679  -7.011   0.572
 107B   0.00000182 0.16 -0.094 -1260.238131  156.0   5.150   5.011 |    0.000   0.000   0.000   0.000 |   -5.679  -7.011   0.678
 108B   0.00000188 0.10 -0.094 -1260.238131  156.0   5.150   5.011 |    0.000  -0.000   0.000  -0.000 |   -5.679  -7.011   0.604
 109B   0.00000188 0.11 -0.094 -1260.238130  156.0   5.150   5.011 |    0.000   0.000   0.000   0.000 |   -5.679  -7.011   0.675
 110B   0.00000050 0.13 -0.094 -1260.238130  156.0   5.150   5.011 |    0.000   0.000   0.000   0.000 |   -5.679  -7.011   0.671
 111B   0.00000011 0.14 -0.094 -1260.238130  156.0   5.150   5.011 |    0.000   0.000   0.000   0.000 |   -5.679  -7.011   0.669
 112B   0.00000027 0.10 -0.094 -1260.238130  156.0   5.150   5.011 |    0.000   0.000   0.000   0.000 |   -5.679  -7.011   1.345
 113B   0.00000007 0.11 -0.094 -1260.238130  156.0   5.150   5.011 |    0.000   0.000   0.000   0.000 |   -5.679  -7.011   0.626
 114B   0.00000005 0.13 -0.094 -1260.238130  156.0   5.150   5.011 |    0.000   0.000   0.000   0.000 |   -5.679  -7.011   1.405
 115B   0.00000006 0.10 -0.094 -1260.238130  156.0   5.150   5.011 |    0.000   0.000   0.000   0.000 |   -5.679  -7.011   2.139
 116B   0.00000006 0.11 -0.094 -1260.238130  156.0   5.150   5.011 |    0.000  -0.000   0.000  -0.000 |   -5.679  -7.011   1.313
 117B   0.00000006 0.10 -0.094 -1260.238130  156.0   5.150   5.011 |    0.000   0.000   0.000   0.000 |   -5.679  -7.011   1.296
 118B   0.00000006 0.11 -0.094 -1260.238130  156.0   5.150   5.011 |    0.000   0.000   0.000   0.000 |   -5.679  -7.011   1.840
 119B   0.00000005 0.13 -0.094 -1260.238130  156.0   5.150   5.011 |    0.000   0.000   0.000   0.000 |   -5.679  -7.011   1.632
 120B   0.00000005 0.10 -0.094 -1260.238130  156.0   5.150   5.011 |    0.000  -0.000   0.000   0.000 |   -5.679  -7.011   1.515
 121B   0.00000004 0.11 -0.094 -1260.238130  156.0   5.150   5.011 |    0.000  -0.000   0.000  -0.000 |   -5.679  -7.011   1.812
 122B   0.00000002 0.13 -0.094 -1260.238130  156.0   5.150   5.011 |    0.000  -0.000   0.000   0.000 |   -5.679  -7.011   1.582
 123B   0.00000002 0.14 -0.094 -1260.238130  156.0   5.150   5.011 |    0.000  -0.000   0.000  -0.000 |   -5.679  -7.011   1.551
 124B   0.00000003 0.10 -0.094 -1260.238130  156.0   5.150   5.011 |    0.000  -0.000   0.000  -0.000 |   -5.679  -7.011   1.545
 125B   0.00000002 0.11 -0.094 -1260.238130  156.0   5.150   5.011 |    0.000  -0.000   0.000  -0.000 |   -5.679  -7.011   1.609
 126B   0.00000002 0.10 -0.094 -1260.238130  156.0   5.150   5.011 |    0.000  -0.000   0.000  -0.000 |   -5.679  -7.011   2.039
 127B   0.00000002 0.11 -0.094 -1260.238130  156.0   5.150   5.011 |    0.000  -0.000   0.000   0.000 |   -5.679  -7.011   2.217
 128B   0.00000001 0.13 -0.094 -1260.238130  156.0   5.150   5.011 |    0.000  -0.000   0.000  -0.000 |   -5.679  -7.011   1.388
 129B   0.00000002 0.10 -0.094 -1260.238130  156.0   5.150   5.011 |    0.000   0.000   0.000  -0.000 |   -5.679  -7.011   2.139
 130B   0.00000001 0.11 -0.094 -1260.238130  156.0   5.150   5.011 |    0.000  -0.000   0.000  -0.000 |   -5.679  -7.011   2.329
 131B   0.00000001 0.13 -0.094 -1260.238130  156.0   5.150   5.011 |    0.000   0.000   0.000  -0.000 |   -5.679  -7.011   2.213
 132B   0.00000001 0.14 -0.094 -1260.238130  156.0   5.150   5.011 |    0.000  -0.000   0.000  -0.000 |   -5.679  -7.011   3.150
 133B   0.00000001 0.10 -0.094 -1260.238130  156.0   5.150   5.011 |    0.000  -0.000   0.000  -0.000 |   -5.679  -7.011   2.299
 134B   0.00000001 0.11 -0.094 -1260.238130  156.0   5.150   5.011 |    0.000   0.000   0.000  -0.000 |   -5.679  -7.011   2.141
 135B   0.00000001 0.10 -0.094 -1260.238130  156.0   5.150   5.011 |    0.000  -0.000   0.000  -0.000 |   -5.679  -7.011   1.692
 136B   0.00000001 0.11 -0.094 -1260.238130  156.0   5.150   5.011 |    0.000   0.000   0.000  -0.000 |   -5.679  -7.011   2.040
 137B   0.00000001 0.10 -0.094 -1260.238130  156.0   5.150   5.011 |    0.000  -0.000   0.000  -0.000 |   -5.679  -7.011   1.521
 138B   0.00000001 0.11 -0.094 -1260.238130  156.0   5.150   5.011 |    0.000  -0.000   0.000  -0.000 |   -5.679  -7.011   1.560
 139B   0.00000001 0.10 -0.094 -1260.238130  156.0   5.150   5.011 |    0.000  -0.000   0.000  -0.000 |   -5.679  -7.011   1.126
 140B   0.00000001 0.11 -0.094 -1260.238130  156.0   5.150   5.011 |    0.000  -0.000   0.000  -0.000 |   -5.679  -7.011   1.634
 141B   0.00000001 0.13 -0.094 -1260.238130  156.0   5.150   5.011 |    0.000   0.000   0.000   0.000 |   -5.679  -7.011   1.660
 142B   0.00000000 0.14 -0.094 -1260.238130  156.0   5.150   5.011 |    0.000  -0.000   0.000  -0.000 |   -5.679  -7.011   2.333
 143B   0.00000000 0.16 -0.094 -1260.238130  156.0   5.150   5.011 |    0.000  -0.000   0.000  -0.000 |   -5.679  -7.011   2.067
 144B   0.00000000 0.18 -0.094 -1260.238130  156.0   5.150   5.011 |    0.000  -0.000   0.000  -0.000 |   -5.679  -7.011   2.497
 145B   0.00000000 0.10 -0.094 -1260.238130  156.0   5.150   5.011 |    0.000  -0.000   0.000  -0.000 |   -5.679  -7.011   2.490
 146B   0.00000000 0.11 -0.094 -1260.238130  156.0   5.150   5.011 |    0.000  -0.000   0.000  -0.000 |   -5.679  -7.011   2.458
 147B   0.00000000 0.10 -0.094 -1260.238130  156.0   5.150   5.011 |    0.000  -0.000   0.000  -0.000 |   -5.679  -7.011   1.624
 148B   0.00000000 0.10 -0.094 -1260.238130  156.0   5.150   5.011 |    0.000  -0.000   0.000  -0.000 |   -5.679  -7.011   1.416
  ----------------------------------------------------------------------------------------------------------------------------------
  *   iteration converged   after 148 steps   si=     0.0000000008 ho=  0 tho=  0
  ----------------------------------------------------------------------------------------------------------------------------------
  Total CPU time=   2.825 minutes

  Writing to wel_file: s092_064.hel
 __________________________________  
  The tape s092_064.hel recorded:     
  nucname,npr,ngh,ngl,n00,nb,nt      
  b0,beta0,si,etot,rms,bet,xmix      
  pairing:     CpV0,CpV1,pwi         
  delta:       del,ept               
  lambda:      ala,ala2,alast,tz     
  asymptotic:  varmas,ass,skass      
  ntx,nb,nhhdim,id,N_rz,n_r,n_z      
  Omega2,Sigma2,Parity,Lambda        
  matrices(inbro):    hh,de          
  *all blocking candidates           
 __________________________________  


  NB! From expect (UNPROJECTED RESULTS)

  pairing: CpV0,CpV1,...           0.100000       0.100000       1.000000       1.000000
  forces:   UNE1                          


                             neutrons         protons         total
  Requested part.numbs.      92.000000      64.000000     156.000000
  UnPj(av) part.numbs .      92.000000      64.000000     156.000000
  b0, bz, bp ..........       2.130153       2.136882       2.126796

  lambda (ala) ........      -5.678714      -7.010675
  Lambda (alast) ......      -5.678714      -7.010675
  delta(n,p), pwi .....      -0.000000      -0.000000      60.000000
  pairing energy ......       0.000000       0.000000       0.000000

  rms-radius ..........       5.149564       5.011078       5.093205
  charge-radius, r0 ...                      5.074535       6.459855
  deformation beta2....      -0.092293      -0.097674      -0.094430
  dipole moment[fm] ...       0.000000       0.000000       0.000000
  quadrupole moment[b]       -2.840589      -1.980310      -4.820898
  octupole moment .....       0.000000       0.000000       0.000000
  hexadecapole moment .       0.071445       0.047107       0.118552
  q5 ..................       0.000000       0.000000       0.000000
  q6 ..................       0.004237       0.002964       0.007201
  q7 ..................       0.000000       0.000000       0.000000
  q8 ..................      -0.000063      -0.000203      -0.000265

  <r^0> [fm^0] ........            1.000000            1.000000            1.000000
  <r^2> [fm^2] ........           26.518010           25.110903           25.940735
  <r^4> [fm^4] ........          923.243066          812.992575          878.012095
  <r^6> [fm^6] ........        38160.613770        30915.968882        35188.451765
  <r^8> [fm^8] ........      1795397.290235      1328776.806792      1603963.245745

  kinetic energy ......    1800.677847    1045.860039    2846.537886
  volume energy .......                                 -4745.637309
        rho_tau .......                                  -129.745572
        rho_rho .......                                 -4615.891737
  surface energy ......                                   150.396644
   rho_DELTA_rho ......                                   150.396644
   (NABLA_rho)^2 ......                                     0.000000
  spin-orbit energy ...                                   -38.013398
        rho_NABLA_J ...                                   -38.013398
        NABLA_rho_J ...                                     0.000000
  coulomb energy ......                                   526.478047
          direct ......                                   550.862038
          exchange ....                                   -24.383991
  tensor energy .......                                     0.000000
  direct Hartree E  ...                                     0.000000
  Extra E .............                                     0.000000
  External field E ....                                     0.000000
  Entropy .............       2.006870       0.000548       2.007418

  tEnergy: ehfb (qp)...                                 -1260.238130

  Calculated but not added corrections 
====================================
  cmc-diagonal part ...       0.000000       0.000000       0.000000
  cmc-hfb .............       0.000000       0.000000       0.000000
  cranking rot corr ...       0.000000       0.000000       0.000000

  SQUJ ................       0.000000       0.000000       0.000000
  CRAN x 4 ............       0.000000       0.000000       0.000000
  Rigit Body ..........       0.000000       0.000000       0.000000


   Blocking candidates are:
   neutron eqpmin=   8.7327842551477630E-002  pwiblo=   2.0016019225635890     
    num=   1 block=   2 state=   1    26 Eqp=   0.08732784  (1-2N)E=  -0.08732784  Ovlp=   0.52724988  1-[ 5, 0, 1]
    num=   2 block=   8 state=   1   122 Eqp=   0.08768517  (1-2N)E=   0.08768517  Ovlp=   0.83802040  7-[ 5, 1, 4]
    num=   3 block=   6 state=   1    98 Eqp=   0.20600470  (1-2N)E=   0.20600470  Ovlp=   0.66225278  5-[ 5, 0, 3]
    num=   4 block=   4 state=   1    66 Eqp=   0.20823348  (1-2N)E=  -0.20823348  Ovlp=   0.69889162  3-[ 5, 0, 1]
    num=   5 block=   4 state=   2    67 Eqp=   0.41447229  (1-2N)E=   0.41447229  Ovlp=   0.74406559  3-[ 5, 1, 2]
    num=   6 block=   6 state=   2    99 Eqp=   0.47836521  (1-2N)E=  -0.47836521  Ovlp=   0.55920361  5-[ 5, 1, 2]
    num=   7 block=   2 state=   2    27 Eqp=   0.49955541  (1-2N)E=   0.49955541  Ovlp=   0.57832491  1-[ 5, 1, 0]
    num=   8 block=  10 state=   1   140 Eqp=   0.55714437  (1-2N)E=  -0.55714437  Ovlp=   0.92095461  9-[ 5, 0, 5]
    num=   9 block=  13 state=   1   156 Eqp=   0.64986348  (1-2N)E=   0.64986348  Ovlp=   0.99209454 13+[ 6, 0, 6]
    num=  10 block=   4 state=   3    68 Eqp=   0.73330999  (1-2N)E=   0.73330999  Ovlp=   0.68682260  3-[ 5, 2, 1]
    num=  11 block=   2 state=   3    28 Eqp=   1.01798223  (1-2N)E=   1.01798223  Ovlp=   0.66052629  1-[ 5, 2, 1]
    num=  12 block=  11 state=   1   146 Eqp=   1.13266520  (1-2N)E=   1.13266520  Ovlp=   0.93887203 11+[ 6, 1, 5]
    num=  13 block=   8 state=   2   123 Eqp=   1.16357812  (1-2N)E=  -1.16357812  Ovlp=   0.81491292  7-[ 5, 0, 3]
    num=  14 block=   9 state=   1   131 Eqp=   1.54992689  (1-2N)E=   1.54992689  Ovlp=   0.80418678  9+[ 6, 2, 4]
    num=  15 block=   6 state=   3   100 Eqp=   1.69891174  (1-2N)E=   1.69891174  Ovlp=   0.60933571  5-[ 5, 2, 3]
    num=  16 block=   7 state=   1   110 Eqp=   1.87291695  (1-2N)E=   1.87291695  Ovlp=   0.62247030  7+[ 6, 3, 3]
    num=  17 block=   2 state=   4    29 Eqp=   1.90359968  (1-2N)E=   1.90359968  Ovlp=   0.63330065  1-[ 5, 3, 0]

   Blocking candidates are:
   proton  eqpmin=  0.57324710693688674       pwiblo=   2.0016019225635890     
    num=   1 block=   1 state=   1     1 Eqp=   0.57324711  (1-2N)E=  -0.57324711  Ovlp=   0.63634496  1+[ 4, 1, 1]
    num=   2 block=   1 state=   2     2 Eqp=   0.58021323  (1-2N)E=   0.58021323  Ovlp=   0.56353575  1+[ 4, 3, 1]
    num=   3 block=   3 state=   1    46 Eqp=   0.67499676  (1-2N)E=   0.67499676  Ovlp=   0.61294214  3+[ 4, 3, 1]
    num=   4 block=  12 state=   1   152 Eqp=   0.76063305  (1-2N)E=   0.76063305  Ovlp=   0.97304987 11-[ 5, 0, 5]
    num=   5 block=   3 state=   2    47 Eqp=   0.77078363  (1-2N)E=  -0.77078363  Ovlp=   0.60138436  3+[ 4, 1, 1]
    num=   6 block=   1 state=   3     3 Eqp=   0.86050081  (1-2N)E=  -0.86050081  Ovlp=   0.67451336  1+[ 4, 0, 0]
    num=   7 block=   5 state=   1    82 Eqp=   0.90698808  (1-2N)E=  -0.90698808  Ovlp=   0.69069468  5+[ 4, 1, 3]
    num=   8 block=   3 state=   3    48 Eqp=   0.95895750  (1-2N)E=  -0.95895750  Ovlp=   0.72226161  3+[ 4, 0, 2]
    num=   9 block=  10 state=   1   140 Eqp=   1.47949960  (1-2N)E=   1.47949960  Ovlp=   0.90306829  9-[ 5, 1, 4]
    num=  10 block=   5 state=   2    83 Eqp=   1.53958772  (1-2N)E=  -1.53958772  Ovlp=   0.73026412  5+[ 4, 0, 2]
    num=  11 block=   1 state=   4     4 Eqp=   1.65716850  (1-2N)E=   1.65716850  Ovlp=   0.77448322  1+[ 4, 4, 0]
    num=  12 block=   7 state=   1   110 Eqp=   1.89902686  (1-2N)E=  -1.89902686  Ovlp=   0.87548306  7+[ 4, 0, 4]
    num=  13 block=   8 state=   1   122 Eqp=   1.91660295  (1-2N)E=   1.91660295  Ovlp=   0.76181503  7-[ 5, 2, 3]
    num=  14 block=   6 state=   1    98 Eqp=   2.18535210  (1-2N)E=   2.18535210  Ovlp=   0.58532241  5-[ 5, 3, 2]
    num=  15 block=   4 state=   1    66 Eqp=   2.34934443  (1-2N)E=   2.34934443  Ovlp=   0.61429985  3-[ 5, 2, 1]
    num=  16 block=   2 state=   1    26 Eqp=   2.43331250  (1-2N)E=   2.43331250  Ovlp=   0.53381868  1-[ 5, 3, 0]



 HFBTHO_SOLVER ended without errors

