No Skyrme interaction defined in routine skforce()
Multi-threading framework with OpenMP: 1 threads/task

  =======================================
           FORTRAN 95 CODE (KIND= 8) 
               Version: 200d  
  =======================================
       AXIALLY DEFORMED CONFIGURATIONAL  
     HARTREE-FOCK-BOGOLIUBOV CALCULATIONS
                     WITH                
            UNEDF AND DELTA PAIRING      
                     USING               
             HARMONIC-OSCILLATOR         
                   AND/OR                
       TRANSFORMED HARMONIC-OSCILLATOR   
                    BASIS                
                     ---                 
               v1.66  (2005):,           
   Stoitsov,Dobaczewski,Nazarewicz,Ring, 
               v2.00d (2012):,           
         Stoitsov,Schunck,Kortelainen    
  =======================================
    Nucleus: MG (A=  24, N= 12, Z= 12)
       Reflection Symmetry Imposed       
            ( 9/13/2022, 19:36)                               
  =======================================


  ---------------------------------------
           UNEDF Module Version:17
         M.Kortelainen & M.Stoitsov 
  ---------------------------------------

  UNE1 functional
  ----------------------------------
  Crho(0)=   -779.373008720865300    ; Crho(1)=    287.722131583286796    
  CDrho(0)=   891.477890442349690    ; CDrho(1)=  -200.587774317884879    
  Ctau(0)=  -0.989915057807676746    ; Ctau(1)=   -33.6320970701835549    
  CrDr(0)=   -42.3471407934174593    ; CrDr(1)=   -144.114069239680219    
  CrdJ(0)=   -65.5040390062409870    ; CrdJ(1)=   -29.8084621162240495    
  CJ(0)=      0.00000000000000000    ; CJ(1)=      0.00000000000000000    
  CpV0(0)=   0.100000000000000006    ; CpV0(1)=   0.100000000000000006    
  CpV1(0)=    1.00000000000000000    ; CpV1(1)=    1.00000000000000000    
  sigma=     0.270018011502707600    ; hbzero=     20.7355300000000007    
  e^2 chrg=   1.43997840859651305    ; CExPar=     1.00000000000000000    
  c.m. correction: F, chr. density in direct Coul: F
  use tensor terms: F
  use TMR pairing:  0

  Coupling constants in natural units
  -----------------------------------
  Crho_nu(0)=  -0.877667471343921757    ; Crho_nu(1)=   0.324009624211695935    
  CDrho_nu(0)=  0.941450913381434273    ; CDrho_nu(1)= -0.211831998717341041    
  Ctau_nu(0)=  -0.140321584905665799E-01; Ctau_nu(1)=  -0.476738799694694126    
  CrDr_nu(0)=  -0.600275535308624653    ; CrDr_nu(1)=   -2.04283331619404773    
  CrdJ_nu(0)=  -0.928527200246312745    ; CrdJ_nu(1)=  -0.422538339502831872    
  CJ_nu(0)=      0.00000000000000000    ; CJ_nu(1)=      0.00000000000000000    
  CpV0_nu(0)=   0.112611992142809880E-03; CpV0_nu(1)=   0.112611992142809880E-03
  CpV1_nu(0)=   0.887702254206059068E-03; CpV1_nu(1)=   0.887702254206059068E-03
  fpi_nu=        93.0000000000000000    ; Lambda_nu=     700.000000000000000    

  Nuclear matter properties
  ----------------------------------
      E_NM=     -15.8000000000000149      K_NM=     220.0000000000000284
      P_NM=      -0.0000000000000032    RHO_NM=       0.1587067693325870
    ASS_NM=      28.9867890577721070   LASS_NM=      40.0047904804136323
  SMASS_NM=       0.9924233322833640  VMASS_NM=       1.2498385742322700

  Associated (t,x)-coupling constants
  -----------------------------------
  t0=      -2078.32802325564080    ; x0=       0.537569206858470316E-01
  t1=       224.531530821149545    ; x1=       -5.33517105952413928    
  t2=       1576.46243732193352    ; x2=       -1.35933232804448689    
  t3=       14263.6462470775950    ; x3=      -0.162491168089956339    
  b4=       35.6955768900169375    ; b4p=       59.6169242324480990    
  te=      -469.278138668794270    ; to=       -198.891957368637520    
  sigma=   0.270018011502707600    ; hbzero=    20.7355300000000007    

  ---------------------------------------
        Characteristics of the run       
  ---------------------------------------
  Output file ................:     7
  Nucleus ....................:   MG  24
  Number of HO shells ........:     8
  HO length b0 (fm) ..........:     1.55928400372611
  Basis deformation ..........:  beta0=   0.010 q=   1.010
  HO: b0,1/b0,bp,bz,q ........:   0.15592840E+01  0.64131999E+00  0.15568270E+01  0.15642096E+01  0.10095067E+01
  h**2/(2m), cmc, e**2 .......:   0.20735530E+02  0.20735530E+02  0.14399784E+01
  hom=f*41.0_pr*A^{-1/3}, f...:   0.17056687E+02  0.12000000E+01
  THO basis is ...............:  OFF
  Maximal number of iterations:   400
  Initial mixing parameter ...:  0.300
  Initial w.f. ...............:  from   spherical scratch
  Skyrme functional ..........:    UNE1                          
    with direct and exchange Coulomb
  Lipkin-Nogami procedure is .:  OFF
  PAV procedure is ...........:  OFF
  Constraint calculation is ..:   ON
    Constraint 1 .............: lambda=2 Ql=   0.894
  Temperature T ..............:   0.05 MeV
  Restart indicator ..........:   1
  Broyden mixing (#iterations):   7

  ---------------------------------------
        Harmonic Oscillator Basis        
  ---------------------------------------
  NUV, NQP:                        2501     165
  Comparison with bookkeeping spherical basis:
  n00:                                8       8  Maximal number of shells
  nbx, 2*n00+1:                      17      17  Maximal number of K-blocks
  ntx, (n00+1)*(n00+2)*(n00+3)/6    165     165  Max.num. p/n levels
  nzx, n00:                           8       8  Maximal nz-quantum number
  nrx, n00/2  :                       4       4  Maximal nr-quantum number
  nlx, n00:                           8       8  Maximal ml-quantum number
  ndx, (n00+2)*(n00+2)/4:            25      25  Maximal dim. of one k-block

  Actual basis used
  Number of blocks: nb .......:   17
  Number of levels: nt .......:  165
  Maximal 2*omega : nom ......:   17
  Maximal nz:       nzm ......:    8
  Maximal nr:       nrm ......:    4
  Maximal ml:       nlm ......:    8
  Maximal N=nz+2*nr+nl .......:    8
  2 x biggest block dim. .....:   50
  Non-zero elements of h .....:     1333
  Number of Broyden elements .:     5332

  ---------------------------------------
            Integration Meshes           
  ---------------------------------------
  Number of Gauss-Hermite mesh points ngh ....:  40
  Number of Gauss-Laguerre mesh points ngl ...:  40
  Number of Gauss-Legendre mesh points nleg ..:  80
  Integration boundaries
    Hermite  - from xh(1)  =  0.12379686 to xh(ngh)   = 11.88786356
    Laguerre - From xl(1)  =  0.03570039 to xl(ngl)   =142.28004447
    Legendre - From xleg(1)=  0.00978669 to xleg(nleg)=  0.99988775
  Max.dev.in:     Orthogonality            Normalization
  Hermite     1.5248282503475657E-015   1.0991207943789050E-014
  Laguerre    4.2896485016951012E-015   8.9928064994637680E-015

  Scratch initialization for the nucleus: MG  12  12


  Initial potentials of Saxon-Woods shape 
  v0ws   =  -71.27999878
  kappa  =    0.46160001
  vs0    =   11.11750031   11.11750031
  r0     =    1.23339999    1.23339999
  a      =    0.61500001    0.61500001
  r0-so  =    1.14429998    1.14429998
  a-so   =    0.64760000    0.64760000
  beta00 =    0.01000000

  ### REGULAR STAGE (reflection symmetry imposed)
  |HFB+HO> iterations(b0=  1.559, Nsh=  8, inin=  1, N= 12, Z= 12)...
  ----------------------------------------------------------------------------------------------------------------------------------
  i          si     mix   beta      Etot       A       rn      rp         En      Dn      Ep      Dp        Ln      Lp     time
  ----------------------------------------------------------------------------------------------------------------------------------
   1L  73.90480883 0.30  0.010     0.000000    0.0   0.000   0.000 |   -2.000   1.000  -2.000   1.000 |   -7.000  -7.000   0.000
   2B  44.15737288 0.10  0.009   -68.048876   24.0   2.625   2.625 |    0.000  -0.000   0.000  -0.000 |  -17.169 -17.169  38.559
   3B  10.60173350 0.11  0.325  -161.958959   24.0   3.028   3.075 |    0.000  -0.000   0.000  -0.000 |  -11.192  -7.732   1.034
   4B   9.65662232 0.13  0.479  -180.522032   24.0   3.086   3.063 |    0.000  -0.000   0.000  -0.000 |  -12.181  -7.862   0.782
   5B  13.57398081 0.10  0.529  -180.876306   24.0   3.075   3.150 |    0.000  -0.000   0.000  -0.000 |  -12.190  -8.281   1.035
   6B  13.73406575 0.10  0.532  -186.768052   24.0   3.106   3.121 |    0.000  -0.000   0.000  -0.000 |  -12.555  -8.095   0.997
   7B  13.69475911 0.11  0.524  -188.416580   24.0   3.102   3.104 |    0.000  -0.000   0.000  -0.000 |  -12.393  -7.876   1.157
   8B  13.59624045 0.13  0.513  -188.846448   24.0   3.079   3.107 |    0.000  -0.000   0.000  -0.000 |  -12.186  -7.788   1.271
   9B  12.16793902 0.14  0.490  -189.278284   24.0   3.063   3.084 |    0.000  -0.000   0.000  -0.000 |  -12.018  -7.502   1.519
  10B   6.75322973 0.16  0.423  -188.461667   24.0   3.013   3.033 |    0.000  -0.000   0.000  -0.000 |  -11.400  -7.324   1.236
  11B   3.23605641 0.18  0.320  -188.150899   24.0   2.948   2.980 |    0.000  -0.000   0.000  -0.000 |  -11.541  -6.947   1.411
  12B   2.73533565 0.21  0.327  -188.723445   24.0   2.958   2.969 |    0.000  -0.000   0.000  -0.000 |  -11.539  -6.900   1.049
  13B   1.08343245 0.24  0.328  -189.175166   24.0   2.953   2.975 |    0.000  -0.000   0.000  -0.000 |  -11.498  -6.895   1.396
  14B   0.52910980 0.27  0.334  -189.295282   24.0   2.956   2.973 |    0.000  -0.000   0.000  -0.000 |  -11.471  -6.861   1.372
  15B   0.37111169 0.30  0.334  -189.318502   24.0   2.955   2.974 |    0.000  -0.000   0.000  -0.000 |  -11.471  -6.825   1.383
  16B   0.47431381 0.10  0.335  -189.329223   24.0   2.955   2.974 |    0.000   0.000   0.000   0.000 |  -11.373  -6.825   1.073
  17B   0.23368266 0.11  0.335  -189.330286   24.0   2.954   2.975 |    0.000  -0.000   0.000  -0.000 |  -11.373  -6.825   0.789
  18B   0.08784717 0.13  0.335  -189.338678   24.0   2.955   2.974 |    0.000   0.000   0.000   0.000 |  -11.373  -6.825   1.320
  19B   0.04095257 0.14  0.335  -189.348010   24.0   2.955   2.975 |    0.000   0.000   0.000   0.000 |  -11.373  -6.825   0.786
  20B   0.02304219 0.16  0.336  -189.352769   24.0   2.955   2.975 |    0.000   0.000   0.000   0.000 |  -11.373  -6.825   1.010
  21B   0.01718583 0.18  0.336  -189.358499   24.0   2.956   2.975 |    0.000   0.000   0.000   0.000 |  -11.373  -6.825   1.498
  22B   0.02104127 0.10  0.336  -189.359943   24.0   2.956   2.975 |    0.000  -0.000   0.000  -0.000 |  -11.373  -6.825   1.070
  23B   0.01708952 0.11  0.336  -189.359190   24.0   2.956   2.975 |    0.000   0.000   0.000   0.000 |  -11.373  -6.825   0.995
  24B   0.01316309 0.13  0.336  -189.358414   24.0   2.955   2.975 |    0.000   0.000   0.000   0.000 |  -11.373  -6.825   1.393
  25B   0.00636793 0.14  0.336  -189.357151   24.0   2.955   2.975 |    0.000   0.000   0.000   0.000 |  -11.373  -6.825   1.447
  26B   0.00680318 0.10  0.336  -189.356312   24.0   2.955   2.975 |    0.000   0.000   0.000   0.000 |  -11.373  -6.825   1.452
  27B   0.00281432 0.11  0.336  -189.355800   24.0   2.955   2.975 |    0.000   0.000   0.000   0.000 |  -11.373  -6.825   1.396
  28B   0.00223966 0.13  0.336  -189.355538   24.0   2.955   2.975 |    0.000   0.000   0.000   0.000 |  -11.373  -6.825   1.510
  29B   0.00121251 0.14  0.336  -189.355895   24.0   2.955   2.975 |    0.000   0.000   0.000   0.000 |  -11.373  -6.825   1.519
  30B   0.00083256 0.16  0.336  -189.355950   24.0   2.955   2.975 |    0.000  -0.000   0.000  -0.000 |  -11.373  -6.825   1.348
  31B   0.00171239 0.10  0.336  -189.355877   24.0   2.955   2.975 |    0.000   0.000   0.000   0.000 |  -11.373  -6.825   1.311
  32B   0.00052952 0.11  0.336  -189.355939   24.0   2.955   2.975 |    0.000  -0.000   0.000  -0.000 |  -11.373  -6.825   1.303
  33B   0.00042180 0.13  0.336  -189.355982   24.0   2.955   2.975 |    0.000  -0.000   0.000  -0.000 |  -11.373  -6.825   1.270
  34B   0.00037098 0.14  0.336  -189.356035   24.0   2.955   2.975 |    0.000  -0.000   0.000  -0.000 |  -11.373  -6.825   1.259
  35B   0.00031592 0.16  0.336  -189.356026   24.0   2.955   2.975 |    0.000  -0.000   0.000  -0.000 |  -11.373  -6.825   1.311
  36B   0.00028819 0.18  0.336  -189.356021   24.0   2.955   2.975 |    0.000  -0.000   0.000  -0.000 |  -11.373  -6.825   1.332
  37B   0.00029172 0.10  0.336  -189.356022   24.0   2.955   2.975 |    0.000  -0.000   0.000  -0.000 |  -11.373  -6.825   1.331
  38B   0.00020158 0.11  0.336  -189.356004   24.0   2.955   2.975 |    0.000  -0.000   0.000  -0.000 |  -11.373  -6.825   1.285
  39B   0.00006183 0.13  0.336  -189.355978   24.0   2.955   2.975 |    0.000  -0.000   0.000  -0.000 |  -11.373  -6.825   1.332
  40B   0.00004408 0.14  0.336  -189.355964   24.0   2.955   2.975 |    0.000  -0.000   0.000  -0.000 |  -11.373  -6.825   1.314
  41B   0.00005801 0.10  0.336  -189.355962   24.0   2.955   2.975 |    0.000  -0.000   0.000  -0.000 |  -11.373  -6.825   1.425
  42B   0.00002905 0.11  0.336  -189.355964   24.0   2.955   2.975 |    0.000  -0.000   0.000  -0.000 |  -11.373  -6.825   1.313
  43B   0.00002150 0.13  0.336  -189.355969   24.0   2.955   2.975 |    0.000  -0.000   0.000  -0.000 |  -11.373  -6.825   1.293
  44B   0.00002394 0.10  0.336  -189.355967   24.0   2.955   2.975 |    0.000  -0.000   0.000  -0.000 |  -11.373  -6.825   1.280
  45B   0.00001197 0.11  0.336  -189.355967   24.0   2.955   2.975 |    0.000  -0.000   0.000  -0.000 |  -11.373  -6.825   1.278
  46B   0.00000765 0.13  0.336  -189.355967   24.0   2.955   2.975 |    0.000  -0.000   0.000  -0.000 |  -11.373  -6.825   1.266
  47B   0.00000489 0.14  0.336  -189.355967   24.0   2.955   2.975 |    0.000  -0.000   0.000  -0.000 |  -11.373  -6.825   0.928
  48B   0.00000498 0.10  0.336  -189.355967   24.0   2.955   2.975 |    0.000   0.000   0.000   0.000 |  -11.373  -6.825   1.387
  49B   0.00000444 0.11  0.336  -189.355967   24.0   2.955   2.975 |    0.000   0.000   0.000   0.000 |  -11.373  -6.825   1.161
  50B   0.00000442 0.13  0.336  -189.355967   24.0   2.955   2.975 |    0.000   0.000   0.000   0.000 |  -11.373  -6.825   1.369
  51B   0.00000416 0.14  0.336  -189.355967   24.0   2.955   2.975 |    0.000   0.000   0.000   0.000 |  -11.373  -6.825   1.334
  52B   0.00000300 0.16  0.336  -189.355966   24.0   2.955   2.975 |    0.000  -0.000   0.000  -0.000 |  -11.373  -6.825   1.296
  53B   0.00000171 0.18  0.336  -189.355966   24.0   2.955   2.975 |    0.000  -0.000   0.000  -0.000 |  -11.373  -6.825   1.407
  54B   0.00000173 0.10  0.336  -189.355966   24.0   2.955   2.975 |    0.000  -0.000   0.000  -0.000 |  -11.373  -6.825   1.509
  55B   0.00000073 0.11  0.336  -189.355966   24.0   2.955   2.975 |    0.000  -0.000   0.000  -0.000 |  -11.373  -6.825   0.864
  56B   0.00000146 0.10  0.336  -189.355966   24.0   2.955   2.975 |    0.000  -0.000   0.000  -0.000 |  -11.373  -6.825   1.490
  57B   0.00000033 0.11  0.336  -189.355966   24.0   2.955   2.975 |    0.000  -0.000   0.000  -0.000 |  -11.373  -6.825   1.449
  58B   0.00000026 0.13  0.336  -189.355966   24.0   2.955   2.975 |    0.000   0.000   0.000   0.000 |  -11.373  -6.825   1.054
  59B   0.00000044 0.10  0.336  -189.355966   24.0   2.955   2.975 |    0.000   0.000   0.000   0.000 |  -11.373  -6.825   1.443
  60B   0.00000021 0.11  0.336  -189.355966   24.0   2.955   2.975 |    0.000   0.000   0.000   0.000 |  -11.373  -6.825   1.374
  61B   0.00000014 0.13  0.336  -189.355966   24.0   2.955   2.975 |    0.000   0.000   0.000   0.000 |  -11.373  -6.825   0.993
  62B   0.00000012 0.14  0.336  -189.355966   24.0   2.955   2.975 |    0.000   0.000   0.000   0.000 |  -11.373  -6.825   1.006
  63B   0.00000008 0.16  0.336  -189.355966   24.0   2.955   2.975 |    0.000   0.000   0.000   0.000 |  -11.373  -6.825   1.429
  64B   0.00000004 0.18  0.336  -189.355966   24.0   2.955   2.975 |    0.000   0.000   0.000   0.000 |  -11.373  -6.825   0.913
  65B   0.00000005 0.10  0.336  -189.355966   24.0   2.955   2.975 |    0.000   0.000   0.000   0.000 |  -11.373  -6.825   2.531
  66B   0.00000005 0.10  0.336  -189.355966   24.0   2.955   2.975 |    0.000   0.000   0.000   0.000 |  -11.373  -6.825   2.257
  67B   0.00000003 0.11  0.336  -189.355966   24.0   2.955   2.975 |    0.000   0.000   0.000   0.000 |  -11.373  -6.825   2.770
  68B   0.00000002 0.13  0.336  -189.355966   24.0   2.955   2.975 |    0.000   0.000   0.000   0.000 |  -11.373  -6.825   2.189
  69B   0.00000001 0.14  0.336  -189.355966   24.0   2.955   2.975 |    0.000   0.000   0.000   0.000 |  -11.373  -6.825   2.707
  70B   0.00000001 0.16  0.336  -189.355966   24.0   2.955   2.975 |    0.000   0.000   0.000   0.000 |  -11.373  -6.825   2.654
  71B   0.00000001 0.10  0.336  -189.355966   24.0   2.955   2.975 |    0.000   0.000   0.000   0.000 |  -11.373  -6.825   4.616
  72B   0.00000001 0.11  0.336  -189.355966   24.0   2.955   2.975 |    0.000   0.000   0.000   0.000 |  -11.373  -6.825   3.535
  73B   0.00000000 0.13  0.336  -189.355966   24.0   2.955   2.975 |    0.000   0.000   0.000   0.000 |  -11.373  -6.825   3.393
  74B   0.00000000 0.14  0.336  -189.355966   24.0   2.955   2.975 |    0.000   0.000   0.000   0.000 |  -11.373  -6.825   3.779
  75B   0.00000000 0.10  0.336  -189.355966   24.0   2.955   2.975 |    0.000   0.000   0.000   0.000 |  -11.373  -6.825   3.879
  76B   0.00000000 0.11  0.336  -189.355966   24.0   2.955   2.975 |    0.000   0.000   0.000   0.000 |  -11.373  -6.825   4.281
  ----------------------------------------------------------------------------------------------------------------------------------
  *   iteration converged   after  76 steps   si=     0.0000000007 ho=  0 tho=  0
  ----------------------------------------------------------------------------------------------------------------------------------
  Total CPU time=   2.646 minutes

  Writing to wel_file: s012_012.hel
 __________________________________  
  The tape s012_012.hel recorded:     
  nucname,npr,ngh,ngl,n00,nb,nt      
  b0,beta0,si,etot,rms,bet,xmix      
  pairing:     CpV0,CpV1,pwi         
  delta:       del,ept               
  lambda:      ala,ala2,alast,tz     
  asymptotic:  varmas,ass,skass      
  ntx,nb,nhhdim,id,N_rz,n_r,n_z      
  Omega2,Sigma2,Parity,Lambda        
  matrices(inbro):    hh,de          
  *all blocking candidates           
 __________________________________  


  NB! From expect (UNPROJECTED RESULTS)

  pairing: CpV0,CpV1,...           0.100000       0.100000       1.000000       1.000000
  forces:   UNE1                          


                             neutrons         protons         total
  Requested part.numbs.      12.000000      12.000000      24.000000
  UnPj(av) part.numbs .      12.000000      12.000000      24.000000
  b0, bz, bp ..........       1.559284       1.564210       1.556827

  lambda (ala) ........     -11.372653      -6.825397
  Lambda (alast) ......     -11.372653      -6.825397
  delta(n,p), pwi .....       0.000000      -0.000000      60.000000
  pairing energy ......       0.000000       0.000000       0.000000

  rms-radius ..........       2.955435       2.974834       2.965150
  charge-radius, r0 ...                      3.080526       3.461399
  deformation beta2....       0.335755       0.336086       0.335922
  dipole moment[fm] ...       0.000000       0.000000       0.000000
  quadrupole moment[b]        0.443974       0.450264       0.894238
  octupole moment .....       0.000000       0.000000       0.000000
  hexadecapole moment .       0.001912       0.001867       0.003779
  q5 ..................       0.000000       0.000000       0.000000
  q6 ..................      -0.000043      -0.000046      -0.000089
  q7 ..................       0.000000       0.000000       0.000000
  q8 ..................      -0.000004      -0.000004      -0.000007

  <r^0> [fm^0] ........            1.000000            1.000000            1.000000
  <r^2> [fm^2] ........            8.734594            8.849639            8.792116
  <r^4> [fm^4] ........          110.821282          114.063781          112.442531
  <r^6> [fm^6] ........         1816.330740         1903.997307         1860.164024
  <r^8> [fm^8] ........        36318.958688        38842.332625        37580.645657

  kinetic energy ......     205.947136     203.293332     409.240468
  volume energy .......                                  -662.585163
        rho_tau .......                                    -1.813778
        rho_rho .......                                  -660.771384
  surface energy ......                                    52.679172
   rho_DELTA_rho ......                                    52.679172
   (NABLA_rho)^2 ......                                     0.000000
  spin-orbit energy ...                                   -17.730845
        rho_NABLA_J ...                                   -17.730845
        NABLA_rho_J ...                                     0.000000
  coulomb energy ......                                    29.040402
          direct ......                                    33.496193
          exchange ....                                    -4.455790
  tensor energy .......                                     0.000000
  direct Hartree E  ...                                     0.000000
  Extra E .............                                     0.000000
  External field E ....                                     0.000000
  Entropy .............       0.000000       0.000000       0.000000

  tEnergy: ehfb (qp)...                                  -189.355966

  Calculated but not added corrections 
====================================
  cmc-diagonal part ...       0.000000       0.000000       0.000000
  cmc-hfb .............       0.000000       0.000000       0.000000
  cranking rot corr ...       0.000000       0.000000       0.000000

  SQUJ ................       0.000000       0.000000       0.000000
  CRAN x 4 ............       0.000000       0.000000       0.000000
  Rigit Body ..........       0.000000       0.000000       0.000000


   Blocking candidates are:
   neutron eqpmin=   1.1782146386657359       pwiblo=   5.1031036307982882     
    num=   1 block=   3 state=   1    32 Eqp=   1.17821464  (1-2N)E=  -1.17821464  Ovlp=   0.93386277  3+[ 2, 1, 1]
    num=   2 block=   5 state=   1    56 Eqp=   1.29573407  (1-2N)E=   1.29573407  Ovlp=   0.97620403  5+[ 2, 0, 2]
    num=   3 block=   1 state=   1     1 Eqp=   2.71788705  (1-2N)E=   2.71788705  Ovlp=   0.65842817  1+[ 2, 0, 0]
    num=   4 block=   1 state=   2     2 Eqp=   2.82025980  (1-2N)E=  -2.82025980  Ovlp=   0.82122747  1+[ 2, 2, 0]
    num=   5 block=   1 state=   3     3 Eqp=   4.95376380  (1-2N)E=   4.95376380  Ovlp=   0.68411999  1+[ 2, 0, 0]

   Blocking candidates are:
   proton  eqpmin=   1.0968060432912949       pwiblo=   5.1031036307982882     
    num=   1 block=   3 state=   1    31 Eqp=   1.09680604  (1-2N)E=  -1.09680604  Ovlp=   0.93083790  3+[ 2, 1, 1]
    num=   2 block=   5 state=   1    54 Eqp=   1.39116355  (1-2N)E=   1.39116355  Ovlp=   0.97243384  5+[ 2, 0, 2]
    num=   3 block=   1 state=   1     1 Eqp=   2.72362158  (1-2N)E=  -2.72362158  Ovlp=   0.81712595  1+[ 2, 2, 0]
    num=   4 block=   1 state=   2     2 Eqp=   2.73690987  (1-2N)E=   2.73690987  Ovlp=   0.65067709  1+[ 2, 0, 0]
    num=   5 block=   1 state=   3     3 Eqp=   4.91093663  (1-2N)E=   4.91093663  Ovlp=   0.67948115  1+[ 2, 0, 0]



 HFBTHO_SOLVER ended without errors

