No Skyrme interaction defined in routine skforce()
Multi-threading framework with OpenMP: 1 threads/task

  =======================================
           FORTRAN 95 CODE (KIND= 8) 
               Version: 200d  
  =======================================
       AXIALLY DEFORMED CONFIGURATIONAL  
     HARTREE-FOCK-BOGOLIUBOV CALCULATIONS
                     WITH                
            UNEDF AND DELTA PAIRING      
                     USING               
             HARMONIC-OSCILLATOR         
                   AND/OR                
       TRANSFORMED HARMONIC-OSCILLATOR   
                    BASIS                
                     ---                 
               v1.66  (2005):,           
   Stoitsov,Dobaczewski,Nazarewicz,Ring, 
               v2.00d (2012):,           
         Stoitsov,Schunck,Kortelainen    
  =======================================
    Nucleus: MG (A=  24, N= 12, Z= 12)
       Reflection Symmetry Imposed       
            ( 9/13/2022, 19:36)                               
  =======================================


  ---------------------------------------
           UNEDF Module Version:17
         M.Kortelainen & M.Stoitsov 
  ---------------------------------------

  UNE1 functional
  ----------------------------------
  Crho(0)=   -779.373008720865300    ; Crho(1)=    287.722131583286796    
  CDrho(0)=   891.477890442349690    ; CDrho(1)=  -200.587774317884879    
  Ctau(0)=  -0.989915057807676746    ; Ctau(1)=   -33.6320970701835549    
  CrDr(0)=   -42.3471407934174593    ; CrDr(1)=   -144.114069239680219    
  CrdJ(0)=   -65.5040390062409870    ; CrdJ(1)=   -29.8084621162240495    
  CJ(0)=      0.00000000000000000    ; CJ(1)=      0.00000000000000000    
  CpV0(0)=   0.100000000000000006    ; CpV0(1)=   0.100000000000000006    
  CpV1(0)=    1.00000000000000000    ; CpV1(1)=    1.00000000000000000    
  sigma=     0.270018011502707600    ; hbzero=     20.7355300000000007    
  e^2 chrg=   1.43997840859651305    ; CExPar=     1.00000000000000000    
  c.m. correction: F, chr. density in direct Coul: F
  use tensor terms: F
  use TMR pairing:  0

  Coupling constants in natural units
  -----------------------------------
  Crho_nu(0)=  -0.877667471343921757    ; Crho_nu(1)=   0.324009624211695935    
  CDrho_nu(0)=  0.941450913381434273    ; CDrho_nu(1)= -0.211831998717341041    
  Ctau_nu(0)=  -0.140321584905665799E-01; Ctau_nu(1)=  -0.476738799694694126    
  CrDr_nu(0)=  -0.600275535308624653    ; CrDr_nu(1)=   -2.04283331619404773    
  CrdJ_nu(0)=  -0.928527200246312745    ; CrdJ_nu(1)=  -0.422538339502831872    
  CJ_nu(0)=      0.00000000000000000    ; CJ_nu(1)=      0.00000000000000000    
  CpV0_nu(0)=   0.112611992142809880E-03; CpV0_nu(1)=   0.112611992142809880E-03
  CpV1_nu(0)=   0.887702254206059068E-03; CpV1_nu(1)=   0.887702254206059068E-03
  fpi_nu=        93.0000000000000000    ; Lambda_nu=     700.000000000000000    

  Nuclear matter properties
  ----------------------------------
      E_NM=     -15.8000000000000149      K_NM=     220.0000000000000284
      P_NM=      -0.0000000000000032    RHO_NM=       0.1587067693325870
    ASS_NM=      28.9867890577721070   LASS_NM=      40.0047904804136323
  SMASS_NM=       0.9924233322833640  VMASS_NM=       1.2498385742322700

  Associated (t,x)-coupling constants
  -----------------------------------
  t0=      -2078.32802325564080    ; x0=       0.537569206858470316E-01
  t1=       224.531530821149545    ; x1=       -5.33517105952413928    
  t2=       1576.46243732193352    ; x2=       -1.35933232804448689    
  t3=       14263.6462470775950    ; x3=      -0.162491168089956339    
  b4=       35.6955768900169375    ; b4p=       59.6169242324480990    
  te=      -469.278138668794270    ; to=       -198.891957368637520    
  sigma=   0.270018011502707600    ; hbzero=    20.7355300000000007    

  ---------------------------------------
        Characteristics of the run       
  ---------------------------------------
  Output file ................:     7
  Nucleus ....................:   MG  24
  Number of HO shells ........:     8
  HO length b0 (fm) ..........:     1.55928400372611
  Basis deformation ..........:  beta0=   0.010 q=   1.010
  HO: b0,1/b0,bp,bz,q ........:   0.15592840E+01  0.64131999E+00  0.15568270E+01  0.15642096E+01  0.10095067E+01
  h**2/(2m), cmc, e**2 .......:   0.20735530E+02  0.20735530E+02  0.14399784E+01
  hom=f*41.0_pr*A^{-1/3}, f...:   0.17056687E+02  0.12000000E+01
  THO basis is ...............:  OFF
  Maximal number of iterations:   400
  Initial mixing parameter ...:  0.300
  Initial w.f. ...............:  from   spherical scratch
  Skyrme functional ..........:    UNE1                          
    with direct and exchange Coulomb
  Lipkin-Nogami procedure is .:  OFF
  PAV procedure is ...........:  OFF
  Constraint calculation is ..:   ON
    Constraint 1 .............: lambda=2 Ql=   1.192
  Temperature T ..............:   0.05 MeV
  Restart indicator ..........:   1
  Broyden mixing (#iterations):   7

  ---------------------------------------
        Harmonic Oscillator Basis        
  ---------------------------------------
  NUV, NQP:                        2501     165
  Comparison with bookkeeping spherical basis:
  n00:                                8       8  Maximal number of shells
  nbx, 2*n00+1:                      17      17  Maximal number of K-blocks
  ntx, (n00+1)*(n00+2)*(n00+3)/6    165     165  Max.num. p/n levels
  nzx, n00:                           8       8  Maximal nz-quantum number
  nrx, n00/2  :                       4       4  Maximal nr-quantum number
  nlx, n00:                           8       8  Maximal ml-quantum number
  ndx, (n00+2)*(n00+2)/4:            25      25  Maximal dim. of one k-block

  Actual basis used
  Number of blocks: nb .......:   17
  Number of levels: nt .......:  165
  Maximal 2*omega : nom ......:   17
  Maximal nz:       nzm ......:    8
  Maximal nr:       nrm ......:    4
  Maximal ml:       nlm ......:    8
  Maximal N=nz+2*nr+nl .......:    8
  2 x biggest block dim. .....:   50
  Non-zero elements of h .....:     1333
  Number of Broyden elements .:     5332

  ---------------------------------------
            Integration Meshes           
  ---------------------------------------
  Number of Gauss-Hermite mesh points ngh ....:  40
  Number of Gauss-Laguerre mesh points ngl ...:  40
  Number of Gauss-Legendre mesh points nleg ..:  80
  Integration boundaries
    Hermite  - from xh(1)  =  0.12379686 to xh(ngh)   = 11.88786356
    Laguerre - From xl(1)  =  0.03570039 to xl(ngl)   =142.28004447
    Legendre - From xleg(1)=  0.00978669 to xleg(nleg)=  0.99988775
  Max.dev.in:     Orthogonality            Normalization
  Hermite     1.5248282503475657E-015   1.0991207943789050E-014
  Laguerre    4.2896485016951012E-015   8.9928064994637680E-015

  Scratch initialization for the nucleus: MG  12  12


  Initial potentials of Saxon-Woods shape 
  v0ws   =  -71.27999878
  kappa  =    0.46160001
  vs0    =   11.11750031   11.11750031
  r0     =    1.23339999    1.23339999
  a      =    0.61500001    0.61500001
  r0-so  =    1.14429998    1.14429998
  a-so   =    0.64760000    0.64760000
  beta00 =    0.01000000

  ### REGULAR STAGE (reflection symmetry imposed)
  |HFB+HO> iterations(b0=  1.559, Nsh=  8, inin=  1, N= 12, Z= 12)...
  ----------------------------------------------------------------------------------------------------------------------------------
  i          si     mix   beta      Etot       A       rn      rp         En      Dn      Ep      Dp        Ln      Lp     time
  ----------------------------------------------------------------------------------------------------------------------------------
   1L  73.90480883 0.30  0.010     0.000000    0.0   0.000   0.000 |   -2.000   1.000  -2.000   1.000 |   -7.000  -7.000   0.000
   2B  49.04581136 0.10  0.009   -68.048876   24.0   2.625   2.625 |    0.000  -0.000   0.000  -0.000 |  -17.169 -17.169  38.538
   3B  11.31082290 0.11  0.394  -161.643329   24.0   3.065   3.117 |    0.000  -0.000   0.000  -0.000 |  -11.568  -8.136   1.009
   4B  10.38489183 0.13  0.595  -177.035479   24.0   3.208   3.179 |    0.000  -0.000   0.000  -0.000 |  -13.487  -9.146   0.998
   5B  17.66800078 0.10  0.665  -177.317072   24.0   3.220   3.311 |    0.000  -0.000   0.000  -0.000 |  -14.017  -9.830   0.963
   6B  17.75726221 0.10  0.665  -180.602165   24.0   3.268   3.258 |    0.000  -0.000   0.000  -0.000 |  -14.000  -9.571   1.038
   7B  16.09051862 0.11  0.652  -183.258268   24.0   3.239   3.250 |    0.000  -0.000   0.000  -0.000 |  -13.648  -9.228   1.305
   8B  14.97434210 0.13  0.631  -183.846451   24.0   3.199   3.236 |    0.000  -0.000   0.000  -0.000 |  -13.157  -8.953   1.295
   9B  10.00245692 0.14  0.554  -186.376660   24.0   3.120   3.149 |    0.000  -0.000   0.000  -0.000 |  -12.371  -7.752   1.539
  10B   6.27460971 0.16  0.505  -188.668767   24.0   3.089   3.090 |    0.000  -0.000   0.000  -0.000 |  -12.086  -7.470   1.330
  11B   1.74678239 0.18  0.418  -189.586427   24.0   3.003   3.033 |    0.000  -0.000   0.000  -0.000 |  -11.610  -7.262   0.991
  12B   1.49170782 0.21  0.413  -189.795639   24.0   3.002   3.020 |    0.000  -0.000   0.000  -0.000 |  -11.703  -7.062   1.403
  13B   0.77551358 0.24  0.421  -189.959696   24.0   3.005   3.027 |    0.000  -0.000   0.000  -0.000 |  -11.626  -7.087   1.349
  14B   0.61881424 0.27  0.426  -189.981607   24.0   3.010   3.027 |    0.000  -0.000   0.000  -0.000 |  -11.639  -7.080   1.295
  15B   0.27667528 0.30  0.429  -190.005481   24.0   3.011   3.030 |    0.000  -0.000   0.000  -0.000 |  -11.639  -7.080   1.185
  16B   0.54700922 0.10  0.430  -189.994438   24.0   3.010   3.031 |    0.000  -0.000   0.000  -0.000 |  -11.639  -7.080   1.346
  17B   0.18235867 0.11  0.430  -190.004625   24.0   3.010   3.031 |    0.000  -0.000   0.000  -0.000 |  -11.639  -7.080   1.339
  18B   0.07938793 0.13  0.431  -190.006387   24.0   3.011   3.031 |    0.000   0.000   0.000   0.000 |  -11.639  -7.080   0.859
  19B   0.04816960 0.14  0.431  -190.005831   24.0   3.012   3.031 |    0.000   0.000   0.000   0.000 |  -11.639  -7.080   1.318
  20B   0.01553660 0.16  0.431  -190.005656   24.0   3.012   3.031 |    0.000   0.000   0.000   0.000 |  -11.639  -7.080   0.981
  21B   0.01700272 0.10  0.432  -190.005381   24.0   3.012   3.031 |    0.000   0.000   0.000   0.000 |  -11.639  -7.080   1.048
  22B   0.01890746 0.10  0.432  -190.005344   24.0   3.012   3.031 |    0.000   0.000   0.000   0.000 |  -11.639  -7.080   1.293
  23B   0.01670952 0.11  0.432  -190.005413   24.0   3.012   3.031 |    0.000   0.000   0.000   0.000 |  -11.639  -7.080   1.316
  24B   0.01299244 0.13  0.432  -190.005514   24.0   3.012   3.031 |    0.000   0.000   0.000   0.000 |  -11.639  -7.080   1.443
  25B   0.00863886 0.14  0.431  -190.005650   24.0   3.012   3.031 |    0.000   0.000   0.000   0.000 |  -11.639  -7.080   0.890
  26B   0.00868334 0.10  0.431  -190.005787   24.0   3.012   3.031 |    0.000   0.000   0.000   0.000 |  -11.639  -7.080   1.436
  27B   0.00627514 0.11  0.431  -190.005888   24.0   3.012   3.031 |    0.000   0.000   0.000   0.000 |  -11.639  -7.080   1.471
  28B   0.00393619 0.13  0.431  -190.006029   24.0   3.011   3.031 |    0.000   0.000   0.000   0.000 |  -11.639  -7.080   1.601
  29B   0.00415816 0.10  0.431  -190.006035   24.0   3.011   3.031 |    0.000   0.000   0.000   0.000 |  -11.639  -7.080   1.022
  30B   0.00295108 0.11  0.431  -190.006001   24.0   3.012   3.031 |    0.000   0.000   0.000   0.000 |  -11.639  -7.080   1.407
  31B   0.00175104 0.13  0.431  -190.005965   24.0   3.012   3.031 |    0.000   0.000   0.000   0.000 |  -11.639  -7.080   0.964
  32B   0.00142456 0.14  0.431  -190.005956   24.0   3.012   3.031 |    0.000   0.000   0.000   0.000 |  -11.639  -7.080   1.466
  33B   0.00099295 0.16  0.431  -190.005934   24.0   3.012   3.031 |    0.000   0.000   0.000   0.000 |  -11.639  -7.080   1.486
  34B   0.00055648 0.18  0.431  -190.005911   24.0   3.012   3.031 |    0.000   0.000   0.000   0.000 |  -11.639  -7.080   1.577
  35B   0.00072395 0.10  0.431  -190.005902   24.0   3.012   3.031 |    0.000   0.000   0.000   0.000 |  -11.639  -7.080   1.332
  36B   0.00046983 0.11  0.431  -190.005902   24.0   3.012   3.031 |    0.000   0.000   0.000   0.000 |  -11.639  -7.080   1.400
  37B   0.00043722 0.13  0.431  -190.005901   24.0   3.012   3.031 |    0.000   0.000   0.000   0.000 |  -11.639  -7.080   1.341
  38B   0.00033942 0.14  0.431  -190.005904   24.0   3.012   3.031 |    0.000   0.000   0.000   0.000 |  -11.639  -7.080   1.319
  39B   0.00028967 0.16  0.431  -190.005905   24.0   3.012   3.031 |    0.000   0.000   0.000   0.000 |  -11.639  -7.080   1.360
  40B   0.00016828 0.18  0.431  -190.005909   24.0   3.012   3.031 |    0.000   0.000   0.000   0.000 |  -11.639  -7.080   1.565
  41B   0.00012636 0.21  0.431  -190.005911   24.0   3.012   3.031 |    0.000   0.000   0.000   0.000 |  -11.639  -7.080   1.553
  42B   0.00013749 0.10  0.431  -190.005913   24.0   3.012   3.031 |    0.000   0.000   0.000   0.000 |  -11.639  -7.080   1.452
  43B   0.00006099 0.11  0.431  -190.005916   24.0   3.012   3.031 |    0.000  -0.000   0.000  -0.000 |  -11.639  -7.080   1.520
  44B   0.00008657 0.10  0.431  -190.005916   24.0   3.012   3.031 |    0.000  -0.000   0.000  -0.000 |  -11.639  -7.080   1.482
  45B   0.00007336 0.11  0.431  -190.005916   24.0   3.012   3.031 |    0.000   0.000   0.000   0.000 |  -11.639  -7.080   1.213
  46B   0.00006568 0.13  0.431  -190.005916   24.0   3.012   3.031 |    0.000   0.000   0.000   0.000 |  -11.639  -7.080   1.387
  47B   0.00005259 0.14  0.431  -190.005915   24.0   3.012   3.031 |    0.000   0.000   0.000   0.000 |  -11.639  -7.080   1.488
  48B   0.00004251 0.16  0.431  -190.005915   24.0   3.012   3.031 |    0.000   0.000   0.000   0.000 |  -11.639  -7.080   1.402
  49B   0.00003179 0.18  0.431  -190.005915   24.0   3.012   3.031 |    0.000   0.000   0.000   0.000 |  -11.639  -7.080   1.421
  50B   0.00001652 0.21  0.431  -190.005914   24.0   3.012   3.031 |    0.000   0.000   0.000   0.000 |  -11.639  -7.080   1.305
  51B   0.00002842 0.10  0.431  -190.005914   24.0   3.012   3.031 |    0.000   0.000   0.000   0.000 |  -11.639  -7.080   0.705
  52B   0.00001126 0.11  0.431  -190.005913   24.0   3.012   3.031 |    0.000   0.000   0.000   0.000 |  -11.639  -7.080   1.380
  53B   0.00001348 0.10  0.431  -190.005913   24.0   3.012   3.031 |    0.000   0.000   0.000   0.000 |  -11.639  -7.080   1.458
  54B   0.00000972 0.11  0.431  -190.005913   24.0   3.012   3.031 |    0.000   0.000   0.000   0.000 |  -11.639  -7.080   0.809
  55B   0.00000720 0.13  0.431  -190.005913   24.0   3.012   3.031 |    0.000   0.000   0.000   0.000 |  -11.639  -7.080   1.340
  56B   0.00000529 0.14  0.431  -190.005914   24.0   3.012   3.031 |    0.000   0.000   0.000   0.000 |  -11.639  -7.080   1.362
  57B   0.00000369 0.16  0.431  -190.005914   24.0   3.012   3.031 |    0.000   0.000   0.000   0.000 |  -11.639  -7.080   1.284
  58B   0.00000466 0.10  0.431  -190.005914   24.0   3.012   3.031 |    0.000   0.000   0.000   0.000 |  -11.639  -7.080   1.325
  59B   0.00000122 0.11  0.431  -190.005914   24.0   3.012   3.031 |    0.000   0.000   0.000   0.000 |  -11.639  -7.080   1.383
  60B   0.00000254 0.10  0.431  -190.005914   24.0   3.012   3.031 |    0.000   0.000   0.000   0.000 |  -11.639  -7.080   1.332
  61B   0.00000161 0.11  0.431  -190.005914   24.0   3.012   3.031 |    0.000   0.000   0.000   0.000 |  -11.639  -7.080   1.384
  62B   0.00000148 0.13  0.431  -190.005914   24.0   3.012   3.031 |    0.000   0.000   0.000   0.000 |  -11.639  -7.080   1.467
  63B   0.00000125 0.14  0.431  -190.005914   24.0   3.012   3.031 |    0.000   0.000   0.000   0.000 |  -11.639  -7.080   1.556
  64B   0.00000078 0.16  0.431  -190.005914   24.0   3.012   3.031 |    0.000   0.000   0.000   0.000 |  -11.639  -7.080   1.548
  65B   0.00000076 0.18  0.431  -190.005914   24.0   3.012   3.031 |    0.000   0.000   0.000   0.000 |  -11.639  -7.080   1.438
  66B   0.00000057 0.21  0.431  -190.005914   24.0   3.012   3.031 |    0.000   0.000   0.000   0.000 |  -11.639  -7.080   1.395
  67B   0.00000081 0.10  0.431  -190.005914   24.0   3.012   3.031 |    0.000   0.000   0.000   0.000 |  -11.639  -7.080   1.310
  68B   0.00000032 0.11  0.431  -190.005914   24.0   3.012   3.031 |    0.000   0.000   0.000   0.000 |  -11.639  -7.080   1.350
  69B   0.00000028 0.13  0.431  -190.005914   24.0   3.012   3.031 |    0.000   0.000   0.000   0.000 |  -11.639  -7.080   1.324
  70B   0.00000027 0.14  0.431  -190.005914   24.0   3.012   3.031 |    0.000   0.000   0.000   0.000 |  -11.639  -7.080   1.315
  71B   0.00000023 0.16  0.431  -190.005914   24.0   3.012   3.031 |    0.000   0.000   0.000   0.000 |  -11.639  -7.080   1.339
  72B   0.00000017 0.18  0.431  -190.005914   24.0   3.012   3.031 |    0.000   0.000   0.000   0.000 |  -11.639  -7.080   1.395
  73B   0.00000010 0.21  0.431  -190.005914   24.0   3.012   3.031 |    0.000   0.000   0.000   0.000 |  -11.639  -7.080   0.846
  74B   0.00000014 0.10  0.431  -190.005914   24.0   3.012   3.031 |    0.000   0.000   0.000   0.000 |  -11.639  -7.080   1.454
  75B   0.00000008 0.11  0.431  -190.005914   24.0   3.012   3.031 |    0.000   0.000   0.000   0.000 |  -11.639  -7.080   1.507
  76B   0.00000007 0.13  0.431  -190.005914   24.0   3.012   3.031 |    0.000   0.000   0.000   0.000 |  -11.639  -7.080   1.379
  77B   0.00000005 0.14  0.431  -190.005914   24.0   3.012   3.031 |    0.000  -0.000   0.000   0.000 |  -11.639  -7.080   1.379
  78B   0.00000004 0.16  0.431  -190.005914   24.0   3.012   3.031 |    0.000  -0.000   0.000  -0.000 |  -11.639  -7.080   1.259
  79B   0.00000003 0.18  0.431  -190.005914   24.0   3.012   3.031 |    0.000   0.000   0.000  -0.000 |  -11.639  -7.080   1.435
  80B   0.00000003 0.21  0.431  -190.005914   24.0   3.012   3.031 |    0.000  -0.000   0.000  -0.000 |  -11.639  -7.080   1.224
  81B   0.00000002 0.24  0.431  -190.005914   24.0   3.012   3.031 |    0.000  -0.000   0.000  -0.000 |  -11.639  -7.080   1.425
  82B   0.00000002 0.27  0.431  -190.005914   24.0   3.012   3.031 |    0.000  -0.000   0.000  -0.000 |  -11.639  -7.080   1.031
  83B   0.00000002 0.10  0.431  -190.005914   24.0   3.012   3.031 |    0.000  -0.000   0.000  -0.000 |  -11.639  -7.080   1.239
  84B   0.00000001 0.11  0.431  -190.005914   24.0   3.012   3.031 |    0.000   0.000   0.000  -0.000 |  -11.639  -7.080   1.275
  85B   0.00000001 0.13  0.431  -190.005914   24.0   3.012   3.031 |    0.000  -0.000   0.000   0.000 |  -11.639  -7.080   1.372
  86B   0.00000001 0.14  0.431  -190.005914   24.0   3.012   3.031 |    0.000  -0.000   0.000   0.000 |  -11.639  -7.080   1.518
  87B   0.00000001 0.10  0.431  -190.005914   24.0   3.012   3.031 |    0.000   0.000   0.000  -0.000 |  -11.639  -7.080   1.236
  88B   0.00000001 0.11  0.431  -190.005914   24.0   3.012   3.031 |    0.000   0.000   0.000  -0.000 |  -11.639  -7.080   1.343
  89B   0.00000000 0.13  0.431  -190.005914   24.0   3.012   3.031 |    0.000   0.000   0.000   0.000 |  -11.639  -7.080   0.726
  90B   0.00000000 0.14  0.431  -190.005914   24.0   3.012   3.031 |    0.000  -0.000   0.000   0.000 |  -11.639  -7.080   1.374
  91B   0.00000000 0.16  0.431  -190.005914   24.0   3.012   3.031 |    0.000  -0.000   0.000  -0.000 |  -11.639  -7.080   1.285
  92B   0.00000000 0.18  0.431  -190.005914   24.0   3.012   3.031 |    0.000  -0.000   0.000  -0.000 |  -11.639  -7.080   1.388
  93B   0.00000000 0.21  0.431  -190.005914   24.0   3.012   3.031 |    0.000   0.000   0.000  -0.000 |  -11.639  -7.080   1.218
  ----------------------------------------------------------------------------------------------------------------------------------
  *   iteration converged   after  93 steps   si=     0.0000000009 ho=  0 tho=  0
  ----------------------------------------------------------------------------------------------------------------------------------
  Total CPU time=   2.640 minutes

  Writing to wel_file: s012_012.hel
 __________________________________  
  The tape s012_012.hel recorded:     
  nucname,npr,ngh,ngl,n00,nb,nt      
  b0,beta0,si,etot,rms,bet,xmix      
  pairing:     CpV0,CpV1,pwi         
  delta:       del,ept               
  lambda:      ala,ala2,alast,tz     
  asymptotic:  varmas,ass,skass      
  ntx,nb,nhhdim,id,N_rz,n_r,n_z      
  Omega2,Sigma2,Parity,Lambda        
  matrices(inbro):    hh,de          
  *all blocking candidates           
 __________________________________  


  NB! From expect (UNPROJECTED RESULTS)

  pairing: CpV0,CpV1,...           0.100000       0.100000       1.000000       1.000000
  forces:   UNE1                          


                             neutrons         protons         total
  Requested part.numbs.      12.000000      12.000000      24.000000
  UnPj(av) part.numbs .      12.000000      12.000000      24.000000
  b0, bz, bp ..........       1.559284       1.564210       1.556827

  lambda (ala) ........     -11.638684      -7.079962
  Lambda (alast) ......     -11.638684      -7.079962
  delta(n,p), pwi .....       0.000000      -0.000000      60.000000
  pairing energy ......       0.000000       0.000000       0.000000

  rms-radius ..........       3.011525       3.031183       3.021370
  charge-radius, r0 ...                      3.134975       3.461399
  deformation beta2....       0.430904       0.431855       0.431383
  dipole moment[fm] ...       0.000000       0.000000       0.000000
  quadrupole moment[b]        0.591623       0.600695       1.192317
  octupole moment .....       0.000000       0.000000       0.000000
  hexadecapole moment .       0.006549       0.006626       0.013175
  q5 ..................       0.000000       0.000000       0.000000
  q6 ..................       0.000148       0.000145       0.000294
  q7 ..................       0.000000       0.000000       0.000000
  q8 ..................      -0.000002      -0.000002      -0.000004

  <r^0> [fm^0] ........            1.000000            1.000000            1.000000
  <r^2> [fm^2] ........            9.069280            9.188071            9.128675
  <r^4> [fm^4] ........          120.659705          124.100721          122.380213
  <r^6> [fm^6] ........         2077.713451         2173.165468         2125.439460
  <r^8> [fm^8] ........        43519.289807        46330.170698        44924.730252

  kinetic energy ......     202.297451     199.759941     402.057393
  volume energy .......                                  -656.971110
        rho_tau .......                                    -1.748838
        rho_rho .......                                  -655.222272
  surface energy ......                                    52.191519
   rho_DELTA_rho ......                                    52.191519
   (NABLA_rho)^2 ......                                     0.000000
  spin-orbit energy ...                                   -15.988545
        rho_NABLA_J ...                                   -15.988545
        NABLA_rho_J ...                                     0.000000
  coulomb energy ......                                    28.704829
          direct ......                                    33.137006
          exchange ....                                    -4.432177
  tensor energy .......                                     0.000000
  direct Hartree E  ...                                     0.000000
  Extra E .............                                     0.000000
  External field E ....                                     0.000000
  Entropy .............       0.000000       0.000000       0.000000

  tEnergy: ehfb (qp)...                                  -190.005914

  Calculated but not added corrections 
====================================
  cmc-diagonal part ...       0.000000      -0.000000       0.000000
  cmc-hfb .............       0.000000       0.000000       0.000000
  cranking rot corr ...       0.000000       0.000000       0.000000

  SQUJ ................       0.000000       0.000000       0.000000
  CRAN x 4 ............       0.000000       0.000000       0.000000
  Rigit Body ..........       0.000000       0.000000       0.000000


   Blocking candidates are:
   neutron eqpmin=   1.3805538521037732       pwiblo=   5.1031036307982882     
    num=   1 block=   3 state=   1    33 Eqp=   1.38055385  (1-2N)E=  -1.38055385  Ovlp=   0.92954164  3+[ 2, 1, 1]
    num=   2 block=   5 state=   1    57 Eqp=   2.66274468  (1-2N)E=   2.66274468  Ovlp=   0.97145126  5+[ 2, 0, 2]
    num=   3 block=   1 state=   1     1 Eqp=   2.83022556  (1-2N)E=   2.83022556  Ovlp=   0.78426988  1+[ 2, 1, 1]
    num=   4 block=   1 state=   2     2 Eqp=   4.16083677  (1-2N)E=  -4.16083677  Ovlp=   0.82242473  1+[ 2, 2, 0]
    num=   5 block=   1 state=   3     3 Eqp=   5.69495397  (1-2N)E=   5.69495397  Ovlp=   0.87366786  1+[ 2, 0, 0]
    num=   6 block=   2 state=   1    17 Eqp=   6.21709093  (1-2N)E=   6.21709093  Ovlp=   0.76855025  1-[ 3, 3, 0]
    num=   7 block=   2 state=   2    18 Eqp=   6.37498356  (1-2N)E=  -6.37498356  Ovlp=   0.94543837  1-[ 1, 0, 1]

   Blocking candidates are:
   proton  eqpmin=   1.3588623623346479       pwiblo=   5.1031036307982882     
    num=   1 block=   3 state=   1    31 Eqp=   1.35886236  (1-2N)E=  -1.35886236  Ovlp=   0.92611250  3+[ 2, 1, 1]
    num=   2 block=   5 state=   1    54 Eqp=   2.70057036  (1-2N)E=   2.70057036  Ovlp=   0.96764071  5+[ 2, 0, 2]
    num=   3 block=   1 state=   1     1 Eqp=   2.78087289  (1-2N)E=   2.78087289  Ovlp=   0.78251590  1+[ 2, 1, 1]
    num=   4 block=   1 state=   2     2 Eqp=   4.12248911  (1-2N)E=  -4.12248911  Ovlp=   0.81741025  1+[ 2, 2, 0]
    num=   5 block=   1 state=   3     3 Eqp=   5.60511851  (1-2N)E=   5.60511851  Ovlp=   0.86823358  1+[ 2, 0, 0]
    num=   6 block=   2 state=   1    17 Eqp=   6.17786406  (1-2N)E=   6.17786406  Ovlp=   0.76143940  1-[ 3, 3, 0]
    num=   7 block=   2 state=   2    18 Eqp=   6.28011631  (1-2N)E=  -6.28011631  Ovlp=   0.94323487  1-[ 1, 0, 1]



 HFBTHO_SOLVER ended without errors

