No Skyrme interaction defined in routine skforce()
Multi-threading framework with OpenMP: 1 threads/task

  =======================================
           FORTRAN 95 CODE (KIND= 8) 
               Version: 200d  
  =======================================
       AXIALLY DEFORMED CONFIGURATIONAL  
     HARTREE-FOCK-BOGOLIUBOV CALCULATIONS
                     WITH                
            UNEDF AND DELTA PAIRING      
                     USING               
             HARMONIC-OSCILLATOR         
                   AND/OR                
       TRANSFORMED HARMONIC-OSCILLATOR   
                    BASIS                
                     ---                 
               v1.66  (2005):,           
   Stoitsov,Dobaczewski,Nazarewicz,Ring, 
               v2.00d (2012):,           
         Stoitsov,Schunck,Kortelainen    
  =======================================
    Nucleus: GD (A= 156, N= 92, Z= 64)
       Reflection Symmetry Imposed       
            (10/14/2022,  8:35)                               
  =======================================


  ---------------------------------------
           UNEDF Module Version:17
         M.Kortelainen & M.Stoitsov 
  ---------------------------------------

  UNE1 functional
  ----------------------------------
  Crho(0)=   -775.175348629858831    ; Crho(1)=    265.383868821559133    
  CDrho(0)=   895.863067731918477    ; CDrho(1)=  -157.591724783460251    
  Ctau(0)=   -3.22264631674781787    ; Ctau(1)=   -35.9412385021460707    
  CrDr(0)=   -45.3638514617856856    ; CrDr(1)=   -149.718895531551112    
  CrdJ(0)=   -70.5772305476703963    ; CrdJ(1)=   -30.4675902199138768    
  CJ(0)=      0.00000000000000000    ; CJ(1)=      0.00000000000000000    
  CpV0(0)=   0.100000000000000006    ; CpV0(1)=   0.100000000000000006    
  CpV1(0)=    1.00000000000000000    ; CpV1(1)=    1.00000000000000000    
  sigma=     0.274519740736063500    ; hbzero=     20.7355300000000007    
  e^2 chrg=   1.43997840859651305    ; CExPar=     1.00000000000000000    
  c.m. correction: F, chr. density in direct Coul: F
  use tensor terms: F
  use TMR pairing:  0

  Coupling constants in natural units
  -----------------------------------
  Crho_nu(0)=  -0.872940402692055639    ; Crho_nu(1)=   0.298854061505618995    
  CDrho_nu(0)=  0.945069246121263529    ; CDrho_nu(1)= -0.166247608480074499    
  Ctau_nu(0)=  -0.456813779313493401E-01; Ctau_nu(1)=  -0.509471142025350043    
  CrDr_nu(0)=  -0.643037752010807706    ; CrDr_nu(1)=   -2.12228236610930532    
  CrdJ_nu(0)=   -1.00044026713105749    ; CrdJ_nu(1)=  -0.431881555310706988    
  CJ_nu(0)=      0.00000000000000000    ; CJ_nu(1)=      0.00000000000000000    
  CpV0_nu(0)=   0.112611992142809880E-03; CpV0_nu(1)=   0.112611992142809880E-03
  CpV1_nu(0)=   0.887702254206059068E-03; CpV1_nu(1)=   0.887702254206059068E-03
  fpi_nu=        93.0000000000000000    ; Lambda_nu=     700.000000000000000    

  Nuclear matter properties
  ----------------------------------
      E_NM=     -15.7999999999999812      K_NM=     219.9999999999995737
      P_NM=       0.0000000000000038    RHO_NM=       0.1583361295557954
    ASS_NM=      28.8297235632558291   LASS_NM=      41.2180518632975108
  SMASS_NM=       0.9753919313988555  VMASS_NM=       1.2498385742322695

  Associated (t,x)-coupling constants
  -----------------------------------
  t0=      -2067.13426301295658    ; x0=       0.135300083212750444E-01
  t1=       237.643679373859896    ; x1=       -5.23763362953535871    
  t2=       1629.70033395719884    ; x2=       -1.36727514612045575    
  t3=       14333.8090837106956    ; x3=      -0.236134242285866935    
  b4=       40.1096403277565230    ; b4p=       60.9351804398277537    
  te=      -486.499594376227094    ; to=       -208.088263459559244    
  sigma=   0.274519740736063500    ; hbzero=    20.7355300000000007    

  ---------------------------------------
        Characteristics of the run       
  ---------------------------------------
  Output file ................:     7
  Nucleus ....................:   GD 156
  Number of HO shells ........:     8
  HO length b0 (fm) ..........:     2.13015292605643
  Basis deformation ..........:  beta0=   0.010 q=   1.010
  HO: b0,1/b0,bp,bz,q ........:   0.21301529E+01  0.46944986E+00  0.21267964E+01  0.21368819E+01  0.10095067E+01
  h**2/(2m), cmc, e**2 .......:   0.20735530E+02  0.20735530E+02  0.14399784E+01
  hom=f*41.0_pr*A^{-1/3}, f...:   0.91395238E+01  0.12000000E+01
  THO basis is ...............:  OFF
  Maximal number of iterations:   400
  Initial mixing parameter ...:  0.300
  Initial w.f. ...............:  from   spherical scratch
  Skyrme functional ..........:    UNE1                          
    with direct and exchange Coulomb
  Lipkin-Nogami procedure is .:  OFF
  PAV procedure is ...........:  OFF
  Constraint calculation is ..:   ON
    Constraint 1 .............: lambda=2 Ql=  27.720
  Temperature T ..............:   0.05 MeV
  Restart indicator ..........:   1
  Broyden mixing (#iterations):   7

  ---------------------------------------
        Harmonic Oscillator Basis        
  ---------------------------------------
  NUV, NQP:                        2501     165
  Comparison with bookkeeping spherical basis:
  n00:                                8       8  Maximal number of shells
  nbx, 2*n00+1:                      17      17  Maximal number of K-blocks
  ntx, (n00+1)*(n00+2)*(n00+3)/6    165     165  Max.num. p/n levels
  nzx, n00:                           8       8  Maximal nz-quantum number
  nrx, n00/2  :                       4       4  Maximal nr-quantum number
  nlx, n00:                           8       8  Maximal ml-quantum number
  ndx, (n00+2)*(n00+2)/4:            25      25  Maximal dim. of one k-block

  Actual basis used
  Number of blocks: nb .......:   17
  Number of levels: nt .......:  165
  Maximal 2*omega : nom ......:   17
  Maximal nz:       nzm ......:    8
  Maximal nr:       nrm ......:    4
  Maximal ml:       nlm ......:    8
  Maximal N=nz+2*nr+nl .......:    8
  2 x biggest block dim. .....:   50
  Non-zero elements of h .....:     1333
  Number of Broyden elements .:     5332

  ---------------------------------------
            Integration Meshes           
  ---------------------------------------
  Number of Gauss-Hermite mesh points ngh ....:  40
  Number of Gauss-Laguerre mesh points ngl ...:  40
  Number of Gauss-Legendre mesh points nleg ..:  80
  Integration boundaries
    Hermite  - from xh(1)  =  0.12379686 to xh(ngh)   = 11.88786356
    Laguerre - From xl(1)  =  0.03570039 to xl(ngl)   =142.28004447
    Legendre - From xleg(1)=  0.00978669 to xleg(nleg)=  0.99988775
  Max.dev.in:     Orthogonality            Normalization
  Hermite     1.5248282503475657E-015   1.0991207943789050E-014
  Laguerre    4.2896485016951012E-015   8.9928064994637680E-015

  Scratch initialization for the nucleus: GD  92  64


  Initial potentials of Saxon-Woods shape 
  v0ws   =  -71.27999878
  kappa  =    0.46160001
  vs0    =   11.11750031   11.11750031
  r0     =    1.23339999    1.23339999
  a      =    0.61500001    0.61500001
  r0-so  =    1.14429998    1.14429998
  a-so   =    0.64760000    0.64760000
  beta00 =    0.01000000

  ### REGULAR STAGE (reflection symmetry imposed)
  |HFB+HO> iterations(b0=  2.130, Nsh=  8, inin=  1, N= 92, Z= 64)...
  ----------------------------------------------------------------------------------------------------------------------------------
  i          si     mix   beta      Etot       A       rn      rp         En      Dn      Ep      Dp        Ln      Lp     time
  ----------------------------------------------------------------------------------------------------------------------------------
   1L  69.94764065 0.30  0.010     0.000000    0.0   0.000   0.000 |   -2.000   1.000  -2.000   1.000 |   -7.000  -7.000   0.000
   2B  44.11981018 0.10  0.017 -1042.526831  156.0   4.802   4.555 |    0.000  -0.000   0.000   0.000 |  -14.068 -26.543  22.182
   3B  19.65038513 0.11  0.327 -1063.453007  156.0   5.093   5.031 |    0.000  -0.000   0.000  -0.000 |   -7.292 -11.598   0.674
   4B  26.10197467 0.10  0.550  -703.953266  156.0   5.429   5.192 |    0.000  -0.000   0.000  -0.000 |   -7.955 -10.148   0.664
   5B   9.15926297 0.11  0.625 -1138.441496  156.0   5.472   5.450 |    0.000  -0.000   0.000  -0.000 |   -8.105 -10.211   0.757
   6B  11.97125257 0.10  0.667 -1098.288503  156.0   5.516   5.521 |    0.000  -0.000   0.000  -0.000 |   -7.851  -9.795   0.815
   7B   6.07989743 0.11  0.675 -1134.282642  156.0   5.552   5.561 |    0.000   0.000   0.000   0.000 |   -7.539  -9.701   0.613
   8B   5.67427071 0.13  0.680 -1138.446911  156.0   5.560   5.553 |    0.000   0.000   0.000   0.000 |   -7.338  -9.356   0.702
   9B   7.89790667 0.10  0.671 -1154.647657  156.0   5.562   5.551 |    0.000   0.000   0.000   0.000 |   -6.674  -9.007   0.708
  10B   5.89811517 0.11  0.648 -1176.373104  156.0   5.536   5.501 |    0.000  -0.000   0.000  -0.000 |   -6.216  -8.519   0.575
  11B   4.63627628 0.13  0.614 -1197.804317  156.0   5.496   5.440 |    0.000  -0.000   0.000  -0.000 |   -5.819  -7.921   0.682
  12B   3.76078428 0.14  0.603 -1199.778178  156.0   5.485   5.430 |    0.000  -0.000   0.000  -0.000 |   -5.916  -7.991   0.664
  13B   2.03278451 0.16  0.580 -1214.337133  156.0   5.461   5.396 |    0.000  -0.000   0.000  -0.000 |   -6.059  -7.909   0.988
  14B   2.48394094 0.10  0.569 -1217.236969  156.0   5.456   5.384 |    0.000  -0.000   0.000  -0.000 |   -6.303  -7.839   0.798
  15B   2.06270481 0.11  0.570 -1218.517132  156.0   5.453   5.379 |    0.000  -0.000   0.000  -0.000 |   -6.317  -7.913   0.851
  16L   2.41325312 0.10  0.544 -1223.474384  156.0   5.435   5.361 |    0.000  -0.000   0.000  -0.000 |   -6.192  -7.705   0.897
  17B   4.58389617 0.10  0.549 -1218.750050  156.0   5.430   5.353 |    0.000  -0.000   0.000  -0.000 |   -6.230  -7.749   0.624
  18L   2.92252108 0.11  0.538 -1223.101549  156.0   5.430   5.355 |    0.000  -0.000   0.000  -0.000 |   -6.205  -7.681   0.574
  19B   5.08898369 0.10  0.544 -1217.069738  156.0   5.425   5.346 |    0.000  -0.000   0.000  -0.000 |   -6.262  -7.715   0.621
  20L   1.39212267 0.11  0.563 -1220.401811  156.0   5.450   5.375 |    0.000  -0.000   0.000  -0.000 |   -6.175  -7.757   0.693
  21L   1.95596001 0.10  0.558 -1221.156561  156.0   5.444   5.367 |    0.000  -0.000   0.000  -0.000 |   -6.208  -7.707   0.973
  22L   4.53799511 0.10  0.543 -1216.932952  156.0   5.433   5.355 |    0.000  -0.000   0.000  -0.000 |   -6.309  -7.625   0.914
  23B   8.66510287 0.10  0.541 -1199.522605  156.0   5.426   5.346 |    0.000  -0.000   0.000  -0.000 |   -6.349  -7.624   0.699
  24B   4.41233785 0.11  0.574 -1206.034102  156.0   5.474   5.412 |    0.000  -0.000   0.000  -0.000 |   -5.991  -7.846   0.639
  25L   4.40474342 0.13  0.564 -1209.922784  156.0   5.463   5.394 |    0.000  -0.000   0.000  -0.000 |   -6.058  -7.780   0.580
  26B   5.82677551 0.10  0.565 -1208.281137  156.0   5.447   5.382 |    0.000  -0.000   0.000  -0.000 |   -5.998  -7.782   0.652
  27B   3.22607193 0.11  0.534 -1224.118986  156.0   5.427   5.346 |    0.000  -0.000   0.000  -0.000 |   -6.298  -7.698   0.696
  28B   2.97843986 0.13  0.510 -1231.448340  156.0   5.395   5.316 |    0.000  -0.000   0.000  -0.000 |   -6.447  -7.611   0.737
  29B   2.21107279 0.14  0.483 -1238.546536  156.0   5.365   5.280 |    0.000  -0.000   0.000  -0.000 |   -6.538  -7.466   0.706
  30B   2.96415800 0.10  0.455 -1242.677711  156.0   5.334   5.255 |    0.000   0.000   0.000   0.000 |   -6.779  -7.550   0.658
  31B   1.75917055 0.11  0.458 -1243.620036  156.0   5.340   5.254 |    0.000   0.000   0.000   0.000 |   -6.767  -7.591   0.666
  32B   1.31630645 0.13  0.477 -1241.090932  156.0   5.362   5.266 |    0.000  -0.000   0.000  -0.000 |   -6.635  -7.571   0.815
  33B   0.78090453 0.14  0.478 -1241.411085  156.0   5.361   5.271 |    0.000  -0.000   0.000  -0.000 |   -6.648  -7.587   0.588
  34B   0.95874957 0.10  0.481 -1240.650878  156.0   5.365   5.277 |    0.000  -0.000   0.000  -0.000 |   -6.626  -7.618   0.673
  35B   1.75845253 0.10  0.489 -1238.342876  156.0   5.370   5.279 |    0.000   0.000   0.000   0.000 |   -6.708  -7.704   0.810
  36B   0.38155627 0.11  0.488 -1239.907840  156.0   5.370   5.284 |    0.000  -0.000   0.000  -0.000 |   -6.659  -7.690   0.782
  37B   0.34200720 0.13  0.487 -1239.983405  156.0   5.370   5.282 |    0.000  -0.000   0.000  -0.000 |   -6.676  -7.695   0.767
  38B   0.43438769 0.10  0.493 -1238.859262  156.0   5.375   5.286 |    0.000  -0.000   0.000  -0.000 |   -6.673  -7.738   0.802
  39B   0.37653726 0.11  0.494 -1238.684414  156.0   5.376   5.287 |    0.000  -0.000   0.000  -0.000 |   -6.670  -7.748   0.703
  40B   0.46942775 0.10  0.496 -1238.298049  156.0   5.377   5.289 |    0.000  -0.000   0.000  -0.000 |   -6.674  -7.758   0.773
  41B   0.22617772 0.11  0.492 -1239.043794  156.0   5.374   5.287 |    0.000  -0.000   0.000  -0.000 |   -6.669  -7.741   0.582
  42B   0.15185835 0.13  0.496 -1238.460840  156.0   5.377   5.290 |    0.000  -0.000   0.000  -0.000 |   -6.659  -7.755   0.573
  43B   0.16537749 0.10  0.496 -1238.326935  156.0   5.378   5.290 |    0.000  -0.000   0.000  -0.000 |   -6.654  -7.752   0.805
  44B   0.12467206 0.11  0.496 -1238.425733  156.0   5.377   5.289 |    0.000  -0.000   0.000  -0.000 |   -6.651  -7.747   0.762
  45B   0.05456944 0.13  0.495 -1238.501874  156.0   5.377   5.289 |    0.000  -0.000   0.000  -0.000 |   -6.649  -7.745   0.713
  46B   0.02647389 0.14  0.495 -1238.543719  156.0   5.376   5.289 |    0.000  -0.000   0.000  -0.000 |   -6.646  -7.742   0.817
  47B   0.02667366 0.10  0.495 -1238.592367  156.0   5.376   5.289 |    0.000  -0.000   0.000  -0.000 |   -6.645  -7.740   0.921
  48B   0.01789275 0.11  0.495 -1238.612159  156.0   5.376   5.289 |    0.000  -0.000   0.000  -0.000 |   -6.646  -7.739   0.598
  49B   0.01882605 0.10  0.495 -1238.663676  156.0   5.376   5.289 |    0.000  -0.000   0.000  -0.000 |   -6.646  -7.738   0.912
  50B   0.02417358 0.10  0.494 -1238.776385  156.0   5.375   5.288 |    0.000  -0.000   0.000  -0.000 |   -6.646  -7.734   0.891
  51B   0.02542383 0.10  0.494 -1238.771437  156.0   5.375   5.288 |    0.000  -0.000   0.000  -0.000 |   -6.645  -7.734   0.870
  52B   0.02207096 0.11  0.494 -1238.788537  156.0   5.375   5.288 |    0.000  -0.000   0.000  -0.000 |   -6.646  -7.733   0.854
  53B   0.04351146 0.10  0.494 -1238.803960  156.0   5.375   5.288 |    0.000  -0.000   0.000  -0.000 |   -6.646  -7.732   1.083
  54B   0.01667552 0.11  0.494 -1238.793743  156.0   5.375   5.288 |    0.000  -0.000   0.000  -0.000 |   -6.646  -7.733   0.835
  55B   0.01029629 0.13  0.494 -1238.821330  156.0   5.375   5.288 |    0.000  -0.000   0.000  -0.000 |   -6.646  -7.732   1.097
  56B   0.01634593 0.10  0.494 -1238.801359  156.0   5.375   5.288 |    0.000  -0.000   0.000  -0.000 |   -6.646  -7.732   0.636
  57B   0.00861669 0.11  0.494 -1238.820978  156.0   5.375   5.288 |    0.000   0.000   0.000   0.000 |   -6.646  -7.732   0.944
  58B   0.00644832 0.13  0.494 -1238.811741  156.0   5.375   5.288 |    0.000   0.000   0.000   0.000 |   -6.646  -7.732   1.237
  59B   0.00887304 0.10  0.494 -1238.804682  156.0   5.375   5.288 |    0.000   0.000   0.000   0.000 |   -6.646  -7.732   0.791
  60B   0.01450639 0.10  0.494 -1238.824456  156.0   5.375   5.288 |    0.000   0.000   0.000   0.000 |   -6.646  -7.732   0.697
  61B   0.00573167 0.11  0.494 -1238.809945  156.0   5.375   5.288 |    0.000   0.000   0.000   0.000 |   -6.646  -7.732   1.309
  62B   0.00531199 0.13  0.494 -1238.803464  156.0   5.375   5.288 |    0.000   0.000   0.000   0.000 |   -6.646  -7.732   0.970
  63B   0.00766379 0.10  0.494 -1238.798662  156.0   5.375   5.288 |    0.000  -0.000   0.000  -0.000 |   -6.646  -7.732   1.144
  64B   0.00520697 0.11  0.494 -1238.787733  156.0   5.375   5.288 |    0.000  -0.000   0.000  -0.000 |   -6.646  -7.733   0.817
  65B   0.00905242 0.10  0.494 -1238.791899  156.0   5.375   5.288 |    0.000  -0.000   0.000  -0.000 |   -6.646  -7.733   0.809
  66B   0.00884032 0.11  0.494 -1238.785877  156.0   5.375   5.288 |    0.000  -0.000   0.000  -0.000 |   -6.646  -7.733   0.661
  67B   0.00550989 0.13  0.494 -1238.769282  156.0   5.375   5.288 |    0.000  -0.000   0.000  -0.000 |   -6.646  -7.733   0.864
  68B   0.00408404 0.14  0.494 -1238.782649  156.0   5.375   5.288 |    0.000  -0.000   0.000  -0.000 |   -6.646  -7.733   0.625
  69B   0.00744850 0.10  0.494 -1238.775013  156.0   5.375   5.288 |    0.000  -0.000   0.000  -0.000 |   -6.645  -7.733   0.910
  70B   0.00559637 0.11  0.494 -1238.770445  156.0   5.375   5.288 |    0.000  -0.000   0.000  -0.000 |   -6.645  -7.733   0.668
  71B   0.00318834 0.13  0.494 -1238.769749  156.0   5.375   5.288 |    0.000  -0.000   0.000  -0.000 |   -6.645  -7.733   0.877
  72B   0.00283260 0.14  0.494 -1238.772221  156.0   5.375   5.288 |    0.000  -0.000   0.000  -0.000 |   -6.645  -7.733   0.759
  73B   0.00161123 0.16  0.494 -1238.772084  156.0   5.375   5.288 |    0.000  -0.000   0.000  -0.000 |   -6.645  -7.733   0.899
  74B   0.00153828 0.18  0.494 -1238.773904  156.0   5.375   5.288 |    0.000  -0.000   0.000  -0.000 |   -6.645  -7.733   0.705
  75B   0.00108040 0.21  0.494 -1238.774767  156.0   5.375   5.288 |    0.000  -0.000   0.000  -0.000 |   -6.645  -7.732   0.748
  76B   0.00197196 0.10  0.494 -1238.775915  156.0   5.375   5.288 |    0.000  -0.000   0.000  -0.000 |   -6.645  -7.732   0.816
  77B   0.00182629 0.11  0.494 -1238.776827  156.0   5.375   5.288 |    0.000  -0.000   0.000  -0.000 |   -6.645  -7.732   0.734
  78B   0.00179071 0.13  0.494 -1238.777036  156.0   5.375   5.288 |    0.000  -0.000   0.000  -0.000 |   -6.645  -7.732   0.585
  79B   0.00179152 0.10  0.494 -1238.778759  156.0   5.375   5.288 |    0.000  -0.000   0.000  -0.000 |   -6.645  -7.732   0.930
  80B   0.00666069 0.10  0.494 -1238.776843  156.0   5.375   5.288 |    0.000   0.000   0.000   0.000 |   -6.645  -7.732   0.860
  81B   0.00190348 0.11  0.494 -1238.780801  156.0   5.375   5.288 |    0.000   0.000   0.000   0.000 |   -6.645  -7.732   0.587
  82B   0.00164652 0.13  0.494 -1238.782918  156.0   5.375   5.288 |    0.000   0.000   0.000   0.000 |   -6.645  -7.732   0.728
  83B   0.00149848 0.14  0.494 -1238.779206  156.0   5.375   5.288 |    0.000  -0.000   0.000  -0.000 |   -6.645  -7.732   0.938
  84B   0.00117528 0.16  0.494 -1238.783601  156.0   5.375   5.288 |    0.000   0.000   0.000   0.000 |   -6.645  -7.732   0.926
  85B   0.00133899 0.10  0.494 -1238.784432  156.0   5.375   5.288 |    0.000   0.000   0.000   0.000 |   -6.645  -7.732   1.268
  86B   0.00148831 0.10  0.494 -1238.783798  156.0   5.375   5.288 |    0.000   0.000   0.000   0.000 |   -6.645  -7.732   0.797
  87B   0.00121561 0.11  0.494 -1238.785220  156.0   5.375   5.288 |    0.000   0.000   0.000   0.000 |   -6.645  -7.732   0.977
  88B   0.00050593 0.13  0.494 -1238.784319  156.0   5.375   5.288 |    0.000   0.000   0.000   0.000 |   -6.645  -7.732   0.876
  89B   0.00084908 0.10  0.494 -1238.784359  156.0   5.375   5.288 |    0.000   0.000   0.000   0.000 |   -6.645  -7.732   0.901
  90B   0.00033493 0.11  0.494 -1238.783503  156.0   5.375   5.288 |    0.000   0.000   0.000   0.000 |   -6.645  -7.732   0.892
  91B   0.00026777 0.13  0.494 -1238.783514  156.0   5.375   5.288 |    0.000   0.000   0.000   0.000 |   -6.645  -7.732   0.771
  92B   0.00070518 0.10  0.494 -1238.782791  156.0   5.375   5.288 |    0.000   0.000   0.000   0.000 |   -6.645  -7.732   0.657
  93B   0.00046852 0.11  0.494 -1238.782835  156.0   5.375   5.288 |    0.000   0.000   0.000   0.000 |   -6.645  -7.732   0.567
  94B   0.00028915 0.13  0.494 -1238.781644  156.0   5.375   5.288 |    0.000  -0.000   0.000  -0.000 |   -6.645  -7.732   0.898
  95B   0.00033575 0.10  0.494 -1238.781250  156.0   5.375   5.288 |    0.000  -0.000   0.000  -0.000 |   -6.645  -7.732   0.999
  96B   0.00026103 0.11  0.494 -1238.781628  156.0   5.375   5.288 |    0.000  -0.000   0.000  -0.000 |   -6.645  -7.732   0.789
  97B   0.00016464 0.13  0.494 -1238.781288  156.0   5.375   5.288 |    0.000  -0.000   0.000  -0.000 |   -6.645  -7.732   0.652
  98B   0.00062172 0.10  0.494 -1238.781388  156.0   5.375   5.288 |    0.000  -0.000   0.000  -0.000 |   -6.645  -7.732   0.700
  99B   0.00003223 0.11  0.494 -1238.781204  156.0   5.375   5.288 |    0.000  -0.000   0.000  -0.000 |   -6.645  -7.732   0.942
 100B   0.00005705 0.10  0.494 -1238.781313  156.0   5.375   5.288 |    0.000  -0.000   0.000  -0.000 |   -6.645  -7.732   0.803
 101B   0.00004149 0.11  0.494 -1238.781387  156.0   5.375   5.288 |    0.000  -0.000   0.000  -0.000 |   -6.645  -7.732   0.598
 102B   0.00006116 0.10  0.494 -1238.781422  156.0   5.375   5.288 |    0.000  -0.000   0.000  -0.000 |   -6.645  -7.732   0.659
 103B   0.00004133 0.11  0.494 -1238.781393  156.0   5.375   5.288 |    0.000  -0.000   0.000  -0.000 |   -6.645  -7.732   0.805
 104B   0.00006013 0.10  0.494 -1238.781313  156.0   5.375   5.288 |    0.000  -0.000   0.000  -0.000 |   -6.645  -7.732   0.773
 105B   0.00004503 0.11  0.494 -1238.781477  156.0   5.375   5.288 |    0.000  -0.000   0.000  -0.000 |   -6.645  -7.732   0.880
 106B   0.00005385 0.10  0.494 -1238.781561  156.0   5.375   5.288 |    0.000   0.000   0.000   0.000 |   -6.645  -7.732   0.818
 107B   0.00005734 0.10  0.494 -1238.781557  156.0   5.375   5.288 |    0.000   0.000   0.000   0.000 |   -6.645  -7.732   0.679
 108B   0.00004070 0.11  0.494 -1238.781609  156.0   5.375   5.288 |    0.000   0.000   0.000   0.000 |   -6.645  -7.732   0.663
 109B   0.00003212 0.13  0.494 -1238.781628  156.0   5.375   5.288 |    0.000  -0.000   0.000  -0.000 |   -6.645  -7.732   0.770
 110B   0.00002641 0.14  0.494 -1238.781613  156.0   5.375   5.288 |    0.000  -0.000   0.000  -0.000 |   -6.645  -7.732   0.999
 111B   0.00001935 0.16  0.494 -1238.781621  156.0   5.375   5.288 |    0.000  -0.000   0.000  -0.000 |   -6.645  -7.732   0.853
 112B   0.00003155 0.10  0.494 -1238.781634  156.0   5.375   5.288 |    0.000  -0.000   0.000  -0.000 |   -6.645  -7.732   0.866
 113B   0.00002730 0.11  0.494 -1238.781579  156.0   5.375   5.288 |    0.000  -0.000   0.000  -0.000 |   -6.645  -7.732   0.837
 114B   0.00001844 0.13  0.494 -1238.781572  156.0   5.375   5.288 |    0.000  -0.000   0.000  -0.000 |   -6.645  -7.732   0.797
 115B   0.00001071 0.14  0.494 -1238.781584  156.0   5.375   5.288 |    0.000  -0.000   0.000  -0.000 |   -6.645  -7.732   1.199
 116B   0.00000950 0.16  0.494 -1238.781580  156.0   5.375   5.288 |    0.000   0.000   0.000   0.000 |   -6.645  -7.732   0.857
 117B   0.00000960 0.10  0.494 -1238.781584  156.0   5.375   5.288 |    0.000  -0.000   0.000  -0.000 |   -6.645  -7.732   0.770
 118B   0.00001344 0.10  0.494 -1238.781560  156.0   5.375   5.288 |    0.000   0.000   0.000   0.000 |   -6.645  -7.732   1.054
 119B   0.00001492 0.10  0.494 -1238.781559  156.0   5.375   5.288 |    0.000  -0.000   0.000   0.000 |   -6.645  -7.732   0.845
 120B   0.00001302 0.11  0.494 -1238.781555  156.0   5.375   5.288 |    0.000   0.000   0.000   0.000 |   -6.645  -7.732   0.782
 121B   0.00001125 0.13  0.494 -1238.781542  156.0   5.375   5.288 |    0.000   0.000   0.000   0.000 |   -6.645  -7.732   0.982
 122B   0.00002651 0.10  0.494 -1238.781576  156.0   5.375   5.288 |    0.000  -0.000   0.000   0.000 |   -6.645  -7.732   0.821
 123B   0.00001295 0.11  0.494 -1238.781548  156.0   5.375   5.288 |    0.000  -0.000   0.000   0.000 |   -6.645  -7.732   0.750
 124B   0.00000746 0.13  0.494 -1238.781540  156.0   5.375   5.288 |    0.000  -0.000   0.000   0.000 |   -6.645  -7.732   0.595
 125B   0.00000860 0.10  0.494 -1238.781524  156.0   5.375   5.288 |    0.000  -0.000   0.000   0.000 |   -6.645  -7.732   0.771
 126B   0.00000582 0.11  0.494 -1238.781515  156.0   5.375   5.288 |    0.000  -0.000   0.000   0.000 |   -6.645  -7.732   1.037
 127B   0.00000310 0.13  0.494 -1238.781521  156.0   5.375   5.288 |    0.000  -0.000   0.000   0.000 |   -6.645  -7.732   0.791
 128B   0.00000192 0.14  0.494 -1238.781526  156.0   5.375   5.288 |    0.000   0.000   0.000  -0.000 |   -6.645  -7.732   0.890
 129B   0.00000110 0.16  0.494 -1238.781526  156.0   5.375   5.288 |    0.000   0.000   0.000  -0.000 |   -6.645  -7.732   0.811
 130B   0.00000175 0.10  0.494 -1238.781530  156.0   5.375   5.288 |    0.000  -0.000   0.000  -0.000 |   -6.645  -7.732   0.838
 131B   0.00000111 0.11  0.494 -1238.781530  156.0   5.375   5.288 |    0.000  -0.000   0.000   0.000 |   -6.645  -7.732   0.763
 132B   0.00000559 0.10  0.494 -1238.781531  156.0   5.375   5.288 |    0.000   0.000   0.000  -0.000 |   -6.645  -7.732   0.651
 133B   0.00000103 0.11  0.494 -1238.781531  156.0   5.375   5.288 |    0.000  -0.000   0.000  -0.000 |   -6.645  -7.732   0.551
 134B   0.00000131 0.10  0.494 -1238.781532  156.0   5.375   5.288 |    0.000  -0.000   0.000   0.000 |   -6.645  -7.732   0.736
 135B   0.00000131 0.10  0.494 -1238.781533  156.0   5.375   5.288 |    0.000   0.000   0.000  -0.000 |   -6.645  -7.732   0.669
 136B   0.00000093 0.11  0.494 -1238.781531  156.0   5.375   5.288 |    0.000  -0.000   0.000  -0.000 |   -6.645  -7.732   0.619
 137B   0.00000139 0.10  0.494 -1238.781532  156.0   5.375   5.288 |    0.000  -0.000   0.000  -0.000 |   -6.645  -7.732   0.979
 138B   0.00000109 0.11  0.494 -1238.781533  156.0   5.375   5.288 |    0.000   0.000   0.000  -0.000 |   -6.645  -7.732   1.023
 139B   0.00000104 0.13  0.494 -1238.781532  156.0   5.375   5.288 |    0.000  -0.000   0.000   0.000 |   -6.645  -7.732   0.876
 140B   0.00000213 0.10  0.494 -1238.781534  156.0   5.375   5.288 |    0.000   0.000   0.000  -0.000 |   -6.645  -7.732   0.767
 141B   0.00000385 0.10  0.494 -1238.781533  156.0   5.375   5.288 |    0.000   0.000   0.000  -0.000 |   -6.645  -7.732   0.970
 142B   0.00000098 0.11  0.494 -1238.781535  156.0   5.375   5.288 |    0.000   0.000   0.000   0.000 |   -6.645  -7.732   0.817
 143B   0.00000118 0.10  0.494 -1238.781532  156.0   5.375   5.288 |    0.000  -0.000   0.000   0.000 |   -6.645  -7.732   0.940
 144B   0.00000097 0.11  0.494 -1238.781533  156.0   5.375   5.288 |    0.000  -0.000   0.000   0.000 |   -6.645  -7.732   0.893
 145B   0.00000084 0.13  0.494 -1238.781533  156.0   5.375   5.288 |    0.000  -0.000   0.000   0.000 |   -6.645  -7.732   0.681
 146B   0.00000180 0.10  0.494 -1238.781533  156.0   5.375   5.288 |    0.000  -0.000   0.000   0.000 |   -6.645  -7.732   0.628
 147B   0.00000134 0.11  0.494 -1238.781534  156.0   5.375   5.288 |    0.000  -0.000   0.000   0.000 |   -6.645  -7.732   0.626
 148B   0.00000179 0.10  0.494 -1238.781534  156.0   5.375   5.288 |    0.000  -0.000   0.000   0.000 |   -6.645  -7.732   0.534
 149B   0.00000111 0.11  0.494 -1238.781535  156.0   5.375   5.288 |    0.000   0.000   0.000   0.000 |   -6.645  -7.732   0.640
 150B   0.00000487 0.10  0.494 -1238.781534  156.0   5.375   5.288 |    0.000  -0.000   0.000   0.000 |   -6.645  -7.732   0.824
 151B   0.00000097 0.11  0.494 -1238.781537  156.0   5.375   5.288 |    0.000   0.000   0.000  -0.000 |   -6.645  -7.732   0.601
 152B   0.00000068 0.13  0.494 -1238.781537  156.0   5.375   5.288 |    0.000   0.000   0.000  -0.000 |   -6.645  -7.732   0.676
 153B   0.00000089 0.10  0.494 -1238.781536  156.0   5.375   5.288 |    0.000   0.000   0.000  -0.000 |   -6.645  -7.732   0.790
 154B   0.00000052 0.11  0.494 -1238.781536  156.0   5.375   5.288 |    0.000   0.000   0.000   0.000 |   -6.645  -7.732   0.571
 155B   0.00000083 0.10  0.494 -1238.781537  156.0   5.375   5.288 |    0.000   0.000   0.000  -0.000 |   -6.645  -7.732   0.753
 156B   0.00000056 0.11  0.494 -1238.781536  156.0   5.375   5.288 |    0.000   0.000   0.000   0.000 |   -6.645  -7.732   0.553
 157B   0.00000029 0.13  0.494 -1238.781537  156.0   5.375   5.288 |    0.000   0.000   0.000  -0.000 |   -6.645  -7.732   0.760
 158B   0.00000026 0.14  0.494 -1238.781536  156.0   5.375   5.288 |    0.000  -0.000   0.000  -0.000 |   -6.645  -7.732   0.698
 159B   0.00000071 0.10  0.494 -1238.781536  156.0   5.375   5.288 |    0.000  -0.000   0.000   0.000 |   -6.645  -7.732   1.019
 160B   0.00000023 0.11  0.494 -1238.781536  156.0   5.375   5.288 |    0.000  -0.000   0.000   0.000 |   -6.645  -7.732   0.727
 161B   0.00000018 0.13  0.494 -1238.781536  156.0   5.375   5.288 |    0.000  -0.000   0.000  -0.000 |   -6.645  -7.732   0.573
 162B   0.00000035 0.10  0.494 -1238.781536  156.0   5.375   5.288 |    0.000  -0.000   0.000   0.000 |   -6.645  -7.732   0.631
 163B   0.00000019 0.11  0.494 -1238.781536  156.0   5.375   5.288 |    0.000  -0.000   0.000   0.000 |   -6.645  -7.732   0.802
 164B   0.00000024 0.10  0.494 -1238.781536  156.0   5.375   5.288 |    0.000  -0.000   0.000   0.000 |   -6.645  -7.732   0.668
 165B   0.00000025 0.10  0.494 -1238.781536  156.0   5.375   5.288 |    0.000  -0.000   0.000   0.000 |   -6.645  -7.732   1.087
 166B   0.00000023 0.11  0.494 -1238.781535  156.0   5.375   5.288 |    0.000  -0.000   0.000   0.000 |   -6.645  -7.732   1.035
 167B   0.00000016 0.13  0.494 -1238.781536  156.0   5.375   5.288 |    0.000  -0.000   0.000   0.000 |   -6.645  -7.732   0.810
 168B   0.00000029 0.10  0.494 -1238.781535  156.0   5.375   5.288 |    0.000  -0.000   0.000   0.000 |   -6.645  -7.732   0.850
 169B   0.00000027 0.11  0.494 -1238.781535  156.0   5.375   5.288 |    0.000  -0.000   0.000   0.000 |   -6.645  -7.732   0.657
 170B   0.00000038 0.10  0.494 -1238.781535  156.0   5.375   5.288 |    0.000  -0.000   0.000  -0.000 |   -6.645  -7.732   1.001
 171B   0.00000017 0.11  0.494 -1238.781535  156.0   5.375   5.288 |    0.000  -0.000   0.000  -0.000 |   -6.645  -7.732   0.808
 172B   0.00000038 0.10  0.494 -1238.781535  156.0   5.375   5.288 |    0.000  -0.000   0.000  -0.000 |   -6.645  -7.732   0.861
 173B   0.00000065 0.10  0.494 -1238.781535  156.0   5.375   5.288 |    0.000  -0.000   0.000  -0.000 |   -6.645  -7.732   0.740
 174B   0.00000030 0.11  0.494 -1238.781535  156.0   5.375   5.288 |    0.000  -0.000   0.000  -0.000 |   -6.645  -7.732   0.887
 175B   0.00000035 0.10  0.494 -1238.781535  156.0   5.375   5.288 |    0.000  -0.000   0.000  -0.000 |   -6.645  -7.732   0.711
 176B   0.00000062 0.10  0.494 -1238.781535  156.0   5.375   5.288 |    0.000  -0.000   0.000  -0.000 |   -6.645  -7.732   0.669
 177B   0.00000022 0.11  0.494 -1238.781535  156.0   5.375   5.288 |    0.000  -0.000   0.000  -0.000 |   -6.645  -7.732   0.962
 178B   0.00000011 0.13  0.494 -1238.781535  156.0   5.375   5.288 |    0.000  -0.000   0.000  -0.000 |   -6.645  -7.732   0.675
 179B   0.00000022 0.10  0.494 -1238.781535  156.0   5.375   5.288 |    0.000  -0.000   0.000  -0.000 |   -6.645  -7.732   0.740
 180B   0.00000016 0.11  0.494 -1238.781534  156.0   5.375   5.288 |    0.000  -0.000   0.000   0.000 |   -6.645  -7.732   0.656
 181B   0.00000012 0.13  0.494 -1238.781535  156.0   5.375   5.288 |    0.000  -0.000   0.000  -0.000 |   -6.645  -7.732   0.885
 182B   0.00000011 0.14  0.494 -1238.781535  156.0   5.375   5.288 |    0.000  -0.000   0.000  -0.000 |   -6.645  -7.732   0.779
 183B   0.00000010 0.16  0.494 -1238.781535  156.0   5.375   5.288 |    0.000   0.000   0.000  -0.000 |   -6.645  -7.732   0.661
 184B   0.00000006 0.18  0.494 -1238.781535  156.0   5.375   5.288 |    0.000   0.000   0.000  -0.000 |   -6.645  -7.732   0.806
 185B   0.00000008 0.10  0.494 -1238.781535  156.0   5.375   5.288 |    0.000   0.000   0.000  -0.000 |   -6.645  -7.732   1.116
 186B   0.00000007 0.11  0.494 -1238.781535  156.0   5.375   5.288 |    0.000   0.000   0.000   0.000 |   -6.645  -7.732   0.721
 187B   0.00000011 0.10  0.494 -1238.781535  156.0   5.375   5.288 |    0.000   0.000   0.000   0.000 |   -6.645  -7.732   0.772
 188B   0.00000006 0.11  0.494 -1238.781535  156.0   5.375   5.288 |    0.000   0.000   0.000   0.000 |   -6.645  -7.732   0.915
 189B   0.00000005 0.13  0.494 -1238.781535  156.0   5.375   5.288 |    0.000   0.000   0.000   0.000 |   -6.645  -7.732   0.846
 190B   0.00000004 0.14  0.494 -1238.781535  156.0   5.375   5.288 |    0.000   0.000   0.000   0.000 |   -6.645  -7.732   1.024
 191B   0.00000006 0.10  0.494 -1238.781535  156.0   5.375   5.288 |    0.000   0.000   0.000   0.000 |   -6.645  -7.732   1.090
 192B   0.00000005 0.11  0.494 -1238.781535  156.0   5.375   5.288 |    0.000   0.000   0.000  -0.000 |   -6.645  -7.732   0.889
 193B   0.00000017 0.10  0.494 -1238.781535  156.0   5.375   5.288 |    0.000   0.000   0.000  -0.000 |   -6.645  -7.732   0.804
 194B   0.00000005 0.11  0.494 -1238.781535  156.0   5.375   5.288 |    0.000   0.000   0.000   0.000 |   -6.645  -7.732   0.589
 195B   0.00000005 0.13  0.494 -1238.781535  156.0   5.375   5.288 |    0.000   0.000   0.000   0.000 |   -6.645  -7.732   1.060
 196B   0.00000013 0.10  0.494 -1238.781535  156.0   5.375   5.288 |    0.000  -0.000   0.000  -0.000 |   -6.645  -7.732   1.002
 197B   0.00000008 0.11  0.494 -1238.781535  156.0   5.375   5.288 |    0.000   0.000   0.000  -0.000 |   -6.645  -7.732   0.677
 198B   0.00000009 0.10  0.494 -1238.781535  156.0   5.375   5.288 |    0.000   0.000   0.000  -0.000 |   -6.645  -7.732   0.897
 199B   0.00000009 0.10  0.494 -1238.781535  156.0   5.375   5.288 |    0.000   0.000   0.000  -0.000 |   -6.645  -7.732   0.765
 200B   0.00000008 0.11  0.494 -1238.781535  156.0   5.375   5.288 |    0.000   0.000   0.000  -0.000 |   -6.645  -7.732   0.992
 201B   0.00000009 0.10  0.494 -1238.781535  156.0   5.375   5.288 |    0.000   0.000   0.000   0.000 |   -6.645  -7.732   0.801
 202B   0.00000012 0.10  0.494 -1238.781535  156.0   5.375   5.288 |    0.000   0.000   0.000   0.000 |   -6.645  -7.732   0.664
 203B   0.00000010 0.11  0.494 -1238.781535  156.0   5.375   5.288 |    0.000   0.000   0.000  -0.000 |   -6.645  -7.732   0.652
 204B   0.00000022 0.10  0.494 -1238.781535  156.0   5.375   5.288 |    0.000   0.000   0.000  -0.000 |   -6.645  -7.732   0.925
 205B   0.00000012 0.11  0.494 -1238.781535  156.0   5.375   5.288 |    0.000   0.000   0.000  -0.000 |   -6.645  -7.732   0.796
 206B   0.00000010 0.13  0.494 -1238.781535  156.0   5.375   5.288 |    0.000   0.000   0.000  -0.000 |   -6.645  -7.732   0.824
 207B   0.00000009 0.14  0.494 -1238.781535  156.0   5.375   5.288 |    0.000   0.000   0.000   0.000 |   -6.645  -7.732   1.340
 208B   0.00000009 0.16  0.494 -1238.781535  156.0   5.375   5.288 |    0.000   0.000   0.000   0.000 |   -6.645  -7.732   2.045
 209B   0.00000008 0.18  0.494 -1238.781535  156.0   5.375   5.288 |    0.000   0.000   0.000   0.000 |   -6.645  -7.732   0.759
 210B   0.00000008 0.21  0.494 -1238.781535  156.0   5.375   5.288 |    0.000   0.000   0.000   0.000 |   -6.645  -7.732   0.734
 211B   0.00000008 0.10  0.494 -1238.781535  156.0   5.375   5.288 |    0.000   0.000   0.000   0.000 |   -6.645  -7.732   0.683
 212B   0.00000007 0.11  0.494 -1238.781535  156.0   5.375   5.288 |    0.000  -0.000   0.000  -0.000 |   -6.645  -7.732   1.129
 213B   0.00000015 0.10  0.494 -1238.781535  156.0   5.375   5.288 |    0.000  -0.000   0.000  -0.000 |   -6.645  -7.732   1.047
 214B   0.00000002 0.11  0.494 -1238.781535  156.0   5.375   5.288 |    0.000   0.000   0.000  -0.000 |   -6.645  -7.732   0.831
 215B   0.00000004 0.10  0.494 -1238.781535  156.0   5.375   5.288 |    0.000   0.000   0.000  -0.000 |   -6.645  -7.732   0.786
 216B   0.00000008 0.10  0.494 -1238.781535  156.0   5.375   5.288 |    0.000   0.000   0.000  -0.000 |   -6.645  -7.732   0.802
 217B   0.00000002 0.11  0.494 -1238.781535  156.0   5.375   5.288 |    0.000   0.000   0.000  -0.000 |   -6.645  -7.732   0.775
 218B   0.00000003 0.10  0.494 -1238.781535  156.0   5.375   5.288 |    0.000   0.000   0.000  -0.000 |   -6.645  -7.732   0.932
 219B   0.00000002 0.11  0.494 -1238.781535  156.0   5.375   5.288 |    0.000  -0.000   0.000   0.000 |   -6.645  -7.732   0.904
 220B   0.00000005 0.10  0.494 -1238.781535  156.0   5.375   5.288 |    0.000   0.000   0.000   0.000 |   -6.645  -7.732   1.210
 221B   0.00000001 0.11  0.494 -1238.781535  156.0   5.375   5.288 |    0.000  -0.000   0.000  -0.000 |   -6.645  -7.732   2.121
 222B   0.00000001 0.10  0.494 -1238.781535  156.0   5.375   5.288 |    0.000   0.000   0.000  -0.000 |   -6.645  -7.732   1.268
 223B   0.00000002 0.10  0.494 -1238.781535  156.0   5.375   5.288 |    0.000   0.000   0.000  -0.000 |   -6.645  -7.732   0.984
 224B   0.00000002 0.11  0.494 -1238.781535  156.0   5.375   5.288 |    0.000   0.000   0.000  -0.000 |   -6.645  -7.732   1.737
 225B   0.00000002 0.10  0.494 -1238.781535  156.0   5.375   5.288 |    0.000   0.000   0.000  -0.000 |   -6.645  -7.732   0.759
 226B   0.00000002 0.11  0.494 -1238.781535  156.0   5.375   5.288 |    0.000   0.000   0.000  -0.000 |   -6.645  -7.732   1.410
 227B   0.00000003 0.10  0.494 -1238.781535  156.0   5.375   5.288 |    0.000   0.000   0.000  -0.000 |   -6.645  -7.732   1.170
 228B   0.00000003 0.10  0.494 -1238.781535  156.0   5.375   5.288 |    0.000   0.000   0.000  -0.000 |   -6.645  -7.732   0.973
 229B   0.00000001 0.11  0.494 -1238.781535  156.0   5.375   5.288 |    0.000   0.000   0.000   0.000 |   -6.645  -7.732   0.867
 230B   0.00000003 0.10  0.494 -1238.781535  156.0   5.375   5.288 |    0.000  -0.000   0.000   0.000 |   -6.645  -7.732   0.917
 231B   0.00000001 0.11  0.494 -1238.781535  156.0   5.375   5.288 |    0.000   0.000   0.000   0.000 |   -6.645  -7.732   1.030
 232B   0.00000000 0.13  0.494 -1238.781535  156.0   5.375   5.288 |    0.000  -0.000   0.000   0.000 |   -6.645  -7.732   1.514
 233B   0.00000000 0.14  0.494 -1238.781535  156.0   5.375   5.288 |    0.000  -0.000   0.000   0.000 |   -6.645  -7.732   1.883
 234B   0.00000001 0.10  0.494 -1238.781535  156.0   5.375   5.288 |    0.000   0.000   0.000   0.000 |   -6.645  -7.732   1.568
 235B   0.00000001 0.10  0.494 -1238.781535  156.0   5.375   5.288 |    0.000   0.000   0.000  -0.000 |   -6.645  -7.732   0.928
 236B   0.00000000 0.11  0.494 -1238.781535  156.0   5.375   5.288 |    0.000  -0.000   0.000  -0.000 |   -6.645  -7.732   1.209
 237B   0.00000000 0.13  0.494 -1238.781535  156.0   5.375   5.288 |    0.000  -0.000   0.000  -0.000 |   -6.645  -7.732   1.093
 238B   0.00000000 0.14  0.494 -1238.781535  156.0   5.375   5.288 |    0.000   0.000   0.000  -0.000 |   -6.645  -7.732   0.846
 239B   0.00000000 0.10  0.494 -1238.781535  156.0   5.375   5.288 |    0.000  -0.000   0.000  -0.000 |   -6.645  -7.732   1.459
  ----------------------------------------------------------------------------------------------------------------------------------
  *   iteration converged   after 239 steps   si=     0.0000000008 ho=  0 tho=  0
  ----------------------------------------------------------------------------------------------------------------------------------
  Total CPU time=   3.723 minutes

  Writing to wel_file: s092_064.hel
 __________________________________  
  The tape s092_064.hel recorded:     
  nucname,npr,ngh,ngl,n00,nb,nt      
  b0,beta0,si,etot,rms,bet,xmix      
  pairing:     CpV0,CpV1,pwi         
  delta:       del,ept               
  lambda:      ala,ala2,alast,tz     
  asymptotic:  varmas,ass,skass      
  ntx,nb,nhhdim,id,N_rz,n_r,n_z      
  Omega2,Sigma2,Parity,Lambda        
  matrices(inbro):    hh,de          
  *all blocking candidates           
 __________________________________  


  NB! From expect (UNPROJECTED RESULTS)

  pairing: CpV0,CpV1,...           0.100000       0.100000       1.000000       1.000000
  forces:   UNE1                          


                             neutrons         protons         total
  Requested part.numbs.      92.000000      64.000000     156.000000
  UnPj(av) part.numbs .      92.000000      64.000000     156.000000
  b0, bz, bp ..........       2.130153       2.136882       2.126796

  lambda (ala) ........      -6.644992      -7.732208
  Lambda (alast) ......      -6.644992      -7.732208
  delta(n,p), pwi .....      -0.000000      -0.000000      60.000000
  pairing energy ......       0.000000       0.000000       0.000000

  rms-radius ..........       5.375130       5.287694       5.339432
  charge-radius, r0 ...                      5.347870       6.459855
  deformation beta2....       0.478181       0.517623       0.494050
  dipole moment[fm] ...       0.000000       0.000000       0.000000
  quadrupole moment[b]       16.034969      11.685198      27.720166
  octupole moment .....       0.000000       0.000000       0.000000
  hexadecapole moment .       0.161512       0.154718       0.316231
  q5 ..................       0.000000       0.000000       0.000000
  q6 ..................      -0.100452      -0.083666      -0.184118
  q7 ..................       0.000000       0.000000       0.000000
  q8 ..................      -0.004371      -0.008471      -0.012842

  <r^0> [fm^0] ........            1.000000            1.000000            1.000000
  <r^2> [fm^2] ........           28.892020           27.959713           28.509535
  <r^4> [fm^4] ........         1124.432035         1048.381047         1093.231629
  <r^6> [fm^6] ........        52613.895153        47251.084669        50413.767775
  <r^8> [fm^8] ........      2812486.358062      2435946.355559      2658008.408317

  kinetic energy ......    1840.442838    1063.692989    2904.135827
  volume energy .......                                 -4781.095529
        rho_tau .......                                   -79.976777
        rho_rho .......                                 -4701.118752
  surface energy ......                                   182.603037
   rho_DELTA_rho ......                                   182.603037
   (NABLA_rho)^2 ......                                     0.000000
  spin-orbit energy ...                                   -58.770994
        rho_NABLA_J ...                                   -58.770994
        NABLA_rho_J ...                                     0.000000
  coulomb energy ......                                   514.346124
          direct ......                                   538.780989
          exchange ....                                   -24.434864
  tensor energy .......                                     0.000000
  direct Hartree E  ...                                     0.000000
  Extra E .............                                     0.000000
  External field E ....                                     0.000000
  Entropy .............       4.930046       0.408146       5.338192

  tEnergy: ehfb (qp)...                                 -1238.781535

  Calculated but not added corrections 
====================================
  cmc-diagonal part ...       0.000000       0.000000       0.000000
  cmc-hfb .............       0.000000       0.000000       0.000000
  cranking rot corr ...       0.000000       0.000000       0.000000

  SQUJ ................       0.000000       0.000000       0.000000
  CRAN x 4 ............       0.000000       0.000000       0.000000
  Rigit Body ..........       0.000000       0.000000       0.000000


   Blocking candidates are:
   neutron eqpmin=   4.5631426774356498E-002  pwiblo=   2.0016019225635890     
    num=   1 block=   7 state=   1   110 Eqp=   0.04563143  (1-2N)E=  -0.04563143  Ovlp=   0.56491724  7+[ 6, 3, 3]
    num=   2 block=   1 state=   1     1 Eqp=   0.04314932  (1-2N)E=   0.04314932  Ovlp=   0.81832141  1+[ 4, 0, 0]
    num=   3 block=   6 state=   1    98 Eqp=   0.05345499  (1-2N)E=  -0.05345499  Ovlp=   0.73283350  5-[ 5, 2, 3]
    num=   4 block=   1 state=   2     2 Eqp=   0.07018079  (1-2N)E=   0.07018079  Ovlp=   0.38418232  1+[ 6, 6, 0]
    num=   5 block=   2 state=   1    26 Eqp=   0.14926431  (1-2N)E=   0.14926431  Ovlp=   0.70969115  1-[ 5, 2, 1]
    num=   6 block=   5 state=   1    82 Eqp=   0.54781535  (1-2N)E=  -0.54781535  Ovlp=   0.72484341  5+[ 4, 0, 2]
    num=   7 block=   3 state=   1    46 Eqp=   0.76239134  (1-2N)E=   0.76239134  Ovlp=   0.86246485  3+[ 4, 0, 2]
    num=   8 block=   4 state=   1    66 Eqp=   0.94186371  (1-2N)E=  -0.94186371  Ovlp=   0.71072939  3-[ 5, 2, 1]
    num=   9 block=   5 state=   2    83 Eqp=   1.51295913  (1-2N)E=  -1.51295913  Ovlp=   0.53653463  5+[ 4, 0, 2]
    num=  10 block=   7 state=   2   111 Eqp=   1.58282116  (1-2N)E=   1.58282116  Ovlp=   0.78228323  7+[ 4, 0, 4]
    num=  11 block=  10 state=   1   140 Eqp=   1.78885120  (1-2N)E=  -1.78885120  Ovlp=   0.92048604  9-[ 5, 1, 4]

   Blocking candidates are:
   proton  eqpmin=  0.19256123863481633       pwiblo=   2.0016019225635890     
    num=   1 block=   5 state=   1    82 Eqp=   0.19256124  (1-2N)E=  -0.19256124  Ovlp=   0.83795237  5+[ 4, 1, 3]
    num=   2 block=   2 state=   1    26 Eqp=   0.19239890  (1-2N)E=   0.19239890  Ovlp=   0.45241343  1-[ 5, 4, 1]
    num=   3 block=   3 state=   1    46 Eqp=   0.45920604  (1-2N)E=  -0.45920604  Ovlp=   0.80354691  3+[ 4, 1, 1]
    num=   4 block=   1 state=   1     1 Eqp=   0.51087366  (1-2N)E=   0.51087366  Ovlp=   0.79825330  1+[ 4, 1, 1]
    num=   5 block=   6 state=   1    98 Eqp=   0.78713867  (1-2N)E=  -0.78713867  Ovlp=   0.67671766  5-[ 5, 3, 2]
    num=   6 block=   8 state=   1   122 Eqp=   1.33014064  (1-2N)E=   1.33014064  Ovlp=   0.77397068  7-[ 5, 2, 3]
    num=   7 block=   9 state=   1   131 Eqp=   1.68686766  (1-2N)E=   1.68686766  Ovlp=   0.89212744  9+[ 4, 0, 4]
    num=   8 block=   2 state=   2    27 Eqp=   1.84341221  (1-2N)E=  -1.84341221  Ovlp=   0.80367245  1-[ 3, 0, 1]
    num=   9 block=   4 state=   1    66 Eqp=   1.95480167  (1-2N)E=  -1.95480167  Ovlp=   0.58075629  3-[ 3, 0, 1]
    num=  10 block=   2 state=   3    28 Eqp=   2.13188543  (1-2N)E=   2.13188543  Ovlp=   0.60703141  1-[ 5, 3, 0]



 HFBTHO_SOLVER ended without errors

