No Skyrme interaction defined in routine skforce()
Multi-threading framework with OpenMP: 1 threads/task

  =======================================
           FORTRAN 95 CODE (KIND= 8) 
               Version: 200d  
  =======================================
       AXIALLY DEFORMED CONFIGURATIONAL  
     HARTREE-FOCK-BOGOLIUBOV CALCULATIONS
                     WITH                
            UNEDF AND DELTA PAIRING      
                     USING               
             HARMONIC-OSCILLATOR         
                   AND/OR                
       TRANSFORMED HARMONIC-OSCILLATOR   
                    BASIS                
                     ---                 
               v1.66  (2005):,           
   Stoitsov,Dobaczewski,Nazarewicz,Ring, 
               v2.00d (2012):,           
         Stoitsov,Schunck,Kortelainen    
  =======================================
    Nucleus: MG (A=  24, N= 12, Z= 12)
       Reflection Symmetry Imposed       
            ( 9/13/2022, 19:47)                               
  =======================================


  ---------------------------------------
           UNEDF Module Version:17
         M.Kortelainen & M.Stoitsov 
  ---------------------------------------

  UNE1 functional
  ----------------------------------
  Crho(0)=   -779.373008720865300    ; Crho(1)=    287.722131583286796    
  CDrho(0)=   891.477890442349690    ; CDrho(1)=  -200.587774317884879    
  Ctau(0)=  -0.989915057807676746    ; Ctau(1)=   -33.6320970701835549    
  CrDr(0)=   -46.0951044064764091    ; CrDr(1)=   -160.412201152550381    
  CrdJ(0)=   -77.5220006449356021    ; CrdJ(1)=   -36.7697006296350395    
  CJ(0)=      0.00000000000000000    ; CJ(1)=      0.00000000000000000    
  CpV0(0)=   0.100000000000000006    ; CpV0(1)=   0.100000000000000006    
  CpV1(0)=    1.00000000000000000    ; CpV1(1)=    1.00000000000000000    
  sigma=     0.270018011502707600    ; hbzero=     20.7355300000000007    
  e^2 chrg=   1.43997840859651305    ; CExPar=     1.00000000000000000    
  c.m. correction: F, chr. density in direct Coul: F
  use tensor terms: F
  use TMR pairing:  0

  Coupling constants in natural units
  -----------------------------------
  Crho_nu(0)=  -0.877667471343921757    ; Crho_nu(1)=   0.324009624211695935    
  CDrho_nu(0)=  0.941450913381434273    ; CDrho_nu(1)= -0.211831998717341041    
  Ctau_nu(0)=  -0.140321584905665799E-01; Ctau_nu(1)=  -0.476738799694694126    
  CrDr_nu(0)=  -0.653403345639940403    ; CrDr_nu(1)=   -2.27386118903805023    
  CrdJ_nu(0)=   -1.09888317282964487    ; CrdJ_nu(1)=  -0.521214686872624955    
  CJ_nu(0)=      0.00000000000000000    ; CJ_nu(1)=      0.00000000000000000    
  CpV0_nu(0)=   0.112611992142809880E-03; CpV0_nu(1)=   0.112611992142809880E-03
  CpV1_nu(0)=   0.887702254206059068E-03; CpV1_nu(1)=   0.887702254206059068E-03
  fpi_nu=        93.0000000000000000    ; Lambda_nu=     700.000000000000000    

  Nuclear matter properties
  ----------------------------------
      E_NM=     -15.8000000000000149      K_NM=     220.0000000000000284
      P_NM=      -0.0000000000000032    RHO_NM=       0.1587067693325870
    ASS_NM=      28.9867890577721070   LASS_NM=      40.0047904804136323
  SMASS_NM=       0.9924233322833640  VMASS_NM=       1.2498385742322700

  Associated (t,x)-coupling constants
  -----------------------------------
  t0=      -2078.32802325564080    ; x0=       0.537569206858470316E-01
  t1=       244.520670090797267    ; x1=       -5.47313137015569762    
  t2=       1730.32003845623422    ; x2=       -1.35827486166459699    
  t3=       14263.6462470775950    ; x3=      -0.162491168089956339    
  b4=       40.7523000153005626    ; b4p=       73.5394012592700790    
  te=      -517.434332936049259    ; to=       -220.274459262961926    
  sigma=   0.270018011502707600    ; hbzero=    20.7355300000000007    

  ---------------------------------------
        Characteristics of the run       
  ---------------------------------------
  Output file ................:     7
  Nucleus ....................:   MG  24
  Number of HO shells ........:     8
  HO length b0 (fm) ..........:     1.55928400372611
  Basis deformation ..........:  beta0=   0.010 q=   1.010
  HO: b0,1/b0,bp,bz,q ........:   0.15592840E+01  0.64131999E+00  0.15568270E+01  0.15642096E+01  0.10095067E+01
  h**2/(2m), cmc, e**2 .......:   0.20735530E+02  0.20735530E+02  0.14399784E+01
  hom=f*41.0_pr*A^{-1/3}, f...:   0.17056687E+02  0.12000000E+01
  THO basis is ...............:  OFF
  Maximal number of iterations:   400
  Initial mixing parameter ...:  0.300
  Initial w.f. ...............:  from   spherical scratch
  Skyrme functional ..........:    UNE1                          
    with direct and exchange Coulomb
  Lipkin-Nogami procedure is .:  OFF
  PAV procedure is ...........:  OFF
  Constraint calculation is ..:   ON
    Constraint 1 .............: lambda=2 Ql=   0.199
  Temperature T ..............:   0.05 MeV
  Restart indicator ..........:   1
  Broyden mixing (#iterations):   7

  ---------------------------------------
        Harmonic Oscillator Basis        
  ---------------------------------------
  NUV, NQP:                        2501     165
  Comparison with bookkeeping spherical basis:
  n00:                                8       8  Maximal number of shells
  nbx, 2*n00+1:                      17      17  Maximal number of K-blocks
  ntx, (n00+1)*(n00+2)*(n00+3)/6    165     165  Max.num. p/n levels
  nzx, n00:                           8       8  Maximal nz-quantum number
  nrx, n00/2  :                       4       4  Maximal nr-quantum number
  nlx, n00:                           8       8  Maximal ml-quantum number
  ndx, (n00+2)*(n00+2)/4:            25      25  Maximal dim. of one k-block

  Actual basis used
  Number of blocks: nb .......:   17
  Number of levels: nt .......:  165
  Maximal 2*omega : nom ......:   17
  Maximal nz:       nzm ......:    8
  Maximal nr:       nrm ......:    4
  Maximal ml:       nlm ......:    8
  Maximal N=nz+2*nr+nl .......:    8
  2 x biggest block dim. .....:   50
  Non-zero elements of h .....:     1333
  Number of Broyden elements .:     5332

  ---------------------------------------
            Integration Meshes           
  ---------------------------------------
  Number of Gauss-Hermite mesh points ngh ....:  40
  Number of Gauss-Laguerre mesh points ngl ...:  40
  Number of Gauss-Legendre mesh points nleg ..:  80
  Integration boundaries
    Hermite  - from xh(1)  =  0.12379686 to xh(ngh)   = 11.88786356
    Laguerre - From xl(1)  =  0.03570039 to xl(ngl)   =142.28004447
    Legendre - From xleg(1)=  0.00978669 to xleg(nleg)=  0.99988775
  Max.dev.in:     Orthogonality            Normalization
  Hermite     1.5248282503475657E-015   1.0991207943789050E-014
  Laguerre    4.2896485016951012E-015   8.9928064994637680E-015

  Scratch initialization for the nucleus: MG  12  12


  Initial potentials of Saxon-Woods shape 
  v0ws   =  -71.27999878
  kappa  =    0.46160001
  vs0    =   11.11750031   11.11750031
  r0     =    1.23339999    1.23339999
  a      =    0.61500001    0.61500001
  r0-so  =    1.14429998    1.14429998
  a-so   =    0.64760000    0.64760000
  beta00 =    0.01000000

  ### REGULAR STAGE (reflection symmetry imposed)
  |HFB+HO> iterations(b0=  1.559, Nsh=  8, inin=  1, N= 12, Z= 12)...
  ----------------------------------------------------------------------------------------------------------------------------------
  i          si     mix   beta      Etot       A       rn      rp         En      Dn      Ep      Dp        Ln      Lp     time
  ----------------------------------------------------------------------------------------------------------------------------------
   1L  73.90480883 0.30  0.010     0.000000    0.0   0.000   0.000 |   -2.000   1.000  -2.000   1.000 |   -7.000  -7.000   0.000
   2B  39.49971701 0.10  0.009   -50.565915   24.0   2.625   2.625 |    0.000  -0.000   0.000  -0.000 |  -17.169 -17.169  39.025
   3B  10.14629077 0.11  0.149  -154.412865   24.0   3.020   3.061 |    0.000  -0.000   0.000  -0.000 |  -11.508  -8.064   1.071
   4B   9.11686399 0.13  0.201  -177.861362   24.0   2.959   2.931 |    0.000  -0.000   0.000  -0.000 |  -11.774  -7.112   1.246
   5B  19.11645979 0.10  0.191  -151.253767   24.0   2.899   2.976 |    0.000  -0.000   0.000  -0.000 |  -11.438  -8.098   1.123
   6B  10.19983116 0.11  0.223  -182.268983   24.0   2.920   2.964 |    0.000  -0.000   0.000  -0.000 |  -12.074  -7.568   1.233
   7B  12.83823845 0.10  0.216  -184.616110   24.0   2.936   2.941 |    0.000  -0.000   0.000  -0.000 |  -12.307  -7.397   1.199
   8B  11.98533645 0.11  0.210  -184.752566   24.0   2.933   2.940 |    0.000  -0.000   0.000  -0.000 |  -12.276  -7.448   1.173
   9B  10.33900244 0.13  0.202  -184.008140   24.0   2.927   2.941 |    0.000  -0.000   0.000  -0.000 |  -12.325  -7.437   1.558
  10B   5.32636475 0.14  0.040  -175.830093   24.0   2.915   2.923 |    0.000  -0.000   0.000  -0.000 |  -12.401  -7.571   1.553
  11B   5.77299077 0.10 -0.033  -176.552525   24.0   2.919   2.915 |    0.000  -0.000   0.000  -0.000 |  -12.475  -7.450   0.992
  12B   5.65185680 0.11 -0.056  -178.220651   24.0   2.914   2.919 |    0.000  -0.000   0.000  -0.000 |  -12.410  -7.748   1.574
  13B   6.08938719 0.10 -0.055  -180.312476   24.0   2.914   2.919 |    0.000  -0.000   0.000  -0.000 |  -12.439  -7.743   1.568
  14B   5.89060416 0.11  0.053  -177.326921   24.0   2.891   2.933 |    0.000  -0.000   0.000  -0.000 |  -12.183  -7.866   0.974
  15B   4.34929224 0.13 -0.052  -179.811223   24.0   2.909   2.918 |    0.000  -0.000   0.000  -0.000 |  -12.360  -7.781   1.610
  16B   7.95707996 0.10 -0.037  -177.398929   24.0   2.908   2.916 |    0.000  -0.000   0.000  -0.000 |  -12.475  -7.736   1.228
  17B   1.54794546 0.11  0.072  -181.585904   24.0   2.902   2.923 |    0.000  -0.000   0.000  -0.000 |  -12.431  -7.773   1.392
  18B   2.48071322 0.10  0.034  -180.547220   24.0   2.898   2.921 |    0.000  -0.000   0.000  -0.000 |  -12.499  -7.863   1.365
  19B   1.78767373 0.11  0.053  -181.438590   24.0   2.902   2.917 |    0.000  -0.000   0.000  -0.000 |  -12.553  -7.837   1.542
  20B   1.53920739 0.13  0.060  -181.339726   24.0   2.901   2.918 |    0.000  -0.000   0.000  -0.000 |  -12.549  -7.876   1.657
  21B   1.95025045 0.10  0.071  -181.651402   24.0   2.899   2.919 |    0.000  -0.000   0.000  -0.000 |  -12.545  -7.877   0.874
  22B   0.58474847 0.11  0.078  -181.949871   24.0   2.899   2.919 |    0.000  -0.000   0.000  -0.000 |  -12.555  -7.882   1.557
  23B   0.78451584 0.10  0.066  -181.745352   24.0   2.899   2.918 |    0.000  -0.000   0.000  -0.000 |  -12.562  -7.871   1.468
  24B   0.78246647 0.11  0.093  -182.192360   24.0   2.899   2.918 |    0.000   0.000   0.000   0.000 |  -12.549  -7.918   1.549
  25B   0.57377472 0.13  0.090  -182.182011   24.0   2.899   2.918 |    0.000   0.000   0.000   0.000 |  -12.556  -7.888   1.566
  26B   0.58661212 0.10  0.090  -182.170715   24.0   2.899   2.919 |    0.000  -0.000   0.000  -0.000 |  -12.545  -7.876   1.509
  27B   0.56001442 0.11  0.089  -182.129145   24.0   2.899   2.919 |    0.000  -0.000   0.000  -0.000 |  -12.535  -7.879   1.558
  28B   0.36082753 0.13  0.085  -182.086879   24.0   2.899   2.918 |    0.000  -0.000   0.000  -0.000 |  -12.547  -7.872   1.417
  29B   1.50895808 0.10  0.078  -181.488163   24.0   2.900   2.918 |    0.000  -0.000   0.000  -0.000 |  -12.537  -7.871   1.394
  30B   0.19386201 0.11  0.082  -182.037122   24.0   2.899   2.918 |    0.000  -0.000   0.000  -0.000 |  -12.545  -7.876   0.942
  31B   0.20447985 0.10  0.082  -182.038909   24.0   2.899   2.919 |    0.000  -0.000   0.000  -0.000 |  -12.547  -7.876   1.355
  32B   0.16092967 0.11  0.076  -181.955253   24.0   2.899   2.919 |    0.000  -0.000   0.000  -0.000 |  -12.544  -7.875   0.881
  33B   0.10777055 0.13  0.077  -181.963412   24.0   2.899   2.918 |    0.000  -0.000   0.000  -0.000 |  -12.551  -7.874   0.927
  34B   0.03202874 0.14  0.077  -181.970372   24.0   2.899   2.918 |    0.000  -0.000   0.000  -0.000 |  -12.549  -7.878   1.757
  35B   0.02499755 0.16  0.077  -181.972712   24.0   2.899   2.918 |    0.000  -0.000   0.000  -0.000 |  -12.550  -7.877   1.624
  36B   0.02703894 0.10  0.077  -181.973396   24.0   2.899   2.918 |    0.000  -0.000   0.000  -0.000 |  -12.550  -7.879   1.588
  37B   0.04432347 0.10  0.078  -181.974942   24.0   2.899   2.918 |    0.000  -0.000   0.000  -0.000 |  -12.551  -7.878   1.652
  38B   0.13451906 0.10  0.077  -181.970830   24.0   2.899   2.918 |    0.000  -0.000   0.000  -0.000 |  -12.551  -7.878   1.413
  39B   0.00715802 0.11  0.078  -181.974866   24.0   2.899   2.918 |    0.000  -0.000   0.000  -0.000 |  -12.551  -7.878   1.398
  40B   0.00492202 0.13  0.078  -181.977230   24.0   2.899   2.918 |    0.000  -0.000   0.000  -0.000 |  -12.551  -7.878   1.104
  41B   0.01040815 0.10  0.078  -181.979308   24.0   2.899   2.918 |    0.000  -0.000   0.000  -0.000 |  -12.551  -7.878   0.997
  42B   0.01312442 0.10  0.078  -181.980318   24.0   2.899   2.918 |    0.000   0.000   0.000   0.000 |  -12.551  -7.878   1.625
  43B   0.01096458 0.11  0.078  -181.979459   24.0   2.899   2.918 |    0.000  -0.000   0.000  -0.000 |  -12.551  -7.878   1.532
  44B   0.00715690 0.13  0.078  -181.978364   24.0   2.899   2.918 |    0.000  -0.000   0.000  -0.000 |  -12.550  -7.878   1.495
  45B   0.00671801 0.14  0.078  -181.978080   24.0   2.899   2.918 |    0.000  -0.000   0.000  -0.000 |  -12.551  -7.878   1.540
  46B   0.01974798 0.10  0.078  -181.978087   24.0   2.899   2.918 |    0.000  -0.000   0.000  -0.000 |  -12.550  -7.878   1.517
  47B   0.00913165 0.11  0.078  -181.977164   24.0   2.899   2.918 |    0.000  -0.000   0.000  -0.000 |  -12.551  -7.878   1.584
  48B   0.00586387 0.13  0.078  -181.976829   24.0   2.899   2.918 |    0.000   0.000   0.000   0.000 |  -12.551  -7.878   1.469
  49B   0.00471988 0.14  0.078  -181.975180   24.0   2.899   2.918 |    0.000   0.000   0.000   0.000 |  -12.551  -7.878   1.190
  50B   0.00294700 0.16  0.078  -181.975297   24.0   2.899   2.918 |    0.000   0.000   0.000   0.000 |  -12.551  -7.878   1.525
  51B   0.00324220 0.10  0.078  -181.975246   24.0   2.899   2.918 |    0.000  -0.000   0.000  -0.000 |  -12.551  -7.878   1.468
  52B   0.00461205 0.10  0.077  -181.974550   24.0   2.899   2.918 |    0.000  -0.000   0.000  -0.000 |  -12.551  -7.878   1.611
  53B   0.00417367 0.11  0.077  -181.974668   24.0   2.899   2.918 |    0.000   0.000   0.000   0.000 |  -12.551  -7.878   1.370
  54B   0.00392502 0.13  0.077  -181.974649   24.0   2.899   2.918 |    0.000   0.000   0.000   0.000 |  -12.551  -7.878   1.399
  55B   0.00339667 0.14  0.078  -181.974915   24.0   2.899   2.918 |    0.000  -0.000   0.000  -0.000 |  -12.551  -7.878   1.459
  56B   0.00610594 0.10  0.077  -181.974648   24.0   2.899   2.918 |    0.000  -0.000   0.000  -0.000 |  -12.551  -7.878   1.447
  57B   0.00626026 0.10  0.077  -181.973986   24.0   2.899   2.918 |    0.000   0.000   0.000   0.000 |  -12.551  -7.878   1.382
  58B   0.01068417 0.10  0.077  -181.973854   24.0   2.899   2.918 |    0.000  -0.000   0.000  -0.000 |  -12.551  -7.878   1.420
  59B   0.01006113 0.11  0.077  -181.972679   24.0   2.899   2.918 |    0.000   0.000   0.000   0.000 |  -12.551  -7.878   1.407
  60B   0.01068845 0.10  0.077  -181.972685   24.0   2.899   2.918 |    0.000   0.000   0.000   0.000 |  -12.551  -7.878   1.470
  61B   0.01059121 0.11  0.077  -181.972717   24.0   2.899   2.918 |    0.000   0.000   0.000   0.000 |  -12.551  -7.878   1.386
  62B   0.01020702 0.13  0.077  -181.972825   24.0   2.899   2.918 |    0.000   0.000   0.000   0.000 |  -12.551  -7.878   1.250
  63B   0.00966544 0.14  0.077  -181.973072   24.0   2.899   2.918 |    0.000   0.000   0.000   0.000 |  -12.551  -7.878   1.454
  64B   0.01602121 0.10  0.077  -181.971050   24.0   2.899   2.918 |    0.000   0.000   0.000   0.000 |  -12.551  -7.878   1.608
  65B   0.01729484 0.10  0.077  -181.970700   24.0   2.899   2.918 |    0.000   0.000   0.000   0.000 |  -12.551  -7.878   1.314
  66B   0.02048723 0.10  0.077  -181.970589   24.0   2.899   2.918 |    0.000  -0.000   0.000  -0.000 |  -12.551  -7.878   1.564
  67B   0.02946083 0.10  0.077  -181.970442   24.0   2.899   2.918 |    0.000  -0.000   0.000  -0.000 |  -12.551  -7.878   1.601
  68B   0.01625809 0.11  0.077  -181.971229   24.0   2.899   2.918 |    0.000   0.000   0.000   0.000 |  -12.551  -7.878   1.528
  69B   0.00709606 0.13  0.077  -181.973720   24.0   2.899   2.918 |    0.000   0.000   0.000   0.000 |  -12.551  -7.878   1.438
  70B   0.00525330 0.14  0.078  -181.975399   24.0   2.899   2.918 |    0.000   0.000   0.000   0.000 |  -12.551  -7.878   1.781
  71B   0.00698525 0.10  0.078  -181.975628   24.0   2.899   2.918 |    0.000   0.000   0.000   0.000 |  -12.551  -7.878   1.533
  72B   0.00603241 0.11  0.078  -181.977220   24.0   2.899   2.918 |    0.000   0.000   0.000   0.000 |  -12.551  -7.878   1.258
  73B   0.01395772 0.10  0.078  -181.976776   24.0   2.899   2.918 |    0.000   0.000   0.000   0.000 |  -12.551  -7.878   1.386
  74B   0.00449988 0.11  0.078  -181.977271   24.0   2.899   2.918 |    0.000   0.000   0.000   0.000 |  -12.551  -7.878   1.546
  75B   0.00423065 0.13  0.078  -181.977126   24.0   2.899   2.918 |    0.000   0.000   0.000   0.000 |  -12.551  -7.878   1.480
  76B   0.00382628 0.14  0.078  -181.976700   24.0   2.899   2.918 |    0.000   0.000   0.000   0.000 |  -12.551  -7.878   1.531
  77B   0.00623551 0.10  0.078  -181.977947   24.0   2.899   2.918 |    0.000   0.000   0.000   0.000 |  -12.551  -7.878   1.497
  78B   0.00633154 0.10  0.078  -181.977966   24.0   2.899   2.918 |    0.000   0.000   0.000   0.000 |  -12.551  -7.878   1.429
  79B   0.00730706 0.10  0.078  -181.978283   24.0   2.899   2.918 |    0.000   0.000   0.000   0.000 |  -12.551  -7.878   1.354
  80B   0.00589928 0.11  0.078  -181.977934   24.0   2.899   2.918 |    0.000   0.000   0.000   0.000 |  -12.551  -7.878   1.716
  81B   0.00728564 0.10  0.078  -181.978243   24.0   2.899   2.918 |    0.000   0.000   0.000   0.000 |  -12.551  -7.878   1.577
  82B   0.01067555 0.10  0.078  -181.977461   24.0   2.899   2.918 |    0.000  -0.000   0.000  -0.000 |  -12.551  -7.878   1.498
  83B   0.00615789 0.11  0.078  -181.977588   24.0   2.899   2.918 |    0.000  -0.000   0.000  -0.000 |  -12.551  -7.878   1.440
  84B   0.01171618 0.10  0.078  -181.977816   24.0   2.899   2.918 |    0.000  -0.000   0.000  -0.000 |  -12.551  -7.878   1.472
  85B   0.02865566 0.10  0.078  -181.979367   24.0   2.899   2.918 |    0.000   0.000   0.000   0.000 |  -12.551  -7.878   1.479
  86B   0.00559478 0.11  0.078  -181.977734   24.0   2.899   2.918 |    0.000  -0.000   0.000  -0.000 |  -12.551  -7.878   1.579
  87B   0.00237838 0.13  0.078  -181.976662   24.0   2.899   2.918 |    0.000  -0.000   0.000  -0.000 |  -12.551  -7.878   1.506
  88B   0.00165795 0.14  0.078  -181.976136   24.0   2.899   2.918 |    0.000   0.000   0.000   0.000 |  -12.551  -7.878   1.480
  89B   0.00614012 0.10  0.078  -181.975314   24.0   2.899   2.918 |    0.000   0.000   0.000   0.000 |  -12.551  -7.878   1.596
  90B   0.00273995 0.11  0.078  -181.975931   24.0   2.899   2.918 |    0.000   0.000   0.000   0.000 |  -12.551  -7.878   1.167
  91B   0.00390666 0.10  0.078  -181.975295   24.0   2.899   2.918 |    0.000   0.000   0.000   0.000 |  -12.551  -7.878   1.656
  92B   0.00664387 0.10  0.077  -181.974622   24.0   2.899   2.918 |    0.000   0.000   0.000   0.000 |  -12.551  -7.878   1.419
  93B   0.01159923 0.10  0.078  -181.974817   24.0   2.899   2.918 |    0.000   0.000   0.000   0.000 |  -12.551  -7.878   1.076
  94B   0.00403952 0.11  0.078  -181.975734   24.0   2.899   2.918 |    0.000   0.000   0.000   0.000 |  -12.551  -7.878   1.520
  95B   0.00454600 0.10  0.077  -181.974639   24.0   2.899   2.918 |    0.000   0.000   0.000   0.000 |  -12.551  -7.878   1.527
  96B   0.00344471 0.11  0.078  -181.974929   24.0   2.899   2.918 |    0.000   0.000   0.000   0.000 |  -12.551  -7.878   1.492
  97B   0.00212752 0.13  0.078  -181.975351   24.0   2.899   2.918 |    0.000   0.000   0.000   0.000 |  -12.551  -7.878   1.455
  98B   0.00050238 0.14  0.078  -181.975912   24.0   2.899   2.918 |    0.000  -0.000   0.000  -0.000 |  -12.551  -7.878   1.169
  99B   0.00230662 0.10  0.078  -181.976279   24.0   2.899   2.918 |    0.000   0.000   0.000   0.000 |  -12.551  -7.878   1.648
 100B   0.00073666 0.11  0.078  -181.976119   24.0   2.899   2.918 |    0.000   0.000   0.000   0.000 |  -12.551  -7.878   1.093
 101B   0.00076200 0.10  0.078  -181.976051   24.0   2.899   2.918 |    0.000   0.000   0.000   0.000 |  -12.551  -7.878   1.499
 102B   0.00160206 0.10  0.078  -181.976053   24.0   2.899   2.918 |    0.000   0.000   0.000   0.000 |  -12.551  -7.878   1.060
 103B   0.00138009 0.11  0.078  -181.976181   24.0   2.899   2.918 |    0.000   0.000   0.000   0.000 |  -12.551  -7.878   1.491
 104B   0.00024897 0.13  0.078  -181.976042   24.0   2.899   2.918 |    0.000   0.000   0.000   0.000 |  -12.551  -7.878   0.985
 105B   0.00040413 0.10  0.078  -181.976128   24.0   2.899   2.918 |    0.000   0.000   0.000   0.000 |  -12.551  -7.878   1.452
 106B   0.00030246 0.11  0.078  -181.976097   24.0   2.899   2.918 |    0.000   0.000   0.000   0.000 |  -12.551  -7.878   1.515
 107B   0.00021505 0.13  0.078  -181.976069   24.0   2.899   2.918 |    0.000   0.000   0.000   0.000 |  -12.551  -7.878   1.417
 108B   0.00032077 0.10  0.078  -181.976045   24.0   2.899   2.918 |    0.000   0.000   0.000   0.000 |  -12.551  -7.878   1.458
 109B   0.00010643 0.11  0.078  -181.976039   24.0   2.899   2.918 |    0.000   0.000   0.000   0.000 |  -12.551  -7.878   0.990
 110B   0.00007763 0.13  0.078  -181.976003   24.0   2.899   2.918 |    0.000  -0.000   0.000  -0.000 |  -12.551  -7.878   1.242
 111B   0.00014538 0.10  0.078  -181.975999   24.0   2.899   2.918 |    0.000  -0.000   0.000  -0.000 |  -12.551  -7.878   1.102
 112B   0.00004251 0.11  0.078  -181.975999   24.0   2.899   2.918 |    0.000   0.000   0.000   0.000 |  -12.551  -7.878   1.514
 113B   0.00014909 0.10  0.078  -181.975988   24.0   2.899   2.918 |    0.000   0.000   0.000   0.000 |  -12.551  -7.878   1.456
 114B   0.00003401 0.11  0.078  -181.975993   24.0   2.899   2.918 |    0.000   0.000   0.000   0.000 |  -12.551  -7.878   1.301
 115B   0.00004885 0.10  0.078  -181.975988   24.0   2.899   2.918 |    0.000   0.000   0.000   0.000 |  -12.551  -7.878   1.451
 116B   0.00005302 0.10  0.078  -181.975987   24.0   2.899   2.918 |    0.000   0.000   0.000   0.000 |  -12.551  -7.878   1.483
 117B   0.00005006 0.11  0.078  -181.975988   24.0   2.899   2.918 |    0.000   0.000   0.000   0.000 |  -12.551  -7.878   1.019
 118B   0.00003720 0.13  0.078  -181.975992   24.0   2.899   2.918 |    0.000   0.000   0.000   0.000 |  -12.551  -7.878   1.454
 119B   0.00003180 0.14  0.078  -181.975994   24.0   2.899   2.918 |    0.000   0.000   0.000   0.000 |  -12.551  -7.878   1.572
 120B   0.00005636 0.10  0.078  -181.976005   24.0   2.899   2.918 |    0.000   0.000   0.000   0.000 |  -12.551  -7.878   0.962
 121B   0.00004625 0.11  0.078  -181.976009   24.0   2.899   2.918 |    0.000   0.000   0.000  -0.000 |  -12.551  -7.878   1.356
 122B   0.00001245 0.13  0.078  -181.976003   24.0   2.899   2.918 |    0.000   0.000   0.000   0.000 |  -12.551  -7.878   1.451
 123B   0.00002712 0.10  0.078  -181.976005   24.0   2.899   2.918 |    0.000  -0.000   0.000  -0.000 |  -12.551  -7.878   1.243
 124B   0.00001051 0.11  0.078  -181.976006   24.0   2.899   2.918 |    0.000   0.000   0.000  -0.000 |  -12.551  -7.878   1.007
 125B   0.00000881 0.13  0.078  -181.976007   24.0   2.899   2.918 |    0.000   0.000   0.000   0.000 |  -12.551  -7.878   0.989
 126B   0.00001132 0.10  0.078  -181.976008   24.0   2.899   2.918 |    0.000   0.000   0.000  -0.000 |  -12.551  -7.878   0.941
 127B   0.00002103 0.10  0.078  -181.976011   24.0   2.899   2.918 |    0.000   0.000   0.000   0.000 |  -12.551  -7.878   1.536
 128B   0.00002543 0.10  0.078  -181.976012   24.0   2.899   2.918 |    0.000  -0.000   0.000   0.000 |  -12.551  -7.878   1.171
 129B   0.00002621 0.10  0.078  -181.976012   24.0   2.899   2.918 |    0.000   0.000   0.000   0.000 |  -12.551  -7.878   1.558
 130B   0.00002548 0.11  0.078  -181.976012   24.0   2.899   2.918 |    0.000   0.000   0.000   0.000 |  -12.551  -7.878   1.555
 131B   0.00002485 0.13  0.078  -181.976012   24.0   2.899   2.918 |    0.000  -0.000   0.000  -0.000 |  -12.551  -7.878   1.048
 132B   0.00001813 0.14  0.078  -181.976010   24.0   2.899   2.918 |    0.000   0.000   0.000   0.000 |  -12.551  -7.878   1.092
 133B   0.00002280 0.10  0.078  -181.976009   24.0   2.899   2.918 |    0.000   0.000   0.000  -0.000 |  -12.551  -7.878   0.931
 134B   0.00002204 0.11  0.078  -181.976006   24.0   2.899   2.918 |    0.000   0.000   0.000  -0.000 |  -12.551  -7.878   1.429
 135B   0.00001822 0.13  0.078  -181.976005   24.0   2.899   2.918 |    0.000   0.000   0.000   0.000 |  -12.551  -7.878   0.868
 136B   0.00000115 0.14  0.078  -181.976004   24.0   2.899   2.918 |    0.000   0.000   0.000   0.000 |  -12.551  -7.878   0.981
 137B   0.00000147 0.10  0.078  -181.976004   24.0   2.899   2.918 |    0.000   0.000   0.000  -0.000 |  -12.551  -7.878   1.009
 138B   0.00000058 0.11  0.078  -181.976004   24.0   2.899   2.918 |    0.000  -0.000   0.000  -0.000 |  -12.551  -7.878   1.031
 139B   0.00000088 0.10  0.078  -181.976004   24.0   2.899   2.918 |    0.000  -0.000   0.000   0.000 |  -12.551  -7.878   1.564
 140B   0.00000097 0.10  0.078  -181.976004   24.0   2.899   2.918 |    0.000   0.000   0.000  -0.000 |  -12.551  -7.878   1.223
 141B   0.00000041 0.11  0.078  -181.976004   24.0   2.899   2.918 |    0.000  -0.000   0.000  -0.000 |  -12.551  -7.878   1.002
 142B   0.00000029 0.13  0.078  -181.976004   24.0   2.899   2.918 |    0.000   0.000   0.000   0.000 |  -12.551  -7.878   0.996
 143B   0.00000014 0.14  0.078  -181.976004   24.0   2.899   2.918 |    0.000   0.000   0.000  -0.000 |  -12.551  -7.878   0.893
 144B   0.00000014 0.10  0.078  -181.976004   24.0   2.899   2.918 |    0.000   0.000   0.000   0.000 |  -12.551  -7.878   0.923
 145B   0.00000010 0.11  0.078  -181.976004   24.0   2.899   2.918 |    0.000   0.000   0.000   0.000 |  -12.551  -7.878   0.999
 146B   0.00000008 0.13  0.078  -181.976004   24.0   2.899   2.918 |    0.000   0.000   0.000  -0.000 |  -12.551  -7.878   1.533
 147B   0.00000004 0.14  0.078  -181.976004   24.0   2.899   2.918 |    0.000  -0.000   0.000  -0.000 |  -12.551  -7.878   0.909
 148B   0.00000006 0.10  0.078  -181.976004   24.0   2.899   2.918 |    0.000   0.000   0.000   0.000 |  -12.551  -7.878   0.885
 149B   0.00000007 0.10  0.078  -181.976004   24.0   2.899   2.918 |    0.000  -0.000   0.000  -0.000 |  -12.551  -7.878   0.887
 150B   0.00000002 0.11  0.078  -181.976004   24.0   2.899   2.918 |    0.000   0.000   0.000  -0.000 |  -12.551  -7.878   1.268
 151B   0.00000002 0.13  0.078  -181.976004   24.0   2.899   2.918 |    0.000   0.000   0.000  -0.000 |  -12.551  -7.878   1.121
 152B   0.00000001 0.14  0.078  -181.976004   24.0   2.899   2.918 |    0.000  -0.000   0.000  -0.000 |  -12.551  -7.878   0.993
 153B   0.00000002 0.10  0.078  -181.976004   24.0   2.899   2.918 |    0.000   0.000   0.000  -0.000 |  -12.551  -7.878   1.058
 154B   0.00000002 0.10  0.078  -181.976004   24.0   2.899   2.918 |    0.000  -0.000   0.000  -0.000 |  -12.551  -7.878   0.932
 155B   0.00000001 0.11  0.078  -181.976004   24.0   2.899   2.918 |    0.000   0.000   0.000   0.000 |  -12.551  -7.878   1.025
 156B   0.00000000 0.13  0.078  -181.976004   24.0   2.899   2.918 |    0.000   0.000   0.000  -0.000 |  -12.551  -7.878   1.134
  ----------------------------------------------------------------------------------------------------------------------------------
  *   iteration converged   after 156 steps   si=     0.0000000008 ho=  0 tho=  0
  ----------------------------------------------------------------------------------------------------------------------------------
  Total CPU time=   4.098 minutes

  Writing to wel_file: s012_012.hel
 __________________________________  
  The tape s012_012.hel recorded:     
  nucname,npr,ngh,ngl,n00,nb,nt      
  b0,beta0,si,etot,rms,bet,xmix      
  pairing:     CpV0,CpV1,pwi         
  delta:       del,ept               
  lambda:      ala,ala2,alast,tz     
  asymptotic:  varmas,ass,skass      
  ntx,nb,nhhdim,id,N_rz,n_r,n_z      
  Omega2,Sigma2,Parity,Lambda        
  matrices(inbro):    hh,de          
  *all blocking candidates           
 __________________________________  


  NB! From expect (UNPROJECTED RESULTS)

  pairing: CpV0,CpV1,...           0.100000       0.100000       1.000000       1.000000
  forces:   UNE1                          


                             neutrons         protons         total
  Requested part.numbs.      12.000000      12.000000      24.000000
  UnPj(av) part.numbs .      12.000000      12.000000      24.000000
  b0, bz, bp ..........       1.559284       1.564210       1.556827

  lambda (ala) ........     -12.550691      -7.877994
  Lambda (alast) ......     -12.550691      -7.877994
  delta(n,p), pwi .....      -0.000000       0.000000      60.000000
  pairing energy ......       0.000000       0.000000       0.000000

  rms-radius ..........       2.898842       2.918171       2.908523
  charge-radius, r0 ...                      3.025843       3.461399
  deformation beta2....       0.077760       0.077411       0.077584
  dipole moment[fm] ...       0.000000       0.000000       0.000000
  quadrupole moment[b]        0.098923       0.099796       0.198720
  octupole moment .....       0.000000       0.000000       0.000000
  hexadecapole moment .      -0.000131      -0.000148      -0.000280
  q5 ..................       0.000000       0.000000       0.000000
  q6 ..................      -0.000001      -0.000001      -0.000003
  q7 ..................       0.000000       0.000000       0.000000
  q8 ..................       0.000000       0.000000       0.000000

  <r^0> [fm^0] ........            1.000000            1.000000            1.000000
  <r^2> [fm^2] ........            8.403286            8.515723            8.459505
  <r^4> [fm^4] ........          101.385129          104.496172          102.940650
  <r^6> [fm^6] ........         1582.356914         1665.074025         1623.715469
  <r^8> [fm^8] ........        30410.098697        32760.103144        31585.100921

  kinetic energy ......     211.325545     208.537010     419.862555
  volume energy .......                                  -661.206761
        rho_tau .......                                    -1.859011
        rho_rho .......                                  -659.347750
  surface energy ......                                    54.957663
   rho_DELTA_rho ......                                    54.957663
   (NABLA_rho)^2 ......                                     0.000000
  spin-orbit energy ...                                   -24.883255
        rho_NABLA_J ...                                   -24.883255
        NABLA_rho_J ...                                     0.000000
  coulomb energy ......                                    29.293794
          direct ......                                    33.741447
          exchange ....                                    -4.447653
  tensor energy .......                                     0.000000
  direct Hartree E  ...                                     0.000000
  Extra E .............                                     0.000000
  External field E ....                                     0.000000
  Entropy .............       3.236837       3.230961       6.467798

  tEnergy: ehfb (qp)...                                  -181.976004

  Calculated but not added corrections 
====================================
  cmc-diagonal part ...       0.000000      -0.000000       0.000000
  cmc-hfb .............       0.000000       0.000000       0.000000
  cranking rot corr ...       0.000000       0.000000       0.000000

  SQUJ ................       0.000000       0.000000       0.000000
  CRAN x 4 ............       0.000000       0.000000       0.000000
  Rigit Body ..........       0.000000       0.000000       0.000000


   Blocking candidates are:
   neutron eqpmin=   5.2018406625577995E-002  pwiblo=   5.1031036307982882     
    num=   1 block=   3 state=   1    32 Eqp=   0.05201841  (1-2N)E=  -0.05201841  Ovlp=   0.88806262  3+[ 2, 1, 1]
    num=   2 block=   5 state=   1    56 Eqp=   0.02314706  (1-2N)E=   0.02314706  Ovlp=   0.97609326  5+[ 2, 0, 2]
    num=   3 block=   1 state=   1     1 Eqp=   0.09719987  (1-2N)E=  -0.09719987  Ovlp=   0.67363974  1+[ 2, 2, 0]
    num=   4 block=   1 state=   2     2 Eqp=   2.41923348  (1-2N)E=   2.41923348  Ovlp=   0.81759585  1+[ 2, 0, 0]

   Blocking candidates are:
   proton  eqpmin=   5.2306997076200901E-002  pwiblo=   5.1031036307982882     
    num=   1 block=   3 state=   1    31 Eqp=   0.05230700  (1-2N)E=  -0.05230700  Ovlp=   0.88516547  3+[ 2, 1, 1]
    num=   2 block=   5 state=   1    54 Eqp=   0.02349196  (1-2N)E=   0.02349196  Ovlp=   0.97277003  5+[ 2, 0, 2]
    num=   3 block=   1 state=   1     1 Eqp=   0.09743861  (1-2N)E=  -0.09743861  Ovlp=   0.67077105  1+[ 2, 2, 0]
    num=   4 block=   1 state=   2     2 Eqp=   2.36478908  (1-2N)E=   2.36478908  Ovlp=   0.81047459  1+[ 2, 0, 0]



 HFBTHO_SOLVER ended without errors

