No Skyrme interaction defined in routine skforce()
Multi-threading framework with OpenMP: 1 threads/task

  =======================================
           FORTRAN 95 CODE (KIND= 8) 
               Version: 200d  
  =======================================
       AXIALLY DEFORMED CONFIGURATIONAL  
     HARTREE-FOCK-BOGOLIUBOV CALCULATIONS
                     WITH                
            UNEDF AND DELTA PAIRING      
                     USING               
             HARMONIC-OSCILLATOR         
                   AND/OR                
       TRANSFORMED HARMONIC-OSCILLATOR   
                    BASIS                
                     ---                 
               v1.66  (2005):,           
   Stoitsov,Dobaczewski,Nazarewicz,Ring, 
               v2.00d (2012):,           
         Stoitsov,Schunck,Kortelainen    
  =======================================
    Nucleus: GD (A= 156, N= 92, Z= 64)
       Reflection Symmetry Imposed       
            ( 9/15/2022,  8: 8)                               
  =======================================


  ---------------------------------------
           UNEDF Module Version:17
         M.Kortelainen & M.Stoitsov 
  ---------------------------------------

  UNE1 functional
  ----------------------------------
  Crho(0)=   -764.221462212276492    ; Crho(1)=    314.488249256761037    
  CDrho(0)=   898.586094052776389    ; CDrho(1)=  -225.440963447973417    
  Ctau(0)=   -7.77272002471705026    ; Ctau(1)=   -40.3414035737014558    
  CrDr(0)=   -43.3971518751008816    ; CrDr(1)=   -104.118929855147911    
  CrdJ(0)=   -66.5035995069191728    ; CrdJ(1)=   -29.2436194388712067    
  CJ(0)=      0.00000000000000000    ; CJ(1)=      0.00000000000000000    
  CpV0(0)=   0.100000000000000006    ; CpV0(1)=   0.100000000000000006    
  CpV1(0)=    1.00000000000000000    ; CpV1(1)=    1.00000000000000000    
  sigma=     0.282364221941160287    ; hbzero=     20.7355300000000007    
  e^2 chrg=   1.43997840859651305    ; CExPar=     1.00000000000000000    
  c.m. correction: F, chr. density in direct Coul: F
  use tensor terms: F
  use TMR pairing:  0

  Coupling constants in natural units
  -----------------------------------
  Crho_nu(0)=  -0.860605012980155459    ; Crho_nu(1)=   0.354151482543083984    
  CDrho_nu(0)=  0.946174458923436101    ; CDrho_nu(1)= -0.237380127537380248    
  Ctau_nu(0)=  -0.110179190052102693    ; Ctau_nu(1)=  -0.571843982181415411    
  CrDr_nu(0)=  -0.615159561770110774    ; CrDr_nu(1)=   -1.47589766826182522    
  CrdJ_nu(0)=  -0.942696083986185540    ; CrdJ_nu(1)=  -0.414531630332850842    
  CJ_nu(0)=      0.00000000000000000    ; CJ_nu(1)=      0.00000000000000000    
  CpV0_nu(0)=   0.112611992142809880E-03; CpV0_nu(1)=   0.112611992142809880E-03
  CpV1_nu(0)=   0.887702254206059068E-03; CpV1_nu(1)=   0.887702254206059068E-03
  fpi_nu=        93.0000000000000000    ; Lambda_nu=     700.000000000000000    

  Nuclear matter properties
  ----------------------------------
      E_NM=     -15.7999999999999723      K_NM=     219.9999999999996874
      P_NM=       0.0000000000000032    RHO_NM=       0.1590649263842290
    ASS_NM=      28.8323094289797659   LASS_NM=      32.0123650271885012
  SMASS_NM=       0.9403744616830705  VMASS_NM=       1.2498385742322697

  Associated (t,x)-coupling constants
  -----------------------------------
  t0=      -2037.92389923273731    ; x0=       0.117271821337712301    
  t1=       221.087849967581974    ; x1=       -3.90257789744703354    
  t2=       1170.79079027844978    ; x2=       -1.41818270967755411    
  t3=       14377.3775048444222    ; x3=      -0.123673850051702450    
  b4=       37.2599800680479660    ; b4p=       58.4872388777424135    
  te=      -347.291075241105602    ; to=       -157.350487178932042    
  sigma=   0.282364221941160287    ; hbzero=    20.7355300000000007    

  ---------------------------------------
        Characteristics of the run       
  ---------------------------------------
  Output file ................:     7
  Nucleus ....................:   GD 156
  Number of HO shells ........:    10
  HO length b0 (fm) ..........:     2.13015292605643
  Basis deformation ..........:  beta0=   0.010 q=   1.010
  HO: b0,1/b0,bp,bz,q ........:   0.21301529E+01  0.46944986E+00  0.21267964E+01  0.21368819E+01  0.10095067E+01
  h**2/(2m), cmc, e**2 .......:   0.20735530E+02  0.20735530E+02  0.14399784E+01
  hom=f*41.0_pr*A^{-1/3}, f...:   0.91395238E+01  0.12000000E+01
  THO basis is ...............:  OFF
  Maximal number of iterations:   400
  Initial mixing parameter ...:  0.300
  Initial w.f. ...............:  from   spherical scratch
  Skyrme functional ..........:    UNE1                          
    with direct and exchange Coulomb
  Lipkin-Nogami procedure is .:  OFF
  PAV procedure is ...........:  OFF
  Constraint calculation is ..:   ON
    Constraint 1 .............: lambda=2 Ql=  -1.205
  Temperature T ..............:   0.05 MeV
  Restart indicator ..........:   1
  Broyden mixing (#iterations):   7

  ---------------------------------------
        Harmonic Oscillator Basis        
  ---------------------------------------
  NUV, NQP:                        6222     286
  Comparison with bookkeeping spherical basis:
  n00:                               10      10  Maximal number of shells
  nbx, 2*n00+1:                      21      21  Maximal number of K-blocks
  ntx, (n00+1)*(n00+2)*(n00+3)/6    286     286  Max.num. p/n levels
  nzx, n00:                          10      10  Maximal nz-quantum number
  nrx, n00/2  :                       5       5  Maximal nr-quantum number
  nlx, n00:                          10      10  Maximal ml-quantum number
  ndx, (n00+2)*(n00+2)/4:            36      36  Maximal dim. of one k-block

  Actual basis used
  Number of blocks: nb .......:   21
  Number of levels: nt .......:  286
  Maximal 2*omega : nom ......:   21
  Maximal nz:       nzm ......:   10
  Maximal nr:       nrm ......:    5
  Maximal ml:       nlm ......:   10
  Maximal N=nz+2*nr+nl .......:   10
  2 x biggest block dim. .....:   72
  Non-zero elements of h .....:     3254
  Number of Broyden elements .:    13016

  ---------------------------------------
            Integration Meshes           
  ---------------------------------------
  Number of Gauss-Hermite mesh points ngh ....:  40
  Number of Gauss-Laguerre mesh points ngl ...:  40
  Number of Gauss-Legendre mesh points nleg ..:  80
  Integration boundaries
    Hermite  - from xh(1)  =  0.12379686 to xh(ngh)   = 11.88786356
    Laguerre - From xl(1)  =  0.03570039 to xl(ngl)   =142.28004447
    Legendre - From xleg(1)=  0.00978669 to xleg(nleg)=  0.99988775
  Max.dev.in:     Orthogonality            Normalization
  Hermite     1.5248282503475657E-015   1.0991207943789050E-014
  Laguerre    4.8291451697098846E-015   9.3258734068513149E-015

  Scratch initialization for the nucleus: GD  92  64


  Initial potentials of Saxon-Woods shape 
  v0ws   =  -71.27999878
  kappa  =    0.46160001
  vs0    =   11.11750031   11.11750031
  r0     =    1.23339999    1.23339999
  a      =    0.61500001    0.61500001
  r0-so  =    1.14429998    1.14429998
  a-so   =    0.64760000    0.64760000
  beta00 =    0.01000000

  ### REGULAR STAGE (reflection symmetry imposed)
  |HFB+HO> iterations(b0=  2.130, Nsh= 10, inin=  1, N= 92, Z= 64)...
  ----------------------------------------------------------------------------------------------------------------------------------
  i          si     mix   beta      Etot       A       rn      rp         En      Dn      Ep      Dp        Ln      Lp     time
  ----------------------------------------------------------------------------------------------------------------------------------
   1L  69.94764065 0.30  0.010     0.000000    0.0   0.000   0.000 |   -2.000   1.000  -2.000   1.000 |   -7.000  -7.000   0.000
   2B  36.53609764 0.10  0.020 -1027.580914  156.0   4.803   4.551 |    0.001  -0.000   0.000  -0.000 |  -14.218 -26.849  41.272
   3B  17.25269122 0.11 -0.015 -1047.060227  156.0   4.924   4.974 |    0.000  -0.000   0.000  -0.000 |   -5.632 -11.857   3.870
   4B  32.00736939 0.10 -0.024  -573.530523  156.0   5.124   4.645 |    0.000  -0.000   0.000  -0.000 |   -6.154  -6.962   3.439
   5B   7.78882842 0.11 -0.047 -1217.474918  156.0   5.086   4.931 |    0.000  -0.000   0.000  -0.000 |   -5.023  -6.935   3.414
   6B   4.68243890 0.13 -0.043 -1243.509725  156.0   5.101   4.958 |    0.000  -0.000   0.000  -0.000 |   -4.941  -6.342   3.910
   7B   3.32208874 0.14 -0.048 -1255.101747  156.0   5.108   4.963 |    0.000  -0.000   0.000  -0.000 |   -5.132  -6.485   3.831
   8B   3.24723123 0.16 -0.056 -1255.001281  156.0   5.112   4.974 |    0.000  -0.000   0.000  -0.000 |   -5.354  -6.802   4.006
   9B   1.52633707 0.18 -0.057 -1257.883834  156.0   5.119   4.982 |    0.000  -0.000   0.000  -0.000 |   -5.597  -6.993   4.219
  10B   1.06972879 0.21 -0.056 -1259.105311  156.0   5.121   4.986 |    0.000  -0.000   0.000  -0.000 |   -5.630  -7.017   4.197
  11B   0.80043843 0.24 -0.048 -1258.852765  156.0   5.120   4.988 |    0.000  -0.000   0.000  -0.000 |   -5.616  -6.963   4.071
  12B   0.80852021 0.10 -0.046 -1258.969777  156.0   5.123   4.991 |    0.000  -0.000   0.000  -0.000 |   -5.647  -7.026   4.502
  13B   0.91704768 0.10 -0.032 -1258.224190  156.0   5.124   4.994 |    0.000  -0.000   0.000  -0.000 |   -5.612  -7.041   4.309
  14B   0.79201668 0.11 -0.024 -1258.106618  156.0   5.124   4.993 |    0.000  -0.000   0.000  -0.000 |   -5.590  -7.125   4.183
  15B   0.53846106 0.13 -0.006 -1257.581870  156.0   5.124   4.996 |    0.000  -0.000   0.000  -0.000 |   -5.594  -7.155   4.284
  16B   0.50592267 0.14 -0.008 -1257.841469  156.0   5.124   4.995 |    0.000  -0.000   0.000  -0.000 |   -5.614  -7.161   4.339
  17B   0.38115990 0.16 -0.007 -1257.968171  156.0   5.125   4.995 |    0.000  -0.000   0.000  -0.000 |   -5.649  -7.262   4.339
  18B   0.47319078 0.10 -0.014 -1258.050251  156.0   5.125   4.994 |    0.000  -0.000   0.000  -0.000 |   -5.655  -7.210   4.148
  19B   0.36253298 0.11 -0.015 -1258.082494  156.0   5.126   4.994 |    0.000  -0.000   0.000  -0.000 |   -5.668  -7.197   4.369
  20B   0.15486396 0.13 -0.019 -1258.228906  156.0   5.126   4.995 |    0.000  -0.000   0.000  -0.000 |   -5.677  -7.214   5.016
  21B   0.37653972 0.10 -0.022 -1258.222568  156.0   5.126   4.996 |    0.000  -0.000   0.000  -0.000 |   -5.698  -7.240   4.828
  22B   0.06530806 0.11 -0.022 -1258.310996  156.0   5.127   4.996 |    0.000  -0.000   0.000  -0.000 |   -5.704  -7.230   4.695
  23B   0.13950673 0.10 -0.025 -1258.374874  156.0   5.127   4.996 |    0.000   0.000   0.000   0.000 |   -5.720  -7.234   4.467
  24B   0.06476178 0.11 -0.025 -1258.383047  156.0   5.127   4.996 |    0.000   0.000   0.000   0.000 |   -5.722  -7.230   4.233
  25B   0.06792934 0.10 -0.024 -1258.380106  156.0   5.127   4.997 |    0.000   0.000   0.000   0.000 |   -5.723  -7.232   4.187
  26B   0.06854793 0.10 -0.024 -1258.378443  156.0   5.127   4.997 |    0.000  -0.000   0.000  -0.000 |   -5.723  -7.233   4.430
  27B   0.06635689 0.11 -0.024 -1258.379947  156.0   5.127   4.997 |    0.000   0.000   0.000   0.000 |   -5.723  -7.231   4.576
  28B   0.06724220 0.10 -0.024 -1258.376556  156.0   5.127   4.997 |    0.000  -0.000   0.000  -0.000 |   -5.723  -7.235   4.564
  29B   0.06554318 0.11 -0.024 -1258.375971  156.0   5.127   4.997 |    0.000  -0.000   0.000  -0.000 |   -5.724  -7.235   4.580
  30B   0.06623039 0.10 -0.024 -1258.366325  156.0   5.127   4.996 |    0.000  -0.000   0.000  -0.000 |   -5.722  -7.234   4.458
  31B   0.07168964 0.10 -0.024 -1258.379160  156.0   5.127   4.997 |    0.000  -0.000   0.000  -0.000 |   -5.726  -7.236   4.296
  32B   0.06954881 0.11 -0.024 -1258.378360  156.0   5.127   4.997 |    0.000  -0.000   0.000  -0.000 |   -5.726  -7.237   4.593
  33B   0.08995642 0.10 -0.024 -1258.373371  156.0   5.127   4.997 |    0.000   0.000   0.000   0.000 |   -5.726  -7.238   4.200
  34B   0.07216134 0.11 -0.024 -1258.382803  156.0   5.127   4.997 |    0.000   0.000   0.000   0.000 |   -5.727  -7.236   4.459
  35B   0.07344124 0.10 -0.024 -1258.381647  156.0   5.127   4.997 |    0.000   0.000   0.000   0.000 |   -5.726  -7.235   4.418
  36B   0.07217351 0.11 -0.024 -1258.375910  156.0   5.127   4.997 |    0.000   0.000   0.000   0.000 |   -5.725  -7.234   4.257
  37B   0.07656845 0.10 -0.024 -1258.374908  156.0   5.127   4.997 |    0.000   0.000   0.000   0.000 |   -5.726  -7.236   4.344
  38B   0.08913108 0.10 -0.024 -1258.368719  156.0   5.127   4.997 |    0.000  -0.000   0.000  -0.000 |   -5.726  -7.238   3.905
  39B   0.08625927 0.11 -0.024 -1258.359489  156.0   5.127   4.997 |    0.000  -0.000   0.000  -0.000 |   -5.725  -7.238   4.212
  40B   0.07784332 0.13 -0.024 -1258.347983  156.0   5.127   4.997 |    0.000  -0.000   0.000  -0.000 |   -5.725  -7.241   4.160
  41B   0.07019478 0.14 -0.023 -1258.303604  156.0   5.127   4.996 |    0.000  -0.000   0.000  -0.000 |   -5.723  -7.244   4.320
  42B   0.06123857 0.16 -0.022 -1258.293374  156.0   5.127   4.996 |    0.000  -0.000   0.000  -0.000 |   -5.724  -7.242   4.414
  43B   0.06293140 0.10 -0.021 -1258.246260  156.0   5.127   4.997 |    0.000  -0.000   0.000  -0.000 |   -5.725  -7.248   4.151
  44B   0.04677598 0.11 -0.022 -1258.272125  156.0   5.127   4.997 |    0.000  -0.000   0.000  -0.000 |   -5.726  -7.247   4.198
  45B   0.04984944 0.10 -0.022 -1258.267046  156.0   5.127   4.997 |    0.000  -0.000   0.000  -0.000 |   -5.726  -7.247   4.342
  46B   0.05465739 0.10 -0.022 -1258.259857  156.0   5.127   4.997 |    0.000  -0.000   0.000  -0.000 |   -5.726  -7.247   4.119
  47B   0.05461892 0.11 -0.022 -1258.259888  156.0   5.127   4.997 |    0.000  -0.000   0.000  -0.000 |   -5.726  -7.247   4.199
  48B   0.04825138 0.13 -0.022 -1258.283035  156.0   5.127   4.997 |    0.000  -0.000   0.000  -0.000 |   -5.726  -7.245   4.430
  49B   0.05082611 0.10 -0.022 -1258.267388  156.0   5.127   4.997 |    0.000  -0.000   0.000  -0.000 |   -5.726  -7.246   4.770
  50B   0.04813477 0.11 -0.022 -1258.271065  156.0   5.127   4.997 |    0.000  -0.000   0.000  -0.000 |   -5.726  -7.245   4.774
  51B   0.05187550 0.10 -0.022 -1258.267014  156.0   5.127   4.997 |    0.000  -0.000   0.000  -0.000 |   -5.726  -7.245   4.410
  52B   0.06109164 0.10 -0.022 -1258.280862  156.0   5.127   4.997 |    0.000  -0.000   0.000  -0.000 |   -5.728  -7.247   4.440
  53B   0.06130000 0.10 -0.022 -1258.280616  156.0   5.127   4.997 |    0.000  -0.000   0.000  -0.000 |   -5.728  -7.247   4.153
  54B   0.06124110 0.11 -0.022 -1258.272352  156.0   5.127   4.997 |    0.000  -0.000   0.000  -0.000 |   -5.727  -7.248   4.418
  55B   0.05458407 0.13 -0.022 -1258.269851  156.0   5.127   4.997 |    0.000  -0.000   0.000  -0.000 |   -5.726  -7.248   4.338
  56B   0.05837900 0.10 -0.022 -1258.271205  156.0   5.127   4.997 |    0.000  -0.000   0.000  -0.000 |   -5.726  -7.249   4.376
  57B   0.06050035 0.10 -0.022 -1258.269615  156.0   5.127   4.997 |    0.000  -0.000   0.000  -0.000 |   -5.726  -7.249   4.227
  58B   0.07288352 0.10 -0.022 -1258.274218  156.0   5.127   4.997 |    0.000  -0.000   0.000  -0.000 |   -5.726  -7.250   4.222
  59B   0.07019269 0.11 -0.023 -1258.287189  156.0   5.127   4.997 |    0.000  -0.000   0.000  -0.000 |   -5.729  -7.246   4.244
  60B   0.09342393 0.10 -0.023 -1258.303804  156.0   5.127   4.997 |    0.000  -0.000   0.000  -0.000 |   -5.732  -7.245   4.274
  61B   0.08086989 0.11 -0.023 -1258.309101  156.0   5.127   4.997 |    0.000  -0.000   0.000  -0.000 |   -5.732  -7.241   4.221
  62B   0.07129283 0.13 -0.024 -1258.320057  156.0   5.127   4.997 |    0.000  -0.000   0.000  -0.000 |   -5.733  -7.241   4.173
  63B   0.08392094 0.10 -0.024 -1258.329613  156.0   5.127   4.997 |    0.000  -0.000   0.000  -0.000 |   -5.734  -7.242   4.389
  64B   0.10920577 0.10 -0.024 -1258.333871  156.0   5.127   4.997 |    0.000  -0.000   0.000  -0.000 |   -5.734  -7.240   4.265
  65B   0.07772903 0.11 -0.025 -1258.367196  156.0   5.127   4.997 |    0.000  -0.000   0.000  -0.000 |   -5.736  -7.238   4.671
  66B   0.06479060 0.13 -0.026 -1258.382231  156.0   5.127   4.997 |    0.000  -0.000   0.000  -0.000 |   -5.737  -7.237   4.275
  67B   0.08246204 0.10 -0.027 -1258.409092  156.0   5.128   4.997 |    0.000  -0.000   0.000  -0.000 |   -5.735  -7.237   4.201
  68B   0.05539231 0.11 -0.026 -1258.397310  156.0   5.128   4.997 |    0.000  -0.000   0.000  -0.000 |   -5.737  -7.234   4.243
  69B   0.06820598 0.10 -0.025 -1258.382718  156.0   5.127   4.997 |    0.000  -0.000   0.000  -0.000 |   -5.734  -7.238   4.290
  70B   0.05836601 0.11 -0.026 -1258.384630  156.0   5.127   4.997 |    0.000  -0.000   0.000  -0.000 |   -5.735  -7.234   4.435
  71B   0.14382350 0.10 -0.026 -1258.385108  156.0   5.128   4.997 |    0.000  -0.000   0.000  -0.000 |   -5.733  -7.234   4.621
  72B   0.10073600 0.11 -0.026 -1258.392167  156.0   5.127   4.997 |    0.000  -0.000   0.000  -0.000 |   -5.733  -7.235   4.462
  73B   0.07599201 0.13 -0.026 -1258.393510  156.0   5.127   4.997 |    0.000  -0.000   0.000  -0.000 |   -5.732  -7.234   4.741
  74B   0.08749844 0.10 -0.025 -1258.388024  156.0   5.127   4.997 |    0.000  -0.000   0.000  -0.000 |   -5.732  -7.236   4.513
  75B   0.08869906 0.10 -0.026 -1258.401858  156.0   5.128   4.997 |    0.000  -0.000   0.000  -0.000 |   -5.734  -7.235   4.329
  76B   0.09355234 0.10 -0.026 -1258.394862  156.0   5.127   4.997 |    0.000  -0.000   0.000  -0.000 |   -5.733  -7.236   4.458
  77B   0.09375992 0.10 -0.026 -1258.396463  156.0   5.128   4.997 |    0.000  -0.000   0.000  -0.000 |   -5.733  -7.235   4.365
  78B   0.09456860 0.10 -0.026 -1258.395604  156.0   5.127   4.997 |    0.000  -0.000   0.000  -0.000 |   -5.733  -7.236   4.362
  79B   0.10426023 0.10 -0.025 -1258.382933  156.0   5.127   4.997 |    0.000  -0.000   0.000  -0.000 |   -5.731  -7.236   4.346
  80B   0.10831891 0.10 -0.025 -1258.375276  156.0   5.128   4.997 |    0.000  -0.000   0.000  -0.000 |   -5.730  -7.235   4.190
  81B   0.10120196 0.11 -0.025 -1258.377529  156.0   5.127   4.997 |    0.000  -0.000   0.000  -0.000 |   -5.729  -7.238   4.230
  82B   0.08037019 0.13 -0.024 -1258.368119  156.0   5.127   4.997 |    0.000  -0.000   0.000  -0.000 |   -5.728  -7.237   4.509
  83B   0.11159434 0.10 -0.024 -1258.378733  156.0   5.128   4.997 |    0.000  -0.000   0.000  -0.000 |   -5.730  -7.235   4.505
  84B   0.11063880 0.11 -0.024 -1258.370459  156.0   5.128   4.997 |    0.000  -0.000   0.000  -0.000 |   -5.728  -7.238   4.331
  85B   0.10973667 0.13 -0.023 -1258.366071  156.0   5.128   4.997 |    0.000  -0.000   0.000  -0.000 |   -5.728  -7.238   4.291
  86B   0.11041420 0.10 -0.023 -1258.362004  156.0   5.128   4.997 |    0.000  -0.000   0.000  -0.000 |   -5.728  -7.238   4.037
  87B   0.10253664 0.11 -0.024 -1258.374671  156.0   5.128   4.997 |    0.000  -0.000   0.000  -0.000 |   -5.729  -7.237   4.155
  88B   0.09398883 0.13 -0.023 -1258.358412  156.0   5.128   4.997 |    0.000  -0.000   0.000  -0.000 |   -5.727  -7.240   4.368
  89B   0.10537168 0.10 -0.023 -1258.359788  156.0   5.128   4.997 |    0.000  -0.000   0.000  -0.000 |   -5.728  -7.238   4.238
  90B   0.09622513 0.11 -0.023 -1258.370013  156.0   5.128   4.997 |    0.000  -0.000   0.000  -0.000 |   -5.729  -7.238   4.745
  91B   0.08383482 0.13 -0.023 -1258.362895  156.0   5.128   4.997 |    0.000  -0.000   0.000  -0.000 |   -5.729  -7.238   4.512
  92B   0.08565619 0.10 -0.023 -1258.366744  156.0   5.128   4.997 |    0.000  -0.000   0.000  -0.000 |   -5.728  -7.239   4.355
  93B   0.08559550 0.11 -0.023 -1258.385746  156.0   5.128   4.997 |    0.000  -0.000   0.000  -0.000 |   -5.730  -7.234   4.262
  94B   0.10121335 0.10 -0.023 -1258.379400  156.0   5.128   4.997 |    0.000  -0.000   0.000  -0.000 |   -5.730  -7.236   4.295
  95B   0.10199375 0.10 -0.023 -1258.379324  156.0   5.128   4.997 |    0.000  -0.000   0.000  -0.000 |   -5.729  -7.236   4.517
  96B   0.10034565 0.11 -0.023 -1258.391037  156.0   5.128   4.997 |    0.000  -0.000   0.000  -0.000 |   -5.731  -7.235   4.521
  97B   0.09589644 0.13 -0.024 -1258.397480  156.0   5.128   4.997 |    0.000  -0.000   0.000  -0.000 |   -5.731  -7.235   4.313
  98L   0.10259195 0.10 -0.023 -1258.401469  156.0   5.128   4.997 |    0.000   0.000   0.000   0.000 |   -5.732  -7.233   4.471
  99B   0.09166725 0.11 -0.023 -1258.395456  156.0   5.128   4.997 |    0.000   0.000   0.000   0.000 |   -5.731  -7.232   4.494
 100L   0.09659652 0.10 -0.022 -1258.329177  156.0   5.127   4.997 |    0.000  -0.000   0.000  -0.000 |   -5.726  -7.242   4.783
 101L   0.06339714 0.11 -0.022 -1258.338385  156.0   5.128   4.997 |    0.000  -0.000   0.000  -0.000 |   -5.727  -7.242   4.740
 102L   0.08555005 0.10 -0.022 -1258.335990  156.0   5.128   4.997 |    0.000  -0.000   0.000  -0.000 |   -5.727  -7.241   4.342
 103B   0.12054906 0.10 -0.022 -1258.341324  156.0   5.128   4.997 |    0.000  -0.000   0.000  -0.000 |   -5.728  -7.240   4.496
 104B   0.07082937 0.11 -0.021 -1258.268170  156.0   5.127   4.997 |    0.000  -0.000   0.000  -0.000 |   -5.722  -7.251   4.399
 105B   0.07982669 0.10 -0.020 -1258.251667  156.0   5.127   4.997 |    0.000  -0.000   0.000  -0.000 |   -5.723  -7.253   4.508
 106B   0.07234415 0.11 -0.021 -1258.267938  156.0   5.127   4.997 |    0.000  -0.000   0.000  -0.000 |   -5.723  -7.250   4.398
 107B   0.07853332 0.10 -0.020 -1258.252527  156.0   5.127   4.997 |    0.000  -0.000   0.000  -0.000 |   -5.722  -7.252   4.375
 108B   0.08360175 0.10 -0.020 -1258.243667  156.0   5.127   4.997 |    0.000  -0.000   0.000  -0.000 |   -5.722  -7.253   4.478
 109B   0.06374728 0.11 -0.021 -1258.280713  156.0   5.127   4.997 |    0.000  -0.000   0.000  -0.000 |   -5.724  -7.250   4.363
 110B   0.06812098 0.10 -0.021 -1258.290188  156.0   5.127   4.997 |    0.000  -0.000   0.000  -0.000 |   -5.724  -7.248   4.593
 111B   0.08491438 0.10 -0.020 -1258.244239  156.0   5.127   4.997 |    0.000  -0.000   0.000  -0.000 |   -5.722  -7.252   4.377
 112B   0.08380574 0.11 -0.020 -1258.235251  156.0   5.127   4.997 |    0.000  -0.000   0.000  -0.000 |   -5.723  -7.252   4.512
 113B   0.08436913 0.10 -0.020 -1258.239699  156.0   5.127   4.997 |    0.000  -0.000   0.000  -0.000 |   -5.722  -7.251   4.219
 114B   0.07619974 0.11 -0.021 -1258.239118  156.0   5.127   4.997 |    0.000  -0.000   0.000  -0.000 |   -5.725  -7.252   4.535
 115B   0.10184057 0.10 -0.021 -1258.254400  156.0   5.127   4.997 |    0.000  -0.000   0.000  -0.000 |   -5.729  -7.249   4.476
 116B   0.05678018 0.11 -0.023 -1258.284469  156.0   5.127   4.997 |    0.000  -0.000   0.000  -0.000 |   -5.736  -7.245   4.780
 117B   0.08208843 0.10 -0.024 -1258.285621  156.0   5.127   4.997 |    0.000  -0.000   0.000  -0.000 |   -5.748  -7.241   4.429
 118B   0.07668108 0.11 -0.023 -1258.284485  156.0   5.127   4.997 |    0.000  -0.000   0.000  -0.000 |   -5.746  -7.240   4.216
 119B   0.04602494 0.13 -0.023 -1258.284879  156.0   5.127   4.997 |    0.000  -0.000   0.000  -0.000 |   -5.749  -7.238   4.442
 120B   0.05148510 0.10 -0.024 -1258.290264  156.0   5.127   4.997 |    0.000  -0.000   0.000  -0.000 |   -5.746  -7.233   4.314
 121B   0.01595312 0.11 -0.024 -1258.297924  156.0   5.127   4.997 |    0.000  -0.000   0.000  -0.000 |   -5.748  -7.235   4.210
 122B   0.01659369 0.10 -0.024 -1258.299146  156.0   5.127   4.997 |    0.000  -0.000   0.000  -0.000 |   -5.748  -7.234   4.127
 123B   0.01449047 0.11 -0.024 -1258.299408  156.0   5.127   4.997 |    0.000  -0.000   0.000  -0.000 |   -5.748  -7.233   4.183
 124B   0.01421146 0.13 -0.024 -1258.300198  156.0   5.127   4.997 |    0.000   0.000   0.000   0.000 |   -5.749  -7.232   4.219
 125B   0.01331021 0.14 -0.024 -1258.299297  156.0   5.127   4.997 |    0.000  -0.000   0.000  -0.000 |   -5.748  -7.232   4.265
 126B   0.01413686 0.10 -0.024 -1258.297905  156.0   5.127   4.997 |    0.000  -0.000   0.000  -0.000 |   -5.747  -7.232   4.428
 127B   0.01339042 0.11 -0.024 -1258.296042  156.0   5.127   4.997 |    0.000  -0.000   0.000  -0.000 |   -5.747  -7.233   4.377
 128B   0.01314263 0.13 -0.024 -1258.296681  156.0   5.127   4.997 |    0.000  -0.000   0.000  -0.000 |   -5.747  -7.232   4.504
 129B   0.01078160 0.14 -0.024 -1258.291791  156.0   5.127   4.997 |    0.000  -0.000   0.000  -0.000 |   -5.745  -7.233   4.554
 130B   0.01131643 0.10 -0.024 -1258.291830  156.0   5.127   4.997 |    0.000  -0.000   0.000  -0.000 |   -5.745  -7.234   4.503
 131B   0.01013579 0.11 -0.024 -1258.295143  156.0   5.127   4.997 |    0.000   0.000   0.000   0.000 |   -5.746  -7.233   4.525
 132B   0.01103773 0.10 -0.024 -1258.293563  156.0   5.127   4.997 |    0.000   0.000   0.000   0.000 |   -5.745  -7.234   4.209
 133B   0.01069740 0.11 -0.024 -1258.291042  156.0   5.127   4.997 |    0.000  -0.000   0.000  -0.000 |   -5.744  -7.234   4.358
 134B   0.01051671 0.13 -0.024 -1258.290922  156.0   5.127   4.997 |    0.000  -0.000   0.000  -0.000 |   -5.744  -7.234   4.520
 135B   0.00948164 0.14 -0.024 -1258.292003  156.0   5.127   4.997 |    0.000  -0.000   0.000  -0.000 |   -5.745  -7.234   4.321
 136B   0.00954825 0.10 -0.024 -1258.290592  156.0   5.127   4.997 |    0.000  -0.000   0.000  -0.000 |   -5.744  -7.234   4.421
 137B   0.00914954 0.11 -0.024 -1258.290407  156.0   5.127   4.997 |    0.000  -0.000   0.000  -0.000 |   -5.744  -7.234   4.370
 138B   0.00767314 0.13 -0.024 -1258.289892  156.0   5.127   4.997 |    0.000  -0.000   0.000  -0.000 |   -5.744  -7.234   4.526
 139B   0.00839417 0.10 -0.024 -1258.290301  156.0   5.127   4.997 |    0.000  -0.000   0.000  -0.000 |   -5.744  -7.234   4.623
 140B   0.00760050 0.11 -0.024 -1258.290809  156.0   5.127   4.997 |    0.000  -0.000   0.000  -0.000 |   -5.744  -7.235   4.523
 141B   0.00749061 0.13 -0.024 -1258.291491  156.0   5.127   4.997 |    0.000  -0.000   0.000  -0.000 |   -5.744  -7.234   4.643
 142B   0.00895598 0.10 -0.024 -1258.292606  156.0   5.127   4.997 |    0.000  -0.000   0.000  -0.000 |   -5.744  -7.234   4.614
 143B   0.01347735 0.10 -0.024 -1258.292609  156.0   5.127   4.997 |    0.000  -0.000   0.000  -0.000 |   -5.744  -7.234   4.323
 144B   0.01219490 0.11 -0.024 -1258.294423  156.0   5.127   4.997 |    0.000  -0.000   0.000  -0.000 |   -5.744  -7.234   4.916
 145B   0.00882929 0.13 -0.024 -1258.295092  156.0   5.127   4.997 |    0.000   0.000   0.000   0.000 |   -5.744  -7.234   4.627
 146B   0.00899311 0.10 -0.024 -1258.294453  156.0   5.127   4.997 |    0.000  -0.000   0.000  -0.000 |   -5.744  -7.234   4.924
 147B   0.00951867 0.10 -0.024 -1258.294477  156.0   5.127   4.997 |    0.000   0.000   0.000   0.000 |   -5.744  -7.234   4.615
 148B   0.00934688 0.11 -0.024 -1258.294615  156.0   5.127   4.997 |    0.000   0.000   0.000   0.000 |   -5.744  -7.234   3.826
 149B   0.00870012 0.13 -0.024 -1258.292989  156.0   5.127   4.997 |    0.000  -0.000   0.000  -0.000 |   -5.744  -7.234   4.465
 150B   0.02176773 0.10 -0.024 -1258.291686  156.0   5.127   4.997 |    0.000  -0.000   0.000  -0.000 |   -5.744  -7.235   4.409
 151B   0.01130743 0.11 -0.024 -1258.293978  156.0   5.127   4.997 |    0.000  -0.000   0.000  -0.000 |   -5.744  -7.234   4.471
 152B   0.01557939 0.10 -0.024 -1258.293774  156.0   5.127   4.997 |    0.000  -0.000   0.000  -0.000 |   -5.744  -7.234   4.543
 153B   0.01044742 0.11 -0.024 -1258.294425  156.0   5.127   4.997 |    0.000  -0.000   0.000   0.000 |   -5.744  -7.234   4.219
 154B   0.01049305 0.10 -0.024 -1258.294149  156.0   5.127   4.997 |    0.000  -0.000   0.000  -0.000 |   -5.743  -7.234   4.313
 155B   0.00750490 0.11 -0.024 -1258.292586  156.0   5.127   4.997 |    0.000  -0.000   0.000   0.000 |   -5.746  -7.233   4.274
 156B   0.01374654 0.10 -0.024 -1258.291336  156.0   5.127   4.997 |    0.000   0.000   0.000   0.000 |   -5.748  -7.232   4.569
 157B   0.00961806 0.11 -0.024 -1258.291127  156.0   5.127   4.997 |    0.000  -0.000   0.000   0.000 |   -5.747  -7.233   4.628
 158B   0.01162794 0.10 -0.024 -1258.290356  156.0   5.127   4.997 |    0.000   0.000   0.000   0.000 |   -5.748  -7.232   4.418
 159B   0.00301147 0.11 -0.024 -1258.289978  156.0   5.127   4.997 |    0.000  -0.000   0.000   0.000 |   -5.748  -7.232   4.390
 160B   0.00246827 0.13 -0.024 -1258.290041  156.0   5.127   4.997 |    0.000  -0.000   0.000   0.000 |   -5.749  -7.232   4.467
 161B   0.00275220 0.10 -0.024 -1258.289759  156.0   5.127   4.997 |    0.000  -0.000   0.000   0.000 |   -5.749  -7.232   4.583
 162B   0.00268199 0.11 -0.024 -1258.289804  156.0   5.127   4.997 |    0.000  -0.000   0.000   0.000 |   -5.749  -7.231   4.317
 163B   0.00285110 0.10 -0.024 -1258.289663  156.0   5.127   4.997 |    0.000  -0.000   0.000   0.000 |   -5.749  -7.231   4.115
 164B   0.00245207 0.11 -0.024 -1258.290023  156.0   5.127   4.997 |    0.000  -0.000   0.000   0.000 |   -5.749  -7.232   4.055
 165B   0.00233651 0.13 -0.024 -1258.290128  156.0   5.127   4.997 |    0.000  -0.000   0.000  -0.000 |   -5.749  -7.232   4.122
 166B   0.00242694 0.10 -0.024 -1258.290047  156.0   5.127   4.997 |    0.000  -0.000   0.000   0.000 |   -5.749  -7.232   4.287
 167B   0.00209698 0.11 -0.024 -1258.290346  156.0   5.127   4.997 |    0.000  -0.000   0.000   0.000 |   -5.749  -7.232   4.059
 168B   0.00260818 0.10 -0.024 -1258.290468  156.0   5.127   4.997 |    0.000   0.000   0.000  -0.000 |   -5.749  -7.232   4.295
 169B   0.00214000 0.11 -0.024 -1258.291147  156.0   5.127   4.997 |    0.000  -0.000   0.000   0.000 |   -5.749  -7.231   4.132
 170B   0.00223543 0.10 -0.024 -1258.291296  156.0   5.127   4.997 |    0.000   0.000   0.000   0.000 |   -5.749  -7.231   4.033
 171B   0.00363631 0.10 -0.024 -1258.291751  156.0   5.127   4.997 |    0.000   0.000   0.000   0.000 |   -5.749  -7.231   3.977
 172B   0.00368068 0.10 -0.024 -1258.291893  156.0   5.127   4.997 |    0.000   0.000   0.000   0.000 |   -5.749  -7.231   3.990
 173B   0.00177571 0.11 -0.024 -1258.292873  156.0   5.127   4.997 |    0.000   0.000   0.000   0.000 |   -5.750  -7.231   3.983
 174B   0.00130972 0.13 -0.024 -1258.293195  156.0   5.127   4.997 |    0.000   0.000   0.000   0.000 |   -5.750  -7.231   4.164
 175B   0.00104344 0.14 -0.024 -1258.292962  156.0   5.127   4.997 |    0.000  -0.000   0.000   0.000 |   -5.750  -7.231   4.078
 176B   0.00095829 0.16 -0.024 -1258.292790  156.0   5.127   4.997 |    0.000  -0.000   0.000   0.000 |   -5.750  -7.231   3.917
 177B   0.00089883 0.18 -0.024 -1258.292848  156.0   5.127   4.997 |    0.000  -0.000   0.000   0.000 |   -5.750  -7.231   4.102
 178B   0.00067008 0.21 -0.024 -1258.292514  156.0   5.127   4.997 |    0.000  -0.000   0.000   0.000 |   -5.750  -7.231   4.055
 179B   0.00074933 0.10 -0.024 -1258.292389  156.0   5.127   4.997 |    0.000   0.000   0.000  -0.000 |   -5.749  -7.231   4.180
 180B   0.00075156 0.10 -0.024 -1258.292490  156.0   5.127   4.997 |    0.000   0.000   0.000  -0.000 |   -5.750  -7.231   4.121
 181B   0.00087739 0.10 -0.024 -1258.292483  156.0   5.127   4.997 |    0.000   0.000   0.000  -0.000 |   -5.750  -7.231   4.290
 182B   0.00085372 0.11 -0.024 -1258.292476  156.0   5.127   4.997 |    0.000   0.000   0.000   0.000 |   -5.750  -7.231   4.176
 183B   0.00080492 0.13 -0.024 -1258.292506  156.0   5.127   4.997 |    0.000   0.000   0.000  -0.000 |   -5.750  -7.231   4.170
 184B   0.00073432 0.14 -0.024 -1258.292493  156.0   5.127   4.997 |    0.000  -0.000   0.000   0.000 |   -5.750  -7.231   4.233
 185B   0.00084606 0.10 -0.024 -1258.292398  156.0   5.127   4.997 |    0.000   0.000   0.000   0.000 |   -5.750  -7.231   4.047
 186B   0.00071921 0.11 -0.024 -1258.292492  156.0   5.127   4.997 |    0.000  -0.000   0.000   0.000 |   -5.750  -7.231   3.988
 187B   0.00092318 0.10 -0.024 -1258.292552  156.0   5.127   4.997 |    0.000   0.000   0.000  -0.000 |   -5.750  -7.231   4.287
 188B   0.00080300 0.11 -0.024 -1258.292423  156.0   5.127   4.997 |    0.000  -0.000   0.000   0.000 |   -5.750  -7.231   4.338
 189B   0.00076712 0.13 -0.024 -1258.292388  156.0   5.127   4.997 |    0.000  -0.000   0.000   0.000 |   -5.750  -7.231   4.198
 190B   0.00081589 0.10 -0.024 -1258.292325  156.0   5.127   4.997 |    0.000  -0.000   0.000   0.000 |   -5.750  -7.231   3.997
 191B   0.00086504 0.10 -0.024 -1258.292335  156.0   5.127   4.997 |    0.000  -0.000   0.000  -0.000 |   -5.750  -7.231   3.953
 192B   0.00084421 0.11 -0.024 -1258.292280  156.0   5.127   4.997 |    0.000  -0.000   0.000  -0.000 |   -5.749  -7.231   4.137
 193B   0.00088673 0.10 -0.024 -1258.292043  156.0   5.127   4.997 |    0.000  -0.000   0.000   0.000 |   -5.749  -7.231   4.008
 194B   0.00074821 0.11 -0.024 -1258.291856  156.0   5.127   4.997 |    0.000  -0.000   0.000  -0.000 |   -5.749  -7.231   4.241
 195B   0.00060399 0.13 -0.024 -1258.291824  156.0   5.127   4.997 |    0.000  -0.000   0.000  -0.000 |   -5.749  -7.231   4.112
 196B   0.00058922 0.14 -0.024 -1258.291900  156.0   5.127   4.997 |    0.000  -0.000   0.000   0.000 |   -5.749  -7.231   4.371
 197B   0.00053393 0.16 -0.024 -1258.292039  156.0   5.127   4.997 |    0.000   0.000   0.000  -0.000 |   -5.749  -7.231   4.182
 198B   0.00055882 0.10 -0.024 -1258.292144  156.0   5.127   4.997 |    0.000   0.000   0.000  -0.000 |   -5.749  -7.231   4.282
 199B   0.00064406 0.10 -0.024 -1258.292024  156.0   5.127   4.997 |    0.000  -0.000   0.000  -0.000 |   -5.749  -7.231   4.032
 200B   0.00057731 0.11 -0.024 -1258.291981  156.0   5.127   4.997 |    0.000  -0.000   0.000   0.000 |   -5.749  -7.231   4.043
 201B   0.00042462 0.13 -0.024 -1258.292002  156.0   5.127   4.997 |    0.000  -0.000   0.000   0.000 |   -5.749  -7.231   4.138
 202B   0.00049977 0.10 -0.024 -1258.292116  156.0   5.127   4.997 |    0.000   0.000   0.000  -0.000 |   -5.749  -7.231   4.142
 203B   0.00054135 0.10 -0.024 -1258.292190  156.0   5.127   4.997 |    0.000  -0.000   0.000  -0.000 |   -5.749  -7.231   3.933
 204B   0.00052192 0.11 -0.024 -1258.291983  156.0   5.127   4.997 |    0.000   0.000   0.000  -0.000 |   -5.749  -7.231   4.039
 205B   0.00057392 0.10 -0.024 -1258.291946  156.0   5.127   4.997 |    0.000   0.000   0.000  -0.000 |   -5.749  -7.231   4.092
 206B   0.00043655 0.11 -0.024 -1258.291842  156.0   5.127   4.997 |    0.000  -0.000   0.000  -0.000 |   -5.749  -7.231   3.980
 207B   0.00047854 0.10 -0.024 -1258.291693  156.0   5.127   4.997 |    0.000   0.000   0.000  -0.000 |   -5.749  -7.231   3.988
 208B   0.00049041 0.10 -0.024 -1258.291682  156.0   5.127   4.997 |    0.000   0.000   0.000  -0.000 |   -5.749  -7.231   3.985
 209B   0.00050385 0.10 -0.024 -1258.291667  156.0   5.127   4.997 |    0.000   0.000   0.000  -0.000 |   -5.749  -7.231   4.082
 210B   0.00071966 0.10 -0.024 -1258.291784  156.0   5.127   4.997 |    0.000   0.000   0.000  -0.000 |   -5.749  -7.231   3.988
 211B   0.00048501 0.11 -0.024 -1258.291870  156.0   5.127   4.997 |    0.000   0.000   0.000  -0.000 |   -5.749  -7.231   3.925
 212B   0.00046507 0.13 -0.024 -1258.291847  156.0   5.127   4.997 |    0.000   0.000   0.000  -0.000 |   -5.749  -7.231   3.903
 213B   0.00062982 0.10 -0.024 -1258.291817  156.0   5.127   4.997 |    0.000  -0.000   0.000  -0.000 |   -5.749  -7.231   3.912
 214B   0.00051814 0.11 -0.024 -1258.291831  156.0   5.127   4.997 |    0.000  -0.000   0.000  -0.000 |   -5.749  -7.231   3.978
 215B   0.00055341 0.10 -0.024 -1258.291740  156.0   5.127   4.997 |    0.000   0.000   0.000   0.000 |   -5.749  -7.231   3.951
 216B   0.00059548 0.10 -0.024 -1258.291742  156.0   5.127   4.997 |    0.000   0.000   0.000  -0.000 |   -5.749  -7.231   3.929
 217B   0.00073689 0.10 -0.024 -1258.291792  156.0   5.127   4.997 |    0.000   0.000   0.000  -0.000 |   -5.749  -7.231   3.820
 218B   0.00074871 0.10 -0.024 -1258.291949  156.0   5.127   4.997 |    0.000  -0.000   0.000  -0.000 |   -5.749  -7.231   4.003
 219B   0.00082704 0.10 -0.024 -1258.292062  156.0   5.127   4.997 |    0.000  -0.000   0.000   0.000 |   -5.749  -7.231   4.024
 220B   0.00050967 0.11 -0.024 -1258.292108  156.0   5.127   4.997 |    0.000  -0.000   0.000   0.000 |   -5.749  -7.231   3.924
 221B   0.00063126 0.10 -0.024 -1258.292228  156.0   5.127   4.997 |    0.000  -0.000   0.000  -0.000 |   -5.749  -7.231   3.941
 222B   0.00064760 0.10 -0.024 -1258.292381  156.0   5.127   4.997 |    0.000  -0.000   0.000   0.000 |   -5.749  -7.231   4.054
 223B   0.00062601 0.11 -0.024 -1258.292433  156.0   5.127   4.997 |    0.000   0.000   0.000   0.000 |   -5.749  -7.231   3.979
 224B   0.00061733 0.13 -0.024 -1258.292438  156.0   5.127   4.997 |    0.000  -0.000   0.000   0.000 |   -5.749  -7.231   3.973
 225B   0.00055351 0.14 -0.024 -1258.292299  156.0   5.127   4.997 |    0.000   0.000   0.000   0.000 |   -5.749  -7.231   3.738
 226B   0.00068779 0.10 -0.024 -1258.292359  156.0   5.127   4.997 |    0.000  -0.000   0.000  -0.000 |   -5.749  -7.231   3.598
 227B   0.00068492 0.11 -0.024 -1258.292371  156.0   5.127   4.997 |    0.000  -0.000   0.000  -0.000 |   -5.749  -7.231   4.188
 228B   0.00069715 0.10 -0.024 -1258.292372  156.0   5.127   4.997 |    0.000  -0.000   0.000   0.000 |   -5.749  -7.231   3.932
 229B   0.00123899 0.10 -0.024 -1258.292356  156.0   5.127   4.997 |    0.000  -0.000   0.000   0.000 |   -5.749  -7.231   3.858
 230B   0.00061943 0.11 -0.024 -1258.292446  156.0   5.127   4.997 |    0.000   0.000   0.000  -0.000 |   -5.749  -7.231   4.003
 231B   0.00069773 0.10 -0.024 -1258.292478  156.0   5.127   4.997 |    0.000   0.000   0.000   0.000 |   -5.749  -7.231   3.971
 232B   0.00093321 0.10 -0.024 -1258.292475  156.0   5.127   4.997 |    0.000   0.000   0.000  -0.000 |   -5.749  -7.231   4.064
 233B   0.00055882 0.11 -0.024 -1258.292511  156.0   5.127   4.997 |    0.000  -0.000   0.000  -0.000 |   -5.749  -7.231   4.022
 234B   0.00104402 0.10 -0.024 -1258.292426  156.0   5.127   4.997 |    0.000   0.000   0.000  -0.000 |   -5.749  -7.231   3.910
 235B   0.00072119 0.11 -0.024 -1258.292581  156.0   5.127   4.997 |    0.000  -0.000   0.000  -0.000 |   -5.749  -7.231   4.067
 236B   0.00076581 0.10 -0.024 -1258.292564  156.0   5.127   4.997 |    0.000  -0.000   0.000  -0.000 |   -5.749  -7.231   3.584
 237B   0.00077340 0.10 -0.024 -1258.292592  156.0   5.127   4.997 |    0.000  -0.000   0.000  -0.000 |   -5.749  -7.231   3.772
 238B   0.00127741 0.10 -0.024 -1258.292528  156.0   5.127   4.997 |    0.000  -0.000   0.000  -0.000 |   -5.749  -7.231   3.743
 239B   0.00080443 0.11 -0.024 -1258.292579  156.0   5.127   4.997 |    0.000  -0.000   0.000  -0.000 |   -5.749  -7.231   4.141
 240B   0.00081683 0.10 -0.024 -1258.292584  156.0   5.127   4.997 |    0.000   0.000   0.000   0.000 |   -5.749  -7.231   4.191
 241B   0.00088852 0.10 -0.024 -1258.292565  156.0   5.127   4.997 |    0.000  -0.000   0.000  -0.000 |   -5.749  -7.231   3.807
 242B   0.00084592 0.11 -0.024 -1258.292557  156.0   5.127   4.997 |    0.000   0.000   0.000  -0.000 |   -5.749  -7.231   3.978
 243B   0.00109243 0.10 -0.024 -1258.292502  156.0   5.127   4.997 |    0.000   0.000   0.000  -0.000 |   -5.749  -7.231   3.778
 244B   0.00085475 0.11 -0.024 -1258.292582  156.0   5.127   4.997 |    0.000   0.000   0.000  -0.000 |   -5.749  -7.231   3.900
 245B   0.00086072 0.10 -0.024 -1258.292532  156.0   5.127   4.997 |    0.000  -0.000   0.000  -0.000 |   -5.749  -7.231   4.091
 246B   0.00108131 0.10 -0.024 -1258.292486  156.0   5.127   4.997 |    0.000  -0.000   0.000  -0.000 |   -5.749  -7.231   3.992
 247B   0.00096153 0.11 -0.024 -1258.292539  156.0   5.127   4.997 |    0.000  -0.000   0.000  -0.000 |   -5.749  -7.231   3.846
 248B   0.00085790 0.13 -0.024 -1258.292666  156.0   5.127   4.997 |    0.000  -0.000   0.000  -0.000 |   -5.749  -7.231   4.092
 249B   0.00091982 0.10 -0.024 -1258.292803  156.0   5.127   4.997 |    0.000  -0.000   0.000  -0.000 |   -5.749  -7.231   4.296
 250B   0.00115359 0.10 -0.024 -1258.292509  156.0   5.127   4.997 |    0.000  -0.000   0.000  -0.000 |   -5.749  -7.231   4.163
 251B   0.00113035 0.11 -0.024 -1258.292435  156.0   5.127   4.997 |    0.000  -0.000   0.000  -0.000 |   -5.749  -7.231   4.449
 252B   0.00128020 0.10 -0.024 -1258.292329  156.0   5.127   4.997 |    0.000  -0.000   0.000   0.000 |   -5.749  -7.231   4.153
 253B   0.00129126 0.10 -0.024 -1258.292347  156.0   5.127   4.997 |    0.000  -0.000   0.000   0.000 |   -5.749  -7.231   4.041
 254B   0.00129635 0.10 -0.024 -1258.292347  156.0   5.127   4.997 |    0.000  -0.000   0.000   0.000 |   -5.749  -7.231   3.847
 255B   0.00114235 0.11 -0.024 -1258.292387  156.0   5.127   4.997 |    0.000  -0.000   0.000   0.000 |   -5.749  -7.231   4.194
 256B   0.00123082 0.10 -0.024 -1258.292350  156.0   5.127   4.997 |    0.000  -0.000   0.000  -0.000 |   -5.749  -7.231   3.690
 257B   0.00123816 0.10 -0.024 -1258.292372  156.0   5.127   4.997 |    0.000  -0.000   0.000  -0.000 |   -5.749  -7.231   4.176
 258B   0.00116352 0.11 -0.024 -1258.292269  156.0   5.127   4.997 |    0.000   0.000   0.000  -0.000 |   -5.749  -7.231   4.068
 259B   0.00129260 0.10 -0.024 -1258.292174  156.0   5.127   4.997 |    0.000   0.000   0.000  -0.000 |   -5.749  -7.231   4.247
 260B   0.00119844 0.11 -0.024 -1258.292105  156.0   5.127   4.997 |    0.000   0.000   0.000  -0.000 |   -5.749  -7.231   3.870
 261B   0.00117562 0.13 -0.024 -1258.291803  156.0   5.127   4.997 |    0.000  -0.000   0.000  -0.000 |   -5.749  -7.231   2.999
 262B   0.00106603 0.14 -0.024 -1258.291832  156.0   5.127   4.997 |    0.000   0.000   0.000  -0.000 |   -5.749  -7.231   4.258
 263B   0.00091437 0.16 -0.024 -1258.291916  156.0   5.127   4.997 |    0.000  -0.000   0.000  -0.000 |   -5.749  -7.231   4.351
 264B   0.00062671 0.18 -0.024 -1258.291593  156.0   5.127   4.997 |    0.000   0.000   0.000  -0.000 |   -5.749  -7.231   4.399
 265B   0.00065529 0.10 -0.024 -1258.291733  156.0   5.127   4.997 |    0.000  -0.000   0.000   0.000 |   -5.749  -7.231   2.722
 266B   0.00064149 0.11 -0.024 -1258.291650  156.0   5.127   4.997 |    0.000  -0.000   0.000   0.000 |   -5.749  -7.231   2.366
 267B   0.00067487 0.10 -0.024 -1258.291635  156.0   5.127   4.997 |    0.000   0.000   0.000   0.000 |   -5.749  -7.231   3.881
 268B   0.00058128 0.11 -0.024 -1258.291731  156.0   5.127   4.997 |    0.000   0.000   0.000   0.000 |   -5.749  -7.231   4.010
 269B   0.00070840 0.10 -0.024 -1258.291774  156.0   5.127   4.997 |    0.000   0.000   0.000  -0.000 |   -5.749  -7.231   3.947
 270B   0.00079631 0.10 -0.024 -1258.291788  156.0   5.127   4.997 |    0.000  -0.000   0.000   0.000 |   -5.749  -7.231   2.725
 271B   0.00106836 0.10 -0.024 -1258.291880  156.0   5.127   4.997 |    0.000   0.000   0.000  -0.000 |   -5.749  -7.231   3.867
 272B   0.00089348 0.11 -0.024 -1258.291982  156.0   5.127   4.997 |    0.000   0.000   0.000  -0.000 |   -5.749  -7.231   3.838
 273B   0.00091461 0.10 -0.024 -1258.292003  156.0   5.127   4.997 |    0.000  -0.000   0.000  -0.000 |   -5.749  -7.231   4.200
 274B   0.00109188 0.10 -0.024 -1258.291754  156.0   5.127   4.997 |    0.000   0.000   0.000   0.000 |   -5.749  -7.231   2.994
 275B   0.00094528 0.11 -0.024 -1258.291862  156.0   5.127   4.997 |    0.000  -0.000   0.000  -0.000 |   -5.749  -7.231   3.827
 276B   0.00095666 0.10 -0.024 -1258.291845  156.0   5.127   4.997 |    0.000   0.000   0.000  -0.000 |   -5.749  -7.231   4.073
 277B   0.00098680 0.10 -0.024 -1258.291890  156.0   5.127   4.997 |    0.000  -0.000   0.000  -0.000 |   -5.749  -7.231   3.974
 278B   0.00161937 0.10 -0.024 -1258.291946  156.0   5.127   4.997 |    0.000   0.000   0.000  -0.000 |   -5.749  -7.231   4.265
 279B   0.00121394 0.11 -0.024 -1258.291977  156.0   5.127   4.997 |    0.000   0.000   0.000  -0.000 |   -5.749  -7.231   3.156
 280B   0.00105794 0.13 -0.024 -1258.292079  156.0   5.127   4.997 |    0.000  -0.000   0.000  -0.000 |   -5.749  -7.231   2.636
 281B   0.00115425 0.10 -0.024 -1258.292282  156.0   5.127   4.997 |    0.000   0.000   0.000  -0.000 |   -5.749  -7.231   3.632
 282B   0.00112355 0.11 -0.024 -1258.292342  156.0   5.127   4.997 |    0.000   0.000   0.000   0.000 |   -5.749  -7.231   3.361
 283B   0.00144088 0.10 -0.024 -1258.291600  156.0   5.127   4.997 |    0.000  -0.000   0.000  -0.000 |   -5.749  -7.231   0.980
 284B   0.00103947 0.11 -0.024 -1258.291792  156.0   5.127   4.997 |    0.000  -0.000   0.000  -0.000 |   -5.749  -7.231   1.453
 285B   0.00113801 0.10 -0.024 -1258.292122  156.0   5.127   4.997 |    0.000  -0.000   0.000   0.000 |   -5.749  -7.231   2.082
 286B   0.00137054 0.10 -0.024 -1258.292324  156.0   5.127   4.997 |    0.000   0.000   0.000   0.000 |   -5.749  -7.231   2.818
 287B   0.00126489 0.11 -0.024 -1258.292383  156.0   5.127   4.997 |    0.000   0.000   0.000   0.000 |   -5.749  -7.231   2.419
 288B   0.00114421 0.13 -0.024 -1258.292357  156.0   5.127   4.997 |    0.000   0.000   0.000   0.000 |   -5.749  -7.231   1.711
 289B   0.00115952 0.10 -0.024 -1258.292433  156.0   5.127   4.997 |    0.000   0.000   0.000   0.000 |   -5.749  -7.231   0.827
 290B   0.00114265 0.11 -0.024 -1258.292468  156.0   5.127   4.997 |    0.000   0.000   0.000   0.000 |   -5.749  -7.231   1.521
 291B   0.00114617 0.10 -0.024 -1258.292692  156.0   5.127   4.997 |    0.000   0.000   0.000  -0.000 |   -5.749  -7.231   3.111
 292B   0.00120780 0.10 -0.024 -1258.292301  156.0   5.127   4.997 |    0.000  -0.000   0.000  -0.000 |   -5.749  -7.231   2.798
 293B   0.00107879 0.11 -0.024 -1258.292835  156.0   5.127   4.997 |    0.000   0.000   0.000   0.000 |   -5.749  -7.231   0.890
 294B   0.00117997 0.10 -0.024 -1258.292839  156.0   5.127   4.997 |    0.000   0.000   0.000  -0.000 |   -5.749  -7.231   1.007
 295B   0.00116886 0.11 -0.024 -1258.292788  156.0   5.127   4.997 |    0.000   0.000   0.000  -0.000 |   -5.749  -7.231   2.274
 296B   0.00114828 0.13 -0.024 -1258.292866  156.0   5.127   4.997 |    0.000   0.000   0.000  -0.000 |   -5.749  -7.231   2.713
 297B   0.00108974 0.14 -0.024 -1258.292822  156.0   5.127   4.997 |    0.000   0.000   0.000  -0.000 |   -5.749  -7.231   2.280
 298B   0.00112739 0.10 -0.024 -1258.292903  156.0   5.127   4.997 |    0.000   0.000   0.000   0.000 |   -5.749  -7.231   2.526
 299B   0.00202412 0.10 -0.024 -1258.292815  156.0   5.127   4.997 |    0.000  -0.000   0.000  -0.000 |   -5.749  -7.231   2.642
 300B   0.00107667 0.11 -0.024 -1258.292882  156.0   5.127   4.997 |    0.000   0.000   0.000  -0.000 |   -5.749  -7.231   2.777
 301B   0.00182249 0.10 -0.024 -1258.293007  156.0   5.127   4.997 |    0.000   0.000   0.000  -0.000 |   -5.749  -7.231   2.482
 302B   0.00127107 0.11 -0.024 -1258.293101  156.0   5.127   4.997 |    0.000  -0.000   0.000  -0.000 |   -5.749  -7.231   0.859
 303B   0.00130871 0.10 -0.024 -1258.293103  156.0   5.127   4.997 |    0.000   0.000   0.000  -0.000 |   -5.749  -7.231   0.790
 304B   0.00151538 0.10 -0.024 -1258.293081  156.0   5.127   4.997 |    0.000   0.000   0.000  -0.000 |   -5.749  -7.231   0.764
 305B   0.00128120 0.11 -0.024 -1258.293111  156.0   5.127   4.997 |    0.000  -0.000   0.000  -0.000 |   -5.749  -7.231   0.803
 306B   0.00156059 0.10 -0.024 -1258.293021  156.0   5.127   4.997 |    0.000  -0.000   0.000  -0.000 |   -5.749  -7.231   0.921
 307B   0.00135030 0.11 -0.024 -1258.293066  156.0   5.127   4.997 |    0.000  -0.000   0.000   0.000 |   -5.749  -7.231   0.864
 308B   0.00164444 0.10 -0.024 -1258.292881  156.0   5.127   4.997 |    0.000   0.000   0.000  -0.000 |   -5.749  -7.231   0.848
 309B   0.00170425 0.10 -0.024 -1258.293038  156.0   5.127   4.997 |    0.000   0.000   0.000  -0.000 |   -5.749  -7.231   0.882
 310B   0.00194248 0.10 -0.024 -1258.292750  156.0   5.127   4.997 |    0.000   0.000   0.000  -0.000 |   -5.749  -7.231   0.762
 311B   0.00171583 0.11 -0.024 -1258.292823  156.0   5.127   4.997 |    0.000   0.000   0.000  -0.000 |   -5.749  -7.231   0.831
 312B   0.00197737 0.10 -0.024 -1258.292741  156.0   5.127   4.997 |    0.000   0.000   0.000  -0.000 |   -5.749  -7.231   0.820
 313B   0.00177873 0.11 -0.024 -1258.292789  156.0   5.127   4.997 |    0.000   0.000   0.000  -0.000 |   -5.749  -7.231   1.002
 314B   0.00203232 0.10 -0.024 -1258.292864  156.0   5.127   4.997 |    0.000   0.000   0.000   0.000 |   -5.749  -7.231   0.839
 315B   0.00209494 0.10 -0.024 -1258.292699  156.0   5.127   4.997 |    0.000   0.000   0.000  -0.000 |   -5.749  -7.231   1.851
 316B   0.00217411 0.10 -0.024 -1258.292524  156.0   5.127   4.997 |    0.000  -0.000   0.000   0.000 |   -5.749  -7.231   1.136
 317B   0.00218563 0.10 -0.024 -1258.292393  156.0   5.127   4.997 |    0.000  -0.000   0.000   0.000 |   -5.749  -7.231   0.766
 318B   0.00221998 0.10 -0.024 -1258.292377  156.0   5.127   4.997 |    0.000   0.000   0.000   0.000 |   -5.749  -7.231   0.744
 319B   0.00198030 0.11 -0.024 -1258.292226  156.0   5.127   4.997 |    0.000  -0.000   0.000  -0.000 |   -5.749  -7.231   0.934
 320B   0.00180508 0.13 -0.024 -1258.292171  156.0   5.127   4.997 |    0.000   0.000   0.000  -0.000 |   -5.749  -7.231   0.765
 321B   0.00202265 0.10 -0.024 -1258.292108  156.0   5.127   4.997 |    0.000   0.000   0.000  -0.000 |   -5.749  -7.231   0.772
 322B   0.00122098 0.11 -0.024 -1258.291367  156.0   5.127   4.997 |    0.000   0.000   0.000  -0.000 |   -5.749  -7.231   0.765
 323B   0.00127086 0.10 -0.024 -1258.291525  156.0   5.127   4.997 |    0.000   0.000   0.000   0.000 |   -5.749  -7.231   0.784
 324B   0.00129082 0.10 -0.024 -1258.291732  156.0   5.127   4.997 |    0.000  -0.000   0.000   0.000 |   -5.749  -7.231   0.786
 325B   0.00139368 0.10 -0.024 -1258.291977  156.0   5.127   4.997 |    0.000   0.000   0.000   0.000 |   -5.749  -7.231   0.771
 326B   0.00136544 0.11 -0.024 -1258.291958  156.0   5.127   4.997 |    0.000   0.000   0.000   0.000 |   -5.749  -7.231   0.772
 327B   0.00140156 0.10 -0.024 -1258.291852  156.0   5.127   4.997 |    0.000   0.000   0.000  -0.000 |   -5.749  -7.231   0.763
 328B   0.00168440 0.10 -0.024 -1258.291843  156.0   5.127   4.997 |    0.000   0.000   0.000   0.000 |   -5.749  -7.231   0.760
 329B   0.00133819 0.11 -0.024 -1258.292079  156.0   5.127   4.997 |    0.000   0.000   0.000   0.000 |   -5.749  -7.231   0.820
 330B   0.00140135 0.10 -0.024 -1258.292256  156.0   5.127   4.997 |    0.000   0.000   0.000   0.000 |   -5.749  -7.231   0.872
 331B   0.00147091 0.10 -0.024 -1258.291836  156.0   5.127   4.997 |    0.000   0.000   0.000   0.000 |   -5.749  -7.231   0.810
 332B   0.00147061 0.11 -0.024 -1258.291625  156.0   5.127   4.997 |    0.000  -0.000   0.000   0.000 |   -5.749  -7.231   0.963
 333B   0.00123534 0.13 -0.024 -1258.291753  156.0   5.127   4.997 |    0.000  -0.000   0.000   0.000 |   -5.749  -7.231   1.026
 334B   0.00143318 0.10 -0.024 -1258.291676  156.0   5.127   4.997 |    0.000  -0.000   0.000   0.000 |   -5.749  -7.231   0.810
 335B   0.00196226 0.10 -0.024 -1258.292069  156.0   5.127   4.997 |    0.000   0.000   0.000   0.000 |   -5.749  -7.231   0.818
 336B   0.00219316 0.10 -0.024 -1258.291919  156.0   5.127   4.997 |    0.000  -0.000   0.000   0.000 |   -5.749  -7.231   0.958
 337B   0.00190860 0.11 -0.024 -1258.291906  156.0   5.127   4.997 |    0.000  -0.000   0.000   0.000 |   -5.749  -7.232   0.878
 338B   0.00159453 0.13 -0.024 -1258.292439  156.0   5.127   4.997 |    0.000   0.000   0.000   0.000 |   -5.749  -7.231   0.829
 339B   0.00158381 0.14 -0.024 -1258.292425  156.0   5.127   4.997 |    0.000   0.000   0.000   0.000 |   -5.749  -7.231   0.753
 340B   0.00157821 0.16 -0.024 -1258.291742  156.0   5.127   4.997 |    0.000   0.000   0.000  -0.000 |   -5.749  -7.231   0.766
 341B   0.00257827 0.10 -0.024 -1258.291968  156.0   5.127   4.997 |    0.000   0.000   0.000  -0.000 |   -5.749  -7.231   0.851
 342B   0.00159203 0.11 -0.024 -1258.291634  156.0   5.127   4.997 |    0.000   0.000   0.000  -0.000 |   -5.749  -7.231   0.824
 343B   0.00159366 0.10 -0.024 -1258.291731  156.0   5.127   4.997 |    0.000  -0.000   0.000   0.000 |   -5.749  -7.231   0.805
 344B   0.00140504 0.11 -0.024 -1258.291319  156.0   5.127   4.997 |    0.000  -0.000   0.000  -0.000 |   -5.749  -7.231   0.807
 345B   0.00120028 0.13 -0.024 -1258.291110  156.0   5.127   4.997 |    0.000   0.000   0.000  -0.000 |   -5.749  -7.231   0.756
 346B   0.00132246 0.10 -0.024 -1258.290994  156.0   5.127   4.997 |    0.000  -0.000   0.000  -0.000 |   -5.749  -7.231   0.867
 347B   0.00163004 0.10 -0.024 -1258.291985  156.0   5.127   4.997 |    0.000  -0.000   0.000  -0.000 |   -5.749  -7.231   0.803
 348B   0.00223329 0.10 -0.024 -1258.291695  156.0   5.127   4.997 |    0.000  -0.000   0.000  -0.000 |   -5.749  -7.231   0.791
 349B   0.00144475 0.11 -0.024 -1258.291845  156.0   5.127   4.997 |    0.000  -0.000   0.000  -0.000 |   -5.749  -7.231   0.826
 350B   0.00133025 0.13 -0.024 -1258.291779  156.0   5.127   4.997 |    0.000  -0.000   0.000  -0.000 |   -5.749  -7.231   0.823
 351B   0.00166152 0.10 -0.024 -1258.291833  156.0   5.127   4.997 |    0.000  -0.000   0.000   0.000 |   -5.749  -7.231   0.800
 352B   0.00159039 0.11 -0.024 -1258.291761  156.0   5.127   4.997 |    0.000   0.000   0.000  -0.000 |   -5.749  -7.231   0.799
 353B   0.00144731 0.13 -0.024 -1258.291716  156.0   5.127   4.997 |    0.000   0.000   0.000  -0.000 |   -5.749  -7.231   0.799
 354B   0.00193351 0.10 -0.024 -1258.291847  156.0   5.127   4.997 |    0.000  -0.000   0.000  -0.000 |   -5.749  -7.231   0.866
 355B   0.00187039 0.11 -0.024 -1258.292304  156.0   5.127   4.997 |    0.000  -0.000   0.000  -0.000 |   -5.749  -7.231   0.760
 356B   0.00195649 0.10 -0.024 -1258.292617  156.0   5.127   4.997 |    0.000   0.000   0.000  -0.000 |   -5.749  -7.231   0.751
 357B   0.00197172 0.10 -0.024 -1258.292779  156.0   5.127   4.997 |    0.000  -0.000   0.000  -0.000 |   -5.749  -7.231   0.898
 358B   0.00160374 0.11 -0.024 -1258.293178  156.0   5.127   4.997 |    0.000   0.000   0.000  -0.000 |   -5.749  -7.231   0.766
 359B   0.00268829 0.10 -0.024 -1258.293417  156.0   5.127   4.997 |    0.000  -0.000   0.000  -0.000 |   -5.750  -7.231   0.814
 360B   0.00170996 0.11 -0.024 -1258.293324  156.0   5.127   4.997 |    0.000  -0.000   0.000  -0.000 |   -5.750  -7.231   0.796
 361B   0.00124984 0.13 -0.024 -1258.292796  156.0   5.127   4.997 |    0.000   0.000   0.000   0.000 |   -5.749  -7.231   0.811
 362B   0.00093446 0.14 -0.024 -1258.291562  156.0   5.127   4.997 |    0.000  -0.000   0.000  -0.000 |   -5.749  -7.231   0.801
 363B   0.00185160 0.10 -0.024 -1258.292218  156.0   5.127   4.997 |    0.000  -0.000   0.000  -0.000 |   -5.749  -7.231   0.808
 364B   0.00056615 0.11 -0.024 -1258.291966  156.0   5.127   4.997 |    0.000  -0.000   0.000  -0.000 |   -5.749  -7.231   0.788
 365B   0.00043487 0.13 -0.024 -1258.291835  156.0   5.127   4.997 |    0.000  -0.000   0.000  -0.000 |   -5.749  -7.231   0.819
 366B   0.00046150 0.10 -0.024 -1258.291816  156.0   5.127   4.997 |    0.000   0.000   0.000   0.000 |   -5.749  -7.231   0.817
 367B   0.00044430 0.11 -0.024 -1258.291953  156.0   5.127   4.997 |    0.000  -0.000   0.000  -0.000 |   -5.749  -7.231   0.872
 368B   0.00048500 0.10 -0.024 -1258.291895  156.0   5.127   4.997 |    0.000   0.000   0.000   0.000 |   -5.749  -7.231   0.922
 369B   0.00042949 0.11 -0.024 -1258.291892  156.0   5.127   4.997 |    0.000   0.000   0.000  -0.000 |   -5.749  -7.231   0.885
 370B   0.00044289 0.10 -0.024 -1258.291915  156.0   5.127   4.997 |    0.000   0.000   0.000  -0.000 |   -5.749  -7.231   1.056
 371B   0.00079608 0.10 -0.024 -1258.291921  156.0   5.127   4.997 |    0.000   0.000   0.000  -0.000 |   -5.749  -7.231   0.894
 372B   0.00046797 0.11 -0.024 -1258.292029  156.0   5.127   4.997 |    0.000   0.000   0.000   0.000 |   -5.749  -7.231   0.808
 373B   0.00064064 0.10 -0.024 -1258.292082  156.0   5.127   4.997 |    0.000   0.000   0.000  -0.000 |   -5.749  -7.231   0.720
 374B   0.00072755 0.10 -0.024 -1258.292001  156.0   5.127   4.997 |    0.000  -0.000   0.000   0.000 |   -5.749  -7.231   0.756
 375B   0.00064031 0.11 -0.024 -1258.292053  156.0   5.127   4.997 |    0.000  -0.000   0.000   0.000 |   -5.749  -7.231   1.121
 376B   0.00058115 0.13 -0.024 -1258.292007  156.0   5.127   4.997 |    0.000  -0.000   0.000   0.000 |   -5.749  -7.231   2.351
 377B   0.00050871 0.14 -0.024 -1258.291831  156.0   5.127   4.997 |    0.000  -0.000   0.000  -0.000 |   -5.749  -7.231   2.188
 378B   0.00042410 0.16 -0.024 -1258.291786  156.0   5.127   4.997 |    0.000   0.000   0.000  -0.000 |   -5.749  -7.231   0.844
 379B   0.00043513 0.10 -0.024 -1258.291735  156.0   5.127   4.997 |    0.000   0.000   0.000  -0.000 |   -5.749  -7.231   1.188
 380B   0.00050119 0.10 -0.024 -1258.291677  156.0   5.127   4.997 |    0.000   0.000   0.000  -0.000 |   -5.749  -7.231   0.839
 381B   0.00056259 0.10 -0.024 -1258.291620  156.0   5.127   4.997 |    0.000   0.000   0.000  -0.000 |   -5.749  -7.231   0.937
 382B   0.00056081 0.11 -0.024 -1258.291618  156.0   5.127   4.997 |    0.000   0.000   0.000   0.000 |   -5.749  -7.231   1.289
 383B   0.00053368 0.13 -0.024 -1258.291648  156.0   5.127   4.997 |    0.000   0.000   0.000   0.000 |   -5.749  -7.231   0.811
 384B   0.00055115 0.10 -0.024 -1258.291631  156.0   5.127   4.997 |    0.000   0.000   0.000  -0.000 |   -5.749  -7.231   0.783
 385B   0.00046845 0.11 -0.024 -1258.291704  156.0   5.127   4.997 |    0.000   0.000   0.000  -0.000 |   -5.749  -7.231   0.795
 386B   0.00055149 0.10 -0.024 -1258.291897  156.0   5.127   4.997 |    0.000   0.000   0.000  -0.000 |   -5.749  -7.231   0.716
 387B   0.00071099 0.10 -0.024 -1258.291898  156.0   5.127   4.997 |    0.000   0.000   0.000   0.000 |   -5.749  -7.231   0.796
 388B   0.00060093 0.11 -0.024 -1258.291928  156.0   5.127   4.997 |    0.000   0.000   0.000   0.000 |   -5.749  -7.231   0.909
 389B   0.00096830 0.10 -0.024 -1258.292085  156.0   5.127   4.997 |    0.000  -0.000   0.000   0.000 |   -5.749  -7.231   0.760
 390B   0.00076368 0.11 -0.024 -1258.292109  156.0   5.127   4.997 |    0.000  -0.000   0.000   0.000 |   -5.749  -7.231   0.930
 391B   0.00071076 0.13 -0.024 -1258.291912  156.0   5.127   4.997 |    0.000  -0.000   0.000   0.000 |   -5.749  -7.231   0.823
 392B   0.00064134 0.14 -0.024 -1258.291801  156.0   5.127   4.997 |    0.000   0.000   0.000  -0.000 |   -5.749  -7.231   0.836
 393B   0.00062301 0.16 -0.024 -1258.291660  156.0   5.127   4.997 |    0.000  -0.000   0.000   0.000 |   -5.749  -7.231   0.938
 394B   0.00057957 0.18 -0.024 -1258.291664  156.0   5.127   4.997 |    0.000  -0.000   0.000  -0.000 |   -5.749  -7.231   0.785
 395B   0.00090584 0.10 -0.024 -1258.291597  156.0   5.127   4.997 |    0.000  -0.000   0.000  -0.000 |   -5.749  -7.231   0.803
 396B   0.00077501 0.11 -0.024 -1258.291705  156.0   5.127   4.997 |    0.000  -0.000   0.000  -0.000 |   -5.749  -7.231   0.789
 397B   0.00139217 0.10 -0.024 -1258.292072  156.0   5.127   4.997 |    0.000   0.000   0.000  -0.000 |   -5.749  -7.231   0.851
 398B   0.00086699 0.11 -0.024 -1258.292229  156.0   5.127   4.997 |    0.000  -0.000   0.000  -0.000 |   -5.749  -7.231   0.773
 399B   0.00076988 0.13 -0.024 -1258.292279  156.0   5.127   4.997 |    0.000  -0.000   0.000  -0.000 |   -5.749  -7.231   0.788
 400B   0.00077427 0.10 -0.024 -1258.292334  156.0   5.127   4.997 |    0.000  -0.000   0.000  -0.000 |   -5.749  -7.231   0.766
 401B   0.00076558 0.11 -0.024 -1258.292268  156.0   5.127   4.997 |    0.000  -0.000   0.000   0.000 |   -5.749  -7.231   0.000
  ----------------------------------------------------------------------------------------------------------------------------------
  *   iterations limit interrupt after 401 steps   si=     0.0007655790 ho= -1 tho=  0
  ----------------------------------------------------------------------------------------------------------------------------------
  Total CPU time=  22.395 minutes

  Writing to wel_file: s092_064.hel
 __________________________________  
  The tape s092_064.hel recorded:     
  nucname,npr,ngh,ngl,n00,nb,nt      
  b0,beta0,si,etot,rms,bet,xmix      
  pairing:     CpV0,CpV1,pwi         
  delta:       del,ept               
  lambda:      ala,ala2,alast,tz     
  asymptotic:  varmas,ass,skass      
  ntx,nb,nhhdim,id,N_rz,n_r,n_z      
  Omega2,Sigma2,Parity,Lambda        
  matrices(inbro):    hh,de          
  *all blocking candidates           
 __________________________________  


  NB! From expect (UNPROJECTED RESULTS)

  pairing: CpV0,CpV1,...           0.100000       0.100000       1.000000       1.000000
  forces:   UNE1                          


                             neutrons         protons         total
  Requested part.numbs.      92.000000      64.000000     156.000000
  UnPj(av) part.numbs .      92.000000      64.000000     156.000000
  b0, bz, bp ..........       2.130153       2.136882       2.126796

  lambda (ala) ........      -5.749395      -7.231101
  Lambda (alast) ......      -5.749395      -7.231101
  delta(n,p), pwi .....      -0.000000       0.000000      60.000000
  pairing energy ......       0.000000       0.000000       0.000000

  rms-radius ..........       5.127477       4.996810       5.074277
  charge-radius, r0 ...                      5.060446       6.459855
  deformation beta2....      -0.023742      -0.023856      -0.023787
  dipole moment[fm] ...       0.000000       0.000000       0.000000
  quadrupole moment[b]       -0.724459      -0.480917      -1.205375
  octupole moment .....       0.000000       0.000000       0.000000
  hexadecapole moment .      -0.033442      -0.021599      -0.055041
  q5 ..................       0.000000       0.000000       0.000000
  q6 ..................       0.002195       0.000987       0.003182
  q7 ..................       0.000000       0.000000       0.000000
  q8 ..................       0.000023       0.000019       0.000043

  <r^0> [fm^0] ........            1.000000            1.000000            1.000000
  <r^2> [fm^2] ........           26.291016           24.968111           25.748286
  <r^4> [fm^4] ........          900.741126          795.549860          857.585735
  <r^6> [fm^6] ........        36430.428258        29461.501115        33571.381225
  <r^8> [fm^8] ........      1669757.236308      1219721.969480      1485127.383250

  kinetic energy ......    1817.926101    1053.059263    2870.985363
  volume energy .......                                 -4769.178436
        rho_tau .......                                  -156.889569
        rho_rho .......                                 -4612.288867
  surface energy ......                                   153.076565
   rho_DELTA_rho ......                                   153.076565
   (NABLA_rho)^2 ......                                     0.000000
  spin-orbit energy ...                                   -40.095649
        rho_NABLA_J ...                                   -40.095649
        NABLA_rho_J ...                                     0.000000
  coulomb energy ......                                   526.919967
          direct ......                                   551.368525
          exchange ....                                   -24.448558
  tensor energy .......                                     0.000000
  direct Hartree E  ...                                     0.000000
  Extra E .............                                     0.000000
  External field E ....                                     0.000000
  Entropy .............       3.665752       0.003190       3.668942

  tEnergy: ehfb (qp)...                                 -1258.292189

  Calculated but not added corrections 
====================================
  cmc-diagonal part ...       0.000000       0.000000       0.000000
  cmc-hfb .............       0.000000       0.000000       0.000000
  cranking rot corr ...       0.000000       0.000000       0.000000

  SQUJ ................       0.000000       0.000000       0.000000
  CRAN x 4 ............       0.000000       0.000000       0.000000
  Rigit Body ..........       0.000000       0.000000       0.000000


   Blocking candidates are:
   neutron eqpmin=   7.3245972447131440E-005  pwiblo=   2.0016019225635890     
    num=   1 block=  10 state=   1   219 Eqp=   0.00007325  (1-2N)E=  -0.00007325  Ovlp=   0.94596505  9-[ 5, 0, 5]
    num=   2 block=   8 state=   1   187 Eqp=   0.02599570  (1-2N)E=   0.02599570  Ovlp=   0.89336595  7-[ 5, 1, 4]
    num=   3 block=   6 state=   1   147 Eqp=   0.10805164  (1-2N)E=   0.10805164  Ovlp=   0.76487531  5-[ 5, 2, 3]
    num=   4 block=   4 state=   1    97 Eqp=   0.19802935  (1-2N)E=   0.19802935  Ovlp=   0.56999057  3-[ 5, 3, 2]
    num=   5 block=   2 state=   1    37 Eqp=   0.25331003  (1-2N)E=   0.25331003  Ovlp=   0.61223500  1-[ 5, 2, 1]
    num=   6 block=   2 state=   2    38 Eqp=   0.32810708  (1-2N)E=  -0.32810708  Ovlp=   0.54265090  1-[ 5, 1, 0]
    num=   7 block=   4 state=   2    98 Eqp=   0.40685474  (1-2N)E=  -0.40685474  Ovlp=   0.53900315  3-[ 5, 4, 1]
    num=   8 block=   4 state=   3    99 Eqp=   0.41975457  (1-2N)E=   0.41975457  Ovlp=   0.74420643  3-[ 5, 0, 1]
    num=   9 block=   6 state=   2   148 Eqp=   0.52213730  (1-2N)E=  -0.52213730  Ovlp=   0.69926585  5-[ 5, 1, 2]
    num=  10 block=   2 state=   3    39 Eqp=   0.57944281  (1-2N)E=   0.57944281  Ovlp=   0.57149321  1-[ 5, 0, 1]
    num=  11 block=   8 state=   2   188 Eqp=   0.58305693  (1-2N)E=  -0.58305693  Ovlp=   0.86818536  7-[ 5, 0, 3]
    num=  12 block=   2 state=   4    40 Eqp=   1.00142808  (1-2N)E=   1.00142808  Ovlp=   0.51600891  1-[ 5, 0, 1]
    num=  13 block=  13 state=   1   252 Eqp=   1.59208947  (1-2N)E=   1.59208947  Ovlp=   0.99612598 13+[ 6, 0, 6]
    num=  14 block=  11 state=   1   231 Eqp=   1.61428155  (1-2N)E=   1.61428155  Ovlp=   0.95646802 11+[ 6, 1, 5]
    num=  15 block=   9 state=   1   203 Eqp=   1.66232040  (1-2N)E=   1.66232040  Ovlp=   0.86737400  9+[ 6, 2, 4]
    num=  16 block=   6 state=   3   149 Eqp=   1.68792490  (1-2N)E=   1.68792490  Ovlp=   0.80148917  5-[ 5, 0, 3]
    num=  17 block=   7 state=   1   167 Eqp=   1.73243549  (1-2N)E=   1.73243549  Ovlp=   0.72520348  7+[ 6, 3, 3]
    num=  18 block=   5 state=   1   122 Eqp=   1.80721746  (1-2N)E=   1.80721746  Ovlp=   0.59677360  5+[ 6, 2, 2]
    num=  19 block=   4 state=   4   100 Eqp=   1.82004375  (1-2N)E=   1.82004375  Ovlp=   0.58381419  3-[ 5, 1, 2]
    num=  20 block=   3 state=   1    67 Eqp=   1.86826258  (1-2N)E=   1.86826258  Ovlp=   0.61060159  3+[ 6, 3, 1]
    num=  21 block=   1 state=   1     1 Eqp=   1.90216476  (1-2N)E=   1.90216476  Ovlp=   0.53477949  1+[ 6, 3, 1]
    num=  22 block=   2 state=   5    41 Eqp=   1.98252102  (1-2N)E=   1.98252102  Ovlp=   0.57385921  1-[ 5, 4, 1]

   Blocking candidates are:
   proton  eqpmin=  0.48100666788404550       pwiblo=   2.0016019225635890     
    num=   1 block=   1 state=   2     2 Eqp=   0.48100667  (1-2N)E=  -0.48100667  Ovlp=   0.46945184  1+[ 4, 0, 0]
    num=   2 block=   1 state=   1     1 Eqp=   0.47555505  (1-2N)E=   0.47555505  Ovlp=   0.65140473  1+[ 4, 0, 0]
    num=   3 block=   3 state=   1    67 Eqp=   0.58921127  (1-2N)E=  -0.58921127  Ovlp=   0.59860537  3+[ 4, 3, 1]
    num=   4 block=   3 state=   2    68 Eqp=   0.73049222  (1-2N)E=   0.73049222  Ovlp=   0.70422676  3+[ 4, 0, 2]
    num=   5 block=   5 state=   1   122 Eqp=   0.73400517  (1-2N)E=  -0.73400517  Ovlp=   0.78224289  5+[ 4, 0, 2]
    num=   6 block=   1 state=   3     3 Eqp=   0.84254279  (1-2N)E=  -0.84254279  Ovlp=   0.56604331  1+[ 4, 2, 0]
    num=   7 block=   3 state=   3    69 Eqp=   0.94780899  (1-2N)E=  -0.94780899  Ovlp=   0.73348962  3+[ 4, 2, 2]
    num=   8 block=   1 state=   4     4 Eqp=   1.00993050  (1-2N)E=   1.00993050  Ovlp=   0.61699009  1+[ 4, 4, 0]
    num=   9 block=   5 state=   2   123 Eqp=   1.10752711  (1-2N)E=  -1.10752711  Ovlp=   0.84884177  5+[ 4, 1, 3]
    num=  10 block=   7 state=   1   167 Eqp=   1.21432784  (1-2N)E=  -1.21432784  Ovlp=   0.91918821  7+[ 4, 0, 4]
    num=  11 block=  12 state=   1   243 Eqp=   1.78153323  (1-2N)E=   1.78153323  Ovlp=   0.98071001 11-[ 5, 0, 5]
    num=  12 block=  10 state=   1   219 Eqp=   1.82525750  (1-2N)E=   1.82525750  Ovlp=   0.93390505  9-[ 5, 1, 4]
    num=  13 block=   8 state=   1   187 Eqp=   1.93422584  (1-2N)E=   1.93422584  Ovlp=   0.82780108  7-[ 5, 2, 3]
    num=  14 block=   6 state=   1   147 Eqp=   2.04638878  (1-2N)E=   2.04638878  Ovlp=   0.66163668  5-[ 5, 3, 2]
    num=  15 block=   4 state=   1    97 Eqp=   2.13142622  (1-2N)E=   2.13142622  Ovlp=   0.60203742  3-[ 5, 2, 1]
    num=  16 block=   2 state=   1    37 Eqp=   2.17623924  (1-2N)E=   2.17623924  Ovlp=   0.57153040  1-[ 5, 3, 0]



 HFBTHO_SOLVER ended without errors

