
  =======================================
           FORTRAN 95 CODE (KIND= 8) 
               Version: 200d  
  =======================================
       AXIALLY DEFORMED CONFIGURATIONAL  
     HARTREE-FOCK-BOGOLIUBOV CALCULATIONS
                     WITH                
            UNEDF AND DELTA PAIRING      
                     USING               
             HARMONIC-OSCILLATOR         
                   AND/OR                
       TRANSFORMED HARMONIC-OSCILLATOR   
                    BASIS                
                     ---                 
               v1.66  (2005):,           
   Stoitsov,Dobaczewski,Nazarewicz,Ring, 
               v2.00d (2012):,           
         Stoitsov,Schunck,Kortelainen    
  =======================================
    Nucleus: GD (A= 156, N= 92, Z= 64)
       Reflection Symmetry Imposed       
            (10/14/2022,  5:11)                               
  =======================================


  ---------------------------------------
           UNEDF Module Version:17
         M.Kortelainen & M.Stoitsov 
  ---------------------------------------

  UNE1 functional
  ----------------------------------
  Crho(0)=   -775.330950747264751    ; Crho(1)=    314.033924112795773    
  CDrho(0)=   892.685676354990278    ; CDrho(1)=  -238.299150974140559    
  Ctau(0)=   -2.64625695588049359    ; Ctau(1)=   -35.2562615865774376    
  CrDr(0)=   -43.7385915791934181    ; CrDr(1)=   -117.467431293777466    
  CrdJ(0)=   -70.4136128410675184    ; CrdJ(1)=   -35.4541419791968480    
  CJ(0)=      0.00000000000000000    ; CJ(1)=      0.00000000000000000    
  CpV0(0)=   0.100000000000000006    ; CpV0(1)=   0.100000000000000006    
  CpV1(0)=    1.00000000000000000    ; CpV1(1)=    1.00000000000000000    
  sigma=     0.273047965930262981    ; hbzero=     20.7355300000000007    
  e^2 chrg=   1.43997840859651305    ; CExPar=     1.00000000000000000    
  c.m. correction: F, chr. density in direct Coul: F
  use tensor terms: F
  use TMR pairing:  0

  Coupling constants in natural units
  -----------------------------------
  Crho_nu(0)=  -0.873115629336282728    ; Crho_nu(1)=   0.353639857947659064    
  CDrho_nu(0)=  0.942047115202664931    ; CDrho_nu(1)= -0.251476005134378178    
  Ctau_nu(0)=  -0.375109932097765705E-01; Ctau_nu(1)=  -0.499761516370270942    
  CrDr_nu(0)=  -0.619999508394833643    ; CrDr_nu(1)=   -1.66511419378193382    
  CrdJ_nu(0)=  -0.998120967537818315    ; CrdJ_nu(1)=  -0.502566493433212691    
  CJ_nu(0)=      0.00000000000000000    ; CJ_nu(1)=      0.00000000000000000    
  CpV0_nu(0)=   0.112611992142809880E-03; CpV0_nu(1)=   0.112611992142809880E-03
  CpV1_nu(0)=   0.887702254206059068E-03; CpV1_nu(1)=   0.887702254206059068E-03
  fpi_nu=        93.0000000000000000    ; Lambda_nu=     700.000000000000000    

  Nuclear matter properties
  ----------------------------------
      E_NM=     -15.7999999999999687      K_NM=     219.9999999999992326
      P_NM=      -0.0000000000000018    RHO_NM=       0.1588633706072469
    ASS_NM=      29.0510277409560125   LASS_NM=      35.8580420915704110
  SMASS_NM=       0.9797259438507697  VMASS_NM=       1.2498385742322693

  Associated (t,x)-coupling constants
  -----------------------------------
  t0=      -2067.54920199270600    ; x0=       0.107548151812067228    
  t1=       229.744145814524245    ; x1=       -4.28345626216218900    
  t2=       1291.17851024702554    ; x2=       -1.39164821961715024    
  t3=       14282.9708216798444    ; x3=      -0.995805288141916600E-01
  b4=       34.9594708618706704    ; b4p=       70.9082839583936959    
  te=      -384.239963951002494    ; to=       -171.953091064502274    
  sigma=   0.273047965930262981    ; hbzero=    20.7355300000000007    

  ---------------------------------------
        Characteristics of the run       
  ---------------------------------------
  Output file ................:     7
  Nucleus ....................:   GD 156
  Number of HO shells ........:     8
  HO length b0 (fm) ..........:     2.13015292605643
  Basis deformation ..........:  beta0=   0.010 q=   1.010
  HO: b0,1/b0,bp,bz,q ........:   0.21301529E+01  0.46944986E+00  0.21267964E+01  0.21368819E+01  0.10095067E+01
  h**2/(2m), cmc, e**2 .......:   0.20735530E+02  0.20735530E+02  0.14399784E+01
  hom=f*41.0_pr*A^{-1/3}, f...:   0.91395238E+01  0.12000000E+01
  THO basis is ...............:  OFF
  Maximal number of iterations:   400
  Initial mixing parameter ...:  0.300
  Initial w.f. ...............:  from   spherical scratch
  Skyrme functional ..........:    UNE1                          
    with direct and exchange Coulomb
  Lipkin-Nogami procedure is .:  OFF
  PAV procedure is ...........:  OFF
  Constraint calculation is ..:   ON
    Constraint 1 .............: lambda=2 Ql=  -2.410
  Temperature T ..............:   0.05 MeV
  Restart indicator ..........:   1
  Broyden mixing (#iterations):   7

  ---------------------------------------
        Harmonic Oscillator Basis        
  ---------------------------------------
  NUV, NQP:                        2501     165
  Comparison with bookkeeping spherical basis:
  n00:                                8       8  Maximal number of shells
  nbx, 2*n00+1:                      17      17  Maximal number of K-blocks
  ntx, (n00+1)*(n00+2)*(n00+3)/6    165     165  Max.num. p/n levels
  nzx, n00:                           8       8  Maximal nz-quantum number
  nrx, n00/2  :                       4       4  Maximal nr-quantum number
  nlx, n00:                           8       8  Maximal ml-quantum number
  ndx, (n00+2)*(n00+2)/4:            25      25  Maximal dim. of one k-block

  Actual basis used
  Number of blocks: nb .......:   17
  Number of levels: nt .......:  165
  Maximal 2*omega : nom ......:   17
  Maximal nz:       nzm ......:    8
  Maximal nr:       nrm ......:    4
  Maximal ml:       nlm ......:    8
  Maximal N=nz+2*nr+nl .......:    8
  2 x biggest block dim. .....:   50
  Non-zero elements of h .....:     1333
  Number of Broyden elements .:     5332

  ---------------------------------------
            Integration Meshes           
  ---------------------------------------
  Number of Gauss-Hermite mesh points ngh ....:  40
  Number of Gauss-Laguerre mesh points ngl ...:  40
  Number of Gauss-Legendre mesh points nleg ..:  80
  Integration boundaries
    Hermite  - from xh(1)  =  0.12379686 to xh(ngh)   = 11.88786356
    Laguerre - From xl(1)  =  0.03570039 to xl(ngl)   =142.28004447
    Legendre - From xleg(1)=  0.00978669 to xleg(nleg)=  0.99988775
  Max.dev.in:     Orthogonality            Normalization
  Hermite     1.5248282503475657E-015   1.0991207943789050E-014
  Laguerre    4.2896485016951012E-015   8.9928064994637680E-015

  Scratch initialization for the nucleus: GD  92  64


  Initial potentials of Saxon-Woods shape 
  v0ws   =  -71.27999878
  kappa  =    0.46160001
  vs0    =   11.11750031   11.11750031
  r0     =    1.23339999    1.23339999
  a      =    0.61500001    0.61500001
  r0-so  =    1.14429998    1.14429998
  a-so   =    0.64760000    0.64760000
  beta00 =    0.01000000

  ### REGULAR STAGE (reflection symmetry imposed)
  |HFB+HO> iterations(b0=  2.130, Nsh=  8, inin=  1, N= 92, Z= 64)...
  ----------------------------------------------------------------------------------------------------------------------------------
  i          si     mix   beta      Etot       A       rn      rp         En      Dn      Ep      Dp        Ln      Lp     time
  ----------------------------------------------------------------------------------------------------------------------------------
   1L  69.94764065 0.30  0.010     0.000000    0.0   0.000   0.000 |   -2.000   1.000  -2.000   1.000 |   -7.000  -7.000   0.000
   2B  33.99979704 0.10  0.017 -1057.120762  156.0   4.802   4.555 |    0.000  -0.000   0.000   0.000 |  -14.068 -26.543  21.851
   3B  16.74709997 0.11 -0.040 -1113.804709  156.0   4.946   4.926 |    0.000  -0.000   0.000  -0.000 |   -5.863 -10.880   1.877
   4B  25.81827974 0.10 -0.057  -955.196223  156.0   5.129   4.754 |    0.000  -0.000   0.000  -0.000 |   -5.499  -7.465   1.235
   5B   5.67804733 0.11 -0.069 -1243.875152  156.0   5.084   4.950 |    0.000  -0.000   0.000  -0.000 |   -5.053  -6.455   0.845
   6B   4.44207565 0.13 -0.086 -1254.124660  156.0   5.108   4.965 |    0.000  -0.000   0.000  -0.000 |   -4.931  -6.697   0.730
   7B   2.09998095 0.14 -0.085 -1258.461405  156.0   5.123   4.969 |    0.000  -0.000   0.000  -0.000 |   -5.104  -6.685   0.753
   8B   1.75270522 0.16 -0.092 -1260.240357  156.0   5.130   4.980 |    0.000  -0.000   0.000  -0.000 |   -5.311  -6.872   0.993
   9B   1.58052794 0.18 -0.085 -1261.432041  156.0   5.131   4.991 |    0.000  -0.000   0.000  -0.000 |   -5.409  -6.852   0.544
  10B   1.35531830 0.21 -0.081 -1261.511873  156.0   5.133   4.992 |    0.000  -0.000   0.000  -0.000 |   -5.432  -6.899   0.662
  11B   1.23617823 0.24 -0.078 -1261.365026  156.0   5.132   4.991 |    0.000  -0.000   0.000  -0.000 |   -5.433  -6.894   0.491
  12B   1.10087183 0.27 -0.073 -1261.214323  156.0   5.135   4.995 |    0.000  -0.000   0.000  -0.000 |   -5.481  -6.979   0.670
  13B   1.24181959 0.10 -0.038 -1259.374388  156.0   5.136   5.000 |    0.000  -0.000   0.000  -0.000 |   -5.440  -7.123   0.618
  14B   0.69174025 0.11 -0.024 -1259.498658  156.0   5.137   5.000 |    0.000   0.000   0.000   0.000 |   -5.435  -7.255   0.822
  15B   0.55239550 0.13 -0.034 -1259.814717  156.0   5.139   4.997 |    0.000   0.000   0.000   0.000 |   -5.511  -7.271   0.756
  16B   0.51833265 0.14 -0.031 -1259.868987  156.0   5.139   4.998 |    0.000   0.000   0.000   0.000 |   -5.531  -7.317   0.718
  17B   0.36678205 0.16 -0.034 -1259.983578  156.0   5.139   4.999 |    0.000  -0.000   0.000  -0.000 |   -5.563  -7.361   0.706
  18B   0.21990891 0.18 -0.040 -1260.263173  156.0   5.139   4.999 |    0.000  -0.000   0.000  -0.000 |   -5.583  -7.304   0.582
  19B   0.12337414 0.21 -0.048 -1260.560696  156.0   5.140   4.999 |    0.000  -0.000   0.000  -0.000 |   -5.629  -7.284   0.645
  20B   0.08937271 0.24 -0.048 -1260.553283  156.0   5.140   5.000 |    0.000  -0.000   0.000  -0.000 |   -5.638  -7.291   0.838
  21B   0.12316100 0.10 -0.050 -1260.637263  156.0   5.141   5.001 |    0.000  -0.000   0.000  -0.000 |   -5.650  -7.289   0.944
  22B   0.10007353 0.11 -0.047 -1260.561005  156.0   5.141   5.001 |    0.000  -0.000   0.000  -0.000 |   -5.644  -7.300   1.103
  23B   0.08634413 0.13 -0.048 -1260.593149  156.0   5.141   5.001 |    0.000  -0.000   0.000  -0.000 |   -5.648  -7.300   0.831
  24B   0.10284431 0.10 -0.048 -1260.595941  156.0   5.141   5.001 |    0.000  -0.000   0.000  -0.000 |   -5.649  -7.306   0.723
  25B   0.08077492 0.11 -0.047 -1260.587561  156.0   5.141   5.001 |    0.000   0.000   0.000   0.000 |   -5.649  -7.310   0.709
  26B   0.07545421 0.13 -0.047 -1260.587216  156.0   5.141   5.001 |    0.000   0.000   0.000   0.000 |   -5.649  -7.311   0.722
  27B   0.07715405 0.10 -0.047 -1260.599391  156.0   5.141   5.001 |    0.000   0.000   0.000   0.000 |   -5.649  -7.309   0.787
  28B   0.07900088 0.10 -0.048 -1260.642293  156.0   5.141   5.001 |    0.000  -0.000   0.000  -0.000 |   -5.648  -7.300   0.583
  29B   0.07136336 0.11 -0.047 -1260.681289  156.0   5.142   5.002 |    0.000   0.000   0.000   0.000 |   -5.655  -7.284   0.653
  30B   0.06434679 0.13 -0.048 -1260.707590  156.0   5.142   5.002 |    0.000   0.000   0.000   0.000 |   -5.658  -7.266   0.803
  31B   0.06739819 0.10 -0.047 -1260.707996  156.0   5.142   5.003 |    0.000   0.000   0.000   0.000 |   -5.675  -7.220   0.748
  32B   0.03990368 0.11 -0.047 -1260.716460  156.0   5.142   5.003 |    0.000   0.000   0.000   0.000 |   -5.668  -7.233   0.575
  33B   0.03415719 0.13 -0.047 -1260.704421  156.0   5.143   5.004 |    0.000   0.000   0.000   0.000 |   -5.678  -7.197   0.664
  34B   0.02443214 0.14 -0.047 -1260.701182  156.0   5.143   5.004 |    0.000   0.000   0.000   0.000 |   -5.680  -7.186   0.677
  35B   0.01446833 0.16 -0.047 -1260.713322  156.0   5.143   5.004 |    0.000  -0.000   0.000  -0.000 |   -5.678  -7.183   0.699
  36B   0.01338788 0.18 -0.047 -1260.716045  156.0   5.143   5.004 |    0.000  -0.000   0.000  -0.000 |   -5.678  -7.183   0.671
  37B   0.01383869 0.10 -0.047 -1260.722867  156.0   5.143   5.004 |    0.000  -0.000   0.000  -0.000 |   -5.677  -7.183   0.729
  38B   0.01287556 0.11 -0.048 -1260.739410  156.0   5.143   5.004 |    0.000  -0.000   0.000  -0.000 |   -5.675  -7.181   0.665
  39B   0.00974788 0.13 -0.048 -1260.736042  156.0   5.143   5.004 |    0.000  -0.000   0.000  -0.000 |   -5.676  -7.179   0.762
  40B   0.00727241 0.14 -0.048 -1260.732290  156.0   5.143   5.004 |    0.000  -0.000   0.000  -0.000 |   -5.676  -7.178   0.549
  41B   0.00469703 0.16 -0.047 -1260.731073  156.0   5.143   5.004 |    0.000  -0.000   0.000  -0.000 |   -5.676  -7.179   0.606
  42B   0.00349465 0.18 -0.047 -1260.729819  156.0   5.143   5.004 |    0.000  -0.000   0.000  -0.000 |   -5.676  -7.179   0.625
  43B   0.00143256 0.21 -0.047 -1260.727604  156.0   5.143   5.004 |    0.000  -0.000   0.000  -0.000 |   -5.676  -7.179   0.602
  44B   0.00128511 0.24 -0.047 -1260.725838  156.0   5.143   5.004 |    0.000   0.000   0.000   0.000 |   -5.676  -7.179   0.603
  45B   0.00090646 0.27 -0.047 -1260.725539  156.0   5.143   5.004 |    0.000   0.000   0.000   0.000 |   -5.676  -7.179   0.632
  46B   0.00025702 0.30 -0.047 -1260.726174  156.0   5.143   5.004 |    0.000   0.000   0.000   0.000 |   -5.676  -7.179   0.790
  47B   0.00017396 0.34 -0.047 -1260.726225  156.0   5.143   5.004 |    0.000   0.000   0.000   0.000 |   -5.676  -7.179   0.919
  48B   0.00011206 0.38 -0.047 -1260.726266  156.0   5.143   5.004 |    0.000   0.000   0.000   0.000 |   -5.676  -7.179   0.857
  49B   0.00025317 0.10 -0.047 -1260.726308  156.0   5.143   5.004 |    0.000  -0.000   0.000  -0.000 |   -5.676  -7.179   0.567
  50B   0.00013501 0.11 -0.047 -1260.726316  156.0   5.143   5.004 |    0.000   0.000   0.000   0.000 |   -5.676  -7.179   0.763
  51B   0.00008105 0.13 -0.047 -1260.726336  156.0   5.143   5.004 |    0.000  -0.000   0.000  -0.000 |   -5.676  -7.179   0.706
  52B   0.00006181 0.14 -0.047 -1260.726356  156.0   5.143   5.004 |    0.000  -0.000   0.000  -0.000 |   -5.676  -7.179   0.634
  53B   0.00005385 0.16 -0.047 -1260.726345  156.0   5.143   5.004 |    0.000  -0.000   0.000  -0.000 |   -5.676  -7.179   0.515
  54B   0.00005452 0.10 -0.047 -1260.726342  156.0   5.143   5.004 |    0.000  -0.000   0.000  -0.000 |   -5.676  -7.179   0.842
  55B   0.00005312 0.11 -0.047 -1260.726319  156.0   5.143   5.004 |    0.000  -0.000   0.000  -0.000 |   -5.676  -7.179   0.706
  56B   0.00004339 0.13 -0.047 -1260.726319  156.0   5.143   5.004 |    0.000  -0.000   0.000  -0.000 |   -5.676  -7.179   0.823
  57B   0.00004186 0.14 -0.047 -1260.726310  156.0   5.143   5.004 |    0.000  -0.000   0.000  -0.000 |   -5.676  -7.179   0.688
  58B   0.00003541 0.16 -0.047 -1260.726295  156.0   5.143   5.004 |    0.000   0.000   0.000   0.000 |   -5.676  -7.179   0.721
  59B   0.00002609 0.18 -0.047 -1260.726292  156.0   5.143   5.004 |    0.000   0.000   0.000   0.000 |   -5.676  -7.179   0.977
  60B   0.00003083 0.10 -0.047 -1260.726290  156.0   5.143   5.004 |    0.000   0.000   0.000   0.000 |   -5.676  -7.179   0.597
  61B   0.00002946 0.11 -0.047 -1260.726291  156.0   5.143   5.004 |    0.000  -0.000   0.000  -0.000 |   -5.676  -7.179   0.765
  62B   0.00002340 0.13 -0.047 -1260.726296  156.0   5.143   5.004 |    0.000  -0.000   0.000  -0.000 |   -5.676  -7.179   0.626
  63B   0.00002366 0.10 -0.047 -1260.726292  156.0   5.143   5.004 |    0.000  -0.000   0.000  -0.000 |   -5.676  -7.179   0.759
  64B   0.00004152 0.10 -0.047 -1260.726290  156.0   5.143   5.004 |    0.000  -0.000   0.000  -0.000 |   -5.676  -7.179   0.651
  65B   0.00001847 0.11 -0.047 -1260.726288  156.0   5.143   5.004 |    0.000  -0.000   0.000  -0.000 |   -5.676  -7.179   0.724
  66B   0.00001398 0.13 -0.047 -1260.726294  156.0   5.143   5.004 |    0.000  -0.000   0.000  -0.000 |   -5.676  -7.179   0.831
  67B   0.00000935 0.14 -0.047 -1260.726295  156.0   5.143   5.004 |    0.000  -0.000   0.000  -0.000 |   -5.676  -7.179   0.630
  68B   0.00001026 0.10 -0.047 -1260.726298  156.0   5.143   5.004 |    0.000   0.000   0.000   0.000 |   -5.676  -7.179   1.029
  69B   0.00000777 0.11 -0.047 -1260.726297  156.0   5.143   5.004 |    0.000   0.000   0.000   0.000 |   -5.676  -7.179   1.162
  70B   0.00000733 0.13 -0.047 -1260.726297  156.0   5.143   5.004 |    0.000   0.000   0.000   0.000 |   -5.676  -7.179   0.864
  71B   0.00000812 0.10 -0.047 -1260.726295  156.0   5.143   5.004 |    0.000   0.000   0.000   0.000 |   -5.676  -7.179   0.720
  72B   0.00000813 0.10 -0.047 -1260.726295  156.0   5.143   5.004 |    0.000   0.000   0.000   0.000 |   -5.676  -7.179   0.771
  73B   0.00000838 0.10 -0.047 -1260.726294  156.0   5.143   5.004 |    0.000   0.000   0.000   0.000 |   -5.676  -7.179   0.666
  74B   0.00000785 0.11 -0.047 -1260.726294  156.0   5.143   5.004 |    0.000   0.000   0.000   0.000 |   -5.676  -7.179   0.703
  75B   0.00000586 0.13 -0.047 -1260.726290  156.0   5.143   5.004 |    0.000  -0.000   0.000  -0.000 |   -5.676  -7.179   1.013
  76B   0.00000531 0.14 -0.047 -1260.726289  156.0   5.143   5.004 |    0.000  -0.000   0.000  -0.000 |   -5.676  -7.179   1.112
  77B   0.00000353 0.16 -0.047 -1260.726288  156.0   5.143   5.004 |    0.000  -0.000   0.000  -0.000 |   -5.676  -7.179   0.803
  78B   0.00000375 0.10 -0.047 -1260.726289  156.0   5.143   5.004 |    0.000   0.000   0.000   0.000 |   -5.676  -7.179   0.824
  79B   0.00000249 0.11 -0.047 -1260.726291  156.0   5.143   5.004 |    0.000   0.000   0.000   0.000 |   -5.676  -7.179   0.620
  80B   0.00000135 0.13 -0.047 -1260.726290  156.0   5.143   5.004 |    0.000   0.000   0.000   0.000 |   -5.676  -7.179   0.847
  81B   0.00000117 0.14 -0.047 -1260.726290  156.0   5.143   5.004 |    0.000   0.000   0.000   0.000 |   -5.676  -7.179   0.566
  82B   0.00000219 0.10 -0.047 -1260.726290  156.0   5.143   5.004 |    0.000   0.000   0.000   0.000 |   -5.676  -7.179   0.794
  83B   0.00000087 0.11 -0.047 -1260.726290  156.0   5.143   5.004 |    0.000   0.000   0.000   0.000 |   -5.676  -7.179   0.637
  84B   0.00000084 0.13 -0.047 -1260.726290  156.0   5.143   5.004 |    0.000   0.000   0.000   0.000 |   -5.676  -7.179   0.706
  85B   0.00000074 0.14 -0.047 -1260.726290  156.0   5.143   5.004 |    0.000   0.000   0.000   0.000 |   -5.676  -7.179   0.789
  86B   0.00000067 0.16 -0.047 -1260.726290  156.0   5.143   5.004 |    0.000   0.000   0.000   0.000 |   -5.676  -7.179   0.609
  87B   0.00000073 0.10 -0.047 -1260.726290  156.0   5.143   5.004 |    0.000   0.000   0.000   0.000 |   -5.676  -7.179   0.762
  88B   0.00000062 0.11 -0.047 -1260.726289  156.0   5.143   5.004 |    0.000   0.000   0.000   0.000 |   -5.676  -7.179   0.743
  89B   0.00000028 0.13 -0.047 -1260.726290  156.0   5.143   5.004 |    0.000   0.000   0.000   0.000 |   -5.676  -7.179   0.657
  90B   0.00000017 0.14 -0.047 -1260.726289  156.0   5.143   5.004 |    0.000   0.000   0.000   0.000 |   -5.676  -7.179   0.693
  91B   0.00000010 0.16 -0.047 -1260.726289  156.0   5.143   5.004 |    0.000   0.000   0.000   0.000 |   -5.676  -7.179   0.615
  92B   0.00000006 0.18 -0.047 -1260.726290  156.0   5.143   5.004 |    0.000   0.000   0.000   0.000 |   -5.676  -7.179   1.340
  93B   0.00000008 0.10 -0.047 -1260.726290  156.0   5.143   5.004 |    0.000   0.000   0.000   0.000 |   -5.676  -7.179   1.629
  94B   0.00000006 0.11 -0.047 -1260.726290  156.0   5.143   5.004 |    0.000   0.000   0.000   0.000 |   -5.676  -7.179   3.696
  95B   0.00000002 0.13 -0.047 -1260.726290  156.0   5.143   5.004 |    0.000  -0.000   0.000  -0.000 |   -5.676  -7.179   1.578
  96B   0.00000003 0.10 -0.047 -1260.726290  156.0   5.143   5.004 |    0.000  -0.000   0.000  -0.000 |   -5.676  -7.179   2.469
  97B   0.00000003 0.11 -0.047 -1260.726290  156.0   5.143   5.004 |    0.000  -0.000   0.000  -0.000 |   -5.676  -7.179   3.324
  98B   0.00000002 0.13 -0.047 -1260.726290  156.0   5.143   5.004 |    0.000  -0.000   0.000   0.000 |   -5.676  -7.179   4.421
  99B   0.00000002 0.10 -0.047 -1260.726290  156.0   5.143   5.004 |    0.000  -0.000   0.000  -0.000 |   -5.676  -7.179   2.919
 100B   0.00000001 0.11 -0.047 -1260.726290  156.0   5.143   5.004 |    0.000  -0.000   0.000  -0.000 |   -5.676  -7.179   2.109
 101B   0.00000001 0.13 -0.047 -1260.726289  156.0   5.143   5.004 |    0.000  -0.000   0.000  -0.000 |   -5.676  -7.179   2.290
 102B   0.00000001 0.14 -0.047 -1260.726290  156.0   5.143   5.004 |    0.000  -0.000   0.000   0.000 |   -5.676  -7.179   4.492
 103B   0.00000000 0.16 -0.047 -1260.726290  156.0   5.143   5.004 |    0.000  -0.000   0.000  -0.000 |   -5.676  -7.179   1.980
 104B   0.00000000 0.18 -0.047 -1260.726290  156.0   5.143   5.004 |    0.000  -0.000   0.000   0.000 |   -5.676  -7.179   3.199
 105B   0.00000000 0.21 -0.047 -1260.726290  156.0   5.143   5.004 |    0.000  -0.000   0.000   0.000 |   -5.676  -7.179   2.909
 106B   0.00000000 0.10 -0.047 -1260.726290  156.0   5.143   5.004 |    0.000  -0.000   0.000   0.000 |   -5.676  -7.179   3.146
 107B   0.00000000 0.11 -0.047 -1260.726290  156.0   5.143   5.004 |    0.000  -0.000   0.000  -0.000 |   -5.676  -7.179   3.397
 108B   0.00000000 0.13 -0.047 -1260.726290  156.0   5.143   5.004 |    0.000  -0.000   0.000   0.000 |   -5.676  -7.179   3.846
  ----------------------------------------------------------------------------------------------------------------------------------
  *   iteration converged   after 108 steps   si=     0.0000000008 ho=  0 tho=  0
  ----------------------------------------------------------------------------------------------------------------------------------
  Total CPU time=   2.343 minutes

  Writing to wel_file: s092_064.hel
 __________________________________  
  The tape s092_064.hel recorded:     
  nucname,npr,ngh,ngl,n00,nb,nt      
  b0,beta0,si,etot,rms,bet,xmix      
  pairing:     CpV0,CpV1,pwi         
  delta:       del,ept               
  lambda:      ala,ala2,alast,tz     
  asymptotic:  varmas,ass,skass      
  ntx,nb,nhhdim,id,N_rz,n_r,n_z      
  Omega2,Sigma2,Parity,Lambda        
  matrices(inbro):    hh,de          
  *all blocking candidates           
 __________________________________  



 #quasiparticle energies neutrons
 --------------------------------
  eqp(k) -> q.p. energy 
  e(k)   -> referent s.p. energy 
  p(k)   -> occ.probability 
  del(k) -> referent s.p. gap 
  fermi energy alast=  -5.6758674575882626     
  #k  block#    eqp(k)     e(k)       (1-2N)E      decay        p(k)        del(k)    overl      labels
   1    1     1.843679   -3.832189    1.843679    1.204393    0.00000000   0.0000   0.5120  1+[ 6, 3, 1]
   2    1     5.630877  -11.306745   -5.630877    1.476866    1.00000000   0.0000   0.5525  1+[ 4, 4, 0]
   3    1     5.989754  -11.665622   -5.989754    1.500121    1.00000000   0.0000   0.5275  1+[ 4, 0, 0]
   4    1     6.590982    0.915115    6.590982    1.538293    0.00000000   0.0000   0.4433  1+[ 6, 6, 0]
   5    1     7.695241  -13.371109   -7.695241    1.606039    1.00000000   0.0000   0.6040  1+[ 4, 0, 0]
   6    1     7.748981    2.073113    7.748981    1.609263    0.00000000   0.0000   0.6506  1+[ 6, 0, 0]
   7    1     8.057384  -13.733251   -8.057384    1.627643    1.00000000   0.0000   0.5742  1+[ 4, 1, 1]
   8    1     8.785102    3.109235    8.785102    1.670210    0.00000000   0.0000   0.6346  1+[ 6, 1, 1]
   9    1     9.222549    3.546682    9.222549    1.695284    0.00000000   0.0000   0.7173  1+[ 6, 3, 1]
  10    1     9.404725    3.728857    9.404725    1.705617    0.00000000   0.0000   0.6824  1+[ 6, 5, 1]
  11    1     9.859415    4.183548    9.859415    1.731139    0.00000000   0.0000   0.6174  1+[ 6, 4, 0]
  12    1    12.735538  -18.411405  -12.735538    1.884586    1.00000000   0.0000   0.5908  1+[ 4, 2, 0]
  13    1    18.106413   12.430545   18.106413    2.141900    0.00000000   0.0000   0.5251  1+[ 8, 4, 0]
  14    1    21.430063   15.754195   21.430063    2.286676    0.00000000   0.0000   0.4524  1+[ 8, 6, 0]
  15    1    22.489742  -28.165610  -22.489742    2.330945    1.00000000   0.0000   0.7129  1+[ 2, 1, 1]
  16    1    22.562060  -28.237928  -22.562060    2.333935    1.00000000   0.0000   0.6508  1+[ 2, 2, 0]
  17    1    24.084521   18.408653   24.084521    2.396027    0.00000000   0.0000   0.6866  1+[ 8, 8, 0]
  18    1    24.331290   18.655423   24.331290    2.405940    0.00000000   0.0000   0.6522  1+[ 8, 0, 0]
  19    1    24.586173  -30.262041  -24.586173    2.416137    1.00000000   0.0000   0.6189  1+[ 2, 2, 0]
  20    1    24.929126   19.253259   24.929126    2.429789    0.00000000   0.0000   0.5739  1+[ 8, 7, 1]
  21    1    25.300509   19.624642   25.300509    2.444487    0.00000000   0.0000   0.6468  1+[ 8, 3, 1]
  22    1    26.219541   20.543673   26.219541    2.480484    0.00000000   0.0000   0.4958  1+[ 8, 4, 0]
  23    1    26.626577   20.950710   26.626577    2.496262    0.00000000   0.0000   0.5902  1+[ 8, 0, 0]
  24    1    26.651871   20.976004   26.651871    2.497239    0.00000000   0.0000   0.4663  1+[ 8, 4, 0]
  25    1    33.842608  -39.518476  -33.842608    2.761039    1.00000000   0.0000   0.9321  1+[ 0, 0, 0]
  26    2     0.197932   -5.477936    0.197932    1.064466    0.00000000   0.0000   0.5029  1-[ 5, 1, 0]
  27    2     0.419601   -6.095468   -0.419601    1.084366    1.00000000   0.0000   0.5042  1-[ 5, 5, 0]
  28    2     0.741118   -4.934750    0.741118    1.112597    0.00000000   0.0000   0.5552  1-[ 5, 0, 1]
  29    2     1.322794   -4.353074    1.322794    1.161930    0.00000000   0.0000   0.6197  1-[ 5, 3, 0]
  30    2     2.154065   -3.521803    2.154065    1.228999    0.00000000   0.0000   0.6422  1-[ 5, 4, 1]
  31    2     5.634699  -11.310567   -5.634699    1.477116    1.00000000   0.0000   0.5523  1-[ 5, 3, 0]
  32    2     9.784107    4.108239    9.784107    1.726938    0.00000000   0.0000   0.5189  1-[ 7, 3, 0]
  33    2    14.518938  -20.194805  -14.518938    1.973751    1.00000000   0.0000   0.6295  1-[ 3, 3, 0]
  34    2    14.572786    8.896918   14.572786    1.976380    0.00000000   0.0000   0.4490  1-[ 7, 6, 1]
  35    2    15.192145  -20.868013  -15.192145    2.006379    1.00000000   0.0000   0.6251  1-[ 3, 2, 1]
  36    2    15.739289  -21.415156  -15.739289    2.032512    1.00000000   0.0000   0.5891  1-[ 3, 0, 1]
  37    2    17.341987   11.666119   17.341987    2.107196    0.00000000   0.0000   0.5364  1-[ 7, 7, 0]
  38    2    17.725791   12.049924   17.725791    2.124691    0.00000000   0.0000   0.5451  1-[ 7, 2, 1]
  39    2    18.053437   12.377569   18.053437    2.139513    0.00000000   0.0000   0.6275  1-[ 7, 6, 1]
  40    2    18.385439   12.709572   18.385439    2.154428    0.00000000   0.0000   0.6485  1-[ 7, 0, 1]
  41    2    18.632863   12.956996   18.632863    2.165477    0.00000000   0.0000   0.5671  1-[ 7, 5, 0]
  42    2    19.017696  -24.693564  -19.017696    2.182551    1.00000000   0.0000   0.5750  1-[ 3, 1, 0]
  43    2    19.044300   13.368432   19.044300    2.183726    0.00000000   0.0000   0.5587  1-[ 7, 2, 1]
  44    2    28.559676  -34.235544  -28.559676    2.569869    1.00000000   0.0000   0.7917  1-[ 1, 0, 1]
  45    2    29.475556  -35.151423  -29.475556    2.604017    1.00000000   0.0000   0.7756  1-[ 1, 1, 0]
  46    3     1.885673   -3.790195    1.885673    1.207751    0.00000000   0.0000   0.6009  3+[ 6, 3, 1]
  47    3     6.136133  -11.812001   -6.136133    1.509504    1.00000000   0.0000   0.5279  3+[ 4, 0, 2]
  48    3     6.728823    1.052956    6.728823    1.546911    0.00000000   0.0000   0.5460  3+[ 6, 5, 1]
  49    3     7.447418  -13.123286   -7.447418    1.591086    1.00000000   0.0000   0.5633  3+[ 4, 1, 1]
  50    3     7.976774  -13.652642   -7.976774    1.622859    1.00000000   0.0000   0.5966  3+[ 4, 0, 2]
  51    3     8.092220    2.416352    8.092220    1.629706    0.00000000   0.0000   0.7374  3+[ 6, 0, 2]
  52    3     8.790535    3.114667    8.790535    1.670524    0.00000000   0.0000   0.6326  3+[ 6, 1, 1]
  53    3     9.083607    3.407740    9.083607    1.687360    0.00000000   0.0000   0.7138  3+[ 6, 3, 1]
  54    3     9.834848    4.158980    9.834848    1.729770    0.00000000   0.0000   0.7469  3+[ 6, 4, 2]
  55    3    12.654313  -18.330181  -12.654313    1.880424    1.00000000   0.0000   0.5768  3+[ 4, 3, 1]
  56    3    18.146995   12.471128   18.146995    2.143727    0.00000000   0.0000   0.5088  3+[ 8, 3, 1]
  57    3    21.520570   15.844702   21.520570    2.290490    0.00000000   0.0000   0.4926  3+[ 8, 7, 1]
  58    3    22.463907  -28.139774  -22.463907    2.329876    1.00000000   0.0000   0.8379  3+[ 2, 0, 2]
  59    3    24.223151   18.547283   24.223151    2.401601    0.00000000   0.0000   0.5943  3+[ 8, 7, 1]
  60    3    24.505494  -30.181361  -24.505494    2.412914    1.00000000   0.0000   0.8273  3+[ 2, 1, 1]
  61    3    24.770361   19.094494   24.770361    2.423479    0.00000000   0.0000   0.7363  3+[ 8, 0, 2]
  62    3    24.969167   19.293300   24.969167    2.431378    0.00000000   0.0000   0.5908  3+[ 8, 1, 1]
  63    3    25.313811   19.637944   25.313811    2.445012    0.00000000   0.0000   0.6340  3+[ 8, 2, 2]
  64    3    26.388656   20.712789   26.388656    2.487052    0.00000000   0.0000   0.5358  3+[ 8, 4, 2]
  65    3    26.720593   21.044726   26.720593    2.499892    0.00000000   0.0000   0.5074  3+[ 8, 4, 2]
  66    4     0.269791   -5.406076    0.269791    1.070958    0.00000000   0.0000   0.5931  3-[ 5, 1, 2]
  67    4     0.305230   -5.981097   -0.305230    1.074145    1.00000000   0.0000   0.6034  3-[ 5, 0, 1]
  68    4     0.720956   -4.954911    0.720956    1.110848    0.00000000   0.0000   0.7026  3-[ 5, 2, 1]
  69    4     2.340488   -3.335379    2.340488    1.243543    0.00000000   0.0000   0.6181  3-[ 5, 3, 2]
  70    4     5.576526  -11.252394   -5.576526    1.473313    1.00000000   0.0000   0.6038  3-[ 5, 2, 1]
  71    4     9.825402    4.149535    9.825402    1.729243    0.00000000   0.0000   0.5673  3-[ 7, 4, 1]
  72    4    14.689896    9.014029   14.689896    1.982087    0.00000000   0.0000   0.5582  3-[ 7, 6, 1]
  73    4    15.376316  -21.052183  -15.376316    2.015213    1.00000000   0.0000   0.6529  3-[ 3, 2, 1]
  74    4    15.646671  -21.322539  -15.646671    2.028112    1.00000000   0.0000   0.6672  3-[ 3, 0, 1]
  75    4    17.519475   11.843608   17.519475    2.115304    0.00000000   0.0000   0.5509  3-[ 7, 0, 1]
  76    4    17.804007   12.128140   17.804007    2.128239    0.00000000   0.0000   0.5564  3-[ 7, 3, 2]
  77    4    18.232378   12.556511   18.232378    2.147565    0.00000000   0.0000   0.6826  3-[ 7, 5, 2]
  78    4    18.680387   13.004520   18.680387    2.167593    0.00000000   0.0000   0.5413  3-[ 7, 0, 1]
  79    4    18.879520   13.203652   18.879520    2.176436    0.00000000   0.0000   0.4435  3-[ 7, 4, 1]
  80    4    18.927338  -24.603205  -18.927338    2.178554    1.00000000   0.0000   0.6985  3-[ 3, 2, 1]
  81    4    29.357960  -35.033828  -29.357960    2.599658    1.00000000   0.0000   0.9200  3-[ 1, 0, 1]
  82    5     1.946699   -3.729169    1.946699    1.212615    0.00000000   0.0000   0.6125  5+[ 6, 2, 2]
  83    5     6.752125    1.076258    6.752125    1.548363    0.00000000   0.0000   0.6593  5+[ 6, 0, 2]
  84    5     7.681928  -13.357795   -7.681928    1.605239    1.00000000   0.0000   0.6736  5+[ 4, 1, 3]
  85    5     7.827171    2.151303    7.827171    1.613943    0.00000000   0.0000   0.5633  5+[ 6, 0, 2]
  86    5     8.150500  -13.826367   -8.150500    1.633151    1.00000000   0.0000   0.7338  5+[ 4, 0, 2]
  87    5     8.919820    3.243953    8.919820    1.677972    0.00000000   0.0000   0.7088  5+[ 6, 1, 3]
  88    5     9.952380    4.276513    9.952380    1.736311    0.00000000   0.0000   0.7509  5+[ 6, 3, 3]
  89    5    12.602233  -18.278100  -12.602233    1.877751    1.00000000   0.0000   0.7542  5+[ 4, 2, 2]
  90    5    18.216303   12.540436   18.216303    2.146843    0.00000000   0.0000   0.5961  5+[ 8, 4, 2]
  91    5    21.652891   15.977023   21.652891    2.296055    0.00000000   0.0000   0.5966  5+[ 8, 6, 2]
  92    5    24.326859   18.650992   24.326859    2.405763    0.00000000   0.0000   0.5832  5+[ 8, 4, 2]
  93    5    24.456786  -30.132654  -24.456786    2.410966    1.00000000   0.0000   0.9300  5+[ 2, 0, 2]
  94    5    24.690843   19.014975   24.690843    2.420312    0.00000000   0.0000   0.8309  5+[ 8, 0, 2]
  95    5    25.332579   19.656712   25.332579    2.445752    0.00000000   0.0000   0.6205  5+[ 8, 1, 3]
  96    5    26.452164   20.776297   26.452164    2.489513    0.00000000   0.0000   0.6190  5+[ 8, 3, 3]
  97    5    26.841440   21.165573   26.841440    2.504550    0.00000000   0.0000   0.6079  5+[ 8, 5, 3]
  98    6     0.210265   -5.886133   -0.210265    1.065583    1.00000000   0.0000   0.5607  5-[ 5, 3, 2]
  99    6     0.352815   -5.323053    0.352815    1.078409    0.00000000   0.0000   0.6629  5-[ 5, 2, 3]
 100    6     1.904675   -3.771192    1.904675    1.209268    0.00000000   0.0000   0.5996  5-[ 5, 0, 3]
 101    6     5.509716  -11.185584   -5.509716    1.468932    1.00000000   0.0000   0.6343  5-[ 5, 3, 2]
 102    6     9.895044    4.219176    9.895044    1.733123    0.00000000   0.0000   0.6239  5-[ 7, 3, 2]
 103    6    14.818137    9.142269   14.818137    1.988318    0.00000000   0.0000   0.6232  5-[ 7, 5, 2]
 104    6    15.696562  -21.372429  -15.696562    2.030483    1.00000000   0.0000   0.8750  5-[ 3, 0, 3]
 105    6    17.379531   11.703664   17.379531    2.108913    0.00000000   0.0000   0.7949  5-[ 7, 0, 3]
 106    6    17.850734   12.174867   17.850734    2.130355    0.00000000   0.0000   0.7459  5-[ 7, 2, 3]
 107    6    18.228479   12.552611   18.228479    2.147390    0.00000000   0.0000   0.6312  5-[ 7, 3, 2]
 108    6    18.510785   12.834918   18.510785    2.160033    0.00000000   0.0000   0.7966  5-[ 7, 4, 3]
 109    6    18.904080  -24.579947  -18.904080    2.177524    1.00000000   0.0000   0.8693  5-[ 3, 1, 2]
 110    7     1.966424   -3.709443    1.966424    1.214183    0.00000000   0.0000   0.6708  7+[ 6, 3, 3]
 111    7     6.855046    1.179178    6.855046    1.554762    0.00000000   0.0000   0.6514  7+[ 6, 1, 3]
 112    7     8.258550  -13.934418   -8.258550    1.639520    1.00000000   0.0000   0.9024  7+[ 4, 0, 4]
 113    7     8.719047    3.043180    8.719047    1.666391    0.00000000   0.0000   0.7547  7+[ 6, 0, 4]
 114    7     9.619810    3.943942    9.619810    1.717737    0.00000000   0.0000   0.7689  7+[ 6, 2, 4]
 115    7    12.669533  -18.345401  -12.669533    1.881205    1.00000000   0.0000   0.8990  7+[ 4, 1, 3]
 116    7    18.283679   12.607811   18.283679    2.149868    0.00000000   0.0000   0.6355  7+[ 8, 3, 3]
 117    7    21.743750   16.067883   21.743750    2.299869    0.00000000   0.0000   0.6384  7+[ 8, 5, 3]
 118    7    24.323121   18.647254   24.323121    2.405613    0.00000000   0.0000   0.5565  7+[ 8, 3, 3]
 119    7    25.283812   19.607945   25.283812    2.443828    0.00000000   0.0000   0.6048  7+[ 8, 0, 4]
 120    7    26.077469   20.401602   26.077469    2.474954    0.00000000   0.0000   0.5860  7+[ 8, 2, 4]
 121    7    26.962976   21.287109   26.962976    2.509226    0.00000000   0.0000   0.7362  7+[ 8, 4, 4]
 122    8     0.400978   -5.274889    0.400978    1.082708    0.00000000   0.0000   0.8581  7-[ 5, 1, 4]
 123    8     0.775885   -6.451752   -0.775885    1.115607    1.00000000   0.0000   0.8247  7-[ 5, 0, 3]
 124    8     5.521876  -11.197743   -5.521876    1.469730    1.00000000   0.0000   0.7895  7-[ 5, 2, 3]
 125    8     9.951658    4.275791    9.951658    1.736271    0.00000000   0.0000   0.6115  7-[ 7, 2, 3]
 126    8    14.859378    9.183510   14.859378    1.990318    0.00000000   0.0000   0.6149  7-[ 7, 4, 3]
 127    8    16.986668   11.310800   16.986668    2.090868    0.00000000   0.0000   0.7935  7-[ 7, 0, 3]
 128    8    17.794177   12.118309   17.794177    2.127793    0.00000000   0.0000   0.8390  7-[ 7, 1, 4]
 129    8    18.561417   12.885550   18.561417    2.162292    0.00000000   0.0000   0.8470  7-[ 7, 3, 4]
 130    8    18.985578  -24.661445  -18.985578    2.181131    1.00000000   0.0000   0.9510  7-[ 3, 0, 3]
 131    9     1.880258   -3.795609    1.880258    1.207319    0.00000000   0.0000   0.8135  9+[ 6, 2, 4]
 132    9     6.293125    0.617258    6.293125    1.519502    0.00000000   0.0000   0.8513  9+[ 6, 0, 4]
 133    9     8.847842    3.171975    8.847842    1.673829    0.00000000   0.0000   0.8922  9+[ 6, 1, 5]
 134    9    12.925998  -18.601866  -12.925998    1.894308    1.00000000   0.0000   0.9697  9+[ 4, 0, 4]
 135    9    18.300484   12.624617   18.300484    2.150621    0.00000000   0.0000   0.6269  9+[ 8, 2, 4]
 136    9    21.763054   16.087187   21.763054    2.300679    0.00000000   0.0000   0.6357  9+[ 8, 4, 4]
 137    9    24.023289   18.347422   24.023289    2.393561    0.00000000   0.0000   0.8105  9+[ 8, 0, 4]
 138    9    25.320127   19.644260   25.320127    2.445261    0.00000000   0.0000   0.8473  9+[ 8, 1, 5]
 139    9    26.983596   21.307729   26.983596    2.510019    0.00000000   0.0000   0.8335  9+[ 8, 3, 5]
 140   10     0.245723   -5.921590   -0.245723    1.068788    1.00000000   0.0000   0.9211  9-[ 5, 0, 5]
 141   10     5.694518  -11.370386   -5.694518    1.481017    1.00000000   0.0000   0.9215  9-[ 5, 1, 4]
 142   10     9.932123    4.256256    9.932123    1.735186    0.00000000   0.0000   0.7083  9-[ 7, 3, 4]
 143   10    14.816666    9.140798   14.816666    1.988247    0.00000000   0.0000   0.7393  9-[ 7, 1, 4]
 144   10    17.631251   11.955383   17.631251    2.120395    0.00000000   0.0000   0.8632  9-[ 7, 0, 5]
 145   10    18.327365   12.651497   18.327365    2.151827    0.00000000   0.0000   0.8441  9-[ 7, 2, 5]
 146   11     1.604091   -4.071777    1.604091    1.185051    0.00000000   0.0000   0.9376 11+[ 6, 1, 5]
 147   11     8.112238    2.436371    8.112238    1.630890    0.00000000   0.0000   0.9336 11+[ 6, 0, 6]
 148   11    18.216338   12.540471   18.216338    2.146844    0.00000000   0.0000   0.7044 11+[ 8, 3, 5]
 149   11    21.672055   15.996188   21.672055    2.296860    0.00000000   0.0000   0.7412 11+[ 8, 1, 5]
 150   11    24.960629   19.284762   24.960629    2.431039    0.00000000   0.0000   0.9185 11+[ 8, 0, 6]
 151   11    26.786373   21.110506   26.786373    2.502428    0.00000000   0.0000   0.8882 11+[ 8, 2, 6]
 152   12     6.114434  -11.790302   -6.114434    1.508116    1.00000000   0.0000   0.9836 11-[ 5, 0, 5]
 153   12     9.771612    4.095744    9.771612    1.726240    0.00000000   0.0000   0.8413 11-[ 7, 2, 5]
 154   12    14.471085    8.795218   14.471085    1.971411    0.00000000   0.0000   0.9127 11-[ 7, 0, 5]
 155   12    17.682492   12.006624   17.682492    2.122724    0.00000000   0.0000   0.9125 11-[ 7, 1, 6]
 156   13     1.080434   -4.595434    1.080434    1.141634    0.00000000   0.0000   0.9935 13+[ 6, 0, 6]
 157   13    17.972399   12.296532   17.972399    2.135857    0.00000000   0.0000   0.8384 13+[ 8, 2, 6]
 158   13    21.242675   15.566808   21.242675    2.278758    0.00000000   0.0000   0.9107 13+[ 8, 0, 6]
 159   13    26.296611   20.620743   26.296611    2.483479    0.00000000   0.0000   0.9219 13+[ 8, 1, 7]
 160   14     9.383634    3.707767    9.383634    1.704424    0.00000000   0.0000   0.9493 13-[ 7, 1, 6]
 161   14    16.932076   11.256208   16.932076    2.088348    0.00000000   0.0000   0.9493 13-[ 7, 0, 7]
 162   15    17.501018   11.825150   17.501018    2.114462    0.00000000   0.0000   0.9549 15+[ 8, 1, 7]
 163   15    25.544336   19.868468   25.544336    2.454089    0.00000000   0.0000   0.9549 15+[ 8, 0, 8]
 164   16     8.784499    3.108632    8.784499    1.670175    0.00000000   0.0000   1.0000 15-[ 7, 0, 7]
 165   17    16.768890   11.093022   16.768890    2.080798    0.00000000   0.0000   1.0000 17+[ 8, 0, 8]
#all active are  165 q.p. states out of  165
#since the cut off is pwi=  60.0
#check: number of neutrons=  92.0


 #canonical s.p. energies neutrons
 ---------------------------------


  labels -> {2*omega}{parity}[nn=nz+2*nr+nl,nz,nl]
  cqpe   -> canonical q.p. energies
  ce     -> canonical s.p. energies
  fermi energy=  -5.6758674575882626     
  average cdelt=  -1.8672089659526152E-023
  k0      ceqp        ce         v*v       u*v        cdel     overl      labels
   1    9.352724    9.352724   0.00000000   0.00000000  -0.0000   0.5868  1+[ 6, 6, 0]
   2    4.890626    4.890626   0.00000000   0.00000000  -0.0000   0.5444  1+[ 6, 2, 0]
   3   10.708495   10.708495   0.00000000   0.00000000  -0.0000   0.4757  1+[ 6, 2, 0]
   4   13.637443   13.637443   0.00000000   0.00000000  -0.0000   0.6089  1+[ 8, 8, 0]
   5   14.315958   14.315958   0.00000000   0.00000000  -0.0000   0.5079  1+[ 8, 2, 0]
   6    8.394829    8.394829   0.00000000   0.00000000  -0.0000   0.5276  1+[ 8, 4, 0]
   7   12.984424   12.984424   0.00000000   0.00000000  -0.0000   0.5050  1+[ 8, 7, 1]
   8    9.683118    9.683118   0.00000000   0.00000000  -0.0000   0.6915  1+[ 8, 0, 0]
   9   13.793592   13.793592   0.00000000   0.00000000  -0.0000   0.6509  1+[ 8, 1, 1]
  10   16.772443   16.772443   0.00000000   0.00000000  -0.0000   0.7247  1+[ 8, 3, 1]
  11   13.595883   13.595883   0.00000000   0.00000000  -0.0000   0.5207  1+[ 6, 4, 0]
  12   12.874941   12.874941   0.00000000   0.00000001  -0.0000   0.4613  1+[ 8, 7, 1]
  13    5.430693    5.430693   0.00000000   0.00000001  -0.0000   0.4764  1+[ 6, 0, 0]
  14   17.798240   17.798240   0.00000000   0.00000001  -0.0000   0.9593  1+[ 8, 5, 1]
  15    7.648027    7.648027   0.00000000   0.00000001  -0.0000   0.5344  1+[ 6, 1, 1]
  16    8.440028    8.440028   0.00000000   0.00000002  -0.0000   0.4564  1+[ 6, 3, 1]
  17   16.851096  -28.202831   1.00000000   0.00000018  -0.0000   0.7148  1+[ 2, 1, 1]
  18    0.188732  -11.540467   1.00000000   0.00000013  -0.0000   0.5700  1+[ 4, 2, 0]
  19    4.740118  -16.091853   1.00000000   0.00000004  -0.0000   0.6098  1+[ 4, 4, 0]
  20   26.007003  -37.358738   1.00000000   0.00000004  -0.0000   0.8869  1+[ 0, 0, 0]
  21    5.219891  -16.571626   1.00000000   0.00000000  -0.0000   0.7016  1+[ 4, 3, 1]
  22   16.092425  -27.444160   1.00000000   0.00000000  -0.0000   0.5674  1+[ 2, 2, 0]
  23    6.180787  -17.532522   1.00000000   0.00000000  -0.0000   0.7493  1+[ 4, 2, 0]
  24    0.377012  -11.728747   1.00000000   0.00000000  -0.0000   0.5037  1+[ 4, 0, 0]
  25   16.849507  -28.201242   1.00000000   0.00000000  -0.0000   0.7641  1+[ 2, 0, 0]
  26    3.086547    3.086547   0.00000000   0.00000000  -0.0000   0.4763  1-[ 5, 4, 1]
  27   12.576756   12.576756   0.00000000   0.00000000  -0.0000   0.7765  1-[ 7, 7, 0]
  28   11.632060   11.632060   0.00000000   0.00000000  -0.0000   0.5718  1-[ 7, 1, 0]
  29    8.379106    8.379106   0.00000000   0.00000000  -0.0000   0.7933  1-[ 7, 3, 0]
  30    9.008257    9.008257   0.00000000   0.00000000  -0.0000   0.7036  1-[ 7, 2, 1]
  31    8.185859    8.185859   0.00000000   0.00000001  -0.0000   0.7806  1-[ 7, 5, 0]
  32    9.388046    9.388046   0.00000000   0.00000001  -0.0000   0.5124  1-[ 7, 1, 0]
  33   10.443513   10.443513   0.00000000   0.00000002  -0.0000   0.7470  1-[ 7, 6, 1]
  34   11.911822   11.911822   0.00000000   0.00000002  -0.0000   0.6760  1-[ 7, 4, 1]
  35   -4.353074   -4.353074   0.00000000   0.00000180  -0.0000   0.6197  1-[ 5, 3, 0]
  36   -4.934750   -4.934750   0.00000037   0.00060446  -0.0000   0.5552  1-[ 5, 0, 1]
  37   -5.477936   -5.477936   0.01873158   0.13557548  -0.0000   0.5029  1-[ 5, 1, 0]
  38   -5.256267   -6.095468   0.99977338   0.01505216  -0.0000   0.5042  1-[ 5, 5, 0]
  39    9.548314  -20.900049   1.00000000   0.00000006  -0.0000   0.6905  1-[ 3, 0, 1]
  40   22.078862  -33.430596   1.00000000   0.00000003  -0.0000   0.9451  1-[ 1, 0, 1]
  41   11.925819  -23.277554   1.00000000   0.00000001  -0.0000   0.6381  1-[ 3, 1, 0]
  42    7.992458  -19.344193   1.00000000   0.00000000  -0.0000   0.5631  1-[ 3, 2, 1]
  43   20.605653  -31.957388   1.00000000   0.00000000  -0.0000   0.8398  1-[ 1, 1, 0]
  44    6.197464  -17.549199   1.00000000   0.00000000  -0.0000   0.4092  1-[ 5, 3, 0]
  45   10.058358  -21.410093   1.00000000   0.00000000  -0.0000   0.7927  1-[ 3, 3, 0]
  46    5.407770    5.407770   0.00000000   0.00000000  -0.0000   0.8745  3+[ 6, 4, 2]
  47   14.740928   14.740928   0.00000000   0.00000000  -0.0000   0.6488  3+[ 8, 7, 1]
  48   11.866130   11.866130   0.00000000   0.00000000  -0.0000   0.5970  3+[ 8, 5, 1]
  49   16.710021   16.710021   0.00000000   0.00000000  -0.0000   0.9188  3+[ 8, 1, 1]
  50   16.745205   16.745205   0.00000000   0.00000000  -0.0000   0.9808  3+[ 8, 3, 1]
  51   18.200762   18.200762   0.00000000   0.00000000  -0.0000   0.6945  3+[ 8, 4, 2]
  52    7.606360    7.606360   0.00000000   0.00000000  -0.0000   0.6976  3+[ 6, 3, 1]
  53   14.339967   14.339967   0.00000000   0.00000001  -0.0000   0.6759  3+[ 8, 7, 1]
  54    2.050747    2.050747   0.00000000   0.00000001  -0.0000   0.6011  3+[ 6, 2, 2]
  55    9.768951    9.768951   0.00000000   0.00000001  -0.0000   0.4951  3+[ 6, 1, 1]
  56   11.788103   11.788103   0.00000000   0.00000001  -0.0000   0.5273  3+[ 8, 2, 2]
  57   15.552580   15.552580   0.00000000   0.00000001  -0.0000   0.8916  3+[ 8, 6, 2]
  58    7.894690    7.894690   0.00000000   0.00000001  -0.0000   0.5868  3+[ 6, 0, 2]
  59    4.334652    4.334652   0.00000000   0.00000002  -0.0000   0.6286  3+[ 6, 0, 2]
  60    2.194457  -13.546192   1.00000000   0.00000004  -0.0000   0.7022  3+[ 4, 2, 2]
  61   13.731917  -25.083651   1.00000000   0.00000002  -0.0000   0.6752  3+[ 2, 1, 1]
  62   15.575706  -26.927441   1.00000000   0.00000000  -0.0000   0.9250  3+[ 2, 0, 2]
  63   10.162021  -21.513756   1.00000000   0.00000000  -0.0000   0.5704  3+[ 4, 2, 2]
  64    3.574484  -14.926219   1.00000000   0.00000000  -0.0000   0.7965  3+[ 4, 0, 2]
  65    1.890250  -13.241985   1.00000000   0.00000000  -0.0000   0.7185  3+[ 4, 3, 1]
  66    9.946215    9.946215   0.00000000   0.00000000  -0.0000   0.8068  3-[ 7, 5, 2]
  67    9.583922    9.583922   0.00000000   0.00000000  -0.0000   0.5437  3-[ 7, 2, 1]
  68    4.898184    4.898184   0.00000000   0.00000000  -0.0000   0.4754  3-[ 7, 6, 1]
  69    8.958526    8.958526   0.00000000   0.00000000  -0.0000   0.7376  3-[ 7, 4, 1]
  70    9.942782    9.942782   0.00000000   0.00000000  -0.0000   0.9779  3-[ 7, 3, 2]
  71    9.699643    9.699643   0.00000000   0.00000000  -0.0000   0.9359  3-[ 7, 1, 2]
  72    7.868202    7.868202   0.00000000   0.00000001  -0.0000   0.6750  3-[ 7, 0, 1]
  73   11.667139   11.667139   0.00000000   0.00000002  -0.0000   0.7510  3-[ 7, 6, 1]
  74   -4.954911   -4.954911   0.00000055   0.00073948  -0.0000   0.7026  3-[ 5, 2, 1]
  75   -5.406076   -5.406076   0.00451501   0.06704196  -0.0000   0.5931  3-[ 5, 1, 2]
  76   -5.370637   -5.981097   0.99777240   0.04714488  -0.0000   0.6034  3-[ 5, 0, 1]
  77    9.460882  -20.812617   1.00000000   0.00000003  -0.0000   0.7391  3-[ 3, 1, 2]
  78    1.716400  -13.068135   1.00000000   0.00000001  -0.0000   0.5346  3-[ 5, 2, 1]
  79   11.790926  -23.142661   1.00000000   0.00000000  -0.0000   0.6930  3-[ 3, 2, 1]
  80   21.240387  -32.592122   1.00000000   0.00000000  -0.0000   0.9964  3-[ 1, 0, 1]
  81   12.296880  -23.648614   1.00000000   0.00000000  -0.0000   0.8474  3-[ 3, 0, 1]
  82   17.075128   17.075128   0.00000000   0.00000000  -0.0000   0.9741  5+[ 8, 6, 2]
  83    3.812640    3.812640   0.00000000   0.00000000  -0.0000   0.7854  5+[ 6, 2, 2]
  84   11.757970   11.757970   0.00000000   0.00000000  -0.0000   0.7597  5+[ 8, 0, 2]
  85   12.240948   12.240948   0.00000000   0.00000000  -0.0000   0.6397  5+[ 8, 2, 2]
  86   12.990714   12.990714   0.00000000   0.00000000  -0.0000   0.6047  5+[ 8, 4, 2]
  87   16.048946   16.048946   0.00000000   0.00000000  -0.0000   0.8746  5+[ 8, 1, 3]
  88   16.258128   16.258128   0.00000000   0.00000000  -0.0000   0.7059  5+[ 8, 3, 3]
  89   16.226346   16.226346   0.00000000   0.00000000  -0.0000   0.5024  5+[ 8, 2, 2]
  90   15.210423   15.210423   0.00000000   0.00000001  -0.0000   0.7362  5+[ 8, 5, 3]
  91    3.267260    3.267260   0.00000000   0.00000001  -0.0000   0.7680  5+[ 6, 4, 2]
  92    3.845282    3.845282   0.00000000   0.00000001  -0.0000   0.8230  5+[ 6, 0, 2]
  93    6.067080    6.067080   0.00000000   0.00000001  -0.0000   0.7348  5+[ 6, 1, 3]
  94    2.281610  -13.633345   1.00000000   0.00000007  -0.0000   0.7393  5+[ 4, 0, 2]
  95   14.059506  -25.411241   1.00000000   0.00000002  -0.0000   0.6956  5+[ 2, 0, 2]
  96   11.535891  -22.887626   1.00000000   0.00000002  -0.0000   0.6404  5+[ 4, 2, 2]
  97    2.310970  -13.662705   1.00000000   0.00000000  -0.0000   0.8798  5+[ 4, 1, 3]
  98   10.208788   10.208788   0.00000000   0.00000000  -0.0000   0.7842  5-[ 7, 5, 2]
  99    1.209836    1.209836   0.00000000   0.00000000  -0.0000   0.6203  5-[ 5, 0, 3]
 100   11.689649   11.689649   0.00000000   0.00000000  -0.0000   0.6340  5-[ 7, 3, 2]
 101   10.650725   10.650725   0.00000000   0.00000000  -0.0000   0.9224  5-[ 7, 2, 3]
 102    6.639651    6.639651   0.00000000   0.00000000  -0.0000   0.7377  5-[ 7, 3, 2]
 103    7.416877    7.416877   0.00000000   0.00000000  -0.0000   0.8640  5-[ 7, 0, 3]
 104   11.040788   11.040788   0.00000000   0.00000002  -0.0000   0.9920  5-[ 7, 4, 3]
 105   -5.323053   -5.323053   0.00086122   0.02933399  -0.0000   0.6629  5-[ 5, 2, 3]
 106   -5.465602   -5.886133   0.98530305   0.12033680  -0.0000   0.5607  5-[ 5, 3, 2]
 107   12.896460  -24.248195   1.00000000   0.00000003  -0.0000   0.7366  5-[ 3, 1, 2]
 108   10.206047  -21.557782   1.00000000   0.00000001  -0.0000   0.7446  5-[ 3, 0, 3]
 109   -0.019752  -11.331983   1.00000000   0.00000000  -0.0000   0.6173  5-[ 5, 3, 2]
 110    5.884847    5.884847   0.00000000   0.00000000  -0.0000   0.6923  7+[ 6, 1, 3]
 111    9.870783    9.870783   0.00000000   0.00000000  -0.0000   0.6195  7+[ 8, 2, 4]
 112   14.616421   14.616421   0.00000000   0.00000000  -0.0000   0.4347  7+[ 8, 2, 4]
 113   17.101651   17.101651   0.00000000   0.00000000  -0.0000   0.6119  7+[ 8, 4, 4]
 114   17.775545   17.775545   0.00000000   0.00000000  -0.0000   0.5594  7+[ 8, 4, 4]
 115   15.869905   15.869905   0.00000000   0.00000000  -0.0000   0.6686  7+[ 8, 1, 3]
 116   17.651310   17.651310   0.00000000   0.00000000  -0.0000   0.5816  7+[ 8, 5, 3]
 117    8.271271    8.271271   0.00000000   0.00000000  -0.0000   0.8283  7+[ 6, 0, 4]
 118    6.342458    6.342458   0.00000000   0.00000000  -0.0000   0.6106  7+[ 8, 0, 4]
 119   -0.307730   -0.307730   0.00000000   0.00000002  -0.0000   0.9887  7+[ 6, 3, 3]
 120    6.323178  -17.674913   1.00000000   0.00000002  -0.0000   0.9789  7+[ 4, 1, 3]
 121    3.253171  -14.604906   1.00000000   0.00000000  -0.0000   0.9799  7+[ 4, 0, 4]
 122    9.411044    9.411044   0.00000000   0.00000000  -0.0000   0.6675  7-[ 7, 4, 3]
 123   10.618287   10.618287   0.00000000   0.00000000  -0.0000   0.5919  7-[ 7, 0, 3]
 124    9.952834    9.952834   0.00000000   0.00000000  -0.0000   0.7076  7-[ 7, 4, 3]
 125    8.890886    8.890886   0.00000000   0.00000001  -0.0000   0.7221  7-[ 7, 2, 3]
 126   10.900910   10.900910   0.00000000   0.00000002  -0.0000   0.9712  7-[ 7, 3, 4]
 127   -5.274889   -5.274889   0.00032886   0.01813142  -0.0000   0.8581  7-[ 5, 1, 4]
 128   -4.899983   -6.451752   0.99999982   0.00042695  -0.0000   0.8247  7-[ 5, 0, 3]
 129   13.293839  -24.645574   1.00000000   0.00000001  -0.0000   0.9522  7-[ 3, 0, 3]
 130   -0.138120  -11.213615   1.00000000   0.00000000  -0.0000   0.7862  7-[ 5, 2, 3]
 131    3.297589    3.297589   0.00000000   0.00000000  -0.0000   0.8285  9+[ 6, 0, 4]
 132    9.652814    9.652814   0.00000000   0.00000000  -0.0000   0.6670  9+[ 8, 0, 4]
 133   16.441155   16.441155   0.00000000   0.00000000  -0.0000   0.7042  9+[ 8, 4, 4]
 134   18.103608   18.103608   0.00000000   0.00000000  -0.0000   0.9203  9+[ 8, 3, 5]
 135   18.742718   18.742718   0.00000000   0.00000000  -0.0000   0.9336  9+[ 8, 1, 5]
 136   15.794965   15.794965   0.00000000   0.00000000  -0.0000   0.8245  9+[ 8, 2, 4]
 137    9.628680    9.628680   0.00000000   0.00000000  -0.0000   0.6522  9+[ 6, 1, 5]
 138   -3.656693   -3.656693   0.00000000   0.00000001  -0.0000   0.8453  9+[ 6, 2, 4]
 139    7.250131  -18.601866   1.00000000   0.00000002  -0.0000   0.9697  9+[ 4, 0, 4]
 140    9.624028    9.624028   0.00000000   0.00000000  -0.0000   0.8179  9-[ 7, 1, 4]
 141    5.644702    5.644702   0.00000000   0.00000000  -0.0000   0.8299  9-[ 7, 3, 4]
 142   11.282027   11.282027   0.00000000   0.00000001  -0.0000   0.9944  9-[ 7, 2, 5]
 143   11.453177   11.453177   0.00000000   0.00000002  -0.0000   0.9869  9-[ 7, 0, 5]
 144   -5.430145   -5.921590   0.99271376   0.08504793  -0.0000   0.9211  9-[ 5, 0, 5]
 145    0.018651  -11.370386   1.00000000   0.00000000  -0.0000   0.9215  9-[ 5, 1, 4]
 146    2.721680    2.721680   0.00000000   0.00000000  -0.0000   0.9408 11+[ 6, 0, 6]
 147   14.858157   14.858157   0.00000000   0.00000000  -0.0000   0.8622 11+[ 8, 1, 5]
 148   17.948546   17.948546   0.00000000   0.00000000  -0.0000   0.7946 11+[ 8, 3, 5]
 149   17.079276   17.079276   0.00000000   0.00000000  -0.0000   0.9243 11+[ 8, 2, 6]
 150   18.760638   18.760638   0.00000000   0.00000000  -0.0000   0.7026 11+[ 8, 0, 6]
 151   -4.071777   -4.071777   0.00000000   0.00000011  -0.0000   0.9376 11+[ 6, 1, 5]
 152    9.476993    9.476993   0.00000000   0.00000000  -0.0000   0.8890 11-[ 7, 1, 6]
 153    5.986628    5.986628   0.00000000   0.00000000  -0.0000   0.9960 11-[ 7, 2, 5]
 154    9.433965    9.433965   0.00000000   0.00000001  -0.0000   0.8702 11-[ 7, 0, 5]
 155    0.438567  -11.790302   1.00000000   0.00000000  -0.0000   0.9836 11-[ 5, 0, 5]
 156   18.115829   18.115829   0.00000000   0.00000000  -0.0000   0.9225 13+[ 8, 1, 7]
 157   13.957922   13.957922   0.00000000   0.00000000  -0.0000   0.9989 13+[ 8, 2, 6]
 158   16.410332   16.410332   0.00000000   0.00000000  -0.0000   0.9152 13+[ 8, 0, 6]
 159   -4.595434   -4.595434   0.00000000   0.00002031  -0.0000   0.9935 13+[ 6, 0, 6]
 160    4.453500    4.453500   0.00000000   0.00000000  -0.0000   1.0000 13-[ 7, 1, 6]
 161   10.510475   10.510475   0.00000000   0.00000000  -0.0000   1.0000 13-[ 7, 0, 7]
 162   12.534476   12.534476   0.00000000   0.00000000  -0.0000   1.0000 15+[ 8, 1, 7]
 163   19.159142   19.159142   0.00000000   0.00000000  -0.0000   1.0000 15+[ 8, 0, 8]
 164    3.108632    3.108632   0.00000000   0.00000000  -0.0000   1.0000 15-[ 7, 0, 7]
 165   11.093022   11.093022   0.00000000   0.00000000  -0.0000   1.0000 17+[ 8, 0, 8]
  Sum canonical e_v*V^2_k=  -1728.0082186046182     


 #quasiparticle energies protons 
 --------------------------------
  eqp(k) -> q.p. energy 
  e(k)   -> referent s.p. energy 
  p(k)   -> occ.probability 
  del(k) -> referent s.p. gap 
  fermi energy alast=  -7.1789239215361604     
  #k  block#    eqp(k)     e(k)       (1-2N)E      decay        p(k)        del(k)    overl      labels
   1    1     0.462019   -6.716905    0.462019    1.214076    0.00000000   0.0000   0.5776  1+[ 4, 2, 0]
   2    1     0.788528   -7.967452   -0.788528    1.239744    1.00000000   0.0000   0.5999  1+[ 4, 1, 1]
   3    1     0.880444   -8.059368   -0.880444    1.246875    1.00000000   0.0000   0.6202  1+[ 4, 0, 0]
   4    1     0.994496   -6.184428    0.994496    1.255667    0.00000000   0.0000   0.5556  1+[ 4, 3, 1]
   5    1     5.028969  -12.207893   -5.028969    1.534591    1.00000000   0.0000   0.5851  1+[ 4, 2, 0]
   6    1    10.047994    2.869070   10.047994    1.822956    0.00000000   0.0000   0.5059  1+[ 6, 3, 1]
   7    1    15.441235  -22.620158  -15.441235    2.088912    1.00000000   0.0000   0.7038  1+[ 2, 2, 0]
   8    1    15.782239    8.603315   15.782239    2.104599    0.00000000   0.0000   0.4734  1+[ 6, 6, 0]
   9    1    15.811667  -22.990591  -15.811667    2.105947    1.00000000   0.0000   0.7596  1+[ 2, 1, 1]
  10    1    16.304089    9.125165   16.304089    2.128381    0.00000000   0.0000   0.5343  1+[ 6, 3, 1]
  11    1    17.598829  -24.777753  -17.598829    2.186268    1.00000000   0.0000   0.5847  1+[ 2, 2, 0]
  12    1    17.984245   10.805321   17.984245    2.203206    0.00000000   0.0000   0.5408  1+[ 6, 1, 1]
  13    1    19.144519   11.965595   19.144519    2.253428    0.00000000   0.0000   0.6415  1+[ 6, 0, 0]
  14    1    19.966133   12.787209   19.966133    2.288326    0.00000000   0.0000   0.5554  1+[ 6, 4, 0]
  15    1    20.294334   13.115410   20.294334    2.302118    0.00000000   0.0000   0.5666  1+[ 6, 3, 1]
  16    1    26.985956   19.807032   26.985956    2.567216    0.00000000   0.0000   0.5118  1+[ 8, 4, 0]
  17    1    27.915441  -35.094365  -27.915441    2.601903    1.00000000   0.0000   0.9314  1+[ 0, 0, 0]
  18    1    33.173697   25.994773   33.173697    2.790026    0.00000000   0.0000   0.4787  1+[ 8, 6, 0]
  19    1    34.532288   27.353364   34.532288    2.836605    0.00000000   0.0000   0.4701  1+[ 8, 5, 1]
  20    1    34.938514   27.759590   34.938514    2.850384    0.00000000   0.0000   0.5667  1+[ 8, 8, 0]
  21    1    36.048990   28.870066   36.048990    2.887717    0.00000000   0.0000   0.4694  1+[ 8, 6, 0]
  22    1    36.411270   29.232346   36.411270    2.899792    0.00000000   0.0000   0.5912  1+[ 8, 8, 0]
  23    1    36.795407   29.616483   36.795407    2.912541    0.00000000   0.0000   0.7839  1+[ 8, 0, 0]
  24    1    36.921238   29.742314   36.921238    2.916705    0.00000000   0.0000   0.5896  1+[ 8, 1, 1]
  25    1    37.500153   30.321229   37.500153    2.935787    0.00000000   0.0000   0.5730  1+[ 8, 4, 0]
  26    2     2.325579   -4.853345    2.325579    1.354058    0.00000000   0.0000   0.5616  1-[ 5, 3, 0]
  27    2     7.138640  -14.317564   -7.138640    1.661908    1.00000000   0.0000   0.5879  1-[ 3, 3, 0]
  28    2     7.237280    0.058356    7.237280    1.667623    0.00000000   0.0000   0.5467  1-[ 5, 5, 0]
  29    2     7.603106    0.424182    7.603106    1.688649    0.00000000   0.0000   0.5230  1-[ 5, 1, 0]
  30    2     7.779975  -14.958899   -7.779975    1.698722    1.00000000   0.0000   0.5755  1-[ 3, 2, 1]
  31    2     8.763994  -15.942918   -8.763994    1.753704    1.00000000   0.0000   0.5781  1-[ 3, 0, 1]
  32    2     8.961714    1.782790    8.961714    1.764545    0.00000000   0.0000   0.6122  1-[ 5, 0, 1]
  33    2    10.503187    3.324263   10.503187    1.846883    0.00000000   0.0000   0.6097  1-[ 5, 2, 1]
  34    2    11.251779    4.072855   11.251779    1.885573    0.00000000   0.0000   0.6120  1-[ 5, 3, 0]
  35    2    11.546826  -18.725750  -11.546826    1.900606    1.00000000   0.0000   0.5625  1-[ 3, 1, 0]
  36    2    18.265257   11.086333   18.265257    2.215474    0.00000000   0.0000   0.5097  1-[ 7, 3, 0]
  37    2    22.298806  -29.477729  -22.298806    2.384621    1.00000000   0.0000   0.7003  1-[ 1, 1, 0]
  38    2    22.936334  -30.115258  -22.936334    2.410270    1.00000000   0.0000   0.6869  1-[ 1, 0, 1]
  39    2    25.010780   17.831856   25.010780    2.491902    0.00000000   0.0000   0.4352  1-[ 7, 1, 0]
  40    2    25.494697   18.315774   25.494697    2.510563    0.00000000   0.0000   0.5225  1-[ 7, 4, 1]
  41    2    27.480469   20.301545   27.480469    2.585728    0.00000000   0.0000   0.4861  1-[ 7, 6, 1]
  42    2    28.801142   21.622218   28.801142    2.634532    0.00000000   0.0000   0.6606  1-[ 7, 7, 0]
  43    2    29.049072   21.870148   29.049072    2.643593    0.00000000   0.0000   0.6471  1-[ 7, 0, 1]
  44    2    29.628165   22.449241   29.628165    2.664638    0.00000000   0.0000   0.4189  1-[ 7, 4, 1]
  45    2    30.019212   22.840288   30.019212    2.678755    0.00000000   0.0000   0.5282  1-[ 7, 1, 0]
  46    3     0.484833   -7.663756   -0.484833    1.215887    1.00000000   0.0000   0.6601  3+[ 4, 1, 1]
  47    3     0.727054   -6.451870    0.727054    1.234952    0.00000000   0.0000   0.5100  3+[ 4, 0, 2]
  48    3     0.892211   -8.071135   -0.892211    1.247785    1.00000000   0.0000   0.6742  3+[ 4, 0, 2]
  49    3     4.967932  -12.146856   -4.967932    1.530750    1.00000000   0.0000   0.5775  3+[ 4, 3, 1]
  50    3    10.110554    2.931630   10.110554    1.826263    0.00000000   0.0000   0.5968  3+[ 6, 3, 1]
  51    3    16.004365  -23.183289  -16.004365    2.114754    1.00000000   0.0000   0.7602  3+[ 2, 0, 2]
  52    3    16.006297    8.827374   16.006297    2.114843    0.00000000   0.0000   0.5822  3+[ 6, 5, 1]
  53    3    16.408905    9.229981   16.408905    2.133126    0.00000000   0.0000   0.5229  3+[ 6, 2, 2]
  54    3    17.484908  -24.663832  -17.484908    2.181236    1.00000000   0.0000   0.7496  3+[ 2, 1, 1]
  55    3    18.013880   10.834956   18.013880    2.204503    0.00000000   0.0000   0.6453  3+[ 6, 0, 2]
  56    3    19.622147   12.443223   19.622147    2.273780    0.00000000   0.0000   0.5012  3+[ 6, 2, 2]
  57    3    20.100557   12.921633   20.100557    2.293984    0.00000000   0.0000   0.5193  3+[ 6, 3, 1]
  58    3    27.051093   19.872169   27.051093    2.569662    0.00000000   0.0000   0.5070  3+[ 8, 5, 1]
  59    3    33.274266   26.095342   33.274266    2.793501    0.00000000   0.0000   0.4584  3+[ 8, 7, 1]
  60    3    34.624956   27.446032   34.624956    2.839754    0.00000000   0.0000   0.5496  3+[ 8, 4, 2]
  61    3    35.104026   27.925102   35.104026    2.855979    0.00000000   0.0000   0.5611  3+[ 8, 7, 1]
  62    3    36.147610   28.968687   36.147610    2.891009    0.00000000   0.0000   0.7828  3+[ 8, 0, 2]
  63    3    36.225124   29.046200   36.225124    2.893594    0.00000000   0.0000   0.6721  3+[ 8, 2, 2]
  64    3    36.798001   29.619077   36.798001    2.912627    0.00000000   0.0000   0.5014  3+[ 8, 7, 1]
  65    3    36.984223   29.805299   36.984223    2.918787    0.00000000   0.0000   0.5538  3+[ 8, 1, 1]
  66    4     2.390283   -4.788641    2.390283    1.358659    0.00000000   0.0000   0.6031  3-[ 5, 2, 1]
  67    4     7.427203    0.248279    7.427203    1.678572    0.00000000   0.0000   0.6478  3-[ 5, 0, 1]
  68    4     7.677667    0.498743    7.677667    1.692903    0.00000000   0.0000   0.6064  3-[ 5, 1, 2]
  69    4     7.970985  -15.149909   -7.970985    1.709533    1.00000000   0.0000   0.6361  3-[ 3, 2, 1]
  70    4     8.556712  -15.735636   -8.556712    1.742266    1.00000000   0.0000   0.7654  3-[ 3, 1, 2]
  71    4     9.539166    2.360242    9.539166    1.795832    0.00000000   0.0000   0.6211  3-[ 5, 3, 2]
  72    4    10.400103    3.221179   10.400103    1.841492    0.00000000   0.0000   0.5727  3-[ 5, 2, 1]
  73    4    11.470721  -18.649645  -11.470721    1.896740    1.00000000   0.0000   0.6810  3-[ 3, 2, 1]
  74    4    18.327540   11.148616   18.327540    2.218184    0.00000000   0.0000   0.5646  3-[ 7, 4, 1]
  75    4    23.061847  -30.240771  -23.061847    2.415288    1.00000000   0.0000   0.9176  3-[ 1, 0, 1]
  76    4    25.145451   17.966527   25.145451    2.497109    0.00000000   0.0000   0.5602  3-[ 7, 6, 1]
  77    4    25.594189   18.415265   25.594189    2.514382    0.00000000   0.0000   0.5625  3-[ 7, 3, 2]
  78    4    27.713506   20.534582   27.713506    2.594407    0.00000000   0.0000   0.6004  3-[ 7, 1, 2]
  79    4    28.938508   21.759584   28.938508    2.639556    0.00000000   0.0000   0.8311  3-[ 7, 0, 1]
  80    4    29.176442   21.997518   29.176442    2.648236    0.00000000   0.0000   0.5899  3-[ 7, 4, 1]
  81    4    29.954489   22.775565   29.954489    2.676424    0.00000000   0.0000   0.5639  3-[ 7, 3, 2]
  82    5     0.511807   -7.690731   -0.511807    1.218025    1.00000000   0.0000   0.7562  5+[ 4, 1, 3]
  83    5     1.142880   -8.321804   -1.142880    1.267013    1.00000000   0.0000   0.7493  5+[ 4, 0, 2]
  84    5     4.922385  -12.101309   -4.922385    1.527878    1.00000000   0.0000   0.7416  5+[ 4, 2, 2]
  85    5    10.195010    3.016086   10.195010    1.830718    0.00000000   0.0000   0.6037  5+[ 6, 2, 2]
  86    5    16.110066    8.931142   16.110066    2.119570    0.00000000   0.0000   0.5983  5+[ 6, 0, 2]
  87    5    16.477497    9.298573   16.477497    2.136225    0.00000000   0.0000   0.6030  5+[ 6, 1, 3]
  88    5    17.816109  -24.995033  -17.816109    2.195833    1.00000000   0.0000   0.9255  5+[ 2, 0, 2]
  89    5    18.390115   11.211191   18.390115    2.220903    0.00000000   0.0000   0.6281  5+[ 6, 3, 3]
  90    5    19.366850   12.187926   19.366850    2.262925    0.00000000   0.0000   0.5794  5+[ 6, 2, 2]
  91    5    27.157340   19.978416   27.157340    2.573647    0.00000000   0.0000   0.5901  5+[ 8, 4, 2]
  92    5    33.432418   26.253494   33.432418    2.798956    0.00000000   0.0000   0.5785  5+[ 8, 6, 2]
  93    5    34.754721   27.575797   34.754721    2.844158    0.00000000   0.0000   0.5911  5+[ 8, 3, 3]
  94    5    35.193839   28.014915   35.193839    2.859011    0.00000000   0.0000   0.5809  5+[ 8, 0, 2]
  95    5    36.350947   29.172024   36.350947    2.897785    0.00000000   0.0000   0.6772  5+[ 8, 1, 3]
  96    5    36.473121   29.294197   36.473121    2.901848    0.00000000   0.0000   0.5653  5+[ 8, 0, 2]
  97    5    36.973722   29.794798   36.973722    2.918440    0.00000000   0.0000   0.5904  5+[ 8, 3, 3]
  98    6     2.467674   -4.711249    2.467674    1.364142    0.00000000   0.0000   0.6395  5-[ 5, 3, 2]
  99    6     7.482203    0.303280    7.482203    1.681729    0.00000000   0.0000   0.7288  5-[ 5, 0, 3]
 100    6     7.825639    0.646715    7.825639    1.701313    0.00000000   0.0000   0.6800  5-[ 5, 1, 2]
 101    6     9.003657  -16.182581   -9.003657    1.766836    1.00000000   0.0000   0.8297  5-[ 3, 0, 3]
 102    6     9.196841    2.017917    9.196841    1.777351    0.00000000   0.0000   0.5279  5-[ 5, 2, 3]
 103    6    11.458367  -18.637290  -11.458367    1.896111    1.00000000   0.0000   0.8212  5-[ 3, 1, 2]
 104    6    18.425246   11.246322   18.425246    2.222428    0.00000000   0.0000   0.6143  5-[ 7, 3, 2]
 105    6    25.340496   18.161572   25.340496    2.504631    0.00000000   0.0000   0.6207  5-[ 7, 5, 2]
 106    6    25.720947   18.542023   25.720947    2.519240    0.00000000   0.0000   0.5705  5-[ 7, 4, 3]
 107    6    27.809209   20.630285   27.809209    2.597962    0.00000000   0.0000   0.5839  5-[ 7, 0, 3]
 108    6    29.061810   21.882886   29.061810    2.644058    0.00000000   0.0000   0.5516  5-[ 7, 3, 2]
 109    6    29.819333   22.640409   29.819333    2.671548    0.00000000   0.0000   0.5702  5-[ 7, 0, 3]
 110    7     1.426568   -8.605492   -1.426568    1.288428    1.00000000   0.0000   0.8748  7+[ 4, 0, 4]
 111    7     5.029859  -12.208783   -5.029859    1.534647    1.00000000   0.0000   0.8692  7+[ 4, 1, 3]
 112    7    10.236374    3.057451   10.236374    1.832896    0.00000000   0.0000   0.6844  7+[ 6, 3, 3]
 113    7    16.006627    8.827703   16.006627    2.114858    0.00000000   0.0000   0.6725  7+[ 6, 0, 4]
 114    7    16.397388    9.218464   16.397388    2.132605    0.00000000   0.0000   0.6864  7+[ 6, 2, 4]
 115    7    17.765674   10.586750   17.765674    2.193616    0.00000000   0.0000   0.5663  7+[ 6, 2, 4]
 116    7    27.264484   20.085560   27.264484    2.577659    0.00000000   0.0000   0.6209  7+[ 8, 3, 3]
 117    7    33.555425   26.376501   33.555425    2.803192    0.00000000   0.0000   0.6046  7+[ 8, 5, 3]
 118    7    34.852577   27.673653   34.852577    2.847475    0.00000000   0.0000   0.6160  7+[ 8, 2, 4]
 119    7    35.311797   28.132873   35.311797    2.862988    0.00000000   0.0000   0.6017  7+[ 8, 3, 3]
 120    7    36.341184   29.162260   36.341184    2.897460    0.00000000   0.0000   0.6927  7+[ 8, 0, 4]
 121    7    37.029003   29.850079   37.029003    2.920267    0.00000000   0.0000   0.5871  7+[ 8, 2, 4]
 122    8     2.446985   -4.731939    2.446985    1.362678    0.00000000   0.0000   0.7770  7-[ 5, 2, 3]
 123    8     6.794900   -0.384024    6.794900    1.641837    0.00000000   0.0000   0.8052  7-[ 5, 0, 3]
 124    8     7.750477    0.571553    7.750477    1.697046    0.00000000   0.0000   0.8260  7-[ 5, 1, 4]
 125    8    11.973071  -19.151995  -11.973071    1.922115    1.00000000   0.0000   0.9431  7-[ 3, 0, 3]
 126    8    18.514490   11.335566   18.514490    2.226298    0.00000000   0.0000   0.5963  7-[ 7, 2, 3]
 127    8    25.383076   18.204152   25.383076    2.506271    0.00000000   0.0000   0.6000  7-[ 7, 4, 3]
 128    8    25.781065   18.602141   25.781065    2.521541    0.00000000   0.0000   0.6566  7-[ 7, 3, 4]
 129    8    27.826644   20.647720   27.826644    2.598609    0.00000000   0.0000   0.6458  7-[ 7, 1, 4]
 130    8    29.070472   21.891548   29.070472    2.644374    0.00000000   0.0000   0.7180  7-[ 7, 0, 3]
 131    9     5.662198  -12.841122   -5.662198    1.573888    1.00000000   0.0000   0.9592  9+[ 4, 0, 4]
 132    9    10.135336    2.956412   10.135336    1.827572    0.00000000   0.0000   0.8106  9+[ 6, 2, 4]
 133    9    15.017811    7.838887   15.017811    2.069269    0.00000000   0.0000   0.8563  9+[ 6, 0, 4]
 134    9    16.300039    9.121115   16.300039    2.128197    0.00000000   0.0000   0.8668  9+[ 6, 1, 5]
 135    9    27.319317   20.140393   27.319317    2.579710    0.00000000   0.0000   0.6113  9+[ 8, 4, 4]
 136    9    33.513695   26.334771   33.513695    2.801756    0.00000000   0.0000   0.5881  9+[ 8, 4, 4]
 137    9    34.832139   27.653215   34.832139    2.846782    0.00000000   0.0000   0.6228  9+[ 8, 1, 5]
 138    9    35.296060   28.117136   35.296060    2.862457    0.00000000   0.0000   0.7996  9+[ 8, 0, 4]
 139    9    36.342848   29.163925   36.342848    2.897515    0.00000000   0.0000   0.6219  9+[ 8, 3, 5]
 140   10     2.207441   -4.971483    2.207441    1.345616    0.00000000   0.0000   0.9007  9-[ 5, 1, 4]
 141   10     6.700610   -0.478313    6.700610    1.636288    0.00000000   0.0000   0.8998  9-[ 5, 0, 5]
 142   10    18.522668   11.343744   18.522668    2.226652    0.00000000   0.0000   0.7241  9-[ 7, 3, 4]
 143   10    25.058958   17.880034   25.058958    2.493766    0.00000000   0.0000   0.6632  9-[ 7, 1, 4]
 144   10    25.640147   18.461223   25.640147    2.516144    0.00000000   0.0000   0.7307  9-[ 7, 2, 5]
 145   10    26.977185   19.798261   26.977185    2.566886    0.00000000   0.0000   0.6742  9-[ 7, 0, 5]
 146   11     9.781292    2.602368    9.781292    1.808790    0.00000000   0.0000   0.9251 11+[ 6, 1, 5]
 147   11    15.179103    8.000179   15.179103    2.076774    0.00000000   0.0000   0.9197 11+[ 6, 0, 6]
 148   11    27.247788   20.068864   27.247788    2.577034    0.00000000   0.0000   0.7321 11+[ 8, 3, 5]
 149   11    33.148094   25.969170   33.148094    2.789141    0.00000000   0.0000   0.7318 11+[ 8, 1, 5]
 150   11    34.569250   27.390326   34.569250    2.837861    0.00000000   0.0000   0.6362 11+[ 8, 2, 6]
 151   11    35.472262   28.293338   35.472262    2.868389    0.00000000   0.0000   0.6280 11+[ 8, 0, 6]
 152   12     1.397279   -5.781645    1.397279    1.286234    0.00000000   0.0000   0.9748 11-[ 5, 0, 5]
 153   12    18.348844   11.169920   18.348844    2.219110    0.00000000   0.0000   0.8429 11-[ 7, 2, 5]
 154   12    24.090714   16.911790   24.090714    2.456031    0.00000000   0.0000   0.9113 11-[ 7, 0, 5]
 155   12    25.347698   18.168774   25.347698    2.504909    0.00000000   0.0000   0.8999 11-[ 7, 1, 6]
 156   13     8.892131    1.713207    8.892131    1.760738    0.00000000   0.0000   0.9890 13+[ 6, 0, 6]
 157   13    26.960407   19.781483   26.960407    2.566256    0.00000000   0.0000   0.8487 13+[ 8, 2, 6]
 158   13    32.242151   25.063227   32.242151    2.757634    0.00000000   0.0000   0.9235 13+[ 8, 0, 6]
 159   13    34.226300   27.047376   34.226300    2.826181    0.00000000   0.0000   0.9142 13+[ 8, 1, 7]
 160   14    17.878489   10.699565   17.878489    2.198571    0.00000000   0.0000   0.9431 13-[ 7, 1, 6]
 161   14    24.260698   17.081774   24.260698    2.462698    0.00000000   0.0000   0.9431 13-[ 7, 0, 7]
 162   15    26.349481   19.170557   26.349481    2.543190    0.00000000   0.0000   0.9490 15+[ 8, 1, 7]
 163   15    33.100461   25.921537   33.100461    2.787493    0.00000000   0.0000   0.9490 15+[ 8, 0, 8]
 164   16    16.961679    9.782755   16.961679    2.157975    0.00000000   0.0000   1.0000 15-[ 7, 0, 7]
 165   17    25.267346   18.088422   25.267346    2.501813    0.00000000   0.0000   1.0000 17+[ 8, 0, 8]
#all active are  165 q.p. states out of  165
#since the cut off is pwi=  60.0
#check: number of protons =  64.0


 #canonical s.p. energies protons 
 ---------------------------------


  labels -> {2*omega}{parity}[nn=nz+2*nr+nl,nz,nl]
  cqpe   -> canonical q.p. energies
  ce     -> canonical s.p. energies
  fermi energy=  -7.1789239215361604     
  average cdelt=   6.0484595981351886E-024
  k0      ceqp        ce         v*v       u*v        cdel     overl      labels
   1   23.189562   23.189562   0.00000000   0.00000000  -0.0000   0.6250  1+[ 8, 6, 0]
   2   26.511750   26.511750   0.00000000   0.00000000  -0.0000   0.6413  1+[ 8, 4, 0]
   3   17.577834   17.577834   0.00000000   0.00000000  -0.0000   0.4611  1+[ 6, 1, 1]
   4   18.512962   18.512962   0.00000000   0.00000000  -0.0000   0.6365  1+[ 6, 0, 0]
   5   14.301863   14.301863   0.00000000   0.00000000  -0.0000   0.5002  1+[ 6, 2, 0]
   6   11.255256   11.255256   0.00000000   0.00000000  -0.0000   0.5299  1+[ 6, 2, 0]
   7   17.328769   17.328769   0.00000000   0.00000000  -0.0000   0.5143  1+[ 6, 4, 0]
   8   27.375048   27.375048   0.00000000   0.00000000  -0.0000   0.7904  1+[ 8, 3, 1]
   9   25.015720   25.015720   0.00000000   0.00000000  -0.0000   0.8889  1+[ 8, 5, 1]
  10   26.248834   26.248834   0.00000000   0.00000000  -0.0000   0.8441  1+[ 8, 1, 1]
  11   22.295556   22.295556   0.00000000   0.00000000  -0.0000   0.7301  1+[ 8, 0, 0]
  12   25.093107   25.093107   0.00000000   0.00000001  -0.0000   0.5290  1+[ 8, 6, 0]
  13   21.322509   21.322509   0.00000000   0.00000001  -0.0000   0.4818  1+[ 8, 0, 0]
  14   17.247027   17.247027   0.00000000   0.00000001  -0.0000   0.6263  1+[ 6, 6, 0]
  15   10.058367   10.058367   0.00000000   0.00000001  -0.0000   0.9056  1+[ 6, 3, 1]
  16   14.634114   14.634114   0.00000000   0.00000002  -0.0000   0.7163  1+[ 6, 5, 1]
  17   -6.184428   -6.184428   0.00000000   0.00004797  -0.0000   0.5556  1+[ 4, 3, 1]
  18   -6.716905   -6.716905   0.00009703   0.00984993  -0.0000   0.5776  1+[ 4, 2, 0]
  19   -6.390396   -7.967452   0.99999986   0.00037624  -0.0000   0.5999  1+[ 4, 1, 1]
  20   -6.298480   -8.059368   0.99999998   0.00015007  -0.0000   0.6202  1+[ 4, 0, 0]
  21    8.649626  -23.007474   1.00000000   0.00000000  -0.0000   0.7051  1+[ 2, 1, 1]
  22   19.299789  -33.657637   1.00000000   0.00000000  -0.0000   0.9932  1+[ 0, 0, 0]
  23    1.276728  -15.634575   1.00000000   0.00000000  -0.0000   0.4711  1+[ 4, 2, 0]
  24    8.718035  -23.075883   1.00000000   0.00000000  -0.0000   0.8917  1+[ 2, 2, 0]
  25    7.957343  -22.315191   1.00000000   0.00000000  -0.0000   0.6269  1+[ 2, 1, 1]
  26    1.626721    1.626721   0.00000000   0.00000000  -0.0000   0.6587  1-[ 5, 5, 0]
  27   17.254724   17.254724   0.00000000   0.00000000  -0.0000   0.8899  1-[ 7, 7, 0]
  28    1.495715    1.495715   0.00000000   0.00000000  -0.0000   0.5553  1-[ 5, 3, 0]
  29    9.353005    9.353005   0.00000000   0.00000000  -0.0000   0.6385  1-[ 5, 1, 0]
  30   16.044135   16.044135   0.00000000   0.00000000  -0.0000   0.7705  1-[ 7, 3, 0]
  31   15.975190   15.975190   0.00000000   0.00000000  -0.0000   0.8472  1-[ 7, 5, 0]
  32   18.913354   18.913354   0.00000000   0.00000000  -0.0000   0.9539  1-[ 7, 1, 0]
  33   19.885539   19.885539   0.00000000   0.00000000  -0.0000   0.6639  1-[ 7, 4, 1]
  34   16.936485   16.936485   0.00000000   0.00000000  -0.0000   0.5720  1-[ 7, 2, 1]
  35   16.583412   16.583412   0.00000000   0.00000000  -0.0000   0.7742  1-[ 7, 0, 1]
  36    9.172997    9.172997   0.00000000   0.00000001  -0.0000   0.6860  1-[ 7, 6, 1]
  37    7.002949    7.002949   0.00000000   0.00000001  -0.0000   0.5579  1-[ 5, 2, 1]
  38    2.857083    2.857083   0.00000000   0.00000001  -0.0000   0.7274  1-[ 5, 0, 1]
  39    8.025194    8.025194   0.00000000   0.00000001  -0.0000   0.7208  1-[ 5, 4, 1]
  40    7.189975  -21.547823   1.00000000   0.00000006  -0.0000   0.5763  1-[ 1, 0, 1]
  41    8.614615  -22.972463   1.00000000   0.00000006  -0.0000   0.7255  1-[ 1, 0, 1]
  42    4.180083  -18.537931   1.00000000   0.00000003  -0.0000   0.6743  1-[ 3, 2, 1]
  43    1.668891  -16.026738   1.00000000   0.00000001  -0.0000   0.5397  1-[ 3, 0, 1]
  44    0.831306  -15.189154   1.00000000   0.00000000  -0.0000   0.6089  1-[ 3, 0, 1]
  45   14.906161  -29.264009   1.00000000   0.00000000  -0.0000   0.9478  1-[ 1, 1, 0]
  46   12.799168   12.799168   0.00000000   0.00000000  -0.0000   0.8817  3+[ 6, 0, 2]
  47   18.210684   18.210684   0.00000000   0.00000000  -0.0000   0.7294  3+[ 8, 7, 1]
  48   11.518501   11.518501   0.00000000   0.00000000  -0.0000   0.8100  3+[ 6, 1, 1]
  49   21.649002   21.649002   0.00000000   0.00000000  -0.0000   0.5497  3+[ 8, 5, 1]
  50   13.843050   13.843050   0.00000000   0.00000000  -0.0000   0.7907  3+[ 6, 3, 1]
  51   26.325213   26.325213   0.00000000   0.00000000  -0.0000   0.7466  3+[ 8, 0, 2]
  52   23.021844   23.021844   0.00000000   0.00000000  -0.0000   0.6574  3+[ 8, 3, 1]
  53   25.467617   25.467617   0.00000000   0.00000000  -0.0000   0.8808  3+[ 8, 4, 2]
  54   26.668394   26.668394   0.00000000   0.00000000  -0.0000   0.8266  3+[ 8, 2, 2]
  55   26.430331   26.430331   0.00000000   0.00000000  -0.0000   0.6950  3+[ 8, 1, 1]
  56   17.973124   17.973124   0.00000000   0.00000000  -0.0000   0.6469  3+[ 6, 5, 1]
  57   15.004504   15.004504   0.00000000   0.00000001  -0.0000   0.5704  3+[ 6, 4, 2]
  58   25.632088   25.632088   0.00000000   0.00000001  -0.0000   0.7499  3+[ 8, 6, 2]
  59   11.423184   11.423184   0.00000000   0.00000002  -0.0000   0.7214  3+[ 6, 4, 2]
  60   -6.451870   -6.451870   0.00000048   0.00069574  -0.0000   0.5100  3+[ 4, 0, 2]
  61   -6.694091   -7.663756   0.99993851   0.00784102  -0.0000   0.6601  3+[ 4, 1, 1]
  62   -6.286713   -8.071135   0.99999998   0.00013341  -0.0000   0.6742  3+[ 4, 0, 2]
  63   -1.903776  -12.454072   1.00000000   0.00000004  -0.0000   0.5948  3+[ 4, 3, 1]
  64    8.840546  -23.198394   1.00000000   0.00000002  -0.0000   0.8354  3+[ 2, 1, 1]
  65    9.983662  -24.341510   1.00000000   0.00000000  -0.0000   0.8438  3+[ 2, 0, 2]
  66    2.841964    2.841964   0.00000000   0.00000000  -0.0000   0.7561  3-[ 5, 0, 1]
  67    1.448701    1.448701   0.00000000   0.00000000  -0.0000   0.6725  3-[ 5, 4, 1]
  68    5.571288    5.571288   0.00000000   0.00000000  -0.0000   0.6225  3-[ 5, 3, 2]
  69   18.179614   18.179614   0.00000000   0.00000000  -0.0000   0.5342  3-[ 7, 0, 1]
  70   17.246245   17.246245   0.00000000   0.00000000  -0.0000   0.6145  3-[ 7, 5, 2]
  71   19.954853   19.954853   0.00000000   0.00000000  -0.0000   0.8207  3-[ 7, 4, 1]
  72   13.540901   13.540901   0.00000000   0.00000000  -0.0000   0.6937  3-[ 7, 2, 1]
  73   18.857434   18.857434   0.00000000   0.00000000  -0.0000   0.9997  3-[ 7, 1, 2]
  74   19.070928   19.070928   0.00000000   0.00000000  -0.0000   0.8110  3-[ 7, 3, 2]
  75   14.770376   14.770376   0.00000000   0.00000000  -0.0000   0.7810  3-[ 7, 6, 1]
  76    3.004163    3.004163   0.00000000   0.00000001  -0.0000   0.8232  3-[ 5, 1, 2]
  77    1.650990    1.650990   0.00000000   0.00000001  -0.0000   0.7537  3-[ 5, 2, 1]
  78    2.552255  -16.910103   1.00000000   0.00000004  -0.0000   0.9007  3-[ 3, 2, 1]
  79    3.970576  -18.328424   1.00000000   0.00000003  -0.0000   0.7205  3-[ 3, 1, 2]
  80   14.073782  -28.431629   1.00000000   0.00000000  -0.0000   0.8471  3-[ 1, 0, 1]
  81    1.747957  -16.105804   1.00000000   0.00000000  -0.0000   0.5973  3-[ 3, 0, 1]
  82   13.605996   13.605996   0.00000000   0.00000000  -0.0000   0.7251  5+[ 6, 0, 2]
  83    7.172837    7.172837   0.00000000   0.00000000  -0.0000   0.8394  5+[ 6, 4, 2]
  84   10.708448   10.708448   0.00000000   0.00000000  -0.0000   0.9251  5+[ 6, 1, 3]
  85   22.808137   22.808137   0.00000000   0.00000000  -0.0000   0.6643  5+[ 8, 6, 2]
  86   26.324073   26.324073   0.00000000   0.00000000  -0.0000   0.6927  5+[ 8, 3, 3]
  87   27.684787   27.684787   0.00000000   0.00000000  -0.0000   0.5543  5+[ 8, 3, 3]
  88   25.250128   25.250128   0.00000000   0.00000000  -0.0000   0.6258  5+[ 8, 1, 3]
  89   27.167747   27.167747   0.00000000   0.00000000  -0.0000   0.6394  5+[ 8, 2, 2]
  90   26.822859   26.822859   0.00000000   0.00000000  -0.0000   0.6770  5+[ 8, 0, 2]
  91   10.182925   10.182925   0.00000000   0.00000001  -0.0000   0.6751  5+[ 6, 2, 2]
  92   27.407972   27.407972   0.00000000   0.00000002  -0.0000   0.9964  5+[ 8, 5, 3]
  93    9.592651    9.592651   0.00000000   0.00000002  -0.0000   0.9898  5+[ 6, 3, 3]
  94   -6.667117   -7.690731   0.99996415   0.00598735  -0.0000   0.7562  5+[ 4, 1, 3]
  95   -6.036044   -8.321804   1.00000000   0.00001088  -0.0000   0.7493  5+[ 4, 0, 2]
  96   -2.167380  -12.190468   1.00000000   0.00000003  -0.0000   0.7301  5+[ 4, 2, 2]
  97   10.548026  -24.905873   1.00000000   0.00000000  -0.0000   0.9288  5+[ 2, 0, 2]
  98    2.106028    2.106028   0.00000000   0.00000000  -0.0000   0.8031  5-[ 5, 1, 2]
  99   -0.064393   -0.064393   0.00000000   0.00000000  -0.0000   0.7977  5-[ 5, 3, 2]
 100   19.223477   19.223477   0.00000000   0.00000000  -0.0000   0.5671  5-[ 7, 3, 2]
 101   19.253386   19.253386   0.00000000   0.00000000  -0.0000   0.6294  5-[ 7, 2, 3]
 102   19.886098   19.886098   0.00000000   0.00000000  -0.0000   0.7702  5-[ 7, 0, 3]
 103   16.743906   16.743906   0.00000000   0.00000000  -0.0000   0.5779  5-[ 7, 1, 2]
 104   15.135220   15.135220   0.00000000   0.00000000  -0.0000   0.7013  5-[ 7, 4, 3]
 105   16.425113   16.425113   0.00000000   0.00000000  -0.0000   0.7572  5-[ 7, 3, 2]
 106    0.457256    0.457256   0.00000000   0.00000001  -0.0000   0.9211  5-[ 5, 2, 3]
 107    2.194069    2.194069   0.00000000   0.00000002  -0.0000   0.9169  5-[ 5, 0, 3]
 108    3.314799  -17.672647   1.00000000   0.00000003  -0.0000   0.8938  5-[ 3, 0, 3]
 109    2.789377  -17.147225   1.00000000   0.00000001  -0.0000   0.8955  5-[ 3, 1, 2]
 110    8.901616    8.901616   0.00000000   0.00000000  -0.0000   0.9673  7+[ 6, 2, 4]
 111    8.377072    8.377072   0.00000000   0.00000000  -0.0000   0.7162  7+[ 6, 1, 3]
 112   16.729795   16.729795   0.00000000   0.00000000  -0.0000   0.6473  7+[ 6, 3, 3]
 113   25.364780   25.364780   0.00000000   0.00000000  -0.0000   0.8746  7+[ 8, 3, 3]
 114   26.973632   26.973632   0.00000000   0.00000000  -0.0000   0.8010  7+[ 8, 5, 3]
 115   25.274896   25.274896   0.00000000   0.00000000  -0.0000   0.7942  7+[ 8, 4, 4]
 116   27.227916   27.227916   0.00000000   0.00000000  -0.0000   0.6735  7+[ 8, 1, 3]
 117   22.101749   22.101749   0.00000000   0.00000000  -0.0000   0.7164  7+[ 8, 0, 4]
 118   20.824275   20.824275   0.00000000   0.00000000  -0.0000   0.5844  7+[ 8, 2, 4]
 119   11.195565   11.195565   0.00000000   0.00000002  -0.0000   0.9413  7+[ 6, 0, 4]
 120   -5.752352   -8.605496   1.00000000   0.00000064  -0.0000   0.8744  7+[ 4, 0, 4]
 121   -2.149069  -12.208779   1.00000000   0.00000000  -0.0000   0.8688  7+[ 4, 1, 3]
 122   -2.195224   -2.195224   0.00000000   0.00000000  -0.0000   0.8165  7-[ 5, 1, 4]
 123   13.154937   13.154937   0.00000000   0.00000000  -0.0000   0.9323  7-[ 7, 2, 3]
 124   18.042222   18.042222   0.00000000   0.00000000  -0.0000   0.8617  7-[ 7, 1, 4]
 125   18.612564   18.612564   0.00000000   0.00000000  -0.0000   0.9726  7-[ 7, 3, 4]
 126   18.896381   18.896381   0.00000000   0.00000000  -0.0000   0.8649  7-[ 7, 0, 3]
 127   16.786467   16.786467   0.00000000   0.00000000  -0.0000   0.9312  7-[ 7, 4, 3]
 128    1.514605    1.514605   0.00000000   0.00000000  -0.0000   0.8378  7-[ 5, 2, 3]
 129    1.324764    1.324764   0.00000000   0.00000001  -0.0000   0.9056  7-[ 5, 0, 3]
 130    4.794148  -19.151995   1.00000000   0.00000002  -0.0000   0.9431  7-[ 3, 0, 3]
 131   10.633254   10.633254   0.00000000   0.00000000  -0.0000   0.7293  9+[ 6, 0, 4]
 132    6.050263    6.050263   0.00000000   0.00000000  -0.0000   0.9611  9+[ 6, 2, 4]
 133   23.745483   23.745483   0.00000000   0.00000000  -0.0000   0.9553  9+[ 8, 4, 4]
 134   27.460281   27.460281   0.00000000   0.00000000  -0.0000   0.8326  9+[ 8, 3, 5]
 135   25.911066   25.911066   0.00000000   0.00000000  -0.0000   0.8642  9+[ 8, 1, 5]
 136   24.334043   24.334043   0.00000000   0.00000000  -0.0000   0.8953  9+[ 8, 0, 4]
 137   24.869323   24.869323   0.00000000   0.00000000  -0.0000   0.9582  9+[ 8, 2, 4]
 138    8.322141    8.322141   0.00000000   0.00000000  -0.0000   0.8087  9+[ 6, 1, 5]
 139   -1.516726  -12.841122   1.00000000   0.00000000  -0.0000   0.9592  9+[ 4, 0, 4]
 140   12.465972   12.465972   0.00000000   0.00000000  -0.0000   0.6870  9-[ 7, 2, 5]
 141   17.169533   17.169533   0.00000000   0.00000000  -0.0000   0.6836  9-[ 7, 1, 4]
 142   16.731965   16.731965   0.00000000   0.00000000  -0.0000   0.6429  9-[ 7, 1, 4]
 143   -3.783992   -3.783992   0.00000000   0.00000000  -0.0000   0.9560  9-[ 5, 1, 4]
 144   19.073984   19.073984   0.00000000   0.00000000  -0.0000   0.9248  9-[ 7, 0, 5]
 145    0.376003    0.376003   0.00000000   0.00000000  -0.0000   0.9519  9-[ 5, 0, 5]
 146   23.195468   23.195468   0.00000000   0.00000000  -0.0000   0.8188 11+[ 8, 2, 6]
 147   24.136619   24.136619   0.00000000   0.00000000  -0.0000   0.7042 11+[ 8, 1, 5]
 148   12.422721   12.422721   0.00000000   0.00000000  -0.0000   0.9257 11+[ 6, 0, 6]
 149   19.794133   19.794133   0.00000000   0.00000000  -0.0000   0.6370 11+[ 8, 1, 5]
 150    9.521562    9.521562   0.00000000   0.00000000  -0.0000   0.8780 11+[ 6, 1, 5]
 151   23.253741   23.253741   0.00000000   0.00000000  -0.0000   0.8939 11+[ 8, 0, 6]
 152   17.564647   17.564647   0.00000000   0.00000000  -0.0000   0.7302 11-[ 7, 1, 6]
 153   12.206911   12.206911   0.00000000   0.00000000  -0.0000   0.7268 11-[ 7, 2, 5]
 154   16.478926   16.478926   0.00000000   0.00000000  -0.0000   0.9712 11-[ 7, 0, 5]
 155   -5.781645   -5.781645   0.00000000   0.00000085  -0.0000   0.9748 11-[ 5, 0, 5]
 156   24.215020   24.215020   0.00000000   0.00000000  -0.0000   0.9635 13+[ 8, 1, 7]
 157   22.613287   22.613287   0.00000000   0.00000000  -0.0000   0.9098 13+[ 8, 2, 6]
 158   11.566046   11.566046   0.00000000   0.00000000  -0.0000   0.8400 13+[ 6, 0, 6]
 159   15.210941   15.210941   0.00000000   0.00000000  -0.0000   0.8082 13+[ 8, 0, 6]
 160   11.405194   11.405194   0.00000000   0.00000000  -0.0000   1.0000 13-[ 7, 1, 6]
 161   16.376145   16.376145   0.00000000   0.00000000  -0.0000   1.0000 13-[ 7, 0, 7]
 162   19.841378   19.841378   0.00000000   0.00000000  -0.0000   1.0000 15+[ 8, 1, 7]
 163   25.250716   25.250716   0.00000000   0.00000000  -0.0000   1.0000 15+[ 8, 0, 8]
 164    9.782755    9.782755   0.00000000   0.00000000  -0.0000   1.0000 15-[ 7, 0, 7]
 165   18.088422   18.088422   0.00000000   0.00000000  -0.0000   1.0000 17+[ 8, 0, 8]
  Sum canonical e_v*V^2_k=  -1106.9931454416678     

  NB! From expect (UNPROJECTED RESULTS)

  pairing: CpV0,CpV1,...           0.100000       0.100000       1.000000       1.000000
  forces:   UNE1                          


                             neutrons         protons         total
  Requested part.numbs.      92.000000      64.000000     156.000000
  UnPj(av) part.numbs .      92.000000      64.000000     156.000000
  b0, bz, bp ..........       2.130153       2.136882       2.126796

  lambda (ala) ........      -5.675867      -7.178924
  Lambda (alast) ......      -5.675867      -7.178924
  delta(n,p), pwi .....      -0.000000       0.000000      60.000000
  pairing energy ......       0.000000       0.000000       0.000000

  rms-radius ..........       5.142868       5.003726       5.086245
  charge-radius, r0 ...                      5.067275       6.459855
  deformation beta2....      -0.046794      -0.048181      -0.047344
  dipole moment[fm] ...       0.000000       0.000000       0.000000
  quadrupole moment[b]       -1.436471      -0.973978      -2.410449
  octupole moment .....       0.000000       0.000000       0.000000
  hexadecapole moment .       0.203392       0.132709       0.336101
  q5 ..................       0.000000       0.000000       0.000000
  q6 ..................      -0.000368      -0.000090      -0.000459
  q7 ..................       0.000000       0.000000       0.000000
  q8 ..................       0.002301       0.001627       0.003927

  <r^0> [fm^0] ........            1.000000            1.000000            1.000000
  <r^2> [fm^2] ........           26.449087           25.037278           25.869884
  <r^4> [fm^4] ........          917.536128          806.164644          871.845263
  <r^6> [fm^6] ........        37775.532319        30442.982837        34767.306891
  <r^8> [fm^8] ........      1769916.901433      1297746.897316      1576206.130513

  kinetic energy ......    1804.566590    1047.869461    2852.436051
  volume energy .......                                 -4751.844092
        rho_tau .......                                   -67.866059
        rho_rho .......                                 -4683.978033
  surface energy ......                                   152.199133
   rho_DELTA_rho ......                                   152.199133
   (NABLA_rho)^2 ......                                     0.000000
  spin-orbit energy ...                                   -40.333197
        rho_NABLA_J ...                                   -40.333197
        NABLA_rho_J ...                                     0.000000
  coulomb energy ......                                   526.815816
          direct ......                                   551.219368
          exchange ....                                   -24.403553
  tensor energy .......                                     0.000000
  direct Hartree E  ...                                     0.000000
  Extra E .............                                     0.000000
  External field E ....                                     0.000000
  Entropy .............       0.539119       0.004130       0.543249

  tEnergy: ehfb (qp)...                                 -1260.726290

  Calculated but not added corrections 
====================================
  cmc-diagonal part ...       0.000000       0.000000       0.000000
  cmc-hfb .............       0.000000       0.000000       0.000000
  cranking rot corr ...       0.000000       0.000000       0.000000

  SQUJ ................       0.000000       0.000000       0.000000
  CRAN x 4 ............       0.000000       0.000000       0.000000
  Rigit Body ..........       0.000000       0.000000       0.000000


   Blocking candidates are:
   neutron eqpmin=  0.21026548032915926       pwiblo=   2.0016019225635890     
    num=   1 block=   6 state=   1    98 Eqp=   0.21026548  (1-2N)E=  -0.21026548  Ovlp=   0.56066297  5-[ 5, 3, 2]
    num=   2 block=   2 state=   1    26 Eqp=   0.19793175  (1-2N)E=   0.19793175  Ovlp=   0.50293275  1-[ 5, 1, 0]
    num=   3 block=  10 state=   1   140 Eqp=   0.24572274  (1-2N)E=  -0.24572274  Ovlp=   0.92106164  9-[ 5, 0, 5]
    num=   4 block=   4 state=   1    66 Eqp=   0.26979114  (1-2N)E=   0.26979114  Ovlp=   0.59310320  3-[ 5, 1, 2]
    num=   5 block=   4 state=   2    67 Eqp=   0.30522998  (1-2N)E=  -0.30522998  Ovlp=   0.60339769  3-[ 5, 0, 1]
    num=   6 block=   6 state=   2    99 Eqp=   0.35281466  (1-2N)E=   0.35281466  Ovlp=   0.66287831  5-[ 5, 2, 3]
    num=   7 block=   8 state=   1   122 Eqp=   0.40097802  (1-2N)E=   0.40097802  Ovlp=   0.85810536  7-[ 5, 1, 4]
    num=   8 block=   2 state=   2    27 Eqp=   0.41960068  (1-2N)E=  -0.41960068  Ovlp=   0.50421266  1-[ 5, 5, 0]
    num=   9 block=   4 state=   3    68 Eqp=   0.72095624  (1-2N)E=   0.72095624  Ovlp=   0.70264359  3-[ 5, 2, 1]
    num=  10 block=   2 state=   3    28 Eqp=   0.74111761  (1-2N)E=   0.74111761  Ovlp=   0.55523909  1-[ 5, 0, 1]
    num=  11 block=   8 state=   2   123 Eqp=   0.77588459  (1-2N)E=  -0.77588459  Ovlp=   0.82472002  7-[ 5, 0, 3]
    num=  12 block=  13 state=   1   156 Eqp=   1.08043360  (1-2N)E=   1.08043360  Ovlp=   0.99346180 13+[ 6, 0, 6]
    num=  13 block=   2 state=   4    29 Eqp=   1.32279395  (1-2N)E=   1.32279395  Ovlp=   0.61974033  1-[ 5, 3, 0]
    num=  14 block=  11 state=   1   146 Eqp=   1.60409051  (1-2N)E=   1.60409051  Ovlp=   0.93763754 11+[ 6, 1, 5]
    num=  15 block=   1 state=   1     1 Eqp=   1.84367853  (1-2N)E=   1.84367853  Ovlp=   0.51196434  1+[ 6, 3, 1]
    num=  16 block=   9 state=   1   131 Eqp=   1.88025803  (1-2N)E=   1.88025803  Ovlp=   0.81351822  9+[ 6, 2, 4]
    num=  17 block=   3 state=   1    46 Eqp=   1.88567291  (1-2N)E=   1.88567291  Ovlp=   0.60087849  3+[ 6, 3, 1]
    num=  18 block=   6 state=   3   100 Eqp=   1.90467504  (1-2N)E=   1.90467504  Ovlp=   0.59962023  5-[ 5, 0, 3]
    num=  19 block=   5 state=   1    82 Eqp=   1.94669858  (1-2N)E=   1.94669858  Ovlp=   0.61248997  5+[ 6, 2, 2]
    num=  20 block=   7 state=   1   110 Eqp=   1.96642423  (1-2N)E=   1.96642423  Ovlp=   0.67084890  7+[ 6, 3, 3]
    num=  21 block=   2 state=   5    30 Eqp=   2.15406460  (1-2N)E=   2.15406460  Ovlp=   0.64221950  1-[ 5, 4, 1]

   Blocking candidates are:
   proton  eqpmin=  0.48483250573432457       pwiblo=   2.0016019225635890     
    num=   1 block=   3 state=   1    46 Eqp=   0.48483251  (1-2N)E=  -0.48483251  Ovlp=   0.66008105  3+[ 4, 1, 1]
    num=   2 block=   1 state=   1     1 Eqp=   0.46201938  (1-2N)E=   0.46201938  Ovlp=   0.57757242  1+[ 4, 2, 0]
    num=   3 block=   5 state=   1    82 Eqp=   0.51180709  (1-2N)E=  -0.51180709  Ovlp=   0.75620627  5+[ 4, 1, 3]
    num=   4 block=   3 state=   2    47 Eqp=   0.72705385  (1-2N)E=   0.72705385  Ovlp=   0.51003466  3+[ 4, 0, 2]
    num=   5 block=   1 state=   2     2 Eqp=   0.78852798  (1-2N)E=  -0.78852798  Ovlp=   0.59991323  1+[ 4, 1, 1]
    num=   6 block=   1 state=   3     3 Eqp=   0.88044373  (1-2N)E=  -0.88044373  Ovlp=   0.62020106  1+[ 4, 0, 0]
    num=   7 block=   3 state=   3    48 Eqp=   0.89221075  (1-2N)E=  -0.89221075  Ovlp=   0.67418041  3+[ 4, 0, 2]
    num=   8 block=   1 state=   4     4 Eqp=   0.99449630  (1-2N)E=   0.99449630  Ovlp=   0.55556409  1+[ 4, 3, 1]
    num=   9 block=   5 state=   2    83 Eqp=   1.14288010  (1-2N)E=  -1.14288010  Ovlp=   0.74931223  5+[ 4, 0, 2]
    num=  10 block=  12 state=   1   152 Eqp=   1.39727870  (1-2N)E=   1.39727870  Ovlp=   0.97477380 11-[ 5, 0, 5]
    num=  11 block=   7 state=   1   110 Eqp=   1.42656774  (1-2N)E=  -1.42656774  Ovlp=   0.87479501  7+[ 4, 0, 4]
    num=  12 block=  10 state=   1   140 Eqp=   2.20744058  (1-2N)E=   2.20744058  Ovlp=   0.90067741  9-[ 5, 1, 4]
    num=  13 block=   2 state=   1    26 Eqp=   2.32557935  (1-2N)E=   2.32557935  Ovlp=   0.56163825  1-[ 5, 3, 0]
    num=  14 block=   4 state=   1    66 Eqp=   2.39028307  (1-2N)E=   2.39028307  Ovlp=   0.60307963  3-[ 5, 2, 1]
    num=  15 block=   8 state=   1   122 Eqp=   2.44698481  (1-2N)E=   2.44698481  Ovlp=   0.77697282  7-[ 5, 2, 3]
    num=  16 block=   6 state=   1    98 Eqp=   2.46767446  (1-2N)E=   2.46767446  Ovlp=   0.63949320  5-[ 5, 3, 2]


