No Skyrme interaction defined in routine skforce()
Multi-threading framework with OpenMP: 1 threads/task

  =======================================
           FORTRAN 95 CODE (KIND= 8) 
               Version: 200d  
  =======================================
       AXIALLY DEFORMED CONFIGURATIONAL  
     HARTREE-FOCK-BOGOLIUBOV CALCULATIONS
                     WITH                
            UNEDF AND DELTA PAIRING      
                     USING               
             HARMONIC-OSCILLATOR         
                   AND/OR                
       TRANSFORMED HARMONIC-OSCILLATOR   
                    BASIS                
                     ---                 
               v1.66  (2005):,           
   Stoitsov,Dobaczewski,Nazarewicz,Ring, 
               v2.00d (2012):,           
         Stoitsov,Schunck,Kortelainen    
  =======================================
    Nucleus: MG (A=  24, N= 12, Z= 12)
       Reflection Symmetry Imposed       
            ( 9/13/2022, 19:59)                               
  =======================================


  ---------------------------------------
           UNEDF Module Version:17
         M.Kortelainen & M.Stoitsov 
  ---------------------------------------

  UNE1 functional
  ----------------------------------
  Crho(0)=   -779.373008720865300    ; Crho(1)=    287.722131583286796    
  CDrho(0)=   891.477890442349690    ; CDrho(1)=  -200.587774317884879    
  Ctau(0)=  -0.989915057807676746    ; Ctau(1)=   -33.6320970701835549    
  CrDr(0)=   -40.4816994350094177    ; CrDr(1)=   -149.463137381923701    
  CrdJ(0)=   -58.6031389527754740    ; CrdJ(1)=   -22.8077861983310015    
  CJ(0)=      0.00000000000000000    ; CJ(1)=      0.00000000000000000    
  CpV0(0)=   0.100000000000000006    ; CpV0(1)=   0.100000000000000006    
  CpV1(0)=    1.00000000000000000    ; CpV1(1)=    1.00000000000000000    
  sigma=     0.270018011502707600    ; hbzero=     20.7355300000000007    
  e^2 chrg=   1.43997840859651305    ; CExPar=     1.00000000000000000    
  c.m. correction: F, chr. density in direct Coul: F
  use tensor terms: F
  use TMR pairing:  0

  Coupling constants in natural units
  -----------------------------------
  Crho_nu(0)=  -0.877667471343921757    ; Crho_nu(1)=   0.324009624211695935    
  CDrho_nu(0)=  0.941450913381434273    ; CDrho_nu(1)= -0.211831998717341041    
  Ctau_nu(0)=  -0.140321584905665799E-01; Ctau_nu(1)=  -0.476738799694694126    
  CrDr_nu(0)=  -0.573832691966074893    ; CrDr_nu(1)=   -2.11865696526049474    
  CrdJ_nu(0)=  -0.830706157406290946    ; CrdJ_nu(1)=  -0.323302962440759512    
  CJ_nu(0)=      0.00000000000000000    ; CJ_nu(1)=      0.00000000000000000    
  CpV0_nu(0)=   0.112611992142809880E-03; CpV0_nu(1)=   0.112611992142809880E-03
  CpV1_nu(0)=   0.887702254206059068E-03; CpV1_nu(1)=   0.887702254206059068E-03
  fpi_nu=        93.0000000000000000    ; Lambda_nu=     700.000000000000000    

  Nuclear matter properties
  ----------------------------------
      E_NM=     -15.8000000000000149      K_NM=     220.0000000000000284
      P_NM=      -0.0000000000000032    RHO_NM=       0.1587067693325870
    ASS_NM=      28.9867890577721070   LASS_NM=      40.0047904804136323
  SMASS_NM=       0.9924233322833640  VMASS_NM=       1.2498385742322700

  Associated (t,x)-coupling constants
  -----------------------------------
  t0=      -2078.32802325564080    ; x0=       0.537569206858470316E-01
  t1=       214.582510242973314    ; x1=       -5.75877390304214742    
  t2=       1643.46818475070677    ; x2=       -1.35033449046564513    
  t3=       14263.6462470775950    ; x3=      -0.162491168089956339    
  b4=       35.7953527544444725    ; b4p=       45.6155723966620030    
  te=      -488.384960839608652    ; to=       -202.607825938061978    
  sigma=   0.270018011502707600    ; hbzero=    20.7355300000000007    

  ---------------------------------------
        Characteristics of the run       
  ---------------------------------------
  Output file ................:     7
  Nucleus ....................:   MG  24
  Number of HO shells ........:     8
  HO length b0 (fm) ..........:     1.55928400372611
  Basis deformation ..........:  beta0=   0.010 q=   1.010
  HO: b0,1/b0,bp,bz,q ........:   0.15592840E+01  0.64131999E+00  0.15568270E+01  0.15642096E+01  0.10095067E+01
  h**2/(2m), cmc, e**2 .......:   0.20735530E+02  0.20735530E+02  0.14399784E+01
  hom=f*41.0_pr*A^{-1/3}, f...:   0.17056687E+02  0.12000000E+01
  THO basis is ...............:  OFF
  Maximal number of iterations:   400
  Initial mixing parameter ...:  0.300
  Initial w.f. ...............:  from   spherical scratch
  Skyrme functional ..........:    UNE1                          
    with direct and exchange Coulomb
  Lipkin-Nogami procedure is .:  OFF
  PAV procedure is ...........:  OFF
  Constraint calculation is ..:   ON
    Constraint 1 .............: lambda=2 Ql=   1.888
  Temperature T ..............:   0.05 MeV
  Restart indicator ..........:   1
  Broyden mixing (#iterations):   7

  ---------------------------------------
        Harmonic Oscillator Basis        
  ---------------------------------------
  NUV, NQP:                        2501     165
  Comparison with bookkeeping spherical basis:
  n00:                                8       8  Maximal number of shells
  nbx, 2*n00+1:                      17      17  Maximal number of K-blocks
  ntx, (n00+1)*(n00+2)*(n00+3)/6    165     165  Max.num. p/n levels
  nzx, n00:                           8       8  Maximal nz-quantum number
  nrx, n00/2  :                       4       4  Maximal nr-quantum number
  nlx, n00:                           8       8  Maximal ml-quantum number
  ndx, (n00+2)*(n00+2)/4:            25      25  Maximal dim. of one k-block

  Actual basis used
  Number of blocks: nb .......:   17
  Number of levels: nt .......:  165
  Maximal 2*omega : nom ......:   17
  Maximal nz:       nzm ......:    8
  Maximal nr:       nrm ......:    4
  Maximal ml:       nlm ......:    8
  Maximal N=nz+2*nr+nl .......:    8
  2 x biggest block dim. .....:   50
  Non-zero elements of h .....:     1333
  Number of Broyden elements .:     5332

  ---------------------------------------
            Integration Meshes           
  ---------------------------------------
  Number of Gauss-Hermite mesh points ngh ....:  40
  Number of Gauss-Laguerre mesh points ngl ...:  40
  Number of Gauss-Legendre mesh points nleg ..:  80
  Integration boundaries
    Hermite  - from xh(1)  =  0.12379686 to xh(ngh)   = 11.88786356
    Laguerre - From xl(1)  =  0.03570039 to xl(ngl)   =142.28004447
    Legendre - From xleg(1)=  0.00978669 to xleg(nleg)=  0.99988775
  Max.dev.in:     Orthogonality            Normalization
  Hermite     1.5248282503475657E-015   1.0991207943789050E-014
  Laguerre    4.2896485016951012E-015   8.9928064994637680E-015

  Scratch initialization for the nucleus: MG  12  12


  Initial potentials of Saxon-Woods shape 
  v0ws   =  -71.27999878
  kappa  =    0.46160001
  vs0    =   11.11750031   11.11750031
  r0     =    1.23339999    1.23339999
  a      =    0.61500001    0.61500001
  r0-so  =    1.14429998    1.14429998
  a-so   =    0.64760000    0.64760000
  beta00 =    0.01000000

  ### REGULAR STAGE (reflection symmetry imposed)
  |HFB+HO> iterations(b0=  1.559, Nsh=  8, inin=  1, N= 12, Z= 12)...
  ----------------------------------------------------------------------------------------------------------------------------------
  i          si     mix   beta      Etot       A       rn      rp         En      Dn      Ep      Dp        Ln      Lp     time
  ----------------------------------------------------------------------------------------------------------------------------------
   1L  73.90480883 0.30  0.010     0.000000    0.0   0.000   0.000 |   -2.000   1.000  -2.000   1.000 |   -7.000  -7.000   0.000
   2B  78.09887005 0.10  0.009   -77.469645   24.0   2.625   2.625 |    0.000  -0.000   0.000  -0.000 |  -17.169 -17.169  38.746
   3B  11.95725962 0.11  0.584  -160.254567   24.0   3.226   3.302 |    0.000  -0.000   0.000  -0.000 |  -12.972  -9.686   1.135
   4B  22.55998352 0.10  0.944  -136.164511   24.0   3.634   3.571 |    0.000  -0.000   0.000  -0.000 |  -18.555 -14.221   1.122
   5B  29.13779660 0.10  0.973  -142.564319   24.0   3.716   3.853 |    0.000  -0.000   0.000  -0.000 |  -17.354 -13.491   1.224
   6B  30.08473792 0.10  0.981  -133.479493   24.0   3.845   3.726 |    0.000  -0.000   0.000  -0.000 |  -17.121 -12.439   1.122
   7B  30.16744312 0.10  0.973  -155.390106   24.0   3.772   3.772 |    0.000  -0.000   0.000  -0.000 |  -16.538 -12.248   1.322
   8B  26.55472203 0.11  0.939  -159.890884   24.0   3.696   3.718 |    0.000  -0.000   0.000  -0.000 |  -15.734 -11.711   1.402
   9B  14.03179074 0.13  0.780  -170.625557   24.0   3.436   3.450 |    0.000  -0.000   0.000  -0.000 |  -13.709  -9.322   1.544
  10B   9.40548345 0.14  0.720  -177.716338   24.0   3.379   3.325 |    0.000  -0.000   0.000  -0.000 |  -13.621  -9.101   1.485
  11B   4.87783073 0.16  0.668  -183.042114   24.0   3.251   3.291 |    0.000  -0.000   0.000  -0.000 |  -13.455  -9.238   0.880
  12B   3.28601064 0.18  0.627  -185.162171   24.0   3.208   3.211 |    0.000  -0.000   0.000  -0.000 |  -13.360  -9.106   1.426
  13B   1.22982316 0.21  0.613  -186.545967   24.0   3.184   3.198 |    0.000  -0.000   0.000  -0.000 |  -13.306  -8.893   1.141
  14B   0.82038263 0.24  0.605  -186.955397   24.0   3.172   3.187 |    0.000  -0.000   0.000  -0.000 |  -13.026  -8.593   0.873
  15B   2.13416433 0.10  0.606  -186.599362   24.0   3.165   3.192 |    0.000  -0.000   0.000  -0.000 |  -12.900  -8.372   1.392
  16B   1.21725340 0.11  0.608  -186.831698   24.0   3.166   3.194 |    0.000  -0.000   0.000  -0.000 |  -12.806  -8.366   1.024
  17B   0.61454963 0.13  0.607  -186.975417   24.0   3.171   3.188 |    0.000  -0.000   0.000  -0.000 |  -12.805  -8.349   1.171
  18B   0.33252086 0.14  0.611  -186.824138   24.0   3.174   3.193 |    0.000  -0.000   0.000  -0.000 |  -12.805  -8.349   1.463
  19B   0.28310709 0.16  0.611  -186.821798   24.0   3.174   3.193 |    0.000  -0.000   0.000  -0.000 |  -12.805  -8.349   0.825
  20B   0.24037979 0.18  0.611  -186.806674   24.0   3.173   3.194 |    0.000  -0.000   0.000  -0.000 |  -12.805  -8.349   1.488
  21B   0.13242479 0.21  0.614  -186.710172   24.0   3.176   3.195 |    0.000  -0.000   0.000  -0.000 |  -12.805  -8.349   1.389
  22B   0.12730705 0.24  0.614  -186.691672   24.0   3.177   3.196 |    0.000  -0.000   0.000  -0.000 |  -12.805  -8.349   1.405
  23B   0.06218654 0.27  0.615  -186.662328   24.0   3.177   3.197 |    0.000  -0.000   0.000  -0.000 |  -12.805  -8.349   1.383
  24B   0.04287258 0.30  0.615  -186.671640   24.0   3.177   3.197 |    0.000  -0.000   0.000  -0.000 |  -12.805  -8.349   1.304
  25B   0.03034749 0.34  0.614  -186.677199   24.0   3.177   3.196 |    0.000  -0.000   0.000  -0.000 |  -12.805  -8.349   1.346
  26B   0.02230778 0.38  0.614  -186.681697   24.0   3.177   3.196 |    0.000  -0.000   0.000  -0.000 |  -12.805  -8.349   0.746
  27B   0.01306477 0.43  0.614  -186.688341   24.0   3.177   3.196 |    0.000  -0.000   0.000  -0.000 |  -12.805  -8.349   1.301
  28B   0.01373218 0.10  0.614  -186.687078   24.0   3.177   3.196 |    0.000  -0.000   0.000  -0.000 |  -12.805  -8.349   1.480
  29B   0.00923186 0.11  0.614  -186.688750   24.0   3.177   3.196 |    0.000  -0.000   0.000  -0.000 |  -12.805  -8.349   1.424
  30B   0.00398967 0.13  0.614  -186.693070   24.0   3.177   3.196 |    0.000  -0.000   0.000  -0.000 |  -12.805  -8.349   1.040
  31B   0.00722324 0.10  0.614  -186.693774   24.0   3.177   3.196 |    0.000  -0.000   0.000  -0.000 |  -12.805  -8.349   1.467
  32B   0.00347048 0.11  0.614  -186.694006   24.0   3.177   3.196 |    0.000  -0.000   0.000  -0.000 |  -12.805  -8.349   1.447
  33B   0.00289981 0.13  0.614  -186.693639   24.0   3.177   3.196 |    0.000  -0.000   0.000  -0.000 |  -12.805  -8.349   1.327
  34B   0.00239924 0.14  0.614  -186.693401   24.0   3.177   3.196 |    0.000  -0.000   0.000  -0.000 |  -12.805  -8.349   1.055
  35B   0.00160849 0.16  0.614  -186.693096   24.0   3.177   3.196 |    0.000  -0.000   0.000  -0.000 |  -12.805  -8.349   1.421
  36B   0.00110378 0.18  0.614  -186.692692   24.0   3.177   3.196 |    0.000  -0.000   0.000  -0.000 |  -12.805  -8.349   0.884
  37B   0.00173948 0.10  0.614  -186.692493   24.0   3.177   3.196 |    0.000  -0.000   0.000  -0.000 |  -12.805  -8.349   1.287
  38B   0.00106932 0.11  0.614  -186.692278   24.0   3.177   3.196 |    0.000  -0.000   0.000  -0.000 |  -12.805  -8.349   1.439
  39B   0.00036946 0.13  0.614  -186.692117   24.0   3.177   3.196 |    0.000  -0.000   0.000  -0.000 |  -12.805  -8.349   1.361
  40B   0.00047568 0.10  0.614  -186.692065   24.0   3.177   3.196 |    0.000  -0.000   0.000  -0.000 |  -12.805  -8.349   1.396
  41B   0.00048302 0.10  0.614  -186.692062   24.0   3.177   3.196 |    0.000  -0.000   0.000  -0.000 |  -12.805  -8.349   1.333
  42B   0.00035835 0.11  0.614  -186.692119   24.0   3.177   3.196 |    0.000  -0.000   0.000  -0.000 |  -12.805  -8.349   1.296
  43B   0.00026686 0.13  0.614  -186.692161   24.0   3.177   3.196 |    0.000  -0.000   0.000  -0.000 |  -12.805  -8.349   1.361
  44B   0.00015650 0.14  0.614  -186.692213   24.0   3.177   3.196 |    0.000  -0.000   0.000  -0.000 |  -12.805  -8.349   1.336
  45B   0.00015095 0.16  0.614  -186.692232   24.0   3.177   3.196 |    0.000  -0.000   0.000  -0.000 |  -12.805  -8.349   1.374
  46B   0.00018619 0.10  0.614  -186.692293   24.0   3.177   3.196 |    0.000  -0.000   0.000  -0.000 |  -12.805  -8.349   1.568
  47B   0.00014151 0.11  0.614  -186.692302   24.0   3.177   3.196 |    0.000  -0.000   0.000  -0.000 |  -12.805  -8.349   1.760
  48B   0.00009235 0.13  0.614  -186.692331   24.0   3.177   3.196 |    0.000  -0.000   0.000  -0.000 |  -12.805  -8.349   1.542
  49B   0.00008190 0.14  0.614  -186.692326   24.0   3.177   3.196 |    0.000  -0.000   0.000  -0.000 |  -12.805  -8.349   1.417
  50B   0.00006270 0.16  0.614  -186.692317   24.0   3.177   3.196 |    0.000  -0.000   0.000  -0.000 |  -12.805  -8.349   1.356
  51B   0.00005803 0.18  0.614  -186.692315   24.0   3.177   3.196 |    0.000  -0.000   0.000  -0.000 |  -12.805  -8.349   1.386
  52B   0.00003612 0.21  0.614  -186.692305   24.0   3.177   3.196 |    0.000  -0.000   0.000  -0.000 |  -12.805  -8.349   0.993
  53B   0.00003225 0.24  0.614  -186.692295   24.0   3.177   3.196 |    0.000  -0.000   0.000  -0.000 |  -12.805  -8.349   1.553
  54B   0.00002882 0.27  0.614  -186.692293   24.0   3.177   3.196 |    0.000  -0.000   0.000  -0.000 |  -12.805  -8.349   1.324
  55B   0.00001638 0.30  0.614  -186.692281   24.0   3.177   3.196 |    0.000  -0.000   0.000  -0.000 |  -12.805  -8.349   1.199
  56B   0.00001802 0.10  0.614  -186.692280   24.0   3.177   3.196 |    0.000  -0.000   0.000  -0.000 |  -12.805  -8.349   1.290
  57B   0.00001541 0.11  0.614  -186.692280   24.0   3.177   3.196 |    0.000  -0.000   0.000  -0.000 |  -12.805  -8.349   1.454
  58B   0.00001488 0.13  0.614  -186.692281   24.0   3.177   3.196 |    0.000  -0.000   0.000  -0.000 |  -12.805  -8.349   1.291
  59B   0.00001005 0.14  0.614  -186.692283   24.0   3.177   3.196 |    0.000  -0.000   0.000  -0.000 |  -12.805  -8.349   1.441
  60B   0.00000949 0.16  0.614  -186.692283   24.0   3.177   3.196 |    0.000  -0.000   0.000  -0.000 |  -12.805  -8.349   1.515
  61B   0.00000573 0.18  0.614  -186.692285   24.0   3.177   3.196 |    0.000  -0.000   0.000  -0.000 |  -12.805  -8.349   1.242
  62B   0.00000583 0.10  0.614  -186.692286   24.0   3.177   3.196 |    0.000  -0.000   0.000  -0.000 |  -12.805  -8.349   0.744
  63B   0.00000570 0.11  0.614  -186.692287   24.0   3.177   3.196 |    0.000  -0.000   0.000  -0.000 |  -12.805  -8.349   0.811
  64B   0.00000257 0.13  0.614  -186.692289   24.0   3.177   3.196 |    0.000  -0.000   0.000  -0.000 |  -12.805  -8.349   1.338
  65B   0.00000273 0.10  0.614  -186.692289   24.0   3.177   3.196 |    0.000  -0.000   0.000  -0.000 |  -12.805  -8.349   1.418
  66B   0.00000291 0.10  0.614  -186.692289   24.0   3.177   3.196 |    0.000  -0.000   0.000  -0.000 |  -12.805  -8.349   1.384
  67B   0.00000202 0.11  0.614  -186.692289   24.0   3.177   3.196 |    0.000  -0.000   0.000  -0.000 |  -12.805  -8.349   1.370
  68B   0.00000117 0.13  0.614  -186.692288   24.0   3.177   3.196 |    0.000  -0.000   0.000  -0.000 |  -12.805  -8.349   1.434
  69B   0.00000212 0.10  0.614  -186.692288   24.0   3.177   3.196 |    0.000  -0.000   0.000  -0.000 |  -12.805  -8.349   0.810
  70B   0.00000066 0.11  0.614  -186.692288   24.0   3.177   3.196 |    0.000  -0.000   0.000  -0.000 |  -12.805  -8.349   1.378
  71B   0.00000103 0.10  0.614  -186.692288   24.0   3.177   3.196 |    0.000  -0.000   0.000  -0.000 |  -12.805  -8.349   1.311
  72B   0.00000056 0.11  0.614  -186.692288   24.0   3.177   3.196 |    0.000  -0.000   0.000  -0.000 |  -12.805  -8.349   1.293
  73B   0.00000055 0.13  0.614  -186.692288   24.0   3.177   3.196 |    0.000  -0.000   0.000  -0.000 |  -12.805  -8.349   1.357
  74B   0.00000045 0.14  0.614  -186.692288   24.0   3.177   3.196 |    0.000  -0.000   0.000  -0.000 |  -12.805  -8.349   0.876
  75B   0.00000032 0.16  0.614  -186.692288   24.0   3.177   3.196 |    0.000  -0.000   0.000  -0.000 |  -12.805  -8.349   1.179
  76B   0.00000021 0.18  0.614  -186.692288   24.0   3.177   3.196 |    0.000  -0.000   0.000  -0.000 |  -12.805  -8.349   1.301
  77B   0.00000015 0.21  0.614  -186.692288   24.0   3.177   3.196 |    0.000  -0.000   0.000  -0.000 |  -12.805  -8.349   1.311
  78B   0.00000027 0.10  0.614  -186.692288   24.0   3.177   3.196 |    0.000  -0.000   0.000  -0.000 |  -12.805  -8.349   1.556
  79B   0.00000014 0.11  0.614  -186.692288   24.0   3.177   3.196 |    0.000  -0.000   0.000  -0.000 |  -12.805  -8.349   1.322
  80B   0.00000014 0.10  0.614  -186.692288   24.0   3.177   3.196 |    0.000  -0.000   0.000  -0.000 |  -12.805  -8.349   1.458
  81B   0.00000010 0.11  0.614  -186.692288   24.0   3.177   3.196 |    0.000  -0.000   0.000   0.000 |  -12.805  -8.349   1.136
  82B   0.00000007 0.13  0.614  -186.692288   24.0   3.177   3.196 |    0.000   0.000   0.000   0.000 |  -12.805  -8.349   1.298
  83B   0.00000007 0.10  0.614  -186.692288   24.0   3.177   3.196 |    0.000   0.000   0.000   0.000 |  -12.805  -8.349   1.358
  84B   0.00000004 0.11  0.614  -186.692288   24.0   3.177   3.196 |    0.000   0.000   0.000   0.000 |  -12.805  -8.349   1.259
  85B   0.00000004 0.10  0.614  -186.692288   24.0   3.177   3.196 |    0.000   0.000   0.000   0.000 |  -12.805  -8.349   0.871
  86B   0.00000003 0.11  0.614  -186.692288   24.0   3.177   3.196 |    0.000  -0.000   0.000   0.000 |  -12.805  -8.349   1.304
  87B   0.00000002 0.13  0.614  -186.692288   24.0   3.177   3.196 |    0.000   0.000   0.000   0.000 |  -12.805  -8.349   1.307
  88B   0.00000002 0.10  0.614  -186.692288   24.0   3.177   3.196 |    0.000   0.000   0.000   0.000 |  -12.805  -8.349   1.249
  89B   0.00000002 0.11  0.614  -186.692288   24.0   3.177   3.196 |    0.000   0.000   0.000   0.000 |  -12.805  -8.349   1.381
  90B   0.00000002 0.13  0.614  -186.692288   24.0   3.177   3.196 |    0.000   0.000   0.000   0.000 |  -12.805  -8.349   1.310
  91B   0.00000001 0.14  0.614  -186.692288   24.0   3.177   3.196 |    0.000   0.000   0.000   0.000 |  -12.805  -8.349   1.325
  92B   0.00000001 0.16  0.614  -186.692288   24.0   3.177   3.196 |    0.000   0.000   0.000   0.000 |  -12.805  -8.349   1.318
  93B   0.00000001 0.18  0.614  -186.692288   24.0   3.177   3.196 |    0.000  -0.000   0.000   0.000 |  -12.805  -8.349   1.376
  94B   0.00000001 0.21  0.614  -186.692288   24.0   3.177   3.196 |    0.000  -0.000   0.000   0.000 |  -12.805  -8.349   1.589
  95B   0.00000001 0.24  0.614  -186.692288   24.0   3.177   3.196 |    0.000   0.000   0.000  -0.000 |  -12.805  -8.349   1.497
  96B   0.00000000 0.27  0.614  -186.692288   24.0   3.177   3.196 |    0.000  -0.000   0.000  -0.000 |  -12.805  -8.349   1.477
  97B   0.00000000 0.30  0.614  -186.692288   24.0   3.177   3.196 |    0.000  -0.000   0.000  -0.000 |  -12.805  -8.349   1.026
  98B   0.00000000 0.34  0.614  -186.692288   24.0   3.177   3.196 |    0.000  -0.000   0.000   0.000 |  -12.805  -8.349   1.167
  99B   0.00000000 0.38  0.614  -186.692288   24.0   3.177   3.196 |    0.000  -0.000   0.000   0.000 |  -12.805  -8.349   4.191
 100B   0.00000000 0.43  0.614  -186.692288   24.0   3.177   3.196 |    0.000  -0.000   0.000   0.000 |  -12.805  -8.349   3.727
 101B   0.00000000 0.10  0.614  -186.692288   24.0   3.177   3.196 |    0.000   0.000   0.000   0.000 |  -12.805  -8.349   3.924
 102B   0.00000000 0.11  0.614  -186.692288   24.0   3.177   3.196 |    0.000  -0.000   0.000   0.000 |  -12.805  -8.349   3.829
  ----------------------------------------------------------------------------------------------------------------------------------
  *   iteration converged   after 102 steps   si=     0.0000000008 ho=  0 tho=  0
  ----------------------------------------------------------------------------------------------------------------------------------
  Total CPU time=   3.032 minutes

  Writing to wel_file: s012_012.hel
 __________________________________  
  The tape s012_012.hel recorded:     
  nucname,npr,ngh,ngl,n00,nb,nt      
  b0,beta0,si,etot,rms,bet,xmix      
  pairing:     CpV0,CpV1,pwi         
  delta:       del,ept               
  lambda:      ala,ala2,alast,tz     
  asymptotic:  varmas,ass,skass      
  ntx,nb,nhhdim,id,N_rz,n_r,n_z      
  Omega2,Sigma2,Parity,Lambda        
  matrices(inbro):    hh,de          
  *all blocking candidates           
 __________________________________  


  NB! From expect (UNPROJECTED RESULTS)

  pairing: CpV0,CpV1,...           0.100000       0.100000       1.000000       1.000000
  forces:   UNE1                          


                             neutrons         protons         total
  Requested part.numbs.      12.000000      12.000000      24.000000
  UnPj(av) part.numbs .      12.000000      12.000000      24.000000
  b0, bz, bp ..........       1.559284       1.564210       1.556827

  lambda (ala) ........     -12.805495      -8.349072
  Lambda (alast) ......     -12.805495      -8.349072
  delta(n,p), pwi .....      -0.000000       0.000000      60.000000
  pairing energy ......       0.000000       0.000000       0.000000

  rms-radius ..........       3.176617       3.196021       3.186334
  charge-radius, r0 ...                      3.294624       3.461399
  deformation beta2....       0.613591       0.614663       0.614130
  dipole moment[fm] ...       0.000000       0.000000       0.000000
  quadrupole moment[b]        0.937346       0.950489       1.887836
  octupole moment .....       0.000000       0.000000       0.000000
  hexadecapole moment .       0.020775       0.021073       0.041848
  q5 ..................       0.000000       0.000000       0.000000
  q6 ..................       0.001201       0.001201       0.002402
  q7 ..................       0.000000       0.000000       0.000000
  q8 ..................       0.000039       0.000037       0.000076

  <r^0> [fm^0] ........            1.000000            1.000000            1.000000
  <r^2> [fm^2] ........           10.090896           10.214549           10.152723
  <r^4> [fm^4] ........          152.022693          155.833573          153.928133
  <r^6> [fm^6] ........         2959.365471         3071.260416         3015.312944
  <r^8> [fm^8] ........        69311.871411        72776.940169        71044.405790

  kinetic energy ......     195.471640     193.326026     388.797665
  volume energy .......                                  -640.196043
        rho_tau .......                                    -1.588915
        rho_rho .......                                  -638.607127
  surface energy ......                                    48.486263
   rho_DELTA_rho ......                                    48.486263
   (NABLA_rho)^2 ......                                     0.000000
  spin-orbit energy ...                                   -11.517185
        rho_NABLA_J ...                                   -11.517185
        NABLA_rho_J ...                                     0.000000
  coulomb energy ......                                    27.737012
          direct ......                                    32.098784
          exchange ....                                    -4.361772
  tensor energy .......                                     0.000000
  direct Hartree E  ...                                     0.000000
  Extra E .............                                     0.000000
  External field E ....                                     0.000000
  Entropy .............       0.000000       0.000000       0.000000

  tEnergy: ehfb (qp)...                                  -186.692288

  Calculated but not added corrections 
====================================
  cmc-diagonal part ...       0.000000       0.000000       0.000000
  cmc-hfb .............       0.000000       0.000000       0.000000
  cranking rot corr ...       0.000000       0.000000       0.000000

  SQUJ ................       0.000000       0.000000       0.000000
  CRAN x 4 ............       0.000000       0.000000       0.000000
  Rigit Body ..........       0.000000       0.000000       0.000000


   Blocking candidates are:
   neutron eqpmin=   1.2454000599409625       pwiblo=   5.1031036307982882     
    num=   1 block=   3 state=   1    33 Eqp=   1.24540006  (1-2N)E=  -1.24540006  Ovlp=   0.88932059  3+[ 2, 1, 1]
    num=   2 block=   1 state=   1     1 Eqp=   2.37229553  (1-2N)E=   2.37229553  Ovlp=   0.84516457  1+[ 2, 1, 1]
    num=   3 block=   2 state=   1    17 Eqp=   2.68864049  (1-2N)E=   2.68864049  Ovlp=   0.67727698  1-[ 3, 3, 0]
    num=   4 block=   2 state=   2    18 Eqp=   4.40864145  (1-2N)E=  -4.40864145  Ovlp=   0.92767366  1-[ 1, 0, 1]
    num=   5 block=   5 state=   1    58 Eqp=   6.14618357  (1-2N)E=   6.14618357  Ovlp=   0.94479139  5+[ 2, 0, 2]

   Blocking candidates are:
   proton  eqpmin=   1.2528709286983144       pwiblo=   5.1031036307982882     
    num=   1 block=   3 state=   1    31 Eqp=   1.25287093  (1-2N)E=  -1.25287093  Ovlp=   0.88501924  3+[ 2, 1, 1]
    num=   2 block=   1 state=   1     1 Eqp=   2.30865235  (1-2N)E=   2.30865235  Ovlp=   0.84003238  1+[ 2, 1, 1]
    num=   3 block=   2 state=   1    17 Eqp=   2.69752503  (1-2N)E=   2.69752503  Ovlp=   0.66885608  1-[ 3, 3, 0]
    num=   4 block=   2 state=   2    18 Eqp=   4.33884957  (1-2N)E=  -4.33884957  Ovlp=   0.92443409  1-[ 1, 0, 1]
    num=   5 block=   5 state=   1    54 Eqp=   6.13758925  (1-2N)E=   6.13758925  Ovlp=   0.94016203  5+[ 2, 0, 2]



 HFBTHO_SOLVER ended without errors

