No Skyrme interaction defined in routine skforce()
Multi-threading framework with OpenMP: 1 threads/task

  =======================================
           FORTRAN 95 CODE (KIND= 8) 
               Version: 200d  
  =======================================
       AXIALLY DEFORMED CONFIGURATIONAL  
     HARTREE-FOCK-BOGOLIUBOV CALCULATIONS
                     WITH                
            UNEDF AND DELTA PAIRING      
                     USING               
             HARMONIC-OSCILLATOR         
                   AND/OR                
       TRANSFORMED HARMONIC-OSCILLATOR   
                    BASIS                
                     ---                 
               v1.66  (2005):,           
   Stoitsov,Dobaczewski,Nazarewicz,Ring, 
               v2.00d (2012):,           
         Stoitsov,Schunck,Kortelainen    
  =======================================
    Nucleus: MG (A=  24, N= 12, Z= 12)
       Reflection Symmetry Imposed       
            ( 7/14/2023, 21:54)                               
  =======================================


  ---------------------------------------
           UNEDF Module Version:17
         M.Kortelainen & M.Stoitsov 
  ---------------------------------------

  UNE1 functional
  ----------------------------------
  Crho(0)=   -771.162817822170155    ; Crho(1)=    271.914683028853574    
  CDrho(0)=   894.823129818925622    ; CDrho(1)=  -158.979774556835196    
  Ctau(0)=   -4.52924762519414603    ; Ctau(1)=   -37.1290817481249249    
  CrDr(0)=   -43.7324866445217495    ; CrDr(1)=   -113.954855088676055    
  CrdJ(0)=   -66.8816621916454181    ; CrdJ(1)=   -37.4508973318763765    
  CJ(0)=      0.00000000000000000    ; CJ(1)=      0.00000000000000000    
  CpV0(0)=   0.100000000000000006    ; CpV0(1)=   0.100000000000000006    
  CpV1(0)=    1.00000000000000000    ; CpV1(1)=    1.00000000000000000    
  sigma=     0.276535970501483985    ; hbzero=     20.7355300000000007    
  e^2 chrg=   1.43997840859651305    ; CExPar=     1.00000000000000000    
  c.m. correction: F, chr. density in direct Coul: F
  use tensor terms: F
  use TMR pairing:  0

  Coupling constants in natural units
  -----------------------------------
  Crho_nu(0)=  -0.868421811814173439    ; Crho_nu(1)=   0.306208541487598962    
  CDrho_nu(0)=  0.943519516310921680    ; CDrho_nu(1)= -0.167631473745474435    
  Ctau_nu(0)=  -0.642026000296423427E-01; Ctau_nu(1)=  -0.526308955086238539    
  CrDr_nu(0)=  -0.619912970251775941    ; CrDr_nu(1)=   -1.61532302672025230    
  CrdJ_nu(0)=  -0.948055165525157784    ; CrdJ_nu(1)=  -0.530870727574006773    
  CJ_nu(0)=      0.00000000000000000    ; CJ_nu(1)=      0.00000000000000000    
  CpV0_nu(0)=   0.112611992142809880E-03; CpV0_nu(1)=   0.112611992142809880E-03
  CpV1_nu(0)=   0.887702254206059068E-03; CpV1_nu(1)=   0.887702254206059068E-03
  fpi_nu=        93.0000000000000000    ; Lambda_nu=     700.000000000000000    

  Nuclear matter properties
  ----------------------------------
      E_NM=     -15.7999999999999741      K_NM=     219.9999999999997158
      P_NM=      -0.0000000000000025    RHO_NM=       0.1589129328577306
    ASS_NM=      29.3844630824825614   LASS_NM=      41.6016745594153150
  SMASS_NM=       0.9652887568459300  VMASS_NM=       1.2498385742322697

  Associated (t,x)-coupling constants
  -----------------------------------
  t0=      -2056.43418085912026    ; x0=       0.289052001951363158E-01
  t1=       227.200931937190433    ; x1=       -4.18563927125374668    
  t2=       1261.19418899265133    ; x2=       -1.39947554555753495    
  t3=       14317.1700771028100    ; x3=      -0.233500784804803851    
  b4=       29.4307648597690417    ; b4p=       74.9017946637527530    
  te=      -374.998482593169854    ; to=       -168.199831182077645    
  sigma=   0.276535970501483985    ; hbzero=    20.7355300000000007    

  ---------------------------------------
        Characteristics of the run       
  ---------------------------------------
  Output file ................:     7
  Nucleus ....................:   MG  24
  Number of HO shells ........:     4
  HO length b0 (fm) ..........:     1.55928400372611
  Basis deformation ..........:  beta0=   0.010 q=   1.010
  HO: b0,1/b0,bp,bz,q ........:   0.15592840E+01  0.64131999E+00  0.15568270E+01  0.15642096E+01  0.10095067E+01
  h**2/(2m), cmc, e**2 .......:   0.20735530E+02  0.20735530E+02  0.14399784E+01
  hom=f*41.0_pr*A^{-1/3}, f...:   0.17056687E+02  0.12000000E+01
  THO basis is ...............:  OFF
  Maximal number of iterations:   400
  Initial mixing parameter ...:  0.300
  Initial w.f. ...............:  from   spherical scratch
  Skyrme functional ..........:    UNE1                          
    with direct and exchange Coulomb
  Lipkin-Nogami procedure is .:  OFF
  PAV procedure is ...........:  OFF
  Constraint calculation is ..:   ON
    Constraint 1 .............: lambda=2 Ql=   2.186
  Temperature T ..............:   0.05 MeV
  Restart indicator ..........:   1
  Broyden mixing (#iterations):   7

  ---------------------------------------
        Harmonic Oscillator Basis        
  ---------------------------------------
  NUV, NQP:                         195      35
  Comparison with bookkeeping spherical basis:
  n00:                                4       4  Maximal number of shells
  nbx, 2*n00+1:                       9       9  Maximal number of K-blocks
  ntx, (n00+1)*(n00+2)*(n00+3)/6     35      35  Max.num. p/n levels
  nzx, n00:                           4       4  Maximal nz-quantum number
  nrx, n00/2  :                       2       2  Maximal nr-quantum number
  nlx, n00:                           4       4  Maximal ml-quantum number
  ndx, (n00+2)*(n00+2)/4:             9       9  Maximal dim. of one k-block

  Actual basis used
  Number of blocks: nb .......:    9
  Number of levels: nt .......:   35
  Maximal 2*omega : nom ......:    9
  Maximal nz:       nzm ......:    4
  Maximal nr:       nrm ......:    2
  Maximal ml:       nlm ......:    4
  Maximal N=nz+2*nr+nl .......:    4
  2 x biggest block dim. .....:   18
  Non-zero elements of h .....:      115
  Number of Broyden elements .:      460

  ---------------------------------------
            Integration Meshes           
  ---------------------------------------
  Number of Gauss-Hermite mesh points ngh ....:  40
  Number of Gauss-Laguerre mesh points ngl ...:  40
  Number of Gauss-Legendre mesh points nleg ..:  80
  Integration boundaries
    Hermite  - from xh(1)  =  0.12379686 to xh(ngh)   = 11.88786356
    Laguerre - From xl(1)  =  0.03570039 to xl(ngl)   =142.28004447
    Legendre - From xleg(1)=  0.00978669 to xleg(nleg)=  0.99988775
  Max.dev.in:     Orthogonality            Normalization
  Hermite     5.2235050987142219E-016   1.9984014443252818E-015
  Laguerre    1.9977540701027837E-015   4.5519144009631418E-015

  Scratch initialization for the nucleus: MG  12  12


  Initial potentials of Saxon-Woods shape 
  v0ws   =  -71.27999878
  kappa  =    0.46160001
  vs0    =   11.11750031   11.11750031
  r0     =    1.23339999    1.23339999
  a      =    0.61500001    0.61500001
  r0-so  =    1.14429998    1.14429998
  a-so   =    0.64760000    0.64760000
  beta00 =    0.01000000

  ### REGULAR STAGE (reflection symmetry imposed)
  |HFB+HO> iterations(b0=  1.559, Nsh=  4, inin=  1, N= 12, Z= 12)...
  ----------------------------------------------------------------------------------------------------------------------------------
  i          si     mix   beta      Etot       A       rn      rp         En      Dn      Ep      Dp        Ln      Lp     time
  ----------------------------------------------------------------------------------------------------------------------------------
   1L  52.26905082 0.30  0.010     0.000000    0.0   0.000   0.000 |   -2.000   1.000  -2.000   1.000 |   -7.000  -7.000   0.000
   2B  99.95148529 0.10  0.009   -62.395086   24.0   2.616   2.616 |    0.000  -0.000   0.000  -0.000 |  -16.532 -16.532  28.183
   3B  26.12137689 0.11  0.481  -156.495580   24.0   3.092   3.123 |    0.000  -0.000   0.000  -0.000 |  -13.129  -9.751   0.078
   4B  14.40298508 0.13  0.634  -151.408275   24.0   3.124   3.094 |    0.000  -0.000   0.000  -0.000 |  -15.741 -11.219   0.079
   5B  14.78437475 0.10  0.719  -121.343933   24.0   3.127   3.205 |    0.000   0.000   0.000   0.000 |  -16.231 -11.582   0.080
   6B   6.70024845 0.11  0.734  -120.493418   24.0   3.192   3.177 |    0.000   0.000   0.000   0.000 |  -16.289 -10.978   0.081
   7B   4.14713113 0.13  0.733  -121.079217   24.0   3.190   3.195 |    0.000   0.000   0.000   0.000 |  -15.213 -10.574   0.083
   8B   3.59516198 0.14  0.728  -121.989566   24.0   3.191   3.199 |    0.000   0.000   0.000   0.000 |  -14.754  -9.960   0.077
   9B   2.79055416 0.16  0.723  -123.849982   24.0   3.193   3.198 |    0.000  -0.000   0.000  -0.000 |  -14.243  -9.416   0.079
  10B   1.91269681 0.18  0.720  -125.380878   24.0   3.188   3.195 |    0.000  -0.000   0.000  -0.000 |  -14.015  -9.330   0.083
  11B   0.86689675 0.21  0.717  -127.143780   24.0   3.184   3.187 |    0.000  -0.000   0.000  -0.000 |  -14.122  -9.316   0.076
  12B   0.16032621 0.24  0.714  -128.336629   24.0   3.178   3.185 |    0.000  -0.000   0.000  -0.000 |  -14.061  -9.303   0.078
  13B   0.08345948 0.27  0.714  -128.618852   24.0   3.178   3.184 |    0.000   0.000   0.000   0.000 |  -14.056  -9.291   0.080
  14B   0.01990030 0.30  0.714  -128.632645   24.0   3.177   3.184 |    0.000   0.000   0.000   0.000 |  -14.060  -9.293   0.084
  15B   0.02182112 0.10  0.714  -128.626571   24.0   3.177   3.184 |    0.000   0.000   0.000   0.000 |  -14.057  -9.290   0.078
  16B   0.00419669 0.11  0.714  -128.612212   24.0   3.177   3.184 |    0.000  -0.000   0.000  -0.000 |  -14.058  -9.291   0.081
  17B   0.00089013 0.13  0.714  -128.605879   24.0   3.177   3.184 |    0.000  -0.000   0.000  -0.000 |  -14.058  -9.292   0.085
  18B   0.00020288 0.14  0.714  -128.605046   24.0   3.177   3.184 |    0.000  -0.000   0.000  -0.000 |  -14.059  -9.292   0.082
  19B   0.00021107 0.10  0.714  -128.604872   24.0   3.177   3.184 |    0.000  -0.000   0.000  -0.000 |  -14.059  -9.292   0.083
  20B   0.00015449 0.11  0.714  -128.604967   24.0   3.177   3.184 |    0.000  -0.000   0.000  -0.000 |  -14.059  -9.292   0.077
  21B   0.00010419 0.13  0.714  -128.605050   24.0   3.177   3.184 |    0.000  -0.000   0.000  -0.000 |  -14.059  -9.292   0.082
  22B   0.00002814 0.14  0.714  -128.605177   24.0   3.177   3.184 |    0.000   0.000   0.000   0.000 |  -14.059  -9.292   0.084
  23B   0.00000810 0.16  0.714  -128.605217   24.0   3.177   3.184 |    0.000  -0.000   0.000  -0.000 |  -14.059  -9.292   0.079
  24B   0.00000451 0.18  0.714  -128.605220   24.0   3.177   3.184 |    0.000   0.000   0.000   0.000 |  -14.059  -9.292   0.087
  25B   0.00000101 0.21  0.714  -128.605224   24.0   3.177   3.184 |    0.000   0.000   0.000   0.000 |  -14.059  -9.292   0.088
  26B   0.00000057 0.24  0.714  -128.605224   24.0   3.177   3.184 |    0.000  -0.000   0.000  -0.000 |  -14.059  -9.292   0.089
  27B   0.00000028 0.27  0.714  -128.605224   24.0   3.177   3.184 |    0.000   0.000   0.000   0.000 |  -14.059  -9.292   0.082
  28B   0.00000007 0.30  0.714  -128.605224   24.0   3.177   3.184 |    0.000  -0.000   0.000  -0.000 |  -14.059  -9.292   0.089
  29B   0.00000002 0.34  0.714  -128.605224   24.0   3.177   3.184 |    0.000  -0.000   0.000  -0.000 |  -14.059  -9.292   0.097
  30B   0.00000002 0.10  0.714  -128.605224   24.0   3.177   3.184 |    0.000  -0.000   0.000  -0.000 |  -14.059  -9.292   0.110
  31B   0.00000001 0.11  0.714  -128.605224   24.0   3.177   3.184 |    0.000  -0.000   0.000  -0.000 |  -14.059  -9.292   0.101
  32B   0.00000000 0.13  0.714  -128.605224   24.0   3.177   3.184 |    0.000  -0.000   0.000  -0.000 |  -14.059  -9.292   0.101
  ----------------------------------------------------------------------------------------------------------------------------------
  *   iteration converged   after  32 steps   si=     0.0000000009 ho=  0 tho=  0
  ----------------------------------------------------------------------------------------------------------------------------------
  Total CPU time=   0.513 minutes

  Writing to wel_file: s012_012.hel
 __________________________________  
  The tape s012_012.hel recorded:     
  nucname,npr,ngh,ngl,n00,nb,nt      
  b0,beta0,si,etot,rms,bet,xmix      
  pairing:     CpV0,CpV1,pwi         
  delta:       del,ept               
  lambda:      ala,ala2,alast,tz     
  asymptotic:  varmas,ass,skass      
  ntx,nb,nhhdim,id,N_rz,n_r,n_z      
  Omega2,Sigma2,Parity,Lambda        
  matrices(inbro):    hh,de          
  *all blocking candidates           
 __________________________________  


  NB! From expect (UNPROJECTED RESULTS)

  pairing: CpV0,CpV1,...           0.100000       0.100000       1.000000       1.000000
  forces:   UNE1                          


                             neutrons         protons         total
  Requested part.numbs.      12.000000      12.000000      24.000000
  UnPj(av) part.numbs .      12.000000      12.000000      24.000000
  b0, bz, bp ..........       1.559284       1.564210       1.556827

  lambda (ala) ........     -14.058656      -9.291846
  Lambda (alast) ......     -14.058656      -9.291846
  delta(n,p), pwi .....       0.000000       0.000000      60.000000
  pairing energy ......       0.000000       0.000000       0.000000

  rms-radius ..........       3.177310       3.183557       3.180435
  charge-radius, r0 ...                      3.282535       3.461399
  deformation beta2....       0.714894       0.712587       0.713738
  dipole moment[fm] ...       0.000000       0.000000       0.000000
  quadrupole moment[b]        1.092577       1.093338       2.185915
  octupole moment .....       0.000000       0.000000       0.000000
  hexadecapole moment .       0.010263       0.010136       0.020399
  q5 ..................       0.000000       0.000000       0.000000
  q6 ..................      -0.000396      -0.000403      -0.000799
  q7 ..................       0.000000       0.000000       0.000000
  q8 ..................      -0.000031      -0.000031      -0.000062

  <r^0> [fm^0] ........            1.000000            1.000000            1.000000
  <r^2> [fm^2] ........           10.095296           10.135038           10.115167
  <r^4> [fm^4] ........          139.775581          140.653709          140.214645
  <r^6> [fm^6] ........         2369.392318         2388.016437         2378.704378
  <r^8> [fm^8] ........        46841.989695        47264.088802        47053.039249

  kinetic energy ......     240.943523     240.222544     481.166067
  volume energy .......                                  -702.043296
        rho_tau .......                                   -11.087919
        rho_rho .......                                  -690.955377
  surface energy ......                                    93.553839
   rho_DELTA_rho ......                                    93.553839
   (NABLA_rho)^2 ......                                     0.000000
  spin-orbit energy ...                                   -29.650764
        rho_NABLA_J ...                                   -29.650764
        NABLA_rho_J ...                                     0.000000
  coulomb energy ......                                    28.368930
          direct ......                                    33.047299
          exchange ....                                    -4.678370
  tensor energy .......                                     0.000000
  direct Hartree E  ...                                     0.000000
  Extra E .............                                     0.000000
  External field E ....                                     0.000000
  Entropy .............       0.000018       0.000057       0.000076

  tEnergy: ehfb (qp)...                                  -128.605224

  Calculated but not added corrections 
====================================
  cmc-diagonal part ...       0.000000       0.000000       0.000000
  cmc-hfb .............       0.000000       0.000000       0.000000
  cranking rot corr ...       0.000000       0.000000       0.000000

  SQUJ ................       0.000000       0.000000       0.000000
  CRAN x 4 ............       0.000000       0.000000       0.000000
  Rigit Body ..........       0.000000       0.000000       0.000000


   Blocking candidates are:
   neutron eqpmin=  0.75391482273789734       pwiblo=   5.1031036307982882     
    num=   1 block=   2 state=   1    10 Eqp=   0.75391482  (1-2N)E=  -0.75391482  Ovlp=   0.80503953  1-[ 1, 0, 1]
    num=   2 block=   1 state=   1     1 Eqp=   0.75398414  (1-2N)E=   0.75398414  Ovlp=   0.73662038  1+[ 2, 1, 1]
    num=   3 block=   4 state=   1    22 Eqp=   4.64294069  (1-2N)E=  -4.64294069  Ovlp=   0.84911097  3-[ 1, 0, 1]
    num=   4 block=   3 state=   1    16 Eqp=   5.50578197  (1-2N)E=  -5.50578197  Ovlp=   0.81242043  3+[ 2, 1, 1]

   Blocking candidates are:
   proton  eqpmin=  0.69250104271611690       pwiblo=   5.1031036307982882     
    num=   1 block=   2 state=   1    10 Eqp=   0.69250104  (1-2N)E=  -0.69250104  Ovlp=   0.80520823  1-[ 1, 0, 1]
    num=   2 block=   1 state=   1     1 Eqp=   0.69252061  (1-2N)E=   0.69252061  Ovlp=   0.73401955  1+[ 2, 1, 1]
    num=   3 block=   4 state=   1    22 Eqp=   4.54839526  (1-2N)E=  -4.54839526  Ovlp=   0.84795485  3-[ 1, 0, 1]
    num=   4 block=   3 state=   1    16 Eqp=   5.53328926  (1-2N)E=  -5.53328926  Ovlp=   0.81000438  3+[ 2, 1, 1]



 HFBTHO_SOLVER ended without errors

