No Skyrme interaction defined in routine skforce()
Multi-threading framework with OpenMP: 1 threads/task

  =======================================
           FORTRAN 95 CODE (KIND= 8) 
               Version: 200d  
  =======================================
       AXIALLY DEFORMED CONFIGURATIONAL  
     HARTREE-FOCK-BOGOLIUBOV CALCULATIONS
                     WITH                
            UNEDF AND DELTA PAIRING      
                     USING               
             HARMONIC-OSCILLATOR         
                   AND/OR                
       TRANSFORMED HARMONIC-OSCILLATOR   
                    BASIS                
                     ---                 
               v1.66  (2005):,           
   Stoitsov,Dobaczewski,Nazarewicz,Ring, 
               v2.00d (2012):,           
         Stoitsov,Schunck,Kortelainen    
  =======================================
    Nucleus: GD (A= 156, N= 92, Z= 64)
       Reflection Symmetry Imposed       
            (10/14/2022,  6:26)                               
  =======================================


  ---------------------------------------
           UNEDF Module Version:17
         M.Kortelainen & M.Stoitsov 
  ---------------------------------------

  UNE1 functional
  ----------------------------------
  Crho(0)=   -751.817726222179658    ; Crho(1)=    196.622151283590597    
  CDrho(0)=   911.643267808289693    ; CDrho(1)=  -1.41345765557694469    
  Ctau(0)=   -14.9727841632617853    ; Ctau(1)=   -47.6036553815586458    
  CrDr(0)=   -41.1329420274102660    ; CrDr(1)=   -185.410225001395503    
  CrdJ(0)=   -57.8965708002591555    ; CrdJ(1)=   -30.3842254197306723    
  CJ(0)=      0.00000000000000000    ; CJ(1)=      0.00000000000000000    
  CpV0(0)=   0.100000000000000006    ; CpV0(1)=   0.100000000000000006    
  CpV1(0)=    1.00000000000000000    ; CpV1(1)=    1.00000000000000000    
  sigma=     0.295071946858181444    ; hbzero=     20.7355300000000007    
  e^2 chrg=   1.43997840859651305    ; CExPar=     1.00000000000000000    
  c.m. correction: F, chr. density in direct Coul: F
  use tensor terms: F
  use TMR pairing:  0

  Coupling constants in natural units
  -----------------------------------
  Crho_nu(0)=  -0.846636918781572656    ; Crho_nu(1)=   0.221420121554500776    
  CDrho_nu(0)=  0.957025540677287956    ; CDrho_nu(1)= -0.148382061801989964E-02
  Ctau_nu(0)=  -0.212240917810903290    ; Ctau_nu(1)=  -0.674787227223005770    
  CrDr_nu(0)=  -0.583064129754903404    ; CrDr_nu(1)=   -2.62821101918893962    
  CrdJ_nu(0)=  -0.820690473512711738    ; CrdJ_nu(1)=  -0.430699849790138534    
  CJ_nu(0)=      0.00000000000000000    ; CJ_nu(1)=      0.00000000000000000    
  CpV0_nu(0)=   0.112611992142809880E-03; CpV0_nu(1)=   0.112611992142809880E-03
  CpV1_nu(0)=   0.887702254206059068E-03; CpV1_nu(1)=   0.887702254206059068E-03
  fpi_nu=        93.0000000000000000    ; Lambda_nu=     700.000000000000000    

  Nuclear matter properties
  ----------------------------------
      E_NM=     -15.7999999999999918      K_NM=     219.9999999999997158
      P_NM=       0.0000000000000026    RHO_NM=       0.1587617816420915
    ASS_NM=      28.5433679851994846   LASS_NM=      43.7744589513906917
  SMASS_NM=       0.8853607363833028  VMASS_NM=       1.2498385742322697

  Associated (t,x)-coupling constants
  -----------------------------------
  t0=      -2004.84726992581227    ; x0=      -0.107706473738787223    
  t1=       199.411978595172343    ; x1=       -7.46083805509992359    
  t2=       2079.27148226811914    ; x2=       -1.35073245479755877    
  t3=       14586.2922849326351    ; x3=      -0.497674324422465564    
  b4=       27.5123453805284832    ; b4p=       60.7684508394613445    
  te=      -617.617945565315495    ; to=       -241.646044830726169    
  sigma=   0.295071946858181444    ; hbzero=    20.7355300000000007    

  ---------------------------------------
        Characteristics of the run       
  ---------------------------------------
  Output file ................:     7
  Nucleus ....................:   GD 156
  Number of HO shells ........:     8
  HO length b0 (fm) ..........:     2.13015292605643
  Basis deformation ..........:  beta0=   0.010 q=   1.010
  HO: b0,1/b0,bp,bz,q ........:   0.21301529E+01  0.46944986E+00  0.21267964E+01  0.21368819E+01  0.10095067E+01
  h**2/(2m), cmc, e**2 .......:   0.20735530E+02  0.20735530E+02  0.14399784E+01
  hom=f*41.0_pr*A^{-1/3}, f...:   0.91395238E+01  0.12000000E+01
  THO basis is ...............:  OFF
  Maximal number of iterations:   400
  Initial mixing parameter ...:  0.300
  Initial w.f. ...............:  from   spherical scratch
  Skyrme functional ..........:    UNE1                          
    with direct and exchange Coulomb
  Lipkin-Nogami procedure is .:  OFF
  PAV procedure is ...........:  OFF
  Constraint calculation is ..:   ON
    Constraint 1 .............: lambda=2 Ql=  -4.821
  Temperature T ..............:   0.05 MeV
  Restart indicator ..........:   1
  Broyden mixing (#iterations):   7

  ---------------------------------------
        Harmonic Oscillator Basis        
  ---------------------------------------
  NUV, NQP:                        2501     165
  Comparison with bookkeeping spherical basis:
  n00:                                8       8  Maximal number of shells
  nbx, 2*n00+1:                      17      17  Maximal number of K-blocks
  ntx, (n00+1)*(n00+2)*(n00+3)/6    165     165  Max.num. p/n levels
  nzx, n00:                           8       8  Maximal nz-quantum number
  nrx, n00/2  :                       4       4  Maximal nr-quantum number
  nlx, n00:                           8       8  Maximal ml-quantum number
  ndx, (n00+2)*(n00+2)/4:            25      25  Maximal dim. of one k-block

  Actual basis used
  Number of blocks: nb .......:   17
  Number of levels: nt .......:  165
  Maximal 2*omega : nom ......:   17
  Maximal nz:       nzm ......:    8
  Maximal nr:       nrm ......:    4
  Maximal ml:       nlm ......:    8
  Maximal N=nz+2*nr+nl .......:    8
  2 x biggest block dim. .....:   50
  Non-zero elements of h .....:     1333
  Number of Broyden elements .:     5332

  ---------------------------------------
            Integration Meshes           
  ---------------------------------------
  Number of Gauss-Hermite mesh points ngh ....:  40
  Number of Gauss-Laguerre mesh points ngl ...:  40
  Number of Gauss-Legendre mesh points nleg ..:  80
  Integration boundaries
    Hermite  - from xh(1)  =  0.12379686 to xh(ngh)   = 11.88786356
    Laguerre - From xl(1)  =  0.03570039 to xl(ngl)   =142.28004447
    Legendre - From xleg(1)=  0.00978669 to xleg(nleg)=  0.99988775
  Max.dev.in:     Orthogonality            Normalization
  Hermite     1.5248282503475657E-015   1.0991207943789050E-014
  Laguerre    4.2896485016951012E-015   8.9928064994637680E-015

  Scratch initialization for the nucleus: GD  92  64


  Initial potentials of Saxon-Woods shape 
  v0ws   =  -71.27999878
  kappa  =    0.46160001
  vs0    =   11.11750031   11.11750031
  r0     =    1.23339999    1.23339999
  a      =    0.61500001    0.61500001
  r0-so  =    1.14429998    1.14429998
  a-so   =    0.64760000    0.64760000
  beta00 =    0.01000000

  ### REGULAR STAGE (reflection symmetry imposed)
  |HFB+HO> iterations(b0=  2.130, Nsh=  8, inin=  1, N= 92, Z= 64)...
  ----------------------------------------------------------------------------------------------------------------------------------
  i          si     mix   beta      Etot       A       rn      rp         En      Dn      Ep      Dp        Ln      Lp     time
  ----------------------------------------------------------------------------------------------------------------------------------
   1L  69.94764065 0.30  0.010     0.000000    0.0   0.000   0.000 |   -2.000   1.000  -2.000   1.000 |   -7.000  -7.000   0.000
   2B  32.57161565 0.10  0.017 -1047.735194  156.0   4.802   4.555 |    0.000  -0.000   0.000   0.000 |  -14.068 -26.543  22.057
   3B  30.68780634 0.11 -0.070  -905.317717  156.0   4.962   4.952 |    0.000  -0.000   0.000  -0.000 |   -6.109 -10.870   0.813
   4B  42.41241873 0.10 -0.077  -637.941796  156.0   5.159   4.684 |    0.000  -0.000   0.000  -0.000 |   -5.874  -8.349   0.621
   5B  10.95676838 0.11 -0.121 -1211.578404  156.0   5.109   5.007 |    0.000  -0.000   0.000  -0.000 |   -5.361  -6.449   0.596
   6B   7.64115440 0.13 -0.132 -1222.101902  156.0   5.144   4.998 |    0.000  -0.000   0.000  -0.000 |   -5.196  -6.890   0.710
   7B   5.60890804 0.14 -0.145 -1244.236646  156.0   5.175   4.995 |    0.000  -0.000   0.000  -0.000 |   -5.431  -6.766   0.706
   8B   4.63428514 0.16 -0.147 -1246.164671  156.0   5.174   5.006 |    0.000  -0.000   0.000  -0.000 |   -5.639  -6.978   0.726
   9B   4.77240929 0.10 -0.163 -1246.559259  156.0   5.175   5.037 |    0.000  -0.000   0.000  -0.000 |   -6.079  -7.150   1.047
  10B   2.36287609 0.11 -0.163 -1252.187649  156.0   5.178   5.047 |    0.000  -0.000   0.000  -0.000 |   -6.050  -7.148   0.541
  11B   1.76450473 0.13 -0.158 -1253.769056  156.0   5.183   5.031 |    0.000  -0.000   0.000  -0.000 |   -6.050  -7.103   0.924
  12B   1.75337270 0.14 -0.155 -1254.413010  156.0   5.185   5.034 |    0.000  -0.000   0.000  -0.000 |   -6.096  -7.069   0.642
  13B   1.74237983 0.16 -0.152 -1254.327576  156.0   5.185   5.033 |    0.000  -0.000   0.000  -0.000 |   -6.090  -7.043   0.612
  14L   1.71528044 0.18 -0.150 -1254.280336  156.0   5.184   5.031 |    0.000  -0.000   0.000  -0.000 |   -6.061  -7.033   1.060
  15L   1.71795568 0.10 -0.145 -1253.200717  156.0   5.178   5.033 |    0.000  -0.000   0.000  -0.000 |   -6.044  -6.937   0.904
  16L   5.34179012 0.10 -0.133 -1244.452245  156.0   5.174   5.028 |    0.000  -0.000   0.000  -0.000 |   -5.914  -6.906   0.731
  17B   9.97060904 0.10 -0.128 -1221.170052  156.0   5.174   5.030 |    0.000  -0.000   0.000  -0.000 |   -5.938  -6.681   0.754
  18L   2.68766802 0.11 -0.172 -1253.232136  156.0   5.187   5.055 |    0.000  -0.000   0.000  -0.000 |   -6.183  -7.190   0.591
  19B   3.23702854 0.10 -0.160 -1249.446122  156.0   5.188   5.035 |    0.000  -0.000   0.000  -0.000 |   -6.129  -7.083   0.758
  20L   2.49739164 0.11 -0.162 -1250.974219  156.0   5.179   5.052 |    0.000  -0.000   0.000  -0.000 |   -6.156  -7.054   1.039
  21B   6.36155015 0.10 -0.154 -1240.510494  156.0   5.186   5.035 |    0.000  -0.000   0.000  -0.000 |   -6.136  -7.036   0.771
  22B   2.39819844 0.11 -0.164 -1251.945869  156.0   5.179   5.047 |    0.000  -0.000   0.000  -0.000 |   -6.174  -7.103   0.812
  23L   2.37617880 0.13 -0.134 -1250.296508  156.0   5.181   5.025 |    0.000  -0.000   0.000  -0.000 |   -5.940  -6.815   0.680
  24B   3.66816041 0.10 -0.130 -1244.773459  156.0   5.172   5.030 |    0.000  -0.000   0.000  -0.000 |   -6.037  -6.752   0.629
  25L   1.79699759 0.11 -0.141 -1253.441210  156.0   5.183   5.030 |    0.000  -0.000   0.000  -0.000 |   -5.995  -6.913   0.518
  26B   2.32452701 0.10 -0.128 -1250.917752  156.0   5.173   5.026 |    0.000  -0.000   0.000  -0.000 |   -5.943  -6.783   0.535
  27B   1.92870161 0.11 -0.137 -1252.141800  156.0   5.182   5.031 |    0.000  -0.000   0.000  -0.000 |   -6.029  -6.926   0.525
  28B   2.72607655 0.10 -0.130 -1251.755258  156.0   5.178   5.028 |    0.000  -0.000   0.000  -0.000 |   -6.005  -6.923   0.709
  29B   1.81935468 0.11 -0.131 -1253.402720  156.0   5.181   5.028 |    0.000  -0.000   0.000  -0.000 |   -6.109  -6.901   0.654
  30B   3.65391386 0.10 -0.129 -1248.802384  156.0   5.180   5.028 |    0.000  -0.000   0.000  -0.000 |   -6.054  -6.852   0.579
  31B   3.89447668 0.10 -0.116 -1243.774398  156.0   5.168   5.027 |    0.000  -0.000   0.000  -0.000 |   -5.956  -6.905   0.665
  32B   1.60962245 0.11 -0.114 -1252.989706  156.0   5.174   5.025 |    0.000   0.000   0.000   0.000 |   -6.039  -6.903   0.559
  33B   1.04576649 0.13 -0.111 -1253.355510  156.0   5.174   5.026 |    0.000   0.000   0.000   0.000 |   -6.053  -6.979   0.489
  34B   2.08361786 0.10 -0.112 -1250.043012  156.0   5.171   5.027 |    0.000  -0.000   0.000  -0.000 |   -6.062  -6.891   0.533
  35B   0.93049888 0.11 -0.106 -1253.330849  156.0   5.173   5.025 |    0.000   0.000   0.000   0.000 |   -6.039  -7.003   0.523
  36B   0.51502240 0.13 -0.103 -1253.548568  156.0   5.173   5.024 |    0.000   0.000   0.000   0.000 |   -6.041  -7.028   0.572
  37B   1.10891338 0.10 -0.101 -1253.067818  156.0   5.172   5.023 |    0.000   0.000   0.000   0.000 |   -6.032  -7.024   0.793
  38B   0.55572730 0.11 -0.101 -1253.409042  156.0   5.172   5.023 |    0.000   0.000   0.000   0.000 |   -6.015  -7.006   0.660
  39B   1.15077897 0.10 -0.101 -1253.250326  156.0   5.171   5.023 |    0.000   0.000   0.000   0.000 |   -5.997  -7.065   0.562
  40B   0.51179747 0.11 -0.093 -1253.125410  156.0   5.170   5.022 |    0.000   0.000   0.000   0.000 |   -6.003  -7.060   0.614
  41B   0.38387783 0.13 -0.093 -1253.129506  156.0   5.170   5.022 |    0.000   0.000   0.000   0.000 |   -5.981  -7.062   0.640
  42B   0.34409025 0.14 -0.093 -1253.172929  156.0   5.170   5.022 |    0.000   0.000   0.000   0.000 |   -5.993  -7.068   0.781
  43B   0.35803998 0.10 -0.089 -1252.955612  156.0   5.169   5.020 |    0.000  -0.000   0.000  -0.000 |   -5.966  -7.101   0.766
  44B   0.39129925 0.10 -0.090 -1253.003111  156.0   5.169   5.021 |    0.000   0.000   0.000   0.000 |   -5.982  -7.087   0.750
  45B   0.30906540 0.11 -0.090 -1253.052558  156.0   5.169   5.021 |    0.000   0.000   0.000   0.000 |   -5.978  -7.089   0.895
  46B   0.15129385 0.13 -0.090 -1253.066203  156.0   5.169   5.021 |    0.000   0.000   0.000   0.000 |   -5.980  -7.098   0.634
  47B   0.31365040 0.10 -0.090 -1253.077571  156.0   5.169   5.021 |    0.000   0.000   0.000   0.000 |   -5.981  -7.095   0.988
  48B   0.19015080 0.11 -0.090 -1253.099320  156.0   5.169   5.021 |    0.000   0.000   0.000   0.000 |   -5.980  -7.103   0.736
  49B   0.12579050 0.13 -0.090 -1253.102329  156.0   5.169   5.021 |    0.000   0.000   0.000   0.000 |   -5.982  -7.098   0.631
  50B   0.11573750 0.14 -0.091 -1253.116287  156.0   5.169   5.021 |    0.000   0.000   0.000   0.000 |   -5.981  -7.098   0.520
  51B   0.14116826 0.10 -0.090 -1253.102655  156.0   5.169   5.021 |    0.000   0.000   0.000   0.000 |   -5.982  -7.100   0.641
  52B   0.27633903 0.10 -0.091 -1253.095240  156.0   5.169   5.021 |    0.000   0.000   0.000   0.000 |   -5.977  -7.097   0.579
  53B   0.16559370 0.11 -0.091 -1253.124622  156.0   5.169   5.021 |    0.000   0.000   0.000   0.000 |   -5.987  -7.095   0.722
  54B   0.15686573 0.13 -0.092 -1253.156442  156.0   5.169   5.021 |    0.000   0.000   0.000   0.000 |   -5.985  -7.095   0.583
  55B   0.19479152 0.10 -0.092 -1253.156430  156.0   5.169   5.021 |    0.000   0.000   0.000   0.000 |   -5.987  -7.094   0.850
  56B   0.17537930 0.11 -0.092 -1253.158767  156.0   5.169   5.021 |    0.000   0.000   0.000   0.000 |   -5.987  -7.094   0.797
  57B   0.16188411 0.13 -0.091 -1253.139577  156.0   5.169   5.021 |    0.000   0.000   0.000   0.000 |   -5.987  -7.092   0.553
  58B   0.14912344 0.14 -0.091 -1253.148385  156.0   5.169   5.021 |    0.000   0.000   0.000   0.000 |   -5.988  -7.094   0.559
  59B   0.23236970 0.10 -0.092 -1253.134564  156.0   5.169   5.021 |    0.000   0.000   0.000   0.000 |   -5.985  -7.095   0.602
  60B   0.20446857 0.11 -0.093 -1253.202764  156.0   5.170   5.021 |    0.000   0.000   0.000   0.000 |   -5.989  -7.090   1.068
  61B   0.31791922 0.10 -0.093 -1253.155663  156.0   5.170   5.021 |    0.000   0.000   0.000   0.000 |   -5.981  -7.085   0.800
  62B   0.24986727 0.11 -0.093 -1253.215417  156.0   5.170   5.021 |    0.000   0.000   0.000   0.000 |   -5.993  -7.083   0.619
  63B   0.24559147 0.13 -0.094 -1253.245705  156.0   5.170   5.021 |    0.000   0.000   0.000   0.000 |   -5.987  -7.086   0.607
  64B   0.14422417 0.14 -0.095 -1253.278274  156.0   5.170   5.022 |    0.000   0.000   0.000   0.000 |   -5.992  -7.077   0.616
  65B   0.25236936 0.10 -0.095 -1253.282666  156.0   5.170   5.022 |    0.000   0.000   0.000   0.000 |   -5.994  -7.068   0.669
  66B   0.13626134 0.11 -0.097 -1253.390231  156.0   5.170   5.022 |    0.000  -0.000   0.000  -0.000 |   -5.993  -7.060   0.730
  67B   0.19462273 0.10 -0.095 -1253.306158  156.0   5.170   5.022 |    0.000   0.000   0.000   0.000 |   -5.988  -7.064   0.690
  68B   0.07551584 0.11 -0.096 -1253.341500  156.0   5.170   5.022 |    0.000  -0.000   0.000  -0.000 |   -5.989  -7.062   0.731
  69B   0.07010609 0.13 -0.096 -1253.335861  156.0   5.170   5.022 |    0.000  -0.000   0.000  -0.000 |   -5.987  -7.063   0.927
  70B   0.10246523 0.10 -0.095 -1253.301328  156.0   5.170   5.022 |    0.000   0.000   0.000   0.000 |   -5.982  -7.063   0.812
  71B   0.06296183 0.11 -0.096 -1253.326014  156.0   5.170   5.022 |    0.000  -0.000   0.000  -0.000 |   -5.987  -7.062   0.640
  72B   0.06665586 0.10 -0.096 -1253.331488  156.0   5.170   5.022 |    0.000  -0.000   0.000  -0.000 |   -5.986  -7.063   0.838
  73B   0.07467556 0.10 -0.096 -1253.340434  156.0   5.170   5.022 |    0.000  -0.000   0.000  -0.000 |   -5.986  -7.060   0.843
  74B   0.06263227 0.11 -0.095 -1253.316866  156.0   5.170   5.022 |    0.000   0.000   0.000   0.000 |   -5.985  -7.062   0.605
  75B   0.06932194 0.10 -0.095 -1253.313744  156.0   5.170   5.022 |    0.000   0.000   0.000   0.000 |   -5.984  -7.065   0.790
  76B   0.08226149 0.10 -0.095 -1253.292105  156.0   5.170   5.021 |    0.000   0.000   0.000   0.000 |   -5.984  -7.065   0.700
  77B   0.07569107 0.11 -0.095 -1253.284025  156.0   5.170   5.021 |    0.000   0.000   0.000   0.000 |   -5.984  -7.068   0.870
  78B   0.08490253 0.10 -0.094 -1253.270968  156.0   5.170   5.021 |    0.000   0.000   0.000   0.000 |   -5.982  -7.069   0.600
  79B   0.04791208 0.11 -0.093 -1253.233898  156.0   5.170   5.021 |    0.000   0.000   0.000   0.000 |   -5.979  -7.075   0.594
  80B   0.08190274 0.10 -0.093 -1253.237506  156.0   5.170   5.021 |    0.000   0.000   0.000   0.000 |   -5.981  -7.074   0.666
  81B   0.10771179 0.10 -0.094 -1253.243886  156.0   5.170   5.021 |    0.000   0.000   0.000   0.000 |   -5.979  -7.075   0.621
  82B   0.04375751 0.11 -0.094 -1253.252846  156.0   5.170   5.021 |    0.000   0.000   0.000   0.000 |   -5.980  -7.072   1.059
  83B   0.03963619 0.13 -0.094 -1253.250817  156.0   5.170   5.021 |    0.000   0.000   0.000   0.000 |   -5.979  -7.074   0.779
  84B   0.01332563 0.14 -0.094 -1253.246843  156.0   5.170   5.021 |    0.000   0.000   0.000   0.000 |   -5.980  -7.073   0.580
  85B   0.01149216 0.16 -0.094 -1253.247251  156.0   5.170   5.021 |    0.000   0.000   0.000   0.000 |   -5.980  -7.074   0.696
  86B   0.00970290 0.18 -0.094 -1253.246748  156.0   5.170   5.021 |    0.000   0.000   0.000   0.000 |   -5.980  -7.074   0.568
  87B   0.01222905 0.10 -0.094 -1253.248267  156.0   5.170   5.021 |    0.000   0.000   0.000   0.000 |   -5.980  -7.074   0.609
  88B   0.01469975 0.10 -0.094 -1253.248050  156.0   5.170   5.021 |    0.000   0.000   0.000   0.000 |   -5.979  -7.073   0.692
  89B   0.01326943 0.11 -0.094 -1253.250425  156.0   5.170   5.021 |    0.000   0.000   0.000   0.000 |   -5.979  -7.073   0.914
  90B   0.01805759 0.10 -0.094 -1253.250787  156.0   5.170   5.021 |    0.000   0.000   0.000   0.000 |   -5.980  -7.073   0.725
  91B   0.01473264 0.11 -0.094 -1253.252557  156.0   5.170   5.021 |    0.000   0.000   0.000   0.000 |   -5.980  -7.073   0.566
  92B   0.03308137 0.10 -0.094 -1253.256723  156.0   5.170   5.021 |    0.000  -0.000   0.000  -0.000 |   -5.979  -7.073   0.720
  93B   0.01030391 0.11 -0.094 -1253.258110  156.0   5.170   5.021 |    0.000  -0.000   0.000  -0.000 |   -5.979  -7.072   0.610
  94B   0.01099384 0.10 -0.094 -1253.260757  156.0   5.170   5.021 |    0.000  -0.000   0.000  -0.000 |   -5.979  -7.071   0.592
  95B   0.01440056 0.10 -0.094 -1253.258646  156.0   5.170   5.021 |    0.000  -0.000   0.000  -0.000 |   -5.979  -7.072   0.601
  96B   0.01284918 0.11 -0.094 -1253.258161  156.0   5.170   5.021 |    0.000  -0.000   0.000  -0.000 |   -5.979  -7.071   0.649
  97B   0.00659613 0.13 -0.094 -1253.259271  156.0   5.170   5.021 |    0.000  -0.000   0.000  -0.000 |   -5.979  -7.071   0.929
  98B   0.00548196 0.14 -0.094 -1253.258859  156.0   5.170   5.021 |    0.000  -0.000   0.000  -0.000 |   -5.979  -7.071   0.890
  99B   0.00548038 0.16 -0.094 -1253.259117  156.0   5.170   5.021 |    0.000  -0.000   0.000  -0.000 |   -5.979  -7.071   0.680
 100B   0.00826040 0.10 -0.094 -1253.257016  156.0   5.170   5.021 |    0.000  -0.000   0.000  -0.000 |   -5.979  -7.071   0.568
 101B   0.00501690 0.11 -0.094 -1253.257434  156.0   5.170   5.021 |    0.000  -0.000   0.000  -0.000 |   -5.978  -7.071   0.751
 102B   0.00687556 0.10 -0.094 -1253.256844  156.0   5.170   5.021 |    0.000  -0.000   0.000  -0.000 |   -5.979  -7.071   0.718
 103B   0.00598626 0.11 -0.094 -1253.255753  156.0   5.170   5.021 |    0.000  -0.000   0.000  -0.000 |   -5.978  -7.071   0.590
 104B   0.00979969 0.10 -0.094 -1253.255306  156.0   5.170   5.021 |    0.000  -0.000   0.000  -0.000 |   -5.978  -7.072   0.656
 105B   0.00543032 0.11 -0.094 -1253.253201  156.0   5.170   5.021 |    0.000   0.000   0.000   0.000 |   -5.978  -7.072   1.211
 106B   0.00554501 0.10 -0.094 -1253.249468  156.0   5.169   5.021 |    0.000   0.000   0.000   0.000 |   -5.978  -7.072   0.901
 107B   0.00346745 0.11 -0.094 -1253.249423  156.0   5.169   5.021 |    0.000   0.000   0.000   0.000 |   -5.978  -7.072   0.823
 108B   0.00311572 0.13 -0.094 -1253.251052  156.0   5.170   5.021 |    0.000   0.000   0.000   0.000 |   -5.978  -7.072   0.883
 109B   0.00759194 0.10 -0.094 -1253.250481  156.0   5.170   5.021 |    0.000   0.000   0.000   0.000 |   -5.978  -7.072   0.649
 110B   0.00566771 0.11 -0.094 -1253.250576  156.0   5.169   5.021 |    0.000   0.000   0.000   0.000 |   -5.978  -7.072   0.725
 111B   0.00238222 0.13 -0.094 -1253.252199  156.0   5.170   5.021 |    0.000   0.000   0.000   0.000 |   -5.978  -7.072   0.649
 112B   0.00232715 0.14 -0.094 -1253.252859  156.0   5.170   5.021 |    0.000  -0.000   0.000  -0.000 |   -5.978  -7.072   0.510
 113B   0.00326849 0.10 -0.094 -1253.254045  156.0   5.170   5.021 |    0.000  -0.000   0.000  -0.000 |   -5.978  -7.072   0.663
 114B   0.00208965 0.11 -0.094 -1253.254402  156.0   5.170   5.021 |    0.000  -0.000   0.000  -0.000 |   -5.978  -7.072   0.637
 115B   0.00276168 0.10 -0.094 -1253.254078  156.0   5.170   5.021 |    0.000  -0.000   0.000  -0.000 |   -5.978  -7.072   0.739
 116B   0.00440616 0.10 -0.094 -1253.253567  156.0   5.170   5.021 |    0.000  -0.000   0.000  -0.000 |   -5.978  -7.072   0.593
 117B   0.00196450 0.11 -0.094 -1253.253530  156.0   5.170   5.021 |    0.000  -0.000   0.000  -0.000 |   -5.978  -7.072   0.649
 118B   0.00240412 0.10 -0.094 -1253.254067  156.0   5.170   5.021 |    0.000  -0.000   0.000  -0.000 |   -5.978  -7.072   0.620
 119B   0.00148658 0.11 -0.094 -1253.253849  156.0   5.170   5.021 |    0.000  -0.000   0.000  -0.000 |   -5.978  -7.072   0.812
 120B   0.00130411 0.13 -0.094 -1253.253572  156.0   5.170   5.021 |    0.000  -0.000   0.000  -0.000 |   -5.978  -7.072   0.572
 121B   0.00127085 0.14 -0.094 -1253.253466  156.0   5.170   5.021 |    0.000  -0.000   0.000  -0.000 |   -5.978  -7.072   0.559
 122B   0.00128643 0.10 -0.094 -1253.253218  156.0   5.170   5.021 |    0.000  -0.000   0.000  -0.000 |   -5.978  -7.072   0.620
 123B   0.00124197 0.11 -0.094 -1253.253245  156.0   5.170   5.021 |    0.000  -0.000   0.000  -0.000 |   -5.978  -7.072   0.633
 124B   0.00091329 0.13 -0.094 -1253.252370  156.0   5.169   5.021 |    0.000   0.000   0.000   0.000 |   -5.978  -7.072   0.616
 125B   0.00136578 0.10 -0.094 -1253.251935  156.0   5.169   5.021 |    0.000   0.000   0.000   0.000 |   -5.978  -7.072   0.555
 126B   0.00085756 0.11 -0.094 -1253.252907  156.0   5.169   5.021 |    0.000  -0.000   0.000  -0.000 |   -5.978  -7.072   0.663
 127B   0.00062773 0.13 -0.094 -1253.252813  156.0   5.169   5.021 |    0.000  -0.000   0.000  -0.000 |   -5.978  -7.072   0.735
 128B   0.00145333 0.10 -0.094 -1253.252637  156.0   5.169   5.021 |    0.000   0.000   0.000   0.000 |   -5.978  -7.072   0.567
 129B   0.00082489 0.11 -0.094 -1253.252783  156.0   5.169   5.021 |    0.000   0.000   0.000   0.000 |   -5.978  -7.072   0.524
 130B   0.00082451 0.13 -0.094 -1253.253265  156.0   5.169   5.021 |    0.000  -0.000   0.000  -0.000 |   -5.978  -7.072   0.705
 131B   0.00135342 0.10 -0.094 -1253.253498  156.0   5.169   5.021 |    0.000  -0.000   0.000  -0.000 |   -5.978  -7.072   0.794
 132B   0.00079934 0.11 -0.094 -1253.253385  156.0   5.169   5.021 |    0.000  -0.000   0.000  -0.000 |   -5.978  -7.072   1.047
 133B   0.00134200 0.10 -0.094 -1253.253105  156.0   5.169   5.021 |    0.000  -0.000   0.000  -0.000 |   -5.978  -7.072   0.661
 134B   0.00036474 0.11 -0.094 -1253.253239  156.0   5.169   5.021 |    0.000  -0.000   0.000  -0.000 |   -5.978  -7.072   0.849
 135B   0.00034445 0.13 -0.094 -1253.253226  156.0   5.169   5.021 |    0.000  -0.000   0.000  -0.000 |   -5.978  -7.072   0.803
 136B   0.00037705 0.10 -0.094 -1253.253211  156.0   5.169   5.021 |    0.000  -0.000   0.000  -0.000 |   -5.978  -7.072   0.554
 137B   0.00048157 0.10 -0.094 -1253.253192  156.0   5.169   5.021 |    0.000  -0.000   0.000  -0.000 |   -5.978  -7.072   0.616
 138B   0.00033394 0.11 -0.094 -1253.253171  156.0   5.169   5.021 |    0.000  -0.000   0.000  -0.000 |   -5.978  -7.072   0.984
 139B   0.00032663 0.13 -0.094 -1253.253136  156.0   5.169   5.021 |    0.000  -0.000   0.000  -0.000 |   -5.978  -7.072   0.616
 140B   0.00042062 0.10 -0.094 -1253.252996  156.0   5.169   5.021 |    0.000  -0.000   0.000  -0.000 |   -5.978  -7.072   0.870
 141B   0.00029651 0.11 -0.094 -1253.252968  156.0   5.169   5.021 |    0.000  -0.000   0.000   0.000 |   -5.978  -7.072   0.774
 142B   0.00129866 0.10 -0.094 -1253.252711  156.0   5.169   5.021 |    0.000   0.000   0.000   0.000 |   -5.977  -7.072   0.704
 143B   0.00038647 0.11 -0.094 -1253.252671  156.0   5.169   5.021 |    0.000   0.000   0.000   0.000 |   -5.977  -7.072   0.642
 144B   0.00024563 0.13 -0.094 -1253.252680  156.0   5.169   5.021 |    0.000   0.000   0.000   0.000 |   -5.977  -7.072   0.638
 145B   0.00015737 0.14 -0.094 -1253.252877  156.0   5.169   5.021 |    0.000  -0.000   0.000  -0.000 |   -5.978  -7.072   0.748
 146B   0.00034413 0.10 -0.094 -1253.252855  156.0   5.169   5.021 |    0.000  -0.000   0.000  -0.000 |   -5.978  -7.072   0.683
 147B   0.00021384 0.11 -0.094 -1253.252859  156.0   5.169   5.021 |    0.000   0.000   0.000   0.000 |   -5.978  -7.072   0.999
 148B   0.00013797 0.13 -0.094 -1253.252860  156.0   5.169   5.021 |    0.000   0.000   0.000   0.000 |   -5.978  -7.072   0.778
 149B   0.00015021 0.10 -0.094 -1253.252889  156.0   5.169   5.021 |    0.000   0.000   0.000   0.000 |   -5.978  -7.072   0.619
 150B   0.00020628 0.10 -0.094 -1253.252884  156.0   5.169   5.021 |    0.000  -0.000   0.000   0.000 |   -5.978  -7.072   0.734
 151B   0.00020515 0.11 -0.094 -1253.253065  156.0   5.169   5.021 |    0.000  -0.000   0.000  -0.000 |   -5.978  -7.072   0.626
 152B   0.00030716 0.10 -0.094 -1253.253110  156.0   5.169   5.021 |    0.000  -0.000   0.000  -0.000 |   -5.978  -7.072   0.523
 153B   0.00014248 0.11 -0.094 -1253.252990  156.0   5.169   5.021 |    0.000  -0.000   0.000  -0.000 |   -5.978  -7.072   0.754
 154B   0.00011248 0.13 -0.094 -1253.252993  156.0   5.169   5.021 |    0.000  -0.000   0.000  -0.000 |   -5.978  -7.072   0.716
 155B   0.00015978 0.10 -0.094 -1253.252999  156.0   5.169   5.021 |    0.000   0.000   0.000  -0.000 |   -5.978  -7.072   0.728
 156B   0.00009002 0.11 -0.094 -1253.252999  156.0   5.169   5.021 |    0.000  -0.000   0.000  -0.000 |   -5.978  -7.072   0.595
 157B   0.00008432 0.13 -0.094 -1253.253000  156.0   5.169   5.021 |    0.000  -0.000   0.000  -0.000 |   -5.978  -7.072   0.832
 158B   0.00008142 0.14 -0.094 -1253.252987  156.0   5.169   5.021 |    0.000  -0.000   0.000  -0.000 |   -5.978  -7.072   0.598
 159B   0.00007958 0.16 -0.094 -1253.252971  156.0   5.169   5.021 |    0.000  -0.000   0.000   0.000 |   -5.977  -7.072   0.882
 160B   0.00007444 0.18 -0.094 -1253.252962  156.0   5.169   5.021 |    0.000   0.000   0.000  -0.000 |   -5.977  -7.072   0.828
 161B   0.00007799 0.10 -0.094 -1253.252958  156.0   5.169   5.021 |    0.000  -0.000   0.000  -0.000 |   -5.977  -7.072   0.693
 162B   0.00006795 0.11 -0.094 -1253.252877  156.0   5.169   5.021 |    0.000   0.000   0.000  -0.000 |   -5.977  -7.072   0.914
 163B   0.00007914 0.10 -0.094 -1253.252854  156.0   5.169   5.021 |    0.000  -0.000   0.000  -0.000 |   -5.977  -7.072   0.969
 164B   0.00006009 0.11 -0.094 -1253.252899  156.0   5.169   5.021 |    0.000   0.000   0.000   0.000 |   -5.977  -7.072   0.771
 165B   0.00004826 0.13 -0.094 -1253.252920  156.0   5.169   5.021 |    0.000   0.000   0.000   0.000 |   -5.977  -7.072   0.824
 166B   0.00006346 0.10 -0.094 -1253.252917  156.0   5.169   5.021 |    0.000   0.000   0.000   0.000 |   -5.977  -7.072   0.735
 167B   0.00009193 0.10 -0.094 -1253.252899  156.0   5.169   5.021 |    0.000   0.000   0.000   0.000 |   -5.977  -7.072   0.736
 168B   0.00005220 0.11 -0.094 -1253.252913  156.0   5.169   5.021 |    0.000   0.000   0.000  -0.000 |   -5.977  -7.072   0.640
 169B   0.00006399 0.10 -0.094 -1253.252910  156.0   5.169   5.021 |    0.000   0.000   0.000  -0.000 |   -5.977  -7.072   0.675
 170B   0.00005261 0.11 -0.094 -1253.252907  156.0   5.169   5.021 |    0.000   0.000   0.000   0.000 |   -5.977  -7.072   0.547
 171B   0.00006174 0.10 -0.094 -1253.252897  156.0   5.169   5.021 |    0.000   0.000   0.000   0.000 |   -5.977  -7.072   0.554
 172B   0.00006043 0.11 -0.094 -1253.252924  156.0   5.169   5.021 |    0.000   0.000   0.000   0.000 |   -5.977  -7.072   0.711
 173B   0.00009012 0.10 -0.094 -1253.252931  156.0   5.169   5.021 |    0.000  -0.000   0.000   0.000 |   -5.977  -7.072   0.632
 174B   0.00006961 0.11 -0.094 -1253.252934  156.0   5.169   5.021 |    0.000  -0.000   0.000  -0.000 |   -5.977  -7.072   0.575
 175B   0.00006454 0.13 -0.094 -1253.252942  156.0   5.169   5.021 |    0.000  -0.000   0.000  -0.000 |   -5.977  -7.072   0.602
 176B   0.00019177 0.10 -0.094 -1253.252937  156.0   5.169   5.021 |    0.000  -0.000   0.000  -0.000 |   -5.977  -7.072   0.793
 177B   0.00006202 0.11 -0.094 -1253.252959  156.0   5.169   5.021 |    0.000   0.000   0.000  -0.000 |   -5.977  -7.072   1.078
 178B   0.00013224 0.10 -0.094 -1253.252949  156.0   5.169   5.021 |    0.000   0.000   0.000  -0.000 |   -5.977  -7.072   0.833
 179B   0.00004190 0.11 -0.094 -1253.252953  156.0   5.169   5.021 |    0.000   0.000   0.000  -0.000 |   -5.977  -7.072   1.024
 180B   0.00002973 0.13 -0.094 -1253.252965  156.0   5.169   5.021 |    0.000   0.000   0.000  -0.000 |   -5.977  -7.072   0.919
 181B   0.00002224 0.14 -0.094 -1253.252965  156.0   5.169   5.021 |    0.000  -0.000   0.000  -0.000 |   -5.977  -7.072   0.783
 182B   0.00002888 0.10 -0.094 -1253.252964  156.0   5.169   5.021 |    0.000   0.000   0.000  -0.000 |   -5.977  -7.072   0.656
 183B   0.00008086 0.10 -0.094 -1253.252959  156.0   5.169   5.021 |    0.000   0.000   0.000  -0.000 |   -5.977  -7.072   0.713
 184B   0.00001699 0.11 -0.094 -1253.252960  156.0   5.169   5.021 |    0.000   0.000   0.000  -0.000 |   -5.977  -7.072   0.715
 185B   0.00003700 0.10 -0.094 -1253.252953  156.0   5.169   5.021 |    0.000  -0.000   0.000  -0.000 |   -5.977  -7.072   0.729
 186B   0.00001566 0.11 -0.094 -1253.252956  156.0   5.169   5.021 |    0.000   0.000   0.000  -0.000 |   -5.977  -7.072   0.569
 187B   0.00002146 0.10 -0.094 -1253.252952  156.0   5.169   5.021 |    0.000   0.000   0.000  -0.000 |   -5.977  -7.072   0.751
 188B   0.00001865 0.11 -0.094 -1253.252955  156.0   5.169   5.021 |    0.000   0.000   0.000  -0.000 |   -5.977  -7.072   0.635
 189B   0.00001756 0.13 -0.094 -1253.252953  156.0   5.169   5.021 |    0.000   0.000   0.000  -0.000 |   -5.977  -7.072   0.667
 190B   0.00001780 0.10 -0.094 -1253.252947  156.0   5.169   5.021 |    0.000  -0.000   0.000  -0.000 |   -5.977  -7.072   0.545
 191B   0.00001021 0.11 -0.094 -1253.252938  156.0   5.169   5.021 |    0.000  -0.000   0.000  -0.000 |   -5.977  -7.072   0.551
 192B   0.00001447 0.10 -0.094 -1253.252932  156.0   5.169   5.021 |    0.000  -0.000   0.000  -0.000 |   -5.977  -7.072   0.795
 193B   0.00001308 0.11 -0.094 -1253.252928  156.0   5.169   5.021 |    0.000  -0.000   0.000  -0.000 |   -5.977  -7.072   0.676
 194B   0.00000986 0.13 -0.094 -1253.252935  156.0   5.169   5.021 |    0.000   0.000   0.000  -0.000 |   -5.977  -7.072   0.855
 195B   0.00001209 0.10 -0.094 -1253.252934  156.0   5.169   5.021 |    0.000  -0.000   0.000  -0.000 |   -5.977  -7.072   0.982
 196B   0.00000783 0.11 -0.094 -1253.252935  156.0   5.169   5.021 |    0.000   0.000   0.000  -0.000 |   -5.977  -7.072   1.034
 197B   0.00000699 0.13 -0.094 -1253.252937  156.0   5.169   5.021 |    0.000   0.000   0.000  -0.000 |   -5.977  -7.072   1.040
 198B   0.00001058 0.10 -0.094 -1253.252939  156.0   5.169   5.021 |    0.000  -0.000   0.000  -0.000 |   -5.977  -7.072   0.736
 199B   0.00000776 0.11 -0.094 -1253.252940  156.0   5.169   5.021 |    0.000   0.000   0.000  -0.000 |   -5.977  -7.072   0.797
 200B   0.00000839 0.10 -0.094 -1253.252944  156.0   5.169   5.021 |    0.000   0.000   0.000  -0.000 |   -5.977  -7.072   0.572
 201B   0.00000561 0.11 -0.094 -1253.252945  156.0   5.169   5.021 |    0.000   0.000   0.000  -0.000 |   -5.977  -7.072   0.557
 202B   0.00001100 0.10 -0.094 -1253.252944  156.0   5.169   5.021 |    0.000   0.000   0.000  -0.000 |   -5.977  -7.072   0.595
 203B   0.00001068 0.11 -0.094 -1253.252944  156.0   5.169   5.021 |    0.000   0.000   0.000  -0.000 |   -5.977  -7.072   0.602
 204B   0.00000411 0.13 -0.094 -1253.252945  156.0   5.169   5.021 |    0.000  -0.000   0.000  -0.000 |   -5.977  -7.072   0.818
 205B   0.00000379 0.14 -0.094 -1253.252946  156.0   5.169   5.021 |    0.000   0.000   0.000  -0.000 |   -5.977  -7.072   0.736
 206B   0.00000684 0.10 -0.094 -1253.252946  156.0   5.169   5.021 |    0.000   0.000   0.000  -0.000 |   -5.977  -7.072   0.682
 207B   0.00000587 0.11 -0.094 -1253.252945  156.0   5.169   5.021 |    0.000   0.000   0.000  -0.000 |   -5.977  -7.072   0.680
 208B   0.00000345 0.13 -0.094 -1253.252945  156.0   5.169   5.021 |    0.000  -0.000   0.000  -0.000 |   -5.977  -7.072   0.659
 209B   0.00000324 0.14 -0.094 -1253.252944  156.0   5.169   5.021 |    0.000   0.000   0.000  -0.000 |   -5.977  -7.072   0.616
 210B   0.00000312 0.16 -0.094 -1253.252943  156.0   5.169   5.021 |    0.000   0.000   0.000  -0.000 |   -5.977  -7.072   0.607
 211B   0.00000941 0.10 -0.094 -1253.252942  156.0   5.169   5.021 |    0.000   0.000   0.000  -0.000 |   -5.977  -7.072   0.687
 212B   0.00000273 0.11 -0.094 -1253.252940  156.0   5.169   5.021 |    0.000   0.000   0.000  -0.000 |   -5.977  -7.072   0.753
 213B   0.00000332 0.10 -0.094 -1253.252941  156.0   5.169   5.021 |    0.000   0.000   0.000  -0.000 |   -5.977  -7.072   0.761
 214B   0.00000287 0.11 -0.094 -1253.252941  156.0   5.169   5.021 |    0.000   0.000   0.000  -0.000 |   -5.977  -7.072   0.613
 215B   0.00000215 0.13 -0.094 -1253.252941  156.0   5.169   5.021 |    0.000   0.000   0.000  -0.000 |   -5.977  -7.072   0.669
 216B   0.00000173 0.14 -0.094 -1253.252941  156.0   5.169   5.021 |    0.000   0.000   0.000  -0.000 |   -5.977  -7.072   0.599
 217B   0.00000215 0.10 -0.094 -1253.252941  156.0   5.169   5.021 |    0.000   0.000   0.000  -0.000 |   -5.977  -7.072   0.653
 218B   0.00000169 0.11 -0.094 -1253.252941  156.0   5.169   5.021 |    0.000   0.000   0.000  -0.000 |   -5.977  -7.072   0.661
 219B   0.00000200 0.10 -0.094 -1253.252941  156.0   5.169   5.021 |    0.000   0.000   0.000  -0.000 |   -5.977  -7.072   0.608
 220B   0.00000339 0.10 -0.094 -1253.252941  156.0   5.169   5.021 |    0.000   0.000   0.000  -0.000 |   -5.977  -7.072   0.870
 221B   0.00000212 0.11 -0.094 -1253.252942  156.0   5.169   5.021 |    0.000   0.000   0.000  -0.000 |   -5.977  -7.072   0.733
 222B   0.00000190 0.13 -0.094 -1253.252942  156.0   5.169   5.021 |    0.000  -0.000   0.000  -0.000 |   -5.977  -7.072   0.656
 223B   0.00000270 0.10 -0.094 -1253.252943  156.0   5.169   5.021 |    0.000  -0.000   0.000  -0.000 |   -5.977  -7.072   0.663
 224B   0.00000296 0.10 -0.094 -1253.252942  156.0   5.169   5.021 |    0.000  -0.000   0.000  -0.000 |   -5.977  -7.072   0.707
 225B   0.00000239 0.11 -0.094 -1253.252943  156.0   5.169   5.021 |    0.000   0.000   0.000  -0.000 |   -5.977  -7.072   0.747
 226B   0.00000273 0.10 -0.094 -1253.252942  156.0   5.169   5.021 |    0.000  -0.000   0.000  -0.000 |   -5.977  -7.072   0.860
 227B   0.00000329 0.10 -0.094 -1253.252943  156.0   5.169   5.021 |    0.000  -0.000   0.000  -0.000 |   -5.977  -7.072   0.786
 228B   0.00000175 0.11 -0.094 -1253.252943  156.0   5.169   5.021 |    0.000  -0.000   0.000  -0.000 |   -5.977  -7.072   1.038
 229B   0.00000234 0.10 -0.094 -1253.252944  156.0   5.169   5.021 |    0.000   0.000   0.000  -0.000 |   -5.977  -7.072   1.049
 230B   0.00000126 0.11 -0.094 -1253.252944  156.0   5.169   5.021 |    0.000   0.000   0.000  -0.000 |   -5.977  -7.072   1.136
 231B   0.00000076 0.13 -0.094 -1253.252944  156.0   5.169   5.021 |    0.000   0.000   0.000  -0.000 |   -5.977  -7.072   0.676
 232B   0.00000069 0.14 -0.094 -1253.252944  156.0   5.169   5.021 |    0.000   0.000   0.000  -0.000 |   -5.977  -7.072   0.645
 233B   0.00000179 0.10 -0.094 -1253.252943  156.0   5.169   5.021 |    0.000   0.000   0.000  -0.000 |   -5.977  -7.072   0.949
 234B   0.00000067 0.11 -0.094 -1253.252943  156.0   5.169   5.021 |    0.000   0.000   0.000  -0.000 |   -5.977  -7.072   1.012
 235B   0.00000061 0.13 -0.094 -1253.252943  156.0   5.169   5.021 |    0.000  -0.000   0.000  -0.000 |   -5.977  -7.072   0.576
 236B   0.00000050 0.14 -0.094 -1253.252943  156.0   5.169   5.021 |    0.000  -0.000   0.000  -0.000 |   -5.977  -7.072   0.551
 237B   0.00000038 0.16 -0.094 -1253.252943  156.0   5.169   5.021 |    0.000  -0.000   0.000  -0.000 |   -5.977  -7.072   0.617
 238B   0.00000059 0.10 -0.094 -1253.252943  156.0   5.169   5.021 |    0.000  -0.000   0.000  -0.000 |   -5.977  -7.072   0.517
 239B   0.00000053 0.11 -0.094 -1253.252943  156.0   5.169   5.021 |    0.000   0.000   0.000  -0.000 |   -5.977  -7.072   0.750
 240B   0.00000030 0.13 -0.094 -1253.252943  156.0   5.169   5.021 |    0.000  -0.000   0.000  -0.000 |   -5.977  -7.072   0.556
 241B   0.00000034 0.10 -0.094 -1253.252943  156.0   5.169   5.021 |    0.000  -0.000   0.000  -0.000 |   -5.977  -7.072   0.621
 242B   0.00000021 0.11 -0.094 -1253.252943  156.0   5.169   5.021 |    0.000   0.000   0.000  -0.000 |   -5.977  -7.072   0.774
 243B   0.00000025 0.10 -0.094 -1253.252943  156.0   5.169   5.021 |    0.000  -0.000   0.000  -0.000 |   -5.977  -7.072   0.651
 244B   0.00000017 0.11 -0.094 -1253.252943  156.0   5.169   5.021 |    0.000  -0.000   0.000  -0.000 |   -5.977  -7.072   0.973
 245B   0.00000049 0.10 -0.094 -1253.252943  156.0   5.169   5.021 |    0.000  -0.000   0.000  -0.000 |   -5.977  -7.072   1.161
 246B   0.00000008 0.11 -0.094 -1253.252943  156.0   5.169   5.021 |    0.000  -0.000   0.000  -0.000 |   -5.977  -7.072   1.417
 247B   0.00000008 0.13 -0.094 -1253.252943  156.0   5.169   5.021 |    0.000   0.000   0.000  -0.000 |   -5.977  -7.072   1.921
 248B   0.00000007 0.14 -0.094 -1253.252943  156.0   5.169   5.021 |    0.000   0.000   0.000  -0.000 |   -5.977  -7.072   2.956
 249B   0.00000006 0.16 -0.094 -1253.252943  156.0   5.169   5.021 |    0.000   0.000   0.000  -0.000 |   -5.977  -7.072   2.494
 250B   0.00000006 0.10 -0.094 -1253.252943  156.0   5.169   5.021 |    0.000   0.000   0.000  -0.000 |   -5.977  -7.072   2.006
 251B   0.00000022 0.10 -0.094 -1253.252943  156.0   5.169   5.021 |    0.000  -0.000   0.000  -0.000 |   -5.977  -7.072   0.553
 252B   0.00000008 0.11 -0.094 -1253.252943  156.0   5.169   5.021 |    0.000   0.000   0.000  -0.000 |   -5.977  -7.072   0.563
 253B   0.00000009 0.10 -0.094 -1253.252943  156.0   5.169   5.021 |    0.000   0.000   0.000  -0.000 |   -5.977  -7.072   0.521
 254B   0.00000018 0.10 -0.094 -1253.252943  156.0   5.169   5.021 |    0.000   0.000   0.000  -0.000 |   -5.977  -7.072   0.706
 255B   0.00000011 0.11 -0.094 -1253.252943  156.0   5.169   5.021 |    0.000   0.000   0.000  -0.000 |   -5.977  -7.072   0.798
 256B   0.00000007 0.13 -0.094 -1253.252943  156.0   5.169   5.021 |    0.000   0.000   0.000  -0.000 |   -5.977  -7.072   0.634
 257B   0.00000012 0.10 -0.094 -1253.252943  156.0   5.169   5.021 |    0.000  -0.000   0.000  -0.000 |   -5.977  -7.072   0.615
 258B   0.00000004 0.11 -0.094 -1253.252943  156.0   5.169   5.021 |    0.000   0.000   0.000  -0.000 |   -5.977  -7.072   0.620
 259B   0.00000004 0.10 -0.094 -1253.252943  156.0   5.169   5.021 |    0.000   0.000   0.000  -0.000 |   -5.977  -7.072   0.901
 260B   0.00000003 0.11 -0.094 -1253.252943  156.0   5.169   5.021 |    0.000   0.000   0.000  -0.000 |   -5.977  -7.072   0.716
 261B   0.00000004 0.10 -0.094 -1253.252943  156.0   5.169   5.021 |    0.000   0.000   0.000  -0.000 |   -5.977  -7.072   1.377
 262B   0.00000003 0.11 -0.094 -1253.252943  156.0   5.169   5.021 |    0.000   0.000   0.000  -0.000 |   -5.977  -7.072   0.832
 263B   0.00000003 0.13 -0.094 -1253.252943  156.0   5.169   5.021 |    0.000   0.000   0.000  -0.000 |   -5.977  -7.072   0.973
 264B   0.00000003 0.10 -0.094 -1253.252943  156.0   5.169   5.021 |    0.000  -0.000   0.000  -0.000 |   -5.977  -7.072   0.882
 265B   0.00000002 0.11 -0.094 -1253.252943  156.0   5.169   5.021 |    0.000   0.000   0.000  -0.000 |   -5.977  -7.072   0.905
 266B   0.00000002 0.13 -0.094 -1253.252943  156.0   5.169   5.021 |    0.000  -0.000   0.000  -0.000 |   -5.977  -7.072   1.983
 267B   0.00000002 0.14 -0.094 -1253.252943  156.0   5.169   5.021 |    0.000   0.000   0.000  -0.000 |   -5.977  -7.072   1.402
 268B   0.00000002 0.10 -0.094 -1253.252943  156.0   5.169   5.021 |    0.000   0.000   0.000  -0.000 |   -5.977  -7.072   0.720
 269B   0.00000004 0.10 -0.094 -1253.252943  156.0   5.169   5.021 |    0.000   0.000   0.000  -0.000 |   -5.977  -7.072   0.677
 270B   0.00000003 0.11 -0.094 -1253.252943  156.0   5.169   5.021 |    0.000   0.000   0.000  -0.000 |   -5.977  -7.072   0.660
 271B   0.00000001 0.13 -0.094 -1253.252943  156.0   5.169   5.021 |    0.000   0.000   0.000  -0.000 |   -5.977  -7.072   0.719
 272B   0.00000001 0.14 -0.094 -1253.252943  156.0   5.169   5.021 |    0.000  -0.000   0.000  -0.000 |   -5.977  -7.072   1.876
 273B   0.00000001 0.10 -0.094 -1253.252943  156.0   5.169   5.021 |    0.000   0.000   0.000  -0.000 |   -5.977  -7.072   2.306
 274B   0.00000001 0.10 -0.094 -1253.252943  156.0   5.169   5.021 |    0.000   0.000   0.000  -0.000 |   -5.977  -7.072   2.239
 275B   0.00000001 0.11 -0.094 -1253.252943  156.0   5.169   5.021 |    0.000   0.000   0.000  -0.000 |   -5.977  -7.072   0.756
 276B   0.00000001 0.13 -0.094 -1253.252943  156.0   5.169   5.021 |    0.000   0.000   0.000  -0.000 |   -5.977  -7.072   1.566
 277B   0.00000000 0.14 -0.094 -1253.252943  156.0   5.169   5.021 |    0.000   0.000   0.000  -0.000 |   -5.977  -7.072   1.487
 278B   0.00000001 0.10 -0.094 -1253.252943  156.0   5.169   5.021 |    0.000   0.000   0.000  -0.000 |   -5.977  -7.072   1.924
 279B   0.00000001 0.10 -0.094 -1253.252943  156.0   5.169   5.021 |    0.000   0.000   0.000  -0.000 |   -5.977  -7.072   0.766
 280B   0.00000001 0.11 -0.094 -1253.252943  156.0   5.169   5.021 |    0.000   0.000   0.000  -0.000 |   -5.977  -7.072   0.698
 281B   0.00000000 0.13 -0.094 -1253.252943  156.0   5.169   5.021 |    0.000   0.000   0.000  -0.000 |   -5.977  -7.072   0.776
 282B   0.00000000 0.14 -0.094 -1253.252943  156.0   5.169   5.021 |    0.000   0.000   0.000  -0.000 |   -5.977  -7.072   0.958
 283B   0.00000000 0.10 -0.094 -1253.252943  156.0   5.169   5.021 |    0.000   0.000   0.000  -0.000 |   -5.977  -7.072   1.586
 284B   0.00000000 0.11 -0.094 -1253.252943  156.0   5.169   5.021 |    0.000   0.000   0.000  -0.000 |   -5.977  -7.072   0.759
 285B   0.00000000 0.10 -0.094 -1253.252943  156.0   5.169   5.021 |    0.000   0.000   0.000  -0.000 |   -5.977  -7.072   1.312
 286B   0.00000000 0.10 -0.094 -1253.252943  156.0   5.169   5.021 |    0.000  -0.000   0.000  -0.000 |   -5.977  -7.072   1.011
 287B   0.00000000 0.11 -0.094 -1253.252943  156.0   5.169   5.021 |    0.000   0.000   0.000  -0.000 |   -5.977  -7.072   0.828
 288B   0.00000000 0.10 -0.094 -1253.252943  156.0   5.169   5.021 |    0.000   0.000   0.000  -0.000 |   -5.977  -7.072   1.908
 289B   0.00000000 0.10 -0.094 -1253.252943  156.0   5.169   5.021 |    0.000  -0.000   0.000  -0.000 |   -5.977  -7.072   1.198
 290B   0.00000000 0.11 -0.094 -1253.252943  156.0   5.169   5.021 |    0.000  -0.000   0.000  -0.000 |   -5.977  -7.072   0.934
 291B   0.00000000 0.13 -0.094 -1253.252943  156.0   5.169   5.021 |    0.000  -0.000   0.000  -0.000 |   -5.977  -7.072   0.896
 292B   0.00000000 0.14 -0.094 -1253.252943  156.0   5.169   5.021 |    0.000  -0.000   0.000  -0.000 |   -5.977  -7.072   0.817
 293B   0.00000000 0.16 -0.094 -1253.252943  156.0   5.169   5.021 |    0.000  -0.000   0.000  -0.000 |   -5.977  -7.072   1.018
 294B   0.00000000 0.10 -0.094 -1253.252943  156.0   5.169   5.021 |    0.000  -0.000   0.000  -0.000 |   -5.977  -7.072   1.946
 295B   0.00000000 0.11 -0.094 -1253.252943  156.0   5.169   5.021 |    0.000  -0.000   0.000  -0.000 |   -5.977  -7.072   0.711
 296B   0.00000001 0.10 -0.094 -1253.252943  156.0   5.169   5.021 |    0.000   0.000   0.000  -0.000 |   -5.977  -7.072   1.220
 297B   0.00000000 0.11 -0.094 -1253.252943  156.0   5.169   5.021 |    0.000  -0.000   0.000  -0.000 |   -5.977  -7.072   0.750
  ----------------------------------------------------------------------------------------------------------------------------------
  *   iteration converged   after 297 steps   si=     0.0000000009 ho=  0 tho=  0
  ----------------------------------------------------------------------------------------------------------------------------------
  Total CPU time=   4.298 minutes

  Writing to wel_file: s092_064.hel
 __________________________________  
  The tape s092_064.hel recorded:     
  nucname,npr,ngh,ngl,n00,nb,nt      
  b0,beta0,si,etot,rms,bet,xmix      
  pairing:     CpV0,CpV1,pwi         
  delta:       del,ept               
  lambda:      ala,ala2,alast,tz     
  asymptotic:  varmas,ass,skass      
  ntx,nb,nhhdim,id,N_rz,n_r,n_z      
  Omega2,Sigma2,Parity,Lambda        
  matrices(inbro):    hh,de          
  *all blocking candidates           
 __________________________________  


  NB! From expect (UNPROJECTED RESULTS)

  pairing: CpV0,CpV1,...           0.100000       0.100000       1.000000       1.000000
  forces:   UNE1                          


                             neutrons         protons         total
  Requested part.numbs.      92.000000      64.000000     156.000000
  UnPj(av) part.numbs .      92.000000      64.000000     156.000000
  b0, bz, bp ..........       2.130153       2.136882       2.126796

  lambda (ala) ........      -5.977483      -7.071662
  Lambda (alast) ......      -5.977483      -7.071662
  delta(n,p), pwi .....       0.000000      -0.000000      60.000000
  pairing energy ......       0.000000       0.000000       0.000000

  rms-radius ..........       5.169493       5.021192       5.109172
  charge-radius, r0 ...                      5.084523       6.459855
  deformation beta2....      -0.091754      -0.097021      -0.093841
  dipole moment[fm] ...       0.000000       0.000000       0.000000
  quadrupole moment[b]       -2.845895      -1.975003      -4.820898
  octupole moment .....       0.000000       0.000000       0.000000
  hexadecapole moment .      -0.011881      -0.004669      -0.016550
  q5 ..................       0.000000       0.000000       0.000000
  q6 ..................       0.012588       0.008026       0.020614
  q7 ..................       0.000000       0.000000       0.000000
  q8 ..................      -0.000643      -0.000609      -0.001252

  <r^0> [fm^0] ........            1.000000            1.000000            1.000000
  <r^2> [fm^2] ........           26.723659           25.212371           26.103643
  <r^4> [fm^4] ........          933.983171          817.472169          886.183785
  <r^6> [fm^6] ........        38671.534027        31074.756686        35554.907426
  <r^8> [fm^8] ........      1820362.244221      1333128.689677      1620471.555178

  kinetic energy ......    1785.566045    1043.282501    2828.848546
  volume energy .......                                 -4728.572372
        rho_tau .......                                  -272.792386
        rho_rho .......                                 -4455.779986
  surface energy ......                                   147.438893
   rho_DELTA_rho ......                                   147.438893
   (NABLA_rho)^2 ......                                     0.000000
  spin-orbit energy ...                                   -26.237791
        rho_NABLA_J ...                                   -26.237791
        NABLA_rho_J ...                                     0.000000
  coulomb energy ......                                   525.269780
          direct ......                                   549.622629
          exchange ....                                   -24.352849
  tensor energy .......                                     0.000000
  direct Hartree E  ...                                     0.000000
  Extra E .............                                     0.000000
  External field E ....                                     0.000000
  Entropy .............       3.944366       0.005488       3.949854

  tEnergy: ehfb (qp)...                                 -1253.252943

  Calculated but not added corrections 
====================================
  cmc-diagonal part ...       0.000000       0.000000       0.000000
  cmc-hfb .............       0.000000       0.000000       0.000000
  cranking rot corr ...       0.000000       0.000000       0.000000

  SQUJ ................       0.000000       0.000000       0.000000
  CRAN x 4 ............       0.000000       0.000000       0.000000
  Rigit Body ..........       0.000000       0.000000       0.000000


   Blocking candidates are:
   neutron eqpmin=   5.2538484707266520E-002  pwiblo=   2.0016019225635890     
    num=   1 block=   8 state=   1   122 Eqp=   0.05253848  (1-2N)E=  -0.05253848  Ovlp=   0.83579268  7-[ 5, 1, 4]
    num=   2 block=   4 state=   1    66 Eqp=   0.07001901  (1-2N)E=  -0.07001901  Ovlp=   0.71385490  3-[ 5, 0, 1]
    num=   3 block=   2 state=   1    26 Eqp=   0.01988023  (1-2N)E=   0.01988023  Ovlp=   0.53424533  1-[ 5, 1, 0]
    num=   4 block=   6 state=   1    98 Eqp=   0.14257269  (1-2N)E=   0.14257269  Ovlp=   0.66461141  5-[ 5, 0, 3]
    num=   5 block=   4 state=   2    67 Eqp=   0.34655810  (1-2N)E=   0.34655810  Ovlp=   0.75375554  3-[ 5, 1, 2]
    num=   6 block=   6 state=   2    99 Eqp=   0.35277178  (1-2N)E=  -0.35277178  Ovlp=   0.61541168  5-[ 5, 1, 2]
    num=   7 block=   2 state=   2    27 Eqp=   0.41667817  (1-2N)E=   0.41667817  Ovlp=   0.53090316  1-[ 5, 1, 0]
    num=   8 block=  10 state=   1   140 Eqp=   0.54541462  (1-2N)E=  -0.54541462  Ovlp=   0.92590252  9-[ 5, 0, 5]
    num=   9 block=   4 state=   3    68 Eqp=   0.63568428  (1-2N)E=   0.63568428  Ovlp=   0.56124552  3-[ 5, 2, 1]
    num=  10 block=   8 state=   2   123 Eqp=   0.84601363  (1-2N)E=  -0.84601363  Ovlp=   0.82303497  7-[ 5, 0, 3]
    num=  11 block=   2 state=   3    28 Eqp=   0.90993974  (1-2N)E=   0.90993974  Ovlp=   0.59648255  1-[ 5, 2, 1]
    num=  12 block=   6 state=   3   100 Eqp=   1.37976917  (1-2N)E=   1.37976917  Ovlp=   0.55693617  5-[ 5, 2, 3]
    num=  13 block=  13 state=   1   156 Eqp=   1.42467582  (1-2N)E=   1.42467582  Ovlp=   0.99272952 13+[ 6, 0, 6]
    num=  14 block=   2 state=   4    29 Eqp=   1.70631556  (1-2N)E=   1.70631556  Ovlp=   0.56718377  1-[ 5, 3, 0]
    num=  15 block=  11 state=   1   146 Eqp=   1.80893607  (1-2N)E=   1.80893607  Ovlp=   0.94274099 11+[ 6, 1, 5]

   Blocking candidates are:
   proton  eqpmin=  0.44639528021473751       pwiblo=   2.0016019225635890     
    num=   1 block=   1 state=   1     1 Eqp=   0.44639528  (1-2N)E=  -0.44639528  Ovlp=   0.58946054  1+[ 4, 0, 0]
    num=   2 block=   3 state=   1    46 Eqp=   0.46752637  (1-2N)E=   0.46752637  Ovlp=   0.62334726  3+[ 4, 3, 1]
    num=   3 block=   1 state=   2     2 Eqp=   0.49855912  (1-2N)E=   0.49855912  Ovlp=   0.61136280  1+[ 4, 3, 1]
    num=   4 block=   3 state=   2    47 Eqp=   0.69011442  (1-2N)E=  -0.69011442  Ovlp=   0.59103123  3+[ 4, 0, 2]
    num=   5 block=   1 state=   3     3 Eqp=   0.95940285  (1-2N)E=  -0.95940285  Ovlp=   0.60389238  1+[ 4, 1, 1]
    num=   6 block=   5 state=   1    82 Eqp=   1.02990146  (1-2N)E=  -1.02990146  Ovlp=   0.59411848  5+[ 4, 0, 2]
    num=   7 block=   3 state=   3    48 Eqp=   1.15254931  (1-2N)E=  -1.15254931  Ovlp=   0.61008715  3+[ 4, 2, 2]
    num=   8 block=  12 state=   1   152 Eqp=   1.28022339  (1-2N)E=   1.28022339  Ovlp=   0.97603500 11-[ 5, 0, 5]
    num=   9 block=   5 state=   2    83 Eqp=   1.59216953  (1-2N)E=  -1.59216953  Ovlp=   0.76013343  5+[ 4, 1, 3]
    num=  10 block=   1 state=   4     4 Eqp=   1.67179887  (1-2N)E=   1.67179887  Ovlp=   0.84213608  1+[ 4, 4, 0]
    num=  11 block=  10 state=   1   140 Eqp=   1.72797099  (1-2N)E=   1.72797099  Ovlp=   0.91302379  9-[ 5, 1, 4]
    num=  12 block=   7 state=   1   110 Eqp=   2.12296901  (1-2N)E=  -2.12296901  Ovlp=   0.88524988  7+[ 4, 0, 4]
    num=  13 block=   8 state=   1   122 Eqp=   2.18502148  (1-2N)E=   2.18502148  Ovlp=   0.77113320  7-[ 5, 2, 3]



 HFBTHO_SOLVER ended without errors

