No Skyrme interaction defined in routine skforce()
Multi-threading framework with OpenMP: 1 threads/task

  =======================================
           FORTRAN 95 CODE (KIND= 8) 
               Version: 200d  
  =======================================
       AXIALLY DEFORMED CONFIGURATIONAL  
     HARTREE-FOCK-BOGOLIUBOV CALCULATIONS
                     WITH                
            UNEDF AND DELTA PAIRING      
                     USING               
             HARMONIC-OSCILLATOR         
                   AND/OR                
       TRANSFORMED HARMONIC-OSCILLATOR   
                    BASIS                
                     ---                 
               v1.66  (2005):,           
   Stoitsov,Dobaczewski,Nazarewicz,Ring, 
               v2.00d (2012):,           
         Stoitsov,Schunck,Kortelainen    
  =======================================
    Nucleus: MG (A=  24, N= 12, Z= 12)
       Reflection Symmetry Imposed       
            ( 9/13/2022, 22:40)                               
  =======================================


  ---------------------------------------
           UNEDF Module Version:17
         M.Kortelainen & M.Stoitsov 
  ---------------------------------------

  UNE1 functional
  ----------------------------------
  Crho(0)=   -779.373008720865300    ; Crho(1)=    287.722131583286796    
  CDrho(0)=   891.477890442349690    ; CDrho(1)=  -200.587774317884879    
  Ctau(0)=  -0.989915057807676746    ; Ctau(1)=   -33.6320970701835549    
  CrDr(0)=   -43.7173652788054454    ; CrDr(1)=   -166.813479920008291    
  CrdJ(0)=   -65.5546547770726846    ; CrdJ(1)=   -30.6473836995387927    
  CJ(0)=      0.00000000000000000    ; CJ(1)=      0.00000000000000000    
  CpV0(0)=   0.100000000000000006    ; CpV0(1)=   0.100000000000000006    
  CpV1(0)=    1.00000000000000000    ; CpV1(1)=    1.00000000000000000    
  sigma=     0.270018011502707600    ; hbzero=     20.7355300000000007    
  e^2 chrg=   1.43997840859651305    ; CExPar=     1.00000000000000000    
  c.m. correction: F, chr. density in direct Coul: F
  use tensor terms: F
  use TMR pairing:  0

  Coupling constants in natural units
  -----------------------------------
  Crho_nu(0)=  -0.877667471343921757    ; Crho_nu(1)=   0.324009624211695935    
  CDrho_nu(0)=  0.941450913381434273    ; CDrho_nu(1)= -0.211831998717341041    
  Ctau_nu(0)=  -0.140321584905665799E-01; Ctau_nu(1)=  -0.476738799694694126    
  CrDr_nu(0)=  -0.619698623173558061    ; CrDr_nu(1)=   -2.36460004334560736    
  CrdJ_nu(0)=  -0.929244684552497091    ; CrdJ_nu(1)=  -0.434430148325601173    
  CJ_nu(0)=      0.00000000000000000    ; CJ_nu(1)=      0.00000000000000000    
  CpV0_nu(0)=   0.112611992142809880E-03; CpV0_nu(1)=   0.112611992142809880E-03
  CpV1_nu(0)=   0.887702254206059068E-03; CpV1_nu(1)=   0.887702254206059068E-03
  fpi_nu=        93.0000000000000000    ; Lambda_nu=     700.000000000000000    

  Nuclear matter properties
  ----------------------------------
      E_NM=     -15.8000000000000149      K_NM=     220.0000000000000284
      P_NM=      -0.0000000000000032    RHO_NM=       0.1587067693325870
    ASS_NM=      28.9867890577721070   LASS_NM=      40.0047904804136323
  SMASS_NM=       0.9924233322833640  VMASS_NM=       1.2498385742322700

  Associated (t,x)-coupling constants
  -----------------------------------
  t0=      -2078.32802325564080    ; x0=       0.537569206858470316E-01
  t1=       231.839394743218804    ; x1=       -5.96604103510223549    
  t2=       1811.28162065669699    ; x2=       -1.34818418310023369    
  t3=       14263.6462470775950    ; x3=      -0.162491168089956339    
  b4=       34.9072710775338919    ; b4p=       61.2947673990775854    
  te=      -540.454680061430281    ; to=       -224.566234878734633    
  sigma=   0.270018011502707600    ; hbzero=    20.7355300000000007    

  ---------------------------------------
        Characteristics of the run       
  ---------------------------------------
  Output file ................:     7
  Nucleus ....................:   MG  24
  Number of HO shells ........:     8
  HO length b0 (fm) ..........:     1.55928400372611
  Basis deformation ..........:  beta0=   0.010 q=   1.010
  HO: b0,1/b0,bp,bz,q ........:   0.15592840E+01  0.64131999E+00  0.15568270E+01  0.15642096E+01  0.10095067E+01
  h**2/(2m), cmc, e**2 .......:   0.20735530E+02  0.20735530E+02  0.14399784E+01
  hom=f*41.0_pr*A^{-1/3}, f...:   0.17056687E+02  0.12000000E+01
  THO basis is ...............:  OFF
  Maximal number of iterations:   400
  Initial mixing parameter ...:  0.300
  Initial w.f. ...............:  from   spherical scratch
  Skyrme functional ..........:    UNE1                          
    with direct and exchange Coulomb
  Lipkin-Nogami procedure is .:  OFF
  PAV procedure is ...........:  OFF
  Constraint calculation is ..:   ON
    Constraint 1 .............: lambda=2 Ql=   0.099
  Temperature T ..............:   0.05 MeV
  Restart indicator ..........:   1
  Broyden mixing (#iterations):   7

  ---------------------------------------
        Harmonic Oscillator Basis        
  ---------------------------------------
  NUV, NQP:                        2501     165
  Comparison with bookkeeping spherical basis:
  n00:                                8       8  Maximal number of shells
  nbx, 2*n00+1:                      17      17  Maximal number of K-blocks
  ntx, (n00+1)*(n00+2)*(n00+3)/6    165     165  Max.num. p/n levels
  nzx, n00:                           8       8  Maximal nz-quantum number
  nrx, n00/2  :                       4       4  Maximal nr-quantum number
  nlx, n00:                           8       8  Maximal ml-quantum number
  ndx, (n00+2)*(n00+2)/4:            25      25  Maximal dim. of one k-block

  Actual basis used
  Number of blocks: nb .......:   17
  Number of levels: nt .......:  165
  Maximal 2*omega : nom ......:   17
  Maximal nz:       nzm ......:    8
  Maximal nr:       nrm ......:    4
  Maximal ml:       nlm ......:    8
  Maximal N=nz+2*nr+nl .......:    8
  2 x biggest block dim. .....:   50
  Non-zero elements of h .....:     1333
  Number of Broyden elements .:     5332

  ---------------------------------------
            Integration Meshes           
  ---------------------------------------
  Number of Gauss-Hermite mesh points ngh ....:  40
  Number of Gauss-Laguerre mesh points ngl ...:  40
  Number of Gauss-Legendre mesh points nleg ..:  80
  Integration boundaries
    Hermite  - from xh(1)  =  0.12379686 to xh(ngh)   = 11.88786356
    Laguerre - From xl(1)  =  0.03570039 to xl(ngl)   =142.28004447
    Legendre - From xleg(1)=  0.00978669 to xleg(nleg)=  0.99988775
  Max.dev.in:     Orthogonality            Normalization
  Hermite     1.5248282503475657E-015   1.0991207943789050E-014
  Laguerre    4.2896485016951012E-015   8.9928064994637680E-015

  Scratch initialization for the nucleus: MG  12  12


  Initial potentials of Saxon-Woods shape 
  v0ws   =  -71.27999878
  kappa  =    0.46160001
  vs0    =   11.11750031   11.11750031
  r0     =    1.23339999    1.23339999
  a      =    0.61500001    0.61500001
  r0-so  =    1.14429998    1.14429998
  a-so   =    0.64760000    0.64760000
  beta00 =    0.01000000

  ### REGULAR STAGE (reflection symmetry imposed)
  |HFB+HO> iterations(b0=  1.559, Nsh=  8, inin=  1, N= 12, Z= 12)...
  ----------------------------------------------------------------------------------------------------------------------------------
  i          si     mix   beta      Etot       A       rn      rp         En      Dn      Ep      Dp        Ln      Lp     time
  ----------------------------------------------------------------------------------------------------------------------------------
   1L  73.90480883 0.30  0.010     0.000000    0.0   0.000   0.000 |   -2.000   1.000  -2.000   1.000 |   -7.000  -7.000   0.000
   2B  37.82141259 0.10  0.009   -65.054606   24.0   2.625   2.625 |    0.000  -0.000   0.000  -0.000 |  -17.169 -17.169  39.771
   3B   9.45584529 0.11  0.115  -159.053502   24.0   2.998   3.039 |    0.000  -0.000   0.000  -0.000 |  -11.143  -7.696   1.211
   4B   9.69682910 0.10  0.157  -174.523465   24.0   2.945   2.914 |    0.000  -0.000   0.000  -0.000 |  -11.758  -7.009   1.128
   5B  22.04926905 0.10  0.116  -112.819483   24.0   2.883   2.954 |    0.000  -0.000   0.000  -0.000 |  -11.351  -7.823   1.072
   6B   8.06219954 0.11  0.169  -176.666981   24.0   2.900   2.961 |    0.000  -0.000   0.000  -0.000 |  -11.745  -7.542   1.270
   7B   7.48949473 0.13  0.181  -181.787068   24.0   2.920   2.942 |    0.000  -0.000   0.000  -0.000 |  -12.070  -7.290   1.397
   8B   7.89945029 0.10  0.177  -182.886818   24.0   2.930   2.926 |    0.000  -0.000   0.000  -0.000 |  -12.071  -7.302   1.378
   9B   5.82900708 0.11  0.164  -182.905619   24.0   2.922   2.930 |    0.000  -0.000   0.000  -0.000 |  -12.032  -7.340   1.183
  10B   5.53080342 0.13  0.066  -177.212067   24.0   2.909   2.930 |    0.000  -0.000   0.000  -0.000 |  -12.109  -7.344   0.961
  11B   8.48885345 0.10  0.007  -175.379983   24.0   2.913   2.924 |    0.000  -0.000   0.000  -0.000 |  -12.139  -7.295   1.743
  12L   3.41402306 0.11 -0.035  -179.286284   24.0   2.913   2.923 |    0.000  -0.000   0.000  -0.000 |  -12.091  -7.401   1.634
  13B  12.02096074 0.10 -0.071  -167.214429   24.0   2.901   2.933 |    0.000  -0.000   0.000  -0.000 |  -12.018  -7.428   1.601
  14B   5.43553949 0.11 -0.041  -176.461502   24.0   2.905   2.929 |    0.000  -0.000   0.000  -0.000 |  -12.028  -7.425   1.735
  15B   4.93694996 0.13 -0.043  -178.234095   24.0   2.916   2.920 |    0.000  -0.000   0.000  -0.000 |  -12.090  -7.324   1.629
  16B   5.99702254 0.10  0.002  -177.886913   24.0   2.907   2.929 |    0.000  -0.000   0.000  -0.000 |  -12.008  -7.363   1.587
  17B   1.40276967 0.11  0.056  -180.346061   24.0   2.908   2.927 |    0.000  -0.000   0.000  -0.000 |  -12.060  -7.400   1.081
  18B   1.58222729 0.10  0.047  -180.211440   24.0   2.906   2.923 |    0.000  -0.000   0.000  -0.000 |  -12.148  -7.510   1.433
  19B   0.34670476 0.11  0.037  -180.476075   24.0   2.903   2.924 |    0.000  -0.000   0.000  -0.000 |  -12.177  -7.522   1.542
  20B   1.67447539 0.10  0.043  -180.071955   24.0   2.904   2.922 |    0.000  -0.000   0.000  -0.000 |  -12.192  -7.564   1.635
  21B   0.74012827 0.11  0.043  -180.495310   24.0   2.903   2.923 |    0.000  -0.000   0.000  -0.000 |  -12.212  -7.563   1.520
  22B   0.12877052 0.13  0.041  -180.536769   24.0   2.903   2.922 |    0.000  -0.000   0.000  -0.000 |  -12.225  -7.568   1.499
  23B   0.40876755 0.10  0.038  -180.497865   24.0   2.903   2.921 |    0.000   0.000   0.000   0.000 |  -12.237  -7.562   0.971
  24B   0.06871056 0.11  0.037  -180.508258   24.0   2.902   2.922 |    0.000   0.000   0.000   0.000 |  -12.226  -7.574   1.766
  25B   0.06028253 0.13  0.038  -180.510855   24.0   2.902   2.922 |    0.000   0.000   0.000   0.000 |  -12.228  -7.570   1.559
  26B   0.04503938 0.14  0.038  -180.512520   24.0   2.902   2.922 |    0.000   0.000   0.000   0.000 |  -12.227  -7.571   1.701
  27B   0.19499204 0.10  0.039  -180.521789   24.0   2.902   2.922 |    0.000   0.000   0.000   0.000 |  -12.227  -7.571   1.583
  28B   0.07257405 0.11  0.039  -180.522165   24.0   2.902   2.921 |    0.000  -0.000   0.000  -0.000 |  -12.226  -7.570   1.550
  29B   0.08303459 0.10  0.039  -180.521742   24.0   2.902   2.922 |    0.000  -0.000   0.000  -0.000 |  -12.226  -7.570   1.552
  30B   0.04216931 0.11  0.039  -180.525416   24.0   2.902   2.922 |    0.000   0.000   0.000   0.000 |  -12.227  -7.570   1.641
  31B   0.03845963 0.13  0.039  -180.526606   24.0   2.902   2.922 |    0.000   0.000   0.000   0.000 |  -12.226  -7.570   1.583
  32B   0.04926504 0.10  0.040  -180.528359   24.0   2.902   2.922 |    0.000   0.000   0.000   0.000 |  -12.227  -7.569   1.513
  33B   0.03952993 0.11  0.040  -180.526712   24.0   2.902   2.922 |    0.000   0.000   0.000   0.000 |  -12.226  -7.570   1.462
  34B   0.01535386 0.13  0.039  -180.522558   24.0   2.902   2.922 |    0.000   0.000   0.000   0.000 |  -12.226  -7.570   1.511
  35B   0.03719532 0.10  0.039  -180.522249   24.0   2.902   2.922 |    0.000   0.000   0.000   0.000 |  -12.227  -7.569   1.497
  36B   0.03782509 0.10  0.039  -180.521617   24.0   2.902   2.922 |    0.000   0.000   0.000   0.000 |  -12.226  -7.569   1.612
  37B   0.03106626 0.11  0.039  -180.520550   24.0   2.902   2.922 |    0.000   0.000   0.000   0.000 |  -12.226  -7.569   1.571
  38B   0.01824619 0.13  0.039  -180.520177   24.0   2.902   2.922 |    0.000   0.000   0.000   0.000 |  -12.226  -7.569   1.532
  39B   0.01282775 0.14  0.039  -180.520108   24.0   2.902   2.922 |    0.000   0.000   0.000   0.000 |  -12.227  -7.569   1.677
  40B   0.01924316 0.10  0.039  -180.518817   24.0   2.902   2.922 |    0.000   0.000   0.000   0.000 |  -12.226  -7.570   1.699
  41B   0.01904436 0.11  0.038  -180.517883   24.0   2.902   2.922 |    0.000   0.000   0.000   0.000 |  -12.227  -7.569   1.733
  42B   0.01207184 0.13  0.038  -180.517909   24.0   2.902   2.922 |    0.000   0.000   0.000   0.000 |  -12.226  -7.569   1.763
  43B   0.02155540 0.10  0.038  -180.516193   24.0   2.902   2.922 |    0.000   0.000   0.000   0.000 |  -12.226  -7.570   1.530
  44B   0.02280630 0.10  0.038  -180.516088   24.0   2.902   2.922 |    0.000   0.000   0.000   0.000 |  -12.226  -7.570   1.619
  45B   0.02341221 0.10  0.038  -180.516042   24.0   2.902   2.922 |    0.000   0.000   0.000   0.000 |  -12.226  -7.570   1.562
  46B   0.02264164 0.11  0.038  -180.516164   24.0   2.902   2.922 |    0.000   0.000   0.000   0.000 |  -12.226  -7.570   1.748
  47B   0.01425986 0.13  0.038  -180.517832   24.0   2.902   2.922 |    0.000   0.000   0.000   0.000 |  -12.226  -7.570   1.643
  48B   0.03463271 0.10  0.038  -180.516884   24.0   2.902   2.922 |    0.000   0.000   0.000   0.000 |  -12.226  -7.570   1.505
  49B   0.02218947 0.11  0.038  -180.517432   24.0   2.902   2.922 |    0.000   0.000   0.000   0.000 |  -12.226  -7.570   1.292
  50B   0.02545884 0.10  0.039  -180.518307   24.0   2.902   2.922 |    0.000   0.000   0.000   0.000 |  -12.227  -7.569   0.960
  51B   0.02716060 0.10  0.038  -180.516091   24.0   2.902   2.921 |    0.000   0.000   0.000   0.000 |  -12.227  -7.569   1.615
  52B   0.02569367 0.11  0.038  -180.515596   24.0   2.902   2.922 |    0.000   0.000   0.000   0.000 |  -12.226  -7.570   1.070
  53B   0.01498883 0.13  0.038  -180.517443   24.0   2.902   2.922 |    0.000   0.000   0.000   0.000 |  -12.227  -7.570   1.555
  54B   0.01488654 0.14  0.038  -180.517491   24.0   2.902   2.922 |    0.000   0.000   0.000   0.000 |  -12.226  -7.570   1.386
  55B   0.02153348 0.10  0.038  -180.517530   24.0   2.902   2.922 |    0.000   0.000   0.000   0.000 |  -12.227  -7.570   1.708
  56B   0.00481350 0.11  0.039  -180.519516   24.0   2.902   2.922 |    0.000   0.000   0.000   0.000 |  -12.226  -7.570   1.703
  57B   0.01728776 0.10  0.039  -180.520085   24.0   2.902   2.922 |    0.000   0.000   0.000   0.000 |  -12.227  -7.570   1.667
  58B   0.00875039 0.11  0.039  -180.521220   24.0   2.902   2.922 |    0.000   0.000   0.000   0.000 |  -12.226  -7.570   1.637
  59B   0.02261495 0.10  0.039  -180.522413   24.0   2.902   2.922 |    0.000   0.000   0.000   0.000 |  -12.227  -7.569   1.608
  60B   0.00725465 0.11  0.039  -180.521239   24.0   2.902   2.922 |    0.000   0.000   0.000   0.000 |  -12.227  -7.570   1.653
  61B   0.00718870 0.13  0.039  -180.521236   24.0   2.902   2.922 |    0.000   0.000   0.000   0.000 |  -12.226  -7.570   1.554
  62B   0.01293086 0.10  0.039  -180.522188   24.0   2.902   2.922 |    0.000   0.000   0.000   0.000 |  -12.226  -7.570   1.511
  63B   0.03667500 0.10  0.039  -180.523923   24.0   2.902   2.922 |    0.000   0.000   0.000   0.000 |  -12.226  -7.570   1.640
  64B   0.02609205 0.11  0.039  -180.524429   24.0   2.902   2.922 |    0.000   0.000   0.000   0.000 |  -12.226  -7.569   1.484
  65B   0.02679977 0.10  0.039  -180.524575   24.0   2.902   2.922 |    0.000   0.000   0.000   0.000 |  -12.226  -7.569   1.519
  66B   0.02644356 0.11  0.039  -180.524424   24.0   2.902   2.922 |    0.000   0.000   0.000   0.000 |  -12.227  -7.569   1.677
  67B   0.01960512 0.13  0.039  -180.523224   24.0   2.902   2.922 |    0.000   0.000   0.000   0.000 |  -12.226  -7.570   1.599
  68B   0.00726753 0.14  0.039  -180.520865   24.0   2.902   2.922 |    0.000   0.000   0.000   0.000 |  -12.227  -7.569   1.064
  69B   0.00553415 0.16  0.039  -180.519900   24.0   2.902   2.922 |    0.000   0.000   0.000   0.000 |  -12.226  -7.570   1.566
  70B   0.01484498 0.10  0.039  -180.519998   24.0   2.902   2.922 |    0.000   0.000   0.000   0.000 |  -12.226  -7.570   1.696
  71B   0.00478632 0.11  0.039  -180.519705   24.0   2.902   2.922 |    0.000   0.000   0.000   0.000 |  -12.226  -7.570   1.573
  72B   0.00208911 0.13  0.039  -180.519877   24.0   2.902   2.922 |    0.000   0.000   0.000   0.000 |  -12.226  -7.570   1.574
  73B   0.00162281 0.14  0.039  -180.519880   24.0   2.902   2.922 |    0.000   0.000   0.000   0.000 |  -12.226  -7.570   1.799
  74B   0.00111118 0.16  0.039  -180.519778   24.0   2.902   2.922 |    0.000   0.000   0.000   0.000 |  -12.226  -7.570   1.366
  75B   0.00148986 0.10  0.039  -180.519721   24.0   2.902   2.922 |    0.000   0.000   0.000   0.000 |  -12.226  -7.570   0.983
  76B   0.00211224 0.10  0.039  -180.519609   24.0   2.902   2.922 |    0.000   0.000   0.000   0.000 |  -12.226  -7.570   1.698
  77B   0.00273223 0.10  0.039  -180.519504   24.0   2.902   2.922 |    0.000   0.000   0.000   0.000 |  -12.226  -7.570   1.746
  78B   0.00332254 0.10  0.039  -180.519415   24.0   2.902   2.922 |    0.000   0.000   0.000   0.000 |  -12.226  -7.570   1.791
  79B   0.00338361 0.10  0.039  -180.519405   24.0   2.902   2.922 |    0.000   0.000   0.000   0.000 |  -12.226  -7.570   1.164
  80B   0.00336582 0.11  0.039  -180.519407   24.0   2.902   2.922 |    0.000   0.000   0.000   0.000 |  -12.226  -7.570   1.625
  81B   0.00324447 0.13  0.039  -180.519617   24.0   2.902   2.922 |    0.000   0.000   0.000   0.000 |  -12.226  -7.570   1.167
  82B   0.00100510 0.14  0.039  -180.519802   24.0   2.902   2.922 |    0.000   0.000   0.000   0.000 |  -12.226  -7.570   1.045
  83B   0.00036421 0.16  0.039  -180.519932   24.0   2.902   2.922 |    0.000   0.000   0.000   0.000 |  -12.226  -7.570   1.618
  84B   0.00028264 0.18  0.039  -180.519935   24.0   2.902   2.922 |    0.000   0.000   0.000   0.000 |  -12.226  -7.570   1.639
  85B   0.00052957 0.10  0.039  -180.519955   24.0   2.902   2.922 |    0.000   0.000   0.000   0.000 |  -12.226  -7.570   1.691
  86B   0.00034462 0.11  0.039  -180.519966   24.0   2.902   2.922 |    0.000   0.000   0.000   0.000 |  -12.226  -7.570   1.502
  87B   0.00021142 0.13  0.039  -180.519980   24.0   2.902   2.922 |    0.000   0.000   0.000   0.000 |  -12.226  -7.570   1.652
  88B   0.00011041 0.14  0.039  -180.519969   24.0   2.902   2.922 |    0.000   0.000   0.000   0.000 |  -12.226  -7.570   1.675
  89B   0.00020027 0.10  0.039  -180.519954   24.0   2.902   2.922 |    0.000   0.000   0.000   0.000 |  -12.226  -7.570   1.272
  90B   0.00007243 0.11  0.039  -180.519969   24.0   2.902   2.922 |    0.000  -0.000   0.000  -0.000 |  -12.226  -7.570   1.628
  91B   0.00003436 0.13  0.039  -180.519967   24.0   2.902   2.922 |    0.000  -0.000   0.000  -0.000 |  -12.226  -7.570   1.474
  92B   0.00015256 0.10  0.039  -180.519960   24.0   2.902   2.922 |    0.000  -0.000   0.000  -0.000 |  -12.226  -7.570   0.948
  93B   0.00013387 0.11  0.039  -180.519951   24.0   2.902   2.922 |    0.000   0.000   0.000   0.000 |  -12.226  -7.570   1.356
  94B   0.00013737 0.10  0.039  -180.519950   24.0   2.902   2.922 |    0.000   0.000   0.000   0.000 |  -12.226  -7.570   1.638
  95B   0.00010944 0.11  0.039  -180.519955   24.0   2.902   2.922 |    0.000   0.000   0.000   0.000 |  -12.226  -7.570   1.140
  96B   0.00031407 0.10  0.039  -180.519956   24.0   2.902   2.922 |    0.000   0.000   0.000   0.000 |  -12.226  -7.570   1.527
  97B   0.00006457 0.11  0.039  -180.519970   24.0   2.902   2.922 |    0.000  -0.000   0.000  -0.000 |  -12.226  -7.570   1.444
  98B   0.00001896 0.13  0.039  -180.519974   24.0   2.902   2.922 |    0.000  -0.000   0.000  -0.000 |  -12.226  -7.570   1.590
  99B   0.00004398 0.10  0.039  -180.519977   24.0   2.902   2.922 |    0.000  -0.000   0.000  -0.000 |  -12.226  -7.570   1.525
 100B   0.00002258 0.11  0.039  -180.519975   24.0   2.902   2.922 |    0.000   0.000   0.000   0.000 |  -12.226  -7.570   1.526
 101B   0.00004774 0.10  0.039  -180.519976   24.0   2.902   2.922 |    0.000  -0.000   0.000  -0.000 |  -12.226  -7.570   0.996
 102B   0.00001230 0.11  0.039  -180.519975   24.0   2.902   2.922 |    0.000  -0.000   0.000  -0.000 |  -12.226  -7.570   1.597
 103B   0.00001572 0.10  0.039  -180.519976   24.0   2.902   2.922 |    0.000   0.000   0.000   0.000 |  -12.226  -7.570   0.967
 104B   0.00001558 0.11  0.039  -180.519976   24.0   2.902   2.922 |    0.000   0.000   0.000   0.000 |  -12.226  -7.570   1.279
 105B   0.00005948 0.10  0.039  -180.519976   24.0   2.902   2.922 |    0.000   0.000   0.000   0.000 |  -12.226  -7.570   1.593
 106B   0.00001873 0.11  0.039  -180.519976   24.0   2.902   2.922 |    0.000   0.000   0.000   0.000 |  -12.226  -7.570   1.186
 107B   0.00001543 0.13  0.039  -180.519976   24.0   2.902   2.922 |    0.000   0.000   0.000   0.000 |  -12.226  -7.570   1.310
 108B   0.00001363 0.14  0.039  -180.519975   24.0   2.902   2.922 |    0.000  -0.000   0.000  -0.000 |  -12.226  -7.570   1.059
 109B   0.00001501 0.10  0.039  -180.519974   24.0   2.902   2.922 |    0.000  -0.000   0.000  -0.000 |  -12.226  -7.570   1.713
 110B   0.00001428 0.11  0.039  -180.519974   24.0   2.902   2.922 |    0.000  -0.000   0.000  -0.000 |  -12.226  -7.570   1.468
 111B   0.00001436 0.10  0.039  -180.519973   24.0   2.902   2.922 |    0.000  -0.000   0.000  -0.000 |  -12.226  -7.570   1.565
 112B   0.00000743 0.11  0.039  -180.519973   24.0   2.902   2.922 |    0.000  -0.000   0.000  -0.000 |  -12.226  -7.570   1.230
 113B   0.00001012 0.10  0.039  -180.519971   24.0   2.902   2.922 |    0.000  -0.000   0.000  -0.000 |  -12.226  -7.570   1.436
 114B   0.00001167 0.10  0.039  -180.519972   24.0   2.902   2.922 |    0.000   0.000   0.000   0.000 |  -12.226  -7.570   1.020
 115B   0.00000983 0.11  0.039  -180.519972   24.0   2.902   2.922 |    0.000  -0.000   0.000  -0.000 |  -12.226  -7.570   1.033
 116B   0.00000805 0.13  0.039  -180.519972   24.0   2.902   2.922 |    0.000  -0.000   0.000  -0.000 |  -12.226  -7.570   1.385
 117B   0.00000812 0.10  0.039  -180.519972   24.0   2.902   2.922 |    0.000  -0.000   0.000  -0.000 |  -12.226  -7.570   1.184
 118B   0.00001477 0.10  0.039  -180.519971   24.0   2.902   2.922 |    0.000   0.000   0.000  -0.000 |  -12.226  -7.570   1.485
 119B   0.00001284 0.11  0.039  -180.519971   24.0   2.902   2.922 |    0.000   0.000   0.000  -0.000 |  -12.226  -7.570   1.051
 120B   0.00001417 0.10  0.039  -180.519971   24.0   2.902   2.922 |    0.000   0.000   0.000  -0.000 |  -12.226  -7.570   1.425
 121B   0.00001875 0.10  0.039  -180.519970   24.0   2.902   2.922 |    0.000   0.000   0.000  -0.000 |  -12.226  -7.570   1.177
 122B   0.00001643 0.11  0.039  -180.519970   24.0   2.902   2.922 |    0.000   0.000   0.000  -0.000 |  -12.226  -7.570   1.465
 123B   0.00001259 0.13  0.039  -180.519971   24.0   2.902   2.922 |    0.000  -0.000   0.000  -0.000 |  -12.226  -7.570   1.086
 124B   0.00001246 0.14  0.039  -180.519971   24.0   2.902   2.922 |    0.000  -0.000   0.000  -0.000 |  -12.226  -7.570   1.518
 125B   0.00000808 0.16  0.039  -180.519972   24.0   2.902   2.922 |    0.000  -0.000   0.000   0.000 |  -12.226  -7.570   0.905
 126B   0.00000877 0.10  0.039  -180.519972   24.0   2.902   2.922 |    0.000  -0.000   0.000   0.000 |  -12.226  -7.570   1.052
 127B   0.00000442 0.11  0.039  -180.519973   24.0   2.902   2.922 |    0.000  -0.000   0.000   0.000 |  -12.226  -7.570   1.007
 128B   0.00000543 0.10  0.039  -180.519972   24.0   2.902   2.922 |    0.000  -0.000   0.000   0.000 |  -12.226  -7.570   1.080
 129B   0.00000420 0.11  0.039  -180.519972   24.0   2.902   2.922 |    0.000  -0.000   0.000   0.000 |  -12.226  -7.570   1.299
 130B   0.00000707 0.10  0.039  -180.519972   24.0   2.902   2.922 |    0.000  -0.000   0.000   0.000 |  -12.226  -7.570   1.214
 131B   0.00000665 0.11  0.039  -180.519972   24.0   2.902   2.922 |    0.000   0.000   0.000   0.000 |  -12.226  -7.570   0.997
 132B   0.00000543 0.13  0.039  -180.519972   24.0   2.902   2.922 |    0.000   0.000   0.000   0.000 |  -12.226  -7.570   1.562
 133B   0.00000587 0.10  0.039  -180.519972   24.0   2.902   2.922 |    0.000   0.000   0.000   0.000 |  -12.226  -7.570   1.180
 134B   0.00000543 0.11  0.039  -180.519973   24.0   2.902   2.922 |    0.000  -0.000   0.000   0.000 |  -12.226  -7.570   1.327
 135B   0.00001568 0.10  0.039  -180.519972   24.0   2.902   2.922 |    0.000   0.000   0.000   0.000 |  -12.226  -7.570   1.101
 136B   0.00000626 0.11  0.039  -180.519972   24.0   2.902   2.922 |    0.000   0.000   0.000   0.000 |  -12.226  -7.570   1.576
 137B   0.00000286 0.13  0.039  -180.519973   24.0   2.902   2.922 |    0.000   0.000   0.000   0.000 |  -12.226  -7.570   1.124
 138B   0.00000354 0.10  0.039  -180.519973   24.0   2.902   2.922 |    0.000  -0.000   0.000   0.000 |  -12.226  -7.570   1.338
 139B   0.00000475 0.10  0.039  -180.519973   24.0   2.902   2.922 |    0.000   0.000   0.000   0.000 |  -12.226  -7.570   1.030
 140B   0.00000244 0.11  0.039  -180.519973   24.0   2.902   2.922 |    0.000   0.000   0.000   0.000 |  -12.226  -7.570   1.540
 141B   0.00000323 0.10  0.039  -180.519973   24.0   2.902   2.922 |    0.000   0.000   0.000   0.000 |  -12.226  -7.570   1.087
 142B   0.00000277 0.11  0.039  -180.519974   24.0   2.902   2.922 |    0.000   0.000   0.000   0.000 |  -12.226  -7.570   1.005
 143B   0.00000150 0.13  0.039  -180.519973   24.0   2.902   2.922 |    0.000   0.000   0.000   0.000 |  -12.226  -7.570   0.984
 144B   0.00000286 0.10  0.039  -180.519974   24.0   2.902   2.922 |    0.000   0.000   0.000   0.000 |  -12.226  -7.570   1.115
 145B   0.00000448 0.10  0.039  -180.519974   24.0   2.902   2.922 |    0.000   0.000   0.000   0.000 |  -12.226  -7.570   1.060
 146B   0.00000379 0.11  0.039  -180.519974   24.0   2.902   2.922 |    0.000  -0.000   0.000   0.000 |  -12.226  -7.570   1.201
 147B   0.00000290 0.13  0.039  -180.519974   24.0   2.902   2.922 |    0.000  -0.000   0.000   0.000 |  -12.226  -7.570   1.223
 148B   0.00000206 0.14  0.039  -180.519974   24.0   2.902   2.922 |    0.000  -0.000   0.000  -0.000 |  -12.226  -7.570   0.809
 149B   0.00000178 0.16  0.039  -180.519973   24.0   2.902   2.922 |    0.000  -0.000   0.000   0.000 |  -12.226  -7.570   1.543
 150B   0.00000170 0.18  0.039  -180.519973   24.0   2.902   2.922 |    0.000  -0.000   0.000   0.000 |  -12.226  -7.570   1.058
 151B   0.00000071 0.21  0.039  -180.519973   24.0   2.902   2.922 |    0.000  -0.000   0.000   0.000 |  -12.226  -7.570   1.143
 152B   0.00000343 0.10  0.039  -180.519973   24.0   2.902   2.922 |    0.000  -0.000   0.000  -0.000 |  -12.226  -7.570   1.176
 153B   0.00000387 0.10  0.039  -180.519973   24.0   2.902   2.922 |    0.000  -0.000   0.000  -0.000 |  -12.226  -7.570   1.298
 154B   0.00000135 0.11  0.039  -180.519973   24.0   2.902   2.922 |    0.000  -0.000   0.000  -0.000 |  -12.226  -7.570   1.078
 155B   0.00000131 0.13  0.039  -180.519973   24.0   2.902   2.922 |    0.000  -0.000   0.000  -0.000 |  -12.226  -7.570   0.964
 156B   0.00000196 0.10  0.039  -180.519973   24.0   2.902   2.922 |    0.000  -0.000   0.000   0.000 |  -12.226  -7.570   1.061
 157B   0.00000210 0.10  0.039  -180.519973   24.0   2.902   2.922 |    0.000  -0.000   0.000  -0.000 |  -12.226  -7.570   1.069
 158B   0.00000258 0.10  0.039  -180.519973   24.0   2.902   2.922 |    0.000  -0.000   0.000  -0.000 |  -12.226  -7.570   0.994
 159B   0.00000262 0.10  0.039  -180.519973   24.0   2.902   2.922 |    0.000  -0.000   0.000   0.000 |  -12.226  -7.570   1.139
 160B   0.00000359 0.10  0.039  -180.519973   24.0   2.902   2.922 |    0.000  -0.000   0.000   0.000 |  -12.226  -7.570   0.986
 161B   0.00000307 0.11  0.039  -180.519973   24.0   2.902   2.922 |    0.000  -0.000   0.000   0.000 |  -12.226  -7.570   0.995
 162B   0.00000131 0.13  0.039  -180.519973   24.0   2.902   2.922 |    0.000   0.000   0.000   0.000 |  -12.226  -7.570   1.108
 163B   0.00000362 0.10  0.039  -180.519973   24.0   2.902   2.922 |    0.000  -0.000   0.000  -0.000 |  -12.226  -7.570   0.991
 164B   0.00000426 0.10  0.039  -180.519973   24.0   2.902   2.922 |    0.000  -0.000   0.000  -0.000 |  -12.226  -7.570   1.110
 165B   0.00000084 0.11  0.039  -180.519973   24.0   2.902   2.922 |    0.000   0.000   0.000  -0.000 |  -12.226  -7.570   0.980
 166B   0.00000132 0.10  0.039  -180.519973   24.0   2.902   2.922 |    0.000  -0.000   0.000   0.000 |  -12.226  -7.570   1.001
 167B   0.00000069 0.11  0.039  -180.519973   24.0   2.902   2.922 |    0.000   0.000   0.000   0.000 |  -12.226  -7.570   0.875
 168B   0.00000131 0.10  0.039  -180.519973   24.0   2.902   2.922 |    0.000  -0.000   0.000   0.000 |  -12.226  -7.570   1.388
 169B   0.00000068 0.11  0.039  -180.519973   24.0   2.902   2.922 |    0.000  -0.000   0.000   0.000 |  -12.226  -7.570   1.158
 170B   0.00000073 0.10  0.039  -180.519973   24.0   2.902   2.922 |    0.000  -0.000   0.000   0.000 |  -12.226  -7.570   0.932
 171B   0.00000101 0.10  0.039  -180.519973   24.0   2.902   2.922 |    0.000   0.000   0.000   0.000 |  -12.226  -7.570   0.951
 172B   0.00000104 0.10  0.039  -180.519973   24.0   2.902   2.922 |    0.000  -0.000   0.000   0.000 |  -12.226  -7.570   1.250
 173B   0.00000121 0.10  0.039  -180.519973   24.0   2.902   2.922 |    0.000  -0.000   0.000   0.000 |  -12.226  -7.570   1.335
 174B   0.00000178 0.10  0.039  -180.519974   24.0   2.902   2.922 |    0.000  -0.000   0.000  -0.000 |  -12.226  -7.570   1.389
 175B   0.00000170 0.11  0.039  -180.519973   24.0   2.902   2.922 |    0.000  -0.000   0.000  -0.000 |  -12.226  -7.570   1.503
 176B   0.00000124 0.13  0.039  -180.519973   24.0   2.902   2.922 |    0.000  -0.000   0.000  -0.000 |  -12.226  -7.570   0.968
 177B   0.00000030 0.14  0.039  -180.519973   24.0   2.902   2.922 |    0.000  -0.000   0.000  -0.000 |  -12.226  -7.570   1.044
 178B   0.00000080 0.10  0.039  -180.519973   24.0   2.902   2.922 |    0.000   0.000   0.000  -0.000 |  -12.226  -7.570   0.975
 179B   0.00000253 0.10  0.039  -180.519973   24.0   2.902   2.922 |    0.000  -0.000   0.000  -0.000 |  -12.226  -7.570   1.080
 180B   0.00000025 0.11  0.039  -180.519973   24.0   2.902   2.922 |    0.000  -0.000   0.000   0.000 |  -12.226  -7.570   0.948
 181B   0.00000006 0.13  0.039  -180.519973   24.0   2.902   2.922 |    0.000  -0.000   0.000  -0.000 |  -12.226  -7.570   0.974
 182B   0.00000009 0.10  0.039  -180.519973   24.0   2.902   2.922 |    0.000  -0.000   0.000  -0.000 |  -12.226  -7.570   0.951
 183B   0.00000003 0.11  0.039  -180.519973   24.0   2.902   2.922 |    0.000  -0.000   0.000   0.000 |  -12.226  -7.570   0.990
 184B   0.00000002 0.13  0.039  -180.519973   24.0   2.902   2.922 |    0.000  -0.000   0.000   0.000 |  -12.226  -7.570   1.018
 185B   0.00000003 0.10  0.039  -180.519973   24.0   2.902   2.922 |    0.000  -0.000   0.000   0.000 |  -12.226  -7.570   0.918
 186B   0.00000004 0.10  0.039  -180.519973   24.0   2.902   2.922 |    0.000  -0.000   0.000   0.000 |  -12.226  -7.570   1.065
 187B   0.00000004 0.10  0.039  -180.519973   24.0   2.902   2.922 |    0.000  -0.000   0.000  -0.000 |  -12.226  -7.570   0.986
 188B   0.00000005 0.10  0.039  -180.519973   24.0   2.902   2.922 |    0.000  -0.000   0.000  -0.000 |  -12.226  -7.570   0.976
 189B   0.00000004 0.11  0.039  -180.519973   24.0   2.902   2.922 |    0.000   0.000   0.000   0.000 |  -12.226  -7.570   1.196
 190B   0.00000009 0.10  0.039  -180.519973   24.0   2.902   2.922 |    0.000   0.000   0.000  -0.000 |  -12.226  -7.570   1.600
 191B   0.00000002 0.11  0.039  -180.519973   24.0   2.902   2.922 |    0.000   0.000   0.000  -0.000 |  -12.226  -7.570   0.953
 192B   0.00000002 0.13  0.039  -180.519973   24.0   2.902   2.922 |    0.000   0.000   0.000  -0.000 |  -12.226  -7.570   0.885
 193B   0.00000001 0.14  0.039  -180.519973   24.0   2.902   2.922 |    0.000   0.000   0.000  -0.000 |  -12.226  -7.570   1.613
 194B   0.00000002 0.10  0.039  -180.519973   24.0   2.902   2.922 |    0.000   0.000   0.000  -0.000 |  -12.226  -7.570   1.463
 195B   0.00000002 0.10  0.039  -180.519973   24.0   2.902   2.922 |    0.000   0.000   0.000  -0.000 |  -12.226  -7.570   1.205
 196B   0.00000001 0.11  0.039  -180.519973   24.0   2.902   2.922 |    0.000   0.000   0.000   0.000 |  -12.226  -7.570   1.228
 197B   0.00000000 0.13  0.039  -180.519973   24.0   2.902   2.922 |    0.000   0.000   0.000  -0.000 |  -12.226  -7.570   0.910
 198B   0.00000000 0.14  0.039  -180.519973   24.0   2.902   2.922 |    0.000   0.000   0.000  -0.000 |  -12.226  -7.570   0.956
 199B   0.00000000 0.10  0.039  -180.519973   24.0   2.902   2.922 |    0.000   0.000   0.000  -0.000 |  -12.226  -7.570   0.987
 200B   0.00000001 0.10  0.039  -180.519973   24.0   2.902   2.922 |    0.000   0.000   0.000  -0.000 |  -12.226  -7.570   1.197
 201B   0.00000001 0.10  0.039  -180.519973   24.0   2.902   2.922 |    0.000   0.000   0.000  -0.000 |  -12.226  -7.570   0.793
 202B   0.00000001 0.10  0.039  -180.519973   24.0   2.902   2.922 |    0.000   0.000   0.000   0.000 |  -12.226  -7.570   1.140
 203B   0.00000001 0.10  0.039  -180.519973   24.0   2.902   2.922 |    0.000   0.000   0.000   0.000 |  -12.226  -7.570   1.150
 204B   0.00000001 0.11  0.039  -180.519973   24.0   2.902   2.922 |    0.000   0.000   0.000   0.000 |  -12.226  -7.570   0.994
 205B   0.00000001 0.13  0.039  -180.519973   24.0   2.902   2.922 |    0.000  -0.000   0.000   0.000 |  -12.226  -7.570   0.990
 206B   0.00000001 0.14  0.039  -180.519973   24.0   2.902   2.922 |    0.000  -0.000   0.000   0.000 |  -12.226  -7.570   1.199
 207B   0.00000002 0.10  0.039  -180.519973   24.0   2.902   2.922 |    0.000   0.000   0.000   0.000 |  -12.226  -7.570   1.124
 208B   0.00000000 0.11  0.039  -180.519973   24.0   2.902   2.922 |    0.000  -0.000   0.000   0.000 |  -12.226  -7.570   0.827
 209B   0.00000001 0.10  0.039  -180.519973   24.0   2.902   2.922 |    0.000  -0.000   0.000  -0.000 |  -12.226  -7.570   1.168
 210B   0.00000000 0.11  0.039  -180.519973   24.0   2.902   2.922 |    0.000  -0.000   0.000   0.000 |  -12.226  -7.570   1.085
 211B   0.00000000 0.13  0.039  -180.519973   24.0   2.902   2.922 |    0.000  -0.000   0.000   0.000 |  -12.226  -7.570   1.068
 212B   0.00000000 0.10  0.039  -180.519973   24.0   2.902   2.922 |    0.000  -0.000   0.000   0.000 |  -12.226  -7.570   1.313
 213B   0.00000000 0.11  0.039  -180.519973   24.0   2.902   2.922 |    0.000   0.000   0.000  -0.000 |  -12.226  -7.570   1.251
 214B   0.00000000 0.10  0.039  -180.519973   24.0   2.902   2.922 |    0.000  -0.000   0.000  -0.000 |  -12.226  -7.570   1.091
 215B   0.00000000 0.10  0.039  -180.519973   24.0   2.902   2.922 |    0.000  -0.000   0.000  -0.000 |  -12.226  -7.570   1.060
 216B   0.00000000 0.11  0.039  -180.519973   24.0   2.902   2.922 |    0.000  -0.000   0.000   0.000 |  -12.226  -7.570   1.261
 217B   0.00000000 0.13  0.039  -180.519973   24.0   2.902   2.922 |    0.000  -0.000   0.000  -0.000 |  -12.226  -7.570   1.322
 218B   0.00000000 0.14  0.039  -180.519973   24.0   2.902   2.922 |    0.000  -0.000   0.000  -0.000 |  -12.226  -7.570   1.092
 219B   0.00000000 0.16  0.039  -180.519973   24.0   2.902   2.922 |    0.000  -0.000   0.000  -0.000 |  -12.226  -7.570   1.084
 220B   0.00000000 0.18  0.039  -180.519973   24.0   2.902   2.922 |    0.000  -0.000   0.000  -0.000 |  -12.226  -7.570   1.215
 221B   0.00000000 0.21  0.039  -180.519973   24.0   2.902   2.922 |    0.000  -0.000   0.000   0.000 |  -12.226  -7.570   1.430
 222B   0.00000000 0.10  0.039  -180.519973   24.0   2.902   2.922 |    0.000   0.000   0.000   0.000 |  -12.226  -7.570   1.222
 223B   0.00000000 0.11  0.039  -180.519973   24.0   2.902   2.922 |    0.000  -0.000   0.000  -0.000 |  -12.226  -7.570   0.788
  ----------------------------------------------------------------------------------------------------------------------------------
  *   iteration converged   after 223 steps   si=     0.0000000005 ho=  0 tho=  0
  ----------------------------------------------------------------------------------------------------------------------------------
  Total CPU time=   5.507 minutes

  Writing to wel_file: s012_012.hel
 __________________________________  
  The tape s012_012.hel recorded:     
  nucname,npr,ngh,ngl,n00,nb,nt      
  b0,beta0,si,etot,rms,bet,xmix      
  pairing:     CpV0,CpV1,pwi         
  delta:       del,ept               
  lambda:      ala,ala2,alast,tz     
  asymptotic:  varmas,ass,skass      
  ntx,nb,nhhdim,id,N_rz,n_r,n_z      
  Omega2,Sigma2,Parity,Lambda        
  matrices(inbro):    hh,de          
  *all blocking candidates           
 __________________________________  


  NB! From expect (UNPROJECTED RESULTS)

  pairing: CpV0,CpV1,...           0.100000       0.100000       1.000000       1.000000
  forces:   UNE1                          


                             neutrons         protons         total
  Requested part.numbs.      12.000000      12.000000      24.000000
  UnPj(av) part.numbs .      12.000000      12.000000      24.000000
  b0, bz, bp ..........       1.559284       1.564210       1.556827

  lambda (ala) ........     -12.226451      -7.569536
  Lambda (alast) ......     -12.226451      -7.569536
  delta(n,p), pwi .....      -0.000000      -0.000000      60.000000
  pairing energy ......       0.000000       0.000000       0.000000

  rms-radius ..........       2.902360       2.921557       2.911974
  charge-radius, r0 ...                      3.029108       3.461399
  deformation beta2....       0.038806       0.038596       0.038700
  dipole moment[fm] ...       0.000000       0.000000       0.000000
  quadrupole moment[b]        0.049487       0.049873       0.099360
  octupole moment .....       0.000000       0.000000       0.000000
  hexadecapole moment .      -0.000048      -0.000053      -0.000102
  q5 ..................       0.000000       0.000000       0.000000
  q6 ..................      -0.000000      -0.000000      -0.000000
  q7 ..................       0.000000       0.000000       0.000000
  q8 ..................       0.000000       0.000000       0.000000

  <r^0> [fm^0] ........            1.000000            1.000000            1.000000
  <r^2> [fm^2] ........            8.423694            8.535492            8.479593
  <r^4> [fm^4] ........          101.802895          104.915206          103.359051
  <r^6> [fm^6] ........         1592.359524         1675.576013         1633.967769
  <r^8> [fm^8] ........        30700.689756        33077.134834        31888.912295

  kinetic energy ......     210.733044     207.975694     418.708738
  volume energy .......                                  -659.256725
        rho_tau .......                                    -1.839505
        rho_rho .......                                  -657.417220
  surface energy ......                                    51.621073
   rho_DELTA_rho ......                                    51.621073
   (NABLA_rho)^2 ......                                     0.000000
  spin-orbit energy ...                                   -20.836720
        rho_NABLA_J ...                                   -20.836720
        NABLA_rho_J ...                                     0.000000
  coulomb energy ......                                    29.243660
          direct ......                                    33.682359
          exchange ....                                    -4.438699
  tensor energy .......                                     0.000000
  direct Hartree E  ...                                     0.000000
  Extra E .............                                     0.000000
  External field E ....                                     0.000000
  Entropy .............       3.670307       3.668756       7.339064

  tEnergy: ehfb (qp)...                                  -180.519973

  Calculated but not added corrections 
====================================
  cmc-diagonal part ...       0.000000       0.000000       0.000000
  cmc-hfb .............       0.000000       0.000000       0.000000
  cranking rot corr ...       0.000000       0.000000       0.000000

  SQUJ ................       0.000000       0.000000       0.000000
  CRAN x 4 ............       0.000000       0.000000       0.000000
  Rigit Body ..........       0.000000       0.000000       0.000000


   Blocking candidates are:
   neutron eqpmin=   4.8611998581629939E-003  pwiblo=   5.1031036307982882     
    num=   1 block=   5 state=   1    56 Eqp=   0.00486120  (1-2N)E=  -0.00486120  Ovlp=   0.97430022  5+[ 2, 0, 2]
    num=   2 block=   3 state=   1    32 Eqp=   0.04239028  (1-2N)E=  -0.04239028  Ovlp=   0.87977236  3+[ 2, 1, 1]
    num=   3 block=   1 state=   1     1 Eqp=   0.06201221  (1-2N)E=  -0.06201221  Ovlp=   0.64874012  1+[ 2, 2, 0]
    num=   4 block=   1 state=   2     2 Eqp=   1.97455169  (1-2N)E=   1.97455169  Ovlp=   0.79828824  1+[ 2, 0, 0]

   Blocking candidates are:
   proton  eqpmin=   4.6980990307572325E-003  pwiblo=   5.1031036307982882     
    num=   1 block=   5 state=   1    54 Eqp=   0.00469810  (1-2N)E=  -0.00469810  Ovlp=   0.97098412  5+[ 2, 0, 2]
    num=   2 block=   3 state=   1    31 Eqp=   0.04248546  (1-2N)E=  -0.04248546  Ovlp=   0.87687226  3+[ 2, 1, 1]
    num=   3 block=   1 state=   1     1 Eqp=   0.06213126  (1-2N)E=  -0.06213126  Ovlp=   0.64609713  1+[ 2, 2, 0]
    num=   4 block=   1 state=   2     2 Eqp=   1.93634737  (1-2N)E=   1.93634737  Ovlp=   0.79133049  1+[ 2, 0, 0]



 HFBTHO_SOLVER ended without errors

