No Skyrme interaction defined in routine skforce()
Multi-threading framework with OpenMP: 1 threads/task

  =======================================
           FORTRAN 95 CODE (KIND= 8) 
               Version: 200d  
  =======================================
       AXIALLY DEFORMED CONFIGURATIONAL  
     HARTREE-FOCK-BOGOLIUBOV CALCULATIONS
                     WITH                
            UNEDF AND DELTA PAIRING      
                     USING               
             HARMONIC-OSCILLATOR         
                   AND/OR                
       TRANSFORMED HARMONIC-OSCILLATOR   
                    BASIS                
                     ---                 
               v1.66  (2005):,           
   Stoitsov,Dobaczewski,Nazarewicz,Ring, 
               v2.00d (2012):,           
         Stoitsov,Schunck,Kortelainen    
  =======================================
    Nucleus: GD (A= 156, N= 92, Z= 64)
       Reflection Symmetry Imposed       
            ( 7/15/2023,  8: 8)                               
  =======================================


  ---------------------------------------
           UNEDF Module Version:17
         M.Kortelainen & M.Stoitsov 
  ---------------------------------------

  UNE1 functional
  ----------------------------------
  Crho(0)=   -770.570507645696694    ; Crho(1)=    256.863106641091576    
  CDrho(0)=   897.731563535191867    ; CDrho(1)=  -132.313475898624148    
  Ctau(0)=   -5.23922605048186529    ; Ctau(1)=   -37.9246256939022430    
  CrDr(0)=   -44.0732296890623729    ; CrDr(1)=   -129.750580424954592    
  CrdJ(0)=   -73.4622142946953716    ; CrdJ(1)=   -30.0648495902364132    
  CJ(0)=      0.00000000000000000    ; CJ(1)=      0.00000000000000000    
  CpV0(0)=   0.100000000000000006    ; CpV0(1)=   0.100000000000000006    
  CpV1(0)=    1.00000000000000000    ; CpV1(1)=    1.00000000000000000    
  sigma=     0.278136743020452659    ; hbzero=     20.7355300000000007    
  e^2 chrg=   1.43997840859651305    ; CExPar=     1.00000000000000000    
  c.m. correction: F, chr. density in direct Coul: F
  use tensor terms: F
  use TMR pairing:  0

  Coupling constants in natural units
  -----------------------------------
  Crho_nu(0)=  -0.867754799524782072    ; Crho_nu(1)=   0.289258661468443368    
  CDrho_nu(0)=  0.946225818106098404    ; CDrho_nu(1)= -0.139460872340965936    
  Ctau_nu(0)=  -0.742666249274792911E-01; Ctau_nu(1)=  -0.537585880965192997    
  CrDr_nu(0)=  -0.624743041648145425    ; CrDr_nu(1)=   -1.83922922922109455    
  CrdJ_nu(0)=   -1.04133523974680697    ; CrdJ_nu(1)=  -0.426172661096348271    
  CJ_nu(0)=      0.00000000000000000    ; CJ_nu(1)=      0.00000000000000000    
  CpV0_nu(0)=   0.112611992142809880E-03; CpV0_nu(1)=   0.112611992142809880E-03
  CpV1_nu(0)=   0.887702254206059068E-03; CpV1_nu(1)=   0.887702254206059068E-03
  fpi_nu=        93.0000000000000000    ; Lambda_nu=     700.000000000000000    

  Nuclear matter properties
  ----------------------------------
      E_NM=     -15.7999999999999847      K_NM=     220.0000000000000000
      P_NM=       0.0000000000000027    RHO_NM=       0.1584969224077794
    ASS_NM=      29.2502497417516345   LASS_NM=      42.8566970862333960
  SMASS_NM=       0.9599527378948095  VMASS_NM=       1.2498385742322700

  Associated (t,x)-coupling constants
  -----------------------------------
  t0=      -2054.85468705519088    ; x0=       0.122067204696429954E-04
  t1=       228.071590274356822    ; x1=       -4.71865516373352545    
  t2=       1431.38906754047321    ; x2=       -1.38414284156691481    
  t3=       14363.7050165630699    ; x3=      -0.278920312140550020    
  b4=       43.3973647044589583    ; b4p=       60.1296991804728265    
  te=      -426.075559574841407    ; to=       -185.412064121618101    
  sigma=   0.278136743020452659    ; hbzero=    20.7355300000000007    

  ---------------------------------------
        Characteristics of the run       
  ---------------------------------------
  Output file ................:     7
  Nucleus ....................:   GD 156
  Number of HO shells ........:    10
  HO length b0 (fm) ..........:     2.13015292605643
  Basis deformation ..........:  beta0=   0.010 q=   1.010
  HO: b0,1/b0,bp,bz,q ........:   0.21301529E+01  0.46944986E+00  0.21267964E+01  0.21368819E+01  0.10095067E+01
  h**2/(2m), cmc, e**2 .......:   0.20735530E+02  0.20735530E+02  0.14399784E+01
  hom=f*41.0_pr*A^{-1/3}, f...:   0.91395238E+01  0.12000000E+01
  THO basis is ...............:  OFF
  Maximal number of iterations:   400
  Initial mixing parameter ...:  0.300
  Initial w.f. ...............:  from   spherical scratch
  Skyrme functional ..........:    UNE1                          
    with direct and exchange Coulomb
  Lipkin-Nogami procedure is .:  OFF
  PAV procedure is ...........:  OFF
  Constraint calculation is ..:   ON
    Constraint 1 .............: lambda=2 Ql=   1.205
  Temperature T ..............:   0.05 MeV
  Restart indicator ..........:   1
  Broyden mixing (#iterations):   7

  ---------------------------------------
        Harmonic Oscillator Basis        
  ---------------------------------------
  NUV, NQP:                        6222     286
  Comparison with bookkeeping spherical basis:
  n00:                               10      10  Maximal number of shells
  nbx, 2*n00+1:                      21      21  Maximal number of K-blocks
  ntx, (n00+1)*(n00+2)*(n00+3)/6    286     286  Max.num. p/n levels
  nzx, n00:                          10      10  Maximal nz-quantum number
  nrx, n00/2  :                       5       5  Maximal nr-quantum number
  nlx, n00:                          10      10  Maximal ml-quantum number
  ndx, (n00+2)*(n00+2)/4:            36      36  Maximal dim. of one k-block

  Actual basis used
  Number of blocks: nb .......:   21
  Number of levels: nt .......:  286
  Maximal 2*omega : nom ......:   21
  Maximal nz:       nzm ......:   10
  Maximal nr:       nrm ......:    5
  Maximal ml:       nlm ......:   10
  Maximal N=nz+2*nr+nl .......:   10
  2 x biggest block dim. .....:   72
  Non-zero elements of h .....:     3254
  Number of Broyden elements .:    13016

  ---------------------------------------
            Integration Meshes           
  ---------------------------------------
  Number of Gauss-Hermite mesh points ngh ....:  40
  Number of Gauss-Laguerre mesh points ngl ...:  40
  Number of Gauss-Legendre mesh points nleg ..:  80
  Integration boundaries
    Hermite  - from xh(1)  =  0.12379686 to xh(ngh)   = 11.88786356
    Laguerre - From xl(1)  =  0.03570039 to xl(ngl)   =142.28004447
    Legendre - From xleg(1)=  0.00978669 to xleg(nleg)=  0.99988775
  Max.dev.in:     Orthogonality            Normalization
  Hermite     1.5248282503475657E-015   1.0991207943789050E-014
  Laguerre    4.8291451697098846E-015   9.3258734068513149E-015

  Scratch initialization for the nucleus: GD  92  64


  Initial potentials of Saxon-Woods shape 
  v0ws   =  -71.27999878
  kappa  =    0.46160001
  vs0    =   11.11750031   11.11750031
  r0     =    1.23339999    1.23339999
  a      =    0.61500001    0.61500001
  r0-so  =    1.14429998    1.14429998
  a-so   =    0.64760000    0.64760000
  beta00 =    0.01000000

  ### REGULAR STAGE (reflection symmetry imposed)
  |HFB+HO> iterations(b0=  2.130, Nsh= 10, inin=  1, N= 92, Z= 64)...
  ----------------------------------------------------------------------------------------------------------------------------------
  i          si     mix   beta      Etot       A       rn      rp         En      Dn      Ep      Dp        Ln      Lp     time
  ----------------------------------------------------------------------------------------------------------------------------------
   1L  69.94764065 0.30  0.010     0.000000    0.0   0.000   0.000 |   -2.000   1.000  -2.000   1.000 |   -7.000  -7.000   0.000
   2B  38.16591615 0.10  0.020 -1017.708552  156.0   4.803   4.551 |    0.001  -0.000   0.000  -0.000 |  -14.218 -26.849  24.106
   3B  21.50245031 0.11  0.028  -989.804220  156.0   4.944   4.956 |    0.000  -0.000   0.000  -0.000 |   -5.628 -12.047   2.896
   4B  38.04221861 0.10  0.025  -317.425130  156.0   5.097   4.620 |    0.000  -0.000   0.000  -0.000 |   -6.041  -6.514   1.432
   5B  10.50563601 0.11  0.028 -1183.458396  156.0   5.095   4.925 |    0.000  -0.000   0.000  -0.000 |   -4.724  -6.637   2.066
   6B   5.25135384 0.13  0.029 -1242.602137  156.0   5.110   4.951 |    0.000  -0.000   0.000  -0.000 |   -4.382  -6.381   1.757
   7B   4.12509182 0.14  0.030 -1256.835308  156.0   5.115   4.958 |    0.000  -0.000   0.000  -0.000 |   -4.584  -6.391   1.475
   8B   3.21050997 0.16  0.032 -1258.214988  156.0   5.121   4.966 |    0.000  -0.000   0.000  -0.000 |   -4.888  -6.395   1.884
   9B   2.64913509 0.18  0.034 -1261.811834  156.0   5.129   4.976 |    0.000  -0.000   0.000  -0.000 |   -5.292  -7.054   1.505
  10B   1.63628072 0.21  0.038 -1262.682254  156.0   5.133   4.984 |    0.000  -0.000   0.000  -0.000 |   -5.454  -7.341   2.804
  11B   1.15814280 0.24  0.035 -1263.488813  156.0   5.131   4.987 |    0.000  -0.000   0.000  -0.000 |   -5.341  -6.945   2.616
  12B   0.70556649 0.27  0.035 -1263.759809  156.0   5.135   4.994 |    0.000  -0.000   0.000  -0.000 |   -5.449  -7.013   2.071
  13B   0.42461597 0.30  0.035 -1263.906564  156.0   5.136   4.994 |    0.000  -0.000   0.000  -0.000 |   -5.483  -7.038   1.388
  14B   0.24135953 0.34  0.034 -1263.950529  156.0   5.138   4.994 |    0.000  -0.000   0.000  -0.000 |   -5.526  -7.107   2.442
  15B   0.23135611 0.38  0.033 -1263.940213  156.0   5.139   4.995 |    0.000  -0.000   0.000  -0.000 |   -5.528  -7.121   1.694
  16B   0.22441581 0.43  0.032 -1263.926991  156.0   5.139   4.995 |    0.000  -0.000   0.000  -0.000 |   -5.527  -7.130   1.456
  17B   0.22739659 0.10  0.030 -1263.898245  156.0   5.139   4.995 |    0.000  -0.000   0.000  -0.000 |   -5.516  -7.134   1.318
  18B   0.22164080 0.11  0.030 -1263.887662  156.0   5.139   4.995 |    0.000  -0.000   0.000  -0.000 |   -5.517  -7.141   1.571
  19B   0.22422457 0.10  0.029 -1263.881961  156.0   5.139   4.996 |    0.000  -0.000   0.000  -0.000 |   -5.530  -7.162   1.876
  20B   0.20463353 0.11  0.026 -1263.825785  156.0   5.140   4.996 |    0.000  -0.000   0.000  -0.000 |   -5.513  -7.185   1.724
  21B   0.17872025 0.13  0.020 -1263.708249  156.0   5.140   4.996 |    0.000  -0.000   0.000  -0.000 |   -5.490  -7.198   1.521
  22B   0.34559287 0.10  0.015 -1263.574024  156.0   5.140   4.997 |    0.000  -0.000   0.000  -0.000 |   -5.483  -7.228   1.490
  23B   0.29042375 0.11  0.011 -1263.541762  156.0   5.140   4.997 |    0.000   0.000   0.000   0.000 |   -5.493  -7.248   1.788
  24B   0.24279396 0.13  0.011 -1263.568234  156.0   5.140   4.996 |    0.000   0.000   0.000   0.000 |   -5.492  -7.249   1.872
  25B   0.22738180 0.14  0.011 -1263.588722  156.0   5.140   4.997 |    0.000   0.000   0.000   0.000 |   -5.493  -7.245   1.593
  26B   0.15791796 0.16  0.016 -1263.663740  156.0   5.140   4.997 |    0.000  -0.000   0.000  -0.000 |   -5.497  -7.238   2.582
  27B   0.12878425 0.18  0.016 -1263.664625  156.0   5.140   4.997 |    0.000  -0.000   0.000  -0.000 |   -5.497  -7.229   1.635
  28B   0.13588645 0.10  0.019 -1263.725325  156.0   5.140   4.997 |    0.000  -0.000   0.000  -0.000 |   -5.506  -7.224   1.687
  29B   0.11583251 0.11  0.020 -1263.736015  156.0   5.140   4.997 |    0.000  -0.000   0.000  -0.000 |   -5.512  -7.228   1.348
  30B   0.12122465 0.10  0.022 -1263.782984  156.0   5.140   4.997 |    0.000  -0.000   0.000  -0.000 |   -5.520  -7.218   1.531
  31B   0.14496568 0.10  0.020 -1263.744974  156.0   5.140   4.997 |    0.000  -0.000   0.000  -0.000 |   -5.513  -7.226   1.378
  32B   0.14686807 0.10  0.020 -1263.748470  156.0   5.140   4.997 |    0.000  -0.000   0.000  -0.000 |   -5.515  -7.224   1.577
  33B   0.11408502 0.11  0.019 -1263.728606  156.0   5.140   4.997 |    0.000  -0.000   0.000  -0.000 |   -5.509  -7.229   1.431
  34B   0.07932129 0.13  0.020 -1263.747871  156.0   5.140   4.997 |    0.000  -0.000   0.000  -0.000 |   -5.513  -7.223   1.317
  35B   0.08452850 0.10  0.022 -1263.813751  156.0   5.141   4.997 |    0.000  -0.000   0.000  -0.000 |   -5.529  -7.211   1.528
  36B   0.08439852 0.11  0.022 -1263.805012  156.0   5.141   4.997 |    0.000  -0.000   0.000  -0.000 |   -5.527  -7.217   1.580
  37B   0.07212616 0.13  0.022 -1263.805681  156.0   5.141   4.997 |    0.000  -0.000   0.000  -0.000 |   -5.527  -7.215   1.404
  38B   0.07259883 0.10  0.022 -1263.811278  156.0   5.141   4.997 |    0.000  -0.000   0.000  -0.000 |   -5.528  -7.213   1.628
  39B   0.06648821 0.11  0.023 -1263.841564  156.0   5.141   4.997 |    0.000   0.000   0.000   0.000 |   -5.537  -7.208   2.313
  40B   0.06438665 0.13  0.023 -1263.859283  156.0   5.141   4.997 |    0.000   0.000   0.000   0.000 |   -5.543  -7.206   1.925
  41B   0.04241593 0.14  0.024 -1263.908654  156.0   5.141   4.998 |    0.000   0.000   0.000   0.000 |   -5.561  -7.192   2.526
  42B   0.04042139 0.16  0.024 -1263.920642  156.0   5.141   4.998 |    0.000   0.000   0.000   0.000 |   -5.569  -7.182   2.734
  43B   0.05541893 0.10  0.023 -1263.902255  156.0   5.141   4.998 |    0.000   0.000   0.000   0.000 |   -5.564  -7.183   1.636
  44B   0.04069924 0.11  0.022 -1263.897093  156.0   5.142   4.998 |    0.000  -0.000   0.000  -0.000 |   -5.572  -7.167   1.490
  45B   0.05594976 0.10  0.022 -1263.912689  156.0   5.142   4.999 |    0.000  -0.000   0.000  -0.000 |   -5.586  -7.153   2.181
  46B   0.03256890 0.11  0.022 -1263.913054  156.0   5.142   4.999 |    0.000  -0.000   0.000  -0.000 |   -5.587  -7.149   1.484
  47B   0.02998565 0.13  0.022 -1263.919927  156.0   5.142   4.999 |    0.000  -0.000   0.000  -0.000 |   -5.594  -7.141   1.587
  48B   0.02930765 0.14  0.022 -1263.921975  156.0   5.142   4.999 |    0.000  -0.000   0.000  -0.000 |   -5.594  -7.141   2.332
  49B   0.02325884 0.16  0.022 -1263.926284  156.0   5.142   4.999 |    0.000   0.000   0.000   0.000 |   -5.592  -7.143   2.462
  50B   0.01876564 0.18  0.023 -1263.932197  156.0   5.142   4.999 |    0.000   0.000   0.000   0.000 |   -5.593  -7.143   3.025
  51B   0.02417175 0.10  0.023 -1263.928911  156.0   5.142   4.999 |    0.000   0.000   0.000   0.000 |   -5.594  -7.140   2.260
  52B   0.02594813 0.10  0.022 -1263.928812  156.0   5.142   4.999 |    0.000  -0.000   0.000  -0.000 |   -5.594  -7.140   3.579
  53B   0.02575859 0.11  0.023 -1263.928127  156.0   5.142   4.999 |    0.000  -0.000   0.000  -0.000 |   -5.592  -7.142   3.121
  54B   0.02573378 0.13  0.022 -1263.928041  156.0   5.142   4.999 |    0.000  -0.000   0.000  -0.000 |   -5.592  -7.142   2.003
  55B   0.02564037 0.14  0.022 -1263.927746  156.0   5.142   4.999 |    0.000   0.000   0.000   0.000 |   -5.592  -7.142   2.184
  56B   0.02352588 0.16  0.023 -1263.928424  156.0   5.142   4.999 |    0.000   0.000   0.000   0.000 |   -5.593  -7.141   1.794
  57B   0.02332562 0.18  0.023 -1263.935477  156.0   5.142   4.999 |    0.000   0.000   0.000   0.000 |   -5.595  -7.140   2.068
  58B   0.02716151 0.10  0.023 -1263.940086  156.0   5.142   4.999 |    0.000   0.000   0.000   0.000 |   -5.596  -7.138   1.478
  59B   0.02402961 0.11  0.023 -1263.936690  156.0   5.142   4.999 |    0.000   0.000   0.000   0.000 |   -5.596  -7.139   1.856
  60B   0.02275108 0.13  0.023 -1263.934721  156.0   5.142   4.999 |    0.000  -0.000   0.000  -0.000 |   -5.594  -7.141   1.960
  61B   0.02637025 0.10  0.023 -1263.936059  156.0   5.142   4.999 |    0.000  -0.000   0.000  -0.000 |   -5.594  -7.142   2.086
  62B   0.02567736 0.11  0.023 -1263.934911  156.0   5.142   4.999 |    0.000  -0.000   0.000  -0.000 |   -5.594  -7.141   1.887
  63B   0.02664349 0.10  0.023 -1263.940466  156.0   5.142   4.999 |    0.000   0.000   0.000   0.000 |   -5.596  -7.141   3.290
  64B   0.03323954 0.10  0.023 -1263.946335  156.0   5.142   4.999 |    0.000   0.000   0.000   0.000 |   -5.598  -7.137   2.351
  65B   0.02709071 0.11  0.024 -1263.948596  156.0   5.142   4.999 |    0.000   0.000   0.000   0.000 |   -5.599  -7.137   3.094
  66B   0.02503316 0.13  0.024 -1263.950918  156.0   5.142   4.999 |    0.000   0.000   0.000   0.000 |   -5.600  -7.136   1.194
  67B   0.03843942 0.10  0.024 -1263.959202  156.0   5.142   4.999 |    0.000   0.000   0.000   0.000 |   -5.601  -7.134   1.458
  68B   0.01738566 0.11  0.024 -1263.967943  156.0   5.142   4.999 |    0.000   0.000   0.000   0.000 |   -5.604  -7.134   1.941
  69B   0.02393036 0.10  0.025 -1263.974517  156.0   5.143   4.999 |    0.000   0.000   0.000   0.000 |   -5.604  -7.132   2.477
  70B   0.02302049 0.11  0.025 -1263.972117  156.0   5.142   4.999 |    0.000  -0.000   0.000  -0.000 |   -5.603  -7.133   2.135
  71B   0.02360846 0.10  0.025 -1263.975743  156.0   5.142   4.999 |    0.000   0.000   0.000   0.000 |   -5.605  -7.133   3.181
  72B   0.01525057 0.11  0.024 -1263.968319  156.0   5.142   4.999 |    0.000   0.000   0.000   0.000 |   -5.602  -7.134   1.822
  73B   0.00982042 0.13  0.024 -1263.961029  156.0   5.142   4.999 |    0.000   0.000   0.000   0.000 |   -5.600  -7.135   1.613
  74B   0.01390597 0.10  0.024 -1263.966271  156.0   5.142   4.999 |    0.000   0.000   0.000   0.000 |   -5.601  -7.134   1.696
  75B   0.01342532 0.11  0.024 -1263.952131  156.0   5.142   4.999 |    0.000   0.000   0.000   0.000 |   -5.598  -7.136   1.645
  76B   0.01214669 0.13  0.024 -1263.957814  156.0   5.142   4.999 |    0.000   0.000   0.000   0.000 |   -5.599  -7.135   2.646
  77B   0.00726229 0.14  0.024 -1263.954008  156.0   5.142   4.999 |    0.000   0.000   0.000   0.000 |   -5.598  -7.136   1.873
  78B   0.00513868 0.16  0.024 -1263.951605  156.0   5.142   4.999 |    0.000   0.000   0.000   0.000 |   -5.598  -7.137   1.615
  79B   0.00663513 0.10  0.024 -1263.951208  156.0   5.142   4.999 |    0.000   0.000   0.000   0.000 |   -5.598  -7.136   2.412
  80B   0.00740812 0.10  0.024 -1263.949995  156.0   5.142   4.999 |    0.000   0.000   0.000   0.000 |   -5.597  -7.136   2.236
  81B   0.00666000 0.11  0.024 -1263.949980  156.0   5.142   4.999 |    0.000   0.000   0.000   0.000 |   -5.597  -7.137   1.634
  82B   0.00643279 0.13  0.023 -1263.948013  156.0   5.142   4.999 |    0.000  -0.000   0.000  -0.000 |   -5.597  -7.137   1.153
  83B   0.00291173 0.14  0.024 -1263.948853  156.0   5.142   4.999 |    0.000  -0.000   0.000  -0.000 |   -5.597  -7.137   1.896
  84B   0.00138035 0.16  0.024 -1263.950541  156.0   5.142   4.999 |    0.000   0.000   0.000   0.000 |   -5.598  -7.136   1.941
  85B   0.00330966 0.10  0.024 -1263.951365  156.0   5.142   4.999 |    0.000   0.000   0.000   0.000 |   -5.598  -7.136   1.905
  86B   0.00164177 0.11  0.024 -1263.951039  156.0   5.142   4.999 |    0.000   0.000   0.000   0.000 |   -5.598  -7.136   1.500
  87B   0.00115427 0.13  0.024 -1263.951348  156.0   5.142   4.999 |    0.000   0.000   0.000   0.000 |   -5.598  -7.136   1.995
  88B   0.00153984 0.10  0.024 -1263.952105  156.0   5.142   4.999 |    0.000   0.000   0.000   0.000 |   -5.598  -7.136   1.753
  89B   0.00043697 0.11  0.024 -1263.952470  156.0   5.142   4.999 |    0.000   0.000   0.000   0.000 |   -5.598  -7.136   2.247
  90B   0.00044462 0.10  0.024 -1263.952483  156.0   5.142   4.999 |    0.000   0.000   0.000   0.000 |   -5.598  -7.136   3.481
  91B   0.00029253 0.11  0.024 -1263.952216  156.0   5.142   4.999 |    0.000   0.000   0.000   0.000 |   -5.598  -7.136   2.319
  92B   0.00026510 0.13  0.024 -1263.952156  156.0   5.142   4.999 |    0.000   0.000   0.000   0.000 |   -5.598  -7.136   3.496
  93B   0.00030997 0.10  0.024 -1263.952266  156.0   5.142   4.999 |    0.000   0.000   0.000   0.000 |   -5.598  -7.136   1.419
  94B   0.00029747 0.11  0.024 -1263.952164  156.0   5.142   4.999 |    0.000   0.000   0.000   0.000 |   -5.598  -7.136   2.002
  95B   0.00032217 0.10  0.024 -1263.952267  156.0   5.142   4.999 |    0.000   0.000   0.000   0.000 |   -5.598  -7.136   2.257
  96B   0.00032821 0.10  0.024 -1263.952223  156.0   5.142   4.999 |    0.000   0.000   0.000   0.000 |   -5.598  -7.136   1.846
  97B   0.00038687 0.10  0.024 -1263.952178  156.0   5.142   4.999 |    0.000   0.000   0.000   0.000 |   -5.598  -7.136   2.191
  98B   0.00036654 0.11  0.024 -1263.952220  156.0   5.142   4.999 |    0.000   0.000   0.000   0.000 |   -5.598  -7.136   3.094
  99B   0.00035591 0.13  0.024 -1263.952120  156.0   5.142   4.999 |    0.000   0.000   0.000   0.000 |   -5.598  -7.136   1.326
 100B   0.00034153 0.14  0.024 -1263.952075  156.0   5.142   4.999 |    0.000   0.000   0.000   0.000 |   -5.598  -7.136   1.629
 101B   0.00035903 0.10  0.024 -1263.952030  156.0   5.142   4.999 |    0.000   0.000   0.000   0.000 |   -5.598  -7.136   1.640
 102B   0.00030536 0.11  0.024 -1263.951961  156.0   5.142   4.999 |    0.000   0.000   0.000   0.000 |   -5.598  -7.136   2.626
 103B   0.00027702 0.13  0.024 -1263.951821  156.0   5.142   4.999 |    0.000  -0.000   0.000  -0.000 |   -5.598  -7.136   1.463
 104B   0.00031544 0.10  0.024 -1263.952029  156.0   5.142   4.999 |    0.000   0.000   0.000   0.000 |   -5.598  -7.136   1.448
 105B   0.00026426 0.11  0.024 -1263.951848  156.0   5.142   4.999 |    0.000   0.000   0.000   0.000 |   -5.598  -7.136   1.284
 106B   0.00026921 0.10  0.024 -1263.951962  156.0   5.142   4.999 |    0.000   0.000   0.000   0.000 |   -5.598  -7.136   1.428
 107B   0.00037574 0.10  0.024 -1263.951858  156.0   5.142   4.999 |    0.000  -0.000   0.000  -0.000 |   -5.598  -7.136   1.676
 108B   0.00026516 0.11  0.024 -1263.951887  156.0   5.142   4.999 |    0.000   0.000   0.000  -0.000 |   -5.598  -7.136   2.090
 109B   0.00029652 0.10  0.024 -1263.951965  156.0   5.142   4.999 |    0.000   0.000   0.000   0.000 |   -5.598  -7.136   1.919
 110B   0.00022923 0.11  0.024 -1263.952070  156.0   5.142   4.999 |    0.000   0.000   0.000   0.000 |   -5.598  -7.136   2.317
 111B   0.00022361 0.13  0.024 -1263.952122  156.0   5.142   4.999 |    0.000   0.000   0.000   0.000 |   -5.598  -7.136   1.585
 112B   0.00015494 0.14  0.024 -1263.952239  156.0   5.142   4.999 |    0.000   0.000   0.000   0.000 |   -5.598  -7.136   3.181
 113B   0.00020511 0.10  0.024 -1263.952301  156.0   5.142   4.999 |    0.000  -0.000   0.000  -0.000 |   -5.598  -7.136   2.162
 114B   0.00015002 0.11  0.024 -1263.952243  156.0   5.142   4.999 |    0.000  -0.000   0.000  -0.000 |   -5.598  -7.136   1.953
 115B   0.00011478 0.13  0.024 -1263.952203  156.0   5.142   4.999 |    0.000  -0.000   0.000  -0.000 |   -5.598  -7.136   1.661
 116B   0.00015409 0.10  0.024 -1263.952250  156.0   5.142   4.999 |    0.000   0.000   0.000   0.000 |   -5.598  -7.136   2.334
 117B   0.00015521 0.10  0.024 -1263.952246  156.0   5.142   4.999 |    0.000   0.000   0.000   0.000 |   -5.598  -7.136   1.888
 118B   0.00012996 0.11  0.024 -1263.952218  156.0   5.142   4.999 |    0.000   0.000   0.000   0.000 |   -5.598  -7.136   1.661
 119B   0.00013994 0.10  0.024 -1263.952221  156.0   5.142   4.999 |    0.000   0.000   0.000   0.000 |   -5.598  -7.136   1.640
 120B   0.00014243 0.10  0.024 -1263.952229  156.0   5.142   4.999 |    0.000   0.000   0.000   0.000 |   -5.598  -7.136   1.535
 121B   0.00016686 0.10  0.024 -1263.952211  156.0   5.142   4.999 |    0.000   0.000   0.000   0.000 |   -5.598  -7.136   2.375
 122B   0.00016769 0.10  0.024 -1263.952253  156.0   5.142   4.999 |    0.000   0.000   0.000   0.000 |   -5.598  -7.136   1.978
 123B   0.00016697 0.11  0.024 -1263.952255  156.0   5.142   4.999 |    0.000   0.000   0.000   0.000 |   -5.598  -7.136   1.743
 124B   0.00017210 0.10  0.024 -1263.952221  156.0   5.142   4.999 |    0.000   0.000   0.000   0.000 |   -5.598  -7.136   1.735
 125B   0.00024274 0.10  0.024 -1263.952200  156.0   5.142   4.999 |    0.000   0.000   0.000   0.000 |   -5.598  -7.136   1.674
 126B   0.00013744 0.11  0.024 -1263.952147  156.0   5.142   4.999 |    0.000   0.000   0.000   0.000 |   -5.598  -7.136   1.883
 127B   0.00028662 0.10  0.024 -1263.952116  156.0   5.142   4.999 |    0.000  -0.000   0.000  -0.000 |   -5.598  -7.136   2.275
 128B   0.00022088 0.11  0.024 -1263.952042  156.0   5.142   4.999 |    0.000  -0.000   0.000  -0.000 |   -5.598  -7.136   2.312
 129B   0.00011141 0.13  0.024 -1263.952012  156.0   5.142   4.999 |    0.000  -0.000   0.000  -0.000 |   -5.598  -7.136   2.507
 130B   0.00011511 0.10  0.024 -1263.952000  156.0   5.142   4.999 |    0.000  -0.000   0.000  -0.000 |   -5.598  -7.136   1.212
 131B   0.00010089 0.11  0.024 -1263.952052  156.0   5.142   4.999 |    0.000  -0.000   0.000   0.000 |   -5.598  -7.136   1.436
 132B   0.00011458 0.10  0.024 -1263.952038  156.0   5.142   4.999 |    0.000  -0.000   0.000   0.000 |   -5.598  -7.136   1.442
 133B   0.00012899 0.10  0.024 -1263.952070  156.0   5.142   4.999 |    0.000   0.000   0.000   0.000 |   -5.598  -7.136   1.781
 134B   0.00015796 0.10  0.024 -1263.952076  156.0   5.142   4.999 |    0.000   0.000   0.000  -0.000 |   -5.598  -7.136   1.785
 135B   0.00011887 0.11  0.024 -1263.952110  156.0   5.142   4.999 |    0.000   0.000   0.000   0.000 |   -5.598  -7.136   2.077
 136B   0.00007145 0.13  0.024 -1263.952156  156.0   5.142   4.999 |    0.000   0.000   0.000   0.000 |   -5.598  -7.136   2.100
 137B   0.00009981 0.10  0.024 -1263.952152  156.0   5.142   4.999 |    0.000   0.000   0.000  -0.000 |   -5.598  -7.136   2.322
 138B   0.00007651 0.11  0.024 -1263.952193  156.0   5.142   4.999 |    0.000   0.000   0.000  -0.000 |   -5.598  -7.136   2.271
 139B   0.00007568 0.13  0.024 -1263.952191  156.0   5.142   4.999 |    0.000   0.000   0.000  -0.000 |   -5.598  -7.136   1.565
 140B   0.00006130 0.14  0.024 -1263.952174  156.0   5.142   4.999 |    0.000   0.000   0.000  -0.000 |   -5.598  -7.136   1.347
 141B   0.00004750 0.16  0.024 -1263.952138  156.0   5.142   4.999 |    0.000   0.000   0.000  -0.000 |   -5.598  -7.136   1.596
 142B   0.00004616 0.18  0.024 -1263.952124  156.0   5.142   4.999 |    0.000   0.000   0.000  -0.000 |   -5.598  -7.136   1.735
 143B   0.00004344 0.21  0.024 -1263.952119  156.0   5.142   4.999 |    0.000   0.000   0.000  -0.000 |   -5.598  -7.136   1.615
 144B   0.00005295 0.10  0.024 -1263.952109  156.0   5.142   4.999 |    0.000  -0.000   0.000   0.000 |   -5.598  -7.136   1.881
 145B   0.00007247 0.10  0.024 -1263.952121  156.0   5.142   4.999 |    0.000   0.000   0.000  -0.000 |   -5.598  -7.136   1.576
 146B   0.00004811 0.11  0.024 -1263.952148  156.0   5.142   4.999 |    0.000   0.000   0.000   0.000 |   -5.598  -7.136   1.551
 147B   0.00002062 0.13  0.024 -1263.952151  156.0   5.142   4.999 |    0.000   0.000   0.000   0.000 |   -5.598  -7.136   1.844
 148B   0.00003691 0.10  0.024 -1263.952130  156.0   5.142   4.999 |    0.000  -0.000   0.000  -0.000 |   -5.598  -7.136   2.124
 149B   0.00000977 0.11  0.024 -1263.952137  156.0   5.142   4.999 |    0.000  -0.000   0.000  -0.000 |   -5.598  -7.136   1.824
 150B   0.00001087 0.10  0.024 -1263.952143  156.0   5.142   4.999 |    0.000  -0.000   0.000  -0.000 |   -5.598  -7.136   1.796
 151B   0.00000830 0.11  0.024 -1263.952140  156.0   5.142   4.999 |    0.000   0.000   0.000   0.000 |   -5.598  -7.136   1.520
 152B   0.00000568 0.13  0.024 -1263.952137  156.0   5.142   4.999 |    0.000  -0.000   0.000   0.000 |   -5.598  -7.136   1.333
 153B   0.00000458 0.14  0.024 -1263.952135  156.0   5.142   4.999 |    0.000  -0.000   0.000  -0.000 |   -5.598  -7.136   1.430
 154B   0.00000448 0.16  0.024 -1263.952134  156.0   5.142   4.999 |    0.000  -0.000   0.000  -0.000 |   -5.598  -7.136   1.446
 155B   0.00000266 0.18  0.024 -1263.952132  156.0   5.142   4.999 |    0.000   0.000   0.000  -0.000 |   -5.598  -7.136   1.635
 156B   0.00000241 0.21  0.024 -1263.952131  156.0   5.142   4.999 |    0.000   0.000   0.000  -0.000 |   -5.598  -7.136   1.440
 157B   0.00000241 0.10  0.024 -1263.952130  156.0   5.142   4.999 |    0.000   0.000   0.000  -0.000 |   -5.598  -7.136   1.367
 158B   0.00000199 0.11  0.024 -1263.952132  156.0   5.142   4.999 |    0.000   0.000   0.000   0.000 |   -5.598  -7.136   1.402
 159B   0.00000216 0.10  0.024 -1263.952131  156.0   5.142   4.999 |    0.000   0.000   0.000  -0.000 |   -5.598  -7.136   1.336
 160B   0.00000215 0.11  0.024 -1263.952131  156.0   5.142   4.999 |    0.000  -0.000   0.000   0.000 |   -5.598  -7.136   2.044
 161B   0.00000262 0.10  0.024 -1263.952131  156.0   5.142   4.999 |    0.000   0.000   0.000   0.000 |   -5.598  -7.136   1.842
 162B   0.00000206 0.11  0.024 -1263.952131  156.0   5.142   4.999 |    0.000   0.000   0.000  -0.000 |   -5.598  -7.136   1.452
 163B   0.00000182 0.13  0.024 -1263.952131  156.0   5.142   4.999 |    0.000   0.000   0.000  -0.000 |   -5.598  -7.136   1.476
 164B   0.00000146 0.14  0.024 -1263.952131  156.0   5.142   4.999 |    0.000   0.000   0.000   0.000 |   -5.598  -7.136   1.719
 165B   0.00000169 0.10  0.024 -1263.952131  156.0   5.142   4.999 |    0.000  -0.000   0.000   0.000 |   -5.598  -7.136   1.500
 166B   0.00000118 0.11  0.024 -1263.952131  156.0   5.142   4.999 |    0.000  -0.000   0.000   0.000 |   -5.598  -7.136   2.264
 167B   0.00000124 0.10  0.024 -1263.952132  156.0   5.142   4.999 |    0.000  -0.000   0.000  -0.000 |   -5.598  -7.136   2.683
 168B   0.00000072 0.11  0.024 -1263.952132  156.0   5.142   4.999 |    0.000  -0.000   0.000  -0.000 |   -5.598  -7.136   2.642
 169B   0.00000065 0.13  0.024 -1263.952132  156.0   5.142   4.999 |    0.000  -0.000   0.000   0.000 |   -5.598  -7.136   2.857
 170B   0.00000032 0.14  0.024 -1263.952132  156.0   5.142   4.999 |    0.000  -0.000   0.000   0.000 |   -5.598  -7.136   3.195
 171B   0.00000030 0.16  0.024 -1263.952132  156.0   5.142   4.999 |    0.000  -0.000   0.000   0.000 |   -5.598  -7.136   2.301
 172B   0.00000023 0.18  0.024 -1263.952132  156.0   5.142   4.999 |    0.000   0.000   0.000   0.000 |   -5.598  -7.136   1.642
 173B   0.00000022 0.21  0.024 -1263.952132  156.0   5.142   4.999 |    0.000  -0.000   0.000   0.000 |   -5.598  -7.136   1.627
 174B   0.00000025 0.10  0.024 -1263.952132  156.0   5.142   4.999 |    0.000  -0.000   0.000  -0.000 |   -5.598  -7.136   1.297
 175B   0.00000022 0.11  0.024 -1263.952132  156.0   5.142   4.999 |    0.000  -0.000   0.000   0.000 |   -5.598  -7.136   1.455
 176B   0.00000025 0.10  0.024 -1263.952132  156.0   5.142   4.999 |    0.000  -0.000   0.000  -0.000 |   -5.598  -7.136   1.440
 177B   0.00000027 0.10  0.024 -1263.952132  156.0   5.142   4.999 |    0.000   0.000   0.000  -0.000 |   -5.598  -7.136   1.519
 178B   0.00000027 0.11  0.024 -1263.952132  156.0   5.142   4.999 |    0.000  -0.000   0.000  -0.000 |   -5.598  -7.136   1.371
 179B   0.00000027 0.10  0.024 -1263.952132  156.0   5.142   4.999 |    0.000  -0.000   0.000   0.000 |   -5.598  -7.136   2.481
 180B   0.00000042 0.10  0.024 -1263.952132  156.0   5.142   4.999 |    0.000  -0.000   0.000  -0.000 |   -5.598  -7.136   1.669
 181B   0.00000022 0.11  0.024 -1263.952132  156.0   5.142   4.999 |    0.000   0.000   0.000  -0.000 |   -5.598  -7.136   2.884
 182B   0.00000023 0.10  0.024 -1263.952132  156.0   5.142   4.999 |    0.000  -0.000   0.000  -0.000 |   -5.598  -7.136   1.889
 183B   0.00000036 0.10  0.024 -1263.952132  156.0   5.142   4.999 |    0.000   0.000   0.000   0.000 |   -5.598  -7.136   1.668
 184B   0.00000026 0.11  0.024 -1263.952132  156.0   5.142   4.999 |    0.000   0.000   0.000   0.000 |   -5.598  -7.136   2.056
 185B   0.00000028 0.10  0.024 -1263.952132  156.0   5.142   4.999 |    0.000  -0.000   0.000   0.000 |   -5.598  -7.136   2.248
 186B   0.00000028 0.11  0.024 -1263.952132  156.0   5.142   4.999 |    0.000   0.000   0.000   0.000 |   -5.598  -7.136   1.825
 187B   0.00000027 0.13  0.024 -1263.952132  156.0   5.142   4.999 |    0.000  -0.000   0.000   0.000 |   -5.598  -7.136   1.292
 188B   0.00000030 0.10  0.024 -1263.952132  156.0   5.142   4.999 |    0.000  -0.000   0.000   0.000 |   -5.598  -7.136   1.529
 189B   0.00000029 0.11  0.024 -1263.952132  156.0   5.142   4.999 |    0.000   0.000   0.000   0.000 |   -5.598  -7.136   1.798
 190B   0.00000032 0.10  0.024 -1263.952132  156.0   5.142   4.999 |    0.000  -0.000   0.000   0.000 |   -5.598  -7.136   2.687
 191B   0.00000034 0.10  0.024 -1263.952132  156.0   5.142   4.999 |    0.000  -0.000   0.000   0.000 |   -5.598  -7.136   2.355
 192B   0.00000027 0.11  0.024 -1263.952132  156.0   5.142   4.999 |    0.000  -0.000   0.000   0.000 |   -5.598  -7.136   1.585
 193B   0.00000027 0.13  0.024 -1263.952132  156.0   5.142   4.999 |    0.000  -0.000   0.000   0.000 |   -5.598  -7.136   2.794
 194B   0.00000025 0.14  0.024 -1263.952131  156.0   5.142   4.999 |    0.000  -0.000   0.000   0.000 |   -5.598  -7.136   2.069
 195B   0.00000026 0.10  0.024 -1263.952131  156.0   5.142   4.999 |    0.000   0.000   0.000   0.000 |   -5.598  -7.136   1.867
 196B   0.00000029 0.10  0.024 -1263.952131  156.0   5.142   4.999 |    0.000   0.000   0.000   0.000 |   -5.598  -7.136   2.879
 197B   0.00000034 0.10  0.024 -1263.952131  156.0   5.142   4.999 |    0.000   0.000   0.000  -0.000 |   -5.598  -7.136   3.138
 198B   0.00000025 0.11  0.024 -1263.952131  156.0   5.142   4.999 |    0.000   0.000   0.000  -0.000 |   -5.598  -7.136   2.674
 199B   0.00000020 0.13  0.024 -1263.952131  156.0   5.142   4.999 |    0.000  -0.000   0.000  -0.000 |   -5.598  -7.136   2.219
 200B   0.00000017 0.14  0.024 -1263.952132  156.0   5.142   4.999 |    0.000  -0.000   0.000  -0.000 |   -5.598  -7.136   1.584
 201B   0.00000022 0.10  0.024 -1263.952131  156.0   5.142   4.999 |    0.000   0.000   0.000   0.000 |   -5.598  -7.136   3.057
 202B   0.00000015 0.11  0.024 -1263.952131  156.0   5.142   4.999 |    0.000   0.000   0.000  -0.000 |   -5.598  -7.136   2.527
 203B   0.00000020 0.10  0.024 -1263.952132  156.0   5.142   4.999 |    0.000   0.000   0.000   0.000 |   -5.598  -7.136   2.204
 204B   0.00000013 0.11  0.024 -1263.952132  156.0   5.142   4.999 |    0.000  -0.000   0.000   0.000 |   -5.598  -7.136   1.705
 205B   0.00000010 0.13  0.024 -1263.952132  156.0   5.142   4.999 |    0.000   0.000   0.000   0.000 |   -5.598  -7.136   1.467
 206B   0.00000008 0.14  0.024 -1263.952132  156.0   5.142   4.999 |    0.000   0.000   0.000  -0.000 |   -5.598  -7.136   1.952
 207B   0.00000007 0.16  0.024 -1263.952132  156.0   5.142   4.999 |    0.000  -0.000   0.000  -0.000 |   -5.598  -7.136   2.638
 208B   0.00000005 0.18  0.024 -1263.952132  156.0   5.142   4.999 |    0.000   0.000   0.000  -0.000 |   -5.598  -7.136   1.660
 209B   0.00000006 0.10  0.024 -1263.952132  156.0   5.142   4.999 |    0.000  -0.000   0.000  -0.000 |   -5.598  -7.136   6.340
 210B   0.00000010 0.10  0.024 -1263.952132  156.0   5.142   4.999 |    0.000   0.000   0.000   0.000 |   -5.598  -7.136   6.474
 211B   0.00000006 0.11  0.024 -1263.952132  156.0   5.142   4.999 |    0.000  -0.000   0.000  -0.000 |   -5.598  -7.136   2.334
 212B   0.00000006 0.10  0.024 -1263.952132  156.0   5.142   4.999 |    0.000   0.000   0.000   0.000 |   -5.598  -7.136   1.835
 213B   0.00000011 0.10  0.024 -1263.952132  156.0   5.142   4.999 |    0.000   0.000   0.000  -0.000 |   -5.598  -7.136   1.906
 214B   0.00000006 0.11  0.024 -1263.952132  156.0   5.142   4.999 |    0.000   0.000   0.000  -0.000 |   -5.598  -7.136   1.604
 215B   0.00000006 0.13  0.024 -1263.952132  156.0   5.142   4.999 |    0.000   0.000   0.000   0.000 |   -5.598  -7.136   1.839
 216B   0.00000009 0.10  0.024 -1263.952132  156.0   5.142   4.999 |    0.000   0.000   0.000   0.000 |   -5.598  -7.136   6.125
 217B   0.00000006 0.11  0.024 -1263.952132  156.0   5.142   4.999 |    0.000   0.000   0.000  -0.000 |   -5.598  -7.136   2.079
 218B   0.00000004 0.13  0.024 -1263.952132  156.0   5.142   4.999 |    0.000  -0.000   0.000  -0.000 |   -5.598  -7.136   7.211
 219B   0.00000006 0.10  0.024 -1263.952132  156.0   5.142   4.999 |    0.000   0.000   0.000  -0.000 |   -5.598  -7.136   7.122
 220B   0.00000006 0.10  0.024 -1263.952132  156.0   5.142   4.999 |    0.000  -0.000   0.000  -0.000 |   -5.598  -7.136   7.466
 221B   0.00000003 0.11  0.024 -1263.952132  156.0   5.142   4.999 |    0.000  -0.000   0.000   0.000 |   -5.598  -7.136   2.413
 222B   0.00000003 0.10  0.024 -1263.952132  156.0   5.142   4.999 |    0.000  -0.000   0.000  -0.000 |   -5.598  -7.136   6.132
 223B   0.00000002 0.11  0.024 -1263.952132  156.0   5.142   4.999 |    0.000  -0.000   0.000  -0.000 |   -5.598  -7.136   4.257
 224B   0.00000002 0.13  0.024 -1263.952132  156.0   5.142   4.999 |    0.000  -0.000   0.000  -0.000 |   -5.598  -7.136   5.708
 225B   0.00000001 0.14  0.024 -1263.952132  156.0   5.142   4.999 |    0.000   0.000   0.000  -0.000 |   -5.598  -7.136   4.234
 226B   0.00000001 0.16  0.024 -1263.952132  156.0   5.142   4.999 |    0.000   0.000   0.000  -0.000 |   -5.598  -7.136   7.099
 227B   0.00000001 0.18  0.024 -1263.952132  156.0   5.142   4.999 |    0.000   0.000   0.000  -0.000 |   -5.598  -7.136   4.078
 228B   0.00000003 0.10  0.024 -1263.952132  156.0   5.142   4.999 |    0.000  -0.000   0.000  -0.000 |   -5.598  -7.136   7.410
 229B   0.00000002 0.11  0.024 -1263.952132  156.0   5.142   4.999 |    0.000  -0.000   0.000  -0.000 |   -5.598  -7.136   6.407
 230B   0.00000001 0.13  0.024 -1263.952132  156.0   5.142   4.999 |    0.000  -0.000   0.000  -0.000 |   -5.598  -7.136   5.609
 231B   0.00000002 0.10  0.024 -1263.952132  156.0   5.142   4.999 |    0.000  -0.000   0.000  -0.000 |   -5.598  -7.136   4.517
 232B   0.00000001 0.11  0.024 -1263.952132  156.0   5.142   4.999 |    0.000  -0.000   0.000  -0.000 |   -5.598  -7.136   3.503
 233B   0.00000001 0.13  0.024 -1263.952132  156.0   5.142   4.999 |    0.000  -0.000   0.000   0.000 |   -5.598  -7.136   7.155
 234B   0.00000000 0.14  0.024 -1263.952132  156.0   5.142   4.999 |    0.000  -0.000   0.000   0.000 |   -5.598  -7.136   5.832
 235B   0.00000001 0.10  0.024 -1263.952132  156.0   5.142   4.999 |    0.000  -0.000   0.000  -0.000 |   -5.598  -7.136   5.573
 236B   0.00000000 0.11  0.024 -1263.952132  156.0   5.142   4.999 |    0.000  -0.000   0.000   0.000 |   -5.598  -7.136   4.041
 237B   0.00000000 0.13  0.024 -1263.952132  156.0   5.142   4.999 |    0.000  -0.000   0.000   0.000 |   -5.598  -7.136   5.586
 238B   0.00000000 0.10  0.024 -1263.952132  156.0   5.142   4.999 |    0.000   0.000   0.000  -0.000 |   -5.598  -7.136   4.876
 239B   0.00000000 0.11  0.024 -1263.952132  156.0   5.142   4.999 |    0.000  -0.000   0.000  -0.000 |   -5.598  -7.136   5.184
 240B   0.00000000 0.13  0.024 -1263.952132  156.0   5.142   4.999 |    0.000  -0.000   0.000  -0.000 |   -5.598  -7.136   5.671
 241B   0.00000000 0.10  0.024 -1263.952132  156.0   5.142   4.999 |    0.000   0.000   0.000  -0.000 |   -5.598  -7.136   6.474
 242B   0.00000000 0.11  0.024 -1263.952132  156.0   5.142   4.999 |    0.000  -0.000   0.000  -0.000 |   -5.598  -7.136   5.691
 243B   0.00000000 0.10  0.024 -1263.952132  156.0   5.142   4.999 |    0.000   0.000   0.000   0.000 |   -5.598  -7.136   4.738
 244B   0.00000000 0.10  0.024 -1263.952132  156.0   5.142   4.999 |    0.000   0.000   0.000   0.000 |   -5.598  -7.136   6.703
 245B   0.00000000 0.11  0.024 -1263.952132  156.0   5.142   4.999 |    0.000   0.000   0.000   0.000 |   -5.598  -7.136   6.885
 246B   0.00000000 0.10  0.024 -1263.952132  156.0   5.142   4.999 |    0.000   0.000   0.000   0.000 |   -5.598  -7.136   5.714
 247B   0.00000000 0.10  0.024 -1263.952132  156.0   5.142   4.999 |    0.000  -0.000   0.000   0.000 |   -5.598  -7.136   4.806
 248B   0.00000000 0.11  0.024 -1263.952132  156.0   5.142   4.999 |    0.000  -0.000   0.000   0.000 |   -5.598  -7.136   4.699
 249B   0.00000000 0.10  0.024 -1263.952132  156.0   5.142   4.999 |    0.000   0.000   0.000  -0.000 |   -5.598  -7.136   6.396
 250B   0.00000000 0.11  0.024 -1263.952132  156.0   5.142   4.999 |    0.000   0.000   0.000  -0.000 |   -5.598  -7.136   8.412
 251B   0.00000000 0.13  0.024 -1263.952132  156.0   5.142   4.999 |    0.000  -0.000   0.000  -0.000 |   -5.598  -7.136   8.263
 252B   0.00000000 0.14  0.024 -1263.952132  156.0   5.142   4.999 |    0.000   0.000   0.000  -0.000 |   -5.598  -7.136   8.044
 253B   0.00000000 0.10  0.024 -1263.952132  156.0   5.142   4.999 |    0.000   0.000   0.000   0.000 |   -5.598  -7.136   6.182
 254B   0.00000000 0.10  0.024 -1263.952132  156.0   5.142   4.999 |    0.000   0.000   0.000  -0.000 |   -5.598  -7.136   8.150
  ----------------------------------------------------------------------------------------------------------------------------------
  *   iteration converged   after 254 steps   si=     0.0000000008 ho=  0 tho=  0
  ----------------------------------------------------------------------------------------------------------------------------------
  Total CPU time=  11.348 minutes

  Writing to wel_file: s092_064.hel
 __________________________________  
  The tape s092_064.hel recorded:     
  nucname,npr,ngh,ngl,n00,nb,nt      
  b0,beta0,si,etot,rms,bet,xmix      
  pairing:     CpV0,CpV1,pwi         
  delta:       del,ept               
  lambda:      ala,ala2,alast,tz     
  asymptotic:  varmas,ass,skass      
  ntx,nb,nhhdim,id,N_rz,n_r,n_z      
  Omega2,Sigma2,Parity,Lambda        
  matrices(inbro):    hh,de          
  *all blocking candidates           
 __________________________________  


  NB! From expect (UNPROJECTED RESULTS)

  pairing: CpV0,CpV1,...           0.100000       0.100000       1.000000       1.000000
  forces:   UNE1                          


                             neutrons         protons         total
  Requested part.numbs.      92.000000      64.000000     156.000000
  UnPj(av) part.numbs .      92.000000      64.000000     156.000000
  b0, bz, bp ..........       2.130153       2.136882       2.126796

  lambda (ala) ........      -5.598377      -7.135653
  Lambda (alast) ......      -5.598377      -7.135653
  delta(n,p), pwi .....      -0.000000      -0.000000      60.000000
  pairing energy ......       0.000000       0.000000       0.000000

  rms-radius ..........       5.142374       4.998681       5.083915
  charge-radius, r0 ...                      5.062293       6.459855
  deformation beta2....       0.024683       0.022189       0.023694
  dipole moment[fm] ...       0.000000       0.000000       0.000000
  quadrupole moment[b]        0.757582       0.447643       1.205225
  octupole moment .....       0.000000       0.000000       0.000000
  hexadecapole moment .       0.194271       0.116815       0.311086
  q5 ..................       0.000000       0.000000       0.000000
  q6 ..................       0.009884       0.004200       0.014084
  q7 ..................       0.000000       0.000000       0.000000
  q8 ..................       0.001976       0.001237       0.003213

  <r^0> [fm^0] ........            1.000000            1.000000            1.000000
  <r^2> [fm^2] ........           26.444015           24.986813           25.846188
  <r^4> [fm^4] ........          912.014897          797.085213          864.864258
  <r^6> [fm^6] ........        37169.292714        29564.792612        34049.497800
  <r^8> [fm^8] ........      1718473.238554      1226313.178950      1516561.419229

  kinetic energy ......    1808.434279    1053.209170    2861.643449
  volume energy .......                                 -4764.056101
        rho_tau .......                                  -111.741278
        rho_rho .......                                 -4652.314823
  surface energy ......                                   156.127891
   rho_DELTA_rho ......                                   156.127891
   (NABLA_rho)^2 ......                                     0.000000
  spin-orbit energy ...                                   -44.436582
        rho_NABLA_J ...                                   -44.436582
        NABLA_rho_J ...                                     0.000000
  coulomb energy ......                                   526.769211
          direct ......                                   551.215552
          exchange ....                                   -24.446341
  tensor energy .......                                     0.000000
  direct Hartree E  ...                                     0.000000
  Extra E .............                                     0.000000
  External field E ....                                     0.000000
  Entropy .............       2.182079       0.001922       2.184001

  tEnergy: ehfb (qp)...                                 -1263.952132

  Calculated but not added corrections 
====================================
  cmc-diagonal part ...      -0.000000       0.000000       0.000000
  cmc-hfb .............       0.000000       0.000000       0.000000
  cranking rot corr ...       0.000000       0.000000       0.000000

  SQUJ ................       0.000000       0.000000       0.000000
  CRAN x 4 ............       0.000000       0.000000       0.000000
  Rigit Body ..........       0.000000       0.000000       0.000000


   Blocking candidates are:
   neutron eqpmin=   7.2185504717552362E-002  pwiblo=   2.0016019225635890     
    num=   1 block=   2 state=   1    37 Eqp=   0.07218550  (1-2N)E=  -0.07218550  Ovlp=   0.60788778  1-[ 5, 4, 1]
    num=   2 block=   4 state=   1    97 Eqp=   0.08716383  (1-2N)E=   0.08716383  Ovlp=   0.69609927  3-[ 5, 3, 2]
    num=   3 block=  10 state=   1   219 Eqp=   0.15770487  (1-2N)E=   0.15770487  Ovlp=   0.93830861  9-[ 5, 0, 5]
    num=   4 block=   6 state=   1   147 Eqp=   0.35216693  (1-2N)E=   0.35216693  Ovlp=   0.80254406  5-[ 5, 2, 3]
    num=   5 block=   2 state=   2    38 Eqp=   0.40829254  (1-2N)E=   0.40829254  Ovlp=   0.54260470  1-[ 5, 3, 0]
    num=   6 block=   6 state=   2   148 Eqp=   0.45977716  (1-2N)E=  -0.45977716  Ovlp=   0.64739463  5-[ 5, 1, 2]
    num=   7 block=   8 state=   1   187 Eqp=   0.48276862  (1-2N)E=   0.48276862  Ovlp=   0.90135061  7-[ 5, 1, 4]
    num=   8 block=   4 state=   2    98 Eqp=   0.52217844  (1-2N)E=   0.52217844  Ovlp=   0.67978617  3-[ 5, 0, 1]
    num=   9 block=   8 state=   2   188 Eqp=   0.62666343  (1-2N)E=  -0.62666343  Ovlp=   0.86270104  7-[ 5, 0, 3]
    num=  10 block=   4 state=   3    99 Eqp=   0.71896659  (1-2N)E=  -0.71896659  Ovlp=   0.59825103  3-[ 5, 4, 1]
    num=  11 block=   2 state=   3    39 Eqp=   0.97026925  (1-2N)E=  -0.97026925  Ovlp=   0.60067008  1-[ 5, 5, 0]
    num=  12 block=   2 state=   4    40 Eqp=   0.97947812  (1-2N)E=   0.97947812  Ovlp=   0.56929024  1-[ 5, 0, 1]
    num=  13 block=   1 state=   1     1 Eqp=   1.10613163  (1-2N)E=   1.10613163  Ovlp=   0.53849761  1+[ 6, 4, 0]
    num=  14 block=   3 state=   1    67 Eqp=   1.17064386  (1-2N)E=   1.17064386  Ovlp=   0.59462814  3+[ 6, 3, 1]
    num=  15 block=  13 state=   1   252 Eqp=   1.23752402  (1-2N)E=   1.23752402  Ovlp=   0.99618529 13+[ 6, 0, 6]
    num=  16 block=   5 state=   1   122 Eqp=   1.28437625  (1-2N)E=   1.28437625  Ovlp=   0.61145216  5+[ 6, 4, 2]
    num=  17 block=   7 state=   1   167 Eqp=   1.43255243  (1-2N)E=   1.43255243  Ovlp=   0.75344838  7+[ 6, 3, 3]
    num=  18 block=  11 state=   1   231 Eqp=   1.53931025  (1-2N)E=   1.53931025  Ovlp=   0.94984391 11+[ 6, 1, 5]
    num=  19 block=   9 state=   1   203 Eqp=   1.56232035  (1-2N)E=   1.56232035  Ovlp=   0.86297101  9+[ 6, 2, 4]
    num=  20 block=   2 state=   5    41 Eqp=   1.66415256  (1-2N)E=   1.66415256  Ovlp=   0.54798263  1-[ 5, 1, 0]
    num=  21 block=   6 state=   3   149 Eqp=   1.87646907  (1-2N)E=   1.87646907  Ovlp=   0.77969150  5-[ 5, 0, 3]
    num=  22 block=   4 state=   4   100 Eqp=   1.95173132  (1-2N)E=   1.95173132  Ovlp=   0.70246233  3-[ 5, 1, 2]

   Blocking candidates are:
   proton  eqpmin=  0.52292758977418430       pwiblo=   2.0016019225635890     
    num=   1 block=   3 state=   1    67 Eqp=   0.52292759  (1-2N)E=  -0.52292759  Ovlp=   0.70062572  3+[ 4, 1, 1]
    num=   2 block=   1 state=   1     1 Eqp=   0.50399633  (1-2N)E=   0.50399633  Ovlp=   0.58853414  1+[ 4, 0, 0]
    num=   3 block=   5 state=   1   122 Eqp=   0.56802857  (1-2N)E=  -0.56802857  Ovlp=   0.71772515  5+[ 4, 1, 3]
    num=   4 block=   5 state=   2   123 Eqp=   0.66952594  (1-2N)E=  -0.66952594  Ovlp=   0.75268604  5+[ 4, 0, 2]
    num=   5 block=   7 state=   1   167 Eqp=   0.83034895  (1-2N)E=  -0.83034895  Ovlp=   0.91268111  7+[ 4, 0, 4]
    num=   6 block=   1 state=   2     2 Eqp=   0.86301841  (1-2N)E=   0.86301841  Ovlp=   0.65110134  1+[ 4, 1, 1]
    num=   7 block=   1 state=   3     3 Eqp=   0.94026580  (1-2N)E=  -0.94026580  Ovlp=   0.50084433  1+[ 4, 3, 1]
    num=   8 block=   3 state=   2    68 Eqp=   0.97057290  (1-2N)E=   0.97057290  Ovlp=   0.73237203  3+[ 4, 0, 2]
    num=   9 block=   3 state=   3    69 Eqp=   0.99799914  (1-2N)E=  -0.99799914  Ovlp=   0.64134009  3+[ 4, 2, 2]
    num=  10 block=   2 state=   1    37 Eqp=   1.28045013  (1-2N)E=   1.28045013  Ovlp=   0.57201412  1-[ 5, 3, 0]
    num=  11 block=   1 state=   4     4 Eqp=   1.44656011  (1-2N)E=  -1.44656011  Ovlp=   0.59186563  1+[ 4, 4, 0]
    num=  12 block=   4 state=   1    97 Eqp=   1.45436515  (1-2N)E=   1.45436515  Ovlp=   0.57467631  3-[ 5, 2, 1]
    num=  13 block=  12 state=   1   243 Eqp=   1.70628697  (1-2N)E=   1.70628697  Ovlp=   0.98119627 11-[ 5, 0, 5]
    num=  14 block=   6 state=   1   147 Eqp=   1.72209292  (1-2N)E=   1.72209292  Ovlp=   0.70384739  5-[ 5, 3, 2]
    num=  15 block=   8 state=   1   187 Eqp=   1.94872436  (1-2N)E=   1.94872436  Ovlp=   0.83143767  7-[ 5, 2, 3]
    num=  16 block=  10 state=   1   219 Eqp=   1.98807524  (1-2N)E=   1.98807524  Ovlp=   0.92758902  9-[ 5, 1, 4]



 HFBTHO_SOLVER ended without errors

