No Skyrme interaction defined in routine skforce()
Multi-threading framework with OpenMP: 1 threads/task

  =======================================
           FORTRAN 95 CODE (KIND= 8) 
               Version: 200d  
  =======================================
       AXIALLY DEFORMED CONFIGURATIONAL  
     HARTREE-FOCK-BOGOLIUBOV CALCULATIONS
                     WITH                
            UNEDF AND DELTA PAIRING      
                     USING               
             HARMONIC-OSCILLATOR         
                   AND/OR                
       TRANSFORMED HARMONIC-OSCILLATOR   
                    BASIS                
                     ---                 
               v1.66  (2005):,           
   Stoitsov,Dobaczewski,Nazarewicz,Ring, 
               v2.00d (2012):,           
         Stoitsov,Schunck,Kortelainen    
  =======================================
    Nucleus: GD (A= 156, N= 92, Z= 64)
       Reflection Symmetry Imposed       
            ( 7/15/2023,  8: 8)                               
  =======================================


  ---------------------------------------
           UNEDF Module Version:17
         M.Kortelainen & M.Stoitsov 
  ---------------------------------------

  UNE1 functional
  ----------------------------------
  Crho(0)=   -770.570507645696694    ; Crho(1)=    256.863106641091576    
  CDrho(0)=   897.731563535191867    ; CDrho(1)=  -132.313475898624148    
  Ctau(0)=   -5.23922605048186529    ; Ctau(1)=   -37.9246256939022430    
  CrDr(0)=   -44.0732296890623729    ; CrDr(1)=   -129.750580424954592    
  CrdJ(0)=   -73.4622142946953716    ; CrdJ(1)=   -30.0648495902364132    
  CJ(0)=      0.00000000000000000    ; CJ(1)=      0.00000000000000000    
  CpV0(0)=   0.100000000000000006    ; CpV0(1)=   0.100000000000000006    
  CpV1(0)=    1.00000000000000000    ; CpV1(1)=    1.00000000000000000    
  sigma=     0.278136743020452659    ; hbzero=     20.7355300000000007    
  e^2 chrg=   1.43997840859651305    ; CExPar=     1.00000000000000000    
  c.m. correction: F, chr. density in direct Coul: F
  use tensor terms: F
  use TMR pairing:  0

  Coupling constants in natural units
  -----------------------------------
  Crho_nu(0)=  -0.867754799524782072    ; Crho_nu(1)=   0.289258661468443368    
  CDrho_nu(0)=  0.946225818106098404    ; CDrho_nu(1)= -0.139460872340965936    
  Ctau_nu(0)=  -0.742666249274792911E-01; Ctau_nu(1)=  -0.537585880965192997    
  CrDr_nu(0)=  -0.624743041648145425    ; CrDr_nu(1)=   -1.83922922922109455    
  CrdJ_nu(0)=   -1.04133523974680697    ; CrdJ_nu(1)=  -0.426172661096348271    
  CJ_nu(0)=      0.00000000000000000    ; CJ_nu(1)=      0.00000000000000000    
  CpV0_nu(0)=   0.112611992142809880E-03; CpV0_nu(1)=   0.112611992142809880E-03
  CpV1_nu(0)=   0.887702254206059068E-03; CpV1_nu(1)=   0.887702254206059068E-03
  fpi_nu=        93.0000000000000000    ; Lambda_nu=     700.000000000000000    

  Nuclear matter properties
  ----------------------------------
      E_NM=     -15.7999999999999847      K_NM=     220.0000000000000000
      P_NM=       0.0000000000000027    RHO_NM=       0.1584969224077794
    ASS_NM=      29.2502497417516345   LASS_NM=      42.8566970862333960
  SMASS_NM=       0.9599527378948095  VMASS_NM=       1.2498385742322700

  Associated (t,x)-coupling constants
  -----------------------------------
  t0=      -2054.85468705519088    ; x0=       0.122067204696429954E-04
  t1=       228.071590274356822    ; x1=       -4.71865516373352545    
  t2=       1431.38906754047321    ; x2=       -1.38414284156691481    
  t3=       14363.7050165630699    ; x3=      -0.278920312140550020    
  b4=       43.3973647044589583    ; b4p=       60.1296991804728265    
  te=      -426.075559574841407    ; to=       -185.412064121618101    
  sigma=   0.278136743020452659    ; hbzero=    20.7355300000000007    

  ---------------------------------------
        Characteristics of the run       
  ---------------------------------------
  Output file ................:     7
  Nucleus ....................:   GD 156
  Number of HO shells ........:    10
  HO length b0 (fm) ..........:     2.13015292605643
  Basis deformation ..........:  beta0=   0.010 q=   1.010
  HO: b0,1/b0,bp,bz,q ........:   0.21301529E+01  0.46944986E+00  0.21267964E+01  0.21368819E+01  0.10095067E+01
  h**2/(2m), cmc, e**2 .......:   0.20735530E+02  0.20735530E+02  0.14399784E+01
  hom=f*41.0_pr*A^{-1/3}, f...:   0.91395238E+01  0.12000000E+01
  THO basis is ...............:  OFF
  Maximal number of iterations:   400
  Initial mixing parameter ...:  0.300
  Initial w.f. ...............:  from   spherical scratch
  Skyrme functional ..........:    UNE1                          
    with direct and exchange Coulomb
  Lipkin-Nogami procedure is .:  OFF
  PAV procedure is ...........:  OFF
  Constraint calculation is ..:   ON
    Constraint 1 .............: lambda=2 Ql=  26.515
  Temperature T ..............:   0.05 MeV
  Restart indicator ..........:   1
  Broyden mixing (#iterations):   7

  ---------------------------------------
        Harmonic Oscillator Basis        
  ---------------------------------------
  NUV, NQP:                        6222     286
  Comparison with bookkeeping spherical basis:
  n00:                               10      10  Maximal number of shells
  nbx, 2*n00+1:                      21      21  Maximal number of K-blocks
  ntx, (n00+1)*(n00+2)*(n00+3)/6    286     286  Max.num. p/n levels
  nzx, n00:                          10      10  Maximal nz-quantum number
  nrx, n00/2  :                       5       5  Maximal nr-quantum number
  nlx, n00:                          10      10  Maximal ml-quantum number
  ndx, (n00+2)*(n00+2)/4:            36      36  Maximal dim. of one k-block

  Actual basis used
  Number of blocks: nb .......:   21
  Number of levels: nt .......:  286
  Maximal 2*omega : nom ......:   21
  Maximal nz:       nzm ......:   10
  Maximal nr:       nrm ......:    5
  Maximal ml:       nlm ......:   10
  Maximal N=nz+2*nr+nl .......:   10
  2 x biggest block dim. .....:   72
  Non-zero elements of h .....:     3254
  Number of Broyden elements .:    13016

  ---------------------------------------
            Integration Meshes           
  ---------------------------------------
  Number of Gauss-Hermite mesh points ngh ....:  40
  Number of Gauss-Laguerre mesh points ngl ...:  40
  Number of Gauss-Legendre mesh points nleg ..:  80
  Integration boundaries
    Hermite  - from xh(1)  =  0.12379686 to xh(ngh)   = 11.88786356
    Laguerre - From xl(1)  =  0.03570039 to xl(ngl)   =142.28004447
    Legendre - From xleg(1)=  0.00978669 to xleg(nleg)=  0.99988775
  Max.dev.in:     Orthogonality            Normalization
  Hermite     1.5248282503475657E-015   1.0991207943789050E-014
  Laguerre    4.8291451697098846E-015   9.3258734068513149E-015

  Scratch initialization for the nucleus: GD  92  64


  Initial potentials of Saxon-Woods shape 
  v0ws   =  -71.27999878
  kappa  =    0.46160001
  vs0    =   11.11750031   11.11750031
  r0     =    1.23339999    1.23339999
  a      =    0.61500001    0.61500001
  r0-so  =    1.14429998    1.14429998
  a-so   =    0.64760000    0.64760000
  beta00 =    0.01000000

  ### REGULAR STAGE (reflection symmetry imposed)
  |HFB+HO> iterations(b0=  2.130, Nsh= 10, inin=  1, N= 92, Z= 64)...
  ----------------------------------------------------------------------------------------------------------------------------------
  i          si     mix   beta      Etot       A       rn      rp         En      Dn      Ep      Dp        Ln      Lp     time
  ----------------------------------------------------------------------------------------------------------------------------------
   1L  69.94764065 0.30  0.010     0.000000    0.0   0.000   0.000 |   -2.000   1.000  -2.000   1.000 |   -7.000  -7.000   0.000
   2B  47.47331421 0.10  0.020 -1017.708552  156.0   4.803   4.551 |    0.001  -0.000   0.000  -0.000 |  -14.218 -26.849  24.127
   3B  20.02258864 0.11  0.321  -995.959414  156.0   5.121   5.018 |    0.000  -0.000   0.000  -0.000 |   -7.066 -12.181   2.449
   4B  31.03827775 0.10  0.582  -252.591437  156.0   5.504   5.200 |    0.000  -0.000   0.000  -0.000 |   -8.813 -11.352   3.068
   5B   8.45187717 0.11  0.705 -1160.691682  156.0   5.683   5.611 |    0.000  -0.000   0.000  -0.000 |   -8.921 -10.258   2.409
   6B   7.33223133 0.13  0.771 -1164.117782  156.0   5.768   5.741 |    0.000  -0.000   0.000  -0.000 |   -9.153 -10.389   1.722
   7B   8.51051531 0.10  0.817 -1187.084700  156.0   5.875   5.885 |    0.000   0.000   0.000   0.000 |   -9.337 -10.212   1.537
   8B   8.31054204 0.11  0.810 -1191.529078  156.0   5.861   5.819 |    0.000   0.000   0.000   0.000 |   -8.608  -9.275   1.508
   9B   5.79594677 0.13  0.784 -1218.448335  156.0   5.829   5.756 |    0.000  -0.000   0.000  -0.000 |   -7.529  -8.831   1.815
  10B   4.93038087 0.14  0.758 -1223.911293  156.0   5.736   5.714 |    0.000  -0.000   0.000  -0.000 |   -6.817  -8.190   1.521
  11B   4.16709559 0.16  0.711 -1240.819513  156.0   5.669   5.573 |    0.000  -0.000   0.000  -0.000 |   -5.985  -7.456   1.907
  12B   4.72824459 0.10  0.701 -1247.681635  156.0   5.656   5.559 |    0.000  -0.000   0.000  -0.000 |   -6.046  -7.538   1.761
  13L   3.70422088 0.11  0.651 -1254.268876  156.0   5.567   5.482 |    0.000  -0.000   0.000  -0.000 |   -6.255  -7.188   1.336
  14L   4.36302299 0.10  0.625 -1256.776499  156.0   5.541   5.417 |    0.000  -0.000   0.000  -0.000 |   -6.004  -6.693   1.331
  15L   3.33590493 0.11  0.603 -1257.045693  156.0   5.500   5.383 |    0.000  -0.000   0.000  -0.000 |   -5.852  -6.234   1.743
  16L   3.84113649 0.10  0.576 -1255.683695  156.0   5.464   5.346 |    0.000  -0.000   0.000  -0.000 |   -5.988  -6.315   1.360
  17B   6.52320935 0.10  0.550 -1246.574103  156.0   5.433   5.302 |    0.000  -0.000   0.000  -0.000 |   -5.701  -5.947   1.591
  18B   5.03975928 0.11  0.572 -1249.605779  156.0   5.471   5.322 |    0.000  -0.000   0.000  -0.000 |   -5.687  -6.243   1.663
  19B   4.10424314 0.13  0.502 -1255.387880  156.0   5.367   5.278 |    0.000  -0.000   0.000  -0.000 |   -5.881  -6.278   2.075
  20L   4.96211029 0.10  0.476 -1256.576433  156.0   5.348   5.242 |    0.000  -0.000   0.000  -0.000 |   -6.410  -6.710   1.535
  21B   4.80775341 0.11  0.469 -1257.665525  156.0   5.337   5.221 |    0.000  -0.000   0.000  -0.000 |   -6.665  -6.870   1.435
  22B   4.34831527 0.13  0.451 -1262.238899  156.0   5.339   5.192 |    0.000  -0.000   0.000  -0.000 |   -7.012  -7.132   1.687
  23B   2.13476067 0.14  0.405 -1267.760801  156.0   5.286   5.166 |    0.000  -0.000   0.000  -0.000 |   -7.125  -7.011   1.440
  24B   1.51264425 0.16  0.422 -1268.083536  156.0   5.309   5.176 |    0.000  -0.000   0.000  -0.000 |   -7.202  -6.968   1.437
  25B   0.92834570 0.18  0.446 -1267.258752  156.0   5.321   5.207 |    0.000  -0.000   0.000  -0.000 |   -7.208  -6.978   1.684
  26B   1.49172855 0.10  0.424 -1268.595115  156.0   5.312   5.181 |    0.000  -0.000   0.000  -0.000 |   -7.347  -7.090   1.631
  27B   0.83468824 0.11  0.434 -1269.038681  156.0   5.320   5.188 |    0.000  -0.000   0.000  -0.000 |   -7.335  -7.093   1.352
  28B   1.14646643 0.10  0.448 -1267.777462  156.0   5.323   5.216 |    0.000  -0.000   0.000  -0.000 |   -7.372  -7.183   1.787
  29B   0.87995092 0.11  0.453 -1268.512524  156.0   5.329   5.220 |    0.000  -0.000   0.000  -0.000 |   -7.414  -7.223   2.003
  30B   0.86364449 0.13  0.457 -1268.524558  156.0   5.334   5.224 |    0.000  -0.000   0.000  -0.000 |   -7.406  -7.258   2.887
  31B   0.84440120 0.14  0.459 -1268.511402  156.0   5.335   5.226 |    0.000  -0.000   0.000  -0.000 |   -7.399  -7.276   2.349
  32B   0.71141648 0.16  0.464 -1268.375330  156.0   5.341   5.230 |    0.000  -0.000   0.000  -0.000 |   -7.337  -7.314   1.821
  33B   0.68573061 0.18  0.471 -1268.205664  156.0   5.349   5.237 |    0.000  -0.000   0.000  -0.000 |   -7.317  -7.373   2.917
  34B   0.50618112 0.21  0.480 -1267.963992  156.0   5.360   5.248 |    0.000  -0.000   0.000  -0.000 |   -7.239  -7.390   2.411
  35B   0.93919794 0.10  0.491 -1267.050832  156.0   5.373   5.255 |    0.000  -0.000   0.000  -0.000 |   -7.203  -7.353   1.544
  36B   0.82363901 0.11  0.502 -1266.175671  156.0   5.386   5.263 |    0.000  -0.000   0.000  -0.000 |   -7.209  -7.319   1.829
  37B   1.04022013 0.10  0.506 -1265.652728  156.0   5.390   5.264 |    0.000  -0.000   0.000  -0.000 |   -7.222  -7.320   2.310
  38B   0.61106788 0.11  0.490 -1267.320956  156.0   5.372   5.257 |    0.000  -0.000   0.000  -0.000 |   -7.164  -7.331   2.127
  39B   0.39912757 0.13  0.486 -1267.780838  156.0   5.368   5.255 |    0.000  -0.000   0.000  -0.000 |   -7.187  -7.333   1.926
  40B   0.31536574 0.14  0.486 -1267.820333  156.0   5.368   5.255 |    0.000  -0.000   0.000  -0.000 |   -7.188  -7.334   1.814
  41B   0.31545533 0.10  0.487 -1267.779261  156.0   5.368   5.255 |    0.000  -0.000   0.000  -0.000 |   -7.185  -7.330   1.810
  42B   0.32676868 0.10  0.487 -1267.794776  156.0   5.368   5.255 |    0.000  -0.000   0.000  -0.000 |   -7.184  -7.337   2.046
  43B   0.34475765 0.10  0.486 -1267.784886  156.0   5.368   5.255 |    0.000  -0.000   0.000  -0.000 |   -7.184  -7.318   1.958
  44B   0.31520648 0.11  0.488 -1267.706205  156.0   5.370   5.256 |    0.000  -0.000   0.000  -0.000 |   -7.191  -7.310   1.996
  45B   0.48333472 0.10  0.483 -1267.923081  156.0   5.363   5.253 |    0.000  -0.000   0.000  -0.000 |   -7.167  -7.314   1.949
  46B   0.56312716 0.10  0.482 -1267.829127  156.0   5.363   5.251 |    0.000  -0.000   0.000  -0.000 |   -7.162  -7.344   2.104
  47B   0.47577447 0.11  0.481 -1268.006879  156.0   5.362   5.251 |    0.000  -0.000   0.000  -0.000 |   -7.170  -7.346   2.318
  48B   0.38545615 0.13  0.482 -1268.030676  156.0   5.363   5.251 |    0.000  -0.000   0.000  -0.000 |   -7.173  -7.339   3.039
  49B   0.46261091 0.10  0.480 -1268.136676  156.0   5.360   5.250 |    0.000  -0.000   0.000  -0.000 |   -7.179  -7.358   1.709
  50B   0.35608480 0.11  0.479 -1268.278484  156.0   5.359   5.248 |    0.000  -0.000   0.000  -0.000 |   -7.193  -7.369   1.783
  51B   0.26245317 0.13  0.474 -1268.668081  156.0   5.355   5.243 |    0.000   0.000   0.000   0.000 |   -7.228  -7.383   1.972
  52B   0.26880397 0.10  0.476 -1268.531059  156.0   5.357   5.245 |    0.000  -0.000   0.000  -0.000 |   -7.210  -7.395   1.521
  53B   0.31149207 0.10  0.475 -1268.578077  156.0   5.358   5.242 |    0.000   0.000   0.000   0.000 |   -7.270  -7.378   2.395
  54B   0.14372983 0.11  0.474 -1268.714924  156.0   5.356   5.244 |    0.000   0.000   0.000   0.000 |   -7.241  -7.387   2.659
  55B   0.19509358 0.10  0.476 -1268.624430  156.0   5.358   5.245 |    0.000   0.000   0.000   0.000 |   -7.236  -7.398   3.742
  56B   0.28568951 0.10  0.476 -1268.593600  156.0   5.358   5.246 |    0.000  -0.000   0.000  -0.000 |   -7.241  -7.400   2.463
  57B   0.17774453 0.11  0.476 -1268.590566  156.0   5.359   5.246 |    0.000  -0.000   0.000  -0.000 |   -7.242  -7.399   2.192
  58B   0.06877990 0.13  0.477 -1268.580153  156.0   5.359   5.247 |    0.000  -0.000   0.000  -0.000 |   -7.239  -7.405   2.448
  59B   0.06696967 0.14  0.479 -1268.441460  156.0   5.362   5.249 |    0.000  -0.000   0.000  -0.000 |   -7.248  -7.410   1.558
  60B   0.07042616 0.10  0.479 -1268.416874  156.0   5.362   5.249 |    0.000  -0.000   0.000  -0.000 |   -7.240  -7.406   1.665
  61B   0.02871742 0.11  0.479 -1268.449512  156.0   5.361   5.249 |    0.000  -0.000   0.000  -0.000 |   -7.239  -7.405   1.657
  62B   0.04802787 0.10  0.478 -1268.478389  156.0   5.361   5.249 |    0.000  -0.000   0.000  -0.000 |   -7.238  -7.405   1.422
  63B   0.03579570 0.11  0.478 -1268.475325  156.0   5.361   5.249 |    0.000  -0.000   0.000  -0.000 |   -7.238  -7.404   1.612
  64B   0.04161922 0.10  0.478 -1268.480838  156.0   5.361   5.249 |    0.000  -0.000   0.000  -0.000 |   -7.238  -7.403   1.465
  65B   0.04683847 0.10  0.478 -1268.509801  156.0   5.360   5.248 |    0.000  -0.000   0.000  -0.000 |   -7.239  -7.402   1.312
  66B   0.04385798 0.11  0.478 -1268.523681  156.0   5.360   5.248 |    0.000  -0.000   0.000  -0.000 |   -7.239  -7.402   1.538
  67B   0.05304137 0.10  0.477 -1268.562282  156.0   5.360   5.248 |    0.000  -0.000   0.000  -0.000 |   -7.239  -7.399   3.177
  68B   0.05605703 0.10  0.477 -1268.528695  156.0   5.360   5.248 |    0.000  -0.000   0.000  -0.000 |   -7.243  -7.400   1.752
  69B   0.05143894 0.11  0.477 -1268.590591  156.0   5.359   5.247 |    0.000   0.000   0.000   0.000 |   -7.243  -7.393   2.005
  70B   0.01698210 0.13  0.476 -1268.614779  156.0   5.359   5.247 |    0.000   0.000   0.000   0.000 |   -7.243  -7.394   2.086
  71B   0.01785018 0.10  0.477 -1268.581338  156.0   5.360   5.247 |    0.000  -0.000   0.000  -0.000 |   -7.244  -7.397   3.065
  72B   0.02043043 0.10  0.477 -1268.576857  156.0   5.360   5.247 |    0.000  -0.000   0.000  -0.000 |   -7.244  -7.397   1.569
  73B   0.01714833 0.11  0.477 -1268.586059  156.0   5.360   5.247 |    0.000   0.000   0.000   0.000 |   -7.244  -7.396   2.114
  74B   0.00876915 0.13  0.477 -1268.576636  156.0   5.360   5.248 |    0.000  -0.000   0.000  -0.000 |   -7.244  -7.398   2.222
  75B   0.00593676 0.14  0.477 -1268.558518  156.0   5.360   5.248 |    0.000  -0.000   0.000  -0.000 |   -7.244  -7.399   2.013
  76B   0.00416030 0.16  0.477 -1268.551149  156.0   5.360   5.248 |    0.000  -0.000   0.000  -0.000 |   -7.244  -7.400   1.366
  77B   0.00514075 0.10  0.477 -1268.551618  156.0   5.360   5.248 |    0.000  -0.000   0.000  -0.000 |   -7.244  -7.400   1.612
  78B   0.00326282 0.11  0.477 -1268.551280  156.0   5.360   5.248 |    0.000  -0.000   0.000  -0.000 |   -7.244  -7.399   1.897
  79B   0.00367618 0.10  0.477 -1268.554332  156.0   5.360   5.248 |    0.000  -0.000   0.000  -0.000 |   -7.244  -7.399   1.506
  80B   0.00306809 0.11  0.477 -1268.553709  156.0   5.360   5.248 |    0.000  -0.000   0.000  -0.000 |   -7.244  -7.399   1.492
  81B   0.00470435 0.10  0.477 -1268.556937  156.0   5.360   5.248 |    0.000   0.000   0.000   0.000 |   -7.244  -7.399   1.809
  82B   0.00935507 0.10  0.477 -1268.550627  156.0   5.360   5.248 |    0.000  -0.000   0.000  -0.000 |   -7.244  -7.399   1.401
  83B   0.00290662 0.11  0.477 -1268.557662  156.0   5.360   5.248 |    0.000  -0.000   0.000  -0.000 |   -7.244  -7.398   1.335
  84B   0.00473492 0.10  0.477 -1268.561022  156.0   5.360   5.248 |    0.000  -0.000   0.000  -0.000 |   -7.244  -7.398   1.682
  85B   0.00538762 0.10  0.477 -1268.563769  156.0   5.360   5.248 |    0.000   0.000   0.000   0.000 |   -7.244  -7.398   1.749
  86B   0.00355438 0.11  0.477 -1268.565533  156.0   5.360   5.248 |    0.000   0.000   0.000   0.000 |   -7.244  -7.398   1.591
  87B   0.00356525 0.10  0.477 -1268.565295  156.0   5.360   5.248 |    0.000   0.000   0.000   0.000 |   -7.244  -7.398   1.788
  88B   0.00286183 0.11  0.477 -1268.565717  156.0   5.360   5.248 |    0.000   0.000   0.000   0.000 |   -7.244  -7.398   1.661
  89B   0.00496109 0.10  0.477 -1268.567430  156.0   5.360   5.248 |    0.000   0.000   0.000   0.000 |   -7.244  -7.398   2.127
  90B   0.00174005 0.11  0.477 -1268.566263  156.0   5.360   5.248 |    0.000   0.000   0.000   0.000 |   -7.244  -7.398   2.501
  91B   0.00161436 0.13  0.477 -1268.565415  156.0   5.360   5.248 |    0.000   0.000   0.000   0.000 |   -7.244  -7.398   1.858
  92B   0.00193680 0.10  0.477 -1268.565844  156.0   5.360   5.248 |    0.000   0.000   0.000   0.000 |   -7.245  -7.398   2.296
  93B   0.00179393 0.11  0.477 -1268.564098  156.0   5.360   5.248 |    0.000   0.000   0.000   0.000 |   -7.245  -7.398   2.669
  94B   0.00184810 0.10  0.477 -1268.563858  156.0   5.360   5.248 |    0.000   0.000   0.000   0.000 |   -7.244  -7.398   1.613
  95B   0.00161847 0.11  0.477 -1268.563520  156.0   5.360   5.248 |    0.000   0.000   0.000   0.000 |   -7.245  -7.398   1.281
  96B   0.00198487 0.10  0.477 -1268.562473  156.0   5.360   5.248 |    0.000   0.000   0.000   0.000 |   -7.244  -7.398   1.492
  97B   0.00163209 0.11  0.477 -1268.561495  156.0   5.360   5.248 |    0.000   0.000   0.000   0.000 |   -7.245  -7.398   1.779
  98B   0.00179816 0.10  0.477 -1268.561825  156.0   5.360   5.248 |    0.000   0.000   0.000   0.000 |   -7.245  -7.398   1.699
  99B   0.00274198 0.10  0.477 -1268.559972  156.0   5.360   5.248 |    0.000  -0.000   0.000  -0.000 |   -7.245  -7.399   1.591
 100B   0.00091060 0.11  0.477 -1268.557893  156.0   5.360   5.248 |    0.000  -0.000   0.000  -0.000 |   -7.244  -7.399   1.691
 101B   0.00125505 0.10  0.477 -1268.558232  156.0   5.360   5.248 |    0.000  -0.000   0.000  -0.000 |   -7.244  -7.399   2.195
 102B   0.00041295 0.11  0.477 -1268.558708  156.0   5.360   5.248 |    0.000  -0.000   0.000  -0.000 |   -7.244  -7.399   1.801
 103B   0.00038158 0.13  0.477 -1268.559590  156.0   5.360   5.248 |    0.000   0.000   0.000   0.000 |   -7.244  -7.398   1.628
 104B   0.00049082 0.10  0.477 -1268.559950  156.0   5.360   5.248 |    0.000   0.000   0.000   0.000 |   -7.244  -7.398   1.810
 105B   0.00030326 0.11  0.477 -1268.560131  156.0   5.360   5.248 |    0.000   0.000   0.000   0.000 |   -7.244  -7.398   1.300
 106B   0.00030668 0.10  0.477 -1268.560169  156.0   5.360   5.248 |    0.000   0.000   0.000   0.000 |   -7.244  -7.398   1.450
 107B   0.00098808 0.10  0.477 -1268.560344  156.0   5.360   5.248 |    0.000   0.000   0.000   0.000 |   -7.244  -7.398   2.490
 108B   0.00013782 0.11  0.477 -1268.560200  156.0   5.360   5.248 |    0.000  -0.000   0.000  -0.000 |   -7.244  -7.398   1.716
 109B   0.00022310 0.10  0.477 -1268.560128  156.0   5.360   5.248 |    0.000  -0.000   0.000  -0.000 |   -7.244  -7.398   1.590
 110B   0.00014018 0.11  0.477 -1268.560175  156.0   5.360   5.248 |    0.000  -0.000   0.000  -0.000 |   -7.244  -7.398   2.303
 111B   0.00009703 0.13  0.477 -1268.560187  156.0   5.360   5.248 |    0.000  -0.000   0.000  -0.000 |   -7.244  -7.398   2.039
 112B   0.00007865 0.14  0.477 -1268.560084  156.0   5.360   5.248 |    0.000  -0.000   0.000  -0.000 |   -7.244  -7.398   2.903
 113B   0.00006621 0.16  0.477 -1268.560091  156.0   5.360   5.248 |    0.000  -0.000   0.000  -0.000 |   -7.244  -7.398   1.356
 114B   0.00003988 0.18  0.477 -1268.560087  156.0   5.360   5.248 |    0.000  -0.000   0.000  -0.000 |   -7.244  -7.398   1.917
 115B   0.00003708 0.21  0.477 -1268.560074  156.0   5.360   5.248 |    0.000  -0.000   0.000  -0.000 |   -7.244  -7.398   1.797
 116B   0.00001837 0.24  0.477 -1268.560070  156.0   5.360   5.248 |    0.000   0.000   0.000   0.000 |   -7.244  -7.398   1.528
 117B   0.00001424 0.27  0.477 -1268.560082  156.0   5.360   5.248 |    0.000   0.000   0.000   0.000 |   -7.244  -7.398   2.358
 118B   0.00001219 0.30  0.477 -1268.560090  156.0   5.360   5.248 |    0.000   0.000   0.000   0.000 |   -7.244  -7.398   2.488
 119B   0.00001238 0.10  0.477 -1268.560089  156.0   5.360   5.248 |    0.000   0.000   0.000   0.000 |   -7.244  -7.398   3.678
 120B   0.00001102 0.11  0.477 -1268.560094  156.0   5.360   5.248 |    0.000   0.000   0.000   0.000 |   -7.244  -7.398   1.803
 121B   0.00000784 0.13  0.477 -1268.560106  156.0   5.360   5.248 |    0.000  -0.000   0.000  -0.000 |   -7.244  -7.398   1.943
 122B   0.00000774 0.14  0.477 -1268.560130  156.0   5.360   5.248 |    0.000  -0.000   0.000  -0.000 |   -7.244  -7.398   1.609
 123B   0.00000420 0.16  0.477 -1268.560132  156.0   5.360   5.248 |    0.000  -0.000   0.000  -0.000 |   -7.244  -7.398   1.701
 124B   0.00000283 0.18  0.477 -1268.560130  156.0   5.360   5.248 |    0.000   0.000   0.000  -0.000 |   -7.244  -7.398   1.615
 125B   0.00000700 0.10  0.477 -1268.560130  156.0   5.360   5.248 |    0.000   0.000   0.000   0.000 |   -7.244  -7.398   1.281
 126B   0.00000203 0.11  0.477 -1268.560133  156.0   5.360   5.248 |    0.000  -0.000   0.000   0.000 |   -7.244  -7.398   2.028
 127B   0.00000095 0.13  0.477 -1268.560133  156.0   5.360   5.248 |    0.000   0.000   0.000   0.000 |   -7.244  -7.398   1.597
 128B   0.00000069 0.14  0.477 -1268.560133  156.0   5.360   5.248 |    0.000  -0.000   0.000   0.000 |   -7.244  -7.398   1.879
 129B   0.00000052 0.16  0.477 -1268.560133  156.0   5.360   5.248 |    0.000   0.000   0.000   0.000 |   -7.244  -7.398   2.457
 130B   0.00000014 0.18  0.477 -1268.560133  156.0   5.360   5.248 |    0.000   0.000   0.000  -0.000 |   -7.244  -7.398   3.632
 131B   0.00000014 0.10  0.477 -1268.560133  156.0   5.360   5.248 |    0.000  -0.000   0.000  -0.000 |   -7.244  -7.398   4.393
 132B   0.00000010 0.11  0.477 -1268.560133  156.0   5.360   5.248 |    0.000  -0.000   0.000  -0.000 |   -7.244  -7.398   8.359
 133B   0.00000008 0.13  0.477 -1268.560133  156.0   5.360   5.248 |    0.000  -0.000   0.000  -0.000 |   -7.244  -7.398   5.258
 134B   0.00000008 0.14  0.477 -1268.560133  156.0   5.360   5.248 |    0.000  -0.000   0.000  -0.000 |   -7.244  -7.398   4.325
 135B   0.00000003 0.16  0.477 -1268.560133  156.0   5.360   5.248 |    0.000   0.000   0.000  -0.000 |   -7.244  -7.398   6.603
 136B   0.00000002 0.18  0.477 -1268.560133  156.0   5.360   5.248 |    0.000  -0.000   0.000  -0.000 |   -7.244  -7.398   4.706
 137B   0.00000002 0.21  0.477 -1268.560133  156.0   5.360   5.248 |    0.000  -0.000   0.000  -0.000 |   -7.244  -7.398   3.580
 138B   0.00000002 0.24  0.477 -1268.560133  156.0   5.360   5.248 |    0.000   0.000   0.000  -0.000 |   -7.244  -7.398   4.902
 139B   0.00000002 0.27  0.477 -1268.560133  156.0   5.360   5.248 |    0.000  -0.000   0.000  -0.000 |   -7.244  -7.398   5.683
 140B   0.00000002 0.10  0.477 -1268.560133  156.0   5.360   5.248 |    0.000  -0.000   0.000  -0.000 |   -7.244  -7.398   7.247
 141B   0.00000003 0.10  0.477 -1268.560133  156.0   5.360   5.248 |    0.000   0.000   0.000  -0.000 |   -7.244  -7.398   8.859
 142B   0.00000002 0.11  0.477 -1268.560133  156.0   5.360   5.248 |    0.000  -0.000   0.000   0.000 |   -7.244  -7.398   4.817
 143B   0.00000001 0.13  0.477 -1268.560133  156.0   5.360   5.248 |    0.000   0.000   0.000   0.000 |   -7.244  -7.398   4.809
 144B   0.00000004 0.10  0.477 -1268.560133  156.0   5.360   5.248 |    0.000   0.000   0.000   0.000 |   -7.244  -7.398   2.623
 145B   0.00000003 0.11  0.477 -1268.560133  156.0   5.360   5.248 |    0.000  -0.000   0.000   0.000 |   -7.244  -7.398   1.337
 146B   0.00000001 0.13  0.477 -1268.560133  156.0   5.360   5.248 |    0.000   0.000   0.000   0.000 |   -7.244  -7.398   1.599
 147B   0.00000000 0.14  0.477 -1268.560133  156.0   5.360   5.248 |    0.000  -0.000   0.000   0.000 |   -7.244  -7.398   5.002
 148B   0.00000000 0.16  0.477 -1268.560133  156.0   5.360   5.248 |    0.000  -0.000   0.000   0.000 |   -7.244  -7.398   4.351
 149B   0.00000000 0.18  0.477 -1268.560133  156.0   5.360   5.248 |    0.000  -0.000   0.000  -0.000 |   -7.244  -7.398   8.248
 150B   0.00000000 0.21  0.477 -1268.560133  156.0   5.360   5.248 |    0.000  -0.000   0.000  -0.000 |   -7.244  -7.398   7.405
 151B   0.00000000 0.24  0.477 -1268.560133  156.0   5.360   5.248 |    0.000  -0.000   0.000   0.000 |   -7.244  -7.398   5.658
  ----------------------------------------------------------------------------------------------------------------------------------
  *   iteration converged   after 151 steps   si=     0.0000000008 ho=  0 tho=  0
  ----------------------------------------------------------------------------------------------------------------------------------
  Total CPU time=   6.424 minutes

  Writing to wel_file: s092_064.hel
 __________________________________  
  The tape s092_064.hel recorded:     
  nucname,npr,ngh,ngl,n00,nb,nt      
  b0,beta0,si,etot,rms,bet,xmix      
  pairing:     CpV0,CpV1,pwi         
  delta:       del,ept               
  lambda:      ala,ala2,alast,tz     
  asymptotic:  varmas,ass,skass      
  ntx,nb,nhhdim,id,N_rz,n_r,n_z      
  Omega2,Sigma2,Parity,Lambda        
  matrices(inbro):    hh,de          
  *all blocking candidates           
 __________________________________  


  NB! From expect (UNPROJECTED RESULTS)

  pairing: CpV0,CpV1,...           0.100000       0.100000       1.000000       1.000000
  forces:   UNE1                          


                             neutrons         protons         total
  Requested part.numbs.      92.000000      64.000000     156.000000
  UnPj(av) part.numbs .      92.000000      64.000000     156.000000
  b0, bz, bp ..........       2.130153       2.136882       2.126796

  lambda (ala) ........      -7.244399      -7.398414
  Lambda (alast) ......      -7.244399      -7.398414
  delta(n,p), pwi .....       0.000000       0.000000      60.000000
  pairing energy ......       0.000000       0.000000       0.000000

  rms-radius ..........       5.359948       5.247802       5.314226
  charge-radius, r0 ...                      5.308430       6.459855
  deformation beta2....       0.456841       0.507388       0.477063
  dipole moment[fm] ...       0.000000       0.000000       0.000000
  quadrupole moment[b]       15.232958      11.281984      26.514942
  octupole moment .....       0.000000       0.000000       0.000000
  hexadecapole moment .       1.132033       0.869077       2.001110
  q5 ..................       0.000000       0.000000       0.000000
  q6 ..................       0.156003       0.132242       0.288245
  q7 ..................       0.000000       0.000000       0.000000
  q8 ..................      -0.018290      -0.011644      -0.029934

  <r^0> [fm^0] ........            1.000000            1.000000            1.000000
  <r^2> [fm^2] ........           28.729041           27.539430           28.240996
  <r^4> [fm^4] ........         1126.970406         1029.485357         1086.976540
  <r^6> [fm^6] ........        54120.100760        47112.263800        51245.090725
  <r^8> [fm^8] ........      3018630.772059      2508900.791425      2809510.780004

  kinetic energy ......    1798.902916    1063.625548    2862.528464
  volume energy .......                                 -4757.217390
        rho_tau .......                                  -110.039286
        rho_rho .......                                 -4647.178103
  surface energy ......                                   171.392647
   rho_DELTA_rho ......                                   171.392647
   (NABLA_rho)^2 ......                                     0.000000
  spin-orbit energy ...                                   -61.112227
        rho_NABLA_J ...                                   -61.112227
        NABLA_rho_J ...                                     0.000000
  coulomb energy ......                                   515.848373
          direct ......                                   540.284022
          exchange ....                                   -24.435649
  tensor energy .......                                     0.000000
  direct Hartree E  ...                                     0.000000
  Extra E .............                                     0.000000
  External field E ....                                     0.000000
  Entropy .............       2.880342       0.005690       2.886032

  tEnergy: ehfb (qp)...                                 -1268.560133

  Calculated but not added corrections 
====================================
  cmc-diagonal part ...       0.000000       0.000000       0.000000
  cmc-hfb .............       0.000000       0.000000       0.000000
  cranking rot corr ...       0.000000       0.000000       0.000000

  SQUJ ................       0.000000       0.000000       0.000000
  CRAN x 4 ............       0.000000       0.000000       0.000000
  Rigit Body ..........       0.000000       0.000000       0.000000


   Blocking candidates are:
   neutron eqpmin=   2.8946822699033703E-002  pwiblo=   2.0016019225635890     
    num=   1 block=   3 state=   1    67 Eqp=   0.02894682  (1-2N)E=  -0.02894682  Ovlp=   0.95395071  3+[ 4, 0, 2]
    num=   2 block=   4 state=   1    97 Eqp=   0.03202358  (1-2N)E=   0.03202358  Ovlp=   0.80517847  3-[ 5, 2, 1]
    num=   3 block=   1 state=   1     1 Eqp=   0.19233102  (1-2N)E=   0.19233102  Ovlp=   0.40272884  1+[ 6, 5, 1]
    num=   4 block=   1 state=   2     2 Eqp=   0.24898217  (1-2N)E=  -0.24898217  Ovlp=   0.93229721  1+[ 4, 0, 0]
    num=   5 block=   7 state=   1   167 Eqp=   0.51073481  (1-2N)E=  -0.51073481  Ovlp=   0.97717757  7+[ 4, 0, 4]
    num=   6 block=  10 state=   1   219 Eqp=   0.68557936  (1-2N)E=  -0.68557936  Ovlp=   0.94951210  9-[ 5, 1, 4]
    num=   7 block=   5 state=   1   122 Eqp=   0.70901250  (1-2N)E=  -0.70901250  Ovlp=   0.63147583  5+[ 6, 4, 2]
    num=   8 block=   2 state=   1    37 Eqp=   1.19924889  (1-2N)E=   1.19924889  Ovlp=   0.82053982  1-[ 5, 2, 1]
    num=   9 block=   6 state=   1   147 Eqp=   1.45668839  (1-2N)E=   1.45668839  Ovlp=   0.84563739  5-[ 5, 2, 3]
    num=  10 block=   7 state=   2   168 Eqp=   1.57431176  (1-2N)E=   1.57431176  Ovlp=   0.80210582  7+[ 6, 3, 3]
    num=  11 block=   5 state=   2   123 Eqp=   1.74333973  (1-2N)E=  -1.74333973  Ovlp=   0.91154165  5+[ 4, 0, 2]
    num=  12 block=  12 state=   1   243 Eqp=   1.89039338  (1-2N)E=   1.89039338  Ovlp=   0.99146058 11-[ 5, 0, 5]

   Blocking candidates are:
   proton  eqpmin=  0.45929631320047548       pwiblo=   2.0016019225635890     
    num=   1 block=   2 state=   1    37 Eqp=   0.45929631  (1-2N)E=  -0.45929631  Ovlp=   0.53782170  1-[ 5, 4, 1]
    num=   2 block=   3 state=   1    67 Eqp=   0.44371489  (1-2N)E=   0.44371489  Ovlp=   0.89684934  3+[ 4, 1, 1]
    num=   3 block=   9 state=   1   203 Eqp=   0.50959065  (1-2N)E=  -0.50959065  Ovlp=   0.98109257  9+[ 4, 0, 4]
    num=   4 block=   5 state=   1   122 Eqp=   0.89434723  (1-2N)E=   0.89434723  Ovlp=   0.93149263  5+[ 4, 1, 3]
    num=   5 block=   6 state=   1   147 Eqp=   1.00390236  (1-2N)E=  -1.00390236  Ovlp=   0.74504041  5-[ 5, 3, 2]
    num=   6 block=   1 state=   1     1 Eqp=   1.38908546  (1-2N)E=   1.38908546  Ovlp=   0.86908827  1+[ 4, 1, 1]
    num=   7 block=   8 state=   1   187 Eqp=   1.83971317  (1-2N)E=   1.83971317  Ovlp=   0.86850617  7-[ 5, 2, 3]
    num=   8 block=   1 state=   2     2 Eqp=   1.98296213  (1-2N)E=   1.98296213  Ovlp=   0.42945167  1+[ 8, 8, 0]



 HFBTHO_SOLVER ended without errors

