
  =======================================
           FORTRAN 95 CODE (KIND= 8) 
               Version: 200d  
  =======================================
       AXIALLY DEFORMED CONFIGURATIONAL  
     HARTREE-FOCK-BOGOLIUBOV CALCULATIONS
                     WITH                
            UNEDF AND DELTA PAIRING      
                     USING               
             HARMONIC-OSCILLATOR         
                   AND/OR                
       TRANSFORMED HARMONIC-OSCILLATOR   
                    BASIS                
                     ---                 
               v1.66  (2005):,           
   Stoitsov,Dobaczewski,Nazarewicz,Ring, 
               v2.00d (2012):,           
         Stoitsov,Schunck,Kortelainen    
  =======================================
    Nucleus: MG (A=  24, N= 12, Z= 12)
       Reflection Symmetry Imposed       
            ( 9/13/2022, 21:16)                               
  =======================================


  ---------------------------------------
           UNEDF Module Version:17
         M.Kortelainen & M.Stoitsov 
  ---------------------------------------

  UNE1 functional
  ----------------------------------
  Crho(0)=   -779.373008720865300    ; Crho(1)=    287.722131583286796    
  CDrho(0)=   891.477890442349690    ; CDrho(1)=  -200.587774317884879    
  Ctau(0)=  -0.989915057807676746    ; Ctau(1)=   -33.6320970701835549    
  CrDr(0)=   -44.2188631066273246    ; CrDr(1)=   -189.485009824471462    
  CrdJ(0)=   -75.5826869879372651    ; CrdJ(1)=   -33.3840328360222145    
  CJ(0)=      0.00000000000000000    ; CJ(1)=      0.00000000000000000    
  CpV0(0)=   0.100000000000000006    ; CpV0(1)=   0.100000000000000006    
  CpV1(0)=    1.00000000000000000    ; CpV1(1)=    1.00000000000000000    
  sigma=     0.270018011502707600    ; hbzero=     20.7355300000000007    
  e^2 chrg=   1.43997840859651305    ; CExPar=     1.00000000000000000    
  c.m. correction: F, chr. density in direct Coul: F
  use tensor terms: F
  use TMR pairing:  0

  Coupling constants in natural units
  -----------------------------------
  Crho_nu(0)=  -0.877667471343921757    ; Crho_nu(1)=   0.324009624211695935    
  CDrho_nu(0)=  0.941450913381434273    ; CDrho_nu(1)= -0.211831998717341041    
  Ctau_nu(0)=  -0.140321584905665799E-01; Ctau_nu(1)=  -0.476738799694694126    
  CrDr_nu(0)=  -0.626807411899589106    ; CrDr_nu(1)=   -2.68597155732944071    
  CrdJ_nu(0)=   -1.07139318125583438    ; CrdJ_nu(1)=  -0.473222460972357817    
  CJ_nu(0)=      0.00000000000000000    ; CJ_nu(1)=      0.00000000000000000    
  CpV0_nu(0)=   0.112611992142809880E-03; CpV0_nu(1)=   0.112611992142809880E-03
  CpV1_nu(0)=   0.887702254206059068E-03; CpV1_nu(1)=   0.887702254206059068E-03
  fpi_nu=        93.0000000000000000    ; Lambda_nu=     700.000000000000000    

  Nuclear matter properties
  ----------------------------------
      E_NM=     -15.8000000000000149      K_NM=     220.0000000000000284
      P_NM=      -0.0000000000000032    RHO_NM=       0.1587067693325870
    ASS_NM=      28.9867890577721070   LASS_NM=      40.0047904804136323
  SMASS_NM=       0.9924233322833640  VMASS_NM=       1.2498385742322700

  Associated (t,x)-coupling constants
  -----------------------------------
  t0=      -2078.32802325564080    ; x0=       0.537569206858470316E-01
  t1=       234.514049824935483    ; x1=       -6.67709636389288708    
  t2=       2050.43661788925419    ; x2=       -1.33771068368115054    
  t3=       14263.6462470775950    ; x3=      -0.162491168089956339    
  b4=       42.1986541519150506    ; b4p=       66.7680656720444290    
  te=      -612.468644739369211    ; to=       -249.284131126505343    
  sigma=   0.270018011502707600    ; hbzero=    20.7355300000000007    

  ---------------------------------------
        Characteristics of the run       
  ---------------------------------------
  Output file ................:     7
  Nucleus ....................:   MG  24
  Number of HO shells ........:     8
  HO length b0 (fm) ..........:     1.55928400372611
  Basis deformation ..........:  beta0=   0.010 q=   1.010
  HO: b0,1/b0,bp,bz,q ........:   0.15592840E+01  0.64131999E+00  0.15568270E+01  0.15642096E+01  0.10095067E+01
  h**2/(2m), cmc, e**2 .......:   0.20735530E+02  0.20735530E+02  0.14399784E+01
  hom=f*41.0_pr*A^{-1/3}, f...:   0.17056687E+02  0.12000000E+01
  THO basis is ...............:  OFF
  Maximal number of iterations:   400
  Initial mixing parameter ...:  0.300
  Initial w.f. ...............:  from   spherical scratch
  Skyrme functional ..........:    UNE1                          
    with direct and exchange Coulomb
  Lipkin-Nogami procedure is .:  OFF
  PAV procedure is ...........:  OFF
  Constraint calculation is ..:   ON
    Constraint 1 .............: lambda=2 Ql=  -0.596
  Temperature T ..............:   0.05 MeV
  Restart indicator ..........:   1
  Broyden mixing (#iterations):   7

  ---------------------------------------
        Harmonic Oscillator Basis        
  ---------------------------------------
  NUV, NQP:                        2501     165
  Comparison with bookkeeping spherical basis:
  n00:                                8       8  Maximal number of shells
  nbx, 2*n00+1:                      17      17  Maximal number of K-blocks
  ntx, (n00+1)*(n00+2)*(n00+3)/6    165     165  Max.num. p/n levels
  nzx, n00:                           8       8  Maximal nz-quantum number
  nrx, n00/2  :                       4       4  Maximal nr-quantum number
  nlx, n00:                           8       8  Maximal ml-quantum number
  ndx, (n00+2)*(n00+2)/4:            25      25  Maximal dim. of one k-block

  Actual basis used
  Number of blocks: nb .......:   17
  Number of levels: nt .......:  165
  Maximal 2*omega : nom ......:   17
  Maximal nz:       nzm ......:    8
  Maximal nr:       nrm ......:    4
  Maximal ml:       nlm ......:    8
  Maximal N=nz+2*nr+nl .......:    8
  2 x biggest block dim. .....:   50
  Non-zero elements of h .....:     1333
  Number of Broyden elements .:     5332

  ---------------------------------------
            Integration Meshes           
  ---------------------------------------
  Number of Gauss-Hermite mesh points ngh ....:  40
  Number of Gauss-Laguerre mesh points ngl ...:  40
  Number of Gauss-Legendre mesh points nleg ..:  80
  Integration boundaries
    Hermite  - from xh(1)  =  0.12379686 to xh(ngh)   = 11.88786356
    Laguerre - From xl(1)  =  0.03570039 to xl(ngl)   =142.28004447
    Legendre - From xleg(1)=  0.00978669 to xleg(nleg)=  0.99988775
  Max.dev.in:     Orthogonality            Normalization
  Hermite     1.5248282503475657E-015   1.0991207943789050E-014
  Laguerre    4.2896485016951012E-015   8.9928064994637680E-015

  Scratch initialization for the nucleus: MG  12  12


  Initial potentials of Saxon-Woods shape 
  v0ws   =  -71.27999878
  kappa  =    0.46160001
  vs0    =   11.11750031   11.11750031
  r0     =    1.23339999    1.23339999
  a      =    0.61500001    0.61500001
  r0-so  =    1.14429998    1.14429998
  a-so   =    0.64760000    0.64760000
  beta00 =    0.01000000

  ### REGULAR STAGE (reflection symmetry imposed)
  |HFB+HO> iterations(b0=  1.559, Nsh=  8, inin=  1, N= 12, Z= 12)...
  ----------------------------------------------------------------------------------------------------------------------------------
  i          si     mix   beta      Etot       A       rn      rp         En      Dn      Ep      Dp        Ln      Lp     time
  ----------------------------------------------------------------------------------------------------------------------------------
   1L  73.90480883 0.30  0.010     0.000000    0.0   0.000   0.000 |   -2.000   1.000  -2.000   1.000 |   -7.000  -7.000   0.000
   2B  40.55280802 0.10  0.009   -56.128766   24.0   2.625   2.625 |    0.000  -0.000   0.000  -0.000 |  -17.169 -17.169  39.908
   3B  14.73835711 0.11 -0.169  -154.795977   24.0   3.012   3.060 |    0.000  -0.000   0.000  -0.000 |  -11.589  -8.066   1.190
   4B  39.44329118 0.10 -0.253  -117.349345   24.0   2.969   2.954 |    0.000  -0.000   0.000  -0.000 |  -12.469  -8.285   1.162
   5B  37.48923710 0.11 -0.261  -116.399337   24.0   2.983   2.945 |    0.000  -0.000   0.000  -0.000 |  -12.741  -8.297   1.028
   6B  16.25527382 0.13 -0.271  -166.467070   24.0   2.942   3.025 |    0.000  -0.000   0.000  -0.000 |  -12.804  -8.623   1.315
   7B   8.39437689 0.14 -0.286  -181.079044   24.0   2.978   3.007 |    0.000  -0.000   0.000  -0.000 |  -13.098  -8.474   1.508
   8B   6.85460142 0.16 -0.289  -181.347628   24.0   3.001   2.990 |    0.000  -0.000   0.000  -0.000 |  -13.158  -8.635   1.495
   9B  11.69610582 0.10 -0.305  -178.059169   24.0   2.990   3.019 |    0.000  -0.000   0.000  -0.000 |  -13.285  -8.803   1.546
  10B   4.17486840 0.11 -0.317  -182.437273   24.0   3.000   3.023 |    0.000   0.000   0.000   0.000 |  -13.425  -8.845   1.744
  11B   1.32277999 0.13 -0.311  -183.478977   24.0   2.997   3.023 |    0.000   0.000   0.000   0.000 |  -13.342  -8.797   1.698
  12B   3.03468632 0.10 -0.317  -182.943118   24.0   3.006   3.022 |    0.000   0.000   0.000   0.000 |  -13.379  -8.797   1.634
  13B   1.62661832 0.11 -0.316  -183.261868   24.0   3.004   3.024 |    0.000   0.000   0.000   0.000 |  -13.342  -8.795   1.020
  14B   1.48267025 0.13 -0.315  -183.373468   24.0   3.004   3.023 |    0.000   0.000   0.000   0.000 |  -13.321  -8.772   1.490
  15B   1.48895030 0.10 -0.315  -183.360328   24.0   3.003   3.023 |    0.000   0.000   0.000   0.000 |  -13.312  -8.769   1.648
  16L   1.49447828 0.10 -0.315  -183.364916   24.0   3.003   3.023 |    0.000   0.000   0.000   0.000 |  -13.313  -8.769   1.377
  17B   9.14898799 0.10 -0.310  -179.746020   24.0   3.004   3.017 |    0.000   0.000   0.000   0.000 |  -13.292  -8.707   1.051
  18B   1.48022834 0.11 -0.314  -183.389742   24.0   3.005   3.020 |    0.000   0.000   0.000   0.000 |  -13.309  -8.745   1.222
  19B   1.34777841 0.13 -0.310  -183.352954   24.0   3.000   3.020 |    0.000   0.000   0.000   0.000 |  -13.256  -8.720   1.658
  20B   1.79101207 0.10 -0.309  -183.431856   24.0   2.997   3.021 |    0.000  -0.000   0.000  -0.000 |  -13.233  -8.679   1.151
  21B   1.52784516 0.11 -0.303  -183.431984   24.0   2.996   3.014 |    0.000   0.000   0.000   0.000 |  -13.177  -8.644   1.717
  22B   1.26179005 0.13 -0.307  -183.558348   24.0   2.996   3.018 |    0.000   0.000   0.000   0.000 |  -13.192  -8.663   1.631
  23B   1.21384677 0.14 -0.307  -183.567970   24.0   2.997   3.018 |    0.000   0.000   0.000   0.000 |  -13.211  -8.662   1.493
  24B   1.28636723 0.10 -0.308  -183.575634   24.0   2.997   3.018 |    0.000   0.000   0.000   0.000 |  -13.215  -8.665   1.525
  25B   1.20306060 0.11 -0.306  -183.607045   24.0   2.996   3.017 |    0.000   0.000   0.000   0.000 |  -13.193  -8.648   1.608
  26B   1.43693824 0.10 -0.303  -183.637211   24.0   2.991   3.016 |    0.000   0.000   0.000   0.000 |  -13.159  -8.620   1.697
  27B   1.20314448 0.11 -0.299  -183.803871   24.0   2.992   3.005 |    0.000   0.000   0.000   0.000 |  -13.123  -8.530   1.378
  28L   1.06110564 0.13 -0.295  -183.873734   24.0   2.987   3.005 |    0.000   0.000   0.000   0.000 |  -13.075  -8.515   1.582
  29B   5.28840922 0.10 -0.297  -182.660905   24.0   2.984   3.007 |    0.000   0.000   0.000   0.000 |  -13.059  -8.524   1.727
  30B   1.62366729 0.11 -0.306  -183.493368   24.0   2.994   3.013 |    0.000   0.000   0.000   0.000 |  -13.151  -8.624   1.852
  31L   1.19512023 0.13 -0.304  -183.666707   24.0   2.996   3.013 |    0.000   0.000   0.000   0.000 |  -13.158  -8.633   1.622
  32B   2.82643806 0.10 -0.305  -183.408262   24.0   2.994   3.013 |    0.000   0.000   0.000   0.000 |  -13.176  -8.590   1.408
  33L   2.42936430 0.11 -0.302  -183.519093   24.0   2.994   3.012 |    0.000   0.000   0.000   0.000 |  -13.156  -8.597   1.563
  34B  16.89960547 0.10 -0.301  -170.706801   24.0   2.994   3.005 |    0.000   0.000   0.000   0.000 |  -13.208  -8.537   1.674
  35L   3.80881065 0.11 -0.299  -183.014988   24.0   2.989   3.013 |    0.000   0.000   0.000   0.000 |  -13.127  -8.584   1.413
  36B  20.57187904 0.10 -0.299  -163.053731   24.0   2.993   2.998 |    0.000   0.000   0.000   0.000 |  -13.318  -8.481   1.573
  37B   3.41578751 0.11 -0.311  -182.994349   24.0   3.003   3.022 |    0.000   0.000   0.000   0.000 |  -13.263  -8.725   1.648
  38L   2.54624874 0.13 -0.308  -183.320801   24.0   2.995   3.022 |    0.000   0.000   0.000   0.000 |  -13.204  -8.687   1.993
  39B  17.90800254 0.10 -0.306  -168.932873   24.0   3.003   3.004 |    0.000   0.000   0.000   0.000 |  -13.327  -8.566   1.376
  40L   3.52216194 0.11 -0.311  -182.963359   24.0   3.000   3.023 |    0.000   0.000   0.000   0.000 |  -13.261  -8.725   1.578
  41B  21.64010667 0.10 -0.309  -162.978908   24.0   3.003   3.009 |    0.000   0.000   0.000   0.000 |  -13.401  -8.587   1.517
  42B   1.81714267 0.11 -0.313  -183.286423   24.0   3.001   3.023 |    0.000   0.000   0.000   0.000 |  -13.269  -8.744   1.514
  43B   2.05151642 0.10 -0.310  -183.379487   24.0   3.000   3.020 |    0.000   0.000   0.000   0.000 |  -13.245  -8.710   1.174
  44B   1.59082816 0.11 -0.309  -183.436460   24.0   2.998   3.019 |    0.000   0.000   0.000   0.000 |  -13.232  -8.692   1.092
  45B   1.48752478 0.13 -0.308  -183.469506   24.0   2.997   3.019 |    0.000   0.000   0.000   0.000 |  -13.218  -8.685   1.062
  46B   1.57047297 0.10 -0.309  -183.462668   24.0   2.997   3.019 |    0.000   0.000   0.000   0.000 |  -13.226  -8.683   1.085
  47B   1.27227957 0.11 -0.306  -183.624183   24.0   2.993   3.017 |    0.000   0.000   0.000   0.000 |  -13.182  -8.659   1.697
  48B   2.87448161 0.10 -0.297  -183.536172   24.0   2.993   3.005 |    0.000  -0.000   0.000  -0.000 |  -13.159  -8.521   1.593
  49B   2.25274204 0.11 -0.293  -183.691926   24.0   2.987   2.996 |    0.000  -0.000   0.000  -0.000 |  -13.056  -8.483   1.391
  50B   2.02204191 0.13 -0.293  -183.829833   24.0   2.984   3.004 |    0.000  -0.000   0.000  -0.000 |  -13.062  -8.500   1.777
  51L   1.03928082 0.14 -0.294  -183.878523   24.0   2.985   3.005 |    0.000  -0.000   0.000  -0.000 |  -13.077  -8.502   1.303
  52L   6.13523183 0.10 -0.297  -182.272724   24.0   2.987   3.002 |    0.000  -0.000   0.000  -0.000 |  -13.094  -8.496   1.151
  53B  26.58370711 0.10 -0.292  -151.894080   24.0   2.967   3.007 |    0.000  -0.000   0.000  -0.000 |  -12.849  -8.688   1.658
  54B   3.85602485 0.11 -0.312  -182.805023   24.0   3.001   3.020 |    0.000   0.000   0.000   0.000 |  -13.277  -8.716   1.663
  55B   2.59114098 0.13 -0.300  -183.541247   24.0   2.987   3.005 |    0.000   0.000   0.000   0.000 |  -13.136  -8.520   1.781
  56B   3.76081077 0.10 -0.300  -183.044507   24.0   2.992   3.008 |    0.000   0.000   0.000   0.000 |  -13.161  -8.570   1.460
  57B   2.52491221 0.11 -0.302  -183.434922   24.0   2.986   3.013 |    0.000  -0.000   0.000  -0.000 |  -13.117  -8.605   1.089
  58B   3.29093500 0.10 -0.303  -183.172944   24.0   2.996   3.008 |    0.000  -0.000   0.000  -0.000 |  -13.180  -8.602   1.038
  59B   3.08507763 0.11 -0.292  -183.380805   24.0   2.983   3.002 |    0.000  -0.000   0.000  -0.000 |  -13.045  -8.488   1.657
  60B   1.62748489 0.13 -0.299  -183.661862   24.0   2.990   3.010 |    0.000  -0.000   0.000  -0.000 |  -13.134  -8.594   1.519
  61B   1.97622610 0.10 -0.293  -183.751052   24.0   2.987   3.003 |    0.000  -0.000   0.000  -0.000 |  -13.094  -8.489   1.117
  62L   1.02612955 0.11 -0.291  -184.035965   24.0   2.982   3.002 |    0.000  -0.000   0.000  -0.000 |  -13.032  -8.465   1.181
  63B   1.09024295 0.10 -0.292  -183.983415   24.0   2.981   3.000 |    0.000  -0.000   0.000  -0.000 |  -13.024  -8.454   1.589
  64B   1.16340622 0.10 -0.288  -184.033639   24.0   2.979   3.000 |    0.000  -0.000   0.000  -0.000 |  -13.001  -8.447   1.618
  65B   1.63671024 0.10 -0.280  -184.172577   24.0   2.974   2.992 |    0.000   0.000   0.000   0.000 |  -12.924  -8.374   1.663
  66B   1.64401357 0.10 -0.281  -184.093859   24.0   2.976   2.991 |    0.000   0.000   0.000   0.000 |  -12.966  -8.351   1.595
  67B   2.41644469 0.10 -0.280  -184.002110   24.0   2.970   2.996 |    0.000   0.000   0.000   0.000 |  -12.934  -8.370   1.399
  68B   1.08073943 0.11 -0.276  -184.249502   24.0   2.971   2.989 |    0.000   0.000   0.000   0.000 |  -12.921  -8.327   1.458
  69B   0.61393507 0.13 -0.273  -184.386377   24.0   2.967   2.987 |    0.000   0.000   0.000   0.000 |  -12.887  -8.300   1.416
  70B   0.49346617 0.14 -0.266  -184.495064   24.0   2.962   2.981 |    0.000   0.000   0.000   0.000 |  -12.844  -8.237   1.547
  71B   1.11589219 0.10 -0.268  -184.417868   24.0   2.963   2.983 |    0.000   0.000   0.000   0.000 |  -12.838  -8.263   0.943
  72L   0.74358013 0.11 -0.253  -184.563905   24.0   2.954   2.972 |    0.000   0.000   0.000   0.000 |  -12.758  -8.155   1.009
  73B   2.83634000 0.10 -0.261  -184.127017   24.0   2.954   2.974 |    0.000   0.000   0.000   0.000 |  -12.777  -8.174   1.537
  74L   0.54856522 0.11 -0.226  -184.801678   24.0   2.936   2.956 |    0.000   0.000   0.000   0.000 |  -12.621  -7.978   1.565
  75B   1.69490542 0.10 -0.231  -184.655697   24.0   2.937   2.955 |    0.000   0.000   0.000   0.000 |  -12.616  -8.001   1.715
  76B   0.61633830 0.11 -0.212  -184.828464   24.0   2.928   2.948 |    0.000  -0.000   0.000  -0.000 |  -12.559  -7.930   1.140
  77B   0.35539164 0.13 -0.211  -184.845778   24.0   2.929   2.947 |    0.000  -0.000   0.000  -0.000 |  -12.563  -7.920   1.017
  78B   0.55240341 0.10 -0.221  -184.830589   24.0   2.933   2.952 |    0.000  -0.000   0.000  -0.000 |  -12.584  -7.958   1.604
  79B   0.26075539 0.11 -0.219  -184.848674   24.0   2.931   2.951 |    0.000  -0.000   0.000  -0.000 |  -12.579  -7.950   1.524
  80B   0.13255289 0.13 -0.220  -184.848471   24.0   2.933   2.951 |    0.000   0.000   0.000   0.000 |  -12.590  -7.956   1.665
  81B   0.11712232 0.14 -0.221  -184.847720   24.0   2.933   2.952 |    0.000   0.000   0.000   0.000 |  -12.591  -7.964   1.795
  82B   0.28168553 0.10 -0.224  -184.838198   24.0   2.934   2.953 |    0.000   0.000   0.000   0.000 |  -12.606  -7.976   1.575
  83B   0.08309033 0.11 -0.223  -184.844640   24.0   2.934   2.952 |    0.000   0.000   0.000   0.000 |  -12.602  -7.972   1.600
  84B   0.06217054 0.13 -0.224  -184.841758   24.0   2.934   2.953 |    0.000   0.000   0.000   0.000 |  -12.607  -7.978   1.520
  85B   0.05843631 0.14 -0.224  -184.841372   24.0   2.934   2.953 |    0.000   0.000   0.000   0.000 |  -12.609  -7.979   1.574
  86B   0.05686151 0.16 -0.224  -184.841027   24.0   2.934   2.953 |    0.000   0.000   0.000   0.000 |  -12.609  -7.980   1.586
  87B   0.15508467 0.10 -0.224  -184.840201   24.0   2.934   2.953 |    0.000   0.000   0.000   0.000 |  -12.607  -7.980   1.062
  88B   0.06017591 0.11 -0.224  -184.841531   24.0   2.934   2.953 |    0.000   0.000   0.000   0.000 |  -12.608  -7.979   1.668
  89B   0.05943193 0.13 -0.224  -184.841415   24.0   2.934   2.953 |    0.000   0.000   0.000   0.000 |  -12.609  -7.979   1.589
  90B   0.05877418 0.14 -0.224  -184.841268   24.0   2.934   2.953 |    0.000   0.000   0.000   0.000 |  -12.609  -7.979   1.491
  91B   0.05833559 0.16 -0.224  -184.841206   24.0   2.934   2.953 |    0.000   0.000   0.000   0.000 |  -12.609  -7.979   1.526
  92B   0.06589493 0.10 -0.224  -184.840308   24.0   2.934   2.953 |    0.000   0.000   0.000   0.000 |  -12.610  -7.980   1.500
  93B   0.05153681 0.11 -0.224  -184.840066   24.0   2.934   2.953 |    0.000   0.000   0.000   0.000 |  -12.610  -7.981   1.503
  94B   0.04373821 0.13 -0.225  -184.839400   24.0   2.935   2.953 |    0.000   0.000   0.000   0.000 |  -12.611  -7.983   1.402
  95B   0.03672705 0.14 -0.225  -184.838381   24.0   2.935   2.954 |    0.000   0.000   0.000   0.000 |  -12.612  -7.984   1.290
  96B   0.06301643 0.10 -0.226  -184.836252   24.0   2.935   2.954 |    0.000   0.000   0.000   0.000 |  -12.615  -7.988   1.504
  97B   0.03240751 0.11 -0.226  -184.836648   24.0   2.935   2.954 |    0.000   0.000   0.000   0.000 |  -12.615  -7.987   1.573
  98B   0.01916495 0.13 -0.226  -184.834881   24.0   2.935   2.954 |    0.000   0.000   0.000   0.000 |  -12.618  -7.990   1.613
  99B   0.00396002 0.14 -0.227  -184.833034   24.0   2.936   2.954 |    0.000  -0.000   0.000  -0.000 |  -12.620  -7.993   1.566
 100B   0.00339118 0.16 -0.227  -184.832599   24.0   2.936   2.955 |    0.000  -0.000   0.000  -0.000 |  -12.621  -7.994   1.498
 101B   0.00236449 0.18 -0.227  -184.832496   24.0   2.936   2.955 |    0.000  -0.000   0.000  -0.000 |  -12.621  -7.994   1.634
 102B   0.00375459 0.10 -0.227  -184.832387   24.0   2.936   2.955 |    0.000  -0.000   0.000  -0.000 |  -12.621  -7.994   1.684
 103B   0.00070701 0.11 -0.227  -184.832446   24.0   2.936   2.955 |    0.000  -0.000   0.000  -0.000 |  -12.621  -7.994   1.580
 104B   0.00054943 0.13 -0.227  -184.832374   24.0   2.936   2.955 |    0.000  -0.000   0.000  -0.000 |  -12.621  -7.994   1.508
 105B   0.00109254 0.10 -0.227  -184.832333   24.0   2.936   2.955 |    0.000   0.000   0.000   0.000 |  -12.621  -7.994   1.374
 106B   0.00028848 0.11 -0.227  -184.832326   24.0   2.936   2.955 |    0.000   0.000   0.000   0.000 |  -12.621  -7.994   1.049
 107B   0.00052679 0.10 -0.227  -184.832351   24.0   2.936   2.955 |    0.000  -0.000   0.000  -0.000 |  -12.621  -7.994   1.141
 108B   0.00031876 0.11 -0.227  -184.832340   24.0   2.936   2.955 |    0.000   0.000   0.000   0.000 |  -12.621  -7.994   1.465
 109B   0.00020325 0.13 -0.227  -184.832331   24.0   2.936   2.955 |    0.000   0.000   0.000   0.000 |  -12.621  -7.994   1.337
 110B   0.00013986 0.14 -0.227  -184.832327   24.0   2.936   2.955 |    0.000   0.000   0.000   0.000 |  -12.621  -7.994   1.433
 111B   0.00035269 0.10 -0.227  -184.832330   24.0   2.936   2.955 |    0.000  -0.000   0.000  -0.000 |  -12.621  -7.994   1.496
 112B   0.00011827 0.11 -0.227  -184.832323   24.0   2.936   2.955 |    0.000  -0.000   0.000  -0.000 |  -12.621  -7.994   1.556
 113B   0.00011551 0.13 -0.227  -184.832323   24.0   2.936   2.955 |    0.000  -0.000   0.000  -0.000 |  -12.621  -7.994   1.527
 114B   0.00028959 0.10 -0.227  -184.832327   24.0   2.936   2.955 |    0.000  -0.000   0.000  -0.000 |  -12.621  -7.994   1.573
 115B   0.00012134 0.11 -0.227  -184.832324   24.0   2.936   2.955 |    0.000  -0.000   0.000  -0.000 |  -12.621  -7.994   0.997
 116B   0.00010116 0.13 -0.227  -184.832316   24.0   2.936   2.955 |    0.000  -0.000   0.000  -0.000 |  -12.621  -7.994   0.960
 117B   0.00011759 0.10 -0.227  -184.832317   24.0   2.936   2.955 |    0.000  -0.000   0.000  -0.000 |  -12.621  -7.994   1.460
 118B   0.00004566 0.11 -0.227  -184.832314   24.0   2.936   2.955 |    0.000  -0.000   0.000  -0.000 |  -12.621  -7.994   1.454
 119B   0.00004617 0.10 -0.227  -184.832315   24.0   2.936   2.955 |    0.000  -0.000   0.000  -0.000 |  -12.621  -7.994   1.335
 120B   0.00002497 0.11 -0.227  -184.832315   24.0   2.936   2.955 |    0.000  -0.000   0.000  -0.000 |  -12.621  -7.994   1.093
 121B   0.00003663 0.10 -0.227  -184.832316   24.0   2.936   2.955 |    0.000  -0.000   0.000  -0.000 |  -12.621  -7.994   1.276
 122B   0.00001786 0.11 -0.227  -184.832315   24.0   2.936   2.955 |    0.000  -0.000   0.000  -0.000 |  -12.621  -7.994   1.514
 123B   0.00001547 0.13 -0.227  -184.832316   24.0   2.936   2.955 |    0.000  -0.000   0.000  -0.000 |  -12.621  -7.994   1.174
 124B   0.00001660 0.10 -0.227  -184.832316   24.0   2.936   2.955 |    0.000  -0.000   0.000  -0.000 |  -12.621  -7.994   1.630
 125B   0.00001508 0.11 -0.227  -184.832316   24.0   2.936   2.955 |    0.000  -0.000   0.000  -0.000 |  -12.621  -7.994   1.262
 126B   0.00001457 0.13 -0.227  -184.832316   24.0   2.936   2.955 |    0.000  -0.000   0.000  -0.000 |  -12.621  -7.994   1.568
 127B   0.00001139 0.14 -0.227  -184.832316   24.0   2.936   2.955 |    0.000  -0.000   0.000  -0.000 |  -12.621  -7.994   1.514
 128B   0.00001022 0.16 -0.227  -184.832317   24.0   2.936   2.955 |    0.000  -0.000   0.000  -0.000 |  -12.621  -7.994   1.453
 129B   0.00001668 0.10 -0.227  -184.832315   24.0   2.936   2.955 |    0.000  -0.000   0.000  -0.000 |  -12.621  -7.994   1.309
 130B   0.00002223 0.10 -0.227  -184.832317   24.0   2.936   2.955 |    0.000  -0.000   0.000   0.000 |  -12.621  -7.994   1.069
 131B   0.00001171 0.11 -0.227  -184.832318   24.0   2.936   2.955 |    0.000  -0.000   0.000  -0.000 |  -12.621  -7.994   1.507
 132B   0.00000566 0.13 -0.227  -184.832319   24.0   2.936   2.955 |    0.000  -0.000   0.000  -0.000 |  -12.621  -7.994   1.249
 133B   0.00000716 0.10 -0.227  -184.832319   24.0   2.936   2.955 |    0.000  -0.000   0.000  -0.000 |  -12.621  -7.994   1.443
 134B   0.00000507 0.11 -0.227  -184.832319   24.0   2.936   2.955 |    0.000  -0.000   0.000  -0.000 |  -12.621  -7.994   1.463
 135B   0.00000708 0.10 -0.227  -184.832319   24.0   2.936   2.955 |    0.000  -0.000   0.000  -0.000 |  -12.621  -7.994   1.027
 136B   0.00000212 0.11 -0.227  -184.832319   24.0   2.936   2.955 |    0.000  -0.000   0.000  -0.000 |  -12.621  -7.994   1.249
 137B   0.00000162 0.13 -0.227  -184.832319   24.0   2.936   2.955 |    0.000  -0.000   0.000  -0.000 |  -12.621  -7.994   1.502
 138B   0.00000148 0.14 -0.227  -184.832318   24.0   2.936   2.955 |    0.000  -0.000   0.000   0.000 |  -12.621  -7.994   1.159
 139B   0.00000161 0.10 -0.227  -184.832319   24.0   2.936   2.955 |    0.000   0.000   0.000  -0.000 |  -12.621  -7.994   0.925
 140B   0.00000033 0.11 -0.227  -184.832318   24.0   2.936   2.955 |    0.000  -0.000   0.000  -0.000 |  -12.621  -7.994   1.293
 141B   0.00000030 0.13 -0.227  -184.832318   24.0   2.936   2.955 |    0.000  -0.000   0.000  -0.000 |  -12.621  -7.994   1.033
 142B   0.00000029 0.14 -0.227  -184.832318   24.0   2.936   2.955 |    0.000  -0.000   0.000  -0.000 |  -12.621  -7.994   1.175
 143B   0.00000021 0.16 -0.227  -184.832318   24.0   2.936   2.955 |    0.000  -0.000   0.000   0.000 |  -12.621  -7.994   1.571
 144B   0.00000043 0.10 -0.227  -184.832318   24.0   2.936   2.955 |    0.000  -0.000   0.000  -0.000 |  -12.621  -7.994   1.575
 145B   0.00000027 0.11 -0.227  -184.832318   24.0   2.936   2.955 |    0.000  -0.000   0.000  -0.000 |  -12.621  -7.994   1.512
 146B   0.00000027 0.10 -0.227  -184.832318   24.0   2.936   2.955 |    0.000  -0.000   0.000   0.000 |  -12.621  -7.994   1.137
 147B   0.00000024 0.11 -0.227  -184.832318   24.0   2.936   2.955 |    0.000   0.000   0.000   0.000 |  -12.621  -7.994   1.073
 148B   0.00000051 0.10 -0.227  -184.832318   24.0   2.936   2.955 |    0.000   0.000   0.000  -0.000 |  -12.621  -7.994   1.198
 149B   0.00000028 0.11 -0.227  -184.832318   24.0   2.936   2.955 |    0.000   0.000   0.000   0.000 |  -12.621  -7.994   1.228
 150B   0.00000020 0.13 -0.227  -184.832318   24.0   2.936   2.955 |    0.000   0.000   0.000   0.000 |  -12.621  -7.994   1.012
 151B   0.00000017 0.14 -0.227  -184.832318   24.0   2.936   2.955 |    0.000   0.000   0.000   0.000 |  -12.621  -7.994   0.961
 152B   0.00000040 0.10 -0.227  -184.832318   24.0   2.936   2.955 |    0.000   0.000   0.000   0.000 |  -12.621  -7.994   1.396
 153B   0.00000019 0.11 -0.227  -184.832318   24.0   2.936   2.955 |    0.000   0.000   0.000   0.000 |  -12.621  -7.994   0.981
 154B   0.00000014 0.13 -0.227  -184.832318   24.0   2.936   2.955 |    0.000  -0.000   0.000   0.000 |  -12.621  -7.994   1.375
 155B   0.00000010 0.14 -0.227  -184.832318   24.0   2.936   2.955 |    0.000   0.000   0.000   0.000 |  -12.621  -7.994   0.917
 156B   0.00000005 0.16 -0.227  -184.832318   24.0   2.936   2.955 |    0.000   0.000   0.000   0.000 |  -12.621  -7.994   1.451
 157B   0.00000005 0.10 -0.227  -184.832318   24.0   2.936   2.955 |    0.000   0.000   0.000   0.000 |  -12.621  -7.994   1.603
 158B   0.00000005 0.11 -0.227  -184.832318   24.0   2.936   2.955 |    0.000   0.000   0.000   0.000 |  -12.621  -7.994   1.480
 159B   0.00000004 0.13 -0.227  -184.832318   24.0   2.936   2.955 |    0.000   0.000   0.000  -0.000 |  -12.621  -7.994   1.117
 160B   0.00000004 0.14 -0.227  -184.832318   24.0   2.936   2.955 |    0.000   0.000   0.000   0.000 |  -12.621  -7.994   1.237
 161B   0.00000005 0.10 -0.227  -184.832318   24.0   2.936   2.955 |    0.000  -0.000   0.000   0.000 |  -12.621  -7.994   1.096
 162B   0.00000004 0.11 -0.227  -184.832318   24.0   2.936   2.955 |    0.000  -0.000   0.000   0.000 |  -12.621  -7.994   1.373
 163B   0.00000002 0.13 -0.227  -184.832318   24.0   2.936   2.955 |    0.000   0.000   0.000   0.000 |  -12.621  -7.994   1.492
 164B   0.00000001 0.14 -0.227  -184.832318   24.0   2.936   2.955 |    0.000  -0.000   0.000  -0.000 |  -12.621  -7.994   1.274
 165B   0.00000003 0.10 -0.227  -184.832318   24.0   2.936   2.955 |    0.000  -0.000   0.000  -0.000 |  -12.621  -7.994   0.978
 166B   0.00000000 0.11 -0.227  -184.832318   24.0   2.936   2.955 |    0.000  -0.000   0.000  -0.000 |  -12.621  -7.994   0.952
 167B   0.00000000 0.13 -0.227  -184.832318   24.0   2.936   2.955 |    0.000  -0.000   0.000   0.000 |  -12.621  -7.994   1.155
 168B   0.00000000 0.14 -0.227  -184.832318   24.0   2.936   2.955 |    0.000  -0.000   0.000   0.000 |  -12.621  -7.994   1.534
 169B   0.00000000 0.16 -0.227  -184.832318   24.0   2.936   2.955 |    0.000   0.000   0.000   0.000 |  -12.621  -7.994   1.447
 170B   0.00000000 0.10 -0.227  -184.832318   24.0   2.936   2.955 |    0.000  -0.000   0.000  -0.000 |  -12.621  -7.994   1.280
  ----------------------------------------------------------------------------------------------------------------------------------
  *   iteration converged   after 170 steps   si=     0.0000000008 ho=  0 tho=  0
  ----------------------------------------------------------------------------------------------------------------------------------
  Total CPU time=   4.621 minutes

  Writing to wel_file: s012_012.hel
 __________________________________  
  The tape s012_012.hel recorded:     
  nucname,npr,ngh,ngl,n00,nb,nt      
  b0,beta0,si,etot,rms,bet,xmix      
  pairing:     CpV0,CpV1,pwi         
  delta:       del,ept               
  lambda:      ala,ala2,alast,tz     
  asymptotic:  varmas,ass,skass      
  ntx,nb,nhhdim,id,N_rz,n_r,n_z      
  Omega2,Sigma2,Parity,Lambda        
  matrices(inbro):    hh,de          
  *all blocking candidates           
 __________________________________  



 #quasiparticle energies neutrons
 --------------------------------
  eqp(k) -> q.p. energy 
  e(k)   -> referent s.p. energy 
  p(k)   -> occ.probability 
  del(k) -> referent s.p. gap 
  fermi energy alast=  -12.621245116057358     
  #k  block#    eqp(k)     e(k)       (1-2N)E      decay        p(k)        del(k)    overl      labels
   1    1     0.006319  -12.614926    0.006319    1.560746    0.00000000   0.0000   0.7890  1+[ 2, 0, 0]
   2    1     4.140801   -8.480444    4.140801    1.798191    0.00000000   0.0000   0.6189  1+[ 2, 2, 0]
   3    1     8.991341   -3.629904    8.991341    2.041859    0.00000000   0.0000   0.7207  1+[ 2, 2, 0]
   4    1    22.326273  -34.947518  -22.326273    2.596454    1.00000000   0.0000   0.9812  1+[ 0, 0, 0]
   5    1    23.892564   11.271319   23.892564    2.654000    0.00000000   0.0000   0.7072  1+[ 4, 0, 0]
   6    1    25.960727   13.339482   25.960727    2.728127    0.00000000   0.0000   0.5945  1+[ 4, 2, 0]
   7    1    28.518432   15.897187   28.518432    2.817104    0.00000000   0.0000   0.6575  1+[ 4, 3, 1]
   8    1    29.063373   16.442128   29.063373    2.835700    0.00000000   0.0000   0.5609  1+[ 4, 4, 0]
   9    1    32.997652   20.376407   32.997652    2.966503    0.00000000   0.0000   0.5070  1+[ 4, 3, 1]
  10    1    46.248558   33.627313   46.248558    3.369913    0.00000000   0.0000   0.4814  1+[ 6, 0, 0]
  11    1    48.829982   36.208737   48.829982    3.443005    0.00000000   0.0000   0.4057  1+[ 6, 2, 0]
  12    1    51.447309   38.826064   51.447309    3.515563    0.00000000   0.0000   0.3555  1+[ 4, 3, 1]
  13    1    53.067180   40.445935   53.067180    3.559728    0.00000000   0.0000   0.5015  1+[ 6, 3, 1]
  14    1    53.683809   41.062563   53.683809    3.576397    0.00000000   0.0000   0.3779  1+[ 6, 4, 0]
  15    1    55.038440   42.417194   55.038440    3.612746    0.00000000   0.0000   0.4882  1+[ 6, 5, 1]
  16    1    56.238803   43.617558   56.238803    3.644652    0.00000000   0.0000   0.4795  1+[ 6, 3, 1]
  17    2     5.958023  -18.579268   -5.958023    1.893157    1.00000000   0.0000   0.8256  1-[ 1, 1, 0]
  18    2    10.984776  -23.606021  -10.984776    2.133948    1.00000000   0.0000   0.8215  1-[ 1, 0, 1]
  19    2    12.401158   -0.220087   12.401158    2.197035    0.00000000   0.0000   0.6944  1-[ 3, 0, 1]
  20    2    16.094490    3.473245   16.094490    2.353599    0.00000000   0.0000   0.5493  1-[ 3, 2, 1]
  21    2    19.416242    6.794996   19.416242    2.486003    0.00000000   0.0000   0.6151  1-[ 3, 3, 0]
  22    2    22.419787    9.798541   22.419787    2.599925    0.00000000   0.0000   0.6365  1-[ 3, 3, 0]
  23    2    36.481940   23.860695   36.481940    3.077707    0.00000000   0.0000   0.6522  1-[ 5, 0, 1]
  24    2    38.673641   26.052395   38.673641    3.145643    0.00000000   0.0000   0.5577  1-[ 5, 2, 1]
  25    2    40.910188   28.288943   40.910188    3.213489    0.00000000   0.0000   0.5206  1-[ 5, 3, 0]
  26    2    41.711080   29.089835   41.711080    3.237439    0.00000000   0.0000   0.5433  1-[ 5, 4, 1]
  27    2    43.872271   31.251026   43.872271    3.301199    0.00000000   0.0000   0.4197  1-[ 5, 5, 0]
  28    2    46.320852   33.699607   46.320852    3.371982    0.00000000   0.0000   0.4975  1-[ 5, 3, 0]
  29    2    65.916371   53.295126   65.916371    3.892345    0.00000000   0.0000   0.4968  1-[ 7, 1, 0]
  30    2    70.798260   58.177015   70.798260    4.011495    0.00000000   0.0000   0.4492  1-[ 7, 5, 0]
  31    2    71.863395   59.242150   71.863395    4.037024    0.00000000   0.0000   0.5126  1-[ 7, 3, 0]
  32    3     0.006319  -12.627564   -0.006319    1.560746    1.00000000   0.0000   0.7256  3+[ 2, 1, 1]
  33    3     6.462867   -6.158378    6.462867    1.918706    0.00000000   0.0000   0.6950  3+[ 2, 0, 2]
  34    3    24.155677   11.534432   24.155677    2.663545    0.00000000   0.0000   0.6106  3+[ 4, 0, 2]
  35    3    27.156215   14.534970   27.156215    2.770071    0.00000000   0.0000   0.5035  3+[ 4, 2, 2]
  36    3    28.152648   15.531402   28.152648    2.804552    0.00000000   0.0000   0.6757  3+[ 4, 3, 1]
  37    3    32.555613   19.934368   32.555613    2.952096    0.00000000   0.0000   0.6022  3+[ 4, 2, 2]
  38    3    46.127607   33.506362   46.127607    3.366450    0.00000000   0.0000   0.5345  3+[ 6, 1, 1]
  39    3    49.001444   36.380199   49.001444    3.447805    0.00000000   0.0000   0.3977  3+[ 6, 5, 1]
  40    3    51.579390   38.958145   51.579390    3.519185    0.00000000   0.0000   0.3509  3+[ 6, 0, 2]
  41    3    52.873057   40.251812   52.873057    3.554465    0.00000000   0.0000   0.5351  3+[ 6, 3, 1]
  42    3    54.437357   41.816112   54.437357    3.596662    0.00000000   0.0000   0.4957  3+[ 6, 4, 2]
  43    3    56.041621   43.420376   56.041621    3.639430    0.00000000   0.0000   0.4981  3+[ 6, 2, 2]
  44    4    11.850621   -0.770624   11.850621    2.172731    0.00000000   0.0000   0.7714  3-[ 3, 0, 1]
  45    4    11.885143  -24.506389  -11.885143    2.174263    1.00000000   0.0000   0.9662  3-[ 1, 0, 1]
  46    4    15.695678    3.074433   15.695678    2.337198    0.00000000   0.0000   0.6551  3-[ 3, 2, 1]
  47    4    21.005391    8.384145   21.005391    2.546913    0.00000000   0.0000   0.6492  3-[ 3, 1, 2]
  48    4    36.072246   23.451001   36.072246    3.064841    0.00000000   0.0000   0.7438  3-[ 5, 0, 1]
  49    4    38.189663   25.568418   38.189663    3.130768    0.00000000   0.0000   0.6009  3-[ 5, 2, 1]
  50    4    41.327422   28.706177   41.327422    3.225988    0.00000000   0.0000   0.5922  3-[ 5, 4, 1]
  51    4    43.228740   30.607495   43.228740    3.282343    0.00000000   0.0000   0.4999  3-[ 5, 1, 2]
  52    4    46.047534   33.426289   46.047534    3.364155    0.00000000   0.0000   0.5822  3-[ 5, 3, 2]
  53    4    65.706806   53.085561   65.706806    3.887148    0.00000000   0.0000   0.4743  3-[ 7, 1, 2]
  54    4    70.568747   57.947502   70.568747    4.005973    0.00000000   0.0000   0.4448  3-[ 7, 5, 2]
  55    4    71.493152   58.871907   71.493152    4.028168    0.00000000   0.0000   0.4989  3-[ 7, 3, 2]
  56    5     1.357583  -13.978828   -1.357583    1.642131    1.00000000   0.0000   0.9613  5+[ 2, 0, 2]
  57    5    23.465709   10.844464   23.465709    2.638442    0.00000000   0.0000   0.7974  5+[ 4, 0, 2]
  58    5    26.325491   13.704246   26.325491    2.740993    0.00000000   0.0000   0.7302  5+[ 4, 2, 2]
  59    5    31.516488   18.895243   31.516488    2.917947    0.00000000   0.0000   0.6577  5+[ 4, 1, 3]
  60    5    45.689353   33.068108   45.689353    3.353870    0.00000000   0.0000   0.6256  5+[ 6, 0, 2]
  61    5    47.783371   35.162126   47.783371    3.413560    0.00000000   0.0000   0.4723  5+[ 6, 2, 2]
  62    5    52.461673   39.840428   52.461673    3.543284    0.00000000   0.0000   0.5211  5+[ 6, 4, 2]
  63    5    53.655919   41.034674   53.655919    3.575645    0.00000000   0.0000   0.4170  5+[ 6, 3, 3]
  64    5    55.683136   43.061891   55.683136    3.629917    0.00000000   0.0000   0.5199  5+[ 6, 3, 3]
  65    6    11.737846   -0.883399   11.737846    2.167719    0.00000000   0.0000   0.7964  5-[ 3, 1, 2]
  66    6    18.683683    6.062438   18.683683    2.457417    0.00000000   0.0000   0.7354  5-[ 3, 0, 3]
  67    6    36.558945   23.937700   36.558945    3.080119    0.00000000   0.0000   0.7002  5-[ 5, 1, 2]
  68    6    40.504811   27.883566   40.504811    3.201299    0.00000000   0.0000   0.7092  5-[ 5, 3, 2]
  69    6    42.066958   29.445713   42.066958    3.248024    0.00000000   0.0000   0.6156  5-[ 5, 0, 3]
  70    6    45.437913   32.816667   45.437913    3.346631    0.00000000   0.0000   0.6752  5-[ 5, 2, 3]
  71    6    65.323769   52.702523   65.323769    3.877632    0.00000000   0.0000   0.5934  5-[ 7, 1, 2]
  72    6    70.115876   57.494631   70.115876    3.995054    0.00000000   0.0000   0.5541  5-[ 7, 5, 2]
  73    6    70.840559   58.219314   70.840559    4.012512    0.00000000   0.0000   0.6196  5-[ 7, 3, 2]
  74    7    23.826580   11.205335   23.826580    2.651601    0.00000000   0.0000   0.8212  7+[ 4, 1, 3]
  75    7    29.760124   17.138879   29.760124    2.859301    0.00000000   0.0000   0.7235  7+[ 4, 0, 4]
  76    7    45.711875   33.090630   45.711875    3.354517    0.00000000   0.0000   0.6468  7+[ 6, 1, 3]
  77    7    51.782192   39.160947   51.782192    3.524739    0.00000000   0.0000   0.6612  7+[ 6, 3, 3]
  78    7    52.721652   40.100407   52.721652    3.550354    0.00000000   0.0000   0.5466  7+[ 6, 0, 4]
  79    7    55.142724   42.521478   55.142724    3.615529    0.00000000   0.0000   0.6484  7+[ 6, 2, 4]
  80    8     9.987512   -2.633734    9.987512    2.088386    0.00000000   0.0000   0.9651  7-[ 3, 0, 3]
  81    8    35.790110   23.168865   35.790110    3.055949    0.00000000   0.0000   0.8513  7-[ 5, 0, 3]
  82    8    39.103564   26.482319   39.103564    3.158798    0.00000000   0.0000   0.7904  7-[ 5, 2, 3]
  83    8    44.354381   31.733136   44.354381    3.315255    0.00000000   0.0000   0.7290  7-[ 5, 1, 4]
  84    8    64.833837   52.212592   64.833837    3.865426    0.00000000   0.0000   0.5236  7-[ 7, 4, 3]
  85    8    69.434771   56.813526   69.434771    3.978576    0.00000000   0.0000   0.6568  7-[ 7, 4, 3]
  86    8    69.917166   57.295921   69.917166    3.990253    0.00000000   0.0000   0.6352  7-[ 7, 0, 3]
  87    9    21.944440    9.323195   21.944440    2.582231    0.00000000   0.0000   0.9593  9+[ 4, 0, 4]
  88    9    44.942383   32.321138   44.942383    3.332319    0.00000000   0.0000   0.8008  9+[ 6, 0, 4]
  89    9    50.754693   38.133447   50.754693    3.496509    0.00000000   0.0000   0.7566  9+[ 6, 2, 4]
  90    9    54.337837   41.716592   54.337837    3.593993    0.00000000   0.0000   0.7253  9+[ 6, 1, 5]
  91   10    37.006486   24.385241   37.006486    3.094102    0.00000000   0.0000   0.8516  9-[ 5, 1, 4]
  92   10    42.725552   30.104307   42.725552    3.267523    0.00000000   0.0000   0.7889  9-[ 5, 0, 5]
  93   10    64.346540   51.725295   64.346540    3.853248    0.00000000   0.0000   0.7690  9-[ 7, 1, 4]
  94   10    68.456667   55.835422   68.456667    3.954793    0.00000000   0.0000   0.7485  9-[ 7, 3, 4]
  95   11    49.296736   36.675491   49.296736    3.456056    0.00000000   0.0000   0.8421 11+[ 6, 1, 5]
  96   11    53.139969   40.518724   53.139969    3.561700    0.00000000   0.0000   0.7797 11+[ 6, 0, 6]
  97   12    34.946517   22.325272   34.946517    3.029206    0.00000000   0.0000   0.9686 11-[ 5, 0, 5]
  98   12    63.940663   51.319418   63.940663    3.843074    0.00000000   0.0000   0.9364 11-[ 7, 0, 5]
  99   12    67.127462   54.506217   67.127462    3.922241    0.00000000   0.0000   0.8637 11-[ 7, 2, 5]
 100   13    47.513595   34.892350   47.513595    3.405928    0.00000000   0.0000   0.9515 13+[ 6, 0, 6]
 101   14    65.441617   52.820372   65.441617    3.880562    0.00000000   0.0000   0.9275 13-[ 7, 1, 6]
 102   16    63.528012   50.906767   63.528012    3.832704    0.00000000   0.0000   1.0000 15-[ 7, 0, 7]
#all active are  102 q.p. states out of  165
#since the cut off is pwi=  60.0
#check: number of neutrons=  12.0


 #canonical s.p. energies neutrons
 ---------------------------------


  labels -> {2*omega}{parity}[nn=nz+2*nr+nl,nz,nl]
  cqpe   -> canonical q.p. energies
  ce     -> canonical s.p. energies
  fermi energy=  -12.621245116057358     
  average cdelt=   4.0020019049117177E-021
  k0      ceqp        ce         v*v       u*v        cdel     overl      labels
   1   -1.809277   -1.809277   0.00000000   0.00000000   0.0000   0.9469  1+[ 2, 2, 0]
   2   26.426790   26.426790   0.00000000   0.00000000  -0.0000   0.5379  1+[ 4, 0, 0]
   3   40.228477   40.228477   0.00000000   0.00000000   0.0000   0.4977  1+[ 4, 1, 1]
   4   43.639654   43.639654   0.00000000   0.00000000   0.0000   0.5421  1+[ 4, 3, 1]
   6   47.413614   47.413614   0.00000000   0.00000000   0.0000   0.5088  1+[ 8, 5, 1]
   7   44.270482   44.270482   0.00000000   0.00000000  -0.0000   0.4635  1+[ 8, 2, 0]
   8   53.758445   53.758445   0.00000000   0.00000000   0.0000   0.4858  1+[ 4, 2, 0]
  10   50.787490   50.787490   0.00000000   0.00000000   0.0000   0.8646  1+[ 6, 5, 1]
  11   49.615765   49.615765   0.00000000   0.00000000   0.0000   0.5267  1+[ 6, 6, 0]
  12   55.311649   55.311649   0.00000000   0.00000000   0.0000   0.6460  1+[ 6, 6, 0]
  13   50.430347   50.430347   0.00000000   0.00000000   0.0000   0.5600  1+[ 6, 3, 1]
  14   53.688083   53.688083   0.00000000   0.00000000   0.0000   0.5184  1+[ 6, 4, 0]
  16   51.556100   51.556100   0.00000000   0.00000000   0.0000   0.4905  1+[ 6, 1, 1]
  17   51.695216   51.695216   0.00000000   0.00000000   0.0000   0.4892  1+[ 4, 4, 0]
  18   54.951264   54.951264   0.00000000   0.00000000  -0.0000   0.5672  1+[ 6, 1, 1]
  20   38.433571   38.433571   0.00000000   0.00000000  -0.0000   0.4168  1+[ 4, 1, 1]
  21   31.248020   31.248020   0.00000000   0.00000000  -0.0000   0.8172  1+[ 6, 0, 0]
  22   22.577584   22.577584   0.00000000   0.00000000  -0.0000   0.6316  1+[ 4, 0, 0]
  23   -3.610183   -3.610183   0.00000000   0.00000001  -0.0000   0.7894  1+[ 2, 1, 1]
  24  -12.614926  -12.614926   0.46844657   0.49900339  -0.0000   0.7890  1+[ 2, 0, 0]
  25    9.705027  -34.947518   1.00000000   0.00000000  -0.0000   0.9812  1+[ 0, 0, 0]
  26    7.713453    7.713453   0.00000000   0.00000000  -0.0000   0.9626  1-[ 3, 2, 1]
  27    7.465698    7.465698   0.00000000   0.00000000  -0.0000   0.7642  1-[ 3, 0, 1]
  28   26.953310   26.953310   0.00000000   0.00000000   0.0000   0.5483  1-[ 5, 5, 0]
  29   24.813450   24.813450   0.00000000   0.00000000   0.0000   0.7241  1-[ 3, 3, 0]
  30   42.726093   42.726093   0.00000000   0.00000000   0.0000   0.5767  1-[ 7, 0, 1]
  31   50.569912   50.569912   0.00000000   0.00000000   0.0000   0.5668  1-[ 7, 7, 0]
  32   53.871437   53.871437   0.00000000   0.00000000   0.0000   0.5648  1-[ 7, 1, 0]
  33   58.656006   58.656006   0.00000000   0.00000000   0.0000   0.8397  1-[ 7, 3, 0]
  34   53.140849   53.140849   0.00000000   0.00000000   0.0000   0.6397  1-[ 7, 5, 0]
  35   57.400056   57.400056   0.00000000   0.00000000  -0.0000   0.9437  1-[ 7, 2, 1]
  36   58.460401   58.460401   0.00000000   0.00000000   0.0000   0.9587  1-[ 7, 6, 1]
  37   54.490209   54.490209   0.00000000   0.00000000   0.0000   0.8362  1-[ 7, 4, 1]
  38   38.629728   38.629728   0.00000000   0.00000000   0.0000   0.8490  1-[ 5, 4, 1]
  39   40.160303   40.160303   0.00000000   0.00000000   0.0000   0.6429  1-[ 5, 3, 0]
  40   32.583047   32.583047   0.00000000   0.00000000   0.0000   0.5827  1-[ 5, 1, 0]
  41   35.468442   35.468442   0.00000000   0.00000000   0.0000   0.5829  1-[ 5, 5, 0]
  42   36.444351   36.444351   0.00000000   0.00000000  -0.0000   0.6154  1-[ 5, 0, 1]
  43    8.006177    8.006177   0.00000000   0.00000000  -0.0000   0.7818  1-[ 3, 1, 0]
  44   -5.880005  -19.362485   1.00000000   0.00000002  -0.0000   0.9636  1-[ 1, 1, 0]
  45   -2.419686  -22.822805   1.00000000   0.00000000  -0.0000   0.9582  1-[ 1, 0, 1]
  46   22.944673   22.944673   0.00000000   0.00000000  -0.0000   0.8134  3+[ 4, 0, 2]
  47   34.147035   34.147035   0.00000000   0.00000000   0.0000   0.5175  3+[ 4, 3, 1]
  48   51.424014   51.424014   0.00000000   0.00000000   0.0000   0.5775  3+[ 8, 5, 1]
  49   58.767138   58.767138   0.00000000   0.00000000   0.0000   0.7008  3+[ 8, 7, 1]
  51   43.803663   43.803663   0.00000000   0.00000000   0.0000   0.6158  3+[ 6, 2, 2]
  53   53.461237   53.461237   0.00000000   0.00000000   0.0000   0.6630  3+[ 6, 5, 1]
  55   48.340814   48.340814   0.00000000   0.00000000   0.0000   1.0000  3+[ 6, 4, 2]
  57   54.935719   54.935719   0.00000000   0.00000000   0.0000   0.5380  3+[ 8, 4, 2]
  60   37.723223   37.723223   0.00000000   0.00000000  -0.0000   0.6731  3+[ 6, 1, 1]
  61   44.759510   44.759510   0.00000000   0.00000000  -0.0000   0.5598  3+[ 8, 5, 1]
  62   32.336034   32.336034   0.00000000   0.00000000  -0.0000   0.7103  3+[ 6, 0, 2]
  63   15.259109   15.259109   0.00000000   0.00000000  -0.0000   0.7334  3+[ 4, 1, 1]
  64   -4.940404   -4.940404   0.00000000   0.00000001  -0.0000   0.7075  3+[ 2, 0, 2]
  65  -12.614926  -12.627564   0.53155343   0.49900339  -0.0000   0.7256  3+[ 2, 1, 1]
  66    2.587887    2.587887   0.00000000   0.00000000  -0.0000   0.9460  3-[ 3, 0, 1]
  67   12.485885   12.485885   0.00000000   0.00000000  -0.0000   0.8466  3-[ 3, 1, 2]
  68   39.146076   39.146076   0.00000000   0.00000000   0.0000   0.6094  3-[ 5, 4, 1]
  69   42.137561   42.137561   0.00000000   0.00000000   0.0000   0.7563  3-[ 7, 4, 1]
  70   55.112530   55.112530   0.00000000   0.00000000  -0.0000   0.7900  3-[ 7, 2, 1]
  72   29.094212   29.094212   0.00000000   0.00000000  -0.0000   0.9454  3-[ 5, 1, 2]
  73   58.705637   58.705637   0.00000000   0.00000000  -0.0000   0.9618  3-[ 7, 3, 2]
  75   48.065934   48.065934   0.00000000   0.00000000   0.0000   0.6208  3-[ 7, 6, 1]
  76   48.315627   48.315627   0.00000000   0.00000000   0.0000   0.5218  3-[ 7, 6, 1]
  77   38.038820   38.038820   0.00000000   0.00000000   0.0000   0.7519  3-[ 5, 3, 2]
  78   53.697832   53.697832   0.00000000   0.00000000  -0.0000   0.8844  3-[ 7, 0, 1]
  79   26.818170   26.818170   0.00000000   0.00000000  -0.0000   0.8941  3-[ 5, 0, 1]
  80    5.856998    5.856998   0.00000000   0.00000000   0.0000   0.8415  3-[ 3, 2, 1]
  81   -0.736102  -24.506389   1.00000000   0.00000000  -0.0000   0.9662  3-[ 1, 0, 1]
  82   17.173604   17.173604   0.00000000   0.00000000  -0.0000   0.7954  5+[ 4, 1, 3]
  83   28.637712   28.637712   0.00000000   0.00000000  -0.0000   0.8948  5+[ 4, 2, 2]
  85   59.358973   59.358973   0.00000000   0.00000000   0.0000   0.6247  5+[ 8, 6, 2]
  90   54.425173   54.425173   0.00000000   0.00000000   0.0000   0.6424  5+[ 6, 4, 2]
  91   46.050736   46.050736   0.00000000   0.00000000  -0.0000   0.8461  5+[ 6, 1, 3]
  92   46.130325   46.130325   0.00000000   0.00000000   0.0000   0.6539  5+[ 6, 3, 3]
  93   59.068981   59.068981   0.00000000   0.00000000   0.0000   0.5151  5+[ 6, 2, 2]
  95   36.119389   36.119389   0.00000000   0.00000000  -0.0000   0.7967  5+[ 6, 0, 2]
  96   18.821156   18.821156   0.00000000   0.00000001  -0.0000   0.7334  5+[ 4, 0, 2]
  97  -11.263662  -13.978828   1.00000000   0.00000127  -0.0000   0.9613  5+[ 2, 0, 2]
  98   42.027474   42.027474   0.00000000   0.00000000   0.0000   0.5869  5-[ 5, 2, 3]
  99   56.180534   56.180534   0.00000000   0.00000000  -0.0000   0.4709  5-[ 5, 2, 3]
 100   49.205918   49.205918   0.00000000   0.00000000  -0.0000   0.6860  5-[ 7, 2, 3]
 101   34.031241   34.031241   0.00000000   0.00000000  -0.0000   0.5816  5-[ 3, 0, 3]
 102   48.413307   48.413307   0.00000000   0.00000000   0.0000   0.6453  5-[ 7, 4, 3]
 103   34.667147   34.667147   0.00000000   0.00000000   0.0000   0.5040  5-[ 5, 3, 2]
 104   42.613330   42.613330   0.00000000   0.00000000  -0.0000   0.6505  5-[ 7, 3, 2]
 105   17.986296   17.986296   0.00000000   0.00000000  -0.0000   0.5762  5-[ 5, 0, 3]
 106   43.137701   43.137701   0.00000000   0.00000000   0.0000   0.4654  5-[ 7, 5, 2]
 107   24.301307   24.301307   0.00000000   0.00000000  -0.0000   0.7332  5-[ 5, 1, 2]
 108   32.178093   32.178093   0.00000000   0.00000000  -0.0000   0.5495  5-[ 3, 1, 2]
 109   57.544077   57.544077   0.00000000   0.00000000  -0.0000   0.6282  5-[ 7, 5, 2]
 110   50.803025   50.803025   0.00000000   0.00000000  -0.0000   0.4720  7+[ 6, 0, 4]
 116   45.478546   45.478546   0.00000000   0.00000000  -0.0000   0.5165  7+[ 6, 1, 3]
 117   29.518318   29.518318   0.00000000   0.00000000  -0.0000   0.5881  7+[ 6, 2, 4]
 119   50.174390   50.174390   0.00000000   0.00000000   0.0000   0.5589  7+[ 8, 5, 3]
 120   20.110402   20.110402   0.00000000   0.00000000  -0.0000   0.8773  7+[ 4, 1, 3]
 121   31.869860   31.869860   0.00000000   0.00000000  -0.0000   0.8061  7+[ 4, 0, 4]
 122   31.062180   31.062180   0.00000000   0.00000000  -0.0000   0.7410  7-[ 5, 2, 3]
 123   54.744461   54.744461   0.00000000   0.00000000   0.0000   0.4867  7-[ 7, 4, 3]
 124   52.600840   52.600840   0.00000000   0.00000000  -0.0000   0.5973  7-[ 7, 1, 4]
 125   57.819241   57.819241   0.00000000   0.00000000  -0.0000   0.6257  7-[ 7, 2, 3]
 127   33.405566   33.405566   0.00000000   0.00000000  -0.0000   0.7350  7-[ 5, 1, 4]
 128   30.168056   30.168056   0.00000000   0.00000000  -0.0000   0.6667  7-[ 7, 0, 3]
 129   48.166365   48.166365   0.00000000   0.00000000  -0.0000   0.5840  7-[ 5, 0, 3]
 130    4.802615    4.802615   0.00000000   0.00000000  -0.0000   0.9364  7-[ 3, 0, 3]
 131   43.645374   43.645374   0.00000000   0.00000000  -0.0000   0.6318  9+[ 6, 2, 4]
 133   48.392488   48.392488   0.00000000   0.00000000  -0.0000   0.6364  9+[ 8, 3, 5]
 134   57.242252   57.242252   0.00000000   0.00000000  -0.0000   0.6104  9+[ 8, 1, 5]
 135   49.009530   49.009530   0.00000000   0.00000000  -0.0000   0.5640  9+[ 8, 1, 5]
 136   53.902994   53.902994   0.00000000   0.00000000  -0.0000   0.6198  9+[ 6, 1, 5]
 138   55.461188   55.461188   0.00000000   0.00000000  -0.0000   0.6627  9+[ 8, 4, 4]
 139   36.027605   36.027605   0.00000000   0.00000000  -0.0000   0.6898  9+[ 4, 0, 4]
 140   56.354139   56.354139   0.00000000   0.00000000  -0.0000   0.8345  9-[ 7, 1, 4]
 141   58.935414   58.935414   0.00000000   0.00000000   0.0000   0.8038  9-[ 7, 3, 4]
 142   49.957343   49.957343   0.00000000   0.00000000  -0.0000   0.5538  9-[ 7, 0, 5]
 143   55.550333   55.550333   0.00000000   0.00000000  -0.0000   0.7914  9-[ 7, 2, 5]
 144   36.129700   36.129700   0.00000000   0.00000000  -0.0000   0.8933  9-[ 5, 0, 5]
 145   33.368060   33.368060   0.00000000   0.00000000  -0.0000   0.8610  9-[ 5, 1, 4]
 147   47.836049   47.836049   0.00000000   0.00000000  -0.0000   0.7843 11+[ 6, 1, 5]
 149   59.645447   59.645447   0.00000000   0.00000000  -0.0000   0.7866 11+[ 8, 3, 5]
 150   55.098122   55.098122   0.00000000   0.00000000  -0.0000   0.7947 11+[ 8, 0, 6]
 152   59.768443   59.768443   0.00000000   0.00000000  -0.0000   0.9913 11-[ 7, 1, 6]
 153   52.312771   52.312771   0.00000000   0.00000000  -0.0000   0.6982 11-[ 7, 2, 5]
 154   53.703670   53.703670   0.00000000   0.00000000  -0.0000   0.6962 11-[ 7, 2, 5]
 155   24.452462   24.452462   0.00000000   0.00000000  -0.0000   0.8933 11-[ 5, 0, 5]
 157   58.916266   58.916266   0.00000000   0.00000000  -0.0000   0.9525 13+[ 8, 0, 6]
 159   38.896212   38.896212   0.00000000   0.00000000  -0.0000   0.9689 13+[ 6, 0, 6]
 160   53.945015   53.945015   0.00000000   0.00000000  -0.0000   1.0000 13-[ 7, 1, 6]
 161   59.743693   59.743693   0.00000000   0.00000000  -0.0000   1.0000 13-[ 7, 0, 7]
 162   50.906767   50.906767   0.00000000   0.00000000  -0.0000   1.0000 15-[ 7, 0, 7]
  Sum canonical e_v*V^2_k=  -256.47933591918104     


 #quasiparticle energies protons 
 --------------------------------
  eqp(k) -> q.p. energy 
  e(k)   -> referent s.p. energy 
  p(k)   -> occ.probability 
  del(k) -> referent s.p. gap 
  fermi energy alast=  -7.9939555964035574     
  #k  block#    eqp(k)     e(k)       (1-2N)E      decay        p(k)        del(k)    overl      labels
   1    1     0.006073   -7.987883    0.006073    1.242276    0.00000000   0.0000   0.7859  1+[ 2, 0, 0]
   2    1     4.086918   -3.907038    4.086918    1.526587    0.00000000   0.0000   0.6136  1+[ 2, 2, 0]
   3    1     8.828413    0.834457    8.828413    1.801424    0.00000000   0.0000   0.7171  1+[ 2, 2, 0]
   4    1    22.155383  -30.149338  -22.155383    2.411634    1.00000000   0.0000   0.9800  1+[ 0, 0, 0]
   5    1    23.202234   15.208278   23.202234    2.453145    0.00000000   0.0000   0.6906  1+[ 4, 0, 0]
   6    1    25.220139   17.226184   25.220139    2.531242    0.00000000   0.0000   0.5596  1+[ 4, 2, 0]
   7    1    27.683762   19.689806   27.683762    2.623439    0.00000000   0.0000   0.6509  1+[ 4, 3, 1]
   8    1    28.095454   20.101499   28.095454    2.638532    0.00000000   0.0000   0.5487  1+[ 4, 4, 0]
   9    1    32.075974   24.082019   32.075974    2.780236    0.00000000   0.0000   0.4899  1+[ 4, 3, 1]
  10    1    45.458770   37.464814   45.458770    3.211126    0.00000000   0.0000   0.4483  1+[ 6, 1, 1]
  11    1    48.290328   40.296373   48.290328    3.295080    0.00000000   0.0000   0.4148  1+[ 4, 0, 0]
  12    1    50.914068   42.920113   50.914068    3.371007    0.00000000   0.0000   0.3595  1+[ 4, 3, 1]
  13    1    52.027667   44.033711   52.027667    3.402721    0.00000000   0.0000   0.5064  1+[ 6, 3, 1]
  14    1    53.103057   45.109101   53.103057    3.433068    0.00000000   0.0000   0.3962  1+[ 6, 4, 0]
  15    1    54.269299   46.275344   54.269299    3.465679    0.00000000   0.0000   0.4893  1+[ 6, 5, 1]
  16    1    55.212218   47.218263   55.212218    3.491823    0.00000000   0.0000   0.4530  1+[ 6, 3, 1]
  17    2     5.903618  -13.897573   -5.903618    1.637351    1.00000000   0.0000   0.8264  1-[ 1, 1, 0]
  18    2    10.893406  -18.887361  -10.893406    1.908790    1.00000000   0.0000   0.8224  1-[ 1, 0, 1]
  19    2    12.238463    4.244508   12.238463    1.975588    0.00000000   0.0000   0.6963  1-[ 3, 0, 1]
  20    2    15.762026    7.768071   15.762026    2.140715    0.00000000   0.0000   0.5500  1-[ 3, 2, 1]
  21    2    18.884942   10.890986   18.884942    2.277079    0.00000000   0.0000   0.6264  1-[ 3, 3, 0]
  22    2    21.894620   13.900664   21.894620    2.401182    0.00000000   0.0000   0.6085  1-[ 3, 3, 0]
  23    2    35.823586   27.829630   35.823586    2.907344    0.00000000   0.0000   0.6313  1-[ 5, 0, 1]
  24    2    37.994898   30.000943   37.994898    2.978508    0.00000000   0.0000   0.5346  1-[ 5, 2, 1]
  25    2    40.318508   32.324552   40.318508    3.052826    0.00000000   0.0000   0.5013  1-[ 5, 3, 0]
  26    2    40.937587   32.943631   40.937587    3.072323    0.00000000   0.0000   0.5240  1-[ 5, 4, 1]
  27    2    43.163661   35.169705   43.163661    3.141431    0.00000000   0.0000   0.4201  1-[ 5, 5, 0]
  28    2    45.430879   37.436924   45.430879    3.210288    0.00000000   0.0000   0.4926  1-[ 5, 3, 0]
  29    2    65.483929   57.489973   65.483929    3.764877    0.00000000   0.0000   0.4791  1-[ 7, 1, 0]
  30    3     0.006073   -8.000028   -0.006073    1.242276    1.00000000   0.0000   0.7215  3+[ 2, 1, 1]
  31    3     6.332491   -1.661464    6.332491    1.662424    0.00000000   0.0000   0.6881  3+[ 2, 0, 2]
  32    3    23.549615   15.555659   23.549615    2.466765    0.00000000   0.0000   0.6039  3+[ 4, 0, 2]
  33    3    26.429955   18.436000   26.429955    2.576929    0.00000000   0.0000   0.4951  3+[ 4, 1, 1]
  34    3    27.299346   19.305391   27.299346    2.609267    0.00000000   0.0000   0.6870  3+[ 4, 3, 1]
  35    3    31.672481   23.678525   31.672481    2.766203    0.00000000   0.0000   0.5898  3+[ 4, 2, 2]
  36    3    45.311449   37.317494   45.311449    3.206698    0.00000000   0.0000   0.5202  3+[ 6, 1, 1]
  37    3    48.394237   40.400282   48.394237    3.298120    0.00000000   0.0000   0.3862  3+[ 6, 5, 1]
  38    3    51.067115   43.073160   51.067115    3.375383    0.00000000   0.0000   0.3569  3+[ 4, 1, 1]
  39    3    51.842959   43.849003   51.842959    3.397481    0.00000000   0.0000   0.5396  3+[ 6, 3, 1]
  40    3    53.680666   45.686710   53.680666    3.449258    0.00000000   0.0000   0.5241  3+[ 6, 4, 2]
  41    3    54.965671   46.971716   54.965671    3.485006    0.00000000   0.0000   0.5092  3+[ 6, 2, 2]
  42    4    11.697912    3.703956   11.697912    1.949018    0.00000000   0.0000   0.7706  3-[ 3, 0, 1]
  43    4    11.798308  -19.792264  -11.798308    1.953980    1.00000000   0.0000   0.9643  3-[ 1, 0, 1]
  44    4    15.393604    7.399648   15.393604    2.124051    0.00000000   0.0000   0.6569  3-[ 3, 2, 1]
  45    4    20.583612   12.589657   20.583612    2.347930    0.00000000   0.0000   0.6424  3-[ 3, 1, 2]
  46    4    35.427778   27.433822   35.427778    2.894183    0.00000000   0.0000   0.7241  3-[ 5, 0, 1]
  47    4    37.487455   29.493499   37.487455    2.962030    0.00000000   0.0000   0.5750  3-[ 5, 2, 1]
  48    4    40.579417   32.585461   40.579417    3.061058    0.00000000   0.0000   0.5768  3-[ 5, 3, 2]
  49    4    42.519532   34.525576   42.519532    3.121592    0.00000000   0.0000   0.4789  3-[ 5, 1, 2]
  50    4    45.173008   37.179053   45.173008    3.202531    0.00000000   0.0000   0.5692  3-[ 5, 3, 2]
  51    4    65.272944   57.278988   65.272944    3.759467    0.00000000   0.0000   0.4594  3-[ 7, 1, 2]
  52    5     1.360533   -9.354489   -1.360533    1.343329    1.00000000   0.0000   0.9582  5+[ 2, 0, 2]
  53    5    22.878763   14.884807   22.878763    2.440394    0.00000000   0.0000   0.7884  5+[ 4, 0, 2]
  54    5    25.722194   17.728239   25.722194    2.550301    0.00000000   0.0000   0.7305  5+[ 4, 2, 2]
  55    5    30.716858   22.722903   30.716858    2.732679    0.00000000   0.0000   0.6465  5+[ 4, 1, 3]
  56    5    44.893687   36.899732   44.893687    3.194108    0.00000000   0.0000   0.5852  5+[ 6, 0, 2]
  57    5    47.140449   39.146494   47.140449    3.261248    0.00000000   0.0000   0.4420  5+[ 6, 2, 2]
  58    5    51.453494   43.459538   51.453494    3.386406    0.00000000   0.0000   0.5082  5+[ 6, 4, 2]
  59    5    52.927696   44.933741   52.927696    3.428138    0.00000000   0.0000   0.4401  5+[ 6, 3, 3]
  60    5    54.581437   46.587482   54.581437    3.474355    0.00000000   0.0000   0.4895  5+[ 6, 3, 3]
  61    6    11.616450    3.622495   11.616450    1.944983    0.00000000   0.0000   0.7921  5-[ 3, 1, 2]
  62    6    18.343095   10.349139   18.343095    2.254011    0.00000000   0.0000   0.7270  5-[ 3, 0, 3]
  63    6    35.842324   27.848368   35.842324    2.907966    0.00000000   0.0000   0.6845  5-[ 5, 1, 2]
  64    6    39.808174   31.814219   39.808174    3.036659    0.00000000   0.0000   0.7010  5-[ 5, 3, 2]
  65    6    41.390689   33.396733   41.390689    3.086515    0.00000000   0.0000   0.6026  5-[ 5, 0, 3]
  66    6    44.601468   36.607513   44.601468    3.185271    0.00000000   0.0000   0.6684  5-[ 5, 2, 3]
  67    6    64.883422   56.889467   64.883422    3.749461    0.00000000   0.0000   0.5755  5-[ 7, 1, 2]
  68    7    23.458828   15.464873   23.458828    2.463213    0.00000000   0.0000   0.8137  7+[ 4, 1, 3]
  69    7    29.070397   21.076441   29.070397    2.673934    0.00000000   0.0000   0.7107  7+[ 4, 0, 4]
  70    7    44.798305   36.804350   44.798305    3.191226    0.00000000   0.0000   0.6301  7+[ 6, 1, 3]
  71    7    50.812547   42.818591   50.812547    3.368101    0.00000000   0.0000   0.6508  7+[ 6, 3, 3]
  72    7    52.003368   44.009413   52.003368    3.402032    0.00000000   0.0000   0.5262  7+[ 6, 0, 4]
  73    7    54.052035   46.058079   54.052035    3.459627    0.00000000   0.0000   0.6373  7+[ 6, 2, 4]
  74    8     9.880314    1.886358    9.880314    1.856892    0.00000000   0.0000   0.9612  7-[ 3, 0, 3]
  75    8    35.102043   27.108087   35.102043    2.883307    0.00000000   0.0000   0.8389  7-[ 5, 0, 3]
  76    8    38.486154   30.492199   38.486154    2.994374    0.00000000   0.0000   0.7856  7-[ 5, 2, 3]
  77    8    43.588459   35.594504   43.588459    3.154447    0.00000000   0.0000   0.7254  7-[ 5, 1, 4]
  78    8    64.383716   56.389761   64.383716    3.736584    0.00000000   0.0000   0.5400  7-[ 7, 4, 3]
  79    9    21.627824   13.633869   21.627824    2.390441    0.00000000   0.0000   0.9521  9+[ 4, 0, 4]
  80    9    44.033565   36.039609   44.033565    3.168028    0.00000000   0.0000   0.7850  9+[ 6, 0, 4]
  81    9    49.843392   41.849436   49.843392    3.340232    0.00000000   0.0000   0.7501  9+[ 6, 2, 4]
  82    9    53.292935   45.298979   53.292935    3.438399    0.00000000   0.0000   0.7219  9+[ 6, 1, 5]
  83   10    36.509770   28.515814   36.509770    2.930020    0.00000000   0.0000   0.8478  9-[ 5, 1, 4]
  84   10    42.051671   34.057715   42.051671    3.107102    0.00000000   0.0000   0.7846  9-[ 5, 0, 5]
  85   10    63.887152   55.893196   63.887152    3.723744    0.00000000   0.0000   0.7566  9-[ 7, 1, 4]
  86   10    67.724809   59.730853   67.724809    3.821855    0.00000000   0.0000   0.7419  9-[ 7, 3, 4]
  87   11    48.465598   40.471643   48.465598    3.300207    0.00000000   0.0000   0.8368 11+[ 6, 1, 5]
  88   11    52.177068   44.183112   52.177068    3.406953    0.00000000   0.0000   0.7757 11+[ 6, 0, 6]
  89   12    34.507551   26.513595   34.507551    2.863351    0.00000000   0.0000   0.9640 11-[ 5, 0, 5]
  90   12    63.495835   55.501879   63.495835    3.713594    0.00000000   0.0000   0.9293 11-[ 7, 0, 5]
  91   12    66.435115   58.441160   66.435115    3.789167    0.00000000   0.0000   0.8626 11-[ 7, 2, 5]
  92   13    46.763604   38.769648   46.763604    3.250083    0.00000000   0.0000   0.9446 13+[ 6, 0, 6]
  93   14    64.807724   56.813769   64.807724    3.747513    0.00000000   0.0000   0.9284 13-[ 7, 1, 6]
  94   16    62.955117   54.961162   62.955117    3.699523    0.00000000   0.0000   1.0000 15-[ 7, 0, 7]
#all active are   94 q.p. states out of  165
#since the cut off is pwi=  60.0
#check: number of protons =  12.0


 #canonical s.p. energies protons 
 ---------------------------------


  labels -> {2*omega}{parity}[nn=nz+2*nr+nl,nz,nl]
  cqpe   -> canonical q.p. energies
  ce     -> canonical s.p. energies
  fermi energy=  -7.9939555964035574     
  average cdelt=   1.8333162752468433E-022
  k0      ceqp        ce         v*v       u*v        cdel     overl      labels
   1    3.082139    3.082139   0.00000000   0.00000000   0.0000   0.9322  1+[ 2, 2, 0]
   2   14.484795   14.484795   0.00000000   0.00000000  -0.0000   0.4985  1+[ 2, 0, 0]
   3   27.727202   27.727202   0.00000000   0.00000000   0.0000   0.9379  1+[ 4, 1, 1]
   4   53.040022   53.040022   0.00000000   0.00000000   0.0000   0.6956  1+[ 6, 0, 0]
   5   57.101942   57.101942   0.00000000   0.00000000  -0.0000   0.5888  1+[ 8, 2, 0]
   7   45.659871   45.659871   0.00000000   0.00000000  -0.0000   0.5097  1+[ 6, 2, 0]
   8   56.427484   56.427484   0.00000000   0.00000000   0.0000   0.5492  1+[ 4, 4, 0]
  10   48.099115   48.099115   0.00000000   0.00000000  -0.0000   0.6362  1+[ 6, 6, 0]
  11   49.159552   49.159552   0.00000000   0.00000000  -0.0000   0.7283  1+[ 6, 3, 1]
  12   54.674826   54.674826   0.00000000   0.00000000  -0.0000   0.7287  1+[ 6, 6, 0]
  13   55.362262   55.362262   0.00000000   0.00000000  -0.0000   0.5800  1+[ 6, 5, 1]
  14   57.626120   57.626120   0.00000000   0.00000000  -0.0000   0.5335  1+[ 6, 4, 0]
  18   50.361244   50.361244   0.00000000   0.00000000  -0.0000   0.4912  1+[ 8, 5, 1]
  19   41.785633   41.785633   0.00000000   0.00000000  -0.0000   0.6558  1+[ 4, 3, 1]
  22   33.499376   33.499376   0.00000000   0.00000000  -0.0000   0.5545  1+[ 4, 0, 0]
  23    5.596522    5.596522   0.00000000   0.00000001   0.0000   0.7077  1+[ 2, 1, 1]
  24   -7.987883   -7.987883   0.46967393   0.49907948   0.0000   0.7859  1+[ 2, 0, 0]
  25   14.161427  -30.149338   1.00000000   0.00000000   0.0000   0.9800  1+[ 0, 0, 0]
  26    7.261199    7.261199   0.00000000   0.00000000   0.0000   0.8928  1-[ 3, 0, 1]
  27   28.464678   28.464678   0.00000000   0.00000000  -0.0000   0.6730  1-[ 5, 0, 1]
  28   31.516942   31.516942   0.00000000   0.00000000   0.0000   0.5846  1-[ 5, 0, 1]
  29   31.158824   31.158824   0.00000000   0.00000000  -0.0000   0.6091  1-[ 5, 3, 0]
  30   58.231413   58.231413   0.00000000   0.00000000  -0.0000   0.8535  1-[ 7, 0, 1]
  31   38.329938   38.329938   0.00000000   0.00000000  -0.0000   0.7213  1-[ 5, 4, 1]
  32   58.120180   58.120180   0.00000000   0.00000000  -0.0000   0.6748  1-[ 7, 7, 0]
  36   59.650058   59.650058   0.00000000   0.00000000  -0.0000   0.5501  1-[ 7, 6, 1]
  38   58.231089   58.231089   0.00000000   0.00000000   0.0000   0.6976  1-[ 7, 1, 0]
  39   45.755478   45.755478   0.00000000   0.00000000  -0.0000   0.5880  1-[ 5, 5, 0]
  40   34.901250   34.901250   0.00000000   0.00000000  -0.0000   0.6609  1-[ 5, 1, 0]
  41   37.012232   37.012232   0.00000000   0.00000000   0.0000   0.6083  1-[ 5, 2, 1]
  42   12.012600   12.012600   0.00000000   0.00000000   0.0000   0.9180  1-[ 3, 1, 0]
  43   14.961822   14.961822   0.00000000   0.00000002   0.0000   0.9489  1-[ 3, 2, 1]
  44    1.028600  -17.016511   1.00000000   0.00000004   0.0000   0.9626  1-[ 1, 0, 1]
  45   -0.219487  -15.768424   1.00000000   0.00000000   0.0000   0.9685  1-[ 1, 1, 0]
  46   22.040165   22.040165   0.00000000   0.00000000  -0.0000   0.8799  3+[ 4, 1, 1]
  47   33.343891   33.343891   0.00000000   0.00000000  -0.0000   0.6574  3+[ 6, 0, 2]
  48   48.124732   48.124732   0.00000000   0.00000000  -0.0000   0.5775  3+[ 4, 2, 2]
  52   56.065656   56.065656   0.00000000   0.00000000   0.0000   0.5178  3+[ 4, 3, 1]
  53   56.937007   56.937007   0.00000000   0.00000000   0.0000   0.5394  3+[ 6, 5, 1]
  54   59.339301   59.339301   0.00000000   0.00000000  -0.0000   0.6411  3+[ 8, 6, 2]
  56   46.429706   46.429706   0.00000000   0.00000000  -0.0000   0.5627  3+[ 8, 4, 2]
  57   59.599648   59.599648   0.00000000   0.00000000   0.0000   0.9058  3+[ 6, 4, 2]
  58   49.573618   49.573618   0.00000000   0.00000000  -0.0000   0.4191  3+[ 6, 3, 1]
  60   57.842791   57.842791   0.00000000   0.00000000  -0.0000   0.4087  3+[ 4, 2, 2]
  61   58.066913   58.066913   0.00000000   0.00000000  -0.0000   0.4595  3+[ 6, 5, 1]
  62   52.427727   52.427727   0.00000000   0.00000000  -0.0000   0.5234  3+[ 8, 1, 1]
  63   23.903142   23.903142   0.00000000   0.00000000   0.0000   0.8619  3+[ 4, 0, 2]
  64    0.969173    0.969173   0.00000000   0.00000002   0.0000   0.7581  3+[ 2, 0, 2]
  65   -7.987883   -8.000028   0.53032607   0.49907948   0.0000   0.7215  3+[ 2, 1, 1]
  66    9.114794    9.114794   0.00000000   0.00000000   0.0000   0.9162  3-[ 3, 1, 2]
  67   59.681972   59.681972   0.00000000   0.00000000  -0.0000   0.8071  3-[ 7, 4, 1]
  68   41.457791   41.457791   0.00000000   0.00000000  -0.0000   0.8502  3-[ 5, 3, 2]
  70   59.379178   59.379178   0.00000000   0.00000000  -0.0000   0.9555  3-[ 7, 1, 2]
  71   39.077496   39.077496   0.00000000   0.00000000  -0.0000   0.8516  3-[ 5, 1, 2]
  73   39.127302   39.127302   0.00000000   0.00000000  -0.0000   0.8450  3-[ 5, 4, 1]
  76   45.737833   45.737833   0.00000000   0.00000000   0.0000   0.7620  3-[ 5, 2, 1]
  77   44.284804   44.284804   0.00000000   0.00000000  -0.0000   0.7154  3-[ 7, 0, 1]
  78   17.386640   17.386640   0.00000000   0.00000000   0.0000   0.8948  3-[ 3, 2, 1]
  79   32.719821   32.719821   0.00000000   0.00000000   0.0000   0.9195  3-[ 5, 0, 1]
  80    9.386110    9.386110   0.00000000   0.00000001   0.0000   0.8713  3-[ 3, 0, 1]
  81    3.804353  -19.792264   1.00000000   0.00000000   0.0000   0.9643  3-[ 1, 0, 1]
  82   19.734710   19.734710   0.00000000   0.00000000   0.0000   0.7275  5+[ 4, 0, 2]
  83   58.331670   58.331670   0.00000000   0.00000000   0.0000   0.5396  5+[ 8, 0, 2]
  85   48.508369   48.508369   0.00000000   0.00000000   0.0000   0.8276  5+[ 6, 2, 2]
  86   45.381887   45.381887   0.00000000   0.00000000   0.0000   0.7994  5+[ 6, 1, 3]
  90   55.985328   55.985328   0.00000000   0.00000000  -0.0000   0.6084  5+[ 8, 5, 3]
  91   56.297802   56.297802   0.00000000   0.00000000   0.0000   0.6796  5+[ 6, 4, 2]
  94   39.643196   39.643196   0.00000000   0.00000000  -0.0000   0.5356  5+[ 8, 4, 2]
  95   43.152057   43.152057   0.00000000   0.00000000  -0.0000   0.8071  5+[ 6, 0, 2]
  96   26.831493   26.831493   0.00000000   0.00000000   0.0000   0.9459  5+[ 4, 1, 3]
  97   -6.633422   -9.354489   1.00000000   0.00000123   0.0000   0.9582  5+[ 2, 0, 2]
  98   52.146027   52.146027   0.00000000   0.00000000   0.0000   0.5439  5-[ 5, 2, 3]
  99   54.445729   54.445729   0.00000000   0.00000000   0.0000   0.5914  5-[ 7, 0, 3]
 100   44.114239   44.114239   0.00000000   0.00000000  -0.0000   0.6719  5-[ 5, 2, 3]
 103   41.897179   41.897179   0.00000000   0.00000000  -0.0000   0.7142  5-[ 5, 3, 2]
 104   35.155570   35.155570   0.00000000   0.00000000   0.0000   0.7244  5-[ 5, 0, 3]
 105   22.885666   22.885666   0.00000000   0.00000000   0.0000   0.8229  5-[ 3, 1, 2]
 106   56.414533   56.414533   0.00000000   0.00000000   0.0000   0.8256  5-[ 7, 5, 2]
 107   59.799637   59.799637   0.00000000   0.00000000   0.0000   0.5953  5-[ 7, 1, 2]
 108   19.031371   19.031371   0.00000000   0.00000000   0.0000   0.5873  5-[ 3, 0, 3]
 109   18.387313   18.387313   0.00000000   0.00000000  -0.0000   0.6690  5-[ 5, 1, 2]
 110   43.809416   43.809416   0.00000000   0.00000000   0.0000   0.4890  7+[ 6, 2, 4]
 112   45.500275   45.500275   0.00000000   0.00000000  -0.0000   0.5726  7+[ 6, 3, 3]
 115   46.223261   46.223261   0.00000000   0.00000000   0.0000   0.5483  7+[ 6, 2, 4]
 117   40.458811   40.458811   0.00000000   0.00000000   0.0000   0.5040  7+[ 8, 1, 3]
 118   45.269984   45.269984   0.00000000   0.00000000   0.0000   0.7274  7+[ 4, 1, 3]
 119   51.210381   51.210381   0.00000000   0.00000000  -0.0000   0.5726  7+[ 4, 0, 4]
 120   50.200315   50.200315   0.00000000   0.00000000   0.0000   0.5690  7+[ 4, 1, 3]
 122   32.565689   32.565689   0.00000000   0.00000000   0.0000   0.8071  7-[ 5, 1, 4]
 123   36.501678   36.501678   0.00000000   0.00000000  -0.0000   0.7088  7-[ 5, 2, 3]
 127   38.955866   38.955866   0.00000000   0.00000000  -0.0000   0.6706  7-[ 7, 0, 3]
 129   34.664440   34.664440   0.00000000   0.00000000   0.0000   0.6999  7-[ 5, 0, 3]
 130   17.733009   17.733009   0.00000000   0.00000000   0.0000   0.7997  7-[ 3, 0, 3]
 131   43.727434   43.727434   0.00000000   0.00000000   0.0000   0.7463  9+[ 6, 1, 5]
 132   54.143454   54.143454   0.00000000   0.00000000   0.0000   0.6937  9+[ 6, 0, 4]
 133   52.573073   52.573073   0.00000000   0.00000000  -0.0000   0.4795  9+[ 8, 4, 4]
 139   28.777030   28.777030   0.00000000   0.00000000   0.0000   0.7005  9+[ 4, 0, 4]
 140   48.337820   48.337820   0.00000000   0.00000000  -0.0000   0.6507  9-[ 5, 1, 4]
 141   57.613492   57.613492   0.00000000   0.00000000   0.0000   0.6737  9-[ 7, 2, 5]
 142   51.341905   51.341905   0.00000000   0.00000000   0.0000   0.7177  9-[ 7, 3, 4]
 143   55.056122   55.056122   0.00000000   0.00000000  -0.0000   0.8931  9-[ 7, 1, 4]
 144   36.792022   36.792022   0.00000000   0.00000000   0.0000   0.7335  9-[ 5, 0, 5]
 149   46.560895   46.560895   0.00000000   0.00000000   0.0000   0.8353 11+[ 6, 1, 5]
 150   59.497869   59.497869   0.00000000   0.00000000   0.0000   0.5126 11+[ 8, 0, 6]
 153   57.120562   57.120562   0.00000000   0.00000000   0.0000   0.7704 11-[ 7, 0, 5]
 154   37.407249   37.407249   0.00000000   0.00000000   0.0000   0.7045 11-[ 5, 0, 5]
 155   46.939474   46.939474   0.00000000   0.00000000   0.0000   0.6949 11-[ 5, 0, 5]
 158   54.932330   54.932330   0.00000000   0.00000000  -0.0000   0.6789 13+[ 6, 0, 6]
 160   57.929259   57.929259   0.00000000   0.00000000  -0.0000   1.0000 13-[ 7, 1, 6]
 162   54.961162   54.961162   0.00000000   0.00000000   0.0000   1.0000 15-[ 7, 0, 7]
  Sum canonical e_v*V^2_k=  -200.15069959159587     

  NB! From expect (UNPROJECTED RESULTS)

  pairing: CpV0,CpV1,...           0.100000       0.100000       1.000000       1.000000
  forces:   UNE1                          


                             neutrons         protons         total
  Requested part.numbs.      12.000000      12.000000      24.000000
  UnPj(av) part.numbs .      12.000000      12.000000      24.000000
  b0, bz, bp ..........       1.559284       1.564210       1.556827

  lambda (ala) ........     -12.621245      -7.993956
  Lambda (alast) ......     -12.621245      -7.993956
  delta(n,p), pwi .....       0.000000       0.000000      60.000000
  pairing energy ......       0.000000       0.000000       0.000000

  rms-radius ..........       2.935734       2.954554       2.945159
  charge-radius, r0 ...                      3.060946       3.461399
  deformation beta2....      -0.226423      -0.227567      -0.226999
  dipole moment[fm] ...       0.000000       0.000000       0.000000
  quadrupole moment[b]       -0.295424      -0.300735      -0.596159
  octupole moment .....       0.000000       0.000000       0.000000
  hexadecapole moment .       0.003134       0.003227       0.006361
  q5 ..................       0.000000       0.000000       0.000000
  q6 ..................      -0.000105      -0.000108      -0.000213
  q7 ..................       0.000000       0.000000       0.000000
  q8 ..................       0.000004       0.000004       0.000007

  <r^0> [fm^0] ........            1.000000            1.000000            1.000000
  <r^2> [fm^2] ........            8.618531            8.729390            8.673961
  <r^4> [fm^4] ........          107.614084          110.777173          109.195629
  <r^6> [fm^6] ........         1740.125939         1826.524381         1783.325160
  <r^8> [fm^8] ........        34516.869797        37026.728644        35771.799220

  kinetic energy ......     207.861844     205.259334     413.121179
  volume energy .......                                  -658.711838
        rho_tau .......                                    -1.829086
        rho_rho .......                                  -656.882753
  surface energy ......                                    52.939388
   rho_DELTA_rho ......                                    52.939388
   (NABLA_rho)^2 ......                                     0.000000
  spin-orbit energy ...                                   -21.275592
        rho_NABLA_J ...                                   -21.275592
        NABLA_rho_J ...                                     0.000000
  coulomb energy ......                                    29.094545
          direct ......                                    33.533650
          exchange ....                                    -4.439105
  tensor energy .......                                     0.000000
  direct Hartree E  ...                                     0.000000
  Extra E .............                                     0.000000
  External field E ....                                     0.000000
  Entropy .............       2.764618       2.765227       5.529845

  tEnergy: ehfb (qp)...                                  -184.832318

  Calculated but not added corrections 
====================================
  cmc-diagonal part ...       0.000000       0.000000       0.000000
  cmc-hfb .............       0.000000       0.000000       0.000000
  cranking rot corr ...       0.000000       0.000000       0.000000

  SQUJ ................       0.000000       0.000000       0.000000
  CRAN x 4 ............       0.000000       0.000000       0.000000
  Rigit Body ..........       0.000000       0.000000       0.000000


   Blocking candidates are:
   neutron eqpmin=   6.3190844432114441E-003  pwiblo=   5.1031036307982882     
    num=   1 block=   3 state=   1    32 Eqp=   0.00631908  (1-2N)E=  -0.00631908  Ovlp=   0.72564401  3+[ 2, 1, 1]
    num=   2 block=   1 state=   1     1 Eqp=   0.00631908  (1-2N)E=   0.00631908  Ovlp=   0.78902216  1+[ 2, 0, 0]
    num=   3 block=   5 state=   1    56 Eqp=   1.35758334  (1-2N)E=  -1.35758334  Ovlp=   0.96132713  5+[ 2, 0, 2]
    num=   4 block=   1 state=   2     2 Eqp=   4.14080087  (1-2N)E=   4.14080087  Ovlp=   0.61892505  1+[ 2, 2, 0]

   Blocking candidates are:
   proton  eqpmin=   6.0726671500441337E-003  pwiblo=   5.1031036307982882     
    num=   1 block=   1 state=   1     1 Eqp=   0.00607267  (1-2N)E=   0.00607267  Ovlp=   0.78586976  1+[ 2, 0, 0]
    num=   2 block=   3 state=   1    30 Eqp=   0.00607267  (1-2N)E=  -0.00607267  Ovlp=   0.72145424  3+[ 2, 1, 1]
    num=   3 block=   5 state=   1    52 Eqp=   1.36053314  (1-2N)E=  -1.36053314  Ovlp=   0.95817714  5+[ 2, 0, 2]
    num=   4 block=   1 state=   2     2 Eqp=   4.08691784  (1-2N)E=   4.08691784  Ovlp=   0.61363789  1+[ 2, 2, 0]


