No Skyrme interaction defined in routine skforce()
Multi-threading framework with OpenMP: 1 threads/task

  =======================================
           FORTRAN 95 CODE (KIND= 8) 
               Version: 200d  
  =======================================
       AXIALLY DEFORMED CONFIGURATIONAL  
     HARTREE-FOCK-BOGOLIUBOV CALCULATIONS
                     WITH                
            UNEDF AND DELTA PAIRING      
                     USING               
             HARMONIC-OSCILLATOR         
                   AND/OR                
       TRANSFORMED HARMONIC-OSCILLATOR   
                    BASIS                
                     ---                 
               v1.66  (2005):,           
   Stoitsov,Dobaczewski,Nazarewicz,Ring, 
               v2.00d (2012):,           
         Stoitsov,Schunck,Kortelainen    
  =======================================
    Nucleus: MG (A=  24, N= 12, Z= 12)
       Reflection Symmetry Imposed       
            ( 9/17/2022,  5:46)                               
  =======================================


  ---------------------------------------
           UNEDF Module Version:17
         M.Kortelainen & M.Stoitsov 
  ---------------------------------------

  UNE1 functional
  ----------------------------------
  Crho(0)=   -776.869457262093078    ; Crho(1)=    276.619185018227199    
  CDrho(0)=   892.790725587896418    ; CDrho(1)=  -178.658403502998652    
  Ctau(0)=   -2.10376574100615654    ; Ctau(1)=   -34.7471254039520758    
  CrDr(0)=   -44.7869256028633487    ; CrDr(1)=   -147.389559423359941    
  CrdJ(0)=   -74.0215676982403892    ; CrdJ(1)=   -35.8117723765914278    
  CJ(0)=      0.00000000000000000    ; CJ(1)=      0.00000000000000000    
  CpV0(0)=   0.100000000000000006    ; CpV0(1)=   0.100000000000000006    
  CpV1(0)=    1.00000000000000000    ; CpV1(1)=    1.00000000000000000    
  sigma=     0.272143817767853402    ; hbzero=     20.7355300000000007    
  e^2 chrg=   1.43997840859651305    ; CExPar=     1.00000000000000000    
  c.m. correction: F, chr. density in direct Coul: F
  use tensor terms: F
  use TMR pairing:  0

  Coupling constants in natural units
  -----------------------------------
  Crho_nu(0)=  -0.874848172171877936    ; Crho_nu(1)=   0.311506374898230687    
  CDrho_nu(0)=  0.942360647558947440    ; CDrho_nu(1)= -0.188577954487675975    
  Ctau_nu(0)=  -0.298211185616270615E-01; Ctau_nu(1)=  -0.492544453096475265    
  CrDr_nu(0)=  -0.634859762368309100    ; CrDr_nu(1)=   -2.08926376194712038    
  CrdJ_nu(0)=   -1.04926413783647154    ; CrdJ_nu(1)=  -0.507635944976256082    
  CJ_nu(0)=      0.00000000000000000    ; CJ_nu(1)=      0.00000000000000000    
  CpV0_nu(0)=   0.112611992142809880E-03; CpV0_nu(1)=   0.112611992142809880E-03
  CpV1_nu(0)=   0.887702254206059068E-03; CpV1_nu(1)=   0.887702254206059068E-03
  fpi_nu=        93.0000000000000000    ; Lambda_nu=     700.000000000000000    

  Nuclear matter properties
  ----------------------------------
      E_NM=     -15.7999999999999812      K_NM=     219.9999999999998863
      P_NM=       0.0000000000000008    RHO_NM=       0.1587010437847480
    ASS_NM=      28.9918800079376133   LASS_NM=      40.8484642040629637
  SMASS_NM=       0.9838986599823457  VMASS_NM=       1.2498385742322697

  Associated (t,x)-coupling constants
  -----------------------------------
  t0=      -2071.65188603224806    ; x0=       0.341036047287361921E-01
  t1=       236.058582227262974    ; x1=       -5.20062225278764867    
  t2=       1602.85363756816014    ; x2=       -1.36570551127540818    
  t3=       14284.6516094063427    ; x3=      -0.199831553382199378    
  b4=       38.2097953216489614    ; b4p=       71.6235447531828555    
  te=      -478.347261762817652    ; to=       -204.988250694638197    
  sigma=   0.272143817767853402    ; hbzero=    20.7355300000000007    

  ---------------------------------------
        Characteristics of the run       
  ---------------------------------------
  Output file ................:     7
  Nucleus ....................:   MG  24
  Number of HO shells ........:    10
  HO length b0 (fm) ..........:     1.55928400372611
  Basis deformation ..........:  beta0=   0.010 q=   1.010
  HO: b0,1/b0,bp,bz,q ........:   0.15592840E+01  0.64131999E+00  0.15568270E+01  0.15642096E+01  0.10095067E+01
  h**2/(2m), cmc, e**2 .......:   0.20735530E+02  0.20735530E+02  0.14399784E+01
  hom=f*41.0_pr*A^{-1/3}, f...:   0.17056687E+02  0.12000000E+01
  THO basis is ...............:  OFF
  Maximal number of iterations:   400
  Initial mixing parameter ...:  0.300
  Initial w.f. ...............:  from   spherical scratch
  Skyrme functional ..........:    UNE1                          
    with direct and exchange Coulomb
  Lipkin-Nogami procedure is .:  OFF
  PAV procedure is ...........:  OFF
  Constraint calculation is ..:   ON
    Constraint 1 .............: lambda=2 Ql=   1.307
  Temperature T ..............:   0.05 MeV
  Restart indicator ..........:   1
  Broyden mixing (#iterations):   7

  ---------------------------------------
        Harmonic Oscillator Basis        
  ---------------------------------------
  NUV, NQP:                        6222     286
  Comparison with bookkeeping spherical basis:
  n00:                               10      10  Maximal number of shells
  nbx, 2*n00+1:                      21      21  Maximal number of K-blocks
  ntx, (n00+1)*(n00+2)*(n00+3)/6    286     286  Max.num. p/n levels
  nzx, n00:                          10      10  Maximal nz-quantum number
  nrx, n00/2  :                       5       5  Maximal nr-quantum number
  nlx, n00:                          10      10  Maximal ml-quantum number
  ndx, (n00+2)*(n00+2)/4:            36      36  Maximal dim. of one k-block

  Actual basis used
  Number of blocks: nb .......:   21
  Number of levels: nt .......:  286
  Maximal 2*omega : nom ......:   21
  Maximal nz:       nzm ......:   10
  Maximal nr:       nrm ......:    5
  Maximal ml:       nlm ......:   10
  Maximal N=nz+2*nr+nl .......:   10
  2 x biggest block dim. .....:   72
  Non-zero elements of h .....:     3254
  Number of Broyden elements .:    13016

  ---------------------------------------
            Integration Meshes           
  ---------------------------------------
  Number of Gauss-Hermite mesh points ngh ....:  40
  Number of Gauss-Laguerre mesh points ngl ...:  40
  Number of Gauss-Legendre mesh points nleg ..:  80
  Integration boundaries
    Hermite  - from xh(1)  =  0.12379686 to xh(ngh)   = 11.88786356
    Laguerre - From xl(1)  =  0.03570039 to xl(ngl)   =142.28004447
    Legendre - From xleg(1)=  0.00978669 to xleg(nleg)=  0.99988775
  Max.dev.in:     Orthogonality            Normalization
  Hermite     1.5248282503475657E-015   1.0991207943789050E-014
  Laguerre    4.8291451697098846E-015   9.3258734068513149E-015

  Scratch initialization for the nucleus: MG  12  12


  Initial potentials of Saxon-Woods shape 
  v0ws   =  -71.27999878
  kappa  =    0.46160001
  vs0    =   11.11750031   11.11750031
  r0     =    1.23339999    1.23339999
  a      =    0.61500001    0.61500001
  r0-so  =    1.14429998    1.14429998
  a-so   =    0.64760000    0.64760000
  beta00 =    0.01000000

  ### REGULAR STAGE (reflection symmetry imposed)
  |HFB+HO> iterations(b0=  1.559, Nsh= 10, inin=  1, N= 12, Z= 12)...
  ----------------------------------------------------------------------------------------------------------------------------------
  i          si     mix   beta      Etot       A       rn      rp         En      Dn      Ep      Dp        Ln      Lp     time
  ----------------------------------------------------------------------------------------------------------------------------------
   1L  95.09929679 0.30  0.010     0.000000    0.0   0.000   0.000 |   -2.000   1.000  -2.000   1.000 |   -7.000  -7.000   0.000
   2B  52.77587208 0.10  0.009   -53.966124   24.0   2.635   2.635 |    0.000  -0.000   0.000  -0.000 |  -17.603 -17.603  36.482
   3B  12.50500149 0.11  0.432  -144.418307   24.0   3.157   3.232 |    0.000  -0.000   0.000  -0.000 |  -11.876  -8.531   1.043
   4B  10.45126091 0.13  0.617  -162.921305   24.0   3.268   3.247 |    0.000  -0.000   0.000  -0.000 |  -13.864  -9.650   1.471
   5B  12.76798728 0.10  0.680  -174.648481   24.0   3.300   3.383 |    0.000  -0.000   0.000  -0.000 |  -14.141 -10.101   2.608
   6B  14.40281465 0.10  0.687  -175.516049   24.0   3.351   3.322 |    0.000  -0.000   0.000  -0.000 |  -14.240  -9.986   2.817
   7B  14.06491365 0.11  0.678  -179.755266   24.0   3.304   3.326 |    0.000  -0.000   0.000  -0.000 |  -13.954  -9.686   2.692
   8B  13.78200121 0.13  0.663  -180.911014   24.0   3.282   3.306 |    0.000  -0.000   0.000  -0.000 |  -13.687  -9.493   3.694
   9B  12.18114450 0.14  0.632  -182.636041   24.0   3.248   3.261 |    0.000  -0.000   0.000  -0.000 |  -13.333  -9.009   3.898
  10B   6.07477176 0.16  0.562  -184.630584   24.0   3.170   3.172 |    0.000  -0.000   0.000  -0.000 |  -12.614  -8.429   2.324
  11B   4.34464913 0.18  0.490  -186.757506   24.0   3.067   3.115 |    0.000  -0.000   0.000  -0.000 |  -12.492  -7.846   2.326
  12B   2.35260471 0.21  0.475  -188.376372   24.0   3.058   3.088 |    0.000  -0.000   0.000  -0.000 |  -12.297  -8.021   3.152
  13B   1.30286468 0.24  0.466  -188.916596   24.0   3.059   3.075 |    0.000  -0.000   0.000  -0.000 |  -12.389  -7.805   2.693
  14B   1.10819178 0.27  0.460  -189.088097   24.0   3.048   3.073 |    0.000  -0.000   0.000  -0.000 |  -12.310  -7.767   2.450
  15B   0.41992868 0.30  0.459  -189.172456   24.0   3.047   3.070 |    0.000  -0.000   0.000  -0.000 |  -12.253  -7.767   1.975
  16B   0.27032927 0.34  0.459  -189.177781   24.0   3.047   3.070 |    0.000  -0.000   0.000  -0.000 |  -12.253  -7.767   3.199
  17B   0.25204916 0.38  0.460  -189.171346   24.0   3.048   3.071 |    0.000  -0.000   0.000  -0.000 |  -12.253  -7.767   2.760
  18B   0.30077636 0.10  0.460  -189.177235   24.0   3.048   3.070 |    0.000  -0.000   0.000  -0.000 |  -12.253  -7.767   1.762
  19B   0.11679012 0.11  0.460  -189.180935   24.0   3.048   3.070 |    0.000  -0.000   0.000  -0.000 |  -12.253  -7.767   0.864
  20B   0.07597282 0.13  0.460  -189.174454   24.0   3.048   3.071 |    0.000  -0.000   0.000  -0.000 |  -12.253  -7.767   1.501
  21B   0.05876831 0.14  0.460  -189.173736   24.0   3.048   3.071 |    0.000   0.000   0.000   0.000 |  -12.253  -7.767   2.255
  22B   0.05309411 0.16  0.461  -189.169964   24.0   3.049   3.071 |    0.000   0.000   0.000   0.000 |  -12.253  -7.767   2.104
  23B   0.02701738 0.18  0.461  -189.164735   24.0   3.049   3.071 |    0.000   0.000   0.000   0.000 |  -12.253  -7.767   2.362
  24B   0.02388883 0.21  0.461  -189.163274   24.0   3.049   3.071 |    0.000   0.000   0.000   0.000 |  -12.253  -7.767   2.533
  25B   0.02578123 0.10  0.461  -189.163077   24.0   3.049   3.071 |    0.000   0.000   0.000   0.000 |  -12.253  -7.767   0.877
  26B   0.01869607 0.11  0.461  -189.164035   24.0   3.049   3.071 |    0.000   0.000   0.000   0.000 |  -12.253  -7.767   2.102
  27B   0.01214648 0.13  0.461  -189.164862   24.0   3.049   3.071 |    0.000   0.000   0.000   0.000 |  -12.253  -7.767   1.576
  28B   0.00985515 0.14  0.461  -189.165189   24.0   3.049   3.071 |    0.000   0.000   0.000   0.000 |  -12.253  -7.767   0.814
  29B   0.00940667 0.16  0.461  -189.166239   24.0   3.049   3.071 |    0.000  -0.000   0.000  -0.000 |  -12.253  -7.767   0.840
  30B   0.00792714 0.18  0.461  -189.165897   24.0   3.049   3.071 |    0.000   0.000   0.000   0.000 |  -12.253  -7.767   1.067
  31B   0.00459935 0.21  0.461  -189.166527   24.0   3.049   3.071 |    0.000  -0.000   0.000  -0.000 |  -12.253  -7.767   0.966
  32B   0.00151567 0.24  0.461  -189.166670   24.0   3.049   3.071 |    0.000  -0.000   0.000  -0.000 |  -12.253  -7.767   1.544
  33B   0.00124797 0.27  0.461  -189.166633   24.0   3.049   3.071 |    0.000  -0.000   0.000  -0.000 |  -12.253  -7.767   2.017
  34B   0.00079756 0.30  0.461  -189.166574   24.0   3.049   3.071 |    0.000  -0.000   0.000  -0.000 |  -12.253  -7.767   2.319
  35B   0.00048185 0.34  0.461  -189.166497   24.0   3.049   3.071 |    0.000   0.000   0.000   0.000 |  -12.253  -7.767   2.464
  36B   0.00062860 0.10  0.461  -189.166453   24.0   3.049   3.071 |    0.000   0.000   0.000   0.000 |  -12.253  -7.767   1.873
  37B   0.00045991 0.11  0.461  -189.166434   24.0   3.049   3.071 |    0.000   0.000   0.000   0.000 |  -12.253  -7.767   0.776
  38B   0.00031650 0.13  0.461  -189.166426   24.0   3.049   3.071 |    0.000   0.000   0.000   0.000 |  -12.253  -7.767   1.027
  39B   0.00023599 0.14  0.461  -189.166437   24.0   3.049   3.071 |    0.000   0.000   0.000   0.000 |  -12.253  -7.767   0.919
  40B   0.00016674 0.16  0.461  -189.166446   24.0   3.049   3.071 |    0.000  -0.000   0.000  -0.000 |  -12.253  -7.767   2.559
  41B   0.00012059 0.18  0.461  -189.166463   24.0   3.049   3.071 |    0.000  -0.000   0.000  -0.000 |  -12.253  -7.767   2.348
  42B   0.00012752 0.10  0.461  -189.166472   24.0   3.049   3.071 |    0.000  -0.000   0.000  -0.000 |  -12.253  -7.767   0.870
  43B   0.00008292 0.11  0.461  -189.166477   24.0   3.049   3.071 |    0.000  -0.000   0.000  -0.000 |  -12.253  -7.767   1.190
  44B   0.00005964 0.13  0.461  -189.166476   24.0   3.049   3.071 |    0.000  -0.000   0.000  -0.000 |  -12.253  -7.767   0.833
  45B   0.00004482 0.14  0.461  -189.166474   24.0   3.049   3.071 |    0.000  -0.000   0.000  -0.000 |  -12.253  -7.767   2.234
  46B   0.00002358 0.16  0.461  -189.166471   24.0   3.049   3.071 |    0.000   0.000   0.000   0.000 |  -12.253  -7.767   3.032
  47B   0.00004235 0.10  0.461  -189.166468   24.0   3.049   3.071 |    0.000   0.000   0.000   0.000 |  -12.253  -7.767   2.481
  48B   0.00002010 0.11  0.461  -189.166466   24.0   3.049   3.071 |    0.000   0.000   0.000   0.000 |  -12.253  -7.767   2.366
  49B   0.00002134 0.10  0.461  -189.166465   24.0   3.049   3.071 |    0.000   0.000   0.000   0.000 |  -12.253  -7.767   2.327
  50B   0.00001440 0.11  0.461  -189.166466   24.0   3.049   3.071 |    0.000   0.000   0.000   0.000 |  -12.253  -7.767   2.252
  51B   0.00000679 0.13  0.461  -189.166467   24.0   3.049   3.071 |    0.000  -0.000   0.000  -0.000 |  -12.253  -7.767   3.777
  52B   0.00000861 0.10  0.461  -189.166468   24.0   3.049   3.071 |    0.000  -0.000   0.000  -0.000 |  -12.253  -7.767   2.444
  53B   0.00000594 0.11  0.461  -189.166468   24.0   3.049   3.071 |    0.000  -0.000   0.000  -0.000 |  -12.253  -7.767   0.916
  54B   0.00000614 0.10  0.461  -189.166469   24.0   3.049   3.071 |    0.000  -0.000   0.000  -0.000 |  -12.253  -7.767   0.836
  55B   0.00000260 0.11  0.461  -189.166468   24.0   3.049   3.071 |    0.000   0.000   0.000   0.000 |  -12.253  -7.767   0.948
  56B   0.00000202 0.13  0.461  -189.166468   24.0   3.049   3.071 |    0.000   0.000   0.000   0.000 |  -12.253  -7.767   1.111
  57B   0.00000067 0.14  0.461  -189.166468   24.0   3.049   3.071 |    0.000   0.000   0.000   0.000 |  -12.253  -7.767   1.395
  58B   0.00000068 0.10  0.461  -189.166468   24.0   3.049   3.071 |    0.000   0.000   0.000   0.000 |  -12.253  -7.767   3.300
  59B   0.00000065 0.11  0.461  -189.166468   24.0   3.049   3.071 |    0.000   0.000   0.000   0.000 |  -12.253  -7.767   3.189
  60B   0.00000045 0.13  0.461  -189.166468   24.0   3.049   3.071 |    0.000  -0.000   0.000  -0.000 |  -12.253  -7.767   2.786
  61B   0.00000024 0.14  0.461  -189.166468   24.0   3.049   3.071 |    0.000  -0.000   0.000  -0.000 |  -12.253  -7.767   3.875
  62B   0.00000025 0.10  0.461  -189.166468   24.0   3.049   3.071 |    0.000  -0.000   0.000  -0.000 |  -12.253  -7.767   2.733
  63B   0.00000043 0.10  0.461  -189.166468   24.0   3.049   3.071 |    0.000  -0.000   0.000  -0.000 |  -12.253  -7.767   3.481
  64B   0.00000022 0.11  0.461  -189.166468   24.0   3.049   3.071 |    0.000  -0.000   0.000  -0.000 |  -12.253  -7.767   4.073
  65B   0.00000007 0.13  0.461  -189.166468   24.0   3.049   3.071 |    0.000  -0.000   0.000  -0.000 |  -12.253  -7.767   2.778
  66B   0.00000008 0.10  0.461  -189.166468   24.0   3.049   3.071 |    0.000  -0.000   0.000  -0.000 |  -12.253  -7.767   2.528
  67B   0.00000006 0.11  0.461  -189.166468   24.0   3.049   3.071 |    0.000  -0.000   0.000  -0.000 |  -12.253  -7.767   3.686
  68B   0.00000003 0.13  0.461  -189.166468   24.0   3.049   3.071 |    0.000  -0.000   0.000  -0.000 |  -12.253  -7.767   3.772
  69B   0.00000002 0.14  0.461  -189.166468   24.0   3.049   3.071 |    0.000  -0.000   0.000  -0.000 |  -12.253  -7.767   9.271
  70B   0.00000003 0.10  0.461  -189.166468   24.0   3.049   3.071 |    0.000   0.000   0.000   0.000 |  -12.253  -7.767  10.260
  71B   0.00000001 0.11  0.461  -189.166468   24.0   3.049   3.071 |    0.000   0.000   0.000  -0.000 |  -12.253  -7.767   8.407
  72B   0.00000001 0.10  0.461  -189.166468   24.0   3.049   3.071 |    0.000   0.000   0.000  -0.000 |  -12.253  -7.767  13.906
  73B   0.00000001 0.11  0.461  -189.166468   24.0   3.049   3.071 |    0.000   0.000   0.000  -0.000 |  -12.253  -7.767  13.501
  74B   0.00000001 0.13  0.461  -189.166468   24.0   3.049   3.071 |    0.000   0.000   0.000  -0.000 |  -12.253  -7.767  15.332
  75B   0.00000001 0.10  0.461  -189.166468   24.0   3.049   3.071 |    0.000   0.000   0.000   0.000 |  -12.253  -7.767  13.248
  76B   0.00000000 0.11  0.461  -189.166468   24.0   3.049   3.071 |    0.000  -0.000   0.000   0.000 |  -12.253  -7.767  12.453
  77B   0.00000000 0.13  0.461  -189.166468   24.0   3.049   3.071 |    0.000  -0.000   0.000  -0.000 |  -12.253  -7.767  12.030
  78B   0.00000000 0.10  0.461  -189.166468   24.0   3.049   3.071 |    0.000  -0.000   0.000  -0.000 |  -12.253  -7.767   4.797
  79B   0.00000000 0.11  0.461  -189.166468   24.0   3.049   3.071 |    0.000  -0.000   0.000   0.000 |  -12.253  -7.767   4.304
  80B   0.00000000 0.13  0.461  -189.166468   24.0   3.049   3.071 |    0.000  -0.000   0.000   0.000 |  -12.253  -7.767   1.258
  81B   0.00000000 0.14  0.461  -189.166468   24.0   3.049   3.071 |    0.000   0.000   0.000  -0.000 |  -12.253  -7.767   1.356
  ----------------------------------------------------------------------------------------------------------------------------------
  *   iteration converged   after  81 steps   si=     0.0000000006 ho=  0 tho=  0
  ----------------------------------------------------------------------------------------------------------------------------------
  Total CPU time=   5.034 minutes

  Writing to wel_file: s012_012.hel
 __________________________________  
  The tape s012_012.hel recorded:     
  nucname,npr,ngh,ngl,n00,nb,nt      
  b0,beta0,si,etot,rms,bet,xmix      
  pairing:     CpV0,CpV1,pwi         
  delta:       del,ept               
  lambda:      ala,ala2,alast,tz     
  asymptotic:  varmas,ass,skass      
  ntx,nb,nhhdim,id,N_rz,n_r,n_z      
  Omega2,Sigma2,Parity,Lambda        
  matrices(inbro):    hh,de          
  *all blocking candidates           
 __________________________________  


  NB! From expect (UNPROJECTED RESULTS)

  pairing: CpV0,CpV1,...           0.100000       0.100000       1.000000       1.000000
  forces:   UNE1                          


                             neutrons         protons         total
  Requested part.numbs.      12.000000      12.000000      24.000000
  UnPj(av) part.numbs .      12.000000      12.000000      24.000000
  b0, bz, bp ..........       1.559284       1.564210       1.556827

  lambda (ala) ........     -12.252974      -7.767273
  Lambda (alast) ......     -12.252974      -7.767273
  delta(n,p), pwi .....       0.000000      -0.000000      60.000000
  pairing energy ......       0.000000       0.000000       0.000000

  rms-radius ..........       3.048748       3.071207       3.059998
  charge-radius, r0 ...                      3.173691       3.461399
  deformation beta2....       0.460144       0.461841       0.460999
  dipole moment[fm] ...       0.000000       0.000000       0.000000
  quadrupole moment[b]        0.647483       0.659480       1.306963
  octupole moment .....       0.000000       0.000000       0.000000
  hexadecapole moment .       0.008455       0.008638       0.017093
  q5 ..................       0.000000       0.000000       0.000000
  q6 ..................       0.000251       0.000250       0.000501
  q7 ..................       0.000000       0.000000       0.000000
  q8 ..................       0.000004       0.000003       0.000007

  <r^0> [fm^0] ........            1.000000            1.000000            1.000000
  <r^2> [fm^2] ........            9.294867            9.432314            9.363590
  <r^4> [fm^4] ........          128.603279          132.973299          130.788289
  <r^6> [fm^6] ........         2349.975051         2485.344148         2417.659599
  <r^8> [fm^8] ........        53547.360776        58053.435131        55800.397954

  kinetic energy ......     199.565487     196.849027     396.414514
  volume energy .......                                  -650.221246
        rho_tau .......                                    -3.615742
        rho_rho .......                                  -646.605505
  surface energy ......                                    53.879275
   rho_DELTA_rho ......                                    53.879275
   (NABLA_rho)^2 ......                                     0.000000
  spin-orbit energy ...                                   -17.694109
        rho_NABLA_J ...                                   -17.694109
        NABLA_rho_J ...                                     0.000000
  coulomb energy ......                                    28.455098
          direct ......                                    32.856499
          exchange ....                                    -4.401401
  tensor energy .......                                     0.000000
  direct Hartree E  ...                                     0.000000
  Extra E .............                                     0.000000
  External field E ....                                     0.000000
  Entropy .............       0.000000       0.000000       0.000000

  tEnergy: ehfb (qp)...                                  -189.166468

  Calculated but not added corrections 
====================================
  cmc-diagonal part ...       0.000000       0.000000       0.000000
  cmc-hfb .............       0.000000       0.000000       0.000000
  cranking rot corr ...       0.000000       0.000000       0.000000

  SQUJ ................       0.000000       0.000000       0.000000
  CRAN x 4 ............       0.000000       0.000000       0.000000
  Rigit Body ..........       0.000000       0.000000       0.000000


   Blocking candidates are:
   neutron eqpmin=   1.1459953382382793       pwiblo=   5.1031036307982882     
    num=   1 block=   3 state=   1    42 Eqp=   1.14599534  (1-2N)E=  -1.14599534  Ovlp=   0.92196715  3+[ 2, 1, 1]
    num=   2 block=   5 state=   1    74 Eqp=   3.32693829  (1-2N)E=   3.32693829  Ovlp=   0.96802235  5+[ 2, 0, 2]
    num=   3 block=   1 state=   1     1 Eqp=   3.53535702  (1-2N)E=   3.53535702  Ovlp=   0.77779726  1+[ 2, 1, 1]
    num=   4 block=   1 state=   2     2 Eqp=   4.24529036  (1-2N)E=  -4.24529036  Ovlp=   0.80561220  1+[ 2, 2, 0]
    num=   5 block=   2 state=   1    22 Eqp=   5.16977594  (1-2N)E=  -5.16977594  Ovlp=   0.93964946  1-[ 1, 0, 1]
    num=   6 block=   2 state=   2    23 Eqp=   5.53561227  (1-2N)E=   5.53561227  Ovlp=   0.74266795  1-[ 3, 3, 0]

   Blocking candidates are:
   proton  eqpmin=   1.1036204448045766       pwiblo=   5.1031036307982882     
    num=   1 block=   3 state=   1    40 Eqp=   1.10362044  (1-2N)E=  -1.10362044  Ovlp=   0.91787299  3+[ 2, 1, 1]
    num=   2 block=   5 state=   1    70 Eqp=   3.39316415  (1-2N)E=   3.39316415  Ovlp=   0.96372692  5+[ 2, 0, 2]
    num=   3 block=   1 state=   1     1 Eqp=   3.48384402  (1-2N)E=   3.48384402  Ovlp=   0.77498457  1+[ 2, 1, 1]
    num=   4 block=   1 state=   2     2 Eqp=   4.18780968  (1-2N)E=  -4.18780968  Ovlp=   0.79943423  1+[ 2, 2, 0]
    num=   5 block=   2 state=   1    20 Eqp=   5.06782920  (1-2N)E=  -5.06782920  Ovlp=   0.93709430  1-[ 1, 0, 1]
    num=   6 block=   2 state=   2    21 Eqp=   5.47079824  (1-2N)E=   5.47079824  Ovlp=   0.73344793  1-[ 3, 3, 0]



 HFBTHO_SOLVER ended without errors

